This script was generated by crab (version 2.8.3).
Running /home/cms003/home_crce1_432111072/CREAM432111072/glide_K15942/execute/dir_15907/condor_exec.exe with 2 positional parameters: 23 1
Today is Tue Nov 27 03:12:57 EET 2012
Job submitted on host wn-v-5096.local
Linux wn-v-5096.local 2.6.32-042stab059.7 #1 SMP Tue Jul 24 19:12:01 MSK 2012 x86_64 x86_64 x86_64 GNU/Linux
>>> current directory (RUNTIME_AREA): /home/cms003/home_crce1_432111072/CREAM432111072/glide_K15942/execute/dir_15907
>>> current user: uid=11003(cms003) gid=1400(cms) groups=1400(cms)
>>> voms proxy information:
subject   : /DC=ch/DC=cern/OU=Organic Units/OU=Users/CN=liis/CN=663550/CN=Liis Rebane/CN=proxy/CN=limited proxy
issuer    : /DC=ch/DC=cern/OU=Organic Units/OU=Users/CN=liis/CN=663550/CN=Liis Rebane/CN=proxy
identity  : /DC=ch/DC=cern/OU=Organic Units/OU=Users/CN=liis/CN=663550/CN=Liis Rebane/CN=proxy
type      : limited proxy
strength  : 512 bits
path      : /home/cms003/home_crce1_432111072/CREAM432111072/glide_K15942/execute/dir_15907/x509up_u1000009
timeleft  : 23:59:48
key usage : Digital Signature, Key Encipherment, Data Encipherment
=== VO cms extension information ===
VO        : cms
subject   : /DC=ch/DC=cern/OU=Organic Units/OU=Users/CN=liis/CN=663550/CN=Liis Rebane
issuer    : /DC=ch/DC=cern/OU=computers/CN=lcg-voms.cern.ch
attribute : /cms/Role=NULL/Capability=NULL
timeleft  : 190:12:40
uri       : lcg-voms.cern.ch:15002
>>> tar xzf /home/cms003/home_crce1_432111072/CREAM432111072/glide_K15942/execute/dir_15907/default.tgz :
Successful untar
>>> Include /home/cms003/home_crce1_432111072/CREAM432111072/glide_K15942/execute/dir_15907 in PYTHONPATH:
strip arguments
env var CRAB_UNIQUE_JOB_ID set to: liis_crab_0_121127_014531_5zfp48_23_1_r2M
out_files_23
>>> list of expected files on output sandbox
output files: optHistograms_23_1_r2M.root crab_fjr_23.xml CMSSW_23.stdout CMSSW_23.stderr Watchdog_23.log.gz
>>> GridFlavour discovery: 
GridFlavour=LCG
>>> SyncSite discovery: 
SyncSite=T2_EE_Estonia
>>> SyncCE discovery: 
getting SyncCE from CE_ID
SyncCE=cream1.hep.kbfi.ee:8443/cream-pbs-long
>>> info for dashboard:
***** Cat /home/cms003/home_crce1_432111072/CREAM432111072/glide_K15942/execute/dir_15907/jobreport.txt *****
MonitorJobID=23_https://submit-2.t2.ucsd.edu//121127//17541.22
SyncGridJobId=https://submit-2.t2.ucsd.edu//121127//17541.22
MonitorID=liis_crab_0_121127_014531_5zfp48
GridFlavour=LCG
SyncSite=T2_EE_Estonia
SyncCE=cream1.hep.kbfi.ee:8443/cream-pbs-long
***** End Cat jobreport *****
Parameters sent to Dashboard.
>>> setup environment
set SCRAM ARCH to slc5_amd64_gcc462
SCRAM_ARCH = slc5_amd64_gcc462
>>> setup CMS LCG environment:
set SCRAM ARCH and BUILD_ARCH to slc5_amd64_gcc462 ###
Sourcing environment... 
sourcing /cvmfs/cms.cern.ch/cmsset_default.sh
==> setup cms environment ok
>>> specific cmssw setup environment:
CMSSW_VERSION =  CMSSW_5_3_5
>>> current directory (SOFTWARE_DIR): /home/cms003/home_crce1_432111072/CREAM432111072/glide_K15942/execute/dir_15907/CMSSW_5_3_5
PreserveSeeds: <>
IncrementSeeds:<>
{}
WNHostName=wn-v-5096.local
>>> info for dashboard:
***** Cat /home/cms003/home_crce1_432111072/CREAM432111072/glide_K15942/execute/dir_15907/jobreport.txt *****
MonitorJobID=23_https://submit-2.t2.ucsd.edu//121127//17541.22
MonitorID=liis_crab_0_121127_014531_5zfp48
WNHostName=wn-v-5096.local
***** End Cat jobreport *****
Parameters sent to Dashboard.
crabWatchdog started as process 18776
>>> moving CMSSW software directories in /home/cms003/home_crce1_432111072/CREAM432111072/glide_K15942/execute/dir_15907/CMSSW_5_3_5
mv: cannot stat `/home/cms003/home_crce1_432111072/CREAM432111072/glide_K15942/execute/dir_15907/module/': No such file or directory
>>> Include /home/cms003/home_crce1_432111072/CREAM432111072/glide_K15942/execute/dir_15907 in PYTHONPATH:
PYTHONPATH=/home/cms003/home_crce1_432111072/CREAM432111072/glide_K15942/execute/dir_15907/:/home/cms003/home_crce1_432111072/CREAM432111072/glide_K15942/execute/dir_15907/CMSSW_5_3_5/python:/home/cms003/home_crce1_432111072/CREAM432111072/glide_K15942/execute/dir_15907/CMSSW_5_3_5/lib/slc5_amd64_gcc462:/cvmfs/cms.cern.ch/slc5_amd64_gcc462/cms/cmssw/CMSSW_5_3_5/python:/cvmfs/cms.cern.ch/slc5_amd64_gcc462/cms/cmssw/CMSSW_5_3_5/lib/slc5_amd64_gcc462:/cvmfs/cms.cern.ch/slc5_amd64_gcc462/cms/coral/CORAL_2_3_21-cms27/slc5_amd64_gcc462/python:/cvmfs/cms.cern.ch/slc5_amd64_gcc462/cms/coral/CORAL_2_3_21-cms27/slc5_amd64_gcc462/lib:/cvmfs/cms.cern.ch/slc5_amd64_gcc462/external/pyqt/4.8.1/lib/python2.6/site-packages:/cvmfs/cms.cern.ch/slc5_amd64_gcc462/external/py2-scipy/0.8.0/lib/python2.6/site-packages:/cvmfs/cms.cern.ch/slc5_amd64_gcc462/external/py2-matplotlib/1.0.1/lib/python2.6/site-packages:/cvmfs/cms.cern.ch/slc5_amd64_gcc462/external/python-ldap/2.3.5/lib/python2.6/site-packages:/cvmfs/cms.cern.ch/slc5_amd64_gcc462/external/sip/4.11.2/lib/python2.6/site-packages:/cvmfs/cms.cern.ch/slc5_amd64_gcc462/external/py2-pycurl/7.19.0/lib/python2.6/site-packages:/cvmfs/cms.cern.ch/slc5_amd64_gcc462/external/py2-numpy/1.6.1/lib/python2.6/site-packages:/cvmfs/cms.cern.ch/slc5_amd64_gcc462/external/py2-ipython/0.10/lib/python2.6/site-packages:/cvmfs/cms.cern.ch/slc5_amd64_gcc462/external/py2-cx-oracle/5.1-cms11/lib/python2.6/site-packages:/cvmfs/cms.cern.ch/slc5_amd64_gcc462/external/py2-cjson/1.0.5/lib/python2.6/site-packages:/cvmfs/cms.cern.ch/slc5_amd64_gcc462/cms/das-client/1.4.1-cms8/bin:/cvmfs/cms.cern.ch/slc5_amd64_gcc462/external/elementtree/1.2.6/share/lib/python2.6/site-packages:/cvmfs/cms.cern.ch/slc5_amd64_gcc462/external/rivet/1.5.1-cms10/lib/python2.6/site-packages:/cvmfs/cms.cern.ch/slc5_amd64_gcc462/external/pyminuit2/0.0.1-cms34/lib/python2.6/site-packages:/cvmfs/cms.cern.ch/slc5_amd64_gcc462/external/professor/1.0.0-cms35/lib/python2.6/site-packages:/cvmfs/cms.cern.ch/slc5_amd64_gcc462/lcg/root/5.32.00-cms18/lib:/cvmfs/cms.cern.ch/slc5_amd64_gcc462/cms/dbs-client/DBS_2_1_1_patch1_1/lib:/cvmfs/cms.cern.ch/slc5_amd64_gcc462/cms/dbs-client/DBS_2_1_1_patch1_1/lib/DBSAPI:/home/cms003/home_crce1_432111072/CREAM432111072/glide_K15942/execute/dir_15907/
241a2a19cb7c5c8751ba22759ab3bdb0
PSETHASH = 241a2a19cb7c5c8751ba22759ab3bdb0
/home/cms003/home_crce1_432111072/CREAM432111072/glide_K15942/execute/dir_15907/writeCfg.py pset.py pset.py
Importing .py file
Setting parameters
inputBlocks=/QCD_Pt_30_80_BCtoE_TuneZ2star_8TeV_pythia6/mario-Summer12-stop-pfele-step1-3d176ac8da5e9dff208d057f4733ca91/USER#d97a3142-53a9-416b-8276-adbbbd5961cf
inputFiles=/store/user/mario/QCD_Pt_30_80_BCtoE_TuneZ2star_8TeV_pythia6/Summer12-stop-pfele-step1/3d176ac8da5e9dff208d057f4733ca91/tuple_257_1_qhE.root;/store/user/mario/QCD_Pt_30_80_BCtoE_TuneZ2star_8TeV_pythia6/Summer12-stop-pfele-step1/3d176ac8da5e9dff208d057f4733ca91/tuple_259_1_d2x.root;/store/user/mario/QCD_Pt_30_80_BCtoE_TuneZ2star_8TeV_pythia6/Summer12-stop-pfele-step1/3d176ac8da5e9dff208d057f4733ca91/tuple_260_1_m54.root;/store/user/mario/QCD_Pt_30_80_BCtoE_TuneZ2star_8TeV_pythia6/Summer12-stop-pfele-step1/3d176ac8da5e9dff208d057f4733ca91/tuple_261_1_HYR.root;/store/user/mario/QCD_Pt_30_80_BCtoE_TuneZ2star_8TeV_pythia6/Summer12-stop-pfele-step1/3d176ac8da5e9dff208d057f4733ca91/tuple_262_1_hn5.root
parentFiles=
lumisRange=
>>> Executable cmsRun
/cvmfs/cms.cern.ch/slc5_amd64_gcc462/cms/cmssw/CMSSW_5_3_5/bin/slc5_amd64_gcc462/cmsRun
ok executable found
>>> info for dashboard:
***** Cat /home/cms003/home_crce1_432111072/CREAM432111072/glide_K15942/execute/dir_15907/jobreport.txt *****
MonitorJobID=23_https://submit-2.t2.ucsd.edu//121127//17541.22
MonitorID=liis_crab_0_121127_014531_5zfp48
ExeStart=cmsRun
***** End Cat jobreport *****
Parameters sent to Dashboard.
>>> cmsRun started at Tue Nov 27 01:13:13 UTC 2012
>>> cmsRun ended at Tue Nov 27 01:14:28 UTC 2012
>>> info for dashboard:
***** Cat /home/cms003/home_crce1_432111072/CREAM432111072/glide_K15942/execute/dir_15907/jobreport.txt *****
MonitorJobID=23_https://submit-2.t2.ucsd.edu//121127//17541.22
MonitorID=liis_crab_0_121127_014531_5zfp48
ExeEnd=cmsRun
***** End Cat jobreport *****
Parameters sent to Dashboard.
TIME_EXE = 75 sec
>>> cmsRun wrote 38 lines of stdout+stderr
>>> START OF printout of 38 lines from stdout+stderr
27-Nov-2012 03:13:38 EET  Initiating request to open file file:/hdfs/cms/store/user/mario/QCD_Pt_30_80_BCtoE_TuneZ2star_8TeV_pythia6/Summer12-stop-pfele-step1/3d176ac8da5e9dff208d057f4733ca91/tuple_257_1_qhE.root
27-Nov-2012 03:13:46 EET  Successfully opened file file:/hdfs/cms/store/user/mario/QCD_Pt_30_80_BCtoE_TuneZ2star_8TeV_pythia6/Summer12-stop-pfele-step1/3d176ac8da5e9dff208d057f4733ca91/tuple_257_1_qhE.root
Begin processing the 1st record. Run 1, Event 581064095, LumiSection 2724 at 27-Nov-2012 03:13:55.572 EET
27-Nov-2012 03:14:01 EET  Closed file file:/hdfs/cms/store/user/mario/QCD_Pt_30_80_BCtoE_TuneZ2star_8TeV_pythia6/Summer12-stop-pfele-step1/3d176ac8da5e9dff208d057f4733ca91/tuple_257_1_qhE.root
27-Nov-2012 03:14:01 EET  Initiating request to open file file:/hdfs/cms/store/user/mario/QCD_Pt_30_80_BCtoE_TuneZ2star_8TeV_pythia6/Summer12-stop-pfele-step1/3d176ac8da5e9dff208d057f4733ca91/tuple_259_1_d2x.root
27-Nov-2012 03:14:01 EET  Successfully opened file file:/hdfs/cms/store/user/mario/QCD_Pt_30_80_BCtoE_TuneZ2star_8TeV_pythia6/Summer12-stop-pfele-step1/3d176ac8da5e9dff208d057f4733ca91/tuple_259_1_d2x.root
Begin processing the 1001st record. Run 1, Event 843111186, LumiSection 3953 at 27-Nov-2012 03:14:03.977 EET
Begin processing the 2001st record. Run 1, Event 52798503, LumiSection 248 at 27-Nov-2012 03:14:06.426 EET
27-Nov-2012 03:14:06 EET  Closed file file:/hdfs/cms/store/user/mario/QCD_Pt_30_80_BCtoE_TuneZ2star_8TeV_pythia6/Summer12-stop-pfele-step1/3d176ac8da5e9dff208d057f4733ca91/tuple_259_1_d2x.root
27-Nov-2012 03:14:06 EET  Initiating request to open file file:/hdfs/cms/store/user/mario/QCD_Pt_30_80_BCtoE_TuneZ2star_8TeV_pythia6/Summer12-stop-pfele-step1/3d176ac8da5e9dff208d057f4733ca91/tuple_260_1_m54.root
27-Nov-2012 03:14:06 EET  Successfully opened file file:/hdfs/cms/store/user/mario/QCD_Pt_30_80_BCtoE_TuneZ2star_8TeV_pythia6/Summer12-stop-pfele-step1/3d176ac8da5e9dff208d057f4733ca91/tuple_260_1_m54.root
Begin processing the 3001st record. Run 1, Event 313726678, LumiSection 1471 at 27-Nov-2012 03:14:13.793 EET
27-Nov-2012 03:14:13 EET  Closed file file:/hdfs/cms/store/user/mario/QCD_Pt_30_80_BCtoE_TuneZ2star_8TeV_pythia6/Summer12-stop-pfele-step1/3d176ac8da5e9dff208d057f4733ca91/tuple_260_1_m54.root
27-Nov-2012 03:14:13 EET  Initiating request to open file file:/hdfs/cms/store/user/mario/QCD_Pt_30_80_BCtoE_TuneZ2star_8TeV_pythia6/Summer12-stop-pfele-step1/3d176ac8da5e9dff208d057f4733ca91/tuple_261_1_HYR.root
27-Nov-2012 03:14:14 EET  Successfully opened file file:/hdfs/cms/store/user/mario/QCD_Pt_30_80_BCtoE_TuneZ2star_8TeV_pythia6/Summer12-stop-pfele-step1/3d176ac8da5e9dff208d057f4733ca91/tuple_261_1_HYR.root
Begin processing the 4001st record. Run 1, Event 812519817, LumiSection 3809 at 27-Nov-2012 03:14:23.406 EET
27-Nov-2012 03:14:23 EET  Closed file file:/hdfs/cms/store/user/mario/QCD_Pt_30_80_BCtoE_TuneZ2star_8TeV_pythia6/Summer12-stop-pfele-step1/3d176ac8da5e9dff208d057f4733ca91/tuple_261_1_HYR.root
27-Nov-2012 03:14:23 EET  Initiating request to open file file:/hdfs/cms/store/user/mario/QCD_Pt_30_80_BCtoE_TuneZ2star_8TeV_pythia6/Summer12-stop-pfele-step1/3d176ac8da5e9dff208d057f4733ca91/tuple_262_1_hn5.root
27-Nov-2012 03:14:23 EET  Successfully opened file file:/hdfs/cms/store/user/mario/QCD_Pt_30_80_BCtoE_TuneZ2star_8TeV_pythia6/Summer12-stop-pfele-step1/3d176ac8da5e9dff208d057f4733ca91/tuple_262_1_hn5.root
27-Nov-2012 03:14:26 EET  Closed file file:/hdfs/cms/store/user/mario/QCD_Pt_30_80_BCtoE_TuneZ2star_8TeV_pythia6/Summer12-stop-pfele-step1/3d176ac8da5e9dff208d057f4733ca91/tuple_262_1_hn5.root

=============================================

MessageLogger Summary

 type     category        sev    module        subroutine        count    total
 ---- -------------------- -- ---------------- ----------------  -----    -----
    1 fileAction           -s file_close                             5        5
    2 fileAction           -s file_open                             10       10

 type    category    Examples: run/evt        run/evt          run/evt
 ---- -------------------- ---------------- ---------------- ----------------
    1 fileAction           PostProcessEvent PostProcessEvent PostEndRun
    2 fileAction           pre-events       pre-events       PostProcessEvent

Severity    # Occurrences   Total Occurrences
--------    -------------   -----------------
System                 15                  15
>>> END OF printout of 38 lines from stdout+stderr
>>> Parse FrameworkJobReport crab_fjr.xml
Result of parsing the FrameworkJobReport crab_fjr.xml: Popularity start
lumisRange : 1::2309,2593,2724,2768,3069,3086,3166,3171,3407,3454,3716::1;1::248,496,498,748,780,936,1021,1249,1467,1471,1474::2;1::248,3861,3953,3990,4010,4021,4030-4031,4108,4130,4167::3;1::3897-3898::4;1::1474,1906,1915,2080,2110,2561,2572,3234,3809,3897::5;
lumisParentRange : 
Basename : /store/user/mario/QCD_Pt_30_80_BCtoE_TuneZ2star_8TeV_pythia6/Summer12-stop-pfele-step1/3d176ac8da5e9dff208d057f4733ca91/tuple_2
BasenameParent : 
parentFiles : 
inputBlocks : /QCD_Pt_30_80_BCtoE_TuneZ2star_8TeV_pythia6/mario-Summer12-stop-pfele-step1-3d176ac8da5e9dff208d057f4733ca91/USER#d97a3142-53a9-416b-8276-adbbbd5961cf
inputFiles : 57_1_qhE.root::1::EDM::Local::1;60_1_m54.root::1::EDM::Local::2;59_1_d2x.root::1::EDM::Local::3;62_1_hn5.root::1::EDM::Local::4;61_1_HYR.root::1::EDM::Local::5;
Popularity stop
Extracted ExitStatus from FrameworkJobReport parsing output: 0
>>> Executable succeded  0
ExeExitCode=0
EXECUTABLE_EXIT_STATUS = 0
>>> current directory /home/cms003/home_crce1_432111072/CREAM432111072/glide_K15942/execute/dir_15907/CMSSW_5_3_5
>>>  (SOFTWARE_DIR): /home/cms003/home_crce1_432111072/CREAM432111072/glide_K15942/execute/dir_15907/CMSSW_5_3_5
>>> (WORKING_DIR): 
>>> current directory content:
total 144
drwxr-xr-x 3 cms003 cms  4096 Nov 27 03:13 .SCRAM
-rw-r--r-- 1 cms003 cms 30066 Nov 27 03:13 CMSSW.py.pkl
drwxr-xr-x 3 cms003 cms  4096 Nov 27 03:13 bin
drwxr-xr-x 3 cms003 cms  4096 Nov 27 03:13 cfipython
drwxr-xr-x 5 cms003 cms  4096 Nov 27 03:13 config
-rw-r--r-- 1 cms003 cms    15 Nov 27 03:14 cpu_timing.txt
drwxr-xr-x 2 cms003 cms  4096 Nov 27 03:13 doc
-rw-r--r-- 1 cms003 cms  4430 Nov 27 03:14 executable.out
drwxr-xr-x 2 cms003 cms  4096 Nov 27 03:13 include
drwxrwxrwx 3 cms003 cms  4096 Oct 22 16:38 lib
drwxr-xr-x 3 cms003 cms  4096 Nov 27 03:13 logs
drwxr-xr-x 3 cms003 cms  4096 Nov 27 03:13 objs
-rw-r--r-- 1 cms003 cms 16288 Nov 27 03:14 optHistograms.root
-rw-r--r-- 1 cms003 cms   104 Nov 27 03:13 pset.py
-rw-r--r-- 1 cms003 cms 19469 Nov 27 03:13 pset.py.pkl
-rw-r--r-- 1 cms003 cms   289 Nov 27 03:13 pset.pyc
drwxr-xr-x 2 cms003 cms  4096 Nov 27 03:13 python
-rw-r--r-- 1 cms003 cms   420 Nov 27 03:14 report.log
drwxrwxrwx 4 cms003 cms  4096 Nov 27 03:12 src
drwxr-xr-x 3 cms003 cms  4096 Nov 27 03:13 test
drwxr-xr-x 3 cms003 cms  4096 Nov 27 03:13 tmp
>>> current directory /home/cms003/home_crce1_432111072/CREAM432111072/glide_K15942/execute/dir_15907/CMSSW_5_3_5
>>> (SOFTWARE_DIR): /home/cms003/home_crce1_432111072/CREAM432111072/glide_K15942/execute/dir_15907/CMSSW_5_3_5
>>> (WORKING_DIR): 
>>> current directory content:
total 128
drwxr-xr-x 3 cms003 cms  4096 Nov 27 03:13 .SCRAM
-rw-r--r-- 1 cms003 cms 30066 Nov 27 03:13 CMSSW.py.pkl
drwxr-xr-x 3 cms003 cms  4096 Nov 27 03:13 bin
drwxr-xr-x 3 cms003 cms  4096 Nov 27 03:13 cfipython
drwxr-xr-x 5 cms003 cms  4096 Nov 27 03:13 config
-rw-r--r-- 1 cms003 cms    15 Nov 27 03:14 cpu_timing.txt
drwxr-xr-x 2 cms003 cms  4096 Nov 27 03:13 doc
-rw-r--r-- 1 cms003 cms  4430 Nov 27 03:14 executable.out
drwxr-xr-x 2 cms003 cms  4096 Nov 27 03:13 include
drwxrwxrwx 3 cms003 cms  4096 Oct 22 16:38 lib
drwxr-xr-x 3 cms003 cms  4096 Nov 27 03:13 logs
drwxr-xr-x 3 cms003 cms  4096 Nov 27 03:13 objs
-rw-r--r-- 1 cms003 cms   104 Nov 27 03:13 pset.py
-rw-r--r-- 1 cms003 cms 19469 Nov 27 03:13 pset.py.pkl
-rw-r--r-- 1 cms003 cms   289 Nov 27 03:13 pset.pyc
drwxr-xr-x 2 cms003 cms  4096 Nov 27 03:13 python
-rw-r--r-- 1 cms003 cms   420 Nov 27 03:14 report.log
drwxrwxrwx 4 cms003 cms  4096 Nov 27 03:12 src
drwxr-xr-x 3 cms003 cms  4096 Nov 27 03:13 test
drwxr-xr-x 3 cms003 cms  4096 Nov 27 03:13 tmp
>>> current directory (RUNTIME_AREA):  /home/cms003/home_crce1_432111072/CREAM432111072/glide_K15942/execute/dir_15907
>>> current dir: /home/cms003/home_crce1_432111072/CREAM432111072/glide_K15942/execute/dir_15907
>>> current dir content:
total 25752
-rw-rw-rw-  1 cms003 cms     5605 Nov 27 03:12 .job.ad
-rw-rw-rw-  1 cms003 cms    11523 Nov 27 03:12 .machine.ad
-rw-rw-rw-  1 cms003 cms      105 Nov 27 01:45 CMSSW.py
-rw-rw-rw-  1 cms003 cms    30066 Nov 27 01:45 CMSSW.py.pkl
-rwxrw-rw-  1 cms003 cms    23327 Nov 27 03:12 CMSSW.sh
-rw-rw-rw-  1 cms003 cms        0 Nov 27 03:12 CMSSW_23.stderr
-rw-rw-rw-  1 cms003 cms    16669 Nov 27 03:14 CMSSW_23.stdout
drwxr-xr-x 15 cms003 cms     4096 Nov 27 03:14 CMSSW_5_3_5
-rw-r--r--  1 cms003 cms      347 Nov 27 03:13 CacheEnv.sh
-rw-rw-rw-  1 cms003 cms     7291 Jun  9  2010 DashboardAPI.py
-rw-r--r--  1 cms003 cms     6883 Nov 27 03:13 DashboardAPI.pyc
drwxrwxrwx  3 cms003 cms     4096 Nov 27 03:14 IMProv
-rw-rw-rw-  1 cms003 cms     2748 Mar  8  2006 Logger.py
-rw-r--r--  1 cms003 cms     3353 Nov 27 03:13 Logger.pyc
-rw-rw-rw-  1 cms003 cms    24524 Mar 28  2008 ProcInfo.py
-rw-r--r--  1 cms003 cms    23470 Nov 27 03:13 ProcInfo.pyc
drwxrwxrwx  7 cms003 cms     4096 Nov 27 03:13 ProdCommon
drwxrwxrwx  3 cms003 cms     4096 Nov 27 03:12 WMCore
-rw-r--r--  1 cms003 cms     1598 Nov 27 03:14 Watchdog_23.log
-rw-rw-rw-  1 cms003 cms    32895 Mar 28  2008 apmon.py
-rw-r--r--  1 cms003 cms    28874 Nov 27 03:13 apmon.pyc
-rw-rw-rw-  1 cms003 cms    96530 Nov 27 03:12 arguments.xml
-rwxrwxrwx  1 cms003 cms    37427 Sep 13 14:14 cmscp.py
-rwxrwxrwx  1 cms003 cms    23327 Nov 27 03:12 condor_exec.exe
-rw-rw-rw-  1 cms003 cms      539 Nov 27 01:45 crab.cfg
-rwxrwxrwx  1 cms003 cms     9531 Sep 20 21:46 crabWatchdog.sh
-rw-r--r--  1 cms003 cms    30173 Nov 27 03:14 crab_fjr_23.xml
-rw-rw-rw-  1 cms003 cms 25796284 Nov 27 03:12 default.tgz
-rwxrwxrwx  1 cms003 cms     4488 May 12  2012 fillCrabFjr.py
-rw-r--r--  1 cms003 cms      904 Nov 27 03:13 inputsReport.txt
-rw-r--r--  1 cms003 cms      131 Nov 27 03:14 jobreport.txt
lrwxrwxrwx  1 cms003 cms      107 Nov 27 03:14 optHistograms.root -> /home/cms003/home_crce1_432111072/CREAM432111072/glide_K15942/execute/dir_15907/optHistograms_23_1_r2M.root
-rw-r--r--  1 cms003 cms    16288 Nov 27 03:14 optHistograms_23_1_r2M.root
-rw-rw-rw-  1 cms003 cms    17352 Jan 20  2012 parseCrabFjr.py
-rw-r--r--  1 cms003 cms      285 Nov 27 03:12 report.log
-rwxrwxrwx  1 cms003 cms     1497 May 27  2009 report.py
-rwxrwxrwx  1 cms003 cms     8387 Mar 23  2011 writeCfg.py
-rw-------  1 cms003 cms     8691 Nov 27 03:12 x509up_u1000009
Checking output files:  
will tar file optHistograms_23_1_r2M.root in  out_files_23
will tar file crab_fjr_23.xml in  out_files_23
will tar file CMSSW_23.stdout in  out_files_23
will tar file CMSSW_23.stderr in  out_files_23
WARNING: output file Watchdog_23.log.gz not found!
>>> padding time: Sleeping the wrapper for 492 seconds
STOPPING WATCHDOG. CrabWatchdog PID is 18776
********** LAST 50 LINES OF WATCHDOG LOG
# RESOURCE USAGE SUMMARY FOR PROCESS ID 18154
USER       PID %CPU %MEM    VSZ   RSS TTY      STAT START   TIME COMMAND
cms003   18154  0.3  0.0   8956  1488 ?        S    03:12   0:00 /bin/sh /home/cms003/home_crce1_432111072/CREAM432111072/glide_K15942/execute/dir_15907/condor_exec.exe 23 1
 
# LIMITS USED BY THIS WATCHDOG:
# RSS  (KBytes)  : 2300000
# VSZ  (KBytes)  : 100000000
# DISK (MBytes)  : 19000
# CPU  (seconds) : 171600
# WALL (seconds) : 171600
 
# FOLLOWING PRINTOUT TRACKS MAXIMUM VALUES OF RESOURCES USE
# ONE LINE IS PRINTED EACH TIME A MAXIMUM CHANGES
# IF CHANGE WAS IN RSS OR VSZ ALSO PROCID AND COMMAND ARE PRINTED
# THERE IS NO PRINTOUT FOR CPU/WALL TIME INCREASE
 
# TIME			PID	RSS(KB)	VSZ(KB)	Dsk(MB)	tCPU(s)	tWALL(s)	COMMAND
 Nov 27 03:13:05 EET	15800	1320	8896	0	0	3025	-bash         
 Nov 27 03:13:05 EET	15829	1492	8952	0	0	3025	/bin/sh -l ./CREAM432111072_jobWrapper.sh       
 Nov 27 03:13:05 EET	15889	2676	25504	0	0	3025	perl -e ?use Socket;??sub send_notify {? $cream_url = "193.40.150.141:49152";die "No
 Nov 27 03:13:05 EET	15907	5392	25504	0	0	26	condor_starter -f submit-2.t2.ucsd.edu       
 Nov 27 03:13:05 EET	24766	6020	25504	0	1	3009	/home/cms003/home_crce1_432111072/CREAM432111072/glide_K15942/main/condor/sbin/condor_master -f -pidfile /home/cms003/home_crce1_432111072/CREAM432111072/glide_K15942/condor_master2.pid      
 Nov 27 03:13:05 EET	---	6020	25504	168	----	----	----
 Nov 27 03:14:09 EET	19729	339636	547176	168	21	58	cmsRun -j /home/cms003/home_crce1_432111072/CREAM432111072/glide_K15942/execute/dir_15907/crab_fjr_23.xml -p pset.py     
 Nov 27 03:15:13 EET	---	339636	547176	169	----	----	----
********** WATCHDOG LOG ENDED
ZIPPING WATCHDOG LOG
Disk space used:
du -sh /home/cms003/home_crce1_432111072/CREAM432111072/glide_K15942/execute/dir_15907
169M	/home/cms003/home_crce1_432111072/CREAM432111072/glide_K15942/execute/dir_15907
>>> info for dashboard:
***** Cat /home/cms003/home_crce1_432111072/CREAM432111072/glide_K15942/execute/dir_15907/jobreport.txt *****
MonitorJobID=23_https://submit-2.t2.ucsd.edu//121127//17541.22
MonitorID=liis_crab_0_121127_014531_5zfp48
ExeTime=75
ExeExitCode=0
CrabUserCpuTime=22.50
CrabSysCpuTime=5.51
CrabCpuPercentage=37%
CrabWrapperTime=600
CrabStageoutTime=NULL
***** End Cat jobreport *****
Parameters sent to Dashboard.
optHistograms_23_1_r2M.root
crab_fjr_23.xml
CMSSW_23.stdout
CMSSW_23.stderr
Watchdog_23.log.gz
tar: .BrokerInfo: Cannot stat: No such file or directory
tar: Error exit delayed from previous errors
Total Output dimension: 17623
WARNING: output files size limit is set to: 50000000
Total Output dimension 17623 is fine.
JOB_EXIT_STATUS = 0
>>> info for dashboard:
***** Cat /home/cms003/home_crce1_432111072/CREAM432111072/glide_K15942/execute/dir_15907/jobreport.txt *****
MonitorJobID=23_https://submit-2.t2.ucsd.edu//121127//17541.22
MonitorID=liis_crab_0_121127_014531_5zfp48
JobExitCode=0
***** End Cat jobreport *****
Parameters sent to Dashboard.
optHistograms_23_1_r2M.root
crab_fjr_23.xml
