This script was generated by crab (version 2.8.3).
Running /home/cms006/home_crce1_559416474/CREAM559416474/glide_t32285/execute/dir_26791/condor_exec.exe with 2 positional parameters: 16 1
Today is Tue Nov 27 03:12:25 EET 2012
Job submitted on host wn-v-4340.local
Linux wn-v-4340.local 2.6.32-042stab059.7 #1 SMP Tue Jul 24 19:12:01 MSK 2012 x86_64 x86_64 x86_64 GNU/Linux
>>> current directory (RUNTIME_AREA): /home/cms006/home_crce1_559416474/CREAM559416474/glide_t32285/execute/dir_26791
>>> current user: uid=11006(cms006) gid=1400(cms) groups=1400(cms)
>>> voms proxy information:
subject   : /DC=ch/DC=cern/OU=Organic Units/OU=Users/CN=liis/CN=663550/CN=Liis Rebane/CN=proxy/CN=limited proxy
issuer    : /DC=ch/DC=cern/OU=Organic Units/OU=Users/CN=liis/CN=663550/CN=Liis Rebane/CN=proxy
identity  : /DC=ch/DC=cern/OU=Organic Units/OU=Users/CN=liis/CN=663550/CN=Liis Rebane/CN=proxy
type      : limited proxy
strength  : 512 bits
path      : /home/cms006/home_crce1_559416474/CREAM559416474/glide_t32285/execute/dir_26791/x509up_u1000009
timeleft  : 23:59:55
key usage : Digital Signature, Key Encipherment, Data Encipherment
=== VO cms extension information ===
VO        : cms
subject   : /DC=ch/DC=cern/OU=Organic Units/OU=Users/CN=liis/CN=663550/CN=Liis Rebane
issuer    : /DC=ch/DC=cern/OU=computers/CN=lcg-voms.cern.ch
attribute : /cms/Role=NULL/Capability=NULL
timeleft  : 190:13:12
uri       : lcg-voms.cern.ch:15002
>>> tar xzf /home/cms006/home_crce1_559416474/CREAM559416474/glide_t32285/execute/dir_26791/default.tgz :
Successful untar
>>> Include /home/cms006/home_crce1_559416474/CREAM559416474/glide_t32285/execute/dir_26791 in PYTHONPATH:
strip arguments
env var CRAB_UNIQUE_JOB_ID set to: liis_crab_0_121127_014531_5zfp48_16_1_sJD
out_files_16
>>> list of expected files on output sandbox
output files: optHistograms_16_1_sJD.root crab_fjr_16.xml CMSSW_16.stdout CMSSW_16.stderr Watchdog_16.log.gz
>>> GridFlavour discovery: 
GridFlavour=LCG
>>> SyncSite discovery: 
SyncSite=T2_EE_Estonia
>>> SyncCE discovery: 
getting SyncCE from CE_ID
SyncCE=cream1.hep.kbfi.ee:8443/cream-pbs-long
>>> info for dashboard:
***** Cat /home/cms006/home_crce1_559416474/CREAM559416474/glide_t32285/execute/dir_26791/jobreport.txt *****
MonitorJobID=16_https://submit-2.t2.ucsd.edu//121127//17541.15
SyncGridJobId=https://submit-2.t2.ucsd.edu//121127//17541.15
MonitorID=liis_crab_0_121127_014531_5zfp48
GridFlavour=LCG
SyncSite=T2_EE_Estonia
SyncCE=cream1.hep.kbfi.ee:8443/cream-pbs-long
***** End Cat jobreport *****
Parameters sent to Dashboard.
>>> setup environment
set SCRAM ARCH to slc5_amd64_gcc462
SCRAM_ARCH = slc5_amd64_gcc462
>>> setup CMS LCG environment:
set SCRAM ARCH and BUILD_ARCH to slc5_amd64_gcc462 ###
Sourcing environment... 
sourcing /cvmfs/cms.cern.ch/cmsset_default.sh
==> setup cms environment ok
>>> specific cmssw setup environment:
CMSSW_VERSION =  CMSSW_5_3_5
>>> current directory (SOFTWARE_DIR): /home/cms006/home_crce1_559416474/CREAM559416474/glide_t32285/execute/dir_26791/CMSSW_5_3_5
PreserveSeeds: <>
IncrementSeeds:<>
{}
WNHostName=wn-v-4340.local
>>> info for dashboard:
***** Cat /home/cms006/home_crce1_559416474/CREAM559416474/glide_t32285/execute/dir_26791/jobreport.txt *****
MonitorJobID=16_https://submit-2.t2.ucsd.edu//121127//17541.15
MonitorID=liis_crab_0_121127_014531_5zfp48
WNHostName=wn-v-4340.local
***** End Cat jobreport *****
Parameters sent to Dashboard.
crabWatchdog started as process 27537
>>> moving CMSSW software directories in /home/cms006/home_crce1_559416474/CREAM559416474/glide_t32285/execute/dir_26791/CMSSW_5_3_5
mv: cannot stat `/home/cms006/home_crce1_559416474/CREAM559416474/glide_t32285/execute/dir_26791/module/': No such file or directory
>>> Include /home/cms006/home_crce1_559416474/CREAM559416474/glide_t32285/execute/dir_26791 in PYTHONPATH:
PYTHONPATH=/home/cms006/home_crce1_559416474/CREAM559416474/glide_t32285/execute/dir_26791/:/home/cms006/home_crce1_559416474/CREAM559416474/glide_t32285/execute/dir_26791/CMSSW_5_3_5/python:/home/cms006/home_crce1_559416474/CREAM559416474/glide_t32285/execute/dir_26791/CMSSW_5_3_5/lib/slc5_amd64_gcc462:/cvmfs/cms.cern.ch/slc5_amd64_gcc462/cms/cmssw/CMSSW_5_3_5/python:/cvmfs/cms.cern.ch/slc5_amd64_gcc462/cms/cmssw/CMSSW_5_3_5/lib/slc5_amd64_gcc462:/cvmfs/cms.cern.ch/slc5_amd64_gcc462/cms/coral/CORAL_2_3_21-cms27/slc5_amd64_gcc462/python:/cvmfs/cms.cern.ch/slc5_amd64_gcc462/cms/coral/CORAL_2_3_21-cms27/slc5_amd64_gcc462/lib:/cvmfs/cms.cern.ch/slc5_amd64_gcc462/external/pyqt/4.8.1/lib/python2.6/site-packages:/cvmfs/cms.cern.ch/slc5_amd64_gcc462/external/py2-scipy/0.8.0/lib/python2.6/site-packages:/cvmfs/cms.cern.ch/slc5_amd64_gcc462/external/py2-matplotlib/1.0.1/lib/python2.6/site-packages:/cvmfs/cms.cern.ch/slc5_amd64_gcc462/external/python-ldap/2.3.5/lib/python2.6/site-packages:/cvmfs/cms.cern.ch/slc5_amd64_gcc462/external/sip/4.11.2/lib/python2.6/site-packages:/cvmfs/cms.cern.ch/slc5_amd64_gcc462/external/py2-pycurl/7.19.0/lib/python2.6/site-packages:/cvmfs/cms.cern.ch/slc5_amd64_gcc462/external/py2-numpy/1.6.1/lib/python2.6/site-packages:/cvmfs/cms.cern.ch/slc5_amd64_gcc462/external/py2-ipython/0.10/lib/python2.6/site-packages:/cvmfs/cms.cern.ch/slc5_amd64_gcc462/external/py2-cx-oracle/5.1-cms11/lib/python2.6/site-packages:/cvmfs/cms.cern.ch/slc5_amd64_gcc462/external/py2-cjson/1.0.5/lib/python2.6/site-packages:/cvmfs/cms.cern.ch/slc5_amd64_gcc462/cms/das-client/1.4.1-cms8/bin:/cvmfs/cms.cern.ch/slc5_amd64_gcc462/external/elementtree/1.2.6/share/lib/python2.6/site-packages:/cvmfs/cms.cern.ch/slc5_amd64_gcc462/external/rivet/1.5.1-cms10/lib/python2.6/site-packages:/cvmfs/cms.cern.ch/slc5_amd64_gcc462/external/pyminuit2/0.0.1-cms34/lib/python2.6/site-packages:/cvmfs/cms.cern.ch/slc5_amd64_gcc462/external/professor/1.0.0-cms35/lib/python2.6/site-packages:/cvmfs/cms.cern.ch/slc5_amd64_gcc462/lcg/root/5.32.00-cms18/lib:/cvmfs/cms.cern.ch/slc5_amd64_gcc462/cms/dbs-client/DBS_2_1_1_patch1_1/lib:/cvmfs/cms.cern.ch/slc5_amd64_gcc462/cms/dbs-client/DBS_2_1_1_patch1_1/lib/DBSAPI:/home/cms006/home_crce1_559416474/CREAM559416474/glide_t32285/execute/dir_26791/
241a2a19cb7c5c8751ba22759ab3bdb0
PSETHASH = 241a2a19cb7c5c8751ba22759ab3bdb0
/home/cms006/home_crce1_559416474/CREAM559416474/glide_t32285/execute/dir_26791/writeCfg.py pset.py pset.py
Importing .py file
Setting parameters
inputBlocks=/QCD_Pt_30_80_BCtoE_TuneZ2star_8TeV_pythia6/mario-Summer12-stop-pfele-step1-3d176ac8da5e9dff208d057f4733ca91/USER#d97a3142-53a9-416b-8276-adbbbd5961cf
inputFiles=/store/user/mario/QCD_Pt_30_80_BCtoE_TuneZ2star_8TeV_pythia6/Summer12-stop-pfele-step1/3d176ac8da5e9dff208d057f4733ca91/tuple_204_1_lMS.root;/store/user/mario/QCD_Pt_30_80_BCtoE_TuneZ2star_8TeV_pythia6/Summer12-stop-pfele-step1/3d176ac8da5e9dff208d057f4733ca91/tuple_205_1_d3X.root;/store/user/mario/QCD_Pt_30_80_BCtoE_TuneZ2star_8TeV_pythia6/Summer12-stop-pfele-step1/3d176ac8da5e9dff208d057f4733ca91/tuple_206_1_6PI.root;/store/user/mario/QCD_Pt_30_80_BCtoE_TuneZ2star_8TeV_pythia6/Summer12-stop-pfele-step1/3d176ac8da5e9dff208d057f4733ca91/tuple_207_1_kJX.root;/store/user/mario/QCD_Pt_30_80_BCtoE_TuneZ2star_8TeV_pythia6/Summer12-stop-pfele-step1/3d176ac8da5e9dff208d057f4733ca91/tuple_208_2_Tec.root
parentFiles=
lumisRange=
>>> Executable cmsRun
/cvmfs/cms.cern.ch/slc5_amd64_gcc462/cms/cmssw/CMSSW_5_3_5/bin/slc5_amd64_gcc462/cmsRun
ok executable found
>>> info for dashboard:
***** Cat /home/cms006/home_crce1_559416474/CREAM559416474/glide_t32285/execute/dir_26791/jobreport.txt *****
MonitorJobID=16_https://submit-2.t2.ucsd.edu//121127//17541.15
MonitorID=liis_crab_0_121127_014531_5zfp48
ExeStart=cmsRun
***** End Cat jobreport *****
Parameters sent to Dashboard.
>>> cmsRun started at Tue Nov 27 01:12:45 UTC 2012
>>> cmsRun ended at Tue Nov 27 01:13:52 UTC 2012
>>> info for dashboard:
***** Cat /home/cms006/home_crce1_559416474/CREAM559416474/glide_t32285/execute/dir_26791/jobreport.txt *****
MonitorJobID=16_https://submit-2.t2.ucsd.edu//121127//17541.15
MonitorID=liis_crab_0_121127_014531_5zfp48
ExeEnd=cmsRun
***** End Cat jobreport *****
Parameters sent to Dashboard.
TIME_EXE = 67 sec
>>> cmsRun wrote 38 lines of stdout+stderr
>>> START OF printout of 38 lines from stdout+stderr
27-Nov-2012 03:13:04 EET  Initiating request to open file file:/hdfs/cms/store/user/mario/QCD_Pt_30_80_BCtoE_TuneZ2star_8TeV_pythia6/Summer12-stop-pfele-step1/3d176ac8da5e9dff208d057f4733ca91/tuple_204_1_lMS.root
27-Nov-2012 03:13:14 EET  Successfully opened file file:/hdfs/cms/store/user/mario/QCD_Pt_30_80_BCtoE_TuneZ2star_8TeV_pythia6/Summer12-stop-pfele-step1/3d176ac8da5e9dff208d057f4733ca91/tuple_204_1_lMS.root
Begin processing the 1st record. Run 1, Event 229435494, LumiSection 1076 at 27-Nov-2012 03:13:19.714 EET
27-Nov-2012 03:13:23 EET  Closed file file:/hdfs/cms/store/user/mario/QCD_Pt_30_80_BCtoE_TuneZ2star_8TeV_pythia6/Summer12-stop-pfele-step1/3d176ac8da5e9dff208d057f4733ca91/tuple_204_1_lMS.root
27-Nov-2012 03:13:23 EET  Initiating request to open file file:/hdfs/cms/store/user/mario/QCD_Pt_30_80_BCtoE_TuneZ2star_8TeV_pythia6/Summer12-stop-pfele-step1/3d176ac8da5e9dff208d057f4733ca91/tuple_205_1_d3X.root
27-Nov-2012 03:13:23 EET  Successfully opened file file:/hdfs/cms/store/user/mario/QCD_Pt_30_80_BCtoE_TuneZ2star_8TeV_pythia6/Summer12-stop-pfele-step1/3d176ac8da5e9dff208d057f4733ca91/tuple_205_1_d3X.root
Begin processing the 1001st record. Run 1, Event 455489378, LumiSection 2136 at 27-Nov-2012 03:13:27.488 EET
27-Nov-2012 03:13:29 EET  Closed file file:/hdfs/cms/store/user/mario/QCD_Pt_30_80_BCtoE_TuneZ2star_8TeV_pythia6/Summer12-stop-pfele-step1/3d176ac8da5e9dff208d057f4733ca91/tuple_205_1_d3X.root
27-Nov-2012 03:13:29 EET  Initiating request to open file file:/hdfs/cms/store/user/mario/QCD_Pt_30_80_BCtoE_TuneZ2star_8TeV_pythia6/Summer12-stop-pfele-step1/3d176ac8da5e9dff208d057f4733ca91/tuple_206_1_6PI.root
27-Nov-2012 03:13:30 EET  Successfully opened file file:/hdfs/cms/store/user/mario/QCD_Pt_30_80_BCtoE_TuneZ2star_8TeV_pythia6/Summer12-stop-pfele-step1/3d176ac8da5e9dff208d057f4733ca91/tuple_206_1_6PI.root
Begin processing the 2001st record. Run 1, Event 14057457, LumiSection 66 at 27-Nov-2012 03:13:33.760 EET
27-Nov-2012 03:13:36 EET  Closed file file:/hdfs/cms/store/user/mario/QCD_Pt_30_80_BCtoE_TuneZ2star_8TeV_pythia6/Summer12-stop-pfele-step1/3d176ac8da5e9dff208d057f4733ca91/tuple_206_1_6PI.root
27-Nov-2012 03:13:36 EET  Initiating request to open file file:/hdfs/cms/store/user/mario/QCD_Pt_30_80_BCtoE_TuneZ2star_8TeV_pythia6/Summer12-stop-pfele-step1/3d176ac8da5e9dff208d057f4733ca91/tuple_207_1_kJX.root
27-Nov-2012 03:13:36 EET  Successfully opened file file:/hdfs/cms/store/user/mario/QCD_Pt_30_80_BCtoE_TuneZ2star_8TeV_pythia6/Summer12-stop-pfele-step1/3d176ac8da5e9dff208d057f4733ca91/tuple_207_1_kJX.root
Begin processing the 3001st record. Run 1, Event 425248871, LumiSection 1994 at 27-Nov-2012 03:13:40.803 EET
27-Nov-2012 03:13:43 EET  Closed file file:/hdfs/cms/store/user/mario/QCD_Pt_30_80_BCtoE_TuneZ2star_8TeV_pythia6/Summer12-stop-pfele-step1/3d176ac8da5e9dff208d057f4733ca91/tuple_207_1_kJX.root
27-Nov-2012 03:13:43 EET  Initiating request to open file file:/hdfs/cms/store/user/mario/QCD_Pt_30_80_BCtoE_TuneZ2star_8TeV_pythia6/Summer12-stop-pfele-step1/3d176ac8da5e9dff208d057f4733ca91/tuple_208_2_Tec.root
27-Nov-2012 03:13:43 EET  Successfully opened file file:/hdfs/cms/store/user/mario/QCD_Pt_30_80_BCtoE_TuneZ2star_8TeV_pythia6/Summer12-stop-pfele-step1/3d176ac8da5e9dff208d057f4733ca91/tuple_208_2_Tec.root
Begin processing the 4001st record. Run 1, Event 735884639, LumiSection 3450 at 27-Nov-2012 03:13:50.447 EET
27-Nov-2012 03:13:50 EET  Closed file file:/hdfs/cms/store/user/mario/QCD_Pt_30_80_BCtoE_TuneZ2star_8TeV_pythia6/Summer12-stop-pfele-step1/3d176ac8da5e9dff208d057f4733ca91/tuple_208_2_Tec.root

=============================================

MessageLogger Summary

 type     category        sev    module        subroutine        count    total
 ---- -------------------- -- ---------------- ----------------  -----    -----
    1 fileAction           -s file_close                             5        5
    2 fileAction           -s file_open                             10       10

 type    category    Examples: run/evt        run/evt          run/evt
 ---- -------------------- ---------------- ---------------- ----------------
    1 fileAction           PostProcessEvent PostProcessEvent PostEndRun
    2 fileAction           pre-events       pre-events       PostProcessEvent

Severity    # Occurrences   Total Occurrences
--------    -------------   -----------------
System                 15                  15
>>> END OF printout of 38 lines from stdout+stderr
>>> Parse FrameworkJobReport crab_fjr.xml
Result of parsing the FrameworkJobReport crab_fjr.xml: Popularity start
lumisRange : 1::1942,1950,1994,2040,2046,2404,2425,2534,2686,3277,3426::1;1::3426,3450,3480,3518::2;1::1076,1111,1143,1185,1640,1698,1734,1816,1876::3;1::51,66,230,625,983,1192,1216,1644,1746,1942::4;1::51,1876,1996,2136,2235,2268,2448,2587,2594,2635,2647::5;
lumisParentRange : 
Basename : /store/user/mario/QCD_Pt_30_80_BCtoE_TuneZ2star_8TeV_pythia6/Summer12-stop-pfele-step1/3d176ac8da5e9dff208d057f4733ca91/tuple_20
BasenameParent : 
parentFiles : 
inputBlocks : /QCD_Pt_30_80_BCtoE_TuneZ2star_8TeV_pythia6/mario-Summer12-stop-pfele-step1-3d176ac8da5e9dff208d057f4733ca91/USER#d97a3142-53a9-416b-8276-adbbbd5961cf
inputFiles : 7_1_kJX.root::1::EDM::Local::1;8_2_Tec.root::1::EDM::Local::2;4_1_lMS.root::1::EDM::Local::3;6_1_6PI.root::1::EDM::Local::4;5_1_d3X.root::1::EDM::Local::5;
Popularity stop
Extracted ExitStatus from FrameworkJobReport parsing output: 0
>>> Executable succeded  0
ExeExitCode=0
EXECUTABLE_EXIT_STATUS = 0
>>> current directory /home/cms006/home_crce1_559416474/CREAM559416474/glide_t32285/execute/dir_26791/CMSSW_5_3_5
>>>  (SOFTWARE_DIR): /home/cms006/home_crce1_559416474/CREAM559416474/glide_t32285/execute/dir_26791/CMSSW_5_3_5
>>> (WORKING_DIR): 
>>> current directory content:
total 148
drwxr-xr-x 3 cms006 cms  4096 Nov 27 03:12 .SCRAM
-rw-r--r-- 1 cms006 cms 30066 Nov 27 03:12 CMSSW.py.pkl
drwxr-xr-x 3 cms006 cms  4096 Nov 27 03:12 bin
drwxr-xr-x 3 cms006 cms  4096 Nov 27 03:12 cfipython
drwxr-xr-x 5 cms006 cms  4096 Nov 27 03:12 config
-rw-r--r-- 1 cms006 cms    15 Nov 27 03:13 cpu_timing.txt
drwxr-xr-x 2 cms006 cms  4096 Nov 27 03:12 doc
-rw-r--r-- 1 cms006 cms  4429 Nov 27 03:13 executable.out
drwxr-xr-x 2 cms006 cms  4096 Nov 27 03:12 include
drwxrwxrwx 3 cms006 cms  4096 Oct 22 16:38 lib
drwxr-xr-x 3 cms006 cms  4096 Nov 27 03:12 logs
drwxr-xr-x 3 cms006 cms  4096 Nov 27 03:12 objs
-rw-r--r-- 1 cms006 cms 16426 Nov 27 03:13 optHistograms.root
-rw-r--r-- 1 cms006 cms   104 Nov 27 03:12 pset.py
-rw-r--r-- 1 cms006 cms 19470 Nov 27 03:12 pset.py.pkl
-rw-r--r-- 1 cms006 cms   289 Nov 27 03:12 pset.pyc
drwxr-xr-x 2 cms006 cms  4096 Nov 27 03:12 python
-rw-r--r-- 1 cms006 cms   420 Nov 27 03:13 report.log
drwxrwxrwx 4 cms006 cms  4096 Nov 27 03:12 src
drwxr-xr-x 3 cms006 cms  4096 Nov 27 03:12 test
drwxr-xr-x 3 cms006 cms  4096 Nov 27 03:12 tmp
>>> current directory /home/cms006/home_crce1_559416474/CREAM559416474/glide_t32285/execute/dir_26791/CMSSW_5_3_5
>>> (SOFTWARE_DIR): /home/cms006/home_crce1_559416474/CREAM559416474/glide_t32285/execute/dir_26791/CMSSW_5_3_5
>>> (WORKING_DIR): 
>>> current directory content:
total 128
drwxr-xr-x 3 cms006 cms  4096 Nov 27 03:12 .SCRAM
-rw-r--r-- 1 cms006 cms 30066 Nov 27 03:12 CMSSW.py.pkl
drwxr-xr-x 3 cms006 cms  4096 Nov 27 03:12 bin
drwxr-xr-x 3 cms006 cms  4096 Nov 27 03:12 cfipython
drwxr-xr-x 5 cms006 cms  4096 Nov 27 03:12 config
-rw-r--r-- 1 cms006 cms    15 Nov 27 03:13 cpu_timing.txt
drwxr-xr-x 2 cms006 cms  4096 Nov 27 03:12 doc
-rw-r--r-- 1 cms006 cms  4429 Nov 27 03:13 executable.out
drwxr-xr-x 2 cms006 cms  4096 Nov 27 03:12 include
drwxrwxrwx 3 cms006 cms  4096 Oct 22 16:38 lib
drwxr-xr-x 3 cms006 cms  4096 Nov 27 03:12 logs
drwxr-xr-x 3 cms006 cms  4096 Nov 27 03:12 objs
-rw-r--r-- 1 cms006 cms   104 Nov 27 03:12 pset.py
-rw-r--r-- 1 cms006 cms 19470 Nov 27 03:12 pset.py.pkl
-rw-r--r-- 1 cms006 cms   289 Nov 27 03:12 pset.pyc
drwxr-xr-x 2 cms006 cms  4096 Nov 27 03:12 python
-rw-r--r-- 1 cms006 cms   420 Nov 27 03:13 report.log
drwxrwxrwx 4 cms006 cms  4096 Nov 27 03:12 src
drwxr-xr-x 3 cms006 cms  4096 Nov 27 03:12 test
drwxr-xr-x 3 cms006 cms  4096 Nov 27 03:12 tmp
>>> current directory (RUNTIME_AREA):  /home/cms006/home_crce1_559416474/CREAM559416474/glide_t32285/execute/dir_26791
>>> current dir: /home/cms006/home_crce1_559416474/CREAM559416474/glide_t32285/execute/dir_26791
>>> current dir content:
total 25756
-rw-rw-rw-  1 cms006 cms     5602 Nov 27 03:12 .job.ad
-rw-rw-rw-  1 cms006 cms    11418 Nov 27 03:12 .machine.ad
-rw-rw-rw-  1 cms006 cms      105 Nov 27 01:45 CMSSW.py
-rw-rw-rw-  1 cms006 cms    30066 Nov 27 01:45 CMSSW.py.pkl
-rwxrw-rw-  1 cms006 cms    23327 Nov 27 03:12 CMSSW.sh
-rw-rw-rw-  1 cms006 cms        0 Nov 27 03:12 CMSSW_16.stderr
-rw-rw-rw-  1 cms006 cms    16662 Nov 27 03:14 CMSSW_16.stdout
drwxr-xr-x 15 cms006 cms     4096 Nov 27 03:14 CMSSW_5_3_5
-rw-r--r--  1 cms006 cms      347 Nov 27 03:12 CacheEnv.sh
-rw-rw-rw-  1 cms006 cms     7291 Jun  9  2010 DashboardAPI.py
-rw-r--r--  1 cms006 cms     6883 Nov 27 03:12 DashboardAPI.pyc
drwxrwxrwx  3 cms006 cms     4096 Nov 27 03:13 IMProv
-rw-rw-rw-  1 cms006 cms     2748 Mar  8  2006 Logger.py
-rw-r--r--  1 cms006 cms     3353 Nov 27 03:12 Logger.pyc
-rw-rw-rw-  1 cms006 cms    24524 Mar 28  2008 ProcInfo.py
-rw-r--r--  1 cms006 cms    23470 Nov 27 03:12 ProcInfo.pyc
drwxrwxrwx  7 cms006 cms     4096 Nov 27 03:12 ProdCommon
drwxrwxrwx  3 cms006 cms     4096 Nov 27 03:12 WMCore
-rw-r--r--  1 cms006 cms     1509 Nov 27 03:13 Watchdog_16.log
-rw-rw-rw-  1 cms006 cms    32895 Mar 28  2008 apmon.py
-rw-r--r--  1 cms006 cms    28874 Nov 27 03:12 apmon.pyc
-rw-rw-rw-  1 cms006 cms    96530 Nov 27 03:12 arguments.xml
-rwxrwxrwx  1 cms006 cms    37427 Sep 13 14:14 cmscp.py
-rwxrwxrwx  1 cms006 cms    23327 Nov 27 03:12 condor_exec.exe
-rw-rw-rw-  1 cms006 cms      539 Nov 27 01:45 crab.cfg
-rwxrwxrwx  1 cms006 cms     9531 Sep 20 21:46 crabWatchdog.sh
-rw-r--r--  1 cms006 cms    30168 Nov 27 03:13 crab_fjr_16.xml
-rw-rw-rw-  1 cms006 cms 25796284 Nov 27 03:12 default.tgz
-rwxrwxrwx  1 cms006 cms     4488 May 12  2012 fillCrabFjr.py
-rw-r--r--  1 cms006 cms      904 Nov 27 03:12 inputsReport.txt
-rw-r--r--  1 cms006 cms      131 Nov 27 03:14 jobreport.txt
lrwxrwxrwx  1 cms006 cms      107 Nov 27 03:14 optHistograms.root -> /home/cms006/home_crce1_559416474/CREAM559416474/glide_t32285/execute/dir_26791/optHistograms_16_1_sJD.root
-rw-r--r--  1 cms006 cms    16426 Nov 27 03:13 optHistograms_16_1_sJD.root
-rw-rw-rw-  1 cms006 cms    17352 Jan 20  2012 parseCrabFjr.py
-rw-r--r--  1 cms006 cms      285 Nov 27 03:12 report.log
-rwxrwxrwx  1 cms006 cms     1497 May 27  2009 report.py
-rwxrwxrwx  1 cms006 cms     8387 Mar 23  2011 writeCfg.py
-rw-------  1 cms006 cms     8687 Nov 27 03:12 x509up_u1000009
Checking output files:  
will tar file optHistograms_16_1_sJD.root in  out_files_16
will tar file crab_fjr_16.xml in  out_files_16
will tar file CMSSW_16.stdout in  out_files_16
will tar file CMSSW_16.stderr in  out_files_16
WARNING: output file Watchdog_16.log.gz not found!
>>> padding time: Sleeping the wrapper for 497 seconds
STOPPING WATCHDOG. CrabWatchdog PID is 27537
********** LAST 50 LINES OF WATCHDOG LOG
# RESOURCE USAGE SUMMARY FOR PROCESS ID 26795
USER       PID %CPU %MEM    VSZ   RSS TTY      STAT START   TIME COMMAND
cms006   26795  0.3  0.0   8956  1488 ?        S    03:12   0:00 /bin/sh /home/cms006/home_crce1_559416474/CREAM559416474/glide_t32285/execute/dir_26791/condor_exec.exe 16 1
 
# LIMITS USED BY THIS WATCHDOG:
# RSS  (KBytes)  : 2300000
# VSZ  (KBytes)  : 100000000
# DISK (MBytes)  : 19000
# CPU  (seconds) : 171600
# WALL (seconds) : 171600
 
# FOLLOWING PRINTOUT TRACKS MAXIMUM VALUES OF RESOURCES USE
# ONE LINE IS PRINTED EACH TIME A MAXIMUM CHANGES
# IF CHANGE WAS IN RSS OR VSZ ALSO PROCID AND COMMAND ARE PRINTED
# THERE IS NO PRINTOUT FOR CPU/WALL TIME INCREASE
 
# TIME			PID	RSS(KB)	VSZ(KB)	Dsk(MB)	tCPU(s)	tWALL(s)	COMMAND
 Nov 27 03:12:33 EET	3655	1340	8816	0	0	5248	/bin/bash /home/cms006/home_crce1_559416474/CREAM559416474/glide_t32285/main/condor_startup.sh glidein_config       
 Nov 27 03:12:33 EET	4281	5980	9648	0	2	5248	/home/cms006/home_crce1_559416474/CREAM559416474/glide_t32285/main/condor/sbin/condor_master -f -pidfile /home/cms006/home_crce1_559416474/CREAM559416474/glide_t32285/condor_master2.pid      
 Nov 27 03:12:33 EET	32206	5980	25504	0	0	5262	perl -e ?use Socket;??sub send_notify {? $cream_url = "193.40.150.141:49152";die "No
 Nov 27 03:12:33 EET	---	5980	25504	168	----	----	----
 Nov 27 03:13:40 EET	549	335668	547432	168	23	55	cmsRun -j /home/cms006/home_crce1_559416474/CREAM559416474/glide_t32285/execute/dir_26791/crab_fjr_16.xml -p pset.py     
 Nov 27 03:14:49 EET	---	335668	547432	169	----	----	----
********** WATCHDOG LOG ENDED
ZIPPING WATCHDOG LOG
Disk space used:
du -sh /home/cms006/home_crce1_559416474/CREAM559416474/glide_t32285/execute/dir_26791
169M	/home/cms006/home_crce1_559416474/CREAM559416474/glide_t32285/execute/dir_26791
>>> info for dashboard:
***** Cat /home/cms006/home_crce1_559416474/CREAM559416474/glide_t32285/execute/dir_26791/jobreport.txt *****
MonitorJobID=16_https://submit-2.t2.ucsd.edu//121127//17541.15
MonitorID=liis_crab_0_121127_014531_5zfp48
ExeTime=67
ExeExitCode=0
CrabUserCpuTime=23.34
CrabSysCpuTime=5.36
CrabCpuPercentage=43%
CrabWrapperTime=600
CrabStageoutTime=NULL
***** End Cat jobreport *****
Parameters sent to Dashboard.
optHistograms_16_1_sJD.root
crab_fjr_16.xml
CMSSW_16.stdout
CMSSW_16.stderr
Watchdog_16.log.gz
tar: .BrokerInfo: Cannot stat: No such file or directory
tar: Error exit delayed from previous errors
Total Output dimension: 18165
WARNING: output files size limit is set to: 50000000
Total Output dimension 18165 is fine.
JOB_EXIT_STATUS = 0
>>> info for dashboard:
***** Cat /home/cms006/home_crce1_559416474/CREAM559416474/glide_t32285/execute/dir_26791/jobreport.txt *****
MonitorJobID=16_https://submit-2.t2.ucsd.edu//121127//17541.15
MonitorID=liis_crab_0_121127_014531_5zfp48
JobExitCode=0
***** End Cat jobreport *****
Parameters sent to Dashboard.
optHistograms_16_1_sJD.root
crab_fjr_16.xml
