This script was generated by crab (version 2.8.3).
Running /home/cms006/home_crobe_482649434/CREAM482649434/glide_n24642/execute/dir_8786/condor_exec.exe with 2 positional parameters: 93 1
Today is Tue Nov 27 03:13:41 EET 2012
Job submitted on host wn-v-6104.local
Linux wn-v-6104.local 2.6.32-042stab059.7 #1 SMP Tue Jul 24 19:12:01 MSK 2012 x86_64 x86_64 x86_64 GNU/Linux
>>> current directory (RUNTIME_AREA): /home/cms006/home_crobe_482649434/CREAM482649434/glide_n24642/execute/dir_8786
>>> current user: uid=11006(cms006) gid=1400(cms) groups=1400(cms)
>>> voms proxy information:
subject   : /DC=ch/DC=cern/OU=Organic Units/OU=Users/CN=liis/CN=663550/CN=Liis Rebane/CN=proxy/CN=limited proxy
issuer    : /DC=ch/DC=cern/OU=Organic Units/OU=Users/CN=liis/CN=663550/CN=Liis Rebane/CN=proxy
identity  : /DC=ch/DC=cern/OU=Organic Units/OU=Users/CN=liis/CN=663550/CN=Liis Rebane/CN=proxy
type      : limited proxy
strength  : 512 bits
path      : /home/cms006/home_crobe_482649434/CREAM482649434/glide_n24642/execute/dir_8786/x509up_u1000009
timeleft  : 23:59:54
key usage : Digital Signature, Key Encipherment, Data Encipherment
=== VO cms extension information ===
VO        : cms
subject   : /DC=ch/DC=cern/OU=Organic Units/OU=Users/CN=liis/CN=663550/CN=Liis Rebane
issuer    : /DC=ch/DC=cern/OU=computers/CN=lcg-voms.cern.ch
attribute : /cms/Role=NULL/Capability=NULL
timeleft  : 190:11:56
uri       : lcg-voms.cern.ch:15002
>>> tar xzf /home/cms006/home_crobe_482649434/CREAM482649434/glide_n24642/execute/dir_8786/default.tgz :
Successful untar
>>> Include /home/cms006/home_crobe_482649434/CREAM482649434/glide_n24642/execute/dir_8786 in PYTHONPATH:
strip arguments
env var CRAB_UNIQUE_JOB_ID set to: liis_crab_0_121127_014531_5zfp48_93_1_MfT
out_files_93
>>> list of expected files on output sandbox
output files: optHistograms_93_1_MfT.root crab_fjr_93.xml CMSSW_93.stdout CMSSW_93.stderr Watchdog_93.log.gz
>>> GridFlavour discovery: 
GridFlavour=LCG
>>> SyncSite discovery: 
SyncSite=T2_EE_Estonia
>>> SyncCE discovery: 
getting SyncCE from CE_ID
SyncCE=oberon.hep.kbfi.ee:8443/cream-pbs-long
>>> info for dashboard:
***** Cat /home/cms006/home_crobe_482649434/CREAM482649434/glide_n24642/execute/dir_8786/jobreport.txt *****
MonitorJobID=93_https://submit-2.t2.ucsd.edu//121127//17541.92
SyncGridJobId=https://submit-2.t2.ucsd.edu//121127//17541.92
MonitorID=liis_crab_0_121127_014531_5zfp48
GridFlavour=LCG
SyncSite=T2_EE_Estonia
SyncCE=oberon.hep.kbfi.ee:8443/cream-pbs-long
***** End Cat jobreport *****
Parameters sent to Dashboard.
>>> setup environment
set SCRAM ARCH to slc5_amd64_gcc462
SCRAM_ARCH = slc5_amd64_gcc462
>>> setup CMS LCG environment:
set SCRAM ARCH and BUILD_ARCH to slc5_amd64_gcc462 ###
Sourcing environment... 
sourcing /cvmfs/cms.cern.ch/cmsset_default.sh
==> setup cms environment ok
>>> specific cmssw setup environment:
CMSSW_VERSION =  CMSSW_5_3_5
>>> current directory (SOFTWARE_DIR): /home/cms006/home_crobe_482649434/CREAM482649434/glide_n24642/execute/dir_8786/CMSSW_5_3_5
PreserveSeeds: <>
IncrementSeeds:<>
{}
WNHostName=wn-v-6104.local
>>> info for dashboard:
***** Cat /home/cms006/home_crobe_482649434/CREAM482649434/glide_n24642/execute/dir_8786/jobreport.txt *****
MonitorJobID=93_https://submit-2.t2.ucsd.edu//121127//17541.92
MonitorID=liis_crab_0_121127_014531_5zfp48
WNHostName=wn-v-6104.local
***** End Cat jobreport *****
Parameters sent to Dashboard.
crabWatchdog started as process 12089
>>> moving CMSSW software directories in /home/cms006/home_crobe_482649434/CREAM482649434/glide_n24642/execute/dir_8786/CMSSW_5_3_5
mv: cannot stat `/home/cms006/home_crobe_482649434/CREAM482649434/glide_n24642/execute/dir_8786/module/': No such file or directory
>>> Include /home/cms006/home_crobe_482649434/CREAM482649434/glide_n24642/execute/dir_8786 in PYTHONPATH:
PYTHONPATH=/home/cms006/home_crobe_482649434/CREAM482649434/glide_n24642/execute/dir_8786/:/home/cms006/home_crobe_482649434/CREAM482649434/glide_n24642/execute/dir_8786/CMSSW_5_3_5/python:/home/cms006/home_crobe_482649434/CREAM482649434/glide_n24642/execute/dir_8786/CMSSW_5_3_5/lib/slc5_amd64_gcc462:/cvmfs/cms.cern.ch/slc5_amd64_gcc462/cms/cmssw/CMSSW_5_3_5/python:/cvmfs/cms.cern.ch/slc5_amd64_gcc462/cms/cmssw/CMSSW_5_3_5/lib/slc5_amd64_gcc462:/cvmfs/cms.cern.ch/slc5_amd64_gcc462/cms/coral/CORAL_2_3_21-cms27/slc5_amd64_gcc462/python:/cvmfs/cms.cern.ch/slc5_amd64_gcc462/cms/coral/CORAL_2_3_21-cms27/slc5_amd64_gcc462/lib:/cvmfs/cms.cern.ch/slc5_amd64_gcc462/external/pyqt/4.8.1/lib/python2.6/site-packages:/cvmfs/cms.cern.ch/slc5_amd64_gcc462/external/py2-scipy/0.8.0/lib/python2.6/site-packages:/cvmfs/cms.cern.ch/slc5_amd64_gcc462/external/py2-matplotlib/1.0.1/lib/python2.6/site-packages:/cvmfs/cms.cern.ch/slc5_amd64_gcc462/external/python-ldap/2.3.5/lib/python2.6/site-packages:/cvmfs/cms.cern.ch/slc5_amd64_gcc462/external/sip/4.11.2/lib/python2.6/site-packages:/cvmfs/cms.cern.ch/slc5_amd64_gcc462/external/py2-pycurl/7.19.0/lib/python2.6/site-packages:/cvmfs/cms.cern.ch/slc5_amd64_gcc462/external/py2-numpy/1.6.1/lib/python2.6/site-packages:/cvmfs/cms.cern.ch/slc5_amd64_gcc462/external/py2-ipython/0.10/lib/python2.6/site-packages:/cvmfs/cms.cern.ch/slc5_amd64_gcc462/external/py2-cx-oracle/5.1-cms11/lib/python2.6/site-packages:/cvmfs/cms.cern.ch/slc5_amd64_gcc462/external/py2-cjson/1.0.5/lib/python2.6/site-packages:/cvmfs/cms.cern.ch/slc5_amd64_gcc462/cms/das-client/1.4.1-cms8/bin:/cvmfs/cms.cern.ch/slc5_amd64_gcc462/external/elementtree/1.2.6/share/lib/python2.6/site-packages:/cvmfs/cms.cern.ch/slc5_amd64_gcc462/external/rivet/1.5.1-cms10/lib/python2.6/site-packages:/cvmfs/cms.cern.ch/slc5_amd64_gcc462/external/pyminuit2/0.0.1-cms34/lib/python2.6/site-packages:/cvmfs/cms.cern.ch/slc5_amd64_gcc462/external/professor/1.0.0-cms35/lib/python2.6/site-packages:/cvmfs/cms.cern.ch/slc5_amd64_gcc462/lcg/root/5.32.00-cms18/lib:/cvmfs/cms.cern.ch/slc5_amd64_gcc462/cms/dbs-client/DBS_2_1_1_patch1_1/lib:/cvmfs/cms.cern.ch/slc5_amd64_gcc462/cms/dbs-client/DBS_2_1_1_patch1_1/lib/DBSAPI:/home/cms006/home_crobe_482649434/CREAM482649434/glide_n24642/execute/dir_8786/
241a2a19cb7c5c8751ba22759ab3bdb0
PSETHASH = 241a2a19cb7c5c8751ba22759ab3bdb0
/home/cms006/home_crobe_482649434/CREAM482649434/glide_n24642/execute/dir_8786/writeCfg.py pset.py pset.py
Importing .py file
Setting parameters
inputBlocks=/QCD_Pt_30_80_BCtoE_TuneZ2star_8TeV_pythia6/mario-Summer12-stop-pfele-step1-3d176ac8da5e9dff208d057f4733ca91/USER#d97a3142-53a9-416b-8276-adbbbd5961cf
inputFiles=/store/user/mario/QCD_Pt_30_80_BCtoE_TuneZ2star_8TeV_pythia6/Summer12-stop-pfele-step1/3d176ac8da5e9dff208d057f4733ca91/tuple_11_1_WWl.root;/store/user/mario/QCD_Pt_30_80_BCtoE_TuneZ2star_8TeV_pythia6/Summer12-stop-pfele-step1/3d176ac8da5e9dff208d057f4733ca91/tuple_12_1_fRa.root;/store/user/mario/QCD_Pt_30_80_BCtoE_TuneZ2star_8TeV_pythia6/Summer12-stop-pfele-step1/3d176ac8da5e9dff208d057f4733ca91/tuple_13_1_WYs.root;/store/user/mario/QCD_Pt_30_80_BCtoE_TuneZ2star_8TeV_pythia6/Summer12-stop-pfele-step1/3d176ac8da5e9dff208d057f4733ca91/tuple_14_1_BvT.root;/store/user/mario/QCD_Pt_30_80_BCtoE_TuneZ2star_8TeV_pythia6/Summer12-stop-pfele-step1/3d176ac8da5e9dff208d057f4733ca91/tuple_15_1_dc0.root
parentFiles=
lumisRange=
>>> Executable cmsRun
/cvmfs/cms.cern.ch/slc5_amd64_gcc462/cms/cmssw/CMSSW_5_3_5/bin/slc5_amd64_gcc462/cmsRun
ok executable found
>>> info for dashboard:
***** Cat /home/cms006/home_crobe_482649434/CREAM482649434/glide_n24642/execute/dir_8786/jobreport.txt *****
MonitorJobID=93_https://submit-2.t2.ucsd.edu//121127//17541.92
MonitorID=liis_crab_0_121127_014531_5zfp48
ExeStart=cmsRun
***** End Cat jobreport *****
Parameters sent to Dashboard.
>>> cmsRun started at Tue Nov 27 01:14:00 UTC 2012
>>> cmsRun ended at Tue Nov 27 01:14:52 UTC 2012
>>> info for dashboard:
***** Cat /home/cms006/home_crobe_482649434/CREAM482649434/glide_n24642/execute/dir_8786/jobreport.txt *****
MonitorJobID=93_https://submit-2.t2.ucsd.edu//121127//17541.92
MonitorID=liis_crab_0_121127_014531_5zfp48
ExeEnd=cmsRun
***** End Cat jobreport *****
Parameters sent to Dashboard.
TIME_EXE = 52 sec
>>> cmsRun wrote 38 lines of stdout+stderr
>>> START OF printout of 38 lines from stdout+stderr
27-Nov-2012 03:14:14 EET  Initiating request to open file file:/hdfs/cms/store/user/mario/QCD_Pt_30_80_BCtoE_TuneZ2star_8TeV_pythia6/Summer12-stop-pfele-step1/3d176ac8da5e9dff208d057f4733ca91/tuple_11_1_WWl.root
27-Nov-2012 03:14:21 EET  Successfully opened file file:/hdfs/cms/store/user/mario/QCD_Pt_30_80_BCtoE_TuneZ2star_8TeV_pythia6/Summer12-stop-pfele-step1/3d176ac8da5e9dff208d057f4733ca91/tuple_11_1_WWl.root
Begin processing the 1st record. Run 1, Event 303455866, LumiSection 1423 at 27-Nov-2012 03:14:25.135 EET
27-Nov-2012 03:14:29 EET  Closed file file:/hdfs/cms/store/user/mario/QCD_Pt_30_80_BCtoE_TuneZ2star_8TeV_pythia6/Summer12-stop-pfele-step1/3d176ac8da5e9dff208d057f4733ca91/tuple_11_1_WWl.root
27-Nov-2012 03:14:29 EET  Initiating request to open file file:/hdfs/cms/store/user/mario/QCD_Pt_30_80_BCtoE_TuneZ2star_8TeV_pythia6/Summer12-stop-pfele-step1/3d176ac8da5e9dff208d057f4733ca91/tuple_12_1_fRa.root
27-Nov-2012 03:14:29 EET  Successfully opened file file:/hdfs/cms/store/user/mario/QCD_Pt_30_80_BCtoE_TuneZ2star_8TeV_pythia6/Summer12-stop-pfele-step1/3d176ac8da5e9dff208d057f4733ca91/tuple_12_1_fRa.root
Begin processing the 1001st record. Run 1, Event 686564169, LumiSection 3219 at 27-Nov-2012 03:14:32.734 EET
27-Nov-2012 03:14:35 EET  Closed file file:/hdfs/cms/store/user/mario/QCD_Pt_30_80_BCtoE_TuneZ2star_8TeV_pythia6/Summer12-stop-pfele-step1/3d176ac8da5e9dff208d057f4733ca91/tuple_12_1_fRa.root
27-Nov-2012 03:14:35 EET  Initiating request to open file file:/hdfs/cms/store/user/mario/QCD_Pt_30_80_BCtoE_TuneZ2star_8TeV_pythia6/Summer12-stop-pfele-step1/3d176ac8da5e9dff208d057f4733ca91/tuple_13_1_WYs.root
27-Nov-2012 03:14:35 EET  Successfully opened file file:/hdfs/cms/store/user/mario/QCD_Pt_30_80_BCtoE_TuneZ2star_8TeV_pythia6/Summer12-stop-pfele-step1/3d176ac8da5e9dff208d057f4733ca91/tuple_13_1_WYs.root
Begin processing the 2001st record. Run 1, Event 63990887, LumiSection 300 at 27-Nov-2012 03:14:37.855 EET
27-Nov-2012 03:14:39 EET  Closed file file:/hdfs/cms/store/user/mario/QCD_Pt_30_80_BCtoE_TuneZ2star_8TeV_pythia6/Summer12-stop-pfele-step1/3d176ac8da5e9dff208d057f4733ca91/tuple_13_1_WYs.root
27-Nov-2012 03:14:39 EET  Initiating request to open file file:/hdfs/cms/store/user/mario/QCD_Pt_30_80_BCtoE_TuneZ2star_8TeV_pythia6/Summer12-stop-pfele-step1/3d176ac8da5e9dff208d057f4733ca91/tuple_14_1_BvT.root
27-Nov-2012 03:14:40 EET  Successfully opened file file:/hdfs/cms/store/user/mario/QCD_Pt_30_80_BCtoE_TuneZ2star_8TeV_pythia6/Summer12-stop-pfele-step1/3d176ac8da5e9dff208d057f4733ca91/tuple_14_1_BvT.root
Begin processing the 3001st record. Run 1, Event 439429763, LumiSection 2060 at 27-Nov-2012 03:14:43.022 EET
27-Nov-2012 03:14:45 EET  Closed file file:/hdfs/cms/store/user/mario/QCD_Pt_30_80_BCtoE_TuneZ2star_8TeV_pythia6/Summer12-stop-pfele-step1/3d176ac8da5e9dff208d057f4733ca91/tuple_14_1_BvT.root
27-Nov-2012 03:14:45 EET  Initiating request to open file file:/hdfs/cms/store/user/mario/QCD_Pt_30_80_BCtoE_TuneZ2star_8TeV_pythia6/Summer12-stop-pfele-step1/3d176ac8da5e9dff208d057f4733ca91/tuple_15_1_dc0.root
27-Nov-2012 03:14:45 EET  Successfully opened file file:/hdfs/cms/store/user/mario/QCD_Pt_30_80_BCtoE_TuneZ2star_8TeV_pythia6/Summer12-stop-pfele-step1/3d176ac8da5e9dff208d057f4733ca91/tuple_15_1_dc0.root
Begin processing the 4001st record. Run 1, Event 879146420, LumiSection 4122 at 27-Nov-2012 03:14:50.359 EET
27-Nov-2012 03:14:50 EET  Closed file file:/hdfs/cms/store/user/mario/QCD_Pt_30_80_BCtoE_TuneZ2star_8TeV_pythia6/Summer12-stop-pfele-step1/3d176ac8da5e9dff208d057f4733ca91/tuple_15_1_dc0.root

=============================================

MessageLogger Summary

 type     category        sev    module        subroutine        count    total
 ---- -------------------- -- ---------------- ----------------  -----    -----
    1 fileAction           -s file_close                             5        5
    2 fileAction           -s file_open                             10       10

 type    category    Examples: run/evt        run/evt          run/evt
 ---- -------------------- ---------------- ---------------- ----------------
    1 fileAction           PostProcessEvent PostProcessEvent PostEndRun
    2 fileAction           pre-events       pre-events       PostProcessEvent

Severity    # Occurrences   Total Occurrences
--------    -------------   -----------------
System                 15                  15
>>> END OF printout of 38 lines from stdout+stderr
>>> Parse FrameworkJobReport crab_fjr.xml
Result of parsing the FrameworkJobReport crab_fjr.xml: Popularity start
lumisRange : 1::2867,3085,3219,3256,3265,3350,3412,3810,3825,3833-3834::1;1::1850,2060,2264,2342,2772,3282,3370,3820,3904-3905::2;1::1423,1464,1618,1651,1719,2005,2096,2852,2867::3;1::300,478,522,661,694,961,1121,1522,1752,1850,3834::4;1::3905,3907,4122,4128::5;
lumisParentRange : 
Basename : /store/user/mario/QCD_Pt_30_80_BCtoE_TuneZ2star_8TeV_pythia6/Summer12-stop-pfele-step1/3d176ac8da5e9dff208d057f4733ca91/tuple_1
BasenameParent : 
parentFiles : 
inputBlocks : /QCD_Pt_30_80_BCtoE_TuneZ2star_8TeV_pythia6/mario-Summer12-stop-pfele-step1-3d176ac8da5e9dff208d057f4733ca91/USER#d97a3142-53a9-416b-8276-adbbbd5961cf
inputFiles : 2_1_fRa.root::1::EDM::Local::1;4_1_BvT.root::1::EDM::Local::2;1_1_WWl.root::1::EDM::Local::3;3_1_WYs.root::1::EDM::Local::4;5_1_dc0.root::1::EDM::Local::5;
Popularity stop
Extracted ExitStatus from FrameworkJobReport parsing output: 0
>>> Executable succeded  0
ExeExitCode=0
EXECUTABLE_EXIT_STATUS = 0
>>> current directory /home/cms006/home_crobe_482649434/CREAM482649434/glide_n24642/execute/dir_8786/CMSSW_5_3_5
>>>  (SOFTWARE_DIR): /home/cms006/home_crobe_482649434/CREAM482649434/glide_n24642/execute/dir_8786/CMSSW_5_3_5
>>> (WORKING_DIR): 
>>> current directory content:
total 144
drwxr-xr-x 3 cms006 cms  4096 Nov 27 03:13 .SCRAM
-rw-r--r-- 1 cms006 cms 30066 Nov 27 03:13 CMSSW.py.pkl
drwxr-xr-x 3 cms006 cms  4096 Nov 27 03:13 bin
drwxr-xr-x 3 cms006 cms  4096 Nov 27 03:13 cfipython
drwxr-xr-x 5 cms006 cms  4096 Nov 27 03:13 config
-rw-r--r-- 1 cms006 cms    15 Nov 27 03:14 cpu_timing.txt
drwxr-xr-x 2 cms006 cms  4096 Nov 27 03:13 doc
-rw-r--r-- 1 cms006 cms  4415 Nov 27 03:14 executable.out
drwxr-xr-x 2 cms006 cms  4096 Nov 27 03:13 include
drwxrwxrwx 3 cms006 cms  4096 Oct 22 16:38 lib
drwxr-xr-x 3 cms006 cms  4096 Nov 27 03:13 logs
drwxr-xr-x 3 cms006 cms  4096 Nov 27 03:13 objs
-rw-r--r-- 1 cms006 cms 16377 Nov 27 03:14 optHistograms.root
-rw-r--r-- 1 cms006 cms   104 Nov 27 03:13 pset.py
-rw-r--r-- 1 cms006 cms 19465 Nov 27 03:13 pset.py.pkl
-rw-r--r-- 1 cms006 cms   289 Nov 27 03:13 pset.pyc
drwxr-xr-x 2 cms006 cms  4096 Nov 27 03:13 python
-rw-r--r-- 1 cms006 cms   420 Nov 27 03:14 report.log
drwxrwxrwx 4 cms006 cms  4096 Nov 27 03:13 src
drwxr-xr-x 3 cms006 cms  4096 Nov 27 03:13 test
drwxr-xr-x 3 cms006 cms  4096 Nov 27 03:13 tmp
>>> current directory /home/cms006/home_crobe_482649434/CREAM482649434/glide_n24642/execute/dir_8786/CMSSW_5_3_5
>>> (SOFTWARE_DIR): /home/cms006/home_crobe_482649434/CREAM482649434/glide_n24642/execute/dir_8786/CMSSW_5_3_5
>>> (WORKING_DIR): 
>>> current directory content:
total 128
drwxr-xr-x 3 cms006 cms  4096 Nov 27 03:13 .SCRAM
-rw-r--r-- 1 cms006 cms 30066 Nov 27 03:13 CMSSW.py.pkl
drwxr-xr-x 3 cms006 cms  4096 Nov 27 03:13 bin
drwxr-xr-x 3 cms006 cms  4096 Nov 27 03:13 cfipython
drwxr-xr-x 5 cms006 cms  4096 Nov 27 03:13 config
-rw-r--r-- 1 cms006 cms    15 Nov 27 03:14 cpu_timing.txt
drwxr-xr-x 2 cms006 cms  4096 Nov 27 03:13 doc
-rw-r--r-- 1 cms006 cms  4415 Nov 27 03:14 executable.out
drwxr-xr-x 2 cms006 cms  4096 Nov 27 03:13 include
drwxrwxrwx 3 cms006 cms  4096 Oct 22 16:38 lib
drwxr-xr-x 3 cms006 cms  4096 Nov 27 03:13 logs
drwxr-xr-x 3 cms006 cms  4096 Nov 27 03:13 objs
-rw-r--r-- 1 cms006 cms   104 Nov 27 03:13 pset.py
-rw-r--r-- 1 cms006 cms 19465 Nov 27 03:13 pset.py.pkl
-rw-r--r-- 1 cms006 cms   289 Nov 27 03:13 pset.pyc
drwxr-xr-x 2 cms006 cms  4096 Nov 27 03:13 python
-rw-r--r-- 1 cms006 cms   420 Nov 27 03:14 report.log
drwxrwxrwx 4 cms006 cms  4096 Nov 27 03:13 src
drwxr-xr-x 3 cms006 cms  4096 Nov 27 03:13 test
drwxr-xr-x 3 cms006 cms  4096 Nov 27 03:13 tmp
>>> current directory (RUNTIME_AREA):  /home/cms006/home_crobe_482649434/CREAM482649434/glide_n24642/execute/dir_8786
>>> current dir: /home/cms006/home_crobe_482649434/CREAM482649434/glide_n24642/execute/dir_8786
>>> current dir content:
total 25752
-rw-rw-rw-  1 cms006 cms     5600 Nov 27 03:13 .job.ad
-rw-rw-rw-  1 cms006 cms    11417 Nov 27 03:13 .machine.ad
-rw-rw-rw-  1 cms006 cms      105 Nov 27 01:45 CMSSW.py
-rw-rw-rw-  1 cms006 cms    30066 Nov 27 01:45 CMSSW.py.pkl
-rwxrw-rw-  1 cms006 cms    23327 Nov 27 03:13 CMSSW.sh
drwxr-xr-x 15 cms006 cms     4096 Nov 27 03:15 CMSSW_5_3_5
-rw-rw-rw-  1 cms006 cms        0 Nov 27 03:13 CMSSW_93.stderr
-rw-rw-rw-  1 cms006 cms    16621 Nov 27 03:15 CMSSW_93.stdout
-rw-r--r--  1 cms006 cms      346 Nov 27 03:13 CacheEnv.sh
-rw-rw-rw-  1 cms006 cms     7291 Jun  9  2010 DashboardAPI.py
-rw-r--r--  1 cms006 cms     6868 Nov 27 03:13 DashboardAPI.pyc
drwxrwxrwx  3 cms006 cms     4096 Nov 27 03:14 IMProv
-rw-rw-rw-  1 cms006 cms     2748 Mar  8  2006 Logger.py
-rw-r--r--  1 cms006 cms     3348 Nov 27 03:13 Logger.pyc
-rw-rw-rw-  1 cms006 cms    24524 Mar 28  2008 ProcInfo.py
-rw-r--r--  1 cms006 cms    23446 Nov 27 03:13 ProcInfo.pyc
drwxrwxrwx  7 cms006 cms     4096 Nov 27 03:13 ProdCommon
drwxrwxrwx  3 cms006 cms     4096 Nov 27 03:13 WMCore
-rw-r--r--  1 cms006 cms     1027 Nov 27 03:14 Watchdog_93.log
-rw-rw-rw-  1 cms006 cms    32895 Mar 28  2008 apmon.py
-rw-r--r--  1 cms006 cms    28845 Nov 27 03:13 apmon.pyc
-rw-rw-rw-  1 cms006 cms    96530 Nov 27 03:13 arguments.xml
-rwxrwxrwx  1 cms006 cms    37427 Sep 13 14:14 cmscp.py
-rwxrwxrwx  1 cms006 cms    23327 Nov 27 03:13 condor_exec.exe
-rw-rw-rw-  1 cms006 cms      539 Nov 27 01:45 crab.cfg
-rwxrwxrwx  1 cms006 cms     9531 Sep 20 21:46 crabWatchdog.sh
-rw-r--r--  1 cms006 cms    30165 Nov 27 03:14 crab_fjr_93.xml
-rw-rw-rw-  1 cms006 cms 25796284 Nov 27 03:13 default.tgz
-rwxrwxrwx  1 cms006 cms     4488 May 12  2012 fillCrabFjr.py
-rw-r--r--  1 cms006 cms      899 Nov 27 03:13 inputsReport.txt
-rw-r--r--  1 cms006 cms      131 Nov 27 03:15 jobreport.txt
lrwxrwxrwx  1 cms006 cms      106 Nov 27 03:15 optHistograms.root -> /home/cms006/home_crobe_482649434/CREAM482649434/glide_n24642/execute/dir_8786/optHistograms_93_1_MfT.root
-rw-r--r--  1 cms006 cms    16377 Nov 27 03:14 optHistograms_93_1_MfT.root
-rw-rw-rw-  1 cms006 cms    17352 Jan 20  2012 parseCrabFjr.py
-rw-r--r--  1 cms006 cms      285 Nov 27 03:13 report.log
-rwxrwxrwx  1 cms006 cms     1497 May 27  2009 report.py
-rwxrwxrwx  1 cms006 cms     8387 Mar 23  2011 writeCfg.py
-rw-------  1 cms006 cms     8691 Nov 27 03:13 x509up_u1000009
Checking output files:  
will tar file optHistograms_93_1_MfT.root in  out_files_93
will tar file crab_fjr_93.xml in  out_files_93
will tar file CMSSW_93.stdout in  out_files_93
will tar file CMSSW_93.stderr in  out_files_93
WARNING: output file Watchdog_93.log.gz not found!
>>> padding time: Sleeping the wrapper for 520 seconds
STOPPING WATCHDOG. CrabWatchdog PID is 12089
********** LAST 50 LINES OF WATCHDOG LOG
# RESOURCE USAGE SUMMARY FOR PROCESS ID 10192
USER       PID %CPU %MEM    VSZ   RSS TTY      STAT START   TIME COMMAND
cms006   10192  0.3  0.0   8956  1488 ?        S    03:13   0:00 /bin/sh /home/cms006/home_crobe_482649434/CREAM482649434/glide_n24642/execute/dir_8786/condor_exec.exe 93 1
 
# LIMITS USED BY THIS WATCHDOG:
# RSS  (KBytes)  : 2300000
# VSZ  (KBytes)  : 100000000
# DISK (MBytes)  : 19000
# CPU  (seconds) : 171600
# WALL (seconds) : 171600
 
# FOLLOWING PRINTOUT TRACKS MAXIMUM VALUES OF RESOURCES USE
# ONE LINE IS PRINTED EACH TIME A MAXIMUM CHANGES
# IF CHANGE WAS IN RSS OR VSZ ALSO PROCID AND COMMAND ARE PRINTED
# THERE IS NO PRINTOUT FOR CPU/WALL TIME INCREASE
 
# TIME			PID	RSS(KB)	VSZ(KB)	Dsk(MB)	tCPU(s)	tWALL(s)	COMMAND
 Nov 27 03:13:51 EET	8786	5356	9340	0	0	20	condor_starter -f submit-2.t2.ucsd.edu       
 Nov 27 03:13:51 EET	12128	22072	84724	0	0	1	edmConfigHash pset.py        
 Nov 27 03:13:51 EET	---	22072	84724	168	----	----	----
 Nov 27 03:14:55 EET	---	22072	84724	169	----	----	----
********** WATCHDOG LOG ENDED
ZIPPING WATCHDOG LOG
Disk space used:
du -sh /home/cms006/home_crobe_482649434/CREAM482649434/glide_n24642/execute/dir_8786
169M	/home/cms006/home_crobe_482649434/CREAM482649434/glide_n24642/execute/dir_8786
>>> info for dashboard:
***** Cat /home/cms006/home_crobe_482649434/CREAM482649434/glide_n24642/execute/dir_8786/jobreport.txt *****
MonitorJobID=93_https://submit-2.t2.ucsd.edu//121127//17541.92
MonitorID=liis_crab_0_121127_014531_5zfp48
ExeTime=52
ExeExitCode=0
CrabUserCpuTime=22.11
CrabSysCpuTime=4.57
CrabCpuPercentage=51%
CrabWrapperTime=600
CrabStageoutTime=NULL
***** End Cat jobreport *****
Parameters sent to Dashboard.
optHistograms_93_1_MfT.root
crab_fjr_93.xml
CMSSW_93.stdout
CMSSW_93.stderr
Watchdog_93.log.gz
tar: .BrokerInfo: Cannot stat: No such file or directory
tar: Error exit delayed from previous errors
Total Output dimension: 17727
WARNING: output files size limit is set to: 50000000
Total Output dimension 17727 is fine.
JOB_EXIT_STATUS = 0
>>> info for dashboard:
***** Cat /home/cms006/home_crobe_482649434/CREAM482649434/glide_n24642/execute/dir_8786/jobreport.txt *****
MonitorJobID=93_https://submit-2.t2.ucsd.edu//121127//17541.92
MonitorID=liis_crab_0_121127_014531_5zfp48
JobExitCode=0
***** End Cat jobreport *****
Parameters sent to Dashboard.
optHistograms_93_1_MfT.root
crab_fjr_93.xml
