This script was generated by crab (version 2.8.3).
Running /home/cms078/home_crmrs_652274007/CREAM652274007/glide_Y15620/execute/dir_6814/condor_exec.exe with 2 positional parameters: 65 1
Today is Tue Nov 27 03:13:30 EET 2012
Job submitted on host wn-v-5204.local
Linux wn-v-5204.local 2.6.32-042stab059.7 #1 SMP Tue Jul 24 19:12:01 MSK 2012 x86_64 x86_64 x86_64 GNU/Linux
>>> current directory (RUNTIME_AREA): /home/cms078/home_crmrs_652274007/CREAM652274007/glide_Y15620/execute/dir_6814
>>> current user: uid=11078(cms078) gid=1400(cms) groups=1400(cms)
>>> voms proxy information:
subject   : /DC=ch/DC=cern/OU=Organic Units/OU=Users/CN=liis/CN=663550/CN=Liis Rebane/CN=proxy/CN=limited proxy
issuer    : /DC=ch/DC=cern/OU=Organic Units/OU=Users/CN=liis/CN=663550/CN=Liis Rebane/CN=proxy
identity  : /DC=ch/DC=cern/OU=Organic Units/OU=Users/CN=liis/CN=663550/CN=Liis Rebane/CN=proxy
type      : limited proxy
strength  : 512 bits
path      : /home/cms078/home_crmrs_652274007/CREAM652274007/glide_Y15620/execute/dir_6814/x509up_u1000009
timeleft  : 23:59:48
key usage : Digital Signature, Key Encipherment, Data Encipherment
=== VO cms extension information ===
VO        : cms
subject   : /DC=ch/DC=cern/OU=Organic Units/OU=Users/CN=liis/CN=663550/CN=Liis Rebane
issuer    : /DC=ch/DC=cern/OU=computers/CN=lcg-voms.cern.ch
attribute : /cms/Role=NULL/Capability=NULL
timeleft  : 190:12:07
uri       : lcg-voms.cern.ch:15002
>>> tar xzf /home/cms078/home_crmrs_652274007/CREAM652274007/glide_Y15620/execute/dir_6814/default.tgz :
Successful untar
>>> Include /home/cms078/home_crmrs_652274007/CREAM652274007/glide_Y15620/execute/dir_6814 in PYTHONPATH:
strip arguments
env var CRAB_UNIQUE_JOB_ID set to: liis_crab_0_121127_014531_5zfp48_65_1_gZu
out_files_65
>>> list of expected files on output sandbox
output files: optHistograms_65_1_gZu.root crab_fjr_65.xml CMSSW_65.stdout CMSSW_65.stderr Watchdog_65.log.gz
>>> GridFlavour discovery: 
GridFlavour=LCG
>>> SyncSite discovery: 
SyncSite=T2_EE_Estonia
>>> SyncCE discovery: 
getting SyncCE from CE_ID
SyncCE=mars.hep.kbfi.ee:8443/cream-pbs-long
>>> info for dashboard:
***** Cat /home/cms078/home_crmrs_652274007/CREAM652274007/glide_Y15620/execute/dir_6814/jobreport.txt *****
MonitorJobID=65_https://submit-2.t2.ucsd.edu//121127//17541.64
SyncGridJobId=https://submit-2.t2.ucsd.edu//121127//17541.64
MonitorID=liis_crab_0_121127_014531_5zfp48
GridFlavour=LCG
SyncSite=T2_EE_Estonia
SyncCE=mars.hep.kbfi.ee:8443/cream-pbs-long
***** End Cat jobreport *****
Parameters sent to Dashboard.
>>> setup environment
set SCRAM ARCH to slc5_amd64_gcc462
SCRAM_ARCH = slc5_amd64_gcc462
>>> setup CMS LCG environment:
set SCRAM ARCH and BUILD_ARCH to slc5_amd64_gcc462 ###
Sourcing environment... 
sourcing /cvmfs/cms.cern.ch/cmsset_default.sh
==> setup cms environment ok
>>> specific cmssw setup environment:
CMSSW_VERSION =  CMSSW_5_3_5
>>> current directory (SOFTWARE_DIR): /home/cms078/home_crmrs_652274007/CREAM652274007/glide_Y15620/execute/dir_6814/CMSSW_5_3_5
PreserveSeeds: <>
IncrementSeeds:<>
{}
WNHostName=wn-v-5204.local
>>> info for dashboard:
***** Cat /home/cms078/home_crmrs_652274007/CREAM652274007/glide_Y15620/execute/dir_6814/jobreport.txt *****
MonitorJobID=65_https://submit-2.t2.ucsd.edu//121127//17541.64
MonitorID=liis_crab_0_121127_014531_5zfp48
WNHostName=wn-v-5204.local
***** End Cat jobreport *****
Parameters sent to Dashboard.
crabWatchdog started as process 9852
>>> moving CMSSW software directories in /home/cms078/home_crmrs_652274007/CREAM652274007/glide_Y15620/execute/dir_6814/CMSSW_5_3_5
mv: cannot stat `/home/cms078/home_crmrs_652274007/CREAM652274007/glide_Y15620/execute/dir_6814/module/': No such file or directory
>>> Include /home/cms078/home_crmrs_652274007/CREAM652274007/glide_Y15620/execute/dir_6814 in PYTHONPATH:
PYTHONPATH=/home/cms078/home_crmrs_652274007/CREAM652274007/glide_Y15620/execute/dir_6814/:/home/cms078/home_crmrs_652274007/CREAM652274007/glide_Y15620/execute/dir_6814/CMSSW_5_3_5/python:/home/cms078/home_crmrs_652274007/CREAM652274007/glide_Y15620/execute/dir_6814/CMSSW_5_3_5/lib/slc5_amd64_gcc462:/cvmfs/cms.cern.ch/slc5_amd64_gcc462/cms/cmssw/CMSSW_5_3_5/python:/cvmfs/cms.cern.ch/slc5_amd64_gcc462/cms/cmssw/CMSSW_5_3_5/lib/slc5_amd64_gcc462:/cvmfs/cms.cern.ch/slc5_amd64_gcc462/cms/coral/CORAL_2_3_21-cms27/slc5_amd64_gcc462/python:/cvmfs/cms.cern.ch/slc5_amd64_gcc462/cms/coral/CORAL_2_3_21-cms27/slc5_amd64_gcc462/lib:/cvmfs/cms.cern.ch/slc5_amd64_gcc462/external/pyqt/4.8.1/lib/python2.6/site-packages:/cvmfs/cms.cern.ch/slc5_amd64_gcc462/external/py2-scipy/0.8.0/lib/python2.6/site-packages:/cvmfs/cms.cern.ch/slc5_amd64_gcc462/external/py2-matplotlib/1.0.1/lib/python2.6/site-packages:/cvmfs/cms.cern.ch/slc5_amd64_gcc462/external/python-ldap/2.3.5/lib/python2.6/site-packages:/cvmfs/cms.cern.ch/slc5_amd64_gcc462/external/sip/4.11.2/lib/python2.6/site-packages:/cvmfs/cms.cern.ch/slc5_amd64_gcc462/external/py2-pycurl/7.19.0/lib/python2.6/site-packages:/cvmfs/cms.cern.ch/slc5_amd64_gcc462/external/py2-numpy/1.6.1/lib/python2.6/site-packages:/cvmfs/cms.cern.ch/slc5_amd64_gcc462/external/py2-ipython/0.10/lib/python2.6/site-packages:/cvmfs/cms.cern.ch/slc5_amd64_gcc462/external/py2-cx-oracle/5.1-cms11/lib/python2.6/site-packages:/cvmfs/cms.cern.ch/slc5_amd64_gcc462/external/py2-cjson/1.0.5/lib/python2.6/site-packages:/cvmfs/cms.cern.ch/slc5_amd64_gcc462/cms/das-client/1.4.1-cms8/bin:/cvmfs/cms.cern.ch/slc5_amd64_gcc462/external/elementtree/1.2.6/share/lib/python2.6/site-packages:/cvmfs/cms.cern.ch/slc5_amd64_gcc462/external/rivet/1.5.1-cms10/lib/python2.6/site-packages:/cvmfs/cms.cern.ch/slc5_amd64_gcc462/external/pyminuit2/0.0.1-cms34/lib/python2.6/site-packages:/cvmfs/cms.cern.ch/slc5_amd64_gcc462/external/professor/1.0.0-cms35/lib/python2.6/site-packages:/cvmfs/cms.cern.ch/slc5_amd64_gcc462/lcg/root/5.32.00-cms18/lib:/cvmfs/cms.cern.ch/slc5_amd64_gcc462/cms/dbs-client/DBS_2_1_1_patch1_1/lib:/cvmfs/cms.cern.ch/slc5_amd64_gcc462/cms/dbs-client/DBS_2_1_1_patch1_1/lib/DBSAPI:/home/cms078/home_crmrs_652274007/CREAM652274007/glide_Y15620/execute/dir_6814/
241a2a19cb7c5c8751ba22759ab3bdb0
PSETHASH = 241a2a19cb7c5c8751ba22759ab3bdb0
/home/cms078/home_crmrs_652274007/CREAM652274007/glide_Y15620/execute/dir_6814/writeCfg.py pset.py pset.py
Importing .py file
Setting parameters
inputBlocks=/QCD_Pt_30_80_BCtoE_TuneZ2star_8TeV_pythia6/mario-Summer12-stop-pfele-step1-3d176ac8da5e9dff208d057f4733ca91/USER#d97a3142-53a9-416b-8276-adbbbd5961cf
inputFiles=/store/user/mario/QCD_Pt_30_80_BCtoE_TuneZ2star_8TeV_pythia6/Summer12-stop-pfele-step1/3d176ac8da5e9dff208d057f4733ca91/tuple_235_1_8Rn.root;/store/user/mario/QCD_Pt_30_80_BCtoE_TuneZ2star_8TeV_pythia6/Summer12-stop-pfele-step1/3d176ac8da5e9dff208d057f4733ca91/tuple_236_1_9SY.root;/store/user/mario/QCD_Pt_30_80_BCtoE_TuneZ2star_8TeV_pythia6/Summer12-stop-pfele-step1/3d176ac8da5e9dff208d057f4733ca91/tuple_237_1_eoV.root;/store/user/mario/QCD_Pt_30_80_BCtoE_TuneZ2star_8TeV_pythia6/Summer12-stop-pfele-step1/3d176ac8da5e9dff208d057f4733ca91/tuple_238_1_WOD.root;/store/user/mario/QCD_Pt_30_80_BCtoE_TuneZ2star_8TeV_pythia6/Summer12-stop-pfele-step1/3d176ac8da5e9dff208d057f4733ca91/tuple_239_1_890.root
parentFiles=
lumisRange=
>>> Executable cmsRun
/cvmfs/cms.cern.ch/slc5_amd64_gcc462/cms/cmssw/CMSSW_5_3_5/bin/slc5_amd64_gcc462/cmsRun
ok executable found
>>> info for dashboard:
***** Cat /home/cms078/home_crmrs_652274007/CREAM652274007/glide_Y15620/execute/dir_6814/jobreport.txt *****
MonitorJobID=65_https://submit-2.t2.ucsd.edu//121127//17541.64
MonitorID=liis_crab_0_121127_014531_5zfp48
ExeStart=cmsRun
***** End Cat jobreport *****
Parameters sent to Dashboard.
>>> cmsRun started at Tue Nov 27 01:13:45 UTC 2012
>>> cmsRun ended at Tue Nov 27 01:14:46 UTC 2012
>>> info for dashboard:
***** Cat /home/cms078/home_crmrs_652274007/CREAM652274007/glide_Y15620/execute/dir_6814/jobreport.txt *****
MonitorJobID=65_https://submit-2.t2.ucsd.edu//121127//17541.64
MonitorID=liis_crab_0_121127_014531_5zfp48
ExeEnd=cmsRun
***** End Cat jobreport *****
Parameters sent to Dashboard.
TIME_EXE = 61 sec
>>> cmsRun wrote 38 lines of stdout+stderr
>>> START OF printout of 38 lines from stdout+stderr
27-Nov-2012 03:14:06 EET  Initiating request to open file file:/hdfs/cms/store/user/mario/QCD_Pt_30_80_BCtoE_TuneZ2star_8TeV_pythia6/Summer12-stop-pfele-step1/3d176ac8da5e9dff208d057f4733ca91/tuple_235_1_8Rn.root
27-Nov-2012 03:14:12 EET  Successfully opened file file:/hdfs/cms/store/user/mario/QCD_Pt_30_80_BCtoE_TuneZ2star_8TeV_pythia6/Summer12-stop-pfele-step1/3d176ac8da5e9dff208d057f4733ca91/tuple_235_1_8Rn.root
Begin processing the 1st record. Run 1, Event 390574039, LumiSection 1831 at 27-Nov-2012 03:14:18.116 EET
27-Nov-2012 03:14:22 EET  Closed file file:/hdfs/cms/store/user/mario/QCD_Pt_30_80_BCtoE_TuneZ2star_8TeV_pythia6/Summer12-stop-pfele-step1/3d176ac8da5e9dff208d057f4733ca91/tuple_235_1_8Rn.root
27-Nov-2012 03:14:22 EET  Initiating request to open file file:/hdfs/cms/store/user/mario/QCD_Pt_30_80_BCtoE_TuneZ2star_8TeV_pythia6/Summer12-stop-pfele-step1/3d176ac8da5e9dff208d057f4733ca91/tuple_236_1_9SY.root
27-Nov-2012 03:14:22 EET  Successfully opened file file:/hdfs/cms/store/user/mario/QCD_Pt_30_80_BCtoE_TuneZ2star_8TeV_pythia6/Summer12-stop-pfele-step1/3d176ac8da5e9dff208d057f4733ca91/tuple_236_1_9SY.root
Begin processing the 1001st record. Run 1, Event 531046432, LumiSection 2490 at 27-Nov-2012 03:14:26.080 EET
27-Nov-2012 03:14:28 EET  Closed file file:/hdfs/cms/store/user/mario/QCD_Pt_30_80_BCtoE_TuneZ2star_8TeV_pythia6/Summer12-stop-pfele-step1/3d176ac8da5e9dff208d057f4733ca91/tuple_236_1_9SY.root
27-Nov-2012 03:14:28 EET  Initiating request to open file file:/hdfs/cms/store/user/mario/QCD_Pt_30_80_BCtoE_TuneZ2star_8TeV_pythia6/Summer12-stop-pfele-step1/3d176ac8da5e9dff208d057f4733ca91/tuple_237_1_eoV.root
27-Nov-2012 03:14:28 EET  Successfully opened file file:/hdfs/cms/store/user/mario/QCD_Pt_30_80_BCtoE_TuneZ2star_8TeV_pythia6/Summer12-stop-pfele-step1/3d176ac8da5e9dff208d057f4733ca91/tuple_237_1_eoV.root
Begin processing the 2001st record. Run 1, Event 819934179, LumiSection 3844 at 27-Nov-2012 03:14:32.170 EET
27-Nov-2012 03:14:34 EET  Closed file file:/hdfs/cms/store/user/mario/QCD_Pt_30_80_BCtoE_TuneZ2star_8TeV_pythia6/Summer12-stop-pfele-step1/3d176ac8da5e9dff208d057f4733ca91/tuple_237_1_eoV.root
27-Nov-2012 03:14:34 EET  Initiating request to open file file:/hdfs/cms/store/user/mario/QCD_Pt_30_80_BCtoE_TuneZ2star_8TeV_pythia6/Summer12-stop-pfele-step1/3d176ac8da5e9dff208d057f4733ca91/tuple_238_1_WOD.root
27-Nov-2012 03:14:34 EET  Successfully opened file file:/hdfs/cms/store/user/mario/QCD_Pt_30_80_BCtoE_TuneZ2star_8TeV_pythia6/Summer12-stop-pfele-step1/3d176ac8da5e9dff208d057f4733ca91/tuple_238_1_WOD.root
Begin processing the 3001st record. Run 1, Event 735734256, LumiSection 3449 at 27-Nov-2012 03:14:39.074 EET
27-Nov-2012 03:14:41 EET  Closed file file:/hdfs/cms/store/user/mario/QCD_Pt_30_80_BCtoE_TuneZ2star_8TeV_pythia6/Summer12-stop-pfele-step1/3d176ac8da5e9dff208d057f4733ca91/tuple_238_1_WOD.root
27-Nov-2012 03:14:41 EET  Initiating request to open file file:/hdfs/cms/store/user/mario/QCD_Pt_30_80_BCtoE_TuneZ2star_8TeV_pythia6/Summer12-stop-pfele-step1/3d176ac8da5e9dff208d057f4733ca91/tuple_239_1_890.root
27-Nov-2012 03:14:41 EET  Successfully opened file file:/hdfs/cms/store/user/mario/QCD_Pt_30_80_BCtoE_TuneZ2star_8TeV_pythia6/Summer12-stop-pfele-step1/3d176ac8da5e9dff208d057f4733ca91/tuple_239_1_890.root
Begin processing the 4001st record. Run 1, Event 875781906, LumiSection 4106 at 27-Nov-2012 03:14:44.480 EET
27-Nov-2012 03:14:44 EET  Closed file file:/hdfs/cms/store/user/mario/QCD_Pt_30_80_BCtoE_TuneZ2star_8TeV_pythia6/Summer12-stop-pfele-step1/3d176ac8da5e9dff208d057f4733ca91/tuple_239_1_890.root

=============================================

MessageLogger Summary

 type     category        sev    module        subroutine        count    total
 ---- -------------------- -- ---------------- ----------------  -----    -----
    1 fileAction           -s file_close                             5        5
    2 fileAction           -s file_open                             10       10

 type    category    Examples: run/evt        run/evt          run/evt
 ---- -------------------- ---------------- ---------------- ----------------
    1 fileAction           PostProcessEvent PostProcessEvent PostEndRun
    2 fileAction           pre-events       pre-events       PostProcessEvent

Severity    # Occurrences   Total Occurrences
--------    -------------   -----------------
System                 15                  15
>>> END OF printout of 38 lines from stdout+stderr
>>> Parse FrameworkJobReport crab_fjr.xml
Result of parsing the FrameworkJobReport crab_fjr.xml: Popularity start
lumisRange : 1::258,3815,3973,4106,4143::1;1::1831,2026,2325,2329,2361,2366,2439,2460,2463::2;1::3075,3449,3469,3549,3579,3582,3710,3735,3784,3815::3;1::2463,2468,2490,2614,3473,3562,3571,3575,3590,3661::4;1::3060,3075,3661,3781,3844,3883,3931,3943,4020,4082,4116::5;
lumisParentRange : 
Basename : /store/user/mario/QCD_Pt_30_80_BCtoE_TuneZ2star_8TeV_pythia6/Summer12-stop-pfele-step1/3d176ac8da5e9dff208d057f4733ca91/tuple_23
BasenameParent : 
parentFiles : 
inputBlocks : /QCD_Pt_30_80_BCtoE_TuneZ2star_8TeV_pythia6/mario-Summer12-stop-pfele-step1-3d176ac8da5e9dff208d057f4733ca91/USER#d97a3142-53a9-416b-8276-adbbbd5961cf
inputFiles : 9_1_890.root::1::EDM::Local::1;5_1_8Rn.root::1::EDM::Local::2;8_1_WOD.root::1::EDM::Local::3;6_1_9SY.root::1::EDM::Local::4;7_1_eoV.root::1::EDM::Local::5;
Popularity stop
Extracted ExitStatus from FrameworkJobReport parsing output: 0
>>> Executable succeded  0
ExeExitCode=0
EXECUTABLE_EXIT_STATUS = 0
>>> current directory /home/cms078/home_crmrs_652274007/CREAM652274007/glide_Y15620/execute/dir_6814/CMSSW_5_3_5
>>>  (SOFTWARE_DIR): /home/cms078/home_crmrs_652274007/CREAM652274007/glide_Y15620/execute/dir_6814/CMSSW_5_3_5
>>> (WORKING_DIR): 
>>> current directory content:
total 144
drwxr-xr-x 3 cms078 cms  4096 Nov 27 03:13 .SCRAM
-rw-r--r-- 1 cms078 cms 30066 Nov 27 03:13 CMSSW.py.pkl
drwxr-xr-x 3 cms078 cms  4096 Nov 27 03:13 bin
drwxr-xr-x 3 cms078 cms  4096 Nov 27 03:13 cfipython
drwxr-xr-x 5 cms078 cms  4096 Nov 27 03:13 config
-rw-r--r-- 1 cms078 cms    15 Nov 27 03:14 cpu_timing.txt
drwxr-xr-x 2 cms078 cms  4096 Nov 27 03:13 doc
-rw-r--r-- 1 cms078 cms  4432 Nov 27 03:14 executable.out
drwxr-xr-x 2 cms078 cms  4096 Nov 27 03:13 include
drwxrwxrwx 3 cms078 cms  4096 Oct 22 16:38 lib
drwxr-xr-x 3 cms078 cms  4096 Nov 27 03:13 logs
drwxr-xr-x 3 cms078 cms  4096 Nov 27 03:13 objs
-rw-r--r-- 1 cms078 cms 16362 Nov 27 03:14 optHistograms.root
-rw-r--r-- 1 cms078 cms   104 Nov 27 03:13 pset.py
-rw-r--r-- 1 cms078 cms 19470 Nov 27 03:13 pset.py.pkl
-rw-r--r-- 1 cms078 cms   289 Nov 27 03:13 pset.pyc
drwxr-xr-x 2 cms078 cms  4096 Nov 27 03:13 python
-rw-r--r-- 1 cms078 cms   420 Nov 27 03:14 report.log
drwxrwxrwx 4 cms078 cms  4096 Nov 27 03:13 src
drwxr-xr-x 3 cms078 cms  4096 Nov 27 03:13 test
drwxr-xr-x 3 cms078 cms  4096 Nov 27 03:13 tmp
>>> current directory /home/cms078/home_crmrs_652274007/CREAM652274007/glide_Y15620/execute/dir_6814/CMSSW_5_3_5
>>> (SOFTWARE_DIR): /home/cms078/home_crmrs_652274007/CREAM652274007/glide_Y15620/execute/dir_6814/CMSSW_5_3_5
>>> (WORKING_DIR): 
>>> current directory content:
total 128
drwxr-xr-x 3 cms078 cms  4096 Nov 27 03:13 .SCRAM
-rw-r--r-- 1 cms078 cms 30066 Nov 27 03:13 CMSSW.py.pkl
drwxr-xr-x 3 cms078 cms  4096 Nov 27 03:13 bin
drwxr-xr-x 3 cms078 cms  4096 Nov 27 03:13 cfipython
drwxr-xr-x 5 cms078 cms  4096 Nov 27 03:13 config
-rw-r--r-- 1 cms078 cms    15 Nov 27 03:14 cpu_timing.txt
drwxr-xr-x 2 cms078 cms  4096 Nov 27 03:13 doc
-rw-r--r-- 1 cms078 cms  4432 Nov 27 03:14 executable.out
drwxr-xr-x 2 cms078 cms  4096 Nov 27 03:13 include
drwxrwxrwx 3 cms078 cms  4096 Oct 22 16:38 lib
drwxr-xr-x 3 cms078 cms  4096 Nov 27 03:13 logs
drwxr-xr-x 3 cms078 cms  4096 Nov 27 03:13 objs
-rw-r--r-- 1 cms078 cms   104 Nov 27 03:13 pset.py
-rw-r--r-- 1 cms078 cms 19470 Nov 27 03:13 pset.py.pkl
-rw-r--r-- 1 cms078 cms   289 Nov 27 03:13 pset.pyc
drwxr-xr-x 2 cms078 cms  4096 Nov 27 03:13 python
-rw-r--r-- 1 cms078 cms   420 Nov 27 03:14 report.log
drwxrwxrwx 4 cms078 cms  4096 Nov 27 03:13 src
drwxr-xr-x 3 cms078 cms  4096 Nov 27 03:13 test
drwxr-xr-x 3 cms078 cms  4096 Nov 27 03:13 tmp
>>> current directory (RUNTIME_AREA):  /home/cms078/home_crmrs_652274007/CREAM652274007/glide_Y15620/execute/dir_6814
>>> current dir: /home/cms078/home_crmrs_652274007/CREAM652274007/glide_Y15620/execute/dir_6814
>>> current dir content:
total 25752
-rw-rw-rw-  1 cms078 cms     5601 Nov 27 03:13 .job.ad
-rw-rw-rw-  1 cms078 cms    11518 Nov 27 03:13 .machine.ad
-rw-rw-rw-  1 cms078 cms      105 Nov 27 01:45 CMSSW.py
-rw-rw-rw-  1 cms078 cms    30066 Nov 27 01:45 CMSSW.py.pkl
-rwxrw-rw-  1 cms078 cms    23327 Nov 27 03:13 CMSSW.sh
drwxr-xr-x 15 cms078 cms     4096 Nov 27 03:14 CMSSW_5_3_5
-rw-rw-rw-  1 cms078 cms        0 Nov 27 03:13 CMSSW_65.stderr
-rw-rw-rw-  1 cms078 cms    16644 Nov 27 03:14 CMSSW_65.stdout
-rw-r--r--  1 cms078 cms      346 Nov 27 03:13 CacheEnv.sh
-rw-rw-rw-  1 cms078 cms     7291 Jun  9  2010 DashboardAPI.py
-rw-r--r--  1 cms078 cms     6868 Nov 27 03:13 DashboardAPI.pyc
drwxrwxrwx  3 cms078 cms     4096 Nov 27 03:14 IMProv
-rw-rw-rw-  1 cms078 cms     2748 Mar  8  2006 Logger.py
-rw-r--r--  1 cms078 cms     3348 Nov 27 03:13 Logger.pyc
-rw-rw-rw-  1 cms078 cms    24524 Mar 28  2008 ProcInfo.py
-rw-r--r--  1 cms078 cms    23446 Nov 27 03:13 ProcInfo.pyc
drwxrwxrwx  7 cms078 cms     4096 Nov 27 03:13 ProdCommon
drwxrwxrwx  3 cms078 cms     4096 Nov 27 03:13 WMCore
-rw-r--r--  1 cms078 cms     1395 Nov 27 03:14 Watchdog_65.log
-rw-rw-rw-  1 cms078 cms    32895 Mar 28  2008 apmon.py
-rw-r--r--  1 cms078 cms    28845 Nov 27 03:13 apmon.pyc
-rw-rw-rw-  1 cms078 cms    96530 Nov 27 03:13 arguments.xml
-rwxrwxrwx  1 cms078 cms    37427 Sep 13 14:14 cmscp.py
-rwxrwxrwx  1 cms078 cms    23327 Nov 27 03:13 condor_exec.exe
-rw-rw-rw-  1 cms078 cms      539 Nov 27 01:45 crab.cfg
-rwxrwxrwx  1 cms078 cms     9531 Sep 20 21:46 crabWatchdog.sh
-rw-r--r--  1 cms078 cms    30178 Nov 27 03:14 crab_fjr_65.xml
-rw-rw-rw-  1 cms078 cms 25796284 Nov 27 03:13 default.tgz
-rwxrwxrwx  1 cms078 cms     4488 May 12  2012 fillCrabFjr.py
-rw-r--r--  1 cms078 cms      904 Nov 27 03:13 inputsReport.txt
-rw-r--r--  1 cms078 cms      131 Nov 27 03:14 jobreport.txt
lrwxrwxrwx  1 cms078 cms      106 Nov 27 03:14 optHistograms.root -> /home/cms078/home_crmrs_652274007/CREAM652274007/glide_Y15620/execute/dir_6814/optHistograms_65_1_gZu.root
-rw-r--r--  1 cms078 cms    16362 Nov 27 03:14 optHistograms_65_1_gZu.root
-rw-rw-rw-  1 cms078 cms    17352 Jan 20  2012 parseCrabFjr.py
-rw-r--r--  1 cms078 cms      283 Nov 27 03:13 report.log
-rwxrwxrwx  1 cms078 cms     1497 May 27  2009 report.py
-rwxrwxrwx  1 cms078 cms     8387 Mar 23  2011 writeCfg.py
-rw-------  1 cms078 cms     8687 Nov 27 03:13 x509up_u1000009
Checking output files:  
will tar file optHistograms_65_1_gZu.root in  out_files_65
will tar file crab_fjr_65.xml in  out_files_65
will tar file CMSSW_65.stdout in  out_files_65
will tar file CMSSW_65.stderr in  out_files_65
WARNING: output file Watchdog_65.log.gz not found!
>>> padding time: Sleeping the wrapper for 512 seconds
STOPPING WATCHDOG. CrabWatchdog PID is 9852
********** LAST 50 LINES OF WATCHDOG LOG
# RESOURCE USAGE SUMMARY FOR PROCESS ID  9365
USER       PID %CPU %MEM    VSZ   RSS TTY      STAT START   TIME COMMAND
cms078    9365  0.2  0.0   8956  1488 ?        S    03:13   0:00 /bin/sh /home/cms078/home_crmrs_652274007/CREAM652274007/glide_Y15620/execute/dir_6814/condor_exec.exe 65 1
 
# LIMITS USED BY THIS WATCHDOG:
# RSS  (KBytes)  : 2300000
# VSZ  (KBytes)  : 100000000
# DISK (MBytes)  : 19000
# CPU  (seconds) : 171600
# WALL (seconds) : 171600
 
# FOLLOWING PRINTOUT TRACKS MAXIMUM VALUES OF RESOURCES USE
# ONE LINE IS PRINTED EACH TIME A MAXIMUM CHANGES
# IF CHANGE WAS IN RSS OR VSZ ALSO PROCID AND COMMAND ARE PRINTED
# THERE IS NO PRINTOUT FOR CPU/WALL TIME INCREASE
 
# TIME			PID	RSS(KB)	VSZ(KB)	Dsk(MB)	tCPU(s)	tWALL(s)	COMMAND
 Nov 27 03:13:37 EET	2791	3516	5568	0	5	2564	condor_procd -A /home/cms078/home_crmrs_652274007/CREAM652274007/glide_Y15620/log/procd_address.STARTD -L /home/cms078/home_crmrs_652274007/CREAM652274007/glide_Y15620/log/ProcLog.STARTD -R 10000000 -S 60 -C
 Nov 27 03:13:37 EET	6814	5376	9376	0	0	24	condor_starter -f submit-2.t2.ucsd.edu       
 Nov 27 03:13:37 EET	9863	23360	84796	0	0	1	edmConfigHash pset.py        
 Nov 27 03:13:37 EET	---	23360	84796	168	----	----	----
 Nov 27 03:14:41 EET	11008	328812	499816	168	24	57	cmsRun -j /home/cms078/home_crmrs_652274007/CREAM652274007/glide_Y15620/execute/dir_6814/crab_fjr_65.xml -p pset.py     
 Nov 27 03:15:45 EET	---	328812	499816	169	----	----	----
********** WATCHDOG LOG ENDED
ZIPPING WATCHDOG LOG
Disk space used:
du -sh /home/cms078/home_crmrs_652274007/CREAM652274007/glide_Y15620/execute/dir_6814
169M	/home/cms078/home_crmrs_652274007/CREAM652274007/glide_Y15620/execute/dir_6814
>>> info for dashboard:
***** Cat /home/cms078/home_crmrs_652274007/CREAM652274007/glide_Y15620/execute/dir_6814/jobreport.txt *****
MonitorJobID=65_https://submit-2.t2.ucsd.edu//121127//17541.64
MonitorID=liis_crab_0_121127_014531_5zfp48
ExeTime=61
ExeExitCode=0
CrabUserCpuTime=22.82
CrabSysCpuTime=3.80
CrabCpuPercentage=43%
CrabWrapperTime=600
CrabStageoutTime=NULL
***** End Cat jobreport *****
Parameters sent to Dashboard.
optHistograms_65_1_gZu.root
crab_fjr_65.xml
CMSSW_65.stdout
CMSSW_65.stderr
Watchdog_65.log.gz
tar: .BrokerInfo: Cannot stat: No such file or directory
tar: Error exit delayed from previous errors
Total Output dimension: 17918
WARNING: output files size limit is set to: 50000000
Total Output dimension 17918 is fine.
JOB_EXIT_STATUS = 0
>>> info for dashboard:
***** Cat /home/cms078/home_crmrs_652274007/CREAM652274007/glide_Y15620/execute/dir_6814/jobreport.txt *****
MonitorJobID=65_https://submit-2.t2.ucsd.edu//121127//17541.64
MonitorID=liis_crab_0_121127_014531_5zfp48
JobExitCode=0
***** End Cat jobreport *****
Parameters sent to Dashboard.
optHistograms_65_1_gZu.root
crab_fjr_65.xml
