This script was generated by crab (version 2.8.3).
Running /home/cms078/home_creur_566282167/CREAM566282167/glide_W25805/execute/dir_16100/condor_exec.exe with 2 positional parameters: 49 1
Today is Tue Nov 27 03:13:16 EET 2012
Job submitted on host wn-v-3296.local
Linux wn-v-3296.local 2.6.32-042stab059.7 #1 SMP Tue Jul 24 19:12:01 MSK 2012 x86_64 x86_64 x86_64 GNU/Linux
>>> current directory (RUNTIME_AREA): /home/cms078/home_creur_566282167/CREAM566282167/glide_W25805/execute/dir_16100
>>> current user: uid=11078(cms078) gid=1400(cms) groups=1400(cms)
>>> voms proxy information:
subject   : /DC=ch/DC=cern/OU=Organic Units/OU=Users/CN=liis/CN=663550/CN=Liis Rebane/CN=proxy/CN=limited proxy
issuer    : /DC=ch/DC=cern/OU=Organic Units/OU=Users/CN=liis/CN=663550/CN=Liis Rebane/CN=proxy
identity  : /DC=ch/DC=cern/OU=Organic Units/OU=Users/CN=liis/CN=663550/CN=Liis Rebane/CN=proxy
type      : limited proxy
strength  : 512 bits
path      : /home/cms078/home_creur_566282167/CREAM566282167/glide_W25805/execute/dir_16100/x509up_u1000009
timeleft  : 23:59:54
key usage : Digital Signature, Key Encipherment, Data Encipherment
=== VO cms extension information ===
VO        : cms
subject   : /DC=ch/DC=cern/OU=Organic Units/OU=Users/CN=liis/CN=663550/CN=Liis Rebane
issuer    : /DC=ch/DC=cern/OU=computers/CN=lcg-voms.cern.ch
attribute : /cms/Role=NULL/Capability=NULL
timeleft  : 190:12:21
uri       : lcg-voms.cern.ch:15002
>>> tar xzf /home/cms078/home_creur_566282167/CREAM566282167/glide_W25805/execute/dir_16100/default.tgz :
Successful untar
>>> Include /home/cms078/home_creur_566282167/CREAM566282167/glide_W25805/execute/dir_16100 in PYTHONPATH:
strip arguments
env var CRAB_UNIQUE_JOB_ID set to: liis_crab_0_121127_014531_5zfp48_49_1_ku8
out_files_49
>>> list of expected files on output sandbox
output files: optHistograms_49_1_ku8.root crab_fjr_49.xml CMSSW_49.stdout CMSSW_49.stderr Watchdog_49.log.gz
>>> GridFlavour discovery: 
GridFlavour=LCG
>>> SyncSite discovery: 
SyncSite=T2_EE_Estonia
>>> SyncCE discovery: 
getting SyncCE from CE_ID
SyncCE=europa.hep.kbfi.ee:8443/cream-pbs-long
>>> info for dashboard:
***** Cat /home/cms078/home_creur_566282167/CREAM566282167/glide_W25805/execute/dir_16100/jobreport.txt *****
MonitorJobID=49_https://submit-2.t2.ucsd.edu//121127//17541.48
SyncGridJobId=https://submit-2.t2.ucsd.edu//121127//17541.48
MonitorID=liis_crab_0_121127_014531_5zfp48
GridFlavour=LCG
SyncSite=T2_EE_Estonia
SyncCE=europa.hep.kbfi.ee:8443/cream-pbs-long
***** End Cat jobreport *****
Parameters sent to Dashboard.
>>> setup environment
set SCRAM ARCH to slc5_amd64_gcc462
SCRAM_ARCH = slc5_amd64_gcc462
>>> setup CMS LCG environment:
set SCRAM ARCH and BUILD_ARCH to slc5_amd64_gcc462 ###
Sourcing environment... 
sourcing /cvmfs/cms.cern.ch/cmsset_default.sh
==> setup cms environment ok
>>> specific cmssw setup environment:
CMSSW_VERSION =  CMSSW_5_3_5
>>> current directory (SOFTWARE_DIR): /home/cms078/home_creur_566282167/CREAM566282167/glide_W25805/execute/dir_16100/CMSSW_5_3_5
PreserveSeeds: <>
IncrementSeeds:<>
{}
WNHostName=wn-v-3296.local
>>> info for dashboard:
***** Cat /home/cms078/home_creur_566282167/CREAM566282167/glide_W25805/execute/dir_16100/jobreport.txt *****
MonitorJobID=49_https://submit-2.t2.ucsd.edu//121127//17541.48
MonitorID=liis_crab_0_121127_014531_5zfp48
WNHostName=wn-v-3296.local
***** End Cat jobreport *****
Parameters sent to Dashboard.
crabWatchdog started as process 19622
>>> moving CMSSW software directories in /home/cms078/home_creur_566282167/CREAM566282167/glide_W25805/execute/dir_16100/CMSSW_5_3_5
mv: cannot stat `/home/cms078/home_creur_566282167/CREAM566282167/glide_W25805/execute/dir_16100/module/': No such file or directory
>>> Include /home/cms078/home_creur_566282167/CREAM566282167/glide_W25805/execute/dir_16100 in PYTHONPATH:
PYTHONPATH=/home/cms078/home_creur_566282167/CREAM566282167/glide_W25805/execute/dir_16100/:/home/cms078/home_creur_566282167/CREAM566282167/glide_W25805/execute/dir_16100/CMSSW_5_3_5/python:/home/cms078/home_creur_566282167/CREAM566282167/glide_W25805/execute/dir_16100/CMSSW_5_3_5/lib/slc5_amd64_gcc462:/cvmfs/cms.cern.ch/slc5_amd64_gcc462/cms/cmssw/CMSSW_5_3_5/python:/cvmfs/cms.cern.ch/slc5_amd64_gcc462/cms/cmssw/CMSSW_5_3_5/lib/slc5_amd64_gcc462:/cvmfs/cms.cern.ch/slc5_amd64_gcc462/cms/coral/CORAL_2_3_21-cms27/slc5_amd64_gcc462/python:/cvmfs/cms.cern.ch/slc5_amd64_gcc462/cms/coral/CORAL_2_3_21-cms27/slc5_amd64_gcc462/lib:/cvmfs/cms.cern.ch/slc5_amd64_gcc462/external/pyqt/4.8.1/lib/python2.6/site-packages:/cvmfs/cms.cern.ch/slc5_amd64_gcc462/external/py2-scipy/0.8.0/lib/python2.6/site-packages:/cvmfs/cms.cern.ch/slc5_amd64_gcc462/external/py2-matplotlib/1.0.1/lib/python2.6/site-packages:/cvmfs/cms.cern.ch/slc5_amd64_gcc462/external/python-ldap/2.3.5/lib/python2.6/site-packages:/cvmfs/cms.cern.ch/slc5_amd64_gcc462/external/sip/4.11.2/lib/python2.6/site-packages:/cvmfs/cms.cern.ch/slc5_amd64_gcc462/external/py2-pycurl/7.19.0/lib/python2.6/site-packages:/cvmfs/cms.cern.ch/slc5_amd64_gcc462/external/py2-numpy/1.6.1/lib/python2.6/site-packages:/cvmfs/cms.cern.ch/slc5_amd64_gcc462/external/py2-ipython/0.10/lib/python2.6/site-packages:/cvmfs/cms.cern.ch/slc5_amd64_gcc462/external/py2-cx-oracle/5.1-cms11/lib/python2.6/site-packages:/cvmfs/cms.cern.ch/slc5_amd64_gcc462/external/py2-cjson/1.0.5/lib/python2.6/site-packages:/cvmfs/cms.cern.ch/slc5_amd64_gcc462/cms/das-client/1.4.1-cms8/bin:/cvmfs/cms.cern.ch/slc5_amd64_gcc462/external/elementtree/1.2.6/share/lib/python2.6/site-packages:/cvmfs/cms.cern.ch/slc5_amd64_gcc462/external/rivet/1.5.1-cms10/lib/python2.6/site-packages:/cvmfs/cms.cern.ch/slc5_amd64_gcc462/external/pyminuit2/0.0.1-cms34/lib/python2.6/site-packages:/cvmfs/cms.cern.ch/slc5_amd64_gcc462/external/professor/1.0.0-cms35/lib/python2.6/site-packages:/cvmfs/cms.cern.ch/slc5_amd64_gcc462/lcg/root/5.32.00-cms18/lib:/cvmfs/cms.cern.ch/slc5_amd64_gcc462/cms/dbs-client/DBS_2_1_1_patch1_1/lib:/cvmfs/cms.cern.ch/slc5_amd64_gcc462/cms/dbs-client/DBS_2_1_1_patch1_1/lib/DBSAPI:/home/cms078/home_creur_566282167/CREAM566282167/glide_W25805/execute/dir_16100/
241a2a19cb7c5c8751ba22759ab3bdb0
PSETHASH = 241a2a19cb7c5c8751ba22759ab3bdb0
/home/cms078/home_creur_566282167/CREAM566282167/glide_W25805/execute/dir_16100/writeCfg.py pset.py pset.py
Importing .py file
Setting parameters
inputBlocks=/QCD_Pt_30_80_BCtoE_TuneZ2star_8TeV_pythia6/mario-Summer12-stop-pfele-step1-3d176ac8da5e9dff208d057f4733ca91/USER#d97a3142-53a9-416b-8276-adbbbd5961cf
inputFiles=/store/user/mario/QCD_Pt_30_80_BCtoE_TuneZ2star_8TeV_pythia6/Summer12-stop-pfele-step1/3d176ac8da5e9dff208d057f4733ca91/tuple_80_1_34X.root;/store/user/mario/QCD_Pt_30_80_BCtoE_TuneZ2star_8TeV_pythia6/Summer12-stop-pfele-step1/3d176ac8da5e9dff208d057f4733ca91/tuple_81_1_Jt8.root;/store/user/mario/QCD_Pt_30_80_BCtoE_TuneZ2star_8TeV_pythia6/Summer12-stop-pfele-step1/3d176ac8da5e9dff208d057f4733ca91/tuple_83_1_pkf.root;/store/user/mario/QCD_Pt_30_80_BCtoE_TuneZ2star_8TeV_pythia6/Summer12-stop-pfele-step1/3d176ac8da5e9dff208d057f4733ca91/tuple_84_1_uFr.root;/store/user/mario/QCD_Pt_30_80_BCtoE_TuneZ2star_8TeV_pythia6/Summer12-stop-pfele-step1/3d176ac8da5e9dff208d057f4733ca91/tuple_85_1_qvR.root
parentFiles=
lumisRange=
>>> Executable cmsRun
/cvmfs/cms.cern.ch/slc5_amd64_gcc462/cms/cmssw/CMSSW_5_3_5/bin/slc5_amd64_gcc462/cmsRun
ok executable found
>>> info for dashboard:
***** Cat /home/cms078/home_creur_566282167/CREAM566282167/glide_W25805/execute/dir_16100/jobreport.txt *****
MonitorJobID=49_https://submit-2.t2.ucsd.edu//121127//17541.48
MonitorID=liis_crab_0_121127_014531_5zfp48
ExeStart=cmsRun
***** End Cat jobreport *****
Parameters sent to Dashboard.
>>> cmsRun started at Tue Nov 27 01:13:32 UTC 2012
>>> cmsRun ended at Tue Nov 27 01:14:22 UTC 2012
>>> info for dashboard:
***** Cat /home/cms078/home_creur_566282167/CREAM566282167/glide_W25805/execute/dir_16100/jobreport.txt *****
MonitorJobID=49_https://submit-2.t2.ucsd.edu//121127//17541.48
MonitorID=liis_crab_0_121127_014531_5zfp48
ExeEnd=cmsRun
***** End Cat jobreport *****
Parameters sent to Dashboard.
TIME_EXE = 50 sec
>>> cmsRun wrote 38 lines of stdout+stderr
>>> START OF printout of 38 lines from stdout+stderr
27-Nov-2012 03:13:43 EET  Initiating request to open file file:/hdfs/cms/store/user/mario/QCD_Pt_30_80_BCtoE_TuneZ2star_8TeV_pythia6/Summer12-stop-pfele-step1/3d176ac8da5e9dff208d057f4733ca91/tuple_80_1_34X.root
27-Nov-2012 03:13:49 EET  Successfully opened file file:/hdfs/cms/store/user/mario/QCD_Pt_30_80_BCtoE_TuneZ2star_8TeV_pythia6/Summer12-stop-pfele-step1/3d176ac8da5e9dff208d057f4733ca91/tuple_80_1_34X.root
Begin processing the 1st record. Run 1, Event 655196312, LumiSection 3072 at 27-Nov-2012 03:13:55.644 EET
27-Nov-2012 03:13:58 EET  Closed file file:/hdfs/cms/store/user/mario/QCD_Pt_30_80_BCtoE_TuneZ2star_8TeV_pythia6/Summer12-stop-pfele-step1/3d176ac8da5e9dff208d057f4733ca91/tuple_80_1_34X.root
27-Nov-2012 03:13:58 EET  Initiating request to open file file:/hdfs/cms/store/user/mario/QCD_Pt_30_80_BCtoE_TuneZ2star_8TeV_pythia6/Summer12-stop-pfele-step1/3d176ac8da5e9dff208d057f4733ca91/tuple_81_1_Jt8.root
27-Nov-2012 03:13:59 EET  Successfully opened file file:/hdfs/cms/store/user/mario/QCD_Pt_30_80_BCtoE_TuneZ2star_8TeV_pythia6/Summer12-stop-pfele-step1/3d176ac8da5e9dff208d057f4733ca91/tuple_81_1_Jt8.root
Begin processing the 1001st record. Run 1, Event 755943239, LumiSection 3544 at 27-Nov-2012 03:14:02.695 EET
27-Nov-2012 03:14:03 EET  Closed file file:/hdfs/cms/store/user/mario/QCD_Pt_30_80_BCtoE_TuneZ2star_8TeV_pythia6/Summer12-stop-pfele-step1/3d176ac8da5e9dff208d057f4733ca91/tuple_81_1_Jt8.root
27-Nov-2012 03:14:03 EET  Initiating request to open file file:/hdfs/cms/store/user/mario/QCD_Pt_30_80_BCtoE_TuneZ2star_8TeV_pythia6/Summer12-stop-pfele-step1/3d176ac8da5e9dff208d057f4733ca91/tuple_83_1_pkf.root
27-Nov-2012 03:14:03 EET  Successfully opened file file:/hdfs/cms/store/user/mario/QCD_Pt_30_80_BCtoE_TuneZ2star_8TeV_pythia6/Summer12-stop-pfele-step1/3d176ac8da5e9dff208d057f4733ca91/tuple_83_1_pkf.root
Begin processing the 2001st record. Run 1, Event 236041442, LumiSection 1107 at 27-Nov-2012 03:14:09.654 EET
27-Nov-2012 03:14:10 EET  Closed file file:/hdfs/cms/store/user/mario/QCD_Pt_30_80_BCtoE_TuneZ2star_8TeV_pythia6/Summer12-stop-pfele-step1/3d176ac8da5e9dff208d057f4733ca91/tuple_83_1_pkf.root
27-Nov-2012 03:14:10 EET  Initiating request to open file file:/hdfs/cms/store/user/mario/QCD_Pt_30_80_BCtoE_TuneZ2star_8TeV_pythia6/Summer12-stop-pfele-step1/3d176ac8da5e9dff208d057f4733ca91/tuple_84_1_uFr.root
27-Nov-2012 03:14:10 EET  Successfully opened file file:/hdfs/cms/store/user/mario/QCD_Pt_30_80_BCtoE_TuneZ2star_8TeV_pythia6/Summer12-stop-pfele-step1/3d176ac8da5e9dff208d057f4733ca91/tuple_84_1_uFr.root
Begin processing the 3001st record. Run 1, Event 61482614, LumiSection 289 at 27-Nov-2012 03:14:16.437 EET
27-Nov-2012 03:14:17 EET  Closed file file:/hdfs/cms/store/user/mario/QCD_Pt_30_80_BCtoE_TuneZ2star_8TeV_pythia6/Summer12-stop-pfele-step1/3d176ac8da5e9dff208d057f4733ca91/tuple_84_1_uFr.root
27-Nov-2012 03:14:17 EET  Initiating request to open file file:/hdfs/cms/store/user/mario/QCD_Pt_30_80_BCtoE_TuneZ2star_8TeV_pythia6/Summer12-stop-pfele-step1/3d176ac8da5e9dff208d057f4733ca91/tuple_85_1_qvR.root
27-Nov-2012 03:14:17 EET  Successfully opened file file:/hdfs/cms/store/user/mario/QCD_Pt_30_80_BCtoE_TuneZ2star_8TeV_pythia6/Summer12-stop-pfele-step1/3d176ac8da5e9dff208d057f4733ca91/tuple_85_1_qvR.root
Begin processing the 4001st record. Run 1, Event 506164989, LumiSection 2373 at 27-Nov-2012 03:14:21.154 EET
27-Nov-2012 03:14:21 EET  Closed file file:/hdfs/cms/store/user/mario/QCD_Pt_30_80_BCtoE_TuneZ2star_8TeV_pythia6/Summer12-stop-pfele-step1/3d176ac8da5e9dff208d057f4733ca91/tuple_85_1_qvR.root

=============================================

MessageLogger Summary

 type     category        sev    module        subroutine        count    total
 ---- -------------------- -- ---------------- ----------------  -----    -----
    1 fileAction           -s file_close                             5        5
    2 fileAction           -s file_open                             10       10

 type    category    Examples: run/evt        run/evt          run/evt
 ---- -------------------- ---------------- ---------------- ----------------
    1 fileAction           PostProcessEvent PostProcessEvent PostEndRun
    2 fileAction           pre-events       pre-events       PostProcessEvent

Severity    # Occurrences   Total Occurrences
--------    -------------   -----------------
System                 15                  15
>>> END OF printout of 38 lines from stdout+stderr
>>> Parse FrameworkJobReport crab_fjr.xml
Result of parsing the FrameworkJobReport crab_fjr.xml: Popularity start
lumisRange : 1::3072,3122,3136,3152,3156::1;1::3156,3327,3379-3380,3399,3477,3544,3902,3979,3986::2;1::296,479,521,590,634,695,948,1107,1495,1505,1510::3;1::289,544,900,964,1510,1519,1671,1729,1733,1738,1804::4;1::964,977,1073,1401,2016,2284,2373,2447,2602::5;
lumisParentRange : 
Basename : /store/user/mario/QCD_Pt_30_80_BCtoE_TuneZ2star_8TeV_pythia6/Summer12-stop-pfele-step1/3d176ac8da5e9dff208d057f4733ca91/tuple_8
BasenameParent : 
parentFiles : 
inputBlocks : /QCD_Pt_30_80_BCtoE_TuneZ2star_8TeV_pythia6/mario-Summer12-stop-pfele-step1-3d176ac8da5e9dff208d057f4733ca91/USER#d97a3142-53a9-416b-8276-adbbbd5961cf
inputFiles : 0_1_34X.root::1::EDM::Local::1;1_1_Jt8.root::1::EDM::Local::2;3_1_pkf.root::1::EDM::Local::3;4_1_uFr.root::1::EDM::Local::4;5_1_qvR.root::1::EDM::Local::5;
Popularity stop
Extracted ExitStatus from FrameworkJobReport parsing output: 0
>>> Executable succeded  0
ExeExitCode=0
EXECUTABLE_EXIT_STATUS = 0
>>> current directory /home/cms078/home_creur_566282167/CREAM566282167/glide_W25805/execute/dir_16100/CMSSW_5_3_5
>>>  (SOFTWARE_DIR): /home/cms078/home_creur_566282167/CREAM566282167/glide_W25805/execute/dir_16100/CMSSW_5_3_5
>>> (WORKING_DIR): 
>>> current directory content:
total 144
drwxr-xr-x 3 cms078 cms  4096 Nov 27 03:13 .SCRAM
-rw-r--r-- 1 cms078 cms 30066 Nov 27 03:13 CMSSW.py.pkl
drwxr-xr-x 3 cms078 cms  4096 Nov 27 03:13 bin
drwxr-xr-x 3 cms078 cms  4096 Nov 27 03:13 cfipython
drwxr-xr-x 5 cms078 cms  4096 Nov 27 03:13 config
-rw-r--r-- 1 cms078 cms    15 Nov 27 03:14 cpu_timing.txt
drwxr-xr-x 2 cms078 cms  4096 Nov 27 03:13 doc
-rw-r--r-- 1 cms078 cms  4415 Nov 27 03:14 executable.out
drwxr-xr-x 2 cms078 cms  4096 Nov 27 03:13 include
drwxrwxrwx 3 cms078 cms  4096 Oct 22 16:38 lib
drwxr-xr-x 3 cms078 cms  4096 Nov 27 03:13 logs
drwxr-xr-x 3 cms078 cms  4096 Nov 27 03:13 objs
-rw-r--r-- 1 cms078 cms 16287 Nov 27 03:14 optHistograms.root
-rw-r--r-- 1 cms078 cms   104 Nov 27 03:13 pset.py
-rw-r--r-- 1 cms078 cms 19465 Nov 27 03:13 pset.py.pkl
-rw-r--r-- 1 cms078 cms   289 Nov 27 03:13 pset.pyc
drwxr-xr-x 2 cms078 cms  4096 Nov 27 03:13 python
-rw-r--r-- 1 cms078 cms   420 Nov 27 03:14 report.log
drwxrwxrwx 4 cms078 cms  4096 Nov 27 03:13 src
drwxr-xr-x 3 cms078 cms  4096 Nov 27 03:13 test
drwxr-xr-x 3 cms078 cms  4096 Nov 27 03:13 tmp
>>> current directory /home/cms078/home_creur_566282167/CREAM566282167/glide_W25805/execute/dir_16100/CMSSW_5_3_5
>>> (SOFTWARE_DIR): /home/cms078/home_creur_566282167/CREAM566282167/glide_W25805/execute/dir_16100/CMSSW_5_3_5
>>> (WORKING_DIR): 
>>> current directory content:
total 128
drwxr-xr-x 3 cms078 cms  4096 Nov 27 03:13 .SCRAM
-rw-r--r-- 1 cms078 cms 30066 Nov 27 03:13 CMSSW.py.pkl
drwxr-xr-x 3 cms078 cms  4096 Nov 27 03:13 bin
drwxr-xr-x 3 cms078 cms  4096 Nov 27 03:13 cfipython
drwxr-xr-x 5 cms078 cms  4096 Nov 27 03:13 config
-rw-r--r-- 1 cms078 cms    15 Nov 27 03:14 cpu_timing.txt
drwxr-xr-x 2 cms078 cms  4096 Nov 27 03:13 doc
-rw-r--r-- 1 cms078 cms  4415 Nov 27 03:14 executable.out
drwxr-xr-x 2 cms078 cms  4096 Nov 27 03:13 include
drwxrwxrwx 3 cms078 cms  4096 Oct 22 16:38 lib
drwxr-xr-x 3 cms078 cms  4096 Nov 27 03:13 logs
drwxr-xr-x 3 cms078 cms  4096 Nov 27 03:13 objs
-rw-r--r-- 1 cms078 cms   104 Nov 27 03:13 pset.py
-rw-r--r-- 1 cms078 cms 19465 Nov 27 03:13 pset.py.pkl
-rw-r--r-- 1 cms078 cms   289 Nov 27 03:13 pset.pyc
drwxr-xr-x 2 cms078 cms  4096 Nov 27 03:13 python
-rw-r--r-- 1 cms078 cms   420 Nov 27 03:14 report.log
drwxrwxrwx 4 cms078 cms  4096 Nov 27 03:13 src
drwxr-xr-x 3 cms078 cms  4096 Nov 27 03:13 test
drwxr-xr-x 3 cms078 cms  4096 Nov 27 03:13 tmp
>>> current directory (RUNTIME_AREA):  /home/cms078/home_creur_566282167/CREAM566282167/glide_W25805/execute/dir_16100
>>> current dir: /home/cms078/home_creur_566282167/CREAM566282167/glide_W25805/execute/dir_16100
>>> current dir content:
total 25752
-rw-rw-rw-  1 cms078 cms     5601 Nov 27 03:13 .job.ad
-rw-rw-rw-  1 cms078 cms    11417 Nov 27 03:13 .machine.ad
-rw-rw-rw-  1 cms078 cms      105 Nov 27 01:45 CMSSW.py
-rw-rw-rw-  1 cms078 cms    30066 Nov 27 01:45 CMSSW.py.pkl
-rwxrw-rw-  1 cms078 cms    23327 Nov 27 03:13 CMSSW.sh
-rw-rw-rw-  1 cms078 cms        0 Nov 27 03:13 CMSSW_49.stderr
-rw-rw-rw-  1 cms078 cms    16643 Nov 27 03:14 CMSSW_49.stdout
drwxr-xr-x 15 cms078 cms     4096 Nov 27 03:14 CMSSW_5_3_5
-rw-r--r--  1 cms078 cms      347 Nov 27 03:13 CacheEnv.sh
-rw-rw-rw-  1 cms078 cms     7291 Jun  9  2010 DashboardAPI.py
-rw-r--r--  1 cms078 cms     6883 Nov 27 03:13 DashboardAPI.pyc
drwxrwxrwx  3 cms078 cms     4096 Nov 27 03:14 IMProv
-rw-rw-rw-  1 cms078 cms     2748 Mar  8  2006 Logger.py
-rw-r--r--  1 cms078 cms     3353 Nov 27 03:13 Logger.pyc
-rw-rw-rw-  1 cms078 cms    24524 Mar 28  2008 ProcInfo.py
-rw-r--r--  1 cms078 cms    23470 Nov 27 03:13 ProcInfo.pyc
drwxrwxrwx  7 cms078 cms     4096 Nov 27 03:13 ProdCommon
drwxrwxrwx  3 cms078 cms     4096 Nov 27 03:13 WMCore
-rw-r--r--  1 cms078 cms     1646 Nov 27 03:14 Watchdog_49.log
-rw-rw-rw-  1 cms078 cms    32895 Mar 28  2008 apmon.py
-rw-r--r--  1 cms078 cms    28874 Nov 27 03:13 apmon.pyc
-rw-rw-rw-  1 cms078 cms    96530 Nov 27 03:13 arguments.xml
-rwxrwxrwx  1 cms078 cms    37427 Sep 13 14:14 cmscp.py
-rwxrwxrwx  1 cms078 cms    23327 Nov 27 03:13 condor_exec.exe
-rw-rw-rw-  1 cms078 cms      539 Nov 27 01:45 crab.cfg
-rwxrwxrwx  1 cms078 cms     9531 Sep 20 21:46 crabWatchdog.sh
-rw-r--r--  1 cms078 cms    30179 Nov 27 03:14 crab_fjr_49.xml
-rw-rw-rw-  1 cms078 cms 25796284 Nov 27 03:13 default.tgz
-rwxrwxrwx  1 cms078 cms     4488 May 12  2012 fillCrabFjr.py
-rw-r--r--  1 cms078 cms      899 Nov 27 03:13 inputsReport.txt
-rw-r--r--  1 cms078 cms      131 Nov 27 03:14 jobreport.txt
lrwxrwxrwx  1 cms078 cms      107 Nov 27 03:14 optHistograms.root -> /home/cms078/home_creur_566282167/CREAM566282167/glide_W25805/execute/dir_16100/optHistograms_49_1_ku8.root
-rw-r--r--  1 cms078 cms    16287 Nov 27 03:14 optHistograms_49_1_ku8.root
-rw-rw-rw-  1 cms078 cms    17352 Jan 20  2012 parseCrabFjr.py
-rw-r--r--  1 cms078 cms      285 Nov 27 03:13 report.log
-rwxrwxrwx  1 cms078 cms     1497 May 27  2009 report.py
-rwxrwxrwx  1 cms078 cms     8387 Mar 23  2011 writeCfg.py
-rw-------  1 cms078 cms     8687 Nov 27 03:13 x509up_u1000009
Checking output files:  
will tar file optHistograms_49_1_ku8.root in  out_files_49
will tar file crab_fjr_49.xml in  out_files_49
will tar file CMSSW_49.stdout in  out_files_49
will tar file CMSSW_49.stderr in  out_files_49
WARNING: output file Watchdog_49.log.gz not found!
>>> padding time: Sleeping the wrapper for 523 seconds
STOPPING WATCHDOG. CrabWatchdog PID is 19622
********** LAST 50 LINES OF WATCHDOG LOG
# RESOURCE USAGE SUMMARY FOR PROCESS ID 18797
USER       PID %CPU %MEM    VSZ   RSS TTY      STAT START   TIME COMMAND
cms078   18797  0.2  0.0   8956  1488 ?        S    03:13   0:00 /bin/sh /home/cms078/home_creur_566282167/CREAM566282167/glide_W25805/execute/dir_16100/condor_exec.exe 49 1
 
# LIMITS USED BY THIS WATCHDOG:
# RSS  (KBytes)  : 2300000
# VSZ  (KBytes)  : 100000000
# DISK (MBytes)  : 19000
# CPU  (seconds) : 171600
# WALL (seconds) : 171600
 
# FOLLOWING PRINTOUT TRACKS MAXIMUM VALUES OF RESOURCES USE
# ONE LINE IS PRINTED EACH TIME A MAXIMUM CHANGES
# IF CHANGE WAS IN RSS OR VSZ ALSO PROCID AND COMMAND ARE PRINTED
# THERE IS NO PRINTOUT FOR CPU/WALL TIME INCREASE
 
# TIME			PID	RSS(KB)	VSZ(KB)	Dsk(MB)	tCPU(s)	tWALL(s)	COMMAND
 Nov 27 03:13:24 EET	1601	1340	8816	0	0	3483	/bin/bash /home/cms078/home_creur_566282167/CREAM566282167/glide_W25805/main/condor_startup.sh glidein_config       
 Nov 27 03:13:24 EET	2653	3660	8816	0	5	2551	condor_procd -A /home/cms078/home_creur_566282167/CREAM566282167/glide_W25805/log/procd_address.STARTD -L /home/cms078/home_creur_566282167/CREAM566282167/glide_W25805/log/ProcLog.STARTD -R 10000000 -S 60 -C
 Nov 27 03:13:24 EET	2760	6044	9708	0	1	3480	/home/cms078/home_creur_566282167/CREAM566282167/glide_W25805/main/condor/sbin/condor_master -f -pidfile /home/cms078/home_creur_566282167/CREAM566282167/glide_W25805/condor_master2.pid      
 Nov 27 03:13:24 EET	25752	6044	25504	0	0	3509	perl -e ?use Socket;??sub send_notify {? $cream_url = "193.40.150.134:49152";die "No
 Nov 27 03:13:24 EET	---	6044	25504	168	----	----	----
 Nov 27 03:14:28 EET	---	6044	25504	169	----	----	----
********** WATCHDOG LOG ENDED
ZIPPING WATCHDOG LOG
Disk space used:
du -sh /home/cms078/home_creur_566282167/CREAM566282167/glide_W25805/execute/dir_16100
169M	/home/cms078/home_creur_566282167/CREAM566282167/glide_W25805/execute/dir_16100
>>> info for dashboard:
***** Cat /home/cms078/home_creur_566282167/CREAM566282167/glide_W25805/execute/dir_16100/jobreport.txt *****
MonitorJobID=49_https://submit-2.t2.ucsd.edu//121127//17541.48
MonitorID=liis_crab_0_121127_014531_5zfp48
ExeTime=50
ExeExitCode=0
CrabUserCpuTime=23.55
CrabSysCpuTime=4.04
CrabCpuPercentage=54%
CrabWrapperTime=600
CrabStageoutTime=NULL
***** End Cat jobreport *****
Parameters sent to Dashboard.
optHistograms_49_1_ku8.root
crab_fjr_49.xml
CMSSW_49.stdout
CMSSW_49.stderr
Watchdog_49.log.gz
tar: .BrokerInfo: Cannot stat: No such file or directory
tar: Error exit delayed from previous errors
Total Output dimension: 17537
WARNING: output files size limit is set to: 50000000
Total Output dimension 17537 is fine.
JOB_EXIT_STATUS = 0
>>> info for dashboard:
***** Cat /home/cms078/home_creur_566282167/CREAM566282167/glide_W25805/execute/dir_16100/jobreport.txt *****
MonitorJobID=49_https://submit-2.t2.ucsd.edu//121127//17541.48
MonitorID=liis_crab_0_121127_014531_5zfp48
JobExitCode=0
***** End Cat jobreport *****
Parameters sent to Dashboard.
optHistograms_49_1_ku8.root
crab_fjr_49.xml
