This script was generated by crab (version 2.8.3).
Running /home/cms030/home_crmrs_635060304/CREAM635060304/glide_A20792/execute/dir_22525/condor_exec.exe with 2 positional parameters: 41 1
Today is Tue Nov 27 03:13:06 EET 2012
Job submitted on host wn-v-5168.local
Linux wn-v-5168.local 2.6.32-042stab059.7 #1 SMP Tue Jul 24 19:12:01 MSK 2012 x86_64 x86_64 x86_64 GNU/Linux
>>> current directory (RUNTIME_AREA): /home/cms030/home_crmrs_635060304/CREAM635060304/glide_A20792/execute/dir_22525
>>> current user: uid=11030(cms030) gid=1400(cms) groups=1400(cms)
>>> voms proxy information:
subject   : /DC=ch/DC=cern/OU=Organic Units/OU=Users/CN=liis/CN=663550/CN=Liis Rebane/CN=proxy/CN=limited proxy
issuer    : /DC=ch/DC=cern/OU=Organic Units/OU=Users/CN=liis/CN=663550/CN=Liis Rebane/CN=proxy
identity  : /DC=ch/DC=cern/OU=Organic Units/OU=Users/CN=liis/CN=663550/CN=Liis Rebane/CN=proxy
type      : limited proxy
strength  : 512 bits
path      : /home/cms030/home_crmrs_635060304/CREAM635060304/glide_A20792/execute/dir_22525/x509up_u1000009
timeleft  : 23:58:55
key usage : Digital Signature, Key Encipherment, Data Encipherment
=== VO cms extension information ===
VO        : cms
subject   : /DC=ch/DC=cern/OU=Organic Units/OU=Users/CN=liis/CN=663550/CN=Liis Rebane
issuer    : /DC=ch/DC=cern/OU=computers/CN=lcg-voms.cern.ch
attribute : /cms/Role=NULL/Capability=NULL
timeleft  : 190:12:31
uri       : lcg-voms.cern.ch:15002
>>> tar xzf /home/cms030/home_crmrs_635060304/CREAM635060304/glide_A20792/execute/dir_22525/default.tgz :
Successful untar
>>> Include /home/cms030/home_crmrs_635060304/CREAM635060304/glide_A20792/execute/dir_22525 in PYTHONPATH:
strip arguments
env var CRAB_UNIQUE_JOB_ID set to: liis_crab_0_121127_014531_5zfp48_41_1_a99
out_files_41
>>> list of expected files on output sandbox
output files: optHistograms_41_1_a99.root crab_fjr_41.xml CMSSW_41.stdout CMSSW_41.stderr Watchdog_41.log.gz
>>> GridFlavour discovery: 
GridFlavour=LCG
>>> SyncSite discovery: 
SyncSite=T2_EE_Estonia
>>> SyncCE discovery: 
getting SyncCE from CE_ID
SyncCE=mars.hep.kbfi.ee:8443/cream-pbs-long
>>> info for dashboard:
***** Cat /home/cms030/home_crmrs_635060304/CREAM635060304/glide_A20792/execute/dir_22525/jobreport.txt *****
MonitorJobID=41_https://submit-2.t2.ucsd.edu//121127//17541.40
SyncGridJobId=https://submit-2.t2.ucsd.edu//121127//17541.40
MonitorID=liis_crab_0_121127_014531_5zfp48
GridFlavour=LCG
SyncSite=T2_EE_Estonia
SyncCE=mars.hep.kbfi.ee:8443/cream-pbs-long
***** End Cat jobreport *****
Parameters sent to Dashboard.
>>> setup environment
set SCRAM ARCH to slc5_amd64_gcc462
SCRAM_ARCH = slc5_amd64_gcc462
>>> setup CMS LCG environment:
set SCRAM ARCH and BUILD_ARCH to slc5_amd64_gcc462 ###
Sourcing environment... 
sourcing /cvmfs/cms.cern.ch/cmsset_default.sh
==> setup cms environment ok
>>> specific cmssw setup environment:
CMSSW_VERSION =  CMSSW_5_3_5
>>> current directory (SOFTWARE_DIR): /home/cms030/home_crmrs_635060304/CREAM635060304/glide_A20792/execute/dir_22525/CMSSW_5_3_5
PreserveSeeds: <>
IncrementSeeds:<>
{}
WNHostName=wn-v-5168.local
>>> info for dashboard:
***** Cat /home/cms030/home_crmrs_635060304/CREAM635060304/glide_A20792/execute/dir_22525/jobreport.txt *****
MonitorJobID=41_https://submit-2.t2.ucsd.edu//121127//17541.40
MonitorID=liis_crab_0_121127_014531_5zfp48
WNHostName=wn-v-5168.local
***** End Cat jobreport *****
Parameters sent to Dashboard.
crabWatchdog started as process 25337
>>> moving CMSSW software directories in /home/cms030/home_crmrs_635060304/CREAM635060304/glide_A20792/execute/dir_22525/CMSSW_5_3_5
mv: cannot stat `/home/cms030/home_crmrs_635060304/CREAM635060304/glide_A20792/execute/dir_22525/module/': No such file or directory
>>> Include /home/cms030/home_crmrs_635060304/CREAM635060304/glide_A20792/execute/dir_22525 in PYTHONPATH:
PYTHONPATH=/home/cms030/home_crmrs_635060304/CREAM635060304/glide_A20792/execute/dir_22525/:/home/cms030/home_crmrs_635060304/CREAM635060304/glide_A20792/execute/dir_22525/CMSSW_5_3_5/python:/home/cms030/home_crmrs_635060304/CREAM635060304/glide_A20792/execute/dir_22525/CMSSW_5_3_5/lib/slc5_amd64_gcc462:/cvmfs/cms.cern.ch/slc5_amd64_gcc462/cms/cmssw/CMSSW_5_3_5/python:/cvmfs/cms.cern.ch/slc5_amd64_gcc462/cms/cmssw/CMSSW_5_3_5/lib/slc5_amd64_gcc462:/cvmfs/cms.cern.ch/slc5_amd64_gcc462/cms/coral/CORAL_2_3_21-cms27/slc5_amd64_gcc462/python:/cvmfs/cms.cern.ch/slc5_amd64_gcc462/cms/coral/CORAL_2_3_21-cms27/slc5_amd64_gcc462/lib:/cvmfs/cms.cern.ch/slc5_amd64_gcc462/external/pyqt/4.8.1/lib/python2.6/site-packages:/cvmfs/cms.cern.ch/slc5_amd64_gcc462/external/py2-scipy/0.8.0/lib/python2.6/site-packages:/cvmfs/cms.cern.ch/slc5_amd64_gcc462/external/py2-matplotlib/1.0.1/lib/python2.6/site-packages:/cvmfs/cms.cern.ch/slc5_amd64_gcc462/external/python-ldap/2.3.5/lib/python2.6/site-packages:/cvmfs/cms.cern.ch/slc5_amd64_gcc462/external/sip/4.11.2/lib/python2.6/site-packages:/cvmfs/cms.cern.ch/slc5_amd64_gcc462/external/py2-pycurl/7.19.0/lib/python2.6/site-packages:/cvmfs/cms.cern.ch/slc5_amd64_gcc462/external/py2-numpy/1.6.1/lib/python2.6/site-packages:/cvmfs/cms.cern.ch/slc5_amd64_gcc462/external/py2-ipython/0.10/lib/python2.6/site-packages:/cvmfs/cms.cern.ch/slc5_amd64_gcc462/external/py2-cx-oracle/5.1-cms11/lib/python2.6/site-packages:/cvmfs/cms.cern.ch/slc5_amd64_gcc462/external/py2-cjson/1.0.5/lib/python2.6/site-packages:/cvmfs/cms.cern.ch/slc5_amd64_gcc462/cms/das-client/1.4.1-cms8/bin:/cvmfs/cms.cern.ch/slc5_amd64_gcc462/external/elementtree/1.2.6/share/lib/python2.6/site-packages:/cvmfs/cms.cern.ch/slc5_amd64_gcc462/external/rivet/1.5.1-cms10/lib/python2.6/site-packages:/cvmfs/cms.cern.ch/slc5_amd64_gcc462/external/pyminuit2/0.0.1-cms34/lib/python2.6/site-packages:/cvmfs/cms.cern.ch/slc5_amd64_gcc462/external/professor/1.0.0-cms35/lib/python2.6/site-packages:/cvmfs/cms.cern.ch/slc5_amd64_gcc462/lcg/root/5.32.00-cms18/lib:/cvmfs/cms.cern.ch/slc5_amd64_gcc462/cms/dbs-client/DBS_2_1_1_patch1_1/lib:/cvmfs/cms.cern.ch/slc5_amd64_gcc462/cms/dbs-client/DBS_2_1_1_patch1_1/lib/DBSAPI:/home/cms030/home_crmrs_635060304/CREAM635060304/glide_A20792/execute/dir_22525/
241a2a19cb7c5c8751ba22759ab3bdb0
PSETHASH = 241a2a19cb7c5c8751ba22759ab3bdb0
/home/cms030/home_crmrs_635060304/CREAM635060304/glide_A20792/execute/dir_22525/writeCfg.py pset.py pset.py
Importing .py file
Setting parameters
inputBlocks=/QCD_Pt_30_80_BCtoE_TuneZ2star_8TeV_pythia6/mario-Summer12-stop-pfele-step1-3d176ac8da5e9dff208d057f4733ca91/USER#d97a3142-53a9-416b-8276-adbbbd5961cf
inputFiles=/store/user/mario/QCD_Pt_30_80_BCtoE_TuneZ2star_8TeV_pythia6/Summer12-stop-pfele-step1/3d176ac8da5e9dff208d057f4733ca91/tuple_48_1_SVH.root;/store/user/mario/QCD_Pt_30_80_BCtoE_TuneZ2star_8TeV_pythia6/Summer12-stop-pfele-step1/3d176ac8da5e9dff208d057f4733ca91/tuple_52_1_1cb.root;/store/user/mario/QCD_Pt_30_80_BCtoE_TuneZ2star_8TeV_pythia6/Summer12-stop-pfele-step1/3d176ac8da5e9dff208d057f4733ca91/tuple_49_1_qVA.root;/store/user/mario/QCD_Pt_30_80_BCtoE_TuneZ2star_8TeV_pythia6/Summer12-stop-pfele-step1/3d176ac8da5e9dff208d057f4733ca91/tuple_50_1_EUQ.root;/store/user/mario/QCD_Pt_30_80_BCtoE_TuneZ2star_8TeV_pythia6/Summer12-stop-pfele-step1/3d176ac8da5e9dff208d057f4733ca91/tuple_51_1_fy4.root;/store/user/mario/QCD_Pt_30_80_BCtoE_TuneZ2star_8TeV_pythia6/Summer12-stop-pfele-step1/3d176ac8da5e9dff208d057f4733ca91/tuple_53_1_308.root
parentFiles=
lumisRange=
>>> Executable cmsRun
/cvmfs/cms.cern.ch/slc5_amd64_gcc462/cms/cmssw/CMSSW_5_3_5/bin/slc5_amd64_gcc462/cmsRun
ok executable found
>>> info for dashboard:
***** Cat /home/cms030/home_crmrs_635060304/CREAM635060304/glide_A20792/execute/dir_22525/jobreport.txt *****
MonitorJobID=41_https://submit-2.t2.ucsd.edu//121127//17541.40
MonitorID=liis_crab_0_121127_014531_5zfp48
ExeStart=cmsRun
***** End Cat jobreport *****
Parameters sent to Dashboard.
>>> cmsRun started at Tue Nov 27 01:13:32 UTC 2012
>>> cmsRun ended at Tue Nov 27 01:14:38 UTC 2012
>>> info for dashboard:
***** Cat /home/cms030/home_crmrs_635060304/CREAM635060304/glide_A20792/execute/dir_22525/jobreport.txt *****
MonitorJobID=41_https://submit-2.t2.ucsd.edu//121127//17541.40
MonitorID=liis_crab_0_121127_014531_5zfp48
ExeEnd=cmsRun
***** End Cat jobreport *****
Parameters sent to Dashboard.
TIME_EXE = 66 sec
>>> cmsRun wrote 41 lines of stdout+stderr
>>> START OF printout of 41 lines from stdout+stderr
27-Nov-2012 03:13:57 EET  Initiating request to open file file:/hdfs/cms/store/user/mario/QCD_Pt_30_80_BCtoE_TuneZ2star_8TeV_pythia6/Summer12-stop-pfele-step1/3d176ac8da5e9dff208d057f4733ca91/tuple_48_1_SVH.root
27-Nov-2012 03:14:03 EET  Successfully opened file file:/hdfs/cms/store/user/mario/QCD_Pt_30_80_BCtoE_TuneZ2star_8TeV_pythia6/Summer12-stop-pfele-step1/3d176ac8da5e9dff208d057f4733ca91/tuple_48_1_SVH.root
Begin processing the 1st record. Run 1, Event 865603499, LumiSection 4058 at 27-Nov-2012 03:14:10.318 EET
27-Nov-2012 03:14:12 EET  Closed file file:/hdfs/cms/store/user/mario/QCD_Pt_30_80_BCtoE_TuneZ2star_8TeV_pythia6/Summer12-stop-pfele-step1/3d176ac8da5e9dff208d057f4733ca91/tuple_48_1_SVH.root
27-Nov-2012 03:14:12 EET  Initiating request to open file file:/hdfs/cms/store/user/mario/QCD_Pt_30_80_BCtoE_TuneZ2star_8TeV_pythia6/Summer12-stop-pfele-step1/3d176ac8da5e9dff208d057f4733ca91/tuple_52_1_1cb.root
27-Nov-2012 03:14:13 EET  Successfully opened file file:/hdfs/cms/store/user/mario/QCD_Pt_30_80_BCtoE_TuneZ2star_8TeV_pythia6/Summer12-stop-pfele-step1/3d176ac8da5e9dff208d057f4733ca91/tuple_52_1_1cb.root
Begin processing the 1001st record. Run 1, Event 212556692, LumiSection 997 at 27-Nov-2012 03:14:18.826 EET
27-Nov-2012 03:14:19 EET  Closed file file:/hdfs/cms/store/user/mario/QCD_Pt_30_80_BCtoE_TuneZ2star_8TeV_pythia6/Summer12-stop-pfele-step1/3d176ac8da5e9dff208d057f4733ca91/tuple_52_1_1cb.root
27-Nov-2012 03:14:19 EET  Initiating request to open file file:/hdfs/cms/store/user/mario/QCD_Pt_30_80_BCtoE_TuneZ2star_8TeV_pythia6/Summer12-stop-pfele-step1/3d176ac8da5e9dff208d057f4733ca91/tuple_49_1_qVA.root
27-Nov-2012 03:14:19 EET  Successfully opened file file:/hdfs/cms/store/user/mario/QCD_Pt_30_80_BCtoE_TuneZ2star_8TeV_pythia6/Summer12-stop-pfele-step1/3d176ac8da5e9dff208d057f4733ca91/tuple_49_1_qVA.root
Begin processing the 2001st record. Run 1, Event 87863744, LumiSection 412 at 27-Nov-2012 03:14:24.673 EET
27-Nov-2012 03:14:25 EET  Closed file file:/hdfs/cms/store/user/mario/QCD_Pt_30_80_BCtoE_TuneZ2star_8TeV_pythia6/Summer12-stop-pfele-step1/3d176ac8da5e9dff208d057f4733ca91/tuple_49_1_qVA.root
27-Nov-2012 03:14:25 EET  Initiating request to open file file:/hdfs/cms/store/user/mario/QCD_Pt_30_80_BCtoE_TuneZ2star_8TeV_pythia6/Summer12-stop-pfele-step1/3d176ac8da5e9dff208d057f4733ca91/tuple_50_1_EUQ.root
27-Nov-2012 03:14:25 EET  Successfully opened file file:/hdfs/cms/store/user/mario/QCD_Pt_30_80_BCtoE_TuneZ2star_8TeV_pythia6/Summer12-stop-pfele-step1/3d176ac8da5e9dff208d057f4733ca91/tuple_50_1_EUQ.root
Begin processing the 3001st record. Run 1, Event 398661230, LumiSection 1869 at 27-Nov-2012 03:14:30.001 EET
27-Nov-2012 03:14:30 EET  Closed file file:/hdfs/cms/store/user/mario/QCD_Pt_30_80_BCtoE_TuneZ2star_8TeV_pythia6/Summer12-stop-pfele-step1/3d176ac8da5e9dff208d057f4733ca91/tuple_50_1_EUQ.root
27-Nov-2012 03:14:30 EET  Initiating request to open file file:/hdfs/cms/store/user/mario/QCD_Pt_30_80_BCtoE_TuneZ2star_8TeV_pythia6/Summer12-stop-pfele-step1/3d176ac8da5e9dff208d057f4733ca91/tuple_51_1_fy4.root
27-Nov-2012 03:14:30 EET  Successfully opened file file:/hdfs/cms/store/user/mario/QCD_Pt_30_80_BCtoE_TuneZ2star_8TeV_pythia6/Summer12-stop-pfele-step1/3d176ac8da5e9dff208d057f4733ca91/tuple_51_1_fy4.root
Begin processing the 4001st record. Run 1, Event 563412267, LumiSection 2641 at 27-Nov-2012 03:14:35.126 EET
27-Nov-2012 03:14:35 EET  Closed file file:/hdfs/cms/store/user/mario/QCD_Pt_30_80_BCtoE_TuneZ2star_8TeV_pythia6/Summer12-stop-pfele-step1/3d176ac8da5e9dff208d057f4733ca91/tuple_51_1_fy4.root
27-Nov-2012 03:14:35 EET  Initiating request to open file file:/hdfs/cms/store/user/mario/QCD_Pt_30_80_BCtoE_TuneZ2star_8TeV_pythia6/Summer12-stop-pfele-step1/3d176ac8da5e9dff208d057f4733ca91/tuple_53_1_308.root
27-Nov-2012 03:14:35 EET  Successfully opened file file:/hdfs/cms/store/user/mario/QCD_Pt_30_80_BCtoE_TuneZ2star_8TeV_pythia6/Summer12-stop-pfele-step1/3d176ac8da5e9dff208d057f4733ca91/tuple_53_1_308.root
27-Nov-2012 03:14:37 EET  Closed file file:/hdfs/cms/store/user/mario/QCD_Pt_30_80_BCtoE_TuneZ2star_8TeV_pythia6/Summer12-stop-pfele-step1/3d176ac8da5e9dff208d057f4733ca91/tuple_53_1_308.root

=============================================

MessageLogger Summary

 type     category        sev    module        subroutine        count    total
 ---- -------------------- -- ---------------- ----------------  -----    -----
    1 fileAction           -s file_close                             6        6
    2 fileAction           -s file_open                             12       12

 type    category    Examples: run/evt        run/evt          run/evt
 ---- -------------------- ---------------- ---------------- ----------------
    1 fileAction           PostProcessEvent PostProcessEvent PostEndRun
    2 fileAction           pre-events       pre-events       PostProcessEvent

Severity    # Occurrences   Total Occurrences
--------    -------------   -----------------
System                 18                  18
>>> END OF printout of 41 lines from stdout+stderr
>>> Parse FrameworkJobReport crab_fjr.xml
Result of parsing the FrameworkJobReport crab_fjr.xml: Popularity start
lumisRange : 1::::1;1::309,412,686,812,4064,4073,4095,4110,4144,4146,4148::2;1::152,298,397,458,840,857,959,997,1094,2716,2752::3;1::2164,2360,2410,2466,2489,2621,2640-2641,2684,2716::4;1::812,899,1082,1205,1314,1452,1735,1835,1869,2068,2164::5;1::4058,4064::6;
lumisParentRange : 
Basename : /store/user/mario/QCD_Pt_30_80_BCtoE_TuneZ2star_8TeV_pythia6/Summer12-stop-pfele-step1/3d176ac8da5e9dff208d057f4733ca91/tuple_
BasenameParent : 
parentFiles : 
inputBlocks : /QCD_Pt_30_80_BCtoE_TuneZ2star_8TeV_pythia6/mario-Summer12-stop-pfele-step1-3d176ac8da5e9dff208d057f4733ca91/USER#d97a3142-53a9-416b-8276-adbbbd5961cf
inputFiles : 53_1_308.root::1::EDM::Local::1;49_1_qVA.root::1::EDM::Local::2;52_1_1cb.root::1::EDM::Local::3;51_1_fy4.root::1::EDM::Local::4;50_1_EUQ.root::1::EDM::Local::5;48_1_SVH.root::1::EDM::Local::6;
Popularity stop
Extracted ExitStatus from FrameworkJobReport parsing output: 0
>>> Executable succeded  0
ExeExitCode=0
EXECUTABLE_EXIT_STATUS = 0
>>> current directory /home/cms030/home_crmrs_635060304/CREAM635060304/glide_A20792/execute/dir_22525/CMSSW_5_3_5
>>>  (SOFTWARE_DIR): /home/cms030/home_crmrs_635060304/CREAM635060304/glide_A20792/execute/dir_22525/CMSSW_5_3_5
>>> (WORKING_DIR): 
>>> current directory content:
total 144
drwxr-xr-x 3 cms030 cms  4096 Nov 27 03:13 .SCRAM
-rw-r--r-- 1 cms030 cms 30066 Nov 27 03:13 CMSSW.py.pkl
drwxr-xr-x 3 cms030 cms  4096 Nov 27 03:13 bin
drwxr-xr-x 3 cms030 cms  4096 Nov 27 03:13 cfipython
drwxr-xr-x 5 cms030 cms  4096 Nov 27 03:13 config
-rw-r--r-- 1 cms030 cms    15 Nov 27 03:14 cpu_timing.txt
drwxr-xr-x 2 cms030 cms  4096 Nov 27 03:13 doc
-rw-r--r-- 1 cms030 cms  5023 Nov 27 03:14 executable.out
drwxr-xr-x 2 cms030 cms  4096 Nov 27 03:13 include
drwxrwxrwx 3 cms030 cms  4096 Oct 22 16:38 lib
drwxr-xr-x 3 cms030 cms  4096 Nov 27 03:13 logs
drwxr-xr-x 3 cms030 cms  4096 Nov 27 03:13 objs
-rw-r--r-- 1 cms030 cms 16362 Nov 27 03:14 optHistograms.root
-rw-r--r-- 1 cms030 cms   104 Nov 27 03:13 pset.py
-rw-r--r-- 1 cms030 cms 19614 Nov 27 03:13 pset.py.pkl
-rw-r--r-- 1 cms030 cms   289 Nov 27 03:13 pset.pyc
drwxr-xr-x 2 cms030 cms  4096 Nov 27 03:13 python
-rw-r--r-- 1 cms030 cms   420 Nov 27 03:14 report.log
drwxrwxrwx 4 cms030 cms  4096 Nov 27 03:13 src
drwxr-xr-x 3 cms030 cms  4096 Nov 27 03:13 test
drwxr-xr-x 3 cms030 cms  4096 Nov 27 03:13 tmp
>>> current directory /home/cms030/home_crmrs_635060304/CREAM635060304/glide_A20792/execute/dir_22525/CMSSW_5_3_5
>>> (SOFTWARE_DIR): /home/cms030/home_crmrs_635060304/CREAM635060304/glide_A20792/execute/dir_22525/CMSSW_5_3_5
>>> (WORKING_DIR): 
>>> current directory content:
total 128
drwxr-xr-x 3 cms030 cms  4096 Nov 27 03:13 .SCRAM
-rw-r--r-- 1 cms030 cms 30066 Nov 27 03:13 CMSSW.py.pkl
drwxr-xr-x 3 cms030 cms  4096 Nov 27 03:13 bin
drwxr-xr-x 3 cms030 cms  4096 Nov 27 03:13 cfipython
drwxr-xr-x 5 cms030 cms  4096 Nov 27 03:13 config
-rw-r--r-- 1 cms030 cms    15 Nov 27 03:14 cpu_timing.txt
drwxr-xr-x 2 cms030 cms  4096 Nov 27 03:13 doc
-rw-r--r-- 1 cms030 cms  5023 Nov 27 03:14 executable.out
drwxr-xr-x 2 cms030 cms  4096 Nov 27 03:13 include
drwxrwxrwx 3 cms030 cms  4096 Oct 22 16:38 lib
drwxr-xr-x 3 cms030 cms  4096 Nov 27 03:13 logs
drwxr-xr-x 3 cms030 cms  4096 Nov 27 03:13 objs
-rw-r--r-- 1 cms030 cms   104 Nov 27 03:13 pset.py
-rw-r--r-- 1 cms030 cms 19614 Nov 27 03:13 pset.py.pkl
-rw-r--r-- 1 cms030 cms   289 Nov 27 03:13 pset.pyc
drwxr-xr-x 2 cms030 cms  4096 Nov 27 03:13 python
-rw-r--r-- 1 cms030 cms   420 Nov 27 03:14 report.log
drwxrwxrwx 4 cms030 cms  4096 Nov 27 03:13 src
drwxr-xr-x 3 cms030 cms  4096 Nov 27 03:13 test
drwxr-xr-x 3 cms030 cms  4096 Nov 27 03:13 tmp
>>> current directory (RUNTIME_AREA):  /home/cms030/home_crmrs_635060304/CREAM635060304/glide_A20792/execute/dir_22525
>>> current dir: /home/cms030/home_crmrs_635060304/CREAM635060304/glide_A20792/execute/dir_22525
>>> current dir content:
total 25756
-rw-rw-rw-  1 cms030 cms     5601 Nov 27 03:13 .job.ad
-rw-rw-rw-  1 cms030 cms    11525 Nov 27 03:13 .machine.ad
-rw-rw-rw-  1 cms030 cms      105 Nov 27 01:45 CMSSW.py
-rw-rw-rw-  1 cms030 cms    30066 Nov 27 01:45 CMSSW.py.pkl
-rwxrw-rw-  1 cms030 cms    23327 Nov 27 03:13 CMSSW.sh
-rw-rw-rw-  1 cms030 cms        0 Nov 27 03:13 CMSSW_41.stderr
-rw-rw-rw-  1 cms030 cms    17424 Nov 27 03:14 CMSSW_41.stdout
drwxr-xr-x 15 cms030 cms     4096 Nov 27 03:14 CMSSW_5_3_5
-rw-r--r--  1 cms030 cms      347 Nov 27 03:13 CacheEnv.sh
-rw-rw-rw-  1 cms030 cms     7291 Jun  9  2010 DashboardAPI.py
-rw-r--r--  1 cms030 cms     6883 Nov 27 03:13 DashboardAPI.pyc
drwxrwxrwx  3 cms030 cms     4096 Nov 27 03:14 IMProv
-rw-rw-rw-  1 cms030 cms     2748 Mar  8  2006 Logger.py
-rw-r--r--  1 cms030 cms     3353 Nov 27 03:13 Logger.pyc
-rw-rw-rw-  1 cms030 cms    24524 Mar 28  2008 ProcInfo.py
-rw-r--r--  1 cms030 cms    23470 Nov 27 03:13 ProcInfo.pyc
drwxrwxrwx  7 cms030 cms     4096 Nov 27 03:13 ProdCommon
drwxrwxrwx  3 cms030 cms     4096 Nov 27 03:13 WMCore
-rw-r--r--  1 cms030 cms     1349 Nov 27 03:14 Watchdog_41.log
-rw-rw-rw-  1 cms030 cms    32895 Mar 28  2008 apmon.py
-rw-r--r--  1 cms030 cms    28874 Nov 27 03:13 apmon.pyc
-rw-rw-rw-  1 cms030 cms    96530 Nov 27 03:13 arguments.xml
-rwxrwxrwx  1 cms030 cms    37427 Sep 13 14:14 cmscp.py
-rwxrwxrwx  1 cms030 cms    23327 Nov 27 03:13 condor_exec.exe
-rw-rw-rw-  1 cms030 cms      539 Nov 27 01:45 crab.cfg
-rwxrwxrwx  1 cms030 cms     9531 Sep 20 21:46 crabWatchdog.sh
-rw-r--r--  1 cms030 cms    33547 Nov 27 03:14 crab_fjr_41.xml
-rw-rw-rw-  1 cms030 cms 25796284 Nov 27 03:13 default.tgz
-rwxrwxrwx  1 cms030 cms     4488 May 12  2012 fillCrabFjr.py
-rw-r--r--  1 cms030 cms     1039 Nov 27 03:13 inputsReport.txt
-rw-r--r--  1 cms030 cms      131 Nov 27 03:14 jobreport.txt
lrwxrwxrwx  1 cms030 cms      107 Nov 27 03:14 optHistograms.root -> /home/cms030/home_crmrs_635060304/CREAM635060304/glide_A20792/execute/dir_22525/optHistograms_41_1_a99.root
-rw-r--r--  1 cms030 cms    16362 Nov 27 03:14 optHistograms_41_1_a99.root
-rw-rw-rw-  1 cms030 cms    17352 Jan 20  2012 parseCrabFjr.py
-rw-r--r--  1 cms030 cms      283 Nov 27 03:13 report.log
-rwxrwxrwx  1 cms030 cms     1497 May 27  2009 report.py
-rwxrwxrwx  1 cms030 cms     8387 Mar 23  2011 writeCfg.py
-rw-------  1 cms030 cms     8691 Nov 27 03:13 x509up_u1000009
Checking output files:  
will tar file optHistograms_41_1_a99.root in  out_files_41
will tar file crab_fjr_41.xml in  out_files_41
will tar file CMSSW_41.stdout in  out_files_41
will tar file CMSSW_41.stderr in  out_files_41
WARNING: output file Watchdog_41.log.gz not found!
>>> padding time: Sleeping the wrapper for 491 seconds
STOPPING WATCHDOG. CrabWatchdog PID is 25337
********** LAST 50 LINES OF WATCHDOG LOG
# RESOURCE USAGE SUMMARY FOR PROCESS ID 23221
USER       PID %CPU %MEM    VSZ   RSS TTY      STAT START   TIME COMMAND
cms030   23221  0.3  0.0   8956  1488 ?        S    03:13   0:00 /bin/sh /home/cms030/home_crmrs_635060304/CREAM635060304/glide_A20792/execute/dir_22525/condor_exec.exe 41 1
 
# LIMITS USED BY THIS WATCHDOG:
# RSS  (KBytes)  : 2300000
# VSZ  (KBytes)  : 100000000
# DISK (MBytes)  : 19000
# CPU  (seconds) : 171600
# WALL (seconds) : 171600
 
# FOLLOWING PRINTOUT TRACKS MAXIMUM VALUES OF RESOURCES USE
# ONE LINE IS PRINTED EACH TIME A MAXIMUM CHANGES
# IF CHANGE WAS IN RSS OR VSZ ALSO PROCID AND COMMAND ARE PRINTED
# THERE IS NO PRINTOUT FOR CPU/WALL TIME INCREASE
 
# TIME			PID	RSS(KB)	VSZ(KB)	Dsk(MB)	tCPU(s)	tWALL(s)	COMMAND
 Nov 27 03:13:16 EET	1007	5972	9640	0	1	2916	/home/cms030/home_crmrs_635060304/CREAM635060304/glide_A20792/main/condor/sbin/condor_master -f -pidfile /home/cms030/home_crmrs_635060304/CREAM635060304/glide_A20792/condor_master2.pid      
 Nov 27 03:13:16 EET	20682	5972	25504	0	0	2939	perl -e ?use Socket;??sub send_notify {? $cream_url = "193.40.150.251:49152";die "No
 Nov 27 03:13:16 EET	---	5972	25504	168	----	----	----
 Nov 27 03:14:24 EET	28287	339768	547944	168	24	58	cmsRun -j /home/cms030/home_crmrs_635060304/CREAM635060304/glide_A20792/execute/dir_22525/crab_fjr_41.xml -p pset.py     
 Nov 27 03:15:30 EET	---	339768	547944	169	----	----	----
********** WATCHDOG LOG ENDED
ZIPPING WATCHDOG LOG
Disk space used:
du -sh /home/cms030/home_crmrs_635060304/CREAM635060304/glide_A20792/execute/dir_22525
169M	/home/cms030/home_crmrs_635060304/CREAM635060304/glide_A20792/execute/dir_22525
>>> info for dashboard:
***** Cat /home/cms030/home_crmrs_635060304/CREAM635060304/glide_A20792/execute/dir_22525/jobreport.txt *****
MonitorJobID=41_https://submit-2.t2.ucsd.edu//121127//17541.40
MonitorID=liis_crab_0_121127_014531_5zfp48
ExeTime=66
ExeExitCode=0
CrabUserCpuTime=23.97
CrabSysCpuTime=5.69
CrabCpuPercentage=44%
CrabWrapperTime=600
CrabStageoutTime=NULL
***** End Cat jobreport *****
Parameters sent to Dashboard.
optHistograms_41_1_a99.root
crab_fjr_41.xml
CMSSW_41.stdout
CMSSW_41.stderr
Watchdog_41.log.gz
tar: .BrokerInfo: Cannot stat: No such file or directory
tar: Error exit delayed from previous errors
Total Output dimension: 17672
WARNING: output files size limit is set to: 50000000
Total Output dimension 17672 is fine.
JOB_EXIT_STATUS = 0
>>> info for dashboard:
***** Cat /home/cms030/home_crmrs_635060304/CREAM635060304/glide_A20792/execute/dir_22525/jobreport.txt *****
MonitorJobID=41_https://submit-2.t2.ucsd.edu//121127//17541.40
MonitorID=liis_crab_0_121127_014531_5zfp48
JobExitCode=0
***** End Cat jobreport *****
Parameters sent to Dashboard.
optHistograms_41_1_a99.root
crab_fjr_41.xml
