This script was generated by crab (version 2.8.3).
Running /home/cms067/home_creur_944618455/CREAM944618455/glide_x31459/execute/dir_13067/condor_exec.exe with 2 positional parameters: 97 1
Today is Tue Nov 27 03:13:49 EET 2012
Job submitted on host wn-v-2792.local
Linux wn-v-2792.local 2.6.32-042stab059.7 #1 SMP Tue Jul 24 19:12:01 MSK 2012 x86_64 x86_64 x86_64 GNU/Linux
>>> current directory (RUNTIME_AREA): /home/cms067/home_creur_944618455/CREAM944618455/glide_x31459/execute/dir_13067
>>> current user: uid=11067(cms067) gid=1400(cms) groups=1400(cms)
>>> voms proxy information:
subject   : /DC=ch/DC=cern/OU=Organic Units/OU=Users/CN=liis/CN=663550/CN=Liis Rebane/CN=proxy/CN=limited proxy
issuer    : /DC=ch/DC=cern/OU=Organic Units/OU=Users/CN=liis/CN=663550/CN=Liis Rebane/CN=proxy
identity  : /DC=ch/DC=cern/OU=Organic Units/OU=Users/CN=liis/CN=663550/CN=Liis Rebane/CN=proxy
type      : limited proxy
strength  : 512 bits
path      : /home/cms067/home_creur_944618455/CREAM944618455/glide_x31459/execute/dir_13067/x509up_u1000009
timeleft  : 23:59:48
key usage : Digital Signature, Key Encipherment, Data Encipherment
=== VO cms extension information ===
VO        : cms
subject   : /DC=ch/DC=cern/OU=Organic Units/OU=Users/CN=liis/CN=663550/CN=Liis Rebane
issuer    : /DC=ch/DC=cern/OU=computers/CN=lcg-voms.cern.ch
attribute : /cms/Role=NULL/Capability=NULL
timeleft  : 190:11:48
uri       : lcg-voms.cern.ch:15002
>>> tar xzf /home/cms067/home_creur_944618455/CREAM944618455/glide_x31459/execute/dir_13067/default.tgz :
Successful untar
>>> Include /home/cms067/home_creur_944618455/CREAM944618455/glide_x31459/execute/dir_13067 in PYTHONPATH:
strip arguments
env var CRAB_UNIQUE_JOB_ID set to: liis_crab_0_121127_014531_5zfp48_97_1_BDK
out_files_97
>>> list of expected files on output sandbox
output files: optHistograms_97_1_BDK.root crab_fjr_97.xml CMSSW_97.stdout CMSSW_97.stderr Watchdog_97.log.gz
>>> GridFlavour discovery: 
GridFlavour=LCG
>>> SyncSite discovery: 
SyncSite=T2_EE_Estonia
>>> SyncCE discovery: 
getting SyncCE from CE_ID
SyncCE=europa.hep.kbfi.ee:8443/cream-pbs-long
>>> info for dashboard:
***** Cat /home/cms067/home_creur_944618455/CREAM944618455/glide_x31459/execute/dir_13067/jobreport.txt *****
MonitorJobID=97_https://submit-2.t2.ucsd.edu//121127//17541.96
SyncGridJobId=https://submit-2.t2.ucsd.edu//121127//17541.96
MonitorID=liis_crab_0_121127_014531_5zfp48
GridFlavour=LCG
SyncSite=T2_EE_Estonia
SyncCE=europa.hep.kbfi.ee:8443/cream-pbs-long
***** End Cat jobreport *****
Parameters sent to Dashboard.
>>> setup environment
set SCRAM ARCH to slc5_amd64_gcc462
SCRAM_ARCH = slc5_amd64_gcc462
>>> setup CMS LCG environment:
set SCRAM ARCH and BUILD_ARCH to slc5_amd64_gcc462 ###
Sourcing environment... 
sourcing /cvmfs/cms.cern.ch/cmsset_default.sh
==> setup cms environment ok
>>> specific cmssw setup environment:
CMSSW_VERSION =  CMSSW_5_3_5
>>> current directory (SOFTWARE_DIR): /home/cms067/home_creur_944618455/CREAM944618455/glide_x31459/execute/dir_13067/CMSSW_5_3_5
PreserveSeeds: <>
IncrementSeeds:<>
{}
WNHostName=wn-v-2792.local
>>> info for dashboard:
***** Cat /home/cms067/home_creur_944618455/CREAM944618455/glide_x31459/execute/dir_13067/jobreport.txt *****
MonitorJobID=97_https://submit-2.t2.ucsd.edu//121127//17541.96
MonitorID=liis_crab_0_121127_014531_5zfp48
WNHostName=wn-v-2792.local
***** End Cat jobreport *****
Parameters sent to Dashboard.
crabWatchdog started as process 14478
>>> moving CMSSW software directories in /home/cms067/home_creur_944618455/CREAM944618455/glide_x31459/execute/dir_13067/CMSSW_5_3_5
mv: cannot stat `/home/cms067/home_creur_944618455/CREAM944618455/glide_x31459/execute/dir_13067/module/': No such file or directory
>>> Include /home/cms067/home_creur_944618455/CREAM944618455/glide_x31459/execute/dir_13067 in PYTHONPATH:
PYTHONPATH=/home/cms067/home_creur_944618455/CREAM944618455/glide_x31459/execute/dir_13067/:/home/cms067/home_creur_944618455/CREAM944618455/glide_x31459/execute/dir_13067/CMSSW_5_3_5/python:/home/cms067/home_creur_944618455/CREAM944618455/glide_x31459/execute/dir_13067/CMSSW_5_3_5/lib/slc5_amd64_gcc462:/cvmfs/cms.cern.ch/slc5_amd64_gcc462/cms/cmssw/CMSSW_5_3_5/python:/cvmfs/cms.cern.ch/slc5_amd64_gcc462/cms/cmssw/CMSSW_5_3_5/lib/slc5_amd64_gcc462:/cvmfs/cms.cern.ch/slc5_amd64_gcc462/cms/coral/CORAL_2_3_21-cms27/slc5_amd64_gcc462/python:/cvmfs/cms.cern.ch/slc5_amd64_gcc462/cms/coral/CORAL_2_3_21-cms27/slc5_amd64_gcc462/lib:/cvmfs/cms.cern.ch/slc5_amd64_gcc462/external/pyqt/4.8.1/lib/python2.6/site-packages:/cvmfs/cms.cern.ch/slc5_amd64_gcc462/external/py2-scipy/0.8.0/lib/python2.6/site-packages:/cvmfs/cms.cern.ch/slc5_amd64_gcc462/external/py2-matplotlib/1.0.1/lib/python2.6/site-packages:/cvmfs/cms.cern.ch/slc5_amd64_gcc462/external/python-ldap/2.3.5/lib/python2.6/site-packages:/cvmfs/cms.cern.ch/slc5_amd64_gcc462/external/sip/4.11.2/lib/python2.6/site-packages:/cvmfs/cms.cern.ch/slc5_amd64_gcc462/external/py2-pycurl/7.19.0/lib/python2.6/site-packages:/cvmfs/cms.cern.ch/slc5_amd64_gcc462/external/py2-numpy/1.6.1/lib/python2.6/site-packages:/cvmfs/cms.cern.ch/slc5_amd64_gcc462/external/py2-ipython/0.10/lib/python2.6/site-packages:/cvmfs/cms.cern.ch/slc5_amd64_gcc462/external/py2-cx-oracle/5.1-cms11/lib/python2.6/site-packages:/cvmfs/cms.cern.ch/slc5_amd64_gcc462/external/py2-cjson/1.0.5/lib/python2.6/site-packages:/cvmfs/cms.cern.ch/slc5_amd64_gcc462/cms/das-client/1.4.1-cms8/bin:/cvmfs/cms.cern.ch/slc5_amd64_gcc462/external/elementtree/1.2.6/share/lib/python2.6/site-packages:/cvmfs/cms.cern.ch/slc5_amd64_gcc462/external/rivet/1.5.1-cms10/lib/python2.6/site-packages:/cvmfs/cms.cern.ch/slc5_amd64_gcc462/external/pyminuit2/0.0.1-cms34/lib/python2.6/site-packages:/cvmfs/cms.cern.ch/slc5_amd64_gcc462/external/professor/1.0.0-cms35/lib/python2.6/site-packages:/cvmfs/cms.cern.ch/slc5_amd64_gcc462/lcg/root/5.32.00-cms18/lib:/cvmfs/cms.cern.ch/slc5_amd64_gcc462/cms/dbs-client/DBS_2_1_1_patch1_1/lib:/cvmfs/cms.cern.ch/slc5_amd64_gcc462/cms/dbs-client/DBS_2_1_1_patch1_1/lib/DBSAPI:/home/cms067/home_creur_944618455/CREAM944618455/glide_x31459/execute/dir_13067/
241a2a19cb7c5c8751ba22759ab3bdb0
PSETHASH = 241a2a19cb7c5c8751ba22759ab3bdb0
/home/cms067/home_creur_944618455/CREAM944618455/glide_x31459/execute/dir_13067/writeCfg.py pset.py pset.py
Importing .py file
Setting parameters
inputBlocks=/QCD_Pt_30_80_BCtoE_TuneZ2star_8TeV_pythia6/mario-Summer12-stop-pfele-step1-3d176ac8da5e9dff208d057f4733ca91/USER#d97a3142-53a9-416b-8276-adbbbd5961cf
inputFiles=/store/user/mario/QCD_Pt_30_80_BCtoE_TuneZ2star_8TeV_pythia6/Summer12-stop-pfele-step1/3d176ac8da5e9dff208d057f4733ca91/tuple_27_1_Mlm.root;/store/user/mario/QCD_Pt_30_80_BCtoE_TuneZ2star_8TeV_pythia6/Summer12-stop-pfele-step1/3d176ac8da5e9dff208d057f4733ca91/tuple_28_1_1pz.root;/store/user/mario/QCD_Pt_30_80_BCtoE_TuneZ2star_8TeV_pythia6/Summer12-stop-pfele-step1/3d176ac8da5e9dff208d057f4733ca91/tuple_29_1_ddB.root;/store/user/mario/QCD_Pt_30_80_BCtoE_TuneZ2star_8TeV_pythia6/Summer12-stop-pfele-step1/3d176ac8da5e9dff208d057f4733ca91/tuple_30_1_mzD.root;/store/user/mario/QCD_Pt_30_80_BCtoE_TuneZ2star_8TeV_pythia6/Summer12-stop-pfele-step1/3d176ac8da5e9dff208d057f4733ca91/tuple_31_1_4tj.root
parentFiles=
lumisRange=
>>> Executable cmsRun
/cvmfs/cms.cern.ch/slc5_amd64_gcc462/cms/cmssw/CMSSW_5_3_5/bin/slc5_amd64_gcc462/cmsRun
ok executable found
>>> info for dashboard:
***** Cat /home/cms067/home_creur_944618455/CREAM944618455/glide_x31459/execute/dir_13067/jobreport.txt *****
MonitorJobID=97_https://submit-2.t2.ucsd.edu//121127//17541.96
MonitorID=liis_crab_0_121127_014531_5zfp48
ExeStart=cmsRun
***** End Cat jobreport *****
Parameters sent to Dashboard.
>>> cmsRun started at Tue Nov 27 01:14:07 UTC 2012
>>> cmsRun ended at Tue Nov 27 01:15:02 UTC 2012
>>> info for dashboard:
***** Cat /home/cms067/home_creur_944618455/CREAM944618455/glide_x31459/execute/dir_13067/jobreport.txt *****
MonitorJobID=97_https://submit-2.t2.ucsd.edu//121127//17541.96
MonitorID=liis_crab_0_121127_014531_5zfp48
ExeEnd=cmsRun
***** End Cat jobreport *****
Parameters sent to Dashboard.
TIME_EXE = 55 sec
>>> cmsRun wrote 38 lines of stdout+stderr
>>> START OF printout of 38 lines from stdout+stderr
27-Nov-2012 03:14:21 EET  Initiating request to open file file:/hdfs/cms/store/user/mario/QCD_Pt_30_80_BCtoE_TuneZ2star_8TeV_pythia6/Summer12-stop-pfele-step1/3d176ac8da5e9dff208d057f4733ca91/tuple_27_1_Mlm.root
27-Nov-2012 03:14:31 EET  Successfully opened file file:/hdfs/cms/store/user/mario/QCD_Pt_30_80_BCtoE_TuneZ2star_8TeV_pythia6/Summer12-stop-pfele-step1/3d176ac8da5e9dff208d057f4733ca91/tuple_27_1_Mlm.root
Begin processing the 1st record. Run 1, Event 62841097, LumiSection 295 at 27-Nov-2012 03:14:37.882 EET
27-Nov-2012 03:14:41 EET  Closed file file:/hdfs/cms/store/user/mario/QCD_Pt_30_80_BCtoE_TuneZ2star_8TeV_pythia6/Summer12-stop-pfele-step1/3d176ac8da5e9dff208d057f4733ca91/tuple_27_1_Mlm.root
27-Nov-2012 03:14:41 EET  Initiating request to open file file:/hdfs/cms/store/user/mario/QCD_Pt_30_80_BCtoE_TuneZ2star_8TeV_pythia6/Summer12-stop-pfele-step1/3d176ac8da5e9dff208d057f4733ca91/tuple_28_1_1pz.root
27-Nov-2012 03:14:41 EET  Successfully opened file file:/hdfs/cms/store/user/mario/QCD_Pt_30_80_BCtoE_TuneZ2star_8TeV_pythia6/Summer12-stop-pfele-step1/3d176ac8da5e9dff208d057f4733ca91/tuple_28_1_1pz.root
Begin processing the 1001st record. Run 1, Event 389777249, LumiSection 1828 at 27-Nov-2012 03:14:44.885 EET
27-Nov-2012 03:14:46 EET  Closed file file:/hdfs/cms/store/user/mario/QCD_Pt_30_80_BCtoE_TuneZ2star_8TeV_pythia6/Summer12-stop-pfele-step1/3d176ac8da5e9dff208d057f4733ca91/tuple_28_1_1pz.root
27-Nov-2012 03:14:46 EET  Initiating request to open file file:/hdfs/cms/store/user/mario/QCD_Pt_30_80_BCtoE_TuneZ2star_8TeV_pythia6/Summer12-stop-pfele-step1/3d176ac8da5e9dff208d057f4733ca91/tuple_29_1_ddB.root
27-Nov-2012 03:14:46 EET  Successfully opened file file:/hdfs/cms/store/user/mario/QCD_Pt_30_80_BCtoE_TuneZ2star_8TeV_pythia6/Summer12-stop-pfele-step1/3d176ac8da5e9dff208d057f4733ca91/tuple_29_1_ddB.root
Begin processing the 2001st record. Run 1, Event 6792961, LumiSection 32 at 27-Nov-2012 03:14:50.117 EET
27-Nov-2012 03:14:51 EET  Closed file file:/hdfs/cms/store/user/mario/QCD_Pt_30_80_BCtoE_TuneZ2star_8TeV_pythia6/Summer12-stop-pfele-step1/3d176ac8da5e9dff208d057f4733ca91/tuple_29_1_ddB.root
27-Nov-2012 03:14:51 EET  Initiating request to open file file:/hdfs/cms/store/user/mario/QCD_Pt_30_80_BCtoE_TuneZ2star_8TeV_pythia6/Summer12-stop-pfele-step1/3d176ac8da5e9dff208d057f4733ca91/tuple_30_1_mzD.root
27-Nov-2012 03:14:51 EET  Successfully opened file file:/hdfs/cms/store/user/mario/QCD_Pt_30_80_BCtoE_TuneZ2star_8TeV_pythia6/Summer12-stop-pfele-step1/3d176ac8da5e9dff208d057f4733ca91/tuple_30_1_mzD.root
Begin processing the 3001st record. Run 1, Event 134778584, LumiSection 632 at 27-Nov-2012 03:14:55.605 EET
27-Nov-2012 03:14:57 EET  Closed file file:/hdfs/cms/store/user/mario/QCD_Pt_30_80_BCtoE_TuneZ2star_8TeV_pythia6/Summer12-stop-pfele-step1/3d176ac8da5e9dff208d057f4733ca91/tuple_30_1_mzD.root
27-Nov-2012 03:14:57 EET  Initiating request to open file file:/hdfs/cms/store/user/mario/QCD_Pt_30_80_BCtoE_TuneZ2star_8TeV_pythia6/Summer12-stop-pfele-step1/3d176ac8da5e9dff208d057f4733ca91/tuple_31_1_4tj.root
27-Nov-2012 03:14:57 EET  Successfully opened file file:/hdfs/cms/store/user/mario/QCD_Pt_30_80_BCtoE_TuneZ2star_8TeV_pythia6/Summer12-stop-pfele-step1/3d176ac8da5e9dff208d057f4733ca91/tuple_31_1_4tj.root
Begin processing the 4001st record. Run 1, Event 358112963, LumiSection 1679 at 27-Nov-2012 03:15:00.750 EET
27-Nov-2012 03:15:01 EET  Closed file file:/hdfs/cms/store/user/mario/QCD_Pt_30_80_BCtoE_TuneZ2star_8TeV_pythia6/Summer12-stop-pfele-step1/3d176ac8da5e9dff208d057f4733ca91/tuple_31_1_4tj.root

=============================================

MessageLogger Summary

 type     category        sev    module        subroutine        count    total
 ---- -------------------- -- ---------------- ----------------  -----    -----
    1 fileAction           -s file_close                             5        5
    2 fileAction           -s file_open                             10       10

 type    category    Examples: run/evt        run/evt          run/evt
 ---- -------------------- ---------------- ---------------- ----------------
    1 fileAction           PostProcessEvent PostProcessEvent PostEndRun
    2 fileAction           pre-events       pre-events       PostProcessEvent

Severity    # Occurrences   Total Occurrences
--------    -------------   -----------------
System                 15                  15
>>> END OF printout of 38 lines from stdout+stderr
>>> Parse FrameworkJobReport crab_fjr.xml
Result of parsing the FrameworkJobReport crab_fjr.xml: Popularity start
lumisRange : 1::212,242,399,403,632,635,990,1013,1080,1099,1207::1;1::32,48,59,114-115,201,212,2212,2255,2303::2;1::295,628,893,947,986,1166,1689::3;1::1689,1732,1754,1764,1828,1891,1919,1967,2065,2075,2212::4;1::1207,1512,1629,1679,1690,1818::5;
lumisParentRange : 
Basename : /store/user/mario/QCD_Pt_30_80_BCtoE_TuneZ2star_8TeV_pythia6/Summer12-stop-pfele-step1/3d176ac8da5e9dff208d057f4733ca91/tuple_
BasenameParent : 
parentFiles : 
inputBlocks : /QCD_Pt_30_80_BCtoE_TuneZ2star_8TeV_pythia6/mario-Summer12-stop-pfele-step1-3d176ac8da5e9dff208d057f4733ca91/USER#d97a3142-53a9-416b-8276-adbbbd5961cf
inputFiles : 30_1_mzD.root::1::EDM::Local::1;29_1_ddB.root::1::EDM::Local::2;27_1_Mlm.root::1::EDM::Local::3;28_1_1pz.root::1::EDM::Local::4;31_1_4tj.root::1::EDM::Local::5;
Popularity stop
Extracted ExitStatus from FrameworkJobReport parsing output: 0
>>> Executable succeded  0
ExeExitCode=0
EXECUTABLE_EXIT_STATUS = 0
>>> current directory /home/cms067/home_creur_944618455/CREAM944618455/glide_x31459/execute/dir_13067/CMSSW_5_3_5
>>>  (SOFTWARE_DIR): /home/cms067/home_creur_944618455/CREAM944618455/glide_x31459/execute/dir_13067/CMSSW_5_3_5
>>> (WORKING_DIR): 
>>> current directory content:
total 144
drwxr-xr-x 3 cms067 cms  4096 Nov 27 03:13 .SCRAM
-rw-r--r-- 1 cms067 cms 30066 Nov 27 03:13 CMSSW.py.pkl
drwxr-xr-x 3 cms067 cms  4096 Nov 27 03:13 bin
drwxr-xr-x 3 cms067 cms  4096 Nov 27 03:13 cfipython
drwxr-xr-x 5 cms067 cms  4096 Nov 27 03:13 config
-rw-r--r-- 1 cms067 cms    15 Nov 27 03:15 cpu_timing.txt
drwxr-xr-x 2 cms067 cms  4096 Nov 27 03:13 doc
-rw-r--r-- 1 cms067 cms  4410 Nov 27 03:15 executable.out
drwxr-xr-x 2 cms067 cms  4096 Nov 27 03:13 include
drwxrwxrwx 3 cms067 cms  4096 Oct 22 16:38 lib
drwxr-xr-x 3 cms067 cms  4096 Nov 27 03:13 logs
drwxr-xr-x 3 cms067 cms  4096 Nov 27 03:13 objs
-rw-r--r-- 1 cms067 cms 16374 Nov 27 03:15 optHistograms.root
-rw-r--r-- 1 cms067 cms   104 Nov 27 03:14 pset.py
-rw-r--r-- 1 cms067 cms 19465 Nov 27 03:14 pset.py.pkl
-rw-r--r-- 1 cms067 cms   289 Nov 27 03:14 pset.pyc
drwxr-xr-x 2 cms067 cms  4096 Nov 27 03:13 python
-rw-r--r-- 1 cms067 cms   420 Nov 27 03:15 report.log
drwxrwxrwx 4 cms067 cms  4096 Nov 27 03:13 src
drwxr-xr-x 3 cms067 cms  4096 Nov 27 03:13 test
drwxr-xr-x 3 cms067 cms  4096 Nov 27 03:13 tmp
>>> current directory /home/cms067/home_creur_944618455/CREAM944618455/glide_x31459/execute/dir_13067/CMSSW_5_3_5
>>> (SOFTWARE_DIR): /home/cms067/home_creur_944618455/CREAM944618455/glide_x31459/execute/dir_13067/CMSSW_5_3_5
>>> (WORKING_DIR): 
>>> current directory content:
total 128
drwxr-xr-x 3 cms067 cms  4096 Nov 27 03:13 .SCRAM
-rw-r--r-- 1 cms067 cms 30066 Nov 27 03:13 CMSSW.py.pkl
drwxr-xr-x 3 cms067 cms  4096 Nov 27 03:13 bin
drwxr-xr-x 3 cms067 cms  4096 Nov 27 03:13 cfipython
drwxr-xr-x 5 cms067 cms  4096 Nov 27 03:13 config
-rw-r--r-- 1 cms067 cms    15 Nov 27 03:15 cpu_timing.txt
drwxr-xr-x 2 cms067 cms  4096 Nov 27 03:13 doc
-rw-r--r-- 1 cms067 cms  4410 Nov 27 03:15 executable.out
drwxr-xr-x 2 cms067 cms  4096 Nov 27 03:13 include
drwxrwxrwx 3 cms067 cms  4096 Oct 22 16:38 lib
drwxr-xr-x 3 cms067 cms  4096 Nov 27 03:13 logs
drwxr-xr-x 3 cms067 cms  4096 Nov 27 03:13 objs
-rw-r--r-- 1 cms067 cms   104 Nov 27 03:14 pset.py
-rw-r--r-- 1 cms067 cms 19465 Nov 27 03:14 pset.py.pkl
-rw-r--r-- 1 cms067 cms   289 Nov 27 03:14 pset.pyc
drwxr-xr-x 2 cms067 cms  4096 Nov 27 03:13 python
-rw-r--r-- 1 cms067 cms   420 Nov 27 03:15 report.log
drwxrwxrwx 4 cms067 cms  4096 Nov 27 03:13 src
drwxr-xr-x 3 cms067 cms  4096 Nov 27 03:13 test
drwxr-xr-x 3 cms067 cms  4096 Nov 27 03:13 tmp
>>> current directory (RUNTIME_AREA):  /home/cms067/home_creur_944618455/CREAM944618455/glide_x31459/execute/dir_13067
>>> current dir: /home/cms067/home_creur_944618455/CREAM944618455/glide_x31459/execute/dir_13067
>>> current dir content:
total 25752
-rw-rw-rw-  1 cms067 cms     5614 Nov 27 03:13 .job.ad
-rw-rw-rw-  1 cms067 cms    11561 Nov 27 03:13 .machine.ad
-rw-rw-rw-  1 cms067 cms      105 Nov 27 01:45 CMSSW.py
-rw-rw-rw-  1 cms067 cms    30066 Nov 27 01:45 CMSSW.py.pkl
-rwxrw-rw-  1 cms067 cms    23327 Nov 27 03:13 CMSSW.sh
drwxr-xr-x 15 cms067 cms     4096 Nov 27 03:15 CMSSW_5_3_5
-rw-rw-rw-  1 cms067 cms        0 Nov 27 03:13 CMSSW_97.stderr
-rw-rw-rw-  1 cms067 cms    16628 Nov 27 03:15 CMSSW_97.stdout
-rw-r--r--  1 cms067 cms      347 Nov 27 03:13 CacheEnv.sh
-rw-rw-rw-  1 cms067 cms     7291 Jun  9  2010 DashboardAPI.py
-rw-r--r--  1 cms067 cms     6883 Nov 27 03:13 DashboardAPI.pyc
drwxrwxrwx  3 cms067 cms     4096 Nov 27 03:15 IMProv
-rw-rw-rw-  1 cms067 cms     2748 Mar  8  2006 Logger.py
-rw-r--r--  1 cms067 cms     3353 Nov 27 03:13 Logger.pyc
-rw-rw-rw-  1 cms067 cms    24524 Mar 28  2008 ProcInfo.py
-rw-r--r--  1 cms067 cms    23470 Nov 27 03:13 ProcInfo.pyc
drwxrwxrwx  7 cms067 cms     4096 Nov 27 03:14 ProdCommon
drwxrwxrwx  3 cms067 cms     4096 Nov 27 03:13 WMCore
-rw-r--r--  1 cms067 cms     1335 Nov 27 03:14 Watchdog_97.log
-rw-rw-rw-  1 cms067 cms    32895 Mar 28  2008 apmon.py
-rw-r--r--  1 cms067 cms    28874 Nov 27 03:13 apmon.pyc
-rw-rw-rw-  1 cms067 cms    96530 Nov 27 03:13 arguments.xml
-rwxrwxrwx  1 cms067 cms    37427 Sep 13 14:14 cmscp.py
-rwxrwxrwx  1 cms067 cms    23327 Nov 27 03:13 condor_exec.exe
-rw-rw-rw-  1 cms067 cms      539 Nov 27 01:45 crab.cfg
-rwxrwxrwx  1 cms067 cms     9531 Sep 20 21:46 crabWatchdog.sh
-rw-r--r--  1 cms067 cms    30146 Nov 27 03:15 crab_fjr_97.xml
-rw-rw-rw-  1 cms067 cms 25796284 Nov 27 03:13 default.tgz
-rwxrwxrwx  1 cms067 cms     4488 May 12  2012 fillCrabFjr.py
-rw-r--r--  1 cms067 cms      899 Nov 27 03:14 inputsReport.txt
-rw-r--r--  1 cms067 cms      131 Nov 27 03:15 jobreport.txt
lrwxrwxrwx  1 cms067 cms      107 Nov 27 03:15 optHistograms.root -> /home/cms067/home_creur_944618455/CREAM944618455/glide_x31459/execute/dir_13067/optHistograms_97_1_BDK.root
-rw-r--r--  1 cms067 cms    16374 Nov 27 03:15 optHistograms_97_1_BDK.root
-rw-rw-rw-  1 cms067 cms    17352 Jan 20  2012 parseCrabFjr.py
-rw-r--r--  1 cms067 cms      285 Nov 27 03:13 report.log
-rwxrwxrwx  1 cms067 cms     1497 May 27  2009 report.py
-rwxrwxrwx  1 cms067 cms     8387 Mar 23  2011 writeCfg.py
-rw-------  1 cms067 cms     8687 Nov 27 03:13 x509up_u1000009
Checking output files:  
will tar file optHistograms_97_1_BDK.root in  out_files_97
will tar file crab_fjr_97.xml in  out_files_97
will tar file CMSSW_97.stdout in  out_files_97
will tar file CMSSW_97.stderr in  out_files_97
WARNING: output file Watchdog_97.log.gz not found!
>>> padding time: Sleeping the wrapper for 513 seconds
STOPPING WATCHDOG. CrabWatchdog PID is 14478
********** LAST 50 LINES OF WATCHDOG LOG
# RESOURCE USAGE SUMMARY FOR PROCESS ID 14251
USER       PID %CPU %MEM    VSZ   RSS TTY      STAT START   TIME COMMAND
cms067   14251  0.5  0.0   8956  1488 ?        S    03:13   0:00 /bin/sh /home/cms067/home_creur_944618455/CREAM944618455/glide_x31459/execute/dir_13067/condor_exec.exe 97 1
 
# LIMITS USED BY THIS WATCHDOG:
# RSS  (KBytes)  : 2300000
# VSZ  (KBytes)  : 100000000
# DISK (MBytes)  : 19000
# CPU  (seconds) : 171600
# WALL (seconds) : 171600
 
# FOLLOWING PRINTOUT TRACKS MAXIMUM VALUES OF RESOURCES USE
# ONE LINE IS PRINTED EACH TIME A MAXIMUM CHANGES
# IF CHANGE WAS IN RSS OR VSZ ALSO PROCID AND COMMAND ARE PRINTED
# THERE IS NO PRINTOUT FOR CPU/WALL TIME INCREASE
 
# TIME			PID	RSS(KB)	VSZ(KB)	Dsk(MB)	tCPU(s)	tWALL(s)	COMMAND
 Nov 27 03:13:56 EET	4673	1344	8808	0	0	895	/bin/bash /home/cms067/home_creur_944618455/CREAM944618455/glide_x31459/main/condor_startup.sh glidein_config       
 Nov 27 03:13:56 EET	6140	5980	9660	0	0	893	/home/cms067/home_creur_944618455/CREAM944618455/glide_x31459/main/condor/sbin/condor_master -f -pidfile /home/cms067/home_creur_944618455/CREAM944618455/glide_x31459/condor_master2.pid      
 Nov 27 03:13:56 EET	31405	5980	25504	0	0	917	perl -e ?use Socket;??sub send_notify {? $cream_url = "193.40.150.134:49152";die "No
 Nov 27 03:13:56 EET	---	5980	25504	168	----	----	----
 Nov 27 03:16:05 EET	---	5980	25504	169	----	----	----
 Nov 27 03:19:17 EET	6140	5984	25504	169	0	1214	/home/cms067/home_creur_944618455/CREAM944618455/glide_x31459/main/condor/sbin/condor_master -f -pidfile /home/cms067/home_creur_944618455/CREAM944618455/glide_x31459/condor_master2.pid      
 Nov 27 03:22:30 EET	6140	5996	25504	169	0	1407	/home/cms067/home_creur_944618455/CREAM944618455/glide_x31459/main/condor/sbin/condor_master -f -pidfile /home/cms067/home_creur_944618455/CREAM944618455/glide_x31459/condor_master2.pid      
 Nov 27 03:23:34 EET	6140	6000	25504	169	0	1471	/home/cms067/home_creur_944618455/CREAM944618455/glide_x31459/main/condor/sbin/condor_master -f -pidfile /home/cms067/home_creur_944618455/CREAM944618455/glide_x31459/condor_master2.pid      
********** WATCHDOG LOG ENDED
ZIPPING WATCHDOG LOG
Disk space used:
du -sh /home/cms067/home_creur_944618455/CREAM944618455/glide_x31459/execute/dir_13067
169M	/home/cms067/home_creur_944618455/CREAM944618455/glide_x31459/execute/dir_13067
>>> info for dashboard:
***** Cat /home/cms067/home_creur_944618455/CREAM944618455/glide_x31459/execute/dir_13067/jobreport.txt *****
MonitorJobID=97_https://submit-2.t2.ucsd.edu//121127//17541.96
MonitorID=liis_crab_0_121127_014531_5zfp48
ExeTime=55
ExeExitCode=0
CrabUserCpuTime=23.06
CrabSysCpuTime=4.65
CrabCpuPercentage=50%
CrabWrapperTime=600
CrabStageoutTime=NULL
***** End Cat jobreport *****
Parameters sent to Dashboard.
optHistograms_97_1_BDK.root
crab_fjr_97.xml
CMSSW_97.stdout
CMSSW_97.stderr
Watchdog_97.log.gz
tar: .BrokerInfo: Cannot stat: No such file or directory
tar: Error exit delayed from previous errors
Total Output dimension: 18071
WARNING: output files size limit is set to: 50000000
Total Output dimension 18071 is fine.
JOB_EXIT_STATUS = 0
>>> info for dashboard:
***** Cat /home/cms067/home_creur_944618455/CREAM944618455/glide_x31459/execute/dir_13067/jobreport.txt *****
MonitorJobID=97_https://submit-2.t2.ucsd.edu//121127//17541.96
MonitorID=liis_crab_0_121127_014531_5zfp48
JobExitCode=0
***** End Cat jobreport *****
Parameters sent to Dashboard.
optHistograms_97_1_BDK.root
crab_fjr_97.xml
