This script was generated by crab (version 2.8.3).
Running /home/cms064/home_crobe_024230798/CREAM024230798/glide_hdA847/execute/dir_12063/condor_exec.exe with 2 positional parameters: 12 1
Today is Tue Nov 27 03:12:21 EET 2012
Job submitted on host wn-v-2828.local
Linux wn-v-2828.local 2.6.32-042stab059.7 #1 SMP Tue Jul 24 19:12:01 MSK 2012 x86_64 x86_64 x86_64 GNU/Linux
>>> current directory (RUNTIME_AREA): /home/cms064/home_crobe_024230798/CREAM024230798/glide_hdA847/execute/dir_12063
>>> current user: uid=11064(cms064) gid=1400(cms) groups=1400(cms)
>>> voms proxy information:
subject   : /DC=ch/DC=cern/OU=Organic Units/OU=Users/CN=liis/CN=663550/CN=Liis Rebane/CN=proxy/CN=limited proxy
issuer    : /DC=ch/DC=cern/OU=Organic Units/OU=Users/CN=liis/CN=663550/CN=Liis Rebane/CN=proxy
identity  : /DC=ch/DC=cern/OU=Organic Units/OU=Users/CN=liis/CN=663550/CN=Liis Rebane/CN=proxy
type      : limited proxy
strength  : 512 bits
path      : /home/cms064/home_crobe_024230798/CREAM024230798/glide_hdA847/execute/dir_12063/x509up_u1000009
timeleft  : 23:59:55
key usage : Digital Signature, Key Encipherment, Data Encipherment
=== VO cms extension information ===
VO        : cms
subject   : /DC=ch/DC=cern/OU=Organic Units/OU=Users/CN=liis/CN=663550/CN=Liis Rebane
issuer    : /DC=ch/DC=cern/OU=computers/CN=lcg-voms.cern.ch
attribute : /cms/Role=NULL/Capability=NULL
timeleft  : 190:13:16
uri       : lcg-voms.cern.ch:15002
>>> tar xzf /home/cms064/home_crobe_024230798/CREAM024230798/glide_hdA847/execute/dir_12063/default.tgz :
Successful untar
>>> Include /home/cms064/home_crobe_024230798/CREAM024230798/glide_hdA847/execute/dir_12063 in PYTHONPATH:
strip arguments
env var CRAB_UNIQUE_JOB_ID set to: liis_crab_0_121127_014531_5zfp48_12_1_BFf
out_files_12
>>> list of expected files on output sandbox
output files: optHistograms_12_1_BFf.root crab_fjr_12.xml CMSSW_12.stdout CMSSW_12.stderr Watchdog_12.log.gz
>>> GridFlavour discovery: 
GridFlavour=LCG
>>> SyncSite discovery: 
SyncSite=T2_EE_Estonia
>>> SyncCE discovery: 
getting SyncCE from CE_ID
SyncCE=oberon.hep.kbfi.ee:8443/cream-pbs-long
>>> info for dashboard:
***** Cat /home/cms064/home_crobe_024230798/CREAM024230798/glide_hdA847/execute/dir_12063/jobreport.txt *****
MonitorJobID=12_https://submit-2.t2.ucsd.edu//121127//17541.11
SyncGridJobId=https://submit-2.t2.ucsd.edu//121127//17541.11
MonitorID=liis_crab_0_121127_014531_5zfp48
GridFlavour=LCG
SyncSite=T2_EE_Estonia
SyncCE=oberon.hep.kbfi.ee:8443/cream-pbs-long
***** End Cat jobreport *****
Parameters sent to Dashboard.
>>> setup environment
set SCRAM ARCH to slc5_amd64_gcc462
SCRAM_ARCH = slc5_amd64_gcc462
>>> setup CMS LCG environment:
set SCRAM ARCH and BUILD_ARCH to slc5_amd64_gcc462 ###
Sourcing environment... 
sourcing /cvmfs/cms.cern.ch/cmsset_default.sh
==> setup cms environment ok
>>> specific cmssw setup environment:
CMSSW_VERSION =  CMSSW_5_3_5
>>> current directory (SOFTWARE_DIR): /home/cms064/home_crobe_024230798/CREAM024230798/glide_hdA847/execute/dir_12063/CMSSW_5_3_5
PreserveSeeds: <>
IncrementSeeds:<>
{}
WNHostName=wn-v-2828.local
>>> info for dashboard:
***** Cat /home/cms064/home_crobe_024230798/CREAM024230798/glide_hdA847/execute/dir_12063/jobreport.txt *****
MonitorJobID=12_https://submit-2.t2.ucsd.edu//121127//17541.11
MonitorID=liis_crab_0_121127_014531_5zfp48
WNHostName=wn-v-2828.local
***** End Cat jobreport *****
Parameters sent to Dashboard.
crabWatchdog started as process 13270
>>> moving CMSSW software directories in /home/cms064/home_crobe_024230798/CREAM024230798/glide_hdA847/execute/dir_12063/CMSSW_5_3_5
mv: cannot stat `/home/cms064/home_crobe_024230798/CREAM024230798/glide_hdA847/execute/dir_12063/module/': No such file or directory
>>> Include /home/cms064/home_crobe_024230798/CREAM024230798/glide_hdA847/execute/dir_12063 in PYTHONPATH:
PYTHONPATH=/home/cms064/home_crobe_024230798/CREAM024230798/glide_hdA847/execute/dir_12063/:/home/cms064/home_crobe_024230798/CREAM024230798/glide_hdA847/execute/dir_12063/CMSSW_5_3_5/python:/home/cms064/home_crobe_024230798/CREAM024230798/glide_hdA847/execute/dir_12063/CMSSW_5_3_5/lib/slc5_amd64_gcc462:/cvmfs/cms.cern.ch/slc5_amd64_gcc462/cms/cmssw/CMSSW_5_3_5/python:/cvmfs/cms.cern.ch/slc5_amd64_gcc462/cms/cmssw/CMSSW_5_3_5/lib/slc5_amd64_gcc462:/cvmfs/cms.cern.ch/slc5_amd64_gcc462/cms/coral/CORAL_2_3_21-cms27/slc5_amd64_gcc462/python:/cvmfs/cms.cern.ch/slc5_amd64_gcc462/cms/coral/CORAL_2_3_21-cms27/slc5_amd64_gcc462/lib:/cvmfs/cms.cern.ch/slc5_amd64_gcc462/external/pyqt/4.8.1/lib/python2.6/site-packages:/cvmfs/cms.cern.ch/slc5_amd64_gcc462/external/py2-scipy/0.8.0/lib/python2.6/site-packages:/cvmfs/cms.cern.ch/slc5_amd64_gcc462/external/py2-matplotlib/1.0.1/lib/python2.6/site-packages:/cvmfs/cms.cern.ch/slc5_amd64_gcc462/external/python-ldap/2.3.5/lib/python2.6/site-packages:/cvmfs/cms.cern.ch/slc5_amd64_gcc462/external/sip/4.11.2/lib/python2.6/site-packages:/cvmfs/cms.cern.ch/slc5_amd64_gcc462/external/py2-pycurl/7.19.0/lib/python2.6/site-packages:/cvmfs/cms.cern.ch/slc5_amd64_gcc462/external/py2-numpy/1.6.1/lib/python2.6/site-packages:/cvmfs/cms.cern.ch/slc5_amd64_gcc462/external/py2-ipython/0.10/lib/python2.6/site-packages:/cvmfs/cms.cern.ch/slc5_amd64_gcc462/external/py2-cx-oracle/5.1-cms11/lib/python2.6/site-packages:/cvmfs/cms.cern.ch/slc5_amd64_gcc462/external/py2-cjson/1.0.5/lib/python2.6/site-packages:/cvmfs/cms.cern.ch/slc5_amd64_gcc462/cms/das-client/1.4.1-cms8/bin:/cvmfs/cms.cern.ch/slc5_amd64_gcc462/external/elementtree/1.2.6/share/lib/python2.6/site-packages:/cvmfs/cms.cern.ch/slc5_amd64_gcc462/external/rivet/1.5.1-cms10/lib/python2.6/site-packages:/cvmfs/cms.cern.ch/slc5_amd64_gcc462/external/pyminuit2/0.0.1-cms34/lib/python2.6/site-packages:/cvmfs/cms.cern.ch/slc5_amd64_gcc462/external/professor/1.0.0-cms35/lib/python2.6/site-packages:/cvmfs/cms.cern.ch/slc5_amd64_gcc462/lcg/root/5.32.00-cms18/lib:/cvmfs/cms.cern.ch/slc5_amd64_gcc462/cms/dbs-client/DBS_2_1_1_patch1_1/lib:/cvmfs/cms.cern.ch/slc5_amd64_gcc462/cms/dbs-client/DBS_2_1_1_patch1_1/lib/DBSAPI:/home/cms064/home_crobe_024230798/CREAM024230798/glide_hdA847/execute/dir_12063/
241a2a19cb7c5c8751ba22759ab3bdb0
PSETHASH = 241a2a19cb7c5c8751ba22759ab3bdb0
/home/cms064/home_crobe_024230798/CREAM024230798/glide_hdA847/execute/dir_12063/writeCfg.py pset.py pset.py
Importing .py file
Setting parameters
inputBlocks=/QCD_Pt_30_80_BCtoE_TuneZ2star_8TeV_pythia6/mario-Summer12-stop-pfele-step1-3d176ac8da5e9dff208d057f4733ca91/USER#d97a3142-53a9-416b-8276-adbbbd5961cf
inputFiles=/store/user/mario/QCD_Pt_30_80_BCtoE_TuneZ2star_8TeV_pythia6/Summer12-stop-pfele-step1/3d176ac8da5e9dff208d057f4733ca91/tuple_187_1_yxp.root;/store/user/mario/QCD_Pt_30_80_BCtoE_TuneZ2star_8TeV_pythia6/Summer12-stop-pfele-step1/3d176ac8da5e9dff208d057f4733ca91/tuple_188_1_Lhh.root;/store/user/mario/QCD_Pt_30_80_BCtoE_TuneZ2star_8TeV_pythia6/Summer12-stop-pfele-step1/3d176ac8da5e9dff208d057f4733ca91/tuple_189_1_iQ6.root;/store/user/mario/QCD_Pt_30_80_BCtoE_TuneZ2star_8TeV_pythia6/Summer12-stop-pfele-step1/3d176ac8da5e9dff208d057f4733ca91/tuple_190_1_0gk.root;/store/user/mario/QCD_Pt_30_80_BCtoE_TuneZ2star_8TeV_pythia6/Summer12-stop-pfele-step1/3d176ac8da5e9dff208d057f4733ca91/tuple_191_1_Oyw.root
parentFiles=
lumisRange=
>>> Executable cmsRun
/cvmfs/cms.cern.ch/slc5_amd64_gcc462/cms/cmssw/CMSSW_5_3_5/bin/slc5_amd64_gcc462/cmsRun
ok executable found
>>> info for dashboard:
***** Cat /home/cms064/home_crobe_024230798/CREAM024230798/glide_hdA847/execute/dir_12063/jobreport.txt *****
MonitorJobID=12_https://submit-2.t2.ucsd.edu//121127//17541.11
MonitorID=liis_crab_0_121127_014531_5zfp48
ExeStart=cmsRun
***** End Cat jobreport *****
Parameters sent to Dashboard.
>>> cmsRun started at Tue Nov 27 01:12:35 UTC 2012
>>> cmsRun ended at Tue Nov 27 01:13:24 UTC 2012
>>> info for dashboard:
***** Cat /home/cms064/home_crobe_024230798/CREAM024230798/glide_hdA847/execute/dir_12063/jobreport.txt *****
MonitorJobID=12_https://submit-2.t2.ucsd.edu//121127//17541.11
MonitorID=liis_crab_0_121127_014531_5zfp48
ExeEnd=cmsRun
***** End Cat jobreport *****
Parameters sent to Dashboard.
TIME_EXE = 49 sec
>>> cmsRun wrote 38 lines of stdout+stderr
>>> START OF printout of 38 lines from stdout+stderr
27-Nov-2012 03:12:50 EET  Initiating request to open file file:/hdfs/cms/store/user/mario/QCD_Pt_30_80_BCtoE_TuneZ2star_8TeV_pythia6/Summer12-stop-pfele-step1/3d176ac8da5e9dff208d057f4733ca91/tuple_187_1_yxp.root
27-Nov-2012 03:12:56 EET  Successfully opened file file:/hdfs/cms/store/user/mario/QCD_Pt_30_80_BCtoE_TuneZ2star_8TeV_pythia6/Summer12-stop-pfele-step1/3d176ac8da5e9dff208d057f4733ca91/tuple_187_1_yxp.root
Begin processing the 1st record. Run 1, Event 821488083, LumiSection 3851 at 27-Nov-2012 03:13:02.336 EET
27-Nov-2012 03:13:04 EET  Closed file file:/hdfs/cms/store/user/mario/QCD_Pt_30_80_BCtoE_TuneZ2star_8TeV_pythia6/Summer12-stop-pfele-step1/3d176ac8da5e9dff208d057f4733ca91/tuple_187_1_yxp.root
27-Nov-2012 03:13:04 EET  Initiating request to open file file:/hdfs/cms/store/user/mario/QCD_Pt_30_80_BCtoE_TuneZ2star_8TeV_pythia6/Summer12-stop-pfele-step1/3d176ac8da5e9dff208d057f4733ca91/tuple_188_1_Lhh.root
27-Nov-2012 03:13:04 EET  Successfully opened file file:/hdfs/cms/store/user/mario/QCD_Pt_30_80_BCtoE_TuneZ2star_8TeV_pythia6/Summer12-stop-pfele-step1/3d176ac8da5e9dff208d057f4733ca91/tuple_188_1_Lhh.root
Begin processing the 1001st record. Run 1, Event 443995164, LumiSection 2082 at 27-Nov-2012 03:13:09.061 EET
27-Nov-2012 03:13:09 EET  Closed file file:/hdfs/cms/store/user/mario/QCD_Pt_30_80_BCtoE_TuneZ2star_8TeV_pythia6/Summer12-stop-pfele-step1/3d176ac8da5e9dff208d057f4733ca91/tuple_188_1_Lhh.root
27-Nov-2012 03:13:09 EET  Initiating request to open file file:/hdfs/cms/store/user/mario/QCD_Pt_30_80_BCtoE_TuneZ2star_8TeV_pythia6/Summer12-stop-pfele-step1/3d176ac8da5e9dff208d057f4733ca91/tuple_189_1_iQ6.root
27-Nov-2012 03:13:09 EET  Successfully opened file file:/hdfs/cms/store/user/mario/QCD_Pt_30_80_BCtoE_TuneZ2star_8TeV_pythia6/Summer12-stop-pfele-step1/3d176ac8da5e9dff208d057f4733ca91/tuple_189_1_iQ6.root
Begin processing the 2001st record. Run 1, Event 615037692, LumiSection 2883 at 27-Nov-2012 03:13:13.533 EET
27-Nov-2012 03:13:14 EET  Closed file file:/hdfs/cms/store/user/mario/QCD_Pt_30_80_BCtoE_TuneZ2star_8TeV_pythia6/Summer12-stop-pfele-step1/3d176ac8da5e9dff208d057f4733ca91/tuple_189_1_iQ6.root
27-Nov-2012 03:13:14 EET  Initiating request to open file file:/hdfs/cms/store/user/mario/QCD_Pt_30_80_BCtoE_TuneZ2star_8TeV_pythia6/Summer12-stop-pfele-step1/3d176ac8da5e9dff208d057f4733ca91/tuple_190_1_0gk.root
27-Nov-2012 03:13:14 EET  Successfully opened file file:/hdfs/cms/store/user/mario/QCD_Pt_30_80_BCtoE_TuneZ2star_8TeV_pythia6/Summer12-stop-pfele-step1/3d176ac8da5e9dff208d057f4733ca91/tuple_190_1_0gk.root
Begin processing the 3001st record. Run 1, Event 128710909, LumiSection 604 at 27-Nov-2012 03:13:17.969 EET
27-Nov-2012 03:13:18 EET  Closed file file:/hdfs/cms/store/user/mario/QCD_Pt_30_80_BCtoE_TuneZ2star_8TeV_pythia6/Summer12-stop-pfele-step1/3d176ac8da5e9dff208d057f4733ca91/tuple_190_1_0gk.root
27-Nov-2012 03:13:18 EET  Initiating request to open file file:/hdfs/cms/store/user/mario/QCD_Pt_30_80_BCtoE_TuneZ2star_8TeV_pythia6/Summer12-stop-pfele-step1/3d176ac8da5e9dff208d057f4733ca91/tuple_191_1_Oyw.root
27-Nov-2012 03:13:18 EET  Successfully opened file file:/hdfs/cms/store/user/mario/QCD_Pt_30_80_BCtoE_TuneZ2star_8TeV_pythia6/Summer12-stop-pfele-step1/3d176ac8da5e9dff208d057f4733ca91/tuple_191_1_Oyw.root
Begin processing the 4001st record. Run 1, Event 395698768, LumiSection 1855 at 27-Nov-2012 03:13:22.835 EET
27-Nov-2012 03:13:23 EET  Closed file file:/hdfs/cms/store/user/mario/QCD_Pt_30_80_BCtoE_TuneZ2star_8TeV_pythia6/Summer12-stop-pfele-step1/3d176ac8da5e9dff208d057f4733ca91/tuple_191_1_Oyw.root

=============================================

MessageLogger Summary

 type     category        sev    module        subroutine        count    total
 ---- -------------------- -- ---------------- ----------------  -----    -----
    1 fileAction           -s file_close                             5        5
    2 fileAction           -s file_open                             10       10

 type    category    Examples: run/evt        run/evt          run/evt
 ---- -------------------- ---------------- ---------------- ----------------
    1 fileAction           PostProcessEvent PostProcessEvent PostEndRun
    2 fileAction           pre-events       pre-events       PostProcessEvent

Severity    # Occurrences   Total Occurrences
--------    -------------   -----------------
System                 15                  15
>>> END OF printout of 38 lines from stdout+stderr
>>> Parse FrameworkJobReport crab_fjr.xml
Result of parsing the FrameworkJobReport crab_fjr.xml: Popularity start
lumisRange : 1::314,376,528,775,1034,1303,1533,2082,2101,4025::1;1::128,432,604,767,817,869,3206,3243,3375,3415,3649::2;1::869,1262,1393,1580,1627,1788,1855,3040,3461::3;1::3851,3859,4025::4;1::2101,2114,2502,2505,2838,2854,2880,2883,2961,3190,3206::5;
lumisParentRange : 
Basename : /store/user/mario/QCD_Pt_30_80_BCtoE_TuneZ2star_8TeV_pythia6/Summer12-stop-pfele-step1/3d176ac8da5e9dff208d057f4733ca91/tuple_1
BasenameParent : 
parentFiles : 
inputBlocks : /QCD_Pt_30_80_BCtoE_TuneZ2star_8TeV_pythia6/mario-Summer12-stop-pfele-step1-3d176ac8da5e9dff208d057f4733ca91/USER#d97a3142-53a9-416b-8276-adbbbd5961cf
inputFiles : 88_1_Lhh.root::1::EDM::Local::1;90_1_0gk.root::1::EDM::Local::2;91_1_Oyw.root::1::EDM::Local::3;87_1_yxp.root::1::EDM::Local::4;89_1_iQ6.root::1::EDM::Local::5;
Popularity stop
Extracted ExitStatus from FrameworkJobReport parsing output: 0
>>> Executable succeded  0
ExeExitCode=0
EXECUTABLE_EXIT_STATUS = 0
>>> current directory /home/cms064/home_crobe_024230798/CREAM024230798/glide_hdA847/execute/dir_12063/CMSSW_5_3_5
>>>  (SOFTWARE_DIR): /home/cms064/home_crobe_024230798/CREAM024230798/glide_hdA847/execute/dir_12063/CMSSW_5_3_5
>>> (WORKING_DIR): 
>>> current directory content:
total 148
drwxr-xr-x 3 cms064 cms  4096 Nov 27 03:12 .SCRAM
-rw-r--r-- 1 cms064 cms 30066 Nov 27 03:12 CMSSW.py.pkl
drwxr-xr-x 3 cms064 cms  4096 Nov 27 03:12 bin
drwxr-xr-x 3 cms064 cms  4096 Nov 27 03:12 cfipython
drwxr-xr-x 5 cms064 cms  4096 Nov 27 03:12 config
-rw-r--r-- 1 cms064 cms    15 Nov 27 03:13 cpu_timing.txt
drwxr-xr-x 2 cms064 cms  4096 Nov 27 03:12 doc
-rw-r--r-- 1 cms064 cms  4431 Nov 27 03:13 executable.out
drwxr-xr-x 2 cms064 cms  4096 Nov 27 03:12 include
drwxrwxrwx 3 cms064 cms  4096 Oct 22 16:38 lib
drwxr-xr-x 3 cms064 cms  4096 Nov 27 03:12 logs
drwxr-xr-x 3 cms064 cms  4096 Nov 27 03:12 objs
-rw-r--r-- 1 cms064 cms 16421 Nov 27 03:13 optHistograms.root
-rw-r--r-- 1 cms064 cms   104 Nov 27 03:12 pset.py
-rw-r--r-- 1 cms064 cms 19470 Nov 27 03:12 pset.py.pkl
-rw-r--r-- 1 cms064 cms   289 Nov 27 03:12 pset.pyc
drwxr-xr-x 2 cms064 cms  4096 Nov 27 03:12 python
-rw-r--r-- 1 cms064 cms   420 Nov 27 03:13 report.log
drwxrwxrwx 4 cms064 cms  4096 Nov 27 03:12 src
drwxr-xr-x 3 cms064 cms  4096 Nov 27 03:12 test
drwxr-xr-x 3 cms064 cms  4096 Nov 27 03:12 tmp
>>> current directory /home/cms064/home_crobe_024230798/CREAM024230798/glide_hdA847/execute/dir_12063/CMSSW_5_3_5
>>> (SOFTWARE_DIR): /home/cms064/home_crobe_024230798/CREAM024230798/glide_hdA847/execute/dir_12063/CMSSW_5_3_5
>>> (WORKING_DIR): 
>>> current directory content:
total 128
drwxr-xr-x 3 cms064 cms  4096 Nov 27 03:12 .SCRAM
-rw-r--r-- 1 cms064 cms 30066 Nov 27 03:12 CMSSW.py.pkl
drwxr-xr-x 3 cms064 cms  4096 Nov 27 03:12 bin
drwxr-xr-x 3 cms064 cms  4096 Nov 27 03:12 cfipython
drwxr-xr-x 5 cms064 cms  4096 Nov 27 03:12 config
-rw-r--r-- 1 cms064 cms    15 Nov 27 03:13 cpu_timing.txt
drwxr-xr-x 2 cms064 cms  4096 Nov 27 03:12 doc
-rw-r--r-- 1 cms064 cms  4431 Nov 27 03:13 executable.out
drwxr-xr-x 2 cms064 cms  4096 Nov 27 03:12 include
drwxrwxrwx 3 cms064 cms  4096 Oct 22 16:38 lib
drwxr-xr-x 3 cms064 cms  4096 Nov 27 03:12 logs
drwxr-xr-x 3 cms064 cms  4096 Nov 27 03:12 objs
-rw-r--r-- 1 cms064 cms   104 Nov 27 03:12 pset.py
-rw-r--r-- 1 cms064 cms 19470 Nov 27 03:12 pset.py.pkl
-rw-r--r-- 1 cms064 cms   289 Nov 27 03:12 pset.pyc
drwxr-xr-x 2 cms064 cms  4096 Nov 27 03:12 python
-rw-r--r-- 1 cms064 cms   420 Nov 27 03:13 report.log
drwxrwxrwx 4 cms064 cms  4096 Nov 27 03:12 src
drwxr-xr-x 3 cms064 cms  4096 Nov 27 03:12 test
drwxr-xr-x 3 cms064 cms  4096 Nov 27 03:12 tmp
>>> current directory (RUNTIME_AREA):  /home/cms064/home_crobe_024230798/CREAM024230798/glide_hdA847/execute/dir_12063
>>> current dir: /home/cms064/home_crobe_024230798/CREAM024230798/glide_hdA847/execute/dir_12063
>>> current dir content:
total 25756
-rw-rw-rw-  1 cms064 cms     5603 Nov 27 03:12 .job.ad
-rw-rw-rw-  1 cms064 cms    11516 Nov 27 03:12 .machine.ad
-rw-rw-rw-  1 cms064 cms      105 Nov 27 01:45 CMSSW.py
-rw-rw-rw-  1 cms064 cms    30066 Nov 27 01:45 CMSSW.py.pkl
-rwxrw-rw-  1 cms064 cms    23327 Nov 27 03:12 CMSSW.sh
-rw-rw-rw-  1 cms064 cms        0 Nov 27 03:12 CMSSW_12.stderr
-rw-rw-rw-  1 cms064 cms    16661 Nov 27 03:13 CMSSW_12.stdout
drwxr-xr-x 15 cms064 cms     4096 Nov 27 03:13 CMSSW_5_3_5
-rw-r--r--  1 cms064 cms      347 Nov 27 03:12 CacheEnv.sh
-rw-rw-rw-  1 cms064 cms     7291 Jun  9  2010 DashboardAPI.py
-rw-r--r--  1 cms064 cms     6883 Nov 27 03:12 DashboardAPI.pyc
drwxrwxrwx  3 cms064 cms     4096 Nov 27 03:13 IMProv
-rw-rw-rw-  1 cms064 cms     2748 Mar  8  2006 Logger.py
-rw-r--r--  1 cms064 cms     3353 Nov 27 03:12 Logger.pyc
-rw-rw-rw-  1 cms064 cms    24524 Mar 28  2008 ProcInfo.py
-rw-r--r--  1 cms064 cms    23470 Nov 27 03:12 ProcInfo.pyc
drwxrwxrwx  7 cms064 cms     4096 Nov 27 03:12 ProdCommon
drwxrwxrwx  3 cms064 cms     4096 Nov 27 03:12 WMCore
-rw-r--r--  1 cms064 cms     1729 Nov 27 03:13 Watchdog_12.log
-rw-rw-rw-  1 cms064 cms    32895 Mar 28  2008 apmon.py
-rw-r--r--  1 cms064 cms    28874 Nov 27 03:12 apmon.pyc
-rw-rw-rw-  1 cms064 cms    96530 Nov 27 03:12 arguments.xml
-rwxrwxrwx  1 cms064 cms    37427 Sep 13 14:14 cmscp.py
-rwxrwxrwx  1 cms064 cms    23327 Nov 27 03:12 condor_exec.exe
-rw-rw-rw-  1 cms064 cms      539 Nov 27 01:45 crab.cfg
-rwxrwxrwx  1 cms064 cms     9531 Sep 20 21:46 crabWatchdog.sh
-rw-r--r--  1 cms064 cms    30140 Nov 27 03:13 crab_fjr_12.xml
-rw-rw-rw-  1 cms064 cms 25796284 Nov 27 03:12 default.tgz
-rwxrwxrwx  1 cms064 cms     4488 May 12  2012 fillCrabFjr.py
-rw-r--r--  1 cms064 cms      904 Nov 27 03:12 inputsReport.txt
-rw-r--r--  1 cms064 cms      131 Nov 27 03:13 jobreport.txt
lrwxrwxrwx  1 cms064 cms      107 Nov 27 03:13 optHistograms.root -> /home/cms064/home_crobe_024230798/CREAM024230798/glide_hdA847/execute/dir_12063/optHistograms_12_1_BFf.root
-rw-r--r--  1 cms064 cms    16421 Nov 27 03:13 optHistograms_12_1_BFf.root
-rw-rw-rw-  1 cms064 cms    17352 Jan 20  2012 parseCrabFjr.py
-rw-r--r--  1 cms064 cms      285 Nov 27 03:12 report.log
-rwxrwxrwx  1 cms064 cms     1497 May 27  2009 report.py
-rwxrwxrwx  1 cms064 cms     8387 Mar 23  2011 writeCfg.py
-rw-------  1 cms064 cms     8691 Nov 27 03:12 x509up_u1000009
Checking output files:  
will tar file optHistograms_12_1_BFf.root in  out_files_12
will tar file crab_fjr_12.xml in  out_files_12
will tar file CMSSW_12.stdout in  out_files_12
will tar file CMSSW_12.stderr in  out_files_12
WARNING: output file Watchdog_12.log.gz not found!
>>> padding time: Sleeping the wrapper for 524 seconds
STOPPING WATCHDOG. CrabWatchdog PID is 13270
********** LAST 50 LINES OF WATCHDOG LOG
# RESOURCE USAGE SUMMARY FOR PROCESS ID 12520
USER       PID %CPU %MEM    VSZ   RSS TTY      STAT START   TIME COMMAND
cms064   12520  0.4  0.0   8956  1488 ?        S    03:12   0:00 /bin/sh /home/cms064/home_crobe_024230798/CREAM024230798/glide_hdA847/execute/dir_12063/condor_exec.exe 12 1
 
# LIMITS USED BY THIS WATCHDOG:
# RSS  (KBytes)  : 2300000
# VSZ  (KBytes)  : 100000000
# DISK (MBytes)  : 19000
# CPU  (seconds) : 171600
# WALL (seconds) : 171600
 
# FOLLOWING PRINTOUT TRACKS MAXIMUM VALUES OF RESOURCES USE
# ONE LINE IS PRINTED EACH TIME A MAXIMUM CHANGES
# IF CHANGE WAS IN RSS OR VSZ ALSO PROCID AND COMMAND ARE PRINTED
# THERE IS NO PRINTOUT FOR CPU/WALL TIME INCREASE
 
# TIME			PID	RSS(KB)	VSZ(KB)	Dsk(MB)	tCPU(s)	tWALL(s)	COMMAND
 Nov 27 03:12:29 EET	700	1324	8896	0	0	5793	-bash         
 Nov 27 03:12:29 EET	731	1488	8952	0	0	5793	/bin/sh -l ./CREAM024230798_jobWrapper.sh       
 Nov 27 03:12:29 EET	793	2676	25504	0	0	5791	perl -e ?use Socket;??sub send_notify {? $cream_url = "193.40.150.124:49152";die "No
 Nov 27 03:12:29 EET	3670	3796	25504	0	11	5121	condor_procd -A /home/cms064/home_crobe_024230798/CREAM024230798/glide_hdA847/log/procd_address.STARTD -L /home/cms064/home_crobe_024230798/CREAM024230798/glide_hdA847/log/ProcLog.STARTD -R 10000000 -S 60 -C
 Nov 27 03:12:29 EET	12063	5296	25504	0	0	19	condor_starter -f submit-2.t2.ucsd.edu       
 Nov 27 03:12:29 EET	13062	6104	25504	0	3	5768	/home/cms064/home_crobe_024230798/CREAM024230798/glide_hdA847/main/condor/sbin/condor_master -f -pidfile /home/cms064/home_crobe_024230798/CREAM024230798/glide_hdA847/condor_master2.pid      
 Nov 27 03:12:29 EET	---	6104	25504	168	----	----	----
 Nov 27 03:13:32 EET	---	6104	25504	169	----	----	----
********** WATCHDOG LOG ENDED
ZIPPING WATCHDOG LOG
Disk space used:
du -sh /home/cms064/home_crobe_024230798/CREAM024230798/glide_hdA847/execute/dir_12063
169M	/home/cms064/home_crobe_024230798/CREAM024230798/glide_hdA847/execute/dir_12063
>>> info for dashboard:
***** Cat /home/cms064/home_crobe_024230798/CREAM024230798/glide_hdA847/execute/dir_12063/jobreport.txt *****
MonitorJobID=12_https://submit-2.t2.ucsd.edu//121127//17541.11
MonitorID=liis_crab_0_121127_014531_5zfp48
ExeTime=49
ExeExitCode=0
CrabUserCpuTime=22.50
CrabSysCpuTime=4.78
CrabCpuPercentage=56%
CrabWrapperTime=600
CrabStageoutTime=NULL
***** End Cat jobreport *****
Parameters sent to Dashboard.
optHistograms_12_1_BFf.root
crab_fjr_12.xml
CMSSW_12.stdout
CMSSW_12.stderr
Watchdog_12.log.gz
tar: .BrokerInfo: Cannot stat: No such file or directory
tar: Error exit delayed from previous errors
Total Output dimension: 18291
WARNING: output files size limit is set to: 50000000
Total Output dimension 18291 is fine.
JOB_EXIT_STATUS = 0
>>> info for dashboard:
***** Cat /home/cms064/home_crobe_024230798/CREAM024230798/glide_hdA847/execute/dir_12063/jobreport.txt *****
MonitorJobID=12_https://submit-2.t2.ucsd.edu//121127//17541.11
MonitorID=liis_crab_0_121127_014531_5zfp48
JobExitCode=0
***** End Cat jobreport *****
Parameters sent to Dashboard.
optHistograms_12_1_BFf.root
crab_fjr_12.xml
