This script was generated by crab (version 2.8.3).
Running /home/cms003/home_creur_235990267/CREAM235990267/glide_yt9324/execute/dir_32474/condor_exec.exe with 2 positional parameters: 19 1
Today is Tue Nov 27 03:04:35 EET 2012
Job submitted on host wn-v-3980.local
Linux wn-v-3980.local 2.6.32-042stab059.7 #1 SMP Tue Jul 24 19:12:01 MSK 2012 x86_64 x86_64 x86_64 GNU/Linux
>>> current directory (RUNTIME_AREA): /home/cms003/home_creur_235990267/CREAM235990267/glide_yt9324/execute/dir_32474
>>> current user: uid=11003(cms003) gid=1400(cms) groups=1400(cms)
>>> voms proxy information:
subject   : /DC=ch/DC=cern/OU=Organic Units/OU=Users/CN=liis/CN=663550/CN=Liis Rebane/CN=proxy/CN=limited proxy
issuer    : /DC=ch/DC=cern/OU=Organic Units/OU=Users/CN=liis/CN=663550/CN=Liis Rebane/CN=proxy
identity  : /DC=ch/DC=cern/OU=Organic Units/OU=Users/CN=liis/CN=663550/CN=Liis Rebane/CN=proxy
type      : limited proxy
strength  : 512 bits
path      : /home/cms003/home_creur_235990267/CREAM235990267/glide_yt9324/execute/dir_32474/x509up_u1000009
timeleft  : 23:58:55
key usage : Digital Signature, Key Encipherment, Data Encipherment
=== VO cms extension information ===
VO        : cms
subject   : /DC=ch/DC=cern/OU=Organic Units/OU=Users/CN=liis/CN=663550/CN=Liis Rebane
issuer    : /DC=ch/DC=cern/OU=computers/CN=lcg-voms.cern.ch
attribute : /cms/Role=NULL/Capability=NULL
timeleft  : 190:21:02
uri       : lcg-voms.cern.ch:15002
>>> tar xzf /home/cms003/home_creur_235990267/CREAM235990267/glide_yt9324/execute/dir_32474/default.tgz :
Successful untar
>>> Include /home/cms003/home_creur_235990267/CREAM235990267/glide_yt9324/execute/dir_32474 in PYTHONPATH:
strip arguments
env var CRAB_UNIQUE_JOB_ID set to: liis_crab_0_121127_014318_qg185f_19_1_bxG
out_files_19
>>> list of expected files on output sandbox
output files: optHistograms_19_1_bxG.root crab_fjr_19.xml CMSSW_19.stdout CMSSW_19.stderr Watchdog_19.log.gz
>>> GridFlavour discovery: 
GridFlavour=LCG
>>> SyncSite discovery: 
SyncSite=T2_EE_Estonia
>>> SyncCE discovery: 
getting SyncCE from CE_ID
SyncCE=europa.hep.kbfi.ee:8443/cream-pbs-long
>>> info for dashboard:
***** Cat /home/cms003/home_creur_235990267/CREAM235990267/glide_yt9324/execute/dir_32474/jobreport.txt *****
MonitorJobID=19_https://submit-2.t2.ucsd.edu//121127//17539.18
SyncGridJobId=https://submit-2.t2.ucsd.edu//121127//17539.18
MonitorID=liis_crab_0_121127_014318_qg185f
GridFlavour=LCG
SyncSite=T2_EE_Estonia
SyncCE=europa.hep.kbfi.ee:8443/cream-pbs-long
***** End Cat jobreport *****
Parameters sent to Dashboard.
>>> setup environment
set SCRAM ARCH to slc5_amd64_gcc462
SCRAM_ARCH = slc5_amd64_gcc462
>>> setup CMS LCG environment:
set SCRAM ARCH and BUILD_ARCH to slc5_amd64_gcc462 ###
Sourcing environment... 
sourcing /cvmfs/cms.cern.ch/cmsset_default.sh
==> setup cms environment ok
>>> specific cmssw setup environment:
CMSSW_VERSION =  CMSSW_5_3_5
>>> current directory (SOFTWARE_DIR): /home/cms003/home_creur_235990267/CREAM235990267/glide_yt9324/execute/dir_32474/CMSSW_5_3_5
PreserveSeeds: <>
IncrementSeeds:<>
{}
WNHostName=wn-v-3980.local
>>> info for dashboard:
***** Cat /home/cms003/home_creur_235990267/CREAM235990267/glide_yt9324/execute/dir_32474/jobreport.txt *****
MonitorJobID=19_https://submit-2.t2.ucsd.edu//121127//17539.18
MonitorID=liis_crab_0_121127_014318_qg185f
WNHostName=wn-v-3980.local
***** End Cat jobreport *****
Parameters sent to Dashboard.
crabWatchdog started as process 2189
>>> moving CMSSW software directories in /home/cms003/home_creur_235990267/CREAM235990267/glide_yt9324/execute/dir_32474/CMSSW_5_3_5
mv: cannot stat `/home/cms003/home_creur_235990267/CREAM235990267/glide_yt9324/execute/dir_32474/module/': No such file or directory
>>> Include /home/cms003/home_creur_235990267/CREAM235990267/glide_yt9324/execute/dir_32474 in PYTHONPATH:
PYTHONPATH=/home/cms003/home_creur_235990267/CREAM235990267/glide_yt9324/execute/dir_32474/:/home/cms003/home_creur_235990267/CREAM235990267/glide_yt9324/execute/dir_32474/CMSSW_5_3_5/python:/home/cms003/home_creur_235990267/CREAM235990267/glide_yt9324/execute/dir_32474/CMSSW_5_3_5/lib/slc5_amd64_gcc462:/cvmfs/cms.cern.ch/slc5_amd64_gcc462/cms/cmssw/CMSSW_5_3_5/python:/cvmfs/cms.cern.ch/slc5_amd64_gcc462/cms/cmssw/CMSSW_5_3_5/lib/slc5_amd64_gcc462:/cvmfs/cms.cern.ch/slc5_amd64_gcc462/cms/coral/CORAL_2_3_21-cms27/slc5_amd64_gcc462/python:/cvmfs/cms.cern.ch/slc5_amd64_gcc462/cms/coral/CORAL_2_3_21-cms27/slc5_amd64_gcc462/lib:/cvmfs/cms.cern.ch/slc5_amd64_gcc462/external/pyqt/4.8.1/lib/python2.6/site-packages:/cvmfs/cms.cern.ch/slc5_amd64_gcc462/external/py2-scipy/0.8.0/lib/python2.6/site-packages:/cvmfs/cms.cern.ch/slc5_amd64_gcc462/external/py2-matplotlib/1.0.1/lib/python2.6/site-packages:/cvmfs/cms.cern.ch/slc5_amd64_gcc462/external/python-ldap/2.3.5/lib/python2.6/site-packages:/cvmfs/cms.cern.ch/slc5_amd64_gcc462/external/sip/4.11.2/lib/python2.6/site-packages:/cvmfs/cms.cern.ch/slc5_amd64_gcc462/external/py2-pycurl/7.19.0/lib/python2.6/site-packages:/cvmfs/cms.cern.ch/slc5_amd64_gcc462/external/py2-numpy/1.6.1/lib/python2.6/site-packages:/cvmfs/cms.cern.ch/slc5_amd64_gcc462/external/py2-ipython/0.10/lib/python2.6/site-packages:/cvmfs/cms.cern.ch/slc5_amd64_gcc462/external/py2-cx-oracle/5.1-cms11/lib/python2.6/site-packages:/cvmfs/cms.cern.ch/slc5_amd64_gcc462/external/py2-cjson/1.0.5/lib/python2.6/site-packages:/cvmfs/cms.cern.ch/slc5_amd64_gcc462/cms/das-client/1.4.1-cms8/bin:/cvmfs/cms.cern.ch/slc5_amd64_gcc462/external/elementtree/1.2.6/share/lib/python2.6/site-packages:/cvmfs/cms.cern.ch/slc5_amd64_gcc462/external/rivet/1.5.1-cms10/lib/python2.6/site-packages:/cvmfs/cms.cern.ch/slc5_amd64_gcc462/external/pyminuit2/0.0.1-cms34/lib/python2.6/site-packages:/cvmfs/cms.cern.ch/slc5_amd64_gcc462/external/professor/1.0.0-cms35/lib/python2.6/site-packages:/cvmfs/cms.cern.ch/slc5_amd64_gcc462/lcg/root/5.32.00-cms18/lib:/cvmfs/cms.cern.ch/slc5_amd64_gcc462/cms/dbs-client/DBS_2_1_1_patch1_1/lib:/cvmfs/cms.cern.ch/slc5_amd64_gcc462/cms/dbs-client/DBS_2_1_1_patch1_1/lib/DBSAPI:/home/cms003/home_creur_235990267/CREAM235990267/glide_yt9324/execute/dir_32474/
241a2a19cb7c5c8751ba22759ab3bdb0
PSETHASH = 241a2a19cb7c5c8751ba22759ab3bdb0
/home/cms003/home_creur_235990267/CREAM235990267/glide_yt9324/execute/dir_32474/writeCfg.py pset.py pset.py
Importing .py file
Setting parameters
inputBlocks=/QCD_Pt_80_170_BCtoE_TuneZ2star_8TeV_pythia6/mario-Summer12-stop-pfele-step1-3d176ac8da5e9dff208d057f4733ca91/USER#2ed06c41-0731-4095-8a1a-4cabfa3cddd9
inputFiles=/store/user/mario/QCD_Pt_80_170_BCtoE_TuneZ2star_8TeV_pythia6/Summer12-stop-pfele-step1/3d176ac8da5e9dff208d057f4733ca91/tuple_356_2_Guw.root;/store/user/mario/QCD_Pt_80_170_BCtoE_TuneZ2star_8TeV_pythia6/Summer12-stop-pfele-step1/3d176ac8da5e9dff208d057f4733ca91/tuple_357_2_KBH.root;/store/user/mario/QCD_Pt_80_170_BCtoE_TuneZ2star_8TeV_pythia6/Summer12-stop-pfele-step1/3d176ac8da5e9dff208d057f4733ca91/tuple_358_2_HiM.root;/store/user/mario/QCD_Pt_80_170_BCtoE_TuneZ2star_8TeV_pythia6/Summer12-stop-pfele-step1/3d176ac8da5e9dff208d057f4733ca91/tuple_359_2_676.root;/store/user/mario/QCD_Pt_80_170_BCtoE_TuneZ2star_8TeV_pythia6/Summer12-stop-pfele-step1/3d176ac8da5e9dff208d057f4733ca91/tuple_360_2_n6S.root
parentFiles=
lumisRange=
>>> Executable cmsRun
/cvmfs/cms.cern.ch/slc5_amd64_gcc462/cms/cmssw/CMSSW_5_3_5/bin/slc5_amd64_gcc462/cmsRun
ok executable found
>>> info for dashboard:
***** Cat /home/cms003/home_creur_235990267/CREAM235990267/glide_yt9324/execute/dir_32474/jobreport.txt *****
MonitorJobID=19_https://submit-2.t2.ucsd.edu//121127//17539.18
MonitorID=liis_crab_0_121127_014318_qg185f
ExeStart=cmsRun
***** End Cat jobreport *****
Parameters sent to Dashboard.
>>> cmsRun started at Tue Nov 27 01:04:52 UTC 2012
>>> cmsRun ended at Tue Nov 27 01:06:17 UTC 2012
>>> info for dashboard:
***** Cat /home/cms003/home_creur_235990267/CREAM235990267/glide_yt9324/execute/dir_32474/jobreport.txt *****
MonitorJobID=19_https://submit-2.t2.ucsd.edu//121127//17539.18
MonitorID=liis_crab_0_121127_014318_qg185f
ExeEnd=cmsRun
***** End Cat jobreport *****
Parameters sent to Dashboard.
TIME_EXE = 85 sec
>>> cmsRun wrote 42 lines of stdout+stderr
>>> START OF printout of 42 lines from stdout+stderr
27-Nov-2012 03:05:12 EET  Initiating request to open file file:/hdfs/cms/store/user/mario/QCD_Pt_80_170_BCtoE_TuneZ2star_8TeV_pythia6/Summer12-stop-pfele-step1/3d176ac8da5e9dff208d057f4733ca91/tuple_356_2_Guw.root
27-Nov-2012 03:05:21 EET  Successfully opened file file:/hdfs/cms/store/user/mario/QCD_Pt_80_170_BCtoE_TuneZ2star_8TeV_pythia6/Summer12-stop-pfele-step1/3d176ac8da5e9dff208d057f4733ca91/tuple_356_2_Guw.root
Begin processing the 1st record. Run 1, Event 36918376, LumiSection 839 at 27-Nov-2012 03:05:29.482 EET
27-Nov-2012 03:05:31 EET  Closed file file:/hdfs/cms/store/user/mario/QCD_Pt_80_170_BCtoE_TuneZ2star_8TeV_pythia6/Summer12-stop-pfele-step1/3d176ac8da5e9dff208d057f4733ca91/tuple_356_2_Guw.root
27-Nov-2012 03:05:31 EET  Initiating request to open file file:/hdfs/cms/store/user/mario/QCD_Pt_80_170_BCtoE_TuneZ2star_8TeV_pythia6/Summer12-stop-pfele-step1/3d176ac8da5e9dff208d057f4733ca91/tuple_357_2_KBH.root
27-Nov-2012 03:05:31 EET  Successfully opened file file:/hdfs/cms/store/user/mario/QCD_Pt_80_170_BCtoE_TuneZ2star_8TeV_pythia6/Summer12-stop-pfele-step1/3d176ac8da5e9dff208d057f4733ca91/tuple_357_2_KBH.root
Begin processing the 1001st record. Run 1, Event 73600660, LumiSection 1672 at 27-Nov-2012 03:05:37.997 EET
Begin processing the 2001st record. Run 1, Event 77904460, LumiSection 1770 at 27-Nov-2012 03:05:41.008 EET
27-Nov-2012 03:05:41 EET  Closed file file:/hdfs/cms/store/user/mario/QCD_Pt_80_170_BCtoE_TuneZ2star_8TeV_pythia6/Summer12-stop-pfele-step1/3d176ac8da5e9dff208d057f4733ca91/tuple_357_2_KBH.root
27-Nov-2012 03:05:41 EET  Initiating request to open file file:/hdfs/cms/store/user/mario/QCD_Pt_80_170_BCtoE_TuneZ2star_8TeV_pythia6/Summer12-stop-pfele-step1/3d176ac8da5e9dff208d057f4733ca91/tuple_358_2_HiM.root
27-Nov-2012 03:05:42 EET  Successfully opened file file:/hdfs/cms/store/user/mario/QCD_Pt_80_170_BCtoE_TuneZ2star_8TeV_pythia6/Summer12-stop-pfele-step1/3d176ac8da5e9dff208d057f4733ca91/tuple_358_2_HiM.root
Begin processing the 3001st record. Run 1, Event 81770299, LumiSection 1857 at 27-Nov-2012 03:05:47.761 EET
Begin processing the 4001st record. Run 1, Event 104397431, LumiSection 2371 at 27-Nov-2012 03:05:50.751 EET
27-Nov-2012 03:05:52 EET  Closed file file:/hdfs/cms/store/user/mario/QCD_Pt_80_170_BCtoE_TuneZ2star_8TeV_pythia6/Summer12-stop-pfele-step1/3d176ac8da5e9dff208d057f4733ca91/tuple_358_2_HiM.root
27-Nov-2012 03:05:52 EET  Initiating request to open file file:/hdfs/cms/store/user/mario/QCD_Pt_80_170_BCtoE_TuneZ2star_8TeV_pythia6/Summer12-stop-pfele-step1/3d176ac8da5e9dff208d057f4733ca91/tuple_359_2_676.root
27-Nov-2012 03:05:52 EET  Successfully opened file file:/hdfs/cms/store/user/mario/QCD_Pt_80_170_BCtoE_TuneZ2star_8TeV_pythia6/Summer12-stop-pfele-step1/3d176ac8da5e9dff208d057f4733ca91/tuple_359_2_676.root
Begin processing the 5001st record. Run 1, Event 107427200, LumiSection 2440 at 27-Nov-2012 03:05:57.702 EET
Begin processing the 6001st record. Run 1, Event 132215948, LumiSection 3003 at 27-Nov-2012 03:06:01.203 EET
27-Nov-2012 03:06:03 EET  Closed file file:/hdfs/cms/store/user/mario/QCD_Pt_80_170_BCtoE_TuneZ2star_8TeV_pythia6/Summer12-stop-pfele-step1/3d176ac8da5e9dff208d057f4733ca91/tuple_359_2_676.root
27-Nov-2012 03:06:03 EET  Initiating request to open file file:/hdfs/cms/store/user/mario/QCD_Pt_80_170_BCtoE_TuneZ2star_8TeV_pythia6/Summer12-stop-pfele-step1/3d176ac8da5e9dff208d057f4733ca91/tuple_360_2_n6S.root
27-Nov-2012 03:06:03 EET  Successfully opened file file:/hdfs/cms/store/user/mario/QCD_Pt_80_170_BCtoE_TuneZ2star_8TeV_pythia6/Summer12-stop-pfele-step1/3d176ac8da5e9dff208d057f4733ca91/tuple_360_2_n6S.root
Begin processing the 7001st record. Run 1, Event 157088608, LumiSection 3568 at 27-Nov-2012 03:06:09.512 EET
Begin processing the 8001st record. Run 1, Event 176117371, LumiSection 4000 at 27-Nov-2012 03:06:13.988 EET
27-Nov-2012 03:06:15 EET  Closed file file:/hdfs/cms/store/user/mario/QCD_Pt_80_170_BCtoE_TuneZ2star_8TeV_pythia6/Summer12-stop-pfele-step1/3d176ac8da5e9dff208d057f4733ca91/tuple_360_2_n6S.root

=============================================

MessageLogger Summary

 type     category        sev    module        subroutine        count    total
 ---- -------------------- -- ---------------- ----------------  -----    -----
    1 fileAction           -s file_close                             5        5
    2 fileAction           -s file_open                             10       10

 type    category    Examples: run/evt        run/evt          run/evt
 ---- -------------------- ---------------- ---------------- ----------------
    1 fileAction           PostProcessEvent PostProcessEvent PostEndRun
    2 fileAction           pre-events       pre-events       PostProcessEvent

Severity    # Occurrences   Total Occurrences
--------    -------------   -----------------
System                 15                  15
>>> END OF printout of 42 lines from stdout+stderr
>>> Parse FrameworkJobReport crab_fjr.xml
Result of parsing the FrameworkJobReport crab_fjr.xml: Popularity start
lumisRange : 1::1789-1790,1857,1866,1916,1955,2087-2088,2214,2341,2371,2409::1;1::2409,2440-2441,2467,2620,2740,2984,3003,3194,3235,3274::2;1::3274,3335,3568,3590,3598,3623,3628,3720,4000,4005::3;1::839,870,1257,1671-1672,1703-1704,1742,1770,1852,2087,2124::4;1::::5;
lumisParentRange : 
Basename : /store/user/mario/QCD_Pt_80_170_BCtoE_TuneZ2star_8TeV_pythia6/Summer12-stop-pfele-step1/3d176ac8da5e9dff208d057f4733ca91/tuple_3
BasenameParent : 
parentFiles : 
inputBlocks : /QCD_Pt_80_170_BCtoE_TuneZ2star_8TeV_pythia6/mario-Summer12-stop-pfele-step1-3d176ac8da5e9dff208d057f4733ca91/USER#2ed06c41-0731-4095-8a1a-4cabfa3cddd9
inputFiles : 58_2_HiM.root::1::EDM::Local::1;59_2_676.root::1::EDM::Local::2;60_2_n6S.root::1::EDM::Local::3;57_2_KBH.root::1::EDM::Local::4;56_2_Guw.root::1::EDM::Local::5;
Popularity stop
Extracted ExitStatus from FrameworkJobReport parsing output: 0
>>> Executable succeded  0
ExeExitCode=0
EXECUTABLE_EXIT_STATUS = 0
>>> current directory /home/cms003/home_creur_235990267/CREAM235990267/glide_yt9324/execute/dir_32474/CMSSW_5_3_5
>>>  (SOFTWARE_DIR): /home/cms003/home_creur_235990267/CREAM235990267/glide_yt9324/execute/dir_32474/CMSSW_5_3_5
>>> (WORKING_DIR): 
>>> current directory content:
total 148
drwxr-xr-x 3 cms003 cms  4096 Nov 27 03:04 .SCRAM
-rw-r--r-- 1 cms003 cms 30066 Nov 27 03:04 CMSSW.py.pkl
drwxr-xr-x 3 cms003 cms  4096 Nov 27 03:04 bin
drwxr-xr-x 3 cms003 cms  4096 Nov 27 03:04 cfipython
drwxr-xr-x 5 cms003 cms  4096 Nov 27 03:04 config
-rw-r--r-- 1 cms003 cms    15 Nov 27 03:06 cpu_timing.txt
drwxr-xr-x 2 cms003 cms  4096 Nov 27 03:04 doc
-rw-r--r-- 1 cms003 cms  4878 Nov 27 03:06 executable.out
drwxr-xr-x 2 cms003 cms  4096 Nov 27 03:04 include
drwxrwxrwx 3 cms003 cms  4096 Oct 22 16:38 lib
drwxr-xr-x 3 cms003 cms  4096 Nov 27 03:04 logs
drwxr-xr-x 3 cms003 cms  4096 Nov 27 03:04 objs
-rw-r--r-- 1 cms003 cms 17081 Nov 27 03:06 optHistograms.root
-rw-r--r-- 1 cms003 cms   104 Nov 27 03:04 pset.py
-rw-r--r-- 1 cms003 cms 19476 Nov 27 03:04 pset.py.pkl
-rw-r--r-- 1 cms003 cms   289 Nov 27 03:04 pset.pyc
drwxr-xr-x 2 cms003 cms  4096 Nov 27 03:04 python
-rw-r--r-- 1 cms003 cms   420 Nov 27 03:06 report.log
drwxrwxrwx 4 cms003 cms  4096 Nov 27 03:04 src
drwxr-xr-x 3 cms003 cms  4096 Nov 27 03:04 test
drwxr-xr-x 3 cms003 cms  4096 Nov 27 03:04 tmp
>>> current directory /home/cms003/home_creur_235990267/CREAM235990267/glide_yt9324/execute/dir_32474/CMSSW_5_3_5
>>> (SOFTWARE_DIR): /home/cms003/home_creur_235990267/CREAM235990267/glide_yt9324/execute/dir_32474/CMSSW_5_3_5
>>> (WORKING_DIR): 
>>> current directory content:
total 128
drwxr-xr-x 3 cms003 cms  4096 Nov 27 03:04 .SCRAM
-rw-r--r-- 1 cms003 cms 30066 Nov 27 03:04 CMSSW.py.pkl
drwxr-xr-x 3 cms003 cms  4096 Nov 27 03:04 bin
drwxr-xr-x 3 cms003 cms  4096 Nov 27 03:04 cfipython
drwxr-xr-x 5 cms003 cms  4096 Nov 27 03:04 config
-rw-r--r-- 1 cms003 cms    15 Nov 27 03:06 cpu_timing.txt
drwxr-xr-x 2 cms003 cms  4096 Nov 27 03:04 doc
-rw-r--r-- 1 cms003 cms  4878 Nov 27 03:06 executable.out
drwxr-xr-x 2 cms003 cms  4096 Nov 27 03:04 include
drwxrwxrwx 3 cms003 cms  4096 Oct 22 16:38 lib
drwxr-xr-x 3 cms003 cms  4096 Nov 27 03:04 logs
drwxr-xr-x 3 cms003 cms  4096 Nov 27 03:04 objs
-rw-r--r-- 1 cms003 cms   104 Nov 27 03:04 pset.py
-rw-r--r-- 1 cms003 cms 19476 Nov 27 03:04 pset.py.pkl
-rw-r--r-- 1 cms003 cms   289 Nov 27 03:04 pset.pyc
drwxr-xr-x 2 cms003 cms  4096 Nov 27 03:04 python
-rw-r--r-- 1 cms003 cms   420 Nov 27 03:06 report.log
drwxrwxrwx 4 cms003 cms  4096 Nov 27 03:04 src
drwxr-xr-x 3 cms003 cms  4096 Nov 27 03:04 test
drwxr-xr-x 3 cms003 cms  4096 Nov 27 03:04 tmp
>>> current directory (RUNTIME_AREA):  /home/cms003/home_creur_235990267/CREAM235990267/glide_yt9324/execute/dir_32474
>>> current dir: /home/cms003/home_creur_235990267/CREAM235990267/glide_yt9324/execute/dir_32474
>>> current dir content:
total 25756
-rw-rw-rw-  1 cms003 cms     5606 Nov 27 03:04 .job.ad
-rw-rw-rw-  1 cms003 cms    11530 Nov 27 03:04 .machine.ad
-rw-rw-rw-  1 cms003 cms      105 Nov 27 01:43 CMSSW.py
-rw-rw-rw-  1 cms003 cms    30066 Nov 27 01:43 CMSSW.py.pkl
-rwxrw-rw-  1 cms003 cms    23329 Nov 27 03:04 CMSSW.sh
-rw-rw-rw-  1 cms003 cms        0 Nov 27 03:04 CMSSW_19.stderr
-rw-rw-rw-  1 cms003 cms    17130 Nov 27 03:06 CMSSW_19.stdout
drwxr-xr-x 15 cms003 cms     4096 Nov 27 03:06 CMSSW_5_3_5
-rw-r--r--  1 cms003 cms      347 Nov 27 03:04 CacheEnv.sh
-rw-rw-rw-  1 cms003 cms     7291 Jun  9  2010 DashboardAPI.py
-rw-r--r--  1 cms003 cms     6883 Nov 27 03:04 DashboardAPI.pyc
drwxrwxrwx  3 cms003 cms     4096 Nov 27 03:06 IMProv
-rw-rw-rw-  1 cms003 cms     2748 Mar  8  2006 Logger.py
-rw-r--r--  1 cms003 cms     3353 Nov 27 03:04 Logger.pyc
-rw-rw-rw-  1 cms003 cms    24524 Mar 28  2008 ProcInfo.py
-rw-r--r--  1 cms003 cms    23470 Nov 27 03:04 ProcInfo.pyc
drwxrwxrwx  7 cms003 cms     4096 Nov 27 03:04 ProdCommon
drwxrwxrwx  3 cms003 cms     4096 Nov 27 03:04 WMCore
-rw-r--r--  1 cms003 cms     1210 Nov 27 03:05 Watchdog_19.log
-rw-rw-rw-  1 cms003 cms    32895 Mar 28  2008 apmon.py
-rw-r--r--  1 cms003 cms    28874 Nov 27 03:04 apmon.pyc
-rw-rw-rw-  1 cms003 cms    94355 Nov 27 03:04 arguments.xml
-rwxrwxrwx  1 cms003 cms    37427 Sep 13 14:14 cmscp.py
-rwxrwxrwx  1 cms003 cms    23329 Nov 27 03:04 condor_exec.exe
-rw-rw-rw-  1 cms003 cms      540 Nov 27 01:43 crab.cfg
-rwxrwxrwx  1 cms003 cms     9531 Sep 20 21:46 crabWatchdog.sh
-rw-r--r--  1 cms003 cms    30206 Nov 27 03:06 crab_fjr_19.xml
-rw-rw-rw-  1 cms003 cms 25796279 Nov 27 03:04 default.tgz
-rwxrwxrwx  1 cms003 cms     4488 May 12  2012 fillCrabFjr.py
-rw-r--r--  1 cms003 cms      910 Nov 27 03:04 inputsReport.txt
-rw-r--r--  1 cms003 cms      131 Nov 27 03:06 jobreport.txt
lrwxrwxrwx  1 cms003 cms      107 Nov 27 03:06 optHistograms.root -> /home/cms003/home_creur_235990267/CREAM235990267/glide_yt9324/execute/dir_32474/optHistograms_19_1_bxG.root
-rw-r--r--  1 cms003 cms    17081 Nov 27 03:06 optHistograms_19_1_bxG.root
-rw-rw-rw-  1 cms003 cms    17352 Jan 20  2012 parseCrabFjr.py
-rw-r--r--  1 cms003 cms      285 Nov 27 03:04 report.log
-rwxrwxrwx  1 cms003 cms     1497 May 27  2009 report.py
-rwxrwxrwx  1 cms003 cms     8387 Mar 23  2011 writeCfg.py
-rw-------  1 cms003 cms     8687 Nov 27 03:04 x509up_u1000009
Checking output files:  
will tar file optHistograms_19_1_bxG.root in  out_files_19
will tar file crab_fjr_19.xml in  out_files_19
will tar file CMSSW_19.stdout in  out_files_19
will tar file CMSSW_19.stderr in  out_files_19
WARNING: output file Watchdog_19.log.gz not found!
>>> padding time: Sleeping the wrapper for 482 seconds
STOPPING WATCHDOG. CrabWatchdog PID is 2189
********** LAST 50 LINES OF WATCHDOG LOG
# RESOURCE USAGE SUMMARY FOR PROCESS ID   686
USER       PID %CPU %MEM    VSZ   RSS TTY      STAT START   TIME COMMAND
cms003     686  0.4  0.0   8956  1488 ?        S    03:04   0:00 /bin/sh /home/cms003/home_creur_235990267/CREAM235990267/glide_yt9324/execute/dir_32474/condor_exec.exe 19 1
 
# LIMITS USED BY THIS WATCHDOG:
# RSS  (KBytes)  : 2300000
# VSZ  (KBytes)  : 100000000
# DISK (MBytes)  : 19000
# CPU  (seconds) : 171600
# WALL (seconds) : 171600
 
# FOLLOWING PRINTOUT TRACKS MAXIMUM VALUES OF RESOURCES USE
# ONE LINE IS PRINTED EACH TIME A MAXIMUM CHANGES
# IF CHANGE WAS IN RSS OR VSZ ALSO PROCID AND COMMAND ARE PRINTED
# THERE IS NO PRINTOUT FOR CPU/WALL TIME INCREASE
 
# TIME			PID	RSS(KB)	VSZ(KB)	Dsk(MB)	tCPU(s)	tWALL(s)	COMMAND
 Nov 27 03:04:43 EET	686	1488	8956	0	0	7	/bin/sh /home/cms003/home_creur_235990267/CREAM235990267/glide_yt9324/execute/dir_32474/condor_exec.exe 19 1      
 Nov 27 03:04:43 EET	2200	22060	84728	0	0	1	edmConfigHash pset.py        
 Nov 27 03:04:43 EET	---	22060	84728	168	----	----	----
 Nov 27 03:05:49 EET	2845	353080	552040	168	25	58	cmsRun -j /home/cms003/home_creur_235990267/CREAM235990267/glide_yt9324/execute/dir_32474/crab_fjr_19.xml -p pset.py     
 Nov 27 03:06:54 EET	---	353080	552040	169	----	----	----
********** WATCHDOG LOG ENDED
ZIPPING WATCHDOG LOG
Disk space used:
du -sh /home/cms003/home_creur_235990267/CREAM235990267/glide_yt9324/execute/dir_32474
169M	/home/cms003/home_creur_235990267/CREAM235990267/glide_yt9324/execute/dir_32474
>>> info for dashboard:
***** Cat /home/cms003/home_creur_235990267/CREAM235990267/glide_yt9324/execute/dir_32474/jobreport.txt *****
MonitorJobID=19_https://submit-2.t2.ucsd.edu//121127//17539.18
MonitorID=liis_crab_0_121127_014318_qg185f
ExeTime=85
ExeExitCode=0
CrabUserCpuTime=36.51
CrabSysCpuTime=4.85
CrabCpuPercentage=48%
CrabWrapperTime=600
CrabStageoutTime=NULL
***** End Cat jobreport *****
Parameters sent to Dashboard.
optHistograms_19_1_bxG.root
crab_fjr_19.xml
CMSSW_19.stdout
CMSSW_19.stderr
Watchdog_19.log.gz
tar: .BrokerInfo: Cannot stat: No such file or directory
tar: Error exit delayed from previous errors
Total Output dimension: 18801
WARNING: output files size limit is set to: 50000000
Total Output dimension 18801 is fine.
JOB_EXIT_STATUS = 0
>>> info for dashboard:
***** Cat /home/cms003/home_creur_235990267/CREAM235990267/glide_yt9324/execute/dir_32474/jobreport.txt *****
MonitorJobID=19_https://submit-2.t2.ucsd.edu//121127//17539.18
MonitorID=liis_crab_0_121127_014318_qg185f
JobExitCode=0
***** End Cat jobreport *****
Parameters sent to Dashboard.
optHistograms_19_1_bxG.root
crab_fjr_19.xml
