This script was generated by crab (version 2.8.3).
Running /home/cms019/home_crobe_139658788/CREAM139658788/glide_KS1822/execute/dir_12550/condor_exec.exe with 2 positional parameters: 29 1
Today is Tue Nov 27 03:05:45 EET 2012
Job submitted on host wn-v-2036.local
Linux wn-v-2036.local 2.6.32-042stab059.7 #1 SMP Tue Jul 24 19:12:01 MSK 2012 x86_64 x86_64 x86_64 GNU/Linux
>>> current directory (RUNTIME_AREA): /home/cms019/home_crobe_139658788/CREAM139658788/glide_KS1822/execute/dir_12550
>>> current user: uid=11019(cms019) gid=1400(cms) groups=1400(cms)
>>> voms proxy information:
subject   : /DC=ch/DC=cern/OU=Organic Units/OU=Users/CN=liis/CN=663550/CN=Liis Rebane/CN=proxy/CN=limited proxy
issuer    : /DC=ch/DC=cern/OU=Organic Units/OU=Users/CN=liis/CN=663550/CN=Liis Rebane/CN=proxy
identity  : /DC=ch/DC=cern/OU=Organic Units/OU=Users/CN=liis/CN=663550/CN=Liis Rebane/CN=proxy
type      : limited proxy
strength  : 512 bits
path      : /home/cms019/home_crobe_139658788/CREAM139658788/glide_KS1822/execute/dir_12550/x509up_u1000009
timeleft  : 23:59:54
key usage : Digital Signature, Key Encipherment, Data Encipherment
=== VO cms extension information ===
VO        : cms
subject   : /DC=ch/DC=cern/OU=Organic Units/OU=Users/CN=liis/CN=663550/CN=Liis Rebane
issuer    : /DC=ch/DC=cern/OU=computers/CN=lcg-voms.cern.ch
attribute : /cms/Role=NULL/Capability=NULL
timeleft  : 190:19:52
uri       : lcg-voms.cern.ch:15002
>>> tar xzf /home/cms019/home_crobe_139658788/CREAM139658788/glide_KS1822/execute/dir_12550/default.tgz :
Successful untar
>>> Include /home/cms019/home_crobe_139658788/CREAM139658788/glide_KS1822/execute/dir_12550 in PYTHONPATH:
strip arguments
env var CRAB_UNIQUE_JOB_ID set to: liis_crab_0_121127_014318_qg185f_29_1_EoQ
out_files_29
>>> list of expected files on output sandbox
output files: optHistograms_29_1_EoQ.root crab_fjr_29.xml CMSSW_29.stdout CMSSW_29.stderr Watchdog_29.log.gz
>>> GridFlavour discovery: 
GridFlavour=LCG
>>> SyncSite discovery: 
SyncSite=T2_EE_Estonia
>>> SyncCE discovery: 
getting SyncCE from CE_ID
SyncCE=oberon.hep.kbfi.ee:8443/cream-pbs-long
>>> info for dashboard:
***** Cat /home/cms019/home_crobe_139658788/CREAM139658788/glide_KS1822/execute/dir_12550/jobreport.txt *****
MonitorJobID=29_https://submit-2.t2.ucsd.edu//121127//17539.28
SyncGridJobId=https://submit-2.t2.ucsd.edu//121127//17539.28
MonitorID=liis_crab_0_121127_014318_qg185f
GridFlavour=LCG
SyncSite=T2_EE_Estonia
SyncCE=oberon.hep.kbfi.ee:8443/cream-pbs-long
***** End Cat jobreport *****
Parameters sent to Dashboard.
>>> setup environment
set SCRAM ARCH to slc5_amd64_gcc462
SCRAM_ARCH = slc5_amd64_gcc462
>>> setup CMS LCG environment:
set SCRAM ARCH and BUILD_ARCH to slc5_amd64_gcc462 ###
Sourcing environment... 
sourcing /cvmfs/cms.cern.ch/cmsset_default.sh
==> setup cms environment ok
>>> specific cmssw setup environment:
CMSSW_VERSION =  CMSSW_5_3_5
>>> current directory (SOFTWARE_DIR): /home/cms019/home_crobe_139658788/CREAM139658788/glide_KS1822/execute/dir_12550/CMSSW_5_3_5
PreserveSeeds: <>
IncrementSeeds:<>
{}
WNHostName=wn-v-2036.local
>>> info for dashboard:
***** Cat /home/cms019/home_crobe_139658788/CREAM139658788/glide_KS1822/execute/dir_12550/jobreport.txt *****
MonitorJobID=29_https://submit-2.t2.ucsd.edu//121127//17539.28
MonitorID=liis_crab_0_121127_014318_qg185f
WNHostName=wn-v-2036.local
***** End Cat jobreport *****
Parameters sent to Dashboard.
crabWatchdog started as process 17731
>>> moving CMSSW software directories in /home/cms019/home_crobe_139658788/CREAM139658788/glide_KS1822/execute/dir_12550/CMSSW_5_3_5
mv: cannot stat `/home/cms019/home_crobe_139658788/CREAM139658788/glide_KS1822/execute/dir_12550/module/': No such file or directory
>>> Include /home/cms019/home_crobe_139658788/CREAM139658788/glide_KS1822/execute/dir_12550 in PYTHONPATH:
PYTHONPATH=/home/cms019/home_crobe_139658788/CREAM139658788/glide_KS1822/execute/dir_12550/:/home/cms019/home_crobe_139658788/CREAM139658788/glide_KS1822/execute/dir_12550/CMSSW_5_3_5/python:/home/cms019/home_crobe_139658788/CREAM139658788/glide_KS1822/execute/dir_12550/CMSSW_5_3_5/lib/slc5_amd64_gcc462:/cvmfs/cms.cern.ch/slc5_amd64_gcc462/cms/cmssw/CMSSW_5_3_5/python:/cvmfs/cms.cern.ch/slc5_amd64_gcc462/cms/cmssw/CMSSW_5_3_5/lib/slc5_amd64_gcc462:/cvmfs/cms.cern.ch/slc5_amd64_gcc462/cms/coral/CORAL_2_3_21-cms27/slc5_amd64_gcc462/python:/cvmfs/cms.cern.ch/slc5_amd64_gcc462/cms/coral/CORAL_2_3_21-cms27/slc5_amd64_gcc462/lib:/cvmfs/cms.cern.ch/slc5_amd64_gcc462/external/pyqt/4.8.1/lib/python2.6/site-packages:/cvmfs/cms.cern.ch/slc5_amd64_gcc462/external/py2-scipy/0.8.0/lib/python2.6/site-packages:/cvmfs/cms.cern.ch/slc5_amd64_gcc462/external/py2-matplotlib/1.0.1/lib/python2.6/site-packages:/cvmfs/cms.cern.ch/slc5_amd64_gcc462/external/python-ldap/2.3.5/lib/python2.6/site-packages:/cvmfs/cms.cern.ch/slc5_amd64_gcc462/external/sip/4.11.2/lib/python2.6/site-packages:/cvmfs/cms.cern.ch/slc5_amd64_gcc462/external/py2-pycurl/7.19.0/lib/python2.6/site-packages:/cvmfs/cms.cern.ch/slc5_amd64_gcc462/external/py2-numpy/1.6.1/lib/python2.6/site-packages:/cvmfs/cms.cern.ch/slc5_amd64_gcc462/external/py2-ipython/0.10/lib/python2.6/site-packages:/cvmfs/cms.cern.ch/slc5_amd64_gcc462/external/py2-cx-oracle/5.1-cms11/lib/python2.6/site-packages:/cvmfs/cms.cern.ch/slc5_amd64_gcc462/external/py2-cjson/1.0.5/lib/python2.6/site-packages:/cvmfs/cms.cern.ch/slc5_amd64_gcc462/cms/das-client/1.4.1-cms8/bin:/cvmfs/cms.cern.ch/slc5_amd64_gcc462/external/elementtree/1.2.6/share/lib/python2.6/site-packages:/cvmfs/cms.cern.ch/slc5_amd64_gcc462/external/rivet/1.5.1-cms10/lib/python2.6/site-packages:/cvmfs/cms.cern.ch/slc5_amd64_gcc462/external/pyminuit2/0.0.1-cms34/lib/python2.6/site-packages:/cvmfs/cms.cern.ch/slc5_amd64_gcc462/external/professor/1.0.0-cms35/lib/python2.6/site-packages:/cvmfs/cms.cern.ch/slc5_amd64_gcc462/lcg/root/5.32.00-cms18/lib:/cvmfs/cms.cern.ch/slc5_amd64_gcc462/cms/dbs-client/DBS_2_1_1_patch1_1/lib:/cvmfs/cms.cern.ch/slc5_amd64_gcc462/cms/dbs-client/DBS_2_1_1_patch1_1/lib/DBSAPI:/home/cms019/home_crobe_139658788/CREAM139658788/glide_KS1822/execute/dir_12550/
241a2a19cb7c5c8751ba22759ab3bdb0
PSETHASH = 241a2a19cb7c5c8751ba22759ab3bdb0
/home/cms019/home_crobe_139658788/CREAM139658788/glide_KS1822/execute/dir_12550/writeCfg.py pset.py pset.py
Importing .py file
Setting parameters
inputBlocks=/QCD_Pt_80_170_BCtoE_TuneZ2star_8TeV_pythia6/mario-Summer12-stop-pfele-step1-3d176ac8da5e9dff208d057f4733ca91/USER#2ed06c41-0731-4095-8a1a-4cabfa3cddd9
inputFiles=/store/user/mario/QCD_Pt_80_170_BCtoE_TuneZ2star_8TeV_pythia6/Summer12-stop-pfele-step1/3d176ac8da5e9dff208d057f4733ca91/tuple_121_2_JLd.root;/store/user/mario/QCD_Pt_80_170_BCtoE_TuneZ2star_8TeV_pythia6/Summer12-stop-pfele-step1/3d176ac8da5e9dff208d057f4733ca91/tuple_141_2_NR4.root;/store/user/mario/QCD_Pt_80_170_BCtoE_TuneZ2star_8TeV_pythia6/Summer12-stop-pfele-step1/3d176ac8da5e9dff208d057f4733ca91/tuple_144_2_9ek.root;/store/user/mario/QCD_Pt_80_170_BCtoE_TuneZ2star_8TeV_pythia6/Summer12-stop-pfele-step1/3d176ac8da5e9dff208d057f4733ca91/tuple_185_2_GtH.root
parentFiles=
lumisRange=
>>> Executable cmsRun
/cvmfs/cms.cern.ch/slc5_amd64_gcc462/cms/cmssw/CMSSW_5_3_5/bin/slc5_amd64_gcc462/cmsRun
ok executable found
>>> info for dashboard:
***** Cat /home/cms019/home_crobe_139658788/CREAM139658788/glide_KS1822/execute/dir_12550/jobreport.txt *****
MonitorJobID=29_https://submit-2.t2.ucsd.edu//121127//17539.28
MonitorID=liis_crab_0_121127_014318_qg185f
ExeStart=cmsRun
***** End Cat jobreport *****
Parameters sent to Dashboard.
>>> cmsRun started at Tue Nov 27 01:06:06 UTC 2012
>>> cmsRun ended at Tue Nov 27 01:07:23 UTC 2012
>>> info for dashboard:
***** Cat /home/cms019/home_crobe_139658788/CREAM139658788/glide_KS1822/execute/dir_12550/jobreport.txt *****
MonitorJobID=29_https://submit-2.t2.ucsd.edu//121127//17539.28
MonitorID=liis_crab_0_121127_014318_qg185f
ExeEnd=cmsRun
***** End Cat jobreport *****
Parameters sent to Dashboard.
TIME_EXE = 77 sec
>>> cmsRun wrote 39 lines of stdout+stderr
>>> START OF printout of 39 lines from stdout+stderr
27-Nov-2012 03:06:22 EET  Initiating request to open file file:/hdfs/cms/store/user/mario/QCD_Pt_80_170_BCtoE_TuneZ2star_8TeV_pythia6/Summer12-stop-pfele-step1/3d176ac8da5e9dff208d057f4733ca91/tuple_121_2_JLd.root
27-Nov-2012 03:06:29 EET  Successfully opened file file:/hdfs/cms/store/user/mario/QCD_Pt_80_170_BCtoE_TuneZ2star_8TeV_pythia6/Summer12-stop-pfele-step1/3d176ac8da5e9dff208d057f4733ca91/tuple_121_2_JLd.root
Begin processing the 1st record. Run 1, Event 133940211, LumiSection 3042 at 27-Nov-2012 03:06:35.459 EET
Begin processing the 1001st record. Run 1, Event 135482280, LumiSection 3077 at 27-Nov-2012 03:06:42.748 EET
Begin processing the 2001st record. Run 1, Event 146943337, LumiSection 3337 at 27-Nov-2012 03:06:46.132 EET
27-Nov-2012 03:06:46 EET  Closed file file:/hdfs/cms/store/user/mario/QCD_Pt_80_170_BCtoE_TuneZ2star_8TeV_pythia6/Summer12-stop-pfele-step1/3d176ac8da5e9dff208d057f4733ca91/tuple_121_2_JLd.root
27-Nov-2012 03:06:46 EET  Initiating request to open file file:/hdfs/cms/store/user/mario/QCD_Pt_80_170_BCtoE_TuneZ2star_8TeV_pythia6/Summer12-stop-pfele-step1/3d176ac8da5e9dff208d057f4733ca91/tuple_141_2_NR4.root
27-Nov-2012 03:06:46 EET  Successfully opened file file:/hdfs/cms/store/user/mario/QCD_Pt_80_170_BCtoE_TuneZ2star_8TeV_pythia6/Summer12-stop-pfele-step1/3d176ac8da5e9dff208d057f4733ca91/tuple_141_2_NR4.root
Begin processing the 3001st record. Run 1, Event 27406128, LumiSection 623 at 27-Nov-2012 03:06:55.047 EET
Begin processing the 4001st record. Run 1, Event 83325401, LumiSection 1893 at 27-Nov-2012 03:06:58.766 EET
27-Nov-2012 03:06:59 EET  Closed file file:/hdfs/cms/store/user/mario/QCD_Pt_80_170_BCtoE_TuneZ2star_8TeV_pythia6/Summer12-stop-pfele-step1/3d176ac8da5e9dff208d057f4733ca91/tuple_141_2_NR4.root
27-Nov-2012 03:06:59 EET  Initiating request to open file file:/hdfs/cms/store/user/mario/QCD_Pt_80_170_BCtoE_TuneZ2star_8TeV_pythia6/Summer12-stop-pfele-step1/3d176ac8da5e9dff208d057f4733ca91/tuple_144_2_9ek.root
27-Nov-2012 03:06:59 EET  Successfully opened file file:/hdfs/cms/store/user/mario/QCD_Pt_80_170_BCtoE_TuneZ2star_8TeV_pythia6/Summer12-stop-pfele-step1/3d176ac8da5e9dff208d057f4733ca91/tuple_144_2_9ek.root
Begin processing the 5001st record. Run 1, Event 172030316, LumiSection 3907 at 27-Nov-2012 03:07:05.428 EET
Begin processing the 6001st record. Run 1, Event 181635813, LumiSection 4125 at 27-Nov-2012 03:07:08.216 EET
27-Nov-2012 03:07:08 EET  Closed file file:/hdfs/cms/store/user/mario/QCD_Pt_80_170_BCtoE_TuneZ2star_8TeV_pythia6/Summer12-stop-pfele-step1/3d176ac8da5e9dff208d057f4733ca91/tuple_144_2_9ek.root
27-Nov-2012 03:07:08 EET  Initiating request to open file file:/hdfs/cms/store/user/mario/QCD_Pt_80_170_BCtoE_TuneZ2star_8TeV_pythia6/Summer12-stop-pfele-step1/3d176ac8da5e9dff208d057f4733ca91/tuple_185_2_GtH.root
27-Nov-2012 03:07:09 EET  Successfully opened file file:/hdfs/cms/store/user/mario/QCD_Pt_80_170_BCtoE_TuneZ2star_8TeV_pythia6/Summer12-stop-pfele-step1/3d176ac8da5e9dff208d057f4733ca91/tuple_185_2_GtH.root
Begin processing the 7001st record. Run 1, Event 108563090, LumiSection 2466 at 27-Nov-2012 03:07:17.043 EET
Begin processing the 8001st record. Run 1, Event 122648879, LumiSection 2786 at 27-Nov-2012 03:07:20.296 EET
27-Nov-2012 03:07:21 EET  Closed file file:/hdfs/cms/store/user/mario/QCD_Pt_80_170_BCtoE_TuneZ2star_8TeV_pythia6/Summer12-stop-pfele-step1/3d176ac8da5e9dff208d057f4733ca91/tuple_185_2_GtH.root

=============================================

MessageLogger Summary

 type     category        sev    module        subroutine        count    total
 ---- -------------------- -- ---------------- ----------------  -----    -----
    1 fileAction           -s file_close                             4        4
    2 fileAction           -s file_open                              8        8

 type    category    Examples: run/evt        run/evt          run/evt
 ---- -------------------- ---------------- ---------------- ----------------
    1 fileAction           PostProcessEvent PostProcessEvent PostEndRun
    2 fileAction           pre-events       pre-events       PostProcessEvent

Severity    # Occurrences   Total Occurrences
--------    -------------   -----------------
System                 12                  12
>>> END OF printout of 39 lines from stdout+stderr
>>> Parse FrameworkJobReport crab_fjr.xml
Result of parsing the FrameworkJobReport crab_fjr.xml: Popularity start
lumisRange : 1::3042,3047,3068,3077,3084,3086,3173,3198,3219,3315,3337,3397::1;1::1592,1759,2018,2022,2466,2539,2659,2679,2786,2810,2814::2;1::547,623-624,1395,1678-1679,1891,1893,3881,3925-3926::3;1::313,3789,3805,3896,3901,3907,3930,3940,3980,4106,4125::4;
lumisParentRange : 
Basename : /store/user/mario/QCD_Pt_80_170_BCtoE_TuneZ2star_8TeV_pythia6/Summer12-stop-pfele-step1/3d176ac8da5e9dff208d057f4733ca91/tuple_1
BasenameParent : 
parentFiles : 
inputBlocks : /QCD_Pt_80_170_BCtoE_TuneZ2star_8TeV_pythia6/mario-Summer12-stop-pfele-step1-3d176ac8da5e9dff208d057f4733ca91/USER#2ed06c41-0731-4095-8a1a-4cabfa3cddd9
inputFiles : 21_2_JLd.root::1::EDM::Local::1;85_2_GtH.root::1::EDM::Local::2;41_2_NR4.root::1::EDM::Local::3;44_2_9ek.root::1::EDM::Local::4;
Popularity stop
Extracted ExitStatus from FrameworkJobReport parsing output: 0
>>> Executable succeded  0
ExeExitCode=0
EXECUTABLE_EXIT_STATUS = 0
>>> current directory /home/cms019/home_crobe_139658788/CREAM139658788/glide_KS1822/execute/dir_12550/CMSSW_5_3_5
>>>  (SOFTWARE_DIR): /home/cms019/home_crobe_139658788/CREAM139658788/glide_KS1822/execute/dir_12550/CMSSW_5_3_5
>>> (WORKING_DIR): 
>>> current directory content:
total 144
drwxr-xr-x 3 cms019 cms  4096 Nov 27 03:05 .SCRAM
-rw-r--r-- 1 cms019 cms 30066 Nov 27 03:05 CMSSW.py.pkl
drwxr-xr-x 3 cms019 cms  4096 Nov 27 03:05 bin
drwxr-xr-x 3 cms019 cms  4096 Nov 27 03:05 cfipython
drwxr-xr-x 5 cms019 cms  4096 Nov 27 03:05 config
-rw-r--r-- 1 cms019 cms    15 Nov 27 03:07 cpu_timing.txt
drwxr-xr-x 2 cms019 cms  4096 Nov 27 03:05 doc
-rw-r--r-- 1 cms019 cms  4265 Nov 27 03:07 executable.out
drwxr-xr-x 2 cms019 cms  4096 Nov 27 03:05 include
drwxrwxrwx 3 cms019 cms  4096 Oct 22 16:38 lib
drwxr-xr-x 3 cms019 cms  4096 Nov 27 03:05 logs
drwxr-xr-x 3 cms019 cms  4096 Nov 27 03:05 objs
-rw-r--r-- 1 cms019 cms 16384 Nov 27 03:07 optHistograms.root
-rw-r--r-- 1 cms019 cms   104 Nov 27 03:06 pset.py
-rw-r--r-- 1 cms019 cms 19306 Nov 27 03:06 pset.py.pkl
-rw-r--r-- 1 cms019 cms   289 Nov 27 03:06 pset.pyc
drwxr-xr-x 2 cms019 cms  4096 Nov 27 03:05 python
-rw-r--r-- 1 cms019 cms   420 Nov 27 03:07 report.log
drwxrwxrwx 4 cms019 cms  4096 Nov 27 03:05 src
drwxr-xr-x 3 cms019 cms  4096 Nov 27 03:05 test
drwxr-xr-x 3 cms019 cms  4096 Nov 27 03:05 tmp
>>> current directory /home/cms019/home_crobe_139658788/CREAM139658788/glide_KS1822/execute/dir_12550/CMSSW_5_3_5
>>> (SOFTWARE_DIR): /home/cms019/home_crobe_139658788/CREAM139658788/glide_KS1822/execute/dir_12550/CMSSW_5_3_5
>>> (WORKING_DIR): 
>>> current directory content:
total 128
drwxr-xr-x 3 cms019 cms  4096 Nov 27 03:05 .SCRAM
-rw-r--r-- 1 cms019 cms 30066 Nov 27 03:05 CMSSW.py.pkl
drwxr-xr-x 3 cms019 cms  4096 Nov 27 03:05 bin
drwxr-xr-x 3 cms019 cms  4096 Nov 27 03:05 cfipython
drwxr-xr-x 5 cms019 cms  4096 Nov 27 03:05 config
-rw-r--r-- 1 cms019 cms    15 Nov 27 03:07 cpu_timing.txt
drwxr-xr-x 2 cms019 cms  4096 Nov 27 03:05 doc
-rw-r--r-- 1 cms019 cms  4265 Nov 27 03:07 executable.out
drwxr-xr-x 2 cms019 cms  4096 Nov 27 03:05 include
drwxrwxrwx 3 cms019 cms  4096 Oct 22 16:38 lib
drwxr-xr-x 3 cms019 cms  4096 Nov 27 03:05 logs
drwxr-xr-x 3 cms019 cms  4096 Nov 27 03:05 objs
-rw-r--r-- 1 cms019 cms   104 Nov 27 03:06 pset.py
-rw-r--r-- 1 cms019 cms 19306 Nov 27 03:06 pset.py.pkl
-rw-r--r-- 1 cms019 cms   289 Nov 27 03:06 pset.pyc
drwxr-xr-x 2 cms019 cms  4096 Nov 27 03:05 python
-rw-r--r-- 1 cms019 cms   420 Nov 27 03:07 report.log
drwxrwxrwx 4 cms019 cms  4096 Nov 27 03:05 src
drwxr-xr-x 3 cms019 cms  4096 Nov 27 03:05 test
drwxr-xr-x 3 cms019 cms  4096 Nov 27 03:05 tmp
>>> current directory (RUNTIME_AREA):  /home/cms019/home_crobe_139658788/CREAM139658788/glide_KS1822/execute/dir_12550
>>> current dir: /home/cms019/home_crobe_139658788/CREAM139658788/glide_KS1822/execute/dir_12550
>>> current dir content:
total 25744
-rw-rw-rw-  1 cms019 cms     5602 Nov 27 03:05 .job.ad
-rw-rw-rw-  1 cms019 cms    11428 Nov 27 03:05 .machine.ad
-rw-rw-rw-  1 cms019 cms      105 Nov 27 01:43 CMSSW.py
-rw-rw-rw-  1 cms019 cms    30066 Nov 27 01:43 CMSSW.py.pkl
-rwxrw-rw-  1 cms019 cms    23329 Nov 27 03:05 CMSSW.sh
-rw-rw-rw-  1 cms019 cms        0 Nov 27 03:05 CMSSW_29.stderr
-rw-rw-rw-  1 cms019 cms    16335 Nov 27 03:07 CMSSW_29.stdout
drwxr-xr-x 15 cms019 cms     4096 Nov 27 03:07 CMSSW_5_3_5
-rw-r--r--  1 cms019 cms      347 Nov 27 03:05 CacheEnv.sh
-rw-rw-rw-  1 cms019 cms     7291 Jun  9  2010 DashboardAPI.py
-rw-r--r--  1 cms019 cms     6883 Nov 27 03:05 DashboardAPI.pyc
drwxrwxrwx  3 cms019 cms     4096 Nov 27 03:07 IMProv
-rw-rw-rw-  1 cms019 cms     2748 Mar  8  2006 Logger.py
-rw-r--r--  1 cms019 cms     3353 Nov 27 03:05 Logger.pyc
-rw-rw-rw-  1 cms019 cms    24524 Mar 28  2008 ProcInfo.py
-rw-r--r--  1 cms019 cms    23470 Nov 27 03:05 ProcInfo.pyc
drwxrwxrwx  7 cms019 cms     4096 Nov 27 03:06 ProdCommon
drwxrwxrwx  3 cms019 cms     4096 Nov 27 03:05 WMCore
-rw-r--r--  1 cms019 cms     1757 Nov 27 03:07 Watchdog_29.log
-rw-rw-rw-  1 cms019 cms    32895 Mar 28  2008 apmon.py
-rw-r--r--  1 cms019 cms    28874 Nov 27 03:05 apmon.pyc
-rw-rw-rw-  1 cms019 cms    94355 Nov 27 03:05 arguments.xml
-rwxrwxrwx  1 cms019 cms    37427 Sep 13 14:14 cmscp.py
-rwxrwxrwx  1 cms019 cms    23329 Nov 27 03:05 condor_exec.exe
-rw-rw-rw-  1 cms019 cms      540 Nov 27 01:43 crab.cfg
-rwxrwxrwx  1 cms019 cms     9531 Sep 20 21:46 crabWatchdog.sh
-rw-r--r--  1 cms019 cms    26812 Nov 27 03:07 crab_fjr_29.xml
-rw-rw-rw-  1 cms019 cms 25796279 Nov 27 03:05 default.tgz
-rwxrwxrwx  1 cms019 cms     4488 May 12  2012 fillCrabFjr.py
-rw-r--r--  1 cms019 cms      768 Nov 27 03:06 inputsReport.txt
-rw-r--r--  1 cms019 cms      131 Nov 27 03:07 jobreport.txt
lrwxrwxrwx  1 cms019 cms      107 Nov 27 03:07 optHistograms.root -> /home/cms019/home_crobe_139658788/CREAM139658788/glide_KS1822/execute/dir_12550/optHistograms_29_1_EoQ.root
-rw-r--r--  1 cms019 cms    16384 Nov 27 03:07 optHistograms_29_1_EoQ.root
-rw-rw-rw-  1 cms019 cms    17352 Jan 20  2012 parseCrabFjr.py
-rw-r--r--  1 cms019 cms      285 Nov 27 03:05 report.log
-rwxrwxrwx  1 cms019 cms     1497 May 27  2009 report.py
-rwxrwxrwx  1 cms019 cms     8387 Mar 23  2011 writeCfg.py
-rw-------  1 cms019 cms     8691 Nov 27 03:05 x509up_u1000009
Checking output files:  
will tar file optHistograms_29_1_EoQ.root in  out_files_29
will tar file crab_fjr_29.xml in  out_files_29
will tar file CMSSW_29.stdout in  out_files_29
will tar file CMSSW_29.stderr in  out_files_29
WARNING: output file Watchdog_29.log.gz not found!
>>> padding time: Sleeping the wrapper for 487 seconds
STOPPING WATCHDOG. CrabWatchdog PID is 17731
********** LAST 50 LINES OF WATCHDOG LOG
# RESOURCE USAGE SUMMARY FOR PROCESS ID 13737
USER       PID %CPU %MEM    VSZ   RSS TTY      STAT START   TIME COMMAND
cms019   13737  0.2  0.0   8956  1488 ?        S    03:05   0:00 /bin/sh /home/cms019/home_crobe_139658788/CREAM139658788/glide_KS1822/execute/dir_12550/condor_exec.exe 29 1
 
# LIMITS USED BY THIS WATCHDOG:
# RSS  (KBytes)  : 2300000
# VSZ  (KBytes)  : 100000000
# DISK (MBytes)  : 19000
# CPU  (seconds) : 171600
# WALL (seconds) : 171600
 
# FOLLOWING PRINTOUT TRACKS MAXIMUM VALUES OF RESOURCES USE
# ONE LINE IS PRINTED EACH TIME A MAXIMUM CHANGES
# IF CHANGE WAS IN RSS OR VSZ ALSO PROCID AND COMMAND ARE PRINTED
# THERE IS NO PRINTOUT FOR CPU/WALL TIME INCREASE
 
# TIME			PID	RSS(KB)	VSZ(KB)	Dsk(MB)	tCPU(s)	tWALL(s)	COMMAND
 Nov 27 03:05:56 EET	1341	1328	8896	0	0	4298	-bash         
 Nov 27 03:05:56 EET	1436	1488	8952	0	0	4299	/bin/sh -l ./CREAM139658788_jobWrapper.sh       
 Nov 27 03:05:56 EET	1488	3820	8952	0	8	3336	condor_procd -A /home/cms019/home_crobe_139658788/CREAM139658788/glide_KS1822/log/procd_address.STARTD -L /home/cms019/home_crobe_139658788/CREAM139658788/glide_KS1822/log/ProcLog.STARTD -R 10000000 -S 60 -C
 Nov 27 03:05:56 EET	1734	3820	25504	0	0	4297	perl -e ?use Socket;??sub send_notify {? $cream_url = "193.40.150.124:49152";die "No
 Nov 27 03:05:56 EET	10455	6068	25504	0	2	4283	/home/cms019/home_crobe_139658788/CREAM139658788/glide_KS1822/main/condor/sbin/condor_master -f -pidfile /home/cms019/home_crobe_139658788/CREAM139658788/glide_KS1822/condor_master2.pid      
 Nov 27 03:05:56 EET	---	6068	25504	168	----	----	----
 Nov 27 03:07:02 EET	21161	314440	496484	168	33	63	cmsRun -j /home/cms019/home_crobe_139658788/CREAM139658788/glide_KS1822/execute/dir_12550/crab_fjr_29.xml -p pset.py     
 Nov 27 03:08:09 EET	---	314440	496484	169	----	----	----
********** WATCHDOG LOG ENDED
ZIPPING WATCHDOG LOG
Disk space used:
du -sh /home/cms019/home_crobe_139658788/CREAM139658788/glide_KS1822/execute/dir_12550
169M	/home/cms019/home_crobe_139658788/CREAM139658788/glide_KS1822/execute/dir_12550
>>> info for dashboard:
***** Cat /home/cms019/home_crobe_139658788/CREAM139658788/glide_KS1822/execute/dir_12550/jobreport.txt *****
MonitorJobID=29_https://submit-2.t2.ucsd.edu//121127//17539.28
MonitorID=liis_crab_0_121127_014318_qg185f
ExeTime=77
ExeExitCode=0
CrabUserCpuTime=36.83
CrabSysCpuTime=5.03
CrabCpuPercentage=54%
CrabWrapperTime=600
CrabStageoutTime=NULL
***** End Cat jobreport *****
Parameters sent to Dashboard.
optHistograms_29_1_EoQ.root
crab_fjr_29.xml
CMSSW_29.stdout
CMSSW_29.stderr
Watchdog_29.log.gz
tar: .BrokerInfo: Cannot stat: No such file or directory
tar: Error exit delayed from previous errors
Total Output dimension: 18232
WARNING: output files size limit is set to: 50000000
Total Output dimension 18232 is fine.
JOB_EXIT_STATUS = 0
>>> info for dashboard:
***** Cat /home/cms019/home_crobe_139658788/CREAM139658788/glide_KS1822/execute/dir_12550/jobreport.txt *****
MonitorJobID=29_https://submit-2.t2.ucsd.edu//121127//17539.28
MonitorID=liis_crab_0_121127_014318_qg185f
JobExitCode=0
***** End Cat jobreport *****
Parameters sent to Dashboard.
optHistograms_29_1_EoQ.root
crab_fjr_29.xml
