This script was generated by crab (version 2.8.3).
Running /home/cms019/home_crmrs_748905715/CREAM748905715/glide_a18104/execute/dir_28286/condor_exec.exe with 2 positional parameters: 49 1
Today is Tue Nov 27 03:09:37 EET 2012
Job submitted on host wn-v-4520.local
Linux wn-v-4520.local 2.6.32-042stab059.7 #1 SMP Tue Jul 24 19:12:01 MSK 2012 x86_64 x86_64 x86_64 GNU/Linux
>>> current directory (RUNTIME_AREA): /home/cms019/home_crmrs_748905715/CREAM748905715/glide_a18104/execute/dir_28286
>>> current user: uid=11019(cms019) gid=1400(cms) groups=1400(cms)
>>> voms proxy information:
subject   : /DC=ch/DC=cern/OU=Organic Units/OU=Users/CN=liis/CN=663550/CN=Liis Rebane/CN=proxy/CN=limited proxy
issuer    : /DC=ch/DC=cern/OU=Organic Units/OU=Users/CN=liis/CN=663550/CN=Liis Rebane/CN=proxy
identity  : /DC=ch/DC=cern/OU=Organic Units/OU=Users/CN=liis/CN=663550/CN=Liis Rebane/CN=proxy
type      : limited proxy
strength  : 512 bits
path      : /home/cms019/home_crmrs_748905715/CREAM748905715/glide_a18104/execute/dir_28286/x509up_u1000009
timeleft  : 23:59:55
key usage : Digital Signature, Key Encipherment, Data Encipherment
=== VO cms extension information ===
VO        : cms
subject   : /DC=ch/DC=cern/OU=Organic Units/OU=Users/CN=liis/CN=663550/CN=Liis Rebane
issuer    : /DC=ch/DC=cern/OU=computers/CN=lcg-voms.cern.ch
attribute : /cms/Role=NULL/Capability=NULL
timeleft  : 190:16:00
uri       : lcg-voms.cern.ch:15002
>>> tar xzf /home/cms019/home_crmrs_748905715/CREAM748905715/glide_a18104/execute/dir_28286/default.tgz :
Successful untar
>>> Include /home/cms019/home_crmrs_748905715/CREAM748905715/glide_a18104/execute/dir_28286 in PYTHONPATH:
strip arguments
env var CRAB_UNIQUE_JOB_ID set to: liis_crab_0_121127_014318_qg185f_49_1_TWd
out_files_49
>>> list of expected files on output sandbox
output files: optHistograms_49_1_TWd.root crab_fjr_49.xml CMSSW_49.stdout CMSSW_49.stderr Watchdog_49.log.gz
>>> GridFlavour discovery: 
GridFlavour=LCG
>>> SyncSite discovery: 
SyncSite=T2_EE_Estonia
>>> SyncCE discovery: 
getting SyncCE from CE_ID
SyncCE=mars.hep.kbfi.ee:8443/cream-pbs-long
>>> info for dashboard:
***** Cat /home/cms019/home_crmrs_748905715/CREAM748905715/glide_a18104/execute/dir_28286/jobreport.txt *****
MonitorJobID=49_https://submit-2.t2.ucsd.edu//121127//17539.48
SyncGridJobId=https://submit-2.t2.ucsd.edu//121127//17539.48
MonitorID=liis_crab_0_121127_014318_qg185f
GridFlavour=LCG
SyncSite=T2_EE_Estonia
SyncCE=mars.hep.kbfi.ee:8443/cream-pbs-long
***** End Cat jobreport *****
Parameters sent to Dashboard.
>>> setup environment
set SCRAM ARCH to slc5_amd64_gcc462
SCRAM_ARCH = slc5_amd64_gcc462
>>> setup CMS LCG environment:
set SCRAM ARCH and BUILD_ARCH to slc5_amd64_gcc462 ###
Sourcing environment... 
sourcing /cvmfs/cms.cern.ch/cmsset_default.sh
==> setup cms environment ok
>>> specific cmssw setup environment:
CMSSW_VERSION =  CMSSW_5_3_5
>>> current directory (SOFTWARE_DIR): /home/cms019/home_crmrs_748905715/CREAM748905715/glide_a18104/execute/dir_28286/CMSSW_5_3_5
PreserveSeeds: <>
IncrementSeeds:<>
{}
WNHostName=wn-v-4520.local
>>> info for dashboard:
***** Cat /home/cms019/home_crmrs_748905715/CREAM748905715/glide_a18104/execute/dir_28286/jobreport.txt *****
MonitorJobID=49_https://submit-2.t2.ucsd.edu//121127//17539.48
MonitorID=liis_crab_0_121127_014318_qg185f
WNHostName=wn-v-4520.local
***** End Cat jobreport *****
Parameters sent to Dashboard.
crabWatchdog started as process 31115
>>> moving CMSSW software directories in /home/cms019/home_crmrs_748905715/CREAM748905715/glide_a18104/execute/dir_28286/CMSSW_5_3_5
mv: cannot stat `/home/cms019/home_crmrs_748905715/CREAM748905715/glide_a18104/execute/dir_28286/module/': No such file or directory
>>> Include /home/cms019/home_crmrs_748905715/CREAM748905715/glide_a18104/execute/dir_28286 in PYTHONPATH:
PYTHONPATH=/home/cms019/home_crmrs_748905715/CREAM748905715/glide_a18104/execute/dir_28286/:/home/cms019/home_crmrs_748905715/CREAM748905715/glide_a18104/execute/dir_28286/CMSSW_5_3_5/python:/home/cms019/home_crmrs_748905715/CREAM748905715/glide_a18104/execute/dir_28286/CMSSW_5_3_5/lib/slc5_amd64_gcc462:/cvmfs/cms.cern.ch/slc5_amd64_gcc462/cms/cmssw/CMSSW_5_3_5/python:/cvmfs/cms.cern.ch/slc5_amd64_gcc462/cms/cmssw/CMSSW_5_3_5/lib/slc5_amd64_gcc462:/cvmfs/cms.cern.ch/slc5_amd64_gcc462/cms/coral/CORAL_2_3_21-cms27/slc5_amd64_gcc462/python:/cvmfs/cms.cern.ch/slc5_amd64_gcc462/cms/coral/CORAL_2_3_21-cms27/slc5_amd64_gcc462/lib:/cvmfs/cms.cern.ch/slc5_amd64_gcc462/external/pyqt/4.8.1/lib/python2.6/site-packages:/cvmfs/cms.cern.ch/slc5_amd64_gcc462/external/py2-scipy/0.8.0/lib/python2.6/site-packages:/cvmfs/cms.cern.ch/slc5_amd64_gcc462/external/py2-matplotlib/1.0.1/lib/python2.6/site-packages:/cvmfs/cms.cern.ch/slc5_amd64_gcc462/external/python-ldap/2.3.5/lib/python2.6/site-packages:/cvmfs/cms.cern.ch/slc5_amd64_gcc462/external/sip/4.11.2/lib/python2.6/site-packages:/cvmfs/cms.cern.ch/slc5_amd64_gcc462/external/py2-pycurl/7.19.0/lib/python2.6/site-packages:/cvmfs/cms.cern.ch/slc5_amd64_gcc462/external/py2-numpy/1.6.1/lib/python2.6/site-packages:/cvmfs/cms.cern.ch/slc5_amd64_gcc462/external/py2-ipython/0.10/lib/python2.6/site-packages:/cvmfs/cms.cern.ch/slc5_amd64_gcc462/external/py2-cx-oracle/5.1-cms11/lib/python2.6/site-packages:/cvmfs/cms.cern.ch/slc5_amd64_gcc462/external/py2-cjson/1.0.5/lib/python2.6/site-packages:/cvmfs/cms.cern.ch/slc5_amd64_gcc462/cms/das-client/1.4.1-cms8/bin:/cvmfs/cms.cern.ch/slc5_amd64_gcc462/external/elementtree/1.2.6/share/lib/python2.6/site-packages:/cvmfs/cms.cern.ch/slc5_amd64_gcc462/external/rivet/1.5.1-cms10/lib/python2.6/site-packages:/cvmfs/cms.cern.ch/slc5_amd64_gcc462/external/pyminuit2/0.0.1-cms34/lib/python2.6/site-packages:/cvmfs/cms.cern.ch/slc5_amd64_gcc462/external/professor/1.0.0-cms35/lib/python2.6/site-packages:/cvmfs/cms.cern.ch/slc5_amd64_gcc462/lcg/root/5.32.00-cms18/lib:/cvmfs/cms.cern.ch/slc5_amd64_gcc462/cms/dbs-client/DBS_2_1_1_patch1_1/lib:/cvmfs/cms.cern.ch/slc5_amd64_gcc462/cms/dbs-client/DBS_2_1_1_patch1_1/lib/DBSAPI:/home/cms019/home_crmrs_748905715/CREAM748905715/glide_a18104/execute/dir_28286/
241a2a19cb7c5c8751ba22759ab3bdb0
PSETHASH = 241a2a19cb7c5c8751ba22759ab3bdb0
/home/cms019/home_crmrs_748905715/CREAM748905715/glide_a18104/execute/dir_28286/writeCfg.py pset.py pset.py
Importing .py file
Setting parameters
inputBlocks=/QCD_Pt_80_170_BCtoE_TuneZ2star_8TeV_pythia6/mario-Summer12-stop-pfele-step1-3d176ac8da5e9dff208d057f4733ca91/USER#2ed06c41-0731-4095-8a1a-4cabfa3cddd9
inputFiles=/store/user/mario/QCD_Pt_80_170_BCtoE_TuneZ2star_8TeV_pythia6/Summer12-stop-pfele-step1/3d176ac8da5e9dff208d057f4733ca91/tuple_23_2_ndV.root;/store/user/mario/QCD_Pt_80_170_BCtoE_TuneZ2star_8TeV_pythia6/Summer12-stop-pfele-step1/3d176ac8da5e9dff208d057f4733ca91/tuple_24_2_Fy9.root;/store/user/mario/QCD_Pt_80_170_BCtoE_TuneZ2star_8TeV_pythia6/Summer12-stop-pfele-step1/3d176ac8da5e9dff208d057f4733ca91/tuple_25_2_hG7.root;/store/user/mario/QCD_Pt_80_170_BCtoE_TuneZ2star_8TeV_pythia6/Summer12-stop-pfele-step1/3d176ac8da5e9dff208d057f4733ca91/tuple_31_2_Vfe.root;/store/user/mario/QCD_Pt_80_170_BCtoE_TuneZ2star_8TeV_pythia6/Summer12-stop-pfele-step1/3d176ac8da5e9dff208d057f4733ca91/tuple_37_2_Xbg.root
parentFiles=
lumisRange=
>>> Executable cmsRun
/cvmfs/cms.cern.ch/slc5_amd64_gcc462/cms/cmssw/CMSSW_5_3_5/bin/slc5_amd64_gcc462/cmsRun
ok executable found
>>> info for dashboard:
***** Cat /home/cms019/home_crmrs_748905715/CREAM748905715/glide_a18104/execute/dir_28286/jobreport.txt *****
MonitorJobID=49_https://submit-2.t2.ucsd.edu//121127//17539.48
MonitorID=liis_crab_0_121127_014318_qg185f
ExeStart=cmsRun
***** End Cat jobreport *****
Parameters sent to Dashboard.
>>> cmsRun started at Tue Nov 27 01:09:53 UTC 2012
>>> cmsRun ended at Tue Nov 27 01:11:02 UTC 2012
>>> info for dashboard:
***** Cat /home/cms019/home_crmrs_748905715/CREAM748905715/glide_a18104/execute/dir_28286/jobreport.txt *****
MonitorJobID=49_https://submit-2.t2.ucsd.edu//121127//17539.48
MonitorID=liis_crab_0_121127_014318_qg185f
ExeEnd=cmsRun
***** End Cat jobreport *****
Parameters sent to Dashboard.
TIME_EXE = 69 sec
>>> cmsRun wrote 42 lines of stdout+stderr
>>> START OF printout of 42 lines from stdout+stderr
27-Nov-2012 03:10:05 EET  Initiating request to open file file:/hdfs/cms/store/user/mario/QCD_Pt_80_170_BCtoE_TuneZ2star_8TeV_pythia6/Summer12-stop-pfele-step1/3d176ac8da5e9dff208d057f4733ca91/tuple_23_2_ndV.root
27-Nov-2012 03:10:12 EET  Successfully opened file file:/hdfs/cms/store/user/mario/QCD_Pt_80_170_BCtoE_TuneZ2star_8TeV_pythia6/Summer12-stop-pfele-step1/3d176ac8da5e9dff208d057f4733ca91/tuple_23_2_ndV.root
Begin processing the 1st record. Run 1, Event 86682346, LumiSection 1969 at 27-Nov-2012 03:10:19.013 EET
27-Nov-2012 03:10:23 EET  Closed file file:/hdfs/cms/store/user/mario/QCD_Pt_80_170_BCtoE_TuneZ2star_8TeV_pythia6/Summer12-stop-pfele-step1/3d176ac8da5e9dff208d057f4733ca91/tuple_23_2_ndV.root
27-Nov-2012 03:10:23 EET  Initiating request to open file file:/hdfs/cms/store/user/mario/QCD_Pt_80_170_BCtoE_TuneZ2star_8TeV_pythia6/Summer12-stop-pfele-step1/3d176ac8da5e9dff208d057f4733ca91/tuple_24_2_Fy9.root
27-Nov-2012 03:10:24 EET  Successfully opened file file:/hdfs/cms/store/user/mario/QCD_Pt_80_170_BCtoE_TuneZ2star_8TeV_pythia6/Summer12-stop-pfele-step1/3d176ac8da5e9dff208d057f4733ca91/tuple_24_2_Fy9.root
Begin processing the 1001st record. Run 1, Event 84593838, LumiSection 1922 at 27-Nov-2012 03:10:27.123 EET
Begin processing the 2001st record. Run 1, Event 94012089, LumiSection 2135 at 27-Nov-2012 03:10:30.171 EET
Begin processing the 3001st record. Run 1, Event 97959656, LumiSection 2225 at 27-Nov-2012 03:10:33.329 EET
27-Nov-2012 03:10:33 EET  Closed file file:/hdfs/cms/store/user/mario/QCD_Pt_80_170_BCtoE_TuneZ2star_8TeV_pythia6/Summer12-stop-pfele-step1/3d176ac8da5e9dff208d057f4733ca91/tuple_24_2_Fy9.root
27-Nov-2012 03:10:33 EET  Initiating request to open file file:/hdfs/cms/store/user/mario/QCD_Pt_80_170_BCtoE_TuneZ2star_8TeV_pythia6/Summer12-stop-pfele-step1/3d176ac8da5e9dff208d057f4733ca91/tuple_25_2_hG7.root
27-Nov-2012 03:10:34 EET  Successfully opened file file:/hdfs/cms/store/user/mario/QCD_Pt_80_170_BCtoE_TuneZ2star_8TeV_pythia6/Summer12-stop-pfele-step1/3d176ac8da5e9dff208d057f4733ca91/tuple_25_2_hG7.root
Begin processing the 4001st record. Run 1, Event 112223987, LumiSection 2549 at 27-Nov-2012 03:10:40.035 EET
Begin processing the 5001st record. Run 1, Event 17318131, LumiSection 394 at 27-Nov-2012 03:10:43.053 EET
27-Nov-2012 03:10:43 EET  Closed file file:/hdfs/cms/store/user/mario/QCD_Pt_80_170_BCtoE_TuneZ2star_8TeV_pythia6/Summer12-stop-pfele-step1/3d176ac8da5e9dff208d057f4733ca91/tuple_25_2_hG7.root
27-Nov-2012 03:10:43 EET  Initiating request to open file file:/hdfs/cms/store/user/mario/QCD_Pt_80_170_BCtoE_TuneZ2star_8TeV_pythia6/Summer12-stop-pfele-step1/3d176ac8da5e9dff208d057f4733ca91/tuple_31_2_Vfe.root
27-Nov-2012 03:10:44 EET  Successfully opened file file:/hdfs/cms/store/user/mario/QCD_Pt_80_170_BCtoE_TuneZ2star_8TeV_pythia6/Summer12-stop-pfele-step1/3d176ac8da5e9dff208d057f4733ca91/tuple_31_2_Vfe.root
Begin processing the 6001st record. Run 1, Event 166962257, LumiSection 3792 at 27-Nov-2012 03:10:50.748 EET
Begin processing the 7001st record. Run 1, Event 177396356, LumiSection 4029 at 27-Nov-2012 03:10:53.814 EET
27-Nov-2012 03:10:55 EET  Closed file file:/hdfs/cms/store/user/mario/QCD_Pt_80_170_BCtoE_TuneZ2star_8TeV_pythia6/Summer12-stop-pfele-step1/3d176ac8da5e9dff208d057f4733ca91/tuple_31_2_Vfe.root
27-Nov-2012 03:10:55 EET  Initiating request to open file file:/hdfs/cms/store/user/mario/QCD_Pt_80_170_BCtoE_TuneZ2star_8TeV_pythia6/Summer12-stop-pfele-step1/3d176ac8da5e9dff208d057f4733ca91/tuple_37_2_Xbg.root
27-Nov-2012 03:10:55 EET  Successfully opened file file:/hdfs/cms/store/user/mario/QCD_Pt_80_170_BCtoE_TuneZ2star_8TeV_pythia6/Summer12-stop-pfele-step1/3d176ac8da5e9dff208d057f4733ca91/tuple_37_2_Xbg.root
Begin processing the 8001st record. Run 1, Event 161388135, LumiSection 3665 at 27-Nov-2012 03:10:59.739 EET
27-Nov-2012 03:11:01 EET  Closed file file:/hdfs/cms/store/user/mario/QCD_Pt_80_170_BCtoE_TuneZ2star_8TeV_pythia6/Summer12-stop-pfele-step1/3d176ac8da5e9dff208d057f4733ca91/tuple_37_2_Xbg.root

=============================================

MessageLogger Summary

 type     category        sev    module        subroutine        count    total
 ---- -------------------- -- ---------------- ----------------  -----    -----
    1 fileAction           -s file_close                             5        5
    2 fileAction           -s file_open                             10       10

 type    category    Examples: run/evt        run/evt          run/evt
 ---- -------------------- ---------------- ---------------- ----------------
    1 fileAction           PostProcessEvent PostProcessEvent PostEndRun
    2 fileAction           pre-events       pre-events       PostProcessEvent

Severity    # Occurrences   Total Occurrences
--------    -------------   -----------------
System                 15                  15
>>> END OF printout of 42 lines from stdout+stderr
>>> Parse FrameworkJobReport crab_fjr.xml
Result of parsing the FrameworkJobReport crab_fjr.xml: Popularity start
lumisRange : 1::3481,3493,3722,3732,3792,3794,3985,3993,4026,4029,4078,4080::1;1::1922,2077-2078,2135,2205-2206,2212,2221,2225,2345,2379,3775::2;1::3599,3613,3665,3863-3864::3;1::130,328,386,394,552,2379,2381,2415,2417,2549,2598::4;1::1909,1913,1918,1969,2205::5;
lumisParentRange : 
Basename : /store/user/mario/QCD_Pt_80_170_BCtoE_TuneZ2star_8TeV_pythia6/Summer12-stop-pfele-step1/3d176ac8da5e9dff208d057f4733ca91/tuple_
BasenameParent : 
parentFiles : 
inputBlocks : /QCD_Pt_80_170_BCtoE_TuneZ2star_8TeV_pythia6/mario-Summer12-stop-pfele-step1-3d176ac8da5e9dff208d057f4733ca91/USER#2ed06c41-0731-4095-8a1a-4cabfa3cddd9
inputFiles : 31_2_Vfe.root::1::EDM::Local::1;24_2_Fy9.root::1::EDM::Local::2;37_2_Xbg.root::1::EDM::Local::3;25_2_hG7.root::1::EDM::Local::4;23_2_ndV.root::1::EDM::Local::5;
Popularity stop
Extracted ExitStatus from FrameworkJobReport parsing output: 0
>>> Executable succeded  0
ExeExitCode=0
EXECUTABLE_EXIT_STATUS = 0
>>> current directory /home/cms019/home_crmrs_748905715/CREAM748905715/glide_a18104/execute/dir_28286/CMSSW_5_3_5
>>>  (SOFTWARE_DIR): /home/cms019/home_crmrs_748905715/CREAM748905715/glide_a18104/execute/dir_28286/CMSSW_5_3_5
>>> (WORKING_DIR): 
>>> current directory content:
total 144
drwxr-xr-x 3 cms019 cms  4096 Nov 27 03:09 .SCRAM
-rw-r--r-- 1 cms019 cms 30066 Nov 27 03:09 CMSSW.py.pkl
drwxr-xr-x 3 cms019 cms  4096 Nov 27 03:09 bin
drwxr-xr-x 3 cms019 cms  4096 Nov 27 03:09 cfipython
drwxr-xr-x 5 cms019 cms  4096 Nov 27 03:09 config
-rw-r--r-- 1 cms019 cms    15 Nov 27 03:11 cpu_timing.txt
drwxr-xr-x 2 cms019 cms  4096 Nov 27 03:09 doc
-rw-r--r-- 1 cms019 cms  4862 Nov 27 03:11 executable.out
drwxr-xr-x 2 cms019 cms  4096 Nov 27 03:09 include
drwxrwxrwx 3 cms019 cms  4096 Oct 22 16:38 lib
drwxr-xr-x 3 cms019 cms  4096 Nov 27 03:09 logs
drwxr-xr-x 3 cms019 cms  4096 Nov 27 03:09 objs
-rw-r--r-- 1 cms019 cms 16346 Nov 27 03:11 optHistograms.root
-rw-r--r-- 1 cms019 cms   104 Nov 27 03:09 pset.py
-rw-r--r-- 1 cms019 cms 19471 Nov 27 03:09 pset.py.pkl
-rw-r--r-- 1 cms019 cms   289 Nov 27 03:09 pset.pyc
drwxr-xr-x 2 cms019 cms  4096 Nov 27 03:09 python
-rw-r--r-- 1 cms019 cms   420 Nov 27 03:11 report.log
drwxrwxrwx 4 cms019 cms  4096 Nov 27 03:09 src
drwxr-xr-x 3 cms019 cms  4096 Nov 27 03:09 test
drwxr-xr-x 3 cms019 cms  4096 Nov 27 03:09 tmp
>>> current directory /home/cms019/home_crmrs_748905715/CREAM748905715/glide_a18104/execute/dir_28286/CMSSW_5_3_5
>>> (SOFTWARE_DIR): /home/cms019/home_crmrs_748905715/CREAM748905715/glide_a18104/execute/dir_28286/CMSSW_5_3_5
>>> (WORKING_DIR): 
>>> current directory content:
total 128
drwxr-xr-x 3 cms019 cms  4096 Nov 27 03:09 .SCRAM
-rw-r--r-- 1 cms019 cms 30066 Nov 27 03:09 CMSSW.py.pkl
drwxr-xr-x 3 cms019 cms  4096 Nov 27 03:09 bin
drwxr-xr-x 3 cms019 cms  4096 Nov 27 03:09 cfipython
drwxr-xr-x 5 cms019 cms  4096 Nov 27 03:09 config
-rw-r--r-- 1 cms019 cms    15 Nov 27 03:11 cpu_timing.txt
drwxr-xr-x 2 cms019 cms  4096 Nov 27 03:09 doc
-rw-r--r-- 1 cms019 cms  4862 Nov 27 03:11 executable.out
drwxr-xr-x 2 cms019 cms  4096 Nov 27 03:09 include
drwxrwxrwx 3 cms019 cms  4096 Oct 22 16:38 lib
drwxr-xr-x 3 cms019 cms  4096 Nov 27 03:09 logs
drwxr-xr-x 3 cms019 cms  4096 Nov 27 03:09 objs
-rw-r--r-- 1 cms019 cms   104 Nov 27 03:09 pset.py
-rw-r--r-- 1 cms019 cms 19471 Nov 27 03:09 pset.py.pkl
-rw-r--r-- 1 cms019 cms   289 Nov 27 03:09 pset.pyc
drwxr-xr-x 2 cms019 cms  4096 Nov 27 03:09 python
-rw-r--r-- 1 cms019 cms   420 Nov 27 03:11 report.log
drwxrwxrwx 4 cms019 cms  4096 Nov 27 03:09 src
drwxr-xr-x 3 cms019 cms  4096 Nov 27 03:09 test
drwxr-xr-x 3 cms019 cms  4096 Nov 27 03:09 tmp
>>> current directory (RUNTIME_AREA):  /home/cms019/home_crmrs_748905715/CREAM748905715/glide_a18104/execute/dir_28286
>>> current dir: /home/cms019/home_crmrs_748905715/CREAM748905715/glide_a18104/execute/dir_28286
>>> current dir content:
total 25752
-rw-rw-rw-  1 cms019 cms     5603 Nov 27 03:09 .job.ad
-rw-rw-rw-  1 cms019 cms    11527 Nov 27 03:09 .machine.ad
-rw-rw-rw-  1 cms019 cms      105 Nov 27 01:43 CMSSW.py
-rw-rw-rw-  1 cms019 cms    30066 Nov 27 01:43 CMSSW.py.pkl
-rwxrw-rw-  1 cms019 cms    23329 Nov 27 03:09 CMSSW.sh
-rw-rw-rw-  1 cms019 cms        0 Nov 27 03:09 CMSSW_49.stderr
-rw-rw-rw-  1 cms019 cms    17101 Nov 27 03:11 CMSSW_49.stdout
drwxr-xr-x 15 cms019 cms     4096 Nov 27 03:11 CMSSW_5_3_5
-rw-r--r--  1 cms019 cms      347 Nov 27 03:09 CacheEnv.sh
-rw-rw-rw-  1 cms019 cms     7291 Jun  9  2010 DashboardAPI.py
-rw-r--r--  1 cms019 cms     6883 Nov 27 03:09 DashboardAPI.pyc
drwxrwxrwx  3 cms019 cms     4096 Nov 27 03:11 IMProv
-rw-rw-rw-  1 cms019 cms     2748 Mar  8  2006 Logger.py
-rw-r--r--  1 cms019 cms     3353 Nov 27 03:09 Logger.pyc
-rw-rw-rw-  1 cms019 cms    24524 Mar 28  2008 ProcInfo.py
-rw-r--r--  1 cms019 cms    23470 Nov 27 03:09 ProcInfo.pyc
drwxrwxrwx  7 cms019 cms     4096 Nov 27 03:09 ProdCommon
drwxrwxrwx  3 cms019 cms     4096 Nov 27 03:09 WMCore
-rw-r--r--  1 cms019 cms     1758 Nov 27 03:10 Watchdog_49.log
-rw-rw-rw-  1 cms019 cms    32895 Mar 28  2008 apmon.py
-rw-r--r--  1 cms019 cms    28874 Nov 27 03:09 apmon.pyc
-rw-rw-rw-  1 cms019 cms    94355 Nov 27 03:09 arguments.xml
-rwxrwxrwx  1 cms019 cms    37427 Sep 13 14:14 cmscp.py
-rwxrwxrwx  1 cms019 cms    23329 Nov 27 03:09 condor_exec.exe
-rw-rw-rw-  1 cms019 cms      540 Nov 27 01:43 crab.cfg
-rwxrwxrwx  1 cms019 cms     9531 Sep 20 21:46 crabWatchdog.sh
-rw-r--r--  1 cms019 cms    30177 Nov 27 03:11 crab_fjr_49.xml
-rw-rw-rw-  1 cms019 cms 25796279 Nov 27 03:09 default.tgz
-rwxrwxrwx  1 cms019 cms     4488 May 12  2012 fillCrabFjr.py
-rw-r--r--  1 cms019 cms      905 Nov 27 03:09 inputsReport.txt
-rw-r--r--  1 cms019 cms      131 Nov 27 03:11 jobreport.txt
lrwxrwxrwx  1 cms019 cms      107 Nov 27 03:11 optHistograms.root -> /home/cms019/home_crmrs_748905715/CREAM748905715/glide_a18104/execute/dir_28286/optHistograms_49_1_TWd.root
-rw-r--r--  1 cms019 cms    16346 Nov 27 03:11 optHistograms_49_1_TWd.root
-rw-rw-rw-  1 cms019 cms    17352 Jan 20  2012 parseCrabFjr.py
-rw-r--r--  1 cms019 cms      283 Nov 27 03:09 report.log
-rwxrwxrwx  1 cms019 cms     1497 May 27  2009 report.py
-rwxrwxrwx  1 cms019 cms     8387 Mar 23  2011 writeCfg.py
-rw-------  1 cms019 cms     8687 Nov 27 03:09 x509up_u1000009
Checking output files:  
will tar file optHistograms_49_1_TWd.root in  out_files_49
will tar file crab_fjr_49.xml in  out_files_49
will tar file CMSSW_49.stdout in  out_files_49
will tar file CMSSW_49.stderr in  out_files_49
WARNING: output file Watchdog_49.log.gz not found!
>>> padding time: Sleeping the wrapper for 504 seconds
STOPPING WATCHDOG. CrabWatchdog PID is 31115
********** LAST 50 LINES OF WATCHDOG LOG
# RESOURCE USAGE SUMMARY FOR PROCESS ID 29851
USER       PID %CPU %MEM    VSZ   RSS TTY      STAT START   TIME COMMAND
cms019   29851  0.3  0.0   8956  1488 ?        S    03:09   0:00 /bin/sh /home/cms019/home_crmrs_748905715/CREAM748905715/glide_a18104/execute/dir_28286/condor_exec.exe 49 1
 
# LIMITS USED BY THIS WATCHDOG:
# RSS  (KBytes)  : 2300000
# VSZ  (KBytes)  : 100000000
# DISK (MBytes)  : 19000
# CPU  (seconds) : 171600
# WALL (seconds) : 171600
 
# FOLLOWING PRINTOUT TRACKS MAXIMUM VALUES OF RESOURCES USE
# ONE LINE IS PRINTED EACH TIME A MAXIMUM CHANGES
# IF CHANGE WAS IN RSS OR VSZ ALSO PROCID AND COMMAND ARE PRINTED
# THERE IS NO PRINTOUT FOR CPU/WALL TIME INCREASE
 
# TIME			PID	RSS(KB)	VSZ(KB)	Dsk(MB)	tCPU(s)	tWALL(s)	COMMAND
 Nov 27 03:09:44 EET	1326	3576	5708	0	2	1274	condor_procd -A /home/cms019/home_crmrs_748905715/CREAM748905715/glide_a18104/log/procd_address.STARTD -L /home/cms019/home_crmrs_748905715/CREAM748905715/glide_a18104/log/ProcLog.STARTD -R 10000000 -S 60 -C
 Nov 27 03:09:44 EET	17961	3576	8896	0	0	2219	-bash         
 Nov 27 03:09:44 EET	17991	3576	8952	0	0	2219	/bin/sh -l ./CREAM748905715_jobWrapper.sh       
 Nov 27 03:09:44 EET	18051	3576	25504	0	0	2219	perl -e ?use Socket;??sub send_notify {? $cream_url = "193.40.150.251:49152";die "No
 Nov 27 03:09:44 EET	22186	6024	25504	0	1	2207	/home/cms019/home_crmrs_748905715/CREAM748905715/glide_a18104/main/condor/sbin/condor_master -f -pidfile /home/cms019/home_crmrs_748905715/CREAM748905715/glide_a18104/condor_master2.pid      
 Nov 27 03:09:44 EET	---	6024	25504	168	----	----	----
 Nov 27 03:10:48 EET	622	345712	552548	168	30	55	cmsRun -j /home/cms019/home_crmrs_748905715/CREAM748905715/glide_a18104/execute/dir_28286/crab_fjr_49.xml -p pset.py     
 Nov 27 03:11:51 EET	---	345712	552548	169	----	----	----
********** WATCHDOG LOG ENDED
ZIPPING WATCHDOG LOG
Disk space used:
du -sh /home/cms019/home_crmrs_748905715/CREAM748905715/glide_a18104/execute/dir_28286
169M	/home/cms019/home_crmrs_748905715/CREAM748905715/glide_a18104/execute/dir_28286
>>> info for dashboard:
***** Cat /home/cms019/home_crmrs_748905715/CREAM748905715/glide_a18104/execute/dir_28286/jobreport.txt *****
MonitorJobID=49_https://submit-2.t2.ucsd.edu//121127//17539.48
MonitorID=liis_crab_0_121127_014318_qg185f
ExeTime=69
ExeExitCode=0
CrabUserCpuTime=37.22
CrabSysCpuTime=4.69
CrabCpuPercentage=60%
CrabWrapperTime=600
CrabStageoutTime=NULL
***** End Cat jobreport *****
Parameters sent to Dashboard.
optHistograms_49_1_TWd.root
crab_fjr_49.xml
CMSSW_49.stdout
CMSSW_49.stderr
Watchdog_49.log.gz
tar: .BrokerInfo: Cannot stat: No such file or directory
tar: Error exit delayed from previous errors
Total Output dimension: 17864
WARNING: output files size limit is set to: 50000000
Total Output dimension 17864 is fine.
JOB_EXIT_STATUS = 0
>>> info for dashboard:
***** Cat /home/cms019/home_crmrs_748905715/CREAM748905715/glide_a18104/execute/dir_28286/jobreport.txt *****
MonitorJobID=49_https://submit-2.t2.ucsd.edu//121127//17539.48
MonitorID=liis_crab_0_121127_014318_qg185f
JobExitCode=0
***** End Cat jobreport *****
Parameters sent to Dashboard.
optHistograms_49_1_TWd.root
crab_fjr_49.xml
