This script was generated by crab (version 2.8.3).
Running /home/cms006/home_crobe_838507954/CREAM838507954/glide_z28532/execute/dir_12977/condor_exec.exe with 2 positional parameters: 80 2
Today is Tue Nov 27 16:02:27 EET 2012
Job submitted on host wn-v-4088.local
Linux wn-v-4088.local 2.6.32-042stab059.7 #1 SMP Tue Jul 24 19:12:01 MSK 2012 x86_64 x86_64 x86_64 GNU/Linux
>>> current directory (RUNTIME_AREA): /home/cms006/home_crobe_838507954/CREAM838507954/glide_z28532/execute/dir_12977
>>> current user: uid=11006(cms006) gid=1400(cms) groups=1400(cms)
>>> voms proxy information:
subject   : /DC=ch/DC=cern/OU=Organic Units/OU=Users/CN=liis/CN=663550/CN=Liis Rebane/CN=proxy/CN=limited proxy
issuer    : /DC=ch/DC=cern/OU=Organic Units/OU=Users/CN=liis/CN=663550/CN=Liis Rebane/CN=proxy
identity  : /DC=ch/DC=cern/OU=Organic Units/OU=Users/CN=liis/CN=663550/CN=Liis Rebane/CN=proxy
type      : limited proxy
strength  : 512 bits
path      : /home/cms006/home_crobe_838507954/CREAM838507954/glide_z28532/execute/dir_12977/x509up_u1000009
timeleft  : 23:59:47
key usage : Digital Signature, Key Encipherment, Data Encipherment
=== VO cms extension information ===
VO        : cms
subject   : /DC=ch/DC=cern/OU=Organic Units/OU=Users/CN=liis/CN=663550/CN=Liis Rebane
issuer    : /DC=ch/DC=cern/OU=computers/CN=lcg-voms.cern.ch
attribute : /cms/Role=NULL/Capability=NULL
timeleft  : 177:23:10
uri       : lcg-voms.cern.ch:15002
>>> tar xzf /home/cms006/home_crobe_838507954/CREAM838507954/glide_z28532/execute/dir_12977/default.tgz :
Successful untar
>>> Include /home/cms006/home_crobe_838507954/CREAM838507954/glide_z28532/execute/dir_12977 in PYTHONPATH:
strip arguments
env var CRAB_UNIQUE_JOB_ID set to: liis_crab_0_121127_014318_qg185f_80_2_mCl
out_files_80
>>> list of expected files on output sandbox
output files: optHistograms_80_2_mCl.root crab_fjr_80.xml CMSSW_80.stdout CMSSW_80.stderr Watchdog_80.log.gz
>>> GridFlavour discovery: 
GridFlavour=LCG
>>> SyncSite discovery: 
SyncSite=T2_EE_Estonia
>>> SyncCE discovery: 
getting SyncCE from CE_ID
SyncCE=oberon.hep.kbfi.ee:8443/cream-pbs-long
>>> info for dashboard:
***** Cat /home/cms006/home_crobe_838507954/CREAM838507954/glide_z28532/execute/dir_12977/jobreport.txt *****
MonitorJobID=80_https://submit-2.t2.ucsd.edu//121127//17871.5
SyncGridJobId=https://submit-2.t2.ucsd.edu//121127//17871.5
MonitorID=liis_crab_0_121127_014318_qg185f
GridFlavour=LCG
SyncSite=T2_EE_Estonia
SyncCE=oberon.hep.kbfi.ee:8443/cream-pbs-long
***** End Cat jobreport *****
Parameters sent to Dashboard.
>>> setup environment
set SCRAM ARCH to slc5_amd64_gcc462
SCRAM_ARCH = slc5_amd64_gcc462
>>> setup CMS LCG environment:
set SCRAM ARCH and BUILD_ARCH to slc5_amd64_gcc462 ###
Sourcing environment... 
sourcing /cvmfs/cms.cern.ch/cmsset_default.sh
==> setup cms environment ok
>>> specific cmssw setup environment:
CMSSW_VERSION =  CMSSW_5_3_5
>>> current directory (SOFTWARE_DIR): /home/cms006/home_crobe_838507954/CREAM838507954/glide_z28532/execute/dir_12977/CMSSW_5_3_5
PreserveSeeds: <>
IncrementSeeds:<>
{}
WNHostName=wn-v-4088.local
>>> info for dashboard:
***** Cat /home/cms006/home_crobe_838507954/CREAM838507954/glide_z28532/execute/dir_12977/jobreport.txt *****
MonitorJobID=80_https://submit-2.t2.ucsd.edu//121127//17871.5
MonitorID=liis_crab_0_121127_014318_qg185f
WNHostName=wn-v-4088.local
***** End Cat jobreport *****
Parameters sent to Dashboard.
crabWatchdog started as process 19515
>>> moving CMSSW software directories in /home/cms006/home_crobe_838507954/CREAM838507954/glide_z28532/execute/dir_12977/CMSSW_5_3_5
mv: cannot stat `/home/cms006/home_crobe_838507954/CREAM838507954/glide_z28532/execute/dir_12977/module/': No such file or directory
>>> Include /home/cms006/home_crobe_838507954/CREAM838507954/glide_z28532/execute/dir_12977 in PYTHONPATH:
PYTHONPATH=/home/cms006/home_crobe_838507954/CREAM838507954/glide_z28532/execute/dir_12977/:/home/cms006/home_crobe_838507954/CREAM838507954/glide_z28532/execute/dir_12977/CMSSW_5_3_5/python:/home/cms006/home_crobe_838507954/CREAM838507954/glide_z28532/execute/dir_12977/CMSSW_5_3_5/lib/slc5_amd64_gcc462:/cvmfs/cms.cern.ch/slc5_amd64_gcc462/cms/cmssw/CMSSW_5_3_5/python:/cvmfs/cms.cern.ch/slc5_amd64_gcc462/cms/cmssw/CMSSW_5_3_5/lib/slc5_amd64_gcc462:/cvmfs/cms.cern.ch/slc5_amd64_gcc462/cms/coral/CORAL_2_3_21-cms27/slc5_amd64_gcc462/python:/cvmfs/cms.cern.ch/slc5_amd64_gcc462/cms/coral/CORAL_2_3_21-cms27/slc5_amd64_gcc462/lib:/cvmfs/cms.cern.ch/slc5_amd64_gcc462/external/pyqt/4.8.1/lib/python2.6/site-packages:/cvmfs/cms.cern.ch/slc5_amd64_gcc462/external/py2-scipy/0.8.0/lib/python2.6/site-packages:/cvmfs/cms.cern.ch/slc5_amd64_gcc462/external/py2-matplotlib/1.0.1/lib/python2.6/site-packages:/cvmfs/cms.cern.ch/slc5_amd64_gcc462/external/python-ldap/2.3.5/lib/python2.6/site-packages:/cvmfs/cms.cern.ch/slc5_amd64_gcc462/external/sip/4.11.2/lib/python2.6/site-packages:/cvmfs/cms.cern.ch/slc5_amd64_gcc462/external/py2-pycurl/7.19.0/lib/python2.6/site-packages:/cvmfs/cms.cern.ch/slc5_amd64_gcc462/external/py2-numpy/1.6.1/lib/python2.6/site-packages:/cvmfs/cms.cern.ch/slc5_amd64_gcc462/external/py2-ipython/0.10/lib/python2.6/site-packages:/cvmfs/cms.cern.ch/slc5_amd64_gcc462/external/py2-cx-oracle/5.1-cms11/lib/python2.6/site-packages:/cvmfs/cms.cern.ch/slc5_amd64_gcc462/external/py2-cjson/1.0.5/lib/python2.6/site-packages:/cvmfs/cms.cern.ch/slc5_amd64_gcc462/cms/das-client/1.4.1-cms8/bin:/cvmfs/cms.cern.ch/slc5_amd64_gcc462/external/elementtree/1.2.6/share/lib/python2.6/site-packages:/cvmfs/cms.cern.ch/slc5_amd64_gcc462/external/rivet/1.5.1-cms10/lib/python2.6/site-packages:/cvmfs/cms.cern.ch/slc5_amd64_gcc462/external/pyminuit2/0.0.1-cms34/lib/python2.6/site-packages:/cvmfs/cms.cern.ch/slc5_amd64_gcc462/external/professor/1.0.0-cms35/lib/python2.6/site-packages:/cvmfs/cms.cern.ch/slc5_amd64_gcc462/lcg/root/5.32.00-cms18/lib:/cvmfs/cms.cern.ch/slc5_amd64_gcc462/cms/dbs-client/DBS_2_1_1_patch1_1/lib:/cvmfs/cms.cern.ch/slc5_amd64_gcc462/cms/dbs-client/DBS_2_1_1_patch1_1/lib/DBSAPI:/home/cms006/home_crobe_838507954/CREAM838507954/glide_z28532/execute/dir_12977/
241a2a19cb7c5c8751ba22759ab3bdb0
PSETHASH = 241a2a19cb7c5c8751ba22759ab3bdb0
/home/cms006/home_crobe_838507954/CREAM838507954/glide_z28532/execute/dir_12977/writeCfg.py pset.py pset.py
Importing .py file
Setting parameters
inputBlocks=/QCD_Pt_80_170_BCtoE_TuneZ2star_8TeV_pythia6/mario-Summer12-stop-pfele-step1-3d176ac8da5e9dff208d057f4733ca91/USER#2ed06c41-0731-4095-8a1a-4cabfa3cddd9
inputFiles=/store/user/mario/QCD_Pt_80_170_BCtoE_TuneZ2star_8TeV_pythia6/Summer12-stop-pfele-step1/3d176ac8da5e9dff208d057f4733ca91/tuple_205_4_ZDL.root;/store/user/mario/QCD_Pt_80_170_BCtoE_TuneZ2star_8TeV_pythia6/Summer12-stop-pfele-step1/3d176ac8da5e9dff208d057f4733ca91/tuple_217_3_E0h.root;/store/user/mario/QCD_Pt_80_170_BCtoE_TuneZ2star_8TeV_pythia6/Summer12-stop-pfele-step1/3d176ac8da5e9dff208d057f4733ca91/tuple_218_2_rgj.root;/store/user/mario/QCD_Pt_80_170_BCtoE_TuneZ2star_8TeV_pythia6/Summer12-stop-pfele-step1/3d176ac8da5e9dff208d057f4733ca91/tuple_221_2_86h.root;/store/user/mario/QCD_Pt_80_170_BCtoE_TuneZ2star_8TeV_pythia6/Summer12-stop-pfele-step1/3d176ac8da5e9dff208d057f4733ca91/tuple_223_2_9A9.root
parentFiles=
lumisRange=
>>> Executable cmsRun
/cvmfs/cms.cern.ch/slc5_amd64_gcc462/cms/cmssw/CMSSW_5_3_5/bin/slc5_amd64_gcc462/cmsRun
ok executable found
>>> info for dashboard:
***** Cat /home/cms006/home_crobe_838507954/CREAM838507954/glide_z28532/execute/dir_12977/jobreport.txt *****
MonitorJobID=80_https://submit-2.t2.ucsd.edu//121127//17871.5
MonitorID=liis_crab_0_121127_014318_qg185f
ExeStart=cmsRun
***** End Cat jobreport *****
Parameters sent to Dashboard.
>>> cmsRun started at Tue Nov 27 14:03:10 UTC 2012
>>> cmsRun ended at Tue Nov 27 14:04:45 UTC 2012
>>> info for dashboard:
***** Cat /home/cms006/home_crobe_838507954/CREAM838507954/glide_z28532/execute/dir_12977/jobreport.txt *****
MonitorJobID=80_https://submit-2.t2.ucsd.edu//121127//17871.5
MonitorID=liis_crab_0_121127_014318_qg185f
ExeEnd=cmsRun
***** End Cat jobreport *****
Parameters sent to Dashboard.
TIME_EXE = 95 sec
>>> cmsRun wrote 42 lines of stdout+stderr
>>> START OF printout of 42 lines from stdout+stderr
27-Nov-2012 16:03:27 EET  Initiating request to open file file:/hdfs/cms/store/user/mario/QCD_Pt_80_170_BCtoE_TuneZ2star_8TeV_pythia6/Summer12-stop-pfele-step1/3d176ac8da5e9dff208d057f4733ca91/tuple_205_4_ZDL.root
27-Nov-2012 16:03:35 EET  Successfully opened file file:/hdfs/cms/store/user/mario/QCD_Pt_80_170_BCtoE_TuneZ2star_8TeV_pythia6/Summer12-stop-pfele-step1/3d176ac8da5e9dff208d057f4733ca91/tuple_205_4_ZDL.root
Begin processing the 1st record. Run 1, Event 27557041, LumiSection 626 at 27-Nov-2012 16:03:44.744 EET
Begin processing the 1001st record. Run 1, Event 37238350, LumiSection 846 at 27-Nov-2012 16:03:51.455 EET
27-Nov-2012 16:03:53 EET  Closed file file:/hdfs/cms/store/user/mario/QCD_Pt_80_170_BCtoE_TuneZ2star_8TeV_pythia6/Summer12-stop-pfele-step1/3d176ac8da5e9dff208d057f4733ca91/tuple_205_4_ZDL.root
27-Nov-2012 16:03:53 EET  Initiating request to open file file:/hdfs/cms/store/user/mario/QCD_Pt_80_170_BCtoE_TuneZ2star_8TeV_pythia6/Summer12-stop-pfele-step1/3d176ac8da5e9dff208d057f4733ca91/tuple_217_3_E0h.root
27-Nov-2012 16:03:53 EET  Successfully opened file file:/hdfs/cms/store/user/mario/QCD_Pt_80_170_BCtoE_TuneZ2star_8TeV_pythia6/Summer12-stop-pfele-step1/3d176ac8da5e9dff208d057f4733ca91/tuple_217_3_E0h.root
Begin processing the 2001st record. Run 1, Event 126708985, LumiSection 2878 at 27-Nov-2012 16:03:59.153 EET
Begin processing the 3001st record. Run 1, Event 154568177, LumiSection 3511 at 27-Nov-2012 16:04:02.261 EET
27-Nov-2012 16:04:05 EET  Closed file file:/hdfs/cms/store/user/mario/QCD_Pt_80_170_BCtoE_TuneZ2star_8TeV_pythia6/Summer12-stop-pfele-step1/3d176ac8da5e9dff208d057f4733ca91/tuple_217_3_E0h.root
27-Nov-2012 16:04:05 EET  Initiating request to open file file:/hdfs/cms/store/user/mario/QCD_Pt_80_170_BCtoE_TuneZ2star_8TeV_pythia6/Summer12-stop-pfele-step1/3d176ac8da5e9dff208d057f4733ca91/tuple_218_2_rgj.root
27-Nov-2012 16:04:05 EET  Successfully opened file file:/hdfs/cms/store/user/mario/QCD_Pt_80_170_BCtoE_TuneZ2star_8TeV_pythia6/Summer12-stop-pfele-step1/3d176ac8da5e9dff208d057f4733ca91/tuple_218_2_rgj.root
Begin processing the 4001st record. Run 1, Event 156026007, LumiSection 3544 at 27-Nov-2012 16:04:17.472 EET
Begin processing the 5001st record. Run 1, Event 38941112, LumiSection 885 at 27-Nov-2012 16:04:20.782 EET
Begin processing the 6001st record. Run 1, Event 105433414, LumiSection 2395 at 27-Nov-2012 16:04:24.372 EET
27-Nov-2012 16:04:24 EET  Closed file file:/hdfs/cms/store/user/mario/QCD_Pt_80_170_BCtoE_TuneZ2star_8TeV_pythia6/Summer12-stop-pfele-step1/3d176ac8da5e9dff208d057f4733ca91/tuple_218_2_rgj.root
27-Nov-2012 16:04:24 EET  Initiating request to open file file:/hdfs/cms/store/user/mario/QCD_Pt_80_170_BCtoE_TuneZ2star_8TeV_pythia6/Summer12-stop-pfele-step1/3d176ac8da5e9dff208d057f4733ca91/tuple_221_2_86h.root
27-Nov-2012 16:04:24 EET  Successfully opened file file:/hdfs/cms/store/user/mario/QCD_Pt_80_170_BCtoE_TuneZ2star_8TeV_pythia6/Summer12-stop-pfele-step1/3d176ac8da5e9dff208d057f4733ca91/tuple_221_2_86h.root
Begin processing the 7001st record. Run 1, Event 170474516, LumiSection 3872 at 27-Nov-2012 16:04:34.569 EET
Begin processing the 8001st record. Run 1, Event 183050642, LumiSection 4157 at 27-Nov-2012 16:04:37.712 EET
27-Nov-2012 16:04:38 EET  Closed file file:/hdfs/cms/store/user/mario/QCD_Pt_80_170_BCtoE_TuneZ2star_8TeV_pythia6/Summer12-stop-pfele-step1/3d176ac8da5e9dff208d057f4733ca91/tuple_221_2_86h.root
27-Nov-2012 16:04:38 EET  Initiating request to open file file:/hdfs/cms/store/user/mario/QCD_Pt_80_170_BCtoE_TuneZ2star_8TeV_pythia6/Summer12-stop-pfele-step1/3d176ac8da5e9dff208d057f4733ca91/tuple_223_2_9A9.root
27-Nov-2012 16:04:38 EET  Successfully opened file file:/hdfs/cms/store/user/mario/QCD_Pt_80_170_BCtoE_TuneZ2star_8TeV_pythia6/Summer12-stop-pfele-step1/3d176ac8da5e9dff208d057f4733ca91/tuple_223_2_9A9.root
27-Nov-2012 16:04:44 EET  Closed file file:/hdfs/cms/store/user/mario/QCD_Pt_80_170_BCtoE_TuneZ2star_8TeV_pythia6/Summer12-stop-pfele-step1/3d176ac8da5e9dff208d057f4733ca91/tuple_223_2_9A9.root

=============================================

MessageLogger Summary

 type     category        sev    module        subroutine        count    total
 ---- -------------------- -- ---------------- ----------------  -----    -----
    1 fileAction           -s file_close                             5        5
    2 fileAction           -s file_open                             10       10

 type    category    Examples: run/evt        run/evt          run/evt
 ---- -------------------- ---------------- ---------------- ----------------
    1 fileAction           PostProcessEvent PostProcessEvent PostEndRun
    2 fileAction           pre-events       pre-events       PostProcessEvent

Severity    # Occurrences   Total Occurrences
--------    -------------   -----------------
System                 15                  15
>>> END OF printout of 42 lines from stdout+stderr
>>> Parse FrameworkJobReport crab_fjr.xml
Result of parsing the FrameworkJobReport crab_fjr.xml: Popularity start
lumisRange : 1::2824,2878,2995,3038,3097,3157,3511,3519,3521,3530,3535::1;1::626,747,844,846,925,1250,2023,2037,2112,2323::2;1::631-632,760,763,885,888,2090,2285,2306,2395,3535,3544::3;1::4123-4124::4;1::1768,2690,2699,3471,3477,3871-3872,4086-4087,4156-4157::5;
lumisParentRange : 
Basename : /store/user/mario/QCD_Pt_80_170_BCtoE_TuneZ2star_8TeV_pythia6/Summer12-stop-pfele-step1/3d176ac8da5e9dff208d057f4733ca91/tuple_2
BasenameParent : 
parentFiles : 
inputBlocks : /QCD_Pt_80_170_BCtoE_TuneZ2star_8TeV_pythia6/mario-Summer12-stop-pfele-step1-3d176ac8da5e9dff208d057f4733ca91/USER#2ed06c41-0731-4095-8a1a-4cabfa3cddd9
inputFiles : 17_3_E0h.root::1::EDM::Local::1;05_4_ZDL.root::1::EDM::Local::2;18_2_rgj.root::1::EDM::Local::3;23_2_9A9.root::1::EDM::Local::4;21_2_86h.root::1::EDM::Local::5;
Popularity stop
Extracted ExitStatus from FrameworkJobReport parsing output: 0
>>> Executable succeded  0
ExeExitCode=0
EXECUTABLE_EXIT_STATUS = 0
>>> current directory /home/cms006/home_crobe_838507954/CREAM838507954/glide_z28532/execute/dir_12977/CMSSW_5_3_5
>>>  (SOFTWARE_DIR): /home/cms006/home_crobe_838507954/CREAM838507954/glide_z28532/execute/dir_12977/CMSSW_5_3_5
>>> (WORKING_DIR): 
>>> current directory content:
total 148
drwxr-xr-x 3 cms006 cms  4096 Nov 27 16:02 .SCRAM
-rw-r--r-- 1 cms006 cms 30066 Nov 27 16:02 CMSSW.py.pkl
drwxr-xr-x 3 cms006 cms  4096 Nov 27 16:02 bin
drwxr-xr-x 3 cms006 cms  4096 Nov 27 16:02 cfipython
drwxr-xr-x 5 cms006 cms  4096 Nov 27 16:02 config
-rw-r--r-- 1 cms006 cms    15 Nov 27 16:04 cpu_timing.txt
drwxr-xr-x 2 cms006 cms  4096 Nov 27 16:02 doc
-rw-r--r-- 1 cms006 cms  4877 Nov 27 16:04 executable.out
drwxr-xr-x 2 cms006 cms  4096 Nov 27 16:02 include
drwxrwxrwx 3 cms006 cms  4096 Oct 22 16:38 lib
drwxr-xr-x 3 cms006 cms  4096 Nov 27 16:02 logs
drwxr-xr-x 3 cms006 cms  4096 Nov 27 16:02 objs
-rw-r--r-- 1 cms006 cms 16608 Nov 27 16:04 optHistograms.root
-rw-r--r-- 1 cms006 cms   104 Nov 27 16:03 pset.py
-rw-r--r-- 1 cms006 cms 19475 Nov 27 16:03 pset.py.pkl
-rw-r--r-- 1 cms006 cms   289 Nov 27 16:03 pset.pyc
drwxr-xr-x 2 cms006 cms  4096 Nov 27 16:02 python
-rw-r--r-- 1 cms006 cms   417 Nov 27 16:04 report.log
drwxrwxrwx 4 cms006 cms  4096 Nov 27 16:02 src
drwxr-xr-x 3 cms006 cms  4096 Nov 27 16:02 test
drwxr-xr-x 3 cms006 cms  4096 Nov 27 16:02 tmp
>>> current directory /home/cms006/home_crobe_838507954/CREAM838507954/glide_z28532/execute/dir_12977/CMSSW_5_3_5
>>> (SOFTWARE_DIR): /home/cms006/home_crobe_838507954/CREAM838507954/glide_z28532/execute/dir_12977/CMSSW_5_3_5
>>> (WORKING_DIR): 
>>> current directory content:
total 128
drwxr-xr-x 3 cms006 cms  4096 Nov 27 16:02 .SCRAM
-rw-r--r-- 1 cms006 cms 30066 Nov 27 16:02 CMSSW.py.pkl
drwxr-xr-x 3 cms006 cms  4096 Nov 27 16:02 bin
drwxr-xr-x 3 cms006 cms  4096 Nov 27 16:02 cfipython
drwxr-xr-x 5 cms006 cms  4096 Nov 27 16:02 config
-rw-r--r-- 1 cms006 cms    15 Nov 27 16:04 cpu_timing.txt
drwxr-xr-x 2 cms006 cms  4096 Nov 27 16:02 doc
-rw-r--r-- 1 cms006 cms  4877 Nov 27 16:04 executable.out
drwxr-xr-x 2 cms006 cms  4096 Nov 27 16:02 include
drwxrwxrwx 3 cms006 cms  4096 Oct 22 16:38 lib
drwxr-xr-x 3 cms006 cms  4096 Nov 27 16:02 logs
drwxr-xr-x 3 cms006 cms  4096 Nov 27 16:02 objs
-rw-r--r-- 1 cms006 cms   104 Nov 27 16:03 pset.py
-rw-r--r-- 1 cms006 cms 19475 Nov 27 16:03 pset.py.pkl
-rw-r--r-- 1 cms006 cms   289 Nov 27 16:03 pset.pyc
drwxr-xr-x 2 cms006 cms  4096 Nov 27 16:02 python
-rw-r--r-- 1 cms006 cms   417 Nov 27 16:04 report.log
drwxrwxrwx 4 cms006 cms  4096 Nov 27 16:02 src
drwxr-xr-x 3 cms006 cms  4096 Nov 27 16:02 test
drwxr-xr-x 3 cms006 cms  4096 Nov 27 16:02 tmp
>>> current directory (RUNTIME_AREA):  /home/cms006/home_crobe_838507954/CREAM838507954/glide_z28532/execute/dir_12977
>>> current dir: /home/cms006/home_crobe_838507954/CREAM838507954/glide_z28532/execute/dir_12977
>>> current dir content:
total 25756
-rw-rw-rw-  1 cms006 cms     5574 Nov 27 16:02 .job.ad
-rw-rw-rw-  1 cms006 cms    11331 Nov 27 16:02 .machine.ad
-rw-rw-rw-  1 cms006 cms      105 Nov 27 01:43 CMSSW.py
-rw-rw-rw-  1 cms006 cms    30066 Nov 27 01:43 CMSSW.py.pkl
-rwxrw-rw-  1 cms006 cms    23329 Nov 27 16:02 CMSSW.sh
drwxr-xr-x 15 cms006 cms     4096 Nov 27 16:04 CMSSW_5_3_5
-rw-rw-rw-  1 cms006 cms        0 Nov 27 16:02 CMSSW_80.stderr
-rw-rw-rw-  1 cms006 cms    17120 Nov 27 16:04 CMSSW_80.stdout
-rw-r--r--  1 cms006 cms      347 Nov 27 16:02 CacheEnv.sh
-rw-rw-rw-  1 cms006 cms     7291 Jun  9  2010 DashboardAPI.py
-rw-r--r--  1 cms006 cms     6883 Nov 27 16:02 DashboardAPI.pyc
drwxrwxrwx  3 cms006 cms     4096 Nov 27 16:04 IMProv
-rw-rw-rw-  1 cms006 cms     2748 Mar  8  2006 Logger.py
-rw-r--r--  1 cms006 cms     3353 Nov 27 16:02 Logger.pyc
-rw-rw-rw-  1 cms006 cms    24524 Mar 28  2008 ProcInfo.py
-rw-r--r--  1 cms006 cms    23470 Nov 27 16:02 ProcInfo.pyc
drwxrwxrwx  7 cms006 cms     4096 Nov 27 16:03 ProdCommon
drwxrwxrwx  3 cms006 cms     4096 Nov 27 16:02 WMCore
-rw-r--r--  1 cms006 cms     1454 Nov 27 16:04 Watchdog_80.log
-rw-rw-rw-  1 cms006 cms    32895 Mar 28  2008 apmon.py
-rw-r--r--  1 cms006 cms    28874 Nov 27 16:02 apmon.pyc
-rw-rw-rw-  1 cms006 cms    94355 Nov 27 16:02 arguments.xml
-rwxrwxrwx  1 cms006 cms    37427 Sep 13 14:14 cmscp.py
-rwxrwxrwx  1 cms006 cms    23329 Nov 27 16:02 condor_exec.exe
-rw-rw-rw-  1 cms006 cms      540 Nov 27 01:43 crab.cfg
-rwxrwxrwx  1 cms006 cms     9531 Sep 20 21:46 crabWatchdog.sh
-rw-r--r--  1 cms006 cms    30207 Nov 27 16:04 crab_fjr_80.xml
-rw-rw-rw-  1 cms006 cms 25796279 Nov 27 16:02 default.tgz
-rwxrwxrwx  1 cms006 cms     4488 May 12  2012 fillCrabFjr.py
-rw-r--r--  1 cms006 cms      910 Nov 27 16:03 inputsReport.txt
-rw-r--r--  1 cms006 cms      130 Nov 27 16:04 jobreport.txt
lrwxrwxrwx  1 cms006 cms      107 Nov 27 16:04 optHistograms.root -> /home/cms006/home_crobe_838507954/CREAM838507954/glide_z28532/execute/dir_12977/optHistograms_80_2_mCl.root
-rw-r--r--  1 cms006 cms    16608 Nov 27 16:04 optHistograms_80_2_mCl.root
-rw-rw-rw-  1 cms006 cms    17352 Jan 20  2012 parseCrabFjr.py
-rw-r--r--  1 cms006 cms      283 Nov 27 16:02 report.log
-rwxrwxrwx  1 cms006 cms     1497 May 27  2009 report.py
-rwxrwxrwx  1 cms006 cms     8387 Mar 23  2011 writeCfg.py
-rw-------  1 cms006 cms     8691 Nov 27 16:02 x509up_u1000009
Checking output files:  
will tar file optHistograms_80_2_mCl.root in  out_files_80
will tar file crab_fjr_80.xml in  out_files_80
will tar file CMSSW_80.stdout in  out_files_80
will tar file CMSSW_80.stderr in  out_files_80
WARNING: output file Watchdog_80.log.gz not found!
>>> padding time: Sleeping the wrapper for 450 seconds
STOPPING WATCHDOG. CrabWatchdog PID is 19515
********** LAST 50 LINES OF WATCHDOG LOG
# RESOURCE USAGE SUMMARY FOR PROCESS ID 16136
USER       PID %CPU %MEM    VSZ   RSS TTY      STAT START   TIME COMMAND
cms006   16136  0.0  0.0   8956  1488 ?        S    16:02   0:00 /bin/sh /home/cms006/home_crobe_838507954/CREAM838507954/glide_z28532/execute/dir_12977/condor_exec.exe 80 2
 
# LIMITS USED BY THIS WATCHDOG:
# RSS  (KBytes)  : 2300000
# VSZ  (KBytes)  : 100000000
# DISK (MBytes)  : 19000
# CPU  (seconds) : 171600
# WALL (seconds) : 171600
 
# FOLLOWING PRINTOUT TRACKS MAXIMUM VALUES OF RESOURCES USE
# ONE LINE IS PRINTED EACH TIME A MAXIMUM CHANGES
# IF CHANGE WAS IN RSS OR VSZ ALSO PROCID AND COMMAND ARE PRINTED
# THERE IS NO PRINTOUT FOR CPU/WALL TIME INCREASE
 
# TIME			PID	RSS(KB)	VSZ(KB)	Dsk(MB)	tCPU(s)	tWALL(s)	COMMAND
 Nov 27 16:02:51 EET	6152	1340	8816	0	0	782	/bin/bash /home/cms006/home_crobe_838507954/CREAM838507954/glide_z28532/main/condor_startup.sh glidein_config       
 Nov 27 16:02:51 EET	10381	5988	9660	0	0	779	/home/cms006/home_crobe_838507954/CREAM838507954/glide_z28532/main/condor/sbin/condor_master -f -pidfile /home/cms006/home_crobe_838507954/CREAM838507954/glide_z28532/condor_master2.pid      
 Nov 27 16:02:51 EET	19687	23972	84828	0	0	8	edmConfigHash pset.py        
 Nov 27 16:02:51 EET	---	23972	84828	168	----	----	----
 Nov 27 16:04:04 EET	26341	322160	556132	168	26	59	cmsRun -j /home/cms006/home_crobe_838507954/CREAM838507954/glide_z28532/execute/dir_12977/crab_fjr_80.xml -p pset.py     
 Nov 27 16:05:14 EET	---	322160	556132	169	----	----	----
********** WATCHDOG LOG ENDED
ZIPPING WATCHDOG LOG
Disk space used:
du -sh /home/cms006/home_crobe_838507954/CREAM838507954/glide_z28532/execute/dir_12977
169M	/home/cms006/home_crobe_838507954/CREAM838507954/glide_z28532/execute/dir_12977
>>> info for dashboard:
***** Cat /home/cms006/home_crobe_838507954/CREAM838507954/glide_z28532/execute/dir_12977/jobreport.txt *****
MonitorJobID=80_https://submit-2.t2.ucsd.edu//121127//17871.5
MonitorID=liis_crab_0_121127_014318_qg185f
ExeTime=95
ExeExitCode=0
CrabUserCpuTime=37.83
CrabSysCpuTime=4.50
CrabCpuPercentage=44%
CrabWrapperTime=600
CrabStageoutTime=NULL
***** End Cat jobreport *****
Parameters sent to Dashboard.
optHistograms_80_2_mCl.root
crab_fjr_80.xml
CMSSW_80.stdout
CMSSW_80.stderr
Watchdog_80.log.gz
tar: .BrokerInfo: Cannot stat: No such file or directory
tar: Error exit delayed from previous errors
Total Output dimension: 18487
WARNING: output files size limit is set to: 50000000
Total Output dimension 18487 is fine.
JOB_EXIT_STATUS = 0
>>> info for dashboard:
***** Cat /home/cms006/home_crobe_838507954/CREAM838507954/glide_z28532/execute/dir_12977/jobreport.txt *****
MonitorJobID=80_https://submit-2.t2.ucsd.edu//121127//17871.5
MonitorID=liis_crab_0_121127_014318_qg185f
JobExitCode=0
***** End Cat jobreport *****
Parameters sent to Dashboard.
optHistograms_80_2_mCl.root
crab_fjr_80.xml
