This script was generated by crab (version 2.8.3).
Running /home/cms097/home_crce1_392723031/CREAM392723031/glide_Bs9970/execute/dir_9477/condor_exec.exe with 2 positional parameters: 18 1
Today is Tue Nov 27 03:04:29 EET 2012
Job submitted on host wn-v-5204.local
Linux wn-v-5204.local 2.6.32-042stab059.7 #1 SMP Tue Jul 24 19:12:01 MSK 2012 x86_64 x86_64 x86_64 GNU/Linux
>>> current directory (RUNTIME_AREA): /home/cms097/home_crce1_392723031/CREAM392723031/glide_Bs9970/execute/dir_9477
>>> current user: uid=11097(cms097) gid=1400(cms) groups=1400(cms)
>>> voms proxy information:
subject   : /DC=ch/DC=cern/OU=Organic Units/OU=Users/CN=liis/CN=663550/CN=Liis Rebane/CN=proxy/CN=limited proxy
issuer    : /DC=ch/DC=cern/OU=Organic Units/OU=Users/CN=liis/CN=663550/CN=Liis Rebane/CN=proxy
identity  : /DC=ch/DC=cern/OU=Organic Units/OU=Users/CN=liis/CN=663550/CN=Liis Rebane/CN=proxy
type      : limited proxy
strength  : 512 bits
path      : /home/cms097/home_crce1_392723031/CREAM392723031/glide_Bs9970/execute/dir_9477/x509up_u1000009
timeleft  : 23:59:53
key usage : Digital Signature, Key Encipherment, Data Encipherment
=== VO cms extension information ===
VO        : cms
subject   : /DC=ch/DC=cern/OU=Organic Units/OU=Users/CN=liis/CN=663550/CN=Liis Rebane
issuer    : /DC=ch/DC=cern/OU=computers/CN=lcg-voms.cern.ch
attribute : /cms/Role=NULL/Capability=NULL
timeleft  : 190:21:08
uri       : lcg-voms.cern.ch:15002
>>> tar xzf /home/cms097/home_crce1_392723031/CREAM392723031/glide_Bs9970/execute/dir_9477/default.tgz :
Successful untar
>>> Include /home/cms097/home_crce1_392723031/CREAM392723031/glide_Bs9970/execute/dir_9477 in PYTHONPATH:
strip arguments
env var CRAB_UNIQUE_JOB_ID set to: liis_crab_0_121127_014318_qg185f_18_1_iip
out_files_18
>>> list of expected files on output sandbox
output files: optHistograms_18_1_iip.root crab_fjr_18.xml CMSSW_18.stdout CMSSW_18.stderr Watchdog_18.log.gz
>>> GridFlavour discovery: 
GridFlavour=LCG
>>> SyncSite discovery: 
SyncSite=T2_EE_Estonia
>>> SyncCE discovery: 
getting SyncCE from CE_ID
SyncCE=cream1.hep.kbfi.ee:8443/cream-pbs-long
>>> info for dashboard:
***** Cat /home/cms097/home_crce1_392723031/CREAM392723031/glide_Bs9970/execute/dir_9477/jobreport.txt *****
MonitorJobID=18_https://submit-2.t2.ucsd.edu//121127//17539.17
SyncGridJobId=https://submit-2.t2.ucsd.edu//121127//17539.17
MonitorID=liis_crab_0_121127_014318_qg185f
GridFlavour=LCG
SyncSite=T2_EE_Estonia
SyncCE=cream1.hep.kbfi.ee:8443/cream-pbs-long
***** End Cat jobreport *****
Parameters sent to Dashboard.
>>> setup environment
set SCRAM ARCH to slc5_amd64_gcc462
SCRAM_ARCH = slc5_amd64_gcc462
>>> setup CMS LCG environment:
set SCRAM ARCH and BUILD_ARCH to slc5_amd64_gcc462 ###
Sourcing environment... 
sourcing /cvmfs/cms.cern.ch/cmsset_default.sh
==> setup cms environment ok
>>> specific cmssw setup environment:
CMSSW_VERSION =  CMSSW_5_3_5
>>> current directory (SOFTWARE_DIR): /home/cms097/home_crce1_392723031/CREAM392723031/glide_Bs9970/execute/dir_9477/CMSSW_5_3_5
PreserveSeeds: <>
IncrementSeeds:<>
{}
WNHostName=wn-v-5204.local
>>> info for dashboard:
***** Cat /home/cms097/home_crce1_392723031/CREAM392723031/glide_Bs9970/execute/dir_9477/jobreport.txt *****
MonitorJobID=18_https://submit-2.t2.ucsd.edu//121127//17539.17
MonitorID=liis_crab_0_121127_014318_qg185f
WNHostName=wn-v-5204.local
***** End Cat jobreport *****
Parameters sent to Dashboard.
crabWatchdog started as process 12386
>>> moving CMSSW software directories in /home/cms097/home_crce1_392723031/CREAM392723031/glide_Bs9970/execute/dir_9477/CMSSW_5_3_5
mv: cannot stat `/home/cms097/home_crce1_392723031/CREAM392723031/glide_Bs9970/execute/dir_9477/module/': No such file or directory
>>> Include /home/cms097/home_crce1_392723031/CREAM392723031/glide_Bs9970/execute/dir_9477 in PYTHONPATH:
PYTHONPATH=/home/cms097/home_crce1_392723031/CREAM392723031/glide_Bs9970/execute/dir_9477/:/home/cms097/home_crce1_392723031/CREAM392723031/glide_Bs9970/execute/dir_9477/CMSSW_5_3_5/python:/home/cms097/home_crce1_392723031/CREAM392723031/glide_Bs9970/execute/dir_9477/CMSSW_5_3_5/lib/slc5_amd64_gcc462:/cvmfs/cms.cern.ch/slc5_amd64_gcc462/cms/cmssw/CMSSW_5_3_5/python:/cvmfs/cms.cern.ch/slc5_amd64_gcc462/cms/cmssw/CMSSW_5_3_5/lib/slc5_amd64_gcc462:/cvmfs/cms.cern.ch/slc5_amd64_gcc462/cms/coral/CORAL_2_3_21-cms27/slc5_amd64_gcc462/python:/cvmfs/cms.cern.ch/slc5_amd64_gcc462/cms/coral/CORAL_2_3_21-cms27/slc5_amd64_gcc462/lib:/cvmfs/cms.cern.ch/slc5_amd64_gcc462/external/pyqt/4.8.1/lib/python2.6/site-packages:/cvmfs/cms.cern.ch/slc5_amd64_gcc462/external/py2-scipy/0.8.0/lib/python2.6/site-packages:/cvmfs/cms.cern.ch/slc5_amd64_gcc462/external/py2-matplotlib/1.0.1/lib/python2.6/site-packages:/cvmfs/cms.cern.ch/slc5_amd64_gcc462/external/python-ldap/2.3.5/lib/python2.6/site-packages:/cvmfs/cms.cern.ch/slc5_amd64_gcc462/external/sip/4.11.2/lib/python2.6/site-packages:/cvmfs/cms.cern.ch/slc5_amd64_gcc462/external/py2-pycurl/7.19.0/lib/python2.6/site-packages:/cvmfs/cms.cern.ch/slc5_amd64_gcc462/external/py2-numpy/1.6.1/lib/python2.6/site-packages:/cvmfs/cms.cern.ch/slc5_amd64_gcc462/external/py2-ipython/0.10/lib/python2.6/site-packages:/cvmfs/cms.cern.ch/slc5_amd64_gcc462/external/py2-cx-oracle/5.1-cms11/lib/python2.6/site-packages:/cvmfs/cms.cern.ch/slc5_amd64_gcc462/external/py2-cjson/1.0.5/lib/python2.6/site-packages:/cvmfs/cms.cern.ch/slc5_amd64_gcc462/cms/das-client/1.4.1-cms8/bin:/cvmfs/cms.cern.ch/slc5_amd64_gcc462/external/elementtree/1.2.6/share/lib/python2.6/site-packages:/cvmfs/cms.cern.ch/slc5_amd64_gcc462/external/rivet/1.5.1-cms10/lib/python2.6/site-packages:/cvmfs/cms.cern.ch/slc5_amd64_gcc462/external/pyminuit2/0.0.1-cms34/lib/python2.6/site-packages:/cvmfs/cms.cern.ch/slc5_amd64_gcc462/external/professor/1.0.0-cms35/lib/python2.6/site-packages:/cvmfs/cms.cern.ch/slc5_amd64_gcc462/lcg/root/5.32.00-cms18/lib:/cvmfs/cms.cern.ch/slc5_amd64_gcc462/cms/dbs-client/DBS_2_1_1_patch1_1/lib:/cvmfs/cms.cern.ch/slc5_amd64_gcc462/cms/dbs-client/DBS_2_1_1_patch1_1/lib/DBSAPI:/home/cms097/home_crce1_392723031/CREAM392723031/glide_Bs9970/execute/dir_9477/
241a2a19cb7c5c8751ba22759ab3bdb0
PSETHASH = 241a2a19cb7c5c8751ba22759ab3bdb0
/home/cms097/home_crce1_392723031/CREAM392723031/glide_Bs9970/execute/dir_9477/writeCfg.py pset.py pset.py
Importing .py file
Setting parameters
inputBlocks=/QCD_Pt_80_170_BCtoE_TuneZ2star_8TeV_pythia6/mario-Summer12-stop-pfele-step1-3d176ac8da5e9dff208d057f4733ca91/USER#2ed06c41-0731-4095-8a1a-4cabfa3cddd9
inputFiles=/store/user/mario/QCD_Pt_80_170_BCtoE_TuneZ2star_8TeV_pythia6/Summer12-stop-pfele-step1/3d176ac8da5e9dff208d057f4733ca91/tuple_339_2_nO4.root;/store/user/mario/QCD_Pt_80_170_BCtoE_TuneZ2star_8TeV_pythia6/Summer12-stop-pfele-step1/3d176ac8da5e9dff208d057f4733ca91/tuple_342_2_fh7.root;/store/user/mario/QCD_Pt_80_170_BCtoE_TuneZ2star_8TeV_pythia6/Summer12-stop-pfele-step1/3d176ac8da5e9dff208d057f4733ca91/tuple_349_2_p1S.root;/store/user/mario/QCD_Pt_80_170_BCtoE_TuneZ2star_8TeV_pythia6/Summer12-stop-pfele-step1/3d176ac8da5e9dff208d057f4733ca91/tuple_356_2_Guw.root
parentFiles=
lumisRange=
>>> Executable cmsRun
/cvmfs/cms.cern.ch/slc5_amd64_gcc462/cms/cmssw/CMSSW_5_3_5/bin/slc5_amd64_gcc462/cmsRun
ok executable found
>>> info for dashboard:
***** Cat /home/cms097/home_crce1_392723031/CREAM392723031/glide_Bs9970/execute/dir_9477/jobreport.txt *****
MonitorJobID=18_https://submit-2.t2.ucsd.edu//121127//17539.17
MonitorID=liis_crab_0_121127_014318_qg185f
ExeStart=cmsRun
***** End Cat jobreport *****
Parameters sent to Dashboard.
>>> cmsRun started at Tue Nov 27 01:04:48 UTC 2012
>>> cmsRun ended at Tue Nov 27 01:06:38 UTC 2012
>>> info for dashboard:
***** Cat /home/cms097/home_crce1_392723031/CREAM392723031/glide_Bs9970/execute/dir_9477/jobreport.txt *****
MonitorJobID=18_https://submit-2.t2.ucsd.edu//121127//17539.17
MonitorID=liis_crab_0_121127_014318_qg185f
ExeEnd=cmsRun
***** End Cat jobreport *****
Parameters sent to Dashboard.
TIME_EXE = 110 sec
>>> cmsRun wrote 39 lines of stdout+stderr
>>> START OF printout of 39 lines from stdout+stderr
27-Nov-2012 03:05:04 EET  Initiating request to open file file:/hdfs/cms/store/user/mario/QCD_Pt_80_170_BCtoE_TuneZ2star_8TeV_pythia6/Summer12-stop-pfele-step1/3d176ac8da5e9dff208d057f4733ca91/tuple_339_2_nO4.root
27-Nov-2012 03:05:10 EET  Successfully opened file file:/hdfs/cms/store/user/mario/QCD_Pt_80_170_BCtoE_TuneZ2star_8TeV_pythia6/Summer12-stop-pfele-step1/3d176ac8da5e9dff208d057f4733ca91/tuple_339_2_nO4.root
Begin processing the 1st record. Run 1, Event 116688651, LumiSection 2650 at 27-Nov-2012 03:05:18.179 EET
Begin processing the 1001st record. Run 1, Event 66573325, LumiSection 1512 at 27-Nov-2012 03:05:25.121 EET
Begin processing the 2001st record. Run 1, Event 21079451, LumiSection 479 at 27-Nov-2012 03:05:28.062 EET
27-Nov-2012 03:05:28 EET  Closed file file:/hdfs/cms/store/user/mario/QCD_Pt_80_170_BCtoE_TuneZ2star_8TeV_pythia6/Summer12-stop-pfele-step1/3d176ac8da5e9dff208d057f4733ca91/tuple_339_2_nO4.root
27-Nov-2012 03:05:28 EET  Initiating request to open file file:/hdfs/cms/store/user/mario/QCD_Pt_80_170_BCtoE_TuneZ2star_8TeV_pythia6/Summer12-stop-pfele-step1/3d176ac8da5e9dff208d057f4733ca91/tuple_342_2_fh7.root
27-Nov-2012 03:05:29 EET  Successfully opened file file:/hdfs/cms/store/user/mario/QCD_Pt_80_170_BCtoE_TuneZ2star_8TeV_pythia6/Summer12-stop-pfele-step1/3d176ac8da5e9dff208d057f4733ca91/tuple_342_2_fh7.root
Begin processing the 3001st record. Run 1, Event 169952848, LumiSection 3860 at 27-Nov-2012 03:05:41.475 EET
Begin processing the 4001st record. Run 1, Event 173607373, LumiSection 3943 at 27-Nov-2012 03:05:47.687 EET
27-Nov-2012 03:05:48 EET  Closed file file:/hdfs/cms/store/user/mario/QCD_Pt_80_170_BCtoE_TuneZ2star_8TeV_pythia6/Summer12-stop-pfele-step1/3d176ac8da5e9dff208d057f4733ca91/tuple_342_2_fh7.root
27-Nov-2012 03:05:48 EET  Initiating request to open file file:/hdfs/cms/store/user/mario/QCD_Pt_80_170_BCtoE_TuneZ2star_8TeV_pythia6/Summer12-stop-pfele-step1/3d176ac8da5e9dff208d057f4733ca91/tuple_349_2_p1S.root
27-Nov-2012 03:05:49 EET  Successfully opened file file:/hdfs/cms/store/user/mario/QCD_Pt_80_170_BCtoE_TuneZ2star_8TeV_pythia6/Summer12-stop-pfele-step1/3d176ac8da5e9dff208d057f4733ca91/tuple_349_2_p1S.root
Begin processing the 5001st record. Run 1, Event 152212616, LumiSection 3457 at 27-Nov-2012 03:06:02.543 EET
Begin processing the 6001st record. Run 1, Event 161890783, LumiSection 3677 at 27-Nov-2012 03:06:07.807 EET
27-Nov-2012 03:06:10 EET  Closed file file:/hdfs/cms/store/user/mario/QCD_Pt_80_170_BCtoE_TuneZ2star_8TeV_pythia6/Summer12-stop-pfele-step1/3d176ac8da5e9dff208d057f4733ca91/tuple_349_2_p1S.root
27-Nov-2012 03:06:10 EET  Initiating request to open file file:/hdfs/cms/store/user/mario/QCD_Pt_80_170_BCtoE_TuneZ2star_8TeV_pythia6/Summer12-stop-pfele-step1/3d176ac8da5e9dff208d057f4733ca91/tuple_356_2_Guw.root
27-Nov-2012 03:06:11 EET  Successfully opened file file:/hdfs/cms/store/user/mario/QCD_Pt_80_170_BCtoE_TuneZ2star_8TeV_pythia6/Summer12-stop-pfele-step1/3d176ac8da5e9dff208d057f4733ca91/tuple_356_2_Guw.root
Begin processing the 7001st record. Run 1, Event 28222000, LumiSection 641 at 27-Nov-2012 03:06:32.180 EET
Begin processing the 8001st record. Run 1, Event 36622147, LumiSection 832 at 27-Nov-2012 03:06:35.178 EET
27-Nov-2012 03:06:36 EET  Closed file file:/hdfs/cms/store/user/mario/QCD_Pt_80_170_BCtoE_TuneZ2star_8TeV_pythia6/Summer12-stop-pfele-step1/3d176ac8da5e9dff208d057f4733ca91/tuple_356_2_Guw.root

=============================================

MessageLogger Summary

 type     category        sev    module        subroutine        count    total
 ---- -------------------- -- ---------------- ----------------  -----    -----
    1 fileAction           -s file_close                             4        4
    2 fileAction           -s file_open                              8        8

 type    category    Examples: run/evt        run/evt          run/evt
 ---- -------------------- ---------------- ---------------- ----------------
    1 fileAction           PostProcessEvent PostProcessEvent PostEndRun
    2 fileAction           pre-events       pre-events       PostProcessEvent

Severity    # Occurrences   Total Occurrences
--------    -------------   -----------------
System                 12                  12
>>> END OF printout of 39 lines from stdout+stderr
>>> Parse FrameworkJobReport crab_fjr.xml
Result of parsing the FrameworkJobReport crab_fjr.xml: Popularity start
lumisRange : 1::1702,1705,3823-3824,3859-3860,3931-3932,3934-3935,3943,4059::1;1::2229,2462,2464,3457,3460,3473-3474,3657,3677,3788,3965::2;1::475,479,1458,1460,1469,1512,1515-1516,1812,1814,2650::3;1::596,609,641,759,761,832,839-840,860,982,1270::4;
lumisParentRange : 
Basename : /store/user/mario/QCD_Pt_80_170_BCtoE_TuneZ2star_8TeV_pythia6/Summer12-stop-pfele-step1/3d176ac8da5e9dff208d057f4733ca91/tuple_3
BasenameParent : 
parentFiles : 
inputBlocks : /QCD_Pt_80_170_BCtoE_TuneZ2star_8TeV_pythia6/mario-Summer12-stop-pfele-step1-3d176ac8da5e9dff208d057f4733ca91/USER#2ed06c41-0731-4095-8a1a-4cabfa3cddd9
inputFiles : 42_2_fh7.root::1::EDM::Local::1;49_2_p1S.root::1::EDM::Local::2;39_2_nO4.root::1::EDM::Local::3;56_2_Guw.root::1::EDM::Local::4;
Popularity stop
Extracted ExitStatus from FrameworkJobReport parsing output: 0
>>> Executable succeded  0
ExeExitCode=0
EXECUTABLE_EXIT_STATUS = 0
>>> current directory /home/cms097/home_crce1_392723031/CREAM392723031/glide_Bs9970/execute/dir_9477/CMSSW_5_3_5
>>>  (SOFTWARE_DIR): /home/cms097/home_crce1_392723031/CREAM392723031/glide_Bs9970/execute/dir_9477/CMSSW_5_3_5
>>> (WORKING_DIR): 
>>> current directory content:
total 144
drwxr-xr-x 3 cms097 cms  4096 Nov 27 03:04 .SCRAM
-rw-r--r-- 1 cms097 cms 30066 Nov 27 03:04 CMSSW.py.pkl
drwxr-xr-x 3 cms097 cms  4096 Nov 27 03:04 bin
drwxr-xr-x 3 cms097 cms  4096 Nov 27 03:04 cfipython
drwxr-xr-x 5 cms097 cms  4096 Nov 27 03:04 config
-rw-r--r-- 1 cms097 cms    15 Nov 27 03:06 cpu_timing.txt
drwxr-xr-x 2 cms097 cms  4096 Nov 27 03:04 doc
-rw-r--r-- 1 cms097 cms  4261 Nov 27 03:06 executable.out
drwxr-xr-x 2 cms097 cms  4096 Nov 27 03:04 include
drwxrwxrwx 3 cms097 cms  4096 Oct 22 16:38 lib
drwxr-xr-x 3 cms097 cms  4096 Nov 27 03:04 logs
drwxr-xr-x 3 cms097 cms  4096 Nov 27 03:04 objs
-rw-r--r-- 1 cms097 cms 16356 Nov 27 03:06 optHistograms.root
-rw-r--r-- 1 cms097 cms   104 Nov 27 03:04 pset.py
-rw-r--r-- 1 cms097 cms 19324 Nov 27 03:04 pset.py.pkl
-rw-r--r-- 1 cms097 cms   289 Nov 27 03:04 pset.pyc
drwxr-xr-x 2 cms097 cms  4096 Nov 27 03:04 python
-rw-r--r-- 1 cms097 cms   420 Nov 27 03:06 report.log
drwxrwxrwx 4 cms097 cms  4096 Nov 27 03:04 src
drwxr-xr-x 3 cms097 cms  4096 Nov 27 03:04 test
drwxr-xr-x 3 cms097 cms  4096 Nov 27 03:04 tmp
>>> current directory /home/cms097/home_crce1_392723031/CREAM392723031/glide_Bs9970/execute/dir_9477/CMSSW_5_3_5
>>> (SOFTWARE_DIR): /home/cms097/home_crce1_392723031/CREAM392723031/glide_Bs9970/execute/dir_9477/CMSSW_5_3_5
>>> (WORKING_DIR): 
>>> current directory content:
total 128
drwxr-xr-x 3 cms097 cms  4096 Nov 27 03:04 .SCRAM
-rw-r--r-- 1 cms097 cms 30066 Nov 27 03:04 CMSSW.py.pkl
drwxr-xr-x 3 cms097 cms  4096 Nov 27 03:04 bin
drwxr-xr-x 3 cms097 cms  4096 Nov 27 03:04 cfipython
drwxr-xr-x 5 cms097 cms  4096 Nov 27 03:04 config
-rw-r--r-- 1 cms097 cms    15 Nov 27 03:06 cpu_timing.txt
drwxr-xr-x 2 cms097 cms  4096 Nov 27 03:04 doc
-rw-r--r-- 1 cms097 cms  4261 Nov 27 03:06 executable.out
drwxr-xr-x 2 cms097 cms  4096 Nov 27 03:04 include
drwxrwxrwx 3 cms097 cms  4096 Oct 22 16:38 lib
drwxr-xr-x 3 cms097 cms  4096 Nov 27 03:04 logs
drwxr-xr-x 3 cms097 cms  4096 Nov 27 03:04 objs
-rw-r--r-- 1 cms097 cms   104 Nov 27 03:04 pset.py
-rw-r--r-- 1 cms097 cms 19324 Nov 27 03:04 pset.py.pkl
-rw-r--r-- 1 cms097 cms   289 Nov 27 03:04 pset.pyc
drwxr-xr-x 2 cms097 cms  4096 Nov 27 03:04 python
-rw-r--r-- 1 cms097 cms   420 Nov 27 03:06 report.log
drwxrwxrwx 4 cms097 cms  4096 Nov 27 03:04 src
drwxr-xr-x 3 cms097 cms  4096 Nov 27 03:04 test
drwxr-xr-x 3 cms097 cms  4096 Nov 27 03:04 tmp
>>> current directory (RUNTIME_AREA):  /home/cms097/home_crce1_392723031/CREAM392723031/glide_Bs9970/execute/dir_9477
>>> current dir: /home/cms097/home_crce1_392723031/CREAM392723031/glide_Bs9970/execute/dir_9477
>>> current dir content:
total 25744
-rw-rw-rw-  1 cms097 cms     5606 Nov 27 03:04 .job.ad
-rw-rw-rw-  1 cms097 cms    11524 Nov 27 03:04 .machine.ad
-rw-rw-rw-  1 cms097 cms      105 Nov 27 01:43 CMSSW.py
-rw-rw-rw-  1 cms097 cms    30066 Nov 27 01:43 CMSSW.py.pkl
-rwxrw-rw-  1 cms097 cms    23329 Nov 27 03:04 CMSSW.sh
-rw-rw-rw-  1 cms097 cms        0 Nov 27 03:04 CMSSW_18.stderr
-rw-rw-rw-  1 cms097 cms    16300 Nov 27 03:06 CMSSW_18.stdout
drwxr-xr-x 15 cms097 cms     4096 Nov 27 03:06 CMSSW_5_3_5
-rw-r--r--  1 cms097 cms      346 Nov 27 03:04 CacheEnv.sh
-rw-rw-rw-  1 cms097 cms     7291 Jun  9  2010 DashboardAPI.py
-rw-r--r--  1 cms097 cms     6868 Nov 27 03:04 DashboardAPI.pyc
drwxrwxrwx  3 cms097 cms     4096 Nov 27 03:06 IMProv
-rw-rw-rw-  1 cms097 cms     2748 Mar  8  2006 Logger.py
-rw-r--r--  1 cms097 cms     3348 Nov 27 03:04 Logger.pyc
-rw-rw-rw-  1 cms097 cms    24524 Mar 28  2008 ProcInfo.py
-rw-r--r--  1 cms097 cms    23446 Nov 27 03:04 ProcInfo.pyc
drwxrwxrwx  7 cms097 cms     4096 Nov 27 03:04 ProdCommon
drwxrwxrwx  3 cms097 cms     4096 Nov 27 03:04 WMCore
-rw-r--r--  1 cms097 cms     1437 Nov 27 03:05 Watchdog_18.log
-rw-rw-rw-  1 cms097 cms    32895 Mar 28  2008 apmon.py
-rw-r--r--  1 cms097 cms    28845 Nov 27 03:04 apmon.pyc
-rw-rw-rw-  1 cms097 cms    94355 Nov 27 03:04 arguments.xml
-rwxrwxrwx  1 cms097 cms    37427 Sep 13 14:14 cmscp.py
-rwxrwxrwx  1 cms097 cms    23329 Nov 27 03:04 condor_exec.exe
-rw-rw-rw-  1 cms097 cms      540 Nov 27 01:43 crab.cfg
-rwxrwxrwx  1 cms097 cms     9531 Sep 20 21:46 crabWatchdog.sh
-rw-r--r--  1 cms097 cms    26796 Nov 27 03:06 crab_fjr_18.xml
-rw-rw-rw-  1 cms097 cms 25796279 Nov 27 03:04 default.tgz
-rwxrwxrwx  1 cms097 cms     4488 May 12  2012 fillCrabFjr.py
-rw-r--r--  1 cms097 cms      768 Nov 27 03:04 inputsReport.txt
-rw-r--r--  1 cms097 cms      132 Nov 27 03:06 jobreport.txt
lrwxrwxrwx  1 cms097 cms      106 Nov 27 03:06 optHistograms.root -> /home/cms097/home_crce1_392723031/CREAM392723031/glide_Bs9970/execute/dir_9477/optHistograms_18_1_iip.root
-rw-r--r--  1 cms097 cms    16356 Nov 27 03:06 optHistograms_18_1_iip.root
-rw-rw-rw-  1 cms097 cms    17352 Jan 20  2012 parseCrabFjr.py
-rw-r--r--  1 cms097 cms      285 Nov 27 03:04 report.log
-rwxrwxrwx  1 cms097 cms     1497 May 27  2009 report.py
-rwxrwxrwx  1 cms097 cms     8387 Mar 23  2011 writeCfg.py
-rw-------  1 cms097 cms     8691 Nov 27 03:04 x509up_u1000009
Checking output files:  
will tar file optHistograms_18_1_iip.root in  out_files_18
will tar file crab_fjr_18.xml in  out_files_18
will tar file CMSSW_18.stdout in  out_files_18
will tar file CMSSW_18.stderr in  out_files_18
WARNING: output file Watchdog_18.log.gz not found!
>>> padding time: Sleeping the wrapper for 452 seconds
STOPPING WATCHDOG. CrabWatchdog PID is 12386
********** LAST 50 LINES OF WATCHDOG LOG
# RESOURCE USAGE SUMMARY FOR PROCESS ID 10155
USER       PID %CPU %MEM    VSZ   RSS TTY      STAT START   TIME COMMAND
cms097   10155  0.2  0.0   8956  1488 ?        S    03:04   0:00 /bin/sh /home/cms097/home_crce1_392723031/CREAM392723031/glide_Bs9970/execute/dir_9477/condor_exec.exe 18 1
 
# LIMITS USED BY THIS WATCHDOG:
# RSS  (KBytes)  : 2300000
# VSZ  (KBytes)  : 100000000
# DISK (MBytes)  : 19000
# CPU  (seconds) : 171600
# WALL (seconds) : 171600
 
# FOLLOWING PRINTOUT TRACKS MAXIMUM VALUES OF RESOURCES USE
# ONE LINE IS PRINTED EACH TIME A MAXIMUM CHANGES
# IF CHANGE WAS IN RSS OR VSZ ALSO PROCID AND COMMAND ARE PRINTED
# THERE IS NO PRINTOUT FOR CPU/WALL TIME INCREASE
 
# TIME			PID	RSS(KB)	VSZ(KB)	Dsk(MB)	tCPU(s)	tWALL(s)	COMMAND
 Nov 27 03:04:37 EET	9477	5352	9340	0	0	19	condor_starter -f submit-2.t2.ucsd.edu       
 Nov 27 03:04:37 EET	9868	5352	25504	0	0	4954	perl -e ?use Socket;??sub send_notify {? $cream_url = "193.40.150.141:49152";die "No
 Nov 27 03:04:37 EET	18489	6012	25504	0	4	4932	/home/cms097/home_crce1_392723031/CREAM392723031/glide_Bs9970/main/condor/sbin/condor_master -f -pidfile /home/cms097/home_crce1_392723031/CREAM392723031/glide_Bs9970/condor_master2.pid      
 Nov 27 03:04:37 EET	---	6012	25504	168	----	----	----
 Nov 27 03:05:42 EET	15008	351192	551272	168	28	59	cmsRun -j /home/cms097/home_crce1_392723031/CREAM392723031/glide_Bs9970/execute/dir_9477/crab_fjr_18.xml -p pset.py     
 Nov 27 03:06:49 EET	---	351192	551272	169	----	----	----
********** WATCHDOG LOG ENDED
ZIPPING WATCHDOG LOG
Disk space used:
du -sh /home/cms097/home_crce1_392723031/CREAM392723031/glide_Bs9970/execute/dir_9477
169M	/home/cms097/home_crce1_392723031/CREAM392723031/glide_Bs9970/execute/dir_9477
>>> info for dashboard:
***** Cat /home/cms097/home_crce1_392723031/CREAM392723031/glide_Bs9970/execute/dir_9477/jobreport.txt *****
MonitorJobID=18_https://submit-2.t2.ucsd.edu//121127//17539.17
MonitorID=liis_crab_0_121127_014318_qg185f
ExeTime=110
ExeExitCode=0
CrabUserCpuTime=47.86
CrabSysCpuTime=6.07
CrabCpuPercentage=49%
CrabWrapperTime=600
CrabStageoutTime=NULL
***** End Cat jobreport *****
Parameters sent to Dashboard.
optHistograms_18_1_iip.root
crab_fjr_18.xml
CMSSW_18.stdout
CMSSW_18.stderr
Watchdog_18.log.gz
tar: .BrokerInfo: Cannot stat: No such file or directory
tar: Error exit delayed from previous errors
Total Output dimension: 17983
WARNING: output files size limit is set to: 50000000
Total Output dimension 17983 is fine.
JOB_EXIT_STATUS = 0
>>> info for dashboard:
***** Cat /home/cms097/home_crce1_392723031/CREAM392723031/glide_Bs9970/execute/dir_9477/jobreport.txt *****
MonitorJobID=18_https://submit-2.t2.ucsd.edu//121127//17539.17
MonitorID=liis_crab_0_121127_014318_qg185f
JobExitCode=0
***** End Cat jobreport *****
Parameters sent to Dashboard.
optHistograms_18_1_iip.root
crab_fjr_18.xml
