This script was generated by crab (version 2.8.3).
Running /home/cms006/home_crobe_438824585/CREAM438824585/glide_Y16415/execute/dir_21154/condor_exec.exe with 2 positional parameters: 31 1
Today is Tue Nov 27 03:06:17 EET 2012
Job submitted on host wn-v-2036.local
Linux wn-v-2036.local 2.6.32-042stab059.7 #1 SMP Tue Jul 24 19:12:01 MSK 2012 x86_64 x86_64 x86_64 GNU/Linux
>>> current directory (RUNTIME_AREA): /home/cms006/home_crobe_438824585/CREAM438824585/glide_Y16415/execute/dir_21154
>>> current user: uid=11006(cms006) gid=1400(cms) groups=1400(cms)
>>> voms proxy information:
subject   : /DC=ch/DC=cern/OU=Organic Units/OU=Users/CN=liis/CN=663550/CN=Liis Rebane/CN=proxy/CN=limited proxy
issuer    : /DC=ch/DC=cern/OU=Organic Units/OU=Users/CN=liis/CN=663550/CN=Liis Rebane/CN=proxy
identity  : /DC=ch/DC=cern/OU=Organic Units/OU=Users/CN=liis/CN=663550/CN=Liis Rebane/CN=proxy
type      : limited proxy
strength  : 512 bits
path      : /home/cms006/home_crobe_438824585/CREAM438824585/glide_Y16415/execute/dir_21154/x509up_u1000009
timeleft  : 23:59:53
key usage : Digital Signature, Key Encipherment, Data Encipherment
=== VO cms extension information ===
VO        : cms
subject   : /DC=ch/DC=cern/OU=Organic Units/OU=Users/CN=liis/CN=663550/CN=Liis Rebane
issuer    : /DC=ch/DC=cern/OU=computers/CN=lcg-voms.cern.ch
attribute : /cms/Role=NULL/Capability=NULL
timeleft  : 190:19:20
uri       : lcg-voms.cern.ch:15002
>>> tar xzf /home/cms006/home_crobe_438824585/CREAM438824585/glide_Y16415/execute/dir_21154/default.tgz :
Successful untar
>>> Include /home/cms006/home_crobe_438824585/CREAM438824585/glide_Y16415/execute/dir_21154 in PYTHONPATH:
strip arguments
env var CRAB_UNIQUE_JOB_ID set to: liis_crab_0_121127_014318_qg185f_31_1_WJb
out_files_31
>>> list of expected files on output sandbox
output files: optHistograms_31_1_WJb.root crab_fjr_31.xml CMSSW_31.stdout CMSSW_31.stderr Watchdog_31.log.gz
>>> GridFlavour discovery: 
GridFlavour=LCG
>>> SyncSite discovery: 
SyncSite=T2_EE_Estonia
>>> SyncCE discovery: 
getting SyncCE from CE_ID
SyncCE=oberon.hep.kbfi.ee:8443/cream-pbs-long
>>> info for dashboard:
***** Cat /home/cms006/home_crobe_438824585/CREAM438824585/glide_Y16415/execute/dir_21154/jobreport.txt *****
MonitorJobID=31_https://submit-2.t2.ucsd.edu//121127//17539.30
SyncGridJobId=https://submit-2.t2.ucsd.edu//121127//17539.30
MonitorID=liis_crab_0_121127_014318_qg185f
GridFlavour=LCG
SyncSite=T2_EE_Estonia
SyncCE=oberon.hep.kbfi.ee:8443/cream-pbs-long
***** End Cat jobreport *****
Parameters sent to Dashboard.
>>> setup environment
set SCRAM ARCH to slc5_amd64_gcc462
SCRAM_ARCH = slc5_amd64_gcc462
>>> setup CMS LCG environment:
set SCRAM ARCH and BUILD_ARCH to slc5_amd64_gcc462 ###
Sourcing environment... 
sourcing /cvmfs/cms.cern.ch/cmsset_default.sh
==> setup cms environment ok
>>> specific cmssw setup environment:
CMSSW_VERSION =  CMSSW_5_3_5
>>> current directory (SOFTWARE_DIR): /home/cms006/home_crobe_438824585/CREAM438824585/glide_Y16415/execute/dir_21154/CMSSW_5_3_5
PreserveSeeds: <>
IncrementSeeds:<>
{}
WNHostName=wn-v-2036.local
>>> info for dashboard:
***** Cat /home/cms006/home_crobe_438824585/CREAM438824585/glide_Y16415/execute/dir_21154/jobreport.txt *****
MonitorJobID=31_https://submit-2.t2.ucsd.edu//121127//17539.30
MonitorID=liis_crab_0_121127_014318_qg185f
WNHostName=wn-v-2036.local
***** End Cat jobreport *****
Parameters sent to Dashboard.
crabWatchdog started as process 22806
>>> moving CMSSW software directories in /home/cms006/home_crobe_438824585/CREAM438824585/glide_Y16415/execute/dir_21154/CMSSW_5_3_5
mv: cannot stat `/home/cms006/home_crobe_438824585/CREAM438824585/glide_Y16415/execute/dir_21154/module/': No such file or directory
>>> Include /home/cms006/home_crobe_438824585/CREAM438824585/glide_Y16415/execute/dir_21154 in PYTHONPATH:
PYTHONPATH=/home/cms006/home_crobe_438824585/CREAM438824585/glide_Y16415/execute/dir_21154/:/home/cms006/home_crobe_438824585/CREAM438824585/glide_Y16415/execute/dir_21154/CMSSW_5_3_5/python:/home/cms006/home_crobe_438824585/CREAM438824585/glide_Y16415/execute/dir_21154/CMSSW_5_3_5/lib/slc5_amd64_gcc462:/cvmfs/cms.cern.ch/slc5_amd64_gcc462/cms/cmssw/CMSSW_5_3_5/python:/cvmfs/cms.cern.ch/slc5_amd64_gcc462/cms/cmssw/CMSSW_5_3_5/lib/slc5_amd64_gcc462:/cvmfs/cms.cern.ch/slc5_amd64_gcc462/cms/coral/CORAL_2_3_21-cms27/slc5_amd64_gcc462/python:/cvmfs/cms.cern.ch/slc5_amd64_gcc462/cms/coral/CORAL_2_3_21-cms27/slc5_amd64_gcc462/lib:/cvmfs/cms.cern.ch/slc5_amd64_gcc462/external/pyqt/4.8.1/lib/python2.6/site-packages:/cvmfs/cms.cern.ch/slc5_amd64_gcc462/external/py2-scipy/0.8.0/lib/python2.6/site-packages:/cvmfs/cms.cern.ch/slc5_amd64_gcc462/external/py2-matplotlib/1.0.1/lib/python2.6/site-packages:/cvmfs/cms.cern.ch/slc5_amd64_gcc462/external/python-ldap/2.3.5/lib/python2.6/site-packages:/cvmfs/cms.cern.ch/slc5_amd64_gcc462/external/sip/4.11.2/lib/python2.6/site-packages:/cvmfs/cms.cern.ch/slc5_amd64_gcc462/external/py2-pycurl/7.19.0/lib/python2.6/site-packages:/cvmfs/cms.cern.ch/slc5_amd64_gcc462/external/py2-numpy/1.6.1/lib/python2.6/site-packages:/cvmfs/cms.cern.ch/slc5_amd64_gcc462/external/py2-ipython/0.10/lib/python2.6/site-packages:/cvmfs/cms.cern.ch/slc5_amd64_gcc462/external/py2-cx-oracle/5.1-cms11/lib/python2.6/site-packages:/cvmfs/cms.cern.ch/slc5_amd64_gcc462/external/py2-cjson/1.0.5/lib/python2.6/site-packages:/cvmfs/cms.cern.ch/slc5_amd64_gcc462/cms/das-client/1.4.1-cms8/bin:/cvmfs/cms.cern.ch/slc5_amd64_gcc462/external/elementtree/1.2.6/share/lib/python2.6/site-packages:/cvmfs/cms.cern.ch/slc5_amd64_gcc462/external/rivet/1.5.1-cms10/lib/python2.6/site-packages:/cvmfs/cms.cern.ch/slc5_amd64_gcc462/external/pyminuit2/0.0.1-cms34/lib/python2.6/site-packages:/cvmfs/cms.cern.ch/slc5_amd64_gcc462/external/professor/1.0.0-cms35/lib/python2.6/site-packages:/cvmfs/cms.cern.ch/slc5_amd64_gcc462/lcg/root/5.32.00-cms18/lib:/cvmfs/cms.cern.ch/slc5_amd64_gcc462/cms/dbs-client/DBS_2_1_1_patch1_1/lib:/cvmfs/cms.cern.ch/slc5_amd64_gcc462/cms/dbs-client/DBS_2_1_1_patch1_1/lib/DBSAPI:/home/cms006/home_crobe_438824585/CREAM438824585/glide_Y16415/execute/dir_21154/
241a2a19cb7c5c8751ba22759ab3bdb0
PSETHASH = 241a2a19cb7c5c8751ba22759ab3bdb0
/home/cms006/home_crobe_438824585/CREAM438824585/glide_Y16415/execute/dir_21154/writeCfg.py pset.py pset.py
Importing .py file
Setting parameters
inputBlocks=/QCD_Pt_80_170_BCtoE_TuneZ2star_8TeV_pythia6/mario-Summer12-stop-pfele-step1-3d176ac8da5e9dff208d057f4733ca91/USER#2ed06c41-0731-4095-8a1a-4cabfa3cddd9
inputFiles=/store/user/mario/QCD_Pt_80_170_BCtoE_TuneZ2star_8TeV_pythia6/Summer12-stop-pfele-step1/3d176ac8da5e9dff208d057f4733ca91/tuple_198_2_URK.root;/store/user/mario/QCD_Pt_80_170_BCtoE_TuneZ2star_8TeV_pythia6/Summer12-stop-pfele-step1/3d176ac8da5e9dff208d057f4733ca91/tuple_203_2_Bxh.root;/store/user/mario/QCD_Pt_80_170_BCtoE_TuneZ2star_8TeV_pythia6/Summer12-stop-pfele-step1/3d176ac8da5e9dff208d057f4733ca91/tuple_206_2_32w.root;/store/user/mario/QCD_Pt_80_170_BCtoE_TuneZ2star_8TeV_pythia6/Summer12-stop-pfele-step1/3d176ac8da5e9dff208d057f4733ca91/tuple_207_2_7ab.root;/store/user/mario/QCD_Pt_80_170_BCtoE_TuneZ2star_8TeV_pythia6/Summer12-stop-pfele-step1/3d176ac8da5e9dff208d057f4733ca91/tuple_208_2_DXZ.root
parentFiles=
lumisRange=
>>> Executable cmsRun
/cvmfs/cms.cern.ch/slc5_amd64_gcc462/cms/cmssw/CMSSW_5_3_5/bin/slc5_amd64_gcc462/cmsRun
ok executable found
>>> info for dashboard:
***** Cat /home/cms006/home_crobe_438824585/CREAM438824585/glide_Y16415/execute/dir_21154/jobreport.txt *****
MonitorJobID=31_https://submit-2.t2.ucsd.edu//121127//17539.30
MonitorID=liis_crab_0_121127_014318_qg185f
ExeStart=cmsRun
***** End Cat jobreport *****
Parameters sent to Dashboard.
>>> cmsRun started at Tue Nov 27 01:06:33 UTC 2012
>>> cmsRun ended at Tue Nov 27 01:07:52 UTC 2012
>>> info for dashboard:
***** Cat /home/cms006/home_crobe_438824585/CREAM438824585/glide_Y16415/execute/dir_21154/jobreport.txt *****
MonitorJobID=31_https://submit-2.t2.ucsd.edu//121127//17539.30
MonitorID=liis_crab_0_121127_014318_qg185f
ExeEnd=cmsRun
***** End Cat jobreport *****
Parameters sent to Dashboard.
TIME_EXE = 79 sec
>>> cmsRun wrote 42 lines of stdout+stderr
>>> START OF printout of 42 lines from stdout+stderr
27-Nov-2012 03:06:45 EET  Initiating request to open file file:/hdfs/cms/store/user/mario/QCD_Pt_80_170_BCtoE_TuneZ2star_8TeV_pythia6/Summer12-stop-pfele-step1/3d176ac8da5e9dff208d057f4733ca91/tuple_198_2_URK.root
27-Nov-2012 03:06:51 EET  Successfully opened file file:/hdfs/cms/store/user/mario/QCD_Pt_80_170_BCtoE_TuneZ2star_8TeV_pythia6/Summer12-stop-pfele-step1/3d176ac8da5e9dff208d057f4733ca91/tuple_198_2_URK.root
Begin processing the 1st record. Run 1, Event 178674283, LumiSection 4058 at 27-Nov-2012 03:06:58.290 EET
27-Nov-2012 03:07:01 EET  Closed file file:/hdfs/cms/store/user/mario/QCD_Pt_80_170_BCtoE_TuneZ2star_8TeV_pythia6/Summer12-stop-pfele-step1/3d176ac8da5e9dff208d057f4733ca91/tuple_198_2_URK.root
27-Nov-2012 03:07:01 EET  Initiating request to open file file:/hdfs/cms/store/user/mario/QCD_Pt_80_170_BCtoE_TuneZ2star_8TeV_pythia6/Summer12-stop-pfele-step1/3d176ac8da5e9dff208d057f4733ca91/tuple_203_2_Bxh.root
27-Nov-2012 03:07:01 EET  Successfully opened file file:/hdfs/cms/store/user/mario/QCD_Pt_80_170_BCtoE_TuneZ2star_8TeV_pythia6/Summer12-stop-pfele-step1/3d176ac8da5e9dff208d057f4733ca91/tuple_203_2_Bxh.root
Begin processing the 1001st record. Run 1, Event 182726927, LumiSection 4150 at 27-Nov-2012 03:07:10.267 EET
Begin processing the 2001st record. Run 1, Event 9173896, LumiSection 209 at 27-Nov-2012 03:07:13.318 EET
27-Nov-2012 03:07:14 EET  Closed file file:/hdfs/cms/store/user/mario/QCD_Pt_80_170_BCtoE_TuneZ2star_8TeV_pythia6/Summer12-stop-pfele-step1/3d176ac8da5e9dff208d057f4733ca91/tuple_203_2_Bxh.root
27-Nov-2012 03:07:14 EET  Initiating request to open file file:/hdfs/cms/store/user/mario/QCD_Pt_80_170_BCtoE_TuneZ2star_8TeV_pythia6/Summer12-stop-pfele-step1/3d176ac8da5e9dff208d057f4733ca91/tuple_206_2_32w.root
27-Nov-2012 03:07:15 EET  Successfully opened file file:/hdfs/cms/store/user/mario/QCD_Pt_80_170_BCtoE_TuneZ2star_8TeV_pythia6/Summer12-stop-pfele-step1/3d176ac8da5e9dff208d057f4733ca91/tuple_206_2_32w.root
Begin processing the 3001st record. Run 1, Event 104466157, LumiSection 2373 at 27-Nov-2012 03:07:20.530 EET
Begin processing the 4001st record. Run 1, Event 132512972, LumiSection 3010 at 27-Nov-2012 03:07:23.609 EET
27-Nov-2012 03:07:25 EET  Closed file file:/hdfs/cms/store/user/mario/QCD_Pt_80_170_BCtoE_TuneZ2star_8TeV_pythia6/Summer12-stop-pfele-step1/3d176ac8da5e9dff208d057f4733ca91/tuple_206_2_32w.root
27-Nov-2012 03:07:25 EET  Initiating request to open file file:/hdfs/cms/store/user/mario/QCD_Pt_80_170_BCtoE_TuneZ2star_8TeV_pythia6/Summer12-stop-pfele-step1/3d176ac8da5e9dff208d057f4733ca91/tuple_207_2_7ab.root
27-Nov-2012 03:07:25 EET  Successfully opened file file:/hdfs/cms/store/user/mario/QCD_Pt_80_170_BCtoE_TuneZ2star_8TeV_pythia6/Summer12-stop-pfele-step1/3d176ac8da5e9dff208d057f4733ca91/tuple_207_2_7ab.root
Begin processing the 5001st record. Run 1, Event 143742623, LumiSection 3265 at 27-Nov-2012 03:07:31.718 EET
Begin processing the 6001st record. Run 1, Event 141973049, LumiSection 3225 at 27-Nov-2012 03:07:35.324 EET
27-Nov-2012 03:07:38 EET  Closed file file:/hdfs/cms/store/user/mario/QCD_Pt_80_170_BCtoE_TuneZ2star_8TeV_pythia6/Summer12-stop-pfele-step1/3d176ac8da5e9dff208d057f4733ca91/tuple_207_2_7ab.root
27-Nov-2012 03:07:38 EET  Initiating request to open file file:/hdfs/cms/store/user/mario/QCD_Pt_80_170_BCtoE_TuneZ2star_8TeV_pythia6/Summer12-stop-pfele-step1/3d176ac8da5e9dff208d057f4733ca91/tuple_208_2_DXZ.root
27-Nov-2012 03:07:38 EET  Successfully opened file file:/hdfs/cms/store/user/mario/QCD_Pt_80_170_BCtoE_TuneZ2star_8TeV_pythia6/Summer12-stop-pfele-step1/3d176ac8da5e9dff208d057f4733ca91/tuple_208_2_DXZ.root
Begin processing the 7001st record. Run 1, Event 4029624, LumiSection 92 at 27-Nov-2012 03:07:46.533 EET
Begin processing the 8001st record. Run 1, Event 14687576, LumiSection 334 at 27-Nov-2012 03:07:49.748 EET
27-Nov-2012 03:07:50 EET  Closed file file:/hdfs/cms/store/user/mario/QCD_Pt_80_170_BCtoE_TuneZ2star_8TeV_pythia6/Summer12-stop-pfele-step1/3d176ac8da5e9dff208d057f4733ca91/tuple_208_2_DXZ.root

=============================================

MessageLogger Summary

 type     category        sev    module        subroutine        count    total
 ---- -------------------- -- ---------------- ----------------  -----    -----
    1 fileAction           -s file_close                             5        5
    2 fileAction           -s file_open                             10       10

 type    category    Examples: run/evt        run/evt          run/evt
 ---- -------------------- ---------------- ---------------- ----------------
    1 fileAction           PostProcessEvent PostProcessEvent PostEndRun
    2 fileAction           pre-events       pre-events       PostProcessEvent

Severity    # Occurrences   Total Occurrences
--------    -------------   -----------------
System                 15                  15
>>> END OF printout of 42 lines from stdout+stderr
>>> Parse FrameworkJobReport crab_fjr.xml
Result of parsing the FrameworkJobReport crab_fjr.xml: Popularity start
lumisRange : 1::2173,4058::1;1::2323,2351,2373,2377,2380,2481,3010,3029,3078,3085,3875::2;1::123,205,209,220,327,410,603,3645,3661,4147,4150::3;1::92,97,102,270,334,349,374,1652,3248::4;1::3085,3112,3183,3187,3221,3225,3229,3244,3248,3262,3265::5;
lumisParentRange : 
Basename : /store/user/mario/QCD_Pt_80_170_BCtoE_TuneZ2star_8TeV_pythia6/Summer12-stop-pfele-step1/3d176ac8da5e9dff208d057f4733ca91/tuple_
BasenameParent : 
parentFiles : 
inputBlocks : /QCD_Pt_80_170_BCtoE_TuneZ2star_8TeV_pythia6/mario-Summer12-stop-pfele-step1-3d176ac8da5e9dff208d057f4733ca91/USER#2ed06c41-0731-4095-8a1a-4cabfa3cddd9
inputFiles : 198_2_URK.root::1::EDM::Local::1;206_2_32w.root::1::EDM::Local::2;203_2_Bxh.root::1::EDM::Local::3;208_2_DXZ.root::1::EDM::Local::4;207_2_7ab.root::1::EDM::Local::5;
Popularity stop
Extracted ExitStatus from FrameworkJobReport parsing output: 0
>>> Executable succeded  0
ExeExitCode=0
EXECUTABLE_EXIT_STATUS = 0
>>> current directory /home/cms006/home_crobe_438824585/CREAM438824585/glide_Y16415/execute/dir_21154/CMSSW_5_3_5
>>>  (SOFTWARE_DIR): /home/cms006/home_crobe_438824585/CREAM438824585/glide_Y16415/execute/dir_21154/CMSSW_5_3_5
>>> (WORKING_DIR): 
>>> current directory content:
total 148
drwxr-xr-x 3 cms006 cms  4096 Nov 27 03:06 .SCRAM
-rw-r--r-- 1 cms006 cms 30066 Nov 27 03:06 CMSSW.py.pkl
drwxr-xr-x 3 cms006 cms  4096 Nov 27 03:06 bin
drwxr-xr-x 3 cms006 cms  4096 Nov 27 03:06 cfipython
drwxr-xr-x 5 cms006 cms  4096 Nov 27 03:06 config
-rw-r--r-- 1 cms006 cms    15 Nov 27 03:07 cpu_timing.txt
drwxr-xr-x 2 cms006 cms  4096 Nov 27 03:06 doc
-rw-r--r-- 1 cms006 cms  4874 Nov 27 03:07 executable.out
drwxr-xr-x 2 cms006 cms  4096 Nov 27 03:06 include
drwxrwxrwx 3 cms006 cms  4096 Oct 22 16:38 lib
drwxr-xr-x 3 cms006 cms  4096 Nov 27 03:06 logs
drwxr-xr-x 3 cms006 cms  4096 Nov 27 03:06 objs
-rw-r--r-- 1 cms006 cms 16579 Nov 27 03:07 optHistograms.root
-rw-r--r-- 1 cms006 cms   104 Nov 27 03:06 pset.py
-rw-r--r-- 1 cms006 cms 19476 Nov 27 03:06 pset.py.pkl
-rw-r--r-- 1 cms006 cms   289 Nov 27 03:06 pset.pyc
drwxr-xr-x 2 cms006 cms  4096 Nov 27 03:06 python
-rw-r--r-- 1 cms006 cms   420 Nov 27 03:07 report.log
drwxrwxrwx 4 cms006 cms  4096 Nov 27 03:06 src
drwxr-xr-x 3 cms006 cms  4096 Nov 27 03:06 test
drwxr-xr-x 3 cms006 cms  4096 Nov 27 03:06 tmp
>>> current directory /home/cms006/home_crobe_438824585/CREAM438824585/glide_Y16415/execute/dir_21154/CMSSW_5_3_5
>>> (SOFTWARE_DIR): /home/cms006/home_crobe_438824585/CREAM438824585/glide_Y16415/execute/dir_21154/CMSSW_5_3_5
>>> (WORKING_DIR): 
>>> current directory content:
total 128
drwxr-xr-x 3 cms006 cms  4096 Nov 27 03:06 .SCRAM
-rw-r--r-- 1 cms006 cms 30066 Nov 27 03:06 CMSSW.py.pkl
drwxr-xr-x 3 cms006 cms  4096 Nov 27 03:06 bin
drwxr-xr-x 3 cms006 cms  4096 Nov 27 03:06 cfipython
drwxr-xr-x 5 cms006 cms  4096 Nov 27 03:06 config
-rw-r--r-- 1 cms006 cms    15 Nov 27 03:07 cpu_timing.txt
drwxr-xr-x 2 cms006 cms  4096 Nov 27 03:06 doc
-rw-r--r-- 1 cms006 cms  4874 Nov 27 03:07 executable.out
drwxr-xr-x 2 cms006 cms  4096 Nov 27 03:06 include
drwxrwxrwx 3 cms006 cms  4096 Oct 22 16:38 lib
drwxr-xr-x 3 cms006 cms  4096 Nov 27 03:06 logs
drwxr-xr-x 3 cms006 cms  4096 Nov 27 03:06 objs
-rw-r--r-- 1 cms006 cms   104 Nov 27 03:06 pset.py
-rw-r--r-- 1 cms006 cms 19476 Nov 27 03:06 pset.py.pkl
-rw-r--r-- 1 cms006 cms   289 Nov 27 03:06 pset.pyc
drwxr-xr-x 2 cms006 cms  4096 Nov 27 03:06 python
-rw-r--r-- 1 cms006 cms   420 Nov 27 03:07 report.log
drwxrwxrwx 4 cms006 cms  4096 Nov 27 03:06 src
drwxr-xr-x 3 cms006 cms  4096 Nov 27 03:06 test
drwxr-xr-x 3 cms006 cms  4096 Nov 27 03:06 tmp
>>> current directory (RUNTIME_AREA):  /home/cms006/home_crobe_438824585/CREAM438824585/glide_Y16415/execute/dir_21154
>>> current dir: /home/cms006/home_crobe_438824585/CREAM438824585/glide_Y16415/execute/dir_21154
>>> current dir content:
total 25756
-rw-rw-rw-  1 cms006 cms     5604 Nov 27 03:06 .job.ad
-rw-rw-rw-  1 cms006 cms    11526 Nov 27 03:06 .machine.ad
-rw-rw-rw-  1 cms006 cms      105 Nov 27 01:43 CMSSW.py
-rw-rw-rw-  1 cms006 cms    30066 Nov 27 01:43 CMSSW.py.pkl
-rwxrw-rw-  1 cms006 cms    23329 Nov 27 03:06 CMSSW.sh
-rw-rw-rw-  1 cms006 cms        0 Nov 27 03:06 CMSSW_31.stderr
-rw-rw-rw-  1 cms006 cms    17111 Nov 27 03:08 CMSSW_31.stdout
drwxr-xr-x 15 cms006 cms     4096 Nov 27 03:08 CMSSW_5_3_5
-rw-r--r--  1 cms006 cms      347 Nov 27 03:06 CacheEnv.sh
-rw-rw-rw-  1 cms006 cms     7291 Jun  9  2010 DashboardAPI.py
-rw-r--r--  1 cms006 cms     6883 Nov 27 03:06 DashboardAPI.pyc
drwxrwxrwx  3 cms006 cms     4096 Nov 27 03:07 IMProv
-rw-rw-rw-  1 cms006 cms     2748 Mar  8  2006 Logger.py
-rw-r--r--  1 cms006 cms     3353 Nov 27 03:06 Logger.pyc
-rw-rw-rw-  1 cms006 cms    24524 Mar 28  2008 ProcInfo.py
-rw-r--r--  1 cms006 cms    23470 Nov 27 03:06 ProcInfo.pyc
drwxrwxrwx  7 cms006 cms     4096 Nov 27 03:06 ProdCommon
drwxrwxrwx  3 cms006 cms     4096 Nov 27 03:06 WMCore
-rw-r--r--  1 cms006 cms     1851 Nov 27 03:07 Watchdog_31.log
-rw-rw-rw-  1 cms006 cms    32895 Mar 28  2008 apmon.py
-rw-r--r--  1 cms006 cms    28874 Nov 27 03:06 apmon.pyc
-rw-rw-rw-  1 cms006 cms    94355 Nov 27 03:06 arguments.xml
-rwxrwxrwx  1 cms006 cms    37427 Sep 13 14:14 cmscp.py
-rwxrwxrwx  1 cms006 cms    23329 Nov 27 03:06 condor_exec.exe
-rw-rw-rw-  1 cms006 cms      540 Nov 27 01:43 crab.cfg
-rwxrwxrwx  1 cms006 cms     9531 Sep 20 21:46 crabWatchdog.sh
-rw-r--r--  1 cms006 cms    30146 Nov 27 03:07 crab_fjr_31.xml
-rw-rw-rw-  1 cms006 cms 25796279 Nov 27 03:06 default.tgz
-rwxrwxrwx  1 cms006 cms     4488 May 12  2012 fillCrabFjr.py
-rw-r--r--  1 cms006 cms      910 Nov 27 03:06 inputsReport.txt
-rw-r--r--  1 cms006 cms      131 Nov 27 03:08 jobreport.txt
lrwxrwxrwx  1 cms006 cms      107 Nov 27 03:08 optHistograms.root -> /home/cms006/home_crobe_438824585/CREAM438824585/glide_Y16415/execute/dir_21154/optHistograms_31_1_WJb.root
-rw-r--r--  1 cms006 cms    16579 Nov 27 03:07 optHistograms_31_1_WJb.root
-rw-rw-rw-  1 cms006 cms    17352 Jan 20  2012 parseCrabFjr.py
-rw-r--r--  1 cms006 cms      285 Nov 27 03:06 report.log
-rwxrwxrwx  1 cms006 cms     1497 May 27  2009 report.py
-rwxrwxrwx  1 cms006 cms     8387 Mar 23  2011 writeCfg.py
-rw-------  1 cms006 cms     8687 Nov 27 03:06 x509up_u1000009
Checking output files:  
will tar file optHistograms_31_1_WJb.root in  out_files_31
will tar file crab_fjr_31.xml in  out_files_31
will tar file CMSSW_31.stdout in  out_files_31
will tar file CMSSW_31.stderr in  out_files_31
WARNING: output file Watchdog_31.log.gz not found!
>>> padding time: Sleeping the wrapper for 491 seconds
STOPPING WATCHDOG. CrabWatchdog PID is 22806
********** LAST 50 LINES OF WATCHDOG LOG
# RESOURCE USAGE SUMMARY FOR PROCESS ID 21708
USER       PID %CPU %MEM    VSZ   RSS TTY      STAT START   TIME COMMAND
cms006   21708  0.3  0.0   8956  1484 ?        S    03:06   0:00 /bin/sh /home/cms006/home_crobe_438824585/CREAM438824585/glide_Y16415/execute/dir_21154/condor_exec.exe 31 1
 
# LIMITS USED BY THIS WATCHDOG:
# RSS  (KBytes)  : 2300000
# VSZ  (KBytes)  : 100000000
# DISK (MBytes)  : 19000
# CPU  (seconds) : 171600
# WALL (seconds) : 171600
 
# FOLLOWING PRINTOUT TRACKS MAXIMUM VALUES OF RESOURCES USE
# ONE LINE IS PRINTED EACH TIME A MAXIMUM CHANGES
# IF CHANGE WAS IN RSS OR VSZ ALSO PROCID AND COMMAND ARE PRINTED
# THERE IS NO PRINTOUT FOR CPU/WALL TIME INCREASE
 
# TIME			PID	RSS(KB)	VSZ(KB)	Dsk(MB)	tCPU(s)	tWALL(s)	COMMAND
 Nov 27 03:06:25 EET	1489	3828	5884	0	7	3364	condor_procd -A /home/cms006/home_crobe_438824585/CREAM438824585/glide_Y16415/log/procd_address.STARTD -L /home/cms006/home_crobe_438824585/CREAM438824585/glide_Y16415/log/ProcLog.STARTD -R 10000000 -S 60 -C
 Nov 27 03:06:25 EET	15582	3828	8896	0	0	4369	-bash         
 Nov 27 03:06:25 EET	15712	3828	8952	0	0	4370	/bin/sh -l ./CREAM438824585_jobWrapper.sh       
 Nov 27 03:06:25 EET	16207	3828	25504	0	0	4368	perl -e ?use Socket;??sub send_notify {? $cream_url = "193.40.150.124:49152";die "No
 Nov 27 03:06:25 EET	21154	5304	25504	0	0	21	condor_starter -f submit-2.t2.ucsd.edu       
 Nov 27 03:06:25 EET	27581	6028	25504	0	2	4347	/home/cms006/home_crobe_438824585/CREAM438824585/glide_Y16415/main/condor/sbin/condor_master -f -pidfile /home/cms006/home_crobe_438824585/CREAM438824585/glide_Y16415/condor_master2.pid      
 Nov 27 03:06:25 EET	---	6028	25504	168	----	----	----
 Nov 27 03:07:29 EET	25826	352084	551524	168	32	61	cmsRun -j /home/cms006/home_crobe_438824585/CREAM438824585/glide_Y16415/execute/dir_21154/crab_fjr_31.xml -p pset.py     
 Nov 27 03:08:35 EET	---	352084	551524	169	----	----	----
********** WATCHDOG LOG ENDED
ZIPPING WATCHDOG LOG
Disk space used:
du -sh /home/cms006/home_crobe_438824585/CREAM438824585/glide_Y16415/execute/dir_21154
169M	/home/cms006/home_crobe_438824585/CREAM438824585/glide_Y16415/execute/dir_21154
>>> info for dashboard:
***** Cat /home/cms006/home_crobe_438824585/CREAM438824585/glide_Y16415/execute/dir_21154/jobreport.txt *****
MonitorJobID=31_https://submit-2.t2.ucsd.edu//121127//17539.30
MonitorID=liis_crab_0_121127_014318_qg185f
ExeTime=79
ExeExitCode=0
CrabUserCpuTime=37.45
CrabSysCpuTime=4.37
CrabCpuPercentage=53%
CrabWrapperTime=600
CrabStageoutTime=NULL
***** End Cat jobreport *****
Parameters sent to Dashboard.
optHistograms_31_1_WJb.root
crab_fjr_31.xml
CMSSW_31.stdout
CMSSW_31.stderr
Watchdog_31.log.gz
tar: .BrokerInfo: Cannot stat: No such file or directory
tar: Error exit delayed from previous errors
Total Output dimension: 18733
WARNING: output files size limit is set to: 50000000
Total Output dimension 18733 is fine.
JOB_EXIT_STATUS = 0
>>> info for dashboard:
***** Cat /home/cms006/home_crobe_438824585/CREAM438824585/glide_Y16415/execute/dir_21154/jobreport.txt *****
MonitorJobID=31_https://submit-2.t2.ucsd.edu//121127//17539.30
MonitorID=liis_crab_0_121127_014318_qg185f
JobExitCode=0
***** End Cat jobreport *****
Parameters sent to Dashboard.
optHistograms_31_1_WJb.root
crab_fjr_31.xml
