This script was generated by crab (version 2.8.3).
Running /home/cms030/home_crobe_214072761/CREAM214072761/glide_q31413/execute/dir_8843/condor_exec.exe with 2 positional parameters: 71 1
Today is Tue Nov 27 03:09:54 EET 2012
Job submitted on host wn-v-7034.local
Linux wn-v-7034.local 2.6.32-042stab059.7 #1 SMP Tue Jul 24 19:12:01 MSK 2012 x86_64 x86_64 x86_64 GNU/Linux
>>> current directory (RUNTIME_AREA): /home/cms030/home_crobe_214072761/CREAM214072761/glide_q31413/execute/dir_8843
>>> current user: uid=11030(cms030) gid=1400(cms) groups=1400(cms)
>>> voms proxy information:
subject   : /DC=ch/DC=cern/OU=Organic Units/OU=Users/CN=liis/CN=663550/CN=Liis Rebane/CN=proxy/CN=limited proxy
issuer    : /DC=ch/DC=cern/OU=Organic Units/OU=Users/CN=liis/CN=663550/CN=Liis Rebane/CN=proxy
identity  : /DC=ch/DC=cern/OU=Organic Units/OU=Users/CN=liis/CN=663550/CN=Liis Rebane/CN=proxy
type      : limited proxy
strength  : 512 bits
path      : /home/cms030/home_crobe_214072761/CREAM214072761/glide_q31413/execute/dir_8843/x509up_u1000009
timeleft  : 23:59:49
key usage : Digital Signature, Key Encipherment, Data Encipherment
=== VO cms extension information ===
VO        : cms
subject   : /DC=ch/DC=cern/OU=Organic Units/OU=Users/CN=liis/CN=663550/CN=Liis Rebane
issuer    : /DC=ch/DC=cern/OU=computers/CN=lcg-voms.cern.ch
attribute : /cms/Role=NULL/Capability=NULL
timeleft  : 190:15:42
uri       : lcg-voms.cern.ch:15002
>>> tar xzf /home/cms030/home_crobe_214072761/CREAM214072761/glide_q31413/execute/dir_8843/default.tgz :
Successful untar
>>> Include /home/cms030/home_crobe_214072761/CREAM214072761/glide_q31413/execute/dir_8843 in PYTHONPATH:
strip arguments
env var CRAB_UNIQUE_JOB_ID set to: liis_crab_0_121127_014318_qg185f_71_1_9eX
out_files_71
>>> list of expected files on output sandbox
output files: optHistograms_71_1_9eX.root crab_fjr_71.xml CMSSW_71.stdout CMSSW_71.stderr Watchdog_71.log.gz
>>> GridFlavour discovery: 
GridFlavour=LCG
>>> SyncSite discovery: 
SyncSite=T2_EE_Estonia
>>> SyncCE discovery: 
getting SyncCE from CE_ID
SyncCE=oberon.hep.kbfi.ee:8443/cream-pbs-long
>>> info for dashboard:
***** Cat /home/cms030/home_crobe_214072761/CREAM214072761/glide_q31413/execute/dir_8843/jobreport.txt *****
MonitorJobID=71_https://submit-2.t2.ucsd.edu//121127//17539.70
SyncGridJobId=https://submit-2.t2.ucsd.edu//121127//17539.70
MonitorID=liis_crab_0_121127_014318_qg185f
GridFlavour=LCG
SyncSite=T2_EE_Estonia
SyncCE=oberon.hep.kbfi.ee:8443/cream-pbs-long
***** End Cat jobreport *****
Parameters sent to Dashboard.
>>> setup environment
set SCRAM ARCH to slc5_amd64_gcc462
SCRAM_ARCH = slc5_amd64_gcc462
>>> setup CMS LCG environment:
set SCRAM ARCH and BUILD_ARCH to slc5_amd64_gcc462 ###
Sourcing environment... 
sourcing /cvmfs/cms.cern.ch/cmsset_default.sh
==> setup cms environment ok
>>> specific cmssw setup environment:
CMSSW_VERSION =  CMSSW_5_3_5
>>> current directory (SOFTWARE_DIR): /home/cms030/home_crobe_214072761/CREAM214072761/glide_q31413/execute/dir_8843/CMSSW_5_3_5
PreserveSeeds: <>
IncrementSeeds:<>
{}
WNHostName=wn-v-7034.local
>>> info for dashboard:
***** Cat /home/cms030/home_crobe_214072761/CREAM214072761/glide_q31413/execute/dir_8843/jobreport.txt *****
MonitorJobID=71_https://submit-2.t2.ucsd.edu//121127//17539.70
MonitorID=liis_crab_0_121127_014318_qg185f
WNHostName=wn-v-7034.local
***** End Cat jobreport *****
Parameters sent to Dashboard.
crabWatchdog started as process 13855
>>> moving CMSSW software directories in /home/cms030/home_crobe_214072761/CREAM214072761/glide_q31413/execute/dir_8843/CMSSW_5_3_5
mv: cannot stat `/home/cms030/home_crobe_214072761/CREAM214072761/glide_q31413/execute/dir_8843/module/': No such file or directory
>>> Include /home/cms030/home_crobe_214072761/CREAM214072761/glide_q31413/execute/dir_8843 in PYTHONPATH:
PYTHONPATH=/home/cms030/home_crobe_214072761/CREAM214072761/glide_q31413/execute/dir_8843/:/home/cms030/home_crobe_214072761/CREAM214072761/glide_q31413/execute/dir_8843/CMSSW_5_3_5/python:/home/cms030/home_crobe_214072761/CREAM214072761/glide_q31413/execute/dir_8843/CMSSW_5_3_5/lib/slc5_amd64_gcc462:/cvmfs/cms.cern.ch/slc5_amd64_gcc462/cms/cmssw/CMSSW_5_3_5/python:/cvmfs/cms.cern.ch/slc5_amd64_gcc462/cms/cmssw/CMSSW_5_3_5/lib/slc5_amd64_gcc462:/cvmfs/cms.cern.ch/slc5_amd64_gcc462/cms/coral/CORAL_2_3_21-cms27/slc5_amd64_gcc462/python:/cvmfs/cms.cern.ch/slc5_amd64_gcc462/cms/coral/CORAL_2_3_21-cms27/slc5_amd64_gcc462/lib:/cvmfs/cms.cern.ch/slc5_amd64_gcc462/external/pyqt/4.8.1/lib/python2.6/site-packages:/cvmfs/cms.cern.ch/slc5_amd64_gcc462/external/py2-scipy/0.8.0/lib/python2.6/site-packages:/cvmfs/cms.cern.ch/slc5_amd64_gcc462/external/py2-matplotlib/1.0.1/lib/python2.6/site-packages:/cvmfs/cms.cern.ch/slc5_amd64_gcc462/external/python-ldap/2.3.5/lib/python2.6/site-packages:/cvmfs/cms.cern.ch/slc5_amd64_gcc462/external/sip/4.11.2/lib/python2.6/site-packages:/cvmfs/cms.cern.ch/slc5_amd64_gcc462/external/py2-pycurl/7.19.0/lib/python2.6/site-packages:/cvmfs/cms.cern.ch/slc5_amd64_gcc462/external/py2-numpy/1.6.1/lib/python2.6/site-packages:/cvmfs/cms.cern.ch/slc5_amd64_gcc462/external/py2-ipython/0.10/lib/python2.6/site-packages:/cvmfs/cms.cern.ch/slc5_amd64_gcc462/external/py2-cx-oracle/5.1-cms11/lib/python2.6/site-packages:/cvmfs/cms.cern.ch/slc5_amd64_gcc462/external/py2-cjson/1.0.5/lib/python2.6/site-packages:/cvmfs/cms.cern.ch/slc5_amd64_gcc462/cms/das-client/1.4.1-cms8/bin:/cvmfs/cms.cern.ch/slc5_amd64_gcc462/external/elementtree/1.2.6/share/lib/python2.6/site-packages:/cvmfs/cms.cern.ch/slc5_amd64_gcc462/external/rivet/1.5.1-cms10/lib/python2.6/site-packages:/cvmfs/cms.cern.ch/slc5_amd64_gcc462/external/pyminuit2/0.0.1-cms34/lib/python2.6/site-packages:/cvmfs/cms.cern.ch/slc5_amd64_gcc462/external/professor/1.0.0-cms35/lib/python2.6/site-packages:/cvmfs/cms.cern.ch/slc5_amd64_gcc462/lcg/root/5.32.00-cms18/lib:/cvmfs/cms.cern.ch/slc5_amd64_gcc462/cms/dbs-client/DBS_2_1_1_patch1_1/lib:/cvmfs/cms.cern.ch/slc5_amd64_gcc462/cms/dbs-client/DBS_2_1_1_patch1_1/lib/DBSAPI:/home/cms030/home_crobe_214072761/CREAM214072761/glide_q31413/execute/dir_8843/
241a2a19cb7c5c8751ba22759ab3bdb0
PSETHASH = 241a2a19cb7c5c8751ba22759ab3bdb0
/home/cms030/home_crobe_214072761/CREAM214072761/glide_q31413/execute/dir_8843/writeCfg.py pset.py pset.py
Importing .py file
Setting parameters
inputBlocks=/QCD_Pt_80_170_BCtoE_TuneZ2star_8TeV_pythia6/mario-Summer12-stop-pfele-step1-3d176ac8da5e9dff208d057f4733ca91/USER#2ed06c41-0731-4095-8a1a-4cabfa3cddd9
inputFiles=/store/user/mario/QCD_Pt_80_170_BCtoE_TuneZ2star_8TeV_pythia6/Summer12-stop-pfele-step1/3d176ac8da5e9dff208d057f4733ca91/tuple_161_2_7Ru.root;/store/user/mario/QCD_Pt_80_170_BCtoE_TuneZ2star_8TeV_pythia6/Summer12-stop-pfele-step1/3d176ac8da5e9dff208d057f4733ca91/tuple_162_2_J8F.root;/store/user/mario/QCD_Pt_80_170_BCtoE_TuneZ2star_8TeV_pythia6/Summer12-stop-pfele-step1/3d176ac8da5e9dff208d057f4733ca91/tuple_289_2_3wu.root;/store/user/mario/QCD_Pt_80_170_BCtoE_TuneZ2star_8TeV_pythia6/Summer12-stop-pfele-step1/3d176ac8da5e9dff208d057f4733ca91/tuple_264_3_fXP.root
parentFiles=
lumisRange=
>>> Executable cmsRun
/cvmfs/cms.cern.ch/slc5_amd64_gcc462/cms/cmssw/CMSSW_5_3_5/bin/slc5_amd64_gcc462/cmsRun
ok executable found
>>> info for dashboard:
***** Cat /home/cms030/home_crobe_214072761/CREAM214072761/glide_q31413/execute/dir_8843/jobreport.txt *****
MonitorJobID=71_https://submit-2.t2.ucsd.edu//121127//17539.70
MonitorID=liis_crab_0_121127_014318_qg185f
ExeStart=cmsRun
***** End Cat jobreport *****
Parameters sent to Dashboard.
>>> cmsRun started at Tue Nov 27 01:10:21 UTC 2012
>>> cmsRun ended at Tue Nov 27 01:12:28 UTC 2012
>>> info for dashboard:
***** Cat /home/cms030/home_crobe_214072761/CREAM214072761/glide_q31413/execute/dir_8843/jobreport.txt *****
MonitorJobID=71_https://submit-2.t2.ucsd.edu//121127//17539.70
MonitorID=liis_crab_0_121127_014318_qg185f
ExeEnd=cmsRun
***** End Cat jobreport *****
Parameters sent to Dashboard.
TIME_EXE = 127 sec
>>> cmsRun wrote 39 lines of stdout+stderr
>>> START OF printout of 39 lines from stdout+stderr
27-Nov-2012 03:10:39 EET  Initiating request to open file file:/hdfs/cms/store/user/mario/QCD_Pt_80_170_BCtoE_TuneZ2star_8TeV_pythia6/Summer12-stop-pfele-step1/3d176ac8da5e9dff208d057f4733ca91/tuple_161_2_7Ru.root
27-Nov-2012 03:10:49 EET  Successfully opened file file:/hdfs/cms/store/user/mario/QCD_Pt_80_170_BCtoE_TuneZ2star_8TeV_pythia6/Summer12-stop-pfele-step1/3d176ac8da5e9dff208d057f4733ca91/tuple_161_2_7Ru.root
Begin processing the 1st record. Run 1, Event 42473244, LumiSection 965 at 27-Nov-2012 03:11:02.676 EET
Begin processing the 1001st record. Run 1, Event 154276028, LumiSection 3504 at 27-Nov-2012 03:11:13.078 EET
Begin processing the 2001st record. Run 1, Event 35292644, LumiSection 802 at 27-Nov-2012 03:11:16.461 EET
27-Nov-2012 03:11:16 EET  Closed file file:/hdfs/cms/store/user/mario/QCD_Pt_80_170_BCtoE_TuneZ2star_8TeV_pythia6/Summer12-stop-pfele-step1/3d176ac8da5e9dff208d057f4733ca91/tuple_161_2_7Ru.root
27-Nov-2012 03:11:16 EET  Initiating request to open file file:/hdfs/cms/store/user/mario/QCD_Pt_80_170_BCtoE_TuneZ2star_8TeV_pythia6/Summer12-stop-pfele-step1/3d176ac8da5e9dff208d057f4733ca91/tuple_162_2_J8F.root
27-Nov-2012 03:11:18 EET  Successfully opened file file:/hdfs/cms/store/user/mario/QCD_Pt_80_170_BCtoE_TuneZ2star_8TeV_pythia6/Summer12-stop-pfele-step1/3d176ac8da5e9dff208d057f4733ca91/tuple_162_2_J8F.root
Begin processing the 3001st record. Run 1, Event 100989596, LumiSection 2294 at 27-Nov-2012 03:11:38.580 EET
Begin processing the 4001st record. Run 1, Event 86988606, LumiSection 1976 at 27-Nov-2012 03:11:41.912 EET
27-Nov-2012 03:11:42 EET  Closed file file:/hdfs/cms/store/user/mario/QCD_Pt_80_170_BCtoE_TuneZ2star_8TeV_pythia6/Summer12-stop-pfele-step1/3d176ac8da5e9dff208d057f4733ca91/tuple_162_2_J8F.root
27-Nov-2012 03:11:42 EET  Initiating request to open file file:/hdfs/cms/store/user/mario/QCD_Pt_80_170_BCtoE_TuneZ2star_8TeV_pythia6/Summer12-stop-pfele-step1/3d176ac8da5e9dff208d057f4733ca91/tuple_289_2_3wu.root
27-Nov-2012 03:11:43 EET  Successfully opened file file:/hdfs/cms/store/user/mario/QCD_Pt_80_170_BCtoE_TuneZ2star_8TeV_pythia6/Summer12-stop-pfele-step1/3d176ac8da5e9dff208d057f4733ca91/tuple_289_2_3wu.root
Begin processing the 5001st record. Run 1, Event 12094265, LumiSection 275 at 27-Nov-2012 03:12:06.606 EET
Begin processing the 6001st record. Run 1, Event 6439280, LumiSection 147 at 27-Nov-2012 03:12:10.277 EET
27-Nov-2012 03:12:11 EET  Closed file file:/hdfs/cms/store/user/mario/QCD_Pt_80_170_BCtoE_TuneZ2star_8TeV_pythia6/Summer12-stop-pfele-step1/3d176ac8da5e9dff208d057f4733ca91/tuple_289_2_3wu.root
27-Nov-2012 03:12:11 EET  Initiating request to open file file:/hdfs/cms/store/user/mario/QCD_Pt_80_170_BCtoE_TuneZ2star_8TeV_pythia6/Summer12-stop-pfele-step1/3d176ac8da5e9dff208d057f4733ca91/tuple_264_3_fXP.root
27-Nov-2012 03:12:12 EET  Successfully opened file file:/hdfs/cms/store/user/mario/QCD_Pt_80_170_BCtoE_TuneZ2star_8TeV_pythia6/Summer12-stop-pfele-step1/3d176ac8da5e9dff208d057f4733ca91/tuple_264_3_fXP.root
Begin processing the 7001st record. Run 1, Event 164899540, LumiSection 3745 at 27-Nov-2012 03:12:21.347 EET
Begin processing the 8001st record. Run 1, Event 6405195, LumiSection 146 at 27-Nov-2012 03:12:24.778 EET
27-Nov-2012 03:12:26 EET  Closed file file:/hdfs/cms/store/user/mario/QCD_Pt_80_170_BCtoE_TuneZ2star_8TeV_pythia6/Summer12-stop-pfele-step1/3d176ac8da5e9dff208d057f4733ca91/tuple_264_3_fXP.root

=============================================

MessageLogger Summary

 type     category        sev    module        subroutine        count    total
 ---- -------------------- -- ---------------- ----------------  -----    -----
    1 fileAction           -s file_close                             4        4
    2 fileAction           -s file_open                              8        8

 type    category    Examples: run/evt        run/evt          run/evt
 ---- -------------------- ---------------- ---------------- ----------------
    1 fileAction           PostProcessEvent PostProcessEvent PostEndRun
    2 fileAction           pre-events       pre-events       PostProcessEvent

Severity    # Occurrences   Total Occurrences
--------    -------------   -----------------
System                 12                  12
>>> END OF printout of 39 lines from stdout+stderr
>>> Parse FrameworkJobReport crab_fjr.xml
Result of parsing the FrameworkJobReport crab_fjr.xml: Popularity start
lumisRange : 1::132,142,146,279,3444,3718,3743,3745,3780,3939,4011::1;1::724,802,965,2093-2094,2718,2745,3504,3506,4134,4139::2;1::802-804,874,1478,1606-1607,1806,1976,2294,2412,3839::3;1::38,72,116,134,147,162,167,257,271,275,344::4;
lumisParentRange : 
Basename : /store/user/mario/QCD_Pt_80_170_BCtoE_TuneZ2star_8TeV_pythia6/Summer12-stop-pfele-step1/3d176ac8da5e9dff208d057f4733ca91/tuple_
BasenameParent : 
parentFiles : 
inputBlocks : /QCD_Pt_80_170_BCtoE_TuneZ2star_8TeV_pythia6/mario-Summer12-stop-pfele-step1-3d176ac8da5e9dff208d057f4733ca91/USER#2ed06c41-0731-4095-8a1a-4cabfa3cddd9
inputFiles : 264_3_fXP.root::1::EDM::Local::1;161_2_7Ru.root::1::EDM::Local::2;162_2_J8F.root::1::EDM::Local::3;289_2_3wu.root::1::EDM::Local::4;
Popularity stop
Extracted ExitStatus from FrameworkJobReport parsing output: 0
>>> Executable succeded  0
ExeExitCode=0
EXECUTABLE_EXIT_STATUS = 0
>>> current directory /home/cms030/home_crobe_214072761/CREAM214072761/glide_q31413/execute/dir_8843/CMSSW_5_3_5
>>>  (SOFTWARE_DIR): /home/cms030/home_crobe_214072761/CREAM214072761/glide_q31413/execute/dir_8843/CMSSW_5_3_5
>>> (WORKING_DIR): 
>>> current directory content:
total 144
drwxr-xr-x 3 cms030 cms  4096 Nov 27 03:10 .SCRAM
-rw-r--r-- 1 cms030 cms 30066 Nov 27 03:10 CMSSW.py.pkl
drwxr-xr-x 3 cms030 cms  4096 Nov 27 03:10 bin
drwxr-xr-x 3 cms030 cms  4096 Nov 27 03:10 cfipython
drwxr-xr-x 5 cms030 cms  4096 Nov 27 03:10 config
-rw-r--r-- 1 cms030 cms    15 Nov 27 03:12 cpu_timing.txt
drwxr-xr-x 2 cms030 cms  4096 Nov 27 03:10 doc
-rw-r--r-- 1 cms030 cms  4255 Nov 27 03:12 executable.out
drwxr-xr-x 2 cms030 cms  4096 Nov 27 03:10 include
drwxrwxrwx 3 cms030 cms  4096 Oct 22 16:38 lib
drwxr-xr-x 3 cms030 cms  4096 Nov 27 03:10 logs
drwxr-xr-x 3 cms030 cms  4096 Nov 27 03:10 objs
-rw-r--r-- 1 cms030 cms 16357 Nov 27 03:12 optHistograms.root
-rw-r--r-- 1 cms030 cms   104 Nov 27 03:10 pset.py
-rw-r--r-- 1 cms030 cms 19323 Nov 27 03:10 pset.py.pkl
-rw-r--r-- 1 cms030 cms   289 Nov 27 03:10 pset.pyc
drwxr-xr-x 2 cms030 cms  4096 Nov 27 03:10 python
-rw-r--r-- 1 cms030 cms   420 Nov 27 03:12 report.log
drwxrwxrwx 4 cms030 cms  4096 Nov 27 03:09 src
drwxr-xr-x 3 cms030 cms  4096 Nov 27 03:10 test
drwxr-xr-x 3 cms030 cms  4096 Nov 27 03:10 tmp
>>> current directory /home/cms030/home_crobe_214072761/CREAM214072761/glide_q31413/execute/dir_8843/CMSSW_5_3_5
>>> (SOFTWARE_DIR): /home/cms030/home_crobe_214072761/CREAM214072761/glide_q31413/execute/dir_8843/CMSSW_5_3_5
>>> (WORKING_DIR): 
>>> current directory content:
total 128
drwxr-xr-x 3 cms030 cms  4096 Nov 27 03:10 .SCRAM
-rw-r--r-- 1 cms030 cms 30066 Nov 27 03:10 CMSSW.py.pkl
drwxr-xr-x 3 cms030 cms  4096 Nov 27 03:10 bin
drwxr-xr-x 3 cms030 cms  4096 Nov 27 03:10 cfipython
drwxr-xr-x 5 cms030 cms  4096 Nov 27 03:10 config
-rw-r--r-- 1 cms030 cms    15 Nov 27 03:12 cpu_timing.txt
drwxr-xr-x 2 cms030 cms  4096 Nov 27 03:10 doc
-rw-r--r-- 1 cms030 cms  4255 Nov 27 03:12 executable.out
drwxr-xr-x 2 cms030 cms  4096 Nov 27 03:10 include
drwxrwxrwx 3 cms030 cms  4096 Oct 22 16:38 lib
drwxr-xr-x 3 cms030 cms  4096 Nov 27 03:10 logs
drwxr-xr-x 3 cms030 cms  4096 Nov 27 03:10 objs
-rw-r--r-- 1 cms030 cms   104 Nov 27 03:10 pset.py
-rw-r--r-- 1 cms030 cms 19323 Nov 27 03:10 pset.py.pkl
-rw-r--r-- 1 cms030 cms   289 Nov 27 03:10 pset.pyc
drwxr-xr-x 2 cms030 cms  4096 Nov 27 03:10 python
-rw-r--r-- 1 cms030 cms   420 Nov 27 03:12 report.log
drwxrwxrwx 4 cms030 cms  4096 Nov 27 03:09 src
drwxr-xr-x 3 cms030 cms  4096 Nov 27 03:10 test
drwxr-xr-x 3 cms030 cms  4096 Nov 27 03:10 tmp
>>> current directory (RUNTIME_AREA):  /home/cms030/home_crobe_214072761/CREAM214072761/glide_q31413/execute/dir_8843
>>> current dir: /home/cms030/home_crobe_214072761/CREAM214072761/glide_q31413/execute/dir_8843
>>> current dir content:
total 25744
-rw-rw-rw-  1 cms030 cms     5602 Nov 27 03:09 .job.ad
-rw-rw-rw-  1 cms030 cms    11517 Nov 27 03:09 .machine.ad
-rw-rw-rw-  1 cms030 cms      105 Nov 27 01:43 CMSSW.py
-rw-rw-rw-  1 cms030 cms    30066 Nov 27 01:43 CMSSW.py.pkl
-rwxrw-rw-  1 cms030 cms    23329 Nov 27 03:09 CMSSW.sh
drwxr-xr-x 15 cms030 cms     4096 Nov 27 03:12 CMSSW_5_3_5
-rw-rw-rw-  1 cms030 cms        0 Nov 27 03:09 CMSSW_71.stderr
-rw-rw-rw-  1 cms030 cms    16281 Nov 27 03:12 CMSSW_71.stdout
-rw-r--r--  1 cms030 cms      346 Nov 27 03:09 CacheEnv.sh
-rw-rw-rw-  1 cms030 cms     7291 Jun  9  2010 DashboardAPI.py
-rw-r--r--  1 cms030 cms     6868 Nov 27 03:10 DashboardAPI.pyc
drwxrwxrwx  3 cms030 cms     4096 Nov 27 03:12 IMProv
-rw-rw-rw-  1 cms030 cms     2748 Mar  8  2006 Logger.py
-rw-r--r--  1 cms030 cms     3348 Nov 27 03:10 Logger.pyc
-rw-rw-rw-  1 cms030 cms    24524 Mar 28  2008 ProcInfo.py
-rw-r--r--  1 cms030 cms    23446 Nov 27 03:10 ProcInfo.pyc
drwxrwxrwx  7 cms030 cms     4096 Nov 27 03:10 ProdCommon
drwxrwxrwx  3 cms030 cms     4096 Nov 27 03:09 WMCore
-rw-r--r--  1 cms030 cms     1579 Nov 27 03:11 Watchdog_71.log
-rw-rw-rw-  1 cms030 cms    32895 Mar 28  2008 apmon.py
-rw-r--r--  1 cms030 cms    28845 Nov 27 03:10 apmon.pyc
-rw-rw-rw-  1 cms030 cms    94355 Nov 27 03:09 arguments.xml
-rwxrwxrwx  1 cms030 cms    37427 Sep 13 14:14 cmscp.py
-rwxrwxrwx  1 cms030 cms    23329 Nov 27 03:09 condor_exec.exe
-rw-rw-rw-  1 cms030 cms      540 Nov 27 01:43 crab.cfg
-rwxrwxrwx  1 cms030 cms     9531 Sep 20 21:46 crabWatchdog.sh
-rw-r--r--  1 cms030 cms    26787 Nov 27 03:12 crab_fjr_71.xml
-rw-rw-rw-  1 cms030 cms 25796279 Nov 27 03:09 default.tgz
-rwxrwxrwx  1 cms030 cms     4488 May 12  2012 fillCrabFjr.py
-rw-r--r--  1 cms030 cms      768 Nov 27 03:10 inputsReport.txt
-rw-r--r--  1 cms030 cms      132 Nov 27 03:12 jobreport.txt
lrwxrwxrwx  1 cms030 cms      106 Nov 27 03:12 optHistograms.root -> /home/cms030/home_crobe_214072761/CREAM214072761/glide_q31413/execute/dir_8843/optHistograms_71_1_9eX.root
-rw-r--r--  1 cms030 cms    16357 Nov 27 03:12 optHistograms_71_1_9eX.root
-rw-rw-rw-  1 cms030 cms    17352 Jan 20  2012 parseCrabFjr.py
-rw-r--r--  1 cms030 cms      285 Nov 27 03:09 report.log
-rwxrwxrwx  1 cms030 cms     1497 May 27  2009 report.py
-rwxrwxrwx  1 cms030 cms     8387 Mar 23  2011 writeCfg.py
-rw-------  1 cms030 cms     8691 Nov 27 03:09 x509up_u1000009
Checking output files:  
will tar file optHistograms_71_1_9eX.root in  out_files_71
will tar file crab_fjr_71.xml in  out_files_71
will tar file CMSSW_71.stdout in  out_files_71
will tar file CMSSW_71.stderr in  out_files_71
WARNING: output file Watchdog_71.log.gz not found!
>>> padding time: Sleeping the wrapper for 431 seconds
STOPPING WATCHDOG. CrabWatchdog PID is 13855
********** LAST 50 LINES OF WATCHDOG LOG
# RESOURCE USAGE SUMMARY FOR PROCESS ID 10065
USER       PID %CPU %MEM    VSZ   RSS TTY      STAT START   TIME COMMAND
cms030   10065  0.3  0.0   8956  1484 ?        S    03:09   0:00 /bin/sh /home/cms030/home_crobe_214072761/CREAM214072761/glide_q31413/execute/dir_8843/condor_exec.exe 71 1
 
# LIMITS USED BY THIS WATCHDOG:
# RSS  (KBytes)  : 2300000
# VSZ  (KBytes)  : 100000000
# DISK (MBytes)  : 19000
# CPU  (seconds) : 171600
# WALL (seconds) : 171600
 
# FOLLOWING PRINTOUT TRACKS MAXIMUM VALUES OF RESOURCES USE
# ONE LINE IS PRINTED EACH TIME A MAXIMUM CHANGES
# IF CHANGE WAS IN RSS OR VSZ ALSO PROCID AND COMMAND ARE PRINTED
# THERE IS NO PRINTOUT FOR CPU/WALL TIME INCREASE
 
# TIME			PID	RSS(KB)	VSZ(KB)	Dsk(MB)	tCPU(s)	tWALL(s)	COMMAND
 Nov 27 03:10:08 EET	5115	1336	8816	0	0	5331	/bin/bash /home/cms030/home_crobe_214072761/CREAM214072761/glide_q31413/main/condor_startup.sh glidein_config       
 Nov 27 03:10:08 EET	5766	5772	9444	0	2	5330	/home/cms030/home_crobe_214072761/CREAM214072761/glide_q31413/main/condor/sbin/condor_master -f -pidfile /home/cms030/home_crobe_214072761/CREAM214072761/glide_q31413/condor_master2.pid      
 Nov 27 03:10:08 EET	5768	5772	9508	0	4	5328	condor_startd -f        
 Nov 27 03:10:08 EET	31222	5772	25504	0	0	5359	perl -e ?use Socket;??sub send_notify {? $cream_url = "193.40.150.124:49152";die "No
 Nov 27 03:10:08 EET	---	5772	25504	168	----	----	----
 Nov 27 03:11:16 EET	16219	327352	494952	168	25	59	cmsRun -j /home/cms030/home_crobe_214072761/CREAM214072761/glide_q31413/execute/dir_8843/crab_fjr_71.xml -p pset.py     
 Nov 27 03:13:31 EET	---	327352	494952	169	----	----	----
********** WATCHDOG LOG ENDED
ZIPPING WATCHDOG LOG
Disk space used:
du -sh /home/cms030/home_crobe_214072761/CREAM214072761/glide_q31413/execute/dir_8843
169M	/home/cms030/home_crobe_214072761/CREAM214072761/glide_q31413/execute/dir_8843
>>> info for dashboard:
***** Cat /home/cms030/home_crobe_214072761/CREAM214072761/glide_q31413/execute/dir_8843/jobreport.txt *****
MonitorJobID=71_https://submit-2.t2.ucsd.edu//121127//17539.70
MonitorID=liis_crab_0_121127_014318_qg185f
ExeTime=127
ExeExitCode=0
CrabUserCpuTime=44.95
CrabSysCpuTime=6.44
CrabCpuPercentage=40%
CrabWrapperTime=601
CrabStageoutTime=NULL
***** End Cat jobreport *****
Parameters sent to Dashboard.
optHistograms_71_1_9eX.root
crab_fjr_71.xml
CMSSW_71.stdout
CMSSW_71.stderr
Watchdog_71.log.gz
tar: .BrokerInfo: Cannot stat: No such file or directory
tar: Error exit delayed from previous errors
Total Output dimension: 18025
WARNING: output files size limit is set to: 50000000
Total Output dimension 18025 is fine.
JOB_EXIT_STATUS = 0
>>> info for dashboard:
***** Cat /home/cms030/home_crobe_214072761/CREAM214072761/glide_q31413/execute/dir_8843/jobreport.txt *****
MonitorJobID=71_https://submit-2.t2.ucsd.edu//121127//17539.70
MonitorID=liis_crab_0_121127_014318_qg185f
JobExitCode=0
***** End Cat jobreport *****
Parameters sent to Dashboard.
optHistograms_71_1_9eX.root
crab_fjr_71.xml
