This script was generated by crab (version 2.8.3).
Running /home/cms078/home_crce1_297472641/CREAM297472641/glide_T22115/execute/dir_19869/condor_exec.exe with 2 positional parameters: 22 1
Today is Tue Nov 27 03:04:49 EET 2012
Job submitted on host wn-v-2720.local
Linux wn-v-2720.local 2.6.32-042stab059.7 #1 SMP Tue Jul 24 19:12:01 MSK 2012 x86_64 x86_64 x86_64 GNU/Linux
>>> current directory (RUNTIME_AREA): /home/cms078/home_crce1_297472641/CREAM297472641/glide_T22115/execute/dir_19869
>>> current user: uid=11078(cms078) gid=1400(cms) groups=1400(cms)
>>> voms proxy information:
subject   : /DC=ch/DC=cern/OU=Organic Units/OU=Users/CN=liis/CN=663550/CN=Liis Rebane/CN=proxy/CN=limited proxy
issuer    : /DC=ch/DC=cern/OU=Organic Units/OU=Users/CN=liis/CN=663550/CN=Liis Rebane/CN=proxy
identity  : /DC=ch/DC=cern/OU=Organic Units/OU=Users/CN=liis/CN=663550/CN=Liis Rebane/CN=proxy
type      : limited proxy
strength  : 512 bits
path      : /home/cms078/home_crce1_297472641/CREAM297472641/glide_T22115/execute/dir_19869/x509up_u1000009
timeleft  : 23:59:45
key usage : Digital Signature, Key Encipherment, Data Encipherment
=== VO cms extension information ===
VO        : cms
subject   : /DC=ch/DC=cern/OU=Organic Units/OU=Users/CN=liis/CN=663550/CN=Liis Rebane
issuer    : /DC=ch/DC=cern/OU=computers/CN=lcg-voms.cern.ch
attribute : /cms/Role=NULL/Capability=NULL
timeleft  : 190:20:47
uri       : lcg-voms.cern.ch:15002
>>> tar xzf /home/cms078/home_crce1_297472641/CREAM297472641/glide_T22115/execute/dir_19869/default.tgz :
Successful untar
>>> Include /home/cms078/home_crce1_297472641/CREAM297472641/glide_T22115/execute/dir_19869 in PYTHONPATH:
strip arguments
env var CRAB_UNIQUE_JOB_ID set to: liis_crab_0_121127_014318_qg185f_22_1_IwA
out_files_22
>>> list of expected files on output sandbox
output files: optHistograms_22_1_IwA.root crab_fjr_22.xml CMSSW_22.stdout CMSSW_22.stderr Watchdog_22.log.gz
>>> GridFlavour discovery: 
GridFlavour=LCG
>>> SyncSite discovery: 
SyncSite=T2_EE_Estonia
>>> SyncCE discovery: 
getting SyncCE from CE_ID
SyncCE=cream1.hep.kbfi.ee:8443/cream-pbs-long
>>> info for dashboard:
***** Cat /home/cms078/home_crce1_297472641/CREAM297472641/glide_T22115/execute/dir_19869/jobreport.txt *****
MonitorJobID=22_https://submit-2.t2.ucsd.edu//121127//17539.21
SyncGridJobId=https://submit-2.t2.ucsd.edu//121127//17539.21
MonitorID=liis_crab_0_121127_014318_qg185f
GridFlavour=LCG
SyncSite=T2_EE_Estonia
SyncCE=cream1.hep.kbfi.ee:8443/cream-pbs-long
***** End Cat jobreport *****
Parameters sent to Dashboard.
>>> setup environment
set SCRAM ARCH to slc5_amd64_gcc462
SCRAM_ARCH = slc5_amd64_gcc462
>>> setup CMS LCG environment:
set SCRAM ARCH and BUILD_ARCH to slc5_amd64_gcc462 ###
Sourcing environment... 
sourcing /cvmfs/cms.cern.ch/cmsset_default.sh
==> setup cms environment ok
>>> specific cmssw setup environment:
CMSSW_VERSION =  CMSSW_5_3_5
>>> current directory (SOFTWARE_DIR): /home/cms078/home_crce1_297472641/CREAM297472641/glide_T22115/execute/dir_19869/CMSSW_5_3_5
PreserveSeeds: <>
IncrementSeeds:<>
{}
WNHostName=wn-v-2720.local
>>> info for dashboard:
***** Cat /home/cms078/home_crce1_297472641/CREAM297472641/glide_T22115/execute/dir_19869/jobreport.txt *****
MonitorJobID=22_https://submit-2.t2.ucsd.edu//121127//17539.21
MonitorID=liis_crab_0_121127_014318_qg185f
WNHostName=wn-v-2720.local
***** End Cat jobreport *****
Parameters sent to Dashboard.
crabWatchdog started as process 23299
>>> moving CMSSW software directories in /home/cms078/home_crce1_297472641/CREAM297472641/glide_T22115/execute/dir_19869/CMSSW_5_3_5
mv: cannot stat `/home/cms078/home_crce1_297472641/CREAM297472641/glide_T22115/execute/dir_19869/module/': No such file or directory
>>> Include /home/cms078/home_crce1_297472641/CREAM297472641/glide_T22115/execute/dir_19869 in PYTHONPATH:
PYTHONPATH=/home/cms078/home_crce1_297472641/CREAM297472641/glide_T22115/execute/dir_19869/:/home/cms078/home_crce1_297472641/CREAM297472641/glide_T22115/execute/dir_19869/CMSSW_5_3_5/python:/home/cms078/home_crce1_297472641/CREAM297472641/glide_T22115/execute/dir_19869/CMSSW_5_3_5/lib/slc5_amd64_gcc462:/cvmfs/cms.cern.ch/slc5_amd64_gcc462/cms/cmssw/CMSSW_5_3_5/python:/cvmfs/cms.cern.ch/slc5_amd64_gcc462/cms/cmssw/CMSSW_5_3_5/lib/slc5_amd64_gcc462:/cvmfs/cms.cern.ch/slc5_amd64_gcc462/cms/coral/CORAL_2_3_21-cms27/slc5_amd64_gcc462/python:/cvmfs/cms.cern.ch/slc5_amd64_gcc462/cms/coral/CORAL_2_3_21-cms27/slc5_amd64_gcc462/lib:/cvmfs/cms.cern.ch/slc5_amd64_gcc462/external/pyqt/4.8.1/lib/python2.6/site-packages:/cvmfs/cms.cern.ch/slc5_amd64_gcc462/external/py2-scipy/0.8.0/lib/python2.6/site-packages:/cvmfs/cms.cern.ch/slc5_amd64_gcc462/external/py2-matplotlib/1.0.1/lib/python2.6/site-packages:/cvmfs/cms.cern.ch/slc5_amd64_gcc462/external/python-ldap/2.3.5/lib/python2.6/site-packages:/cvmfs/cms.cern.ch/slc5_amd64_gcc462/external/sip/4.11.2/lib/python2.6/site-packages:/cvmfs/cms.cern.ch/slc5_amd64_gcc462/external/py2-pycurl/7.19.0/lib/python2.6/site-packages:/cvmfs/cms.cern.ch/slc5_amd64_gcc462/external/py2-numpy/1.6.1/lib/python2.6/site-packages:/cvmfs/cms.cern.ch/slc5_amd64_gcc462/external/py2-ipython/0.10/lib/python2.6/site-packages:/cvmfs/cms.cern.ch/slc5_amd64_gcc462/external/py2-cx-oracle/5.1-cms11/lib/python2.6/site-packages:/cvmfs/cms.cern.ch/slc5_amd64_gcc462/external/py2-cjson/1.0.5/lib/python2.6/site-packages:/cvmfs/cms.cern.ch/slc5_amd64_gcc462/cms/das-client/1.4.1-cms8/bin:/cvmfs/cms.cern.ch/slc5_amd64_gcc462/external/elementtree/1.2.6/share/lib/python2.6/site-packages:/cvmfs/cms.cern.ch/slc5_amd64_gcc462/external/rivet/1.5.1-cms10/lib/python2.6/site-packages:/cvmfs/cms.cern.ch/slc5_amd64_gcc462/external/pyminuit2/0.0.1-cms34/lib/python2.6/site-packages:/cvmfs/cms.cern.ch/slc5_amd64_gcc462/external/professor/1.0.0-cms35/lib/python2.6/site-packages:/cvmfs/cms.cern.ch/slc5_amd64_gcc462/lcg/root/5.32.00-cms18/lib:/cvmfs/cms.cern.ch/slc5_amd64_gcc462/cms/dbs-client/DBS_2_1_1_patch1_1/lib:/cvmfs/cms.cern.ch/slc5_amd64_gcc462/cms/dbs-client/DBS_2_1_1_patch1_1/lib/DBSAPI:/home/cms078/home_crce1_297472641/CREAM297472641/glide_T22115/execute/dir_19869/
241a2a19cb7c5c8751ba22759ab3bdb0
PSETHASH = 241a2a19cb7c5c8751ba22759ab3bdb0
/home/cms078/home_crce1_297472641/CREAM297472641/glide_T22115/execute/dir_19869/writeCfg.py pset.py pset.py
Importing .py file
Setting parameters
inputBlocks=/QCD_Pt_80_170_BCtoE_TuneZ2star_8TeV_pythia6/mario-Summer12-stop-pfele-step1-3d176ac8da5e9dff208d057f4733ca91/USER#2ed06c41-0731-4095-8a1a-4cabfa3cddd9
inputFiles=/store/user/mario/QCD_Pt_80_170_BCtoE_TuneZ2star_8TeV_pythia6/Summer12-stop-pfele-step1/3d176ac8da5e9dff208d057f4733ca91/tuple_363_2_IhU.root;/store/user/mario/QCD_Pt_80_170_BCtoE_TuneZ2star_8TeV_pythia6/Summer12-stop-pfele-step1/3d176ac8da5e9dff208d057f4733ca91/tuple_368_2_NXX.root;/store/user/mario/QCD_Pt_80_170_BCtoE_TuneZ2star_8TeV_pythia6/Summer12-stop-pfele-step1/3d176ac8da5e9dff208d057f4733ca91/tuple_374_2_G8c.root;/store/user/mario/QCD_Pt_80_170_BCtoE_TuneZ2star_8TeV_pythia6/Summer12-stop-pfele-step1/3d176ac8da5e9dff208d057f4733ca91/tuple_378_2_7eW.root;/store/user/mario/QCD_Pt_80_170_BCtoE_TuneZ2star_8TeV_pythia6/Summer12-stop-pfele-step1/3d176ac8da5e9dff208d057f4733ca91/tuple_383_2_0gy.root
parentFiles=
lumisRange=
>>> Executable cmsRun
/cvmfs/cms.cern.ch/slc5_amd64_gcc462/cms/cmssw/CMSSW_5_3_5/bin/slc5_amd64_gcc462/cmsRun
ok executable found
>>> info for dashboard:
***** Cat /home/cms078/home_crce1_297472641/CREAM297472641/glide_T22115/execute/dir_19869/jobreport.txt *****
MonitorJobID=22_https://submit-2.t2.ucsd.edu//121127//17539.21
MonitorID=liis_crab_0_121127_014318_qg185f
ExeStart=cmsRun
***** End Cat jobreport *****
Parameters sent to Dashboard.
>>> cmsRun started at Tue Nov 27 01:05:12 UTC 2012
>>> cmsRun ended at Tue Nov 27 01:06:32 UTC 2012
>>> info for dashboard:
***** Cat /home/cms078/home_crce1_297472641/CREAM297472641/glide_T22115/execute/dir_19869/jobreport.txt *****
MonitorJobID=22_https://submit-2.t2.ucsd.edu//121127//17539.21
MonitorID=liis_crab_0_121127_014318_qg185f
ExeEnd=cmsRun
***** End Cat jobreport *****
Parameters sent to Dashboard.
TIME_EXE = 80 sec
>>> cmsRun wrote 42 lines of stdout+stderr
>>> START OF printout of 42 lines from stdout+stderr
27-Nov-2012 03:05:27 EET  Initiating request to open file file:/hdfs/cms/store/user/mario/QCD_Pt_80_170_BCtoE_TuneZ2star_8TeV_pythia6/Summer12-stop-pfele-step1/3d176ac8da5e9dff208d057f4733ca91/tuple_363_2_IhU.root
27-Nov-2012 03:05:33 EET  Successfully opened file file:/hdfs/cms/store/user/mario/QCD_Pt_80_170_BCtoE_TuneZ2star_8TeV_pythia6/Summer12-stop-pfele-step1/3d176ac8da5e9dff208d057f4733ca91/tuple_363_2_IhU.root
Begin processing the 1st record. Run 1, Event 86353329, LumiSection 1961 at 27-Nov-2012 03:05:42.045 EET
27-Nov-2012 03:05:47 EET  Closed file file:/hdfs/cms/store/user/mario/QCD_Pt_80_170_BCtoE_TuneZ2star_8TeV_pythia6/Summer12-stop-pfele-step1/3d176ac8da5e9dff208d057f4733ca91/tuple_363_2_IhU.root
27-Nov-2012 03:05:47 EET  Initiating request to open file file:/hdfs/cms/store/user/mario/QCD_Pt_80_170_BCtoE_TuneZ2star_8TeV_pythia6/Summer12-stop-pfele-step1/3d176ac8da5e9dff208d057f4733ca91/tuple_368_2_NXX.root
27-Nov-2012 03:05:47 EET  Successfully opened file file:/hdfs/cms/store/user/mario/QCD_Pt_80_170_BCtoE_TuneZ2star_8TeV_pythia6/Summer12-stop-pfele-step1/3d176ac8da5e9dff208d057f4733ca91/tuple_368_2_NXX.root
Begin processing the 1001st record. Run 1, Event 70561667, LumiSection 1603 at 27-Nov-2012 03:05:52.373 EET
Begin processing the 2001st record. Run 1, Event 18239255, LumiSection 415 at 27-Nov-2012 03:05:56.237 EET
27-Nov-2012 03:05:58 EET  Closed file file:/hdfs/cms/store/user/mario/QCD_Pt_80_170_BCtoE_TuneZ2star_8TeV_pythia6/Summer12-stop-pfele-step1/3d176ac8da5e9dff208d057f4733ca91/tuple_368_2_NXX.root
27-Nov-2012 03:05:58 EET  Initiating request to open file file:/hdfs/cms/store/user/mario/QCD_Pt_80_170_BCtoE_TuneZ2star_8TeV_pythia6/Summer12-stop-pfele-step1/3d176ac8da5e9dff208d057f4733ca91/tuple_374_2_G8c.root
27-Nov-2012 03:05:59 EET  Successfully opened file file:/hdfs/cms/store/user/mario/QCD_Pt_80_170_BCtoE_TuneZ2star_8TeV_pythia6/Summer12-stop-pfele-step1/3d176ac8da5e9dff208d057f4733ca91/tuple_374_2_G8c.root
Begin processing the 3001st record. Run 1, Event 135052152, LumiSection 3067 at 27-Nov-2012 03:06:03.695 EET
Begin processing the 4001st record. Run 1, Event 138007697, LumiSection 3134 at 27-Nov-2012 03:06:06.763 EET
27-Nov-2012 03:06:09 EET  Closed file file:/hdfs/cms/store/user/mario/QCD_Pt_80_170_BCtoE_TuneZ2star_8TeV_pythia6/Summer12-stop-pfele-step1/3d176ac8da5e9dff208d057f4733ca91/tuple_374_2_G8c.root
27-Nov-2012 03:06:09 EET  Initiating request to open file file:/hdfs/cms/store/user/mario/QCD_Pt_80_170_BCtoE_TuneZ2star_8TeV_pythia6/Summer12-stop-pfele-step1/3d176ac8da5e9dff208d057f4733ca91/tuple_378_2_7eW.root
27-Nov-2012 03:06:10 EET  Successfully opened file file:/hdfs/cms/store/user/mario/QCD_Pt_80_170_BCtoE_TuneZ2star_8TeV_pythia6/Summer12-stop-pfele-step1/3d176ac8da5e9dff208d057f4733ca91/tuple_378_2_7eW.root
Begin processing the 5001st record. Run 1, Event 118027920, LumiSection 2681 at 27-Nov-2012 03:06:15.533 EET
Begin processing the 6001st record. Run 1, Event 117006793, LumiSection 2658 at 27-Nov-2012 03:06:18.769 EET
Begin processing the 7001st record. Run 1, Event 127848947, LumiSection 2904 at 27-Nov-2012 03:06:23.230 EET
27-Nov-2012 03:06:23 EET  Closed file file:/hdfs/cms/store/user/mario/QCD_Pt_80_170_BCtoE_TuneZ2star_8TeV_pythia6/Summer12-stop-pfele-step1/3d176ac8da5e9dff208d057f4733ca91/tuple_378_2_7eW.root
27-Nov-2012 03:06:23 EET  Initiating request to open file file:/hdfs/cms/store/user/mario/QCD_Pt_80_170_BCtoE_TuneZ2star_8TeV_pythia6/Summer12-stop-pfele-step1/3d176ac8da5e9dff208d057f4733ca91/tuple_383_2_0gy.root
27-Nov-2012 03:06:23 EET  Successfully opened file file:/hdfs/cms/store/user/mario/QCD_Pt_80_170_BCtoE_TuneZ2star_8TeV_pythia6/Summer12-stop-pfele-step1/3d176ac8da5e9dff208d057f4733ca91/tuple_383_2_0gy.root
Begin processing the 8001st record. Run 1, Event 103755585, LumiSection 2357 at 27-Nov-2012 03:06:30.217 EET
27-Nov-2012 03:06:31 EET  Closed file file:/hdfs/cms/store/user/mario/QCD_Pt_80_170_BCtoE_TuneZ2star_8TeV_pythia6/Summer12-stop-pfele-step1/3d176ac8da5e9dff208d057f4733ca91/tuple_383_2_0gy.root

=============================================

MessageLogger Summary

 type     category        sev    module        subroutine        count    total
 ---- -------------------- -- ---------------- ----------------  -----    -----
    1 fileAction           -s file_close                             5        5
    2 fileAction           -s file_open                             10       10

 type    category    Examples: run/evt        run/evt          run/evt
 ---- -------------------- ---------------- ---------------- ----------------
    1 fileAction           PostProcessEvent PostProcessEvent PostEndRun
    2 fileAction           pre-events       pre-events       PostProcessEvent

Severity    # Occurrences   Total Occurrences
--------    -------------   -----------------
System                 15                  15
>>> END OF printout of 42 lines from stdout+stderr
>>> Parse FrameworkJobReport crab_fjr.xml
Result of parsing the FrameworkJobReport crab_fjr.xml: Popularity start
lumisRange : 1::2621,2626,2637,2658,2661,2664,2681,2715,2720,2725,2882,2904::1;1::1961,2115,2227,2292,2385::2;1::3061,3067,3131-3132,3134,3137,3140,3153,3156,3177,3238,3323::3;1::2005,2095-2096,2346,2357-2358,2372::4;1::195,197,276,303,393,415,440,551,625,628,681,1603::5;
lumisParentRange : 
Basename : /store/user/mario/QCD_Pt_80_170_BCtoE_TuneZ2star_8TeV_pythia6/Summer12-stop-pfele-step1/3d176ac8da5e9dff208d057f4733ca91/tuple_3
BasenameParent : 
parentFiles : 
inputBlocks : /QCD_Pt_80_170_BCtoE_TuneZ2star_8TeV_pythia6/mario-Summer12-stop-pfele-step1-3d176ac8da5e9dff208d057f4733ca91/USER#2ed06c41-0731-4095-8a1a-4cabfa3cddd9
inputFiles : 78_2_7eW.root::1::EDM::Local::1;63_2_IhU.root::1::EDM::Local::2;74_2_G8c.root::1::EDM::Local::3;83_2_0gy.root::1::EDM::Local::4;68_2_NXX.root::1::EDM::Local::5;
Popularity stop
Extracted ExitStatus from FrameworkJobReport parsing output: 0
>>> Executable succeded  0
ExeExitCode=0
EXECUTABLE_EXIT_STATUS = 0
>>> current directory /home/cms078/home_crce1_297472641/CREAM297472641/glide_T22115/execute/dir_19869/CMSSW_5_3_5
>>>  (SOFTWARE_DIR): /home/cms078/home_crce1_297472641/CREAM297472641/glide_T22115/execute/dir_19869/CMSSW_5_3_5
>>> (WORKING_DIR): 
>>> current directory content:
total 148
drwxr-xr-x 3 cms078 cms  4096 Nov 27 03:04 .SCRAM
-rw-r--r-- 1 cms078 cms 30066 Nov 27 03:04 CMSSW.py.pkl
drwxr-xr-x 3 cms078 cms  4096 Nov 27 03:04 bin
drwxr-xr-x 3 cms078 cms  4096 Nov 27 03:04 cfipython
drwxr-xr-x 5 cms078 cms  4096 Nov 27 03:04 config
-rw-r--r-- 1 cms078 cms    15 Nov 27 03:06 cpu_timing.txt
drwxr-xr-x 2 cms078 cms  4096 Nov 27 03:04 doc
-rw-r--r-- 1 cms078 cms  4879 Nov 27 03:06 executable.out
drwxr-xr-x 2 cms078 cms  4096 Nov 27 03:04 include
drwxrwxrwx 3 cms078 cms  4096 Oct 22 16:38 lib
drwxr-xr-x 3 cms078 cms  4096 Nov 27 03:04 logs
drwxr-xr-x 3 cms078 cms  4096 Nov 27 03:04 objs
-rw-r--r-- 1 cms078 cms 16680 Nov 27 03:06 optHistograms.root
-rw-r--r-- 1 cms078 cms   104 Nov 27 03:05 pset.py
-rw-r--r-- 1 cms078 cms 19476 Nov 27 03:05 pset.py.pkl
-rw-r--r-- 1 cms078 cms   289 Nov 27 03:05 pset.pyc
drwxr-xr-x 2 cms078 cms  4096 Nov 27 03:04 python
-rw-r--r-- 1 cms078 cms   420 Nov 27 03:06 report.log
drwxrwxrwx 4 cms078 cms  4096 Nov 27 03:04 src
drwxr-xr-x 3 cms078 cms  4096 Nov 27 03:04 test
drwxr-xr-x 3 cms078 cms  4096 Nov 27 03:04 tmp
>>> current directory /home/cms078/home_crce1_297472641/CREAM297472641/glide_T22115/execute/dir_19869/CMSSW_5_3_5
>>> (SOFTWARE_DIR): /home/cms078/home_crce1_297472641/CREAM297472641/glide_T22115/execute/dir_19869/CMSSW_5_3_5
>>> (WORKING_DIR): 
>>> current directory content:
total 128
drwxr-xr-x 3 cms078 cms  4096 Nov 27 03:04 .SCRAM
-rw-r--r-- 1 cms078 cms 30066 Nov 27 03:04 CMSSW.py.pkl
drwxr-xr-x 3 cms078 cms  4096 Nov 27 03:04 bin
drwxr-xr-x 3 cms078 cms  4096 Nov 27 03:04 cfipython
drwxr-xr-x 5 cms078 cms  4096 Nov 27 03:04 config
-rw-r--r-- 1 cms078 cms    15 Nov 27 03:06 cpu_timing.txt
drwxr-xr-x 2 cms078 cms  4096 Nov 27 03:04 doc
-rw-r--r-- 1 cms078 cms  4879 Nov 27 03:06 executable.out
drwxr-xr-x 2 cms078 cms  4096 Nov 27 03:04 include
drwxrwxrwx 3 cms078 cms  4096 Oct 22 16:38 lib
drwxr-xr-x 3 cms078 cms  4096 Nov 27 03:04 logs
drwxr-xr-x 3 cms078 cms  4096 Nov 27 03:04 objs
-rw-r--r-- 1 cms078 cms   104 Nov 27 03:05 pset.py
-rw-r--r-- 1 cms078 cms 19476 Nov 27 03:05 pset.py.pkl
-rw-r--r-- 1 cms078 cms   289 Nov 27 03:05 pset.pyc
drwxr-xr-x 2 cms078 cms  4096 Nov 27 03:04 python
-rw-r--r-- 1 cms078 cms   420 Nov 27 03:06 report.log
drwxrwxrwx 4 cms078 cms  4096 Nov 27 03:04 src
drwxr-xr-x 3 cms078 cms  4096 Nov 27 03:04 test
drwxr-xr-x 3 cms078 cms  4096 Nov 27 03:04 tmp
>>> current directory (RUNTIME_AREA):  /home/cms078/home_crce1_297472641/CREAM297472641/glide_T22115/execute/dir_19869
>>> current dir: /home/cms078/home_crce1_297472641/CREAM297472641/glide_T22115/execute/dir_19869
>>> current dir content:
total 25756
-rw-rw-rw-  1 cms078 cms     5607 Nov 27 03:04 .job.ad
-rw-rw-rw-  1 cms078 cms    11532 Nov 27 03:04 .machine.ad
-rw-rw-rw-  1 cms078 cms      105 Nov 27 01:43 CMSSW.py
-rw-rw-rw-  1 cms078 cms    30066 Nov 27 01:43 CMSSW.py.pkl
-rwxrw-rw-  1 cms078 cms    23329 Nov 27 03:04 CMSSW.sh
-rw-rw-rw-  1 cms078 cms        0 Nov 27 03:04 CMSSW_22.stderr
-rw-rw-rw-  1 cms078 cms    17137 Nov 27 03:06 CMSSW_22.stdout
drwxr-xr-x 15 cms078 cms     4096 Nov 27 03:06 CMSSW_5_3_5
-rw-r--r--  1 cms078 cms      347 Nov 27 03:04 CacheEnv.sh
-rw-rw-rw-  1 cms078 cms     7291 Jun  9  2010 DashboardAPI.py
-rw-r--r--  1 cms078 cms     6883 Nov 27 03:04 DashboardAPI.pyc
drwxrwxrwx  3 cms078 cms     4096 Nov 27 03:06 IMProv
-rw-rw-rw-  1 cms078 cms     2748 Mar  8  2006 Logger.py
-rw-r--r--  1 cms078 cms     3353 Nov 27 03:04 Logger.pyc
-rw-rw-rw-  1 cms078 cms    24524 Mar 28  2008 ProcInfo.py
-rw-r--r--  1 cms078 cms    23470 Nov 27 03:04 ProcInfo.pyc
drwxrwxrwx  7 cms078 cms     4096 Nov 27 03:05 ProdCommon
drwxrwxrwx  3 cms078 cms     4096 Nov 27 03:04 WMCore
-rw-r--r--  1 cms078 cms     1441 Nov 27 03:06 Watchdog_22.log
-rw-rw-rw-  1 cms078 cms    32895 Mar 28  2008 apmon.py
-rw-r--r--  1 cms078 cms    28874 Nov 27 03:04 apmon.pyc
-rw-rw-rw-  1 cms078 cms    94355 Nov 27 03:04 arguments.xml
-rwxrwxrwx  1 cms078 cms    37427 Sep 13 14:14 cmscp.py
-rwxrwxrwx  1 cms078 cms    23329 Nov 27 03:04 condor_exec.exe
-rw-rw-rw-  1 cms078 cms      540 Nov 27 01:43 crab.cfg
-rwxrwxrwx  1 cms078 cms     9531 Sep 20 21:46 crabWatchdog.sh
-rw-r--r--  1 cms078 cms    30266 Nov 27 03:06 crab_fjr_22.xml
-rw-rw-rw-  1 cms078 cms 25796279 Nov 27 03:04 default.tgz
-rwxrwxrwx  1 cms078 cms     4488 May 12  2012 fillCrabFjr.py
-rw-r--r--  1 cms078 cms      910 Nov 27 03:05 inputsReport.txt
-rw-r--r--  1 cms078 cms      131 Nov 27 03:06 jobreport.txt
lrwxrwxrwx  1 cms078 cms      107 Nov 27 03:06 optHistograms.root -> /home/cms078/home_crce1_297472641/CREAM297472641/glide_T22115/execute/dir_19869/optHistograms_22_1_IwA.root
-rw-r--r--  1 cms078 cms    16680 Nov 27 03:06 optHistograms_22_1_IwA.root
-rw-rw-rw-  1 cms078 cms    17352 Jan 20  2012 parseCrabFjr.py
-rw-r--r--  1 cms078 cms      285 Nov 27 03:04 report.log
-rwxrwxrwx  1 cms078 cms     1497 May 27  2009 report.py
-rwxrwxrwx  1 cms078 cms     8387 Mar 23  2011 writeCfg.py
-rw-------  1 cms078 cms     8687 Nov 27 03:04 x509up_u1000009
Checking output files:  
will tar file optHistograms_22_1_IwA.root in  out_files_22
will tar file crab_fjr_22.xml in  out_files_22
will tar file CMSSW_22.stdout in  out_files_22
will tar file CMSSW_22.stderr in  out_files_22
WARNING: output file Watchdog_22.log.gz not found!
>>> padding time: Sleeping the wrapper for 486 seconds
STOPPING WATCHDOG. CrabWatchdog PID is 23299
********** LAST 50 LINES OF WATCHDOG LOG
# RESOURCE USAGE SUMMARY FOR PROCESS ID 20924
USER       PID %CPU %MEM    VSZ   RSS TTY      STAT START   TIME COMMAND
cms078   20924  0.2  0.0   8956  1488 ?        S    03:04   0:00 /bin/sh /home/cms078/home_crce1_297472641/CREAM297472641/glide_T22115/execute/dir_19869/condor_exec.exe 22 1
 
# LIMITS USED BY THIS WATCHDOG:
# RSS  (KBytes)  : 2300000
# VSZ  (KBytes)  : 100000000
# DISK (MBytes)  : 19000
# CPU  (seconds) : 171600
# WALL (seconds) : 171600
 
# FOLLOWING PRINTOUT TRACKS MAXIMUM VALUES OF RESOURCES USE
# ONE LINE IS PRINTED EACH TIME A MAXIMUM CHANGES
# IF CHANGE WAS IN RSS OR VSZ ALSO PROCID AND COMMAND ARE PRINTED
# THERE IS NO PRINTOUT FOR CPU/WALL TIME INCREASE
 
# TIME			PID	RSS(KB)	VSZ(KB)	Dsk(MB)	tCPU(s)	tWALL(s)	COMMAND
 Nov 27 03:04:57 EET	19869	5384	9380	0	0	26	condor_starter -f submit-2.t2.ucsd.edu       
 Nov 27 03:04:57 EET	21970	5384	25504	0	0	5540	perl -e ?use Socket;??sub send_notify {? $cream_url = "193.40.150.141:49152";die "No
 Nov 27 03:04:57 EET	29838	6104	25504	0	3	5523	/home/cms078/home_crce1_297472641/CREAM297472641/glide_T22115/main/condor/sbin/condor_master -f -pidfile /home/cms078/home_crce1_297472641/CREAM297472641/glide_T22115/condor_master2.pid      
 Nov 27 03:04:57 EET	---	6104	25504	168	----	----	----
 Nov 27 03:06:06 EET	31339	329676	553316	168	29	61	cmsRun -j /home/cms078/home_crce1_297472641/CREAM297472641/glide_T22115/execute/dir_19869/crab_fjr_22.xml -p pset.py     
 Nov 27 03:07:14 EET	---	329676	553316	169	----	----	----
********** WATCHDOG LOG ENDED
ZIPPING WATCHDOG LOG
Disk space used:
du -sh /home/cms078/home_crce1_297472641/CREAM297472641/glide_T22115/execute/dir_19869
169M	/home/cms078/home_crce1_297472641/CREAM297472641/glide_T22115/execute/dir_19869
>>> info for dashboard:
***** Cat /home/cms078/home_crce1_297472641/CREAM297472641/glide_T22115/execute/dir_19869/jobreport.txt *****
MonitorJobID=22_https://submit-2.t2.ucsd.edu//121127//17539.21
MonitorID=liis_crab_0_121127_014318_qg185f
ExeTime=80
ExeExitCode=0
CrabUserCpuTime=37.34
CrabSysCpuTime=4.33
CrabCpuPercentage=52%
CrabWrapperTime=600
CrabStageoutTime=NULL
***** End Cat jobreport *****
Parameters sent to Dashboard.
optHistograms_22_1_IwA.root
crab_fjr_22.xml
CMSSW_22.stdout
CMSSW_22.stderr
Watchdog_22.log.gz
tar: .BrokerInfo: Cannot stat: No such file or directory
tar: Error exit delayed from previous errors
Total Output dimension: 18702
WARNING: output files size limit is set to: 50000000
Total Output dimension 18702 is fine.
JOB_EXIT_STATUS = 0
>>> info for dashboard:
***** Cat /home/cms078/home_crce1_297472641/CREAM297472641/glide_T22115/execute/dir_19869/jobreport.txt *****
MonitorJobID=22_https://submit-2.t2.ucsd.edu//121127//17539.21
MonitorID=liis_crab_0_121127_014318_qg185f
JobExitCode=0
***** End Cat jobreport *****
Parameters sent to Dashboard.
optHistograms_22_1_IwA.root
crab_fjr_22.xml
