This script was generated by crab (version 2.8.3).
Running /home/cms067/home_crobe_862559463/CREAM862559463/glide_ph6413/execute/dir_15205/condor_exec.exe with 2 positional parameters: 47 1
Today is Tue Nov 27 01:47:40 EET 2012
Job submitted on host wn-v-7003.local
Linux wn-v-7003.local 2.6.32-042stab059.7 #1 SMP Tue Jul 24 19:12:01 MSK 2012 x86_64 x86_64 x86_64 GNU/Linux
>>> current directory (RUNTIME_AREA): /home/cms067/home_crobe_862559463/CREAM862559463/glide_ph6413/execute/dir_15205
>>> current user: uid=11067(cms067) gid=1400(cms) groups=1400(cms)
>>> voms proxy information:
subject   : /DC=ch/DC=cern/OU=Organic Units/OU=Users/CN=liis/CN=663550/CN=Liis Rebane/CN=proxy/CN=limited proxy
issuer    : /DC=ch/DC=cern/OU=Organic Units/OU=Users/CN=liis/CN=663550/CN=Liis Rebane/CN=proxy
identity  : /DC=ch/DC=cern/OU=Organic Units/OU=Users/CN=liis/CN=663550/CN=Liis Rebane/CN=proxy
type      : limited proxy
strength  : 512 bits
path      : /home/cms067/home_crobe_862559463/CREAM862559463/glide_ph6413/execute/dir_15205/x509up_u1000009
timeleft  : 23:59:33
key usage : Digital Signature, Key Encipherment, Data Encipherment
=== VO cms extension information ===
VO        : cms
subject   : /DC=ch/DC=cern/OU=Organic Units/OU=Users/CN=liis/CN=663550/CN=Liis Rebane
issuer    : /DC=ch/DC=cern/OU=computers/CN=lcg-voms.cern.ch
attribute : /cms/Role=NULL/Capability=NULL
timeleft  : 191:37:57
uri       : lcg-voms.cern.ch:15002
>>> tar xzf /home/cms067/home_crobe_862559463/CREAM862559463/glide_ph6413/execute/dir_15205/default.tgz :
Successful untar
>>> Include /home/cms067/home_crobe_862559463/CREAM862559463/glide_ph6413/execute/dir_15205 in PYTHONPATH:
strip arguments
env var CRAB_UNIQUE_JOB_ID set to: liis_crab_0_121127_012526_r0h5c1_47_1_IF9
out_files_47
>>> list of expected files on output sandbox
output files: optHistograms_47_1_IF9.root crab_fjr_47.xml CMSSW_47.stdout CMSSW_47.stderr Watchdog_47.log.gz
>>> GridFlavour discovery: 
GridFlavour=LCG
>>> SyncSite discovery: 
SyncSite=T2_EE_Estonia
>>> SyncCE discovery: 
getting SyncCE from CE_ID
SyncCE=oberon.hep.kbfi.ee:8443/cream-pbs-long
>>> info for dashboard:
***** Cat /home/cms067/home_crobe_862559463/CREAM862559463/glide_ph6413/execute/dir_15205/jobreport.txt *****
MonitorJobID=47_https://submit-2.t2.ucsd.edu//121127//17528.46
SyncGridJobId=https://submit-2.t2.ucsd.edu//121127//17528.46
MonitorID=liis_crab_0_121127_012526_r0h5c1
GridFlavour=LCG
SyncSite=T2_EE_Estonia
SyncCE=oberon.hep.kbfi.ee:8443/cream-pbs-long
***** End Cat jobreport *****
Parameters sent to Dashboard.
>>> setup environment
set SCRAM ARCH to slc5_amd64_gcc462
SCRAM_ARCH = slc5_amd64_gcc462
>>> setup CMS LCG environment:
set SCRAM ARCH and BUILD_ARCH to slc5_amd64_gcc462 ###
Sourcing environment... 
sourcing /cvmfs/cms.cern.ch/cmsset_default.sh
==> setup cms environment ok
>>> specific cmssw setup environment:
CMSSW_VERSION =  CMSSW_5_3_5
>>> current directory (SOFTWARE_DIR): /home/cms067/home_crobe_862559463/CREAM862559463/glide_ph6413/execute/dir_15205/CMSSW_5_3_5
PreserveSeeds: <>
IncrementSeeds:<>
{}
WNHostName=wn-v-7003.local
>>> info for dashboard:
***** Cat /home/cms067/home_crobe_862559463/CREAM862559463/glide_ph6413/execute/dir_15205/jobreport.txt *****
MonitorJobID=47_https://submit-2.t2.ucsd.edu//121127//17528.46
MonitorID=liis_crab_0_121127_012526_r0h5c1
WNHostName=wn-v-7003.local
***** End Cat jobreport *****
Parameters sent to Dashboard.
crabWatchdog started as process 23583
>>> moving CMSSW software directories in /home/cms067/home_crobe_862559463/CREAM862559463/glide_ph6413/execute/dir_15205/CMSSW_5_3_5
mv: cannot stat `/home/cms067/home_crobe_862559463/CREAM862559463/glide_ph6413/execute/dir_15205/module/': No such file or directory
>>> Include /home/cms067/home_crobe_862559463/CREAM862559463/glide_ph6413/execute/dir_15205 in PYTHONPATH:
PYTHONPATH=/home/cms067/home_crobe_862559463/CREAM862559463/glide_ph6413/execute/dir_15205/:/home/cms067/home_crobe_862559463/CREAM862559463/glide_ph6413/execute/dir_15205/CMSSW_5_3_5/python:/home/cms067/home_crobe_862559463/CREAM862559463/glide_ph6413/execute/dir_15205/CMSSW_5_3_5/lib/slc5_amd64_gcc462:/cvmfs/cms.cern.ch/slc5_amd64_gcc462/cms/cmssw/CMSSW_5_3_5/python:/cvmfs/cms.cern.ch/slc5_amd64_gcc462/cms/cmssw/CMSSW_5_3_5/lib/slc5_amd64_gcc462:/cvmfs/cms.cern.ch/slc5_amd64_gcc462/cms/coral/CORAL_2_3_21-cms27/slc5_amd64_gcc462/python:/cvmfs/cms.cern.ch/slc5_amd64_gcc462/cms/coral/CORAL_2_3_21-cms27/slc5_amd64_gcc462/lib:/cvmfs/cms.cern.ch/slc5_amd64_gcc462/external/pyqt/4.8.1/lib/python2.6/site-packages:/cvmfs/cms.cern.ch/slc5_amd64_gcc462/external/py2-scipy/0.8.0/lib/python2.6/site-packages:/cvmfs/cms.cern.ch/slc5_amd64_gcc462/external/py2-matplotlib/1.0.1/lib/python2.6/site-packages:/cvmfs/cms.cern.ch/slc5_amd64_gcc462/external/python-ldap/2.3.5/lib/python2.6/site-packages:/cvmfs/cms.cern.ch/slc5_amd64_gcc462/external/sip/4.11.2/lib/python2.6/site-packages:/cvmfs/cms.cern.ch/slc5_amd64_gcc462/external/py2-pycurl/7.19.0/lib/python2.6/site-packages:/cvmfs/cms.cern.ch/slc5_amd64_gcc462/external/py2-numpy/1.6.1/lib/python2.6/site-packages:/cvmfs/cms.cern.ch/slc5_amd64_gcc462/external/py2-ipython/0.10/lib/python2.6/site-packages:/cvmfs/cms.cern.ch/slc5_amd64_gcc462/external/py2-cx-oracle/5.1-cms11/lib/python2.6/site-packages:/cvmfs/cms.cern.ch/slc5_amd64_gcc462/external/py2-cjson/1.0.5/lib/python2.6/site-packages:/cvmfs/cms.cern.ch/slc5_amd64_gcc462/cms/das-client/1.4.1-cms8/bin:/cvmfs/cms.cern.ch/slc5_amd64_gcc462/external/elementtree/1.2.6/share/lib/python2.6/site-packages:/cvmfs/cms.cern.ch/slc5_amd64_gcc462/external/rivet/1.5.1-cms10/lib/python2.6/site-packages:/cvmfs/cms.cern.ch/slc5_amd64_gcc462/external/pyminuit2/0.0.1-cms34/lib/python2.6/site-packages:/cvmfs/cms.cern.ch/slc5_amd64_gcc462/external/professor/1.0.0-cms35/lib/python2.6/site-packages:/cvmfs/cms.cern.ch/slc5_amd64_gcc462/lcg/root/5.32.00-cms18/lib:/cvmfs/cms.cern.ch/slc5_amd64_gcc462/cms/dbs-client/DBS_2_1_1_patch1_1/lib:/cvmfs/cms.cern.ch/slc5_amd64_gcc462/cms/dbs-client/DBS_2_1_1_patch1_1/lib/DBSAPI:/home/cms067/home_crobe_862559463/CREAM862559463/glide_ph6413/execute/dir_15205/
241a2a19cb7c5c8751ba22759ab3bdb0
PSETHASH = 241a2a19cb7c5c8751ba22759ab3bdb0
/home/cms067/home_crobe_862559463/CREAM862559463/glide_ph6413/execute/dir_15205/writeCfg.py pset.py pset.py
Importing .py file
Setting parameters
inputBlocks=/QCD_Pt_350_EMEnriched_TuneZ2star_8TeV_pythia6/mario-Summer12-stop-pfele-step1-3d176ac8da5e9dff208d057f4733ca91/USER#2ef68d93-4c3b-40b9-98c3-bc862db01b2a
inputFiles=/store/user/mario/QCD_Pt_350_EMEnriched_TuneZ2star_8TeV_pythia6/Summer12-stop-pfele-step1/3d176ac8da5e9dff208d057f4733ca91/tuple_376_12_xbi.root;/store/user/mario/QCD_Pt_350_EMEnriched_TuneZ2star_8TeV_pythia6/Summer12-stop-pfele-step1/3d176ac8da5e9dff208d057f4733ca91/tuple_378_9_PM1.root;/store/user/mario/QCD_Pt_350_EMEnriched_TuneZ2star_8TeV_pythia6/Summer12-stop-pfele-step1/3d176ac8da5e9dff208d057f4733ca91/tuple_379_3_QFM.root;/store/user/mario/QCD_Pt_350_EMEnriched_TuneZ2star_8TeV_pythia6/Summer12-stop-pfele-step1/3d176ac8da5e9dff208d057f4733ca91/tuple_380_7_Elz.root;/store/user/mario/QCD_Pt_350_EMEnriched_TuneZ2star_8TeV_pythia6/Summer12-stop-pfele-step1/3d176ac8da5e9dff208d057f4733ca91/tuple_381_11_z3U.root
parentFiles=
lumisRange=
>>> Executable cmsRun
/cvmfs/cms.cern.ch/slc5_amd64_gcc462/cms/cmssw/CMSSW_5_3_5/bin/slc5_amd64_gcc462/cmsRun
ok executable found
>>> info for dashboard:
***** Cat /home/cms067/home_crobe_862559463/CREAM862559463/glide_ph6413/execute/dir_15205/jobreport.txt *****
MonitorJobID=47_https://submit-2.t2.ucsd.edu//121127//17528.46
MonitorID=liis_crab_0_121127_012526_r0h5c1
ExeStart=cmsRun
***** End Cat jobreport *****
Parameters sent to Dashboard.
>>> cmsRun started at Mon Nov 26 23:48:07 UTC 2012
>>> cmsRun ended at Tue Nov 27 00:07:48 UTC 2012
>>> info for dashboard:
***** Cat /home/cms067/home_crobe_862559463/CREAM862559463/glide_ph6413/execute/dir_15205/jobreport.txt *****
MonitorJobID=47_https://submit-2.t2.ucsd.edu//121127//17528.46
MonitorID=liis_crab_0_121127_012526_r0h5c1
ExeEnd=cmsRun
***** End Cat jobreport *****
Parameters sent to Dashboard.
TIME_EXE = 1181 sec
>>> cmsRun wrote 165 lines of stdout+stderr
>>> START OF printout of 165 lines from stdout+stderr
27-Nov-2012 01:48:39 EET  Initiating request to open file file:/hdfs/cms/store/user/mario/QCD_Pt_350_EMEnriched_TuneZ2star_8TeV_pythia6/Summer12-stop-pfele-step1/3d176ac8da5e9dff208d057f4733ca91/tuple_376_12_xbi.root
27-Nov-2012 01:48:49 EET  Successfully opened file file:/hdfs/cms/store/user/mario/QCD_Pt_350_EMEnriched_TuneZ2star_8TeV_pythia6/Summer12-stop-pfele-step1/3d176ac8da5e9dff208d057f4733ca91/tuple_376_12_xbi.root
Begin processing the 1st record. Run 1, Event 142079966, LumiSection 32565 at 27-Nov-2012 01:49:27.771 EET
Begin processing the 1001st record. Run 1, Event 191290783, LumiSection 43844 at 27-Nov-2012 01:49:41.062 EET
Begin processing the 2001st record. Run 1, Event 184964526, LumiSection 42394 at 27-Nov-2012 01:49:49.385 EET
Begin processing the 3001st record. Run 1, Event 230428581, LumiSection 52815 at 27-Nov-2012 01:49:53.753 EET
Begin processing the 4001st record. Run 1, Event 86027, LumiSection 20 at 27-Nov-2012 01:50:02.006 EET
Begin processing the 5001st record. Run 1, Event 7809640, LumiSection 1790 at 27-Nov-2012 01:50:06.452 EET
Begin processing the 6001st record. Run 1, Event 16942633, LumiSection 3884 at 27-Nov-2012 01:50:13.938 EET
Begin processing the 7001st record. Run 1, Event 97528384, LumiSection 22354 at 27-Nov-2012 01:50:18.176 EET
Begin processing the 8001st record. Run 1, Event 76485819, LumiSection 17531 at 27-Nov-2012 01:50:29.893 EET
Begin processing the 9001st record. Run 1, Event 78359809, LumiSection 17961 at 27-Nov-2012 01:50:34.287 EET
Begin processing the 10001st record. Run 1, Event 93888199, LumiSection 21520 at 27-Nov-2012 01:50:44.880 EET
Begin processing the 11001st record. Run 1, Event 102409822, LumiSection 23473 at 27-Nov-2012 01:50:57.747 EET
Begin processing the 12001st record. Run 1, Event 116870756, LumiSection 26787 at 27-Nov-2012 01:51:01.934 EET
27-Nov-2012 01:51:04 EET  Closed file file:/hdfs/cms/store/user/mario/QCD_Pt_350_EMEnriched_TuneZ2star_8TeV_pythia6/Summer12-stop-pfele-step1/3d176ac8da5e9dff208d057f4733ca91/tuple_376_12_xbi.root
27-Nov-2012 01:51:04 EET  Initiating request to open file file:/hdfs/cms/store/user/mario/QCD_Pt_350_EMEnriched_TuneZ2star_8TeV_pythia6/Summer12-stop-pfele-step1/3d176ac8da5e9dff208d057f4733ca91/tuple_378_9_PM1.root
27-Nov-2012 01:51:04 EET  Successfully opened file file:/hdfs/cms/store/user/mario/QCD_Pt_350_EMEnriched_TuneZ2star_8TeV_pythia6/Summer12-stop-pfele-step1/3d176ac8da5e9dff208d057f4733ca91/tuple_378_9_PM1.root
Begin processing the 13001st record. Run 1, Event 151153251, LumiSection 34645 at 27-Nov-2012 01:52:07.856 EET
Begin processing the 14001st record. Run 1, Event 258529260, LumiSection 59255 at 27-Nov-2012 01:52:12.158 EET
Begin processing the 15001st record. Run 1, Event 289341545, LumiSection 66318 at 27-Nov-2012 01:52:21.304 EET
Begin processing the 16001st record. Run 1, Event 273277807, LumiSection 62636 at 27-Nov-2012 01:52:25.668 EET
Begin processing the 17001st record. Run 1, Event 289963620, LumiSection 66460 at 27-Nov-2012 01:52:33.582 EET
Begin processing the 18001st record. Run 1, Event 290074499, LumiSection 66486 at 27-Nov-2012 01:52:43.459 EET
Begin processing the 19001st record. Run 1, Event 291327349, LumiSection 66773 at 27-Nov-2012 01:52:47.711 EET
Begin processing the 20001st record. Run 1, Event 294400047, LumiSection 67477 at 27-Nov-2012 01:52:55.330 EET
Begin processing the 21001st record. Run 1, Event 294657959, LumiSection 67536 at 27-Nov-2012 01:53:00.082 EET
Begin processing the 22001st record. Run 1, Event 298756394, LumiSection 68475 at 27-Nov-2012 01:53:08.341 EET
Begin processing the 23001st record. Run 1, Event 307546385, LumiSection 70490 at 27-Nov-2012 01:53:12.679 EET
Begin processing the 24001st record. Run 1, Event 308633389, LumiSection 70739 at 27-Nov-2012 01:53:19.868 EET
Begin processing the 25001st record. Run 1, Event 24743190, LumiSection 5672 at 27-Nov-2012 01:53:30.097 EET
Begin processing the 26001st record. Run 1, Event 42588989, LumiSection 9762 at 27-Nov-2012 01:53:34.947 EET
Begin processing the 27001st record. Run 1, Event 48720858, LumiSection 11167 at 27-Nov-2012 01:53:46.736 EET
Begin processing the 28001st record. Run 1, Event 56056577, LumiSection 12849 at 27-Nov-2012 01:53:50.971 EET
Begin processing the 29001st record. Run 1, Event 298510005, LumiSection 68419 at 27-Nov-2012 01:54:00.807 EET
Begin processing the 30001st record. Run 1, Event 296216641, LumiSection 67893 at 27-Nov-2012 01:54:05.290 EET
Begin processing the 31001st record. Run 1, Event 298590881, LumiSection 68438 at 27-Nov-2012 01:54:14.637 EET
Begin processing the 32001st record. Run 1, Event 301829734, LumiSection 69180 at 27-Nov-2012 01:54:22.509 EET
Begin processing the 33001st record. Run 1, Event 25474393, LumiSection 5839 at 27-Nov-2012 01:54:27.256 EET
Begin processing the 34001st record. Run 1, Event 290069866, LumiSection 66485 at 27-Nov-2012 01:54:36.332 EET
Begin processing the 35001st record. Run 1, Event 18658771, LumiSection 4277 at 27-Nov-2012 01:54:40.577 EET
Begin processing the 36001st record. Run 1, Event 20225631, LumiSection 4636 at 27-Nov-2012 01:54:49.449 EET
Begin processing the 37001st record. Run 1, Event 206080699, LumiSection 47234 at 27-Nov-2012 01:54:53.512 EET
Begin processing the 38001st record. Run 1, Event 280933163, LumiSection 64390 at 27-Nov-2012 01:55:08.408 EET
Begin processing the 39001st record. Run 1, Event 268763376, LumiSection 61601 at 27-Nov-2012 01:55:16.251 EET
Begin processing the 40001st record. Run 1, Event 275923650, LumiSection 63242 at 27-Nov-2012 01:55:20.446 EET
Begin processing the 41001st record. Run 1, Event 56239095, LumiSection 12891 at 27-Nov-2012 01:55:28.480 EET
Begin processing the 42001st record. Run 1, Event 92846390, LumiSection 21281 at 27-Nov-2012 01:55:32.856 EET
Begin processing the 43001st record. Run 1, Event 276025072, LumiSection 63265 at 27-Nov-2012 01:55:40.126 EET
27-Nov-2012 01:55:44 EET  Closed file file:/hdfs/cms/store/user/mario/QCD_Pt_350_EMEnriched_TuneZ2star_8TeV_pythia6/Summer12-stop-pfele-step1/3d176ac8da5e9dff208d057f4733ca91/tuple_378_9_PM1.root
27-Nov-2012 01:55:44 EET  Initiating request to open file file:/hdfs/cms/store/user/mario/QCD_Pt_350_EMEnriched_TuneZ2star_8TeV_pythia6/Summer12-stop-pfele-step1/3d176ac8da5e9dff208d057f4733ca91/tuple_379_3_QFM.root
27-Nov-2012 01:55:44 EET  Successfully opened file file:/hdfs/cms/store/user/mario/QCD_Pt_350_EMEnriched_TuneZ2star_8TeV_pythia6/Summer12-stop-pfele-step1/3d176ac8da5e9dff208d057f4733ca91/tuple_379_3_QFM.root
Begin processing the 44001st record. Run 1, Event 150412209, LumiSection 34475 at 27-Nov-2012 01:56:23.549 EET
Begin processing the 45001st record. Run 1, Event 139453445, LumiSection 31963 at 27-Nov-2012 01:56:27.853 EET
Begin processing the 46001st record. Run 1, Event 170833777, LumiSection 39156 at 27-Nov-2012 01:56:34.621 EET
Begin processing the 47001st record. Run 1, Event 193116396, LumiSection 44263 at 27-Nov-2012 01:56:39.106 EET
Begin processing the 48001st record. Run 1, Event 228247861, LumiSection 52315 at 27-Nov-2012 01:56:46.403 EET
Begin processing the 49001st record. Run 1, Event 51359033, LumiSection 11772 at 27-Nov-2012 01:56:50.565 EET
Begin processing the 50001st record. Run 1, Event 61491489, LumiSection 14094 at 27-Nov-2012 01:57:03.149 EET
Begin processing the 51001st record. Run 1, Event 68342562, LumiSection 15665 at 27-Nov-2012 01:57:10.156 EET
Begin processing the 52001st record. Run 1, Event 82995728, LumiSection 19023 at 27-Nov-2012 01:57:14.321 EET
Begin processing the 53001st record. Run 1, Event 130923131, LumiSection 30008 at 27-Nov-2012 01:57:24.122 EET
Begin processing the 54001st record. Run 1, Event 136086705, LumiSection 31192 at 27-Nov-2012 01:57:28.552 EET
Begin processing the 55001st record. Run 1, Event 138055719, LumiSection 31643 at 27-Nov-2012 01:57:35.191 EET
Begin processing the 56001st record. Run 1, Event 171320363, LumiSection 39267 at 27-Nov-2012 01:57:42.555 EET
Begin processing the 57001st record. Run 1, Event 56967838, LumiSection 13058 at 27-Nov-2012 01:57:46.893 EET
Begin processing the 58001st record. Run 1, Event 70347012, LumiSection 16124 at 27-Nov-2012 01:57:53.657 EET
Begin processing the 59001st record. Run 1, Event 72809428, LumiSection 16688 at 27-Nov-2012 01:57:58.104 EET
Begin processing the 60001st record. Run 1, Event 136217551, LumiSection 31222 at 27-Nov-2012 01:58:06.683 EET
Begin processing the 61001st record. Run 1, Event 7191785, LumiSection 1649 at 27-Nov-2012 01:58:11.460 EET
Begin processing the 62001st record. Run 1, Event 26233172, LumiSection 6013 at 27-Nov-2012 01:58:21.180 EET
Begin processing the 63001st record. Run 1, Event 30443714, LumiSection 6978 at 27-Nov-2012 01:58:28.975 EET
Begin processing the 64001st record. Run 1, Event 41905757, LumiSection 9605 at 27-Nov-2012 01:58:33.621 EET
Begin processing the 65001st record. Run 1, Event 48874248, LumiSection 11202 at 27-Nov-2012 01:58:41.351 EET
Begin processing the 66001st record. Run 1, Event 50217480, LumiSection 11510 at 27-Nov-2012 01:58:45.791 EET
Begin processing the 67001st record. Run 1, Event 63809763, LumiSection 14626 at 27-Nov-2012 01:58:54.049 EET
Begin processing the 68001st record. Run 1, Event 52619777, LumiSection 12061 at 27-Nov-2012 01:59:03.832 EET
Begin processing the 69001st record. Run 1, Event 72323478, LumiSection 16577 at 27-Nov-2012 01:59:08.244 EET
Begin processing the 70001st record. Run 1, Event 111984714, LumiSection 25667 at 27-Nov-2012 01:59:17.494 EET
Begin processing the 71001st record. Run 1, Event 124369661, LumiSection 28506 at 27-Nov-2012 01:59:22.086 EET
Begin processing the 72001st record. Run 1, Event 130945970, LumiSection 30013 at 27-Nov-2012 01:59:30.204 EET
Begin processing the 73001st record. Run 1, Event 133521111, LumiSection 30604 at 27-Nov-2012 01:59:39.281 EET
Begin processing the 74001st record. Run 1, Event 135926882, LumiSection 31155 at 27-Nov-2012 01:59:43.620 EET
Begin processing the 75001st record. Run 1, Event 137397581, LumiSection 31492 at 27-Nov-2012 01:59:48.945 EET
27-Nov-2012 01:59:51 EET  Closed file file:/hdfs/cms/store/user/mario/QCD_Pt_350_EMEnriched_TuneZ2star_8TeV_pythia6/Summer12-stop-pfele-step1/3d176ac8da5e9dff208d057f4733ca91/tuple_379_3_QFM.root
27-Nov-2012 01:59:51 EET  Initiating request to open file file:/hdfs/cms/store/user/mario/QCD_Pt_350_EMEnriched_TuneZ2star_8TeV_pythia6/Summer12-stop-pfele-step1/3d176ac8da5e9dff208d057f4733ca91/tuple_380_7_Elz.root
27-Nov-2012 01:59:51 EET  Successfully opened file file:/hdfs/cms/store/user/mario/QCD_Pt_350_EMEnriched_TuneZ2star_8TeV_pythia6/Summer12-stop-pfele-step1/3d176ac8da5e9dff208d057f4733ca91/tuple_380_7_Elz.root
Begin processing the 76001st record. Run 1, Event 139344433, LumiSection 31938 at 27-Nov-2012 02:00:25.543 EET
Begin processing the 77001st record. Run 1, Event 30724972, LumiSection 7043 at 27-Nov-2012 02:00:30.227 EET
Begin processing the 78001st record. Run 1, Event 34355403, LumiSection 7875 at 27-Nov-2012 02:00:37.355 EET
Begin processing the 79001st record. Run 1, Event 38994973, LumiSection 8938 at 27-Nov-2012 02:00:46.128 EET
Begin processing the 80001st record. Run 1, Event 42513006, LumiSection 9744 at 27-Nov-2012 02:00:50.361 EET
Begin processing the 81001st record. Run 1, Event 258256481, LumiSection 59193 at 27-Nov-2012 02:00:58.642 EET
Begin processing the 82001st record. Run 1, Event 240910126, LumiSection 55217 at 27-Nov-2012 02:01:02.762 EET
Begin processing the 83001st record. Run 1, Event 244362731, LumiSection 56008 at 27-Nov-2012 02:01:13.479 EET
Begin processing the 84001st record. Run 1, Event 274617982, LumiSection 62943 at 27-Nov-2012 02:01:17.968 EET
Begin processing the 85001st record. Run 1, Event 158732441, LumiSection 36382 at 27-Nov-2012 02:01:28.763 EET
Begin processing the 86001st record. Run 1, Event 169899332, LumiSection 38941 at 27-Nov-2012 02:01:37.317 EET
Begin processing the 87001st record. Run 1, Event 258893847, LumiSection 59339 at 27-Nov-2012 02:01:41.768 EET
Begin processing the 88001st record. Run 1, Event 245914670, LumiSection 56364 at 27-Nov-2012 02:01:48.805 EET
Begin processing the 89001st record. Run 1, Event 280177891, LumiSection 64217 at 27-Nov-2012 02:01:53.439 EET
Begin processing the 90001st record. Run 1, Event 165690743, LumiSection 37977 at 27-Nov-2012 02:02:04.114 EET
Begin processing the 91001st record. Run 1, Event 169859023, LumiSection 38932 at 27-Nov-2012 02:02:08.508 EET
Begin processing the 92001st record. Run 1, Event 184026973, LumiSection 42179 at 27-Nov-2012 02:02:15.488 EET
Begin processing the 93001st record. Run 1, Event 114408499, LumiSection 26223 at 27-Nov-2012 02:02:23.063 EET
Begin processing the 94001st record. Run 1, Event 121652945, LumiSection 27883 at 27-Nov-2012 02:02:27.345 EET
Begin processing the 95001st record. Run 1, Event 126906862, LumiSection 29088 at 27-Nov-2012 02:02:35.098 EET
Begin processing the 96001st record. Run 1, Event 133583625, LumiSection 30618 at 27-Nov-2012 02:02:39.648 EET
Begin processing the 97001st record. Run 1, Event 135856967, LumiSection 31139 at 27-Nov-2012 02:02:50.796 EET
Begin processing the 98001st record. Run 1, Event 255299824, LumiSection 58515 at 27-Nov-2012 02:02:55.097 EET
Begin processing the 99001st record. Run 1, Event 257962204, LumiSection 59125 at 27-Nov-2012 02:03:02.163 EET
Begin processing the 100001st record. Run 1, Event 278292346, LumiSection 63785 at 27-Nov-2012 02:03:09.269 EET
Begin processing the 101001st record. Run 1, Event 277464657, LumiSection 63595 at 27-Nov-2012 02:03:13.784 EET
Begin processing the 102001st record. Run 1, Event 286597219, LumiSection 65689 at 27-Nov-2012 02:03:23.613 EET
Begin processing the 103001st record. Run 1, Event 309483915, LumiSection 70934 at 27-Nov-2012 02:03:27.715 EET
Begin processing the 104001st record. Run 1, Event 16896785, LumiSection 3873 at 27-Nov-2012 02:03:39.738 EET
Begin processing the 105001st record. Run 1, Event 23246120, LumiSection 5329 at 27-Nov-2012 02:03:44.022 EET
Begin processing the 106001st record. Run 1, Event 34731344, LumiSection 7961 at 27-Nov-2012 02:03:51.906 EET
27-Nov-2012 02:03:56 EET  Closed file file:/hdfs/cms/store/user/mario/QCD_Pt_350_EMEnriched_TuneZ2star_8TeV_pythia6/Summer12-stop-pfele-step1/3d176ac8da5e9dff208d057f4733ca91/tuple_380_7_Elz.root
27-Nov-2012 02:03:56 EET  Initiating request to open file file:/hdfs/cms/store/user/mario/QCD_Pt_350_EMEnriched_TuneZ2star_8TeV_pythia6/Summer12-stop-pfele-step1/3d176ac8da5e9dff208d057f4733ca91/tuple_381_11_z3U.root
27-Nov-2012 02:03:57 EET  Successfully opened file file:/hdfs/cms/store/user/mario/QCD_Pt_350_EMEnriched_TuneZ2star_8TeV_pythia6/Summer12-stop-pfele-step1/3d176ac8da5e9dff208d057f4733ca91/tuple_381_11_z3U.root
Begin processing the 107001st record. Run 1, Event 47646965, LumiSection 10921 at 27-Nov-2012 02:04:50.971 EET
Begin processing the 108001st record. Run 1, Event 49526877, LumiSection 11352 at 27-Nov-2012 02:04:55.375 EET
Begin processing the 109001st record. Run 1, Event 49776668, LumiSection 11409 at 27-Nov-2012 02:05:04.866 EET
Begin processing the 110001st record. Run 1, Event 52356237, LumiSection 12001 at 27-Nov-2012 02:05:09.381 EET
Begin processing the 111001st record. Run 1, Event 64961906, LumiSection 14890 at 27-Nov-2012 02:05:22.416 EET
Begin processing the 112001st record. Run 1, Event 41218590, LumiSection 9448 at 27-Nov-2012 02:05:26.682 EET
Begin processing the 113001st record. Run 1, Event 30521174, LumiSection 6996 at 27-Nov-2012 02:05:33.925 EET
Begin processing the 114001st record. Run 1, Event 48474657, LumiSection 11111 at 27-Nov-2012 02:05:43.517 EET
Begin processing the 115001st record. Run 1, Event 46988111, LumiSection 10770 at 27-Nov-2012 02:05:47.828 EET
Begin processing the 116001st record. Run 1, Event 136207756, LumiSection 31219 at 27-Nov-2012 02:06:00.715 EET
Begin processing the 117001st record. Run 1, Event 138167105, LumiSection 31668 at 27-Nov-2012 02:06:04.722 EET
Begin processing the 118001st record. Run 1, Event 144419318, LumiSection 33101 at 27-Nov-2012 02:06:12.971 EET
Begin processing the 119001st record. Run 1, Event 156555221, LumiSection 35883 at 27-Nov-2012 02:06:17.689 EET
Begin processing the 120001st record. Run 1, Event 5436341, LumiSection 1247 at 27-Nov-2012 02:06:26.425 EET
Begin processing the 121001st record. Run 1, Event 42289033, LumiSection 9693 at 27-Nov-2012 02:06:30.886 EET
Begin processing the 122001st record. Run 1, Event 49686966, LumiSection 11389 at 27-Nov-2012 02:06:39.627 EET
Begin processing the 123001st record. Run 1, Event 70785827, LumiSection 16225 at 27-Nov-2012 02:06:47.221 EET
Begin processing the 124001st record. Run 1, Event 259683434, LumiSection 59520 at 27-Nov-2012 02:06:51.476 EET
Begin processing the 125001st record. Run 1, Event 284300732, LumiSection 65162 at 27-Nov-2012 02:06:58.367 EET
Begin processing the 126001st record. Run 1, Event 273847605, LumiSection 62766 at 27-Nov-2012 02:07:02.777 EET
Begin processing the 127001st record. Run 1, Event 280009546, LumiSection 64179 at 27-Nov-2012 02:07:13.397 EET
Begin processing the 128001st record. Run 1, Event 171013817, LumiSection 39197 at 27-Nov-2012 02:07:17.752 EET
Begin processing the 129001st record. Run 1, Event 272584713, LumiSection 62477 at 27-Nov-2012 02:07:24.997 EET
Begin processing the 130001st record. Run 1, Event 260780086, LumiSection 59771 at 27-Nov-2012 02:07:33.712 EET
Begin processing the 131001st record. Run 1, Event 285398399, LumiSection 65414 at 27-Nov-2012 02:07:38.420 EET
27-Nov-2012 02:07:45 EET  Closed file file:/hdfs/cms/store/user/mario/QCD_Pt_350_EMEnriched_TuneZ2star_8TeV_pythia6/Summer12-stop-pfele-step1/3d176ac8da5e9dff208d057f4733ca91/tuple_381_11_z3U.root

=============================================

MessageLogger Summary

 type     category        sev    module        subroutine        count    total
 ---- -------------------- -- ---------------- ----------------  -----    -----
    1 fileAction           -s file_close                             5        5
    2 fileAction           -s file_open                             10       10

 type    category    Examples: run/evt        run/evt          run/evt
 ---- -------------------- ---------------- ---------------- ----------------
    1 fileAction           PostProcessEvent PostProcessEvent PostEndRun
    2 fileAction           pre-events       pre-events       PostProcessEvent

Severity    # Occurrences   Total Occurrences
--------    -------------   -----------------
System                 15                  15
>>> END OF printout of 165 lines from stdout+stderr
>>> Parse FrameworkJobReport crab_fjr.xml
Result of parsing the FrameworkJobReport crab_fjr.xml: Popularity start
lumisRange : 1::1649,1663,4402,4472,6013,6016,6071,6429,6436,6978,6997,7551,9548,9605,10889,11109,11133,11163,11202,11204,11254,11259,11263,11398,11417,11420,11510,11678,11714,11754,11771-11774,11787,11925,11965,11984,12061,12728,12746,13058,13559,13980,14094,14195,14207,14626,14704,14749,14772,15447,15562,15570,15665,15968,16020,16124,16194,16199,16368,16375,16379,16515,16523,16563,16577,16580,16688,16765,16767,19023,21622,25565,25667,25669,26892,27247,27851,28168,28299,28365,28391,28424,28440,28485,28506,28705,29171,29977,29981-29982,29988,30008,30013,30022,30226,30345,30465,30585,30588,30604,30617,30635,30837,30900,30924,31107,31146,31155,31170,31173,31183,31192,31200,31202-31203,31222,31374,31393,31492,31538,31610,31643,31645,31647-31648,31654,31656,31658,31660,31680,31848,31963,31979,33077,33139,33227,33458,34475,34551,34955,35204,35736,35814,35988,37822,38787,38997,39156,39267,41693,43883,44263,45398,45436,46123,52277,52315,56502,56544,56832,59156,60462,63374,64971,65429::1;1::19-20,39,237,1730,1790,2534,2563,2686,3843,3884,3886,3900,3919,3970,4004,11568,17481-17483,17531,17535,17550,17586,17961,18999,20107,21092,21143,21307,21520,21687,22226,22354,22712,22807,23473,23770,25286,25347,25454,26344,26545,26787,26833,27102,27210,32565,32594,32662,32732,33927,35877,38968,41758,42013,42394,43844,43921-43922,45309,45351,52791,52815,52821,54444,67628::2;1::2413,3245,3261-3262,3299-3300,3840,3848,4277,4439,4447,4502,4547,4636,4707,4747,5334,5337-5338,5656,5672,5839,6627,6640,8933,9762,10836,11033,11138,11164,11167,11436,11581,11610,12021,12108,12849,12881,12886,12891,13657,14221,14560,14578,16754,18607,18810,19411-19412,19438,20964,20966,21281,28070,29781,31692,32831,32931,33245,34475,34645,44410,45675,47234,51126,55191,56056,56591,56600,56806,56841,57668,57682,57782,58289,58317,58482,59060,59255,59300,60143,60201,60526,61030,61087,61601,61627,61889,61896,62122,62339,62636,62641,62889,63242,63265,63381,63412,64390,64719,64730,65666,66107,66318,66384,66430,66434,66438,66452,66460,66464,66485-66486,66488,66493,66732,66773,66856,66952,66962,67054,67159,67330,67458,67477,67536,67538,67685,67739,67763,67782,67841,67892-67893,67965,68025,68088,68123,68305,68344,68346,68419,68438,68460,68475,68690,68727,68773-68774,68908,68999,69172,69180,69185,69333,69424,69736,70028,70490,70623,70736,70739-70740,70751,70766,71219,71299,71489,71826::3;1::1212,1247,2194,2198,5225,5807,6182,6619,6996,7008,7484,7491,9448,9544,9568,9590,9693,9820,9851,10273,10770,10855,10921,10923,11111,11290,11292,11311,11315,11323,11350,11352,11355-11356,11389,11399,11402,11405-11407,11409,11598,11628,11709,11713,11743,11784,11968,11971,11992,12001,12581,14640,14701,14846,14890,15448,16225,17421,17674,18684,19332,25345,26797,27571,27838,28063,30793,30808,30818,31199,31219,31321,31496,31561,31575,31579,31668,31672,31711,31717,31736,31993,33101,33300,34483,34499,35446,35825,35868,35883,37801,39036,39197,40395,41138,41745,41932,42616,43743,44032,45513,51607,51618,58035,59520,59619,59622,59771,59863,60218,60511,62477,62749,62766,62929,63247,63283,63316,63727,63819,64179,64215,64405,64454,65162,65305,65414,65490,65493,66316,68884,72655::4;1::2184,3873,5292,5317,5329,6184,6541,7025,7027,7037,7043-7044,7093,7486,7875,7917,7961-7962,8911,8934,8938,8944,9202,9250,9303,9594,9744,9797,10388,10646,10853,10921,10932,11011,11024,11027,11075,11503,26223,27241,27623,27877,27883,27889,27937,27944,28300,28302,28539,29088,30443,30586,30609,30618,30632,30897,30923,31139,31157,31182,31654,31937-31938,31974,32712,35437,35679,35821,35838,35867,36382,36405,36421,37703,37796,37895,37977,38492,38878,38904,38931-38932,38941,39231,39273,39339,39375,39803,39982,41777,42123,42179,45321,45331,46935,51280,51440,51452,51555,55093,55159,55217,55225,55980,55998,56005,56008,56066,56324,56363-56364,56366,56531,56912,57339,57630,57961,58004,58475,58515,58548-58549,58559,58602,58734,58822,58854,59124-59125,59155,59193,59233,59339,59544,60367,60447,60634,60995,61785,62023,62527,62678,62694,62943,63334,63378,63595,63619,63785,64124,64217,64440,64871,64930,65662,65689,65712,66695,67084,69246,69495,69897-69898,70930,70934,72656,72661,72787::5;
lumisParentRange : 
Basename : /store/user/mario/QCD_Pt_350_EMEnriched_TuneZ2star_8TeV_pythia6/Summer12-stop-pfele-step1/3d176ac8da5e9dff208d057f4733ca91/tuple_3
BasenameParent : 
parentFiles : 
inputBlocks : /QCD_Pt_350_EMEnriched_TuneZ2star_8TeV_pythia6/mario-Summer12-stop-pfele-step1-3d176ac8da5e9dff208d057f4733ca91/USER#2ef68d93-4c3b-40b9-98c3-bc862db01b2a
inputFiles : 79_3_QFM.root::1::EDM::Local::1;76_12_xbi.root::1::EDM::Local::2;78_9_PM1.root::1::EDM::Local::3;81_11_z3U.root::1::EDM::Local::4;80_7_Elz.root::1::EDM::Local::5;
Popularity stop
Extracted ExitStatus from FrameworkJobReport parsing output: 0
>>> Executable succeded  0
ExeExitCode=0
EXECUTABLE_EXIT_STATUS = 0
>>> current directory /home/cms067/home_crobe_862559463/CREAM862559463/glide_ph6413/execute/dir_15205/CMSSW_5_3_5
>>>  (SOFTWARE_DIR): /home/cms067/home_crobe_862559463/CREAM862559463/glide_ph6413/execute/dir_15205/CMSSW_5_3_5
>>> (WORKING_DIR): 
>>> current directory content:
total 164
drwxr-xr-x 3 cms067 cms  4096 Nov 27 01:47 .SCRAM
-rw-r--r-- 1 cms067 cms 30066 Nov 27 01:47 CMSSW.py.pkl
drwxr-xr-x 3 cms067 cms  4096 Nov 27 01:47 bin
drwxr-xr-x 3 cms067 cms  4096 Nov 27 01:47 cfipython
drwxr-xr-x 5 cms067 cms  4096 Nov 27 01:47 config
-rw-r--r-- 1 cms067 cms    17 Nov 27 02:07 cpu_timing.txt
drwxr-xr-x 2 cms067 cms  4096 Nov 27 01:47 doc
-rw-r--r-- 1 cms067 cms 18529 Nov 27 02:07 executable.out
drwxr-xr-x 2 cms067 cms  4096 Nov 27 01:47 include
drwxrwxrwx 3 cms067 cms  4096 Oct 22 16:38 lib
drwxr-xr-x 3 cms067 cms  4096 Nov 27 01:47 logs
drwxr-xr-x 3 cms067 cms  4096 Nov 27 01:47 objs
-rw-r--r-- 1 cms067 cms 18286 Nov 27 02:07 optHistograms.root
-rw-r--r-- 1 cms067 cms   104 Nov 27 01:48 pset.py
-rw-r--r-- 1 cms067 cms 19491 Nov 27 01:48 pset.py.pkl
-rw-r--r-- 1 cms067 cms   289 Nov 27 01:48 pset.pyc
drwxr-xr-x 2 cms067 cms  4096 Nov 27 01:47 python
-rw-r--r-- 1 cms067 cms   420 Nov 27 02:07 report.log
drwxrwxrwx 4 cms067 cms  4096 Nov 27 01:47 src
drwxr-xr-x 3 cms067 cms  4096 Nov 27 01:47 test
drwxr-xr-x 3 cms067 cms  4096 Nov 27 01:47 tmp
>>> current directory /home/cms067/home_crobe_862559463/CREAM862559463/glide_ph6413/execute/dir_15205/CMSSW_5_3_5
>>> (SOFTWARE_DIR): /home/cms067/home_crobe_862559463/CREAM862559463/glide_ph6413/execute/dir_15205/CMSSW_5_3_5
>>> (WORKING_DIR): 
>>> current directory content:
total 144
drwxr-xr-x 3 cms067 cms  4096 Nov 27 01:47 .SCRAM
-rw-r--r-- 1 cms067 cms 30066 Nov 27 01:47 CMSSW.py.pkl
drwxr-xr-x 3 cms067 cms  4096 Nov 27 01:47 bin
drwxr-xr-x 3 cms067 cms  4096 Nov 27 01:47 cfipython
drwxr-xr-x 5 cms067 cms  4096 Nov 27 01:47 config
-rw-r--r-- 1 cms067 cms    17 Nov 27 02:07 cpu_timing.txt
drwxr-xr-x 2 cms067 cms  4096 Nov 27 01:47 doc
-rw-r--r-- 1 cms067 cms 18529 Nov 27 02:07 executable.out
drwxr-xr-x 2 cms067 cms  4096 Nov 27 01:47 include
drwxrwxrwx 3 cms067 cms  4096 Oct 22 16:38 lib
drwxr-xr-x 3 cms067 cms  4096 Nov 27 01:47 logs
drwxr-xr-x 3 cms067 cms  4096 Nov 27 01:47 objs
-rw-r--r-- 1 cms067 cms   104 Nov 27 01:48 pset.py
-rw-r--r-- 1 cms067 cms 19491 Nov 27 01:48 pset.py.pkl
-rw-r--r-- 1 cms067 cms   289 Nov 27 01:48 pset.pyc
drwxr-xr-x 2 cms067 cms  4096 Nov 27 01:47 python
-rw-r--r-- 1 cms067 cms   420 Nov 27 02:07 report.log
drwxrwxrwx 4 cms067 cms  4096 Nov 27 01:47 src
drwxr-xr-x 3 cms067 cms  4096 Nov 27 01:47 test
drwxr-xr-x 3 cms067 cms  4096 Nov 27 01:47 tmp
>>> current directory (RUNTIME_AREA):  /home/cms067/home_crobe_862559463/CREAM862559463/glide_ph6413/execute/dir_15205
>>> current dir: /home/cms067/home_crobe_862559463/CREAM862559463/glide_ph6413/execute/dir_15205
>>> current dir content:
total 25800
-rw-rw-rw-  1 cms067 cms     5578 Nov 27 01:47 .job.ad
-rw-rw-rw-  1 cms067 cms    11338 Nov 27 01:47 .machine.ad
-rw-rw-rw-  1 cms067 cms      105 Nov 27 01:26 CMSSW.py
-rw-rw-rw-  1 cms067 cms    30066 Nov 27 01:26 CMSSW.py.pkl
-rwxrw-rw-  1 cms067 cms    23333 Nov 27 01:47 CMSSW.sh
-rw-rw-rw-  1 cms067 cms        0 Nov 27 01:47 CMSSW_47.stderr
-rw-rw-rw-  1 cms067 cms    34673 Nov 27 02:08 CMSSW_47.stdout
drwxr-xr-x 15 cms067 cms     4096 Nov 27 02:08 CMSSW_5_3_5
-rw-r--r--  1 cms067 cms      347 Nov 27 01:47 CacheEnv.sh
-rw-rw-rw-  1 cms067 cms     7291 Jun  9  2010 DashboardAPI.py
-rw-r--r--  1 cms067 cms     6883 Nov 27 01:47 DashboardAPI.pyc
drwxrwxrwx  3 cms067 cms     4096 Nov 27 02:07 IMProv
-rw-rw-rw-  1 cms067 cms     2748 Mar  8  2006 Logger.py
-rw-r--r--  1 cms067 cms     3353 Nov 27 01:47 Logger.pyc
-rw-rw-rw-  1 cms067 cms    24524 Mar 28  2008 ProcInfo.py
-rw-r--r--  1 cms067 cms    23470 Nov 27 01:47 ProcInfo.pyc
drwxrwxrwx  7 cms067 cms     4096 Nov 27 01:48 ProdCommon
drwxrwxrwx  3 cms067 cms     4096 Nov 27 01:47 WMCore
-rw-r--r--  1 cms067 cms     3770 Nov 27 02:07 Watchdog_47.log
-rw-rw-rw-  1 cms067 cms    32895 Mar 28  2008 apmon.py
-rw-r--r--  1 cms067 cms    28874 Nov 27 01:47 apmon.pyc
-rw-rw-rw-  1 cms067 cms   101163 Nov 27 01:47 arguments.xml
-rwxrwxrwx  1 cms067 cms    37427 Sep 13 14:14 cmscp.py
-rwxrwxrwx  1 cms067 cms    23333 Nov 27 01:47 condor_exec.exe
-rw-rw-rw-  1 cms067 cms      542 Nov 27 01:25 crab.cfg
-rwxrwxrwx  1 cms067 cms     9531 Sep 20 21:46 crabWatchdog.sh
-rw-r--r--  1 cms067 cms    49292 Nov 27 02:07 crab_fjr_47.xml
-rw-rw-rw-  1 cms067 cms 25796292 Nov 27 01:47 default.tgz
-rwxrwxrwx  1 cms067 cms     4488 May 12  2012 fillCrabFjr.py
-rw-r--r--  1 cms067 cms      924 Nov 27 01:48 inputsReport.txt
-rw-r--r--  1 cms067 cms      133 Nov 27 02:08 jobreport.txt
lrwxrwxrwx  1 cms067 cms      107 Nov 27 02:08 optHistograms.root -> /home/cms067/home_crobe_862559463/CREAM862559463/glide_ph6413/execute/dir_15205/optHistograms_47_1_IF9.root
-rw-r--r--  1 cms067 cms    18286 Nov 27 02:07 optHistograms_47_1_IF9.root
-rw-rw-rw-  1 cms067 cms    17352 Jan 20  2012 parseCrabFjr.py
-rw-r--r--  1 cms067 cms      285 Nov 27 01:47 report.log
-rwxrwxrwx  1 cms067 cms     1497 May 27  2009 report.py
-rwxrwxrwx  1 cms067 cms     8387 Mar 23  2011 writeCfg.py
-rw-------  1 cms067 cms     8687 Nov 27 01:47 x509up_u1000009
Checking output files:  
will tar file optHistograms_47_1_IF9.root in  out_files_47
will tar file crab_fjr_47.xml in  out_files_47
will tar file CMSSW_47.stdout in  out_files_47
will tar file CMSSW_47.stderr in  out_files_47
WARNING: output file Watchdog_47.log.gz not found!
>>> padding time: Wrapper lasting more than 600 seconds. No sleep required.
STOPPING WATCHDOG. CrabWatchdog PID is 23583
********** LAST 50 LINES OF WATCHDOG LOG
# RESOURCE USAGE SUMMARY FOR PROCESS ID 21213
USER       PID %CPU %MEM    VSZ   RSS TTY      STAT START   TIME COMMAND
cms067   21213  0.3  0.0   8956  1484 ?        R    01:47   0:00 /bin/sh /home/cms067/home_crobe_862559463/CREAM862559463/glide_ph6413/execute/dir_15205/condor_exec.exe 47 1
 
# LIMITS USED BY THIS WATCHDOG:
# RSS  (KBytes)  : 2300000
# VSZ  (KBytes)  : 100000000
# DISK (MBytes)  : 19000
# CPU  (seconds) : 171600
# WALL (seconds) : 171600
 
# FOLLOWING PRINTOUT TRACKS MAXIMUM VALUES OF RESOURCES USE
# ONE LINE IS PRINTED EACH TIME A MAXIMUM CHANGES
# IF CHANGE WAS IN RSS OR VSZ ALSO PROCID AND COMMAND ARE PRINTED
# THERE IS NO PRINTOUT FOR CPU/WALL TIME INCREASE
 
# TIME			PID	RSS(KB)	VSZ(KB)	Dsk(MB)	tCPU(s)	tWALL(s)	COMMAND
 Nov 27 01:47:52 EET	5545	1324	8896	0	0	485	-bash         
 Nov 27 01:47:52 EET	5644	1488	8952	0	0	485	/bin/sh -l ./CREAM862559463_jobWrapper.sh       
 Nov 27 01:47:52 EET	6246	2672	25504	0	0	482	perl -e ?use Socket;??sub send_notify {? $cream_url = "193.40.150.124:49152";die "No
 Nov 27 01:47:52 EET	15190	3104	25504	0	0	49	condor_procd -A /home/cms067/home_crobe_862559463/CREAM862559463/glide_ph6413/log/procd_address.STARTD -L /home/cms067/home_crobe_862559463/CREAM862559463/glide_ph6413/log/ProcLog.STARTD -R 10000000 -S 60 -C
 Nov 27 01:47:52 EET	15205	5388	25504	0	0	49	condor_starter -f submit-2.t2.ucsd.edu       
 Nov 27 01:47:52 EET	17102	5744	25504	0	0	451	/home/cms067/home_crobe_862559463/CREAM862559463/glide_ph6413/main/condor/sbin/condor_master -f -pidfile /home/cms067/home_crobe_862559463/CREAM862559463/glide_ph6413/condor_master2.pid      
 Nov 27 01:47:52 EET	---	5744	25504	168	----	----	----
 Nov 27 01:49:00 EET	26403	250868	385152	168	10	59	cmsRun -j /home/cms067/home_crobe_862559463/CREAM862559463/glide_ph6413/execute/dir_15205/crab_fjr_47.xml -p pset.py     
 Nov 27 01:50:07 EET	26403	363076	565352	168	45	129	cmsRun -j /home/cms067/home_crobe_862559463/CREAM862559463/glide_ph6413/execute/dir_15205/crab_fjr_47.xml -p pset.py     
 Nov 27 01:52:25 EET	26403	368272	567656	168	90	265	cmsRun -j /home/cms067/home_crobe_862559463/CREAM862559463/glide_ph6413/execute/dir_15205/crab_fjr_47.xml -p pset.py     
 Nov 27 01:53:34 EET	26403	368416	567656	168	131	336	cmsRun -j /home/cms067/home_crobe_862559463/CREAM862559463/glide_ph6413/execute/dir_15205/crab_fjr_47.xml -p pset.py     
 Nov 27 01:54:44 EET	26403	368796	567912	168	174	403	cmsRun -j /home/cms067/home_crobe_862559463/CREAM862559463/glide_ph6413/execute/dir_15205/crab_fjr_47.xml -p pset.py     
 Nov 27 01:56:58 EET	26403	368796	568168	168	237	539	cmsRun -j /home/cms067/home_crobe_862559463/CREAM862559463/glide_ph6413/execute/dir_15205/crab_fjr_47.xml -p pset.py     
 Nov 27 01:58:07 EET	26403	368796	568424	168	282	608	cmsRun -j /home/cms067/home_crobe_862559463/CREAM862559463/glide_ph6413/execute/dir_15205/crab_fjr_47.xml -p pset.py     
 Nov 27 02:00:25 EET	26403	368796	569448	168	354	747	cmsRun -j /home/cms067/home_crobe_862559463/CREAM862559463/glide_ph6413/execute/dir_15205/crab_fjr_47.xml -p pset.py     
 Nov 27 02:02:45 EET	26403	368968	569704	168	442	886	cmsRun -j /home/cms067/home_crobe_862559463/CREAM862559463/glide_ph6413/execute/dir_15205/crab_fjr_47.xml -p pset.py     
 Nov 27 02:05:03 EET	26403	369808	569704	168	497	1024	cmsRun -j /home/cms067/home_crobe_862559463/CREAM862559463/glide_ph6413/execute/dir_15205/crab_fjr_47.xml -p pset.py     
 Nov 27 02:06:12 EET	26403	370472	569704	168	536	1094	cmsRun -j /home/cms067/home_crobe_862559463/CREAM862559463/glide_ph6413/execute/dir_15205/crab_fjr_47.xml -p pset.py     
 Nov 27 02:07:22 EET	26403	370552	569704	168	582	1163	cmsRun -j /home/cms067/home_crobe_862559463/CREAM862559463/glide_ph6413/execute/dir_15205/crab_fjr_47.xml -p pset.py     
********** WATCHDOG LOG ENDED
ZIPPING WATCHDOG LOG
Disk space used:
du -sh /home/cms067/home_crobe_862559463/CREAM862559463/glide_ph6413/execute/dir_15205
169M	/home/cms067/home_crobe_862559463/CREAM862559463/glide_ph6413/execute/dir_15205
>>> info for dashboard:
***** Cat /home/cms067/home_crobe_862559463/CREAM862559463/glide_ph6413/execute/dir_15205/jobreport.txt *****
MonitorJobID=47_https://submit-2.t2.ucsd.edu//121127//17528.46
MonitorID=liis_crab_0_121127_012526_r0h5c1
ExeTime=1181
ExeExitCode=0
CrabUserCpuTime=577.81
CrabSysCpuTime=14.99
CrabCpuPercentage=50%
CrabWrapperTime=1221
CrabStageoutTime=NULL
***** End Cat jobreport *****
Parameters sent to Dashboard.
optHistograms_47_1_IF9.root
crab_fjr_47.xml
CMSSW_47.stdout
CMSSW_47.stderr
Watchdog_47.log.gz
tar: .BrokerInfo: Cannot stat: No such file or directory
tar: Error exit delayed from previous errors
Total Output dimension: 31259
WARNING: output files size limit is set to: 50000000
Total Output dimension 31259 is fine.
JOB_EXIT_STATUS = 0
>>> info for dashboard:
***** Cat /home/cms067/home_crobe_862559463/CREAM862559463/glide_ph6413/execute/dir_15205/jobreport.txt *****
MonitorJobID=47_https://submit-2.t2.ucsd.edu//121127//17528.46
MonitorID=liis_crab_0_121127_012526_r0h5c1
JobExitCode=0
***** End Cat jobreport *****
Parameters sent to Dashboard.
optHistograms_47_1_IF9.root
crab_fjr_47.xml
