This script was generated by crab (version 2.8.3).
Running /home/cms003/home_crmrs_323692471/CREAM323692471/glide_B10462/execute/dir_12963/condor_exec.exe with 2 positional parameters: 41 1
Today is Tue Nov 27 01:47:22 EET 2012
Job submitted on host wn-v-3260.local
Linux wn-v-3260.local 2.6.32-042stab059.7 #1 SMP Tue Jul 24 19:12:01 MSK 2012 x86_64 x86_64 x86_64 GNU/Linux
>>> current directory (RUNTIME_AREA): /home/cms003/home_crmrs_323692471/CREAM323692471/glide_B10462/execute/dir_12963
>>> current user: uid=11003(cms003) gid=1400(cms) groups=1400(cms)
>>> voms proxy information:
subject   : /DC=ch/DC=cern/OU=Organic Units/OU=Users/CN=liis/CN=663550/CN=Liis Rebane/CN=proxy/CN=limited proxy
issuer    : /DC=ch/DC=cern/OU=Organic Units/OU=Users/CN=liis/CN=663550/CN=Liis Rebane/CN=proxy
identity  : /DC=ch/DC=cern/OU=Organic Units/OU=Users/CN=liis/CN=663550/CN=Liis Rebane/CN=proxy
type      : limited proxy
strength  : 512 bits
path      : /home/cms003/home_crmrs_323692471/CREAM323692471/glide_B10462/execute/dir_12963/x509up_u1000009
timeleft  : 23:59:48
key usage : Digital Signature, Key Encipherment, Data Encipherment
=== VO cms extension information ===
VO        : cms
subject   : /DC=ch/DC=cern/OU=Organic Units/OU=Users/CN=liis/CN=663550/CN=Liis Rebane
issuer    : /DC=ch/DC=cern/OU=computers/CN=lcg-voms.cern.ch
attribute : /cms/Role=NULL/Capability=NULL
timeleft  : 191:38:15
uri       : lcg-voms.cern.ch:15002
>>> tar xzf /home/cms003/home_crmrs_323692471/CREAM323692471/glide_B10462/execute/dir_12963/default.tgz :
Successful untar
>>> Include /home/cms003/home_crmrs_323692471/CREAM323692471/glide_B10462/execute/dir_12963 in PYTHONPATH:
strip arguments
env var CRAB_UNIQUE_JOB_ID set to: liis_crab_0_121127_012526_r0h5c1_41_1_cE1
out_files_41
>>> list of expected files on output sandbox
output files: optHistograms_41_1_cE1.root crab_fjr_41.xml CMSSW_41.stdout CMSSW_41.stderr Watchdog_41.log.gz
>>> GridFlavour discovery: 
GridFlavour=LCG
>>> SyncSite discovery: 
SyncSite=T2_EE_Estonia
>>> SyncCE discovery: 
getting SyncCE from CE_ID
SyncCE=mars.hep.kbfi.ee:8443/cream-pbs-long
>>> info for dashboard:
***** Cat /home/cms003/home_crmrs_323692471/CREAM323692471/glide_B10462/execute/dir_12963/jobreport.txt *****
MonitorJobID=41_https://submit-2.t2.ucsd.edu//121127//17528.40
SyncGridJobId=https://submit-2.t2.ucsd.edu//121127//17528.40
MonitorID=liis_crab_0_121127_012526_r0h5c1
GridFlavour=LCG
SyncSite=T2_EE_Estonia
SyncCE=mars.hep.kbfi.ee:8443/cream-pbs-long
***** End Cat jobreport *****
Parameters sent to Dashboard.
>>> setup environment
set SCRAM ARCH to slc5_amd64_gcc462
SCRAM_ARCH = slc5_amd64_gcc462
>>> setup CMS LCG environment:
set SCRAM ARCH and BUILD_ARCH to slc5_amd64_gcc462 ###
Sourcing environment... 
sourcing /cvmfs/cms.cern.ch/cmsset_default.sh
==> setup cms environment ok
>>> specific cmssw setup environment:
CMSSW_VERSION =  CMSSW_5_3_5
>>> current directory (SOFTWARE_DIR): /home/cms003/home_crmrs_323692471/CREAM323692471/glide_B10462/execute/dir_12963/CMSSW_5_3_5
PreserveSeeds: <>
IncrementSeeds:<>
{}
WNHostName=wn-v-3260.local
>>> info for dashboard:
***** Cat /home/cms003/home_crmrs_323692471/CREAM323692471/glide_B10462/execute/dir_12963/jobreport.txt *****
MonitorJobID=41_https://submit-2.t2.ucsd.edu//121127//17528.40
MonitorID=liis_crab_0_121127_012526_r0h5c1
WNHostName=wn-v-3260.local
***** End Cat jobreport *****
Parameters sent to Dashboard.
crabWatchdog started as process 21551
>>> moving CMSSW software directories in /home/cms003/home_crmrs_323692471/CREAM323692471/glide_B10462/execute/dir_12963/CMSSW_5_3_5
mv: cannot stat `/home/cms003/home_crmrs_323692471/CREAM323692471/glide_B10462/execute/dir_12963/module/': No such file or directory
>>> Include /home/cms003/home_crmrs_323692471/CREAM323692471/glide_B10462/execute/dir_12963 in PYTHONPATH:
PYTHONPATH=/home/cms003/home_crmrs_323692471/CREAM323692471/glide_B10462/execute/dir_12963/:/home/cms003/home_crmrs_323692471/CREAM323692471/glide_B10462/execute/dir_12963/CMSSW_5_3_5/python:/home/cms003/home_crmrs_323692471/CREAM323692471/glide_B10462/execute/dir_12963/CMSSW_5_3_5/lib/slc5_amd64_gcc462:/cvmfs/cms.cern.ch/slc5_amd64_gcc462/cms/cmssw/CMSSW_5_3_5/python:/cvmfs/cms.cern.ch/slc5_amd64_gcc462/cms/cmssw/CMSSW_5_3_5/lib/slc5_amd64_gcc462:/cvmfs/cms.cern.ch/slc5_amd64_gcc462/cms/coral/CORAL_2_3_21-cms27/slc5_amd64_gcc462/python:/cvmfs/cms.cern.ch/slc5_amd64_gcc462/cms/coral/CORAL_2_3_21-cms27/slc5_amd64_gcc462/lib:/cvmfs/cms.cern.ch/slc5_amd64_gcc462/external/pyqt/4.8.1/lib/python2.6/site-packages:/cvmfs/cms.cern.ch/slc5_amd64_gcc462/external/py2-scipy/0.8.0/lib/python2.6/site-packages:/cvmfs/cms.cern.ch/slc5_amd64_gcc462/external/py2-matplotlib/1.0.1/lib/python2.6/site-packages:/cvmfs/cms.cern.ch/slc5_amd64_gcc462/external/python-ldap/2.3.5/lib/python2.6/site-packages:/cvmfs/cms.cern.ch/slc5_amd64_gcc462/external/sip/4.11.2/lib/python2.6/site-packages:/cvmfs/cms.cern.ch/slc5_amd64_gcc462/external/py2-pycurl/7.19.0/lib/python2.6/site-packages:/cvmfs/cms.cern.ch/slc5_amd64_gcc462/external/py2-numpy/1.6.1/lib/python2.6/site-packages:/cvmfs/cms.cern.ch/slc5_amd64_gcc462/external/py2-ipython/0.10/lib/python2.6/site-packages:/cvmfs/cms.cern.ch/slc5_amd64_gcc462/external/py2-cx-oracle/5.1-cms11/lib/python2.6/site-packages:/cvmfs/cms.cern.ch/slc5_amd64_gcc462/external/py2-cjson/1.0.5/lib/python2.6/site-packages:/cvmfs/cms.cern.ch/slc5_amd64_gcc462/cms/das-client/1.4.1-cms8/bin:/cvmfs/cms.cern.ch/slc5_amd64_gcc462/external/elementtree/1.2.6/share/lib/python2.6/site-packages:/cvmfs/cms.cern.ch/slc5_amd64_gcc462/external/rivet/1.5.1-cms10/lib/python2.6/site-packages:/cvmfs/cms.cern.ch/slc5_amd64_gcc462/external/pyminuit2/0.0.1-cms34/lib/python2.6/site-packages:/cvmfs/cms.cern.ch/slc5_amd64_gcc462/external/professor/1.0.0-cms35/lib/python2.6/site-packages:/cvmfs/cms.cern.ch/slc5_amd64_gcc462/lcg/root/5.32.00-cms18/lib:/cvmfs/cms.cern.ch/slc5_amd64_gcc462/cms/dbs-client/DBS_2_1_1_patch1_1/lib:/cvmfs/cms.cern.ch/slc5_amd64_gcc462/cms/dbs-client/DBS_2_1_1_patch1_1/lib/DBSAPI:/home/cms003/home_crmrs_323692471/CREAM323692471/glide_B10462/execute/dir_12963/
241a2a19cb7c5c8751ba22759ab3bdb0
PSETHASH = 241a2a19cb7c5c8751ba22759ab3bdb0
/home/cms003/home_crmrs_323692471/CREAM323692471/glide_B10462/execute/dir_12963/writeCfg.py pset.py pset.py
Importing .py file
Setting parameters
inputBlocks=/QCD_Pt_350_EMEnriched_TuneZ2star_8TeV_pythia6/mario-Summer12-stop-pfele-step1-3d176ac8da5e9dff208d057f4733ca91/USER#2ef68d93-4c3b-40b9-98c3-bc862db01b2a
inputFiles=/store/user/mario/QCD_Pt_350_EMEnriched_TuneZ2star_8TeV_pythia6/Summer12-stop-pfele-step1/3d176ac8da5e9dff208d057f4733ca91/tuple_304_2_6gL.root;/store/user/mario/QCD_Pt_350_EMEnriched_TuneZ2star_8TeV_pythia6/Summer12-stop-pfele-step1/3d176ac8da5e9dff208d057f4733ca91/tuple_305_1_DFa.root;/store/user/mario/QCD_Pt_350_EMEnriched_TuneZ2star_8TeV_pythia6/Summer12-stop-pfele-step1/3d176ac8da5e9dff208d057f4733ca91/tuple_306_7_jwU.root;/store/user/mario/QCD_Pt_350_EMEnriched_TuneZ2star_8TeV_pythia6/Summer12-stop-pfele-step1/3d176ac8da5e9dff208d057f4733ca91/tuple_308_9_rkr.root;/store/user/mario/QCD_Pt_350_EMEnriched_TuneZ2star_8TeV_pythia6/Summer12-stop-pfele-step1/3d176ac8da5e9dff208d057f4733ca91/tuple_309_7_y1x.root;/store/user/mario/QCD_Pt_350_EMEnriched_TuneZ2star_8TeV_pythia6/Summer12-stop-pfele-step1/3d176ac8da5e9dff208d057f4733ca91/tuple_310_6_G6b.root
parentFiles=
lumisRange=
>>> Executable cmsRun
/cvmfs/cms.cern.ch/slc5_amd64_gcc462/cms/cmssw/CMSSW_5_3_5/bin/slc5_amd64_gcc462/cmsRun
ok executable found
>>> info for dashboard:
***** Cat /home/cms003/home_crmrs_323692471/CREAM323692471/glide_B10462/execute/dir_12963/jobreport.txt *****
MonitorJobID=41_https://submit-2.t2.ucsd.edu//121127//17528.40
MonitorID=liis_crab_0_121127_012526_r0h5c1
ExeStart=cmsRun
***** End Cat jobreport *****
Parameters sent to Dashboard.
>>> cmsRun started at Mon Nov 26 23:47:56 UTC 2012
>>> cmsRun ended at Tue Nov 27 00:03:52 UTC 2012
>>> info for dashboard:
***** Cat /home/cms003/home_crmrs_323692471/CREAM323692471/glide_B10462/execute/dir_12963/jobreport.txt *****
MonitorJobID=41_https://submit-2.t2.ucsd.edu//121127//17528.40
MonitorID=liis_crab_0_121127_012526_r0h5c1
ExeEnd=cmsRun
***** End Cat jobreport *****
Parameters sent to Dashboard.
TIME_EXE = 956 sec
>>> cmsRun wrote 168 lines of stdout+stderr
>>> START OF printout of 168 lines from stdout+stderr
27-Nov-2012 01:48:25 EET  Initiating request to open file file:/hdfs/cms/store/user/mario/QCD_Pt_350_EMEnriched_TuneZ2star_8TeV_pythia6/Summer12-stop-pfele-step1/3d176ac8da5e9dff208d057f4733ca91/tuple_304_2_6gL.root
27-Nov-2012 01:48:42 EET  Successfully opened file file:/hdfs/cms/store/user/mario/QCD_Pt_350_EMEnriched_TuneZ2star_8TeV_pythia6/Summer12-stop-pfele-step1/3d176ac8da5e9dff208d057f4733ca91/tuple_304_2_6gL.root
Begin processing the 1st record. Run 1, Event 145395351, LumiSection 33325 at 27-Nov-2012 01:49:18.615 EET
Begin processing the 1001st record. Run 1, Event 163768056, LumiSection 37536 at 27-Nov-2012 01:49:27.279 EET
Begin processing the 2001st record. Run 1, Event 176441176, LumiSection 40441 at 27-Nov-2012 01:49:35.012 EET
Begin processing the 3001st record. Run 1, Event 185699833, LumiSection 42563 at 27-Nov-2012 01:49:39.277 EET
Begin processing the 4001st record. Run 1, Event 236495807, LumiSection 54205 at 27-Nov-2012 01:49:46.158 EET
Begin processing the 5001st record. Run 1, Event 253094109, LumiSection 58010 at 27-Nov-2012 01:49:51.202 EET
Begin processing the 6001st record. Run 1, Event 275782585, LumiSection 63210 at 27-Nov-2012 01:49:59.377 EET
Begin processing the 7001st record. Run 1, Event 284242520, LumiSection 65149 at 27-Nov-2012 01:50:02.439 EET
Begin processing the 8001st record. Run 1, Event 7734446, LumiSection 1773 at 27-Nov-2012 01:50:09.767 EET
Begin processing the 9001st record. Run 1, Event 21596321, LumiSection 4950 at 27-Nov-2012 01:50:16.341 EET
Begin processing the 10001st record. Run 1, Event 32653247, LumiSection 7485 at 27-Nov-2012 01:50:20.543 EET
Begin processing the 11001st record. Run 1, Event 49920093, LumiSection 11442 at 27-Nov-2012 01:50:27.037 EET
Begin processing the 12001st record. Run 1, Event 51117086, LumiSection 11717 at 27-Nov-2012 01:50:30.661 EET
Begin processing the 13001st record. Run 1, Event 63728429, LumiSection 14607 at 27-Nov-2012 01:50:36.384 EET
Begin processing the 14001st record. Run 1, Event 68843284, LumiSection 15779 at 27-Nov-2012 01:50:39.375 EET
Begin processing the 15001st record. Run 1, Event 89294403, LumiSection 20467 at 27-Nov-2012 01:50:44.436 EET
27-Nov-2012 01:50:47 EET  Closed file file:/hdfs/cms/store/user/mario/QCD_Pt_350_EMEnriched_TuneZ2star_8TeV_pythia6/Summer12-stop-pfele-step1/3d176ac8da5e9dff208d057f4733ca91/tuple_304_2_6gL.root
27-Nov-2012 01:50:47 EET  Initiating request to open file file:/hdfs/cms/store/user/mario/QCD_Pt_350_EMEnriched_TuneZ2star_8TeV_pythia6/Summer12-stop-pfele-step1/3d176ac8da5e9dff208d057f4733ca91/tuple_305_1_DFa.root
27-Nov-2012 01:50:47 EET  Successfully opened file file:/hdfs/cms/store/user/mario/QCD_Pt_350_EMEnriched_TuneZ2star_8TeV_pythia6/Summer12-stop-pfele-step1/3d176ac8da5e9dff208d057f4733ca91/tuple_305_1_DFa.root
Begin processing the 16001st record. Run 1, Event 254487782, LumiSection 58329 at 27-Nov-2012 01:50:59.584 EET
Begin processing the 17001st record. Run 1, Event 286364839, LumiSection 65635 at 27-Nov-2012 01:51:05.430 EET
Begin processing the 18001st record. Run 1, Event 301867811, LumiSection 69189 at 27-Nov-2012 01:51:10.898 EET
Begin processing the 19001st record. Run 1, Event 307379647, LumiSection 70452 at 27-Nov-2012 01:51:14.992 EET
27-Nov-2012 01:51:16 EET  Closed file file:/hdfs/cms/store/user/mario/QCD_Pt_350_EMEnriched_TuneZ2star_8TeV_pythia6/Summer12-stop-pfele-step1/3d176ac8da5e9dff208d057f4733ca91/tuple_305_1_DFa.root
27-Nov-2012 01:51:16 EET  Initiating request to open file file:/hdfs/cms/store/user/mario/QCD_Pt_350_EMEnriched_TuneZ2star_8TeV_pythia6/Summer12-stop-pfele-step1/3d176ac8da5e9dff208d057f4733ca91/tuple_306_7_jwU.root
27-Nov-2012 01:51:16 EET  Successfully opened file file:/hdfs/cms/store/user/mario/QCD_Pt_350_EMEnriched_TuneZ2star_8TeV_pythia6/Summer12-stop-pfele-step1/3d176ac8da5e9dff208d057f4733ca91/tuple_306_7_jwU.root
Begin processing the 20001st record. Run 1, Event 255688971, LumiSection 58604 at 27-Nov-2012 01:51:46.283 EET
Begin processing the 21001st record. Run 1, Event 273683826, LumiSection 62729 at 27-Nov-2012 01:51:50.110 EET
Begin processing the 22001st record. Run 1, Event 234871495, LumiSection 53833 at 27-Nov-2012 01:51:56.386 EET
Begin processing the 23001st record. Run 1, Event 228748873, LumiSection 52430 at 27-Nov-2012 01:52:02.158 EET
Begin processing the 24001st record. Run 1, Event 245455927, LumiSection 56259 at 27-Nov-2012 01:52:07.629 EET
Begin processing the 25001st record. Run 1, Event 250575069, LumiSection 57432 at 27-Nov-2012 01:52:16.023 EET
Begin processing the 26001st record. Run 1, Event 196654147, LumiSection 45074 at 27-Nov-2012 01:52:20.852 EET
Begin processing the 27001st record. Run 1, Event 194071735, LumiSection 44482 at 27-Nov-2012 01:52:26.678 EET
Begin processing the 28001st record. Run 1, Event 207629417, LumiSection 47589 at 27-Nov-2012 01:52:30.189 EET
Begin processing the 29001st record. Run 1, Event 217177661, LumiSection 49778 at 27-Nov-2012 01:52:36.625 EET
Begin processing the 30001st record. Run 1, Event 140804411, LumiSection 32273 at 27-Nov-2012 01:52:43.077 EET
Begin processing the 31001st record. Run 1, Event 149475002, LumiSection 34260 at 27-Nov-2012 01:52:47.512 EET
Begin processing the 32001st record. Run 1, Event 150662774, LumiSection 34532 at 27-Nov-2012 01:52:53.785 EET
Begin processing the 33001st record. Run 1, Event 157426962, LumiSection 36083 at 27-Nov-2012 01:52:58.425 EET
Begin processing the 34001st record. Run 1, Event 217308388, LumiSection 49808 at 27-Nov-2012 01:53:05.437 EET
Begin processing the 35001st record. Run 1, Event 228915873, LumiSection 52468 at 27-Nov-2012 01:53:08.968 EET
Begin processing the 36001st record. Run 1, Event 247646415, LumiSection 56761 at 27-Nov-2012 01:53:15.093 EET
Begin processing the 37001st record. Run 1, Event 237978271, LumiSection 54545 at 27-Nov-2012 01:53:22.808 EET
Begin processing the 38001st record. Run 1, Event 249031708, LumiSection 57079 at 27-Nov-2012 01:53:26.742 EET
Begin processing the 39001st record. Run 1, Event 248811905, LumiSection 57028 at 27-Nov-2012 01:53:32.015 EET
Begin processing the 40001st record. Run 1, Event 251893472, LumiSection 57735 at 27-Nov-2012 01:53:35.636 EET
Begin processing the 41001st record. Run 1, Event 197012834, LumiSection 45156 at 27-Nov-2012 01:53:41.081 EET
Begin processing the 42001st record. Run 1, Event 197468219, LumiSection 45260 at 27-Nov-2012 01:53:44.636 EET
Begin processing the 43001st record. Run 1, Event 207853314, LumiSection 47640 at 27-Nov-2012 01:53:51.158 EET
Begin processing the 44001st record. Run 1, Event 243657441, LumiSection 55847 at 27-Nov-2012 01:53:57.633 EET
Begin processing the 45001st record. Run 1, Event 253685879, LumiSection 58145 at 27-Nov-2012 01:54:01.948 EET
Begin processing the 46001st record. Run 1, Event 77792261, LumiSection 17830 at 27-Nov-2012 01:54:08.184 EET
Begin processing the 47001st record. Run 1, Event 251095231, LumiSection 57552 at 27-Nov-2012 01:54:12.149 EET
Begin processing the 48001st record. Run 1, Event 153665474, LumiSection 35221 at 27-Nov-2012 01:54:17.071 EET
Begin processing the 49001st record. Run 1, Event 153983143, LumiSection 35293 at 27-Nov-2012 01:54:20.411 EET
Begin processing the 50001st record. Run 1, Event 102203643, LumiSection 23426 at 27-Nov-2012 01:54:28.031 EET
27-Nov-2012 01:54:30 EET  Closed file file:/hdfs/cms/store/user/mario/QCD_Pt_350_EMEnriched_TuneZ2star_8TeV_pythia6/Summer12-stop-pfele-step1/3d176ac8da5e9dff208d057f4733ca91/tuple_306_7_jwU.root
27-Nov-2012 01:54:30 EET  Initiating request to open file file:/hdfs/cms/store/user/mario/QCD_Pt_350_EMEnriched_TuneZ2star_8TeV_pythia6/Summer12-stop-pfele-step1/3d176ac8da5e9dff208d057f4733ca91/tuple_308_9_rkr.root
27-Nov-2012 01:54:31 EET  Successfully opened file file:/hdfs/cms/store/user/mario/QCD_Pt_350_EMEnriched_TuneZ2star_8TeV_pythia6/Summer12-stop-pfele-step1/3d176ac8da5e9dff208d057f4733ca91/tuple_308_9_rkr.root
Begin processing the 51001st record. Run 1, Event 190506125, LumiSection 43665 at 27-Nov-2012 01:55:08.917 EET
Begin processing the 52001st record. Run 1, Event 190538641, LumiSection 43672 at 27-Nov-2012 01:55:14.397 EET
Begin processing the 53001st record. Run 1, Event 190796663, LumiSection 43731 at 27-Nov-2012 01:55:21.194 EET
Begin processing the 54001st record. Run 1, Event 192949181, LumiSection 44224 at 27-Nov-2012 01:55:25.097 EET
Begin processing the 55001st record. Run 1, Event 196930751, LumiSection 45137 at 27-Nov-2012 01:55:32.284 EET
Begin processing the 56001st record. Run 1, Event 202734668, LumiSection 46467 at 27-Nov-2012 01:55:37.999 EET
Begin processing the 57001st record. Run 1, Event 209098402, LumiSection 47926 at 27-Nov-2012 01:55:42.592 EET
Begin processing the 58001st record. Run 1, Event 219980408, LumiSection 50420 at 27-Nov-2012 01:55:52.450 EET
Begin processing the 59001st record. Run 1, Event 220531671, LumiSection 50546 at 27-Nov-2012 01:55:56.884 EET
Begin processing the 60001st record. Run 1, Event 241274554, LumiSection 55301 at 27-Nov-2012 01:56:04.650 EET
Begin processing the 61001st record. Run 1, Event 257703379, LumiSection 59066 at 27-Nov-2012 01:56:08.502 EET
Begin processing the 62001st record. Run 1, Event 233406953, LumiSection 53497 at 27-Nov-2012 01:56:16.328 EET
Begin processing the 63001st record. Run 1, Event 249220428, LumiSection 57122 at 27-Nov-2012 01:56:20.996 EET
Begin processing the 64001st record. Run 1, Event 272897205, LumiSection 62549 at 27-Nov-2012 01:56:26.729 EET
Begin processing the 65001st record. Run 1, Event 295044645, LumiSection 67625 at 27-Nov-2012 01:56:33.876 EET
Begin processing the 66001st record. Run 1, Event 204635096, LumiSection 46903 at 27-Nov-2012 01:56:38.197 EET
Begin processing the 67001st record. Run 1, Event 204743518, LumiSection 46928 at 27-Nov-2012 01:56:44.401 EET
Begin processing the 68001st record. Run 1, Event 233156834, LumiSection 53440 at 27-Nov-2012 01:56:49.381 EET
Begin processing the 69001st record. Run 1, Event 233438697, LumiSection 53505 at 27-Nov-2012 01:56:59.466 EET
Begin processing the 70001st record. Run 1, Event 18793209, LumiSection 4308 at 27-Nov-2012 01:57:03.980 EET
Begin processing the 71001st record. Run 1, Event 62766020, LumiSection 14386 at 27-Nov-2012 01:57:11.152 EET
Begin processing the 72001st record. Run 1, Event 120641926, LumiSection 27652 at 27-Nov-2012 01:57:14.860 EET
Begin processing the 73001st record. Run 1, Event 147938585, LumiSection 33908 at 27-Nov-2012 01:57:20.810 EET
Begin processing the 74001st record. Run 1, Event 252770861, LumiSection 57936 at 27-Nov-2012 01:57:26.252 EET
Begin processing the 75001st record. Run 1, Event 248806599, LumiSection 57027 at 27-Nov-2012 01:57:29.805 EET
Begin processing the 76001st record. Run 1, Event 253254466, LumiSection 58046 at 27-Nov-2012 01:57:36.469 EET
Begin processing the 77001st record. Run 1, Event 256453756, LumiSection 58780 at 27-Nov-2012 01:57:41.657 EET
Begin processing the 78001st record. Run 1, Event 6573822, LumiSection 1507 at 27-Nov-2012 01:57:46.915 EET
Begin processing the 79001st record. Run 1, Event 22582775, LumiSection 5176 at 27-Nov-2012 01:57:49.803 EET
Begin processing the 80001st record. Run 1, Event 106191944, LumiSection 24340 at 27-Nov-2012 01:57:58.119 EET
Begin processing the 81001st record. Run 1, Event 125114296, LumiSection 28677 at 27-Nov-2012 01:58:02.665 EET
Begin processing the 82001st record. Run 1, Event 218745434, LumiSection 50137 at 27-Nov-2012 01:58:11.336 EET
27-Nov-2012 01:58:11 EET  Closed file file:/hdfs/cms/store/user/mario/QCD_Pt_350_EMEnriched_TuneZ2star_8TeV_pythia6/Summer12-stop-pfele-step1/3d176ac8da5e9dff208d057f4733ca91/tuple_308_9_rkr.root
27-Nov-2012 01:58:11 EET  Initiating request to open file file:/hdfs/cms/store/user/mario/QCD_Pt_350_EMEnriched_TuneZ2star_8TeV_pythia6/Summer12-stop-pfele-step1/3d176ac8da5e9dff208d057f4733ca91/tuple_309_7_y1x.root
27-Nov-2012 01:58:12 EET  Successfully opened file file:/hdfs/cms/store/user/mario/QCD_Pt_350_EMEnriched_TuneZ2star_8TeV_pythia6/Summer12-stop-pfele-step1/3d176ac8da5e9dff208d057f4733ca91/tuple_309_7_y1x.root
Begin processing the 83001st record. Run 1, Event 218982755, LumiSection 50191 at 27-Nov-2012 01:58:41.383 EET
Begin processing the 84001st record. Run 1, Event 223660687, LumiSection 51264 at 27-Nov-2012 01:58:49.647 EET
Begin processing the 85001st record. Run 1, Event 233286751, LumiSection 53470 at 27-Nov-2012 01:58:54.195 EET
Begin processing the 86001st record. Run 1, Event 16206751, LumiSection 3715 at 27-Nov-2012 01:59:01.569 EET
Begin processing the 87001st record. Run 1, Event 285836856, LumiSection 65514 at 27-Nov-2012 01:59:06.220 EET
Begin processing the 88001st record. Run 1, Event 157696954, LumiSection 36145 at 27-Nov-2012 01:59:14.345 EET
Begin processing the 89001st record. Run 1, Event 128866463, LumiSection 29537 at 27-Nov-2012 01:59:18.788 EET
Begin processing the 90001st record. Run 1, Event 215652956, LumiSection 49428 at 27-Nov-2012 01:59:27.252 EET
Begin processing the 91001st record. Run 1, Event 172352205, LumiSection 39504 at 27-Nov-2012 01:59:34.663 EET
Begin processing the 92001st record. Run 1, Event 190102801, LumiSection 43572 at 27-Nov-2012 01:59:39.624 EET
Begin processing the 93001st record. Run 1, Event 191286545, LumiSection 43843 at 27-Nov-2012 01:59:44.340 EET
Begin processing the 94001st record. Run 1, Event 205448928, LumiSection 47089 at 27-Nov-2012 01:59:48.462 EET
Begin processing the 95001st record. Run 1, Event 207987749, LumiSection 47671 at 27-Nov-2012 01:59:57.083 EET
Begin processing the 96001st record. Run 1, Event 217378721, LumiSection 49824 at 27-Nov-2012 02:00:01.962 EET
Begin processing the 97001st record. Run 1, Event 219744455, LumiSection 50366 at 27-Nov-2012 02:00:08.511 EET
Begin processing the 98001st record. Run 1, Event 5720253, LumiSection 1312 at 27-Nov-2012 02:00:14.852 EET
Begin processing the 99001st record. Run 1, Event 170594632, LumiSection 39101 at 27-Nov-2012 02:00:19.003 EET
Begin processing the 100001st record. Run 1, Event 76456092, LumiSection 17524 at 27-Nov-2012 02:00:24.564 EET
Begin processing the 101001st record. Run 1, Event 99232594, LumiSection 22745 at 27-Nov-2012 02:00:28.179 EET
Begin processing the 102001st record. Run 1, Event 127583231, LumiSection 29243 at 27-Nov-2012 02:00:34.667 EET
Begin processing the 103001st record. Run 1, Event 135733645, LumiSection 31111 at 27-Nov-2012 02:00:45.493 EET
Begin processing the 104001st record. Run 1, Event 138820274, LumiSection 31818 at 27-Nov-2012 02:00:49.010 EET
Begin processing the 105001st record. Run 1, Event 147433917, LumiSection 33792 at 27-Nov-2012 02:00:55.387 EET
Begin processing the 106001st record. Run 1, Event 149690361, LumiSection 34310 at 27-Nov-2012 02:00:59.956 EET
Begin processing the 107001st record. Run 1, Event 157584289, LumiSection 36119 at 27-Nov-2012 02:01:08.746 EET
Begin processing the 108001st record. Run 1, Event 157818103, LumiSection 36172 at 27-Nov-2012 02:01:13.347 EET
Begin processing the 109001st record. Run 1, Event 166864198, LumiSection 38246 at 27-Nov-2012 02:01:19.116 EET
Begin processing the 110001st record. Run 1, Event 171482829, LumiSection 39304 at 27-Nov-2012 02:01:27.581 EET
Begin processing the 111001st record. Run 1, Event 172624062, LumiSection 39566 at 27-Nov-2012 02:01:31.872 EET
Begin processing the 112001st record. Run 1, Event 183412164, LumiSection 42039 at 27-Nov-2012 02:01:37.395 EET
Begin processing the 113001st record. Run 1, Event 190444141, LumiSection 43650 at 27-Nov-2012 02:01:41.711 EET
27-Nov-2012 02:01:43 EET  Closed file file:/hdfs/cms/store/user/mario/QCD_Pt_350_EMEnriched_TuneZ2star_8TeV_pythia6/Summer12-stop-pfele-step1/3d176ac8da5e9dff208d057f4733ca91/tuple_309_7_y1x.root
27-Nov-2012 02:01:43 EET  Initiating request to open file file:/hdfs/cms/store/user/mario/QCD_Pt_350_EMEnriched_TuneZ2star_8TeV_pythia6/Summer12-stop-pfele-step1/3d176ac8da5e9dff208d057f4733ca91/tuple_310_6_G6b.root
27-Nov-2012 02:01:44 EET  Successfully opened file file:/hdfs/cms/store/user/mario/QCD_Pt_350_EMEnriched_TuneZ2star_8TeV_pythia6/Summer12-stop-pfele-step1/3d176ac8da5e9dff208d057f4733ca91/tuple_310_6_G6b.root
Begin processing the 114001st record. Run 1, Event 211959517, LumiSection 48582 at 27-Nov-2012 02:02:10.997 EET
Begin processing the 115001st record. Run 1, Event 208828578, LumiSection 47864 at 27-Nov-2012 02:02:14.604 EET
Begin processing the 116001st record. Run 1, Event 252613055, LumiSection 57899 at 27-Nov-2012 02:02:20.918 EET
Begin processing the 117001st record. Run 1, Event 225437045, LumiSection 51671 at 27-Nov-2012 02:02:24.891 EET
Begin processing the 118001st record. Run 1, Event 234163922, LumiSection 53671 at 27-Nov-2012 02:02:30.614 EET
Begin processing the 119001st record. Run 1, Event 262359426, LumiSection 60133 at 27-Nov-2012 02:02:36.612 EET
Begin processing the 120001st record. Run 1, Event 251932589, LumiSection 57743 at 27-Nov-2012 02:02:40.647 EET
Begin processing the 121001st record. Run 1, Event 253949657, LumiSection 58206 at 27-Nov-2012 02:02:46.089 EET
Begin processing the 122001st record. Run 1, Event 154033377, LumiSection 35305 at 27-Nov-2012 02:02:50.314 EET
Begin processing the 123001st record. Run 1, Event 99414392, LumiSection 22786 at 27-Nov-2012 02:02:59.413 EET
Begin processing the 124001st record. Run 1, Event 147962001, LumiSection 33913 at 27-Nov-2012 02:03:03.711 EET
Begin processing the 125001st record. Run 1, Event 154499814, LumiSection 35412 at 27-Nov-2012 02:03:11.455 EET
Begin processing the 126001st record. Run 1, Event 228519306, LumiSection 52377 at 27-Nov-2012 02:03:16.331 EET
Begin processing the 127001st record. Run 1, Event 251063507, LumiSection 57544 at 27-Nov-2012 02:03:22.821 EET
Begin processing the 128001st record. Run 1, Event 273681546, LumiSection 62728 at 27-Nov-2012 02:03:28.806 EET
Begin processing the 129001st record. Run 1, Event 77124766, LumiSection 17678 at 27-Nov-2012 02:03:33.046 EET
Begin processing the 130001st record. Run 1, Event 78117989, LumiSection 17905 at 27-Nov-2012 02:03:38.982 EET
Begin processing the 131001st record. Run 1, Event 103864733, LumiSection 23806 at 27-Nov-2012 02:03:43.748 EET
27-Nov-2012 02:03:51 EET  Closed file file:/hdfs/cms/store/user/mario/QCD_Pt_350_EMEnriched_TuneZ2star_8TeV_pythia6/Summer12-stop-pfele-step1/3d176ac8da5e9dff208d057f4733ca91/tuple_310_6_G6b.root

=============================================

MessageLogger Summary

 type     category        sev    module        subroutine        count    total
 ---- -------------------- -- ---------------- ----------------  -----    -----
    1 fileAction           -s file_close                             6        6
    2 fileAction           -s file_open                             12       12

 type    category    Examples: run/evt        run/evt          run/evt
 ---- -------------------- ---------------- ---------------- ----------------
    1 fileAction           PostProcessEvent PostProcessEvent PostEndRun
    2 fileAction           pre-events       pre-events       PostProcessEvent

Severity    # Occurrences   Total Occurrences
--------    -------------   -----------------
System                 18                  18
>>> END OF printout of 168 lines from stdout+stderr
>>> Parse FrameworkJobReport crab_fjr.xml
Result of parsing the FrameworkJobReport crab_fjr.xml: Popularity start
lumisRange : 1::4727,10654,10986,15980,16512,16545,17678,17816,17861,17863,17905,18309,19950,20116,20550,21362,22758,22786,23806,23996,24761,24889,25879,30027,31550,32341,33884,33913,35305-35306,35315,35320,35347,35372,35379,35394,35406,35412,35766,39310,45215,46050,46083,47493,47558,47811,47815,47864,47873,48582,49339,49396,49430,49813,49822,50040,50165,51265,51301,51360,51671,52377,53152,53185,53671,53674,54873,57029,57082,57145,57186,57408,57468,57473,57490,57492,57544,57634,57709,57731,57743,57748,57826,57899,57909,57947,58023,58206,58491,58589,58740,58885,59580,60133,60468,62728,63063,65589::1;1::241,418,742,1708,1747,1773,3077,4950,4957,5164,5518,6691,6694,7485,8874,9150,9482,11442-11443,11473,11502,11594,11667,11717,11766,14454,14476,14593,14607,14765,14886,15002,15779,17049,18719,19144,19213,20444,20467,25903,27124,27768,33325,36388,36429,36432,37536,37985,38698,38838,40071,40259,40266,40441,40457,41899,42483,42549,42563,43952,44026,54205,54570,55083,56669,57203,57852,58010,58452,59295,59299,59413,59652,59796,60428,60473,62512,62965,62990,63210,65149,65622,65720,66047::2;1::4933,10751,10765,17305,17409,17766,17830,20807,20942,22736,23426,24380,24806,26310,26320,27949,28774,29595,32273,32310,33886,33904,33919,33924,34260,34277,34287,34294,34297,34532,35052,35166,35221,35235,35287,35293,35300,35348,35395,35398,35767,36083,36085,36088-36089,36107,36177,38199,39463,41711,42680,42698,43849,44178,44301,44482,44615,44624,45074,45156-45157,45168,45198,45235,45260,46441,47105,47504,47526,47537,47569,47589,47640,47826,48543,48588-48589,48597,48601,49619,49692,49726,49749,49778,49793,49808,49814,50169,50778,51117,51208,51293,51302,51778,51818,51897,52298,52357,52373,52430,52468,52477,52556,53230,53265,53382,53389,53421,53541,53548,53703,53833,54049,54506,54544-54545,54547-54548,54900,55847,56007,56135,56259,56759,56761,57028,57076,57079,57309,57421,57423,57430,57432-57433,57440,57445,57456,57461,57470,57552,57559,57735,57737,58001,58019,58111,58145,58337,58489,58599,58604,60402,60404,61108,61249,61281,62401,62532,62693,62729,63097,65372,65798-65799,68499,68695,70439::3;1::1503,1507,3729,4132,4308,5174,5176,8342,9012,9020,9039,9095,9362,14386,16010,16086,16459,17906,20943,24275,24340,25778,26806,27652,28136,28627,28650,28677,29610,29621,29631,33799,33818,33908,33911,33917,33930,34173,37811,43606,43616,43646,43665-43666,43672,43691,43704,43708,43730-43731,43815,44124,44167,44173,44188,44203,44224,44242,44294,44321,45070,45083,45137,45183,45483,46198,46201,46205,46460,46467,46555,46566,46574,46692,46700,46814,46830,46903,46912,46914,46917,46920,46928-46929,46932,47918,47926,48009-48010,48038,48145,48609,48653,48982,50103,50137,50143,50173,50192,50420,50546,50563,52532,53121,53137,53440,53452,53462,53465,53475,53486,53497,53505,53516,53546,53619,53645,53679,53838,54426,54550-54552,54555,55112,55301,56090,56835,57027,57030,57036,57042,57058,57104,57122,57143,57290,57362,57458,57707,57936,57997,58029,58046,58168-58169,58207,58506,58575,58676,58780,58889,59062,59066,59589,61295,61488,61713,62366,62549,64108,65169,66660,67397,67570,67625,67674,68566,71594,72372::4;1::1312,3715,3726,10662,10676,10810,10977,12018,13603,14503,16730,17524,17825,18116,18424,18520,19190,20804,20939,22559,22745,25793,28713,28853,29211,29229,29243-29244,29378,29537,29634,29637,30098,30650-30651,31111,31181,31394,31530,31707,31818,31968,33792,33800,34085,34132,34261,34272,34296,34302,34310,35288,35291,35370,35427,35754,36119,36145,36172,36179,36264,37791,37892,37979,38037,38072,38075,38099,38105,38201,38204,38242,38246-38248,39101,39214,39274,39280,39283,39304,39386,39421,39499,39504,39524,39532,39539,39566,39573,39577,40031,40039,40074,40195,40219,40710,40811,40815,41774,42039,42078,42725,42736,42945,43572,43620,43650,43655,43677,43750,43835,43843,45052,45060,45215,46336,46343,46667,46950,47089,47572,47612,47668,47671,47673,47675,47768,48111,48746,49428,49824,49834,49892,49899,50139,50143,50148,50191,50278,50291-50292,50366,50394,51213,51232,51249,51264,51291,51617,51639,51679,51936,52712,53398,53442,53455,53464,53470,53473,53482-53483,57469,57726,57999,62393,62426,65514::5;1::57852,58329,59228,59349,61939,65627,65635,65683,66066,66238,66345,69150,69189,69266,69391,70035,70133,70226,70452,70914::6;
lumisParentRange : 
Basename : /store/user/mario/QCD_Pt_350_EMEnriched_TuneZ2star_8TeV_pythia6/Summer12-stop-pfele-step1/3d176ac8da5e9dff208d057f4733ca91/tuple_3
BasenameParent : 
parentFiles : 
inputBlocks : /QCD_Pt_350_EMEnriched_TuneZ2star_8TeV_pythia6/mario-Summer12-stop-pfele-step1-3d176ac8da5e9dff208d057f4733ca91/USER#2ef68d93-4c3b-40b9-98c3-bc862db01b2a
inputFiles : 10_6_G6b.root::1::EDM::Local::1;04_2_6gL.root::1::EDM::Local::2;06_7_jwU.root::1::EDM::Local::3;08_9_rkr.root::1::EDM::Local::4;09_7_y1x.root::1::EDM::Local::5;05_1_DFa.root::1::EDM::Local::6;
Popularity stop
Extracted ExitStatus from FrameworkJobReport parsing output: 0
>>> Executable succeded  0
ExeExitCode=0
EXECUTABLE_EXIT_STATUS = 0
>>> current directory /home/cms003/home_crmrs_323692471/CREAM323692471/glide_B10462/execute/dir_12963/CMSSW_5_3_5
>>>  (SOFTWARE_DIR): /home/cms003/home_crmrs_323692471/CREAM323692471/glide_B10462/execute/dir_12963/CMSSW_5_3_5
>>> (WORKING_DIR): 
>>> current directory content:
total 164
drwxr-xr-x 3 cms003 cms  4096 Nov 27 01:47 .SCRAM
-rw-r--r-- 1 cms003 cms 30066 Nov 27 01:47 CMSSW.py.pkl
drwxr-xr-x 3 cms003 cms  4096 Nov 27 01:47 bin
drwxr-xr-x 3 cms003 cms  4096 Nov 27 01:47 cfipython
drwxr-xr-x 5 cms003 cms  4096 Nov 27 01:47 config
-rw-r--r-- 1 cms003 cms    17 Nov 27 02:03 cpu_timing.txt
drwxr-xr-x 2 cms003 cms  4096 Nov 27 01:47 doc
-rw-r--r-- 1 cms003 cms 19196 Nov 27 02:03 executable.out
drwxr-xr-x 2 cms003 cms  4096 Nov 27 01:47 include
drwxrwxrwx 3 cms003 cms  4096 Oct 22 16:38 lib
drwxr-xr-x 3 cms003 cms  4096 Nov 27 01:47 logs
drwxr-xr-x 3 cms003 cms  4096 Nov 27 01:47 objs
-rw-r--r-- 1 cms003 cms 18030 Nov 27 02:03 optHistograms.root
-rw-r--r-- 1 cms003 cms   104 Nov 27 01:47 pset.py
-rw-r--r-- 1 cms003 cms 19642 Nov 27 01:47 pset.py.pkl
-rw-r--r-- 1 cms003 cms   289 Nov 27 01:47 pset.pyc
drwxr-xr-x 2 cms003 cms  4096 Nov 27 01:47 python
-rw-r--r-- 1 cms003 cms   420 Nov 27 02:03 report.log
drwxrwxrwx 4 cms003 cms  4096 Nov 27 01:47 src
drwxr-xr-x 3 cms003 cms  4096 Nov 27 01:47 test
drwxr-xr-x 3 cms003 cms  4096 Nov 27 01:47 tmp
>>> current directory /home/cms003/home_crmrs_323692471/CREAM323692471/glide_B10462/execute/dir_12963/CMSSW_5_3_5
>>> (SOFTWARE_DIR): /home/cms003/home_crmrs_323692471/CREAM323692471/glide_B10462/execute/dir_12963/CMSSW_5_3_5
>>> (WORKING_DIR): 
>>> current directory content:
total 144
drwxr-xr-x 3 cms003 cms  4096 Nov 27 01:47 .SCRAM
-rw-r--r-- 1 cms003 cms 30066 Nov 27 01:47 CMSSW.py.pkl
drwxr-xr-x 3 cms003 cms  4096 Nov 27 01:47 bin
drwxr-xr-x 3 cms003 cms  4096 Nov 27 01:47 cfipython
drwxr-xr-x 5 cms003 cms  4096 Nov 27 01:47 config
-rw-r--r-- 1 cms003 cms    17 Nov 27 02:03 cpu_timing.txt
drwxr-xr-x 2 cms003 cms  4096 Nov 27 01:47 doc
-rw-r--r-- 1 cms003 cms 19196 Nov 27 02:03 executable.out
drwxr-xr-x 2 cms003 cms  4096 Nov 27 01:47 include
drwxrwxrwx 3 cms003 cms  4096 Oct 22 16:38 lib
drwxr-xr-x 3 cms003 cms  4096 Nov 27 01:47 logs
drwxr-xr-x 3 cms003 cms  4096 Nov 27 01:47 objs
-rw-r--r-- 1 cms003 cms   104 Nov 27 01:47 pset.py
-rw-r--r-- 1 cms003 cms 19642 Nov 27 01:47 pset.py.pkl
-rw-r--r-- 1 cms003 cms   289 Nov 27 01:47 pset.pyc
drwxr-xr-x 2 cms003 cms  4096 Nov 27 01:47 python
-rw-r--r-- 1 cms003 cms   420 Nov 27 02:03 report.log
drwxrwxrwx 4 cms003 cms  4096 Nov 27 01:47 src
drwxr-xr-x 3 cms003 cms  4096 Nov 27 01:47 test
drwxr-xr-x 3 cms003 cms  4096 Nov 27 01:47 tmp
>>> current directory (RUNTIME_AREA):  /home/cms003/home_crmrs_323692471/CREAM323692471/glide_B10462/execute/dir_12963
>>> current dir: /home/cms003/home_crmrs_323692471/CREAM323692471/glide_B10462/execute/dir_12963
>>> current dir content:
total 25800
-rw-rw-rw-  1 cms003 cms     5577 Nov 27 01:47 .job.ad
-rw-rw-rw-  1 cms003 cms    11243 Nov 27 01:47 .machine.ad
-rw-rw-rw-  1 cms003 cms      105 Nov 27 01:26 CMSSW.py
-rw-rw-rw-  1 cms003 cms    30066 Nov 27 01:26 CMSSW.py.pkl
-rwxrw-rw-  1 cms003 cms    23333 Nov 27 01:47 CMSSW.sh
-rw-rw-rw-  1 cms003 cms        0 Nov 27 01:47 CMSSW_41.stderr
-rw-rw-rw-  1 cms003 cms    35615 Nov 27 02:04 CMSSW_41.stdout
drwxr-xr-x 15 cms003 cms     4096 Nov 27 02:04 CMSSW_5_3_5
-rw-r--r--  1 cms003 cms      347 Nov 27 01:47 CacheEnv.sh
-rw-rw-rw-  1 cms003 cms     7291 Jun  9  2010 DashboardAPI.py
-rw-r--r--  1 cms003 cms     6883 Nov 27 01:47 DashboardAPI.pyc
drwxrwxrwx  3 cms003 cms     4096 Nov 27 02:04 IMProv
-rw-rw-rw-  1 cms003 cms     2748 Mar  8  2006 Logger.py
-rw-r--r--  1 cms003 cms     3353 Nov 27 01:47 Logger.pyc
-rw-rw-rw-  1 cms003 cms    24524 Mar 28  2008 ProcInfo.py
-rw-r--r--  1 cms003 cms    23470 Nov 27 01:47 ProcInfo.pyc
drwxrwxrwx  7 cms003 cms     4096 Nov 27 01:47 ProdCommon
drwxrwxrwx  3 cms003 cms     4096 Nov 27 01:47 WMCore
-rw-r--r--  1 cms003 cms     3192 Nov 27 02:04 Watchdog_41.log
-rw-rw-rw-  1 cms003 cms    32895 Mar 28  2008 apmon.py
-rw-r--r--  1 cms003 cms    28874 Nov 27 01:47 apmon.pyc
-rw-rw-rw-  1 cms003 cms   101163 Nov 27 01:47 arguments.xml
-rwxrwxrwx  1 cms003 cms    37427 Sep 13 14:14 cmscp.py
-rwxrwxrwx  1 cms003 cms    23333 Nov 27 01:47 condor_exec.exe
-rw-rw-rw-  1 cms003 cms      542 Nov 27 01:25 crab.cfg
-rwxrwxrwx  1 cms003 cms     9531 Sep 20 21:46 crabWatchdog.sh
-rw-r--r--  1 cms003 cms    52830 Nov 27 02:03 crab_fjr_41.xml
-rw-rw-rw-  1 cms003 cms 25796292 Nov 27 01:47 default.tgz
-rwxrwxrwx  1 cms003 cms     4488 May 12  2012 fillCrabFjr.py
-rw-r--r--  1 cms003 cms     1066 Nov 27 01:47 inputsReport.txt
-rw-r--r--  1 cms003 cms      132 Nov 27 02:04 jobreport.txt
lrwxrwxrwx  1 cms003 cms      107 Nov 27 02:04 optHistograms.root -> /home/cms003/home_crmrs_323692471/CREAM323692471/glide_B10462/execute/dir_12963/optHistograms_41_1_cE1.root
-rw-r--r--  1 cms003 cms    18030 Nov 27 02:03 optHistograms_41_1_cE1.root
-rw-rw-rw-  1 cms003 cms    17352 Jan 20  2012 parseCrabFjr.py
-rw-r--r--  1 cms003 cms      283 Nov 27 01:47 report.log
-rwxrwxrwx  1 cms003 cms     1497 May 27  2009 report.py
-rwxrwxrwx  1 cms003 cms     8387 Mar 23  2011 writeCfg.py
-rw-------  1 cms003 cms     8687 Nov 27 01:47 x509up_u1000009
Checking output files:  
will tar file optHistograms_41_1_cE1.root in  out_files_41
will tar file crab_fjr_41.xml in  out_files_41
will tar file CMSSW_41.stdout in  out_files_41
will tar file CMSSW_41.stderr in  out_files_41
WARNING: output file Watchdog_41.log.gz not found!
>>> padding time: Wrapper lasting more than 600 seconds. No sleep required.
STOPPING WATCHDOG. CrabWatchdog PID is 21551
********** LAST 50 LINES OF WATCHDOG LOG
# RESOURCE USAGE SUMMARY FOR PROCESS ID 20024
USER       PID %CPU %MEM    VSZ   RSS TTY      STAT START   TIME COMMAND
cms003   20024  0.1  0.0   8956  1488 ?        S    01:47   0:00 /bin/sh /home/cms003/home_crmrs_323692471/CREAM323692471/glide_B10462/execute/dir_12963/condor_exec.exe 41 1
 
# LIMITS USED BY THIS WATCHDOG:
# RSS  (KBytes)  : 2300000
# VSZ  (KBytes)  : 100000000
# DISK (MBytes)  : 19000
# CPU  (seconds) : 171600
# WALL (seconds) : 171600
 
# FOLLOWING PRINTOUT TRACKS MAXIMUM VALUES OF RESOURCES USE
# ONE LINE IS PRINTED EACH TIME A MAXIMUM CHANGES
# IF CHANGE WAS IN RSS OR VSZ ALSO PROCID AND COMMAND ARE PRINTED
# THERE IS NO PRINTOUT FOR CPU/WALL TIME INCREASE
 
# TIME			PID	RSS(KB)	VSZ(KB)	Dsk(MB)	tCPU(s)	tWALL(s)	COMMAND
 Nov 27 01:47:42 EET	9950	1320	8896	0	0	301	-bash         
 Nov 27 01:47:42 EET	10099	1488	8952	0	0	302	/bin/sh -l ./CREAM323692471_jobWrapper.sh       
 Nov 27 01:47:42 EET	10408	2676	25504	0	0	301	perl -e ?use Socket;??sub send_notify {? $cream_url = "193.40.150.251:49152";die "No
 Nov 27 01:47:42 EET	12941	3804	25504	0	0	41	condor_procd -A /home/cms003/home_crmrs_323692471/CREAM323692471/glide_B10462/log/procd_address.STARTD -L /home/cms003/home_crmrs_323692471/CREAM323692471/glide_B10462/log/ProcLog.STARTD -R 10000000 -S 60 -C
 Nov 27 01:47:42 EET	12963	5304	25504	0	0	40	condor_starter -f submit-2.t2.ucsd.edu       
 Nov 27 01:47:42 EET	14470	6084	25504	0	0	284	/home/cms003/home_crmrs_323692471/CREAM323692471/glide_B10462/main/condor/sbin/condor_master -f -pidfile /home/cms003/home_crmrs_323692471/CREAM323692471/glide_B10462/condor_master2.pid      
 Nov 27 01:47:42 EET	---	6084	25504	168	----	----	----
 Nov 27 01:48:49 EET	14470	6100	25504	168	0	349	/home/cms003/home_crmrs_323692471/CREAM323692471/glide_B10462/main/condor/sbin/condor_master -f -pidfile /home/cms003/home_crmrs_323692471/CREAM323692471/glide_B10462/condor_master2.pid      
 Nov 27 01:48:49 EET	23332	250540	385148	168	9	57	cmsRun -j /home/cms003/home_crmrs_323692471/CREAM323692471/glide_B10462/execute/dir_12963/crab_fjr_41.xml -p pset.py     
 Nov 27 01:49:54 EET	23332	362996	565092	168	36	124	cmsRun -j /home/cms003/home_crmrs_323692471/CREAM323692471/glide_B10462/execute/dir_12963/crab_fjr_41.xml -p pset.py     
 Nov 27 01:52:07 EET	23332	368240	568676	168	106	260	cmsRun -j /home/cms003/home_crmrs_323692471/CREAM323692471/glide_B10462/execute/dir_12963/crab_fjr_41.xml -p pset.py     
 Nov 27 01:53:17 EET	23332	368760	568932	168	154	331	cmsRun -j /home/cms003/home_crmrs_323692471/CREAM323692471/glide_B10462/execute/dir_12963/crab_fjr_41.xml -p pset.py     
 Nov 27 01:56:51 EET	23332	368832	568932	168	270	545	cmsRun -j /home/cms003/home_crmrs_323692471/CREAM323692471/glide_B10462/execute/dir_12963/crab_fjr_41.xml -p pset.py     
 Nov 27 01:59:13 EET	23332	369072	569188	168	343	686	cmsRun -j /home/cms003/home_crmrs_323692471/CREAM323692471/glide_B10462/execute/dir_12963/crab_fjr_41.xml -p pset.py     
 Nov 27 02:00:24 EET	23332	369304	569188	168	390	758	cmsRun -j /home/cms003/home_crmrs_323692471/CREAM323692471/glide_B10462/execute/dir_12963/crab_fjr_41.xml -p pset.py     
 Nov 27 02:03:55 EET	---	369304	569188	169	----	----	----
********** WATCHDOG LOG ENDED
ZIPPING WATCHDOG LOG
Disk space used:
du -sh /home/cms003/home_crmrs_323692471/CREAM323692471/glide_B10462/execute/dir_12963
169M	/home/cms003/home_crmrs_323692471/CREAM323692471/glide_B10462/execute/dir_12963
>>> info for dashboard:
***** Cat /home/cms003/home_crmrs_323692471/CREAM323692471/glide_B10462/execute/dir_12963/jobreport.txt *****
MonitorJobID=41_https://submit-2.t2.ucsd.edu//121127//17528.40
MonitorID=liis_crab_0_121127_012526_r0h5c1
ExeTime=956
ExeExitCode=0
CrabUserCpuTime=489.72
CrabSysCpuTime=13.03
CrabCpuPercentage=52%
CrabWrapperTime=1014
CrabStageoutTime=NULL
***** End Cat jobreport *****
Parameters sent to Dashboard.
optHistograms_41_1_cE1.root
crab_fjr_41.xml
CMSSW_41.stdout
CMSSW_41.stderr
Watchdog_41.log.gz
tar: .BrokerInfo: Cannot stat: No such file or directory
tar: Error exit delayed from previous errors
Total Output dimension: 31107
WARNING: output files size limit is set to: 50000000
Total Output dimension 31107 is fine.
JOB_EXIT_STATUS = 0
>>> info for dashboard:
***** Cat /home/cms003/home_crmrs_323692471/CREAM323692471/glide_B10462/execute/dir_12963/jobreport.txt *****
MonitorJobID=41_https://submit-2.t2.ucsd.edu//121127//17528.40
MonitorID=liis_crab_0_121127_012526_r0h5c1
JobExitCode=0
***** End Cat jobreport *****
Parameters sent to Dashboard.
optHistograms_41_1_cE1.root
crab_fjr_41.xml
