This script was generated by crab (version 2.8.3).
Running /home/cms016/home_creur_953806904/CREAM953806904/glide_xV8057/execute/dir_31572/condor_exec.exe with 2 positional parameters: 32 1
Today is Tue Nov 27 01:47:23 EET 2012
Job submitted on host wn-v-7016.local
Linux wn-v-7016.local 2.6.32-042stab059.7 #1 SMP Tue Jul 24 19:12:01 MSK 2012 x86_64 x86_64 x86_64 GNU/Linux
>>> current directory (RUNTIME_AREA): /home/cms016/home_creur_953806904/CREAM953806904/glide_xV8057/execute/dir_31572
>>> current user: uid=11016(cms016) gid=1400(cms) groups=1400(cms)
>>> voms proxy information:
subject   : /DC=ch/DC=cern/OU=Organic Units/OU=Users/CN=liis/CN=663550/CN=Liis Rebane/CN=proxy/CN=limited proxy
issuer    : /DC=ch/DC=cern/OU=Organic Units/OU=Users/CN=liis/CN=663550/CN=Liis Rebane/CN=proxy
identity  : /DC=ch/DC=cern/OU=Organic Units/OU=Users/CN=liis/CN=663550/CN=Liis Rebane/CN=proxy
type      : limited proxy
strength  : 512 bits
path      : /home/cms016/home_creur_953806904/CREAM953806904/glide_xV8057/execute/dir_31572/x509up_u1000009
timeleft  : 23:59:47
key usage : Digital Signature, Key Encipherment, Data Encipherment
=== VO cms extension information ===
VO        : cms
subject   : /DC=ch/DC=cern/OU=Organic Units/OU=Users/CN=liis/CN=663550/CN=Liis Rebane
issuer    : /DC=ch/DC=cern/OU=computers/CN=lcg-voms.cern.ch
attribute : /cms/Role=NULL/Capability=NULL
timeleft  : 191:38:14
uri       : lcg-voms.cern.ch:15002
>>> tar xzf /home/cms016/home_creur_953806904/CREAM953806904/glide_xV8057/execute/dir_31572/default.tgz :
Successful untar
>>> Include /home/cms016/home_creur_953806904/CREAM953806904/glide_xV8057/execute/dir_31572 in PYTHONPATH:
strip arguments
env var CRAB_UNIQUE_JOB_ID set to: liis_crab_0_121127_012526_r0h5c1_32_1_ylr
out_files_32
>>> list of expected files on output sandbox
output files: optHistograms_32_1_ylr.root crab_fjr_32.xml CMSSW_32.stdout CMSSW_32.stderr Watchdog_32.log.gz
>>> GridFlavour discovery: 
GridFlavour=LCG
>>> SyncSite discovery: 
SyncSite=T2_EE_Estonia
>>> SyncCE discovery: 
getting SyncCE from CE_ID
SyncCE=europa.hep.kbfi.ee:8443/cream-pbs-long
>>> info for dashboard:
***** Cat /home/cms016/home_creur_953806904/CREAM953806904/glide_xV8057/execute/dir_31572/jobreport.txt *****
MonitorJobID=32_https://submit-2.t2.ucsd.edu//121127//17528.31
SyncGridJobId=https://submit-2.t2.ucsd.edu//121127//17528.31
MonitorID=liis_crab_0_121127_012526_r0h5c1
GridFlavour=LCG
SyncSite=T2_EE_Estonia
SyncCE=europa.hep.kbfi.ee:8443/cream-pbs-long
***** End Cat jobreport *****
Parameters sent to Dashboard.
>>> setup environment
set SCRAM ARCH to slc5_amd64_gcc462
SCRAM_ARCH = slc5_amd64_gcc462
>>> setup CMS LCG environment:
set SCRAM ARCH and BUILD_ARCH to slc5_amd64_gcc462 ###
Sourcing environment... 
sourcing /cvmfs/cms.cern.ch/cmsset_default.sh
==> setup cms environment ok
>>> specific cmssw setup environment:
CMSSW_VERSION =  CMSSW_5_3_5
>>> current directory (SOFTWARE_DIR): /home/cms016/home_creur_953806904/CREAM953806904/glide_xV8057/execute/dir_31572/CMSSW_5_3_5
PreserveSeeds: <>
IncrementSeeds:<>
{}
WNHostName=wn-v-7016.local
>>> info for dashboard:
***** Cat /home/cms016/home_creur_953806904/CREAM953806904/glide_xV8057/execute/dir_31572/jobreport.txt *****
MonitorJobID=32_https://submit-2.t2.ucsd.edu//121127//17528.31
MonitorID=liis_crab_0_121127_012526_r0h5c1
WNHostName=wn-v-7016.local
***** End Cat jobreport *****
Parameters sent to Dashboard.
crabWatchdog started as process 3574
>>> moving CMSSW software directories in /home/cms016/home_creur_953806904/CREAM953806904/glide_xV8057/execute/dir_31572/CMSSW_5_3_5
mv: cannot stat `/home/cms016/home_creur_953806904/CREAM953806904/glide_xV8057/execute/dir_31572/module/': No such file or directory
>>> Include /home/cms016/home_creur_953806904/CREAM953806904/glide_xV8057/execute/dir_31572 in PYTHONPATH:
PYTHONPATH=/home/cms016/home_creur_953806904/CREAM953806904/glide_xV8057/execute/dir_31572/:/home/cms016/home_creur_953806904/CREAM953806904/glide_xV8057/execute/dir_31572/CMSSW_5_3_5/python:/home/cms016/home_creur_953806904/CREAM953806904/glide_xV8057/execute/dir_31572/CMSSW_5_3_5/lib/slc5_amd64_gcc462:/cvmfs/cms.cern.ch/slc5_amd64_gcc462/cms/cmssw/CMSSW_5_3_5/python:/cvmfs/cms.cern.ch/slc5_amd64_gcc462/cms/cmssw/CMSSW_5_3_5/lib/slc5_amd64_gcc462:/cvmfs/cms.cern.ch/slc5_amd64_gcc462/cms/coral/CORAL_2_3_21-cms27/slc5_amd64_gcc462/python:/cvmfs/cms.cern.ch/slc5_amd64_gcc462/cms/coral/CORAL_2_3_21-cms27/slc5_amd64_gcc462/lib:/cvmfs/cms.cern.ch/slc5_amd64_gcc462/external/pyqt/4.8.1/lib/python2.6/site-packages:/cvmfs/cms.cern.ch/slc5_amd64_gcc462/external/py2-scipy/0.8.0/lib/python2.6/site-packages:/cvmfs/cms.cern.ch/slc5_amd64_gcc462/external/py2-matplotlib/1.0.1/lib/python2.6/site-packages:/cvmfs/cms.cern.ch/slc5_amd64_gcc462/external/python-ldap/2.3.5/lib/python2.6/site-packages:/cvmfs/cms.cern.ch/slc5_amd64_gcc462/external/sip/4.11.2/lib/python2.6/site-packages:/cvmfs/cms.cern.ch/slc5_amd64_gcc462/external/py2-pycurl/7.19.0/lib/python2.6/site-packages:/cvmfs/cms.cern.ch/slc5_amd64_gcc462/external/py2-numpy/1.6.1/lib/python2.6/site-packages:/cvmfs/cms.cern.ch/slc5_amd64_gcc462/external/py2-ipython/0.10/lib/python2.6/site-packages:/cvmfs/cms.cern.ch/slc5_amd64_gcc462/external/py2-cx-oracle/5.1-cms11/lib/python2.6/site-packages:/cvmfs/cms.cern.ch/slc5_amd64_gcc462/external/py2-cjson/1.0.5/lib/python2.6/site-packages:/cvmfs/cms.cern.ch/slc5_amd64_gcc462/cms/das-client/1.4.1-cms8/bin:/cvmfs/cms.cern.ch/slc5_amd64_gcc462/external/elementtree/1.2.6/share/lib/python2.6/site-packages:/cvmfs/cms.cern.ch/slc5_amd64_gcc462/external/rivet/1.5.1-cms10/lib/python2.6/site-packages:/cvmfs/cms.cern.ch/slc5_amd64_gcc462/external/pyminuit2/0.0.1-cms34/lib/python2.6/site-packages:/cvmfs/cms.cern.ch/slc5_amd64_gcc462/external/professor/1.0.0-cms35/lib/python2.6/site-packages:/cvmfs/cms.cern.ch/slc5_amd64_gcc462/lcg/root/5.32.00-cms18/lib:/cvmfs/cms.cern.ch/slc5_amd64_gcc462/cms/dbs-client/DBS_2_1_1_patch1_1/lib:/cvmfs/cms.cern.ch/slc5_amd64_gcc462/cms/dbs-client/DBS_2_1_1_patch1_1/lib/DBSAPI:/home/cms016/home_creur_953806904/CREAM953806904/glide_xV8057/execute/dir_31572/
241a2a19cb7c5c8751ba22759ab3bdb0
PSETHASH = 241a2a19cb7c5c8751ba22759ab3bdb0
/home/cms016/home_creur_953806904/CREAM953806904/glide_xV8057/execute/dir_31572/writeCfg.py pset.py pset.py
Importing .py file
Setting parameters
inputBlocks=/QCD_Pt_350_EMEnriched_TuneZ2star_8TeV_pythia6/mario-Summer12-stop-pfele-step1-3d176ac8da5e9dff208d057f4733ca91/USER#2ef68d93-4c3b-40b9-98c3-bc862db01b2a
inputFiles=/store/user/mario/QCD_Pt_350_EMEnriched_TuneZ2star_8TeV_pythia6/Summer12-stop-pfele-step1/3d176ac8da5e9dff208d057f4733ca91/tuple_252_9_jFH.root;/store/user/mario/QCD_Pt_350_EMEnriched_TuneZ2star_8TeV_pythia6/Summer12-stop-pfele-step1/3d176ac8da5e9dff208d057f4733ca91/tuple_265_7_Xyl.root;/store/user/mario/QCD_Pt_350_EMEnriched_TuneZ2star_8TeV_pythia6/Summer12-stop-pfele-step1/3d176ac8da5e9dff208d057f4733ca91/tuple_262_9_evk.root;/store/user/mario/QCD_Pt_350_EMEnriched_TuneZ2star_8TeV_pythia6/Summer12-stop-pfele-step1/3d176ac8da5e9dff208d057f4733ca91/tuple_263_8_H5G.root;/store/user/mario/QCD_Pt_350_EMEnriched_TuneZ2star_8TeV_pythia6/Summer12-stop-pfele-step1/3d176ac8da5e9dff208d057f4733ca91/tuple_264_7_HLs.root
parentFiles=
lumisRange=
>>> Executable cmsRun
/cvmfs/cms.cern.ch/slc5_amd64_gcc462/cms/cmssw/CMSSW_5_3_5/bin/slc5_amd64_gcc462/cmsRun
ok executable found
>>> info for dashboard:
***** Cat /home/cms016/home_creur_953806904/CREAM953806904/glide_xV8057/execute/dir_31572/jobreport.txt *****
MonitorJobID=32_https://submit-2.t2.ucsd.edu//121127//17528.31
MonitorID=liis_crab_0_121127_012526_r0h5c1
ExeStart=cmsRun
***** End Cat jobreport *****
Parameters sent to Dashboard.
>>> cmsRun started at Mon Nov 26 23:47:48 UTC 2012
>>> cmsRun ended at Tue Nov 27 00:07:26 UTC 2012
>>> info for dashboard:
***** Cat /home/cms016/home_creur_953806904/CREAM953806904/glide_xV8057/execute/dir_31572/jobreport.txt *****
MonitorJobID=32_https://submit-2.t2.ucsd.edu//121127//17528.31
MonitorID=liis_crab_0_121127_012526_r0h5c1
ExeEnd=cmsRun
***** End Cat jobreport *****
Parameters sent to Dashboard.
TIME_EXE = 1178 sec
>>> cmsRun wrote 171 lines of stdout+stderr
>>> START OF printout of 171 lines from stdout+stderr
27-Nov-2012 01:48:11 EET  Initiating request to open file file:/hdfs/cms/store/user/mario/QCD_Pt_350_EMEnriched_TuneZ2star_8TeV_pythia6/Summer12-stop-pfele-step1/3d176ac8da5e9dff208d057f4733ca91/tuple_252_9_jFH.root
27-Nov-2012 01:48:23 EET  Successfully opened file file:/hdfs/cms/store/user/mario/QCD_Pt_350_EMEnriched_TuneZ2star_8TeV_pythia6/Summer12-stop-pfele-step1/3d176ac8da5e9dff208d057f4733ca91/tuple_252_9_jFH.root
Begin processing the 1st record. Run 1, Event 9450915, LumiSection 2167 at 27-Nov-2012 01:49:08.929 EET
Begin processing the 1001st record. Run 1, Event 15394676, LumiSection 3529 at 27-Nov-2012 01:49:18.078 EET
Begin processing the 2001st record. Run 1, Event 33554975, LumiSection 7691 at 27-Nov-2012 01:49:26.796 EET
Begin processing the 3001st record. Run 1, Event 25344463, LumiSection 5809 at 27-Nov-2012 01:49:30.986 EET
Begin processing the 4001st record. Run 1, Event 43521608, LumiSection 9976 at 27-Nov-2012 01:49:38.543 EET
Begin processing the 5001st record. Run 1, Event 85608810, LumiSection 19622 at 27-Nov-2012 01:49:43.034 EET
Begin processing the 6001st record. Run 1, Event 93777674, LumiSection 21494 at 27-Nov-2012 01:49:52.795 EET
%MSG-w compNuP4:  TopJetPairProducer:topJetPairs 27-Nov-2012 01:49:55 EET  Run: 1 Event: 116059166
THREE REAL SOLUTIONS: z1 = 16.0102, z2 = -33.6973, z3 = -182.297. Use only z1.
%MSG
Begin processing the 7001st record. Run 1, Event 119499465, LumiSection 27390 at 27-Nov-2012 01:49:57.036 EET
Begin processing the 8001st record. Run 1, Event 139831923, LumiSection 32050 at 27-Nov-2012 01:50:09.318 EET
Begin processing the 9001st record. Run 1, Event 151926601, LumiSection 34822 at 27-Nov-2012 01:50:13.868 EET
27-Nov-2012 01:50:19 EET  Closed file file:/hdfs/cms/store/user/mario/QCD_Pt_350_EMEnriched_TuneZ2star_8TeV_pythia6/Summer12-stop-pfele-step1/3d176ac8da5e9dff208d057f4733ca91/tuple_252_9_jFH.root
27-Nov-2012 01:50:19 EET  Initiating request to open file file:/hdfs/cms/store/user/mario/QCD_Pt_350_EMEnriched_TuneZ2star_8TeV_pythia6/Summer12-stop-pfele-step1/3d176ac8da5e9dff208d057f4733ca91/tuple_265_7_Xyl.root
27-Nov-2012 01:50:20 EET  Successfully opened file file:/hdfs/cms/store/user/mario/QCD_Pt_350_EMEnriched_TuneZ2star_8TeV_pythia6/Summer12-stop-pfele-step1/3d176ac8da5e9dff208d057f4733ca91/tuple_265_7_Xyl.root
Begin processing the 10001st record. Run 1, Event 9199337, LumiSection 2109 at 27-Nov-2012 01:51:15.571 EET
Begin processing the 11001st record. Run 1, Event 15496838, LumiSection 3552 at 27-Nov-2012 01:51:19.693 EET
Begin processing the 12001st record. Run 1, Event 40524179, LumiSection 9289 at 27-Nov-2012 01:51:26.127 EET
Begin processing the 13001st record. Run 1, Event 62934082, LumiSection 14425 at 27-Nov-2012 01:51:30.413 EET
Begin processing the 14001st record. Run 1, Event 66657146, LumiSection 15278 at 27-Nov-2012 01:51:39.771 EET
Begin processing the 15001st record. Run 1, Event 93579106, LumiSection 21449 at 27-Nov-2012 01:51:43.747 EET
Begin processing the 16001st record. Run 1, Event 145616824, LumiSection 33376 at 27-Nov-2012 01:51:50.986 EET
Begin processing the 17001st record. Run 1, Event 167869433, LumiSection 38476 at 27-Nov-2012 01:52:00.055 EET
Begin processing the 18001st record. Run 1, Event 170776369, LumiSection 39142 at 27-Nov-2012 01:52:04.012 EET
Begin processing the 19001st record. Run 1, Event 265764420, LumiSection 60914 at 27-Nov-2012 01:52:19.589 EET
Begin processing the 20001st record. Run 1, Event 175500716, LumiSection 40225 at 27-Nov-2012 01:52:23.792 EET
Begin processing the 21001st record. Run 1, Event 181068142, LumiSection 41501 at 27-Nov-2012 01:52:31.753 EET
Begin processing the 22001st record. Run 1, Event 183616143, LumiSection 42085 at 27-Nov-2012 01:52:35.630 EET
Begin processing the 23001st record. Run 1, Event 187575607, LumiSection 42993 at 27-Nov-2012 01:52:50.162 EET
Begin processing the 24001st record. Run 1, Event 189295150, LumiSection 43387 at 27-Nov-2012 01:52:59.056 EET
Begin processing the 25001st record. Run 1, Event 224613307, LumiSection 51482 at 27-Nov-2012 01:53:03.170 EET
Begin processing the 26001st record. Run 1, Event 227036350, LumiSection 52037 at 27-Nov-2012 01:53:12.183 EET
Begin processing the 27001st record. Run 1, Event 237928124, LumiSection 54534 at 27-Nov-2012 01:53:16.608 EET
Begin processing the 28001st record. Run 1, Event 238667425, LumiSection 54703 at 27-Nov-2012 01:53:25.592 EET
Begin processing the 29001st record. Run 1, Event 261920425, LumiSection 60033 at 27-Nov-2012 01:53:29.592 EET
Begin processing the 30001st record. Run 1, Event 266769864, LumiSection 61144 at 27-Nov-2012 01:53:38.121 EET
Begin processing the 31001st record. Run 1, Event 285606347, LumiSection 65462 at 27-Nov-2012 01:53:44.712 EET
Begin processing the 32001st record. Run 1, Event 317409853, LumiSection 72751 at 27-Nov-2012 01:53:49.022 EET
Begin processing the 33001st record. Run 1, Event 89291258, LumiSection 20466 at 27-Nov-2012 01:53:59.043 EET
Begin processing the 34001st record. Run 1, Event 141756453, LumiSection 32491 at 27-Nov-2012 01:54:03.523 EET
Begin processing the 35001st record. Run 1, Event 168238052, LumiSection 38561 at 27-Nov-2012 01:54:13.551 EET
Begin processing the 36001st record. Run 1, Event 209266367, LumiSection 47964 at 27-Nov-2012 01:54:17.893 EET
Begin processing the 37001st record. Run 1, Event 246177823, LumiSection 56424 at 27-Nov-2012 01:54:27.259 EET
Begin processing the 38001st record. Run 1, Event 227976007, LumiSection 52253 at 27-Nov-2012 01:54:46.216 EET
Begin processing the 39001st record. Run 1, Event 227575182, LumiSection 52161 at 27-Nov-2012 01:54:50.538 EET
Begin processing the 40001st record. Run 1, Event 230316489, LumiSection 52789 at 27-Nov-2012 01:54:59.727 EET
Begin processing the 41001st record. Run 1, Event 241464378, LumiSection 55344 at 27-Nov-2012 01:55:03.922 EET
27-Nov-2012 01:55:04 EET  Closed file file:/hdfs/cms/store/user/mario/QCD_Pt_350_EMEnriched_TuneZ2star_8TeV_pythia6/Summer12-stop-pfele-step1/3d176ac8da5e9dff208d057f4733ca91/tuple_265_7_Xyl.root
27-Nov-2012 01:55:04 EET  Initiating request to open file file:/hdfs/cms/store/user/mario/QCD_Pt_350_EMEnriched_TuneZ2star_8TeV_pythia6/Summer12-stop-pfele-step1/3d176ac8da5e9dff208d057f4733ca91/tuple_262_9_evk.root
27-Nov-2012 01:55:05 EET  Successfully opened file file:/hdfs/cms/store/user/mario/QCD_Pt_350_EMEnriched_TuneZ2star_8TeV_pythia6/Summer12-stop-pfele-step1/3d176ac8da5e9dff208d057f4733ca91/tuple_262_9_evk.root
Begin processing the 42001st record. Run 1, Event 105387962, LumiSection 24155 at 27-Nov-2012 01:55:41.494 EET
Begin processing the 43001st record. Run 1, Event 164048726, LumiSection 37600 at 27-Nov-2012 01:55:48.875 EET
Begin processing the 44001st record. Run 1, Event 187886668, LumiSection 43064 at 27-Nov-2012 01:55:53.525 EET
Begin processing the 45001st record. Run 1, Event 200274209, LumiSection 45903 at 27-Nov-2012 01:56:01.004 EET
Begin processing the 46001st record. Run 1, Event 224158502, LumiSection 51378 at 27-Nov-2012 01:56:05.601 EET
Begin processing the 47001st record. Run 1, Event 224115119, LumiSection 51368 at 27-Nov-2012 01:56:14.313 EET
Begin processing the 48001st record. Run 1, Event 224391592, LumiSection 51431 at 27-Nov-2012 01:56:18.784 EET
Begin processing the 49001st record. Run 1, Event 224618601, LumiSection 51483 at 27-Nov-2012 01:56:28.808 EET
Begin processing the 50001st record. Run 1, Event 237717787, LumiSection 54485 at 27-Nov-2012 01:56:33.263 EET
Begin processing the 51001st record. Run 1, Event 246035584, LumiSection 56392 at 27-Nov-2012 01:56:40.306 EET
Begin processing the 52001st record. Run 1, Event 254776422, LumiSection 58395 at 27-Nov-2012 01:56:48.173 EET
Begin processing the 53001st record. Run 1, Event 273839748, LumiSection 62765 at 27-Nov-2012 01:56:52.638 EET
Begin processing the 54001st record. Run 1, Event 279726363, LumiSection 64114 at 27-Nov-2012 01:56:58.705 EET
Begin processing the 55001st record. Run 1, Event 282898902, LumiSection 64841 at 27-Nov-2012 01:57:03.041 EET
Begin processing the 56001st record. Run 1, Event 298714998, LumiSection 68466 at 27-Nov-2012 01:57:10.197 EET
Begin processing the 57001st record. Run 1, Event 311285925, LumiSection 71347 at 27-Nov-2012 01:57:14.912 EET
Begin processing the 58001st record. Run 1, Event 317124470, LumiSection 72685 at 27-Nov-2012 01:57:24.464 EET
Begin processing the 59001st record. Run 1, Event 245701119, LumiSection 56315 at 27-Nov-2012 01:57:33.649 EET
Begin processing the 60001st record. Run 1, Event 258023504, LumiSection 59140 at 27-Nov-2012 01:57:37.961 EET
Begin processing the 61001st record. Run 1, Event 266080204, LumiSection 60986 at 27-Nov-2012 01:57:50.423 EET
Begin processing the 62001st record. Run 1, Event 104113061, LumiSection 23863 at 27-Nov-2012 01:57:54.907 EET
Begin processing the 63001st record. Run 1, Event 129598663, LumiSection 29705 at 27-Nov-2012 01:58:02.959 EET
Begin processing the 64001st record. Run 1, Event 137445069, LumiSection 31503 at 27-Nov-2012 01:58:07.430 EET
Begin processing the 65001st record. Run 1, Event 148297429, LumiSection 33990 at 27-Nov-2012 01:58:15.515 EET
Begin processing the 66001st record. Run 1, Event 2199989, LumiSection 505 at 27-Nov-2012 01:58:19.678 EET
Begin processing the 67001st record. Run 1, Event 21380684, LumiSection 4901 at 27-Nov-2012 01:58:26.995 EET
Begin processing the 68001st record. Run 1, Event 24152973, LumiSection 5536 at 27-Nov-2012 01:58:34.067 EET
Begin processing the 69001st record. Run 1, Event 24539010, LumiSection 5625 at 27-Nov-2012 01:58:38.561 EET
Begin processing the 70001st record. Run 1, Event 32045275, LumiSection 7345 at 27-Nov-2012 01:58:47.983 EET
Begin processing the 71001st record. Run 1, Event 39285129, LumiSection 9005 at 27-Nov-2012 01:58:52.274 EET
Begin processing the 72001st record. Run 1, Event 67554691, LumiSection 15484 at 27-Nov-2012 01:58:58.347 EET
27-Nov-2012 01:59:01 EET  Closed file file:/hdfs/cms/store/user/mario/QCD_Pt_350_EMEnriched_TuneZ2star_8TeV_pythia6/Summer12-stop-pfele-step1/3d176ac8da5e9dff208d057f4733ca91/tuple_262_9_evk.root
27-Nov-2012 01:59:01 EET  Initiating request to open file file:/hdfs/cms/store/user/mario/QCD_Pt_350_EMEnriched_TuneZ2star_8TeV_pythia6/Summer12-stop-pfele-step1/3d176ac8da5e9dff208d057f4733ca91/tuple_263_8_H5G.root
27-Nov-2012 01:59:01 EET  Successfully opened file file:/hdfs/cms/store/user/mario/QCD_Pt_350_EMEnriched_TuneZ2star_8TeV_pythia6/Summer12-stop-pfele-step1/3d176ac8da5e9dff208d057f4733ca91/tuple_263_8_H5G.root
Begin processing the 73001st record. Run 1, Event 83274805, LumiSection 19087 at 27-Nov-2012 01:59:56.629 EET
Begin processing the 74001st record. Run 1, Event 96142408, LumiSection 22036 at 27-Nov-2012 02:00:00.859 EET
Begin processing the 75001st record. Run 1, Event 105450185, LumiSection 24170 at 27-Nov-2012 02:00:10.230 EET
Begin processing the 76001st record. Run 1, Event 147261489, LumiSection 33753 at 27-Nov-2012 02:00:14.573 EET
Begin processing the 77001st record. Run 1, Event 148449485, LumiSection 34025 at 27-Nov-2012 02:00:23.100 EET
Begin processing the 78001st record. Run 1, Event 163695943, LumiSection 37520 at 27-Nov-2012 02:00:30.199 EET
Begin processing the 79001st record. Run 1, Event 153488362, LumiSection 35180 at 27-Nov-2012 02:00:34.498 EET
Begin processing the 80001st record. Run 1, Event 164018381, LumiSection 37594 at 27-Nov-2012 02:00:46.232 EET
Begin processing the 81001st record. Run 1, Event 171760615, LumiSection 39368 at 27-Nov-2012 02:00:50.473 EET
Begin processing the 82001st record. Run 1, Event 176421621, LumiSection 40436 at 27-Nov-2012 02:00:58.823 EET
Begin processing the 83001st record. Run 1, Event 211008498, LumiSection 48364 at 27-Nov-2012 02:01:06.054 EET
Begin processing the 84001st record. Run 1, Event 223256170, LumiSection 51171 at 27-Nov-2012 02:01:10.335 EET
Begin processing the 85001st record. Run 1, Event 224491559, LumiSection 51454 at 27-Nov-2012 02:01:23.203 EET
Begin processing the 86001st record. Run 1, Event 227057456, LumiSection 52042 at 27-Nov-2012 02:01:27.863 EET
Begin processing the 87001st record. Run 1, Event 17760211, LumiSection 4071 at 27-Nov-2012 02:01:37.154 EET
Begin processing the 88001st record. Run 1, Event 24252513, LumiSection 5559 at 27-Nov-2012 02:01:41.534 EET
Begin processing the 89001st record. Run 1, Event 31745609, LumiSection 7277 at 27-Nov-2012 02:01:51.945 EET
Begin processing the 90001st record. Run 1, Event 66719827, LumiSection 15293 at 27-Nov-2012 02:02:00.765 EET
Begin processing the 91001st record. Run 1, Event 155636424, LumiSection 35672 at 27-Nov-2012 02:02:05.899 EET
Begin processing the 92001st record. Run 1, Event 167981580, LumiSection 38502 at 27-Nov-2012 02:02:16.730 EET
Begin processing the 93001st record. Run 1, Event 213769803, LumiSection 48997 at 27-Nov-2012 02:02:20.946 EET
Begin processing the 94001st record. Run 1, Event 217558329, LumiSection 49865 at 27-Nov-2012 02:02:29.581 EET
Begin processing the 95001st record. Run 1, Event 43165207, LumiSection 9894 at 27-Nov-2012 02:02:33.743 EET
Begin processing the 96001st record. Run 1, Event 55273648, LumiSection 12669 at 27-Nov-2012 02:02:42.262 EET
Begin processing the 97001st record. Run 1, Event 70974092, LumiSection 16268 at 27-Nov-2012 02:02:53.732 EET
Begin processing the 98001st record. Run 1, Event 75064001, LumiSection 17205 at 27-Nov-2012 02:02:58.124 EET
Begin processing the 99001st record. Run 1, Event 102840490, LumiSection 23572 at 27-Nov-2012 02:03:07.692 EET
Begin processing the 100001st record. Run 1, Event 142310434, LumiSection 32618 at 27-Nov-2012 02:03:11.984 EET
Begin processing the 101001st record. Run 1, Event 146137872, LumiSection 33495 at 27-Nov-2012 02:03:20.246 EET
Begin processing the 102001st record. Run 1, Event 171113707, LumiSection 39220 at 27-Nov-2012 02:03:31.442 EET
Begin processing the 103001st record. Run 1, Event 219374289, LumiSection 50281 at 27-Nov-2012 02:03:35.797 EET
Begin processing the 104001st record. Run 1, Event 224073742, LumiSection 51358 at 27-Nov-2012 02:03:40.731 EET
27-Nov-2012 02:03:40 EET  Closed file file:/hdfs/cms/store/user/mario/QCD_Pt_350_EMEnriched_TuneZ2star_8TeV_pythia6/Summer12-stop-pfele-step1/3d176ac8da5e9dff208d057f4733ca91/tuple_263_8_H5G.root
27-Nov-2012 02:03:40 EET  Initiating request to open file file:/hdfs/cms/store/user/mario/QCD_Pt_350_EMEnriched_TuneZ2star_8TeV_pythia6/Summer12-stop-pfele-step1/3d176ac8da5e9dff208d057f4733ca91/tuple_264_7_HLs.root
27-Nov-2012 02:03:41 EET  Successfully opened file file:/hdfs/cms/store/user/mario/QCD_Pt_350_EMEnriched_TuneZ2star_8TeV_pythia6/Summer12-stop-pfele-step1/3d176ac8da5e9dff208d057f4733ca91/tuple_264_7_HLs.root
Begin processing the 105001st record. Run 1, Event 254594368, LumiSection 58354 at 27-Nov-2012 02:04:27.614 EET
Begin processing the 106001st record. Run 1, Event 241336475, LumiSection 55315 at 27-Nov-2012 02:04:35.377 EET
Begin processing the 107001st record. Run 1, Event 258031333, LumiSection 59141 at 27-Nov-2012 02:04:39.940 EET
Begin processing the 108001st record. Run 1, Event 292260616, LumiSection 66987 at 27-Nov-2012 02:04:48.225 EET
Begin processing the 109001st record. Run 1, Event 301231837, LumiSection 69043 at 27-Nov-2012 02:04:52.552 EET
Begin processing the 110001st record. Run 1, Event 310197084, LumiSection 71098 at 27-Nov-2012 02:05:02.160 EET
Begin processing the 111001st record. Run 1, Event 169099126, LumiSection 38758 at 27-Nov-2012 02:05:06.519 EET
Begin processing the 112001st record. Run 1, Event 173796745, LumiSection 39835 at 27-Nov-2012 02:05:13.827 EET
Begin processing the 113001st record. Run 1, Event 174423943, LumiSection 39978 at 27-Nov-2012 02:05:20.889 EET
Begin processing the 114001st record. Run 1, Event 176664015, LumiSection 40492 at 27-Nov-2012 02:05:25.318 EET
Begin processing the 115001st record. Run 1, Event 226629017, LumiSection 51944 at 27-Nov-2012 02:05:32.448 EET
Begin processing the 116001st record. Run 1, Event 226910430, LumiSection 52008 at 27-Nov-2012 02:05:36.572 EET
Begin processing the 117001st record. Run 1, Event 227440455, LumiSection 52130 at 27-Nov-2012 02:05:43.616 EET
Begin processing the 118001st record. Run 1, Event 227604465, LumiSection 52167 at 27-Nov-2012 02:05:47.843 EET
Begin processing the 119001st record. Run 1, Event 67212357, LumiSection 15406 at 27-Nov-2012 02:05:59.131 EET
Begin processing the 120001st record. Run 1, Event 123139191, LumiSection 28224 at 27-Nov-2012 02:06:04.050 EET
Begin processing the 121001st record. Run 1, Event 145499877, LumiSection 33349 at 27-Nov-2012 02:06:13.255 EET
Begin processing the 122001st record. Run 1, Event 147032298, LumiSection 33700 at 27-Nov-2012 02:06:21.843 EET
Begin processing the 123001st record. Run 1, Event 150073753, LumiSection 34397 at 27-Nov-2012 02:06:26.863 EET
Begin processing the 124001st record. Run 1, Event 170728816, LumiSection 39132 at 27-Nov-2012 02:06:34.759 EET
Begin processing the 125001st record. Run 1, Event 171122632, LumiSection 39222 at 27-Nov-2012 02:06:39.142 EET
Begin processing the 126001st record. Run 1, Event 173537233, LumiSection 39775 at 27-Nov-2012 02:06:46.879 EET
Begin processing the 127001st record. Run 1, Event 177238003, LumiSection 40623 at 27-Nov-2012 02:06:51.231 EET
Begin processing the 128001st record. Run 1, Event 184916627, LumiSection 42383 at 27-Nov-2012 02:06:59.383 EET
Begin processing the 129001st record. Run 1, Event 189429886, LumiSection 43418 at 27-Nov-2012 02:07:09.261 EET
Begin processing the 130001st record. Run 1, Event 189739932, LumiSection 43489 at 27-Nov-2012 02:07:13.487 EET
Begin processing the 131001st record. Run 1, Event 215979890, LumiSection 49503 at 27-Nov-2012 02:07:20.364 EET
27-Nov-2012 02:07:24 EET  Closed file file:/hdfs/cms/store/user/mario/QCD_Pt_350_EMEnriched_TuneZ2star_8TeV_pythia6/Summer12-stop-pfele-step1/3d176ac8da5e9dff208d057f4733ca91/tuple_264_7_HLs.root

=============================================

MessageLogger Summary

 type     category        sev    module        subroutine        count    total
 ---- -------------------- -- ---------------- ----------------  -----    -----
    1 compNuP4             -w TopJetPairProduc                       1        1
    2 fileAction           -s file_close                             5        5
    3 fileAction           -s file_open                             10       10

 type    category    Examples: run/evt        run/evt          run/evt
 ---- -------------------- ---------------- ---------------- ----------------
    1 compNuP4             1/116059166                       
    2 fileAction           PostProcessEvent PostProcessEvent PostEndRun
    3 fileAction           pre-events       pre-events       PostProcessEvent

Severity    # Occurrences   Total Occurrences
--------    -------------   -----------------
Warning                 1                   1
System                 15                  15
>>> END OF printout of 171 lines from stdout+stderr
>>> Parse FrameworkJobReport crab_fjr.xml
Result of parsing the FrameworkJobReport crab_fjr.xml: Popularity start
lumisRange : 1::505,516,1297,2127,4901,4915,4937,4944,5532,5536,5590,5592,5594,5622,5625,5631,6868,7268,7332,7336,7345,7359,7717,8730,8789,9005,9291,14431,14691,15484,15575,15718,16035,16161,17734,18511,22469,22477,22723,23568,23863,23868,24155,25727,25735,26238,26262,29705,30853,30951,30955,31503,32737,33043,33052,33676,33990,34069,34084,34389,34395,34400,34421,35167,35478,37571,37589,37600,37915,38825,39825,40065,43064,43260,43354,43401,43972,44008,44033,45903,49854,49879,50260,51308,51310,51321-51322,51368,51373,51378,51408,51430-51431,51434,51438,51481,51483,51981,52073,52418,52421,52424,52434,54446,54477,54485,54631,55155,55214,55259,55322,55332,55334,56315,56392,56475,56539,56941,57004,57091,57599,57604,58395,58696,58894,59140,59146,59159,59329,59416,59480,60199,60633,60967,60986,61008,61237,62701,62765,62815,62885,63383,63422,63585,64114,64126-64127,64206,64208,64577,64814,64841,66065,67403,67407,67718,67743,68466,69060,69069,70952,71347,71411,72254,72272,72534,72581,72685::1;1::776,2105,2349,4056,4071,4079,4951,4960,5559,5593,5637,6237,7264-7265,7277,7352,8607,8689,8947,9144,9193,9374,9417,9894,10198,12436,12524,12623,12669,12999,15293,15511,15700,16268,16298,16309,16684,16691,16706,16717,17205,18511,18934,19087,19184,19186,21454,21467,22036,22459,22463,22767,22961,22963,23429,23549-23551,23571-23572,23967,24170,24174,24177,25464,25567,25890,27285,31592,32618,32689,32995,33104-33105,33493,33495,33753,34016,34025,34031,34033,34051,34485,34517,34775,34812,34956,35170,35174,35176,35180,35184,35225,35280,35641,35672,35772,35774,37267,37424,37436,37520,37587,37594,37658,38395,38437,38478,38482,38486,38502-38503,38537,38560,38562,38729,38744,38826,39220,39264,39286,39366,39368,39679,39689,39921,40436,41464,43040,43152,43162,43942,43961,44009,44047,48364,48402,48997,49754,49798,49858,49865,49900,49965,50272,50275-50276,50281,50303-50304,50306,51171,51354,51358,51376,51394,51396,51399,51439,51454,51456,51475,51489,51971,52042,52444,60307,66718::2;1::1350,2109,2619,3498,3552,4197,7675,7749,7777,9187,9289,9414,10378,13533,13752,14209,14419,14425,14977,15274,15277-15278,15452,16079,19106-19107,19559,20466,21047,21416,21449,23854,24192,26578,28744,32027,32485,32491,32670,33376,33702,33764,37171,37198,37277,37713,37742,38139,38144,38476,38506,38561,38710,39125,39142,39171,39178,39186,39232,39259,39266,39676,39755,40225,40490,40496,40503,40549,40589,41465,41467,41501,41505,41536,41539,41609,41611,42085,42232,42259,42268,42357,42411,42420,42446,42884,42993,43050,43061,43387,43477,43897,43899,43902,47389,47964,48137,48146,48178,50280,50302,50500,50610,50648,51342,51362,51478,51482,51961,51985,51994,51997,52037-52038,52058,52065,52103,52106,52161,52185,52187,52216,52253,52787,52789,53798,53822,54448,54534,54540,54619,54630,54703,54777,54783,54795,55058,55335,55338,55344,56087,56300,56424,57066,59130,60033,60208,60258,60710,60914,61009,61144,62834,63682,64136,65437,65448,65454,65459,65462,66983,68372,70669,71791,72751,72779,72869::3;1::2163,2167,2355,3529,3532,3544,3550,4430,5705,5722,5733,5746,5773,5809,7691,7747,7776,9234,9447,9659,9976,10163,10208,10238,13759,14142,14648,19622,19624,19628,21494,24411,26601,26799,27390,28056,28469,29382-29383,30305,32025,32050,33400,33406,34822,34889,37297,37305,39651,39734,42868,71147::4;1::283,297,835,1748,3507,15031,15403,15406,21457,21464,27138,28224,32611,33344,33349,33368,33394,33445,33516,33554,33700,34061,34068,34071,34397,34778,37166,37833,38488,38558-38559,38692,38758,39116,39128,39132,39145,39159-39161,39165,39222,39239,39338,39456,39680,39709,39731,39775,39835,39923,39978,40019,40062,40158,40174,40181,40417,40420,40489,40492,40498,40507,40623-40624,41385,42044,42054,42092,42135,42223,42383,42835,42936,42967,42976,43292,43325,43341,43414,43418,43489,43502,43712,43756,43841,43955,45293,45389,47302,47317,49503,51358,51938,51940,51944-51945,51960,51966,51998,52008,52024,52057,52069,52091,52093,52111,52124,52130,52132-52133,52136,52140,52144,52167-52168,52206,52436,52780,52816,53125,53700,54488,55105,55315,55973,56507,56552,56895,58354,59141,59449,60144,60456,64838,66982,66987,68546,68572,68636,68916,69043,69050,69261,69322,70392,70557,71098,72659::5;
lumisParentRange : 
Basename : /store/user/mario/QCD_Pt_350_EMEnriched_TuneZ2star_8TeV_pythia6/Summer12-stop-pfele-step1/3d176ac8da5e9dff208d057f4733ca91/tuple_2
BasenameParent : 
parentFiles : 
inputBlocks : /QCD_Pt_350_EMEnriched_TuneZ2star_8TeV_pythia6/mario-Summer12-stop-pfele-step1-3d176ac8da5e9dff208d057f4733ca91/USER#2ef68d93-4c3b-40b9-98c3-bc862db01b2a
inputFiles : 62_9_evk.root::1::EDM::Local::1;63_8_H5G.root::1::EDM::Local::2;65_7_Xyl.root::1::EDM::Local::3;52_9_jFH.root::1::EDM::Local::4;64_7_HLs.root::1::EDM::Local::5;
Popularity stop
Extracted ExitStatus from FrameworkJobReport parsing output: 0
>>> Executable succeded  0
ExeExitCode=0
EXECUTABLE_EXIT_STATUS = 0
>>> current directory /home/cms016/home_creur_953806904/CREAM953806904/glide_xV8057/execute/dir_31572/CMSSW_5_3_5
>>>  (SOFTWARE_DIR): /home/cms016/home_creur_953806904/CREAM953806904/glide_xV8057/execute/dir_31572/CMSSW_5_3_5
>>> (WORKING_DIR): 
>>> current directory content:
total 164
drwxr-xr-x 3 cms016 cms  4096 Nov 27 01:47 .SCRAM
-rw-r--r-- 1 cms016 cms 30066 Nov 27 01:47 CMSSW.py.pkl
drwxr-xr-x 3 cms016 cms  4096 Nov 27 01:47 bin
drwxr-xr-x 3 cms016 cms  4096 Nov 27 01:47 cfipython
drwxr-xr-x 5 cms016 cms  4096 Nov 27 01:47 config
-rw-r--r-- 1 cms016 cms    17 Nov 27 02:07 cpu_timing.txt
drwxr-xr-x 2 cms016 cms  4096 Nov 27 01:47 doc
-rw-r--r-- 1 cms016 cms 18923 Nov 27 02:07 executable.out
drwxr-xr-x 2 cms016 cms  4096 Nov 27 01:47 include
drwxrwxrwx 3 cms016 cms  4096 Oct 22 16:38 lib
drwxr-xr-x 3 cms016 cms  4096 Nov 27 01:47 logs
drwxr-xr-x 3 cms016 cms  4096 Nov 27 01:47 objs
-rw-r--r-- 1 cms016 cms 18294 Nov 27 02:07 optHistograms.root
-rw-r--r-- 1 cms016 cms   104 Nov 27 01:47 pset.py
-rw-r--r-- 1 cms016 cms 19489 Nov 27 01:47 pset.py.pkl
-rw-r--r-- 1 cms016 cms   289 Nov 27 01:47 pset.pyc
drwxr-xr-x 2 cms016 cms  4096 Nov 27 01:47 python
-rw-r--r-- 1 cms016 cms   420 Nov 27 02:07 report.log
drwxrwxrwx 4 cms016 cms  4096 Nov 27 01:47 src
drwxr-xr-x 3 cms016 cms  4096 Nov 27 01:47 test
drwxr-xr-x 3 cms016 cms  4096 Nov 27 01:47 tmp
>>> current directory /home/cms016/home_creur_953806904/CREAM953806904/glide_xV8057/execute/dir_31572/CMSSW_5_3_5
>>> (SOFTWARE_DIR): /home/cms016/home_creur_953806904/CREAM953806904/glide_xV8057/execute/dir_31572/CMSSW_5_3_5
>>> (WORKING_DIR): 
>>> current directory content:
total 144
drwxr-xr-x 3 cms016 cms  4096 Nov 27 01:47 .SCRAM
-rw-r--r-- 1 cms016 cms 30066 Nov 27 01:47 CMSSW.py.pkl
drwxr-xr-x 3 cms016 cms  4096 Nov 27 01:47 bin
drwxr-xr-x 3 cms016 cms  4096 Nov 27 01:47 cfipython
drwxr-xr-x 5 cms016 cms  4096 Nov 27 01:47 config
-rw-r--r-- 1 cms016 cms    17 Nov 27 02:07 cpu_timing.txt
drwxr-xr-x 2 cms016 cms  4096 Nov 27 01:47 doc
-rw-r--r-- 1 cms016 cms 18923 Nov 27 02:07 executable.out
drwxr-xr-x 2 cms016 cms  4096 Nov 27 01:47 include
drwxrwxrwx 3 cms016 cms  4096 Oct 22 16:38 lib
drwxr-xr-x 3 cms016 cms  4096 Nov 27 01:47 logs
drwxr-xr-x 3 cms016 cms  4096 Nov 27 01:47 objs
-rw-r--r-- 1 cms016 cms   104 Nov 27 01:47 pset.py
-rw-r--r-- 1 cms016 cms 19489 Nov 27 01:47 pset.py.pkl
-rw-r--r-- 1 cms016 cms   289 Nov 27 01:47 pset.pyc
drwxr-xr-x 2 cms016 cms  4096 Nov 27 01:47 python
-rw-r--r-- 1 cms016 cms   420 Nov 27 02:07 report.log
drwxrwxrwx 4 cms016 cms  4096 Nov 27 01:47 src
drwxr-xr-x 3 cms016 cms  4096 Nov 27 01:47 test
drwxr-xr-x 3 cms016 cms  4096 Nov 27 01:47 tmp
>>> current directory (RUNTIME_AREA):  /home/cms016/home_creur_953806904/CREAM953806904/glide_xV8057/execute/dir_31572
>>> current dir: /home/cms016/home_creur_953806904/CREAM953806904/glide_xV8057/execute/dir_31572
>>> current dir content:
total 25800
-rw-rw-rw-  1 cms016 cms     5580 Nov 27 01:47 .job.ad
-rw-rw-rw-  1 cms016 cms    11341 Nov 27 01:47 .machine.ad
-rw-rw-rw-  1 cms016 cms      105 Nov 27 01:26 CMSSW.py
-rw-rw-rw-  1 cms016 cms    30066 Nov 27 01:26 CMSSW.py.pkl
-rwxrw-rw-  1 cms016 cms    23333 Nov 27 01:47 CMSSW.sh
-rw-rw-rw-  1 cms016 cms        0 Nov 27 01:47 CMSSW_32.stderr
-rw-rw-rw-  1 cms016 cms    35089 Nov 27 02:07 CMSSW_32.stdout
drwxr-xr-x 15 cms016 cms     4096 Nov 27 02:07 CMSSW_5_3_5
-rw-r--r--  1 cms016 cms      347 Nov 27 01:47 CacheEnv.sh
-rw-rw-rw-  1 cms016 cms     7291 Jun  9  2010 DashboardAPI.py
-rw-r--r--  1 cms016 cms     6883 Nov 27 01:47 DashboardAPI.pyc
drwxrwxrwx  3 cms016 cms     4096 Nov 27 02:07 IMProv
-rw-rw-rw-  1 cms016 cms     2748 Mar  8  2006 Logger.py
-rw-r--r--  1 cms016 cms     3353 Nov 27 01:47 Logger.pyc
-rw-rw-rw-  1 cms016 cms    24524 Mar 28  2008 ProcInfo.py
-rw-r--r--  1 cms016 cms    23470 Nov 27 01:47 ProcInfo.pyc
drwxrwxrwx  7 cms016 cms     4096 Nov 27 01:47 ProdCommon
drwxrwxrwx  3 cms016 cms     4096 Nov 27 01:47 WMCore
-rw-r--r--  1 cms016 cms     2427 Nov 27 02:02 Watchdog_32.log
-rw-rw-rw-  1 cms016 cms    32895 Mar 28  2008 apmon.py
-rw-r--r--  1 cms016 cms    28874 Nov 27 01:47 apmon.pyc
-rw-rw-rw-  1 cms016 cms   101163 Nov 27 01:47 arguments.xml
-rwxrwxrwx  1 cms016 cms    37427 Sep 13 14:14 cmscp.py
-rwxrwxrwx  1 cms016 cms    23333 Nov 27 01:47 condor_exec.exe
-rw-rw-rw-  1 cms016 cms      542 Nov 27 01:25 crab.cfg
-rwxrwxrwx  1 cms016 cms     9531 Sep 20 21:46 crabWatchdog.sh
-rw-r--r--  1 cms016 cms    49302 Nov 27 02:07 crab_fjr_32.xml
-rw-rw-rw-  1 cms016 cms 25796292 Nov 27 01:47 default.tgz
-rwxrwxrwx  1 cms016 cms     4488 May 12  2012 fillCrabFjr.py
-rw-r--r--  1 cms016 cms      922 Nov 27 01:47 inputsReport.txt
-rw-r--r--  1 cms016 cms      133 Nov 27 02:07 jobreport.txt
lrwxrwxrwx  1 cms016 cms      107 Nov 27 02:07 optHistograms.root -> /home/cms016/home_creur_953806904/CREAM953806904/glide_xV8057/execute/dir_31572/optHistograms_32_1_ylr.root
-rw-r--r--  1 cms016 cms    18294 Nov 27 02:07 optHistograms_32_1_ylr.root
-rw-rw-rw-  1 cms016 cms    17352 Jan 20  2012 parseCrabFjr.py
-rw-r--r--  1 cms016 cms      285 Nov 27 01:47 report.log
-rwxrwxrwx  1 cms016 cms     1497 May 27  2009 report.py
-rwxrwxrwx  1 cms016 cms     8387 Mar 23  2011 writeCfg.py
-rw-------  1 cms016 cms     8691 Nov 27 01:47 x509up_u1000009
Checking output files:  
will tar file optHistograms_32_1_ylr.root in  out_files_32
will tar file crab_fjr_32.xml in  out_files_32
will tar file CMSSW_32.stdout in  out_files_32
will tar file CMSSW_32.stderr in  out_files_32
WARNING: output file Watchdog_32.log.gz not found!
>>> padding time: Wrapper lasting more than 600 seconds. No sleep required.
STOPPING WATCHDOG. CrabWatchdog PID is 3574
********** LAST 50 LINES OF WATCHDOG LOG
# RESOURCE USAGE SUMMARY FOR PROCESS ID   885
USER       PID %CPU %MEM    VSZ   RSS TTY      STAT START   TIME COMMAND
cms016     885  0.2  0.0   8956  1484 ?        S    01:47   0:00 /bin/sh /home/cms016/home_creur_953806904/CREAM953806904/glide_xV8057/execute/dir_31572/condor_exec.exe 32 1
 
# LIMITS USED BY THIS WATCHDOG:
# RSS  (KBytes)  : 2300000
# VSZ  (KBytes)  : 100000000
# DISK (MBytes)  : 19000
# CPU  (seconds) : 171600
# WALL (seconds) : 171600
 
# FOLLOWING PRINTOUT TRACKS MAXIMUM VALUES OF RESOURCES USE
# ONE LINE IS PRINTED EACH TIME A MAXIMUM CHANGES
# IF CHANGE WAS IN RSS OR VSZ ALSO PROCID AND COMMAND ARE PRINTED
# THERE IS NO PRINTOUT FOR CPU/WALL TIME INCREASE
 
# TIME			PID	RSS(KB)	VSZ(KB)	Dsk(MB)	tCPU(s)	tWALL(s)	COMMAND
 Nov 27 01:47:35 EET	885	1484	8956	0	0	11	/bin/sh /home/cms016/home_creur_953806904/CREAM953806904/glide_xV8057/execute/dir_31572/condor_exec.exe 32 1      
 Nov 27 01:47:35 EET	3597	22792	82408	0	0	1	edmConfigHash pset.py        
 Nov 27 01:47:35 EET	---	22792	82408	168	----	----	----
 Nov 27 01:48:44 EET	5782	250796	385148	168	10	56	cmsRun -j /home/cms016/home_creur_953806904/CREAM953806904/glide_xV8057/execute/dir_31572/crab_fjr_32.xml -p pset.py     
 Nov 27 01:49:49 EET	5782	362916	566116	168	39	121	cmsRun -j /home/cms016/home_creur_953806904/CREAM953806904/glide_xV8057/execute/dir_31572/crab_fjr_32.xml -p pset.py     
 Nov 27 01:52:07 EET	5782	368444	568420	168	95	260	cmsRun -j /home/cms016/home_creur_953806904/CREAM953806904/glide_xV8057/execute/dir_31572/crab_fjr_32.xml -p pset.py     
 Nov 27 01:53:15 EET	5782	368692	568420	168	131	328	cmsRun -j /home/cms016/home_creur_953806904/CREAM953806904/glide_xV8057/execute/dir_31572/crab_fjr_32.xml -p pset.py     
 Nov 27 01:54:24 EET	5782	368956	568676	168	171	397	cmsRun -j /home/cms016/home_creur_953806904/CREAM953806904/glide_xV8057/execute/dir_31572/crab_fjr_32.xml -p pset.py     
 Nov 27 02:00:12 EET	5782	368956	569444	168	344	745	cmsRun -j /home/cms016/home_creur_953806904/CREAM953806904/glide_xV8057/execute/dir_31572/crab_fjr_32.xml -p pset.py     
 Nov 27 02:01:20 EET	5782	369108	569444	168	382	813	cmsRun -j /home/cms016/home_creur_953806904/CREAM953806904/glide_xV8057/execute/dir_31572/crab_fjr_32.xml -p pset.py     
 Nov 27 02:02:30 EET	5782	369468	569700	168	428	885	cmsRun -j /home/cms016/home_creur_953806904/CREAM953806904/glide_xV8057/execute/dir_31572/crab_fjr_32.xml -p pset.py     
********** WATCHDOG LOG ENDED
ZIPPING WATCHDOG LOG
Disk space used:
du -sh /home/cms016/home_creur_953806904/CREAM953806904/glide_xV8057/execute/dir_31572
169M	/home/cms016/home_creur_953806904/CREAM953806904/glide_xV8057/execute/dir_31572
>>> info for dashboard:
***** Cat /home/cms016/home_creur_953806904/CREAM953806904/glide_xV8057/execute/dir_31572/jobreport.txt *****
MonitorJobID=32_https://submit-2.t2.ucsd.edu//121127//17528.31
MonitorID=liis_crab_0_121127_012526_r0h5c1
ExeTime=1178
ExeExitCode=0
CrabUserCpuTime=575.74
CrabSysCpuTime=14.60
CrabCpuPercentage=50%
CrabWrapperTime=1220
CrabStageoutTime=NULL
***** End Cat jobreport *****
Parameters sent to Dashboard.
optHistograms_32_1_ylr.root
crab_fjr_32.xml
CMSSW_32.stdout
CMSSW_32.stderr
Watchdog_32.log.gz
tar: .BrokerInfo: Cannot stat: No such file or directory
tar: Error exit delayed from previous errors
Total Output dimension: 30769
WARNING: output files size limit is set to: 50000000
Total Output dimension 30769 is fine.
JOB_EXIT_STATUS = 0
>>> info for dashboard:
***** Cat /home/cms016/home_creur_953806904/CREAM953806904/glide_xV8057/execute/dir_31572/jobreport.txt *****
MonitorJobID=32_https://submit-2.t2.ucsd.edu//121127//17528.31
MonitorID=liis_crab_0_121127_012526_r0h5c1
JobExitCode=0
***** End Cat jobreport *****
Parameters sent to Dashboard.
optHistograms_32_1_ylr.root
crab_fjr_32.xml
