This script was generated by crab (version 2.8.3).
Running /home/cms006/home_crobe_565022893/CREAM565022893/glide_r13391/execute/dir_24872/condor_exec.exe with 2 positional parameters: 98 1
Today is Tue Nov 27 02:04:13 EET 2012
Job submitted on host wn-v-5492.local
Linux wn-v-5492.local 2.6.32-042stab059.7 #1 SMP Tue Jul 24 19:12:01 MSK 2012 x86_64 x86_64 x86_64 GNU/Linux
>>> current directory (RUNTIME_AREA): /home/cms006/home_crobe_565022893/CREAM565022893/glide_r13391/execute/dir_24872
>>> current user: uid=11006(cms006) gid=1400(cms) groups=1400(cms)
>>> voms proxy information:
subject   : /DC=ch/DC=cern/OU=Organic Units/OU=Users/CN=liis/CN=663550/CN=Liis Rebane/CN=proxy/CN=limited proxy
issuer    : /DC=ch/DC=cern/OU=Organic Units/OU=Users/CN=liis/CN=663550/CN=Liis Rebane/CN=proxy
identity  : /DC=ch/DC=cern/OU=Organic Units/OU=Users/CN=liis/CN=663550/CN=Liis Rebane/CN=proxy
type      : limited proxy
strength  : 512 bits
path      : /home/cms006/home_crobe_565022893/CREAM565022893/glide_r13391/execute/dir_24872/x509up_u1000009
timeleft  : 23:59:54
key usage : Digital Signature, Key Encipherment, Data Encipherment
=== VO cms extension information ===
VO        : cms
subject   : /DC=ch/DC=cern/OU=Organic Units/OU=Users/CN=liis/CN=663550/CN=Liis Rebane
issuer    : /DC=ch/DC=cern/OU=computers/CN=lcg-voms.cern.ch
attribute : /cms/Role=NULL/Capability=NULL
timeleft  : 191:21:24
uri       : lcg-voms.cern.ch:15002
>>> tar xzf /home/cms006/home_crobe_565022893/CREAM565022893/glide_r13391/execute/dir_24872/default.tgz :
Successful untar
>>> Include /home/cms006/home_crobe_565022893/CREAM565022893/glide_r13391/execute/dir_24872 in PYTHONPATH:
strip arguments
env var CRAB_UNIQUE_JOB_ID set to: liis_crab_0_121127_012526_r0h5c1_98_1_2q1
out_files_98
>>> list of expected files on output sandbox
output files: optHistograms_98_1_2q1.root crab_fjr_98.xml CMSSW_98.stdout CMSSW_98.stderr Watchdog_98.log.gz
>>> GridFlavour discovery: 
GridFlavour=LCG
>>> SyncSite discovery: 
SyncSite=T2_EE_Estonia
>>> SyncCE discovery: 
getting SyncCE from CE_ID
SyncCE=oberon.hep.kbfi.ee:8443/cream-pbs-long
>>> info for dashboard:
***** Cat /home/cms006/home_crobe_565022893/CREAM565022893/glide_r13391/execute/dir_24872/jobreport.txt *****
MonitorJobID=98_https://submit-2.t2.ucsd.edu//121127//17528.97
SyncGridJobId=https://submit-2.t2.ucsd.edu//121127//17528.97
MonitorID=liis_crab_0_121127_012526_r0h5c1
GridFlavour=LCG
SyncSite=T2_EE_Estonia
SyncCE=oberon.hep.kbfi.ee:8443/cream-pbs-long
***** End Cat jobreport *****
Parameters sent to Dashboard.
>>> setup environment
set SCRAM ARCH to slc5_amd64_gcc462
SCRAM_ARCH = slc5_amd64_gcc462
>>> setup CMS LCG environment:
set SCRAM ARCH and BUILD_ARCH to slc5_amd64_gcc462 ###
Sourcing environment... 
sourcing /cvmfs/cms.cern.ch/cmsset_default.sh
==> setup cms environment ok
>>> specific cmssw setup environment:
CMSSW_VERSION =  CMSSW_5_3_5
>>> current directory (SOFTWARE_DIR): /home/cms006/home_crobe_565022893/CREAM565022893/glide_r13391/execute/dir_24872/CMSSW_5_3_5
PreserveSeeds: <>
IncrementSeeds:<>
{}
WNHostName=wn-v-5492.local
>>> info for dashboard:
***** Cat /home/cms006/home_crobe_565022893/CREAM565022893/glide_r13391/execute/dir_24872/jobreport.txt *****
MonitorJobID=98_https://submit-2.t2.ucsd.edu//121127//17528.97
MonitorID=liis_crab_0_121127_012526_r0h5c1
WNHostName=wn-v-5492.local
***** End Cat jobreport *****
Parameters sent to Dashboard.
crabWatchdog started as process 6405
>>> moving CMSSW software directories in /home/cms006/home_crobe_565022893/CREAM565022893/glide_r13391/execute/dir_24872/CMSSW_5_3_5
mv: cannot stat `/home/cms006/home_crobe_565022893/CREAM565022893/glide_r13391/execute/dir_24872/module/': No such file or directory
>>> Include /home/cms006/home_crobe_565022893/CREAM565022893/glide_r13391/execute/dir_24872 in PYTHONPATH:
PYTHONPATH=/home/cms006/home_crobe_565022893/CREAM565022893/glide_r13391/execute/dir_24872/:/home/cms006/home_crobe_565022893/CREAM565022893/glide_r13391/execute/dir_24872/CMSSW_5_3_5/python:/home/cms006/home_crobe_565022893/CREAM565022893/glide_r13391/execute/dir_24872/CMSSW_5_3_5/lib/slc5_amd64_gcc462:/cvmfs/cms.cern.ch/slc5_amd64_gcc462/cms/cmssw/CMSSW_5_3_5/python:/cvmfs/cms.cern.ch/slc5_amd64_gcc462/cms/cmssw/CMSSW_5_3_5/lib/slc5_amd64_gcc462:/cvmfs/cms.cern.ch/slc5_amd64_gcc462/cms/coral/CORAL_2_3_21-cms27/slc5_amd64_gcc462/python:/cvmfs/cms.cern.ch/slc5_amd64_gcc462/cms/coral/CORAL_2_3_21-cms27/slc5_amd64_gcc462/lib:/cvmfs/cms.cern.ch/slc5_amd64_gcc462/external/pyqt/4.8.1/lib/python2.6/site-packages:/cvmfs/cms.cern.ch/slc5_amd64_gcc462/external/py2-scipy/0.8.0/lib/python2.6/site-packages:/cvmfs/cms.cern.ch/slc5_amd64_gcc462/external/py2-matplotlib/1.0.1/lib/python2.6/site-packages:/cvmfs/cms.cern.ch/slc5_amd64_gcc462/external/python-ldap/2.3.5/lib/python2.6/site-packages:/cvmfs/cms.cern.ch/slc5_amd64_gcc462/external/sip/4.11.2/lib/python2.6/site-packages:/cvmfs/cms.cern.ch/slc5_amd64_gcc462/external/py2-pycurl/7.19.0/lib/python2.6/site-packages:/cvmfs/cms.cern.ch/slc5_amd64_gcc462/external/py2-numpy/1.6.1/lib/python2.6/site-packages:/cvmfs/cms.cern.ch/slc5_amd64_gcc462/external/py2-ipython/0.10/lib/python2.6/site-packages:/cvmfs/cms.cern.ch/slc5_amd64_gcc462/external/py2-cx-oracle/5.1-cms11/lib/python2.6/site-packages:/cvmfs/cms.cern.ch/slc5_amd64_gcc462/external/py2-cjson/1.0.5/lib/python2.6/site-packages:/cvmfs/cms.cern.ch/slc5_amd64_gcc462/cms/das-client/1.4.1-cms8/bin:/cvmfs/cms.cern.ch/slc5_amd64_gcc462/external/elementtree/1.2.6/share/lib/python2.6/site-packages:/cvmfs/cms.cern.ch/slc5_amd64_gcc462/external/rivet/1.5.1-cms10/lib/python2.6/site-packages:/cvmfs/cms.cern.ch/slc5_amd64_gcc462/external/pyminuit2/0.0.1-cms34/lib/python2.6/site-packages:/cvmfs/cms.cern.ch/slc5_amd64_gcc462/external/professor/1.0.0-cms35/lib/python2.6/site-packages:/cvmfs/cms.cern.ch/slc5_amd64_gcc462/lcg/root/5.32.00-cms18/lib:/cvmfs/cms.cern.ch/slc5_amd64_gcc462/cms/dbs-client/DBS_2_1_1_patch1_1/lib:/cvmfs/cms.cern.ch/slc5_amd64_gcc462/cms/dbs-client/DBS_2_1_1_patch1_1/lib/DBSAPI:/home/cms006/home_crobe_565022893/CREAM565022893/glide_r13391/execute/dir_24872/
241a2a19cb7c5c8751ba22759ab3bdb0
PSETHASH = 241a2a19cb7c5c8751ba22759ab3bdb0
/home/cms006/home_crobe_565022893/CREAM565022893/glide_r13391/execute/dir_24872/writeCfg.py pset.py pset.py
Importing .py file
Setting parameters
inputBlocks=/QCD_Pt_350_EMEnriched_TuneZ2star_8TeV_pythia6/mario-Summer12-stop-pfele-step1-3d176ac8da5e9dff208d057f4733ca91/USER#dbb7dde3-7026-4b96-ac63-9aae15efc8b5
inputFiles=/store/user/mario/QCD_Pt_350_EMEnriched_TuneZ2star_8TeV_pythia6/Summer12-stop-pfele-step1/3d176ac8da5e9dff208d057f4733ca91/tuple_26_13_Z0l.root;/store/user/mario/QCD_Pt_350_EMEnriched_TuneZ2star_8TeV_pythia6/Summer12-stop-pfele-step1/3d176ac8da5e9dff208d057f4733ca91/tuple_243_11_NIL.root;/store/user/mario/QCD_Pt_350_EMEnriched_TuneZ2star_8TeV_pythia6/Summer12-stop-pfele-step1/3d176ac8da5e9dff208d057f4733ca91/tuple_331_12_5NH.root;/store/user/mario/QCD_Pt_350_EMEnriched_TuneZ2star_8TeV_pythia6/Summer12-stop-pfele-step1/3d176ac8da5e9dff208d057f4733ca91/tuple_336_10_cQ6.root;/store/user/mario/QCD_Pt_350_EMEnriched_TuneZ2star_8TeV_pythia6/Summer12-stop-pfele-step1/3d176ac8da5e9dff208d057f4733ca91/tuple_202_11_cLt.root;/store/user/mario/QCD_Pt_350_EMEnriched_TuneZ2star_8TeV_pythia6/Summer12-stop-pfele-step1/3d176ac8da5e9dff208d057f4733ca91/tuple_353_12_mRr.root
parentFiles=
lumisRange=
>>> Executable cmsRun
/cvmfs/cms.cern.ch/slc5_amd64_gcc462/cms/cmssw/CMSSW_5_3_5/bin/slc5_amd64_gcc462/cmsRun
ok executable found
>>> info for dashboard:
***** Cat /home/cms006/home_crobe_565022893/CREAM565022893/glide_r13391/execute/dir_24872/jobreport.txt *****
MonitorJobID=98_https://submit-2.t2.ucsd.edu//121127//17528.97
MonitorID=liis_crab_0_121127_012526_r0h5c1
ExeStart=cmsRun
***** End Cat jobreport *****
Parameters sent to Dashboard.
>>> cmsRun started at Tue Nov 27 00:04:43 UTC 2012
>>> cmsRun ended at Tue Nov 27 00:20:46 UTC 2012
>>> info for dashboard:
***** Cat /home/cms006/home_crobe_565022893/CREAM565022893/glide_r13391/execute/dir_24872/jobreport.txt *****
MonitorJobID=98_https://submit-2.t2.ucsd.edu//121127//17528.97
MonitorID=liis_crab_0_121127_012526_r0h5c1
ExeEnd=cmsRun
***** End Cat jobreport *****
Parameters sent to Dashboard.
TIME_EXE = 963 sec
>>> cmsRun wrote 168 lines of stdout+stderr
>>> START OF printout of 168 lines from stdout+stderr
27-Nov-2012 02:04:55 EET  Initiating request to open file file:/hdfs/cms/store/user/mario/QCD_Pt_350_EMEnriched_TuneZ2star_8TeV_pythia6/Summer12-stop-pfele-step1/3d176ac8da5e9dff208d057f4733ca91/tuple_26_13_Z0l.root
27-Nov-2012 02:05:03 EET  Successfully opened file file:/hdfs/cms/store/user/mario/QCD_Pt_350_EMEnriched_TuneZ2star_8TeV_pythia6/Summer12-stop-pfele-step1/3d176ac8da5e9dff208d057f4733ca91/tuple_26_13_Z0l.root
Begin processing the 1st record. Run 1, Event 302927977, LumiSection 69432 at 27-Nov-2012 02:05:36.616 EET
27-Nov-2012 02:05:50 EET  Closed file file:/hdfs/cms/store/user/mario/QCD_Pt_350_EMEnriched_TuneZ2star_8TeV_pythia6/Summer12-stop-pfele-step1/3d176ac8da5e9dff208d057f4733ca91/tuple_26_13_Z0l.root
27-Nov-2012 02:05:50 EET  Initiating request to open file file:/hdfs/cms/store/user/mario/QCD_Pt_350_EMEnriched_TuneZ2star_8TeV_pythia6/Summer12-stop-pfele-step1/3d176ac8da5e9dff208d057f4733ca91/tuple_243_11_NIL.root
27-Nov-2012 02:05:51 EET  Successfully opened file file:/hdfs/cms/store/user/mario/QCD_Pt_350_EMEnriched_TuneZ2star_8TeV_pythia6/Summer12-stop-pfele-step1/3d176ac8da5e9dff208d057f4733ca91/tuple_243_11_NIL.root
Begin processing the 1001st record. Run 1, Event 302300518, LumiSection 69288 at 27-Nov-2012 02:06:26.744 EET
Begin processing the 2001st record. Run 1, Event 304989540, LumiSection 69904 at 27-Nov-2012 02:06:30.656 EET
Begin processing the 3001st record. Run 1, Event 304942817, LumiSection 69893 at 27-Nov-2012 02:06:38.980 EET
Begin processing the 4001st record. Run 1, Event 309411605, LumiSection 70918 at 27-Nov-2012 02:06:43.165 EET
Begin processing the 5001st record. Run 1, Event 239102103, LumiSection 54803 at 27-Nov-2012 02:06:49.312 EET
Begin processing the 6001st record. Run 1, Event 278397314, LumiSection 63809 at 27-Nov-2012 02:06:53.419 EET
Begin processing the 7001st record. Run 1, Event 257673913, LumiSection 59059 at 27-Nov-2012 02:07:01.971 EET
Begin processing the 8001st record. Run 1, Event 277126279, LumiSection 63518 at 27-Nov-2012 02:07:09.731 EET
Begin processing the 9001st record. Run 1, Event 137476081, LumiSection 31510 at 27-Nov-2012 02:07:14.498 EET
Begin processing the 10001st record. Run 1, Event 158370970, LumiSection 36299 at 27-Nov-2012 02:07:21.016 EET
Begin processing the 11001st record. Run 1, Event 141347356, LumiSection 32397 at 27-Nov-2012 02:07:25.013 EET
Begin processing the 12001st record. Run 1, Event 158573725, LumiSection 36346 at 27-Nov-2012 02:07:31.310 EET
Begin processing the 13001st record. Run 1, Event 301178983, LumiSection 69031 at 27-Nov-2012 02:07:34.711 EET
Begin processing the 14001st record. Run 1, Event 306900169, LumiSection 70342 at 27-Nov-2012 02:07:40.284 EET
Begin processing the 15001st record. Run 1, Event 306311889, LumiSection 70207 at 27-Nov-2012 02:07:44.279 EET
Begin processing the 16001st record. Run 1, Event 317351118, LumiSection 72737 at 27-Nov-2012 02:07:50.429 EET
Begin processing the 17001st record. Run 1, Event 198227697, LumiSection 45434 at 27-Nov-2012 02:07:57.312 EET
Begin processing the 18001st record. Run 1, Event 201078738, LumiSection 46088 at 27-Nov-2012 02:08:00.298 EET
Begin processing the 19001st record. Run 1, Event 210042388, LumiSection 48142 at 27-Nov-2012 02:08:06.204 EET
Begin processing the 20001st record. Run 1, Event 234175128, LumiSection 53673 at 27-Nov-2012 02:08:10.320 EET
Begin processing the 21001st record. Run 1, Event 238281309, LumiSection 54615 at 27-Nov-2012 02:08:17.325 EET
Begin processing the 22001st record. Run 1, Event 239132288, LumiSection 54810 at 27-Nov-2012 02:08:21.317 EET
Begin processing the 23001st record. Run 1, Event 258060809, LumiSection 59148 at 27-Nov-2012 02:08:29.348 EET
Begin processing the 24001st record. Run 1, Event 271941141, LumiSection 62329 at 27-Nov-2012 02:08:34.052 EET
Begin processing the 25001st record. Run 1, Event 135150041, LumiSection 30977 at 27-Nov-2012 02:08:39.756 EET
Begin processing the 26001st record. Run 1, Event 141787601, LumiSection 32498 at 27-Nov-2012 02:08:47.934 EET
Begin processing the 27001st record. Run 1, Event 175920978, LumiSection 40322 at 27-Nov-2012 02:08:52.050 EET
Begin processing the 28001st record. Run 1, Event 182781531, LumiSection 41894 at 27-Nov-2012 02:08:58.974 EET
Begin processing the 29001st record. Run 1, Event 215532811, LumiSection 49401 at 27-Nov-2012 02:09:03.326 EET
Begin processing the 30001st record. Run 1, Event 238400730, LumiSection 54642 at 27-Nov-2012 02:09:09.558 EET
Begin processing the 31001st record. Run 1, Event 238319211, LumiSection 54623 at 27-Nov-2012 02:09:13.370 EET
Begin processing the 32001st record. Run 1, Event 252967454, LumiSection 57981 at 27-Nov-2012 02:09:18.394 EET
27-Nov-2012 02:09:19 EET  Closed file file:/hdfs/cms/store/user/mario/QCD_Pt_350_EMEnriched_TuneZ2star_8TeV_pythia6/Summer12-stop-pfele-step1/3d176ac8da5e9dff208d057f4733ca91/tuple_243_11_NIL.root
27-Nov-2012 02:09:19 EET  Initiating request to open file file:/hdfs/cms/store/user/mario/QCD_Pt_350_EMEnriched_TuneZ2star_8TeV_pythia6/Summer12-stop-pfele-step1/3d176ac8da5e9dff208d057f4733ca91/tuple_331_12_5NH.root
27-Nov-2012 02:09:19 EET  Successfully opened file file:/hdfs/cms/store/user/mario/QCD_Pt_350_EMEnriched_TuneZ2star_8TeV_pythia6/Summer12-stop-pfele-step1/3d176ac8da5e9dff208d057f4733ca91/tuple_331_12_5NH.root
Begin processing the 33001st record. Run 1, Event 213662226, LumiSection 48972 at 27-Nov-2012 02:09:54.866 EET
Begin processing the 34001st record. Run 1, Event 217184185, LumiSection 49779 at 27-Nov-2012 02:10:00.264 EET
Begin processing the 35001st record. Run 1, Event 217433216, LumiSection 49836 at 27-Nov-2012 02:10:04.061 EET
Begin processing the 36001st record. Run 1, Event 219227467, LumiSection 50247 at 27-Nov-2012 02:10:10.739 EET
Begin processing the 37001st record. Run 1, Event 191169994, LumiSection 43817 at 27-Nov-2012 02:10:14.665 EET
Begin processing the 38001st record. Run 1, Event 196708314, LumiSection 45086 at 27-Nov-2012 02:10:21.439 EET
Begin processing the 39001st record. Run 1, Event 197215085, LumiSection 45202 at 27-Nov-2012 02:10:25.787 EET
Begin processing the 40001st record. Run 1, Event 197438062, LumiSection 45253 at 27-Nov-2012 02:10:32.510 EET
Begin processing the 41001st record. Run 1, Event 119834866, LumiSection 27467 at 27-Nov-2012 02:10:36.380 EET
Begin processing the 42001st record. Run 1, Event 253689134, LumiSection 58146 at 27-Nov-2012 02:10:42.575 EET
Begin processing the 43001st record. Run 1, Event 138682950, LumiSection 31787 at 27-Nov-2012 02:10:48.968 EET
Begin processing the 44001st record. Run 1, Event 140350421, LumiSection 32169 at 27-Nov-2012 02:10:55.279 EET
Begin processing the 45001st record. Run 1, Event 214461870, LumiSection 49155 at 27-Nov-2012 02:11:02.820 EET
Begin processing the 46001st record. Run 1, Event 212573679, LumiSection 48722 at 27-Nov-2012 02:11:08.499 EET
Begin processing the 47001st record. Run 1, Event 225541805, LumiSection 51695 at 27-Nov-2012 02:11:14.088 EET
Begin processing the 48001st record. Run 1, Event 230124689, LumiSection 52745 at 27-Nov-2012 02:11:19.136 EET
Begin processing the 49001st record. Run 1, Event 278803611, LumiSection 63902 at 27-Nov-2012 02:11:26.690 EET
Begin processing the 50001st record. Run 1, Event 286147521, LumiSection 65586 at 27-Nov-2012 02:11:34.854 EET
Begin processing the 51001st record. Run 1, Event 287567273, LumiSection 65911 at 27-Nov-2012 02:11:38.753 EET
Begin processing the 52001st record. Run 1, Event 314182782, LumiSection 72011 at 27-Nov-2012 02:11:44.690 EET
Begin processing the 53001st record. Run 1, Event 177634221, LumiSection 40714 at 27-Nov-2012 02:11:48.578 EET
Begin processing the 54001st record. Run 1, Event 202666380, LumiSection 46452 at 27-Nov-2012 02:11:54.832 EET
Begin processing the 55001st record. Run 1, Event 13820655, LumiSection 3168 at 27-Nov-2012 02:11:57.727 EET
Begin processing the 56001st record. Run 1, Event 92878908, LumiSection 21288 at 27-Nov-2012 02:12:07.642 EET
Begin processing the 57001st record. Run 1, Event 78342329, LumiSection 17957 at 27-Nov-2012 02:12:12.349 EET
Begin processing the 58001st record. Run 1, Event 102291736, LumiSection 23446 at 27-Nov-2012 02:12:18.196 EET
Begin processing the 59001st record. Run 1, Event 114989377, LumiSection 26356 at 27-Nov-2012 02:12:23.785 EET
Begin processing the 60001st record. Run 1, Event 211819239, LumiSection 48549 at 27-Nov-2012 02:12:27.579 EET
Begin processing the 61001st record. Run 1, Event 213988438, LumiSection 49047 at 27-Nov-2012 02:12:33.263 EET
Begin processing the 62001st record. Run 1, Event 228203531, LumiSection 52305 at 27-Nov-2012 02:12:37.389 EET
Begin processing the 63001st record. Run 1, Event 226350125, LumiSection 51880 at 27-Nov-2012 02:12:42.859 EET
27-Nov-2012 02:12:45 EET  Closed file file:/hdfs/cms/store/user/mario/QCD_Pt_350_EMEnriched_TuneZ2star_8TeV_pythia6/Summer12-stop-pfele-step1/3d176ac8da5e9dff208d057f4733ca91/tuple_331_12_5NH.root
27-Nov-2012 02:12:45 EET  Initiating request to open file file:/hdfs/cms/store/user/mario/QCD_Pt_350_EMEnriched_TuneZ2star_8TeV_pythia6/Summer12-stop-pfele-step1/3d176ac8da5e9dff208d057f4733ca91/tuple_336_10_cQ6.root
27-Nov-2012 02:12:45 EET  Successfully opened file file:/hdfs/cms/store/user/mario/QCD_Pt_350_EMEnriched_TuneZ2star_8TeV_pythia6/Summer12-stop-pfele-step1/3d176ac8da5e9dff208d057f4733ca91/tuple_336_10_cQ6.root
Begin processing the 64001st record. Run 1, Event 254228162, LumiSection 58270 at 27-Nov-2012 02:13:21.257 EET
Begin processing the 65001st record. Run 1, Event 254367225, LumiSection 58301 at 27-Nov-2012 02:13:25.823 EET
Begin processing the 66001st record. Run 1, Event 265743916, LumiSection 60909 at 27-Nov-2012 02:13:33.264 EET
Begin processing the 67001st record. Run 1, Event 267648058, LumiSection 61345 at 27-Nov-2012 02:13:37.151 EET
Begin processing the 68001st record. Run 1, Event 270250674, LumiSection 61942 at 27-Nov-2012 02:13:44.751 EET
Begin processing the 69001st record. Run 1, Event 288772405, LumiSection 66187 at 27-Nov-2012 02:13:48.764 EET
Begin processing the 70001st record. Run 1, Event 272431730, LumiSection 62442 at 27-Nov-2012 02:13:57.934 EET
Begin processing the 71001st record. Run 1, Event 278886155, LumiSection 63921 at 27-Nov-2012 02:14:05.731 EET
Begin processing the 72001st record. Run 1, Event 282635585, LumiSection 64781 at 27-Nov-2012 02:14:09.431 EET
Begin processing the 73001st record. Run 1, Event 263920273, LumiSection 60491 at 27-Nov-2012 02:14:15.792 EET
Begin processing the 74001st record. Run 1, Event 265779904, LumiSection 60917 at 27-Nov-2012 02:14:21.137 EET
Begin processing the 75001st record. Run 1, Event 271836666, LumiSection 62305 at 27-Nov-2012 02:14:27.710 EET
Begin processing the 76001st record. Run 1, Event 278469673, LumiSection 63826 at 27-Nov-2012 02:14:32.476 EET
Begin processing the 77001st record. Run 1, Event 119528318, LumiSection 27396 at 27-Nov-2012 02:14:38.983 EET
Begin processing the 78001st record. Run 1, Event 123648249, LumiSection 28341 at 27-Nov-2012 02:14:45.422 EET
Begin processing the 79001st record. Run 1, Event 125180143, LumiSection 28692 at 27-Nov-2012 02:14:50.559 EET
Begin processing the 80001st record. Run 1, Event 142092214, LumiSection 32568 at 27-Nov-2012 02:14:58.838 EET
Begin processing the 81001st record. Run 1, Event 6500310, LumiSection 1490 at 27-Nov-2012 02:15:03.171 EET
Begin processing the 82001st record. Run 1, Event 19582968, LumiSection 4489 at 27-Nov-2012 02:15:09.696 EET
Begin processing the 83001st record. Run 1, Event 85033266, LumiSection 19490 at 27-Nov-2012 02:15:13.174 EET
Begin processing the 84001st record. Run 1, Event 78541929, LumiSection 18002 at 27-Nov-2012 02:15:18.872 EET
Begin processing the 85001st record. Run 1, Event 129999755, LumiSection 29796 at 27-Nov-2012 02:15:23.173 EET
Begin processing the 86001st record. Run 1, Event 122327052, LumiSection 28038 at 27-Nov-2012 02:15:28.855 EET
Begin processing the 87001st record. Run 1, Event 123594049, LumiSection 28328 at 27-Nov-2012 02:15:35.382 EET
Begin processing the 88001st record. Run 1, Event 163259549, LumiSection 37420 at 27-Nov-2012 02:15:39.615 EET
Begin processing the 89001st record. Run 1, Event 213360280, LumiSection 48903 at 27-Nov-2012 02:15:46.553 EET
Begin processing the 90001st record. Run 1, Event 184460663, LumiSection 42279 at 27-Nov-2012 02:15:51.208 EET
Begin processing the 91001st record. Run 1, Event 192870165, LumiSection 44206 at 27-Nov-2012 02:15:59.164 EET
Begin processing the 92001st record. Run 1, Event 238430076, LumiSection 54649 at 27-Nov-2012 02:16:04.161 EET
Begin processing the 93001st record. Run 1, Event 265865446, LumiSection 60937 at 27-Nov-2012 02:16:10.050 EET
Begin processing the 94001st record. Run 1, Event 231329049, LumiSection 53021 at 27-Nov-2012 02:16:14.586 EET
Begin processing the 95001st record. Run 1, Event 251530712, LumiSection 57651 at 27-Nov-2012 02:16:17.400 EET
27-Nov-2012 02:16:17 EET  Closed file file:/hdfs/cms/store/user/mario/QCD_Pt_350_EMEnriched_TuneZ2star_8TeV_pythia6/Summer12-stop-pfele-step1/3d176ac8da5e9dff208d057f4733ca91/tuple_336_10_cQ6.root
27-Nov-2012 02:16:17 EET  Initiating request to open file file:/hdfs/cms/store/user/mario/QCD_Pt_350_EMEnriched_TuneZ2star_8TeV_pythia6/Summer12-stop-pfele-step1/3d176ac8da5e9dff208d057f4733ca91/tuple_202_11_cLt.root
27-Nov-2012 02:16:17 EET  Successfully opened file file:/hdfs/cms/store/user/mario/QCD_Pt_350_EMEnriched_TuneZ2star_8TeV_pythia6/Summer12-stop-pfele-step1/3d176ac8da5e9dff208d057f4733ca91/tuple_202_11_cLt.root
Begin processing the 96001st record. Run 1, Event 191235827, LumiSection 43832 at 27-Nov-2012 02:16:46.679 EET
Begin processing the 97001st record. Run 1, Event 201350029, LumiSection 46150 at 27-Nov-2012 02:16:52.427 EET
Begin processing the 98001st record. Run 1, Event 207546725, LumiSection 47570 at 27-Nov-2012 02:16:56.667 EET
Begin processing the 99001st record. Run 1, Event 207826988, LumiSection 47634 at 27-Nov-2012 02:17:03.178 EET
Begin processing the 100001st record. Run 1, Event 217461693, LumiSection 49843 at 27-Nov-2012 02:17:07.394 EET
Begin processing the 101001st record. Run 1, Event 231878371, LumiSection 53147 at 27-Nov-2012 02:17:14.711 EET
Begin processing the 102001st record. Run 1, Event 207380790, LumiSection 47532 at 27-Nov-2012 02:17:19.774 EET
Begin processing the 103001st record. Run 1, Event 214935578, LumiSection 49264 at 27-Nov-2012 02:17:24.776 EET
Begin processing the 104001st record. Run 1, Event 217655140, LumiSection 49887 at 27-Nov-2012 02:17:31.190 EET
Begin processing the 105001st record. Run 1, Event 288769439, LumiSection 66186 at 27-Nov-2012 02:17:34.894 EET
Begin processing the 106001st record. Run 1, Event 35488604, LumiSection 8134 at 27-Nov-2012 02:17:40.304 EET
Begin processing the 107001st record. Run 1, Event 52911434, LumiSection 12128 at 27-Nov-2012 02:17:43.951 EET
Begin processing the 108001st record. Run 1, Event 95603991, LumiSection 21913 at 27-Nov-2012 02:17:51.328 EET
Begin processing the 109001st record. Run 1, Event 89609670, LumiSection 20539 at 27-Nov-2012 02:17:55.180 EET
Begin processing the 110001st record. Run 1, Event 123018357, LumiSection 28196 at 27-Nov-2012 02:18:01.821 EET
Begin processing the 111001st record. Run 1, Event 125816371, LumiSection 28838 at 27-Nov-2012 02:18:06.323 EET
Begin processing the 112001st record. Run 1, Event 129125461, LumiSection 29596 at 27-Nov-2012 02:18:15.043 EET
Begin processing the 113001st record. Run 1, Event 131325275, LumiSection 30100 at 27-Nov-2012 02:18:22.171 EET
Begin processing the 114001st record. Run 1, Event 131597419, LumiSection 30163 at 27-Nov-2012 02:18:27.484 EET
Begin processing the 115001st record. Run 1, Event 207885642, LumiSection 47648 at 27-Nov-2012 02:18:36.487 EET
Begin processing the 116001st record. Run 1, Event 141185582, LumiSection 32360 at 27-Nov-2012 02:18:39.085 EET
Begin processing the 117001st record. Run 1, Event 141269816, LumiSection 32380 at 27-Nov-2012 02:18:46.242 EET
Begin processing the 118001st record. Run 1, Event 191507028, LumiSection 43894 at 27-Nov-2012 02:18:50.586 EET
Begin processing the 119001st record. Run 1, Event 186639237, LumiSection 42778 at 27-Nov-2012 02:18:56.400 EET
Begin processing the 120001st record. Run 1, Event 242390946, LumiSection 55557 at 27-Nov-2012 02:19:01.317 EET
Begin processing the 121001st record. Run 1, Event 216581007, LumiSection 49641 at 27-Nov-2012 02:19:04.992 EET
Begin processing the 122001st record. Run 1, Event 225344157, LumiSection 51649 at 27-Nov-2012 02:19:11.944 EET
Begin processing the 123001st record. Run 1, Event 266704156, LumiSection 61129 at 27-Nov-2012 02:19:16.889 EET
Begin processing the 124001st record. Run 1, Event 236882886, LumiSection 54294 at 27-Nov-2012 02:19:24.924 EET
Begin processing the 125001st record. Run 1, Event 249754733, LumiSection 57244 at 27-Nov-2012 02:19:28.442 EET
Begin processing the 126001st record. Run 1, Event 259903772, LumiSection 59570 at 27-Nov-2012 02:19:37.254 EET
27-Nov-2012 02:19:41 EET  Closed file file:/hdfs/cms/store/user/mario/QCD_Pt_350_EMEnriched_TuneZ2star_8TeV_pythia6/Summer12-stop-pfele-step1/3d176ac8da5e9dff208d057f4733ca91/tuple_202_11_cLt.root
27-Nov-2012 02:19:41 EET  Initiating request to open file file:/hdfs/cms/store/user/mario/QCD_Pt_350_EMEnriched_TuneZ2star_8TeV_pythia6/Summer12-stop-pfele-step1/3d176ac8da5e9dff208d057f4733ca91/tuple_353_12_mRr.root
27-Nov-2012 02:19:42 EET  Successfully opened file file:/hdfs/cms/store/user/mario/QCD_Pt_350_EMEnriched_TuneZ2star_8TeV_pythia6/Summer12-stop-pfele-step1/3d176ac8da5e9dff208d057f4733ca91/tuple_353_12_mRr.root
Begin processing the 127001st record. Run 1, Event 192695728, LumiSection 44166 at 27-Nov-2012 02:20:12.038 EET
Begin processing the 128001st record. Run 1, Event 194424607, LumiSection 44563 at 27-Nov-2012 02:20:15.459 EET
Begin processing the 129001st record. Run 1, Event 202803086, LumiSection 46483 at 27-Nov-2012 02:20:23.138 EET
Begin processing the 130001st record. Run 1, Event 203341879, LumiSection 46606 at 27-Nov-2012 02:20:27.099 EET
Begin processing the 131001st record. Run 1, Event 43849846, LumiSection 10051 at 27-Nov-2012 02:20:34.680 EET
27-Nov-2012 02:20:38 EET  Closed file file:/hdfs/cms/store/user/mario/QCD_Pt_350_EMEnriched_TuneZ2star_8TeV_pythia6/Summer12-stop-pfele-step1/3d176ac8da5e9dff208d057f4733ca91/tuple_353_12_mRr.root

=============================================

MessageLogger Summary

 type     category        sev    module        subroutine        count    total
 ---- -------------------- -- ---------------- ----------------  -----    -----
    1 fileAction           -s file_close                             6        6
    2 fileAction           -s file_open                             12       12

 type    category    Examples: run/evt        run/evt          run/evt
 ---- -------------------- ---------------- ---------------- ----------------
    1 fileAction           PostProcessEvent PostProcessEvent PostEndRun
    2 fileAction           pre-events       pre-events       PostProcessEvent

Severity    # Occurrences   Total Occurrences
--------    -------------   -----------------
System                 18                  18
>>> END OF printout of 168 lines from stdout+stderr
>>> Parse FrameworkJobReport crab_fjr.xml
Result of parsing the FrameworkJobReport crab_fjr.xml: Popularity start
lumisRange : 1::1198,8134,8138,8744,8790,11809,12041,12128,12327,13308,14048,15863,15882,15994,20531,20539,21913,22136,26526,27452,27794,28050,28196,28256,28447,28504,28777,28796,28838,29183,29235,29267,29269,29596,30094,30100,30117,30120,30125,30142,30163,30166,30645-30646,30655,30658,30703,30705,30738,30776,32286,32293,32360,32366,32368,32380,33889,34306,34317,34321,37163-37164,42317,42727,42734,42778,42798,43353,43832,43837,43863,43876,43882,43894,43909,43914,43917,43919,46062-46063,46128,46150,47475,47478,47494,47497,47501,47510,47513,47522-47523,47532,47541,47553,47560,47570,47574,47590,47595,47598,47606,47615-47616,47630,47633-47634,47641,47648,47665,47674,48486,48661,49264,49582,49641,49687,49697,49699,49775,49781,49788,49815,49843,49850,49855,49860,49887,49891,50234,50301,51649,53118,53147,53578,53638,53827,53844,53909,53974,54028-54029,54067,54293-54294,54299,54378,55557,55621,55641,55778,55824,55909,55913,55934,56690,56754,57244,59405,59570,59574,61129,61884,63135,63187,64437,65034,66181,66186::1;1::8599,10051,10070,13453,13672,13950,38507,40684,44166,44439-44440,44447,44449-44450,44563-44564,45691,46209,46468,46483,46501,46520,46532,46606-46607,47112,47981,54317::2;1::1466,1490,1502,1832,1907,1935,1965,4247,4489,14572,15385,17679,17913,17928,17971,18002,18076,18372,19490,23129,26772,26802,27095,27122,27128,27259,27264,27396,27491,27635,27894,27925,28011,28038,28043,28048,28255,28265,28328,28341,28409,28430,28574,28692,28703,29172,29398,29586,29794,29796,31080,31096,31123,31886,32568,33129,34333,36652,37420,37437,38343,38376,38381,38388,42278-42279,43265-43266,43299-43300,43601,44206,44208,44235,44420,44571,45292,46471,48901,48903,51886,52481,52683,52687,52727,52803,53021,53045,53222,53285,53311,54649,56260,57651,57883,58217,58228,58232,58270,58284,58301,58756,58908,59076,59085,60119,60491,60607,60885,60904,60906,60909,60917,60937,61266,61291,61345,61375,61396,61400,61430,61449,61464,61467,61732,61942,61944,62115,62141,62163,62183,62188,62219,62285,62305,62377,62379,62387-62388,62390-62391,62404,62439,62442,63794,63826,63841,63862,63890,63916,63921,63926,63928,63934,63950,64004,64292,64301,64303,64357,64781,64784,65306,65756,66187,66826,68292::3;1::3168,3189,9280,10704,10782,12044,15178,17908,17957,18035,18198,20811,21288,23446,23449,24025,25036,26356,27090,27386,27442,27467,27484,27634,27823,27979,28054,28138,28259,28343,28589,28645,29543,30037,31729,31787,32169,32179,34305,35277,39467,39479,39620,39848,40714,40721,40738,42370,43562,43593,43789,43817,44292,44607,45028,45051,45061,45072,45086,45090-45091,45138,45172,45202,45217,45220,45240,45249,45253,46047,46452,46505,46680,46714,46727,47128,47464,48528,48540,48549,48640,48673-48675,48700,48710,48713,48720,48722,48724,48739,48910,48923,48936,48953,48967,48972,49043,49047,49074,49155,49163,49166,49189,49229,49244,49247,49255,49779,49791,49804-49805,49830,49836,49885,49890,50245,50247,50261,50274,50430,50446,51111,51695,51750,51880,51885,52305,52312,52494,52503,52531,52745-52746,53078,53182,55559,57530,57888,58146,58239,59044,62304,63614,63830,63876,63902,63913,64291,64326,64332,64336,64655,65234,65586,65607,65654-65655,65893,65911,68847,69760,70291,70829,70851,72011,72189::4;1::69432,69508,69719,69933::5;1::26985,27097,27158,27417,27468,29792,30904,30919,30977,31055,31510,31624,32127,32207,32216,32221,32397,32434,32494,32498,32799,36299,36304-36305,36307,36321,36332,36346,36352,36356,36410,36425,40310,40318,40322,41874,41876,41879,41886,41891,41894-41895,45328,45361,45373,45419,45433-45434,45438-45439,45450,45458,46088,46113,46117,46136,47905,47935,47945,48142,48169,49401,49453,49464,49467,49531,49550,50134,50311,51534,52255,53673,53729,53785,54456,54568,54585,54593,54598,54615,54622-54624,54635,54642,54678,54693,54736,54739,54760,54786,54803,54810,55142,55320,55747,55785,56109,56370,56508,56548,56569,56596,57657,57665,57981,58162,58543,58807,58809,59059,59148,59311,60202,60692,60878,61327,62196,62221,62259,62307,62329,62998,63072,63518,63809,66333,67344,67911-67912,69031,69054,69163,69167,69288,69291,69331,69429,69465,69569-69570,69684-69685,69724-69725,69887,69892-69893,69900-69901,69904,69912,70119,70168-70170,70207,70298,70302,70342,70913,70918,70921,72569,72606,72608,72737::6;
lumisParentRange : 
Basename : /store/user/mario/QCD_Pt_350_EMEnriched_TuneZ2star_8TeV_pythia6/Summer12-stop-pfele-step1/3d176ac8da5e9dff208d057f4733ca91/tuple_
BasenameParent : 
parentFiles : 
inputBlocks : /QCD_Pt_350_EMEnriched_TuneZ2star_8TeV_pythia6/mario-Summer12-stop-pfele-step1-3d176ac8da5e9dff208d057f4733ca91/USER#dbb7dde3-7026-4b96-ac63-9aae15efc8b5
inputFiles : 202_11_cLt.root::1::EDM::Local::1;353_12_mRr.root::1::EDM::Local::2;336_10_cQ6.root::1::EDM::Local::3;331_12_5NH.root::1::EDM::Local::4;26_13_Z0l.root::1::EDM::Local::5;243_11_NIL.root::1::EDM::Local::6;
Popularity stop
Extracted ExitStatus from FrameworkJobReport parsing output: 0
>>> Executable succeded  0
ExeExitCode=0
EXECUTABLE_EXIT_STATUS = 0
>>> current directory /home/cms006/home_crobe_565022893/CREAM565022893/glide_r13391/execute/dir_24872/CMSSW_5_3_5
>>>  (SOFTWARE_DIR): /home/cms006/home_crobe_565022893/CREAM565022893/glide_r13391/execute/dir_24872/CMSSW_5_3_5
>>> (WORKING_DIR): 
>>> current directory content:
total 164
drwxr-xr-x 3 cms006 cms  4096 Nov 27 02:04 .SCRAM
-rw-r--r-- 1 cms006 cms 30066 Nov 27 02:04 CMSSW.py.pkl
drwxr-xr-x 3 cms006 cms  4096 Nov 27 02:04 bin
drwxr-xr-x 3 cms006 cms  4096 Nov 27 02:04 cfipython
drwxr-xr-x 5 cms006 cms  4096 Nov 27 02:04 config
-rw-r--r-- 1 cms006 cms    17 Nov 27 02:20 cpu_timing.txt
drwxr-xr-x 2 cms006 cms  4096 Nov 27 02:04 doc
-rw-r--r-- 1 cms006 cms 19225 Nov 27 02:20 executable.out
drwxr-xr-x 2 cms006 cms  4096 Nov 27 02:04 include
drwxrwxrwx 3 cms006 cms  4096 Oct 22 16:38 lib
drwxr-xr-x 3 cms006 cms  4096 Nov 27 02:04 logs
drwxr-xr-x 3 cms006 cms  4096 Nov 27 02:04 objs
-rw-r--r-- 1 cms006 cms 18158 Nov 27 02:20 optHistograms.root
-rw-r--r-- 1 cms006 cms   104 Nov 27 02:04 pset.py
-rw-r--r-- 1 cms006 cms 19647 Nov 27 02:04 pset.py.pkl
-rw-r--r-- 1 cms006 cms   289 Nov 27 02:04 pset.pyc
drwxr-xr-x 2 cms006 cms  4096 Nov 27 02:04 python
-rw-r--r-- 1 cms006 cms   420 Nov 27 02:20 report.log
drwxrwxrwx 4 cms006 cms  4096 Nov 27 02:04 src
drwxr-xr-x 3 cms006 cms  4096 Nov 27 02:04 test
drwxr-xr-x 3 cms006 cms  4096 Nov 27 02:04 tmp
>>> current directory /home/cms006/home_crobe_565022893/CREAM565022893/glide_r13391/execute/dir_24872/CMSSW_5_3_5
>>> (SOFTWARE_DIR): /home/cms006/home_crobe_565022893/CREAM565022893/glide_r13391/execute/dir_24872/CMSSW_5_3_5
>>> (WORKING_DIR): 
>>> current directory content:
total 144
drwxr-xr-x 3 cms006 cms  4096 Nov 27 02:04 .SCRAM
-rw-r--r-- 1 cms006 cms 30066 Nov 27 02:04 CMSSW.py.pkl
drwxr-xr-x 3 cms006 cms  4096 Nov 27 02:04 bin
drwxr-xr-x 3 cms006 cms  4096 Nov 27 02:04 cfipython
drwxr-xr-x 5 cms006 cms  4096 Nov 27 02:04 config
-rw-r--r-- 1 cms006 cms    17 Nov 27 02:20 cpu_timing.txt
drwxr-xr-x 2 cms006 cms  4096 Nov 27 02:04 doc
-rw-r--r-- 1 cms006 cms 19225 Nov 27 02:20 executable.out
drwxr-xr-x 2 cms006 cms  4096 Nov 27 02:04 include
drwxrwxrwx 3 cms006 cms  4096 Oct 22 16:38 lib
drwxr-xr-x 3 cms006 cms  4096 Nov 27 02:04 logs
drwxr-xr-x 3 cms006 cms  4096 Nov 27 02:04 objs
-rw-r--r-- 1 cms006 cms   104 Nov 27 02:04 pset.py
-rw-r--r-- 1 cms006 cms 19647 Nov 27 02:04 pset.py.pkl
-rw-r--r-- 1 cms006 cms   289 Nov 27 02:04 pset.pyc
drwxr-xr-x 2 cms006 cms  4096 Nov 27 02:04 python
-rw-r--r-- 1 cms006 cms   420 Nov 27 02:20 report.log
drwxrwxrwx 4 cms006 cms  4096 Nov 27 02:04 src
drwxr-xr-x 3 cms006 cms  4096 Nov 27 02:04 test
drwxr-xr-x 3 cms006 cms  4096 Nov 27 02:04 tmp
>>> current directory (RUNTIME_AREA):  /home/cms006/home_crobe_565022893/CREAM565022893/glide_r13391/execute/dir_24872
>>> current dir: /home/cms006/home_crobe_565022893/CREAM565022893/glide_r13391/execute/dir_24872
>>> current dir content:
total 25800
-rw-rw-rw-  1 cms006 cms     5606 Nov 27 02:04 .job.ad
-rw-rw-rw-  1 cms006 cms    11530 Nov 27 02:04 .machine.ad
-rw-rw-rw-  1 cms006 cms      105 Nov 27 01:26 CMSSW.py
-rw-rw-rw-  1 cms006 cms    30066 Nov 27 01:26 CMSSW.py.pkl
-rwxrw-rw-  1 cms006 cms    23333 Nov 27 02:04 CMSSW.sh
drwxr-xr-x 15 cms006 cms     4096 Nov 27 02:21 CMSSW_5_3_5
-rw-rw-rw-  1 cms006 cms        0 Nov 27 02:04 CMSSW_98.stderr
-rw-rw-rw-  1 cms006 cms    35640 Nov 27 02:21 CMSSW_98.stdout
-rw-r--r--  1 cms006 cms      347 Nov 27 02:04 CacheEnv.sh
-rw-rw-rw-  1 cms006 cms     7291 Jun  9  2010 DashboardAPI.py
-rw-r--r--  1 cms006 cms     6883 Nov 27 02:04 DashboardAPI.pyc
drwxrwxrwx  3 cms006 cms     4096 Nov 27 02:20 IMProv
-rw-rw-rw-  1 cms006 cms     2748 Mar  8  2006 Logger.py
-rw-r--r--  1 cms006 cms     3353 Nov 27 02:04 Logger.pyc
-rw-rw-rw-  1 cms006 cms    24524 Mar 28  2008 ProcInfo.py
-rw-r--r--  1 cms006 cms    23470 Nov 27 02:04 ProcInfo.pyc
drwxrwxrwx  7 cms006 cms     4096 Nov 27 02:04 ProdCommon
drwxrwxrwx  3 cms006 cms     4096 Nov 27 02:04 WMCore
-rw-r--r--  1 cms006 cms     2252 Nov 27 02:18 Watchdog_98.log
-rw-rw-rw-  1 cms006 cms    32895 Mar 28  2008 apmon.py
-rw-r--r--  1 cms006 cms    28874 Nov 27 02:04 apmon.pyc
-rw-rw-rw-  1 cms006 cms   101163 Nov 27 02:04 arguments.xml
-rwxrwxrwx  1 cms006 cms    37427 Sep 13 14:14 cmscp.py
-rwxrwxrwx  1 cms006 cms    23333 Nov 27 02:04 condor_exec.exe
-rw-rw-rw-  1 cms006 cms      542 Nov 27 01:25 crab.cfg
-rwxrwxrwx  1 cms006 cms     9531 Sep 20 21:46 crabWatchdog.sh
-rw-r--r--  1 cms006 cms    52681 Nov 27 02:20 crab_fjr_98.xml
-rw-rw-rw-  1 cms006 cms 25796292 Nov 27 02:04 default.tgz
-rwxrwxrwx  1 cms006 cms     4488 May 12  2012 fillCrabFjr.py
-rw-r--r--  1 cms006 cms     1071 Nov 27 02:04 inputsReport.txt
-rw-r--r--  1 cms006 cms      132 Nov 27 02:21 jobreport.txt
lrwxrwxrwx  1 cms006 cms      107 Nov 27 02:21 optHistograms.root -> /home/cms006/home_crobe_565022893/CREAM565022893/glide_r13391/execute/dir_24872/optHistograms_98_1_2q1.root
-rw-r--r--  1 cms006 cms    18158 Nov 27 02:20 optHistograms_98_1_2q1.root
-rw-rw-rw-  1 cms006 cms    17352 Jan 20  2012 parseCrabFjr.py
-rw-r--r--  1 cms006 cms      285 Nov 27 02:04 report.log
-rwxrwxrwx  1 cms006 cms     1497 May 27  2009 report.py
-rwxrwxrwx  1 cms006 cms     8387 Mar 23  2011 writeCfg.py
-rw-------  1 cms006 cms     8687 Nov 27 02:14 x509up_u1000009
Checking output files:  
will tar file optHistograms_98_1_2q1.root in  out_files_98
will tar file crab_fjr_98.xml in  out_files_98
will tar file CMSSW_98.stdout in  out_files_98
will tar file CMSSW_98.stderr in  out_files_98
WARNING: output file Watchdog_98.log.gz not found!
>>> padding time: Wrapper lasting more than 600 seconds. No sleep required.
STOPPING WATCHDOG. CrabWatchdog PID is 6405
********** LAST 50 LINES OF WATCHDOG LOG
# RESOURCE USAGE SUMMARY FOR PROCESS ID 27138
USER       PID %CPU %MEM    VSZ   RSS TTY      STAT START   TIME COMMAND
cms006   27138  0.1  0.0   8956  1484 ?        S    02:04   0:00 /bin/sh /home/cms006/home_crobe_565022893/CREAM565022893/glide_r13391/execute/dir_24872/condor_exec.exe 98 1
 
# LIMITS USED BY THIS WATCHDOG:
# RSS  (KBytes)  : 2300000
# VSZ  (KBytes)  : 100000000
# DISK (MBytes)  : 19000
# CPU  (seconds) : 171600
# WALL (seconds) : 171600
 
# FOLLOWING PRINTOUT TRACKS MAXIMUM VALUES OF RESOURCES USE
# ONE LINE IS PRINTED EACH TIME A MAXIMUM CHANGES
# IF CHANGE WAS IN RSS OR VSZ ALSO PROCID AND COMMAND ARE PRINTED
# THERE IS NO PRINTOUT FOR CPU/WALL TIME INCREASE
 
# TIME			PID	RSS(KB)	VSZ(KB)	Dsk(MB)	tCPU(s)	tWALL(s)	COMMAND
 Nov 27 02:04:33 EET	6405	1380	8840	0	0	0	/bin/bash /home/cms006/home_crobe_565022893/CREAM565022893/glide_r13391/execute/dir_24872/crabWatchdog.sh        
 Nov 27 02:04:33 EET	6680	18184	79600	0	0	1	edmConfigHash pset.py        
 Nov 27 02:04:33 EET	---	18184	79600	168	----	----	----
 Nov 27 02:05:38 EET	9307	315532	529144	168	12	60	cmsRun -j /home/cms006/home_crobe_565022893/CREAM565022893/glide_r13391/execute/dir_24872/crab_fjr_98.xml -p pset.py     
 Nov 27 02:06:56 EET	9307	367696	567656	168	39	135	cmsRun -j /home/cms006/home_crobe_565022893/CREAM565022893/glide_r13391/execute/dir_24872/crab_fjr_98.xml -p pset.py     
 Nov 27 02:08:10 EET	9307	367752	567656	168	91	209	cmsRun -j /home/cms006/home_crobe_565022893/CREAM565022893/glide_r13391/execute/dir_24872/crab_fjr_98.xml -p pset.py     
 Nov 27 02:10:41 EET	9307	369164	568680	168	176	360	cmsRun -j /home/cms006/home_crobe_565022893/CREAM565022893/glide_r13391/execute/dir_24872/crab_fjr_98.xml -p pset.py     
 Nov 27 02:11:58 EET	9307	369216	568680	168	225	436	cmsRun -j /home/cms006/home_crobe_565022893/CREAM565022893/glide_r13391/execute/dir_24872/crab_fjr_98.xml -p pset.py     
 Nov 27 02:17:45 EET	9307	370112	568680	168	428	783	cmsRun -j /home/cms006/home_crobe_565022893/CREAM565022893/glide_r13391/execute/dir_24872/crab_fjr_98.xml -p pset.py     
 Nov 27 02:18:50 EET	9307	370636	568936	168	468	848	cmsRun -j /home/cms006/home_crobe_565022893/CREAM565022893/glide_r13391/execute/dir_24872/crab_fjr_98.xml -p pset.py     
 Nov 27 02:21:06 EET	---	370636	568936	169	----	----	----
********** WATCHDOG LOG ENDED
ZIPPING WATCHDOG LOG
Disk space used:
du -sh /home/cms006/home_crobe_565022893/CREAM565022893/glide_r13391/execute/dir_24872
169M	/home/cms006/home_crobe_565022893/CREAM565022893/glide_r13391/execute/dir_24872
>>> info for dashboard:
***** Cat /home/cms006/home_crobe_565022893/CREAM565022893/glide_r13391/execute/dir_24872/jobreport.txt *****
MonitorJobID=98_https://submit-2.t2.ucsd.edu//121127//17528.97
MonitorID=liis_crab_0_121127_012526_r0h5c1
ExeTime=963
ExeExitCode=0
CrabUserCpuTime=511.77
CrabSysCpuTime=11.78
CrabCpuPercentage=54%
CrabWrapperTime=1028
CrabStageoutTime=NULL
***** End Cat jobreport *****
Parameters sent to Dashboard.
optHistograms_98_1_2q1.root
crab_fjr_98.xml
CMSSW_98.stdout
CMSSW_98.stderr
Watchdog_98.log.gz
tar: .BrokerInfo: Cannot stat: No such file or directory
tar: Error exit delayed from previous errors
Total Output dimension: 30304
WARNING: output files size limit is set to: 50000000
Total Output dimension 30304 is fine.
JOB_EXIT_STATUS = 0
>>> info for dashboard:
***** Cat /home/cms006/home_crobe_565022893/CREAM565022893/glide_r13391/execute/dir_24872/jobreport.txt *****
MonitorJobID=98_https://submit-2.t2.ucsd.edu//121127//17528.97
MonitorID=liis_crab_0_121127_012526_r0h5c1
JobExitCode=0
***** End Cat jobreport *****
Parameters sent to Dashboard.
optHistograms_98_1_2q1.root
crab_fjr_98.xml
