This script was generated by crab (version 2.8.3).
Running /home/cms067/home_crce1_304863438/CREAM304863438/glide_Ln2790/execute/dir_16018/condor_exec.exe with 2 positional parameters: 25 1
Today is Tue Nov 27 01:47:22 EET 2012
Job submitted on host wn-v-7029.local
Linux wn-v-7029.local 2.6.32-042stab059.7 #1 SMP Tue Jul 24 19:12:01 MSK 2012 x86_64 x86_64 x86_64 GNU/Linux
>>> current directory (RUNTIME_AREA): /home/cms067/home_crce1_304863438/CREAM304863438/glide_Ln2790/execute/dir_16018
>>> current user: uid=11067(cms067) gid=1400(cms) groups=1400(cms)
>>> voms proxy information:
subject   : /DC=ch/DC=cern/OU=Organic Units/OU=Users/CN=liis/CN=663550/CN=Liis Rebane/CN=proxy/CN=limited proxy
issuer    : /DC=ch/DC=cern/OU=Organic Units/OU=Users/CN=liis/CN=663550/CN=Liis Rebane/CN=proxy
identity  : /DC=ch/DC=cern/OU=Organic Units/OU=Users/CN=liis/CN=663550/CN=Liis Rebane/CN=proxy
type      : limited proxy
strength  : 512 bits
path      : /home/cms067/home_crce1_304863438/CREAM304863438/glide_Ln2790/execute/dir_16018/x509up_u1000009
timeleft  : 23:59:48
key usage : Digital Signature, Key Encipherment, Data Encipherment
=== VO cms extension information ===
VO        : cms
subject   : /DC=ch/DC=cern/OU=Organic Units/OU=Users/CN=liis/CN=663550/CN=Liis Rebane
issuer    : /DC=ch/DC=cern/OU=computers/CN=lcg-voms.cern.ch
attribute : /cms/Role=NULL/Capability=NULL
timeleft  : 191:38:15
uri       : lcg-voms.cern.ch:15002
>>> tar xzf /home/cms067/home_crce1_304863438/CREAM304863438/glide_Ln2790/execute/dir_16018/default.tgz :
Successful untar
>>> Include /home/cms067/home_crce1_304863438/CREAM304863438/glide_Ln2790/execute/dir_16018 in PYTHONPATH:
strip arguments
env var CRAB_UNIQUE_JOB_ID set to: liis_crab_0_121127_012526_r0h5c1_25_1_rmi
out_files_25
>>> list of expected files on output sandbox
output files: optHistograms_25_1_rmi.root crab_fjr_25.xml CMSSW_25.stdout CMSSW_25.stderr Watchdog_25.log.gz
>>> GridFlavour discovery: 
GridFlavour=LCG
>>> SyncSite discovery: 
SyncSite=T2_EE_Estonia
>>> SyncCE discovery: 
getting SyncCE from CE_ID
SyncCE=cream1.hep.kbfi.ee:8443/cream-pbs-long
>>> info for dashboard:
***** Cat /home/cms067/home_crce1_304863438/CREAM304863438/glide_Ln2790/execute/dir_16018/jobreport.txt *****
MonitorJobID=25_https://submit-2.t2.ucsd.edu//121127//17528.24
SyncGridJobId=https://submit-2.t2.ucsd.edu//121127//17528.24
MonitorID=liis_crab_0_121127_012526_r0h5c1
GridFlavour=LCG
SyncSite=T2_EE_Estonia
SyncCE=cream1.hep.kbfi.ee:8443/cream-pbs-long
***** End Cat jobreport *****
Parameters sent to Dashboard.
>>> setup environment
set SCRAM ARCH to slc5_amd64_gcc462
SCRAM_ARCH = slc5_amd64_gcc462
>>> setup CMS LCG environment:
set SCRAM ARCH and BUILD_ARCH to slc5_amd64_gcc462 ###
Sourcing environment... 
sourcing /cvmfs/cms.cern.ch/cmsset_default.sh
==> setup cms environment ok
>>> specific cmssw setup environment:
CMSSW_VERSION =  CMSSW_5_3_5
>>> current directory (SOFTWARE_DIR): /home/cms067/home_crce1_304863438/CREAM304863438/glide_Ln2790/execute/dir_16018/CMSSW_5_3_5
PreserveSeeds: <>
IncrementSeeds:<>
{}
WNHostName=wn-v-7029.local
>>> info for dashboard:
***** Cat /home/cms067/home_crce1_304863438/CREAM304863438/glide_Ln2790/execute/dir_16018/jobreport.txt *****
MonitorJobID=25_https://submit-2.t2.ucsd.edu//121127//17528.24
MonitorID=liis_crab_0_121127_012526_r0h5c1
WNHostName=wn-v-7029.local
***** End Cat jobreport *****
Parameters sent to Dashboard.
crabWatchdog started as process 20151
>>> moving CMSSW software directories in /home/cms067/home_crce1_304863438/CREAM304863438/glide_Ln2790/execute/dir_16018/CMSSW_5_3_5
mv: cannot stat `/home/cms067/home_crce1_304863438/CREAM304863438/glide_Ln2790/execute/dir_16018/module/': No such file or directory
>>> Include /home/cms067/home_crce1_304863438/CREAM304863438/glide_Ln2790/execute/dir_16018 in PYTHONPATH:
PYTHONPATH=/home/cms067/home_crce1_304863438/CREAM304863438/glide_Ln2790/execute/dir_16018/:/home/cms067/home_crce1_304863438/CREAM304863438/glide_Ln2790/execute/dir_16018/CMSSW_5_3_5/python:/home/cms067/home_crce1_304863438/CREAM304863438/glide_Ln2790/execute/dir_16018/CMSSW_5_3_5/lib/slc5_amd64_gcc462:/cvmfs/cms.cern.ch/slc5_amd64_gcc462/cms/cmssw/CMSSW_5_3_5/python:/cvmfs/cms.cern.ch/slc5_amd64_gcc462/cms/cmssw/CMSSW_5_3_5/lib/slc5_amd64_gcc462:/cvmfs/cms.cern.ch/slc5_amd64_gcc462/cms/coral/CORAL_2_3_21-cms27/slc5_amd64_gcc462/python:/cvmfs/cms.cern.ch/slc5_amd64_gcc462/cms/coral/CORAL_2_3_21-cms27/slc5_amd64_gcc462/lib:/cvmfs/cms.cern.ch/slc5_amd64_gcc462/external/pyqt/4.8.1/lib/python2.6/site-packages:/cvmfs/cms.cern.ch/slc5_amd64_gcc462/external/py2-scipy/0.8.0/lib/python2.6/site-packages:/cvmfs/cms.cern.ch/slc5_amd64_gcc462/external/py2-matplotlib/1.0.1/lib/python2.6/site-packages:/cvmfs/cms.cern.ch/slc5_amd64_gcc462/external/python-ldap/2.3.5/lib/python2.6/site-packages:/cvmfs/cms.cern.ch/slc5_amd64_gcc462/external/sip/4.11.2/lib/python2.6/site-packages:/cvmfs/cms.cern.ch/slc5_amd64_gcc462/external/py2-pycurl/7.19.0/lib/python2.6/site-packages:/cvmfs/cms.cern.ch/slc5_amd64_gcc462/external/py2-numpy/1.6.1/lib/python2.6/site-packages:/cvmfs/cms.cern.ch/slc5_amd64_gcc462/external/py2-ipython/0.10/lib/python2.6/site-packages:/cvmfs/cms.cern.ch/slc5_amd64_gcc462/external/py2-cx-oracle/5.1-cms11/lib/python2.6/site-packages:/cvmfs/cms.cern.ch/slc5_amd64_gcc462/external/py2-cjson/1.0.5/lib/python2.6/site-packages:/cvmfs/cms.cern.ch/slc5_amd64_gcc462/cms/das-client/1.4.1-cms8/bin:/cvmfs/cms.cern.ch/slc5_amd64_gcc462/external/elementtree/1.2.6/share/lib/python2.6/site-packages:/cvmfs/cms.cern.ch/slc5_amd64_gcc462/external/rivet/1.5.1-cms10/lib/python2.6/site-packages:/cvmfs/cms.cern.ch/slc5_amd64_gcc462/external/pyminuit2/0.0.1-cms34/lib/python2.6/site-packages:/cvmfs/cms.cern.ch/slc5_amd64_gcc462/external/professor/1.0.0-cms35/lib/python2.6/site-packages:/cvmfs/cms.cern.ch/slc5_amd64_gcc462/lcg/root/5.32.00-cms18/lib:/cvmfs/cms.cern.ch/slc5_amd64_gcc462/cms/dbs-client/DBS_2_1_1_patch1_1/lib:/cvmfs/cms.cern.ch/slc5_amd64_gcc462/cms/dbs-client/DBS_2_1_1_patch1_1/lib/DBSAPI:/home/cms067/home_crce1_304863438/CREAM304863438/glide_Ln2790/execute/dir_16018/
241a2a19cb7c5c8751ba22759ab3bdb0
PSETHASH = 241a2a19cb7c5c8751ba22759ab3bdb0
/home/cms067/home_crce1_304863438/CREAM304863438/glide_Ln2790/execute/dir_16018/writeCfg.py pset.py pset.py
Importing .py file
Setting parameters
inputBlocks=/QCD_Pt_350_EMEnriched_TuneZ2star_8TeV_pythia6/mario-Summer12-stop-pfele-step1-3d176ac8da5e9dff208d057f4733ca91/USER#2ef68d93-4c3b-40b9-98c3-bc862db01b2a
inputFiles=/store/user/mario/QCD_Pt_350_EMEnriched_TuneZ2star_8TeV_pythia6/Summer12-stop-pfele-step1/3d176ac8da5e9dff208d057f4733ca91/tuple_228_8_VOA.root;/store/user/mario/QCD_Pt_350_EMEnriched_TuneZ2star_8TeV_pythia6/Summer12-stop-pfele-step1/3d176ac8da5e9dff208d057f4733ca91/tuple_229_8_IzN.root;/store/user/mario/QCD_Pt_350_EMEnriched_TuneZ2star_8TeV_pythia6/Summer12-stop-pfele-step1/3d176ac8da5e9dff208d057f4733ca91/tuple_230_5_KJ8.root;/store/user/mario/QCD_Pt_350_EMEnriched_TuneZ2star_8TeV_pythia6/Summer12-stop-pfele-step1/3d176ac8da5e9dff208d057f4733ca91/tuple_231_8_6xx.root;/store/user/mario/QCD_Pt_350_EMEnriched_TuneZ2star_8TeV_pythia6/Summer12-stop-pfele-step1/3d176ac8da5e9dff208d057f4733ca91/tuple_232_6_dLX.root;/store/user/mario/QCD_Pt_350_EMEnriched_TuneZ2star_8TeV_pythia6/Summer12-stop-pfele-step1/3d176ac8da5e9dff208d057f4733ca91/tuple_233_8_L8Z.root
parentFiles=
lumisRange=
>>> Executable cmsRun
/cvmfs/cms.cern.ch/slc5_amd64_gcc462/cms/cmssw/CMSSW_5_3_5/bin/slc5_amd64_gcc462/cmsRun
ok executable found
>>> info for dashboard:
***** Cat /home/cms067/home_crce1_304863438/CREAM304863438/glide_Ln2790/execute/dir_16018/jobreport.txt *****
MonitorJobID=25_https://submit-2.t2.ucsd.edu//121127//17528.24
MonitorID=liis_crab_0_121127_012526_r0h5c1
ExeStart=cmsRun
***** End Cat jobreport *****
Parameters sent to Dashboard.
>>> cmsRun started at Mon Nov 26 23:47:57 UTC 2012
>>> cmsRun ended at Tue Nov 27 00:07:11 UTC 2012
>>> info for dashboard:
***** Cat /home/cms067/home_crce1_304863438/CREAM304863438/glide_Ln2790/execute/dir_16018/jobreport.txt *****
MonitorJobID=25_https://submit-2.t2.ucsd.edu//121127//17528.24
MonitorID=liis_crab_0_121127_012526_r0h5c1
ExeEnd=cmsRun
***** End Cat jobreport *****
Parameters sent to Dashboard.
TIME_EXE = 1154 sec
>>> cmsRun wrote 174 lines of stdout+stderr
>>> START OF printout of 174 lines from stdout+stderr
27-Nov-2012 01:48:28 EET  Initiating request to open file file:/hdfs/cms/store/user/mario/QCD_Pt_350_EMEnriched_TuneZ2star_8TeV_pythia6/Summer12-stop-pfele-step1/3d176ac8da5e9dff208d057f4733ca91/tuple_228_8_VOA.root
27-Nov-2012 01:48:41 EET  Successfully opened file file:/hdfs/cms/store/user/mario/QCD_Pt_350_EMEnriched_TuneZ2star_8TeV_pythia6/Summer12-stop-pfele-step1/3d176ac8da5e9dff208d057f4733ca91/tuple_228_8_VOA.root
Begin processing the 1st record. Run 1, Event 251688056, LumiSection 57687 at 27-Nov-2012 01:49:13.617 EET
Begin processing the 1001st record. Run 1, Event 260485443, LumiSection 59704 at 27-Nov-2012 01:49:24.912 EET
Begin processing the 2001st record. Run 1, Event 84418342, LumiSection 19349 at 27-Nov-2012 01:49:32.092 EET
Begin processing the 3001st record. Run 1, Event 89865381, LumiSection 20598 at 27-Nov-2012 01:49:36.789 EET
27-Nov-2012 01:49:40 EET  Closed file file:/hdfs/cms/store/user/mario/QCD_Pt_350_EMEnriched_TuneZ2star_8TeV_pythia6/Summer12-stop-pfele-step1/3d176ac8da5e9dff208d057f4733ca91/tuple_228_8_VOA.root
27-Nov-2012 01:49:40 EET  Initiating request to open file file:/hdfs/cms/store/user/mario/QCD_Pt_350_EMEnriched_TuneZ2star_8TeV_pythia6/Summer12-stop-pfele-step1/3d176ac8da5e9dff208d057f4733ca91/tuple_229_8_IzN.root
27-Nov-2012 01:49:40 EET  Successfully opened file file:/hdfs/cms/store/user/mario/QCD_Pt_350_EMEnriched_TuneZ2star_8TeV_pythia6/Summer12-stop-pfele-step1/3d176ac8da5e9dff208d057f4733ca91/tuple_229_8_IzN.root
Begin processing the 4001st record. Run 1, Event 102480099, LumiSection 23489 at 27-Nov-2012 01:50:12.173 EET
Begin processing the 5001st record. Run 1, Event 122107288, LumiSection 27988 at 27-Nov-2012 01:50:16.518 EET
Begin processing the 6001st record. Run 1, Event 306649766, LumiSection 70285 at 27-Nov-2012 01:50:24.067 EET
Begin processing the 7001st record. Run 1, Event 49444062, LumiSection 11333 at 27-Nov-2012 01:50:28.447 EET
Begin processing the 8001st record. Run 1, Event 53083224, LumiSection 12167 at 27-Nov-2012 01:50:35.348 EET
Begin processing the 9001st record. Run 1, Event 70375101, LumiSection 16130 at 27-Nov-2012 01:50:39.726 EET
Begin processing the 10001st record. Run 1, Event 69199124, LumiSection 15861 at 27-Nov-2012 01:50:47.999 EET
Begin processing the 11001st record. Run 1, Event 73184723, LumiSection 16774 at 27-Nov-2012 01:50:55.672 EET
Begin processing the 12001st record. Run 1, Event 80280034, LumiSection 18401 at 27-Nov-2012 01:51:00.475 EET
Begin processing the 13001st record. Run 1, Event 90025731, LumiSection 20634 at 27-Nov-2012 01:51:08.603 EET
Begin processing the 14001st record. Run 1, Event 98706165, LumiSection 22624 at 27-Nov-2012 01:51:13.012 EET
Begin processing the 15001st record. Run 1, Event 115339225, LumiSection 26436 at 27-Nov-2012 01:51:19.988 EET
Begin processing the 16001st record. Run 1, Event 122029581, LumiSection 27970 at 27-Nov-2012 01:51:25.125 EET
Begin processing the 17001st record. Run 1, Event 122192917, LumiSection 28007 at 27-Nov-2012 01:51:36.024 EET
Begin processing the 18001st record. Run 1, Event 130391896, LumiSection 29886 at 27-Nov-2012 01:51:40.322 EET
Begin processing the 19001st record. Run 1, Event 137788434, LumiSection 31582 at 27-Nov-2012 01:51:48.219 EET
Begin processing the 20001st record. Run 1, Event 272182701, LumiSection 62385 at 27-Nov-2012 01:51:56.444 EET
Begin processing the 21001st record. Run 1, Event 178942760, LumiSection 41014 at 27-Nov-2012 01:52:01.301 EET
Begin processing the 22001st record. Run 1, Event 179825373, LumiSection 41216 at 27-Nov-2012 01:52:10.276 EET
Begin processing the 23001st record. Run 1, Event 200742011, LumiSection 46011 at 27-Nov-2012 01:52:14.996 EET
Begin processing the 24001st record. Run 1, Event 222292677, LumiSection 50950 at 27-Nov-2012 01:52:26.018 EET
Begin processing the 25001st record. Run 1, Event 236293208, LumiSection 54159 at 27-Nov-2012 01:52:30.513 EET
Begin processing the 26001st record. Run 1, Event 242516493, LumiSection 55585 at 27-Nov-2012 01:52:38.578 EET
Begin processing the 27001st record. Run 1, Event 249472748, LumiSection 57180 at 27-Nov-2012 01:52:42.924 EET
Begin processing the 28001st record. Run 1, Event 258870878, LumiSection 59334 at 27-Nov-2012 01:52:51.119 EET
Begin processing the 29001st record. Run 1, Event 257196850, LumiSection 58950 at 27-Nov-2012 01:52:59.898 EET
Begin processing the 30001st record. Run 1, Event 261146380, LumiSection 59855 at 27-Nov-2012 01:53:04.622 EET
Begin processing the 31001st record. Run 1, Event 262002048, LumiSection 60051 at 27-Nov-2012 01:53:12.370 EET
Begin processing the 32001st record. Run 1, Event 265798892, LumiSection 60922 at 27-Nov-2012 01:53:16.701 EET
Begin processing the 33001st record. Run 1, Event 266472518, LumiSection 61076 at 27-Nov-2012 01:53:25.106 EET
Begin processing the 34001st record. Run 1, Event 270295072, LumiSection 61952 at 27-Nov-2012 01:53:29.688 EET
Begin processing the 35001st record. Run 1, Event 302394959, LumiSection 69309 at 27-Nov-2012 01:53:35.508 EET
27-Nov-2012 01:53:35 EET  Closed file file:/hdfs/cms/store/user/mario/QCD_Pt_350_EMEnriched_TuneZ2star_8TeV_pythia6/Summer12-stop-pfele-step1/3d176ac8da5e9dff208d057f4733ca91/tuple_229_8_IzN.root
27-Nov-2012 01:53:36 EET  Initiating request to open file file:/hdfs/cms/store/user/mario/QCD_Pt_350_EMEnriched_TuneZ2star_8TeV_pythia6/Summer12-stop-pfele-step1/3d176ac8da5e9dff208d057f4733ca91/tuple_230_5_KJ8.root
27-Nov-2012 01:53:36 EET  Successfully opened file file:/hdfs/cms/store/user/mario/QCD_Pt_350_EMEnriched_TuneZ2star_8TeV_pythia6/Summer12-stop-pfele-step1/3d176ac8da5e9dff208d057f4733ca91/tuple_230_5_KJ8.root
Begin processing the 36001st record. Run 1, Event 278321612, LumiSection 63792 at 27-Nov-2012 01:54:12.471 EET
Begin processing the 37001st record. Run 1, Event 284680850, LumiSection 65249 at 27-Nov-2012 01:54:20.608 EET
Begin processing the 38001st record. Run 1, Event 69127448, LumiSection 15845 at 27-Nov-2012 01:54:24.789 EET
Begin processing the 39001st record. Run 1, Event 51406931, LumiSection 11783 at 27-Nov-2012 01:54:33.549 EET
Begin processing the 40001st record. Run 1, Event 67830583, LumiSection 15547 at 27-Nov-2012 01:54:38.967 EET
Begin processing the 41001st record. Run 1, Event 72251130, LumiSection 16560 at 27-Nov-2012 01:54:46.896 EET
Begin processing the 42001st record. Run 1, Event 73766249, LumiSection 16908 at 27-Nov-2012 01:54:53.834 EET
Begin processing the 43001st record. Run 1, Event 77560171, LumiSection 17777 at 27-Nov-2012 01:54:58.094 EET
Begin processing the 44001st record. Run 1, Event 81911288, LumiSection 18775 at 27-Nov-2012 01:55:05.863 EET
Begin processing the 45001st record. Run 1, Event 89950404, LumiSection 20617 at 27-Nov-2012 01:55:10.315 EET
Begin processing the 46001st record. Run 1, Event 95397283, LumiSection 21866 at 27-Nov-2012 01:55:17.426 EET
Begin processing the 47001st record. Run 1, Event 103658655, LumiSection 23759 at 27-Nov-2012 01:55:21.730 EET
Begin processing the 48001st record. Run 1, Event 116225418, LumiSection 26639 at 27-Nov-2012 01:55:30.061 EET
Begin processing the 49001st record. Run 1, Event 120161486, LumiSection 27542 at 27-Nov-2012 01:55:34.597 EET
Begin processing the 50001st record. Run 1, Event 186034231, LumiSection 42640 at 27-Nov-2012 01:55:44.440 EET
Begin processing the 51001st record. Run 1, Event 199420819, LumiSection 45708 at 27-Nov-2012 01:55:53.869 EET
Begin processing the 52001st record. Run 1, Event 206995782, LumiSection 47444 at 27-Nov-2012 01:55:58.750 EET
Begin processing the 53001st record. Run 1, Event 221631169, LumiSection 50798 at 27-Nov-2012 01:56:08.616 EET
Begin processing the 54001st record. Run 1, Event 224520953, LumiSection 51461 at 27-Nov-2012 01:56:13.146 EET
Begin processing the 55001st record. Run 1, Event 250304017, LumiSection 57370 at 27-Nov-2012 01:56:21.906 EET
Begin processing the 56001st record. Run 1, Event 270418861, LumiSection 61981 at 27-Nov-2012 01:56:35.722 EET
Begin processing the 57001st record. Run 1, Event 258679068, LumiSection 59290 at 27-Nov-2012 01:56:40.746 EET
Begin processing the 58001st record. Run 1, Event 267349659, LumiSection 61277 at 27-Nov-2012 01:56:53.039 EET
%MSG-w compNuP4:  TopJetPairProducer:topJetPairs 27-Nov-2012 01:56:55 EET  Run: 1 Event: 269223257
THREE REAL SOLUTIONS: z1 = 127.973, z2 = -56.2654, z3 = -273.098. Use only z1.
%MSG
Begin processing the 59001st record. Run 1, Event 270558137, LumiSection 62012 at 27-Nov-2012 01:56:58.051 EET
Begin processing the 60001st record. Run 1, Event 271091101, LumiSection 62135 at 27-Nov-2012 01:57:07.320 EET
Begin processing the 61001st record. Run 1, Event 282225643, LumiSection 64687 at 27-Nov-2012 01:57:11.685 EET
Begin processing the 62001st record. Run 1, Event 122078630, LumiSection 27981 at 27-Nov-2012 01:57:19.891 EET
Begin processing the 63001st record. Run 1, Event 133410012, LumiSection 30578 at 27-Nov-2012 01:57:25.102 EET
Begin processing the 64001st record. Run 1, Event 176958924, LumiSection 40560 at 27-Nov-2012 01:57:33.535 EET
Begin processing the 65001st record. Run 1, Event 178832354, LumiSection 40989 at 27-Nov-2012 01:57:38.574 EET
Begin processing the 66001st record. Run 1, Event 47665118, LumiSection 10925 at 27-Nov-2012 01:57:46.227 EET
27-Nov-2012 01:57:48 EET  Closed file file:/hdfs/cms/store/user/mario/QCD_Pt_350_EMEnriched_TuneZ2star_8TeV_pythia6/Summer12-stop-pfele-step1/3d176ac8da5e9dff208d057f4733ca91/tuple_230_5_KJ8.root
27-Nov-2012 01:57:48 EET  Initiating request to open file file:/hdfs/cms/store/user/mario/QCD_Pt_350_EMEnriched_TuneZ2star_8TeV_pythia6/Summer12-stop-pfele-step1/3d176ac8da5e9dff208d057f4733ca91/tuple_231_8_6xx.root
27-Nov-2012 01:57:49 EET  Successfully opened file file:/hdfs/cms/store/user/mario/QCD_Pt_350_EMEnriched_TuneZ2star_8TeV_pythia6/Summer12-stop-pfele-step1/3d176ac8da5e9dff208d057f4733ca91/tuple_231_8_6xx.root
Begin processing the 67001st record. Run 1, Event 55388667, LumiSection 12696 at 27-Nov-2012 01:58:28.490 EET
Begin processing the 68001st record. Run 1, Event 89133284, LumiSection 20430 at 27-Nov-2012 01:58:32.945 EET
Begin processing the 69001st record. Run 1, Event 70544359, LumiSection 16169 at 27-Nov-2012 01:58:40.239 EET
Begin processing the 70001st record. Run 1, Event 76082041, LumiSection 17439 at 27-Nov-2012 01:58:44.498 EET
Begin processing the 71001st record. Run 1, Event 81741806, LumiSection 18736 at 27-Nov-2012 01:58:52.294 EET
Begin processing the 72001st record. Run 1, Event 84784961, LumiSection 19433 at 27-Nov-2012 01:59:01.601 EET
Begin processing the 73001st record. Run 1, Event 88355514, LumiSection 20252 at 27-Nov-2012 01:59:05.896 EET
Begin processing the 74001st record. Run 1, Event 271895304, LumiSection 62319 at 27-Nov-2012 01:59:15.579 EET
Begin processing the 75001st record. Run 1, Event 281704595, LumiSection 64567 at 27-Nov-2012 01:59:20.772 EET
Begin processing the 76001st record. Run 1, Event 298682884, LumiSection 68459 at 27-Nov-2012 01:59:30.158 EET
Begin processing the 77001st record. Run 1, Event 44231068, LumiSection 10138 at 27-Nov-2012 01:59:34.478 EET
Begin processing the 78001st record. Run 1, Event 101885109, LumiSection 23353 at 27-Nov-2012 01:59:42.152 EET
Begin processing the 79001st record. Run 1, Event 51747660, LumiSection 11861 at 27-Nov-2012 01:59:51.050 EET
Begin processing the 80001st record. Run 1, Event 89488285, LumiSection 20511 at 27-Nov-2012 01:59:55.745 EET
Begin processing the 81001st record. Run 1, Event 85811848, LumiSection 19669 at 27-Nov-2012 02:00:04.963 EET
Begin processing the 82001st record. Run 1, Event 73347496, LumiSection 16812 at 27-Nov-2012 02:00:09.424 EET
Begin processing the 83001st record. Run 1, Event 124606383, LumiSection 28560 at 27-Nov-2012 02:00:19.600 EET
Begin processing the 84001st record. Run 1, Event 77831872, LumiSection 17840 at 27-Nov-2012 02:00:23.947 EET
Begin processing the 85001st record. Run 1, Event 84474541, LumiSection 19362 at 27-Nov-2012 02:00:32.346 EET
Begin processing the 86001st record. Run 1, Event 94470761, LumiSection 21653 at 27-Nov-2012 02:00:37.045 EET
Begin processing the 87001st record. Run 1, Event 92025661, LumiSection 21093 at 27-Nov-2012 02:00:44.732 EET
Begin processing the 88001st record. Run 1, Event 88881595, LumiSection 20372 at 27-Nov-2012 02:00:55.037 EET
Begin processing the 89001st record. Run 1, Event 136304751, LumiSection 31242 at 27-Nov-2012 02:00:59.440 EET
Begin processing the 90001st record. Run 1, Event 177174756, LumiSection 40609 at 27-Nov-2012 02:01:06.941 EET
Begin processing the 91001st record. Run 1, Event 180876150, LumiSection 41457 at 27-Nov-2012 02:01:11.149 EET
Begin processing the 92001st record. Run 1, Event 191587480, LumiSection 43912 at 27-Nov-2012 02:01:20.113 EET
Begin processing the 93001st record. Run 1, Event 221148270, LumiSection 50688 at 27-Nov-2012 02:01:24.784 EET
Begin processing the 94001st record. Run 1, Event 249987511, LumiSection 57298 at 27-Nov-2012 02:01:34.169 EET
Begin processing the 95001st record. Run 1, Event 258228759, LumiSection 59187 at 27-Nov-2012 02:01:42.229 EET
Begin processing the 96001st record. Run 1, Event 288822926, LumiSection 66199 at 27-Nov-2012 02:01:47.183 EET
Begin processing the 97001st record. Run 1, Event 270380748, LumiSection 61972 at 27-Nov-2012 02:01:55.200 EET
27-Nov-2012 02:01:59 EET  Closed file file:/hdfs/cms/store/user/mario/QCD_Pt_350_EMEnriched_TuneZ2star_8TeV_pythia6/Summer12-stop-pfele-step1/3d176ac8da5e9dff208d057f4733ca91/tuple_231_8_6xx.root
27-Nov-2012 02:01:59 EET  Initiating request to open file file:/hdfs/cms/store/user/mario/QCD_Pt_350_EMEnriched_TuneZ2star_8TeV_pythia6/Summer12-stop-pfele-step1/3d176ac8da5e9dff208d057f4733ca91/tuple_232_6_dLX.root
27-Nov-2012 02:01:59 EET  Successfully opened file file:/hdfs/cms/store/user/mario/QCD_Pt_350_EMEnriched_TuneZ2star_8TeV_pythia6/Summer12-stop-pfele-step1/3d176ac8da5e9dff208d057f4733ca91/tuple_232_6_dLX.root
Begin processing the 98001st record. Run 1, Event 270827170, LumiSection 62074 at 27-Nov-2012 02:02:24.704 EET
Begin processing the 99001st record. Run 1, Event 291425933, LumiSection 66795 at 27-Nov-2012 02:02:33.405 EET
Begin processing the 100001st record. Run 1, Event 288827480, LumiSection 66200 at 27-Nov-2012 02:02:42.007 EET
Begin processing the 101001st record. Run 1, Event 91131829, LumiSection 20888 at 27-Nov-2012 02:02:46.279 EET
Begin processing the 102001st record. Run 1, Event 103633508, LumiSection 23753 at 27-Nov-2012 02:02:54.265 EET
Begin processing the 103001st record. Run 1, Event 119585154, LumiSection 27409 at 27-Nov-2012 02:02:59.288 EET
Begin processing the 104001st record. Run 1, Event 137247734, LumiSection 31458 at 27-Nov-2012 02:03:08.107 EET
Begin processing the 105001st record. Run 1, Event 168391299, LumiSection 38596 at 27-Nov-2012 02:03:12.764 EET
Begin processing the 106001st record. Run 1, Event 228291379, LumiSection 52325 at 27-Nov-2012 02:03:21.363 EET
Begin processing the 107001st record. Run 1, Event 251970304, LumiSection 57752 at 27-Nov-2012 02:03:30.759 EET
Begin processing the 108001st record. Run 1, Event 247600729, LumiSection 56751 at 27-Nov-2012 02:03:35.129 EET
Begin processing the 109001st record. Run 1, Event 252109542, LumiSection 57784 at 27-Nov-2012 02:03:41.938 EET
Begin processing the 110001st record. Run 1, Event 255378325, LumiSection 58533 at 27-Nov-2012 02:03:46.323 EET
Begin processing the 111001st record. Run 1, Event 264017184, LumiSection 60513 at 27-Nov-2012 02:03:53.478 EET
Begin processing the 112001st record. Run 1, Event 266923054, LumiSection 61179 at 27-Nov-2012 02:03:57.880 EET
Begin processing the 113001st record. Run 1, Event 271523646, LumiSection 62234 at 27-Nov-2012 02:04:05.668 EET
Begin processing the 114001st record. Run 1, Event 90069494, LumiSection 20644 at 27-Nov-2012 02:04:14.322 EET
Begin processing the 115001st record. Run 1, Event 101594299, LumiSection 23286 at 27-Nov-2012 02:04:19.191 EET
Begin processing the 116001st record. Run 1, Event 180684718, LumiSection 41413 at 27-Nov-2012 02:04:26.935 EET
Begin processing the 117001st record. Run 1, Event 138513029, LumiSection 31748 at 27-Nov-2012 02:04:31.181 EET
Begin processing the 118001st record. Run 1, Event 235461380, LumiSection 53968 at 27-Nov-2012 02:04:40.177 EET
Begin processing the 119001st record. Run 1, Event 246780177, LumiSection 56563 at 27-Nov-2012 02:04:44.165 EET
Begin processing the 120001st record. Run 1, Event 232274800, LumiSection 53238 at 27-Nov-2012 02:04:51.820 EET
Begin processing the 121001st record. Run 1, Event 247805200, LumiSection 56797 at 27-Nov-2012 02:04:56.439 EET
Begin processing the 122001st record. Run 1, Event 205876401, LumiSection 47187 at 27-Nov-2012 02:05:03.497 EET
Begin processing the 123001st record. Run 1, Event 206744758, LumiSection 47386 at 27-Nov-2012 02:05:11.447 EET
Begin processing the 124001st record. Run 1, Event 216903383, LumiSection 49715 at 27-Nov-2012 02:05:16.291 EET
Begin processing the 125001st record. Run 1, Event 224474723, LumiSection 51450 at 27-Nov-2012 02:05:24.629 EET
Begin processing the 126001st record. Run 1, Event 250374955, LumiSection 57386 at 27-Nov-2012 02:05:29.325 EET
Begin processing the 127001st record. Run 1, Event 250132217, LumiSection 57331 at 27-Nov-2012 02:05:40.373 EET
Begin processing the 128001st record. Run 1, Event 250936649, LumiSection 57515 at 27-Nov-2012 02:05:49.739 EET
Begin processing the 129001st record. Run 1, Event 264329339, LumiSection 60585 at 27-Nov-2012 02:05:54.084 EET
27-Nov-2012 02:05:55 EET  Closed file file:/hdfs/cms/store/user/mario/QCD_Pt_350_EMEnriched_TuneZ2star_8TeV_pythia6/Summer12-stop-pfele-step1/3d176ac8da5e9dff208d057f4733ca91/tuple_232_6_dLX.root
27-Nov-2012 02:05:55 EET  Initiating request to open file file:/hdfs/cms/store/user/mario/QCD_Pt_350_EMEnriched_TuneZ2star_8TeV_pythia6/Summer12-stop-pfele-step1/3d176ac8da5e9dff208d057f4733ca91/tuple_233_8_L8Z.root
27-Nov-2012 02:05:56 EET  Successfully opened file file:/hdfs/cms/store/user/mario/QCD_Pt_350_EMEnriched_TuneZ2star_8TeV_pythia6/Summer12-stop-pfele-step1/3d176ac8da5e9dff208d057f4733ca91/tuple_233_8_L8Z.root
Begin processing the 130001st record. Run 1, Event 38114483, LumiSection 8736 at 27-Nov-2012 02:06:51.008 EET
Begin processing the 131001st record. Run 1, Event 46908242, LumiSection 10752 at 27-Nov-2012 02:06:55.644 EET
27-Nov-2012 02:07:08 EET  Closed file file:/hdfs/cms/store/user/mario/QCD_Pt_350_EMEnriched_TuneZ2star_8TeV_pythia6/Summer12-stop-pfele-step1/3d176ac8da5e9dff208d057f4733ca91/tuple_233_8_L8Z.root

=============================================

MessageLogger Summary

 type     category        sev    module        subroutine        count    total
 ---- -------------------- -- ---------------- ----------------  -----    -----
    1 compNuP4             -w TopJetPairProduc                       1        1
    2 fileAction           -s file_close                             6        6
    3 fileAction           -s file_open                             12       12

 type    category    Examples: run/evt        run/evt          run/evt
 ---- -------------------- ---------------- ---------------- ----------------
    1 compNuP4             1/269223257                       
    2 fileAction           PostProcessEvent PostProcessEvent PostEndRun
    3 fileAction           pre-events       pre-events       PostProcessEvent

Severity    # Occurrences   Total Occurrences
--------    -------------   -----------------
Warning                 1                   1
System                 18                  18
>>> END OF printout of 174 lines from stdout+stderr
>>> Parse FrameworkJobReport crab_fjr.xml
Result of parsing the FrameworkJobReport crab_fjr.xml: Popularity start
lumisRange : 1::3775,3828,8736,8799,9208,9460,10411,10752,10768-10769,10777,10788,10819,10997,13221::1;1::2936,9208,20562,20614-20615,20644,20699,20888,21060,21609,21848,22148,22194,22372,22626,23286,23399,23587,23753,24355,24711,24717,26410,26677,26707,26714,27404,27409,27453,27946,27998,28014,28049,28397,28441,31224,31458,31747-31748,31758,34714,36905,38596,40957,40987,41413,43918,44183,44901,44962,46408,46417,47187,47202,47382,47386,47392,47402,47471,47703,49587,49714-49715,49719,50243,50824,50831,50954-50955,50963,50999,51121,51406,51428,51450,51471,51509,51597,51712,52325,53213,53224,53227,53238,53240,53326,53329,53336,53340,53385,53610,53968,54229,55902,56559,56562-56563,56612,56644,56665,56751,56782,56789,56794,56797,56845,56878,56990,57014,57053,57185,57191,57331,57386,57515,57528,57752,57776,57784,57837,57987,58102,58381,58465,58533,58829,58988,59564,59576,59720,59723,59773,60297,60382,60513,60585,60866,60953,60958,61042,61106,61179,61268,61457,61517,62074,62076,62087,62166,62234,62436,63399,63503,64513,64946,65363,66178,66185,66191,66200,66211,66225,66231,66329,66509,66795,69645,69935::2;1::1200,2684,3649,3803,10710,10828,11333,11551,11797,12067,12167-12168,13465,13733,15764,15795,15858,15861,15866,15871,15874,16130,16282,16774,16804,17020,17272,17403,17711,18401,18526,18964,19861,19971,20340,20345,20634,20740,21668,21759,22356,22623-22624,22632,22692,23222,23489,23875,24236,24242,24883,25999,26027,26436,27030,27341,27405,27933,27950,27970,27988-27989,27997,28000,28005,28007,28227,28379,28398,28448,29146,29869,29886,29966,30476,30524,31467,31582,34046,36636,36870,37008,38795,39119,40539,40875-40876,41014,41017,41161,41173,41183,41199,41216,43901,45487,45705,45901,46011,46016,47717,50298,50317,50950,50958,51072,54064,54159,54163,54188,54365,54410,55555,55585,55616,55637,55663,55671,56760,57180,57208,57215,57234,57245,57542,57635,58950,59024,59057,59334,59713,59715,59855,59944,60001,60051,60180,60275,60614,60665,60833-60834,60916,60922,60956,61076,61079,61094,61178,61192,61301,61709-61710,61860,61865,61952,62075,62085,62096,62137,62365,62385,62514,63486,69309,70285,71044::3;1::3648,4644,4773,5205,9690,10091,10647,10925,10961,11783,12004,12119,12153,14555,15324,15326,15547,15845,15847,16560,16770,16775,16816,16838,16886,16908,16912,17003,17336,17377,17616,17749,17777,18175,18532,18574,18737,18775,19648,19948,20102,20144,20580,20617,20672,20674,21636,21654,21675,21713,21770,21851,21866,22000,22100,22633,23102,23719,23759,24738,24742,26433,26639,26643,26698,27347,27411,27542,27854,27978,27981,27999,28451,28497,30434,30487,30578,31069,31459,34239,37026,38623,40560,40977,40980,40989,41104,41442,41452,41491,41561,42638,42640,42642,44434,45525,45590,45665,45708,45782,45874,46014,47231,47440,47444,47696,49734,50716,50785,50791,50798,51133,51417,51461,51743,54003,56921,57193,57326,57370,57405,57556,57589,57700,58324,58744,59263,59290,59984,60959,61103,61277,61706,61958,61981,62012,62027,62102,62106,62135,62139,62180,62272,62365,62398,62437,62879,63010,63235,63641,63792,64377,64556,64571,64599,64634,64661,64687,64844,65226,65249,65309,66175,66179,66220,67324,69312,69403::4;1::4669,4772,8306,8722,10138,10919,10965,11842,11861,12169,12589,12591,12696,13729,13742,14252-14253,14727,14796,15018,15329,15548,15848,15862,16169,16228,16311,16399,16571,16747,16768,16807,16812,16815-16816,16873,16879,16883,17187,17230-17231,17252,17258,17264,17325,17422,17439,17607,17818,17840,18327,18368,18502,18505,18554,18598,18642,18681,18736,18739,19307,19362,19364,19399,19421,19433,19498,19649,19654,19669,19689,19713,19747,19849-19851,19878,19949,20118,20143,20173,20250,20252,20275,20343,20368,20372,20430,20493,20511-20512,20515,20533,20536,20540,20581,20731,21093,21653,21688,23353,28560,29097,29776,29783,30757,31105,31242,34435,36653,37015,40609,41248,41457,41477,41655,42306,43886,43912,45696,47477,48153,49730,50584,50676,50688,51821,52511,55574,56025,57298,58314,58536,59187,59838,60326,61216,61272,61964,61972-61973,61986,62017,62061,62074,62088,62099,62181,62233,62319,62373,63912,64450,64567,64689,64935,66198-66199,66349,67834,68057,68159,68459,68948,69459,71025,71031,72080::5;1::19037,19113,19349,20490,20555,20558,20563,20598-20600,20616,20721,20740,57687,57689,58835,59001,59045,59655,59704,60672,60865::6;
lumisParentRange : 
Basename : /store/user/mario/QCD_Pt_350_EMEnriched_TuneZ2star_8TeV_pythia6/Summer12-stop-pfele-step1/3d176ac8da5e9dff208d057f4733ca91/tuple_2
BasenameParent : 
parentFiles : 
inputBlocks : /QCD_Pt_350_EMEnriched_TuneZ2star_8TeV_pythia6/mario-Summer12-stop-pfele-step1-3d176ac8da5e9dff208d057f4733ca91/USER#2ef68d93-4c3b-40b9-98c3-bc862db01b2a
inputFiles : 33_8_L8Z.root::1::EDM::Local::1;32_6_dLX.root::1::EDM::Local::2;29_8_IzN.root::1::EDM::Local::3;30_5_KJ8.root::1::EDM::Local::4;31_8_6xx.root::1::EDM::Local::5;28_8_VOA.root::1::EDM::Local::6;
Popularity stop
Extracted ExitStatus from FrameworkJobReport parsing output: 0
>>> Executable succeded  0
ExeExitCode=0
EXECUTABLE_EXIT_STATUS = 0
>>> current directory /home/cms067/home_crce1_304863438/CREAM304863438/glide_Ln2790/execute/dir_16018/CMSSW_5_3_5
>>>  (SOFTWARE_DIR): /home/cms067/home_crce1_304863438/CREAM304863438/glide_Ln2790/execute/dir_16018/CMSSW_5_3_5
>>> (WORKING_DIR): 
>>> current directory content:
total 164
drwxr-xr-x 3 cms067 cms  4096 Nov 27 01:47 .SCRAM
-rw-r--r-- 1 cms067 cms 30066 Nov 27 01:47 CMSSW.py.pkl
drwxr-xr-x 3 cms067 cms  4096 Nov 27 01:47 bin
drwxr-xr-x 3 cms067 cms  4096 Nov 27 01:47 cfipython
drwxr-xr-x 5 cms067 cms  4096 Nov 27 01:47 config
-rw-r--r-- 1 cms067 cms    17 Nov 27 02:07 cpu_timing.txt
drwxr-xr-x 2 cms067 cms  4096 Nov 27 01:47 doc
-rw-r--r-- 1 cms067 cms 19556 Nov 27 02:07 executable.out
drwxr-xr-x 2 cms067 cms  4096 Nov 27 01:47 include
drwxrwxrwx 3 cms067 cms  4096 Oct 22 16:38 lib
drwxr-xr-x 3 cms067 cms  4096 Nov 27 01:47 logs
drwxr-xr-x 3 cms067 cms  4096 Nov 27 01:47 objs
-rw-r--r-- 1 cms067 cms 18242 Nov 27 02:07 optHistograms.root
-rw-r--r-- 1 cms067 cms   104 Nov 27 01:47 pset.py
-rw-r--r-- 1 cms067 cms 19642 Nov 27 01:47 pset.py.pkl
-rw-r--r-- 1 cms067 cms   289 Nov 27 01:47 pset.pyc
drwxr-xr-x 2 cms067 cms  4096 Nov 27 01:47 python
-rw-r--r-- 1 cms067 cms   420 Nov 27 02:07 report.log
drwxrwxrwx 4 cms067 cms  4096 Nov 27 01:47 src
drwxr-xr-x 3 cms067 cms  4096 Nov 27 01:47 test
drwxr-xr-x 3 cms067 cms  4096 Nov 27 01:47 tmp
>>> current directory /home/cms067/home_crce1_304863438/CREAM304863438/glide_Ln2790/execute/dir_16018/CMSSW_5_3_5
>>> (SOFTWARE_DIR): /home/cms067/home_crce1_304863438/CREAM304863438/glide_Ln2790/execute/dir_16018/CMSSW_5_3_5
>>> (WORKING_DIR): 
>>> current directory content:
total 144
drwxr-xr-x 3 cms067 cms  4096 Nov 27 01:47 .SCRAM
-rw-r--r-- 1 cms067 cms 30066 Nov 27 01:47 CMSSW.py.pkl
drwxr-xr-x 3 cms067 cms  4096 Nov 27 01:47 bin
drwxr-xr-x 3 cms067 cms  4096 Nov 27 01:47 cfipython
drwxr-xr-x 5 cms067 cms  4096 Nov 27 01:47 config
-rw-r--r-- 1 cms067 cms    17 Nov 27 02:07 cpu_timing.txt
drwxr-xr-x 2 cms067 cms  4096 Nov 27 01:47 doc
-rw-r--r-- 1 cms067 cms 19556 Nov 27 02:07 executable.out
drwxr-xr-x 2 cms067 cms  4096 Nov 27 01:47 include
drwxrwxrwx 3 cms067 cms  4096 Oct 22 16:38 lib
drwxr-xr-x 3 cms067 cms  4096 Nov 27 01:47 logs
drwxr-xr-x 3 cms067 cms  4096 Nov 27 01:47 objs
-rw-r--r-- 1 cms067 cms   104 Nov 27 01:47 pset.py
-rw-r--r-- 1 cms067 cms 19642 Nov 27 01:47 pset.py.pkl
-rw-r--r-- 1 cms067 cms   289 Nov 27 01:47 pset.pyc
drwxr-xr-x 2 cms067 cms  4096 Nov 27 01:47 python
-rw-r--r-- 1 cms067 cms   420 Nov 27 02:07 report.log
drwxrwxrwx 4 cms067 cms  4096 Nov 27 01:47 src
drwxr-xr-x 3 cms067 cms  4096 Nov 27 01:47 test
drwxr-xr-x 3 cms067 cms  4096 Nov 27 01:47 tmp
>>> current directory (RUNTIME_AREA):  /home/cms067/home_crce1_304863438/CREAM304863438/glide_Ln2790/execute/dir_16018
>>> current dir: /home/cms067/home_crce1_304863438/CREAM304863438/glide_Ln2790/execute/dir_16018
>>> current dir content:
total 25800
-rw-rw-rw-  1 cms067 cms     5580 Nov 27 01:47 .job.ad
-rw-rw-rw-  1 cms067 cms    11339 Nov 27 01:47 .machine.ad
-rw-rw-rw-  1 cms067 cms      105 Nov 27 01:26 CMSSW.py
-rw-rw-rw-  1 cms067 cms    30066 Nov 27 01:26 CMSSW.py.pkl
-rwxrw-rw-  1 cms067 cms    23333 Nov 27 01:47 CMSSW.sh
-rw-rw-rw-  1 cms067 cms        0 Nov 27 01:47 CMSSW_25.stderr
-rw-rw-rw-  1 cms067 cms    36003 Nov 27 02:07 CMSSW_25.stdout
drwxr-xr-x 15 cms067 cms     4096 Nov 27 02:07 CMSSW_5_3_5
-rw-r--r--  1 cms067 cms      347 Nov 27 01:47 CacheEnv.sh
-rw-rw-rw-  1 cms067 cms     7291 Jun  9  2010 DashboardAPI.py
-rw-r--r--  1 cms067 cms     6883 Nov 27 01:47 DashboardAPI.pyc
drwxrwxrwx  3 cms067 cms     4096 Nov 27 02:07 IMProv
-rw-rw-rw-  1 cms067 cms     2748 Mar  8  2006 Logger.py
-rw-r--r--  1 cms067 cms     3353 Nov 27 01:47 Logger.pyc
-rw-rw-rw-  1 cms067 cms    24524 Mar 28  2008 ProcInfo.py
-rw-r--r--  1 cms067 cms    23470 Nov 27 01:47 ProcInfo.pyc
drwxrwxrwx  7 cms067 cms     4096 Nov 27 01:47 ProdCommon
drwxrwxrwx  3 cms067 cms     4096 Nov 27 01:47 WMCore
-rw-r--r--  1 cms067 cms     3486 Nov 27 02:01 Watchdog_25.log
-rw-rw-rw-  1 cms067 cms    32895 Mar 28  2008 apmon.py
-rw-r--r--  1 cms067 cms    28874 Nov 27 01:47 apmon.pyc
-rw-rw-rw-  1 cms067 cms   101163 Nov 27 01:47 arguments.xml
-rwxrwxrwx  1 cms067 cms    37427 Sep 13 14:14 cmscp.py
-rwxrwxrwx  1 cms067 cms    23333 Nov 27 01:47 condor_exec.exe
-rw-rw-rw-  1 cms067 cms      542 Nov 27 01:25 crab.cfg
-rwxrwxrwx  1 cms067 cms     9531 Sep 20 21:46 crabWatchdog.sh
-rw-r--r--  1 cms067 cms    52870 Nov 27 02:07 crab_fjr_25.xml
-rw-rw-rw-  1 cms067 cms 25796292 Nov 27 01:47 default.tgz
-rwxrwxrwx  1 cms067 cms     4488 May 12  2012 fillCrabFjr.py
-rw-r--r--  1 cms067 cms     1066 Nov 27 01:47 inputsReport.txt
-rw-r--r--  1 cms067 cms      133 Nov 27 02:07 jobreport.txt
lrwxrwxrwx  1 cms067 cms      107 Nov 27 02:07 optHistograms.root -> /home/cms067/home_crce1_304863438/CREAM304863438/glide_Ln2790/execute/dir_16018/optHistograms_25_1_rmi.root
-rw-r--r--  1 cms067 cms    18242 Nov 27 02:07 optHistograms_25_1_rmi.root
-rw-rw-rw-  1 cms067 cms    17352 Jan 20  2012 parseCrabFjr.py
-rw-r--r--  1 cms067 cms      285 Nov 27 01:47 report.log
-rwxrwxrwx  1 cms067 cms     1497 May 27  2009 report.py
-rwxrwxrwx  1 cms067 cms     8387 Mar 23  2011 writeCfg.py
-rw-------  1 cms067 cms     8687 Nov 27 01:47 x509up_u1000009
Checking output files:  
will tar file optHistograms_25_1_rmi.root in  out_files_25
will tar file crab_fjr_25.xml in  out_files_25
will tar file CMSSW_25.stdout in  out_files_25
will tar file CMSSW_25.stderr in  out_files_25
WARNING: output file Watchdog_25.log.gz not found!
>>> padding time: Wrapper lasting more than 600 seconds. No sleep required.
STOPPING WATCHDOG. CrabWatchdog PID is 20151
********** LAST 50 LINES OF WATCHDOG LOG
awk: (FILENAME=- FNR=1) warning: error writing standard output (Broken pipe)
# RESOURCE USAGE SUMMARY FOR PROCESS ID 19416
USER       PID %CPU %MEM    VSZ   RSS TTY      STAT START   TIME COMMAND
cms067   19416  0.2  0.0   8956  1488 ?        S    01:47   0:00 /bin/sh /home/cms067/home_crce1_304863438/CREAM304863438/glide_Ln2790/execute/dir_16018/condor_exec.exe 25 1
 
# LIMITS USED BY THIS WATCHDOG:
# RSS  (KBytes)  : 2300000
# VSZ  (KBytes)  : 100000000
# DISK (MBytes)  : 19000
# CPU  (seconds) : 171600
# WALL (seconds) : 171600
 
# FOLLOWING PRINTOUT TRACKS MAXIMUM VALUES OF RESOURCES USE
# ONE LINE IS PRINTED EACH TIME A MAXIMUM CHANGES
# IF CHANGE WAS IN RSS OR VSZ ALSO PROCID AND COMMAND ARE PRINTED
# THERE IS NO PRINTOUT FOR CPU/WALL TIME INCREASE
 
# TIME			PID	RSS(KB)	VSZ(KB)	Dsk(MB)	tCPU(s)	tWALL(s)	COMMAND
 Nov 27 01:47:34 EET	2322	1320	8896	0	0	367	-bash         
 Nov 27 01:47:34 EET	2358	1488	8952	0	0	367	/bin/sh -l ./CREAM304863438_jobWrapper.sh       
 Nov 27 01:47:34 EET	2672	2672	25504	0	0	367	perl -e ?use Socket;??sub send_notify {? $cream_url = "193.40.150.141:49152";die "No
 Nov 27 01:47:34 EET	9628	5752	25504	0	0	336	/home/cms067/home_crce1_304863438/CREAM304863438/glide_Ln2790/main/condor/sbin/condor_master -f -pidfile /home/cms067/home_crce1_304863438/CREAM304863438/glide_Ln2790/condor_master2.pid      
 Nov 27 01:47:34 EET	---	5752	25504	168	----	----	----
 Nov 27 01:48:43 EET	9628	5756	25504	168	0	404	/home/cms067/home_crce1_304863438/CREAM304863438/glide_Ln2790/main/condor/sbin/condor_master -f -pidfile /home/cms067/home_crce1_304863438/CREAM304863438/glide_Ln2790/condor_master2.pid      
 Nov 27 01:48:43 EET	23625	250700	385152	168	11	53	cmsRun -j /home/cms067/home_crce1_304863438/CREAM304863438/glide_Ln2790/execute/dir_16018/crab_fjr_25.xml -p pset.py     
 Nov 27 01:49:51 EET	23625	334508	502376	168	32	122	cmsRun -j /home/cms067/home_crce1_304863438/CREAM304863438/glide_Ln2790/execute/dir_16018/crab_fjr_25.xml -p pset.py     
 Nov 27 01:50:59 EET	23625	366972	566632	168	74	193	cmsRun -j /home/cms067/home_crce1_304863438/CREAM304863438/glide_Ln2790/execute/dir_16018/crab_fjr_25.xml -p pset.py     
 Nov 27 01:52:10 EET	23625	367436	566632	168	118	263	cmsRun -j /home/cms067/home_crce1_304863438/CREAM304863438/glide_Ln2790/execute/dir_16018/crab_fjr_25.xml -p pset.py     
 Nov 27 01:53:23 EET	23625	367444	566632	168	164	334	cmsRun -j /home/cms067/home_crce1_304863438/CREAM304863438/glide_Ln2790/execute/dir_16018/crab_fjr_25.xml -p pset.py     
 Nov 27 01:54:32 EET	23625	368340	567656	168	192	407	cmsRun -j /home/cms067/home_crce1_304863438/CREAM304863438/glide_Ln2790/execute/dir_16018/crab_fjr_25.xml -p pset.py     
 Nov 27 01:55:44 EET	23625	368376	567656	168	240	479	cmsRun -j /home/cms067/home_crce1_304863438/CREAM304863438/glide_Ln2790/execute/dir_16018/crab_fjr_25.xml -p pset.py     
 Nov 27 01:56:57 EET	23625	368560	567656	168	278	551	cmsRun -j /home/cms067/home_crce1_304863438/CREAM304863438/glide_Ln2790/execute/dir_16018/crab_fjr_25.xml -p pset.py     
 Nov 27 01:59:20 EET	23625	369384	568168	168	350	694	cmsRun -j /home/cms067/home_crce1_304863438/CREAM304863438/glide_Ln2790/execute/dir_16018/crab_fjr_25.xml -p pset.py     
 Nov 27 02:00:32 EET	23625	369580	568168	168	392	763	cmsRun -j /home/cms067/home_crce1_304863438/CREAM304863438/glide_Ln2790/execute/dir_16018/crab_fjr_25.xml -p pset.py     
 Nov 27 02:01:41 EET	23625	369612	568168	168	439	837	cmsRun -j /home/cms067/home_crce1_304863438/CREAM304863438/glide_Ln2790/execute/dir_16018/crab_fjr_25.xml -p pset.py     
********** WATCHDOG LOG ENDED
ZIPPING WATCHDOG LOG
Disk space used:
du -sh /home/cms067/home_crce1_304863438/CREAM304863438/glide_Ln2790/execute/dir_16018
169M	/home/cms067/home_crce1_304863438/CREAM304863438/glide_Ln2790/execute/dir_16018
>>> info for dashboard:
***** Cat /home/cms067/home_crce1_304863438/CREAM304863438/glide_Ln2790/execute/dir_16018/jobreport.txt *****
MonitorJobID=25_https://submit-2.t2.ucsd.edu//121127//17528.24
MonitorID=liis_crab_0_121127_012526_r0h5c1
ExeTime=1154
ExeExitCode=0
CrabUserCpuTime=582.45
CrabSysCpuTime=15.05
CrabCpuPercentage=51%
CrabWrapperTime=1223
CrabStageoutTime=NULL
***** End Cat jobreport *****
Parameters sent to Dashboard.
optHistograms_25_1_rmi.root
crab_fjr_25.xml
CMSSW_25.stdout
CMSSW_25.stderr
Watchdog_25.log.gz
tar: .BrokerInfo: Cannot stat: No such file or directory
tar: Error exit delayed from previous errors
Total Output dimension: 31383
WARNING: output files size limit is set to: 50000000
Total Output dimension 31383 is fine.
JOB_EXIT_STATUS = 0
>>> info for dashboard:
***** Cat /home/cms067/home_crce1_304863438/CREAM304863438/glide_Ln2790/execute/dir_16018/jobreport.txt *****
MonitorJobID=25_https://submit-2.t2.ucsd.edu//121127//17528.24
MonitorID=liis_crab_0_121127_012526_r0h5c1
JobExitCode=0
***** End Cat jobreport *****
Parameters sent to Dashboard.
optHistograms_25_1_rmi.root
crab_fjr_25.xml
