This script was generated by crab (version 2.8.3).
Running /home/cms006/home_crmrs_706356108/CREAM706356108/glide_H12846/execute/dir_23824/condor_exec.exe with 2 positional parameters: 40 1
Today is Tue Nov 27 01:47:22 EET 2012
Job submitted on host wn-v-6320.local
Linux wn-v-6320.local 2.6.32-042stab059.7 #1 SMP Tue Jul 24 19:12:01 MSK 2012 x86_64 x86_64 x86_64 GNU/Linux
>>> current directory (RUNTIME_AREA): /home/cms006/home_crmrs_706356108/CREAM706356108/glide_H12846/execute/dir_23824
>>> current user: uid=11006(cms006) gid=1400(cms) groups=1400(cms)
>>> voms proxy information:
subject   : /DC=ch/DC=cern/OU=Organic Units/OU=Users/CN=liis/CN=663550/CN=Liis Rebane/CN=proxy/CN=limited proxy
issuer    : /DC=ch/DC=cern/OU=Organic Units/OU=Users/CN=liis/CN=663550/CN=Liis Rebane/CN=proxy
identity  : /DC=ch/DC=cern/OU=Organic Units/OU=Users/CN=liis/CN=663550/CN=Liis Rebane/CN=proxy
type      : limited proxy
strength  : 512 bits
path      : /home/cms006/home_crmrs_706356108/CREAM706356108/glide_H12846/execute/dir_23824/x509up_u1000009
timeleft  : 23:59:47
key usage : Digital Signature, Key Encipherment, Data Encipherment
=== VO cms extension information ===
VO        : cms
subject   : /DC=ch/DC=cern/OU=Organic Units/OU=Users/CN=liis/CN=663550/CN=Liis Rebane
issuer    : /DC=ch/DC=cern/OU=computers/CN=lcg-voms.cern.ch
attribute : /cms/Role=NULL/Capability=NULL
timeleft  : 191:38:15
uri       : lcg-voms.cern.ch:15002
>>> tar xzf /home/cms006/home_crmrs_706356108/CREAM706356108/glide_H12846/execute/dir_23824/default.tgz :
Successful untar
>>> Include /home/cms006/home_crmrs_706356108/CREAM706356108/glide_H12846/execute/dir_23824 in PYTHONPATH:
strip arguments
env var CRAB_UNIQUE_JOB_ID set to: liis_crab_0_121127_012526_r0h5c1_40_1_P5y
out_files_40
>>> list of expected files on output sandbox
output files: optHistograms_40_1_P5y.root crab_fjr_40.xml CMSSW_40.stdout CMSSW_40.stderr Watchdog_40.log.gz
>>> GridFlavour discovery: 
GridFlavour=LCG
>>> SyncSite discovery: 
SyncSite=T2_EE_Estonia
>>> SyncCE discovery: 
getting SyncCE from CE_ID
SyncCE=mars.hep.kbfi.ee:8443/cream-pbs-long
>>> info for dashboard:
***** Cat /home/cms006/home_crmrs_706356108/CREAM706356108/glide_H12846/execute/dir_23824/jobreport.txt *****
MonitorJobID=40_https://submit-2.t2.ucsd.edu//121127//17528.39
SyncGridJobId=https://submit-2.t2.ucsd.edu//121127//17528.39
MonitorID=liis_crab_0_121127_012526_r0h5c1
GridFlavour=LCG
SyncSite=T2_EE_Estonia
SyncCE=mars.hep.kbfi.ee:8443/cream-pbs-long
***** End Cat jobreport *****
Parameters sent to Dashboard.
>>> setup environment
set SCRAM ARCH to slc5_amd64_gcc462
SCRAM_ARCH = slc5_amd64_gcc462
>>> setup CMS LCG environment:
set SCRAM ARCH and BUILD_ARCH to slc5_amd64_gcc462 ###
Sourcing environment... 
sourcing /cvmfs/cms.cern.ch/cmsset_default.sh
==> setup cms environment ok
>>> specific cmssw setup environment:
CMSSW_VERSION =  CMSSW_5_3_5
>>> current directory (SOFTWARE_DIR): /home/cms006/home_crmrs_706356108/CREAM706356108/glide_H12846/execute/dir_23824/CMSSW_5_3_5
PreserveSeeds: <>
IncrementSeeds:<>
{}
WNHostName=wn-v-6320.local
>>> info for dashboard:
***** Cat /home/cms006/home_crmrs_706356108/CREAM706356108/glide_H12846/execute/dir_23824/jobreport.txt *****
MonitorJobID=40_https://submit-2.t2.ucsd.edu//121127//17528.39
MonitorID=liis_crab_0_121127_012526_r0h5c1
WNHostName=wn-v-6320.local
***** End Cat jobreport *****
Parameters sent to Dashboard.
crabWatchdog started as process 24825
>>> moving CMSSW software directories in /home/cms006/home_crmrs_706356108/CREAM706356108/glide_H12846/execute/dir_23824/CMSSW_5_3_5
mv: cannot stat `/home/cms006/home_crmrs_706356108/CREAM706356108/glide_H12846/execute/dir_23824/module/': No such file or directory
>>> Include /home/cms006/home_crmrs_706356108/CREAM706356108/glide_H12846/execute/dir_23824 in PYTHONPATH:
PYTHONPATH=/home/cms006/home_crmrs_706356108/CREAM706356108/glide_H12846/execute/dir_23824/:/home/cms006/home_crmrs_706356108/CREAM706356108/glide_H12846/execute/dir_23824/CMSSW_5_3_5/python:/home/cms006/home_crmrs_706356108/CREAM706356108/glide_H12846/execute/dir_23824/CMSSW_5_3_5/lib/slc5_amd64_gcc462:/cvmfs/cms.cern.ch/slc5_amd64_gcc462/cms/cmssw/CMSSW_5_3_5/python:/cvmfs/cms.cern.ch/slc5_amd64_gcc462/cms/cmssw/CMSSW_5_3_5/lib/slc5_amd64_gcc462:/cvmfs/cms.cern.ch/slc5_amd64_gcc462/cms/coral/CORAL_2_3_21-cms27/slc5_amd64_gcc462/python:/cvmfs/cms.cern.ch/slc5_amd64_gcc462/cms/coral/CORAL_2_3_21-cms27/slc5_amd64_gcc462/lib:/cvmfs/cms.cern.ch/slc5_amd64_gcc462/external/pyqt/4.8.1/lib/python2.6/site-packages:/cvmfs/cms.cern.ch/slc5_amd64_gcc462/external/py2-scipy/0.8.0/lib/python2.6/site-packages:/cvmfs/cms.cern.ch/slc5_amd64_gcc462/external/py2-matplotlib/1.0.1/lib/python2.6/site-packages:/cvmfs/cms.cern.ch/slc5_amd64_gcc462/external/python-ldap/2.3.5/lib/python2.6/site-packages:/cvmfs/cms.cern.ch/slc5_amd64_gcc462/external/sip/4.11.2/lib/python2.6/site-packages:/cvmfs/cms.cern.ch/slc5_amd64_gcc462/external/py2-pycurl/7.19.0/lib/python2.6/site-packages:/cvmfs/cms.cern.ch/slc5_amd64_gcc462/external/py2-numpy/1.6.1/lib/python2.6/site-packages:/cvmfs/cms.cern.ch/slc5_amd64_gcc462/external/py2-ipython/0.10/lib/python2.6/site-packages:/cvmfs/cms.cern.ch/slc5_amd64_gcc462/external/py2-cx-oracle/5.1-cms11/lib/python2.6/site-packages:/cvmfs/cms.cern.ch/slc5_amd64_gcc462/external/py2-cjson/1.0.5/lib/python2.6/site-packages:/cvmfs/cms.cern.ch/slc5_amd64_gcc462/cms/das-client/1.4.1-cms8/bin:/cvmfs/cms.cern.ch/slc5_amd64_gcc462/external/elementtree/1.2.6/share/lib/python2.6/site-packages:/cvmfs/cms.cern.ch/slc5_amd64_gcc462/external/rivet/1.5.1-cms10/lib/python2.6/site-packages:/cvmfs/cms.cern.ch/slc5_amd64_gcc462/external/pyminuit2/0.0.1-cms34/lib/python2.6/site-packages:/cvmfs/cms.cern.ch/slc5_amd64_gcc462/external/professor/1.0.0-cms35/lib/python2.6/site-packages:/cvmfs/cms.cern.ch/slc5_amd64_gcc462/lcg/root/5.32.00-cms18/lib:/cvmfs/cms.cern.ch/slc5_amd64_gcc462/cms/dbs-client/DBS_2_1_1_patch1_1/lib:/cvmfs/cms.cern.ch/slc5_amd64_gcc462/cms/dbs-client/DBS_2_1_1_patch1_1/lib/DBSAPI:/home/cms006/home_crmrs_706356108/CREAM706356108/glide_H12846/execute/dir_23824/
241a2a19cb7c5c8751ba22759ab3bdb0
PSETHASH = 241a2a19cb7c5c8751ba22759ab3bdb0
/home/cms006/home_crmrs_706356108/CREAM706356108/glide_H12846/execute/dir_23824/writeCfg.py pset.py pset.py
Importing .py file
Setting parameters
inputBlocks=/QCD_Pt_350_EMEnriched_TuneZ2star_8TeV_pythia6/mario-Summer12-stop-pfele-step1-3d176ac8da5e9dff208d057f4733ca91/USER#2ef68d93-4c3b-40b9-98c3-bc862db01b2a
inputFiles=/store/user/mario/QCD_Pt_350_EMEnriched_TuneZ2star_8TeV_pythia6/Summer12-stop-pfele-step1/3d176ac8da5e9dff208d057f4733ca91/tuple_299_10_7nJ.root;/store/user/mario/QCD_Pt_350_EMEnriched_TuneZ2star_8TeV_pythia6/Summer12-stop-pfele-step1/3d176ac8da5e9dff208d057f4733ca91/tuple_301_8_oDz.root;/store/user/mario/QCD_Pt_350_EMEnriched_TuneZ2star_8TeV_pythia6/Summer12-stop-pfele-step1/3d176ac8da5e9dff208d057f4733ca91/tuple_302_7_FL5.root;/store/user/mario/QCD_Pt_350_EMEnriched_TuneZ2star_8TeV_pythia6/Summer12-stop-pfele-step1/3d176ac8da5e9dff208d057f4733ca91/tuple_303_11_fCS.root;/store/user/mario/QCD_Pt_350_EMEnriched_TuneZ2star_8TeV_pythia6/Summer12-stop-pfele-step1/3d176ac8da5e9dff208d057f4733ca91/tuple_304_2_6gL.root
parentFiles=
lumisRange=
>>> Executable cmsRun
/cvmfs/cms.cern.ch/slc5_amd64_gcc462/cms/cmssw/CMSSW_5_3_5/bin/slc5_amd64_gcc462/cmsRun
ok executable found
>>> info for dashboard:
***** Cat /home/cms006/home_crmrs_706356108/CREAM706356108/glide_H12846/execute/dir_23824/jobreport.txt *****
MonitorJobID=40_https://submit-2.t2.ucsd.edu//121127//17528.39
MonitorID=liis_crab_0_121127_012526_r0h5c1
ExeStart=cmsRun
***** End Cat jobreport *****
Parameters sent to Dashboard.
>>> cmsRun started at Mon Nov 26 23:47:56 UTC 2012
>>> cmsRun ended at Tue Nov 27 00:03:27 UTC 2012
>>> info for dashboard:
***** Cat /home/cms006/home_crmrs_706356108/CREAM706356108/glide_H12846/execute/dir_23824/jobreport.txt *****
MonitorJobID=40_https://submit-2.t2.ucsd.edu//121127//17528.39
MonitorID=liis_crab_0_121127_012526_r0h5c1
ExeEnd=cmsRun
***** End Cat jobreport *****
Parameters sent to Dashboard.
TIME_EXE = 931 sec
>>> cmsRun wrote 165 lines of stdout+stderr
>>> START OF printout of 165 lines from stdout+stderr
27-Nov-2012 01:48:43 EET  Initiating request to open file file:/hdfs/cms/store/user/mario/QCD_Pt_350_EMEnriched_TuneZ2star_8TeV_pythia6/Summer12-stop-pfele-step1/3d176ac8da5e9dff208d057f4733ca91/tuple_299_10_7nJ.root
27-Nov-2012 01:48:55 EET  Successfully opened file file:/hdfs/cms/store/user/mario/QCD_Pt_350_EMEnriched_TuneZ2star_8TeV_pythia6/Summer12-stop-pfele-step1/3d176ac8da5e9dff208d057f4733ca91/tuple_299_10_7nJ.root
Begin processing the 1st record. Run 1, Event 38725279, LumiSection 8876 at 27-Nov-2012 01:49:25.706 EET
Begin processing the 1001st record. Run 1, Event 57736537, LumiSection 13234 at 27-Nov-2012 01:49:37.368 EET
Begin processing the 2001st record. Run 1, Event 49296200, LumiSection 11299 at 27-Nov-2012 01:49:42.610 EET
Begin processing the 3001st record. Run 1, Event 55837898, LumiSection 12799 at 27-Nov-2012 01:49:46.872 EET
Begin processing the 4001st record. Run 1, Event 121891553, LumiSection 27938 at 27-Nov-2012 01:49:52.312 EET
Begin processing the 5001st record. Run 1, Event 130063390, LumiSection 29811 at 27-Nov-2012 01:49:55.942 EET
Begin processing the 6001st record. Run 1, Event 134645307, LumiSection 30861 at 27-Nov-2012 01:50:02.103 EET
Begin processing the 7001st record. Run 1, Event 142904600, LumiSection 32754 at 27-Nov-2012 01:50:08.634 EET
Begin processing the 8001st record. Run 1, Event 280183032, LumiSection 64218 at 27-Nov-2012 01:50:11.989 EET
Begin processing the 9001st record. Run 1, Event 303063510, LumiSection 69463 at 27-Nov-2012 01:50:18.008 EET
Begin processing the 10001st record. Run 1, Event 291899184, LumiSection 66904 at 27-Nov-2012 01:50:21.675 EET
Begin processing the 11001st record. Run 1, Event 296646544, LumiSection 67992 at 27-Nov-2012 01:50:28.249 EET
Begin processing the 12001st record. Run 1, Event 301967039, LumiSection 69211 at 27-Nov-2012 01:50:32.186 EET
Begin processing the 13001st record. Run 1, Event 303918854, LumiSection 69659 at 27-Nov-2012 01:50:39.103 EET
Begin processing the 14001st record. Run 1, Event 304269519, LumiSection 69739 at 27-Nov-2012 01:50:46.434 EET
Begin processing the 15001st record. Run 1, Event 306962212, LumiSection 70356 at 27-Nov-2012 01:50:50.431 EET
Begin processing the 16001st record. Run 1, Event 33556740, LumiSection 7692 at 27-Nov-2012 01:50:56.249 EET
Begin processing the 17001st record. Run 1, Event 42514872, LumiSection 9745 at 27-Nov-2012 01:50:59.906 EET
Begin processing the 18001st record. Run 1, Event 43474947, LumiSection 9965 at 27-Nov-2012 01:51:05.583 EET
Begin processing the 19001st record. Run 1, Event 44347963, LumiSection 10165 at 27-Nov-2012 01:51:09.278 EET
Begin processing the 20001st record. Run 1, Event 252120335, LumiSection 57787 at 27-Nov-2012 01:51:15.285 EET
Begin processing the 21001st record. Run 1, Event 267471699, LumiSection 61305 at 27-Nov-2012 01:51:19.802 EET
27-Nov-2012 01:51:23 EET  Closed file file:/hdfs/cms/store/user/mario/QCD_Pt_350_EMEnriched_TuneZ2star_8TeV_pythia6/Summer12-stop-pfele-step1/3d176ac8da5e9dff208d057f4733ca91/tuple_299_10_7nJ.root
27-Nov-2012 01:51:23 EET  Initiating request to open file file:/hdfs/cms/store/user/mario/QCD_Pt_350_EMEnriched_TuneZ2star_8TeV_pythia6/Summer12-stop-pfele-step1/3d176ac8da5e9dff208d057f4733ca91/tuple_301_8_oDz.root
27-Nov-2012 01:51:23 EET  Successfully opened file file:/hdfs/cms/store/user/mario/QCD_Pt_350_EMEnriched_TuneZ2star_8TeV_pythia6/Summer12-stop-pfele-step1/3d176ac8da5e9dff208d057f4733ca91/tuple_301_8_oDz.root
Begin processing the 22001st record. Run 1, Event 381754, LumiSection 88 at 27-Nov-2012 01:51:46.590 EET
Begin processing the 23001st record. Run 1, Event 632110, LumiSection 145 at 27-Nov-2012 01:51:50.677 EET
Begin processing the 24001st record. Run 1, Event 6971759, LumiSection 1598 at 27-Nov-2012 01:51:56.701 EET
Begin processing the 25001st record. Run 1, Event 25153441, LumiSection 5766 at 27-Nov-2012 01:52:00.918 EET
Begin processing the 26001st record. Run 1, Event 39700738, LumiSection 9100 at 27-Nov-2012 01:52:06.475 EET
Begin processing the 27001st record. Run 1, Event 68103134, LumiSection 15610 at 27-Nov-2012 01:52:10.264 EET
Begin processing the 28001st record. Run 1, Event 92188633, LumiSection 21130 at 27-Nov-2012 01:52:18.494 EET
Begin processing the 29001st record. Run 1, Event 118665128, LumiSection 27199 at 27-Nov-2012 01:52:23.086 EET
Begin processing the 30001st record. Run 1, Event 271140413, LumiSection 62146 at 27-Nov-2012 01:52:29.970 EET
Begin processing the 31001st record. Run 1, Event 175598980, LumiSection 40248 at 27-Nov-2012 01:52:37.195 EET
Begin processing the 32001st record. Run 1, Event 182860141, LumiSection 41912 at 27-Nov-2012 01:52:40.910 EET
Begin processing the 33001st record. Run 1, Event 282133494, LumiSection 64666 at 27-Nov-2012 01:52:47.715 EET
Begin processing the 34001st record. Run 1, Event 284889162, LumiSection 65297 at 27-Nov-2012 01:52:51.920 EET
Begin processing the 35001st record. Run 1, Event 287944834, LumiSection 65997 at 27-Nov-2012 01:52:58.154 EET
Begin processing the 36001st record. Run 1, Event 288224828, LumiSection 66062 at 27-Nov-2012 01:53:04.287 EET
Begin processing the 37001st record. Run 1, Event 117694043, LumiSection 26976 at 27-Nov-2012 01:53:11.876 EET
Begin processing the 38001st record. Run 1, Event 126547126, LumiSection 29005 at 27-Nov-2012 01:53:15.566 EET
Begin processing the 39001st record. Run 1, Event 122641997, LumiSection 28110 at 27-Nov-2012 01:53:20.857 EET
Begin processing the 40001st record. Run 1, Event 129969164, LumiSection 29789 at 27-Nov-2012 01:53:27.844 EET
Begin processing the 41001st record. Run 1, Event 252936489, LumiSection 57974 at 27-Nov-2012 01:53:32.122 EET
Begin processing the 42001st record. Run 1, Event 281231448, LumiSection 64459 at 27-Nov-2012 01:53:38.558 EET
Begin processing the 43001st record. Run 1, Event 274780281, LumiSection 62980 at 27-Nov-2012 01:53:42.549 EET
Begin processing the 44001st record. Run 1, Event 288292045, LumiSection 66077 at 27-Nov-2012 01:53:48.127 EET
Begin processing the 45001st record. Run 1, Event 276967060, LumiSection 63481 at 27-Nov-2012 01:53:51.843 EET
Begin processing the 46001st record. Run 1, Event 279403608, LumiSection 64040 at 27-Nov-2012 01:53:57.628 EET
Begin processing the 47001st record. Run 1, Event 289260298, LumiSection 66299 at 27-Nov-2012 01:54:03.588 EET
Begin processing the 48001st record. Run 1, Event 284894065, LumiSection 65298 at 27-Nov-2012 01:54:08.013 EET
Begin processing the 49001st record. Run 1, Event 120645908, LumiSection 27653 at 27-Nov-2012 01:54:17.454 EET
Begin processing the 50001st record. Run 1, Event 121459298, LumiSection 27839 at 27-Nov-2012 01:54:22.204 EET
Begin processing the 51001st record. Run 1, Event 123424561, LumiSection 28289 at 27-Nov-2012 01:54:27.237 EET
Begin processing the 52001st record. Run 1, Event 145097881, LumiSection 33257 at 27-Nov-2012 01:54:31.298 EET
Begin processing the 53001st record. Run 1, Event 151229907, LumiSection 34662 at 27-Nov-2012 01:54:36.821 EET
27-Nov-2012 01:54:38 EET  Closed file file:/hdfs/cms/store/user/mario/QCD_Pt_350_EMEnriched_TuneZ2star_8TeV_pythia6/Summer12-stop-pfele-step1/3d176ac8da5e9dff208d057f4733ca91/tuple_301_8_oDz.root
27-Nov-2012 01:54:38 EET  Initiating request to open file file:/hdfs/cms/store/user/mario/QCD_Pt_350_EMEnriched_TuneZ2star_8TeV_pythia6/Summer12-stop-pfele-step1/3d176ac8da5e9dff208d057f4733ca91/tuple_302_7_FL5.root
27-Nov-2012 01:54:38 EET  Successfully opened file file:/hdfs/cms/store/user/mario/QCD_Pt_350_EMEnriched_TuneZ2star_8TeV_pythia6/Summer12-stop-pfele-step1/3d176ac8da5e9dff208d057f4733ca91/tuple_302_7_FL5.root
Begin processing the 54001st record. Run 1, Event 16636818, LumiSection 3814 at 27-Nov-2012 01:55:05.531 EET
Begin processing the 55001st record. Run 1, Event 33571167, LumiSection 7695 at 27-Nov-2012 01:55:09.232 EET
Begin processing the 56001st record. Run 1, Event 59506354, LumiSection 13639 at 27-Nov-2012 01:55:14.577 EET
Begin processing the 57001st record. Run 1, Event 63206967, LumiSection 14488 at 27-Nov-2012 01:55:20.730 EET
Begin processing the 58001st record. Run 1, Event 103741371, LumiSection 23778 at 27-Nov-2012 01:55:26.664 EET
Begin processing the 59001st record. Run 1, Event 110606230, LumiSection 25351 at 27-Nov-2012 01:55:32.707 EET
Begin processing the 60001st record. Run 1, Event 118767304, LumiSection 27222 at 27-Nov-2012 01:55:36.699 EET
Begin processing the 61001st record. Run 1, Event 120583346, LumiSection 27638 at 27-Nov-2012 01:55:43.176 EET
Begin processing the 62001st record. Run 1, Event 122687945, LumiSection 28121 at 27-Nov-2012 01:55:46.889 EET
Begin processing the 63001st record. Run 1, Event 135162198, LumiSection 30980 at 27-Nov-2012 01:55:54.289 EET
Begin processing the 64001st record. Run 1, Event 143008622, LumiSection 32778 at 27-Nov-2012 01:56:00.663 EET
Begin processing the 65001st record. Run 1, Event 170829372, LumiSection 39155 at 27-Nov-2012 01:56:05.127 EET
Begin processing the 66001st record. Run 1, Event 183867615, LumiSection 42143 at 27-Nov-2012 01:56:11.039 EET
Begin processing the 67001st record. Run 1, Event 254444117, LumiSection 58319 at 27-Nov-2012 01:56:15.284 EET
Begin processing the 68001st record. Run 1, Event 191640360, LumiSection 43924 at 27-Nov-2012 01:56:21.219 EET
Begin processing the 69001st record. Run 1, Event 285080769, LumiSection 65341 at 27-Nov-2012 01:56:26.028 EET
Begin processing the 70001st record. Run 1, Event 275557449, LumiSection 63158 at 27-Nov-2012 01:56:33.389 EET
Begin processing the 71001st record. Run 1, Event 282681934, LumiSection 64791 at 27-Nov-2012 01:56:41.967 EET
Begin processing the 72001st record. Run 1, Event 284511422, LumiSection 65211 at 27-Nov-2012 01:56:46.826 EET
Begin processing the 73001st record. Run 1, Event 285799096, LumiSection 65506 at 27-Nov-2012 01:56:52.390 EET
Begin processing the 74001st record. Run 1, Event 289456269, LumiSection 66344 at 27-Nov-2012 01:56:56.552 EET
Begin processing the 75001st record. Run 1, Event 296805225, LumiSection 68028 at 27-Nov-2012 01:57:02.015 EET
Begin processing the 76001st record. Run 1, Event 185529611, LumiSection 42524 at 27-Nov-2012 01:57:06.855 EET
Begin processing the 77001st record. Run 1, Event 244807663, LumiSection 56110 at 27-Nov-2012 01:57:13.723 EET
Begin processing the 78001st record. Run 1, Event 244638391, LumiSection 56072 at 27-Nov-2012 01:57:20.667 EET
Begin processing the 79001st record. Run 1, Event 254469674, LumiSection 58325 at 27-Nov-2012 01:57:25.468 EET
Begin processing the 80001st record. Run 1, Event 281495352, LumiSection 64519 at 27-Nov-2012 01:57:33.571 EET
Begin processing the 81001st record. Run 1, Event 275305285, LumiSection 63100 at 27-Nov-2012 01:57:37.795 EET
Begin processing the 82001st record. Run 1, Event 282282785, LumiSection 64700 at 27-Nov-2012 01:57:43.976 EET
Begin processing the 83001st record. Run 1, Event 284622380, LumiSection 65236 at 27-Nov-2012 01:57:47.750 EET
Begin processing the 84001st record. Run 1, Event 207018519, LumiSection 47449 at 27-Nov-2012 01:57:52.869 EET
27-Nov-2012 01:57:56 EET  Closed file file:/hdfs/cms/store/user/mario/QCD_Pt_350_EMEnriched_TuneZ2star_8TeV_pythia6/Summer12-stop-pfele-step1/3d176ac8da5e9dff208d057f4733ca91/tuple_302_7_FL5.root
27-Nov-2012 01:57:56 EET  Initiating request to open file file:/hdfs/cms/store/user/mario/QCD_Pt_350_EMEnriched_TuneZ2star_8TeV_pythia6/Summer12-stop-pfele-step1/3d176ac8da5e9dff208d057f4733ca91/tuple_303_11_fCS.root
27-Nov-2012 01:57:56 EET  Successfully opened file file:/hdfs/cms/store/user/mario/QCD_Pt_350_EMEnriched_TuneZ2star_8TeV_pythia6/Summer12-stop-pfele-step1/3d176ac8da5e9dff208d057f4733ca91/tuple_303_11_fCS.root
Begin processing the 85001st record. Run 1, Event 228451354, LumiSection 52362 at 27-Nov-2012 01:58:22.578 EET
Begin processing the 86001st record. Run 1, Event 252409285, LumiSection 57853 at 27-Nov-2012 01:58:27.695 EET
Begin processing the 87001st record. Run 1, Event 259317828, LumiSection 59436 at 27-Nov-2012 01:58:33.693 EET
Begin processing the 88001st record. Run 1, Event 242991, LumiSection 56 at 27-Nov-2012 01:58:36.509 EET
Begin processing the 89001st record. Run 1, Event 33347234, LumiSection 7644 at 27-Nov-2012 01:58:42.328 EET
Begin processing the 90001st record. Run 1, Event 48295006, LumiSection 11070 at 27-Nov-2012 01:58:46.380 EET
Begin processing the 91001st record. Run 1, Event 45652523, LumiSection 10464 at 27-Nov-2012 01:58:56.196 EET
Begin processing the 92001st record. Run 1, Event 59008141, LumiSection 13525 at 27-Nov-2012 01:59:04.221 EET
Begin processing the 93001st record. Run 1, Event 69218333, LumiSection 15865 at 27-Nov-2012 01:59:08.564 EET
Begin processing the 94001st record. Run 1, Event 90594667, LumiSection 20765 at 27-Nov-2012 01:59:14.503 EET
Begin processing the 95001st record. Run 1, Event 98113361, LumiSection 22488 at 27-Nov-2012 01:59:18.340 EET
Begin processing the 96001st record. Run 1, Event 105139225, LumiSection 24098 at 27-Nov-2012 01:59:23.597 EET
Begin processing the 97001st record. Run 1, Event 168866988, LumiSection 38705 at 27-Nov-2012 01:59:27.563 EET
Begin processing the 98001st record. Run 1, Event 171037014, LumiSection 39202 at 27-Nov-2012 01:59:33.629 EET
Begin processing the 99001st record. Run 1, Event 249414527, LumiSection 57166 at 27-Nov-2012 01:59:40.238 EET
Begin processing the 100001st record. Run 1, Event 198578709, LumiSection 45515 at 27-Nov-2012 01:59:44.021 EET
Begin processing the 101001st record. Run 1, Event 198099861, LumiSection 45405 at 27-Nov-2012 01:59:51.228 EET
Begin processing the 102001st record. Run 1, Event 206532091, LumiSection 47338 at 27-Nov-2012 01:59:55.001 EET
Begin processing the 103001st record. Run 1, Event 239160313, LumiSection 54816 at 27-Nov-2012 02:00:00.818 EET
Begin processing the 104001st record. Run 1, Event 244841685, LumiSection 56118 at 27-Nov-2012 02:00:05.037 EET
Begin processing the 105001st record. Run 1, Event 254868712, LumiSection 58416 at 27-Nov-2012 02:00:11.194 EET
Begin processing the 106001st record. Run 1, Event 263827553, LumiSection 60470 at 27-Nov-2012 02:00:14.791 EET
Begin processing the 107001st record. Run 1, Event 276315358, LumiSection 63332 at 27-Nov-2012 02:00:20.495 EET
Begin processing the 108001st record. Run 1, Event 281285425, LumiSection 64471 at 27-Nov-2012 02:00:27.685 EET
Begin processing the 109001st record. Run 1, Event 286420872, LumiSection 65648 at 27-Nov-2012 02:00:31.967 EET
Begin processing the 110001st record. Run 1, Event 288030641, LumiSection 66017 at 27-Nov-2012 02:00:38.342 EET
Begin processing the 111001st record. Run 1, Event 315536462, LumiSection 72321 at 27-Nov-2012 02:00:47.553 EET
Begin processing the 112001st record. Run 1, Event 114752051, LumiSection 26302 at 27-Nov-2012 02:00:52.409 EET
Begin processing the 113001st record. Run 1, Event 120411974, LumiSection 27599 at 27-Nov-2012 02:00:59.150 EET
Begin processing the 114001st record. Run 1, Event 121242316, LumiSection 27789 at 27-Nov-2012 02:01:02.989 EET
Begin processing the 115001st record. Run 1, Event 125261884, LumiSection 28711 at 27-Nov-2012 02:01:08.977 EET
Begin processing the 116001st record. Run 1, Event 35063733, LumiSection 8037 at 27-Nov-2012 02:01:16.415 EET
27-Nov-2012 02:01:18 EET  Closed file file:/hdfs/cms/store/user/mario/QCD_Pt_350_EMEnriched_TuneZ2star_8TeV_pythia6/Summer12-stop-pfele-step1/3d176ac8da5e9dff208d057f4733ca91/tuple_303_11_fCS.root
27-Nov-2012 02:01:18 EET  Initiating request to open file file:/hdfs/cms/store/user/mario/QCD_Pt_350_EMEnriched_TuneZ2star_8TeV_pythia6/Summer12-stop-pfele-step1/3d176ac8da5e9dff208d057f4733ca91/tuple_304_2_6gL.root
27-Nov-2012 02:01:24 EET  Successfully opened file file:/hdfs/cms/store/user/mario/QCD_Pt_350_EMEnriched_TuneZ2star_8TeV_pythia6/Summer12-stop-pfele-step1/3d176ac8da5e9dff208d057f4733ca91/tuple_304_2_6gL.root
Begin processing the 117001st record. Run 1, Event 42683613, LumiSection 9784 at 27-Nov-2012 02:01:55.645 EET
Begin processing the 118001st record. Run 1, Event 51137891, LumiSection 11721 at 27-Nov-2012 02:02:00.354 EET
Begin processing the 119001st record. Run 1, Event 86544324, LumiSection 19836 at 27-Nov-2012 02:02:06.466 EET
Begin processing the 120001st record. Run 1, Event 105203530, LumiSection 24113 at 27-Nov-2012 02:02:13.154 EET
Begin processing the 121001st record. Run 1, Event 108582003, LumiSection 24888 at 27-Nov-2012 02:02:16.646 EET
Begin processing the 122001st record. Run 1, Event 160446331, LumiSection 36775 at 27-Nov-2012 02:02:23.671 EET
Begin processing the 123001st record. Run 1, Event 113558105, LumiSection 26028 at 27-Nov-2012 02:02:28.141 EET
Begin processing the 124001st record. Run 1, Event 123442030, LumiSection 28293 at 27-Nov-2012 02:02:36.881 EET
Begin processing the 125001st record. Run 1, Event 130018772, LumiSection 29801 at 27-Nov-2012 02:02:50.655 EET
Begin processing the 126001st record. Run 1, Event 143127747, LumiSection 32805 at 27-Nov-2012 02:02:54.321 EET
Begin processing the 127001st record. Run 1, Event 176768050, LumiSection 40516 at 27-Nov-2012 02:02:59.215 EET
Begin processing the 128001st record. Run 1, Event 130040786, LumiSection 29806 at 27-Nov-2012 02:03:03.268 EET
Begin processing the 129001st record. Run 1, Event 122415634, LumiSection 28058 at 27-Nov-2012 02:03:10.796 EET
Begin processing the 130001st record. Run 1, Event 124366527, LumiSection 28505 at 27-Nov-2012 02:03:16.071 EET
Begin processing the 131001st record. Run 1, Event 142955648, LumiSection 32766 at 27-Nov-2012 02:03:19.532 EET
27-Nov-2012 02:03:25 EET  Closed file file:/hdfs/cms/store/user/mario/QCD_Pt_350_EMEnriched_TuneZ2star_8TeV_pythia6/Summer12-stop-pfele-step1/3d176ac8da5e9dff208d057f4733ca91/tuple_304_2_6gL.root

=============================================

MessageLogger Summary

 type     category        sev    module        subroutine        count    total
 ---- -------------------- -- ---------------- ----------------  -----    -----
    1 fileAction           -s file_close                             5        5
    2 fileAction           -s file_open                             10       10

 type    category    Examples: run/evt        run/evt          run/evt
 ---- -------------------- ---------------- ---------------- ----------------
    1 fileAction           PostProcessEvent PostProcessEvent PostEndRun
    2 fileAction           pre-events       pre-events       PostProcessEvent

Severity    # Occurrences   Total Occurrences
--------    -------------   -----------------
System                 15                  15
>>> END OF printout of 165 lines from stdout+stderr
>>> Parse FrameworkJobReport crab_fjr.xml
Result of parsing the FrameworkJobReport crab_fjr.xml: Popularity start
lumisRange : 1::81,87-88,107,111,145-146,173,211,356,364,416,1598,1626,1643,2064,2070,5754,5764,5766,5790,6686,6738,9100,9141,9750,9814,14888,15610,19377,19968,20432,21130,24210,25499,26976,26981,27199,27560,27625,27630,27653,27714,27773,27804,27839,27939,27941,28097,28110,28165,28230,28287,28289,28389,28558,28584,28653,28912,29005,29748,29789,30387,30942,31625,31689,31697,33257,33298,34655,34660,34662-34663,35732,36419,36541,36638,37027,37151,37265,38019,39808,39859,40113,40248,40282,40285,40410,40459,41192,41907,41912,41997,42011,42503,43970,49559,50861,54361,57974,58309,58336,58382,58802,62146,62309,62913,62926,62956,62980,63043,63045,63048,63084,63095,63119,63191,63203,63355,63388,63470,63479,63481,64040,64406,64459,64474,64486,64517,64569,64632,64666,64709,64792,65009,65165,65199,65204,65235,65243,65297-65298,65310-65311,65315,65342,65421,65425,65505,65570,65701,65997,66003-66004,66006,66032-66033,66057,66062,66074,66077,66109,66138,66164,66299,66309,66775,68468::1;1::2070,2169,3787,3814,4494,4513,4626,7695-7696,8003,8069,8129,8920,13639,13960,14154,14201,14488,16031,16377,17539,19051,19674,22053,22056,22192,22794,23778,25351,25564,25952,26480,26767,27155,27222,27531,27580,27594,27638,27716,27749,27899,28121,28699,29489,29958,30237,30980,31698,32671,32777-32778,32829,32832,37410,38716,39151,39155,39404,39998,40102,40218,40443,42143,42287,42512,42516,42524,42564,42584,43269,43759,43924,45335,45354,45396,45399,45437,45500,45668,45865,47449,49454,49486,49496,50814,51979,51983,54185,54752,55542,55632,55856,56072,56110,56180,56643,57824,58069,58319,58325,58426,59237,59242,59380,59430,60280,60341,62047,62892,62954,62997,63042,63074,63085,63096,63100,63142,63158,63220,63308,63318,63365,63435,64045,64380,64408,64507,64519,64700,64791,64831,64868,65029,65163,65166,65182,65186,65211,65236,65263,65295,65341,65427,65495,65506,65539,65566,65687,65718-65719,66008,66012,66044,66149,66340,66344,66609,66859,66901,66929,67173,68009,68028,68881,69166,69641,72266::2;1::56,128,2085,2116,2200,2579,2844,3033,7644,8037,8359,8896,9062,9113,9203,9496,9654,9793,10464,10586,10878,11070,11262,12235,13525,14478,14744-14745,15247,15865,16209,19017,20389,20441,20765,20953,21335,21383,22488,23097,23976,24024,24098,24114,25346,25455,25605,25806,26233,26299,26302,27026,27121,27226,27471,27599,27673,27703,27763,27775,27789,27878,27896,27935,28027,28711,32763,37734,38314,38339,38684,38705,38715,38753,39114,39120,39202,40000,40045,40211,40475,40705,41480,41917,42318-42319,42619,42623,43517,43716,45314,45395,45403,45405,45455,45515,45701,47338,49457,49502,50704,50718,51356,52362,54373,54499,54752,54816,55728,55741,55768,55793,55862,56118,57166,57818,57841,57845,57853,57959,58341,58344,58368,58416,58425,58451,58680,59217,59234,59243,59328,59356,59424-59425,59436,60308,60319,60470,62001,62995,63117,63204,63222,63332,63754,64068,64074,64101,64421,64465,64471,64538,64629,64768,65261,65273,65621,65629,65648,65661,65730,66017-66018,66243,66883,69316,71153,72321::3;1::9496,9563,9747,9784,10848,10933,11028,11605,11721,12033,14346,14804,15457,18828,19836,19934,20605,23600,23961,24062,24113,24201,24686,24878,24888,24963,25013,25523,25905,25932,25966,26028,26259,27109,27153,27248,27343,27586-27587,27642,27783,28058,28160,28278,28291,28293,28306,28382,28505,28527,29327,29801,29806,30054,30208,30807,30979,31056,31351,31462,31518,31693,32756,32761,32766,32781,32787,32791,32805,32814,33313,33325,33333,36775,37301,37590,37613,38689,38740,40098,40516,42499,43761,54098,58415::4;1::6113,7692,8638,8876,8890,8895,9153,9299-9300,9436,9745,9751,9895,9961,9963,9965,10008,10010,10039,10165,10845,11156,11193-11194,11228,11299,11414-11415,11482,11505,12765,12799,13234,13268,13326,14316,14345,14441,15009,15045,27234,27591,27938,28311,28348,29490,29529,29811-29812,30344,30391,30805,30861,30890,32573,32608,32643,32754,32769,32785,32818,57587,57787,58773,58810,58812,61305,61322,62142,62148,62212,64170,64180,64218,64282,64299,64315,64318,64695,65475,65501,65703,66236-66237,66259,66904,66928,67972,67992,67996,68005,69159,69192,69195,69208-69209,69211,69229,69463,69534,69546,69591,69651,69659,69739,70047,70056,70333,70356,70477,71125,71330,71394,71446,72415,72878,72912::5;
lumisParentRange : 
Basename : /store/user/mario/QCD_Pt_350_EMEnriched_TuneZ2star_8TeV_pythia6/Summer12-stop-pfele-step1/3d176ac8da5e9dff208d057f4733ca91/tuple_
BasenameParent : 
parentFiles : 
inputBlocks : /QCD_Pt_350_EMEnriched_TuneZ2star_8TeV_pythia6/mario-Summer12-stop-pfele-step1-3d176ac8da5e9dff208d057f4733ca91/USER#2ef68d93-4c3b-40b9-98c3-bc862db01b2a
inputFiles : 301_8_oDz.root::1::EDM::Local::1;302_7_FL5.root::1::EDM::Local::2;303_11_fCS.root::1::EDM::Local::3;304_2_6gL.root::1::EDM::Local::4;299_10_7nJ.root::1::EDM::Local::5;
Popularity stop
Extracted ExitStatus from FrameworkJobReport parsing output: 0
>>> Executable succeded  0
ExeExitCode=0
EXECUTABLE_EXIT_STATUS = 0
>>> current directory /home/cms006/home_crmrs_706356108/CREAM706356108/glide_H12846/execute/dir_23824/CMSSW_5_3_5
>>>  (SOFTWARE_DIR): /home/cms006/home_crmrs_706356108/CREAM706356108/glide_H12846/execute/dir_23824/CMSSW_5_3_5
>>> (WORKING_DIR): 
>>> current directory content:
total 164
drwxr-xr-x 3 cms006 cms  4096 Nov 27 01:47 .SCRAM
-rw-r--r-- 1 cms006 cms 30066 Nov 27 01:47 CMSSW.py.pkl
drwxr-xr-x 3 cms006 cms  4096 Nov 27 01:47 bin
drwxr-xr-x 3 cms006 cms  4096 Nov 27 01:47 cfipython
drwxr-xr-x 5 cms006 cms  4096 Nov 27 01:47 config
-rw-r--r-- 1 cms006 cms    17 Nov 27 02:03 cpu_timing.txt
drwxr-xr-x 2 cms006 cms  4096 Nov 27 01:47 doc
-rw-r--r-- 1 cms006 cms 18554 Nov 27 02:03 executable.out
drwxr-xr-x 2 cms006 cms  4096 Nov 27 01:47 include
drwxrwxrwx 3 cms006 cms  4096 Oct 22 16:38 lib
drwxr-xr-x 3 cms006 cms  4096 Nov 27 01:47 logs
drwxr-xr-x 3 cms006 cms  4096 Nov 27 01:47 objs
-rw-r--r-- 1 cms006 cms 18024 Nov 27 02:03 optHistograms.root
-rw-r--r-- 1 cms006 cms   104 Nov 27 01:47 pset.py
-rw-r--r-- 1 cms006 cms 19490 Nov 27 01:47 pset.py.pkl
-rw-r--r-- 1 cms006 cms   289 Nov 27 01:47 pset.pyc
drwxr-xr-x 2 cms006 cms  4096 Nov 27 01:47 python
-rw-r--r-- 1 cms006 cms   420 Nov 27 02:03 report.log
drwxrwxrwx 4 cms006 cms  4096 Nov 27 01:47 src
drwxr-xr-x 3 cms006 cms  4096 Nov 27 01:47 test
drwxr-xr-x 3 cms006 cms  4096 Nov 27 01:47 tmp
>>> current directory /home/cms006/home_crmrs_706356108/CREAM706356108/glide_H12846/execute/dir_23824/CMSSW_5_3_5
>>> (SOFTWARE_DIR): /home/cms006/home_crmrs_706356108/CREAM706356108/glide_H12846/execute/dir_23824/CMSSW_5_3_5
>>> (WORKING_DIR): 
>>> current directory content:
total 144
drwxr-xr-x 3 cms006 cms  4096 Nov 27 01:47 .SCRAM
-rw-r--r-- 1 cms006 cms 30066 Nov 27 01:47 CMSSW.py.pkl
drwxr-xr-x 3 cms006 cms  4096 Nov 27 01:47 bin
drwxr-xr-x 3 cms006 cms  4096 Nov 27 01:47 cfipython
drwxr-xr-x 5 cms006 cms  4096 Nov 27 01:47 config
-rw-r--r-- 1 cms006 cms    17 Nov 27 02:03 cpu_timing.txt
drwxr-xr-x 2 cms006 cms  4096 Nov 27 01:47 doc
-rw-r--r-- 1 cms006 cms 18554 Nov 27 02:03 executable.out
drwxr-xr-x 2 cms006 cms  4096 Nov 27 01:47 include
drwxrwxrwx 3 cms006 cms  4096 Oct 22 16:38 lib
drwxr-xr-x 3 cms006 cms  4096 Nov 27 01:47 logs
drwxr-xr-x 3 cms006 cms  4096 Nov 27 01:47 objs
-rw-r--r-- 1 cms006 cms   104 Nov 27 01:47 pset.py
-rw-r--r-- 1 cms006 cms 19490 Nov 27 01:47 pset.py.pkl
-rw-r--r-- 1 cms006 cms   289 Nov 27 01:47 pset.pyc
drwxr-xr-x 2 cms006 cms  4096 Nov 27 01:47 python
-rw-r--r-- 1 cms006 cms   420 Nov 27 02:03 report.log
drwxrwxrwx 4 cms006 cms  4096 Nov 27 01:47 src
drwxr-xr-x 3 cms006 cms  4096 Nov 27 01:47 test
drwxr-xr-x 3 cms006 cms  4096 Nov 27 01:47 tmp
>>> current directory (RUNTIME_AREA):  /home/cms006/home_crmrs_706356108/CREAM706356108/glide_H12846/execute/dir_23824
>>> current dir: /home/cms006/home_crmrs_706356108/CREAM706356108/glide_H12846/execute/dir_23824
>>> current dir content:
total 25800
-rw-rw-rw-  1 cms006 cms     5576 Nov 27 01:47 .job.ad
-rw-rw-rw-  1 cms006 cms    11262 Nov 27 01:47 .machine.ad
-rw-rw-rw-  1 cms006 cms      105 Nov 27 01:26 CMSSW.py
-rw-rw-rw-  1 cms006 cms    30066 Nov 27 01:26 CMSSW.py.pkl
-rwxrw-rw-  1 cms006 cms    23333 Nov 27 01:47 CMSSW.sh
-rw-rw-rw-  1 cms006 cms        0 Nov 27 01:47 CMSSW_40.stderr
-rw-rw-rw-  1 cms006 cms    34747 Nov 27 02:03 CMSSW_40.stdout
drwxr-xr-x 15 cms006 cms     4096 Nov 27 02:03 CMSSW_5_3_5
-rw-r--r--  1 cms006 cms      347 Nov 27 01:47 CacheEnv.sh
-rw-rw-rw-  1 cms006 cms     7291 Jun  9  2010 DashboardAPI.py
-rw-r--r--  1 cms006 cms     6883 Nov 27 01:47 DashboardAPI.pyc
drwxrwxrwx  3 cms006 cms     4096 Nov 27 02:03 IMProv
-rw-rw-rw-  1 cms006 cms     2748 Mar  8  2006 Logger.py
-rw-r--r--  1 cms006 cms     3353 Nov 27 01:47 Logger.pyc
-rw-rw-rw-  1 cms006 cms    24524 Mar 28  2008 ProcInfo.py
-rw-r--r--  1 cms006 cms    23470 Nov 27 01:47 ProcInfo.pyc
drwxrwxrwx  7 cms006 cms     4096 Nov 27 01:47 ProdCommon
drwxrwxrwx  3 cms006 cms     4096 Nov 27 01:47 WMCore
-rw-r--r--  1 cms006 cms     2958 Nov 27 02:03 Watchdog_40.log
-rw-rw-rw-  1 cms006 cms    32895 Mar 28  2008 apmon.py
-rw-r--r--  1 cms006 cms    28874 Nov 27 01:47 apmon.pyc
-rw-rw-rw-  1 cms006 cms   101163 Nov 27 01:47 arguments.xml
-rwxrwxrwx  1 cms006 cms    37427 Sep 13 14:14 cmscp.py
-rwxrwxrwx  1 cms006 cms    23333 Nov 27 01:47 condor_exec.exe
-rw-rw-rw-  1 cms006 cms      542 Nov 27 01:25 crab.cfg
-rwxrwxrwx  1 cms006 cms     9531 Sep 20 21:46 crabWatchdog.sh
-rw-r--r--  1 cms006 cms    49356 Nov 27 02:03 crab_fjr_40.xml
-rw-rw-rw-  1 cms006 cms 25796292 Nov 27 01:47 default.tgz
-rwxrwxrwx  1 cms006 cms     4488 May 12  2012 fillCrabFjr.py
-rw-r--r--  1 cms006 cms      924 Nov 27 01:47 inputsReport.txt
-rw-r--r--  1 cms006 cms      132 Nov 27 02:03 jobreport.txt
lrwxrwxrwx  1 cms006 cms      107 Nov 27 02:03 optHistograms.root -> /home/cms006/home_crmrs_706356108/CREAM706356108/glide_H12846/execute/dir_23824/optHistograms_40_1_P5y.root
-rw-r--r--  1 cms006 cms    18024 Nov 27 02:03 optHistograms_40_1_P5y.root
-rw-rw-rw-  1 cms006 cms    17352 Jan 20  2012 parseCrabFjr.py
-rw-r--r--  1 cms006 cms      283 Nov 27 01:47 report.log
-rwxrwxrwx  1 cms006 cms     1497 May 27  2009 report.py
-rwxrwxrwx  1 cms006 cms     8387 Mar 23  2011 writeCfg.py
-rw-------  1 cms006 cms     8687 Nov 27 01:47 x509up_u1000009
Checking output files:  
will tar file optHistograms_40_1_P5y.root in  out_files_40
will tar file crab_fjr_40.xml in  out_files_40
will tar file CMSSW_40.stdout in  out_files_40
will tar file CMSSW_40.stderr in  out_files_40
WARNING: output file Watchdog_40.log.gz not found!
>>> padding time: Wrapper lasting more than 600 seconds. No sleep required.
STOPPING WATCHDOG. CrabWatchdog PID is 24825
********** LAST 50 LINES OF WATCHDOG LOG
# RESOURCE USAGE SUMMARY FOR PROCESS ID 24510
USER       PID %CPU %MEM    VSZ   RSS TTY      STAT START   TIME COMMAND
cms006   24510  0.1  0.0   8956  1488 ?        S    01:47   0:00 /bin/sh /home/cms006/home_crmrs_706356108/CREAM706356108/glide_H12846/execute/dir_23824/condor_exec.exe 40 1
 
# LIMITS USED BY THIS WATCHDOG:
# RSS  (KBytes)  : 2300000
# VSZ  (KBytes)  : 100000000
# DISK (MBytes)  : 19000
# CPU  (seconds) : 171600
# WALL (seconds) : 171600
 
# FOLLOWING PRINTOUT TRACKS MAXIMUM VALUES OF RESOURCES USE
# ONE LINE IS PRINTED EACH TIME A MAXIMUM CHANGES
# IF CHANGE WAS IN RSS OR VSZ ALSO PROCID AND COMMAND ARE PRINTED
# THERE IS NO PRINTOUT FOR CPU/WALL TIME INCREASE
 
# TIME			PID	RSS(KB)	VSZ(KB)	Dsk(MB)	tCPU(s)	tWALL(s)	COMMAND
 Nov 27 01:47:36 EET	11754	1320	8896	0	0	296	-bash         
 Nov 27 01:47:36 EET	11802	1484	8952	0	0	297	/bin/sh -l ./CREAM706356108_jobWrapper.sh       
 Nov 27 01:47:36 EET	12789	2676	25504	0	0	297	perl -e ?use Socket;??sub send_notify {? $cream_url = "193.40.150.251:49152";die "No
 Nov 27 01:47:36 EET	18182	6060	25504	0	0	273	/home/cms006/home_crmrs_706356108/CREAM706356108/glide_H12846/main/condor/sbin/condor_master -f -pidfile /home/cms006/home_crmrs_706356108/CREAM706356108/glide_H12846/condor_master2.pid      
 Nov 27 01:47:36 EET	---	6060	25504	168	----	----	----
 Nov 27 01:48:46 EET	28340	218852	326952	168	9	59	cmsRun -j /home/cms006/home_crmrs_706356108/CREAM706356108/glide_H12846/execute/dir_23824/crab_fjr_40.xml -p pset.py     
 Nov 27 01:49:56 EET	28340	363084	564836	168	35	124	cmsRun -j /home/cms006/home_crmrs_706356108/CREAM706356108/glide_H12846/execute/dir_23824/crab_fjr_40.xml -p pset.py     
 Nov 27 01:51:01 EET	28340	363396	564836	168	82	191	cmsRun -j /home/cms006/home_crmrs_706356108/CREAM706356108/glide_H12846/execute/dir_23824/crab_fjr_40.xml -p pset.py     
 Nov 27 01:52:07 EET	28340	367632	567652	168	117	258	cmsRun -j /home/cms006/home_crmrs_706356108/CREAM706356108/glide_H12846/execute/dir_23824/crab_fjr_40.xml -p pset.py     
 Nov 27 01:53:15 EET	28340	367636	567652	168	162	325	cmsRun -j /home/cms006/home_crmrs_706356108/CREAM706356108/glide_H12846/execute/dir_23824/crab_fjr_40.xml -p pset.py     
 Nov 27 01:54:22 EET	28340	367904	567908	168	207	390	cmsRun -j /home/cms006/home_crmrs_706356108/CREAM706356108/glide_H12846/execute/dir_23824/crab_fjr_40.xml -p pset.py     
 Nov 27 01:55:27 EET	28340	369256	569188	168	239	456	cmsRun -j /home/cms006/home_crmrs_706356108/CREAM706356108/glide_H12846/execute/dir_23824/crab_fjr_40.xml -p pset.py     
 Nov 27 01:56:33 EET	28340	369280	569188	168	285	523	cmsRun -j /home/cms006/home_crmrs_706356108/CREAM706356108/glide_H12846/execute/dir_23824/crab_fjr_40.xml -p pset.py     
 Nov 27 01:57:39 EET	28340	369316	569188	168	333	592	cmsRun -j /home/cms006/home_crmrs_706356108/CREAM706356108/glide_H12846/execute/dir_23824/crab_fjr_40.xml -p pset.py     
 Nov 27 02:03:32 EET	---	369316	569188	169	----	----	----
********** WATCHDOG LOG ENDED
ZIPPING WATCHDOG LOG
Disk space used:
du -sh /home/cms006/home_crmrs_706356108/CREAM706356108/glide_H12846/execute/dir_23824
169M	/home/cms006/home_crmrs_706356108/CREAM706356108/glide_H12846/execute/dir_23824
>>> info for dashboard:
***** Cat /home/cms006/home_crmrs_706356108/CREAM706356108/glide_H12846/execute/dir_23824/jobreport.txt *****
MonitorJobID=40_https://submit-2.t2.ucsd.edu//121127//17528.39
MonitorID=liis_crab_0_121127_012526_r0h5c1
ExeTime=931
ExeExitCode=0
CrabUserCpuTime=507.58
CrabSysCpuTime=14.02
CrabCpuPercentage=56%
CrabWrapperTime=995
CrabStageoutTime=NULL
***** End Cat jobreport *****
Parameters sent to Dashboard.
optHistograms_40_1_P5y.root
crab_fjr_40.xml
CMSSW_40.stdout
CMSSW_40.stderr
Watchdog_40.log.gz
tar: .BrokerInfo: Cannot stat: No such file or directory
tar: Error exit delayed from previous errors
Total Output dimension: 30825
WARNING: output files size limit is set to: 50000000
Total Output dimension 30825 is fine.
JOB_EXIT_STATUS = 0
>>> info for dashboard:
***** Cat /home/cms006/home_crmrs_706356108/CREAM706356108/glide_H12846/execute/dir_23824/jobreport.txt *****
MonitorJobID=40_https://submit-2.t2.ucsd.edu//121127//17528.39
MonitorID=liis_crab_0_121127_012526_r0h5c1
JobExitCode=0
***** End Cat jobreport *****
Parameters sent to Dashboard.
optHistograms_40_1_P5y.root
crab_fjr_40.xml
