This script was generated by crab (version 2.8.3).
Running /home/cms064/home_crce1_808107453/CREAM808107453/glide_Py9570/execute/dir_20888/condor_exec.exe with 2 positional parameters: 94 1
Today is Tue Nov 27 02:04:08 EET 2012
Job submitted on host wn-v-2720.local
Linux wn-v-2720.local 2.6.32-042stab059.7 #1 SMP Tue Jul 24 19:12:01 MSK 2012 x86_64 x86_64 x86_64 GNU/Linux
>>> current directory (RUNTIME_AREA): /home/cms064/home_crce1_808107453/CREAM808107453/glide_Py9570/execute/dir_20888
>>> current user: uid=11064(cms064) gid=1400(cms) groups=1400(cms)
>>> voms proxy information:
subject   : /DC=ch/DC=cern/OU=Organic Units/OU=Users/CN=liis/CN=663550/CN=Liis Rebane/CN=proxy/CN=limited proxy
issuer    : /DC=ch/DC=cern/OU=Organic Units/OU=Users/CN=liis/CN=663550/CN=Liis Rebane/CN=proxy
identity  : /DC=ch/DC=cern/OU=Organic Units/OU=Users/CN=liis/CN=663550/CN=Liis Rebane/CN=proxy
type      : limited proxy
strength  : 512 bits
path      : /home/cms064/home_crce1_808107453/CREAM808107453/glide_Py9570/execute/dir_20888/x509up_u1000009
timeleft  : 23:59:50
key usage : Digital Signature, Key Encipherment, Data Encipherment
=== VO cms extension information ===
VO        : cms
subject   : /DC=ch/DC=cern/OU=Organic Units/OU=Users/CN=liis/CN=663550/CN=Liis Rebane
issuer    : /DC=ch/DC=cern/OU=computers/CN=lcg-voms.cern.ch
attribute : /cms/Role=NULL/Capability=NULL
timeleft  : 191:21:29
uri       : lcg-voms.cern.ch:15002
>>> tar xzf /home/cms064/home_crce1_808107453/CREAM808107453/glide_Py9570/execute/dir_20888/default.tgz :
Successful untar
>>> Include /home/cms064/home_crce1_808107453/CREAM808107453/glide_Py9570/execute/dir_20888 in PYTHONPATH:
strip arguments
env var CRAB_UNIQUE_JOB_ID set to: liis_crab_0_121127_012526_r0h5c1_94_1_e4U
out_files_94
>>> list of expected files on output sandbox
output files: optHistograms_94_1_e4U.root crab_fjr_94.xml CMSSW_94.stdout CMSSW_94.stderr Watchdog_94.log.gz
>>> GridFlavour discovery: 
GridFlavour=LCG
>>> SyncSite discovery: 
SyncSite=T2_EE_Estonia
>>> SyncCE discovery: 
getting SyncCE from CE_ID
SyncCE=cream1.hep.kbfi.ee:8443/cream-pbs-long
>>> info for dashboard:
***** Cat /home/cms064/home_crce1_808107453/CREAM808107453/glide_Py9570/execute/dir_20888/jobreport.txt *****
MonitorJobID=94_https://submit-2.t2.ucsd.edu//121127//17528.93
SyncGridJobId=https://submit-2.t2.ucsd.edu//121127//17528.93
MonitorID=liis_crab_0_121127_012526_r0h5c1
GridFlavour=LCG
SyncSite=T2_EE_Estonia
SyncCE=cream1.hep.kbfi.ee:8443/cream-pbs-long
***** End Cat jobreport *****
Parameters sent to Dashboard.
>>> setup environment
set SCRAM ARCH to slc5_amd64_gcc462
SCRAM_ARCH = slc5_amd64_gcc462
>>> setup CMS LCG environment:
set SCRAM ARCH and BUILD_ARCH to slc5_amd64_gcc462 ###
Sourcing environment... 
sourcing /cvmfs/cms.cern.ch/cmsset_default.sh
==> setup cms environment ok
>>> specific cmssw setup environment:
CMSSW_VERSION =  CMSSW_5_3_5
>>> current directory (SOFTWARE_DIR): /home/cms064/home_crce1_808107453/CREAM808107453/glide_Py9570/execute/dir_20888/CMSSW_5_3_5
PreserveSeeds: <>
IncrementSeeds:<>
{}
WNHostName=wn-v-2720.local
>>> info for dashboard:
***** Cat /home/cms064/home_crce1_808107453/CREAM808107453/glide_Py9570/execute/dir_20888/jobreport.txt *****
MonitorJobID=94_https://submit-2.t2.ucsd.edu//121127//17528.93
MonitorID=liis_crab_0_121127_012526_r0h5c1
WNHostName=wn-v-2720.local
***** End Cat jobreport *****
Parameters sent to Dashboard.
crabWatchdog started as process 29978
>>> moving CMSSW software directories in /home/cms064/home_crce1_808107453/CREAM808107453/glide_Py9570/execute/dir_20888/CMSSW_5_3_5
mv: cannot stat `/home/cms064/home_crce1_808107453/CREAM808107453/glide_Py9570/execute/dir_20888/module/': No such file or directory
>>> Include /home/cms064/home_crce1_808107453/CREAM808107453/glide_Py9570/execute/dir_20888 in PYTHONPATH:
PYTHONPATH=/home/cms064/home_crce1_808107453/CREAM808107453/glide_Py9570/execute/dir_20888/:/home/cms064/home_crce1_808107453/CREAM808107453/glide_Py9570/execute/dir_20888/CMSSW_5_3_5/python:/home/cms064/home_crce1_808107453/CREAM808107453/glide_Py9570/execute/dir_20888/CMSSW_5_3_5/lib/slc5_amd64_gcc462:/cvmfs/cms.cern.ch/slc5_amd64_gcc462/cms/cmssw/CMSSW_5_3_5/python:/cvmfs/cms.cern.ch/slc5_amd64_gcc462/cms/cmssw/CMSSW_5_3_5/lib/slc5_amd64_gcc462:/cvmfs/cms.cern.ch/slc5_amd64_gcc462/cms/coral/CORAL_2_3_21-cms27/slc5_amd64_gcc462/python:/cvmfs/cms.cern.ch/slc5_amd64_gcc462/cms/coral/CORAL_2_3_21-cms27/slc5_amd64_gcc462/lib:/cvmfs/cms.cern.ch/slc5_amd64_gcc462/external/pyqt/4.8.1/lib/python2.6/site-packages:/cvmfs/cms.cern.ch/slc5_amd64_gcc462/external/py2-scipy/0.8.0/lib/python2.6/site-packages:/cvmfs/cms.cern.ch/slc5_amd64_gcc462/external/py2-matplotlib/1.0.1/lib/python2.6/site-packages:/cvmfs/cms.cern.ch/slc5_amd64_gcc462/external/python-ldap/2.3.5/lib/python2.6/site-packages:/cvmfs/cms.cern.ch/slc5_amd64_gcc462/external/sip/4.11.2/lib/python2.6/site-packages:/cvmfs/cms.cern.ch/slc5_amd64_gcc462/external/py2-pycurl/7.19.0/lib/python2.6/site-packages:/cvmfs/cms.cern.ch/slc5_amd64_gcc462/external/py2-numpy/1.6.1/lib/python2.6/site-packages:/cvmfs/cms.cern.ch/slc5_amd64_gcc462/external/py2-ipython/0.10/lib/python2.6/site-packages:/cvmfs/cms.cern.ch/slc5_amd64_gcc462/external/py2-cx-oracle/5.1-cms11/lib/python2.6/site-packages:/cvmfs/cms.cern.ch/slc5_amd64_gcc462/external/py2-cjson/1.0.5/lib/python2.6/site-packages:/cvmfs/cms.cern.ch/slc5_amd64_gcc462/cms/das-client/1.4.1-cms8/bin:/cvmfs/cms.cern.ch/slc5_amd64_gcc462/external/elementtree/1.2.6/share/lib/python2.6/site-packages:/cvmfs/cms.cern.ch/slc5_amd64_gcc462/external/rivet/1.5.1-cms10/lib/python2.6/site-packages:/cvmfs/cms.cern.ch/slc5_amd64_gcc462/external/pyminuit2/0.0.1-cms34/lib/python2.6/site-packages:/cvmfs/cms.cern.ch/slc5_amd64_gcc462/external/professor/1.0.0-cms35/lib/python2.6/site-packages:/cvmfs/cms.cern.ch/slc5_amd64_gcc462/lcg/root/5.32.00-cms18/lib:/cvmfs/cms.cern.ch/slc5_amd64_gcc462/cms/dbs-client/DBS_2_1_1_patch1_1/lib:/cvmfs/cms.cern.ch/slc5_amd64_gcc462/cms/dbs-client/DBS_2_1_1_patch1_1/lib/DBSAPI:/home/cms064/home_crce1_808107453/CREAM808107453/glide_Py9570/execute/dir_20888/
241a2a19cb7c5c8751ba22759ab3bdb0
PSETHASH = 241a2a19cb7c5c8751ba22759ab3bdb0
/home/cms064/home_crce1_808107453/CREAM808107453/glide_Py9570/execute/dir_20888/writeCfg.py pset.py pset.py
Importing .py file
Setting parameters
inputBlocks=/QCD_Pt_350_EMEnriched_TuneZ2star_8TeV_pythia6/mario-Summer12-stop-pfele-step1-3d176ac8da5e9dff208d057f4733ca91/USER#dbb7dde3-7026-4b96-ac63-9aae15efc8b5
inputFiles=/store/user/mario/QCD_Pt_350_EMEnriched_TuneZ2star_8TeV_pythia6/Summer12-stop-pfele-step1/3d176ac8da5e9dff208d057f4733ca91/tuple_52_11_cww.root;/store/user/mario/QCD_Pt_350_EMEnriched_TuneZ2star_8TeV_pythia6/Summer12-stop-pfele-step1/3d176ac8da5e9dff208d057f4733ca91/tuple_271_10_85C.root;/store/user/mario/QCD_Pt_350_EMEnriched_TuneZ2star_8TeV_pythia6/Summer12-stop-pfele-step1/3d176ac8da5e9dff208d057f4733ca91/tuple_276_11_nIG.root;/store/user/mario/QCD_Pt_350_EMEnriched_TuneZ2star_8TeV_pythia6/Summer12-stop-pfele-step1/3d176ac8da5e9dff208d057f4733ca91/tuple_2_13_jtL.root;/store/user/mario/QCD_Pt_350_EMEnriched_TuneZ2star_8TeV_pythia6/Summer12-stop-pfele-step1/3d176ac8da5e9dff208d057f4733ca91/tuple_259_10_Sjh.root
parentFiles=
lumisRange=
>>> Executable cmsRun
/cvmfs/cms.cern.ch/slc5_amd64_gcc462/cms/cmssw/CMSSW_5_3_5/bin/slc5_amd64_gcc462/cmsRun
ok executable found
>>> info for dashboard:
***** Cat /home/cms064/home_crce1_808107453/CREAM808107453/glide_Py9570/execute/dir_20888/jobreport.txt *****
MonitorJobID=94_https://submit-2.t2.ucsd.edu//121127//17528.93
MonitorID=liis_crab_0_121127_012526_r0h5c1
ExeStart=cmsRun
***** End Cat jobreport *****
Parameters sent to Dashboard.
>>> cmsRun started at Tue Nov 27 00:04:30 UTC 2012
>>> cmsRun ended at Tue Nov 27 00:20:14 UTC 2012
>>> info for dashboard:
***** Cat /home/cms064/home_crce1_808107453/CREAM808107453/glide_Py9570/execute/dir_20888/jobreport.txt *****
MonitorJobID=94_https://submit-2.t2.ucsd.edu//121127//17528.93
MonitorID=liis_crab_0_121127_012526_r0h5c1
ExeEnd=cmsRun
***** End Cat jobreport *****
Parameters sent to Dashboard.
TIME_EXE = 944 sec
>>> cmsRun wrote 165 lines of stdout+stderr
>>> START OF printout of 165 lines from stdout+stderr
27-Nov-2012 02:04:42 EET  Initiating request to open file file:/hdfs/cms/store/user/mario/QCD_Pt_350_EMEnriched_TuneZ2star_8TeV_pythia6/Summer12-stop-pfele-step1/3d176ac8da5e9dff208d057f4733ca91/tuple_52_11_cww.root
27-Nov-2012 02:04:51 EET  Successfully opened file file:/hdfs/cms/store/user/mario/QCD_Pt_350_EMEnriched_TuneZ2star_8TeV_pythia6/Summer12-stop-pfele-step1/3d176ac8da5e9dff208d057f4733ca91/tuple_52_11_cww.root
Begin processing the 1st record. Run 1, Event 261937181, LumiSection 60037 at 27-Nov-2012 02:05:25.162 EET
Begin processing the 1001st record. Run 1, Event 295952445, LumiSection 67833 at 27-Nov-2012 02:05:33.751 EET
Begin processing the 2001st record. Run 1, Event 301002239, LumiSection 68990 at 27-Nov-2012 02:05:40.176 EET
Begin processing the 3001st record. Run 1, Event 10734369, LumiSection 2461 at 27-Nov-2012 02:05:44.960 EET
Begin processing the 4001st record. Run 1, Event 21455158, LumiSection 4918 at 27-Nov-2012 02:05:51.197 EET
Begin processing the 5001st record. Run 1, Event 32551137, LumiSection 7461 at 27-Nov-2012 02:05:57.781 EET
Begin processing the 6001st record. Run 1, Event 36923114, LumiSection 8463 at 27-Nov-2012 02:06:02.491 EET
Begin processing the 7001st record. Run 1, Event 77623031, LumiSection 17792 at 27-Nov-2012 02:06:09.711 EET
Begin processing the 8001st record. Run 1, Event 87912103, LumiSection 20150 at 27-Nov-2012 02:06:14.250 EET
Begin processing the 9001st record. Run 1, Event 89513949, LumiSection 20517 at 27-Nov-2012 02:06:23.524 EET
Begin processing the 10001st record. Run 1, Event 100326470, LumiSection 22995 at 27-Nov-2012 02:06:29.223 EET
Begin processing the 11001st record. Run 1, Event 109198464, LumiSection 25029 at 27-Nov-2012 02:06:35.705 EET
Begin processing the 12001st record. Run 1, Event 135477186, LumiSection 31052 at 27-Nov-2012 02:06:40.454 EET
Begin processing the 13001st record. Run 1, Event 112115231, LumiSection 25697 at 27-Nov-2012 02:06:46.550 EET
Begin processing the 14001st record. Run 1, Event 130528406, LumiSection 29918 at 27-Nov-2012 02:06:53.914 EET
Begin processing the 15001st record. Run 1, Event 303269034, LumiSection 69510 at 27-Nov-2012 02:06:57.882 EET
Begin processing the 16001st record. Run 1, Event 305294532, LumiSection 69974 at 27-Nov-2012 02:07:03.398 EET
Begin processing the 17001st record. Run 1, Event 307616287, LumiSection 70506 at 27-Nov-2012 02:07:07.080 EET
Begin processing the 18001st record. Run 1, Event 310550862, LumiSection 71179 at 27-Nov-2012 02:07:13.706 EET
Begin processing the 19001st record. Run 1, Event 73511015, LumiSection 16849 at 27-Nov-2012 02:07:18.075 EET
Begin processing the 20001st record. Run 1, Event 77504293, LumiSection 17764 at 27-Nov-2012 02:07:25.929 EET
Begin processing the 21001st record. Run 1, Event 90262409, LumiSection 20689 at 27-Nov-2012 02:07:29.483 EET
Begin processing the 22001st record. Run 1, Event 111577653, LumiSection 25574 at 27-Nov-2012 02:07:36.085 EET
Begin processing the 23001st record. Run 1, Event 98730073, LumiSection 22629 at 27-Nov-2012 02:07:43.814 EET
Begin processing the 24001st record. Run 1, Event 46439887, LumiSection 10645 at 27-Nov-2012 02:07:47.036 EET
Begin processing the 25001st record. Run 1, Event 56618932, LumiSection 12978 at 27-Nov-2012 02:07:51.813 EET
27-Nov-2012 02:07:54 EET  Closed file file:/hdfs/cms/store/user/mario/QCD_Pt_350_EMEnriched_TuneZ2star_8TeV_pythia6/Summer12-stop-pfele-step1/3d176ac8da5e9dff208d057f4733ca91/tuple_52_11_cww.root
27-Nov-2012 02:07:54 EET  Initiating request to open file file:/hdfs/cms/store/user/mario/QCD_Pt_350_EMEnriched_TuneZ2star_8TeV_pythia6/Summer12-stop-pfele-step1/3d176ac8da5e9dff208d057f4733ca91/tuple_271_10_85C.root
27-Nov-2012 02:07:54 EET  Successfully opened file file:/hdfs/cms/store/user/mario/QCD_Pt_350_EMEnriched_TuneZ2star_8TeV_pythia6/Summer12-stop-pfele-step1/3d176ac8da5e9dff208d057f4733ca91/tuple_271_10_85C.root
Begin processing the 26001st record. Run 1, Event 58959183, LumiSection 13514 at 27-Nov-2012 02:08:21.007 EET
Begin processing the 27001st record. Run 1, Event 61215944, LumiSection 14031 at 27-Nov-2012 02:08:26.444 EET
Begin processing the 28001st record. Run 1, Event 67748443, LumiSection 15528 at 27-Nov-2012 02:08:32.006 EET
Begin processing the 29001st record. Run 1, Event 68684377, LumiSection 15743 at 27-Nov-2012 02:08:36.025 EET
Begin processing the 30001st record. Run 1, Event 73637901, LumiSection 16878 at 27-Nov-2012 02:08:43.672 EET
Begin processing the 31001st record. Run 1, Event 105200592, LumiSection 24112 at 27-Nov-2012 02:08:52.038 EET
Begin processing the 32001st record. Run 1, Event 151667574, LumiSection 34763 at 27-Nov-2012 02:08:56.364 EET
Begin processing the 33001st record. Run 1, Event 182706415, LumiSection 41877 at 27-Nov-2012 02:09:02.802 EET
Begin processing the 34001st record. Run 1, Event 240498456, LumiSection 55123 at 27-Nov-2012 02:09:07.650 EET
Begin processing the 35001st record. Run 1, Event 283065679, LumiSection 64879 at 27-Nov-2012 02:09:15.198 EET
Begin processing the 36001st record. Run 1, Event 295361190, LumiSection 67697 at 27-Nov-2012 02:09:20.647 EET
Begin processing the 37001st record. Run 1, Event 306078073, LumiSection 70154 at 27-Nov-2012 02:09:28.548 EET
Begin processing the 38001st record. Run 1, Event 230286626, LumiSection 52782 at 27-Nov-2012 02:09:33.122 EET
Begin processing the 39001st record. Run 1, Event 243743963, LumiSection 55867 at 27-Nov-2012 02:09:38.730 EET
Begin processing the 40001st record. Run 1, Event 246475978, LumiSection 56493 at 27-Nov-2012 02:09:48.090 EET
Begin processing the 41001st record. Run 1, Event 286638206, LumiSection 65698 at 27-Nov-2012 02:09:52.279 EET
Begin processing the 42001st record. Run 1, Event 303367652, LumiSection 69532 at 27-Nov-2012 02:09:59.617 EET
Begin processing the 43001st record. Run 1, Event 50056714, LumiSection 11474 at 27-Nov-2012 02:10:04.710 EET
Begin processing the 44001st record. Run 1, Event 51110142, LumiSection 11715 at 27-Nov-2012 02:10:12.488 EET
Begin processing the 45001st record. Run 1, Event 60750098, LumiSection 13924 at 27-Nov-2012 02:10:16.351 EET
Begin processing the 46001st record. Run 1, Event 60734345, LumiSection 13921 at 27-Nov-2012 02:10:24.038 EET
Begin processing the 47001st record. Run 1, Event 240543147, LumiSection 55133 at 27-Nov-2012 02:10:28.659 EET
Begin processing the 48001st record. Run 1, Event 251988757, LumiSection 57756 at 27-Nov-2012 02:10:34.902 EET
Begin processing the 49001st record. Run 1, Event 258184807, LumiSection 59176 at 27-Nov-2012 02:10:41.054 EET
Begin processing the 50001st record. Run 1, Event 3159660, LumiSection 725 at 27-Nov-2012 02:10:45.651 EET
Begin processing the 51001st record. Run 1, Event 15411821, LumiSection 3533 at 27-Nov-2012 02:10:52.891 EET
Begin processing the 52001st record. Run 1, Event 26879540, LumiSection 6161 at 27-Nov-2012 02:10:58.727 EET
Begin processing the 53001st record. Run 1, Event 28177133, LumiSection 6459 at 27-Nov-2012 02:11:05.293 EET
Begin processing the 54001st record. Run 1, Event 38737037, LumiSection 8879 at 27-Nov-2012 02:11:11.767 EET
Begin processing the 55001st record. Run 1, Event 38908123, LumiSection 8918 at 27-Nov-2012 02:11:19.202 EET
Begin processing the 56001st record. Run 1, Event 56958756, LumiSection 13055 at 27-Nov-2012 02:11:24.482 EET
27-Nov-2012 02:11:29 EET  Closed file file:/hdfs/cms/store/user/mario/QCD_Pt_350_EMEnriched_TuneZ2star_8TeV_pythia6/Summer12-stop-pfele-step1/3d176ac8da5e9dff208d057f4733ca91/tuple_271_10_85C.root
27-Nov-2012 02:11:29 EET  Initiating request to open file file:/hdfs/cms/store/user/mario/QCD_Pt_350_EMEnriched_TuneZ2star_8TeV_pythia6/Summer12-stop-pfele-step1/3d176ac8da5e9dff208d057f4733ca91/tuple_276_11_nIG.root
27-Nov-2012 02:11:30 EET  Successfully opened file file:/hdfs/cms/store/user/mario/QCD_Pt_350_EMEnriched_TuneZ2star_8TeV_pythia6/Summer12-stop-pfele-step1/3d176ac8da5e9dff208d057f4733ca91/tuple_276_11_nIG.root
Begin processing the 57001st record. Run 1, Event 198327923, LumiSection 45457 at 27-Nov-2012 02:12:07.184 EET
Begin processing the 58001st record. Run 1, Event 223969217, LumiSection 51334 at 27-Nov-2012 02:12:10.416 EET
Begin processing the 59001st record. Run 1, Event 301487681, LumiSection 69102 at 27-Nov-2012 02:12:19.059 EET
Begin processing the 60001st record. Run 1, Event 301496244, LumiSection 69103 at 27-Nov-2012 02:12:23.956 EET
Begin processing the 61001st record. Run 1, Event 295694230, LumiSection 67774 at 27-Nov-2012 02:12:32.013 EET
Begin processing the 62001st record. Run 1, Event 301205686, LumiSection 69037 at 27-Nov-2012 02:12:36.135 EET
Begin processing the 63001st record. Run 1, Event 308339735, LumiSection 70672 at 27-Nov-2012 02:12:45.252 EET
Begin processing the 64001st record. Run 1, Event 220399728, LumiSection 50516 at 27-Nov-2012 02:12:51.845 EET
Begin processing the 65001st record. Run 1, Event 228259045, LumiSection 52317 at 27-Nov-2012 02:12:56.022 EET
Begin processing the 66001st record. Run 1, Event 234276626, LumiSection 53697 at 27-Nov-2012 02:13:02.665 EET
Begin processing the 67001st record. Run 1, Event 237674132, LumiSection 54475 at 27-Nov-2012 02:13:07.142 EET
Begin processing the 68001st record. Run 1, Event 246812187, LumiSection 56570 at 27-Nov-2012 02:13:14.849 EET
Begin processing the 69001st record. Run 1, Event 253431507, LumiSection 58087 at 27-Nov-2012 02:13:18.641 EET
Begin processing the 70001st record. Run 1, Event 257974212, LumiSection 59128 at 27-Nov-2012 02:13:27.147 EET
Begin processing the 71001st record. Run 1, Event 259673053, LumiSection 59518 at 27-Nov-2012 02:13:35.229 EET
Begin processing the 72001st record. Run 1, Event 259817792, LumiSection 59551 at 27-Nov-2012 02:13:39.410 EET
Begin processing the 73001st record. Run 1, Event 262694339, LumiSection 60210 at 27-Nov-2012 02:13:48.083 EET
Begin processing the 74001st record. Run 1, Event 265021289, LumiSection 60743 at 27-Nov-2012 02:13:52.963 EET
Begin processing the 75001st record. Run 1, Event 266139996, LumiSection 61000 at 27-Nov-2012 02:14:01.030 EET
Begin processing the 76001st record. Run 1, Event 267179068, LumiSection 61238 at 27-Nov-2012 02:14:04.638 EET
Begin processing the 77001st record. Run 1, Event 269100854, LumiSection 61678 at 27-Nov-2012 02:14:10.829 EET
Begin processing the 78001st record. Run 1, Event 275429279, LumiSection 63129 at 27-Nov-2012 02:14:17.565 EET
Begin processing the 79001st record. Run 1, Event 276391372, LumiSection 63349 at 27-Nov-2012 02:14:20.533 EET
Begin processing the 80001st record. Run 1, Event 264814118, LumiSection 60696 at 27-Nov-2012 02:14:28.374 EET
Begin processing the 81001st record. Run 1, Event 266094142, LumiSection 60989 at 27-Nov-2012 02:14:32.504 EET
Begin processing the 82001st record. Run 1, Event 266806983, LumiSection 61153 at 27-Nov-2012 02:14:39.947 EET
Begin processing the 83001st record. Run 1, Event 272841812, LumiSection 62536 at 27-Nov-2012 02:14:49.630 EET
Begin processing the 84001st record. Run 1, Event 20299396, LumiSection 4653 at 27-Nov-2012 02:14:53.618 EET
Begin processing the 85001st record. Run 1, Event 20531060, LumiSection 4706 at 27-Nov-2012 02:15:00.587 EET
Begin processing the 86001st record. Run 1, Event 298277583, LumiSection 68366 at 27-Nov-2012 02:15:04.590 EET
Begin processing the 87001st record. Run 1, Event 34295965, LumiSection 7861 at 27-Nov-2012 02:15:10.637 EET
Begin processing the 88001st record. Run 1, Event 160147426, LumiSection 36706 at 27-Nov-2012 02:15:14.626 EET
27-Nov-2012 02:15:16 EET  Closed file file:/hdfs/cms/store/user/mario/QCD_Pt_350_EMEnriched_TuneZ2star_8TeV_pythia6/Summer12-stop-pfele-step1/3d176ac8da5e9dff208d057f4733ca91/tuple_276_11_nIG.root
27-Nov-2012 02:15:16 EET  Initiating request to open file file:/hdfs/cms/store/user/mario/QCD_Pt_350_EMEnriched_TuneZ2star_8TeV_pythia6/Summer12-stop-pfele-step1/3d176ac8da5e9dff208d057f4733ca91/tuple_2_13_jtL.root
27-Nov-2012 02:15:16 EET  Successfully opened file file:/hdfs/cms/store/user/mario/QCD_Pt_350_EMEnriched_TuneZ2star_8TeV_pythia6/Summer12-stop-pfele-step1/3d176ac8da5e9dff208d057f4733ca91/tuple_2_13_jtL.root
Begin processing the 89001st record. Run 1, Event 23729895, LumiSection 5439 at 27-Nov-2012 02:15:43.763 EET
Begin processing the 90001st record. Run 1, Event 23941405, LumiSection 5488 at 27-Nov-2012 02:15:47.591 EET
Begin processing the 91001st record. Run 1, Event 29966848, LumiSection 6869 at 27-Nov-2012 02:15:53.754 EET
Begin processing the 92001st record. Run 1, Event 35949159, LumiSection 8240 at 27-Nov-2012 02:16:00.090 EET
Begin processing the 93001st record. Run 1, Event 115914323, LumiSection 26568 at 27-Nov-2012 02:16:04.864 EET
Begin processing the 94001st record. Run 1, Event 140012817, LumiSection 32091 at 27-Nov-2012 02:16:11.113 EET
Begin processing the 95001st record. Run 1, Event 212836035, LumiSection 48783 at 27-Nov-2012 02:16:15.912 EET
Begin processing the 96001st record. Run 1, Event 300163081, LumiSection 68798 at 27-Nov-2012 02:16:22.632 EET
Begin processing the 97001st record. Run 1, Event 21128763, LumiSection 4843 at 27-Nov-2012 02:16:27.980 EET
Begin processing the 98001st record. Run 1, Event 23690184, LumiSection 5430 at 27-Nov-2012 02:16:33.710 EET
Begin processing the 99001st record. Run 1, Event 23664879, LumiSection 5424 at 27-Nov-2012 02:16:40.881 EET
Begin processing the 100001st record. Run 1, Event 45973822, LumiSection 10538 at 27-Nov-2012 02:16:45.001 EET
Begin processing the 101001st record. Run 1, Event 48938545, LumiSection 11217 at 27-Nov-2012 02:16:50.497 EET
Begin processing the 102001st record. Run 1, Event 49241322, LumiSection 11287 at 27-Nov-2012 02:16:54.440 EET
Begin processing the 103001st record. Run 1, Event 50151196, LumiSection 11495 at 27-Nov-2012 02:17:04.163 EET
Begin processing the 104001st record. Run 1, Event 79327659, LumiSection 18182 at 27-Nov-2012 02:17:11.603 EET
Begin processing the 105001st record. Run 1, Event 39236596, LumiSection 8994 at 27-Nov-2012 02:17:17.031 EET
Begin processing the 106001st record. Run 1, Event 7894264, LumiSection 1810 at 27-Nov-2012 02:17:23.348 EET
Begin processing the 107001st record. Run 1, Event 13174426, LumiSection 3020 at 27-Nov-2012 02:17:27.479 EET
Begin processing the 108001st record. Run 1, Event 23719226, LumiSection 5437 at 27-Nov-2012 02:17:34.076 EET
Begin processing the 109001st record. Run 1, Event 35954174, LumiSection 8241 at 27-Nov-2012 02:17:37.774 EET
Begin processing the 110001st record. Run 1, Event 31919085, LumiSection 7316 at 27-Nov-2012 02:17:44.373 EET
Begin processing the 111001st record. Run 1, Event 36628160, LumiSection 8396 at 27-Nov-2012 02:17:49.993 EET
Begin processing the 112001st record. Run 1, Event 1856377, LumiSection 426 at 27-Nov-2012 02:17:54.415 EET
Begin processing the 113001st record. Run 1, Event 21337293, LumiSection 4891 at 27-Nov-2012 02:18:00.179 EET
Begin processing the 114001st record. Run 1, Event 21347504, LumiSection 4893 at 27-Nov-2012 02:18:04.326 EET
Begin processing the 115001st record. Run 1, Event 24046469, LumiSection 5512 at 27-Nov-2012 02:18:10.923 EET
Begin processing the 116001st record. Run 1, Event 30971766, LumiSection 7099 at 27-Nov-2012 02:18:17.214 EET
Begin processing the 117001st record. Run 1, Event 30314039, LumiSection 6948 at 27-Nov-2012 02:18:22.498 EET
Begin processing the 118001st record. Run 1, Event 36863678, LumiSection 8450 at 27-Nov-2012 02:18:30.739 EET
Begin processing the 119001st record. Run 1, Event 43832509, LumiSection 10047 at 27-Nov-2012 02:18:34.500 EET
27-Nov-2012 02:18:39 EET  Closed file file:/hdfs/cms/store/user/mario/QCD_Pt_350_EMEnriched_TuneZ2star_8TeV_pythia6/Summer12-stop-pfele-step1/3d176ac8da5e9dff208d057f4733ca91/tuple_2_13_jtL.root
27-Nov-2012 02:18:39 EET  Initiating request to open file file:/hdfs/cms/store/user/mario/QCD_Pt_350_EMEnriched_TuneZ2star_8TeV_pythia6/Summer12-stop-pfele-step1/3d176ac8da5e9dff208d057f4733ca91/tuple_259_10_Sjh.root
27-Nov-2012 02:18:39 EET  Successfully opened file file:/hdfs/cms/store/user/mario/QCD_Pt_350_EMEnriched_TuneZ2star_8TeV_pythia6/Summer12-stop-pfele-step1/3d176ac8da5e9dff208d057f4733ca91/tuple_259_10_Sjh.root
Begin processing the 120001st record. Run 1, Event 282495712, LumiSection 64749 at 27-Nov-2012 02:19:10.884 EET
Begin processing the 121001st record. Run 1, Event 293433897, LumiSection 67256 at 27-Nov-2012 02:19:15.699 EET
Begin processing the 122001st record. Run 1, Event 304996518, LumiSection 69906 at 27-Nov-2012 02:19:22.179 EET
Begin processing the 123001st record. Run 1, Event 256645737, LumiSection 58824 at 27-Nov-2012 02:19:27.758 EET
Begin processing the 124001st record. Run 1, Event 262787263, LumiSection 60231 at 27-Nov-2012 02:19:32.649 EET
Begin processing the 125001st record. Run 1, Event 273019177, LumiSection 62577 at 27-Nov-2012 02:19:36.459 EET
Begin processing the 126001st record. Run 1, Event 273322102, LumiSection 62646 at 27-Nov-2012 02:19:42.835 EET
Begin processing the 127001st record. Run 1, Event 12389095, LumiSection 2840 at 27-Nov-2012 02:19:47.659 EET
Begin processing the 128001st record. Run 1, Event 29057932, LumiSection 6661 at 27-Nov-2012 02:19:52.666 EET
Begin processing the 129001st record. Run 1, Event 52672132, LumiSection 12073 at 27-Nov-2012 02:19:59.308 EET
Begin processing the 130001st record. Run 1, Event 254172297, LumiSection 58257 at 27-Nov-2012 02:20:03.427 EET
Begin processing the 131001st record. Run 1, Event 176686218, LumiSection 40497 at 27-Nov-2012 02:20:08.999 EET
27-Nov-2012 02:20:13 EET  Closed file file:/hdfs/cms/store/user/mario/QCD_Pt_350_EMEnriched_TuneZ2star_8TeV_pythia6/Summer12-stop-pfele-step1/3d176ac8da5e9dff208d057f4733ca91/tuple_259_10_Sjh.root

=============================================

MessageLogger Summary

 type     category        sev    module        subroutine        count    total
 ---- -------------------- -- ---------------- ----------------  -----    -----
    1 fileAction           -s file_close                             5        5
    2 fileAction           -s file_open                             10       10

 type    category    Examples: run/evt        run/evt          run/evt
 ---- -------------------- ---------------- ---------------- ----------------
    1 fileAction           PostProcessEvent PostProcessEvent PostEndRun
    2 fileAction           pre-events       pre-events       PostProcessEvent

Severity    # Occurrences   Total Occurrences
--------    -------------   -----------------
System                 15                  15
>>> END OF printout of 165 lines from stdout+stderr
>>> Parse FrameworkJobReport crab_fjr.xml
Result of parsing the FrameworkJobReport crab_fjr.xml: Popularity start
lumisRange : 1::725,762,1632,1682,3530,3533,4123,4290,6161,6346,6375,6446,6455,6459,6586-6587,7046,7866,7998,8873,8879,8897,8901,8918,9059,9152,9201,9335,9567,10844,10846,10849,10882,10902,10931,11140,11154,11160,11470,11472,11474,11569,11593,11639,11657,11676,11706,11715,12078,12744,12879,13054-13055,13288,13321,13424,13513-13514,13920-13921,13924,13976,14027,14030-14031,14050,14468,14483,14630,14771,15528,15567,15617,15652,15724,15743,16138,16173,16196,16764,16878,17051,23593,23596,23776,24112,24357,24900,25008,26464,30390,32002,33699,34763,36389,37983,40249,40261,41877,41922,45932,50327,50608,52782,52818,52820,53690,53695,53732,54482,54789,54793,55123,55133,55144,55867,56419,56462,56477,56493,56804,56999,57068,57751,57756,57800,57857,58448,58855,59176,59276,59296,59324,62652,62784,62963,63038,63197,63463,64504,64721,64774,64818,64879,65362,65698,66064,66170,66523,66733,67519,67563,67697,67729,67902,68289,68717,68740,69012,69096,69112,69532,70154,71229,71563,72119,72915::1;1::2840,4445,4628,4649,5710,5762,6661,6682,6708,6886,11602,12073,12778,12888,12965,13328,14356,33476,33490,34052,34399,40497,40664,41538,41544,42264,43480,58257,58554,58824,58979,59525,60193,60231,60237,60455,60575,60753,61188,61670,62577,62628,62637,62646,62793,62842,62869,63586,63687,63693,64520,64749,65106,65327,67112,67256,67742,68078,69157,69468,69571,69906,70911,70922,72403::2;1::4651-4653,4681,4691,4698,4704,4706,4711,4729,4731,4748,6127-6128,7135,7176,7861,8103,11833,13605,36622,36706,38029,45353,45457,49097,49115,49849,49864,49880,50492,50516,50642,50649,51334,52317,52768,52778,52783,53692,53697,53758,53786,53818,54413,54439,54475,54566,54740,55023,55230,55241,55968,56402,56413,56511,56564,56570,56944,57107,57113,58087,58350,58724,59123,59128,59236,59341,59357,59373,59474,59478,59517-59518,59526,59551,59556,59558,59643,59826,60146,60210,60217,60220,60469,60694,60696,60716,60724,60733,60737,60743,60745,60750,60771,60927,60961,60972,60975,60982,60989-60991,60993,60997,61000,61035,61119,61140,61153,61157,61209-61210,61238,61298,61677-61678,61683,61714,61737,61847-61849,61853,61917,62536,62557,62567,62974,63028,63129,63270,63331,63349,63384,63415,63544,64110,64159,64710,66516,66544,66918,67489,67555,67579,67633,67772,67774,67844,67847,68366,68742,68849,69019,69036-69037,69048,69102-69103,70171,70206,70671-70672,70916,70923,70933::3;1::330,409,426,802,982,992,1091,1384,1810,1933,2286,2556,2597,2601,2824,3011,3020,4134,4237,4243,4352,4388,4485,4565,4567,4786,4842-4843,4888,4891,4893,4943,4988,4994,5399,5411,5415,5417-5418,5424-5427,5429-5431,5434,5436-5437,5439-5440,5447-5448,5456,5463,5470,5474-5475,5483,5486,5488,5499,5512,5557,5679,6037,6056,6081-6082,6105,6131,6135,6289,6557,6869,6908,6948,6954,7073,7096,7099,7281,7287,7307,7316,7348,7373,7403,7429,7468,7589,7687,7722,8067,8078,8094,8240-8241,8368,8375-8376,8379,8385,8395-8396,8422,8450,8453,8467,8759,8988,8994,9223,9396-9397,9938,9975,10017,10047,10076,10118,10538,10561,10711,10802,10827,11115,11142,11184,11189-11190,11217,11270,11273,11287,11305,11495,11735,12011,12045,13380,14602,18172,18182,19873,25799,25844,26060,26376,26568,27143,28963,29111,30535,32091,33820,33832,36025-36026,40858,48783-48784,61845,61899,68691,68798,69022::4;1::1586,2461,2618,2748,4522,4918,4991,5422,5455,5515,7146,7167-7168,7456-7457,7461,8463,9662,9668,9875,10141,10500,10645,12038,12792,12956,12978,12998,15781,15927,16116,16849,16913,17273,17610,17764,17792,17803,17828,18468,18555,19446,19774,20150,20160,20248,20257,20351,20414,20517,20689,20761,21306,21359,21545,21842,21908,22060,22126,22345,22487,22523,22629,22631,22706,22724,22744,22989,22995,23048,23291,23499,23578,23964,24131,24339,25029,25574-25575,25662,25686,25693,25697,25705,25849,26011,26069,26086,27003,28922,29918,30495,31052,31873,32109,32165,32186,60037,66519,66960,67070,67191,67833,67904,68050,68117,68129,68133,68137,68163,68639,68990,69434,69486,69510,69729,69926,69974,69980,70002,70005,70008,70504,70506,70534,70708,71033-71034,71048,71063,71066,71074,71078,71178-71179::5;
lumisParentRange : 
Basename : /store/user/mario/QCD_Pt_350_EMEnriched_TuneZ2star_8TeV_pythia6/Summer12-stop-pfele-step1/3d176ac8da5e9dff208d057f4733ca91/tuple_
BasenameParent : 
parentFiles : 
inputBlocks : /QCD_Pt_350_EMEnriched_TuneZ2star_8TeV_pythia6/mario-Summer12-stop-pfele-step1-3d176ac8da5e9dff208d057f4733ca91/USER#dbb7dde3-7026-4b96-ac63-9aae15efc8b5
inputFiles : 271_10_85C.root::1::EDM::Local::1;259_10_Sjh.root::1::EDM::Local::2;276_11_nIG.root::1::EDM::Local::3;2_13_jtL.root::1::EDM::Local::4;52_11_cww.root::1::EDM::Local::5;
Popularity stop
Extracted ExitStatus from FrameworkJobReport parsing output: 0
>>> Executable succeded  0
ExeExitCode=0
EXECUTABLE_EXIT_STATUS = 0
>>> current directory /home/cms064/home_crce1_808107453/CREAM808107453/glide_Py9570/execute/dir_20888/CMSSW_5_3_5
>>>  (SOFTWARE_DIR): /home/cms064/home_crce1_808107453/CREAM808107453/glide_Py9570/execute/dir_20888/CMSSW_5_3_5
>>> (WORKING_DIR): 
>>> current directory content:
total 164
drwxr-xr-x 3 cms064 cms  4096 Nov 27 02:04 .SCRAM
-rw-r--r-- 1 cms064 cms 30066 Nov 27 02:04 CMSSW.py.pkl
drwxr-xr-x 3 cms064 cms  4096 Nov 27 02:04 bin
drwxr-xr-x 3 cms064 cms  4096 Nov 27 02:04 cfipython
drwxr-xr-x 5 cms064 cms  4096 Nov 27 02:04 config
-rw-r--r-- 1 cms064 cms    17 Nov 27 02:20 cpu_timing.txt
drwxr-xr-x 2 cms064 cms  4096 Nov 27 02:04 doc
-rw-r--r-- 1 cms064 cms 18509 Nov 27 02:20 executable.out
drwxr-xr-x 2 cms064 cms  4096 Nov 27 02:04 include
drwxrwxrwx 3 cms064 cms  4096 Oct 22 16:38 lib
drwxr-xr-x 3 cms064 cms  4096 Nov 27 02:04 logs
drwxr-xr-x 3 cms064 cms  4096 Nov 27 02:04 objs
-rw-r--r-- 1 cms064 cms 18432 Nov 27 02:20 optHistograms.root
-rw-r--r-- 1 cms064 cms   104 Nov 27 02:04 pset.py
-rw-r--r-- 1 cms064 cms 19490 Nov 27 02:04 pset.py.pkl
-rw-r--r-- 1 cms064 cms   289 Nov 27 02:04 pset.pyc
drwxr-xr-x 2 cms064 cms  4096 Nov 27 02:04 python
-rw-r--r-- 1 cms064 cms   420 Nov 27 02:20 report.log
drwxrwxrwx 4 cms064 cms  4096 Nov 27 02:04 src
drwxr-xr-x 3 cms064 cms  4096 Nov 27 02:04 test
drwxr-xr-x 3 cms064 cms  4096 Nov 27 02:04 tmp
>>> current directory /home/cms064/home_crce1_808107453/CREAM808107453/glide_Py9570/execute/dir_20888/CMSSW_5_3_5
>>> (SOFTWARE_DIR): /home/cms064/home_crce1_808107453/CREAM808107453/glide_Py9570/execute/dir_20888/CMSSW_5_3_5
>>> (WORKING_DIR): 
>>> current directory content:
total 144
drwxr-xr-x 3 cms064 cms  4096 Nov 27 02:04 .SCRAM
-rw-r--r-- 1 cms064 cms 30066 Nov 27 02:04 CMSSW.py.pkl
drwxr-xr-x 3 cms064 cms  4096 Nov 27 02:04 bin
drwxr-xr-x 3 cms064 cms  4096 Nov 27 02:04 cfipython
drwxr-xr-x 5 cms064 cms  4096 Nov 27 02:04 config
-rw-r--r-- 1 cms064 cms    17 Nov 27 02:20 cpu_timing.txt
drwxr-xr-x 2 cms064 cms  4096 Nov 27 02:04 doc
-rw-r--r-- 1 cms064 cms 18509 Nov 27 02:20 executable.out
drwxr-xr-x 2 cms064 cms  4096 Nov 27 02:04 include
drwxrwxrwx 3 cms064 cms  4096 Oct 22 16:38 lib
drwxr-xr-x 3 cms064 cms  4096 Nov 27 02:04 logs
drwxr-xr-x 3 cms064 cms  4096 Nov 27 02:04 objs
-rw-r--r-- 1 cms064 cms   104 Nov 27 02:04 pset.py
-rw-r--r-- 1 cms064 cms 19490 Nov 27 02:04 pset.py.pkl
-rw-r--r-- 1 cms064 cms   289 Nov 27 02:04 pset.pyc
drwxr-xr-x 2 cms064 cms  4096 Nov 27 02:04 python
-rw-r--r-- 1 cms064 cms   420 Nov 27 02:20 report.log
drwxrwxrwx 4 cms064 cms  4096 Nov 27 02:04 src
drwxr-xr-x 3 cms064 cms  4096 Nov 27 02:04 test
drwxr-xr-x 3 cms064 cms  4096 Nov 27 02:04 tmp
>>> current directory (RUNTIME_AREA):  /home/cms064/home_crce1_808107453/CREAM808107453/glide_Py9570/execute/dir_20888
>>> current dir: /home/cms064/home_crce1_808107453/CREAM808107453/glide_Py9570/execute/dir_20888
>>> current dir content:
total 25796
-rw-rw-rw-  1 cms064 cms     5607 Nov 27 02:03 .job.ad
-rw-rw-rw-  1 cms064 cms    11532 Nov 27 02:03 .machine.ad
-rw-rw-rw-  1 cms064 cms      105 Nov 27 01:26 CMSSW.py
-rw-rw-rw-  1 cms064 cms    30066 Nov 27 01:26 CMSSW.py.pkl
-rwxrw-rw-  1 cms064 cms    23333 Nov 27 02:04 CMSSW.sh
drwxr-xr-x 15 cms064 cms     4096 Nov 27 02:20 CMSSW_5_3_5
-rw-rw-rw-  1 cms064 cms        0 Nov 27 02:04 CMSSW_94.stderr
-rw-rw-rw-  1 cms064 cms    34538 Nov 27 02:20 CMSSW_94.stdout
-rw-r--r--  1 cms064 cms      347 Nov 27 02:04 CacheEnv.sh
-rw-rw-rw-  1 cms064 cms     7291 Jun  9  2010 DashboardAPI.py
-rw-r--r--  1 cms064 cms     6883 Nov 27 02:04 DashboardAPI.pyc
drwxrwxrwx  3 cms064 cms     4096 Nov 27 02:20 IMProv
-rw-rw-rw-  1 cms064 cms     2748 Mar  8  2006 Logger.py
-rw-r--r--  1 cms064 cms     3353 Nov 27 02:04 Logger.pyc
-rw-rw-rw-  1 cms064 cms    24524 Mar 28  2008 ProcInfo.py
-rw-r--r--  1 cms064 cms    23470 Nov 27 02:04 ProcInfo.pyc
drwxrwxrwx  7 cms064 cms     4096 Nov 27 02:04 ProdCommon
drwxrwxrwx  3 cms064 cms     4096 Nov 27 02:04 WMCore
-rw-r--r--  1 cms064 cms     3427 Nov 27 02:20 Watchdog_94.log
-rw-rw-rw-  1 cms064 cms    32895 Mar 28  2008 apmon.py
-rw-r--r--  1 cms064 cms    28874 Nov 27 02:04 apmon.pyc
-rw-rw-rw-  1 cms064 cms   101163 Nov 27 02:04 arguments.xml
-rwxrwxrwx  1 cms064 cms    37427 Sep 13 14:14 cmscp.py
-rwxrwxrwx  1 cms064 cms    23333 Nov 27 02:04 condor_exec.exe
-rw-rw-rw-  1 cms064 cms      542 Nov 27 01:25 crab.cfg
-rwxrwxrwx  1 cms064 cms     9531 Sep 20 21:46 crabWatchdog.sh
-rw-r--r--  1 cms064 cms    49118 Nov 27 02:20 crab_fjr_94.xml
-rw-rw-rw-  1 cms064 cms 25796292 Nov 27 02:04 default.tgz
-rwxrwxrwx  1 cms064 cms     4488 May 12  2012 fillCrabFjr.py
-rw-r--r--  1 cms064 cms      924 Nov 27 02:04 inputsReport.txt
-rw-r--r--  1 cms064 cms      132 Nov 27 02:20 jobreport.txt
lrwxrwxrwx  1 cms064 cms      107 Nov 27 02:20 optHistograms.root -> /home/cms064/home_crce1_808107453/CREAM808107453/glide_Py9570/execute/dir_20888/optHistograms_94_1_e4U.root
-rw-r--r--  1 cms064 cms    18432 Nov 27 02:20 optHistograms_94_1_e4U.root
-rw-rw-rw-  1 cms064 cms    17352 Jan 20  2012 parseCrabFjr.py
-rw-r--r--  1 cms064 cms      285 Nov 27 02:04 report.log
-rwxrwxrwx  1 cms064 cms     1497 May 27  2009 report.py
-rwxrwxrwx  1 cms064 cms     8387 Mar 23  2011 writeCfg.py
-rw-------  1 cms064 cms     8691 Nov 27 02:14 x509up_u1000009
Checking output files:  
will tar file optHistograms_94_1_e4U.root in  out_files_94
will tar file crab_fjr_94.xml in  out_files_94
will tar file CMSSW_94.stdout in  out_files_94
will tar file CMSSW_94.stderr in  out_files_94
WARNING: output file Watchdog_94.log.gz not found!
>>> padding time: Wrapper lasting more than 600 seconds. No sleep required.
STOPPING WATCHDOG. CrabWatchdog PID is 29978
********** LAST 50 LINES OF WATCHDOG LOG
# RESOURCE USAGE SUMMARY FOR PROCESS ID 28739
USER       PID %CPU %MEM    VSZ   RSS TTY      STAT START   TIME COMMAND
cms064   28739  0.2  0.0   8956  1488 ?        S    02:04   0:00 /bin/sh /home/cms064/home_crce1_808107453/CREAM808107453/glide_Py9570/execute/dir_20888/condor_exec.exe 94 1
 
# LIMITS USED BY THIS WATCHDOG:
# RSS  (KBytes)  : 2300000
# VSZ  (KBytes)  : 100000000
# DISK (MBytes)  : 19000
# CPU  (seconds) : 171600
# WALL (seconds) : 171600
 
# FOLLOWING PRINTOUT TRACKS MAXIMUM VALUES OF RESOURCES USE
# ONE LINE IS PRINTED EACH TIME A MAXIMUM CHANGES
# IF CHANGE WAS IN RSS OR VSZ ALSO PROCID AND COMMAND ARE PRINTED
# THERE IS NO PRINTOUT FOR CPU/WALL TIME INCREASE
 
# TIME			PID	RSS(KB)	VSZ(KB)	Dsk(MB)	tCPU(s)	tWALL(s)	COMMAND
 Nov 27 02:04:20 EET	9416	1320	8896	0	0	1940	-bash         
 Nov 27 02:04:20 EET	9445	1488	8952	0	0	1941	/bin/sh -l ./CREAM808107453_jobWrapper.sh       
 Nov 27 02:04:20 EET	9513	2676	25504	0	0	1940	perl -e ?use Socket;??sub send_notify {? $cream_url = "193.40.150.141:49152";die "No
 Nov 27 02:04:20 EET	20208	6096	25504	0	1	1906	/home/cms064/home_crce1_808107453/CREAM808107453/glide_Py9570/main/condor/sbin/condor_master -f -pidfile /home/cms064/home_crce1_808107453/CREAM808107453/glide_Py9570/condor_master2.pid      
 Nov 27 02:04:20 EET	---	6096	25504	168	----	----	----
 Nov 27 02:05:27 EET	31115	361096	565352	168	16	64	cmsRun -j /home/cms064/home_crce1_808107453/CREAM808107453/glide_Py9570/execute/dir_20888/crab_fjr_94.xml -p pset.py     
 Nov 27 02:06:34 EET	31115	363224	565608	168	56	128	cmsRun -j /home/cms064/home_crce1_808107453/CREAM808107453/glide_Py9570/execute/dir_20888/crab_fjr_94.xml -p pset.py     
 Nov 27 02:07:38 EET	31115	363304	565608	168	99	191	cmsRun -j /home/cms064/home_crce1_808107453/CREAM808107453/glide_Py9570/execute/dir_20888/crab_fjr_94.xml -p pset.py     
 Nov 27 02:08:41 EET	31115	367692	567400	168	130	258	cmsRun -j /home/cms064/home_crce1_808107453/CREAM808107453/glide_Py9570/execute/dir_20888/crab_fjr_94.xml -p pset.py     
 Nov 27 02:09:48 EET	31115	368000	567400	168	171	328	cmsRun -j /home/cms064/home_crce1_808107453/CREAM808107453/glide_Py9570/execute/dir_20888/crab_fjr_94.xml -p pset.py     
 Nov 27 02:10:58 EET	31115	368028	567400	168	216	398	cmsRun -j /home/cms064/home_crce1_808107453/CREAM808107453/glide_Py9570/execute/dir_20888/crab_fjr_94.xml -p pset.py     
 Nov 27 02:12:08 EET	31115	368372	568936	168	237	468	cmsRun -j /home/cms064/home_crce1_808107453/CREAM808107453/glide_Py9570/execute/dir_20888/crab_fjr_94.xml -p pset.py     
 Nov 27 02:13:18 EET	31115	369220	569192	168	279	537	cmsRun -j /home/cms064/home_crce1_808107453/CREAM808107453/glide_Py9570/execute/dir_20888/crab_fjr_94.xml -p pset.py     
 Nov 27 02:14:27 EET	31115	369228	569192	168	322	608	cmsRun -j /home/cms064/home_crce1_808107453/CREAM808107453/glide_Py9570/execute/dir_20888/crab_fjr_94.xml -p pset.py     
 Nov 27 02:16:44 EET	31115	369456	569192	168	395	741	cmsRun -j /home/cms064/home_crce1_808107453/CREAM808107453/glide_Py9570/execute/dir_20888/crab_fjr_94.xml -p pset.py     
 Nov 27 02:17:51 EET	31115	369464	569192	168	439	808	cmsRun -j /home/cms064/home_crce1_808107453/CREAM808107453/glide_Py9570/execute/dir_20888/crab_fjr_94.xml -p pset.py     
 Nov 27 02:20:04 EET	31115	369956	569448	168	511	941	cmsRun -j /home/cms064/home_crce1_808107453/CREAM808107453/glide_Py9570/execute/dir_20888/crab_fjr_94.xml -p pset.py     
********** WATCHDOG LOG ENDED
ZIPPING WATCHDOG LOG
Disk space used:
du -sh /home/cms064/home_crce1_808107453/CREAM808107453/glide_Py9570/execute/dir_20888
169M	/home/cms064/home_crce1_808107453/CREAM808107453/glide_Py9570/execute/dir_20888
>>> info for dashboard:
***** Cat /home/cms064/home_crce1_808107453/CREAM808107453/glide_Py9570/execute/dir_20888/jobreport.txt *****
MonitorJobID=94_https://submit-2.t2.ucsd.edu//121127//17528.93
MonitorID=liis_crab_0_121127_012526_r0h5c1
ExeTime=944
ExeExitCode=0
CrabUserCpuTime=502.75
CrabSysCpuTime=11.92
CrabCpuPercentage=54%
CrabWrapperTime=991
CrabStageoutTime=NULL
***** End Cat jobreport *****
Parameters sent to Dashboard.
optHistograms_94_1_e4U.root
crab_fjr_94.xml
CMSSW_94.stdout
CMSSW_94.stderr
Watchdog_94.log.gz
tar: .BrokerInfo: Cannot stat: No such file or directory
tar: Error exit delayed from previous errors
Total Output dimension: 31229
WARNING: output files size limit is set to: 50000000
Total Output dimension 31229 is fine.
JOB_EXIT_STATUS = 0
>>> info for dashboard:
***** Cat /home/cms064/home_crce1_808107453/CREAM808107453/glide_Py9570/execute/dir_20888/jobreport.txt *****
MonitorJobID=94_https://submit-2.t2.ucsd.edu//121127//17528.93
MonitorID=liis_crab_0_121127_012526_r0h5c1
JobExitCode=0
***** End Cat jobreport *****
Parameters sent to Dashboard.
optHistograms_94_1_e4U.root
crab_fjr_94.xml
