This script was generated by crab (version 2.8.3).
Running /home/cms078/home_crce1_436328034/CREAM436328034/glide_jp6591/execute/dir_13212/condor_exec.exe with 2 positional parameters: 10 1
Today is Tue Nov 27 01:47:22 EET 2012
Job submitted on host wn-v-7014.local
Linux wn-v-7014.local 2.6.32-042stab059.7 #1 SMP Tue Jul 24 19:12:01 MSK 2012 x86_64 x86_64 x86_64 GNU/Linux
>>> current directory (RUNTIME_AREA): /home/cms078/home_crce1_436328034/CREAM436328034/glide_jp6591/execute/dir_13212
>>> current user: uid=11078(cms078) gid=1400(cms) groups=1400(cms)
>>> voms proxy information:
subject   : /DC=ch/DC=cern/OU=Organic Units/OU=Users/CN=liis/CN=663550/CN=Liis Rebane/CN=proxy/CN=limited proxy
issuer    : /DC=ch/DC=cern/OU=Organic Units/OU=Users/CN=liis/CN=663550/CN=Liis Rebane/CN=proxy
identity  : /DC=ch/DC=cern/OU=Organic Units/OU=Users/CN=liis/CN=663550/CN=Liis Rebane/CN=proxy
type      : limited proxy
strength  : 512 bits
path      : /home/cms078/home_crce1_436328034/CREAM436328034/glide_jp6591/execute/dir_13212/x509up_u1000009
timeleft  : 23:59:48
key usage : Digital Signature, Key Encipherment, Data Encipherment
=== VO cms extension information ===
VO        : cms
subject   : /DC=ch/DC=cern/OU=Organic Units/OU=Users/CN=liis/CN=663550/CN=Liis Rebane
issuer    : /DC=ch/DC=cern/OU=computers/CN=lcg-voms.cern.ch
attribute : /cms/Role=NULL/Capability=NULL
timeleft  : 191:38:15
uri       : lcg-voms.cern.ch:15002
>>> tar xzf /home/cms078/home_crce1_436328034/CREAM436328034/glide_jp6591/execute/dir_13212/default.tgz :
Successful untar
>>> Include /home/cms078/home_crce1_436328034/CREAM436328034/glide_jp6591/execute/dir_13212 in PYTHONPATH:
strip arguments
env var CRAB_UNIQUE_JOB_ID set to: liis_crab_0_121127_012526_r0h5c1_10_1_Vjh
out_files_10
>>> list of expected files on output sandbox
output files: optHistograms_10_1_Vjh.root crab_fjr_10.xml CMSSW_10.stdout CMSSW_10.stderr Watchdog_10.log.gz
>>> GridFlavour discovery: 
GridFlavour=LCG
>>> SyncSite discovery: 
SyncSite=T2_EE_Estonia
>>> SyncCE discovery: 
getting SyncCE from CE_ID
SyncCE=cream1.hep.kbfi.ee:8443/cream-pbs-long
>>> info for dashboard:
***** Cat /home/cms078/home_crce1_436328034/CREAM436328034/glide_jp6591/execute/dir_13212/jobreport.txt *****
MonitorJobID=10_https://submit-2.t2.ucsd.edu//121127//17528.9
SyncGridJobId=https://submit-2.t2.ucsd.edu//121127//17528.9
MonitorID=liis_crab_0_121127_012526_r0h5c1
GridFlavour=LCG
SyncSite=T2_EE_Estonia
SyncCE=cream1.hep.kbfi.ee:8443/cream-pbs-long
***** End Cat jobreport *****
Parameters sent to Dashboard.
>>> setup environment
set SCRAM ARCH to slc5_amd64_gcc462
SCRAM_ARCH = slc5_amd64_gcc462
>>> setup CMS LCG environment:
set SCRAM ARCH and BUILD_ARCH to slc5_amd64_gcc462 ###
Sourcing environment... 
sourcing /cvmfs/cms.cern.ch/cmsset_default.sh
==> setup cms environment ok
>>> specific cmssw setup environment:
CMSSW_VERSION =  CMSSW_5_3_5
>>> current directory (SOFTWARE_DIR): /home/cms078/home_crce1_436328034/CREAM436328034/glide_jp6591/execute/dir_13212/CMSSW_5_3_5
PreserveSeeds: <>
IncrementSeeds:<>
{}
WNHostName=wn-v-7014.local
>>> info for dashboard:
***** Cat /home/cms078/home_crce1_436328034/CREAM436328034/glide_jp6591/execute/dir_13212/jobreport.txt *****
MonitorJobID=10_https://submit-2.t2.ucsd.edu//121127//17528.9
MonitorID=liis_crab_0_121127_012526_r0h5c1
WNHostName=wn-v-7014.local
***** End Cat jobreport *****
Parameters sent to Dashboard.
crabWatchdog started as process 14811
>>> moving CMSSW software directories in /home/cms078/home_crce1_436328034/CREAM436328034/glide_jp6591/execute/dir_13212/CMSSW_5_3_5
mv: cannot stat `/home/cms078/home_crce1_436328034/CREAM436328034/glide_jp6591/execute/dir_13212/module/': No such file or directory
>>> Include /home/cms078/home_crce1_436328034/CREAM436328034/glide_jp6591/execute/dir_13212 in PYTHONPATH:
PYTHONPATH=/home/cms078/home_crce1_436328034/CREAM436328034/glide_jp6591/execute/dir_13212/:/home/cms078/home_crce1_436328034/CREAM436328034/glide_jp6591/execute/dir_13212/CMSSW_5_3_5/python:/home/cms078/home_crce1_436328034/CREAM436328034/glide_jp6591/execute/dir_13212/CMSSW_5_3_5/lib/slc5_amd64_gcc462:/cvmfs/cms.cern.ch/slc5_amd64_gcc462/cms/cmssw/CMSSW_5_3_5/python:/cvmfs/cms.cern.ch/slc5_amd64_gcc462/cms/cmssw/CMSSW_5_3_5/lib/slc5_amd64_gcc462:/cvmfs/cms.cern.ch/slc5_amd64_gcc462/cms/coral/CORAL_2_3_21-cms27/slc5_amd64_gcc462/python:/cvmfs/cms.cern.ch/slc5_amd64_gcc462/cms/coral/CORAL_2_3_21-cms27/slc5_amd64_gcc462/lib:/cvmfs/cms.cern.ch/slc5_amd64_gcc462/external/pyqt/4.8.1/lib/python2.6/site-packages:/cvmfs/cms.cern.ch/slc5_amd64_gcc462/external/py2-scipy/0.8.0/lib/python2.6/site-packages:/cvmfs/cms.cern.ch/slc5_amd64_gcc462/external/py2-matplotlib/1.0.1/lib/python2.6/site-packages:/cvmfs/cms.cern.ch/slc5_amd64_gcc462/external/python-ldap/2.3.5/lib/python2.6/site-packages:/cvmfs/cms.cern.ch/slc5_amd64_gcc462/external/sip/4.11.2/lib/python2.6/site-packages:/cvmfs/cms.cern.ch/slc5_amd64_gcc462/external/py2-pycurl/7.19.0/lib/python2.6/site-packages:/cvmfs/cms.cern.ch/slc5_amd64_gcc462/external/py2-numpy/1.6.1/lib/python2.6/site-packages:/cvmfs/cms.cern.ch/slc5_amd64_gcc462/external/py2-ipython/0.10/lib/python2.6/site-packages:/cvmfs/cms.cern.ch/slc5_amd64_gcc462/external/py2-cx-oracle/5.1-cms11/lib/python2.6/site-packages:/cvmfs/cms.cern.ch/slc5_amd64_gcc462/external/py2-cjson/1.0.5/lib/python2.6/site-packages:/cvmfs/cms.cern.ch/slc5_amd64_gcc462/cms/das-client/1.4.1-cms8/bin:/cvmfs/cms.cern.ch/slc5_amd64_gcc462/external/elementtree/1.2.6/share/lib/python2.6/site-packages:/cvmfs/cms.cern.ch/slc5_amd64_gcc462/external/rivet/1.5.1-cms10/lib/python2.6/site-packages:/cvmfs/cms.cern.ch/slc5_amd64_gcc462/external/pyminuit2/0.0.1-cms34/lib/python2.6/site-packages:/cvmfs/cms.cern.ch/slc5_amd64_gcc462/external/professor/1.0.0-cms35/lib/python2.6/site-packages:/cvmfs/cms.cern.ch/slc5_amd64_gcc462/lcg/root/5.32.00-cms18/lib:/cvmfs/cms.cern.ch/slc5_amd64_gcc462/cms/dbs-client/DBS_2_1_1_patch1_1/lib:/cvmfs/cms.cern.ch/slc5_amd64_gcc462/cms/dbs-client/DBS_2_1_1_patch1_1/lib/DBSAPI:/home/cms078/home_crce1_436328034/CREAM436328034/glide_jp6591/execute/dir_13212/
241a2a19cb7c5c8751ba22759ab3bdb0
PSETHASH = 241a2a19cb7c5c8751ba22759ab3bdb0
/home/cms078/home_crce1_436328034/CREAM436328034/glide_jp6591/execute/dir_13212/writeCfg.py pset.py pset.py
Importing .py file
Setting parameters
inputBlocks=/QCD_Pt_350_EMEnriched_TuneZ2star_8TeV_pythia6/mario-Summer12-stop-pfele-step1-3d176ac8da5e9dff208d057f4733ca91/USER#2ef68d93-4c3b-40b9-98c3-bc862db01b2a
inputFiles=/store/user/mario/QCD_Pt_350_EMEnriched_TuneZ2star_8TeV_pythia6/Summer12-stop-pfele-step1/3d176ac8da5e9dff208d057f4733ca91/tuple_151_9_rhw.root;/store/user/mario/QCD_Pt_350_EMEnriched_TuneZ2star_8TeV_pythia6/Summer12-stop-pfele-step1/3d176ac8da5e9dff208d057f4733ca91/tuple_152_3_3nJ.root;/store/user/mario/QCD_Pt_350_EMEnriched_TuneZ2star_8TeV_pythia6/Summer12-stop-pfele-step1/3d176ac8da5e9dff208d057f4733ca91/tuple_153_4_c37.root;/store/user/mario/QCD_Pt_350_EMEnriched_TuneZ2star_8TeV_pythia6/Summer12-stop-pfele-step1/3d176ac8da5e9dff208d057f4733ca91/tuple_154_4_UTU.root;/store/user/mario/QCD_Pt_350_EMEnriched_TuneZ2star_8TeV_pythia6/Summer12-stop-pfele-step1/3d176ac8da5e9dff208d057f4733ca91/tuple_155_4_KSn.root
parentFiles=
lumisRange=
>>> Executable cmsRun
/cvmfs/cms.cern.ch/slc5_amd64_gcc462/cms/cmssw/CMSSW_5_3_5/bin/slc5_amd64_gcc462/cmsRun
ok executable found
>>> info for dashboard:
***** Cat /home/cms078/home_crce1_436328034/CREAM436328034/glide_jp6591/execute/dir_13212/jobreport.txt *****
MonitorJobID=10_https://submit-2.t2.ucsd.edu//121127//17528.9
MonitorID=liis_crab_0_121127_012526_r0h5c1
ExeStart=cmsRun
***** End Cat jobreport *****
Parameters sent to Dashboard.
>>> cmsRun started at Mon Nov 26 23:48:14 UTC 2012
>>> cmsRun ended at Tue Nov 27 00:08:26 UTC 2012
>>> info for dashboard:
***** Cat /home/cms078/home_crce1_436328034/CREAM436328034/glide_jp6591/execute/dir_13212/jobreport.txt *****
MonitorJobID=10_https://submit-2.t2.ucsd.edu//121127//17528.9
MonitorID=liis_crab_0_121127_012526_r0h5c1
ExeEnd=cmsRun
***** End Cat jobreport *****
Parameters sent to Dashboard.
TIME_EXE = 1212 sec
>>> cmsRun wrote 165 lines of stdout+stderr
>>> START OF printout of 165 lines from stdout+stderr
27-Nov-2012 01:48:43 EET  Initiating request to open file file:/hdfs/cms/store/user/mario/QCD_Pt_350_EMEnriched_TuneZ2star_8TeV_pythia6/Summer12-stop-pfele-step1/3d176ac8da5e9dff208d057f4733ca91/tuple_151_9_rhw.root
27-Nov-2012 01:48:58 EET  Successfully opened file file:/hdfs/cms/store/user/mario/QCD_Pt_350_EMEnriched_TuneZ2star_8TeV_pythia6/Summer12-stop-pfele-step1/3d176ac8da5e9dff208d057f4733ca91/tuple_151_9_rhw.root
Begin processing the 1st record. Run 1, Event 287678215, LumiSection 65936 at 27-Nov-2012 01:49:35.224 EET
Begin processing the 1001st record. Run 1, Event 855037, LumiSection 196 at 27-Nov-2012 01:49:51.411 EET
Begin processing the 2001st record. Run 1, Event 8163917, LumiSection 1872 at 27-Nov-2012 01:50:01.096 EET
Begin processing the 3001st record. Run 1, Event 25621547, LumiSection 5873 at 27-Nov-2012 01:50:06.123 EET
Begin processing the 4001st record. Run 1, Event 26208618, LumiSection 6008 at 27-Nov-2012 01:50:14.289 EET
Begin processing the 5001st record. Run 1, Event 56258672, LumiSection 12895 at 27-Nov-2012 01:50:18.729 EET
Begin processing the 6001st record. Run 1, Event 75113273, LumiSection 17216 at 27-Nov-2012 01:50:26.564 EET
27-Nov-2012 01:50:27 EET  Closed file file:/hdfs/cms/store/user/mario/QCD_Pt_350_EMEnriched_TuneZ2star_8TeV_pythia6/Summer12-stop-pfele-step1/3d176ac8da5e9dff208d057f4733ca91/tuple_151_9_rhw.root
27-Nov-2012 01:50:27 EET  Initiating request to open file file:/hdfs/cms/store/user/mario/QCD_Pt_350_EMEnriched_TuneZ2star_8TeV_pythia6/Summer12-stop-pfele-step1/3d176ac8da5e9dff208d057f4733ca91/tuple_152_3_3nJ.root
27-Nov-2012 01:50:28 EET  Successfully opened file file:/hdfs/cms/store/user/mario/QCD_Pt_350_EMEnriched_TuneZ2star_8TeV_pythia6/Summer12-stop-pfele-step1/3d176ac8da5e9dff208d057f4733ca91/tuple_152_3_3nJ.root
Begin processing the 7001st record. Run 1, Event 87442894, LumiSection 20042 at 27-Nov-2012 01:51:15.168 EET
Begin processing the 8001st record. Run 1, Event 87493350, LumiSection 20054 at 27-Nov-2012 01:51:20.329 EET
Begin processing the 9001st record. Run 1, Event 152944008, LumiSection 35055 at 27-Nov-2012 01:51:27.884 EET
Begin processing the 10001st record. Run 1, Event 202042144, LumiSection 46309 at 27-Nov-2012 01:51:36.419 EET
Begin processing the 11001st record. Run 1, Event 271162871, LumiSection 62151 at 27-Nov-2012 01:51:41.319 EET
Begin processing the 12001st record. Run 1, Event 286212963, LumiSection 65601 at 27-Nov-2012 01:51:51.320 EET
Begin processing the 13001st record. Run 1, Event 291279714, LumiSection 66762 at 27-Nov-2012 01:51:56.264 EET
Begin processing the 14001st record. Run 1, Event 293779779, LumiSection 67335 at 27-Nov-2012 01:52:05.186 EET
Begin processing the 15001st record. Run 1, Event 315317053, LumiSection 72271 at 27-Nov-2012 01:52:14.723 EET
Begin processing the 16001st record. Run 1, Event 94954273, LumiSection 21764 at 27-Nov-2012 01:52:19.778 EET
Begin processing the 17001st record. Run 1, Event 97316743, LumiSection 22306 at 27-Nov-2012 01:52:29.487 EET
Begin processing the 18001st record. Run 1, Event 97740881, LumiSection 22403 at 27-Nov-2012 01:52:34.805 EET
Begin processing the 19001st record. Run 1, Event 97916598, LumiSection 22443 at 27-Nov-2012 01:52:43.645 EET
Begin processing the 20001st record. Run 1, Event 12997905, LumiSection 2980 at 27-Nov-2012 01:52:48.341 EET
Begin processing the 21001st record. Run 1, Event 92612319, LumiSection 21227 at 27-Nov-2012 01:52:57.929 EET
Begin processing the 22001st record. Run 1, Event 95017729, LumiSection 21779 at 27-Nov-2012 01:53:06.806 EET
Begin processing the 23001st record. Run 1, Event 97593491, LumiSection 22369 at 27-Nov-2012 01:53:11.957 EET
Begin processing the 24001st record. Run 1, Event 98462184, LumiSection 22568 at 27-Nov-2012 01:53:19.643 EET
Begin processing the 25001st record. Run 1, Event 99768125, LumiSection 22867 at 27-Nov-2012 01:53:24.340 EET
Begin processing the 26001st record. Run 1, Event 103504156, LumiSection 23724 at 27-Nov-2012 01:53:32.794 EET
Begin processing the 27001st record. Run 1, Event 105953914, LumiSection 24285 at 27-Nov-2012 01:53:36.881 EET
Begin processing the 28001st record. Run 1, Event 94154267, LumiSection 21581 at 27-Nov-2012 01:53:46.898 EET
Begin processing the 29001st record. Run 1, Event 97693126, LumiSection 22392 at 27-Nov-2012 01:53:55.178 EET
Begin processing the 30001st record. Run 1, Event 99278365, LumiSection 22755 at 27-Nov-2012 01:53:59.843 EET
Begin processing the 31001st record. Run 1, Event 101831497, LumiSection 23340 at 27-Nov-2012 01:54:09.022 EET
Begin processing the 32001st record. Run 1, Event 104520578, LumiSection 23957 at 27-Nov-2012 01:54:14.102 EET
Begin processing the 33001st record. Run 1, Event 105997568, LumiSection 24295 at 27-Nov-2012 01:54:23.826 EET
Begin processing the 34001st record. Run 1, Event 108338221, LumiSection 24832 at 27-Nov-2012 01:54:36.301 EET
Begin processing the 35001st record. Run 1, Event 110084911, LumiSection 25232 at 27-Nov-2012 01:54:40.639 EET
Begin processing the 36001st record. Run 1, Event 215528165, LumiSection 49400 at 27-Nov-2012 01:54:49.180 EET
Begin processing the 37001st record. Run 1, Event 286839055, LumiSection 65744 at 27-Nov-2012 01:54:53.314 EET
27-Nov-2012 01:54:56 EET  Closed file file:/hdfs/cms/store/user/mario/QCD_Pt_350_EMEnriched_TuneZ2star_8TeV_pythia6/Summer12-stop-pfele-step1/3d176ac8da5e9dff208d057f4733ca91/tuple_152_3_3nJ.root
27-Nov-2012 01:54:56 EET  Initiating request to open file file:/hdfs/cms/store/user/mario/QCD_Pt_350_EMEnriched_TuneZ2star_8TeV_pythia6/Summer12-stop-pfele-step1/3d176ac8da5e9dff208d057f4733ca91/tuple_153_4_c37.root
27-Nov-2012 01:54:57 EET  Successfully opened file file:/hdfs/cms/store/user/mario/QCD_Pt_350_EMEnriched_TuneZ2star_8TeV_pythia6/Summer12-stop-pfele-step1/3d176ac8da5e9dff208d057f4733ca91/tuple_153_4_c37.root
Begin processing the 38001st record. Run 1, Event 287450957, LumiSection 65884 at 27-Nov-2012 01:55:34.530 EET
Begin processing the 39001st record. Run 1, Event 12635514, LumiSection 2897 at 27-Nov-2012 01:55:40.715 EET
Begin processing the 40001st record. Run 1, Event 55151209, LumiSection 12641 at 27-Nov-2012 01:55:49.793 EET
Begin processing the 41001st record. Run 1, Event 79710450, LumiSection 18270 at 27-Nov-2012 01:55:54.229 EET
Begin processing the 42001st record. Run 1, Event 92659130, LumiSection 21238 at 27-Nov-2012 01:56:02.615 EET
Begin processing the 43001st record. Run 1, Event 12630564, LumiSection 2895 at 27-Nov-2012 01:56:06.958 EET
Begin processing the 44001st record. Run 1, Event 27196162, LumiSection 6234 at 27-Nov-2012 01:56:16.634 EET
Begin processing the 45001st record. Run 1, Event 80650257, LumiSection 18486 at 27-Nov-2012 01:56:25.266 EET
Begin processing the 46001st record. Run 1, Event 95860163, LumiSection 21972 at 27-Nov-2012 01:56:30.403 EET
Begin processing the 47001st record. Run 1, Event 103413290, LumiSection 23703 at 27-Nov-2012 01:56:38.587 EET
Begin processing the 48001st record. Run 1, Event 105945264, LumiSection 24283 at 27-Nov-2012 01:56:43.666 EET
Begin processing the 49001st record. Run 1, Event 114296756, LumiSection 26197 at 27-Nov-2012 01:56:53.176 EET
Begin processing the 50001st record. Run 1, Event 108199620, LumiSection 24800 at 27-Nov-2012 01:56:58.497 EET
Begin processing the 51001st record. Run 1, Event 148723475, LumiSection 34088 at 27-Nov-2012 01:57:08.867 EET
Begin processing the 52001st record. Run 1, Event 165645643, LumiSection 37966 at 27-Nov-2012 01:57:18.806 EET
Begin processing the 53001st record. Run 1, Event 159639774, LumiSection 36590 at 27-Nov-2012 01:57:23.790 EET
Begin processing the 54001st record. Run 1, Event 164191992, LumiSection 37633 at 27-Nov-2012 01:57:35.574 EET
Begin processing the 55001st record. Run 1, Event 125176123, LumiSection 28691 at 27-Nov-2012 01:57:40.123 EET
Begin processing the 56001st record. Run 1, Event 132800446, LumiSection 30438 at 27-Nov-2012 01:57:48.037 EET
Begin processing the 57001st record. Run 1, Event 154297941, LumiSection 35366 at 27-Nov-2012 01:57:52.560 EET
Begin processing the 58001st record. Run 1, Event 165602835, LumiSection 37957 at 27-Nov-2012 01:58:03.563 EET
Begin processing the 59001st record. Run 1, Event 13149123, LumiSection 3014 at 27-Nov-2012 01:58:08.021 EET
Begin processing the 60001st record. Run 1, Event 30209773, LumiSection 6925 at 27-Nov-2012 01:58:17.291 EET
Begin processing the 61001st record. Run 1, Event 114206896, LumiSection 26177 at 27-Nov-2012 01:58:26.053 EET
Begin processing the 62001st record. Run 1, Event 184011882, LumiSection 42176 at 27-Nov-2012 01:58:31.870 EET
Begin processing the 63001st record. Run 1, Event 292393608, LumiSection 67017 at 27-Nov-2012 01:58:40.021 EET
Begin processing the 64001st record. Run 1, Event 293677822, LumiSection 67311 at 27-Nov-2012 01:58:45.024 EET
Begin processing the 65001st record. Run 1, Event 98918689, LumiSection 22673 at 27-Nov-2012 01:58:53.818 EET
Begin processing the 66001st record. Run 1, Event 101690844, LumiSection 23308 at 27-Nov-2012 01:58:58.479 EET
Begin processing the 67001st record. Run 1, Event 104485284, LumiSection 23949 at 27-Nov-2012 01:59:07.800 EET
Begin processing the 68001st record. Run 1, Event 106598036, LumiSection 24433 at 27-Nov-2012 01:59:14.167 EET
Begin processing the 69001st record. Run 1, Event 97432299, LumiSection 22332 at 27-Nov-2012 01:59:21.962 EET
27-Nov-2012 01:59:22 EET  Closed file file:/hdfs/cms/store/user/mario/QCD_Pt_350_EMEnriched_TuneZ2star_8TeV_pythia6/Summer12-stop-pfele-step1/3d176ac8da5e9dff208d057f4733ca91/tuple_153_4_c37.root
27-Nov-2012 01:59:22 EET  Initiating request to open file file:/hdfs/cms/store/user/mario/QCD_Pt_350_EMEnriched_TuneZ2star_8TeV_pythia6/Summer12-stop-pfele-step1/3d176ac8da5e9dff208d057f4733ca91/tuple_154_4_UTU.root
27-Nov-2012 01:59:22 EET  Successfully opened file file:/hdfs/cms/store/user/mario/QCD_Pt_350_EMEnriched_TuneZ2star_8TeV_pythia6/Summer12-stop-pfele-step1/3d176ac8da5e9dff208d057f4733ca91/tuple_154_4_UTU.root
Begin processing the 70001st record. Run 1, Event 98580076, LumiSection 22595 at 27-Nov-2012 02:00:02.018 EET
Begin processing the 71001st record. Run 1, Event 98642663, LumiSection 22609 at 27-Nov-2012 02:00:11.642 EET
Begin processing the 72001st record. Run 1, Event 102435542, LumiSection 23479 at 27-Nov-2012 02:00:16.615 EET
Begin processing the 73001st record. Run 1, Event 35208041, LumiSection 8070 at 27-Nov-2012 02:00:26.173 EET
Begin processing the 74001st record. Run 1, Event 46178276, LumiSection 10585 at 27-Nov-2012 02:00:30.693 EET
Begin processing the 75001st record. Run 1, Event 97864800, LumiSection 22431 at 27-Nov-2012 02:00:39.591 EET
Begin processing the 76001st record. Run 1, Event 99528183, LumiSection 22812 at 27-Nov-2012 02:00:44.423 EET
Begin processing the 77001st record. Run 1, Event 232353404, LumiSection 53256 at 27-Nov-2012 02:00:54.103 EET
Begin processing the 78001st record. Run 1, Event 239618308, LumiSection 54921 at 27-Nov-2012 02:00:59.328 EET
Begin processing the 79001st record. Run 1, Event 286992986, LumiSection 65779 at 27-Nov-2012 02:01:08.570 EET
Begin processing the 80001st record. Run 1, Event 107061736, LumiSection 24539 at 27-Nov-2012 02:01:17.591 EET
Begin processing the 81001st record. Run 1, Event 105999103, LumiSection 24296 at 27-Nov-2012 02:01:23.278 EET
Begin processing the 82001st record. Run 1, Event 107113113, LumiSection 24551 at 27-Nov-2012 02:01:33.799 EET
Begin processing the 83001st record. Run 1, Event 114291002, LumiSection 26196 at 27-Nov-2012 02:01:39.239 EET
Begin processing the 84001st record. Run 1, Event 184018709, LumiSection 42178 at 27-Nov-2012 02:01:49.898 EET
Begin processing the 85001st record. Run 1, Event 271314298, LumiSection 62186 at 27-Nov-2012 02:01:55.108 EET
Begin processing the 86001st record. Run 1, Event 284901270, LumiSection 65300 at 27-Nov-2012 02:02:03.678 EET
Begin processing the 87001st record. Run 1, Event 27205364, LumiSection 6236 at 27-Nov-2012 02:02:11.479 EET
Begin processing the 88001st record. Run 1, Event 9989840, LumiSection 2290 at 27-Nov-2012 02:02:17.681 EET
Begin processing the 89001st record. Run 1, Event 22024055, LumiSection 5048 at 27-Nov-2012 02:02:27.052 EET
Begin processing the 90001st record. Run 1, Event 25711249, LumiSection 5894 at 27-Nov-2012 02:02:31.618 EET
Begin processing the 91001st record. Run 1, Event 293307337, LumiSection 67227 at 27-Nov-2012 02:02:41.266 EET
Begin processing the 92001st record. Run 1, Event 293897504, LumiSection 67362 at 27-Nov-2012 02:02:46.857 EET
Begin processing the 93001st record. Run 1, Event 87297015, LumiSection 20009 at 27-Nov-2012 02:02:58.475 EET
Begin processing the 94001st record. Run 1, Event 87537528, LumiSection 20064 at 27-Nov-2012 02:03:04.451 EET
Begin processing the 95001st record. Run 1, Event 121405021, LumiSection 27827 at 27-Nov-2012 02:03:14.050 EET
Begin processing the 96001st record. Run 1, Event 283353250, LumiSection 64945 at 27-Nov-2012 02:03:18.831 EET
Begin processing the 97001st record. Run 1, Event 289655581, LumiSection 66390 at 27-Nov-2012 02:03:26.966 EET
Begin processing the 98001st record. Run 1, Event 291369849, LumiSection 66782 at 27-Nov-2012 02:03:37.080 EET
Begin processing the 99001st record. Run 1, Event 294006865, LumiSection 67387 at 27-Nov-2012 02:03:42.729 EET
Begin processing the 100001st record. Run 1, Event 8073404, LumiSection 1851 at 27-Nov-2012 02:03:49.956 EET
27-Nov-2012 02:03:53 EET  Closed file file:/hdfs/cms/store/user/mario/QCD_Pt_350_EMEnriched_TuneZ2star_8TeV_pythia6/Summer12-stop-pfele-step1/3d176ac8da5e9dff208d057f4733ca91/tuple_154_4_UTU.root
27-Nov-2012 02:03:53 EET  Initiating request to open file file:/hdfs/cms/store/user/mario/QCD_Pt_350_EMEnriched_TuneZ2star_8TeV_pythia6/Summer12-stop-pfele-step1/3d176ac8da5e9dff208d057f4733ca91/tuple_155_4_KSn.root
27-Nov-2012 02:03:53 EET  Successfully opened file file:/hdfs/cms/store/user/mario/QCD_Pt_350_EMEnriched_TuneZ2star_8TeV_pythia6/Summer12-stop-pfele-step1/3d176ac8da5e9dff208d057f4733ca91/tuple_155_4_KSn.root
Begin processing the 101001st record. Run 1, Event 19252553, LumiSection 4413 at 27-Nov-2012 02:04:37.984 EET
Begin processing the 102001st record. Run 1, Event 25897906, LumiSection 5936 at 27-Nov-2012 02:04:43.257 EET
Begin processing the 103001st record. Run 1, Event 71666680, LumiSection 16427 at 27-Nov-2012 02:04:52.747 EET
Begin processing the 104001st record. Run 1, Event 74015691, LumiSection 16965 at 27-Nov-2012 02:04:58.179 EET
Begin processing the 105001st record. Run 1, Event 79126171, LumiSection 18136 at 27-Nov-2012 02:05:08.733 EET
Begin processing the 106001st record. Run 1, Event 100968527, LumiSection 23142 at 27-Nov-2012 02:05:18.198 EET
Begin processing the 107001st record. Run 1, Event 119423893, LumiSection 27372 at 27-Nov-2012 02:05:22.611 EET
Begin processing the 108001st record. Run 1, Event 25585772, LumiSection 5865 at 27-Nov-2012 02:05:32.097 EET
Begin processing the 109001st record. Run 1, Event 32231135, LumiSection 7388 at 27-Nov-2012 02:05:37.496 EET
Begin processing the 110001st record. Run 1, Event 73135450, LumiSection 16763 at 27-Nov-2012 02:05:46.478 EET
Begin processing the 111001st record. Run 1, Event 85366125, LumiSection 19566 at 27-Nov-2012 02:05:51.188 EET
Begin processing the 112001st record. Run 1, Event 156039032, LumiSection 35765 at 27-Nov-2012 02:05:58.568 EET
Begin processing the 113001st record. Run 1, Event 201743108, LumiSection 46240 at 27-Nov-2012 02:06:08.814 EET
Begin processing the 114001st record. Run 1, Event 205322409, LumiSection 47060 at 27-Nov-2012 02:06:14.420 EET
Begin processing the 115001st record. Run 1, Event 230817529, LumiSection 52904 at 27-Nov-2012 02:06:26.419 EET
Begin processing the 116001st record. Run 1, Event 25675854, LumiSection 5885 at 27-Nov-2012 02:06:31.032 EET
Begin processing the 117001st record. Run 1, Event 26100028, LumiSection 5983 at 27-Nov-2012 02:06:42.629 EET
Begin processing the 118001st record. Run 1, Event 28073599, LumiSection 6435 at 27-Nov-2012 02:06:47.138 EET
Begin processing the 119001st record. Run 1, Event 87010233, LumiSection 19943 at 27-Nov-2012 02:06:56.237 EET
Begin processing the 120001st record. Run 1, Event 121986659, LumiSection 27960 at 27-Nov-2012 02:07:00.738 EET
Begin processing the 121001st record. Run 1, Event 157983127, LumiSection 36210 at 27-Nov-2012 02:07:09.057 EET
Begin processing the 122001st record. Run 1, Event 201888668, LumiSection 46273 at 27-Nov-2012 02:07:16.380 EET
Begin processing the 123001st record. Run 1, Event 289721199, LumiSection 66405 at 27-Nov-2012 02:07:20.681 EET
Begin processing the 124001st record. Run 1, Event 87344616, LumiSection 20020 at 27-Nov-2012 02:07:29.340 EET
Begin processing the 125001st record. Run 1, Event 108680710, LumiSection 24910 at 27-Nov-2012 02:07:34.568 EET
Begin processing the 126001st record. Run 1, Event 119537098, LumiSection 27398 at 27-Nov-2012 02:07:44.941 EET
Begin processing the 127001st record. Run 1, Event 121911791, LumiSection 27943 at 27-Nov-2012 02:07:49.476 EET
Begin processing the 128001st record. Run 1, Event 283775758, LumiSection 65042 at 27-Nov-2012 02:07:58.265 EET
Begin processing the 129001st record. Run 1, Event 289793473, LumiSection 66421 at 27-Nov-2012 02:08:06.351 EET
Begin processing the 130001st record. Run 1, Event 293604236, LumiSection 67295 at 27-Nov-2012 02:08:10.785 EET
Begin processing the 131001st record. Run 1, Event 316555107, LumiSection 72555 at 27-Nov-2012 02:08:18.628 EET
27-Nov-2012 02:08:23 EET  Closed file file:/hdfs/cms/store/user/mario/QCD_Pt_350_EMEnriched_TuneZ2star_8TeV_pythia6/Summer12-stop-pfele-step1/3d176ac8da5e9dff208d057f4733ca91/tuple_155_4_KSn.root

=============================================

MessageLogger Summary

 type     category        sev    module        subroutine        count    total
 ---- -------------------- -- ---------------- ----------------  -----    -----
    1 fileAction           -s file_close                             5        5
    2 fileAction           -s file_open                             10       10

 type    category    Examples: run/evt        run/evt          run/evt
 ---- -------------------- ---------------- ---------------- ----------------
    1 fileAction           PostProcessEvent PostProcessEvent PostEndRun
    2 fileAction           pre-events       pre-events       PostProcessEvent

Severity    # Occurrences   Total Occurrences
--------    -------------   -----------------
System                 15                  15
>>> END OF printout of 165 lines from stdout+stderr
>>> Parse FrameworkJobReport crab_fjr.xml
Result of parsing the FrameworkJobReport crab_fjr.xml: Popularity start
lumisRange : 1::2334,2980,16159,19646,19668,20021,20023,20031,20042,20045,20048,20051,20054,21081,21227,21388,21392,21581,21601,21732,21743,21764,21779-21780,21785,21793,21798,21805,22073,22089,22143,22159,22233,22249,22262,22270,22281,22306,22325-22326,22369,22384,22391-22392,22400,22403,22411,22415-22417,22432,22435,22443,22543,22568,22581,22583,22592,22668,22697,22718,22722,22731,22755,22819,22825,22867,22893,22915,23340-23341,23419,23425,23427,23437,23476,23526,23543,23724,23737-23738,23767,23801,23941,23950,23955,23957,23974-23975,24017,24033,24051,24151,24285,24295,24297,24342,24366,24398,24450,24503,24546,24552,24556,24620,24813,24831-24832,24952,25128,25155,25201,25232,25234,25243,25395,25581,25593,25921,26019,28219,35055,35079,35086,35126,36187,39472,42172,46308-46309,49400,50172,52284,52302,52950,61869,62151,62918,63299,63319,64926,65560,65581,65601,65615,65740,65744,65768,65772-65773,66416,66422-66423,66535,66651,66762,66968,67291,67296,67335,67358,67365,68096,72177,72223,72271,72573,72714,72785::1;1::148,196,208,307,310,836,864,1872,1929,2916,2918,4756,5856,5873,5896,5903,5963,5976,6001,6007-6008,6019,8297,12895,12906,13027,17034,17037,17040,17216,17416,65936,66535,67985,71925::2;1::839,1366,1407,1851,1910,1927,2032,2054,2290,2292,2784,4376,4415,5039,5041-5042,5048,5826,5830,5833,5840,5842,5844,5853,5861,5894,5911,6236,8070,8141,8206,9218,10585,12970,13596-13597,13632,13674,20009-20010,20012,20027,20050,20064,22324,22332,22382,22408,22431,22546,22587,22590,22595-22596,22608-22609,22681,22719,22800,22803,22812,22870,22907,23073,23365,23424,23479,23542,23768,23944,23951,23958,24125,24139,24145,24289,24293,24296,24396,24539,24551,24555,24623,24837,25474,26037,26039,26188,26196,26269,26274,26327-26328,26479,27825,27827,33294,35150,35312,35316,37019,40602,42166,42169,42175,42178,46282-46283,48462,53256,53352,53651,53805,54364,54865,54895,54899,54903,54921,58015,62186,62358,63458,63735,63954,64061,64945,65272,65300,65755,65779,65982,66390,66392,66456,66582,66703-66704,66782,66862-66863,66935,66969,67115,67117,67132-67134,67227,67279,67286,67288,67292,67298,67338,67349,67362,67369,67387,67413,67415,67461,67504-67505,67541,67689,68423,72353::3;1::445,455,1372,2878,2885,2888,2895,2897-2898,2903,2917,2989,3014,4821,5058,5891-5892,5925,5934,6234,6575,6921,6925,8143,8145,8157-8158,8219,8333,8973,12441,12641,13347,13834,14060,14074,17682,18270,18318,18486,19180,20376,20957,21230,21238,21550,21802,21812,21815,21972,22074,22188,22218,22282,22299,22332,22429,22550,22560,22566,22586,22673,22895,22902,23306,23308,23367,23384,23453,23497,23703,23740-23741,23769,23780,23859,23948-23949,24018,24021,24270,24279,24281,24283,24367,24383,24432-24433,24444,24473,24492,24516,24541,24585,24800,24814,24817,25967,26177,26197,26214,28528,28658,28691,28710,29350,29356,29443,30040,30438,31490,31947,31972,32035,32052,32071,32866,33048,34088-34089,34204,34214,34232,34251,34461,35060,35098,35103,35116,35366,36558,36590,36616,36623,37579,37603,37633,37635,37945,37949,37957,37966,38038,38071,38089,39190,41184,42176,45825,53422,53513,64912,64966,65094,65773,65874,65884,67017-67018,67049,67204,67267,67311,67401,68239,68279,68341,70607::4;1::2276,2289,4412-4413,5105,5843,5861,5865,5876,5878,5885,5889,5898,5923,5926,5936,5939,5953,5961,5969,5974,5977,5980,5983,5998,6014,6072,6319,6435,6457,6537,6912,6923,7388,9769,10029,12500,13011,15939,16405-16406,16411-16412,16427-16428,16551,16553,16763,16818,16932,16939,16964-16965,17038-17039,17221,17243,17427-17428,18136,18276,18280,18627,19566,19784,19908,19943,20020,20028,20037,20056,20065,20067,20243,20522,23140,23142,24797,24910,25405,26012,26018,26020,26036,26157,26739,26773,27372,27376,27398,27410,27543,27546,27629,27632,27660,27671,27906-27907,27943,27952,27958,27960,29413-29414,29436-29437,30012,31945,34515,34541,35144,35162,35699,35721,35764-35765,36210,36217,37155,38770-38771,38777,39058,46240-46241,46272-46273,46278-46279,46338,47045,47060,49375,49393,51922-51923,52902,52904,52937-52938,54966,54981,62494,65041-65042,65076,65834,65853,66402,66405,66412,66418,66421,66427,66525-66526,66705,66737,67287,67295,68912,69598,69692,70172,72555,72571::5;
lumisParentRange : 
Basename : /store/user/mario/QCD_Pt_350_EMEnriched_TuneZ2star_8TeV_pythia6/Summer12-stop-pfele-step1/3d176ac8da5e9dff208d057f4733ca91/tuple_15
BasenameParent : 
parentFiles : 
inputBlocks : /QCD_Pt_350_EMEnriched_TuneZ2star_8TeV_pythia6/mario-Summer12-stop-pfele-step1-3d176ac8da5e9dff208d057f4733ca91/USER#2ef68d93-4c3b-40b9-98c3-bc862db01b2a
inputFiles : 2_3_3nJ.root::1::EDM::Local::1;1_9_rhw.root::1::EDM::Local::2;4_4_UTU.root::1::EDM::Local::3;3_4_c37.root::1::EDM::Local::4;5_4_KSn.root::1::EDM::Local::5;
Popularity stop
Extracted ExitStatus from FrameworkJobReport parsing output: 0
>>> Executable succeded  0
ExeExitCode=0
EXECUTABLE_EXIT_STATUS = 0
>>> current directory /home/cms078/home_crce1_436328034/CREAM436328034/glide_jp6591/execute/dir_13212/CMSSW_5_3_5
>>>  (SOFTWARE_DIR): /home/cms078/home_crce1_436328034/CREAM436328034/glide_jp6591/execute/dir_13212/CMSSW_5_3_5
>>> (WORKING_DIR): 
>>> current directory content:
total 164
drwxr-xr-x 3 cms078 cms  4096 Nov 27 01:47 .SCRAM
-rw-r--r-- 1 cms078 cms 30066 Nov 27 01:47 CMSSW.py.pkl
drwxr-xr-x 3 cms078 cms  4096 Nov 27 01:47 bin
drwxr-xr-x 3 cms078 cms  4096 Nov 27 01:47 cfipython
drwxr-xr-x 5 cms078 cms  4096 Nov 27 01:47 config
-rw-r--r-- 1 cms078 cms    17 Nov 27 02:08 cpu_timing.txt
drwxr-xr-x 2 cms078 cms  4096 Nov 27 01:47 doc
-rw-r--r-- 1 cms078 cms 18517 Nov 27 02:08 executable.out
drwxr-xr-x 2 cms078 cms  4096 Nov 27 01:47 include
drwxrwxrwx 3 cms078 cms  4096 Oct 22 16:38 lib
drwxr-xr-x 3 cms078 cms  4096 Nov 27 01:47 logs
drwxr-xr-x 3 cms078 cms  4096 Nov 27 01:47 objs
-rw-r--r-- 1 cms078 cms 18207 Nov 27 02:08 optHistograms.root
-rw-r--r-- 1 cms078 cms   104 Nov 27 01:48 pset.py
-rw-r--r-- 1 cms078 cms 19489 Nov 27 01:48 pset.py.pkl
-rw-r--r-- 1 cms078 cms   289 Nov 27 01:48 pset.pyc
drwxr-xr-x 2 cms078 cms  4096 Nov 27 01:47 python
-rw-r--r-- 1 cms078 cms   417 Nov 27 02:08 report.log
drwxrwxrwx 4 cms078 cms  4096 Nov 27 01:47 src
drwxr-xr-x 3 cms078 cms  4096 Nov 27 01:47 test
drwxr-xr-x 3 cms078 cms  4096 Nov 27 01:47 tmp
>>> current directory /home/cms078/home_crce1_436328034/CREAM436328034/glide_jp6591/execute/dir_13212/CMSSW_5_3_5
>>> (SOFTWARE_DIR): /home/cms078/home_crce1_436328034/CREAM436328034/glide_jp6591/execute/dir_13212/CMSSW_5_3_5
>>> (WORKING_DIR): 
>>> current directory content:
total 144
drwxr-xr-x 3 cms078 cms  4096 Nov 27 01:47 .SCRAM
-rw-r--r-- 1 cms078 cms 30066 Nov 27 01:47 CMSSW.py.pkl
drwxr-xr-x 3 cms078 cms  4096 Nov 27 01:47 bin
drwxr-xr-x 3 cms078 cms  4096 Nov 27 01:47 cfipython
drwxr-xr-x 5 cms078 cms  4096 Nov 27 01:47 config
-rw-r--r-- 1 cms078 cms    17 Nov 27 02:08 cpu_timing.txt
drwxr-xr-x 2 cms078 cms  4096 Nov 27 01:47 doc
-rw-r--r-- 1 cms078 cms 18517 Nov 27 02:08 executable.out
drwxr-xr-x 2 cms078 cms  4096 Nov 27 01:47 include
drwxrwxrwx 3 cms078 cms  4096 Oct 22 16:38 lib
drwxr-xr-x 3 cms078 cms  4096 Nov 27 01:47 logs
drwxr-xr-x 3 cms078 cms  4096 Nov 27 01:47 objs
-rw-r--r-- 1 cms078 cms   104 Nov 27 01:48 pset.py
-rw-r--r-- 1 cms078 cms 19489 Nov 27 01:48 pset.py.pkl
-rw-r--r-- 1 cms078 cms   289 Nov 27 01:48 pset.pyc
drwxr-xr-x 2 cms078 cms  4096 Nov 27 01:47 python
-rw-r--r-- 1 cms078 cms   417 Nov 27 02:08 report.log
drwxrwxrwx 4 cms078 cms  4096 Nov 27 01:47 src
drwxr-xr-x 3 cms078 cms  4096 Nov 27 01:47 test
drwxr-xr-x 3 cms078 cms  4096 Nov 27 01:47 tmp
>>> current directory (RUNTIME_AREA):  /home/cms078/home_crce1_436328034/CREAM436328034/glide_jp6591/execute/dir_13212
>>> current dir: /home/cms078/home_crce1_436328034/CREAM436328034/glide_jp6591/execute/dir_13212
>>> current dir content:
total 25804
-rw-rw-rw-  1 cms078 cms     5576 Nov 27 01:47 .job.ad
-rw-rw-rw-  1 cms078 cms    11338 Nov 27 01:47 .machine.ad
-rw-rw-rw-  1 cms078 cms      105 Nov 27 01:26 CMSSW.py
-rw-rw-rw-  1 cms078 cms    30066 Nov 27 01:26 CMSSW.py.pkl
-rwxrw-rw-  1 cms078 cms    23333 Nov 27 01:47 CMSSW.sh
-rw-rw-rw-  1 cms078 cms        0 Nov 27 01:47 CMSSW_10.stderr
-rw-rw-rw-  1 cms078 cms    34656 Nov 27 02:08 CMSSW_10.stdout
drwxr-xr-x 15 cms078 cms     4096 Nov 27 02:08 CMSSW_5_3_5
-rw-r--r--  1 cms078 cms      347 Nov 27 01:47 CacheEnv.sh
-rw-rw-rw-  1 cms078 cms     7291 Jun  9  2010 DashboardAPI.py
-rw-r--r--  1 cms078 cms     6883 Nov 27 01:47 DashboardAPI.pyc
drwxrwxrwx  3 cms078 cms     4096 Nov 27 02:08 IMProv
-rw-rw-rw-  1 cms078 cms     2748 Mar  8  2006 Logger.py
-rw-r--r--  1 cms078 cms     3353 Nov 27 01:47 Logger.pyc
-rw-rw-rw-  1 cms078 cms    24524 Mar 28  2008 ProcInfo.py
-rw-r--r--  1 cms078 cms    23470 Nov 27 01:47 ProcInfo.pyc
drwxrwxrwx  7 cms078 cms     4096 Nov 27 01:48 ProdCommon
drwxrwxrwx  3 cms078 cms     4096 Nov 27 01:47 WMCore
-rw-r--r--  1 cms078 cms     4185 Nov 27 02:08 Watchdog_10.log
-rw-rw-rw-  1 cms078 cms    32895 Mar 28  2008 apmon.py
-rw-r--r--  1 cms078 cms    28874 Nov 27 01:47 apmon.pyc
-rw-rw-rw-  1 cms078 cms   101163 Nov 27 01:47 arguments.xml
-rwxrwxrwx  1 cms078 cms    37427 Sep 13 14:14 cmscp.py
-rwxrwxrwx  1 cms078 cms    23333 Nov 27 01:47 condor_exec.exe
-rw-rw-rw-  1 cms078 cms      542 Nov 27 01:25 crab.cfg
-rwxrwxrwx  1 cms078 cms     9531 Sep 20 21:46 crabWatchdog.sh
-rw-r--r--  1 cms078 cms    49349 Nov 27 02:08 crab_fjr_10.xml
-rw-rw-rw-  1 cms078 cms 25796292 Nov 27 01:47 default.tgz
-rwxrwxrwx  1 cms078 cms     4488 May 12  2012 fillCrabFjr.py
-rw-r--r--  1 cms078 cms      922 Nov 27 01:48 inputsReport.txt
-rw-r--r--  1 cms078 cms      132 Nov 27 02:08 jobreport.txt
lrwxrwxrwx  1 cms078 cms      107 Nov 27 02:08 optHistograms.root -> /home/cms078/home_crce1_436328034/CREAM436328034/glide_jp6591/execute/dir_13212/optHistograms_10_1_Vjh.root
-rw-r--r--  1 cms078 cms    18207 Nov 27 02:08 optHistograms_10_1_Vjh.root
-rw-rw-rw-  1 cms078 cms    17352 Jan 20  2012 parseCrabFjr.py
-rw-r--r--  1 cms078 cms      283 Nov 27 01:47 report.log
-rwxrwxrwx  1 cms078 cms     1497 May 27  2009 report.py
-rwxrwxrwx  1 cms078 cms     8387 Mar 23  2011 writeCfg.py
-rw-------  1 cms078 cms     8687 Nov 27 01:47 x509up_u1000009
Checking output files:  
will tar file optHistograms_10_1_Vjh.root in  out_files_10
will tar file crab_fjr_10.xml in  out_files_10
will tar file CMSSW_10.stdout in  out_files_10
will tar file CMSSW_10.stderr in  out_files_10
WARNING: output file Watchdog_10.log.gz not found!
>>> padding time: Wrapper lasting more than 600 seconds. No sleep required.
STOPPING WATCHDOG. CrabWatchdog PID is 14811
********** LAST 50 LINES OF WATCHDOG LOG
# RESOURCE USAGE SUMMARY FOR PROCESS ID 13347
USER       PID %CPU %MEM    VSZ   RSS TTY      STAT START   TIME COMMAND
cms078   13347  0.1  0.0   8956  1488 ?        S    01:47   0:00 /bin/sh /home/cms078/home_crce1_436328034/CREAM436328034/glide_jp6591/execute/dir_13212/condor_exec.exe 10 1
 
# LIMITS USED BY THIS WATCHDOG:
# RSS  (KBytes)  : 2300000
# VSZ  (KBytes)  : 100000000
# DISK (MBytes)  : 19000
# CPU  (seconds) : 171600
# WALL (seconds) : 171600
 
# FOLLOWING PRINTOUT TRACKS MAXIMUM VALUES OF RESOURCES USE
# ONE LINE IS PRINTED EACH TIME A MAXIMUM CHANGES
# IF CHANGE WAS IN RSS OR VSZ ALSO PROCID AND COMMAND ARE PRINTED
# THERE IS NO PRINTOUT FOR CPU/WALL TIME INCREASE
 
# TIME			PID	RSS(KB)	VSZ(KB)	Dsk(MB)	tCPU(s)	tWALL(s)	COMMAND
 Nov 27 01:47:47 EET	6139	1324	8896	0	0	947	-bash         
 Nov 27 01:47:47 EET	6233	1488	8952	0	0	948	/bin/sh -l ./CREAM436328034_jobWrapper.sh       
 Nov 27 01:47:47 EET	6519	2676	25504	0	0	947	perl -e ?use Socket;??sub send_notify {? $cream_url = "193.40.150.141:49152";die "No
 Nov 27 01:47:47 EET	13198	3216	25504	0	0	49	condor_procd -A /home/cms078/home_crce1_436328034/CREAM436328034/glide_jp6591/log/procd_address.STARTD -L /home/cms078/home_crce1_436328034/CREAM436328034/glide_jp6591/log/ProcLog.STARTD -R 10000000 -S 60 -C
 Nov 27 01:47:47 EET	13212	5300	25504	0	0	50	condor_starter -f submit-2.t2.ucsd.edu       
 Nov 27 01:47:47 EET	14673	5776	25504	0	0	890	/home/cms078/home_crce1_436328034/CREAM436328034/glide_jp6591/main/condor/sbin/condor_master -f -pidfile /home/cms078/home_crce1_436328034/CREAM436328034/glide_jp6591/condor_master2.pid      
 Nov 27 01:47:47 EET	---	5776	25504	168	----	----	----
 Nov 27 01:49:00 EET	14673	5780	25504	168	0	963	/home/cms078/home_crce1_436328034/CREAM436328034/glide_jp6591/main/condor/sbin/condor_master -f -pidfile /home/cms078/home_crce1_436328034/CREAM436328034/glide_jp6591/condor_master2.pid      
 Nov 27 01:49:00 EET	19150	250952	384892	168	11	60	cmsRun -j /home/cms078/home_crce1_436328034/CREAM436328034/glide_jp6591/execute/dir_13212/crab_fjr_10.xml -p pset.py     
 Nov 27 01:50:16 EET	19150	335836	504164	168	44	136	cmsRun -j /home/cms078/home_crce1_436328034/CREAM436328034/glide_jp6591/execute/dir_13212/crab_fjr_10.xml -p pset.py     
 Nov 27 01:51:32 EET	19150	367352	567652	168	67	212	cmsRun -j /home/cms078/home_crce1_436328034/CREAM436328034/glide_jp6591/execute/dir_13212/crab_fjr_10.xml -p pset.py     
 Nov 27 01:52:48 EET	19150	367896	567652	168	112	288	cmsRun -j /home/cms078/home_crce1_436328034/CREAM436328034/glide_jp6591/execute/dir_13212/crab_fjr_10.xml -p pset.py     
 Nov 27 01:54:04 EET	19150	367944	567652	168	156	364	cmsRun -j /home/cms078/home_crce1_436328034/CREAM436328034/glide_jp6591/execute/dir_13212/crab_fjr_10.xml -p pset.py     
 Nov 27 01:55:20 EET	19150	367944	568164	168	182	439	cmsRun -j /home/cms078/home_crce1_436328034/CREAM436328034/glide_jp6591/execute/dir_13212/crab_fjr_10.xml -p pset.py     
 Nov 27 01:57:49 EET	19150	368040	568164	168	270	588	cmsRun -j /home/cms078/home_crce1_436328034/CREAM436328034/glide_jp6591/execute/dir_13212/crab_fjr_10.xml -p pset.py     
 Nov 27 01:59:04 EET	19150	368316	568420	168	315	663	cmsRun -j /home/cms078/home_crce1_436328034/CREAM436328034/glide_jp6591/execute/dir_13212/crab_fjr_10.xml -p pset.py     
 Nov 27 02:01:33 EET	19150	368504	568420	168	384	812	cmsRun -j /home/cms078/home_crce1_436328034/CREAM436328034/glide_jp6591/execute/dir_13212/crab_fjr_10.xml -p pset.py     
 Nov 27 02:02:48 EET	19150	368516	568420	168	428	887	cmsRun -j /home/cms078/home_crce1_436328034/CREAM436328034/glide_jp6591/execute/dir_13212/crab_fjr_10.xml -p pset.py     
 Nov 27 02:05:18 EET	19150	369920	568932	168	494	1038	cmsRun -j /home/cms078/home_crce1_436328034/CREAM436328034/glide_jp6591/execute/dir_13212/crab_fjr_10.xml -p pset.py     
 Nov 27 02:06:34 EET	19150	369968	568932	168	538	1114	cmsRun -j /home/cms078/home_crce1_436328034/CREAM436328034/glide_jp6591/execute/dir_13212/crab_fjr_10.xml -p pset.py     
 Nov 27 02:07:49 EET	19150	369976	568932	168	584	1188	cmsRun -j /home/cms078/home_crce1_436328034/CREAM436328034/glide_jp6591/execute/dir_13212/crab_fjr_10.xml -p pset.py     
********** WATCHDOG LOG ENDED
ZIPPING WATCHDOG LOG
Disk space used:
du -sh /home/cms078/home_crce1_436328034/CREAM436328034/glide_jp6591/execute/dir_13212
169M	/home/cms078/home_crce1_436328034/CREAM436328034/glide_jp6591/execute/dir_13212
>>> info for dashboard:
***** Cat /home/cms078/home_crce1_436328034/CREAM436328034/glide_jp6591/execute/dir_13212/jobreport.txt *****
MonitorJobID=10_https://submit-2.t2.ucsd.edu//121127//17528.9
MonitorID=liis_crab_0_121127_012526_r0h5c1
ExeTime=1212
ExeExitCode=0
CrabUserCpuTime=584.59
CrabSysCpuTime=14.39
CrabCpuPercentage=49%
CrabWrapperTime=1294
CrabStageoutTime=NULL
***** End Cat jobreport *****
Parameters sent to Dashboard.
optHistograms_10_1_Vjh.root
crab_fjr_10.xml
CMSSW_10.stdout
CMSSW_10.stderr
Watchdog_10.log.gz
tar: .BrokerInfo: Cannot stat: No such file or directory
tar: Error exit delayed from previous errors
Total Output dimension: 31180
WARNING: output files size limit is set to: 50000000
Total Output dimension 31180 is fine.
JOB_EXIT_STATUS = 0
>>> info for dashboard:
***** Cat /home/cms078/home_crce1_436328034/CREAM436328034/glide_jp6591/execute/dir_13212/jobreport.txt *****
MonitorJobID=10_https://submit-2.t2.ucsd.edu//121127//17528.9
MonitorID=liis_crab_0_121127_012526_r0h5c1
JobExitCode=0
***** End Cat jobreport *****
Parameters sent to Dashboard.
optHistograms_10_1_Vjh.root
crab_fjr_10.xml
