This script was generated by crab (version 2.8.3).
Running /home/cms064/home_crce1_702673379/CREAM702673379/glide_Kb1105/execute/dir_23828/condor_exec.exe with 2 positional parameters: 28 1
Today is Tue Nov 27 01:47:30 EET 2012
Job submitted on host wn-v-6320.local
Linux wn-v-6320.local 2.6.32-042stab059.7 #1 SMP Tue Jul 24 19:12:01 MSK 2012 x86_64 x86_64 x86_64 GNU/Linux
>>> current directory (RUNTIME_AREA): /home/cms064/home_crce1_702673379/CREAM702673379/glide_Kb1105/execute/dir_23828
>>> current user: uid=11064(cms064) gid=1400(cms) groups=1400(cms)
>>> voms proxy information:
subject   : /DC=ch/DC=cern/OU=Organic Units/OU=Users/CN=liis/CN=663550/CN=Liis Rebane/CN=proxy/CN=limited proxy
issuer    : /DC=ch/DC=cern/OU=Organic Units/OU=Users/CN=liis/CN=663550/CN=Liis Rebane/CN=proxy
identity  : /DC=ch/DC=cern/OU=Organic Units/OU=Users/CN=liis/CN=663550/CN=Liis Rebane/CN=proxy
type      : limited proxy
strength  : 512 bits
path      : /home/cms064/home_crce1_702673379/CREAM702673379/glide_Kb1105/execute/dir_23828/x509up_u1000009
timeleft  : 23:59:40
key usage : Digital Signature, Key Encipherment, Data Encipherment
=== VO cms extension information ===
VO        : cms
subject   : /DC=ch/DC=cern/OU=Organic Units/OU=Users/CN=liis/CN=663550/CN=Liis Rebane
issuer    : /DC=ch/DC=cern/OU=computers/CN=lcg-voms.cern.ch
attribute : /cms/Role=NULL/Capability=NULL
timeleft  : 191:38:07
uri       : lcg-voms.cern.ch:15002
>>> tar xzf /home/cms064/home_crce1_702673379/CREAM702673379/glide_Kb1105/execute/dir_23828/default.tgz :
Successful untar
>>> Include /home/cms064/home_crce1_702673379/CREAM702673379/glide_Kb1105/execute/dir_23828 in PYTHONPATH:
strip arguments
env var CRAB_UNIQUE_JOB_ID set to: liis_crab_0_121127_012526_r0h5c1_28_1_bXz
out_files_28
>>> list of expected files on output sandbox
output files: optHistograms_28_1_bXz.root crab_fjr_28.xml CMSSW_28.stdout CMSSW_28.stderr Watchdog_28.log.gz
>>> GridFlavour discovery: 
GridFlavour=LCG
>>> SyncSite discovery: 
SyncSite=T2_EE_Estonia
>>> SyncCE discovery: 
getting SyncCE from CE_ID
SyncCE=cream1.hep.kbfi.ee:8443/cream-pbs-long
>>> info for dashboard:
***** Cat /home/cms064/home_crce1_702673379/CREAM702673379/glide_Kb1105/execute/dir_23828/jobreport.txt *****
MonitorJobID=28_https://submit-2.t2.ucsd.edu//121127//17528.27
SyncGridJobId=https://submit-2.t2.ucsd.edu//121127//17528.27
MonitorID=liis_crab_0_121127_012526_r0h5c1
GridFlavour=LCG
SyncSite=T2_EE_Estonia
SyncCE=cream1.hep.kbfi.ee:8443/cream-pbs-long
***** End Cat jobreport *****
Parameters sent to Dashboard.
>>> setup environment
set SCRAM ARCH to slc5_amd64_gcc462
SCRAM_ARCH = slc5_amd64_gcc462
>>> setup CMS LCG environment:
set SCRAM ARCH and BUILD_ARCH to slc5_amd64_gcc462 ###
Sourcing environment... 
sourcing /cvmfs/cms.cern.ch/cmsset_default.sh
==> setup cms environment ok
>>> specific cmssw setup environment:
CMSSW_VERSION =  CMSSW_5_3_5
>>> current directory (SOFTWARE_DIR): /home/cms064/home_crce1_702673379/CREAM702673379/glide_Kb1105/execute/dir_23828/CMSSW_5_3_5
PreserveSeeds: <>
IncrementSeeds:<>
{}
WNHostName=wn-v-6320.local
>>> info for dashboard:
***** Cat /home/cms064/home_crce1_702673379/CREAM702673379/glide_Kb1105/execute/dir_23828/jobreport.txt *****
MonitorJobID=28_https://submit-2.t2.ucsd.edu//121127//17528.27
MonitorID=liis_crab_0_121127_012526_r0h5c1
WNHostName=wn-v-6320.local
***** End Cat jobreport *****
Parameters sent to Dashboard.
crabWatchdog started as process 26134
>>> moving CMSSW software directories in /home/cms064/home_crce1_702673379/CREAM702673379/glide_Kb1105/execute/dir_23828/CMSSW_5_3_5
mv: cannot stat `/home/cms064/home_crce1_702673379/CREAM702673379/glide_Kb1105/execute/dir_23828/module/': No such file or directory
>>> Include /home/cms064/home_crce1_702673379/CREAM702673379/glide_Kb1105/execute/dir_23828 in PYTHONPATH:
PYTHONPATH=/home/cms064/home_crce1_702673379/CREAM702673379/glide_Kb1105/execute/dir_23828/:/home/cms064/home_crce1_702673379/CREAM702673379/glide_Kb1105/execute/dir_23828/CMSSW_5_3_5/python:/home/cms064/home_crce1_702673379/CREAM702673379/glide_Kb1105/execute/dir_23828/CMSSW_5_3_5/lib/slc5_amd64_gcc462:/cvmfs/cms.cern.ch/slc5_amd64_gcc462/cms/cmssw/CMSSW_5_3_5/python:/cvmfs/cms.cern.ch/slc5_amd64_gcc462/cms/cmssw/CMSSW_5_3_5/lib/slc5_amd64_gcc462:/cvmfs/cms.cern.ch/slc5_amd64_gcc462/cms/coral/CORAL_2_3_21-cms27/slc5_amd64_gcc462/python:/cvmfs/cms.cern.ch/slc5_amd64_gcc462/cms/coral/CORAL_2_3_21-cms27/slc5_amd64_gcc462/lib:/cvmfs/cms.cern.ch/slc5_amd64_gcc462/external/pyqt/4.8.1/lib/python2.6/site-packages:/cvmfs/cms.cern.ch/slc5_amd64_gcc462/external/py2-scipy/0.8.0/lib/python2.6/site-packages:/cvmfs/cms.cern.ch/slc5_amd64_gcc462/external/py2-matplotlib/1.0.1/lib/python2.6/site-packages:/cvmfs/cms.cern.ch/slc5_amd64_gcc462/external/python-ldap/2.3.5/lib/python2.6/site-packages:/cvmfs/cms.cern.ch/slc5_amd64_gcc462/external/sip/4.11.2/lib/python2.6/site-packages:/cvmfs/cms.cern.ch/slc5_amd64_gcc462/external/py2-pycurl/7.19.0/lib/python2.6/site-packages:/cvmfs/cms.cern.ch/slc5_amd64_gcc462/external/py2-numpy/1.6.1/lib/python2.6/site-packages:/cvmfs/cms.cern.ch/slc5_amd64_gcc462/external/py2-ipython/0.10/lib/python2.6/site-packages:/cvmfs/cms.cern.ch/slc5_amd64_gcc462/external/py2-cx-oracle/5.1-cms11/lib/python2.6/site-packages:/cvmfs/cms.cern.ch/slc5_amd64_gcc462/external/py2-cjson/1.0.5/lib/python2.6/site-packages:/cvmfs/cms.cern.ch/slc5_amd64_gcc462/cms/das-client/1.4.1-cms8/bin:/cvmfs/cms.cern.ch/slc5_amd64_gcc462/external/elementtree/1.2.6/share/lib/python2.6/site-packages:/cvmfs/cms.cern.ch/slc5_amd64_gcc462/external/rivet/1.5.1-cms10/lib/python2.6/site-packages:/cvmfs/cms.cern.ch/slc5_amd64_gcc462/external/pyminuit2/0.0.1-cms34/lib/python2.6/site-packages:/cvmfs/cms.cern.ch/slc5_amd64_gcc462/external/professor/1.0.0-cms35/lib/python2.6/site-packages:/cvmfs/cms.cern.ch/slc5_amd64_gcc462/lcg/root/5.32.00-cms18/lib:/cvmfs/cms.cern.ch/slc5_amd64_gcc462/cms/dbs-client/DBS_2_1_1_patch1_1/lib:/cvmfs/cms.cern.ch/slc5_amd64_gcc462/cms/dbs-client/DBS_2_1_1_patch1_1/lib/DBSAPI:/home/cms064/home_crce1_702673379/CREAM702673379/glide_Kb1105/execute/dir_23828/
241a2a19cb7c5c8751ba22759ab3bdb0
PSETHASH = 241a2a19cb7c5c8751ba22759ab3bdb0
/home/cms064/home_crce1_702673379/CREAM702673379/glide_Kb1105/execute/dir_23828/writeCfg.py pset.py pset.py
Importing .py file
Setting parameters
inputBlocks=/QCD_Pt_350_EMEnriched_TuneZ2star_8TeV_pythia6/mario-Summer12-stop-pfele-step1-3d176ac8da5e9dff208d057f4733ca91/USER#2ef68d93-4c3b-40b9-98c3-bc862db01b2a
inputFiles=/store/user/mario/QCD_Pt_350_EMEnriched_TuneZ2star_8TeV_pythia6/Summer12-stop-pfele-step1/3d176ac8da5e9dff208d057f4733ca91/tuple_242_8_2S4.root;/store/user/mario/QCD_Pt_350_EMEnriched_TuneZ2star_8TeV_pythia6/Summer12-stop-pfele-step1/3d176ac8da5e9dff208d057f4733ca91/tuple_244_9_MoV.root;/store/user/mario/QCD_Pt_350_EMEnriched_TuneZ2star_8TeV_pythia6/Summer12-stop-pfele-step1/3d176ac8da5e9dff208d057f4733ca91/tuple_245_9_x19.root;/store/user/mario/QCD_Pt_350_EMEnriched_TuneZ2star_8TeV_pythia6/Summer12-stop-pfele-step1/3d176ac8da5e9dff208d057f4733ca91/tuple_246_10_MpG.root;/store/user/mario/QCD_Pt_350_EMEnriched_TuneZ2star_8TeV_pythia6/Summer12-stop-pfele-step1/3d176ac8da5e9dff208d057f4733ca91/tuple_247_11_HKF.root;/store/user/mario/QCD_Pt_350_EMEnriched_TuneZ2star_8TeV_pythia6/Summer12-stop-pfele-step1/3d176ac8da5e9dff208d057f4733ca91/tuple_256_9_DBz.root
parentFiles=
lumisRange=
>>> Executable cmsRun
/cvmfs/cms.cern.ch/slc5_amd64_gcc462/cms/cmssw/CMSSW_5_3_5/bin/slc5_amd64_gcc462/cmsRun
ok executable found
>>> info for dashboard:
***** Cat /home/cms064/home_crce1_702673379/CREAM702673379/glide_Kb1105/execute/dir_23828/jobreport.txt *****
MonitorJobID=28_https://submit-2.t2.ucsd.edu//121127//17528.27
MonitorID=liis_crab_0_121127_012526_r0h5c1
ExeStart=cmsRun
***** End Cat jobreport *****
Parameters sent to Dashboard.
>>> cmsRun started at Mon Nov 26 23:48:06 UTC 2012
>>> cmsRun ended at Tue Nov 27 00:03:46 UTC 2012
>>> info for dashboard:
***** Cat /home/cms064/home_crce1_702673379/CREAM702673379/glide_Kb1105/execute/dir_23828/jobreport.txt *****
MonitorJobID=28_https://submit-2.t2.ucsd.edu//121127//17528.27
MonitorID=liis_crab_0_121127_012526_r0h5c1
ExeEnd=cmsRun
***** End Cat jobreport *****
Parameters sent to Dashboard.
TIME_EXE = 940 sec
>>> cmsRun wrote 174 lines of stdout+stderr
>>> START OF printout of 174 lines from stdout+stderr
27-Nov-2012 01:48:56 EET  Initiating request to open file file:/hdfs/cms/store/user/mario/QCD_Pt_350_EMEnriched_TuneZ2star_8TeV_pythia6/Summer12-stop-pfele-step1/3d176ac8da5e9dff208d057f4733ca91/tuple_242_8_2S4.root
27-Nov-2012 01:49:03 EET  Successfully opened file file:/hdfs/cms/store/user/mario/QCD_Pt_350_EMEnriched_TuneZ2star_8TeV_pythia6/Summer12-stop-pfele-step1/3d176ac8da5e9dff208d057f4733ca91/tuple_242_8_2S4.root
Begin processing the 1st record. Run 1, Event 282803106, LumiSection 64819 at 27-Nov-2012 01:49:32.119 EET
Begin processing the 1001st record. Run 1, Event 293345812, LumiSection 67235 at 27-Nov-2012 01:49:39.483 EET
Begin processing the 2001st record. Run 1, Event 301544591, LumiSection 69115 at 27-Nov-2012 01:49:47.980 EET
Begin processing the 3001st record. Run 1, Event 302664192, LumiSection 69371 at 27-Nov-2012 01:49:51.852 EET
27-Nov-2012 01:49:52 EET  Closed file file:/hdfs/cms/store/user/mario/QCD_Pt_350_EMEnriched_TuneZ2star_8TeV_pythia6/Summer12-stop-pfele-step1/3d176ac8da5e9dff208d057f4733ca91/tuple_242_8_2S4.root
27-Nov-2012 01:49:52 EET  Initiating request to open file file:/hdfs/cms/store/user/mario/QCD_Pt_350_EMEnriched_TuneZ2star_8TeV_pythia6/Summer12-stop-pfele-step1/3d176ac8da5e9dff208d057f4733ca91/tuple_244_9_MoV.root
27-Nov-2012 01:49:52 EET  Successfully opened file file:/hdfs/cms/store/user/mario/QCD_Pt_350_EMEnriched_TuneZ2star_8TeV_pythia6/Summer12-stop-pfele-step1/3d176ac8da5e9dff208d057f4733ca91/tuple_244_9_MoV.root
Begin processing the 4001st record. Run 1, Event 84280301, LumiSection 19318 at 27-Nov-2012 01:50:21.454 EET
Begin processing the 5001st record. Run 1, Event 96061875, LumiSection 22018 at 27-Nov-2012 01:50:32.666 EET
Begin processing the 6001st record. Run 1, Event 96127696, LumiSection 22033 at 27-Nov-2012 01:50:36.799 EET
Begin processing the 7001st record. Run 1, Event 99248979, LumiSection 22748 at 27-Nov-2012 01:50:43.589 EET
Begin processing the 8001st record. Run 1, Event 2221379, LumiSection 510 at 27-Nov-2012 01:50:48.012 EET
Begin processing the 9001st record. Run 1, Event 17856722, LumiSection 4093 at 27-Nov-2012 01:50:53.081 EET
Begin processing the 10001st record. Run 1, Event 22216492, LumiSection 5093 at 27-Nov-2012 01:50:57.443 EET
Begin processing the 11001st record. Run 1, Event 134862032, LumiSection 30911 at 27-Nov-2012 01:51:03.866 EET
Begin processing the 12001st record. Run 1, Event 162429998, LumiSection 37229 at 27-Nov-2012 01:51:08.159 EET
Begin processing the 13001st record. Run 1, Event 148312428, LumiSection 33994 at 27-Nov-2012 01:51:14.298 EET
Begin processing the 14001st record. Run 1, Event 150202800, LumiSection 34427 at 27-Nov-2012 01:51:20.100 EET
Begin processing the 15001st record. Run 1, Event 175322024, LumiSection 40184 at 27-Nov-2012 01:51:24.425 EET
Begin processing the 16001st record. Run 1, Event 223961035, LumiSection 51332 at 27-Nov-2012 01:51:30.224 EET
Begin processing the 17001st record. Run 1, Event 228792749, LumiSection 52440 at 27-Nov-2012 01:51:34.883 EET
Begin processing the 18001st record. Run 1, Event 257936110, LumiSection 59119 at 27-Nov-2012 01:51:40.758 EET
Begin processing the 19001st record. Run 1, Event 273342987, LumiSection 62651 at 27-Nov-2012 01:51:44.540 EET
Begin processing the 20001st record. Run 1, Event 299247002, LumiSection 68588 at 27-Nov-2012 01:51:52.553 EET
Begin processing the 21001st record. Run 1, Event 312542243, LumiSection 71635 at 27-Nov-2012 01:51:57.246 EET
Begin processing the 22001st record. Run 1, Event 315430838, LumiSection 72297 at 27-Nov-2012 01:52:03.524 EET
Begin processing the 23001st record. Run 1, Event 168137643, LumiSection 38538 at 27-Nov-2012 01:52:09.380 EET
Begin processing the 24001st record. Run 1, Event 171770266, LumiSection 39370 at 27-Nov-2012 01:52:14.038 EET
Begin processing the 25001st record. Run 1, Event 188534301, LumiSection 43213 at 27-Nov-2012 01:52:22.075 EET
Begin processing the 26001st record. Run 1, Event 219542617, LumiSection 50320 at 27-Nov-2012 01:52:25.927 EET
%MSG-w compNuP4:  TopJetPairProducer:topJetPairs 27-Nov-2012 01:52:26 EET  Run: 1 Event: 219544992
THREE REAL SOLUTIONS: z1 = 150.89, z2 = -92.6583, z3 = -197.026. Use only z1.
%MSG
Begin processing the 27001st record. Run 1, Event 21660155, LumiSection 4965 at 27-Nov-2012 01:52:32.640 EET
Begin processing the 28001st record. Run 1, Event 29377487, LumiSection 6734 at 27-Nov-2012 01:52:36.373 EET
Begin processing the 29001st record. Run 1, Event 34220582, LumiSection 7844 at 27-Nov-2012 01:52:41.864 EET
Begin processing the 30001st record. Run 1, Event 72847047, LumiSection 16697 at 27-Nov-2012 01:52:46.049 EET
Begin processing the 31001st record. Run 1, Event 153450675, LumiSection 35171 at 27-Nov-2012 01:52:51.192 EET
Begin processing the 32001st record. Run 1, Event 155917434, LumiSection 35737 at 27-Nov-2012 01:53:00.588 EET
Begin processing the 33001st record. Run 1, Event 168876003, LumiSection 38707 at 27-Nov-2012 01:53:05.709 EET
Begin processing the 34001st record. Run 1, Event 174606820, LumiSection 40020 at 27-Nov-2012 01:53:10.249 EET
27-Nov-2012 01:53:11 EET  Closed file file:/hdfs/cms/store/user/mario/QCD_Pt_350_EMEnriched_TuneZ2star_8TeV_pythia6/Summer12-stop-pfele-step1/3d176ac8da5e9dff208d057f4733ca91/tuple_244_9_MoV.root
27-Nov-2012 01:53:11 EET  Initiating request to open file file:/hdfs/cms/store/user/mario/QCD_Pt_350_EMEnriched_TuneZ2star_8TeV_pythia6/Summer12-stop-pfele-step1/3d176ac8da5e9dff208d057f4733ca91/tuple_245_9_x19.root
27-Nov-2012 01:53:12 EET  Successfully opened file file:/hdfs/cms/store/user/mario/QCD_Pt_350_EMEnriched_TuneZ2star_8TeV_pythia6/Summer12-stop-pfele-step1/3d176ac8da5e9dff208d057f4733ca91/tuple_245_9_x19.root
Begin processing the 35001st record. Run 1, Event 177222083, LumiSection 40620 at 27-Nov-2012 01:53:34.128 EET
Begin processing the 36001st record. Run 1, Event 187089404, LumiSection 42881 at 27-Nov-2012 01:53:38.409 EET
Begin processing the 37001st record. Run 1, Event 188099061, LumiSection 43113 at 27-Nov-2012 01:53:45.612 EET
Begin processing the 38001st record. Run 1, Event 224068694, LumiSection 51357 at 27-Nov-2012 01:53:52.247 EET
Begin processing the 39001st record. Run 1, Event 247023172, LumiSection 56618 at 27-Nov-2012 01:53:56.900 EET
Begin processing the 40001st record. Run 1, Event 273881630, LumiSection 62774 at 27-Nov-2012 01:54:03.578 EET
Begin processing the 41001st record. Run 1, Event 308162374, LumiSection 70631 at 27-Nov-2012 01:54:07.378 EET
Begin processing the 42001st record. Run 1, Event 6980227, LumiSection 1600 at 27-Nov-2012 01:54:13.161 EET
Begin processing the 43001st record. Run 1, Event 7007216, LumiSection 1607 at 27-Nov-2012 01:54:18.870 EET
Begin processing the 44001st record. Run 1, Event 7034435, LumiSection 1613 at 27-Nov-2012 01:54:25.044 EET
Begin processing the 45001st record. Run 1, Event 7104755, LumiSection 1629 at 27-Nov-2012 01:54:30.392 EET
Begin processing the 46001st record. Run 1, Event 7309776, LumiSection 1676 at 27-Nov-2012 01:54:35.663 EET
Begin processing the 47001st record. Run 1, Event 9693223, LumiSection 2222 at 27-Nov-2012 01:54:39.262 EET
Begin processing the 48001st record. Run 1, Event 10091385, LumiSection 2313 at 27-Nov-2012 01:54:45.445 EET
Begin processing the 49001st record. Run 1, Event 24941658, LumiSection 5717 at 27-Nov-2012 01:54:52.749 EET
Begin processing the 50001st record. Run 1, Event 1595030, LumiSection 366 at 27-Nov-2012 01:54:56.989 EET
Begin processing the 51001st record. Run 1, Event 1931286, LumiSection 443 at 27-Nov-2012 01:55:02.054 EET
Begin processing the 52001st record. Run 1, Event 7298184, LumiSection 1673 at 27-Nov-2012 01:55:06.191 EET
Begin processing the 53001st record. Run 1, Event 9153462, LumiSection 2098 at 27-Nov-2012 01:55:14.944 EET
Begin processing the 54001st record. Run 1, Event 10367450, LumiSection 2377 at 27-Nov-2012 01:55:18.795 EET
Begin processing the 55001st record. Run 1, Event 40358835, LumiSection 9251 at 27-Nov-2012 01:55:25.275 EET
Begin processing the 56001st record. Run 1, Event 43479525, LumiSection 9966 at 27-Nov-2012 01:55:31.859 EET
Begin processing the 57001st record. Run 1, Event 62956152, LumiSection 14430 at 27-Nov-2012 01:55:35.813 EET
Begin processing the 58001st record. Run 1, Event 138254131, LumiSection 31688 at 27-Nov-2012 01:55:41.074 EET
Begin processing the 59001st record. Run 1, Event 116705857, LumiSection 26749 at 27-Nov-2012 01:55:45.510 EET
Begin processing the 60001st record. Run 1, Event 118910417, LumiSection 27255 at 27-Nov-2012 01:55:51.581 EET
Begin processing the 61001st record. Run 1, Event 123606474, LumiSection 28331 at 27-Nov-2012 01:55:55.513 EET
Begin processing the 62001st record. Run 1, Event 140191886, LumiSection 32132 at 27-Nov-2012 01:56:02.780 EET
Begin processing the 63001st record. Run 1, Event 238448286, LumiSection 54653 at 27-Nov-2012 01:56:09.191 EET
Begin processing the 64001st record. Run 1, Event 239234401, LumiSection 54833 at 27-Nov-2012 01:56:13.734 EET
Begin processing the 65001st record. Run 1, Event 256980018, LumiSection 58900 at 27-Nov-2012 01:56:18.602 EET
Begin processing the 66001st record. Run 1, Event 276754399, LumiSection 63433 at 27-Nov-2012 01:56:22.381 EET
27-Nov-2012 01:56:23 EET  Closed file file:/hdfs/cms/store/user/mario/QCD_Pt_350_EMEnriched_TuneZ2star_8TeV_pythia6/Summer12-stop-pfele-step1/3d176ac8da5e9dff208d057f4733ca91/tuple_245_9_x19.root
27-Nov-2012 01:56:23 EET  Initiating request to open file file:/hdfs/cms/store/user/mario/QCD_Pt_350_EMEnriched_TuneZ2star_8TeV_pythia6/Summer12-stop-pfele-step1/3d176ac8da5e9dff208d057f4733ca91/tuple_246_10_MpG.root
27-Nov-2012 01:56:23 EET  Successfully opened file file:/hdfs/cms/store/user/mario/QCD_Pt_350_EMEnriched_TuneZ2star_8TeV_pythia6/Summer12-stop-pfele-step1/3d176ac8da5e9dff208d057f4733ca91/tuple_246_10_MpG.root
Begin processing the 67001st record. Run 1, Event 281572697, LumiSection 64537 at 27-Nov-2012 01:56:53.137 EET
Begin processing the 68001st record. Run 1, Event 286346791, LumiSection 65631 at 27-Nov-2012 01:56:58.025 EET
Begin processing the 69001st record. Run 1, Event 294088444, LumiSection 67406 at 27-Nov-2012 01:57:02.546 EET
Begin processing the 70001st record. Run 1, Event 292348862, LumiSection 67007 at 27-Nov-2012 01:57:08.665 EET
Begin processing the 71001st record. Run 1, Event 175745039, LumiSection 40281 at 27-Nov-2012 01:57:13.679 EET
Begin processing the 72001st record. Run 1, Event 162831699, LumiSection 37322 at 27-Nov-2012 01:57:19.551 EET
Begin processing the 73001st record. Run 1, Event 165747119, LumiSection 37990 at 27-Nov-2012 01:57:24.681 EET
Begin processing the 74001st record. Run 1, Event 175565858, LumiSection 40240 at 27-Nov-2012 01:57:30.597 EET
Begin processing the 75001st record. Run 1, Event 215689903, LumiSection 49437 at 27-Nov-2012 01:57:38.202 EET
Begin processing the 76001st record. Run 1, Event 238833844, LumiSection 54741 at 27-Nov-2012 01:57:44.742 EET
Begin processing the 77001st record. Run 1, Event 245683948, LumiSection 56311 at 27-Nov-2012 01:57:51.920 EET
Begin processing the 78001st record. Run 1, Event 256735186, LumiSection 58844 at 27-Nov-2012 01:57:55.869 EET
Begin processing the 79001st record. Run 1, Event 183259696, LumiSection 42004 at 27-Nov-2012 01:58:01.179 EET
Begin processing the 80001st record. Run 1, Event 175926001, LumiSection 40323 at 27-Nov-2012 01:58:06.894 EET
Begin processing the 81001st record. Run 1, Event 220252682, LumiSection 50482 at 27-Nov-2012 01:58:11.004 EET
Begin processing the 82001st record. Run 1, Event 197553167, LumiSection 45280 at 27-Nov-2012 01:58:16.493 EET
Begin processing the 83001st record. Run 1, Event 216114888, LumiSection 49534 at 27-Nov-2012 01:58:20.642 EET
Begin processing the 84001st record. Run 1, Event 238197427, LumiSection 54595 at 27-Nov-2012 01:58:27.968 EET
Begin processing the 85001st record. Run 1, Event 252782130, LumiSection 57938 at 27-Nov-2012 01:58:33.959 EET
Begin processing the 86001st record. Run 1, Event 259855601, LumiSection 59559 at 27-Nov-2012 01:58:37.884 EET
Begin processing the 87001st record. Run 1, Event 184887241, LumiSection 42377 at 27-Nov-2012 01:58:43.428 EET
Begin processing the 88001st record. Run 1, Event 193685316, LumiSection 44393 at 27-Nov-2012 01:58:47.467 EET
Begin processing the 89001st record. Run 1, Event 210155405, LumiSection 48168 at 27-Nov-2012 01:58:53.751 EET
Begin processing the 90001st record. Run 1, Event 201085648, LumiSection 46089 at 27-Nov-2012 01:58:57.385 EET
Begin processing the 91001st record. Run 1, Event 119813274, LumiSection 27462 at 27-Nov-2012 01:59:02.484 EET
Begin processing the 92001st record. Run 1, Event 125063324, LumiSection 28665 at 27-Nov-2012 01:59:08.937 EET
Begin processing the 93001st record. Run 1, Event 158450518, LumiSection 36317 at 27-Nov-2012 01:59:13.434 EET
Begin processing the 94001st record. Run 1, Event 158469076, LumiSection 36322 at 27-Nov-2012 01:59:18.723 EET
Begin processing the 95001st record. Run 1, Event 219363246, LumiSection 50279 at 27-Nov-2012 01:59:22.033 EET
Begin processing the 96001st record. Run 1, Event 226930020, LumiSection 52013 at 27-Nov-2012 01:59:28.500 EET
Begin processing the 97001st record. Run 1, Event 228160932, LumiSection 52295 at 27-Nov-2012 01:59:33.717 EET
27-Nov-2012 01:59:38 EET  Closed file file:/hdfs/cms/store/user/mario/QCD_Pt_350_EMEnriched_TuneZ2star_8TeV_pythia6/Summer12-stop-pfele-step1/3d176ac8da5e9dff208d057f4733ca91/tuple_246_10_MpG.root
27-Nov-2012 01:59:38 EET  Initiating request to open file file:/hdfs/cms/store/user/mario/QCD_Pt_350_EMEnriched_TuneZ2star_8TeV_pythia6/Summer12-stop-pfele-step1/3d176ac8da5e9dff208d057f4733ca91/tuple_247_11_HKF.root
27-Nov-2012 01:59:39 EET  Successfully opened file file:/hdfs/cms/store/user/mario/QCD_Pt_350_EMEnriched_TuneZ2star_8TeV_pythia6/Summer12-stop-pfele-step1/3d176ac8da5e9dff208d057f4733ca91/tuple_247_11_HKF.root
Begin processing the 98001st record. Run 1, Event 240439285, LumiSection 55109 at 27-Nov-2012 02:00:10.040 EET
Begin processing the 99001st record. Run 1, Event 259629340, LumiSection 59508 at 27-Nov-2012 02:00:15.163 EET
Begin processing the 100001st record. Run 1, Event 260042424, LumiSection 59602 at 27-Nov-2012 02:00:20.687 EET
Begin processing the 101001st record. Run 1, Event 273018113, LumiSection 62576 at 27-Nov-2012 02:00:24.456 EET
Begin processing the 102001st record. Run 1, Event 274131546, LumiSection 62831 at 27-Nov-2012 02:00:31.674 EET
Begin processing the 103001st record. Run 1, Event 17391941, LumiSection 3987 at 27-Nov-2012 02:00:39.331 EET
Begin processing the 104001st record. Run 1, Event 82594276, LumiSection 18931 at 27-Nov-2012 02:00:43.547 EET
Begin processing the 105001st record. Run 1, Event 51093879, LumiSection 11711 at 27-Nov-2012 02:00:50.141 EET
Begin processing the 106001st record. Run 1, Event 70088765, LumiSection 16065 at 27-Nov-2012 02:00:54.523 EET
Begin processing the 107001st record. Run 1, Event 119977212, LumiSection 27499 at 27-Nov-2012 02:01:00.603 EET
Begin processing the 108001st record. Run 1, Event 173563980, LumiSection 39781 at 27-Nov-2012 02:01:05.544 EET
Begin processing the 109001st record. Run 1, Event 227291472, LumiSection 52096 at 27-Nov-2012 02:01:14.112 EET
Begin processing the 110001st record. Run 1, Event 189408838, LumiSection 43413 at 27-Nov-2012 02:01:21.171 EET
Begin processing the 111001st record. Run 1, Event 223964497, LumiSection 51333 at 27-Nov-2012 02:01:26.200 EET
Begin processing the 112001st record. Run 1, Event 240953797, LumiSection 55227 at 27-Nov-2012 02:01:30.920 EET
Begin processing the 113001st record. Run 1, Event 246471131, LumiSection 56492 at 27-Nov-2012 02:01:34.638 EET
Begin processing the 114001st record. Run 1, Event 251576973, LumiSection 57662 at 27-Nov-2012 02:01:40.840 EET
Begin processing the 115001st record. Run 1, Event 275312807, LumiSection 63102 at 27-Nov-2012 02:01:44.453 EET
Begin processing the 116001st record. Run 1, Event 279978046, LumiSection 64171 at 27-Nov-2012 02:01:49.814 EET
Begin processing the 117001st record. Run 1, Event 286258234, LumiSection 65611 at 27-Nov-2012 02:01:55.017 EET
Begin processing the 118001st record. Run 1, Event 276653514, LumiSection 63410 at 27-Nov-2012 02:01:58.589 EET
Begin processing the 119001st record. Run 1, Event 273365901, LumiSection 62656 at 27-Nov-2012 02:02:05.313 EET
Begin processing the 120001st record. Run 1, Event 277080488, LumiSection 63507 at 27-Nov-2012 02:02:09.102 EET
Begin processing the 121001st record. Run 1, Event 6104786, LumiSection 1400 at 27-Nov-2012 02:02:14.386 EET
Begin processing the 122001st record. Run 1, Event 24496712, LumiSection 5615 at 27-Nov-2012 02:02:17.997 EET
Begin processing the 123001st record. Run 1, Event 64113643, LumiSection 14695 at 27-Nov-2012 02:02:24.372 EET
Begin processing the 124001st record. Run 1, Event 102775542, LumiSection 23557 at 27-Nov-2012 02:02:29.054 EET
Begin processing the 125001st record. Run 1, Event 144151324, LumiSection 33040 at 27-Nov-2012 02:02:37.571 EET
Begin processing the 126001st record. Run 1, Event 167905043, LumiSection 38484 at 27-Nov-2012 02:02:43.123 EET
Begin processing the 127001st record. Run 1, Event 176928800, LumiSection 40553 at 27-Nov-2012 02:02:47.389 EET
Begin processing the 128001st record. Run 1, Event 183417959, LumiSection 42040 at 27-Nov-2012 02:02:54.284 EET
Begin processing the 129001st record. Run 1, Event 237594818, LumiSection 54457 at 27-Nov-2012 02:02:59.245 EET
27-Nov-2012 02:02:59 EET  Closed file file:/hdfs/cms/store/user/mario/QCD_Pt_350_EMEnriched_TuneZ2star_8TeV_pythia6/Summer12-stop-pfele-step1/3d176ac8da5e9dff208d057f4733ca91/tuple_247_11_HKF.root
27-Nov-2012 02:02:59 EET  Initiating request to open file file:/hdfs/cms/store/user/mario/QCD_Pt_350_EMEnriched_TuneZ2star_8TeV_pythia6/Summer12-stop-pfele-step1/3d176ac8da5e9dff208d057f4733ca91/tuple_256_9_DBz.root
27-Nov-2012 02:03:00 EET  Successfully opened file file:/hdfs/cms/store/user/mario/QCD_Pt_350_EMEnriched_TuneZ2star_8TeV_pythia6/Summer12-stop-pfele-step1/3d176ac8da5e9dff208d057f4733ca91/tuple_256_9_DBz.root
Begin processing the 130001st record. Run 1, Event 42690373, LumiSection 9785 at 27-Nov-2012 02:03:31.939 EET
Begin processing the 131001st record. Run 1, Event 67151793, LumiSection 15392 at 27-Nov-2012 02:03:38.018 EET
27-Nov-2012 02:03:43 EET  Closed file file:/hdfs/cms/store/user/mario/QCD_Pt_350_EMEnriched_TuneZ2star_8TeV_pythia6/Summer12-stop-pfele-step1/3d176ac8da5e9dff208d057f4733ca91/tuple_256_9_DBz.root

=============================================

MessageLogger Summary

 type     category        sev    module        subroutine        count    total
 ---- -------------------- -- ---------------- ----------------  -----    -----
    1 compNuP4             -w TopJetPairProduc                       1        1
    2 fileAction           -s file_close                             6        6
    3 fileAction           -s file_open                             12       12

 type    category    Examples: run/evt        run/evt          run/evt
 ---- -------------------- ---------------- ---------------- ----------------
    1 compNuP4             1/219544992                       
    2 fileAction           PostProcessEvent PostProcessEvent PostEndRun
    3 fileAction           pre-events       pre-events       PostProcessEvent

Severity    # Occurrences   Total Occurrences
--------    -------------   -----------------
Warning                 1                   1
System                 18                  18
>>> END OF printout of 174 lines from stdout+stderr
>>> Parse FrameworkJobReport crab_fjr.xml
Result of parsing the FrameworkJobReport crab_fjr.xml: Popularity start
lumisRange : 1::27367,27462,28467,28656,28665,31745,32232,36280,36284,36303,36308,36310,36317-36318,36320,36322-36323,36344,36363,36366,36376,36409,36413,36427,37243,37322,37714,37862,37880,37894,37911,37990,38007-38008,39930,40238,40240-40241,40270-40271,40281,40297,40304,40320,40323,40327,40373,40676,41302,41884,41901,41906,41981,41983,41990,41999,42004,42006,42017,42377,42440,42866,44376,44393,44511,44528,44551,45280,45291,45301,45363,45390,45414,45435,46087,46089,46093,46145,47189,47414,47421,47794,48143,48168,49437,49441,49466,49494,49530,49534,49570,49772,49872,50279,50482,50502,50521,50601,51367,51402,51404,51441,51443,52013,52015,52060,52063,52261,52295,52811,52814,53757,53791,54595,54604,54606,54741,54745,55302,55940,56001,56311,56393,56399,56487,56802,56836,56934,57938,58706,58801,58811,58844,58921,58957,59318,59543,59559,59821,60984,61690,62119,63646,63653,64242-64243,64310,64320,64537,64585,64677,65467,65472,65479,65520,65631,65692,66257,66315,66343,66654,66809,66880,66905,67007,67406,67640,68053,69219::1;1::1400,2161,3987,4015,4274,4952,5526,5551,5598,5615,6845,7382,7390,8106,9808,9996,11243,11392,11711,14463,14695,14918,15014,15500,15666,16065,16232,16701,18931,19238,19267,19269,19582,23388,23557,23853,23857,26247-26248,27384,27423,27499,27646,31091,31685,33040,33374,33968,34067,35771,37218,38484,38678,38747,39454-39455,39781,39867,40018,40088,40183,40491,40493,40553,40659,41383,41426,42040-42041,42052,42346,43413,43501,45307,45347,45355,45418,45427,45429,46225,49863,51333,52096,52141,52156,52786,53698,53791,54457,54711,55012,55109,55227,55246,55291,55306,56303,56471,56474,56476,56492,56504,57060,57605,57611,57629,57662,58726,58928,58980,59139,59476,59508-59509,59516,59531,59534,59602,60123,60687,60714,61687,62539,62564,62571,62573,62576,62583,62590,62598,62614,62619,62627,62630,62655-62656,62658,62791,62828,62831,62839,62855,62944,62993,63102,63347,63354,63410,63424-63425,63507,63536,63541,64085,64112,64158,64171,64193,64240,64467,64625,64716,64723,64728,65551,65611,69027,72665::2;1::9748-9749,9785,9813,9824,9878,9885,9927,9964,10025,15392,15397,18071,18283,18462,19271::3;1::104,422,510,526,777,1293,2220,2227,4053,4066,4093,4881,4884,4931,4961,4965,5093,5106,5523,5527,5540-5541,5597,5614,5623,6734,6751,7255,7266,7391,7844,8957,10235,10429,10620,15701,16697,16722,17161,17178,18654,18733,19303,19318,20346,21199,21209,22018,22021-22023,22025,22033,22245,22336,22470,22473-22474,22748-22749,30911,32020,32023,32570,32735-32736,32888,32894,33122,33992,33994,34023,34053,34060,34070,34427,34440,34543,34958,35025,35171,35181,35185,35440,35471,35708,35737,37229,37829,38342,38374,38477,38485,38518,38538,38602-38603,38658,38693,38707,38759,38801,39040,39370,39453,39801,39828,39832,40020,40067,40124-40125,40184,40187-40188,40223,40505,43213,43247,43478,45499,45519,50320,51158,51170,51309,51328-51329,51332,51349,51355,51364,52018,52046,52114,52440,54732,55022,55177,57981,58020,58384,59119,59183,59621,59731,60679,61912,62651,63506,64896,64906,68563,68588,69303,70097,71304,71567,71635,71860,72250,72252,72292,72297-72298,72320,72777::4;1::64819,65995,66269,66667,67235,68041,69018,69020,69089,69107-69108,69115-69116,69139,69146,69160,69167,69371::5;1::177,360,366,390,417,443,709,787,1231,1343,1594,1600,1604,1607,1610-1614,1616,1620,1625,1629,1631,1645,1647-1648,1673,1676,1679,1683,1688,1714,1843,1914,1999,2005,2068-2069,2096,2098-2099,2104,2117,2123,2134,2222,2313,2377,2430,2469,3067,3964,4183,5703,5712,5717,5735,5755,5808,9177,9251,9301,9884,9966,12200,13535,14210,14430,16660,17146,17604,19513,19631,19969-19970,20152,20419,24485,25557,26749,26966,27172,27205,27255,27392,28184,28201,28206,28331,28460,28531,28873,31688,32132,32560,33511,36293,40125,40332,40513-40514,40620,41463,42265,42298,42826,42881,42889,42928,42964,43096,43113,43943,43963,49846,51357,51371,53261,54599,54614,54641,54653,54715,54756,54784,54829,54833,56337,56358,56479,56618,58013,58359,58493,58794-58795,58900,58929,60034,60406,60472,61666,62158,62177,62302,62595,62774,63312,63433,64242,64588,65282,67105,67995,68127,69197,69203,70216,70564,70631,70961,71135,72249,72253,72492,72697::6;
lumisParentRange : 
Basename : /store/user/mario/QCD_Pt_350_EMEnriched_TuneZ2star_8TeV_pythia6/Summer12-stop-pfele-step1/3d176ac8da5e9dff208d057f4733ca91/tuple_2
BasenameParent : 
parentFiles : 
inputBlocks : /QCD_Pt_350_EMEnriched_TuneZ2star_8TeV_pythia6/mario-Summer12-stop-pfele-step1-3d176ac8da5e9dff208d057f4733ca91/USER#2ef68d93-4c3b-40b9-98c3-bc862db01b2a
inputFiles : 46_10_MpG.root::1::EDM::Local::1;47_11_HKF.root::1::EDM::Local::2;56_9_DBz.root::1::EDM::Local::3;44_9_MoV.root::1::EDM::Local::4;42_8_2S4.root::1::EDM::Local::5;45_9_x19.root::1::EDM::Local::6;
Popularity stop
Extracted ExitStatus from FrameworkJobReport parsing output: 0
>>> Executable succeded  0
ExeExitCode=0
EXECUTABLE_EXIT_STATUS = 0
>>> current directory /home/cms064/home_crce1_702673379/CREAM702673379/glide_Kb1105/execute/dir_23828/CMSSW_5_3_5
>>>  (SOFTWARE_DIR): /home/cms064/home_crce1_702673379/CREAM702673379/glide_Kb1105/execute/dir_23828/CMSSW_5_3_5
>>> (WORKING_DIR): 
>>> current directory content:
total 164
drwxr-xr-x 3 cms064 cms  4096 Nov 27 01:47 .SCRAM
-rw-r--r-- 1 cms064 cms 30066 Nov 27 01:47 CMSSW.py.pkl
drwxr-xr-x 3 cms064 cms  4096 Nov 27 01:47 bin
drwxr-xr-x 3 cms064 cms  4096 Nov 27 01:47 cfipython
drwxr-xr-x 5 cms064 cms  4096 Nov 27 01:47 config
-rw-r--r-- 1 cms064 cms    17 Nov 27 02:03 cpu_timing.txt
drwxr-xr-x 2 cms064 cms  4096 Nov 27 01:47 doc
-rw-r--r-- 1 cms064 cms 19527 Nov 27 02:03 executable.out
drwxr-xr-x 2 cms064 cms  4096 Nov 27 01:47 include
drwxrwxrwx 3 cms064 cms  4096 Oct 22 16:38 lib
drwxr-xr-x 3 cms064 cms  4096 Nov 27 01:47 logs
drwxr-xr-x 3 cms064 cms  4096 Nov 27 01:47 objs
-rw-r--r-- 1 cms064 cms 18415 Nov 27 02:03 optHistograms.root
-rw-r--r-- 1 cms064 cms   104 Nov 27 01:47 pset.py
-rw-r--r-- 1 cms064 cms 19644 Nov 27 01:48 pset.py.pkl
-rw-r--r-- 1 cms064 cms   289 Nov 27 01:47 pset.pyc
drwxr-xr-x 2 cms064 cms  4096 Nov 27 01:47 python
-rw-r--r-- 1 cms064 cms   420 Nov 27 02:03 report.log
drwxrwxrwx 4 cms064 cms  4096 Nov 27 01:47 src
drwxr-xr-x 3 cms064 cms  4096 Nov 27 01:47 test
drwxr-xr-x 3 cms064 cms  4096 Nov 27 01:47 tmp
>>> current directory /home/cms064/home_crce1_702673379/CREAM702673379/glide_Kb1105/execute/dir_23828/CMSSW_5_3_5
>>> (SOFTWARE_DIR): /home/cms064/home_crce1_702673379/CREAM702673379/glide_Kb1105/execute/dir_23828/CMSSW_5_3_5
>>> (WORKING_DIR): 
>>> current directory content:
total 144
drwxr-xr-x 3 cms064 cms  4096 Nov 27 01:47 .SCRAM
-rw-r--r-- 1 cms064 cms 30066 Nov 27 01:47 CMSSW.py.pkl
drwxr-xr-x 3 cms064 cms  4096 Nov 27 01:47 bin
drwxr-xr-x 3 cms064 cms  4096 Nov 27 01:47 cfipython
drwxr-xr-x 5 cms064 cms  4096 Nov 27 01:47 config
-rw-r--r-- 1 cms064 cms    17 Nov 27 02:03 cpu_timing.txt
drwxr-xr-x 2 cms064 cms  4096 Nov 27 01:47 doc
-rw-r--r-- 1 cms064 cms 19527 Nov 27 02:03 executable.out
drwxr-xr-x 2 cms064 cms  4096 Nov 27 01:47 include
drwxrwxrwx 3 cms064 cms  4096 Oct 22 16:38 lib
drwxr-xr-x 3 cms064 cms  4096 Nov 27 01:47 logs
drwxr-xr-x 3 cms064 cms  4096 Nov 27 01:47 objs
-rw-r--r-- 1 cms064 cms   104 Nov 27 01:47 pset.py
-rw-r--r-- 1 cms064 cms 19644 Nov 27 01:48 pset.py.pkl
-rw-r--r-- 1 cms064 cms   289 Nov 27 01:47 pset.pyc
drwxr-xr-x 2 cms064 cms  4096 Nov 27 01:47 python
-rw-r--r-- 1 cms064 cms   420 Nov 27 02:03 report.log
drwxrwxrwx 4 cms064 cms  4096 Nov 27 01:47 src
drwxr-xr-x 3 cms064 cms  4096 Nov 27 01:47 test
drwxr-xr-x 3 cms064 cms  4096 Nov 27 01:47 tmp
>>> current directory (RUNTIME_AREA):  /home/cms064/home_crce1_702673379/CREAM702673379/glide_Kb1105/execute/dir_23828
>>> current dir: /home/cms064/home_crce1_702673379/CREAM702673379/glide_Kb1105/execute/dir_23828
>>> current dir content:
total 25800
-rw-rw-rw-  1 cms064 cms     5582 Nov 27 01:47 .job.ad
-rw-rw-rw-  1 cms064 cms    11340 Nov 27 01:47 .machine.ad
-rw-rw-rw-  1 cms064 cms      105 Nov 27 01:26 CMSSW.py
-rw-rw-rw-  1 cms064 cms    30066 Nov 27 01:26 CMSSW.py.pkl
-rwxrw-rw-  1 cms064 cms    23333 Nov 27 01:47 CMSSW.sh
-rw-rw-rw-  1 cms064 cms        0 Nov 27 01:47 CMSSW_28.stderr
-rw-rw-rw-  1 cms064 cms    35836 Nov 27 02:04 CMSSW_28.stdout
drwxr-xr-x 15 cms064 cms     4096 Nov 27 02:04 CMSSW_5_3_5
-rw-r--r--  1 cms064 cms      347 Nov 27 01:47 CacheEnv.sh
-rw-rw-rw-  1 cms064 cms     7291 Jun  9  2010 DashboardAPI.py
-rw-r--r--  1 cms064 cms     6883 Nov 27 01:47 DashboardAPI.pyc
drwxrwxrwx  3 cms064 cms     4096 Nov 27 02:03 IMProv
-rw-rw-rw-  1 cms064 cms     2748 Mar  8  2006 Logger.py
-rw-r--r--  1 cms064 cms     3353 Nov 27 01:47 Logger.pyc
-rw-rw-rw-  1 cms064 cms    24524 Mar 28  2008 ProcInfo.py
-rw-r--r--  1 cms064 cms    23470 Nov 27 01:47 ProcInfo.pyc
drwxrwxrwx  7 cms064 cms     4096 Nov 27 01:47 ProdCommon
drwxrwxrwx  3 cms064 cms     4096 Nov 27 01:47 WMCore
-rw-r--r--  1 cms064 cms     2719 Nov 27 02:02 Watchdog_28.log
-rw-rw-rw-  1 cms064 cms    32895 Mar 28  2008 apmon.py
-rw-r--r--  1 cms064 cms    28874 Nov 27 01:47 apmon.pyc
-rw-rw-rw-  1 cms064 cms   101163 Nov 27 01:47 arguments.xml
-rwxrwxrwx  1 cms064 cms    37427 Sep 13 14:14 cmscp.py
-rwxrwxrwx  1 cms064 cms    23333 Nov 27 01:47 condor_exec.exe
-rw-rw-rw-  1 cms064 cms      542 Nov 27 01:25 crab.cfg
-rwxrwxrwx  1 cms064 cms     9531 Sep 20 21:46 crabWatchdog.sh
-rw-r--r--  1 cms064 cms    52680 Nov 27 02:03 crab_fjr_28.xml
-rw-rw-rw-  1 cms064 cms 25796292 Nov 27 01:47 default.tgz
-rwxrwxrwx  1 cms064 cms     4488 May 12  2012 fillCrabFjr.py
-rw-r--r--  1 cms064 cms     1068 Nov 27 01:47 inputsReport.txt
-rw-r--r--  1 cms064 cms      132 Nov 27 02:04 jobreport.txt
lrwxrwxrwx  1 cms064 cms      107 Nov 27 02:04 optHistograms.root -> /home/cms064/home_crce1_702673379/CREAM702673379/glide_Kb1105/execute/dir_23828/optHistograms_28_1_bXz.root
-rw-r--r--  1 cms064 cms    18415 Nov 27 02:03 optHistograms_28_1_bXz.root
-rw-rw-rw-  1 cms064 cms    17352 Jan 20  2012 parseCrabFjr.py
-rw-r--r--  1 cms064 cms      285 Nov 27 01:47 report.log
-rwxrwxrwx  1 cms064 cms     1497 May 27  2009 report.py
-rwxrwxrwx  1 cms064 cms     8387 Mar 23  2011 writeCfg.py
-rw-------  1 cms064 cms     8691 Nov 27 01:47 x509up_u1000009
Checking output files:  
will tar file optHistograms_28_1_bXz.root in  out_files_28
will tar file crab_fjr_28.xml in  out_files_28
will tar file CMSSW_28.stdout in  out_files_28
will tar file CMSSW_28.stderr in  out_files_28
WARNING: output file Watchdog_28.log.gz not found!
>>> padding time: Wrapper lasting more than 600 seconds. No sleep required.
STOPPING WATCHDOG. CrabWatchdog PID is 26134
********** LAST 50 LINES OF WATCHDOG LOG
# RESOURCE USAGE SUMMARY FOR PROCESS ID 24693
USER       PID %CPU %MEM    VSZ   RSS TTY      STAT START   TIME COMMAND
cms064   24693  0.1  0.0   8956  1484 ?        S    01:47   0:00 /bin/sh /home/cms064/home_crce1_702673379/CREAM702673379/glide_Kb1105/execute/dir_23828/condor_exec.exe 28 1
 
# LIMITS USED BY THIS WATCHDOG:
# RSS  (KBytes)  : 2300000
# VSZ  (KBytes)  : 100000000
# DISK (MBytes)  : 19000
# CPU  (seconds) : 171600
# WALL (seconds) : 171600
 
# FOLLOWING PRINTOUT TRACKS MAXIMUM VALUES OF RESOURCES USE
# ONE LINE IS PRINTED EACH TIME A MAXIMUM CHANGES
# IF CHANGE WAS IN RSS OR VSZ ALSO PROCID AND COMMAND ARE PRINTED
# THERE IS NO PRINTOUT FOR CPU/WALL TIME INCREASE
 
# TIME			PID	RSS(KB)	VSZ(KB)	Dsk(MB)	tCPU(s)	tWALL(s)	COMMAND
 Nov 27 01:47:48 EET	958	1324	8896	0	0	986	-bash         
 Nov 27 01:47:48 EET	988	1488	8952	0	0	987	/bin/sh -l ./CREAM702673379_jobWrapper.sh       
 Nov 27 01:47:48 EET	1052	2676	25504	0	0	987	perl -e ?use Socket;??sub send_notify {? $cream_url = "193.40.150.141:49152";die "No
 Nov 27 01:47:48 EET	5849	6048	25504	0	0	975	/home/cms064/home_crce1_702673379/CREAM702673379/glide_Kb1105/main/condor/sbin/condor_master -f -pidfile /home/cms064/home_crce1_702673379/CREAM702673379/glide_Kb1105/condor_master2.pid      
 Nov 27 01:47:48 EET	---	6048	25504	168	----	----	----
 Nov 27 01:48:58 EET	30502	185112	294408	168	9	57	cmsRun -j /home/cms064/home_crce1_702673379/CREAM702673379/glide_Kb1105/execute/dir_23828/crab_fjr_28.xml -p pset.py     
 Nov 27 01:50:03 EET	30502	334804	502376	168	26	122	cmsRun -j /home/cms064/home_crce1_702673379/CREAM702673379/glide_Kb1105/execute/dir_23828/crab_fjr_28.xml -p pset.py     
 Nov 27 01:51:09 EET	30502	367612	567144	168	64	188	cmsRun -j /home/cms064/home_crce1_702673379/CREAM702673379/glide_Kb1105/execute/dir_23828/crab_fjr_28.xml -p pset.py     
 Nov 27 01:52:15 EET	30502	367888	567400	168	110	255	cmsRun -j /home/cms064/home_crce1_702673379/CREAM702673379/glide_Kb1105/execute/dir_23828/crab_fjr_28.xml -p pset.py     
 Nov 27 01:54:27 EET	30502	369508	568680	168	188	386	cmsRun -j /home/cms064/home_crce1_702673379/CREAM702673379/glide_Kb1105/execute/dir_23828/crab_fjr_28.xml -p pset.py     
 Nov 27 01:57:46 EET	30502	369508	569192	168	311	587	cmsRun -j /home/cms064/home_crce1_702673379/CREAM702673379/glide_Kb1105/execute/dir_23828/crab_fjr_28.xml -p pset.py     
 Nov 27 01:58:54 EET	30502	369508	569448	168	361	655	cmsRun -j /home/cms064/home_crce1_702673379/CREAM702673379/glide_Kb1105/execute/dir_23828/crab_fjr_28.xml -p pset.py     
 Nov 27 02:02:23 EET	30502	369512	569704	168	487	867	cmsRun -j /home/cms064/home_crce1_702673379/CREAM702673379/glide_Kb1105/execute/dir_23828/crab_fjr_28.xml -p pset.py     
********** WATCHDOG LOG ENDED
ZIPPING WATCHDOG LOG
Disk space used:
du -sh /home/cms064/home_crce1_702673379/CREAM702673379/glide_Kb1105/execute/dir_23828
169M	/home/cms064/home_crce1_702673379/CREAM702673379/glide_Kb1105/execute/dir_23828
>>> info for dashboard:
***** Cat /home/cms064/home_crce1_702673379/CREAM702673379/glide_Kb1105/execute/dir_23828/jobreport.txt *****
MonitorJobID=28_https://submit-2.t2.ucsd.edu//121127//17528.27
MonitorID=liis_crab_0_121127_012526_r0h5c1
ExeTime=940
ExeExitCode=0
CrabUserCpuTime=505.49
CrabSysCpuTime=14.39
CrabCpuPercentage=55%
CrabWrapperTime=995
CrabStageoutTime=NULL
***** End Cat jobreport *****
Parameters sent to Dashboard.
optHistograms_28_1_bXz.root
crab_fjr_28.xml
CMSSW_28.stdout
CMSSW_28.stderr
Watchdog_28.log.gz
tar: .BrokerInfo: Cannot stat: No such file or directory
tar: Error exit delayed from previous errors
Total Output dimension: 31322
WARNING: output files size limit is set to: 50000000
Total Output dimension 31322 is fine.
JOB_EXIT_STATUS = 0
>>> info for dashboard:
***** Cat /home/cms064/home_crce1_702673379/CREAM702673379/glide_Kb1105/execute/dir_23828/jobreport.txt *****
MonitorJobID=28_https://submit-2.t2.ucsd.edu//121127//17528.27
MonitorID=liis_crab_0_121127_012526_r0h5c1
JobExitCode=0
***** End Cat jobreport *****
Parameters sent to Dashboard.
optHistograms_28_1_bXz.root
crab_fjr_28.xml
