This script was generated by crab (version 2.8.3).
Running /home/cms064/home_crobe_090973732/CREAM090973732/glide_M16388/execute/dir_31005/condor_exec.exe with 2 positional parameters: 83 2
Today is Tue Nov 27 03:26:35 EET 2012
Job submitted on host wn-v-2036.local
Linux wn-v-2036.local 2.6.32-042stab059.7 #1 SMP Tue Jul 24 19:12:01 MSK 2012 x86_64 x86_64 x86_64 GNU/Linux
>>> current directory (RUNTIME_AREA): /home/cms064/home_crobe_090973732/CREAM090973732/glide_M16388/execute/dir_31005
>>> current user: uid=11064(cms064) gid=1400(cms) groups=1400(cms)
>>> voms proxy information:
subject   : /DC=ch/DC=cern/OU=Organic Units/OU=Users/CN=liis/CN=663550/CN=Liis Rebane/CN=proxy/CN=limited proxy
issuer    : /DC=ch/DC=cern/OU=Organic Units/OU=Users/CN=liis/CN=663550/CN=Liis Rebane/CN=proxy
identity  : /DC=ch/DC=cern/OU=Organic Units/OU=Users/CN=liis/CN=663550/CN=Liis Rebane/CN=proxy
type      : limited proxy
strength  : 512 bits
path      : /home/cms064/home_crobe_090973732/CREAM090973732/glide_M16388/execute/dir_31005/x509up_u1000009
timeleft  : 23:58:54
key usage : Digital Signature, Key Encipherment, Data Encipherment
=== VO cms extension information ===
VO        : cms
subject   : /DC=ch/DC=cern/OU=Organic Units/OU=Users/CN=liis/CN=663550/CN=Liis Rebane
issuer    : /DC=ch/DC=cern/OU=computers/CN=lcg-voms.cern.ch
attribute : /cms/Role=NULL/Capability=NULL
timeleft  : 189:59:02
uri       : lcg-voms.cern.ch:15002
>>> tar xzf /home/cms064/home_crobe_090973732/CREAM090973732/glide_M16388/execute/dir_31005/default.tgz :
Successful untar
>>> Include /home/cms064/home_crobe_090973732/CREAM090973732/glide_M16388/execute/dir_31005 in PYTHONPATH:
strip arguments
env var CRAB_UNIQUE_JOB_ID set to: liis_crab_0_121127_012526_r0h5c1_83_2_tiV
out_files_83
>>> list of expected files on output sandbox
output files: optHistograms_83_2_tiV.root crab_fjr_83.xml CMSSW_83.stdout CMSSW_83.stderr Watchdog_83.log.gz
>>> GridFlavour discovery: 
GridFlavour=LCG
>>> SyncSite discovery: 
SyncSite=T2_EE_Estonia
>>> SyncCE discovery: 
getting SyncCE from CE_ID
SyncCE=oberon.hep.kbfi.ee:8443/cream-pbs-long
>>> info for dashboard:
***** Cat /home/cms064/home_crobe_090973732/CREAM090973732/glide_M16388/execute/dir_31005/jobreport.txt *****
MonitorJobID=83_https://submit-2.t2.ucsd.edu//121127//17552.11
SyncGridJobId=https://submit-2.t2.ucsd.edu//121127//17552.11
MonitorID=liis_crab_0_121127_012526_r0h5c1
GridFlavour=LCG
SyncSite=T2_EE_Estonia
SyncCE=oberon.hep.kbfi.ee:8443/cream-pbs-long
***** End Cat jobreport *****
Parameters sent to Dashboard.
>>> setup environment
set SCRAM ARCH to slc5_amd64_gcc462
SCRAM_ARCH = slc5_amd64_gcc462
>>> setup CMS LCG environment:
set SCRAM ARCH and BUILD_ARCH to slc5_amd64_gcc462 ###
Sourcing environment... 
sourcing /cvmfs/cms.cern.ch/cmsset_default.sh
==> setup cms environment ok
>>> specific cmssw setup environment:
CMSSW_VERSION =  CMSSW_5_3_5
>>> current directory (SOFTWARE_DIR): /home/cms064/home_crobe_090973732/CREAM090973732/glide_M16388/execute/dir_31005/CMSSW_5_3_5
PreserveSeeds: <>
IncrementSeeds:<>
{}
WNHostName=wn-v-2036.local
>>> info for dashboard:
***** Cat /home/cms064/home_crobe_090973732/CREAM090973732/glide_M16388/execute/dir_31005/jobreport.txt *****
MonitorJobID=83_https://submit-2.t2.ucsd.edu//121127//17552.11
MonitorID=liis_crab_0_121127_012526_r0h5c1
WNHostName=wn-v-2036.local
***** End Cat jobreport *****
Parameters sent to Dashboard.
crabWatchdog started as process 1840
>>> moving CMSSW software directories in /home/cms064/home_crobe_090973732/CREAM090973732/glide_M16388/execute/dir_31005/CMSSW_5_3_5
mv: cannot stat `/home/cms064/home_crobe_090973732/CREAM090973732/glide_M16388/execute/dir_31005/module/': No such file or directory
>>> Include /home/cms064/home_crobe_090973732/CREAM090973732/glide_M16388/execute/dir_31005 in PYTHONPATH:
PYTHONPATH=/home/cms064/home_crobe_090973732/CREAM090973732/glide_M16388/execute/dir_31005/:/home/cms064/home_crobe_090973732/CREAM090973732/glide_M16388/execute/dir_31005/CMSSW_5_3_5/python:/home/cms064/home_crobe_090973732/CREAM090973732/glide_M16388/execute/dir_31005/CMSSW_5_3_5/lib/slc5_amd64_gcc462:/cvmfs/cms.cern.ch/slc5_amd64_gcc462/cms/cmssw/CMSSW_5_3_5/python:/cvmfs/cms.cern.ch/slc5_amd64_gcc462/cms/cmssw/CMSSW_5_3_5/lib/slc5_amd64_gcc462:/cvmfs/cms.cern.ch/slc5_amd64_gcc462/cms/coral/CORAL_2_3_21-cms27/slc5_amd64_gcc462/python:/cvmfs/cms.cern.ch/slc5_amd64_gcc462/cms/coral/CORAL_2_3_21-cms27/slc5_amd64_gcc462/lib:/cvmfs/cms.cern.ch/slc5_amd64_gcc462/external/pyqt/4.8.1/lib/python2.6/site-packages:/cvmfs/cms.cern.ch/slc5_amd64_gcc462/external/py2-scipy/0.8.0/lib/python2.6/site-packages:/cvmfs/cms.cern.ch/slc5_amd64_gcc462/external/py2-matplotlib/1.0.1/lib/python2.6/site-packages:/cvmfs/cms.cern.ch/slc5_amd64_gcc462/external/python-ldap/2.3.5/lib/python2.6/site-packages:/cvmfs/cms.cern.ch/slc5_amd64_gcc462/external/sip/4.11.2/lib/python2.6/site-packages:/cvmfs/cms.cern.ch/slc5_amd64_gcc462/external/py2-pycurl/7.19.0/lib/python2.6/site-packages:/cvmfs/cms.cern.ch/slc5_amd64_gcc462/external/py2-numpy/1.6.1/lib/python2.6/site-packages:/cvmfs/cms.cern.ch/slc5_amd64_gcc462/external/py2-ipython/0.10/lib/python2.6/site-packages:/cvmfs/cms.cern.ch/slc5_amd64_gcc462/external/py2-cx-oracle/5.1-cms11/lib/python2.6/site-packages:/cvmfs/cms.cern.ch/slc5_amd64_gcc462/external/py2-cjson/1.0.5/lib/python2.6/site-packages:/cvmfs/cms.cern.ch/slc5_amd64_gcc462/cms/das-client/1.4.1-cms8/bin:/cvmfs/cms.cern.ch/slc5_amd64_gcc462/external/elementtree/1.2.6/share/lib/python2.6/site-packages:/cvmfs/cms.cern.ch/slc5_amd64_gcc462/external/rivet/1.5.1-cms10/lib/python2.6/site-packages:/cvmfs/cms.cern.ch/slc5_amd64_gcc462/external/pyminuit2/0.0.1-cms34/lib/python2.6/site-packages:/cvmfs/cms.cern.ch/slc5_amd64_gcc462/external/professor/1.0.0-cms35/lib/python2.6/site-packages:/cvmfs/cms.cern.ch/slc5_amd64_gcc462/lcg/root/5.32.00-cms18/lib:/cvmfs/cms.cern.ch/slc5_amd64_gcc462/cms/dbs-client/DBS_2_1_1_patch1_1/lib:/cvmfs/cms.cern.ch/slc5_amd64_gcc462/cms/dbs-client/DBS_2_1_1_patch1_1/lib/DBSAPI:/home/cms064/home_crobe_090973732/CREAM090973732/glide_M16388/execute/dir_31005/
241a2a19cb7c5c8751ba22759ab3bdb0
PSETHASH = 241a2a19cb7c5c8751ba22759ab3bdb0
/home/cms064/home_crobe_090973732/CREAM090973732/glide_M16388/execute/dir_31005/writeCfg.py pset.py pset.py
Importing .py file
Setting parameters
inputBlocks=/QCD_Pt_350_EMEnriched_TuneZ2star_8TeV_pythia6/mario-Summer12-stop-pfele-step1-3d176ac8da5e9dff208d057f4733ca91/USER#2ef68d93-4c3b-40b9-98c3-bc862db01b2a
inputFiles=/store/user/mario/QCD_Pt_350_EMEnriched_TuneZ2star_8TeV_pythia6/Summer12-stop-pfele-step1/3d176ac8da5e9dff208d057f4733ca91/tuple_69_7_HIm.root;/store/user/mario/QCD_Pt_350_EMEnriched_TuneZ2star_8TeV_pythia6/Summer12-stop-pfele-step1/3d176ac8da5e9dff208d057f4733ca91/tuple_70_3_C2g.root;/store/user/mario/QCD_Pt_350_EMEnriched_TuneZ2star_8TeV_pythia6/Summer12-stop-pfele-step1/3d176ac8da5e9dff208d057f4733ca91/tuple_71_2_slQ.root;/store/user/mario/QCD_Pt_350_EMEnriched_TuneZ2star_8TeV_pythia6/Summer12-stop-pfele-step1/3d176ac8da5e9dff208d057f4733ca91/tuple_72_7_NQL.root;/store/user/mario/QCD_Pt_350_EMEnriched_TuneZ2star_8TeV_pythia6/Summer12-stop-pfele-step1/3d176ac8da5e9dff208d057f4733ca91/tuple_76_7_HK5.root
parentFiles=
lumisRange=
>>> Executable cmsRun
/cvmfs/cms.cern.ch/slc5_amd64_gcc462/cms/cmssw/CMSSW_5_3_5/bin/slc5_amd64_gcc462/cmsRun
ok executable found
>>> info for dashboard:
***** Cat /home/cms064/home_crobe_090973732/CREAM090973732/glide_M16388/execute/dir_31005/jobreport.txt *****
MonitorJobID=83_https://submit-2.t2.ucsd.edu//121127//17552.11
MonitorID=liis_crab_0_121127_012526_r0h5c1
ExeStart=cmsRun
***** End Cat jobreport *****
Parameters sent to Dashboard.
>>> cmsRun started at Tue Nov 27 01:26:53 UTC 2012
>>> cmsRun ended at Tue Nov 27 01:40:17 UTC 2012
>>> info for dashboard:
***** Cat /home/cms064/home_crobe_090973732/CREAM090973732/glide_M16388/execute/dir_31005/jobreport.txt *****
MonitorJobID=83_https://submit-2.t2.ucsd.edu//121127//17552.11
MonitorID=liis_crab_0_121127_012526_r0h5c1
ExeEnd=cmsRun
***** End Cat jobreport *****
Parameters sent to Dashboard.
TIME_EXE = 804 sec
>>> cmsRun wrote 165 lines of stdout+stderr
>>> START OF printout of 165 lines from stdout+stderr
27-Nov-2012 03:27:15 EET  Initiating request to open file file:/hdfs/cms/store/user/mario/QCD_Pt_350_EMEnriched_TuneZ2star_8TeV_pythia6/Summer12-stop-pfele-step1/3d176ac8da5e9dff208d057f4733ca91/tuple_69_7_HIm.root
27-Nov-2012 03:27:22 EET  Successfully opened file file:/hdfs/cms/store/user/mario/QCD_Pt_350_EMEnriched_TuneZ2star_8TeV_pythia6/Summer12-stop-pfele-step1/3d176ac8da5e9dff208d057f4733ca91/tuple_69_7_HIm.root
Begin processing the 1st record. Run 1, Event 72398808, LumiSection 16594 at 27-Nov-2012 03:27:52.871 EET
Begin processing the 1001st record. Run 1, Event 94751509, LumiSection 21718 at 27-Nov-2012 03:28:00.740 EET
Begin processing the 2001st record. Run 1, Event 5632992, LumiSection 1292 at 27-Nov-2012 03:28:06.111 EET
Begin processing the 3001st record. Run 1, Event 41681095, LumiSection 9554 at 27-Nov-2012 03:28:10.105 EET
Begin processing the 4001st record. Run 1, Event 35129288, LumiSection 8052 at 27-Nov-2012 03:28:16.906 EET
Begin processing the 5001st record. Run 1, Event 40911720, LumiSection 9377 at 27-Nov-2012 03:28:21.623 EET
Begin processing the 6001st record. Run 1, Event 20083361, LumiSection 4604 at 27-Nov-2012 03:28:28.091 EET
Begin processing the 7001st record. Run 1, Event 31497331, LumiSection 7220 at 27-Nov-2012 03:28:32.345 EET
Begin processing the 8001st record. Run 1, Event 37647098, LumiSection 8629 at 27-Nov-2012 03:28:39.305 EET
Begin processing the 9001st record. Run 1, Event 45035614, LumiSection 10323 at 27-Nov-2012 03:28:45.811 EET
Begin processing the 10001st record. Run 1, Event 213907763, LumiSection 49028 at 27-Nov-2012 03:28:49.494 EET
Begin processing the 11001st record. Run 1, Event 244485261, LumiSection 56037 at 27-Nov-2012 03:28:55.795 EET
Begin processing the 12001st record. Run 1, Event 293160163, LumiSection 67193 at 27-Nov-2012 03:29:00.215 EET
Begin processing the 13001st record. Run 1, Event 304444265, LumiSection 69779 at 27-Nov-2012 03:29:04.939 EET
27-Nov-2012 03:29:05 EET  Closed file file:/hdfs/cms/store/user/mario/QCD_Pt_350_EMEnriched_TuneZ2star_8TeV_pythia6/Summer12-stop-pfele-step1/3d176ac8da5e9dff208d057f4733ca91/tuple_69_7_HIm.root
27-Nov-2012 03:29:05 EET  Initiating request to open file file:/hdfs/cms/store/user/mario/QCD_Pt_350_EMEnriched_TuneZ2star_8TeV_pythia6/Summer12-stop-pfele-step1/3d176ac8da5e9dff208d057f4733ca91/tuple_70_3_C2g.root
27-Nov-2012 03:29:06 EET  Successfully opened file file:/hdfs/cms/store/user/mario/QCD_Pt_350_EMEnriched_TuneZ2star_8TeV_pythia6/Summer12-stop-pfele-step1/3d176ac8da5e9dff208d057f4733ca91/tuple_70_3_C2g.root
Begin processing the 14001st record. Run 1, Event 73843264, LumiSection 16925 at 27-Nov-2012 03:29:34.961 EET
Begin processing the 15001st record. Run 1, Event 241868364, LumiSection 55437 at 27-Nov-2012 03:29:41.817 EET
Begin processing the 16001st record. Run 1, Event 146122960, LumiSection 33492 at 27-Nov-2012 03:29:45.606 EET
Begin processing the 17001st record. Run 1, Event 241691670, LumiSection 55396 at 27-Nov-2012 03:29:50.756 EET
Begin processing the 18001st record. Run 1, Event 71218486, LumiSection 16324 at 27-Nov-2012 03:29:55.093 EET
Begin processing the 19001st record. Run 1, Event 137031471, LumiSection 31408 at 27-Nov-2012 03:30:01.160 EET
Begin processing the 20001st record. Run 1, Event 315815504, LumiSection 72385 at 27-Nov-2012 03:30:04.587 EET
Begin processing the 21001st record. Run 1, Event 311480789, LumiSection 71392 at 27-Nov-2012 03:30:09.940 EET
Begin processing the 22001st record. Run 1, Event 32966410, LumiSection 7556 at 27-Nov-2012 03:30:13.184 EET
Begin processing the 23001st record. Run 1, Event 42637054, LumiSection 9773 at 27-Nov-2012 03:30:18.956 EET
Begin processing the 24001st record. Run 1, Event 62272960, LumiSection 14273 at 27-Nov-2012 03:30:25.152 EET
Begin processing the 25001st record. Run 1, Event 317011839, LumiSection 72660 at 27-Nov-2012 03:30:29.475 EET
Begin processing the 26001st record. Run 1, Event 3488397, LumiSection 800 at 27-Nov-2012 03:30:35.536 EET
Begin processing the 27001st record. Run 1, Event 8341565, LumiSection 1912 at 27-Nov-2012 03:30:39.090 EET
Begin processing the 28001st record. Run 1, Event 11031113, LumiSection 2529 at 27-Nov-2012 03:30:44.715 EET
Begin processing the 29001st record. Run 1, Event 14692451, LumiSection 3368 at 27-Nov-2012 03:30:48.580 EET
Begin processing the 30001st record. Run 1, Event 305637901, LumiSection 70053 at 27-Nov-2012 03:30:54.308 EET
Begin processing the 31001st record. Run 1, Event 36170147, LumiSection 8291 at 27-Nov-2012 03:31:01.098 EET
Begin processing the 32001st record. Run 1, Event 39706304, LumiSection 9101 at 27-Nov-2012 03:31:04.698 EET
Begin processing the 33001st record. Run 1, Event 63787264, LumiSection 14621 at 27-Nov-2012 03:31:09.819 EET
Begin processing the 34001st record. Run 1, Event 42497622, LumiSection 9741 at 27-Nov-2012 03:31:13.480 EET
Begin processing the 35001st record. Run 1, Event 61361327, LumiSection 14065 at 27-Nov-2012 03:31:19.027 EET
Begin processing the 36001st record. Run 1, Event 65054527, LumiSection 14911 at 27-Nov-2012 03:31:22.887 EET
Begin processing the 37001st record. Run 1, Event 67333914, LumiSection 15433 at 27-Nov-2012 03:31:30.138 EET
Begin processing the 38001st record. Run 1, Event 74635060, LumiSection 17107 at 27-Nov-2012 03:31:33.858 EET
Begin processing the 39001st record. Run 1, Event 122660517, LumiSection 28114 at 27-Nov-2012 03:31:39.571 EET
Begin processing the 40001st record. Run 1, Event 163490698, LumiSection 37473 at 27-Nov-2012 03:31:45.525 EET
Begin processing the 41001st record. Run 1, Event 185712114, LumiSection 42566 at 27-Nov-2012 03:31:48.674 EET
Begin processing the 42001st record. Run 1, Event 4796800, LumiSection 1100 at 27-Nov-2012 03:31:55.455 EET
Begin processing the 43001st record. Run 1, Event 6722361, LumiSection 1541 at 27-Nov-2012 03:31:59.062 EET
Begin processing the 44001st record. Run 1, Event 15775922, LumiSection 3616 at 27-Nov-2012 03:32:04.849 EET
27-Nov-2012 03:32:07 EET  Closed file file:/hdfs/cms/store/user/mario/QCD_Pt_350_EMEnriched_TuneZ2star_8TeV_pythia6/Summer12-stop-pfele-step1/3d176ac8da5e9dff208d057f4733ca91/tuple_70_3_C2g.root
27-Nov-2012 03:32:07 EET  Initiating request to open file file:/hdfs/cms/store/user/mario/QCD_Pt_350_EMEnriched_TuneZ2star_8TeV_pythia6/Summer12-stop-pfele-step1/3d176ac8da5e9dff208d057f4733ca91/tuple_71_2_slQ.root
27-Nov-2012 03:32:07 EET  Successfully opened file file:/hdfs/cms/store/user/mario/QCD_Pt_350_EMEnriched_TuneZ2star_8TeV_pythia6/Summer12-stop-pfele-step1/3d176ac8da5e9dff208d057f4733ca91/tuple_71_2_slQ.root
Begin processing the 45001st record. Run 1, Event 37225924, LumiSection 8533 at 27-Nov-2012 03:32:35.020 EET
Begin processing the 46001st record. Run 1, Event 2762972, LumiSection 634 at 27-Nov-2012 03:32:38.845 EET
Begin processing the 47001st record. Run 1, Event 2781566, LumiSection 638 at 27-Nov-2012 03:32:44.150 EET
Begin processing the 48001st record. Run 1, Event 44583498, LumiSection 10219 at 27-Nov-2012 03:32:47.999 EET
Begin processing the 49001st record. Run 1, Event 14777073, LumiSection 3387 at 27-Nov-2012 03:32:54.690 EET
Begin processing the 50001st record. Run 1, Event 34992777, LumiSection 8021 at 27-Nov-2012 03:32:59.189 EET
Begin processing the 51001st record. Run 1, Event 41242062, LumiSection 9453 at 27-Nov-2012 03:33:04.387 EET
Begin processing the 52001st record. Run 1, Event 57814314, LumiSection 13252 at 27-Nov-2012 03:33:09.765 EET
Begin processing the 53001st record. Run 1, Event 46087273, LumiSection 10564 at 27-Nov-2012 03:33:13.682 EET
Begin processing the 54001st record. Run 1, Event 295569379, LumiSection 67745 at 27-Nov-2012 03:33:18.845 EET
Begin processing the 55001st record. Run 1, Event 15762724, LumiSection 3613 at 27-Nov-2012 03:33:21.988 EET
Begin processing the 56001st record. Run 1, Event 37243050, LumiSection 8537 at 27-Nov-2012 03:33:27.625 EET
Begin processing the 57001st record. Run 1, Event 44622165, LumiSection 10228 at 27-Nov-2012 03:33:31.085 EET
Begin processing the 58001st record. Run 1, Event 73964035, LumiSection 16953 at 27-Nov-2012 03:33:37.316 EET
Begin processing the 59001st record. Run 1, Event 132438760, LumiSection 30355 at 27-Nov-2012 03:33:44.283 EET
Begin processing the 60001st record. Run 1, Event 90406435, LumiSection 20722 at 27-Nov-2012 03:33:48.694 EET
Begin processing the 61001st record. Run 1, Event 146087756, LumiSection 33484 at 27-Nov-2012 03:33:54.685 EET
Begin processing the 62001st record. Run 1, Event 151779181, LumiSection 34788 at 27-Nov-2012 03:33:59.016 EET
Begin processing the 63001st record. Run 1, Event 162919748, LumiSection 37342 at 27-Nov-2012 03:34:04.365 EET
Begin processing the 64001st record. Run 1, Event 163668889, LumiSection 37513 at 27-Nov-2012 03:34:08.219 EET
Begin processing the 65001st record. Run 1, Event 304555796, LumiSection 69805 at 27-Nov-2012 03:34:13.608 EET
Begin processing the 66001st record. Run 1, Event 2507393, LumiSection 575 at 27-Nov-2012 03:34:20.421 EET
Begin processing the 67001st record. Run 1, Event 4614458, LumiSection 1058 at 27-Nov-2012 03:34:24.181 EET
Begin processing the 68001st record. Run 1, Event 7830604, LumiSection 1795 at 27-Nov-2012 03:34:30.654 EET
Begin processing the 69001st record. Run 1, Event 47872198, LumiSection 10973 at 27-Nov-2012 03:34:34.933 EET
Begin processing the 70001st record. Run 1, Event 151649055, LumiSection 34758 at 27-Nov-2012 03:34:40.990 EET
Begin processing the 71001st record. Run 1, Event 152083630, LumiSection 34858 at 27-Nov-2012 03:34:44.580 EET
Begin processing the 72001st record. Run 1, Event 152121276, LumiSection 34867 at 27-Nov-2012 03:34:49.444 EET
Begin processing the 73001st record. Run 1, Event 152503115, LumiSection 34954 at 27-Nov-2012 03:34:53.269 EET
Begin processing the 74001st record. Run 1, Event 75348934, LumiSection 17270 at 27-Nov-2012 03:34:59.068 EET
Begin processing the 75001st record. Run 1, Event 45623790, LumiSection 10457 at 27-Nov-2012 03:35:05.087 EET
27-Nov-2012 03:35:09 EET  Closed file file:/hdfs/cms/store/user/mario/QCD_Pt_350_EMEnriched_TuneZ2star_8TeV_pythia6/Summer12-stop-pfele-step1/3d176ac8da5e9dff208d057f4733ca91/tuple_71_2_slQ.root
27-Nov-2012 03:35:09 EET  Initiating request to open file file:/hdfs/cms/store/user/mario/QCD_Pt_350_EMEnriched_TuneZ2star_8TeV_pythia6/Summer12-stop-pfele-step1/3d176ac8da5e9dff208d057f4733ca91/tuple_72_7_NQL.root
27-Nov-2012 03:35:09 EET  Successfully opened file file:/hdfs/cms/store/user/mario/QCD_Pt_350_EMEnriched_TuneZ2star_8TeV_pythia6/Summer12-stop-pfele-step1/3d176ac8da5e9dff208d057f4733ca91/tuple_72_7_NQL.root
Begin processing the 76001st record. Run 1, Event 54630003, LumiSection 12522 at 27-Nov-2012 03:35:26.579 EET
Begin processing the 77001st record. Run 1, Event 57279802, LumiSection 13129 at 27-Nov-2012 03:35:32.250 EET
Begin processing the 78001st record. Run 1, Event 136818060, LumiSection 31359 at 27-Nov-2012 03:35:37.905 EET
Begin processing the 79001st record. Run 1, Event 146109515, LumiSection 33489 at 27-Nov-2012 03:35:43.512 EET
Begin processing the 80001st record. Run 1, Event 151573052, LumiSection 34741 at 27-Nov-2012 03:35:48.921 EET
Begin processing the 81001st record. Run 1, Event 151885572, LumiSection 34813 at 27-Nov-2012 03:35:52.708 EET
Begin processing the 82001st record. Run 1, Event 55351150, LumiSection 12687 at 27-Nov-2012 03:35:58.240 EET
Begin processing the 83001st record. Run 1, Event 56281476, LumiSection 12900 at 27-Nov-2012 03:36:02.355 EET
Begin processing the 84001st record. Run 1, Event 62705174, LumiSection 14373 at 27-Nov-2012 03:36:07.546 EET
Begin processing the 85001st record. Run 1, Event 72942264, LumiSection 16719 at 27-Nov-2012 03:36:11.136 EET
Begin processing the 86001st record. Run 1, Event 144370206, LumiSection 33090 at 27-Nov-2012 03:36:15.707 EET
Begin processing the 87001st record. Run 1, Event 132324468, LumiSection 30329 at 27-Nov-2012 03:36:20.533 EET
Begin processing the 88001st record. Run 1, Event 146366488, LumiSection 33548 at 27-Nov-2012 03:36:24.202 EET
Begin processing the 89001st record. Run 1, Event 146621551, LumiSection 33606 at 27-Nov-2012 03:36:29.567 EET
Begin processing the 90001st record. Run 1, Event 60092954, LumiSection 13774 at 27-Nov-2012 03:36:33.663 EET
Begin processing the 91001st record. Run 1, Event 91324644, LumiSection 20932 at 27-Nov-2012 03:36:38.766 EET
Begin processing the 92001st record. Run 1, Event 2392730, LumiSection 549 at 27-Nov-2012 03:36:47.004 EET
Begin processing the 93001st record. Run 1, Event 53742524, LumiSection 12318 at 27-Nov-2012 03:36:50.985 EET
Begin processing the 94001st record. Run 1, Event 95366609, LumiSection 21859 at 27-Nov-2012 03:36:56.886 EET
Begin processing the 95001st record. Run 1, Event 306977475, LumiSection 70360 at 27-Nov-2012 03:37:00.808 EET
Begin processing the 96001st record. Run 1, Event 116760555, LumiSection 26762 at 27-Nov-2012 03:37:08.250 EET
Begin processing the 97001st record. Run 1, Event 119868569, LumiSection 27474 at 27-Nov-2012 03:37:12.124 EET
Begin processing the 98001st record. Run 1, Event 141366133, LumiSection 32402 at 27-Nov-2012 03:37:18.394 EET
Begin processing the 99001st record. Run 1, Event 141576712, LumiSection 32450 at 27-Nov-2012 03:37:23.337 EET
Begin processing the 100001st record. Run 1, Event 163453823, LumiSection 37464 at 27-Nov-2012 03:37:26.961 EET
Begin processing the 101001st record. Run 1, Event 166482775, LumiSection 38158 at 27-Nov-2012 03:37:32.666 EET
Begin processing the 102001st record. Run 1, Event 183691728, LumiSection 42103 at 27-Nov-2012 03:37:36.619 EET
Begin processing the 103001st record. Run 1, Event 197641533, LumiSection 45300 at 27-Nov-2012 03:37:42.523 EET
Begin processing the 104001st record. Run 1, Event 215722847, LumiSection 49444 at 27-Nov-2012 03:37:47.069 EET
Begin processing the 105001st record. Run 1, Event 211304122, LumiSection 48431 at 27-Nov-2012 03:37:51.591 EET
Begin processing the 106001st record. Run 1, Event 238103504, LumiSection 54574 at 27-Nov-2012 03:37:55.346 EET
Begin processing the 107001st record. Run 1, Event 271581611, LumiSection 62247 at 27-Nov-2012 03:38:00.631 EET
27-Nov-2012 03:38:01 EET  Closed file file:/hdfs/cms/store/user/mario/QCD_Pt_350_EMEnriched_TuneZ2star_8TeV_pythia6/Summer12-stop-pfele-step1/3d176ac8da5e9dff208d057f4733ca91/tuple_72_7_NQL.root
27-Nov-2012 03:38:01 EET  Initiating request to open file file:/hdfs/cms/store/user/mario/QCD_Pt_350_EMEnriched_TuneZ2star_8TeV_pythia6/Summer12-stop-pfele-step1/3d176ac8da5e9dff208d057f4733ca91/tuple_76_7_HK5.root
27-Nov-2012 03:38:02 EET  Successfully opened file file:/hdfs/cms/store/user/mario/QCD_Pt_350_EMEnriched_TuneZ2star_8TeV_pythia6/Summer12-stop-pfele-step1/3d176ac8da5e9dff208d057f4733ca91/tuple_76_7_HK5.root
Begin processing the 108001st record. Run 1, Event 10866230, LumiSection 2491 at 27-Nov-2012 03:38:19.221 EET
Begin processing the 109001st record. Run 1, Event 10994524, LumiSection 2520 at 27-Nov-2012 03:38:23.008 EET
Begin processing the 110001st record. Run 1, Event 15960707, LumiSection 3659 at 27-Nov-2012 03:38:28.166 EET
Begin processing the 111001st record. Run 1, Event 16063534, LumiSection 3682 at 27-Nov-2012 03:38:33.334 EET
Begin processing the 112001st record. Run 1, Event 26906882, LumiSection 6168 at 27-Nov-2012 03:38:37.016 EET
Begin processing the 113001st record. Run 1, Event 64428723, LumiSection 14768 at 27-Nov-2012 03:38:42.672 EET
Begin processing the 114001st record. Run 1, Event 54439764, LumiSection 12478 at 27-Nov-2012 03:38:46.422 EET
Begin processing the 115001st record. Run 1, Event 66853550, LumiSection 15323 at 27-Nov-2012 03:38:51.609 EET
Begin processing the 116001st record. Run 1, Event 65471576, LumiSection 15007 at 27-Nov-2012 03:38:54.635 EET
Begin processing the 117001st record. Run 1, Event 70040842, LumiSection 16054 at 27-Nov-2012 03:39:01.422 EET
Begin processing the 118001st record. Run 1, Event 72594392, LumiSection 16639 at 27-Nov-2012 03:39:08.022 EET
Begin processing the 119001st record. Run 1, Event 74650912, LumiSection 17110 at 27-Nov-2012 03:39:11.816 EET
Begin processing the 120001st record. Run 1, Event 81378969, LumiSection 18653 at 27-Nov-2012 03:39:16.704 EET
Begin processing the 121001st record. Run 1, Event 200407400, LumiSection 45934 at 27-Nov-2012 03:39:20.581 EET
Begin processing the 122001st record. Run 1, Event 211194046, LumiSection 48406 at 27-Nov-2012 03:39:26.127 EET
Begin processing the 123001st record. Run 1, Event 241987666, LumiSection 55464 at 27-Nov-2012 03:39:30.576 EET
Begin processing the 124001st record. Run 1, Event 299799192, LumiSection 68715 at 27-Nov-2012 03:39:35.966 EET
Begin processing the 125001st record. Run 1, Event 304356059, LumiSection 69759 at 27-Nov-2012 03:39:40.106 EET
Begin processing the 126001st record. Run 1, Event 306777653, LumiSection 70314 at 27-Nov-2012 03:39:46.235 EET
Begin processing the 127001st record. Run 1, Event 309537006, LumiSection 70946 at 27-Nov-2012 03:39:53.101 EET
Begin processing the 128001st record. Run 1, Event 311929435, LumiSection 71495 at 27-Nov-2012 03:39:56.752 EET
Begin processing the 129001st record. Run 1, Event 316402399, LumiSection 72520 at 27-Nov-2012 03:40:03.445 EET
Begin processing the 130001st record. Run 1, Event 316081026, LumiSection 72446 at 27-Nov-2012 03:40:07.168 EET
Begin processing the 131001st record. Run 1, Event 317788949, LumiSection 72838 at 27-Nov-2012 03:40:12.398 EET
27-Nov-2012 03:40:15 EET  Closed file file:/hdfs/cms/store/user/mario/QCD_Pt_350_EMEnriched_TuneZ2star_8TeV_pythia6/Summer12-stop-pfele-step1/3d176ac8da5e9dff208d057f4733ca91/tuple_76_7_HK5.root

=============================================

MessageLogger Summary

 type     category        sev    module        subroutine        count    total
 ---- -------------------- -- ---------------- ----------------  -----    -----
    1 fileAction           -s file_close                             5        5
    2 fileAction           -s file_open                             10       10

 type    category    Examples: run/evt        run/evt          run/evt
 ---- -------------------- ---------------- ---------------- ----------------
    1 fileAction           PostProcessEvent PostProcessEvent PostEndRun
    2 fileAction           pre-events       pre-events       PostProcessEvent

Severity    # Occurrences   Total Occurrences
--------    -------------   -----------------
System                 15                  15
>>> END OF printout of 165 lines from stdout+stderr
>>> Parse FrameworkJobReport crab_fjr.xml
Result of parsing the FrameworkJobReport crab_fjr.xml: Popularity start
lumisRange : 1::260,533-534,543,547,571-572,575-576,585,591,617,634,638,679,1023,1033,1051,1058,1542,1545,1554,1567,1795,1816,1951,2651,2728,3362,3378,3387,3589,3599,3613,3624,3633,4158,4193,5517,6050,7537,7633,7858,7862,8021,8531,8533,8537,8539,8542,8605,8661,8702,8764,8798,8956,9008,9135,9181,9359,9369,9453,9456,9598,9768,9772,9782,9788,9795,10219-10220,10228,10325,10348,10352,10372,10457,10531,10564,10595,10973,11827,11864,11874,11892,11899,12361,12469,12518,12522,12752,12820,12822,13252,13303,14173,15529,15745,16682,16953,17115,17184,17218,17269-17270,17564,17698,19027,19086,19860,20487,20722,22618,24947,25637,26227,30355,33468,33484,33497,33503-33504,33525,33564,33619,33665,33714,33722,33740,33966,34731,34758,34782,34788-34789,34799,34804,34858,34862,34867,34876,34888,34911,34935,34954,37197,37259,37340,37342,37346,37351,37360,37365,37393,37435,37470,37513,38422,51796,67745,67858,68336,68409,68451,68793,69805,70704,71507::1;1::223,424,684,895,1276,1292,1351,1360,1411,2006,2216,3651,4253,4604,4613,6148,6165,7212,7219-7220,7632,8052,8063,8218,8592,8629-8630,8634,8642,8674,8737,9292,9377,9554,9673,9698,10323,10496,11889,12508,13338,16594,16846,19275,19485,20359,21136,21718,27699,29706,48801,48811,48878,49028,49099,52501,55382,55443,55493,56037,56106,56161,66877,67193,68538,69600,69779,69799,70083,70136,70271::2;1::33,72,353,800,939,1082,1084,1100,1124,1176,1186,1199,1514,1541,1555,1562,1565,1912,2300,2528-2529,2656,2702,3351,3368,3616,3618,3626,3643,3683,3690,3956,3960,3976,3979,3986,3989-3990,3998,4002,4016,4019,4158,6149,7556,7812,8291,8331,8339,8575,8620,8797,9101,9458,9473,9477,9491,9497,9504,9530,9570,9711,9720,9741,9757,9761,9773,9830,9921,9957,13081,13100,13470,13502,14065,14070,14180,14273,14508,14566,14612,14619,14621,14718,14720,14802,14841,14911,15037-15038,15420,15431,15433,15438,15615,15693,16324,16357,16603,16614,16646-16647,16656,16663,16871,16925,17077-17078,17080,17091,17107,17114,17119,17123,17480,17502,18672,19142,27604,27866,28114,28384,28509,28516,28548,28554,30265,30271,31408,33492,34570,34593,37445,37473,37617,38126,39341,40002,42558,42566,45997,48813,49119,55396-55397,55399,55419,55437,55449,55454,58059,68109,68656,69423,69567,69799,69863,70053,70546,70844,70872,70951,71092,71172,71392,72385,72405,72523,72629,72660::3;1::549,565,603,630,676,8055,10463,10616,12318,12486,12505,12522,12533,12544,12548,12550,12553,12653,12687,12692,12716,12718,12837,12843,12874,12900,13106,13112,13129,13259,13546,13774,13782,14041,14334,14370,14373,14376-14377,15309,15530,16352,16703,16719,16821,16935,16949,17208,17969,18112,18315,18442,19569,20932,20977,21859,25196,25991,26471,26712,26762,26899,27178-27179,27182,27192,27256,27474,27500,28088,30192,30201,30329,30376,30833,30910,31359,31618-31620,32402,32413,32419,32421,32423,32450,33065,33090,33475,33481,33488-33489,33507,33521,33523,33528,33536,33542-33544,33548-33549,33551,33590,33606-33607,33617,33629,33638,33666,34737,34741,34754,34768,34813,34818,37444,37464,37744,37776,37786,37879,38124,38130,38158,38325,39695,42102-42103,42924,42989,43019,43156,43226,45300,45369,45371,45430,48399,48431,48448,49093,49439,49444,49509,49533,50313,54572,54574,54605,54656,54679,54698,54721,54759,54763,62129,62247,67249,67922,68045,68275,68387,68862,70320,70360,72291::4;1::2351,2386,2491,2503,2511,2514,2520,2523,2632,2818,3385,3659,3663,3669,3682,3691,4010,4205,4431,6168,8002,8628,9779,9889,9944,10026,12478,12821,14380,14611,14614,14616,14696,14721,14768,14803,14842,14912,14956,15007,15323,15418,15429,15612,16041,16054,16060,16135,16223,16582,16588,16611,16637,16639,17059,17074,17098,17103,17105,17110-17112,17116,17145,17591,18365,18653,42560,42583,43408,45811,45934,48208,48219,48230,48406,48409,48416,48425,48894,50817,51874,51901,55464,66821,67377,68606,68715,68832,69044,69518,69520,69759,69773,70046,70262,70312,70314,70614,70939,70942,70946-70947,70957,70965,70986,71091,71213-71214,71376,71395,71495,71547,71579,71685,71750,71774,71998,72082,72084,72169,72278,72368,72446-72447,72515,72520,72529,72562,72792-72793,72838::5;
lumisParentRange : 
Basename : /store/user/mario/QCD_Pt_350_EMEnriched_TuneZ2star_8TeV_pythia6/Summer12-stop-pfele-step1/3d176ac8da5e9dff208d057f4733ca91/tuple_
BasenameParent : 
parentFiles : 
inputBlocks : /QCD_Pt_350_EMEnriched_TuneZ2star_8TeV_pythia6/mario-Summer12-stop-pfele-step1-3d176ac8da5e9dff208d057f4733ca91/USER#2ef68d93-4c3b-40b9-98c3-bc862db01b2a
inputFiles : 71_2_slQ.root::1::EDM::Local::1;69_7_HIm.root::1::EDM::Local::2;70_3_C2g.root::1::EDM::Local::3;72_7_NQL.root::1::EDM::Local::4;76_7_HK5.root::1::EDM::Local::5;
Popularity stop
Extracted ExitStatus from FrameworkJobReport parsing output: 0
>>> Executable succeded  0
ExeExitCode=0
EXECUTABLE_EXIT_STATUS = 0
>>> current directory /home/cms064/home_crobe_090973732/CREAM090973732/glide_M16388/execute/dir_31005/CMSSW_5_3_5
>>>  (SOFTWARE_DIR): /home/cms064/home_crobe_090973732/CREAM090973732/glide_M16388/execute/dir_31005/CMSSW_5_3_5
>>> (WORKING_DIR): 
>>> current directory content:
total 164
drwxr-xr-x 3 cms064 cms  4096 Nov 27 03:26 .SCRAM
-rw-r--r-- 1 cms064 cms 30066 Nov 27 03:26 CMSSW.py.pkl
drwxr-xr-x 3 cms064 cms  4096 Nov 27 03:26 bin
drwxr-xr-x 3 cms064 cms  4096 Nov 27 03:26 cfipython
drwxr-xr-x 5 cms064 cms  4096 Nov 27 03:26 config
-rw-r--r-- 1 cms064 cms    17 Nov 27 03:40 cpu_timing.txt
drwxr-xr-x 2 cms064 cms  4096 Nov 27 03:26 doc
-rw-r--r-- 1 cms064 cms 18465 Nov 27 03:40 executable.out
drwxr-xr-x 2 cms064 cms  4096 Nov 27 03:26 include
drwxrwxrwx 3 cms064 cms  4096 Oct 22 16:38 lib
drwxr-xr-x 3 cms064 cms  4096 Nov 27 03:26 logs
drwxr-xr-x 3 cms064 cms  4096 Nov 27 03:26 objs
-rw-r--r-- 1 cms064 cms 18082 Nov 27 03:40 optHistograms.root
-rw-r--r-- 1 cms064 cms   104 Nov 27 03:26 pset.py
-rw-r--r-- 1 cms064 cms 19484 Nov 27 03:26 pset.py.pkl
-rw-r--r-- 1 cms064 cms   289 Nov 27 03:26 pset.pyc
drwxr-xr-x 2 cms064 cms  4096 Nov 27 03:26 python
-rw-r--r-- 1 cms064 cms   420 Nov 27 03:40 report.log
drwxrwxrwx 4 cms064 cms  4096 Nov 27 03:26 src
drwxr-xr-x 3 cms064 cms  4096 Nov 27 03:26 test
drwxr-xr-x 3 cms064 cms  4096 Nov 27 03:26 tmp
>>> current directory /home/cms064/home_crobe_090973732/CREAM090973732/glide_M16388/execute/dir_31005/CMSSW_5_3_5
>>> (SOFTWARE_DIR): /home/cms064/home_crobe_090973732/CREAM090973732/glide_M16388/execute/dir_31005/CMSSW_5_3_5
>>> (WORKING_DIR): 
>>> current directory content:
total 144
drwxr-xr-x 3 cms064 cms  4096 Nov 27 03:26 .SCRAM
-rw-r--r-- 1 cms064 cms 30066 Nov 27 03:26 CMSSW.py.pkl
drwxr-xr-x 3 cms064 cms  4096 Nov 27 03:26 bin
drwxr-xr-x 3 cms064 cms  4096 Nov 27 03:26 cfipython
drwxr-xr-x 5 cms064 cms  4096 Nov 27 03:26 config
-rw-r--r-- 1 cms064 cms    17 Nov 27 03:40 cpu_timing.txt
drwxr-xr-x 2 cms064 cms  4096 Nov 27 03:26 doc
-rw-r--r-- 1 cms064 cms 18465 Nov 27 03:40 executable.out
drwxr-xr-x 2 cms064 cms  4096 Nov 27 03:26 include
drwxrwxrwx 3 cms064 cms  4096 Oct 22 16:38 lib
drwxr-xr-x 3 cms064 cms  4096 Nov 27 03:26 logs
drwxr-xr-x 3 cms064 cms  4096 Nov 27 03:26 objs
-rw-r--r-- 1 cms064 cms   104 Nov 27 03:26 pset.py
-rw-r--r-- 1 cms064 cms 19484 Nov 27 03:26 pset.py.pkl
-rw-r--r-- 1 cms064 cms   289 Nov 27 03:26 pset.pyc
drwxr-xr-x 2 cms064 cms  4096 Nov 27 03:26 python
-rw-r--r-- 1 cms064 cms   420 Nov 27 03:40 report.log
drwxrwxrwx 4 cms064 cms  4096 Nov 27 03:26 src
drwxr-xr-x 3 cms064 cms  4096 Nov 27 03:26 test
drwxr-xr-x 3 cms064 cms  4096 Nov 27 03:26 tmp
>>> current directory (RUNTIME_AREA):  /home/cms064/home_crobe_090973732/CREAM090973732/glide_M16388/execute/dir_31005
>>> current dir: /home/cms064/home_crobe_090973732/CREAM090973732/glide_M16388/execute/dir_31005
>>> current dir content:
total 25800
-rw-rw-rw-  1 cms064 cms     5603 Nov 27 03:26 .job.ad
-rw-rw-rw-  1 cms064 cms    11423 Nov 27 03:26 .machine.ad
-rw-rw-rw-  1 cms064 cms      105 Nov 27 01:26 CMSSW.py
-rw-rw-rw-  1 cms064 cms    30066 Nov 27 01:26 CMSSW.py.pkl
-rwxrw-rw-  1 cms064 cms    23333 Nov 27 03:26 CMSSW.sh
drwxr-xr-x 15 cms064 cms     4096 Nov 27 03:40 CMSSW_5_3_5
-rw-rw-rw-  1 cms064 cms        0 Nov 27 03:26 CMSSW_83.stderr
-rw-rw-rw-  1 cms064 cms    34500 Nov 27 03:40 CMSSW_83.stdout
-rw-r--r--  1 cms064 cms      347 Nov 27 03:26 CacheEnv.sh
-rw-rw-rw-  1 cms064 cms     7291 Jun  9  2010 DashboardAPI.py
-rw-r--r--  1 cms064 cms     6883 Nov 27 03:26 DashboardAPI.pyc
drwxrwxrwx  3 cms064 cms     4096 Nov 27 03:40 IMProv
-rw-rw-rw-  1 cms064 cms     2748 Mar  8  2006 Logger.py
-rw-r--r--  1 cms064 cms     3353 Nov 27 03:26 Logger.pyc
-rw-rw-rw-  1 cms064 cms    24524 Mar 28  2008 ProcInfo.py
-rw-r--r--  1 cms064 cms    23470 Nov 27 03:26 ProcInfo.pyc
drwxrwxrwx  7 cms064 cms     4096 Nov 27 03:26 ProdCommon
drwxrwxrwx  3 cms064 cms     4096 Nov 27 03:26 WMCore
-rw-r--r--  1 cms064 cms     2158 Nov 27 03:40 Watchdog_83.log
-rw-rw-rw-  1 cms064 cms    32895 Mar 28  2008 apmon.py
-rw-r--r--  1 cms064 cms    28874 Nov 27 03:26 apmon.pyc
-rw-rw-rw-  1 cms064 cms   101163 Nov 27 03:26 arguments.xml
-rwxrwxrwx  1 cms064 cms    37427 Sep 13 14:14 cmscp.py
-rwxrwxrwx  1 cms064 cms    23333 Nov 27 03:26 condor_exec.exe
-rw-rw-rw-  1 cms064 cms      542 Nov 27 01:25 crab.cfg
-rwxrwxrwx  1 cms064 cms     9531 Sep 20 21:46 crabWatchdog.sh
-rw-r--r--  1 cms064 cms    49273 Nov 27 03:40 crab_fjr_83.xml
-rw-rw-rw-  1 cms064 cms 25796292 Nov 27 03:26 default.tgz
-rwxrwxrwx  1 cms064 cms     4488 May 12  2012 fillCrabFjr.py
-rw-r--r--  1 cms064 cms      917 Nov 27 03:26 inputsReport.txt
-rw-r--r--  1 cms064 cms      132 Nov 27 03:40 jobreport.txt
lrwxrwxrwx  1 cms064 cms      107 Nov 27 03:40 optHistograms.root -> /home/cms064/home_crobe_090973732/CREAM090973732/glide_M16388/execute/dir_31005/optHistograms_83_2_tiV.root
-rw-r--r--  1 cms064 cms    18082 Nov 27 03:40 optHistograms_83_2_tiV.root
-rw-rw-rw-  1 cms064 cms    17352 Jan 20  2012 parseCrabFjr.py
-rw-r--r--  1 cms064 cms      285 Nov 27 03:26 report.log
-rwxrwxrwx  1 cms064 cms     1497 May 27  2009 report.py
-rwxrwxrwx  1 cms064 cms     8387 Mar 23  2011 writeCfg.py
-rw-------  1 cms064 cms     8691 Nov 27 03:26 x509up_u1000009
Checking output files:  
will tar file optHistograms_83_2_tiV.root in  out_files_83
will tar file crab_fjr_83.xml in  out_files_83
will tar file CMSSW_83.stdout in  out_files_83
will tar file CMSSW_83.stderr in  out_files_83
WARNING: output file Watchdog_83.log.gz not found!
>>> padding time: Wrapper lasting more than 600 seconds. No sleep required.
STOPPING WATCHDOG. CrabWatchdog PID is 1840
********** LAST 50 LINES OF WATCHDOG LOG
# RESOURCE USAGE SUMMARY FOR PROCESS ID 32476
USER       PID %CPU %MEM    VSZ   RSS TTY      STAT START   TIME COMMAND
cms064   32476  0.2  0.0   8956  1488 ?        S    03:26   0:00 /bin/sh /home/cms064/home_crobe_090973732/CREAM090973732/glide_M16388/execute/dir_31005/condor_exec.exe 83 2
 
# LIMITS USED BY THIS WATCHDOG:
# RSS  (KBytes)  : 2300000
# VSZ  (KBytes)  : 100000000
# DISK (MBytes)  : 19000
# CPU  (seconds) : 171600
# WALL (seconds) : 171600
 
# FOLLOWING PRINTOUT TRACKS MAXIMUM VALUES OF RESOURCES USE
# ONE LINE IS PRINTED EACH TIME A MAXIMUM CHANGES
# IF CHANGE WAS IN RSS OR VSZ ALSO PROCID AND COMMAND ARE PRINTED
# THERE IS NO PRINTOUT FOR CPU/WALL TIME INCREASE
 
# TIME			PID	RSS(KB)	VSZ(KB)	Dsk(MB)	tCPU(s)	tWALL(s)	COMMAND
 Nov 27 03:26:41 EET	1484	3864	5936	0	10	4580	condor_procd -A /home/cms064/home_crobe_090973732/CREAM090973732/glide_M16388/log/procd_address.STARTD -L /home/cms064/home_crobe_090973732/CREAM090973732/glide_M16388/log/ProcLog.STARTD -R 10000000 -S 60 -C
 Nov 27 03:26:41 EET	1840	3864	8840	0	0	1	/bin/bash /home/cms064/home_crobe_090973732/CREAM090973732/glide_M16388/execute/dir_31005/crabWatchdog.sh        
 Nov 27 03:26:41 EET	1954	21736	84724	0	0	1	edmConfigHash pset.py        
 Nov 27 03:26:41 EET	---	21736	84724	168	----	----	----
 Nov 27 03:27:47 EET	6305	284176	443376	168	12	56	cmsRun -j /home/cms064/home_crobe_090973732/CREAM090973732/glide_M16388/execute/dir_31005/crab_fjr_83.xml -p pset.py     
 Nov 27 03:28:55 EET	6305	363264	565608	168	56	124	cmsRun -j /home/cms064/home_crobe_090973732/CREAM090973732/glide_M16388/execute/dir_31005/crab_fjr_83.xml -p pset.py     
 Nov 27 03:30:02 EET	6305	368464	568680	168	88	190	cmsRun -j /home/cms064/home_crobe_090973732/CREAM090973732/glide_M16388/execute/dir_31005/crab_fjr_83.xml -p pset.py     
 Nov 27 03:31:06 EET	6305	368664	568680	168	136	255	cmsRun -j /home/cms064/home_crobe_090973732/CREAM090973732/glide_M16388/execute/dir_31005/crab_fjr_83.xml -p pset.py     
 Nov 27 03:40:01 EET	6305	368900	568680	168	496	790	cmsRun -j /home/cms064/home_crobe_090973732/CREAM090973732/glide_M16388/execute/dir_31005/crab_fjr_83.xml -p pset.py     
********** WATCHDOG LOG ENDED
ZIPPING WATCHDOG LOG
Disk space used:
du -sh /home/cms064/home_crobe_090973732/CREAM090973732/glide_M16388/execute/dir_31005
169M	/home/cms064/home_crobe_090973732/CREAM090973732/glide_M16388/execute/dir_31005
>>> info for dashboard:
***** Cat /home/cms064/home_crobe_090973732/CREAM090973732/glide_M16388/execute/dir_31005/jobreport.txt *****
MonitorJobID=83_https://submit-2.t2.ucsd.edu//121127//17552.11
MonitorID=liis_crab_0_121127_012526_r0h5c1
ExeTime=804
ExeExitCode=0
CrabUserCpuTime=494.18
CrabSysCpuTime=14.14
CrabCpuPercentage=63%
CrabWrapperTime=837
CrabStageoutTime=NULL
***** End Cat jobreport *****
Parameters sent to Dashboard.
optHistograms_83_2_tiV.root
crab_fjr_83.xml
CMSSW_83.stdout
CMSSW_83.stderr
Watchdog_83.log.gz
tar: .BrokerInfo: Cannot stat: No such file or directory
tar: Error exit delayed from previous errors
Total Output dimension: 30008
WARNING: output files size limit is set to: 50000000
Total Output dimension 30008 is fine.
JOB_EXIT_STATUS = 0
>>> info for dashboard:
***** Cat /home/cms064/home_crobe_090973732/CREAM090973732/glide_M16388/execute/dir_31005/jobreport.txt *****
MonitorJobID=83_https://submit-2.t2.ucsd.edu//121127//17552.11
MonitorID=liis_crab_0_121127_012526_r0h5c1
JobExitCode=0
***** End Cat jobreport *****
Parameters sent to Dashboard.
optHistograms_83_2_tiV.root
crab_fjr_83.xml
