This script was generated by crab (version 2.8.3).
Running /home/cms097/home_crce1_392723031/CREAM392723031/glide_Bs9970/execute/dir_28661/condor_exec.exe with 2 positional parameters: 8 2
Today is Tue Nov 27 03:25:28 EET 2012
Job submitted on host wn-v-5204.local
Linux wn-v-5204.local 2.6.32-042stab059.7 #1 SMP Tue Jul 24 19:12:01 MSK 2012 x86_64 x86_64 x86_64 GNU/Linux
>>> current directory (RUNTIME_AREA): /home/cms097/home_crce1_392723031/CREAM392723031/glide_Bs9970/execute/dir_28661
>>> current user: uid=11097(cms097) gid=1400(cms) groups=1400(cms)
>>> voms proxy information:
subject   : /DC=ch/DC=cern/OU=Organic Units/OU=Users/CN=liis/CN=663550/CN=Liis Rebane/CN=proxy/CN=limited proxy
issuer    : /DC=ch/DC=cern/OU=Organic Units/OU=Users/CN=liis/CN=663550/CN=Liis Rebane/CN=proxy
identity  : /DC=ch/DC=cern/OU=Organic Units/OU=Users/CN=liis/CN=663550/CN=Liis Rebane/CN=proxy
type      : limited proxy
strength  : 512 bits
path      : /home/cms097/home_crce1_392723031/CREAM392723031/glide_Bs9970/execute/dir_28661/x509up_u1000009
timeleft  : 23:58:48
key usage : Digital Signature, Key Encipherment, Data Encipherment
=== VO cms extension information ===
VO        : cms
subject   : /DC=ch/DC=cern/OU=Organic Units/OU=Users/CN=liis/CN=663550/CN=Liis Rebane
issuer    : /DC=ch/DC=cern/OU=computers/CN=lcg-voms.cern.ch
attribute : /cms/Role=NULL/Capability=NULL
timeleft  : 190:00:09
uri       : lcg-voms.cern.ch:15002
>>> tar xzf /home/cms097/home_crce1_392723031/CREAM392723031/glide_Bs9970/execute/dir_28661/default.tgz :
Successful untar
>>> Include /home/cms097/home_crce1_392723031/CREAM392723031/glide_Bs9970/execute/dir_28661 in PYTHONPATH:
strip arguments
env var CRAB_UNIQUE_JOB_ID set to: liis_crab_0_121127_012526_r0h5c1_8_2_h3z
out_files_8
>>> list of expected files on output sandbox
output files: optHistograms_8_2_h3z.root crab_fjr_8.xml CMSSW_8.stdout CMSSW_8.stderr Watchdog_8.log.gz
>>> GridFlavour discovery: 
GridFlavour=LCG
>>> SyncSite discovery: 
SyncSite=T2_EE_Estonia
>>> SyncCE discovery: 
getting SyncCE from CE_ID
SyncCE=cream1.hep.kbfi.ee:8443/cream-pbs-long
>>> info for dashboard:
***** Cat /home/cms097/home_crce1_392723031/CREAM392723031/glide_Bs9970/execute/dir_28661/jobreport.txt *****
MonitorJobID=8_https://submit-2.t2.ucsd.edu//121127//17552.1
SyncGridJobId=https://submit-2.t2.ucsd.edu//121127//17552.1
MonitorID=liis_crab_0_121127_012526_r0h5c1
GridFlavour=LCG
SyncSite=T2_EE_Estonia
SyncCE=cream1.hep.kbfi.ee:8443/cream-pbs-long
***** End Cat jobreport *****
Parameters sent to Dashboard.
>>> setup environment
set SCRAM ARCH to slc5_amd64_gcc462
SCRAM_ARCH = slc5_amd64_gcc462
>>> setup CMS LCG environment:
set SCRAM ARCH and BUILD_ARCH to slc5_amd64_gcc462 ###
Sourcing environment... 
sourcing /cvmfs/cms.cern.ch/cmsset_default.sh
==> setup cms environment ok
>>> specific cmssw setup environment:
CMSSW_VERSION =  CMSSW_5_3_5
>>> current directory (SOFTWARE_DIR): /home/cms097/home_crce1_392723031/CREAM392723031/glide_Bs9970/execute/dir_28661/CMSSW_5_3_5
PreserveSeeds: <>
IncrementSeeds:<>
{}
WNHostName=wn-v-5204.local
>>> info for dashboard:
***** Cat /home/cms097/home_crce1_392723031/CREAM392723031/glide_Bs9970/execute/dir_28661/jobreport.txt *****
MonitorJobID=8_https://submit-2.t2.ucsd.edu//121127//17552.1
MonitorID=liis_crab_0_121127_012526_r0h5c1
WNHostName=wn-v-5204.local
***** End Cat jobreport *****
Parameters sent to Dashboard.
crabWatchdog started as process 29754
>>> moving CMSSW software directories in /home/cms097/home_crce1_392723031/CREAM392723031/glide_Bs9970/execute/dir_28661/CMSSW_5_3_5
mv: cannot stat `/home/cms097/home_crce1_392723031/CREAM392723031/glide_Bs9970/execute/dir_28661/module/': No such file or directory
>>> Include /home/cms097/home_crce1_392723031/CREAM392723031/glide_Bs9970/execute/dir_28661 in PYTHONPATH:
PYTHONPATH=/home/cms097/home_crce1_392723031/CREAM392723031/glide_Bs9970/execute/dir_28661/:/home/cms097/home_crce1_392723031/CREAM392723031/glide_Bs9970/execute/dir_28661/CMSSW_5_3_5/python:/home/cms097/home_crce1_392723031/CREAM392723031/glide_Bs9970/execute/dir_28661/CMSSW_5_3_5/lib/slc5_amd64_gcc462:/cvmfs/cms.cern.ch/slc5_amd64_gcc462/cms/cmssw/CMSSW_5_3_5/python:/cvmfs/cms.cern.ch/slc5_amd64_gcc462/cms/cmssw/CMSSW_5_3_5/lib/slc5_amd64_gcc462:/cvmfs/cms.cern.ch/slc5_amd64_gcc462/cms/coral/CORAL_2_3_21-cms27/slc5_amd64_gcc462/python:/cvmfs/cms.cern.ch/slc5_amd64_gcc462/cms/coral/CORAL_2_3_21-cms27/slc5_amd64_gcc462/lib:/cvmfs/cms.cern.ch/slc5_amd64_gcc462/external/pyqt/4.8.1/lib/python2.6/site-packages:/cvmfs/cms.cern.ch/slc5_amd64_gcc462/external/py2-scipy/0.8.0/lib/python2.6/site-packages:/cvmfs/cms.cern.ch/slc5_amd64_gcc462/external/py2-matplotlib/1.0.1/lib/python2.6/site-packages:/cvmfs/cms.cern.ch/slc5_amd64_gcc462/external/python-ldap/2.3.5/lib/python2.6/site-packages:/cvmfs/cms.cern.ch/slc5_amd64_gcc462/external/sip/4.11.2/lib/python2.6/site-packages:/cvmfs/cms.cern.ch/slc5_amd64_gcc462/external/py2-pycurl/7.19.0/lib/python2.6/site-packages:/cvmfs/cms.cern.ch/slc5_amd64_gcc462/external/py2-numpy/1.6.1/lib/python2.6/site-packages:/cvmfs/cms.cern.ch/slc5_amd64_gcc462/external/py2-ipython/0.10/lib/python2.6/site-packages:/cvmfs/cms.cern.ch/slc5_amd64_gcc462/external/py2-cx-oracle/5.1-cms11/lib/python2.6/site-packages:/cvmfs/cms.cern.ch/slc5_amd64_gcc462/external/py2-cjson/1.0.5/lib/python2.6/site-packages:/cvmfs/cms.cern.ch/slc5_amd64_gcc462/cms/das-client/1.4.1-cms8/bin:/cvmfs/cms.cern.ch/slc5_amd64_gcc462/external/elementtree/1.2.6/share/lib/python2.6/site-packages:/cvmfs/cms.cern.ch/slc5_amd64_gcc462/external/rivet/1.5.1-cms10/lib/python2.6/site-packages:/cvmfs/cms.cern.ch/slc5_amd64_gcc462/external/pyminuit2/0.0.1-cms34/lib/python2.6/site-packages:/cvmfs/cms.cern.ch/slc5_amd64_gcc462/external/professor/1.0.0-cms35/lib/python2.6/site-packages:/cvmfs/cms.cern.ch/slc5_amd64_gcc462/lcg/root/5.32.00-cms18/lib:/cvmfs/cms.cern.ch/slc5_amd64_gcc462/cms/dbs-client/DBS_2_1_1_patch1_1/lib:/cvmfs/cms.cern.ch/slc5_amd64_gcc462/cms/dbs-client/DBS_2_1_1_patch1_1/lib/DBSAPI:/home/cms097/home_crce1_392723031/CREAM392723031/glide_Bs9970/execute/dir_28661/
241a2a19cb7c5c8751ba22759ab3bdb0
PSETHASH = 241a2a19cb7c5c8751ba22759ab3bdb0
/home/cms097/home_crce1_392723031/CREAM392723031/glide_Bs9970/execute/dir_28661/writeCfg.py pset.py pset.py
Importing .py file
Setting parameters
inputBlocks=/QCD_Pt_350_EMEnriched_TuneZ2star_8TeV_pythia6/mario-Summer12-stop-pfele-step1-3d176ac8da5e9dff208d057f4733ca91/USER#2ef68d93-4c3b-40b9-98c3-bc862db01b2a
inputFiles=/store/user/mario/QCD_Pt_350_EMEnriched_TuneZ2star_8TeV_pythia6/Summer12-stop-pfele-step1/3d176ac8da5e9dff208d057f4733ca91/tuple_143_9_GZx.root;/store/user/mario/QCD_Pt_350_EMEnriched_TuneZ2star_8TeV_pythia6/Summer12-stop-pfele-step1/3d176ac8da5e9dff208d057f4733ca91/tuple_144_11_slk.root;/store/user/mario/QCD_Pt_350_EMEnriched_TuneZ2star_8TeV_pythia6/Summer12-stop-pfele-step1/3d176ac8da5e9dff208d057f4733ca91/tuple_145_6_sou.root;/store/user/mario/QCD_Pt_350_EMEnriched_TuneZ2star_8TeV_pythia6/Summer12-stop-pfele-step1/3d176ac8da5e9dff208d057f4733ca91/tuple_146_11_iuL.root;/store/user/mario/QCD_Pt_350_EMEnriched_TuneZ2star_8TeV_pythia6/Summer12-stop-pfele-step1/3d176ac8da5e9dff208d057f4733ca91/tuple_147_4_tnh.root
parentFiles=
lumisRange=
>>> Executable cmsRun
/cvmfs/cms.cern.ch/slc5_amd64_gcc462/cms/cmssw/CMSSW_5_3_5/bin/slc5_amd64_gcc462/cmsRun
ok executable found
>>> info for dashboard:
***** Cat /home/cms097/home_crce1_392723031/CREAM392723031/glide_Bs9970/execute/dir_28661/jobreport.txt *****
MonitorJobID=8_https://submit-2.t2.ucsd.edu//121127//17552.1
MonitorID=liis_crab_0_121127_012526_r0h5c1
ExeStart=cmsRun
***** End Cat jobreport *****
Parameters sent to Dashboard.
>>> cmsRun started at Tue Nov 27 01:25:45 UTC 2012
>>> cmsRun ended at Tue Nov 27 01:40:07 UTC 2012
>>> info for dashboard:
***** Cat /home/cms097/home_crce1_392723031/CREAM392723031/glide_Bs9970/execute/dir_28661/jobreport.txt *****
MonitorJobID=8_https://submit-2.t2.ucsd.edu//121127//17552.1
MonitorID=liis_crab_0_121127_012526_r0h5c1
ExeEnd=cmsRun
***** End Cat jobreport *****
Parameters sent to Dashboard.
TIME_EXE = 862 sec
>>> cmsRun wrote 165 lines of stdout+stderr
>>> START OF printout of 165 lines from stdout+stderr
27-Nov-2012 03:25:59 EET  Initiating request to open file file:/hdfs/cms/store/user/mario/QCD_Pt_350_EMEnriched_TuneZ2star_8TeV_pythia6/Summer12-stop-pfele-step1/3d176ac8da5e9dff208d057f4733ca91/tuple_143_9_GZx.root
27-Nov-2012 03:26:06 EET  Successfully opened file file:/hdfs/cms/store/user/mario/QCD_Pt_350_EMEnriched_TuneZ2star_8TeV_pythia6/Summer12-stop-pfele-step1/3d176ac8da5e9dff208d057f4733ca91/tuple_143_9_GZx.root
Begin processing the 1st record. Run 1, Event 210036735, LumiSection 48141 at 27-Nov-2012 03:26:36.505 EET
Begin processing the 1001st record. Run 1, Event 232991083, LumiSection 53402 at 27-Nov-2012 03:26:44.075 EET
Begin processing the 2001st record. Run 1, Event 272664559, LumiSection 62495 at 27-Nov-2012 03:26:50.114 EET
Begin processing the 3001st record. Run 1, Event 239985992, LumiSection 55005 at 27-Nov-2012 03:26:54.565 EET
Begin processing the 4001st record. Run 1, Event 239821358, LumiSection 54968 at 27-Nov-2012 03:27:00.109 EET
Begin processing the 5001st record. Run 1, Event 272059785, LumiSection 62357 at 27-Nov-2012 03:27:03.743 EET
Begin processing the 6001st record. Run 1, Event 244835357, LumiSection 56117 at 27-Nov-2012 03:27:11.218 EET
Begin processing the 7001st record. Run 1, Event 252935832, LumiSection 57973 at 27-Nov-2012 03:27:16.050 EET
Begin processing the 8001st record. Run 1, Event 269657297, LumiSection 61806 at 27-Nov-2012 03:27:25.651 EET
Begin processing the 9001st record. Run 1, Event 272472464, LumiSection 62451 at 27-Nov-2012 03:27:32.202 EET
Begin processing the 10001st record. Run 1, Event 277335728, LumiSection 63566 at 27-Nov-2012 03:27:36.668 EET
Begin processing the 11001st record. Run 1, Event 13887673, LumiSection 3184 at 27-Nov-2012 03:27:42.215 EET
Begin processing the 12001st record. Run 1, Event 95192728, LumiSection 21819 at 27-Nov-2012 03:27:46.385 EET
Begin processing the 13001st record. Run 1, Event 139654317, LumiSection 32009 at 27-Nov-2012 03:27:55.682 EET
Begin processing the 14001st record. Run 1, Event 224988345, LumiSection 51568 at 27-Nov-2012 03:27:59.284 EET
Begin processing the 15001st record. Run 1, Event 239426985, LumiSection 54877 at 27-Nov-2012 03:28:07.665 EET
Begin processing the 16001st record. Run 1, Event 78603848, LumiSection 18017 at 27-Nov-2012 03:28:12.356 EET
Begin processing the 17001st record. Run 1, Event 73915549, LumiSection 16942 at 27-Nov-2012 03:28:19.725 EET
Begin processing the 18001st record. Run 1, Event 81247726, LumiSection 18622 at 27-Nov-2012 03:28:25.777 EET
27-Nov-2012 03:28:28 EET  Closed file file:/hdfs/cms/store/user/mario/QCD_Pt_350_EMEnriched_TuneZ2star_8TeV_pythia6/Summer12-stop-pfele-step1/3d176ac8da5e9dff208d057f4733ca91/tuple_143_9_GZx.root
27-Nov-2012 03:28:28 EET  Initiating request to open file file:/hdfs/cms/store/user/mario/QCD_Pt_350_EMEnriched_TuneZ2star_8TeV_pythia6/Summer12-stop-pfele-step1/3d176ac8da5e9dff208d057f4733ca91/tuple_144_11_slk.root
27-Nov-2012 03:28:28 EET  Successfully opened file file:/hdfs/cms/store/user/mario/QCD_Pt_350_EMEnriched_TuneZ2star_8TeV_pythia6/Summer12-stop-pfele-step1/3d176ac8da5e9dff208d057f4733ca91/tuple_144_11_slk.root
Begin processing the 19001st record. Run 1, Event 95598555, LumiSection 21912 at 27-Nov-2012 03:28:50.577 EET
Begin processing the 20001st record. Run 1, Event 120665434, LumiSection 27657 at 27-Nov-2012 03:28:54.341 EET
Begin processing the 21001st record. Run 1, Event 122813867, LumiSection 28149 at 27-Nov-2012 03:28:59.636 EET
Begin processing the 22001st record. Run 1, Event 160894895, LumiSection 36878 at 27-Nov-2012 03:29:03.716 EET
Begin processing the 23001st record. Run 1, Event 201847749, LumiSection 46264 at 27-Nov-2012 03:29:11.061 EET
Begin processing the 24001st record. Run 1, Event 201791260, LumiSection 46251 at 27-Nov-2012 03:29:17.034 EET
Begin processing the 25001st record. Run 1, Event 226569992, LumiSection 51930 at 27-Nov-2012 03:29:21.441 EET
Begin processing the 26001st record. Run 1, Event 230824933, LumiSection 52906 at 27-Nov-2012 03:29:27.698 EET
Begin processing the 27001st record. Run 1, Event 10371472, LumiSection 2378 at 27-Nov-2012 03:29:31.677 EET
Begin processing the 28001st record. Run 1, Event 95328973, LumiSection 21850 at 27-Nov-2012 03:29:37.668 EET
Begin processing the 29001st record. Run 1, Event 116085859, LumiSection 26607 at 27-Nov-2012 03:29:41.852 EET
Begin processing the 30001st record. Run 1, Event 133997581, LumiSection 30713 at 27-Nov-2012 03:29:48.239 EET
Begin processing the 31001st record. Run 1, Event 154056319, LumiSection 35310 at 27-Nov-2012 03:29:55.235 EET
Begin processing the 32001st record. Run 1, Event 100969968, LumiSection 23143 at 27-Nov-2012 03:29:58.527 EET
Begin processing the 33001st record. Run 1, Event 113027214, LumiSection 25906 at 27-Nov-2012 03:30:05.390 EET
Begin processing the 34001st record. Run 1, Event 149663856, LumiSection 34303 at 27-Nov-2012 03:30:08.081 EET
Begin processing the 35001st record. Run 1, Event 226591940, LumiSection 51935 at 27-Nov-2012 03:30:12.794 EET
Begin processing the 36001st record. Run 1, Event 230842692, LumiSection 52910 at 27-Nov-2012 03:30:17.121 EET
Begin processing the 37001st record. Run 1, Event 232370960, LumiSection 53260 at 27-Nov-2012 03:30:21.461 EET
Begin processing the 38001st record. Run 1, Event 234322925, LumiSection 53707 at 27-Nov-2012 03:30:26.348 EET
Begin processing the 39001st record. Run 1, Event 272461263, LumiSection 62449 at 27-Nov-2012 03:30:29.851 EET
Begin processing the 40001st record. Run 1, Event 283809823, LumiSection 65050 at 27-Nov-2012 03:30:34.914 EET
Begin processing the 41001st record. Run 1, Event 297833576, LumiSection 68264 at 27-Nov-2012 03:30:38.164 EET
Begin processing the 42001st record. Run 1, Event 5867320, LumiSection 1345 at 27-Nov-2012 03:30:43.825 EET
Begin processing the 43001st record. Run 1, Event 27771718, LumiSection 6366 at 27-Nov-2012 03:30:47.734 EET
Begin processing the 44001st record. Run 1, Event 59484421, LumiSection 13634 at 27-Nov-2012 03:30:53.938 EET
Begin processing the 45001st record. Run 1, Event 77093894, LumiSection 17670 at 27-Nov-2012 03:31:03.359 EET
Begin processing the 46001st record. Run 1, Event 128373914, LumiSection 29424 at 27-Nov-2012 03:31:09.195 EET
Begin processing the 47001st record. Run 1, Event 230744440, LumiSection 52887 at 27-Nov-2012 03:31:15.211 EET
Begin processing the 48001st record. Run 1, Event 231142483, LumiSection 52978 at 27-Nov-2012 03:31:21.585 EET
Begin processing the 49001st record. Run 1, Event 255759396, LumiSection 58621 at 27-Nov-2012 03:31:26.526 EET
27-Nov-2012 03:31:29 EET  Closed file file:/hdfs/cms/store/user/mario/QCD_Pt_350_EMEnriched_TuneZ2star_8TeV_pythia6/Summer12-stop-pfele-step1/3d176ac8da5e9dff208d057f4733ca91/tuple_144_11_slk.root
27-Nov-2012 03:31:29 EET  Initiating request to open file file:/hdfs/cms/store/user/mario/QCD_Pt_350_EMEnriched_TuneZ2star_8TeV_pythia6/Summer12-stop-pfele-step1/3d176ac8da5e9dff208d057f4733ca91/tuple_145_6_sou.root
27-Nov-2012 03:31:29 EET  Successfully opened file file:/hdfs/cms/store/user/mario/QCD_Pt_350_EMEnriched_TuneZ2star_8TeV_pythia6/Summer12-stop-pfele-step1/3d176ac8da5e9dff208d057f4733ca91/tuple_145_6_sou.root
Begin processing the 50001st record. Run 1, Event 316904185, LumiSection 72635 at 27-Nov-2012 03:31:56.859 EET
Begin processing the 51001st record. Run 1, Event 25413244, LumiSection 5825 at 27-Nov-2012 03:31:59.997 EET
Begin processing the 52001st record. Run 1, Event 157623707, LumiSection 36128 at 27-Nov-2012 03:32:05.167 EET
Begin processing the 53001st record. Run 1, Event 778753, LumiSection 179 at 27-Nov-2012 03:32:08.117 EET
Begin processing the 54001st record. Run 1, Event 7869311, LumiSection 1804 at 27-Nov-2012 03:32:13.012 EET
Begin processing the 55001st record. Run 1, Event 26121373, LumiSection 5988 at 27-Nov-2012 03:32:17.102 EET
Begin processing the 56001st record. Run 1, Event 86306150, LumiSection 19782 at 27-Nov-2012 03:32:22.514 EET
Begin processing the 57001st record. Run 1, Event 96325226, LumiSection 22078 at 27-Nov-2012 03:32:25.982 EET
Begin processing the 58001st record. Run 1, Event 105977979, LumiSection 24291 at 27-Nov-2012 03:32:31.519 EET
Begin processing the 59001st record. Run 1, Event 108331695, LumiSection 24830 at 27-Nov-2012 03:32:36.821 EET
Begin processing the 60001st record. Run 1, Event 155554659, LumiSection 35654 at 27-Nov-2012 03:32:40.345 EET
Begin processing the 61001st record. Run 1, Event 35425887, LumiSection 8120 at 27-Nov-2012 03:32:44.080 EET
Begin processing the 62001st record. Run 1, Event 97720928, LumiSection 22398 at 27-Nov-2012 03:32:47.291 EET
Begin processing the 63001st record. Run 1, Event 148896420, LumiSection 34128 at 27-Nov-2012 03:32:52.938 EET
Begin processing the 64001st record. Run 1, Event 191912786, LumiSection 43987 at 27-Nov-2012 03:32:55.515 EET
Begin processing the 65001st record. Run 1, Event 193524475, LumiSection 44356 at 27-Nov-2012 03:33:01.082 EET
Begin processing the 66001st record. Run 1, Event 277318240, LumiSection 63562 at 27-Nov-2012 03:33:04.541 EET
Begin processing the 67001st record. Run 1, Event 279021287, LumiSection 63952 at 27-Nov-2012 03:33:10.246 EET
Begin processing the 68001st record. Run 1, Event 287749468, LumiSection 65953 at 27-Nov-2012 03:33:17.129 EET
Begin processing the 69001st record. Run 1, Event 298267201, LumiSection 68363 at 27-Nov-2012 03:33:21.030 EET
Begin processing the 70001st record. Run 1, Event 172063976, LumiSection 39438 at 27-Nov-2012 03:33:25.876 EET
Begin processing the 71001st record. Run 1, Event 298172670, LumiSection 68342 at 27-Nov-2012 03:33:29.533 EET
Begin processing the 72001st record. Run 1, Event 317720145, LumiSection 72822 at 27-Nov-2012 03:33:36.040 EET
Begin processing the 73001st record. Run 1, Event 80614235, LumiSection 18477 at 27-Nov-2012 03:33:38.919 EET
Begin processing the 74001st record. Run 1, Event 95785318, LumiSection 21955 at 27-Nov-2012 03:33:43.604 EET
Begin processing the 75001st record. Run 1, Event 112209729, LumiSection 25719 at 27-Nov-2012 03:33:47.071 EET
Begin processing the 76001st record. Run 1, Event 128947793, LumiSection 29555 at 27-Nov-2012 03:33:53.947 EET
Begin processing the 77001st record. Run 1, Event 34930144, LumiSection 8006 at 27-Nov-2012 03:33:58.839 EET
Begin processing the 78001st record. Run 1, Event 61496999, LumiSection 14096 at 27-Nov-2012 03:34:03.335 EET
Begin processing the 79001st record. Run 1, Event 46811965, LumiSection 10730 at 27-Nov-2012 03:34:08.995 EET
Begin processing the 80001st record. Run 1, Event 57624460, LumiSection 13208 at 27-Nov-2012 03:34:12.970 EET
Begin processing the 81001st record. Run 1, Event 251220402, LumiSection 57580 at 27-Nov-2012 03:34:17.724 EET
27-Nov-2012 03:34:18 EET  Closed file file:/hdfs/cms/store/user/mario/QCD_Pt_350_EMEnriched_TuneZ2star_8TeV_pythia6/Summer12-stop-pfele-step1/3d176ac8da5e9dff208d057f4733ca91/tuple_145_6_sou.root
27-Nov-2012 03:34:18 EET  Initiating request to open file file:/hdfs/cms/store/user/mario/QCD_Pt_350_EMEnriched_TuneZ2star_8TeV_pythia6/Summer12-stop-pfele-step1/3d176ac8da5e9dff208d057f4733ca91/tuple_146_11_iuL.root
27-Nov-2012 03:34:19 EET  Successfully opened file file:/hdfs/cms/store/user/mario/QCD_Pt_350_EMEnriched_TuneZ2star_8TeV_pythia6/Summer12-stop-pfele-step1/3d176ac8da5e9dff208d057f4733ca91/tuple_146_11_iuL.root
Begin processing the 82001st record. Run 1, Event 269934572, LumiSection 61870 at 27-Nov-2012 03:34:50.911 EET
Begin processing the 83001st record. Run 1, Event 285960528, LumiSection 65543 at 27-Nov-2012 03:34:53.139 EET
Begin processing the 84001st record. Run 1, Event 276366876, LumiSection 63344 at 27-Nov-2012 03:34:59.448 EET
Begin processing the 85001st record. Run 1, Event 106275615, LumiSection 24359 at 27-Nov-2012 03:35:07.118 EET
Begin processing the 86001st record. Run 1, Event 149216644, LumiSection 34201 at 27-Nov-2012 03:35:09.873 EET
Begin processing the 87001st record. Run 1, Event 222275957, LumiSection 50946 at 27-Nov-2012 03:35:15.107 EET
Begin processing the 88001st record. Run 1, Event 239483997, LumiSection 54890 at 27-Nov-2012 03:35:18.762 EET
Begin processing the 89001st record. Run 1, Event 242360649, LumiSection 55550 at 27-Nov-2012 03:35:26.021 EET
Begin processing the 90001st record. Run 1, Event 252910778, LumiSection 57968 at 27-Nov-2012 03:35:30.343 EET
Begin processing the 91001st record. Run 1, Event 269575119, LumiSection 61787 at 27-Nov-2012 03:35:37.113 EET
Begin processing the 92001st record. Run 1, Event 275863366, LumiSection 63228 at 27-Nov-2012 03:35:42.867 EET
Begin processing the 93001st record. Run 1, Event 168568594, LumiSection 38636 at 27-Nov-2012 03:35:46.439 EET
Begin processing the 94001st record. Run 1, Event 200178919, LumiSection 45882 at 27-Nov-2012 03:35:52.763 EET
Begin processing the 95001st record. Run 1, Event 282572446, LumiSection 64766 at 27-Nov-2012 03:35:56.338 EET
Begin processing the 96001st record. Run 1, Event 228927972, LumiSection 52471 at 27-Nov-2012 03:36:02.439 EET
Begin processing the 97001st record. Run 1, Event 240168297, LumiSection 55047 at 27-Nov-2012 03:36:06.398 EET
Begin processing the 98001st record. Run 1, Event 250313458, LumiSection 57372 at 27-Nov-2012 03:36:11.473 EET
Begin processing the 99001st record. Run 1, Event 275297666, LumiSection 63099 at 27-Nov-2012 03:36:19.279 EET
Begin processing the 100001st record. Run 1, Event 252353149, LumiSection 57840 at 27-Nov-2012 03:36:23.608 EET
Begin processing the 101001st record. Run 1, Event 115797309, LumiSection 26541 at 27-Nov-2012 03:36:31.033 EET
Begin processing the 102001st record. Run 1, Event 177094470, LumiSection 40591 at 27-Nov-2012 03:36:37.259 EET
Begin processing the 103001st record. Run 1, Event 239391033, LumiSection 54869 at 27-Nov-2012 03:36:46.611 EET
Begin processing the 104001st record. Run 1, Event 243733085, LumiSection 55864 at 27-Nov-2012 03:36:53.118 EET
Begin processing the 105001st record. Run 1, Event 264685072, LumiSection 60666 at 27-Nov-2012 03:37:01.036 EET
Begin processing the 106001st record. Run 1, Event 254759849, LumiSection 58391 at 27-Nov-2012 03:37:06.194 EET
Begin processing the 107001st record. Run 1, Event 267815136, LumiSection 61384 at 27-Nov-2012 03:37:09.901 EET
Begin processing the 108001st record. Run 1, Event 278654500, LumiSection 63868 at 27-Nov-2012 03:37:15.053 EET
Begin processing the 109001st record. Run 1, Event 37591085, LumiSection 8616 at 27-Nov-2012 03:37:18.435 EET
Begin processing the 110001st record. Run 1, Event 98940689, LumiSection 22678 at 27-Nov-2012 03:37:23.596 EET
Begin processing the 111001st record. Run 1, Event 116825994, LumiSection 26777 at 27-Nov-2012 03:37:29.557 EET
Begin processing the 112001st record. Run 1, Event 139951796, LumiSection 32077 at 27-Nov-2012 03:37:33.005 EET
27-Nov-2012 03:37:36 EET  Closed file file:/hdfs/cms/store/user/mario/QCD_Pt_350_EMEnriched_TuneZ2star_8TeV_pythia6/Summer12-stop-pfele-step1/3d176ac8da5e9dff208d057f4733ca91/tuple_146_11_iuL.root
27-Nov-2012 03:37:36 EET  Initiating request to open file file:/hdfs/cms/store/user/mario/QCD_Pt_350_EMEnriched_TuneZ2star_8TeV_pythia6/Summer12-stop-pfele-step1/3d176ac8da5e9dff208d057f4733ca91/tuple_147_4_tnh.root
27-Nov-2012 03:37:37 EET  Successfully opened file file:/hdfs/cms/store/user/mario/QCD_Pt_350_EMEnriched_TuneZ2star_8TeV_pythia6/Summer12-stop-pfele-step1/3d176ac8da5e9dff208d057f4733ca91/tuple_147_4_tnh.root
Begin processing the 113001st record. Run 1, Event 71144520, LumiSection 16307 at 27-Nov-2012 03:38:12.399 EET
Begin processing the 114001st record. Run 1, Event 104478813, LumiSection 23947 at 27-Nov-2012 03:38:16.237 EET
Begin processing the 115001st record. Run 1, Event 120977653, LumiSection 27729 at 27-Nov-2012 03:38:29.198 EET
Begin processing the 116001st record. Run 1, Event 293889309, LumiSection 67360 at 27-Nov-2012 03:38:33.131 EET
Begin processing the 117001st record. Run 1, Event 75548867, LumiSection 17316 at 27-Nov-2012 03:38:39.736 EET
Begin processing the 118001st record. Run 1, Event 98371412, LumiSection 22547 at 27-Nov-2012 03:38:54.081 EET
Begin processing the 119001st record. Run 1, Event 226553339, LumiSection 51927 at 27-Nov-2012 03:39:02.679 EET
Begin processing the 120001st record. Run 1, Event 271965633, LumiSection 62335 at 27-Nov-2012 03:39:07.515 EET
Begin processing the 121001st record. Run 1, Event 44079269, LumiSection 10103 at 27-Nov-2012 03:39:10.151 EET
Begin processing the 122001st record. Run 1, Event 96353841, LumiSection 22085 at 27-Nov-2012 03:39:15.293 EET
Begin processing the 123001st record. Run 1, Event 101695685, LumiSection 23309 at 27-Nov-2012 03:39:20.503 EET
Begin processing the 124001st record. Run 1, Event 11842069, LumiSection 2715 at 27-Nov-2012 03:39:25.959 EET
Begin processing the 125001st record. Run 1, Event 98445458, LumiSection 22564 at 27-Nov-2012 03:39:29.816 EET
Begin processing the 126001st record. Run 1, Event 114014273, LumiSection 26133 at 27-Nov-2012 03:39:37.745 EET
Begin processing the 127001st record. Run 1, Event 149080556, LumiSection 34170 at 27-Nov-2012 03:39:42.691 EET
Begin processing the 128001st record. Run 1, Event 152969821, LumiSection 35061 at 27-Nov-2012 03:39:46.110 EET
Begin processing the 129001st record. Run 1, Event 235205089, LumiSection 53910 at 27-Nov-2012 03:39:52.035 EET
Begin processing the 130001st record. Run 1, Event 233318403, LumiSection 53477 at 27-Nov-2012 03:39:55.898 EET
Begin processing the 131001st record. Run 1, Event 259096217, LumiSection 59385 at 27-Nov-2012 03:40:02.584 EET
27-Nov-2012 03:40:06 EET  Closed file file:/hdfs/cms/store/user/mario/QCD_Pt_350_EMEnriched_TuneZ2star_8TeV_pythia6/Summer12-stop-pfele-step1/3d176ac8da5e9dff208d057f4733ca91/tuple_147_4_tnh.root

=============================================

MessageLogger Summary

 type     category        sev    module        subroutine        count    total
 ---- -------------------- -- ---------------- ----------------  -----    -----
    1 fileAction           -s file_close                             5        5
    2 fileAction           -s file_open                             10       10

 type    category    Examples: run/evt        run/evt          run/evt
 ---- -------------------- ---------------- ---------------- ----------------
    1 fileAction           PostProcessEvent PostProcessEvent PostEndRun
    2 fileAction           pre-events       pre-events       PostProcessEvent

Severity    # Occurrences   Total Occurrences
--------    -------------   -----------------
System                 15                  15
>>> END OF printout of 165 lines from stdout+stderr
>>> Parse FrameworkJobReport crab_fjr.xml
Result of parsing the FrameworkJobReport crab_fjr.xml: Popularity start
lumisRange : 1::2715,4327,4495,5228,5855,10103,12474,12644,13201,13433,16141-16142,16307,17271,17316,18649,19555,20227,21577,21953,21984-21985,22085,22088,22187,22394,22409,22434,22547,22556,22561,22564,22569,22677,22804,22857,23309,23438,23504,23725,23947,24166,24186,24341,24673,25472,25569,25580,25722,25749,26133,27365,27368,27690-27691,27723,27729,27731,27754,31468,32012,32714,33222,34134,34143,34150,34154,34170,34353,34356,35061,41230,51629-51630,51927-51928,52401,52878-52879,52885,53384,53450,53477,53484,53501,53539,53646,53910,54136,54311,54853,54879,54891,54952,54993,56070,59385,60093,60113,62334-62335,62916,67360,67364::1;1::115,179,370,395,444,807,1804,1915,1918,1994,2890,2901,2998,3006,4221,4223,4271,4418,4646,4827,5825,5988-5989,6026,6034,6373,7399,7852,8006,8120,8178,8233,8354,9624,10106,10168,10729-10730,10732,10734,11584,12567,13157,13208,13521,13679,14096,15675,16891,17356,18471,18477,18843,18956,19782,19808,20101,20282,20310,20377,20577,20676,20724,21704,21951,21955,21975,21977,22077-22078,22090,22398,22570,22607,22670,22820,24291-24292,24294,24310,24825,24830,25203,25238,25645,25719,26017,26147,26159,26756,26883,27370,29535,29553,29555,33302,33307,34128,34138,35044,35191,35203,35653-35654,36071,36074,36128,36133,36441,36443,39102,39333,39438,40606,43987,44063,44108,44351,44356,45501,47346,50123,54463,56212,56228,57529,57580,57803,61429,62204,62250,62733,62985,63069,63075,63091,63562,63627,63751,63782,63840,63952,63985,64008,64034-64035,64048-64049,64054,64532,65669,65953,65993,66380,66393,67268,67294,67420,67945,68342,68358,68363,68386,68763,68797,72318,72463,72635,72822::2;1::370,1345,2378,2566,3650,5881-5882,5901,5924,6366,6374,12022,12345,12883,13634,16410,16950-16951,16967,16969,17670-17671,18117,18605,19572,19587,19750,19762,20133,20324,20666,21408,21436,21472,21665,21784,21850,21912,21914,22367,22771,23143,24266,24322,24373,25718,25825,25906,26050,26182,26319,26607,27565-27566,27655,27657,27693,27700,27811,27815,27992-27993,28149,28248,29424-29425,29444,29525,30713,31604,34303,34337,35030-35031,35036,35092,35137,35157,35303,35310,35382,35389,35694-35695,36120,36144,36878,37154,38783,40669,46249-46252,46263-46264,46285-46286,51924-51925,51929-51930,51934-51935,52832-52833,52864-52865,52871-52872,52881,52883,52886-52887,52893-52896,52903,52905-52906,52909-52911,52913,52917,52921-52922,52953,52978-52981,53260,53559-53560,53706-53707,53806,54972,54990,55546,56189,58621,58623,60519,60563-60565,62213,62224,62448-62449,63357,63726,64055,64982,65050-65051,65110-65111,68234,68262-68264,69661,69689::3;1::5280,5287,5854-5855,8122,8616,12409,19095,20383,22070,22264,22323,22414,22678,24359,24669,24675,25740,26047,26194,26541,26610,26738,26777,26879,27728,28520,29001,29803,31406,31975,31999,32011,32051,32077,32697,33270,33277,34101,34113,34115,34198,34201,35035,35361,35430,38636,40591,41149,41433,41458,41578,42189,43233,44018,44057,45707,45773,45882,47117,47142,50946,51159,51541,51559,52327,52338,52370,52380,52404,52460,52471,52577,53426,53479,53544,54032,54101,54358,54861,54869,54890,54945,54951,54955,54961,54964,54987,55001,55036,55047,55550,55561,55697,55751,55770,55782,55820,55839,55864,55874,55908,55947,56052,56055,56114,56128,56159,56269,56279,57293,57345,57372,57394,57572,57760,57836,57840,57968,58163,58311,58391,60100,60514,60666,61384,61389,61420,61429,61778,61787,61793,61802,61870,61934,62025,62051,62064,62080,62161,62265,62318,62372,62697,62739,62759,62908,62917,62922,62933,62949,62982,63070,63099,63167,63228,63344,63555,63868,64058,64766,64825,65543,65912,65940,65996,66208::4;1::3184,3560,5162,5243,7400,10357,12604,13643,16146-16147,16272,16941-16942,16972,17030,17660,17668,18017,18622,19626,19762,21405,21714,21819,22419,31531,31941,31980,32009,35259,41172,43804,44437,48141,49354,49365,49380,51556,51568,51576,53402,53912,53965,54051,54140,54797,54872,54877,54884,54889,54905,54940,54959,54968,54980,55005,55009,55054,55441,55600,55732,55779,55812,56071,56117,56262,56289,57163,57280,57292,57296,57351,57538,57817,57973,58332,60323,60870,61090,61381,61443,61806,62057,62172,62331,62357,62451,62495,63188,63398,63446,63499,63566,63573,63758,65894,65906,65925,65933,66021::5;
lumisParentRange : 
Basename : /store/user/mario/QCD_Pt_350_EMEnriched_TuneZ2star_8TeV_pythia6/Summer12-stop-pfele-step1/3d176ac8da5e9dff208d057f4733ca91/tuple_14
BasenameParent : 
parentFiles : 
inputBlocks : /QCD_Pt_350_EMEnriched_TuneZ2star_8TeV_pythia6/mario-Summer12-stop-pfele-step1-3d176ac8da5e9dff208d057f4733ca91/USER#2ef68d93-4c3b-40b9-98c3-bc862db01b2a
inputFiles : 7_4_tnh.root::1::EDM::Local::1;5_6_sou.root::1::EDM::Local::2;4_11_slk.root::1::EDM::Local::3;6_11_iuL.root::1::EDM::Local::4;3_9_GZx.root::1::EDM::Local::5;
Popularity stop
Extracted ExitStatus from FrameworkJobReport parsing output: 0
>>> Executable succeded  0
ExeExitCode=0
EXECUTABLE_EXIT_STATUS = 0
>>> current directory /home/cms097/home_crce1_392723031/CREAM392723031/glide_Bs9970/execute/dir_28661/CMSSW_5_3_5
>>>  (SOFTWARE_DIR): /home/cms097/home_crce1_392723031/CREAM392723031/glide_Bs9970/execute/dir_28661/CMSSW_5_3_5
>>> (WORKING_DIR): 
>>> current directory content:
total 164
drwxr-xr-x 3 cms097 cms  4096 Nov 27 03:25 .SCRAM
-rw-r--r-- 1 cms097 cms 30066 Nov 27 03:25 CMSSW.py.pkl
drwxr-xr-x 3 cms097 cms  4096 Nov 27 03:25 bin
drwxr-xr-x 3 cms097 cms  4096 Nov 27 03:25 cfipython
drwxr-xr-x 5 cms097 cms  4096 Nov 27 03:25 config
-rw-r--r-- 1 cms097 cms    17 Nov 27 03:40 cpu_timing.txt
drwxr-xr-x 2 cms097 cms  4096 Nov 27 03:25 doc
-rw-r--r-- 1 cms097 cms 18560 Nov 27 03:40 executable.out
drwxr-xr-x 2 cms097 cms  4096 Nov 27 03:25 include
drwxrwxrwx 3 cms097 cms  4096 Oct 22 16:38 lib
drwxr-xr-x 3 cms097 cms  4096 Nov 27 03:25 logs
drwxr-xr-x 3 cms097 cms  4096 Nov 27 03:25 objs
-rw-r--r-- 1 cms097 cms 18130 Nov 27 03:40 optHistograms.root
-rw-r--r-- 1 cms097 cms   104 Nov 27 03:25 pset.py
-rw-r--r-- 1 cms097 cms 19491 Nov 27 03:25 pset.py.pkl
-rw-r--r-- 1 cms097 cms   289 Nov 27 03:25 pset.pyc
drwxr-xr-x 2 cms097 cms  4096 Nov 27 03:25 python
-rw-r--r-- 1 cms097 cms   414 Nov 27 03:40 report.log
drwxrwxrwx 4 cms097 cms  4096 Nov 27 03:25 src
drwxr-xr-x 3 cms097 cms  4096 Nov 27 03:25 test
drwxr-xr-x 3 cms097 cms  4096 Nov 27 03:25 tmp
>>> current directory /home/cms097/home_crce1_392723031/CREAM392723031/glide_Bs9970/execute/dir_28661/CMSSW_5_3_5
>>> (SOFTWARE_DIR): /home/cms097/home_crce1_392723031/CREAM392723031/glide_Bs9970/execute/dir_28661/CMSSW_5_3_5
>>> (WORKING_DIR): 
>>> current directory content:
total 144
drwxr-xr-x 3 cms097 cms  4096 Nov 27 03:25 .SCRAM
-rw-r--r-- 1 cms097 cms 30066 Nov 27 03:25 CMSSW.py.pkl
drwxr-xr-x 3 cms097 cms  4096 Nov 27 03:25 bin
drwxr-xr-x 3 cms097 cms  4096 Nov 27 03:25 cfipython
drwxr-xr-x 5 cms097 cms  4096 Nov 27 03:25 config
-rw-r--r-- 1 cms097 cms    17 Nov 27 03:40 cpu_timing.txt
drwxr-xr-x 2 cms097 cms  4096 Nov 27 03:25 doc
-rw-r--r-- 1 cms097 cms 18560 Nov 27 03:40 executable.out
drwxr-xr-x 2 cms097 cms  4096 Nov 27 03:25 include
drwxrwxrwx 3 cms097 cms  4096 Oct 22 16:38 lib
drwxr-xr-x 3 cms097 cms  4096 Nov 27 03:25 logs
drwxr-xr-x 3 cms097 cms  4096 Nov 27 03:25 objs
-rw-r--r-- 1 cms097 cms   104 Nov 27 03:25 pset.py
-rw-r--r-- 1 cms097 cms 19491 Nov 27 03:25 pset.py.pkl
-rw-r--r-- 1 cms097 cms   289 Nov 27 03:25 pset.pyc
drwxr-xr-x 2 cms097 cms  4096 Nov 27 03:25 python
-rw-r--r-- 1 cms097 cms   414 Nov 27 03:40 report.log
drwxrwxrwx 4 cms097 cms  4096 Nov 27 03:25 src
drwxr-xr-x 3 cms097 cms  4096 Nov 27 03:25 test
drwxr-xr-x 3 cms097 cms  4096 Nov 27 03:25 tmp
>>> current directory (RUNTIME_AREA):  /home/cms097/home_crce1_392723031/CREAM392723031/glide_Bs9970/execute/dir_28661
>>> current dir: /home/cms097/home_crce1_392723031/CREAM392723031/glide_Bs9970/execute/dir_28661
>>> current dir content:
total 25796
-rw-rw-rw-  1 cms097 cms     5595 Nov 27 03:25 .job.ad
-rw-rw-rw-  1 cms097 cms    11534 Nov 27 03:25 .machine.ad
-rw-rw-rw-  1 cms097 cms      105 Nov 27 01:26 CMSSW.py
-rw-rw-rw-  1 cms097 cms    30066 Nov 27 01:26 CMSSW.py.pkl
-rwxrw-rw-  1 cms097 cms    23333 Nov 27 03:25 CMSSW.sh
drwxr-xr-x 15 cms097 cms     4096 Nov 27 03:40 CMSSW_5_3_5
-rw-rw-rw-  1 cms097 cms        0 Nov 27 03:25 CMSSW_8.stderr
-rw-rw-rw-  1 cms097 cms    34712 Nov 27 03:40 CMSSW_8.stdout
-rw-r--r--  1 cms097 cms      347 Nov 27 03:25 CacheEnv.sh
-rw-rw-rw-  1 cms097 cms     7291 Jun  9  2010 DashboardAPI.py
-rw-r--r--  1 cms097 cms     6883 Nov 27 03:25 DashboardAPI.pyc
drwxrwxrwx  3 cms097 cms     4096 Nov 27 03:40 IMProv
-rw-rw-rw-  1 cms097 cms     2748 Mar  8  2006 Logger.py
-rw-r--r--  1 cms097 cms     3353 Nov 27 03:25 Logger.pyc
-rw-rw-rw-  1 cms097 cms    24524 Mar 28  2008 ProcInfo.py
-rw-r--r--  1 cms097 cms    23470 Nov 27 03:25 ProcInfo.pyc
drwxrwxrwx  7 cms097 cms     4096 Nov 27 03:25 ProdCommon
drwxrwxrwx  3 cms097 cms     4096 Nov 27 03:25 WMCore
-rw-r--r--  1 cms097 cms     3496 Nov 27 03:38 Watchdog_8.log
-rw-rw-rw-  1 cms097 cms    32895 Mar 28  2008 apmon.py
-rw-r--r--  1 cms097 cms    28874 Nov 27 03:25 apmon.pyc
-rw-rw-rw-  1 cms097 cms   101163 Nov 27 03:25 arguments.xml
-rwxrwxrwx  1 cms097 cms    37427 Sep 13 14:14 cmscp.py
-rwxrwxrwx  1 cms097 cms    23333 Nov 27 03:25 condor_exec.exe
-rw-rw-rw-  1 cms097 cms      542 Nov 27 01:25 crab.cfg
-rwxrwxrwx  1 cms097 cms     9531 Sep 20 21:46 crabWatchdog.sh
-rw-r--r--  1 cms097 cms    49416 Nov 27 03:40 crab_fjr_8.xml
-rw-rw-rw-  1 cms097 cms 25796292 Nov 27 03:25 default.tgz
-rwxrwxrwx  1 cms097 cms     4488 May 12  2012 fillCrabFjr.py
-rw-r--r--  1 cms097 cms      924 Nov 27 03:25 inputsReport.txt
-rw-r--r--  1 cms097 cms      130 Nov 27 03:40 jobreport.txt
lrwxrwxrwx  1 cms097 cms      106 Nov 27 03:40 optHistograms.root -> /home/cms097/home_crce1_392723031/CREAM392723031/glide_Bs9970/execute/dir_28661/optHistograms_8_2_h3z.root
-rw-r--r--  1 cms097 cms    18130 Nov 27 03:40 optHistograms_8_2_h3z.root
-rw-rw-rw-  1 cms097 cms    17352 Jan 20  2012 parseCrabFjr.py
-rw-r--r--  1 cms097 cms      282 Nov 27 03:25 report.log
-rwxrwxrwx  1 cms097 cms     1497 May 27  2009 report.py
-rwxrwxrwx  1 cms097 cms     8387 Mar 23  2011 writeCfg.py
-rw-------  1 cms097 cms     8691 Nov 27 03:25 x509up_u1000009
Checking output files:  
will tar file optHistograms_8_2_h3z.root in  out_files_8
will tar file crab_fjr_8.xml in  out_files_8
will tar file CMSSW_8.stdout in  out_files_8
will tar file CMSSW_8.stderr in  out_files_8
WARNING: output file Watchdog_8.log.gz not found!
>>> padding time: Wrapper lasting more than 600 seconds. No sleep required.
STOPPING WATCHDOG. CrabWatchdog PID is 29754
********** LAST 50 LINES OF WATCHDOG LOG
# RESOURCE USAGE SUMMARY FOR PROCESS ID 29659
USER       PID %CPU %MEM    VSZ   RSS TTY      STAT START   TIME COMMAND
cms097   29659  0.2  0.0   8956  1488 ?        S    03:25   0:00 /bin/sh /home/cms097/home_crce1_392723031/CREAM392723031/glide_Bs9970/execute/dir_28661/condor_exec.exe 8 2
 
# LIMITS USED BY THIS WATCHDOG:
# RSS  (KBytes)  : 2300000
# VSZ  (KBytes)  : 100000000
# DISK (MBytes)  : 19000
# CPU  (seconds) : 171600
# WALL (seconds) : 171600
 
# FOLLOWING PRINTOUT TRACKS MAXIMUM VALUES OF RESOURCES USE
# ONE LINE IS PRINTED EACH TIME A MAXIMUM CHANGES
# IF CHANGE WAS IN RSS OR VSZ ALSO PROCID AND COMMAND ARE PRINTED
# THERE IS NO PRINTOUT FOR CPU/WALL TIME INCREASE
 
# TIME			PID	RSS(KB)	VSZ(KB)	Dsk(MB)	tCPU(s)	tWALL(s)	COMMAND
 Nov 27 03:25:35 EET	9772	1320	8896	0	0	6212	-bash         
 Nov 27 03:25:35 EET	9801	1484	8952	0	0	6213	/bin/sh -l ./CREAM392723031_jobWrapper.sh       
 Nov 27 03:25:35 EET	9868	2676	25504	0	0	6212	perl -e ?use Socket;??sub send_notify {? $cream_url = "193.40.150.141:49152";die "No
 Nov 27 03:25:35 EET	17117	3608	25504	0	15	5912	condor_procd -A /home/cms097/home_crce1_392723031/CREAM392723031/glide_Bs9970/log/procd_address.STARTD -L /home/cms097/home_crce1_392723031/CREAM392723031/glide_Bs9970/log/ProcLog.STARTD -R 10000000 -S 60 -C
 Nov 27 03:25:35 EET	18489	6012	25504	0	5	6189	/home/cms097/home_crce1_392723031/CREAM392723031/glide_Bs9970/main/condor/sbin/condor_master -f -pidfile /home/cms097/home_crce1_392723031/CREAM392723031/glide_Bs9970/condor_master2.pid      
 Nov 27 03:25:35 EET	---	6012	25504	168	----	----	----
 Nov 27 03:26:40 EET	30811	362756	565604	168	21	62	cmsRun -j /home/cms097/home_crce1_392723031/CREAM392723031/glide_Bs9970/execute/dir_28661/crab_fjr_8.xml -p pset.py     
 Nov 27 03:27:47 EET	30811	363108	565604	168	63	127	cmsRun -j /home/cms097/home_crce1_392723031/CREAM392723031/glide_Bs9970/execute/dir_28661/crab_fjr_8.xml -p pset.py     
 Nov 27 03:28:53 EET	30811	367668	567652	168	96	192	cmsRun -j /home/cms097/home_crce1_392723031/CREAM392723031/glide_Bs9970/execute/dir_28661/crab_fjr_8.xml -p pset.py     
 Nov 27 03:29:58 EET	30811	367944	567652	168	141	257	cmsRun -j /home/cms097/home_crce1_392723031/CREAM392723031/glide_Bs9970/execute/dir_28661/crab_fjr_8.xml -p pset.py     
 Nov 27 03:31:02 EET	30811	368164	567652	168	189	322	cmsRun -j /home/cms097/home_crce1_392723031/CREAM392723031/glide_Bs9970/execute/dir_28661/crab_fjr_8.xml -p pset.py     
 Nov 27 03:33:10 EET	30811	368348	567652	168	267	447	cmsRun -j /home/cms097/home_crce1_392723031/CREAM392723031/glide_Bs9970/execute/dir_28661/crab_fjr_8.xml -p pset.py     
 Nov 27 03:34:13 EET	30811	368692	567652	168	312	510	cmsRun -j /home/cms097/home_crce1_392723031/CREAM392723031/glide_Bs9970/execute/dir_28661/crab_fjr_8.xml -p pset.py     
 Nov 27 03:35:16 EET	30811	369172	568420	168	337	575	cmsRun -j /home/cms097/home_crce1_392723031/CREAM392723031/glide_Bs9970/execute/dir_28661/crab_fjr_8.xml -p pset.py     
 Nov 27 03:36:21 EET	30811	369536	568420	168	381	639	cmsRun -j /home/cms097/home_crce1_392723031/CREAM392723031/glide_Bs9970/execute/dir_28661/crab_fjr_8.xml -p pset.py     
 Nov 27 03:37:24 EET	30811	369544	568420	168	428	702	cmsRun -j /home/cms097/home_crce1_392723031/CREAM392723031/glide_Bs9970/execute/dir_28661/crab_fjr_8.xml -p pset.py     
 Nov 27 03:38:28 EET	30811	369544	568676	168	452	766	cmsRun -j /home/cms097/home_crce1_392723031/CREAM392723031/glide_Bs9970/execute/dir_28661/crab_fjr_8.xml -p pset.py     
********** WATCHDOG LOG ENDED
ZIPPING WATCHDOG LOG
Disk space used:
du -sh /home/cms097/home_crce1_392723031/CREAM392723031/glide_Bs9970/execute/dir_28661
169M	/home/cms097/home_crce1_392723031/CREAM392723031/glide_Bs9970/execute/dir_28661
>>> info for dashboard:
***** Cat /home/cms097/home_crce1_392723031/CREAM392723031/glide_Bs9970/execute/dir_28661/jobreport.txt *****
MonitorJobID=8_https://submit-2.t2.ucsd.edu//121127//17552.1
MonitorID=liis_crab_0_121127_012526_r0h5c1
ExeTime=862
ExeExitCode=0
CrabUserCpuTime=507.28
CrabSysCpuTime=12.27
CrabCpuPercentage=60%
CrabWrapperTime=889
CrabStageoutTime=NULL
***** End Cat jobreport *****
Parameters sent to Dashboard.
optHistograms_8_2_h3z.root
crab_fjr_8.xml
CMSSW_8.stdout
CMSSW_8.stderr
Watchdog_8.log.gz
tar: .BrokerInfo: Cannot stat: No such file or directory
tar: Error exit delayed from previous errors
Total Output dimension: 31160
WARNING: output files size limit is set to: 50000000
Total Output dimension 31160 is fine.
JOB_EXIT_STATUS = 0
>>> info for dashboard:
***** Cat /home/cms097/home_crce1_392723031/CREAM392723031/glide_Bs9970/execute/dir_28661/jobreport.txt *****
MonitorJobID=8_https://submit-2.t2.ucsd.edu//121127//17552.1
MonitorID=liis_crab_0_121127_012526_r0h5c1
JobExitCode=0
***** End Cat jobreport *****
Parameters sent to Dashboard.
optHistograms_8_2_h3z.root
crab_fjr_8.xml
