This script was generated by crab (version 2.8.3).
Running /home/cms064/home_crce1_808107453/CREAM808107453/glide_Py9570/execute/dir_21420/condor_exec.exe with 2 positional parameters: 37 1
Today is Tue Nov 27 01:47:25 EET 2012
Job submitted on host wn-v-2720.local
Linux wn-v-2720.local 2.6.32-042stab059.7 #1 SMP Tue Jul 24 19:12:01 MSK 2012 x86_64 x86_64 x86_64 GNU/Linux
>>> current directory (RUNTIME_AREA): /home/cms064/home_crce1_808107453/CREAM808107453/glide_Py9570/execute/dir_21420
>>> current user: uid=11064(cms064) gid=1400(cms) groups=1400(cms)
>>> voms proxy information:
subject   : /DC=ch/DC=cern/OU=Organic Units/OU=Users/CN=liis/CN=663550/CN=Liis Rebane/CN=proxy/CN=limited proxy
issuer    : /DC=ch/DC=cern/OU=Organic Units/OU=Users/CN=liis/CN=663550/CN=Liis Rebane/CN=proxy
identity  : /DC=ch/DC=cern/OU=Organic Units/OU=Users/CN=liis/CN=663550/CN=Liis Rebane/CN=proxy
type      : limited proxy
strength  : 512 bits
path      : /home/cms064/home_crce1_808107453/CREAM808107453/glide_Py9570/execute/dir_21420/x509up_u1000009
timeleft  : 23:59:45
key usage : Digital Signature, Key Encipherment, Data Encipherment
=== VO cms extension information ===
VO        : cms
subject   : /DC=ch/DC=cern/OU=Organic Units/OU=Users/CN=liis/CN=663550/CN=Liis Rebane
issuer    : /DC=ch/DC=cern/OU=computers/CN=lcg-voms.cern.ch
attribute : /cms/Role=NULL/Capability=NULL
timeleft  : 191:38:12
uri       : lcg-voms.cern.ch:15002
>>> tar xzf /home/cms064/home_crce1_808107453/CREAM808107453/glide_Py9570/execute/dir_21420/default.tgz :
Successful untar
>>> Include /home/cms064/home_crce1_808107453/CREAM808107453/glide_Py9570/execute/dir_21420 in PYTHONPATH:
strip arguments
env var CRAB_UNIQUE_JOB_ID set to: liis_crab_0_121127_012526_r0h5c1_37_1_9Ta
out_files_37
>>> list of expected files on output sandbox
output files: optHistograms_37_1_9Ta.root crab_fjr_37.xml CMSSW_37.stdout CMSSW_37.stderr Watchdog_37.log.gz
>>> GridFlavour discovery: 
GridFlavour=LCG
>>> SyncSite discovery: 
SyncSite=T2_EE_Estonia
>>> SyncCE discovery: 
getting SyncCE from CE_ID
SyncCE=cream1.hep.kbfi.ee:8443/cream-pbs-long
>>> info for dashboard:
***** Cat /home/cms064/home_crce1_808107453/CREAM808107453/glide_Py9570/execute/dir_21420/jobreport.txt *****
MonitorJobID=37_https://submit-2.t2.ucsd.edu//121127//17528.36
SyncGridJobId=https://submit-2.t2.ucsd.edu//121127//17528.36
MonitorID=liis_crab_0_121127_012526_r0h5c1
GridFlavour=LCG
SyncSite=T2_EE_Estonia
SyncCE=cream1.hep.kbfi.ee:8443/cream-pbs-long
***** End Cat jobreport *****
Parameters sent to Dashboard.
>>> setup environment
set SCRAM ARCH to slc5_amd64_gcc462
SCRAM_ARCH = slc5_amd64_gcc462
>>> setup CMS LCG environment:
set SCRAM ARCH and BUILD_ARCH to slc5_amd64_gcc462 ###
Sourcing environment... 
sourcing /cvmfs/cms.cern.ch/cmsset_default.sh
==> setup cms environment ok
>>> specific cmssw setup environment:
CMSSW_VERSION =  CMSSW_5_3_5
>>> current directory (SOFTWARE_DIR): /home/cms064/home_crce1_808107453/CREAM808107453/glide_Py9570/execute/dir_21420/CMSSW_5_3_5
PreserveSeeds: <>
IncrementSeeds:<>
{}
WNHostName=wn-v-2720.local
>>> info for dashboard:
***** Cat /home/cms064/home_crce1_808107453/CREAM808107453/glide_Py9570/execute/dir_21420/jobreport.txt *****
MonitorJobID=37_https://submit-2.t2.ucsd.edu//121127//17528.36
MonitorID=liis_crab_0_121127_012526_r0h5c1
WNHostName=wn-v-2720.local
***** End Cat jobreport *****
Parameters sent to Dashboard.
crabWatchdog started as process 25269
>>> moving CMSSW software directories in /home/cms064/home_crce1_808107453/CREAM808107453/glide_Py9570/execute/dir_21420/CMSSW_5_3_5
mv: cannot stat `/home/cms064/home_crce1_808107453/CREAM808107453/glide_Py9570/execute/dir_21420/module/': No such file or directory
>>> Include /home/cms064/home_crce1_808107453/CREAM808107453/glide_Py9570/execute/dir_21420 in PYTHONPATH:
PYTHONPATH=/home/cms064/home_crce1_808107453/CREAM808107453/glide_Py9570/execute/dir_21420/:/home/cms064/home_crce1_808107453/CREAM808107453/glide_Py9570/execute/dir_21420/CMSSW_5_3_5/python:/home/cms064/home_crce1_808107453/CREAM808107453/glide_Py9570/execute/dir_21420/CMSSW_5_3_5/lib/slc5_amd64_gcc462:/cvmfs/cms.cern.ch/slc5_amd64_gcc462/cms/cmssw/CMSSW_5_3_5/python:/cvmfs/cms.cern.ch/slc5_amd64_gcc462/cms/cmssw/CMSSW_5_3_5/lib/slc5_amd64_gcc462:/cvmfs/cms.cern.ch/slc5_amd64_gcc462/cms/coral/CORAL_2_3_21-cms27/slc5_amd64_gcc462/python:/cvmfs/cms.cern.ch/slc5_amd64_gcc462/cms/coral/CORAL_2_3_21-cms27/slc5_amd64_gcc462/lib:/cvmfs/cms.cern.ch/slc5_amd64_gcc462/external/pyqt/4.8.1/lib/python2.6/site-packages:/cvmfs/cms.cern.ch/slc5_amd64_gcc462/external/py2-scipy/0.8.0/lib/python2.6/site-packages:/cvmfs/cms.cern.ch/slc5_amd64_gcc462/external/py2-matplotlib/1.0.1/lib/python2.6/site-packages:/cvmfs/cms.cern.ch/slc5_amd64_gcc462/external/python-ldap/2.3.5/lib/python2.6/site-packages:/cvmfs/cms.cern.ch/slc5_amd64_gcc462/external/sip/4.11.2/lib/python2.6/site-packages:/cvmfs/cms.cern.ch/slc5_amd64_gcc462/external/py2-pycurl/7.19.0/lib/python2.6/site-packages:/cvmfs/cms.cern.ch/slc5_amd64_gcc462/external/py2-numpy/1.6.1/lib/python2.6/site-packages:/cvmfs/cms.cern.ch/slc5_amd64_gcc462/external/py2-ipython/0.10/lib/python2.6/site-packages:/cvmfs/cms.cern.ch/slc5_amd64_gcc462/external/py2-cx-oracle/5.1-cms11/lib/python2.6/site-packages:/cvmfs/cms.cern.ch/slc5_amd64_gcc462/external/py2-cjson/1.0.5/lib/python2.6/site-packages:/cvmfs/cms.cern.ch/slc5_amd64_gcc462/cms/das-client/1.4.1-cms8/bin:/cvmfs/cms.cern.ch/slc5_amd64_gcc462/external/elementtree/1.2.6/share/lib/python2.6/site-packages:/cvmfs/cms.cern.ch/slc5_amd64_gcc462/external/rivet/1.5.1-cms10/lib/python2.6/site-packages:/cvmfs/cms.cern.ch/slc5_amd64_gcc462/external/pyminuit2/0.0.1-cms34/lib/python2.6/site-packages:/cvmfs/cms.cern.ch/slc5_amd64_gcc462/external/professor/1.0.0-cms35/lib/python2.6/site-packages:/cvmfs/cms.cern.ch/slc5_amd64_gcc462/lcg/root/5.32.00-cms18/lib:/cvmfs/cms.cern.ch/slc5_amd64_gcc462/cms/dbs-client/DBS_2_1_1_patch1_1/lib:/cvmfs/cms.cern.ch/slc5_amd64_gcc462/cms/dbs-client/DBS_2_1_1_patch1_1/lib/DBSAPI:/home/cms064/home_crce1_808107453/CREAM808107453/glide_Py9570/execute/dir_21420/
241a2a19cb7c5c8751ba22759ab3bdb0
PSETHASH = 241a2a19cb7c5c8751ba22759ab3bdb0
/home/cms064/home_crce1_808107453/CREAM808107453/glide_Py9570/execute/dir_21420/writeCfg.py pset.py pset.py
Importing .py file
Setting parameters
inputBlocks=/QCD_Pt_350_EMEnriched_TuneZ2star_8TeV_pythia6/mario-Summer12-stop-pfele-step1-3d176ac8da5e9dff208d057f4733ca91/USER#2ef68d93-4c3b-40b9-98c3-bc862db01b2a
inputFiles=/store/user/mario/QCD_Pt_350_EMEnriched_TuneZ2star_8TeV_pythia6/Summer12-stop-pfele-step1/3d176ac8da5e9dff208d057f4733ca91/tuple_284_8_B9E.root;/store/user/mario/QCD_Pt_350_EMEnriched_TuneZ2star_8TeV_pythia6/Summer12-stop-pfele-step1/3d176ac8da5e9dff208d057f4733ca91/tuple_285_8_Bta.root;/store/user/mario/QCD_Pt_350_EMEnriched_TuneZ2star_8TeV_pythia6/Summer12-stop-pfele-step1/3d176ac8da5e9dff208d057f4733ca91/tuple_286_8_UlD.root;/store/user/mario/QCD_Pt_350_EMEnriched_TuneZ2star_8TeV_pythia6/Summer12-stop-pfele-step1/3d176ac8da5e9dff208d057f4733ca91/tuple_287_8_EQP.root;/store/user/mario/QCD_Pt_350_EMEnriched_TuneZ2star_8TeV_pythia6/Summer12-stop-pfele-step1/3d176ac8da5e9dff208d057f4733ca91/tuple_289_6_u75.root
parentFiles=
lumisRange=
>>> Executable cmsRun
/cvmfs/cms.cern.ch/slc5_amd64_gcc462/cms/cmssw/CMSSW_5_3_5/bin/slc5_amd64_gcc462/cmsRun
ok executable found
>>> info for dashboard:
***** Cat /home/cms064/home_crce1_808107453/CREAM808107453/glide_Py9570/execute/dir_21420/jobreport.txt *****
MonitorJobID=37_https://submit-2.t2.ucsd.edu//121127//17528.36
MonitorID=liis_crab_0_121127_012526_r0h5c1
ExeStart=cmsRun
***** End Cat jobreport *****
Parameters sent to Dashboard.
>>> cmsRun started at Mon Nov 26 23:47:53 UTC 2012
>>> cmsRun ended at Tue Nov 27 00:03:23 UTC 2012
>>> info for dashboard:
***** Cat /home/cms064/home_crce1_808107453/CREAM808107453/glide_Py9570/execute/dir_21420/jobreport.txt *****
MonitorJobID=37_https://submit-2.t2.ucsd.edu//121127//17528.36
MonitorID=liis_crab_0_121127_012526_r0h5c1
ExeEnd=cmsRun
***** End Cat jobreport *****
Parameters sent to Dashboard.
TIME_EXE = 930 sec
>>> cmsRun wrote 165 lines of stdout+stderr
>>> START OF printout of 165 lines from stdout+stderr
27-Nov-2012 01:48:14 EET  Initiating request to open file file:/hdfs/cms/store/user/mario/QCD_Pt_350_EMEnriched_TuneZ2star_8TeV_pythia6/Summer12-stop-pfele-step1/3d176ac8da5e9dff208d057f4733ca91/tuple_284_8_B9E.root
27-Nov-2012 01:48:23 EET  Successfully opened file file:/hdfs/cms/store/user/mario/QCD_Pt_350_EMEnriched_TuneZ2star_8TeV_pythia6/Summer12-stop-pfele-step1/3d176ac8da5e9dff208d057f4733ca91/tuple_284_8_B9E.root
Begin processing the 1st record. Run 1, Event 1058902, LumiSection 243 at 27-Nov-2012 01:48:51.761 EET
Begin processing the 1001st record. Run 1, Event 7355382, LumiSection 1686 at 27-Nov-2012 01:49:02.173 EET
Begin processing the 2001st record. Run 1, Event 8144952, LumiSection 1867 at 27-Nov-2012 01:49:07.216 EET
Begin processing the 3001st record. Run 1, Event 9642294, LumiSection 2211 at 27-Nov-2012 01:49:11.934 EET
Begin processing the 4001st record. Run 1, Event 113159052, LumiSection 25937 at 27-Nov-2012 01:49:20.458 EET
Begin processing the 5001st record. Run 1, Event 118674339, LumiSection 27201 at 27-Nov-2012 01:49:24.749 EET
Begin processing the 6001st record. Run 1, Event 158434786, LumiSection 36314 at 27-Nov-2012 01:49:30.233 EET
Begin processing the 7001st record. Run 1, Event 158326297, LumiSection 36289 at 27-Nov-2012 01:49:34.448 EET
Begin processing the 8001st record. Run 1, Event 264959566, LumiSection 60729 at 27-Nov-2012 01:49:39.991 EET
Begin processing the 9001st record. Run 1, Event 284393508, LumiSection 65184 at 27-Nov-2012 01:49:44.070 EET
27-Nov-2012 01:49:44 EET  Closed file file:/hdfs/cms/store/user/mario/QCD_Pt_350_EMEnriched_TuneZ2star_8TeV_pythia6/Summer12-stop-pfele-step1/3d176ac8da5e9dff208d057f4733ca91/tuple_284_8_B9E.root
27-Nov-2012 01:49:44 EET  Initiating request to open file file:/hdfs/cms/store/user/mario/QCD_Pt_350_EMEnriched_TuneZ2star_8TeV_pythia6/Summer12-stop-pfele-step1/3d176ac8da5e9dff208d057f4733ca91/tuple_285_8_Bta.root
27-Nov-2012 01:49:44 EET  Successfully opened file file:/hdfs/cms/store/user/mario/QCD_Pt_350_EMEnriched_TuneZ2star_8TeV_pythia6/Summer12-stop-pfele-step1/3d176ac8da5e9dff208d057f4733ca91/tuple_285_8_Bta.root
Begin processing the 10001st record. Run 1, Event 285782013, LumiSection 65502 at 27-Nov-2012 01:50:24.509 EET
Begin processing the 11001st record. Run 1, Event 288336622, LumiSection 66087 at 27-Nov-2012 01:50:30.109 EET
Begin processing the 12001st record. Run 1, Event 184244764, LumiSection 42229 at 27-Nov-2012 01:50:33.797 EET
Begin processing the 13001st record. Run 1, Event 201331402, LumiSection 46146 at 27-Nov-2012 01:50:40.347 EET
Begin processing the 14001st record. Run 1, Event 238732543, LumiSection 54718 at 27-Nov-2012 01:50:44.205 EET
Begin processing the 15001st record. Run 1, Event 246284873, LumiSection 56449 at 27-Nov-2012 01:50:52.520 EET
Begin processing the 16001st record. Run 1, Event 183197637, LumiSection 41989 at 27-Nov-2012 01:51:00.020 EET
Begin processing the 17001st record. Run 1, Event 176013395, LumiSection 40343 at 27-Nov-2012 01:51:04.423 EET
Begin processing the 18001st record. Run 1, Event 183313059, LumiSection 42016 at 27-Nov-2012 01:51:12.091 EET
Begin processing the 19001st record. Run 1, Event 197567916, LumiSection 45283 at 27-Nov-2012 01:51:16.805 EET
Begin processing the 20001st record. Run 1, Event 290711131, LumiSection 66632 at 27-Nov-2012 01:51:26.601 EET
Begin processing the 21001st record. Run 1, Event 292155981, LumiSection 66963 at 27-Nov-2012 01:51:30.878 EET
Begin processing the 22001st record. Run 1, Event 302738132, LumiSection 69388 at 27-Nov-2012 01:51:37.213 EET
Begin processing the 23001st record. Run 1, Event 304619668, LumiSection 69819 at 27-Nov-2012 01:51:41.439 EET
Begin processing the 24001st record. Run 1, Event 106560, LumiSection 25 at 27-Nov-2012 01:51:46.773 EET
Begin processing the 25001st record. Run 1, Event 546908, LumiSection 126 at 27-Nov-2012 01:51:51.768 EET
Begin processing the 26001st record. Run 1, Event 4100277, LumiSection 940 at 27-Nov-2012 01:51:56.135 EET
Begin processing the 27001st record. Run 1, Event 7202651, LumiSection 1651 at 27-Nov-2012 01:52:02.582 EET
Begin processing the 28001st record. Run 1, Event 248421090, LumiSection 56939 at 27-Nov-2012 01:52:07.249 EET
Begin processing the 29001st record. Run 1, Event 29159426, LumiSection 6684 at 27-Nov-2012 01:52:13.330 EET
Begin processing the 30001st record. Run 1, Event 128668175, LumiSection 29491 at 27-Nov-2012 01:52:17.552 EET
Begin processing the 31001st record. Run 1, Event 100899898, LumiSection 23127 at 27-Nov-2012 01:52:25.783 EET
Begin processing the 32001st record. Run 1, Event 158500760, LumiSection 36329 at 27-Nov-2012 01:52:30.209 EET
Begin processing the 33001st record. Run 1, Event 158605823, LumiSection 36353 at 27-Nov-2012 01:52:36.236 EET
Begin processing the 34001st record. Run 1, Event 175674657, LumiSection 40265 at 27-Nov-2012 01:52:42.084 EET
Begin processing the 35001st record. Run 1, Event 176600322, LumiSection 40477 at 27-Nov-2012 01:52:46.119 EET
Begin processing the 36001st record. Run 1, Event 182762521, LumiSection 41890 at 27-Nov-2012 01:52:52.731 EET
Begin processing the 37001st record. Run 1, Event 182719902, LumiSection 41880 at 27-Nov-2012 01:52:56.650 EET
Begin processing the 38001st record. Run 1, Event 198105882, LumiSection 45406 at 27-Nov-2012 01:53:06.090 EET
Begin processing the 39001st record. Run 1, Event 215986309, LumiSection 49505 at 27-Nov-2012 01:53:10.003 EET
Begin processing the 40001st record. Run 1, Event 197724597, LumiSection 45319 at 27-Nov-2012 01:53:14.954 EET
27-Nov-2012 01:53:17 EET  Closed file file:/hdfs/cms/store/user/mario/QCD_Pt_350_EMEnriched_TuneZ2star_8TeV_pythia6/Summer12-stop-pfele-step1/3d176ac8da5e9dff208d057f4733ca91/tuple_285_8_Bta.root
27-Nov-2012 01:53:17 EET  Initiating request to open file file:/hdfs/cms/store/user/mario/QCD_Pt_350_EMEnriched_TuneZ2star_8TeV_pythia6/Summer12-stop-pfele-step1/3d176ac8da5e9dff208d057f4733ca91/tuple_286_8_UlD.root
27-Nov-2012 01:53:18 EET  Successfully opened file file:/hdfs/cms/store/user/mario/QCD_Pt_350_EMEnriched_TuneZ2star_8TeV_pythia6/Summer12-stop-pfele-step1/3d176ac8da5e9dff208d057f4733ca91/tuple_286_8_UlD.root
Begin processing the 41001st record. Run 1, Event 201107014, LumiSection 46094 at 27-Nov-2012 01:53:46.784 EET
Begin processing the 42001st record. Run 1, Event 216205279, LumiSection 49555 at 27-Nov-2012 01:53:51.805 EET
Begin processing the 43001st record. Run 1, Event 215971533, LumiSection 49501 at 27-Nov-2012 01:53:59.678 EET
Begin processing the 44001st record. Run 1, Event 237469019, LumiSection 54428 at 27-Nov-2012 01:54:03.802 EET
Begin processing the 45001st record. Run 1, Event 285380062, LumiSection 65410 at 27-Nov-2012 01:54:09.670 EET
Begin processing the 46001st record. Run 1, Event 289062723, LumiSection 66254 at 27-Nov-2012 01:54:19.796 EET
Begin processing the 47001st record. Run 1, Event 290171854, LumiSection 66508 at 27-Nov-2012 01:54:24.175 EET
Begin processing the 48001st record. Run 1, Event 301596969, LumiSection 69127 at 27-Nov-2012 01:54:29.671 EET
Begin processing the 49001st record. Run 1, Event 301690020, LumiSection 69148 at 27-Nov-2012 01:54:33.944 EET
Begin processing the 50001st record. Run 1, Event 306952883, LumiSection 70354 at 27-Nov-2012 01:54:40.133 EET
Begin processing the 51001st record. Run 1, Event 314890505, LumiSection 72173 at 27-Nov-2012 01:54:43.824 EET
Begin processing the 52001st record. Run 1, Event 317003424, LumiSection 72658 at 27-Nov-2012 01:54:49.217 EET
Begin processing the 53001st record. Run 1, Event 2045093, LumiSection 469 at 27-Nov-2012 01:54:56.064 EET
Begin processing the 54001st record. Run 1, Event 7320797, LumiSection 1678 at 27-Nov-2012 01:55:02.073 EET
Begin processing the 55001st record. Run 1, Event 77630634, LumiSection 17793 at 27-Nov-2012 01:55:08.282 EET
Begin processing the 56001st record. Run 1, Event 37712263, LumiSection 8644 at 27-Nov-2012 01:55:12.584 EET
Begin processing the 57001st record. Run 1, Event 271584882, LumiSection 62248 at 27-Nov-2012 01:55:19.431 EET
Begin processing the 58001st record. Run 1, Event 279090020, LumiSection 63968 at 27-Nov-2012 01:55:28.822 EET
Begin processing the 59001st record. Run 1, Event 285404311, LumiSection 65415 at 27-Nov-2012 01:55:33.245 EET
Begin processing the 60001st record. Run 1, Event 288187890, LumiSection 66053 at 27-Nov-2012 01:55:40.149 EET
Begin processing the 61001st record. Run 1, Event 296457130, LumiSection 67949 at 27-Nov-2012 01:55:43.836 EET
Begin processing the 62001st record. Run 1, Event 303539991, LumiSection 69572 at 27-Nov-2012 01:55:49.895 EET
Begin processing the 63001st record. Run 1, Event 303148180, LumiSection 69482 at 27-Nov-2012 01:55:54.450 EET
Begin processing the 64001st record. Run 1, Event 317966734, LumiSection 72879 at 27-Nov-2012 01:56:03.695 EET
Begin processing the 65001st record. Run 1, Event 246725500, LumiSection 56550 at 27-Nov-2012 01:56:09.997 EET
Begin processing the 66001st record. Run 1, Event 244183433, LumiSection 55967 at 27-Nov-2012 01:56:14.495 EET
Begin processing the 67001st record. Run 1, Event 248892476, LumiSection 57047 at 27-Nov-2012 01:56:20.323 EET
Begin processing the 68001st record. Run 1, Event 251331736, LumiSection 57606 at 27-Nov-2012 01:56:25.312 EET
Begin processing the 69001st record. Run 1, Event 4610975, LumiSection 1057 at 27-Nov-2012 01:56:30.740 EET
Begin processing the 70001st record. Run 1, Event 5690431, LumiSection 1305 at 27-Nov-2012 01:56:37.289 EET
Begin processing the 71001st record. Run 1, Event 9536627, LumiSection 2186 at 27-Nov-2012 01:56:41.323 EET
Begin processing the 72001st record. Run 1, Event 20438179, LumiSection 4685 at 27-Nov-2012 01:56:45.804 EET
27-Nov-2012 01:56:46 EET  Closed file file:/hdfs/cms/store/user/mario/QCD_Pt_350_EMEnriched_TuneZ2star_8TeV_pythia6/Summer12-stop-pfele-step1/3d176ac8da5e9dff208d057f4733ca91/tuple_286_8_UlD.root
27-Nov-2012 01:56:46 EET  Initiating request to open file file:/hdfs/cms/store/user/mario/QCD_Pt_350_EMEnriched_TuneZ2star_8TeV_pythia6/Summer12-stop-pfele-step1/3d176ac8da5e9dff208d057f4733ca91/tuple_287_8_EQP.root
27-Nov-2012 01:56:46 EET  Successfully opened file file:/hdfs/cms/store/user/mario/QCD_Pt_350_EMEnriched_TuneZ2star_8TeV_pythia6/Summer12-stop-pfele-step1/3d176ac8da5e9dff208d057f4733ca91/tuple_287_8_EQP.root
Begin processing the 73001st record. Run 1, Event 36016784, LumiSection 8256 at 27-Nov-2012 01:57:17.921 EET
Begin processing the 74001st record. Run 1, Event 60901155, LumiSection 13959 at 27-Nov-2012 01:57:24.063 EET
Begin processing the 75001st record. Run 1, Event 88979928, LumiSection 20395 at 27-Nov-2012 01:57:28.791 EET
Begin processing the 76001st record. Run 1, Event 143057439, LumiSection 32789 at 27-Nov-2012 01:57:36.205 EET
Begin processing the 77001st record. Run 1, Event 172125099, LumiSection 39452 at 27-Nov-2012 01:57:40.413 EET
Begin processing the 78001st record. Run 1, Event 171418984, LumiSection 39290 at 27-Nov-2012 01:57:46.799 EET
Begin processing the 79001st record. Run 1, Event 218998680, LumiSection 50195 at 27-Nov-2012 01:57:51.812 EET
Begin processing the 80001st record. Run 1, Event 244300449, LumiSection 55994 at 27-Nov-2012 01:57:59.199 EET
Begin processing the 81001st record. Run 1, Event 256146741, LumiSection 58709 at 27-Nov-2012 01:58:06.744 EET
Begin processing the 82001st record. Run 1, Event 257501116, LumiSection 59020 at 27-Nov-2012 01:58:11.531 EET
Begin processing the 83001st record. Run 1, Event 259378282, LumiSection 59450 at 27-Nov-2012 01:58:19.591 EET
Begin processing the 84001st record. Run 1, Event 259204482, LumiSection 59410 at 27-Nov-2012 01:58:25.606 EET
Begin processing the 85001st record. Run 1, Event 266903264, LumiSection 61175 at 27-Nov-2012 01:58:31.172 EET
Begin processing the 86001st record. Run 1, Event 266868740, LumiSection 61167 at 27-Nov-2012 01:58:36.647 EET
Begin processing the 87001st record. Run 1, Event 270086500, LumiSection 61904 at 27-Nov-2012 01:58:39.775 EET
Begin processing the 88001st record. Run 1, Event 274011245, LumiSection 62804 at 27-Nov-2012 01:58:45.093 EET
Begin processing the 89001st record. Run 1, Event 274392140, LumiSection 62891 at 27-Nov-2012 01:58:47.998 EET
Begin processing the 90001st record. Run 1, Event 279839487, LumiSection 64140 at 27-Nov-2012 01:58:54.278 EET
Begin processing the 91001st record. Run 1, Event 279868909, LumiSection 64146 at 27-Nov-2012 01:59:01.215 EET
Begin processing the 92001st record. Run 1, Event 251345784, LumiSection 57609 at 27-Nov-2012 01:59:05.665 EET
Begin processing the 93001st record. Run 1, Event 257342102, LumiSection 58983 at 27-Nov-2012 01:59:12.921 EET
Begin processing the 94001st record. Run 1, Event 259843569, LumiSection 59557 at 27-Nov-2012 01:59:20.911 EET
Begin processing the 95001st record. Run 1, Event 262397229, LumiSection 60142 at 27-Nov-2012 01:59:24.604 EET
Begin processing the 96001st record. Run 1, Event 261007423, LumiSection 59823 at 27-Nov-2012 01:59:32.743 EET
Begin processing the 97001st record. Run 1, Event 262788823, LumiSection 60232 at 27-Nov-2012 01:59:37.592 EET
Begin processing the 98001st record. Run 1, Event 264872237, LumiSection 60709 at 27-Nov-2012 01:59:43.521 EET
Begin processing the 99001st record. Run 1, Event 265127541, LumiSection 60768 at 27-Nov-2012 01:59:48.502 EET
Begin processing the 100001st record. Run 1, Event 264372, LumiSection 61 at 27-Nov-2012 01:59:54.718 EET
Begin processing the 101001st record. Run 1, Event 4856469, LumiSection 1114 at 27-Nov-2012 02:00:00.274 EET
Begin processing the 102001st record. Run 1, Event 18389417, LumiSection 4215 at 27-Nov-2012 02:00:05.165 EET
Begin processing the 103001st record. Run 1, Event 296549879, LumiSection 67970 at 27-Nov-2012 02:00:12.069 EET
27-Nov-2012 02:00:13 EET  Closed file file:/hdfs/cms/store/user/mario/QCD_Pt_350_EMEnriched_TuneZ2star_8TeV_pythia6/Summer12-stop-pfele-step1/3d176ac8da5e9dff208d057f4733ca91/tuple_287_8_EQP.root
27-Nov-2012 02:00:13 EET  Initiating request to open file file:/hdfs/cms/store/user/mario/QCD_Pt_350_EMEnriched_TuneZ2star_8TeV_pythia6/Summer12-stop-pfele-step1/3d176ac8da5e9dff208d057f4733ca91/tuple_289_6_u75.root
27-Nov-2012 02:00:13 EET  Successfully opened file file:/hdfs/cms/store/user/mario/QCD_Pt_350_EMEnriched_TuneZ2star_8TeV_pythia6/Summer12-stop-pfele-step1/3d176ac8da5e9dff208d057f4733ca91/tuple_289_6_u75.root
Begin processing the 104001st record. Run 1, Event 9975775, LumiSection 2287 at 27-Nov-2012 02:00:40.053 EET
Begin processing the 105001st record. Run 1, Event 17647167, LumiSection 4045 at 27-Nov-2012 02:00:44.390 EET
Begin processing the 106001st record. Run 1, Event 27983253, LumiSection 6414 at 27-Nov-2012 02:00:50.916 EET
Begin processing the 107001st record. Run 1, Event 32782155, LumiSection 7514 at 27-Nov-2012 02:00:57.097 EET
Begin processing the 108001st record. Run 1, Event 67644031, LumiSection 15505 at 27-Nov-2012 02:01:00.897 EET
Begin processing the 109001st record. Run 1, Event 84450959, LumiSection 19357 at 27-Nov-2012 02:01:06.567 EET
Begin processing the 110001st record. Run 1, Event 92352134, LumiSection 21168 at 27-Nov-2012 02:01:10.203 EET
Begin processing the 111001st record. Run 1, Event 102737145, LumiSection 23548 at 27-Nov-2012 02:01:16.526 EET
Begin processing the 112001st record. Run 1, Event 134954583, LumiSection 30932 at 27-Nov-2012 02:01:20.109 EET
Begin processing the 113001st record. Run 1, Event 142604195, LumiSection 32685 at 27-Nov-2012 02:01:28.098 EET
Begin processing the 114001st record. Run 1, Event 145706574, LumiSection 33396 at 27-Nov-2012 02:01:31.998 EET
Begin processing the 115001st record. Run 1, Event 148277912, LumiSection 33986 at 27-Nov-2012 02:01:38.070 EET
Begin processing the 116001st record. Run 1, Event 32126257, LumiSection 7364 at 27-Nov-2012 02:01:47.761 EET
Begin processing the 117001st record. Run 1, Event 46241903, LumiSection 10599 at 27-Nov-2012 02:01:52.113 EET
Begin processing the 118001st record. Run 1, Event 72730627, LumiSection 16670 at 27-Nov-2012 02:01:58.276 EET
Begin processing the 119001st record. Run 1, Event 104612130, LumiSection 23978 at 27-Nov-2012 02:02:03.633 EET
Begin processing the 120001st record. Run 1, Event 153792859, LumiSection 35250 at 27-Nov-2012 02:02:10.366 EET
Begin processing the 121001st record. Run 1, Event 173588938, LumiSection 39787 at 27-Nov-2012 02:02:15.069 EET
Begin processing the 122001st record. Run 1, Event 168297260, LumiSection 38574 at 27-Nov-2012 02:02:20.395 EET
Begin processing the 123001st record. Run 1, Event 170755374, LumiSection 39138 at 27-Nov-2012 02:02:28.627 EET
Begin processing the 124001st record. Run 1, Event 184309283, LumiSection 42244 at 27-Nov-2012 02:02:33.493 EET
Begin processing the 125001st record. Run 1, Event 173774252, LumiSection 39830 at 27-Nov-2012 02:02:39.957 EET
Begin processing the 126001st record. Run 1, Event 174796006, LumiSection 40064 at 27-Nov-2012 02:02:44.278 EET
Begin processing the 127001st record. Run 1, Event 198680070, LumiSection 45538 at 27-Nov-2012 02:02:51.256 EET
Begin processing the 128001st record. Run 1, Event 37459008, LumiSection 8586 at 27-Nov-2012 02:02:56.012 EET
Begin processing the 129001st record. Run 1, Event 52121959, LumiSection 11947 at 27-Nov-2012 02:03:03.035 EET
Begin processing the 130001st record. Run 1, Event 84269494, LumiSection 19315 at 27-Nov-2012 02:03:08.866 EET
Begin processing the 131001st record. Run 1, Event 96150074, LumiSection 22038 at 27-Nov-2012 02:03:14.239 EET
27-Nov-2012 02:03:21 EET  Closed file file:/hdfs/cms/store/user/mario/QCD_Pt_350_EMEnriched_TuneZ2star_8TeV_pythia6/Summer12-stop-pfele-step1/3d176ac8da5e9dff208d057f4733ca91/tuple_289_6_u75.root

=============================================

MessageLogger Summary

 type     category        sev    module        subroutine        count    total
 ---- -------------------- -- ---------------- ----------------  -----    -----
    1 fileAction           -s file_close                             5        5
    2 fileAction           -s file_open                             10       10

 type    category    Examples: run/evt        run/evt          run/evt
 ---- -------------------- ---------------- ---------------- ----------------
    1 fileAction           PostProcessEvent PostProcessEvent PostEndRun
    2 fileAction           pre-events       pre-events       PostProcessEvent

Severity    # Occurrences   Total Occurrences
--------    -------------   -----------------
System                 15                  15
>>> END OF printout of 165 lines from stdout+stderr
>>> Parse FrameworkJobReport crab_fjr.xml
Result of parsing the FrameworkJobReport crab_fjr.xml: Popularity start
lumisRange : 1::61,207,704,830,1114,1118,1139,1145,1207,1229,1347,1589,1655,2150,2180,2190,2620,4215,4685,5586,7699,8248,8256,9753,12397,12419,13959,14413,14455,14459,14822,15794,20011,20395,27879,31661,32789,33291,33647,33651,34630,38626,38730,39174,39177,39180,39185,39263,39290,39452,40121,40224,50151,50195,51980,55127,55158,55286,55971,55994,56993,57609,57633,58054,58552,58555,58560,58709,58718,58721-58722,58983-58984,59018-59020,59120,59129,59134,59144,59157,59160,59164,59323,59410,59446,59450,59477,59523,59539,59541,59557,59823,59828,60068,60101,60141-60142,60197,60200,60209,60229,60232,60235-60236,60241,60257,60264,60458,60464,60682,60700,60709,60712,60717,60723,60728,60741,60744,60755,60758,60768-60769,60786,60842,60928,61069,61071,61139,61156,61158,61165,61167,61175,61297,61679-61680,61688,61693,61901,61904,61916,62540,62543,62625,62804,62819,62837-62838,62891,62978,63154,63421,63464,63538,63588,63596,64140,64144,64146,64161,64165,64189,64224,64582,64589,64720,67970,69880,72927::1;1::243,1456,1596,1624,1640,1656,1686,1749,1867,2031,2062,2067,2084,2111,2211,2273,21101,25584,25833,25909,25937,26983,27201,28514,28547,30193,32220,32482,32517,36283,36289,36300,36314,36326,40328,57626,59249,59314,59851,60729,61218,62209,64343,65184,65476,65606,67968,72913::2;1::10,32,172,458,469,482,957,1057,1111,1136,1150,1164,1172,1305,1398,1422,1678,1684,1713,2022,2079,2186,2307,2444,2792-2793,3615,4172,4461,4492,4504,4673,4685,8644,17793,22222,45412,45421,45423,45426,45452,45456,46094,47201,47405,48072,48148,49477,49484,49501,49507,49555,51532,51588,51976,51986,54427-54428,54636,55110,55138,55357,55967,56003,56088,56349,56541,56550,56602,56899,57047,57116,57124,57126,57129,57606,59623,62124-62125,62144,62248,62660,63472,63683,63810,63968,64260,64497,64543,65241,65313,65410,65415,65478,65486,65500,65541,65634,65704,66053,66242,66247,66251,66253-66255,66306,66308,66508,66542,67014,67022,67086,67100,67272,67274,67343,67378,67949,68646,68746,69085,69087,69113,69122,69124,69127,69137,69148,69151,69158,69201,69290,69361,69373,69384,69428,69482,69515,69572,69626,69631,69902,70034,70041,70059,70300,70354,70405,70561,70688,70928,71090,71329,72046,72173,72175,72260-72261,72525,72566,72658,72700,72771,72804,72876,72879,72911::3;1::9,25,53,65,79,126,479,490,755,915,940,942,1401,1427,1641,1651,1932,1964,2074-2075,2343,3246,3759,3826,5406,6684,6696,12142,12563,13082,14467,14480,16686,16689,21192,23127,23441,27185,29491,32401,32418,36329,36334,36349,36353,36383,37808,40170,40252,40263,40265,40272,40292,40295-40296,40307,40330,40336,40343,40362,40376,40379-40380,40382,40385,40388,40401-40402,40477,40480,40631-40632,40677,41880,41883,41888,41890,41892,41898,41916,41968,41980,41988-41989,42007,42009,42016,42020,42206,42229,42250,42292,42439,42818,42926,42955,43032,43044,43066,43335,44353,45283,45285,45295,45318-45319,45330,45333,45339,45358,45366,45406,45412,46146,46159,47191,49476,49505,49542,54645,54666,54709,54718,54812,54815,55042,56449,56939,57861,57942,58158,62246,65184,65237,65245,65361,65474,65483,65487,65502,65527,66024,66087,66158,66165,66364,66631-66632,66671,66760,66777,66963,67108,67635,67668,69188,69385,69388,69444-69445,69447,69653,69819,70058,70395,70584,70587,72045::4;1::285,376,2007,2128,2287,3495,3515,3977,4045,4050,4309,4936,6101,6414,6423,7244-7245,7256,7276,7364,7381,7514,8586,8589,8729,8731,9484,9667,9827-9828,10329,10338,10599,11834,11947,12190,12666,13739,13937,14039,14077,14084,14178,14660,15505,16662,16670,16718,17104,17139,17492,17570,19202,19315,19331,19357,19453,19562,19581,19863,20121,20145,20296,21149,21165,21168,21172,21190,21425,21683,21712,21769,22026,22038,22710,22957,22968,23536,23548,23809,23978,27215,27469,27784,27788,28292,30790,30932,31025,31420,32597,32654,32665,32685,33053,33061,33071,33396,33401,33416,33467,33986,34015,34072,35249-35250,35618,35658,35660,35670,35673,37176,37216,37268,37584,37737,38574,38708,38728,39121,39129,39138,39176,39182,39673,39696,39724,39748,39763,39785,39787,39790,39830,39834,39860,40021,40064,40221,40462,40486,40495,40504,40587,41334,42244,42934,43484,45538,47144,51967,52177::5;
lumisParentRange : 
Basename : /store/user/mario/QCD_Pt_350_EMEnriched_TuneZ2star_8TeV_pythia6/Summer12-stop-pfele-step1/3d176ac8da5e9dff208d057f4733ca91/tuple_28
BasenameParent : 
parentFiles : 
inputBlocks : /QCD_Pt_350_EMEnriched_TuneZ2star_8TeV_pythia6/mario-Summer12-stop-pfele-step1-3d176ac8da5e9dff208d057f4733ca91/USER#2ef68d93-4c3b-40b9-98c3-bc862db01b2a
inputFiles : 7_8_EQP.root::1::EDM::Local::1;4_8_B9E.root::1::EDM::Local::2;6_8_UlD.root::1::EDM::Local::3;5_8_Bta.root::1::EDM::Local::4;9_6_u75.root::1::EDM::Local::5;
Popularity stop
Extracted ExitStatus from FrameworkJobReport parsing output: 0
>>> Executable succeded  0
ExeExitCode=0
EXECUTABLE_EXIT_STATUS = 0
>>> current directory /home/cms064/home_crce1_808107453/CREAM808107453/glide_Py9570/execute/dir_21420/CMSSW_5_3_5
>>>  (SOFTWARE_DIR): /home/cms064/home_crce1_808107453/CREAM808107453/glide_Py9570/execute/dir_21420/CMSSW_5_3_5
>>> (WORKING_DIR): 
>>> current directory content:
total 164
drwxr-xr-x 3 cms064 cms  4096 Nov 27 01:47 .SCRAM
-rw-r--r-- 1 cms064 cms 30066 Nov 27 01:47 CMSSW.py.pkl
drwxr-xr-x 3 cms064 cms  4096 Nov 27 01:47 bin
drwxr-xr-x 3 cms064 cms  4096 Nov 27 01:47 cfipython
drwxr-xr-x 5 cms064 cms  4096 Nov 27 01:47 config
-rw-r--r-- 1 cms064 cms    17 Nov 27 02:03 cpu_timing.txt
drwxr-xr-x 2 cms064 cms  4096 Nov 27 01:47 doc
-rw-r--r-- 1 cms064 cms 18516 Nov 27 02:03 executable.out
drwxr-xr-x 2 cms064 cms  4096 Nov 27 01:47 include
drwxrwxrwx 3 cms064 cms  4096 Oct 22 16:38 lib
drwxr-xr-x 3 cms064 cms  4096 Nov 27 01:47 logs
drwxr-xr-x 3 cms064 cms  4096 Nov 27 01:47 objs
-rw-r--r-- 1 cms064 cms 18071 Nov 27 02:03 optHistograms.root
-rw-r--r-- 1 cms064 cms   104 Nov 27 01:47 pset.py
-rw-r--r-- 1 cms064 cms 19489 Nov 27 01:47 pset.py.pkl
-rw-r--r-- 1 cms064 cms   289 Nov 27 01:47 pset.pyc
drwxr-xr-x 2 cms064 cms  4096 Nov 27 01:47 python
-rw-r--r-- 1 cms064 cms   420 Nov 27 02:03 report.log
drwxrwxrwx 4 cms064 cms  4096 Nov 27 01:47 src
drwxr-xr-x 3 cms064 cms  4096 Nov 27 01:47 test
drwxr-xr-x 3 cms064 cms  4096 Nov 27 01:47 tmp
>>> current directory /home/cms064/home_crce1_808107453/CREAM808107453/glide_Py9570/execute/dir_21420/CMSSW_5_3_5
>>> (SOFTWARE_DIR): /home/cms064/home_crce1_808107453/CREAM808107453/glide_Py9570/execute/dir_21420/CMSSW_5_3_5
>>> (WORKING_DIR): 
>>> current directory content:
total 144
drwxr-xr-x 3 cms064 cms  4096 Nov 27 01:47 .SCRAM
-rw-r--r-- 1 cms064 cms 30066 Nov 27 01:47 CMSSW.py.pkl
drwxr-xr-x 3 cms064 cms  4096 Nov 27 01:47 bin
drwxr-xr-x 3 cms064 cms  4096 Nov 27 01:47 cfipython
drwxr-xr-x 5 cms064 cms  4096 Nov 27 01:47 config
-rw-r--r-- 1 cms064 cms    17 Nov 27 02:03 cpu_timing.txt
drwxr-xr-x 2 cms064 cms  4096 Nov 27 01:47 doc
-rw-r--r-- 1 cms064 cms 18516 Nov 27 02:03 executable.out
drwxr-xr-x 2 cms064 cms  4096 Nov 27 01:47 include
drwxrwxrwx 3 cms064 cms  4096 Oct 22 16:38 lib
drwxr-xr-x 3 cms064 cms  4096 Nov 27 01:47 logs
drwxr-xr-x 3 cms064 cms  4096 Nov 27 01:47 objs
-rw-r--r-- 1 cms064 cms   104 Nov 27 01:47 pset.py
-rw-r--r-- 1 cms064 cms 19489 Nov 27 01:47 pset.py.pkl
-rw-r--r-- 1 cms064 cms   289 Nov 27 01:47 pset.pyc
drwxr-xr-x 2 cms064 cms  4096 Nov 27 01:47 python
-rw-r--r-- 1 cms064 cms   420 Nov 27 02:03 report.log
drwxrwxrwx 4 cms064 cms  4096 Nov 27 01:47 src
drwxr-xr-x 3 cms064 cms  4096 Nov 27 01:47 test
drwxr-xr-x 3 cms064 cms  4096 Nov 27 01:47 tmp
>>> current directory (RUNTIME_AREA):  /home/cms064/home_crce1_808107453/CREAM808107453/glide_Py9570/execute/dir_21420
>>> current dir: /home/cms064/home_crce1_808107453/CREAM808107453/glide_Py9570/execute/dir_21420
>>> current dir content:
total 25800
-rw-rw-rw-  1 cms064 cms     5583 Nov 27 01:47 .job.ad
-rw-rw-rw-  1 cms064 cms    11344 Nov 27 01:47 .machine.ad
-rw-rw-rw-  1 cms064 cms      105 Nov 27 01:26 CMSSW.py
-rw-rw-rw-  1 cms064 cms    30066 Nov 27 01:26 CMSSW.py.pkl
-rwxrw-rw-  1 cms064 cms    23333 Nov 27 01:47 CMSSW.sh
-rw-rw-rw-  1 cms064 cms        0 Nov 27 01:47 CMSSW_37.stderr
-rw-rw-rw-  1 cms064 cms    34613 Nov 27 02:03 CMSSW_37.stdout
drwxr-xr-x 15 cms064 cms     4096 Nov 27 02:03 CMSSW_5_3_5
-rw-r--r--  1 cms064 cms      347 Nov 27 01:47 CacheEnv.sh
-rw-rw-rw-  1 cms064 cms     7291 Jun  9  2010 DashboardAPI.py
-rw-r--r--  1 cms064 cms     6883 Nov 27 01:47 DashboardAPI.pyc
drwxrwxrwx  3 cms064 cms     4096 Nov 27 02:03 IMProv
-rw-rw-rw-  1 cms064 cms     2748 Mar  8  2006 Logger.py
-rw-r--r--  1 cms064 cms     3353 Nov 27 01:47 Logger.pyc
-rw-rw-rw-  1 cms064 cms    24524 Mar 28  2008 ProcInfo.py
-rw-r--r--  1 cms064 cms    23470 Nov 27 01:47 ProcInfo.pyc
drwxrwxrwx  7 cms064 cms     4096 Nov 27 01:47 ProdCommon
drwxrwxrwx  3 cms064 cms     4096 Nov 27 01:47 WMCore
-rw-r--r--  1 cms064 cms     2607 Nov 27 02:03 Watchdog_37.log
-rw-rw-rw-  1 cms064 cms    32895 Mar 28  2008 apmon.py
-rw-r--r--  1 cms064 cms    28874 Nov 27 01:47 apmon.pyc
-rw-rw-rw-  1 cms064 cms   101163 Nov 27 01:47 arguments.xml
-rwxrwxrwx  1 cms064 cms    37427 Sep 13 14:14 cmscp.py
-rwxrwxrwx  1 cms064 cms    23333 Nov 27 01:47 condor_exec.exe
-rw-rw-rw-  1 cms064 cms      542 Nov 27 01:25 crab.cfg
-rwxrwxrwx  1 cms064 cms     9531 Sep 20 21:46 crabWatchdog.sh
-rw-r--r--  1 cms064 cms    49257 Nov 27 02:03 crab_fjr_37.xml
-rw-rw-rw-  1 cms064 cms 25796292 Nov 27 01:47 default.tgz
-rwxrwxrwx  1 cms064 cms     4488 May 12  2012 fillCrabFjr.py
-rw-r--r--  1 cms064 cms      922 Nov 27 01:47 inputsReport.txt
-rw-r--r--  1 cms064 cms      132 Nov 27 02:03 jobreport.txt
lrwxrwxrwx  1 cms064 cms      107 Nov 27 02:03 optHistograms.root -> /home/cms064/home_crce1_808107453/CREAM808107453/glide_Py9570/execute/dir_21420/optHistograms_37_1_9Ta.root
-rw-r--r--  1 cms064 cms    18071 Nov 27 02:03 optHistograms_37_1_9Ta.root
-rw-rw-rw-  1 cms064 cms    17352 Jan 20  2012 parseCrabFjr.py
-rw-r--r--  1 cms064 cms      285 Nov 27 01:47 report.log
-rwxrwxrwx  1 cms064 cms     1497 May 27  2009 report.py
-rwxrwxrwx  1 cms064 cms     8387 Mar 23  2011 writeCfg.py
-rw-------  1 cms064 cms     8691 Nov 27 01:47 x509up_u1000009
Checking output files:  
will tar file optHistograms_37_1_9Ta.root in  out_files_37
will tar file crab_fjr_37.xml in  out_files_37
will tar file CMSSW_37.stdout in  out_files_37
will tar file CMSSW_37.stderr in  out_files_37
WARNING: output file Watchdog_37.log.gz not found!
>>> padding time: Wrapper lasting more than 600 seconds. No sleep required.
STOPPING WATCHDOG. CrabWatchdog PID is 25269
********** LAST 50 LINES OF WATCHDOG LOG
# RESOURCE USAGE SUMMARY FOR PROCESS ID 23255
USER       PID %CPU %MEM    VSZ   RSS TTY      STAT START   TIME COMMAND
cms064   23255  0.2  0.0   8956  1488 ?        S    01:47   0:00 /bin/sh /home/cms064/home_crce1_808107453/CREAM808107453/glide_Py9570/execute/dir_21420/condor_exec.exe 37 1
 
# LIMITS USED BY THIS WATCHDOG:
# RSS  (KBytes)  : 2300000
# VSZ  (KBytes)  : 100000000
# DISK (MBytes)  : 19000
# CPU  (seconds) : 171600
# WALL (seconds) : 171600
 
# FOLLOWING PRINTOUT TRACKS MAXIMUM VALUES OF RESOURCES USE
# ONE LINE IS PRINTED EACH TIME A MAXIMUM CHANGES
# IF CHANGE WAS IN RSS OR VSZ ALSO PROCID AND COMMAND ARE PRINTED
# THERE IS NO PRINTOUT FOR CPU/WALL TIME INCREASE
 
# TIME			PID	RSS(KB)	VSZ(KB)	Dsk(MB)	tCPU(s)	tWALL(s)	COMMAND
 Nov 27 01:47:39 EET	9416	1320	8896	0	0	939	-bash         
 Nov 27 01:47:39 EET	9445	1488	8952	0	0	941	/bin/sh -l ./CREAM808107453_jobWrapper.sh       
 Nov 27 01:47:39 EET	9513	2676	25504	0	0	941	perl -e ?use Socket;??sub send_notify {? $cream_url = "193.40.150.141:49152";die "No
 Nov 27 01:47:39 EET	20208	6092	25504	0	0	908	/home/cms064/home_crce1_808107453/CREAM808107453/glide_Py9570/main/condor/sbin/condor_master -f -pidfile /home/cms064/home_crce1_808107453/CREAM808107453/glide_Py9570/condor_master2.pid      
 Nov 27 01:47:39 EET	---	6092	25504	168	----	----	----
 Nov 27 01:48:49 EET	29504	360596	566632	168	13	64	cmsRun -j /home/cms064/home_crce1_808107453/CREAM808107453/glide_Py9570/execute/dir_21420/crab_fjr_37.xml -p pset.py     
 Nov 27 01:51:10 EET	29504	368328	567400	168	85	204	cmsRun -j /home/cms064/home_crce1_808107453/CREAM808107453/glide_Py9570/execute/dir_21420/crab_fjr_37.xml -p pset.py     
 Nov 27 01:52:18 EET	29504	368716	567656	168	133	275	cmsRun -j /home/cms064/home_crce1_808107453/CREAM808107453/glide_Py9570/execute/dir_21420/crab_fjr_37.xml -p pset.py     
 Nov 27 01:54:39 EET	29504	368716	568936	168	207	411	cmsRun -j /home/cms064/home_crce1_808107453/CREAM808107453/glide_Py9570/execute/dir_21420/crab_fjr_37.xml -p pset.py     
 Nov 27 01:55:45 EET	29504	368828	568936	168	249	478	cmsRun -j /home/cms064/home_crce1_808107453/CREAM808107453/glide_Py9570/execute/dir_21420/crab_fjr_37.xml -p pset.py     
 Nov 27 01:58:00 EET	29504	368860	568936	168	320	612	cmsRun -j /home/cms064/home_crce1_808107453/CREAM808107453/glide_Py9570/execute/dir_21420/crab_fjr_37.xml -p pset.py     
 Nov 27 01:59:06 EET	29504	369052	568936	168	363	679	cmsRun -j /home/cms064/home_crce1_808107453/CREAM808107453/glide_Py9570/execute/dir_21420/crab_fjr_37.xml -p pset.py     
 Nov 27 02:03:31 EET	---	369052	568936	169	----	----	----
********** WATCHDOG LOG ENDED
ZIPPING WATCHDOG LOG
Disk space used:
du -sh /home/cms064/home_crce1_808107453/CREAM808107453/glide_Py9570/execute/dir_21420
169M	/home/cms064/home_crce1_808107453/CREAM808107453/glide_Py9570/execute/dir_21420
>>> info for dashboard:
***** Cat /home/cms064/home_crce1_808107453/CREAM808107453/glide_Py9570/execute/dir_21420/jobreport.txt *****
MonitorJobID=37_https://submit-2.t2.ucsd.edu//121127//17528.36
MonitorID=liis_crab_0_121127_012526_r0h5c1
ExeTime=930
ExeExitCode=0
CrabUserCpuTime=500.00
CrabSysCpuTime=12.92
CrabCpuPercentage=55%
CrabWrapperTime=971
CrabStageoutTime=NULL
***** End Cat jobreport *****
Parameters sent to Dashboard.
optHistograms_37_1_9Ta.root
crab_fjr_37.xml
CMSSW_37.stdout
CMSSW_37.stderr
Watchdog_37.log.gz
tar: .BrokerInfo: Cannot stat: No such file or directory
tar: Error exit delayed from previous errors
Total Output dimension: 30174
WARNING: output files size limit is set to: 50000000
Total Output dimension 30174 is fine.
JOB_EXIT_STATUS = 0
>>> info for dashboard:
***** Cat /home/cms064/home_crce1_808107453/CREAM808107453/glide_Py9570/execute/dir_21420/jobreport.txt *****
MonitorJobID=37_https://submit-2.t2.ucsd.edu//121127//17528.36
MonitorID=liis_crab_0_121127_012526_r0h5c1
JobExitCode=0
***** End Cat jobreport *****
Parameters sent to Dashboard.
optHistograms_37_1_9Ta.root
crab_fjr_37.xml
