This script was generated by crab (version 2.8.3).
Running /home/cms088/home_crce1_544237651/CREAM544237651/glide_U31355/execute/dir_23418/condor_exec.exe with 2 positional parameters: 82 2
Today is Tue Nov 27 03:26:29 EET 2012
Job submitted on host wn-v-7022.local
Linux wn-v-7022.local 2.6.32-042stab059.7 #1 SMP Tue Jul 24 19:12:01 MSK 2012 x86_64 x86_64 x86_64 GNU/Linux
>>> current directory (RUNTIME_AREA): /home/cms088/home_crce1_544237651/CREAM544237651/glide_U31355/execute/dir_23418
>>> current user: uid=11088(cms088) gid=1400(cms) groups=1400(cms)
>>> voms proxy information:
subject   : /DC=ch/DC=cern/OU=Organic Units/OU=Users/CN=liis/CN=663550/CN=Liis Rebane/CN=proxy/CN=limited proxy
issuer    : /DC=ch/DC=cern/OU=Organic Units/OU=Users/CN=liis/CN=663550/CN=Liis Rebane/CN=proxy
identity  : /DC=ch/DC=cern/OU=Organic Units/OU=Users/CN=liis/CN=663550/CN=Liis Rebane/CN=proxy
type      : limited proxy
strength  : 512 bits
path      : /home/cms088/home_crce1_544237651/CREAM544237651/glide_U31355/execute/dir_23418/x509up_u1000009
timeleft  : 23:59:51
key usage : Digital Signature, Key Encipherment, Data Encipherment
=== VO cms extension information ===
VO        : cms
subject   : /DC=ch/DC=cern/OU=Organic Units/OU=Users/CN=liis/CN=663550/CN=Liis Rebane
issuer    : /DC=ch/DC=cern/OU=computers/CN=lcg-voms.cern.ch
attribute : /cms/Role=NULL/Capability=NULL
timeleft  : 189:59:08
uri       : lcg-voms.cern.ch:15002
>>> tar xzf /home/cms088/home_crce1_544237651/CREAM544237651/glide_U31355/execute/dir_23418/default.tgz :
Successful untar
>>> Include /home/cms088/home_crce1_544237651/CREAM544237651/glide_U31355/execute/dir_23418 in PYTHONPATH:
strip arguments
env var CRAB_UNIQUE_JOB_ID set to: liis_crab_0_121127_012526_r0h5c1_82_2_OAg
out_files_82
>>> list of expected files on output sandbox
output files: optHistograms_82_2_OAg.root crab_fjr_82.xml CMSSW_82.stdout CMSSW_82.stderr Watchdog_82.log.gz
>>> GridFlavour discovery: 
GridFlavour=LCG
>>> SyncSite discovery: 
SyncSite=T2_EE_Estonia
>>> SyncCE discovery: 
getting SyncCE from CE_ID
SyncCE=cream1.hep.kbfi.ee:8443/cream-pbs-long
>>> info for dashboard:
***** Cat /home/cms088/home_crce1_544237651/CREAM544237651/glide_U31355/execute/dir_23418/jobreport.txt *****
MonitorJobID=82_https://submit-2.t2.ucsd.edu//121127//17552.10
SyncGridJobId=https://submit-2.t2.ucsd.edu//121127//17552.10
MonitorID=liis_crab_0_121127_012526_r0h5c1
GridFlavour=LCG
SyncSite=T2_EE_Estonia
SyncCE=cream1.hep.kbfi.ee:8443/cream-pbs-long
***** End Cat jobreport *****
Parameters sent to Dashboard.
>>> setup environment
set SCRAM ARCH to slc5_amd64_gcc462
SCRAM_ARCH = slc5_amd64_gcc462
>>> setup CMS LCG environment:
set SCRAM ARCH and BUILD_ARCH to slc5_amd64_gcc462 ###
Sourcing environment... 
sourcing /cvmfs/cms.cern.ch/cmsset_default.sh
==> setup cms environment ok
>>> specific cmssw setup environment:
CMSSW_VERSION =  CMSSW_5_3_5
>>> current directory (SOFTWARE_DIR): /home/cms088/home_crce1_544237651/CREAM544237651/glide_U31355/execute/dir_23418/CMSSW_5_3_5
PreserveSeeds: <>
IncrementSeeds:<>
{}
WNHostName=wn-v-7022.local
>>> info for dashboard:
***** Cat /home/cms088/home_crce1_544237651/CREAM544237651/glide_U31355/execute/dir_23418/jobreport.txt *****
MonitorJobID=82_https://submit-2.t2.ucsd.edu//121127//17552.10
MonitorID=liis_crab_0_121127_012526_r0h5c1
WNHostName=wn-v-7022.local
***** End Cat jobreport *****
Parameters sent to Dashboard.
crabWatchdog started as process 25811
>>> moving CMSSW software directories in /home/cms088/home_crce1_544237651/CREAM544237651/glide_U31355/execute/dir_23418/CMSSW_5_3_5
mv: cannot stat `/home/cms088/home_crce1_544237651/CREAM544237651/glide_U31355/execute/dir_23418/module/': No such file or directory
>>> Include /home/cms088/home_crce1_544237651/CREAM544237651/glide_U31355/execute/dir_23418 in PYTHONPATH:
PYTHONPATH=/home/cms088/home_crce1_544237651/CREAM544237651/glide_U31355/execute/dir_23418/:/home/cms088/home_crce1_544237651/CREAM544237651/glide_U31355/execute/dir_23418/CMSSW_5_3_5/python:/home/cms088/home_crce1_544237651/CREAM544237651/glide_U31355/execute/dir_23418/CMSSW_5_3_5/lib/slc5_amd64_gcc462:/cvmfs/cms.cern.ch/slc5_amd64_gcc462/cms/cmssw/CMSSW_5_3_5/python:/cvmfs/cms.cern.ch/slc5_amd64_gcc462/cms/cmssw/CMSSW_5_3_5/lib/slc5_amd64_gcc462:/cvmfs/cms.cern.ch/slc5_amd64_gcc462/cms/coral/CORAL_2_3_21-cms27/slc5_amd64_gcc462/python:/cvmfs/cms.cern.ch/slc5_amd64_gcc462/cms/coral/CORAL_2_3_21-cms27/slc5_amd64_gcc462/lib:/cvmfs/cms.cern.ch/slc5_amd64_gcc462/external/pyqt/4.8.1/lib/python2.6/site-packages:/cvmfs/cms.cern.ch/slc5_amd64_gcc462/external/py2-scipy/0.8.0/lib/python2.6/site-packages:/cvmfs/cms.cern.ch/slc5_amd64_gcc462/external/py2-matplotlib/1.0.1/lib/python2.6/site-packages:/cvmfs/cms.cern.ch/slc5_amd64_gcc462/external/python-ldap/2.3.5/lib/python2.6/site-packages:/cvmfs/cms.cern.ch/slc5_amd64_gcc462/external/sip/4.11.2/lib/python2.6/site-packages:/cvmfs/cms.cern.ch/slc5_amd64_gcc462/external/py2-pycurl/7.19.0/lib/python2.6/site-packages:/cvmfs/cms.cern.ch/slc5_amd64_gcc462/external/py2-numpy/1.6.1/lib/python2.6/site-packages:/cvmfs/cms.cern.ch/slc5_amd64_gcc462/external/py2-ipython/0.10/lib/python2.6/site-packages:/cvmfs/cms.cern.ch/slc5_amd64_gcc462/external/py2-cx-oracle/5.1-cms11/lib/python2.6/site-packages:/cvmfs/cms.cern.ch/slc5_amd64_gcc462/external/py2-cjson/1.0.5/lib/python2.6/site-packages:/cvmfs/cms.cern.ch/slc5_amd64_gcc462/cms/das-client/1.4.1-cms8/bin:/cvmfs/cms.cern.ch/slc5_amd64_gcc462/external/elementtree/1.2.6/share/lib/python2.6/site-packages:/cvmfs/cms.cern.ch/slc5_amd64_gcc462/external/rivet/1.5.1-cms10/lib/python2.6/site-packages:/cvmfs/cms.cern.ch/slc5_amd64_gcc462/external/pyminuit2/0.0.1-cms34/lib/python2.6/site-packages:/cvmfs/cms.cern.ch/slc5_amd64_gcc462/external/professor/1.0.0-cms35/lib/python2.6/site-packages:/cvmfs/cms.cern.ch/slc5_amd64_gcc462/lcg/root/5.32.00-cms18/lib:/cvmfs/cms.cern.ch/slc5_amd64_gcc462/cms/dbs-client/DBS_2_1_1_patch1_1/lib:/cvmfs/cms.cern.ch/slc5_amd64_gcc462/cms/dbs-client/DBS_2_1_1_patch1_1/lib/DBSAPI:/home/cms088/home_crce1_544237651/CREAM544237651/glide_U31355/execute/dir_23418/
241a2a19cb7c5c8751ba22759ab3bdb0
PSETHASH = 241a2a19cb7c5c8751ba22759ab3bdb0
/home/cms088/home_crce1_544237651/CREAM544237651/glide_U31355/execute/dir_23418/writeCfg.py pset.py pset.py
Importing .py file
Setting parameters
inputBlocks=/QCD_Pt_350_EMEnriched_TuneZ2star_8TeV_pythia6/mario-Summer12-stop-pfele-step1-3d176ac8da5e9dff208d057f4733ca91/USER#2ef68d93-4c3b-40b9-98c3-bc862db01b2a
inputFiles=/store/user/mario/QCD_Pt_350_EMEnriched_TuneZ2star_8TeV_pythia6/Summer12-stop-pfele-step1/3d176ac8da5e9dff208d057f4733ca91/tuple_63_3_zTt.root;/store/user/mario/QCD_Pt_350_EMEnriched_TuneZ2star_8TeV_pythia6/Summer12-stop-pfele-step1/3d176ac8da5e9dff208d057f4733ca91/tuple_64_2_y0Z.root;/store/user/mario/QCD_Pt_350_EMEnriched_TuneZ2star_8TeV_pythia6/Summer12-stop-pfele-step1/3d176ac8da5e9dff208d057f4733ca91/tuple_65_3_3xJ.root;/store/user/mario/QCD_Pt_350_EMEnriched_TuneZ2star_8TeV_pythia6/Summer12-stop-pfele-step1/3d176ac8da5e9dff208d057f4733ca91/tuple_66_6_JHk.root;/store/user/mario/QCD_Pt_350_EMEnriched_TuneZ2star_8TeV_pythia6/Summer12-stop-pfele-step1/3d176ac8da5e9dff208d057f4733ca91/tuple_68_8_XGh.root;/store/user/mario/QCD_Pt_350_EMEnriched_TuneZ2star_8TeV_pythia6/Summer12-stop-pfele-step1/3d176ac8da5e9dff208d057f4733ca91/tuple_69_7_HIm.root
parentFiles=
lumisRange=
>>> Executable cmsRun
/cvmfs/cms.cern.ch/slc5_amd64_gcc462/cms/cmssw/CMSSW_5_3_5/bin/slc5_amd64_gcc462/cmsRun
ok executable found
>>> info for dashboard:
***** Cat /home/cms088/home_crce1_544237651/CREAM544237651/glide_U31355/execute/dir_23418/jobreport.txt *****
MonitorJobID=82_https://submit-2.t2.ucsd.edu//121127//17552.10
MonitorID=liis_crab_0_121127_012526_r0h5c1
ExeStart=cmsRun
***** End Cat jobreport *****
Parameters sent to Dashboard.
>>> cmsRun started at Tue Nov 27 01:27:02 UTC 2012
>>> cmsRun ended at Tue Nov 27 01:47:52 UTC 2012
>>> info for dashboard:
***** Cat /home/cms088/home_crce1_544237651/CREAM544237651/glide_U31355/execute/dir_23418/jobreport.txt *****
MonitorJobID=82_https://submit-2.t2.ucsd.edu//121127//17552.10
MonitorID=liis_crab_0_121127_012526_r0h5c1
ExeEnd=cmsRun
***** End Cat jobreport *****
Parameters sent to Dashboard.
TIME_EXE = 1250 sec
>>> cmsRun wrote 174 lines of stdout+stderr
>>> START OF printout of 174 lines from stdout+stderr
27-Nov-2012 03:27:39 EET  Initiating request to open file file:/hdfs/cms/store/user/mario/QCD_Pt_350_EMEnriched_TuneZ2star_8TeV_pythia6/Summer12-stop-pfele-step1/3d176ac8da5e9dff208d057f4733ca91/tuple_63_3_zTt.root
27-Nov-2012 03:27:48 EET  Successfully opened file file:/hdfs/cms/store/user/mario/QCD_Pt_350_EMEnriched_TuneZ2star_8TeV_pythia6/Summer12-stop-pfele-step1/3d176ac8da5e9dff208d057f4733ca91/tuple_63_3_zTt.root
Begin processing the 1st record. Run 1, Event 252279581, LumiSection 57823 at 27-Nov-2012 03:28:25.489 EET
Begin processing the 1001st record. Run 1, Event 260305663, LumiSection 59663 at 27-Nov-2012 03:28:38.504 EET
Begin processing the 2001st record. Run 1, Event 263386225, LumiSection 60369 at 27-Nov-2012 03:28:48.713 EET
Begin processing the 3001st record. Run 1, Event 295318556, LumiSection 67688 at 27-Nov-2012 03:28:52.864 EET
Begin processing the 4001st record. Run 1, Event 127198819, LumiSection 29154 at 27-Nov-2012 03:29:01.549 EET
Begin processing the 5001st record. Run 1, Event 133208574, LumiSection 30532 at 27-Nov-2012 03:29:05.765 EET
Begin processing the 6001st record. Run 1, Event 133260900, LumiSection 30544 at 27-Nov-2012 03:29:14.074 EET
Begin processing the 7001st record. Run 1, Event 135613635, LumiSection 31083 at 27-Nov-2012 03:29:18.083 EET
Begin processing the 8001st record. Run 1, Event 178852897, LumiSection 40994 at 27-Nov-2012 03:29:25.456 EET
Begin processing the 9001st record. Run 1, Event 199856346, LumiSection 45808 at 27-Nov-2012 03:29:38.942 EET
Begin processing the 10001st record. Run 1, Event 179380749, LumiSection 41115 at 27-Nov-2012 03:29:43.201 EET
Begin processing the 11001st record. Run 1, Event 180242066, LumiSection 41312 at 27-Nov-2012 03:29:48.646 EET
Begin processing the 12001st record. Run 1, Event 181351085, LumiSection 41566 at 27-Nov-2012 03:29:52.479 EET
Begin processing the 13001st record. Run 1, Event 198943718, LumiSection 45598 at 27-Nov-2012 03:29:59.582 EET
Begin processing the 14001st record. Run 1, Event 199046232, LumiSection 45622 at 27-Nov-2012 03:30:04.328 EET
27-Nov-2012 03:30:05 EET  Closed file file:/hdfs/cms/store/user/mario/QCD_Pt_350_EMEnriched_TuneZ2star_8TeV_pythia6/Summer12-stop-pfele-step1/3d176ac8da5e9dff208d057f4733ca91/tuple_63_3_zTt.root
27-Nov-2012 03:30:05 EET  Initiating request to open file file:/hdfs/cms/store/user/mario/QCD_Pt_350_EMEnriched_TuneZ2star_8TeV_pythia6/Summer12-stop-pfele-step1/3d176ac8da5e9dff208d057f4733ca91/tuple_64_2_y0Z.root
27-Nov-2012 03:30:06 EET  Successfully opened file file:/hdfs/cms/store/user/mario/QCD_Pt_350_EMEnriched_TuneZ2star_8TeV_pythia6/Summer12-stop-pfele-step1/3d176ac8da5e9dff208d057f4733ca91/tuple_64_2_y0Z.root
Begin processing the 15001st record. Run 1, Event 199120348, LumiSection 45639 at 27-Nov-2012 03:30:39.913 EET
Begin processing the 16001st record. Run 1, Event 199253218, LumiSection 45669 at 27-Nov-2012 03:30:44.108 EET
Begin processing the 17001st record. Run 1, Event 199992434, LumiSection 45839 at 27-Nov-2012 03:30:56.767 EET
Begin processing the 18001st record. Run 1, Event 200569243, LumiSection 45971 at 27-Nov-2012 03:31:08.438 EET
Begin processing the 19001st record. Run 1, Event 216661869, LumiSection 49659 at 27-Nov-2012 03:31:12.998 EET
27-Nov-2012 03:31:14 EET  Closed file file:/hdfs/cms/store/user/mario/QCD_Pt_350_EMEnriched_TuneZ2star_8TeV_pythia6/Summer12-stop-pfele-step1/3d176ac8da5e9dff208d057f4733ca91/tuple_64_2_y0Z.root
27-Nov-2012 03:31:14 EET  Initiating request to open file file:/hdfs/cms/store/user/mario/QCD_Pt_350_EMEnriched_TuneZ2star_8TeV_pythia6/Summer12-stop-pfele-step1/3d176ac8da5e9dff208d057f4733ca91/tuple_65_3_3xJ.root
27-Nov-2012 03:31:15 EET  Successfully opened file file:/hdfs/cms/store/user/mario/QCD_Pt_350_EMEnriched_TuneZ2star_8TeV_pythia6/Summer12-stop-pfele-step1/3d176ac8da5e9dff208d057f4733ca91/tuple_65_3_3xJ.root
Begin processing the 20001st record. Run 1, Event 3351436, LumiSection 769 at 27-Nov-2012 03:31:48.338 EET
Begin processing the 21001st record. Run 1, Event 11775778, LumiSection 2700 at 27-Nov-2012 03:31:52.564 EET
Begin processing the 22001st record. Run 1, Event 10711891, LumiSection 2456 at 27-Nov-2012 03:32:02.453 EET
Begin processing the 23001st record. Run 1, Event 17328748, LumiSection 3972 at 27-Nov-2012 03:32:10.342 EET
Begin processing the 24001st record. Run 1, Event 307452101, LumiSection 70469 at 27-Nov-2012 03:32:14.503 EET
Begin processing the 25001st record. Run 1, Event 113150880, LumiSection 25935 at 27-Nov-2012 03:32:28.237 EET
Begin processing the 26001st record. Run 1, Event 118631519, LumiSection 27191 at 27-Nov-2012 03:32:32.541 EET
Begin processing the 27001st record. Run 1, Event 121563809, LumiSection 27863 at 27-Nov-2012 03:32:38.929 EET
Begin processing the 28001st record. Run 1, Event 598004, LumiSection 138 at 27-Nov-2012 03:32:42.995 EET
Begin processing the 29001st record. Run 1, Event 10211368, LumiSection 2341 at 27-Nov-2012 03:32:53.991 EET
Begin processing the 30001st record. Run 1, Event 3729384, LumiSection 855 at 27-Nov-2012 03:33:09.600 EET
Begin processing the 31001st record. Run 1, Event 4018506, LumiSection 922 at 27-Nov-2012 03:33:14.136 EET
Begin processing the 32001st record. Run 1, Event 166454369, LumiSection 38152 at 27-Nov-2012 03:33:26.287 EET
Begin processing the 33001st record. Run 1, Event 214312854, LumiSection 49121 at 27-Nov-2012 03:33:30.861 EET
Begin processing the 34001st record. Run 1, Event 216266915, LumiSection 49569 at 27-Nov-2012 03:33:45.108 EET
Begin processing the 35001st record. Run 1, Event 277886284, LumiSection 63692 at 27-Nov-2012 03:33:49.111 EET
Begin processing the 36001st record. Run 1, Event 295344512, LumiSection 67693 at 27-Nov-2012 03:33:55.508 EET
Begin processing the 37001st record. Run 1, Event 303887559, LumiSection 69652 at 27-Nov-2012 03:34:06.071 EET
Begin processing the 38001st record. Run 1, Event 315280198, LumiSection 72263 at 27-Nov-2012 03:34:10.049 EET
Begin processing the 39001st record. Run 1, Event 277711800, LumiSection 63652 at 27-Nov-2012 03:34:16.752 EET
Begin processing the 40001st record. Run 1, Event 295170434, LumiSection 67654 at 27-Nov-2012 03:34:20.770 EET
Begin processing the 41001st record. Run 1, Event 296489400, LumiSection 67956 at 27-Nov-2012 03:34:34.279 EET
Begin processing the 42001st record. Run 1, Event 298411424, LumiSection 68396 at 27-Nov-2012 03:34:38.581 EET
Begin processing the 43001st record. Run 1, Event 303958984, LumiSection 69668 at 27-Nov-2012 03:34:45.667 EET
Begin processing the 44001st record. Run 1, Event 307961050, LumiSection 70585 at 27-Nov-2012 03:34:53.158 EET
Begin processing the 45001st record. Run 1, Event 312815601, LumiSection 71698 at 27-Nov-2012 03:34:57.239 EET
Begin processing the 46001st record. Run 1, Event 317049259, LumiSection 72668 at 27-Nov-2012 03:35:06.863 EET
Begin processing the 47001st record. Run 1, Event 4187897, LumiSection 960 at 27-Nov-2012 03:35:10.751 EET
Begin processing the 48001st record. Run 1, Event 9238018, LumiSection 2118 at 27-Nov-2012 03:35:18.474 EET
Begin processing the 49001st record. Run 1, Event 18520409, LumiSection 4245 at 27-Nov-2012 03:35:22.586 EET
Begin processing the 50001st record. Run 1, Event 101475780, LumiSection 23259 at 27-Nov-2012 03:35:33.410 EET
27-Nov-2012 03:35:37 EET  Closed file file:/hdfs/cms/store/user/mario/QCD_Pt_350_EMEnriched_TuneZ2star_8TeV_pythia6/Summer12-stop-pfele-step1/3d176ac8da5e9dff208d057f4733ca91/tuple_65_3_3xJ.root
27-Nov-2012 03:35:37 EET  Initiating request to open file file:/hdfs/cms/store/user/mario/QCD_Pt_350_EMEnriched_TuneZ2star_8TeV_pythia6/Summer12-stop-pfele-step1/3d176ac8da5e9dff208d057f4733ca91/tuple_66_6_JHk.root
27-Nov-2012 03:35:40 EET  Successfully opened file file:/hdfs/cms/store/user/mario/QCD_Pt_350_EMEnriched_TuneZ2star_8TeV_pythia6/Summer12-stop-pfele-step1/3d176ac8da5e9dff208d057f4733ca91/tuple_66_6_JHk.root
Begin processing the 51001st record. Run 1, Event 141579583, LumiSection 32451 at 27-Nov-2012 03:36:27.673 EET
Begin processing the 52001st record. Run 1, Event 126134193, LumiSection 28910 at 27-Nov-2012 03:36:45.226 EET
Begin processing the 53001st record. Run 1, Event 137928734, LumiSection 31614 at 27-Nov-2012 03:36:54.362 EET
Begin processing the 54001st record. Run 1, Event 141672405, LumiSection 32472 at 27-Nov-2012 03:36:58.759 EET
Begin processing the 55001st record. Run 1, Event 62106104, LumiSection 14235 at 27-Nov-2012 03:37:06.491 EET
Begin processing the 56001st record. Run 1, Event 74938843, LumiSection 17176 at 27-Nov-2012 03:37:10.771 EET
Begin processing the 57001st record. Run 1, Event 78737258, LumiSection 18047 at 27-Nov-2012 03:37:19.649 EET
Begin processing the 58001st record. Run 1, Event 146029411, LumiSection 33470 at 27-Nov-2012 03:37:23.687 EET
Begin processing the 59001st record. Run 1, Event 210887390, LumiSection 48336 at 27-Nov-2012 03:37:36.212 EET
Begin processing the 60001st record. Run 1, Event 217921930, LumiSection 49948 at 27-Nov-2012 03:37:44.024 EET
Begin processing the 61001st record. Run 1, Event 295170006, LumiSection 67653 at 27-Nov-2012 03:37:48.197 EET
Begin processing the 62001st record. Run 1, Event 57929069, LumiSection 13278 at 27-Nov-2012 03:37:56.232 EET
Begin processing the 63001st record. Run 1, Event 65186063, LumiSection 14941 at 27-Nov-2012 03:38:00.278 EET
Begin processing the 64001st record. Run 1, Event 79781991, LumiSection 18287 at 27-Nov-2012 03:38:07.424 EET
Begin processing the 65001st record. Run 1, Event 146031400, LumiSection 33471 at 27-Nov-2012 03:38:11.386 EET
Begin processing the 66001st record. Run 1, Event 2822007, LumiSection 647 at 27-Nov-2012 03:38:18.236 EET
Begin processing the 67001st record. Run 1, Event 42866114, LumiSection 9825 at 27-Nov-2012 03:38:25.903 EET
Begin processing the 68001st record. Run 1, Event 8822290, LumiSection 2023 at 27-Nov-2012 03:38:29.779 EET
Begin processing the 69001st record. Run 1, Event 14791645, LumiSection 3391 at 27-Nov-2012 03:38:41.827 EET
Begin processing the 70001st record. Run 1, Event 152393463, LumiSection 34929 at 27-Nov-2012 03:38:45.854 EET
Begin processing the 71001st record. Run 1, Event 163469919, LumiSection 37468 at 27-Nov-2012 03:38:55.151 EET
Begin processing the 72001st record. Run 1, Event 168716273, LumiSection 38670 at 27-Nov-2012 03:38:59.178 EET
Begin processing the 73001st record. Run 1, Event 189773403, LumiSection 43497 at 27-Nov-2012 03:39:09.680 EET
Begin processing the 74001st record. Run 1, Event 2838315, LumiSection 651 at 27-Nov-2012 03:39:21.572 EET
Begin processing the 75001st record. Run 1, Event 6735462, LumiSection 1544 at 27-Nov-2012 03:39:25.698 EET
Begin processing the 76001st record. Run 1, Event 37831119, LumiSection 8671 at 27-Nov-2012 03:39:40.851 EET
Begin processing the 77001st record. Run 1, Event 37730654, LumiSection 8648 at 27-Nov-2012 03:39:44.901 EET
Begin processing the 78001st record. Run 1, Event 61448859, LumiSection 14085 at 27-Nov-2012 03:39:53.914 EET
Begin processing the 79001st record. Run 1, Event 64687282, LumiSection 14827 at 27-Nov-2012 03:39:58.192 EET
Begin processing the 80001st record. Run 1, Event 98683654, LumiSection 22619 at 27-Nov-2012 03:40:09.438 EET
Begin processing the 81001st record. Run 1, Event 98690111, LumiSection 22620 at 27-Nov-2012 03:40:18.495 EET
Begin processing the 82001st record. Run 1, Event 146458138, LumiSection 33569 at 27-Nov-2012 03:40:22.819 EET
27-Nov-2012 03:40:24 EET  Closed file file:/hdfs/cms/store/user/mario/QCD_Pt_350_EMEnriched_TuneZ2star_8TeV_pythia6/Summer12-stop-pfele-step1/3d176ac8da5e9dff208d057f4733ca91/tuple_66_6_JHk.root
27-Nov-2012 03:40:24 EET  Initiating request to open file file:/hdfs/cms/store/user/mario/QCD_Pt_350_EMEnriched_TuneZ2star_8TeV_pythia6/Summer12-stop-pfele-step1/3d176ac8da5e9dff208d057f4733ca91/tuple_68_8_XGh.root
27-Nov-2012 03:40:25 EET  Successfully opened file file:/hdfs/cms/store/user/mario/QCD_Pt_350_EMEnriched_TuneZ2star_8TeV_pythia6/Summer12-stop-pfele-step1/3d176ac8da5e9dff208d057f4733ca91/tuple_68_8_XGh.root
Begin processing the 83001st record. Run 1, Event 173229305, LumiSection 39705 at 27-Nov-2012 03:41:28.237 EET
Begin processing the 84001st record. Run 1, Event 145822065, LumiSection 33423 at 27-Nov-2012 03:41:32.342 EET
Begin processing the 85001st record. Run 1, Event 147002627, LumiSection 33694 at 27-Nov-2012 03:41:38.799 EET
Begin processing the 86001st record. Run 1, Event 184294348, LumiSection 42241 at 27-Nov-2012 03:41:46.999 EET
Begin processing the 87001st record. Run 1, Event 162419551, LumiSection 37227 at 27-Nov-2012 03:41:51.150 EET
Begin processing the 88001st record. Run 1, Event 162897382, LumiSection 37337 at 27-Nov-2012 03:41:57.829 EET
Begin processing the 89001st record. Run 1, Event 187371028, LumiSection 42946 at 27-Nov-2012 03:42:01.979 EET
Begin processing the 90001st record. Run 1, Event 227263206, LumiSection 52089 at 27-Nov-2012 03:42:08.669 EET
Begin processing the 91001st record. Run 1, Event 296404954, LumiSection 67937 at 27-Nov-2012 03:42:12.926 EET
Begin processing the 92001st record. Run 1, Event 153439296, LumiSection 35169 at 27-Nov-2012 03:42:26.780 EET
Begin processing the 93001st record. Run 1, Event 186819413, LumiSection 42820 at 27-Nov-2012 03:42:37.631 EET
Begin processing the 94001st record. Run 1, Event 162714615, LumiSection 37295 at 27-Nov-2012 03:42:41.853 EET
Begin processing the 95001st record. Run 1, Event 168514702, LumiSection 38624 at 27-Nov-2012 03:42:47.779 EET
Begin processing the 96001st record. Run 1, Event 184232686, LumiSection 42227 at 27-Nov-2012 03:42:51.701 EET
Begin processing the 97001st record. Run 1, Event 176342618, LumiSection 40418 at 27-Nov-2012 03:42:59.500 EET
Begin processing the 98001st record. Run 1, Event 189764668, LumiSection 43495 at 27-Nov-2012 03:43:03.318 EET
Begin processing the 99001st record. Run 1, Event 2912582, LumiSection 668 at 27-Nov-2012 03:43:11.813 EET
Begin processing the 100001st record. Run 1, Event 15691712, LumiSection 3597 at 27-Nov-2012 03:43:15.765 EET
Begin processing the 101001st record. Run 1, Event 51661505, LumiSection 11841 at 27-Nov-2012 03:43:23.999 EET
Begin processing the 102001st record. Run 1, Event 70295968, LumiSection 16112 at 27-Nov-2012 03:43:37.122 EET
Begin processing the 103001st record. Run 1, Event 73733645, LumiSection 16900 at 27-Nov-2012 03:43:41.150 EET
Begin processing the 104001st record. Run 1, Event 126338576, LumiSection 28957 at 27-Nov-2012 03:43:52.624 EET
Begin processing the 105001st record. Run 1, Event 162692094, LumiSection 37290 at 27-Nov-2012 03:43:56.852 EET
Begin processing the 106001st record. Run 1, Event 145624920, LumiSection 33378 at 27-Nov-2012 03:44:12.292 EET
Begin processing the 107001st record. Run 1, Event 162265746, LumiSection 37192 at 27-Nov-2012 03:44:16.411 EET
Begin processing the 108001st record. Run 1, Event 169584942, LumiSection 38869 at 27-Nov-2012 03:44:28.303 EET
Begin processing the 109001st record. Run 1, Event 173424612, LumiSection 39749 at 27-Nov-2012 03:44:34.150 EET
Begin processing the 110001st record. Run 1, Event 173871425, LumiSection 39852 at 27-Nov-2012 03:44:38.384 EET
Begin processing the 111001st record. Run 1, Event 187254238, LumiSection 42919 at 27-Nov-2012 03:44:44.797 EET
Begin processing the 112001st record. Run 1, Event 189394086, LumiSection 43410 at 27-Nov-2012 03:44:48.870 EET
Begin processing the 113001st record. Run 1, Event 206274491, LumiSection 47279 at 27-Nov-2012 03:44:57.444 EET
27-Nov-2012 03:45:00 EET  Closed file file:/hdfs/cms/store/user/mario/QCD_Pt_350_EMEnriched_TuneZ2star_8TeV_pythia6/Summer12-stop-pfele-step1/3d176ac8da5e9dff208d057f4733ca91/tuple_68_8_XGh.root
27-Nov-2012 03:45:00 EET  Initiating request to open file file:/hdfs/cms/store/user/mario/QCD_Pt_350_EMEnriched_TuneZ2star_8TeV_pythia6/Summer12-stop-pfele-step1/3d176ac8da5e9dff208d057f4733ca91/tuple_69_7_HIm.root
27-Nov-2012 03:45:01 EET  Successfully opened file file:/hdfs/cms/store/user/mario/QCD_Pt_350_EMEnriched_TuneZ2star_8TeV_pythia6/Summer12-stop-pfele-step1/3d176ac8da5e9dff208d057f4733ca91/tuple_69_7_HIm.root
Begin processing the 114001st record. Run 1, Event 210393910, LumiSection 48223 at 27-Nov-2012 03:45:48.375 EET
Begin processing the 115001st record. Run 1, Event 239192395, LumiSection 54823 at 27-Nov-2012 03:45:52.296 EET
Begin processing the 116001st record. Run 1, Event 37557347, LumiSection 8609 at 27-Nov-2012 03:46:00.885 EET
Begin processing the 117001st record. Run 1, Event 66777258, LumiSection 15306 at 27-Nov-2012 03:46:05.305 EET
Begin processing the 118001st record. Run 1, Event 71358956, LumiSection 16356 at 27-Nov-2012 03:46:14.731 EET
Begin processing the 119001st record. Run 1, Event 145495864, LumiSection 33348 at 27-Nov-2012 03:46:18.678 EET
Begin processing the 120001st record. Run 1, Event 290725615, LumiSection 66635 at 27-Nov-2012 03:46:28.850 EET
Begin processing the 121001st record. Run 1, Event 306966143, LumiSection 70357 at 27-Nov-2012 03:46:38.642 EET
Begin processing the 122001st record. Run 1, Event 53292924, LumiSection 12215 at 27-Nov-2012 03:46:42.747 EET
Begin processing the 123001st record. Run 1, Event 57146376, LumiSection 13098 at 27-Nov-2012 03:46:56.220 EET
Begin processing the 124001st record. Run 1, Event 65018661, LumiSection 14903 at 27-Nov-2012 03:47:00.477 EET
Begin processing the 125001st record. Run 1, Event 146184843, LumiSection 33506 at 27-Nov-2012 03:47:09.617 EET
%MSG-w compNuP4:  TopJetPairProducer:topJetPairs 27-Nov-2012 03:47:12 EET  Run: 1 Event: 54489368
THREE REAL SOLUTIONS: z1 = 4.96019, z2 = -16.978, z3 = -183.292. Use only z1.
%MSG
Begin processing the 126001st record. Run 1, Event 71091354, LumiSection 16295 at 27-Nov-2012 03:47:13.928 EET
Begin processing the 127001st record. Run 1, Event 152275792, LumiSection 34902 at 27-Nov-2012 03:47:22.186 EET
Begin processing the 128001st record. Run 1, Event 295628743, LumiSection 67759 at 27-Nov-2012 03:47:26.131 EET
Begin processing the 129001st record. Run 1, Event 300992317, LumiSection 68988 at 27-Nov-2012 03:47:33.032 EET
Begin processing the 130001st record. Run 1, Event 43041091, LumiSection 9866 at 27-Nov-2012 03:47:39.056 EET
Begin processing the 131001st record. Run 1, Event 65674882, LumiSection 15053 at 27-Nov-2012 03:47:43.193 EET
27-Nov-2012 03:47:50 EET  Closed file file:/hdfs/cms/store/user/mario/QCD_Pt_350_EMEnriched_TuneZ2star_8TeV_pythia6/Summer12-stop-pfele-step1/3d176ac8da5e9dff208d057f4733ca91/tuple_69_7_HIm.root

=============================================

MessageLogger Summary

 type     category        sev    module        subroutine        count    total
 ---- -------------------- -- ---------------- ----------------  -----    -----
    1 compNuP4             -w TopJetPairProduc                       1        1
    2 fileAction           -s file_close                             6        6
    3 fileAction           -s file_open                             12       12

 type    category    Examples: run/evt        run/evt          run/evt
 ---- -------------------- ---------------- ---------------- ----------------
    1 compNuP4             1/54489368                        
    2 fileAction           PostProcessEvent PostProcessEvent PostEndRun
    3 fileAction           pre-events       pre-events       PostProcessEvent

Severity    # Occurrences   Total Occurrences
--------    -------------   -----------------
Warning                 1                   1
System                 18                  18
>>> END OF printout of 174 lines from stdout+stderr
>>> Parse FrameworkJobReport crab_fjr.xml
Result of parsing the FrameworkJobReport crab_fjr.xml: Popularity start
lumisRange : 1::31,68,116,138,156,158,457,459,462,471,486,504,508,769-770,812,814,855,858,909,922,925,929,934,937-938,948,960,963,994-995,1317,1332,1415,1444,1539,1944,2043,2081,2118,2259,2341,2396,2440,2456,2700,2831,3440,3958,3972,4013,4106,4245,4358,4475,5365,5689,9493,10484,10633,13077,13176,17079,17130,23259,24500,25099,25440,25443,25812,25935,26599,26745,27168,27183,27188-27189,27191,27193,27198,27863,32451,32519,37872,38118,38120,38129,38152,38177-38178,38607,40643,44049,49121,49515,49545,49561,49569,51472,51761-51762,51811,54717,54735,55455,55457,63652,63692,63962,63964,65147,65160,67197,67585,67614,67654,67657,67693,67727,67757,67903,67955-67956,67977,68016,68153,68321,68396,68436,68914,68934,69029,69068,69070,69367,69392,69652,69668,70052,70224,70313,70469,70578,70580,70585,70590,70626,70629,70687,70892,70910,71288,71322,71698,71947,72174,72263,72305,72323,72367,72427,72600,72643,72668,72848,72904,72917,72920,72922::1;1::45633-45634,45639,45657-45658,45663,45669,45682-45683,45688,45709,45756,45837,45839,45871,45887-45888,45971,46002,48174,49658-49659,50570,50596,50630,50703,51013::2;1::203,891,1569,1992,4029,4200,8536,8609,8726,8741,8754,9583,9722,9758,9866,12215,12489-12490,12504,12532,12842,13098,13116,13135,13478,13539,14013,14211,14303,14315,14340,14516,14650,14737,14816,14903,15033,15053-15054,15061,15306,15315,15577,15644,15815,16295,16300,16356,16594,16708,17538,20291,20890,20912,32462,32546,33348,33506,33534,33539,33546,33605,34836,34859,34864,34902,34936,34941,37348,37391,38392,48199,48223,52006,52231-52232,52240,54617,54640,54823,63971,64268,64288,66635,67145,67194,67454,67759,67790,68014,68175,68231,68988,69260,70357,70362,71250,72903::3;1::668,699,1858,3596-3597,3611,3634,10404,10683,11841,14126,14129,14752,14760,14981,15303,16112,16677,16683,16900,16919,17407,17511,17556,26295,27245,28957,28972,32587,32647,33347,33361,33371,33378,33384,33408,33414-33415,33418,33423,33429,33431,33436,33438,33452,33455,33547,33579,33694,33713,33716,33723,33748,35169,35671,35733,37180-37181,37189,37192,37199,37202,37206,37221,37225,37227,37233-37234,37240,37242,37253,37256,37261,37274,37276,37284,37290,37295,37309,37321,37337,37729,37780,37826,37913-37914,38031,38624,38869,39663,39699,39704-39705,39712,39723,39726,39728,39737,39747,39749-39750,39756,39760,39773,39778-39780,39831,39852,39854,39873,40157,40165,40175,40418,42045,42095,42214-42215,42222,42227,42236,42241,42386,42465,42806-42807,42814,42820,42851,42874,42877,42917,42919,42946,42975,42982,43020,43069,43276,43284,43310-43311,43314,43337,43357,43407,43410,43474,43492,43495,43498,47258,47269,47273,47279,47300,47362,47383,47403,48199,52089,56162,60354,63293,63664,67859,67937::4;1::29150,29154,29180,29846,30450,30457,30473,30477,30505,30527,30532,30544,30553,30575,30596-30597,30622,31083,32241,35541,35543,40984,40986,40994,41021,41033,41050-41051,41057-41058,41079,41115,41162,41208,41226,41283,41312,41328,41330,41364,41412,41490,41566,41659,45468,45480,45507,45530,45597-45598,45602,45608,45622-45623,45633,45779,45808,57823,58427,59340,59374,59404,59435,59663,59721,59737,59886,60302,60369-60370,62435,63061,64469,64560,67688,67707,70503::5;1::303,509,579,612,647,649,651-652,758,1205,1418,1544,1552,1564,1817,1861,1882,1925,1966-1967,2023,2048,3366,3374,3379,3391,3641,7854,7860,8622,8648,8671,9723,9812,9825,11883,12865,12894,12903,13273,13278,13737,13751,13804,13815,13820,13988,13994,13997,14085,14200,14203,14235,14260,14735,14795,14827,14871,14940-14942,15138,15300,15310,15598,16185,16674,16685,16890,16955,17026,17176,17342,17362,17588,17689-17690,17696,17732,18047,18070,18141,18287,19499,19561,20099,21401,22612,22619-22620,25051,25053-25054,25077,26486,27175,27186,27202-27203,27252,28893,28910,29492,30356,31614,31616,32433,32448,32451,32471-32472,32479,32533,32718,32913,33115-33116,33470-33471,33500,33540,33566,33569-33570,33626,34755,34838,34900,34908,34929,34931,34938,34953,37344,37417,37468,38332,38336,38369,38407,38670,39858,42130,42805,43377,43444,43497,47177,48257,48326,48336,48353,48355,48411,48962,49024,49948,49968,50002,51860,66540,67436,67653,68401,68458,68830,68902::6;
lumisParentRange : 
Basename : /store/user/mario/QCD_Pt_350_EMEnriched_TuneZ2star_8TeV_pythia6/Summer12-stop-pfele-step1/3d176ac8da5e9dff208d057f4733ca91/tuple_6
BasenameParent : 
parentFiles : 
inputBlocks : /QCD_Pt_350_EMEnriched_TuneZ2star_8TeV_pythia6/mario-Summer12-stop-pfele-step1-3d176ac8da5e9dff208d057f4733ca91/USER#2ef68d93-4c3b-40b9-98c3-bc862db01b2a
inputFiles : 5_3_3xJ.root::1::EDM::Local::1;4_2_y0Z.root::1::EDM::Local::2;9_7_HIm.root::1::EDM::Local::3;8_8_XGh.root::1::EDM::Local::4;3_3_zTt.root::1::EDM::Local::5;6_6_JHk.root::1::EDM::Local::6;
Popularity stop
Extracted ExitStatus from FrameworkJobReport parsing output: 0
>>> Executable succeded  0
ExeExitCode=0
EXECUTABLE_EXIT_STATUS = 0
>>> current directory /home/cms088/home_crce1_544237651/CREAM544237651/glide_U31355/execute/dir_23418/CMSSW_5_3_5
>>>  (SOFTWARE_DIR): /home/cms088/home_crce1_544237651/CREAM544237651/glide_U31355/execute/dir_23418/CMSSW_5_3_5
>>> (WORKING_DIR): 
>>> current directory content:
total 164
drwxr-xr-x 3 cms088 cms  4096 Nov 27 03:26 .SCRAM
-rw-r--r-- 1 cms088 cms 30066 Nov 27 03:26 CMSSW.py.pkl
drwxr-xr-x 3 cms088 cms  4096 Nov 27 03:26 bin
drwxr-xr-x 3 cms088 cms  4096 Nov 27 03:26 cfipython
drwxr-xr-x 5 cms088 cms  4096 Nov 27 03:26 config
-rw-r--r-- 1 cms088 cms    17 Nov 27 03:47 cpu_timing.txt
drwxr-xr-x 2 cms088 cms  4096 Nov 27 03:26 doc
-rw-r--r-- 1 cms088 cms 19492 Nov 27 03:47 executable.out
drwxr-xr-x 2 cms088 cms  4096 Nov 27 03:26 include
drwxrwxrwx 3 cms088 cms  4096 Oct 22 16:38 lib
drwxr-xr-x 3 cms088 cms  4096 Nov 27 03:26 logs
drwxr-xr-x 3 cms088 cms  4096 Nov 27 03:26 objs
-rw-r--r-- 1 cms088 cms 18243 Nov 27 03:47 optHistograms.root
-rw-r--r-- 1 cms088 cms   104 Nov 27 03:26 pset.py
-rw-r--r-- 1 cms088 cms 19636 Nov 27 03:26 pset.py.pkl
-rw-r--r-- 1 cms088 cms   289 Nov 27 03:26 pset.pyc
drwxr-xr-x 2 cms088 cms  4096 Nov 27 03:26 python
-rw-r--r-- 1 cms088 cms   420 Nov 27 03:47 report.log
drwxrwxrwx 4 cms088 cms  4096 Nov 27 03:26 src
drwxr-xr-x 3 cms088 cms  4096 Nov 27 03:26 test
drwxr-xr-x 3 cms088 cms  4096 Nov 27 03:26 tmp
>>> current directory /home/cms088/home_crce1_544237651/CREAM544237651/glide_U31355/execute/dir_23418/CMSSW_5_3_5
>>> (SOFTWARE_DIR): /home/cms088/home_crce1_544237651/CREAM544237651/glide_U31355/execute/dir_23418/CMSSW_5_3_5
>>> (WORKING_DIR): 
>>> current directory content:
total 144
drwxr-xr-x 3 cms088 cms  4096 Nov 27 03:26 .SCRAM
-rw-r--r-- 1 cms088 cms 30066 Nov 27 03:26 CMSSW.py.pkl
drwxr-xr-x 3 cms088 cms  4096 Nov 27 03:26 bin
drwxr-xr-x 3 cms088 cms  4096 Nov 27 03:26 cfipython
drwxr-xr-x 5 cms088 cms  4096 Nov 27 03:26 config
-rw-r--r-- 1 cms088 cms    17 Nov 27 03:47 cpu_timing.txt
drwxr-xr-x 2 cms088 cms  4096 Nov 27 03:26 doc
-rw-r--r-- 1 cms088 cms 19492 Nov 27 03:47 executable.out
drwxr-xr-x 2 cms088 cms  4096 Nov 27 03:26 include
drwxrwxrwx 3 cms088 cms  4096 Oct 22 16:38 lib
drwxr-xr-x 3 cms088 cms  4096 Nov 27 03:26 logs
drwxr-xr-x 3 cms088 cms  4096 Nov 27 03:26 objs
-rw-r--r-- 1 cms088 cms   104 Nov 27 03:26 pset.py
-rw-r--r-- 1 cms088 cms 19636 Nov 27 03:26 pset.py.pkl
-rw-r--r-- 1 cms088 cms   289 Nov 27 03:26 pset.pyc
drwxr-xr-x 2 cms088 cms  4096 Nov 27 03:26 python
-rw-r--r-- 1 cms088 cms   420 Nov 27 03:47 report.log
drwxrwxrwx 4 cms088 cms  4096 Nov 27 03:26 src
drwxr-xr-x 3 cms088 cms  4096 Nov 27 03:26 test
drwxr-xr-x 3 cms088 cms  4096 Nov 27 03:26 tmp
>>> current directory (RUNTIME_AREA):  /home/cms088/home_crce1_544237651/CREAM544237651/glide_U31355/execute/dir_23418
>>> current dir: /home/cms088/home_crce1_544237651/CREAM544237651/glide_U31355/execute/dir_23418
>>> current dir content:
total 25800
-rw-rw-rw-  1 cms088 cms     5604 Nov 27 03:26 .job.ad
-rw-rw-rw-  1 cms088 cms    11528 Nov 27 03:26 .machine.ad
-rw-rw-rw-  1 cms088 cms      105 Nov 27 01:26 CMSSW.py
-rw-rw-rw-  1 cms088 cms    30066 Nov 27 01:26 CMSSW.py.pkl
-rwxrw-rw-  1 cms088 cms    23333 Nov 27 03:26 CMSSW.sh
drwxr-xr-x 15 cms088 cms     4096 Nov 27 03:48 CMSSW_5_3_5
-rw-rw-rw-  1 cms088 cms        0 Nov 27 03:26 CMSSW_82.stderr
-rw-rw-rw-  1 cms088 cms    35775 Nov 27 03:48 CMSSW_82.stdout
-rw-r--r--  1 cms088 cms      347 Nov 27 03:26 CacheEnv.sh
-rw-rw-rw-  1 cms088 cms     7291 Jun  9  2010 DashboardAPI.py
-rw-r--r--  1 cms088 cms     6883 Nov 27 03:26 DashboardAPI.pyc
drwxrwxrwx  3 cms088 cms     4096 Nov 27 03:48 IMProv
-rw-rw-rw-  1 cms088 cms     2748 Mar  8  2006 Logger.py
-rw-r--r--  1 cms088 cms     3353 Nov 27 03:26 Logger.pyc
-rw-rw-rw-  1 cms088 cms    24524 Mar 28  2008 ProcInfo.py
-rw-r--r--  1 cms088 cms    23470 Nov 27 03:26 ProcInfo.pyc
drwxrwxrwx  7 cms088 cms     4096 Nov 27 03:26 ProdCommon
drwxrwxrwx  3 cms088 cms     4096 Nov 27 03:26 WMCore
-rw-r--r--  1 cms088 cms     3761 Nov 27 03:48 Watchdog_82.log
-rw-rw-rw-  1 cms088 cms    32895 Mar 28  2008 apmon.py
-rw-r--r--  1 cms088 cms    28874 Nov 27 03:26 apmon.pyc
-rw-rw-rw-  1 cms088 cms   101163 Nov 27 03:26 arguments.xml
-rwxrwxrwx  1 cms088 cms    37427 Sep 13 14:14 cmscp.py
-rwxrwxrwx  1 cms088 cms    23333 Nov 27 03:26 condor_exec.exe
-rw-rw-rw-  1 cms088 cms      542 Nov 27 01:25 crab.cfg
-rwxrwxrwx  1 cms088 cms     9531 Sep 20 21:46 crabWatchdog.sh
-rw-r--r--  1 cms088 cms    52666 Nov 27 03:47 crab_fjr_82.xml
-rw-rw-rw-  1 cms088 cms 25796292 Nov 27 03:26 default.tgz
-rwxrwxrwx  1 cms088 cms     4488 May 12  2012 fillCrabFjr.py
-rw-r--r--  1 cms088 cms     1060 Nov 27 03:26 inputsReport.txt
-rw-r--r--  1 cms088 cms      133 Nov 27 03:48 jobreport.txt
lrwxrwxrwx  1 cms088 cms      107 Nov 27 03:48 optHistograms.root -> /home/cms088/home_crce1_544237651/CREAM544237651/glide_U31355/execute/dir_23418/optHistograms_82_2_OAg.root
-rw-r--r--  1 cms088 cms    18243 Nov 27 03:47 optHistograms_82_2_OAg.root
-rw-rw-rw-  1 cms088 cms    17352 Jan 20  2012 parseCrabFjr.py
-rw-r--r--  1 cms088 cms      285 Nov 27 03:26 report.log
-rwxrwxrwx  1 cms088 cms     1497 May 27  2009 report.py
-rwxrwxrwx  1 cms088 cms     8387 Mar 23  2011 writeCfg.py
-rw-------  1 cms088 cms     8687 Nov 27 03:26 x509up_u1000009
Checking output files:  
will tar file optHistograms_82_2_OAg.root in  out_files_82
will tar file crab_fjr_82.xml in  out_files_82
will tar file CMSSW_82.stdout in  out_files_82
will tar file CMSSW_82.stderr in  out_files_82
WARNING: output file Watchdog_82.log.gz not found!
>>> padding time: Wrapper lasting more than 600 seconds. No sleep required.
STOPPING WATCHDOG. CrabWatchdog PID is 25811
********** LAST 50 LINES OF WATCHDOG LOG
# RESOURCE USAGE SUMMARY FOR PROCESS ID 24438
USER       PID %CPU %MEM    VSZ   RSS TTY      STAT START   TIME COMMAND
cms088   24438  0.5  0.0   8956  1484 ?        S    03:26   0:00 /bin/sh /home/cms088/home_crce1_544237651/CREAM544237651/glide_U31355/execute/dir_23418/condor_exec.exe 82 2
 
# LIMITS USED BY THIS WATCHDOG:
# RSS  (KBytes)  : 2300000
# VSZ  (KBytes)  : 100000000
# DISK (MBytes)  : 19000
# CPU  (seconds) : 171600
# WALL (seconds) : 171600
 
# FOLLOWING PRINTOUT TRACKS MAXIMUM VALUES OF RESOURCES USE
# ONE LINE IS PRINTED EACH TIME A MAXIMUM CHANGES
# IF CHANGE WAS IN RSS OR VSZ ALSO PROCID AND COMMAND ARE PRINTED
# THERE IS NO PRINTOUT FOR CPU/WALL TIME INCREASE
 
# TIME			PID	RSS(KB)	VSZ(KB)	Dsk(MB)	tCPU(s)	tWALL(s)	COMMAND
 Nov 27 03:26:42 EET	1766	3028	5100	0	6	3349	condor_procd -A /home/cms088/home_crce1_544237651/CREAM544237651/glide_U31355/log/procd_address.STARTD -L /home/cms088/home_crce1_544237651/CREAM544237651/glide_U31355/log/ProcLog.STARTD -R 10000000 -S 60 -C
 Nov 27 03:26:42 EET	2438	3028	8816	0	0	3892	/bin/bash /home/cms088/home_crce1_544237651/CREAM544237651/glide_U31355/main/condor_startup.sh glidein_config       
 Nov 27 03:26:42 EET	3264	5700	9368	0	1	3891	/home/cms088/home_crce1_544237651/CREAM544237651/glide_U31355/main/condor/sbin/condor_master -f -pidfile /home/cms088/home_crce1_544237651/CREAM544237651/glide_U31355/condor_master2.pid      
 Nov 27 03:26:42 EET	3631	5732	9512	0	4	3888	condor_startd -f        
 Nov 27 03:26:42 EET	25841	23708	83352	0	1	4	edmConfigHash pset.py        
 Nov 27 03:26:42 EET	---	23708	83352	168	----	----	----
 Nov 27 03:27:50 EET	27288	251864	386428	168	17	52	cmsRun -j /home/cms088/home_crce1_544237651/CREAM544237651/glide_U31355/execute/dir_23418/crab_fjr_82.xml -p pset.py     
 Nov 27 03:28:56 EET	27288	363404	566884	168	40	118	cmsRun -j /home/cms088/home_crce1_544237651/CREAM544237651/glide_U31355/execute/dir_23418/crab_fjr_82.xml -p pset.py     
 Nov 27 03:32:15 EET	27288	368380	567908	168	130	317	cmsRun -j /home/cms088/home_crce1_544237651/CREAM544237651/glide_U31355/execute/dir_23418/crab_fjr_82.xml -p pset.py     
 Nov 27 03:33:21 EET	27288	368560	567908	168	161	384	cmsRun -j /home/cms088/home_crce1_544237651/CREAM544237651/glide_U31355/execute/dir_23418/crab_fjr_82.xml -p pset.py     
 Nov 27 03:34:30 EET	27288	368576	567908	168	198	453	cmsRun -j /home/cms088/home_crce1_544237651/CREAM544237651/glide_U31355/execute/dir_23418/crab_fjr_82.xml -p pset.py     
 Nov 27 03:36:46 EET	27288	368576	568164	168	248	589	cmsRun -j /home/cms088/home_crce1_544237651/CREAM544237651/glide_U31355/execute/dir_23418/crab_fjr_82.xml -p pset.py     
 Nov 27 03:37:55 EET	27288	369608	568420	168	291	659	cmsRun -j /home/cms088/home_crce1_544237651/CREAM544237651/glide_U31355/execute/dir_23418/crab_fjr_82.xml -p pset.py     
 Nov 27 03:39:05 EET	27288	369888	568420	168	331	728	cmsRun -j /home/cms088/home_crce1_544237651/CREAM544237651/glide_U31355/execute/dir_23418/crab_fjr_82.xml -p pset.py     
 Nov 27 03:40:14 EET	27288	369892	568420	168	365	795	cmsRun -j /home/cms088/home_crce1_544237651/CREAM544237651/glide_U31355/execute/dir_23418/crab_fjr_82.xml -p pset.py     
 Nov 27 03:41:21 EET	27288	369892	569188	168	372	862	cmsRun -j /home/cms088/home_crce1_544237651/CREAM544237651/glide_U31355/execute/dir_23418/crab_fjr_82.xml -p pset.py     
 Nov 27 03:42:27 EET	27288	369892	569956	168	415	928	cmsRun -j /home/cms088/home_crce1_544237651/CREAM544237651/glide_U31355/execute/dir_23418/crab_fjr_82.xml -p pset.py     
 Nov 27 03:44:38 EET	27288	370012	570212	168	488	1060	cmsRun -j /home/cms088/home_crce1_544237651/CREAM544237651/glide_U31355/execute/dir_23418/crab_fjr_82.xml -p pset.py     
 Nov 27 03:47:56 EET	---	370012	570212	169	----	----	----
********** WATCHDOG LOG ENDED
ZIPPING WATCHDOG LOG
Disk space used:
du -sh /home/cms088/home_crce1_544237651/CREAM544237651/glide_U31355/execute/dir_23418
169M	/home/cms088/home_crce1_544237651/CREAM544237651/glide_U31355/execute/dir_23418
>>> info for dashboard:
***** Cat /home/cms088/home_crce1_544237651/CREAM544237651/glide_U31355/execute/dir_23418/jobreport.txt *****
MonitorJobID=82_https://submit-2.t2.ucsd.edu//121127//17552.10
MonitorID=liis_crab_0_121127_012526_r0h5c1
ExeTime=1250
ExeExitCode=0
CrabUserCpuTime=557.40
CrabSysCpuTime=20.62
CrabCpuPercentage=46%
CrabWrapperTime=1307
CrabStageoutTime=NULL
***** End Cat jobreport *****
Parameters sent to Dashboard.
optHistograms_82_2_OAg.root
crab_fjr_82.xml
CMSSW_82.stdout
CMSSW_82.stderr
Watchdog_82.log.gz
tar: .BrokerInfo: Cannot stat: No such file or directory
tar: Error exit delayed from previous errors
Total Output dimension: 31186
WARNING: output files size limit is set to: 50000000
Total Output dimension 31186 is fine.
JOB_EXIT_STATUS = 0
>>> info for dashboard:
***** Cat /home/cms088/home_crce1_544237651/CREAM544237651/glide_U31355/execute/dir_23418/jobreport.txt *****
MonitorJobID=82_https://submit-2.t2.ucsd.edu//121127//17552.10
MonitorID=liis_crab_0_121127_012526_r0h5c1
JobExitCode=0
***** End Cat jobreport *****
Parameters sent to Dashboard.
optHistograms_82_2_OAg.root
crab_fjr_82.xml
