This script was generated by crab (version 2.8.3).
Running /home/cms064/home_crobe_084614407/CREAM084614407/glide_rP8727/execute/dir_5842/condor_exec.exe with 2 positional parameters: 80 1
Today is Tue Nov 27 01:47:34 EET 2012
Job submitted on host wn-v-2756.local
Linux wn-v-2756.local 2.6.32-042stab059.7 #1 SMP Tue Jul 24 19:12:01 MSK 2012 x86_64 x86_64 x86_64 GNU/Linux
>>> current directory (RUNTIME_AREA): /home/cms064/home_crobe_084614407/CREAM084614407/glide_rP8727/execute/dir_5842
>>> current user: uid=11064(cms064) gid=1400(cms) groups=1400(cms)
>>> voms proxy information:
subject   : /DC=ch/DC=cern/OU=Organic Units/OU=Users/CN=liis/CN=663550/CN=Liis Rebane/CN=proxy/CN=limited proxy
issuer    : /DC=ch/DC=cern/OU=Organic Units/OU=Users/CN=liis/CN=663550/CN=Liis Rebane/CN=proxy
identity  : /DC=ch/DC=cern/OU=Organic Units/OU=Users/CN=liis/CN=663550/CN=Liis Rebane/CN=proxy
type      : limited proxy
strength  : 512 bits
path      : /home/cms064/home_crobe_084614407/CREAM084614407/glide_rP8727/execute/dir_5842/x509up_u1000009
timeleft  : 23:59:39
key usage : Digital Signature, Key Encipherment, Data Encipherment
=== VO cms extension information ===
VO        : cms
subject   : /DC=ch/DC=cern/OU=Organic Units/OU=Users/CN=liis/CN=663550/CN=Liis Rebane
issuer    : /DC=ch/DC=cern/OU=computers/CN=lcg-voms.cern.ch
attribute : /cms/Role=NULL/Capability=NULL
timeleft  : 191:38:03
uri       : lcg-voms.cern.ch:15002
>>> tar xzf /home/cms064/home_crobe_084614407/CREAM084614407/glide_rP8727/execute/dir_5842/default.tgz :
Successful untar
>>> Include /home/cms064/home_crobe_084614407/CREAM084614407/glide_rP8727/execute/dir_5842 in PYTHONPATH:
strip arguments
env var CRAB_UNIQUE_JOB_ID set to: liis_crab_0_121127_012526_r0h5c1_80_1_GSk
out_files_80
>>> list of expected files on output sandbox
output files: optHistograms_80_1_GSk.root crab_fjr_80.xml CMSSW_80.stdout CMSSW_80.stderr Watchdog_80.log.gz
>>> GridFlavour discovery: 
GridFlavour=LCG
>>> SyncSite discovery: 
SyncSite=T2_EE_Estonia
>>> SyncCE discovery: 
getting SyncCE from CE_ID
SyncCE=oberon.hep.kbfi.ee:8443/cream-pbs-long
>>> info for dashboard:
***** Cat /home/cms064/home_crobe_084614407/CREAM084614407/glide_rP8727/execute/dir_5842/jobreport.txt *****
MonitorJobID=80_https://submit-2.t2.ucsd.edu//121127//17528.79
SyncGridJobId=https://submit-2.t2.ucsd.edu//121127//17528.79
MonitorID=liis_crab_0_121127_012526_r0h5c1
GridFlavour=LCG
SyncSite=T2_EE_Estonia
SyncCE=oberon.hep.kbfi.ee:8443/cream-pbs-long
***** End Cat jobreport *****
Parameters sent to Dashboard.
>>> setup environment
set SCRAM ARCH to slc5_amd64_gcc462
SCRAM_ARCH = slc5_amd64_gcc462
>>> setup CMS LCG environment:
set SCRAM ARCH and BUILD_ARCH to slc5_amd64_gcc462 ###
Sourcing environment... 
sourcing /cvmfs/cms.cern.ch/cmsset_default.sh
==> setup cms environment ok
>>> specific cmssw setup environment:
CMSSW_VERSION =  CMSSW_5_3_5
>>> current directory (SOFTWARE_DIR): /home/cms064/home_crobe_084614407/CREAM084614407/glide_rP8727/execute/dir_5842/CMSSW_5_3_5
PreserveSeeds: <>
IncrementSeeds:<>
{}
WNHostName=wn-v-2756.local
>>> info for dashboard:
***** Cat /home/cms064/home_crobe_084614407/CREAM084614407/glide_rP8727/execute/dir_5842/jobreport.txt *****
MonitorJobID=80_https://submit-2.t2.ucsd.edu//121127//17528.79
MonitorID=liis_crab_0_121127_012526_r0h5c1
WNHostName=wn-v-2756.local
***** End Cat jobreport *****
Parameters sent to Dashboard.
crabWatchdog started as process 15785
>>> moving CMSSW software directories in /home/cms064/home_crobe_084614407/CREAM084614407/glide_rP8727/execute/dir_5842/CMSSW_5_3_5
mv: cannot stat `/home/cms064/home_crobe_084614407/CREAM084614407/glide_rP8727/execute/dir_5842/module/': No such file or directory
>>> Include /home/cms064/home_crobe_084614407/CREAM084614407/glide_rP8727/execute/dir_5842 in PYTHONPATH:
PYTHONPATH=/home/cms064/home_crobe_084614407/CREAM084614407/glide_rP8727/execute/dir_5842/:/home/cms064/home_crobe_084614407/CREAM084614407/glide_rP8727/execute/dir_5842/CMSSW_5_3_5/python:/home/cms064/home_crobe_084614407/CREAM084614407/glide_rP8727/execute/dir_5842/CMSSW_5_3_5/lib/slc5_amd64_gcc462:/cvmfs/cms.cern.ch/slc5_amd64_gcc462/cms/cmssw/CMSSW_5_3_5/python:/cvmfs/cms.cern.ch/slc5_amd64_gcc462/cms/cmssw/CMSSW_5_3_5/lib/slc5_amd64_gcc462:/cvmfs/cms.cern.ch/slc5_amd64_gcc462/cms/coral/CORAL_2_3_21-cms27/slc5_amd64_gcc462/python:/cvmfs/cms.cern.ch/slc5_amd64_gcc462/cms/coral/CORAL_2_3_21-cms27/slc5_amd64_gcc462/lib:/cvmfs/cms.cern.ch/slc5_amd64_gcc462/external/pyqt/4.8.1/lib/python2.6/site-packages:/cvmfs/cms.cern.ch/slc5_amd64_gcc462/external/py2-scipy/0.8.0/lib/python2.6/site-packages:/cvmfs/cms.cern.ch/slc5_amd64_gcc462/external/py2-matplotlib/1.0.1/lib/python2.6/site-packages:/cvmfs/cms.cern.ch/slc5_amd64_gcc462/external/python-ldap/2.3.5/lib/python2.6/site-packages:/cvmfs/cms.cern.ch/slc5_amd64_gcc462/external/sip/4.11.2/lib/python2.6/site-packages:/cvmfs/cms.cern.ch/slc5_amd64_gcc462/external/py2-pycurl/7.19.0/lib/python2.6/site-packages:/cvmfs/cms.cern.ch/slc5_amd64_gcc462/external/py2-numpy/1.6.1/lib/python2.6/site-packages:/cvmfs/cms.cern.ch/slc5_amd64_gcc462/external/py2-ipython/0.10/lib/python2.6/site-packages:/cvmfs/cms.cern.ch/slc5_amd64_gcc462/external/py2-cx-oracle/5.1-cms11/lib/python2.6/site-packages:/cvmfs/cms.cern.ch/slc5_amd64_gcc462/external/py2-cjson/1.0.5/lib/python2.6/site-packages:/cvmfs/cms.cern.ch/slc5_amd64_gcc462/cms/das-client/1.4.1-cms8/bin:/cvmfs/cms.cern.ch/slc5_amd64_gcc462/external/elementtree/1.2.6/share/lib/python2.6/site-packages:/cvmfs/cms.cern.ch/slc5_amd64_gcc462/external/rivet/1.5.1-cms10/lib/python2.6/site-packages:/cvmfs/cms.cern.ch/slc5_amd64_gcc462/external/pyminuit2/0.0.1-cms34/lib/python2.6/site-packages:/cvmfs/cms.cern.ch/slc5_amd64_gcc462/external/professor/1.0.0-cms35/lib/python2.6/site-packages:/cvmfs/cms.cern.ch/slc5_amd64_gcc462/lcg/root/5.32.00-cms18/lib:/cvmfs/cms.cern.ch/slc5_amd64_gcc462/cms/dbs-client/DBS_2_1_1_patch1_1/lib:/cvmfs/cms.cern.ch/slc5_amd64_gcc462/cms/dbs-client/DBS_2_1_1_patch1_1/lib/DBSAPI:/home/cms064/home_crobe_084614407/CREAM084614407/glide_rP8727/execute/dir_5842/
241a2a19cb7c5c8751ba22759ab3bdb0
PSETHASH = 241a2a19cb7c5c8751ba22759ab3bdb0
/home/cms064/home_crobe_084614407/CREAM084614407/glide_rP8727/execute/dir_5842/writeCfg.py pset.py pset.py
Importing .py file
Setting parameters
inputBlocks=/QCD_Pt_350_EMEnriched_TuneZ2star_8TeV_pythia6/mario-Summer12-stop-pfele-step1-3d176ac8da5e9dff208d057f4733ca91/USER#2ef68d93-4c3b-40b9-98c3-bc862db01b2a
inputFiles=/store/user/mario/QCD_Pt_350_EMEnriched_TuneZ2star_8TeV_pythia6/Summer12-stop-pfele-step1/3d176ac8da5e9dff208d057f4733ca91/tuple_55_2_Pr0.root;/store/user/mario/QCD_Pt_350_EMEnriched_TuneZ2star_8TeV_pythia6/Summer12-stop-pfele-step1/3d176ac8da5e9dff208d057f4733ca91/tuple_56_3_6sZ.root;/store/user/mario/QCD_Pt_350_EMEnriched_TuneZ2star_8TeV_pythia6/Summer12-stop-pfele-step1/3d176ac8da5e9dff208d057f4733ca91/tuple_57_2_gfQ.root;/store/user/mario/QCD_Pt_350_EMEnriched_TuneZ2star_8TeV_pythia6/Summer12-stop-pfele-step1/3d176ac8da5e9dff208d057f4733ca91/tuple_58_9_uZa.root;/store/user/mario/QCD_Pt_350_EMEnriched_TuneZ2star_8TeV_pythia6/Summer12-stop-pfele-step1/3d176ac8da5e9dff208d057f4733ca91/tuple_59_8_nqW.root
parentFiles=
lumisRange=
>>> Executable cmsRun
/cvmfs/cms.cern.ch/slc5_amd64_gcc462/cms/cmssw/CMSSW_5_3_5/bin/slc5_amd64_gcc462/cmsRun
ok executable found
>>> info for dashboard:
***** Cat /home/cms064/home_crobe_084614407/CREAM084614407/glide_rP8727/execute/dir_5842/jobreport.txt *****
MonitorJobID=80_https://submit-2.t2.ucsd.edu//121127//17528.79
MonitorID=liis_crab_0_121127_012526_r0h5c1
ExeStart=cmsRun
***** End Cat jobreport *****
Parameters sent to Dashboard.
>>> cmsRun started at Mon Nov 26 23:48:04 UTC 2012
>>> cmsRun ended at Tue Nov 27 00:03:44 UTC 2012
>>> info for dashboard:
***** Cat /home/cms064/home_crobe_084614407/CREAM084614407/glide_rP8727/execute/dir_5842/jobreport.txt *****
MonitorJobID=80_https://submit-2.t2.ucsd.edu//121127//17528.79
MonitorID=liis_crab_0_121127_012526_r0h5c1
ExeEnd=cmsRun
***** End Cat jobreport *****
Parameters sent to Dashboard.
TIME_EXE = 940 sec
>>> cmsRun wrote 165 lines of stdout+stderr
>>> START OF printout of 165 lines from stdout+stderr
27-Nov-2012 01:48:25 EET  Initiating request to open file file:/hdfs/cms/store/user/mario/QCD_Pt_350_EMEnriched_TuneZ2star_8TeV_pythia6/Summer12-stop-pfele-step1/3d176ac8da5e9dff208d057f4733ca91/tuple_55_2_Pr0.root
27-Nov-2012 01:48:34 EET  Successfully opened file file:/hdfs/cms/store/user/mario/QCD_Pt_350_EMEnriched_TuneZ2star_8TeV_pythia6/Summer12-stop-pfele-step1/3d176ac8da5e9dff208d057f4733ca91/tuple_55_2_Pr0.root
Begin processing the 1st record. Run 1, Event 124274280, LumiSection 28484 at 27-Nov-2012 01:49:03.786 EET
Begin processing the 1001st record. Run 1, Event 129421441, LumiSection 29664 at 27-Nov-2012 01:49:15.208 EET
Begin processing the 2001st record. Run 1, Event 136435310, LumiSection 31271 at 27-Nov-2012 01:49:21.482 EET
Begin processing the 3001st record. Run 1, Event 150695625, LumiSection 34540 at 27-Nov-2012 01:49:25.539 EET
Begin processing the 4001st record. Run 1, Event 154876888, LumiSection 35498 at 27-Nov-2012 01:49:32.868 EET
Begin processing the 5001st record. Run 1, Event 243430987, LumiSection 55795 at 27-Nov-2012 01:49:37.097 EET
Begin processing the 6001st record. Run 1, Event 178856934, LumiSection 40995 at 27-Nov-2012 01:49:44.859 EET
Begin processing the 7001st record. Run 1, Event 200830589, LumiSection 46031 at 27-Nov-2012 01:49:49.533 EET
Begin processing the 8001st record. Run 1, Event 256664723, LumiSection 58828 at 27-Nov-2012 01:49:55.922 EET
Begin processing the 9001st record. Run 1, Event 263375819, LumiSection 60366 at 27-Nov-2012 01:50:04.985 EET
Begin processing the 10001st record. Run 1, Event 300830666, LumiSection 68951 at 27-Nov-2012 01:50:10.870 EET
Begin processing the 11001st record. Run 1, Event 308226511, LumiSection 70646 at 27-Nov-2012 01:50:16.798 EET
Begin processing the 12001st record. Run 1, Event 311269054, LumiSection 71343 at 27-Nov-2012 01:50:21.613 EET
Begin processing the 13001st record. Run 1, Event 312835879, LumiSection 71703 at 27-Nov-2012 01:50:27.806 EET
Begin processing the 14001st record. Run 1, Event 4556082, LumiSection 1045 at 27-Nov-2012 01:50:31.430 EET
Begin processing the 15001st record. Run 1, Event 39577965, LumiSection 9072 at 27-Nov-2012 01:50:36.435 EET
Begin processing the 16001st record. Run 1, Event 42462115, LumiSection 9733 at 27-Nov-2012 01:50:40.024 EET
Begin processing the 17001st record. Run 1, Event 47376005, LumiSection 10859 at 27-Nov-2012 01:50:46.740 EET
Begin processing the 18001st record. Run 1, Event 63580236, LumiSection 14573 at 27-Nov-2012 01:50:54.472 EET
Begin processing the 19001st record. Run 1, Event 104406824, LumiSection 23931 at 27-Nov-2012 01:50:59.571 EET
Begin processing the 20001st record. Run 1, Event 108702397, LumiSection 24915 at 27-Nov-2012 01:51:07.654 EET
Begin processing the 21001st record. Run 1, Event 127084507, LumiSection 29128 at 27-Nov-2012 01:51:11.588 EET
Begin processing the 22001st record. Run 1, Event 145132487, LumiSection 33265 at 27-Nov-2012 01:51:18.924 EET
Begin processing the 23001st record. Run 1, Event 19884571, LumiSection 4558 at 27-Nov-2012 01:51:22.413 EET
Begin processing the 24001st record. Run 1, Event 36179940, LumiSection 8293 at 27-Nov-2012 01:51:29.432 EET
Begin processing the 25001st record. Run 1, Event 36189162, LumiSection 8295 at 27-Nov-2012 01:51:36.552 EET
Begin processing the 26001st record. Run 1, Event 68703810, LumiSection 15747 at 27-Nov-2012 01:51:41.564 EET
27-Nov-2012 01:51:44 EET  Closed file file:/hdfs/cms/store/user/mario/QCD_Pt_350_EMEnriched_TuneZ2star_8TeV_pythia6/Summer12-stop-pfele-step1/3d176ac8da5e9dff208d057f4733ca91/tuple_55_2_Pr0.root
27-Nov-2012 01:51:44 EET  Initiating request to open file file:/hdfs/cms/store/user/mario/QCD_Pt_350_EMEnriched_TuneZ2star_8TeV_pythia6/Summer12-stop-pfele-step1/3d176ac8da5e9dff208d057f4733ca91/tuple_56_3_6sZ.root
27-Nov-2012 01:51:45 EET  Successfully opened file file:/hdfs/cms/store/user/mario/QCD_Pt_350_EMEnriched_TuneZ2star_8TeV_pythia6/Summer12-stop-pfele-step1/3d176ac8da5e9dff208d057f4733ca91/tuple_56_3_6sZ.root
Begin processing the 27001st record. Run 1, Event 95542012, LumiSection 21899 at 27-Nov-2012 01:52:10.904 EET
Begin processing the 28001st record. Run 1, Event 97380157, LumiSection 22320 at 27-Nov-2012 01:52:15.105 EET
Begin processing the 29001st record. Run 1, Event 104209287, LumiSection 23885 at 27-Nov-2012 01:52:26.241 EET
Begin processing the 30001st record. Run 1, Event 160018822, LumiSection 36677 at 27-Nov-2012 01:52:31.329 EET
Begin processing the 31001st record. Run 1, Event 107952330, LumiSection 24743 at 27-Nov-2012 01:52:35.696 EET
Begin processing the 32001st record. Run 1, Event 132416978, LumiSection 30350 at 27-Nov-2012 01:52:40.550 EET
Begin processing the 33001st record. Run 1, Event 130594894, LumiSection 29933 at 27-Nov-2012 01:52:45.262 EET
Begin processing the 34001st record. Run 1, Event 129973332, LumiSection 29790 at 27-Nov-2012 01:52:51.606 EET
Begin processing the 35001st record. Run 1, Event 151523133, LumiSection 34730 at 27-Nov-2012 01:52:55.443 EET
Begin processing the 36001st record. Run 1, Event 160046276, LumiSection 36683 at 27-Nov-2012 01:53:03.037 EET
Begin processing the 37001st record. Run 1, Event 160851363, LumiSection 36868 at 27-Nov-2012 01:53:06.606 EET
Begin processing the 38001st record. Run 1, Event 199553516, LumiSection 45738 at 27-Nov-2012 01:53:16.154 EET
Begin processing the 39001st record. Run 1, Event 306615376, LumiSection 70277 at 27-Nov-2012 01:53:24.733 EET
Begin processing the 40001st record. Run 1, Event 312606178, LumiSection 71650 at 27-Nov-2012 01:53:29.061 EET
Begin processing the 41001st record. Run 1, Event 312285254, LumiSection 71576 at 27-Nov-2012 01:53:35.811 EET
Begin processing the 42001st record. Run 1, Event 314345278, LumiSection 72048 at 27-Nov-2012 01:53:41.007 EET
Begin processing the 43001st record. Run 1, Event 12322365, LumiSection 2825 at 27-Nov-2012 01:53:48.229 EET
Begin processing the 44001st record. Run 1, Event 23562590, LumiSection 5401 at 27-Nov-2012 01:53:51.815 EET
Begin processing the 45001st record. Run 1, Event 23751989, LumiSection 5444 at 27-Nov-2012 01:53:57.424 EET
Begin processing the 46001st record. Run 1, Event 23914480, LumiSection 5482 at 27-Nov-2012 01:54:01.765 EET
Begin processing the 47001st record. Run 1, Event 44809445, LumiSection 10271 at 27-Nov-2012 01:54:09.786 EET
Begin processing the 48001st record. Run 1, Event 60982943, LumiSection 13978 at 27-Nov-2012 01:54:17.621 EET
Begin processing the 49001st record. Run 1, Event 83104442, LumiSection 19048 at 27-Nov-2012 01:54:21.762 EET
Begin processing the 50001st record. Run 1, Event 91854401, LumiSection 21054 at 27-Nov-2012 01:54:27.995 EET
Begin processing the 51001st record. Run 1, Event 130643845, LumiSection 29944 at 27-Nov-2012 01:54:33.098 EET
Begin processing the 52001st record. Run 1, Event 133365406, LumiSection 30568 at 27-Nov-2012 01:54:42.493 EET
Begin processing the 53001st record. Run 1, Event 135565757, LumiSection 31072 at 27-Nov-2012 01:54:47.763 EET
Begin processing the 54001st record. Run 1, Event 174062413, LumiSection 39896 at 27-Nov-2012 01:54:54.628 EET
Begin processing the 55001st record. Run 1, Event 13584214, LumiSection 3114 at 27-Nov-2012 01:55:01.263 EET
Begin processing the 56001st record. Run 1, Event 56879918, LumiSection 13037 at 27-Nov-2012 01:55:05.492 EET
Begin processing the 57001st record. Run 1, Event 51766729, LumiSection 11865 at 27-Nov-2012 01:55:10.438 EET
Begin processing the 58001st record. Run 1, Event 61541526, LumiSection 14106 at 27-Nov-2012 01:55:14.189 EET
27-Nov-2012 01:55:14 EET  Closed file file:/hdfs/cms/store/user/mario/QCD_Pt_350_EMEnriched_TuneZ2star_8TeV_pythia6/Summer12-stop-pfele-step1/3d176ac8da5e9dff208d057f4733ca91/tuple_56_3_6sZ.root
27-Nov-2012 01:55:14 EET  Initiating request to open file file:/hdfs/cms/store/user/mario/QCD_Pt_350_EMEnriched_TuneZ2star_8TeV_pythia6/Summer12-stop-pfele-step1/3d176ac8da5e9dff208d057f4733ca91/tuple_57_2_gfQ.root
27-Nov-2012 01:55:14 EET  Successfully opened file file:/hdfs/cms/store/user/mario/QCD_Pt_350_EMEnriched_TuneZ2star_8TeV_pythia6/Summer12-stop-pfele-step1/3d176ac8da5e9dff208d057f4733ca91/tuple_57_2_gfQ.root
Begin processing the 59001st record. Run 1, Event 69021009, LumiSection 15820 at 27-Nov-2012 01:55:50.270 EET
Begin processing the 60001st record. Run 1, Event 85566797, LumiSection 19612 at 27-Nov-2012 01:55:57.773 EET
Begin processing the 61001st record. Run 1, Event 114588534, LumiSection 26264 at 27-Nov-2012 01:56:02.255 EET
Begin processing the 62001st record. Run 1, Event 127111630, LumiSection 29134 at 27-Nov-2012 01:56:09.044 EET
Begin processing the 63001st record. Run 1, Event 150861557, LumiSection 34578 at 27-Nov-2012 01:56:12.923 EET
Begin processing the 64001st record. Run 1, Event 109868203, LumiSection 25182 at 27-Nov-2012 01:56:20.116 EET
Begin processing the 65001st record. Run 1, Event 113848843, LumiSection 26095 at 27-Nov-2012 01:56:24.132 EET
Begin processing the 66001st record. Run 1, Event 129954420, LumiSection 29786 at 27-Nov-2012 01:56:30.690 EET
Begin processing the 67001st record. Run 1, Event 150950826, LumiSection 34598 at 27-Nov-2012 01:56:35.996 EET
Begin processing the 68001st record. Run 1, Event 159949478, LumiSection 36661 at 27-Nov-2012 01:56:42.809 EET
Begin processing the 69001st record. Run 1, Event 176857613, LumiSection 40536 at 27-Nov-2012 01:56:49.993 EET
Begin processing the 70001st record. Run 1, Event 174034017, LumiSection 39889 at 27-Nov-2012 01:56:53.692 EET
Begin processing the 71001st record. Run 1, Event 273618281, LumiSection 62714 at 27-Nov-2012 01:57:03.584 EET
Begin processing the 72001st record. Run 1, Event 270745180, LumiSection 62055 at 27-Nov-2012 01:57:07.654 EET
Begin processing the 73001st record. Run 1, Event 300649034, LumiSection 68909 at 27-Nov-2012 01:57:13.306 EET
Begin processing the 74001st record. Run 1, Event 308213159, LumiSection 70643 at 27-Nov-2012 01:57:18.475 EET
Begin processing the 75001st record. Run 1, Event 153871832, LumiSection 35268 at 27-Nov-2012 01:57:23.598 EET
Begin processing the 76001st record. Run 1, Event 127302842, LumiSection 29178 at 27-Nov-2012 01:57:30.950 EET
Begin processing the 77001st record. Run 1, Event 132402138, LumiSection 30347 at 27-Nov-2012 01:57:34.846 EET
Begin processing the 78001st record. Run 1, Event 165370553, LumiSection 37903 at 27-Nov-2012 01:57:41.486 EET
Begin processing the 79001st record. Run 1, Event 27265384, LumiSection 6250 at 27-Nov-2012 01:57:45.454 EET
Begin processing the 80001st record. Run 1, Event 63992747, LumiSection 14668 at 27-Nov-2012 01:57:51.452 EET
Begin processing the 81001st record. Run 1, Event 89857919, LumiSection 20596 at 27-Nov-2012 01:57:56.647 EET
Begin processing the 82001st record. Run 1, Event 161124205, LumiSection 36930 at 27-Nov-2012 01:58:07.267 EET
Begin processing the 83001st record. Run 1, Event 199558142, LumiSection 45739 at 27-Nov-2012 01:58:17.297 EET
Begin processing the 84001st record. Run 1, Event 250002420, LumiSection 57301 at 27-Nov-2012 01:58:22.178 EET
Begin processing the 85001st record. Run 1, Event 263018505, LumiSection 60284 at 27-Nov-2012 01:58:28.295 EET
Begin processing the 86001st record. Run 1, Event 267430596, LumiSection 61296 at 27-Nov-2012 01:58:32.911 EET
Begin processing the 87001st record. Run 1, Event 178496443, LumiSection 40912 at 27-Nov-2012 01:58:41.110 EET
Begin processing the 88001st record. Run 1, Event 225702049, LumiSection 51731 at 27-Nov-2012 01:58:44.912 EET
Begin processing the 89001st record. Run 1, Event 233814436, LumiSection 53591 at 27-Nov-2012 01:58:51.364 EET
27-Nov-2012 01:58:52 EET  Closed file file:/hdfs/cms/store/user/mario/QCD_Pt_350_EMEnriched_TuneZ2star_8TeV_pythia6/Summer12-stop-pfele-step1/3d176ac8da5e9dff208d057f4733ca91/tuple_57_2_gfQ.root
27-Nov-2012 01:58:52 EET  Initiating request to open file file:/hdfs/cms/store/user/mario/QCD_Pt_350_EMEnriched_TuneZ2star_8TeV_pythia6/Summer12-stop-pfele-step1/3d176ac8da5e9dff208d057f4733ca91/tuple_58_9_uZa.root
27-Nov-2012 01:58:53 EET  Successfully opened file file:/hdfs/cms/store/user/mario/QCD_Pt_350_EMEnriched_TuneZ2star_8TeV_pythia6/Summer12-stop-pfele-step1/3d176ac8da5e9dff208d057f4733ca91/tuple_58_9_uZa.root
Begin processing the 90001st record. Run 1, Event 244456890, LumiSection 56030 at 27-Nov-2012 01:59:17.972 EET
Begin processing the 91001st record. Run 1, Event 261098664, LumiSection 59844 at 27-Nov-2012 01:59:22.329 EET
Begin processing the 92001st record. Run 1, Event 128442080, LumiSection 29439 at 27-Nov-2012 01:59:29.508 EET
Begin processing the 93001st record. Run 1, Event 132374788, LumiSection 30341 at 27-Nov-2012 01:59:35.993 EET
Begin processing the 94001st record. Run 1, Event 133078706, LumiSection 30502 at 27-Nov-2012 01:59:40.156 EET
Begin processing the 95001st record. Run 1, Event 135336650, LumiSection 31020 at 27-Nov-2012 01:59:47.556 EET
Begin processing the 96001st record. Run 1, Event 161280453, LumiSection 36966 at 27-Nov-2012 01:59:52.363 EET
Begin processing the 97001st record. Run 1, Event 161029831, LumiSection 36909 at 27-Nov-2012 01:59:57.982 EET
Begin processing the 98001st record. Run 1, Event 148509553, LumiSection 34039 at 27-Nov-2012 02:00:03.243 EET
Begin processing the 99001st record. Run 1, Event 155997469, LumiSection 35755 at 27-Nov-2012 02:00:08.273 EET
Begin processing the 100001st record. Run 1, Event 103009190, LumiSection 23610 at 27-Nov-2012 02:00:15.364 EET
Begin processing the 101001st record. Run 1, Event 106688034, LumiSection 24453 at 27-Nov-2012 02:00:20.195 EET
Begin processing the 102001st record. Run 1, Event 107859209, LumiSection 24722 at 27-Nov-2012 02:00:29.845 EET
Begin processing the 103001st record. Run 1, Event 108063964, LumiSection 24769 at 27-Nov-2012 02:00:34.839 EET
Begin processing the 104001st record. Run 1, Event 126900042, LumiSection 29086 at 27-Nov-2012 02:00:42.046 EET
Begin processing the 105001st record. Run 1, Event 115190909, LumiSection 26402 at 27-Nov-2012 02:00:48.265 EET
Begin processing the 106001st record. Run 1, Event 115344815, LumiSection 26438 at 27-Nov-2012 02:00:52.466 EET
Begin processing the 107001st record. Run 1, Event 161628189, LumiSection 37046 at 27-Nov-2012 02:01:02.405 EET
Begin processing the 108001st record. Run 1, Event 127021907, LumiSection 29114 at 27-Nov-2012 02:01:07.512 EET
Begin processing the 109001st record. Run 1, Event 130248979, LumiSection 29854 at 27-Nov-2012 02:01:13.464 EET
Begin processing the 110001st record. Run 1, Event 132903428, LumiSection 30462 at 27-Nov-2012 02:01:20.395 EET
Begin processing the 111001st record. Run 1, Event 132761402, LumiSection 30429 at 27-Nov-2012 02:01:24.862 EET
Begin processing the 112001st record. Run 1, Event 181345722, LumiSection 41565 at 27-Nov-2012 02:01:30.180 EET
Begin processing the 113001st record. Run 1, Event 200779730, LumiSection 46019 at 27-Nov-2012 02:01:33.891 EET
Begin processing the 114001st record. Run 1, Event 260663245, LumiSection 59745 at 27-Nov-2012 02:01:40.426 EET
Begin processing the 115001st record. Run 1, Event 281593858, LumiSection 64542 at 27-Nov-2012 02:01:44.132 EET
Begin processing the 116001st record. Run 1, Event 307999510, LumiSection 70594 at 27-Nov-2012 02:01:52.485 EET
Begin processing the 117001st record. Run 1, Event 310073028, LumiSection 71069 at 27-Nov-2012 02:01:58.772 EET
Begin processing the 118001st record. Run 1, Event 314733682, LumiSection 72137 at 27-Nov-2012 02:02:03.507 EET
Begin processing the 119001st record. Run 1, Event 241710088, LumiSection 55400 at 27-Nov-2012 02:02:09.499 EET
Begin processing the 120001st record. Run 1, Event 254843602, LumiSection 58411 at 27-Nov-2012 02:02:13.298 EET
27-Nov-2012 02:02:18 EET  Closed file file:/hdfs/cms/store/user/mario/QCD_Pt_350_EMEnriched_TuneZ2star_8TeV_pythia6/Summer12-stop-pfele-step1/3d176ac8da5e9dff208d057f4733ca91/tuple_58_9_uZa.root
27-Nov-2012 02:02:18 EET  Initiating request to open file file:/hdfs/cms/store/user/mario/QCD_Pt_350_EMEnriched_TuneZ2star_8TeV_pythia6/Summer12-stop-pfele-step1/3d176ac8da5e9dff208d057f4733ca91/tuple_59_8_nqW.root
27-Nov-2012 02:02:18 EET  Successfully opened file file:/hdfs/cms/store/user/mario/QCD_Pt_350_EMEnriched_TuneZ2star_8TeV_pythia6/Summer12-stop-pfele-step1/3d176ac8da5e9dff208d057f4733ca91/tuple_59_8_nqW.root
Begin processing the 121001st record. Run 1, Event 268933124, LumiSection 61640 at 27-Nov-2012 02:02:39.711 EET
Begin processing the 122001st record. Run 1, Event 284353051, LumiSection 65174 at 27-Nov-2012 02:02:44.321 EET
Begin processing the 123001st record. Run 1, Event 107866851, LumiSection 24724 at 27-Nov-2012 02:02:52.265 EET
Begin processing the 124001st record. Run 1, Event 113770502, LumiSection 26077 at 27-Nov-2012 02:02:56.721 EET
Begin processing the 125001st record. Run 1, Event 126738963, LumiSection 29049 at 27-Nov-2012 02:03:03.792 EET
Begin processing the 126001st record. Run 1, Event 126710093, LumiSection 29042 at 27-Nov-2012 02:03:08.207 EET
Begin processing the 127001st record. Run 1, Event 161100614, LumiSection 36925 at 27-Nov-2012 02:03:17.435 EET
Begin processing the 128001st record. Run 1, Event 177572507, LumiSection 40700 at 27-Nov-2012 02:03:21.090 EET
Begin processing the 129001st record. Run 1, Event 178765898, LumiSection 40974 at 27-Nov-2012 02:03:27.265 EET
Begin processing the 130001st record. Run 1, Event 181629954, LumiSection 41630 at 27-Nov-2012 02:03:33.873 EET
Begin processing the 131001st record. Run 1, Event 132987825, LumiSection 30481 at 27-Nov-2012 02:03:37.027 EET
27-Nov-2012 02:03:42 EET  Closed file file:/hdfs/cms/store/user/mario/QCD_Pt_350_EMEnriched_TuneZ2star_8TeV_pythia6/Summer12-stop-pfele-step1/3d176ac8da5e9dff208d057f4733ca91/tuple_59_8_nqW.root

=============================================

MessageLogger Summary

 type     category        sev    module        subroutine        count    total
 ---- -------------------- -- ---------------- ----------------  -----    -----
    1 fileAction           -s file_close                             5        5
    2 fileAction           -s file_open                             10       10

 type    category    Examples: run/evt        run/evt          run/evt
 ---- -------------------- ---------------- ---------------- ----------------
    1 fileAction           PostProcessEvent PostProcessEvent PostEndRun
    2 fileAction           pre-events       pre-events       PostProcessEvent

Severity    # Occurrences   Total Occurrences
--------    -------------   -----------------
System                 15                  15
>>> END OF printout of 165 lines from stdout+stderr
>>> Parse FrameworkJobReport crab_fjr.xml
Result of parsing the FrameworkJobReport crab_fjr.xml: Popularity start
lumisRange : 1::6202,6250,8643,12572,14106,14165,14668,14708,15101,15107,15400,15692,15820,15839,17389,17730,17775,19599,19612,20596,20629,20836,20999,21001,21574,21641,21753-21754,21825,21892,22064,22329,22338,22854,23161,23621,23880,23912,24120,24189,24250,24356,24739-24740,25035,25182,25404,25506,25767,26081,26083,26095,26122,26134,26264,26336,26387,26399,26421,26447,26741-26742,27062,27552,27659,29050,29104,29134,29178,29786,29847,29850,29946,30025,30347,30446,30573,30581,30613,31119,31142,31259,34530,34578,34598,35019,35268,35272,36644,36656,36661,36714,36838,36844,36859,36908,36912,36923,36930,36983,37072,37109,37903,39433,39889,40536,40864,40897,40900,40905,40912,40919,40935,40952,40971,41067,43720,45739,48665,50857,50964,50977,51046-51047,51731,53591-53592,53631,54392,55599,55892,57301,57648,58512,59799,59801,60040,60130,60284,60930-60932,61046,61261,61265,61296,61557,61588,61623,61634,62055,62685,62714,62780,63339,65198,65507,68209,68415,68909,70365,70371,70379,70643,70713,71336,71339,71342,71578::1;1::23186,23257,23276,23393,23610,23613,23907,24058,24214,24217,24221,24316,24374,24453,24699-24700,24722,24737,24769,24771,25041,25090,25095,25121,26267,26358,26395,26402,26406-26407,26422,26427,26438,26679,26715,26782,27769,28559,29086,29091,29101,29114,29121,29124,29129,29439,29823,29826,29854,29856,29871,29880,29901,29915,29931,29938,29941,29950,29972,29984,29991,30007,30341,30372,30429,30445,30458,30462,30502,30511,30536,30550,30616,30864,30997,31020,31063,31102,31122,31135,31148,31164,31205,31238,31260,31279,31293,31409,31520,31585,34039,34041,34079,34465-34467,34560,34697,35004,35023,35755,36715,36869,36909,36966,37046,37210,38584,40526,41532,41564-41565,41689,42556-42557,45849,46019,54392,54467,55390,55400,55563,56000,56030,56050,56157,56649,56887,57198,57200,57858,58411,58814,59181,59707,59716,59745,59778,59839,59844,60299,60410,60583,61201,61640,62227,62433,64542,66142,67441,67711,67827,68993,69929,70594,70598,70650,71054,71069,71197,71338,71344,71354,71455,72137,72345,72441,72501::2;1::24249,24687,24697,24724,24763,25093,25119,26077,26094,26132,26440,26658,26675,27086,27116,28968,29042,29049,29051,29080,29834,30459,30481,30975,30996,31227,31552,33206,34624,36663,36794,36925,36951,39445,40147,40529,40608,40700,40871,40907,40915,40968,40974,41012,41274,41356,41630,45490,45588,45603,45713,61640,62882,62888,64747,64853,65174,69623,69677::3;1::276,413,1045,2327,2951,2953,4558,4560,4588,4593-4595,4634,4867,4877,5867,5869,8293,8295,8300-8301,9009,9072,9310,9633,9733,9859,10101,10127,10515,10559,10859,10867,11089,11119,11451,13212,13233,14573,15094,15747,21074,21837,23677,23911,23923,23931,24042,24728,24730,24773,24779,24915,24997,26093,26252,26414,26418,26638,26664,26674,26962,28484,29040,29102,29128,29153,29155,29652,29664,29985,30444,30593,30610,31133,31176,31271,31291,31704,33265,34498,34540,35020,35270,35491,35498,35712,35715,36707,36846,36860,37045,37068,37120,37128,40690,40911,40956,40964,40995,41484,41639,42601,44377,46031,55693,55795,55859,55999,58827-58828,59784,59786,60028,60121,60366,62424,63050,63790,64921,64961,68804,68951,70525,70597,70646,70651,70709,70714,71200,71248,71254,71340,71343,71400,71410,71641,71703,71705,71911,71914,71918,72477::4;1::2553,2671,2770-2771,2825,3021,3114,3116,4177,4227,4239,4451,4794,5355,5381,5401,5405,5444,5459,5464,5482,5496,6023,6079,7712,8413,8436,8483,8991,9275,9352,9644,10171,10191,10271,10282,10510,11865,11951,12708,12968,13024,13037,13448,13480,13978,14047,14106,14353,14563,17206,18189,19048,19147,19468,20258,20981,21054,21679,21889,21891,21898-21899,22044,22263,22317,22320,22769,23490,23876,23885,23909,24091,24190,24258,24688,24720,24743,24783,24860,25360,26058,26409,26419,26469,26674,29026,29105,29144,29159,29167,29179,29790,29860,29864,29887,29906,29933,29944,29970,29979,29987,30350,30436,30542,30558,30568,30598,31021,31065,31072,31172,31251,31284,31287,31578,31607,33184,33189,33191,34027,34080,34436-34437,34730,35216,35690,35758-35759,36646,36657,36677,36683,36753,36814,36848,36868,36879,36887,39896,40647,40882,41158,41497,45738,46005,51421,66547,70144,70230,70233,70277,70377,70428,70603,70641,71510,71516,71539,71572,71576,71580,71650-71651,71700,71936,72048,72286,72902::5;
lumisParentRange : 
Basename : /store/user/mario/QCD_Pt_350_EMEnriched_TuneZ2star_8TeV_pythia6/Summer12-stop-pfele-step1/3d176ac8da5e9dff208d057f4733ca91/tuple_5
BasenameParent : 
parentFiles : 
inputBlocks : /QCD_Pt_350_EMEnriched_TuneZ2star_8TeV_pythia6/mario-Summer12-stop-pfele-step1-3d176ac8da5e9dff208d057f4733ca91/USER#2ef68d93-4c3b-40b9-98c3-bc862db01b2a
inputFiles : 7_2_gfQ.root::1::EDM::Local::1;8_9_uZa.root::1::EDM::Local::2;9_8_nqW.root::1::EDM::Local::3;5_2_Pr0.root::1::EDM::Local::4;6_3_6sZ.root::1::EDM::Local::5;
Popularity stop
Extracted ExitStatus from FrameworkJobReport parsing output: 0
>>> Executable succeded  0
ExeExitCode=0
EXECUTABLE_EXIT_STATUS = 0
>>> current directory /home/cms064/home_crobe_084614407/CREAM084614407/glide_rP8727/execute/dir_5842/CMSSW_5_3_5
>>>  (SOFTWARE_DIR): /home/cms064/home_crobe_084614407/CREAM084614407/glide_rP8727/execute/dir_5842/CMSSW_5_3_5
>>> (WORKING_DIR): 
>>> current directory content:
total 160
drwxr-xr-x 3 cms064 cms  4096 Nov 27 01:47 .SCRAM
-rw-r--r-- 1 cms064 cms 30066 Nov 27 01:47 CMSSW.py.pkl
drwxr-xr-x 3 cms064 cms  4096 Nov 27 01:47 bin
drwxr-xr-x 3 cms064 cms  4096 Nov 27 01:47 cfipython
drwxr-xr-x 5 cms064 cms  4096 Nov 27 01:47 config
-rw-r--r-- 1 cms064 cms    17 Nov 27 02:03 cpu_timing.txt
drwxr-xr-x 2 cms064 cms  4096 Nov 27 01:47 doc
-rw-r--r-- 1 cms064 cms 18550 Nov 27 02:03 executable.out
drwxr-xr-x 2 cms064 cms  4096 Nov 27 01:47 include
drwxrwxrwx 3 cms064 cms  4096 Oct 22 16:38 lib
drwxr-xr-x 3 cms064 cms  4096 Nov 27 01:47 logs
drwxr-xr-x 3 cms064 cms  4096 Nov 27 01:47 objs
-rw-r--r-- 1 cms064 cms 17636 Nov 27 02:03 optHistograms.root
-rw-r--r-- 1 cms064 cms   104 Nov 27 01:48 pset.py
-rw-r--r-- 1 cms064 cms 19483 Nov 27 01:48 pset.py.pkl
-rw-r--r-- 1 cms064 cms   289 Nov 27 01:48 pset.pyc
drwxr-xr-x 2 cms064 cms  4096 Nov 27 01:47 python
-rw-r--r-- 1 cms064 cms   420 Nov 27 02:03 report.log
drwxrwxrwx 4 cms064 cms  4096 Nov 27 01:47 src
drwxr-xr-x 3 cms064 cms  4096 Nov 27 01:47 test
drwxr-xr-x 3 cms064 cms  4096 Nov 27 01:47 tmp
>>> current directory /home/cms064/home_crobe_084614407/CREAM084614407/glide_rP8727/execute/dir_5842/CMSSW_5_3_5
>>> (SOFTWARE_DIR): /home/cms064/home_crobe_084614407/CREAM084614407/glide_rP8727/execute/dir_5842/CMSSW_5_3_5
>>> (WORKING_DIR): 
>>> current directory content:
total 140
drwxr-xr-x 3 cms064 cms  4096 Nov 27 01:47 .SCRAM
-rw-r--r-- 1 cms064 cms 30066 Nov 27 01:47 CMSSW.py.pkl
drwxr-xr-x 3 cms064 cms  4096 Nov 27 01:47 bin
drwxr-xr-x 3 cms064 cms  4096 Nov 27 01:47 cfipython
drwxr-xr-x 5 cms064 cms  4096 Nov 27 01:47 config
-rw-r--r-- 1 cms064 cms    17 Nov 27 02:03 cpu_timing.txt
drwxr-xr-x 2 cms064 cms  4096 Nov 27 01:47 doc
-rw-r--r-- 1 cms064 cms 18550 Nov 27 02:03 executable.out
drwxr-xr-x 2 cms064 cms  4096 Nov 27 01:47 include
drwxrwxrwx 3 cms064 cms  4096 Oct 22 16:38 lib
drwxr-xr-x 3 cms064 cms  4096 Nov 27 01:47 logs
drwxr-xr-x 3 cms064 cms  4096 Nov 27 01:47 objs
-rw-r--r-- 1 cms064 cms   104 Nov 27 01:48 pset.py
-rw-r--r-- 1 cms064 cms 19483 Nov 27 01:48 pset.py.pkl
-rw-r--r-- 1 cms064 cms   289 Nov 27 01:48 pset.pyc
drwxr-xr-x 2 cms064 cms  4096 Nov 27 01:47 python
-rw-r--r-- 1 cms064 cms   420 Nov 27 02:03 report.log
drwxrwxrwx 4 cms064 cms  4096 Nov 27 01:47 src
drwxr-xr-x 3 cms064 cms  4096 Nov 27 01:47 test
drwxr-xr-x 3 cms064 cms  4096 Nov 27 01:47 tmp
>>> current directory (RUNTIME_AREA):  /home/cms064/home_crobe_084614407/CREAM084614407/glide_rP8727/execute/dir_5842
>>> current dir: /home/cms064/home_crobe_084614407/CREAM084614407/glide_rP8727/execute/dir_5842
>>> current dir content:
total 25800
-rw-rw-rw-  1 cms064 cms     5580 Nov 27 01:47 .job.ad
-rw-rw-rw-  1 cms064 cms    11335 Nov 27 01:47 .machine.ad
-rw-rw-rw-  1 cms064 cms      105 Nov 27 01:26 CMSSW.py
-rw-rw-rw-  1 cms064 cms    30066 Nov 27 01:26 CMSSW.py.pkl
-rwxrw-rw-  1 cms064 cms    23333 Nov 27 01:47 CMSSW.sh
drwxr-xr-x 15 cms064 cms     4096 Nov 27 02:04 CMSSW_5_3_5
-rw-rw-rw-  1 cms064 cms        0 Nov 27 01:47 CMSSW_80.stderr
-rw-rw-rw-  1 cms064 cms    34732 Nov 27 02:04 CMSSW_80.stdout
-rw-r--r--  1 cms064 cms      346 Nov 27 01:47 CacheEnv.sh
-rw-rw-rw-  1 cms064 cms     7291 Jun  9  2010 DashboardAPI.py
-rw-r--r--  1 cms064 cms     6868 Nov 27 01:47 DashboardAPI.pyc
drwxrwxrwx  3 cms064 cms     4096 Nov 27 02:03 IMProv
-rw-rw-rw-  1 cms064 cms     2748 Mar  8  2006 Logger.py
-rw-r--r--  1 cms064 cms     3348 Nov 27 01:47 Logger.pyc
-rw-rw-rw-  1 cms064 cms    24524 Mar 28  2008 ProcInfo.py
-rw-r--r--  1 cms064 cms    23446 Nov 27 01:47 ProcInfo.pyc
drwxrwxrwx  7 cms064 cms     4096 Nov 27 01:47 ProdCommon
drwxrwxrwx  3 cms064 cms     4096 Nov 27 01:47 WMCore
-rw-r--r--  1 cms064 cms     3134 Nov 27 02:03 Watchdog_80.log
-rw-rw-rw-  1 cms064 cms    32895 Mar 28  2008 apmon.py
-rw-r--r--  1 cms064 cms    28845 Nov 27 01:47 apmon.pyc
-rw-rw-rw-  1 cms064 cms   101163 Nov 27 01:47 arguments.xml
-rwxrwxrwx  1 cms064 cms    37427 Sep 13 14:14 cmscp.py
-rwxrwxrwx  1 cms064 cms    23333 Nov 27 01:47 condor_exec.exe
-rw-rw-rw-  1 cms064 cms      542 Nov 27 01:25 crab.cfg
-rwxrwxrwx  1 cms064 cms     9531 Sep 20 21:46 crabWatchdog.sh
-rw-r--r--  1 cms064 cms    49437 Nov 27 02:03 crab_fjr_80.xml
-rw-rw-rw-  1 cms064 cms 25796292 Nov 27 01:47 default.tgz
-rwxrwxrwx  1 cms064 cms     4488 May 12  2012 fillCrabFjr.py
-rw-r--r--  1 cms064 cms      917 Nov 27 01:48 inputsReport.txt
-rw-r--r--  1 cms064 cms      132 Nov 27 02:04 jobreport.txt
lrwxrwxrwx  1 cms064 cms      106 Nov 27 02:04 optHistograms.root -> /home/cms064/home_crobe_084614407/CREAM084614407/glide_rP8727/execute/dir_5842/optHistograms_80_1_GSk.root
-rw-r--r--  1 cms064 cms    17636 Nov 27 02:03 optHistograms_80_1_GSk.root
-rw-rw-rw-  1 cms064 cms    17352 Jan 20  2012 parseCrabFjr.py
-rw-r--r--  1 cms064 cms      285 Nov 27 01:47 report.log
-rwxrwxrwx  1 cms064 cms     1497 May 27  2009 report.py
-rwxrwxrwx  1 cms064 cms     8387 Mar 23  2011 writeCfg.py
-rw-------  1 cms064 cms     8687 Nov 27 01:47 x509up_u1000009
Checking output files:  
will tar file optHistograms_80_1_GSk.root in  out_files_80
will tar file crab_fjr_80.xml in  out_files_80
will tar file CMSSW_80.stdout in  out_files_80
will tar file CMSSW_80.stderr in  out_files_80
WARNING: output file Watchdog_80.log.gz not found!
>>> padding time: Wrapper lasting more than 600 seconds. No sleep required.
STOPPING WATCHDOG. CrabWatchdog PID is 15785
********** LAST 50 LINES OF WATCHDOG LOG
# RESOURCE USAGE SUMMARY FOR PROCESS ID  7963
USER       PID %CPU %MEM    VSZ   RSS TTY      STAT START   TIME COMMAND
cms064    7963  0.1  0.0   8956  1484 ?        S    01:47   0:00 /bin/sh /home/cms064/home_crobe_084614407/CREAM084614407/glide_rP8727/execute/dir_5842/condor_exec.exe 80 1
 
# LIMITS USED BY THIS WATCHDOG:
# RSS  (KBytes)  : 2300000
# VSZ  (KBytes)  : 100000000
# DISK (MBytes)  : 19000
# CPU  (seconds) : 171600
# WALL (seconds) : 171600
 
# FOLLOWING PRINTOUT TRACKS MAXIMUM VALUES OF RESOURCES USE
# ONE LINE IS PRINTED EACH TIME A MAXIMUM CHANGES
# IF CHANGE WAS IN RSS OR VSZ ALSO PROCID AND COMMAND ARE PRINTED
# THERE IS NO PRINTOUT FOR CPU/WALL TIME INCREASE
 
# TIME			PID	RSS(KB)	VSZ(KB)	Dsk(MB)	tCPU(s)	tWALL(s)	COMMAND
 Nov 27 01:47:52 EET	5841	3868	6032	0	0	44	condor_procd -A /home/cms064/home_crobe_084614407/CREAM084614407/glide_rP8727/log/procd_address.STARTD -L /home/cms064/home_crobe_084614407/CREAM084614407/glide_rP8727/log/ProcLog.STARTD -R 10000000 -S 60 -C
 Nov 27 01:47:52 EET	5842	5312	9296	0	0	45	condor_starter -f submit-2.t2.ucsd.edu       
 Nov 27 01:47:52 EET	8610	5312	25504	0	0	718	perl -e ?use Socket;??sub send_notify {? $cream_url = "193.40.150.124:49152";die "No
 Nov 27 01:47:52 EET	20024	6092	25504	0	0	697	/home/cms064/home_crobe_084614407/CREAM084614407/glide_rP8727/main/condor/sbin/condor_master -f -pidfile /home/cms064/home_crobe_084614407/CREAM084614407/glide_rP8727/condor_master2.pid      
 Nov 27 01:47:52 EET	---	6092	25504	168	----	----	----
 Nov 27 01:48:59 EET	17570	315772	527860	168	12	61	cmsRun -j /home/cms064/home_crobe_084614407/CREAM084614407/glide_rP8727/execute/dir_5842/crab_fjr_80.xml -p pset.py     
 Nov 27 01:50:07 EET	17570	363904	565604	168	51	128	cmsRun -j /home/cms064/home_crobe_084614407/CREAM084614407/glide_rP8727/execute/dir_5842/crab_fjr_80.xml -p pset.py     
 Nov 27 01:51:13 EET	17570	364096	565604	168	93	193	cmsRun -j /home/cms064/home_crobe_084614407/CREAM084614407/glide_rP8727/execute/dir_5842/crab_fjr_80.xml -p pset.py     
 Nov 27 01:52:18 EET	17570	367512	568420	168	120	261	cmsRun -j /home/cms064/home_crobe_084614407/CREAM084614407/glide_rP8727/execute/dir_5842/crab_fjr_80.xml -p pset.py     
 Nov 27 01:53:27 EET	17570	368240	568676	168	164	329	cmsRun -j /home/cms064/home_crobe_084614407/CREAM084614407/glide_rP8727/execute/dir_5842/crab_fjr_80.xml -p pset.py     
 Nov 27 01:54:35 EET	17570	368508	568932	168	206	399	cmsRun -j /home/cms064/home_crobe_084614407/CREAM084614407/glide_rP8727/execute/dir_5842/crab_fjr_80.xml -p pset.py     
 Nov 27 01:58:02 EET	17570	368588	568932	168	320	604	cmsRun -j /home/cms064/home_crobe_084614407/CREAM084614407/glide_rP8727/execute/dir_5842/crab_fjr_80.xml -p pset.py     
 Nov 27 02:00:20 EET	17570	368812	568932	168	394	743	cmsRun -j /home/cms064/home_crobe_084614407/CREAM084614407/glide_rP8727/execute/dir_5842/crab_fjr_80.xml -p pset.py     
 Nov 27 02:01:29 EET	17570	368816	568932	168	439	813	cmsRun -j /home/cms064/home_crobe_084614407/CREAM084614407/glide_rP8727/execute/dir_5842/crab_fjr_80.xml -p pset.py     
 Nov 27 02:03:49 EET	---	368816	568932	169	----	----	----
********** WATCHDOG LOG ENDED
ZIPPING WATCHDOG LOG
Disk space used:
du -sh /home/cms064/home_crobe_084614407/CREAM084614407/glide_rP8727/execute/dir_5842
169M	/home/cms064/home_crobe_084614407/CREAM084614407/glide_rP8727/execute/dir_5842
>>> info for dashboard:
***** Cat /home/cms064/home_crobe_084614407/CREAM084614407/glide_rP8727/execute/dir_5842/jobreport.txt *****
MonitorJobID=80_https://submit-2.t2.ucsd.edu//121127//17528.79
MonitorID=liis_crab_0_121127_012526_r0h5c1
ExeTime=940
ExeExitCode=0
CrabUserCpuTime=496.21
CrabSysCpuTime=13.28
CrabCpuPercentage=54%
CrabWrapperTime=993
CrabStageoutTime=NULL
***** End Cat jobreport *****
Parameters sent to Dashboard.
optHistograms_80_1_GSk.root
crab_fjr_80.xml
CMSSW_80.stdout
CMSSW_80.stderr
Watchdog_80.log.gz
tar: .BrokerInfo: Cannot stat: No such file or directory
tar: Error exit delayed from previous errors
Total Output dimension: 30495
WARNING: output files size limit is set to: 50000000
Total Output dimension 30495 is fine.
JOB_EXIT_STATUS = 0
>>> info for dashboard:
***** Cat /home/cms064/home_crobe_084614407/CREAM084614407/glide_rP8727/execute/dir_5842/jobreport.txt *****
MonitorJobID=80_https://submit-2.t2.ucsd.edu//121127//17528.79
MonitorID=liis_crab_0_121127_012526_r0h5c1
JobExitCode=0
***** End Cat jobreport *****
Parameters sent to Dashboard.
optHistograms_80_1_GSk.root
crab_fjr_80.xml
