This script was generated by crab (version 2.8.3).
Running /home/cms016/home_creur_544276242/CREAM544276242/glide_Uu9903/execute/dir_12870/condor_exec.exe with 2 positional parameters: 97 1
Today is Tue Nov 27 02:50:58 EET 2012
Job submitted on host wn-v-4592.local
Linux wn-v-4592.local 2.6.32-042stab059.7 #1 SMP Tue Jul 24 19:12:01 MSK 2012 x86_64 x86_64 x86_64 GNU/Linux
>>> current directory (RUNTIME_AREA): /home/cms016/home_creur_544276242/CREAM544276242/glide_Uu9903/execute/dir_12870
>>> current user: uid=11016(cms016) gid=1400(cms) groups=1400(cms)
>>> voms proxy information:
subject   : /DC=ch/DC=cern/OU=Organic Units/OU=Users/CN=liis/CN=663550/CN=Liis Rebane/CN=proxy/CN=limited proxy
issuer    : /DC=ch/DC=cern/OU=Organic Units/OU=Users/CN=liis/CN=663550/CN=Liis Rebane/CN=proxy
identity  : /DC=ch/DC=cern/OU=Organic Units/OU=Users/CN=liis/CN=663550/CN=Liis Rebane/CN=proxy
type      : limited proxy
strength  : 512 bits
path      : /home/cms016/home_creur_544276242/CREAM544276242/glide_Uu9903/execute/dir_12870/x509up_u1000009
timeleft  : 23:59:54
key usage : Digital Signature, Key Encipherment, Data Encipherment
=== VO cms extension information ===
VO        : cms
subject   : /DC=ch/DC=cern/OU=Organic Units/OU=Users/CN=liis/CN=663550/CN=Liis Rebane
issuer    : /DC=ch/DC=cern/OU=computers/CN=lcg-voms.cern.ch
attribute : /cms/Role=NULL/Capability=NULL
timeleft  : 190:34:39
uri       : lcg-voms.cern.ch:15002
>>> tar xzf /home/cms016/home_creur_544276242/CREAM544276242/glide_Uu9903/execute/dir_12870/default.tgz :
Successful untar
>>> Include /home/cms016/home_creur_544276242/CREAM544276242/glide_Uu9903/execute/dir_12870 in PYTHONPATH:
strip arguments
env var CRAB_UNIQUE_JOB_ID set to: liis_crab_0_121127_013521_s7o4w6_97_1_aDt
out_files_97
>>> list of expected files on output sandbox
output files: optHistograms_97_1_aDt.root crab_fjr_97.xml CMSSW_97.stdout CMSSW_97.stderr Watchdog_97.log.gz
>>> GridFlavour discovery: 
GridFlavour=LCG
>>> SyncSite discovery: 
SyncSite=T2_EE_Estonia
>>> SyncCE discovery: 
getting SyncCE from CE_ID
SyncCE=europa.hep.kbfi.ee:8443/cream-pbs-long
>>> info for dashboard:
***** Cat /home/cms016/home_creur_544276242/CREAM544276242/glide_Uu9903/execute/dir_12870/jobreport.txt *****
MonitorJobID=97_https://submit-2.t2.ucsd.edu//121127//17535.96
SyncGridJobId=https://submit-2.t2.ucsd.edu//121127//17535.96
MonitorID=liis_crab_0_121127_013521_s7o4w6
GridFlavour=LCG
SyncSite=T2_EE_Estonia
SyncCE=europa.hep.kbfi.ee:8443/cream-pbs-long
***** End Cat jobreport *****
Parameters sent to Dashboard.
>>> setup environment
set SCRAM ARCH to slc5_amd64_gcc462
SCRAM_ARCH = slc5_amd64_gcc462
>>> setup CMS LCG environment:
set SCRAM ARCH and BUILD_ARCH to slc5_amd64_gcc462 ###
Sourcing environment... 
sourcing /cvmfs/cms.cern.ch/cmsset_default.sh
==> setup cms environment ok
>>> specific cmssw setup environment:
CMSSW_VERSION =  CMSSW_5_3_5
>>> current directory (SOFTWARE_DIR): /home/cms016/home_creur_544276242/CREAM544276242/glide_Uu9903/execute/dir_12870/CMSSW_5_3_5
PreserveSeeds: <>
IncrementSeeds:<>
{}
WNHostName=wn-v-4592.local
>>> info for dashboard:
***** Cat /home/cms016/home_creur_544276242/CREAM544276242/glide_Uu9903/execute/dir_12870/jobreport.txt *****
MonitorJobID=97_https://submit-2.t2.ucsd.edu//121127//17535.96
MonitorID=liis_crab_0_121127_013521_s7o4w6
WNHostName=wn-v-4592.local
***** End Cat jobreport *****
Parameters sent to Dashboard.
crabWatchdog started as process 16824
>>> moving CMSSW software directories in /home/cms016/home_creur_544276242/CREAM544276242/glide_Uu9903/execute/dir_12870/CMSSW_5_3_5
mv: cannot stat `/home/cms016/home_creur_544276242/CREAM544276242/glide_Uu9903/execute/dir_12870/module/': No such file or directory
>>> Include /home/cms016/home_creur_544276242/CREAM544276242/glide_Uu9903/execute/dir_12870 in PYTHONPATH:
PYTHONPATH=/home/cms016/home_creur_544276242/CREAM544276242/glide_Uu9903/execute/dir_12870/:/home/cms016/home_creur_544276242/CREAM544276242/glide_Uu9903/execute/dir_12870/CMSSW_5_3_5/python:/home/cms016/home_creur_544276242/CREAM544276242/glide_Uu9903/execute/dir_12870/CMSSW_5_3_5/lib/slc5_amd64_gcc462:/cvmfs/cms.cern.ch/slc5_amd64_gcc462/cms/cmssw/CMSSW_5_3_5/python:/cvmfs/cms.cern.ch/slc5_amd64_gcc462/cms/cmssw/CMSSW_5_3_5/lib/slc5_amd64_gcc462:/cvmfs/cms.cern.ch/slc5_amd64_gcc462/cms/coral/CORAL_2_3_21-cms27/slc5_amd64_gcc462/python:/cvmfs/cms.cern.ch/slc5_amd64_gcc462/cms/coral/CORAL_2_3_21-cms27/slc5_amd64_gcc462/lib:/cvmfs/cms.cern.ch/slc5_amd64_gcc462/external/pyqt/4.8.1/lib/python2.6/site-packages:/cvmfs/cms.cern.ch/slc5_amd64_gcc462/external/py2-scipy/0.8.0/lib/python2.6/site-packages:/cvmfs/cms.cern.ch/slc5_amd64_gcc462/external/py2-matplotlib/1.0.1/lib/python2.6/site-packages:/cvmfs/cms.cern.ch/slc5_amd64_gcc462/external/python-ldap/2.3.5/lib/python2.6/site-packages:/cvmfs/cms.cern.ch/slc5_amd64_gcc462/external/sip/4.11.2/lib/python2.6/site-packages:/cvmfs/cms.cern.ch/slc5_amd64_gcc462/external/py2-pycurl/7.19.0/lib/python2.6/site-packages:/cvmfs/cms.cern.ch/slc5_amd64_gcc462/external/py2-numpy/1.6.1/lib/python2.6/site-packages:/cvmfs/cms.cern.ch/slc5_amd64_gcc462/external/py2-ipython/0.10/lib/python2.6/site-packages:/cvmfs/cms.cern.ch/slc5_amd64_gcc462/external/py2-cx-oracle/5.1-cms11/lib/python2.6/site-packages:/cvmfs/cms.cern.ch/slc5_amd64_gcc462/external/py2-cjson/1.0.5/lib/python2.6/site-packages:/cvmfs/cms.cern.ch/slc5_amd64_gcc462/cms/das-client/1.4.1-cms8/bin:/cvmfs/cms.cern.ch/slc5_amd64_gcc462/external/elementtree/1.2.6/share/lib/python2.6/site-packages:/cvmfs/cms.cern.ch/slc5_amd64_gcc462/external/rivet/1.5.1-cms10/lib/python2.6/site-packages:/cvmfs/cms.cern.ch/slc5_amd64_gcc462/external/pyminuit2/0.0.1-cms34/lib/python2.6/site-packages:/cvmfs/cms.cern.ch/slc5_amd64_gcc462/external/professor/1.0.0-cms35/lib/python2.6/site-packages:/cvmfs/cms.cern.ch/slc5_amd64_gcc462/lcg/root/5.32.00-cms18/lib:/cvmfs/cms.cern.ch/slc5_amd64_gcc462/cms/dbs-client/DBS_2_1_1_patch1_1/lib:/cvmfs/cms.cern.ch/slc5_amd64_gcc462/cms/dbs-client/DBS_2_1_1_patch1_1/lib/DBSAPI:/home/cms016/home_creur_544276242/CREAM544276242/glide_Uu9903/execute/dir_12870/
241a2a19cb7c5c8751ba22759ab3bdb0
PSETHASH = 241a2a19cb7c5c8751ba22759ab3bdb0
/home/cms016/home_creur_544276242/CREAM544276242/glide_Uu9903/execute/dir_12870/writeCfg.py pset.py pset.py
Importing .py file
Setting parameters
inputBlocks=/QCD_Pt_350_BCtoE_TuneZ2star_8TeV_pythia6/mario-Summer12-stop-pfele-step1-3d176ac8da5e9dff208d057f4733ca91/USER#4ea1313f-ce05-4b4d-b719-e18ef67ecf53
inputFiles=/store/user/mario/QCD_Pt_350_BCtoE_TuneZ2star_8TeV_pythia6/Summer12-stop-pfele-step1/3d176ac8da5e9dff208d057f4733ca91/tuple_121_3_5C4.root;/store/user/mario/QCD_Pt_350_BCtoE_TuneZ2star_8TeV_pythia6/Summer12-stop-pfele-step1/3d176ac8da5e9dff208d057f4733ca91/tuple_122_3_zLU.root;/store/user/mario/QCD_Pt_350_BCtoE_TuneZ2star_8TeV_pythia6/Summer12-stop-pfele-step1/3d176ac8da5e9dff208d057f4733ca91/tuple_123_4_OGM.root;/store/user/mario/QCD_Pt_350_BCtoE_TuneZ2star_8TeV_pythia6/Summer12-stop-pfele-step1/3d176ac8da5e9dff208d057f4733ca91/tuple_124_4_YLe.root;/store/user/mario/QCD_Pt_350_BCtoE_TuneZ2star_8TeV_pythia6/Summer12-stop-pfele-step1/3d176ac8da5e9dff208d057f4733ca91/tuple_125_3_Sv3.root
parentFiles=
lumisRange=
>>> Executable cmsRun
/cvmfs/cms.cern.ch/slc5_amd64_gcc462/cms/cmssw/CMSSW_5_3_5/bin/slc5_amd64_gcc462/cmsRun
ok executable found
>>> info for dashboard:
***** Cat /home/cms016/home_creur_544276242/CREAM544276242/glide_Uu9903/execute/dir_12870/jobreport.txt *****
MonitorJobID=97_https://submit-2.t2.ucsd.edu//121127//17535.96
MonitorID=liis_crab_0_121127_013521_s7o4w6
ExeStart=cmsRun
***** End Cat jobreport *****
Parameters sent to Dashboard.
>>> cmsRun started at Tue Nov 27 00:51:17 UTC 2012
>>> cmsRun ended at Tue Nov 27 00:52:53 UTC 2012
>>> info for dashboard:
***** Cat /home/cms016/home_creur_544276242/CREAM544276242/glide_Uu9903/execute/dir_12870/jobreport.txt *****
MonitorJobID=97_https://submit-2.t2.ucsd.edu//121127//17535.96
MonitorID=liis_crab_0_121127_013521_s7o4w6
ExeEnd=cmsRun
***** End Cat jobreport *****
Parameters sent to Dashboard.
TIME_EXE = 96 sec
>>> cmsRun wrote 42 lines of stdout+stderr
>>> START OF printout of 42 lines from stdout+stderr
27-Nov-2012 02:51:25 EET  Initiating request to open file file:/hdfs/cms/store/user/mario/QCD_Pt_350_BCtoE_TuneZ2star_8TeV_pythia6/Summer12-stop-pfele-step1/3d176ac8da5e9dff208d057f4733ca91/tuple_121_3_5C4.root
27-Nov-2012 02:51:32 EET  Successfully opened file file:/hdfs/cms/store/user/mario/QCD_Pt_350_BCtoE_TuneZ2star_8TeV_pythia6/Summer12-stop-pfele-step1/3d176ac8da5e9dff208d057f4733ca91/tuple_121_3_5C4.root
Begin processing the 1st record. Run 1, Event 47102556, LumiSection 2895 at 27-Nov-2012 02:51:41.339 EET
Begin processing the 1001st record. Run 1, Event 67412154, LumiSection 4144 at 27-Nov-2012 02:51:47.450 EET
27-Nov-2012 02:51:48 EET  Closed file file:/hdfs/cms/store/user/mario/QCD_Pt_350_BCtoE_TuneZ2star_8TeV_pythia6/Summer12-stop-pfele-step1/3d176ac8da5e9dff208d057f4733ca91/tuple_121_3_5C4.root
27-Nov-2012 02:51:48 EET  Initiating request to open file file:/hdfs/cms/store/user/mario/QCD_Pt_350_BCtoE_TuneZ2star_8TeV_pythia6/Summer12-stop-pfele-step1/3d176ac8da5e9dff208d057f4733ca91/tuple_122_3_zLU.root
27-Nov-2012 02:51:48 EET  Successfully opened file file:/hdfs/cms/store/user/mario/QCD_Pt_350_BCtoE_TuneZ2star_8TeV_pythia6/Summer12-stop-pfele-step1/3d176ac8da5e9dff208d057f4733ca91/tuple_122_3_zLU.root
Begin processing the 2001st record. Run 1, Event 38835628, LumiSection 2387 at 27-Nov-2012 02:51:56.314 EET
Begin processing the 3001st record. Run 1, Event 62325232, LumiSection 3831 at 27-Nov-2012 02:52:00.663 EET
27-Nov-2012 02:52:02 EET  Closed file file:/hdfs/cms/store/user/mario/QCD_Pt_350_BCtoE_TuneZ2star_8TeV_pythia6/Summer12-stop-pfele-step1/3d176ac8da5e9dff208d057f4733ca91/tuple_122_3_zLU.root
27-Nov-2012 02:52:02 EET  Initiating request to open file file:/hdfs/cms/store/user/mario/QCD_Pt_350_BCtoE_TuneZ2star_8TeV_pythia6/Summer12-stop-pfele-step1/3d176ac8da5e9dff208d057f4733ca91/tuple_123_4_OGM.root
27-Nov-2012 02:52:02 EET  Successfully opened file file:/hdfs/cms/store/user/mario/QCD_Pt_350_BCtoE_TuneZ2star_8TeV_pythia6/Summer12-stop-pfele-step1/3d176ac8da5e9dff208d057f4733ca91/tuple_123_4_OGM.root
Begin processing the 4001st record. Run 1, Event 4136998, LumiSection 255 at 27-Nov-2012 02:52:18.023 EET
Begin processing the 5001st record. Run 1, Event 20140241, LumiSection 1238 at 27-Nov-2012 02:52:22.887 EET
27-Nov-2012 02:52:26 EET  Closed file file:/hdfs/cms/store/user/mario/QCD_Pt_350_BCtoE_TuneZ2star_8TeV_pythia6/Summer12-stop-pfele-step1/3d176ac8da5e9dff208d057f4733ca91/tuple_123_4_OGM.root
27-Nov-2012 02:52:26 EET  Initiating request to open file file:/hdfs/cms/store/user/mario/QCD_Pt_350_BCtoE_TuneZ2star_8TeV_pythia6/Summer12-stop-pfele-step1/3d176ac8da5e9dff208d057f4733ca91/tuple_124_4_YLe.root
27-Nov-2012 02:52:26 EET  Successfully opened file file:/hdfs/cms/store/user/mario/QCD_Pt_350_BCtoE_TuneZ2star_8TeV_pythia6/Summer12-stop-pfele-step1/3d176ac8da5e9dff208d057f4733ca91/tuple_124_4_YLe.root
Begin processing the 6001st record. Run 1, Event 24236928, LumiSection 1490 at 27-Nov-2012 02:52:33.444 EET
Begin processing the 7001st record. Run 1, Event 46390771, LumiSection 2852 at 27-Nov-2012 02:52:37.774 EET
27-Nov-2012 02:52:43 EET  Closed file file:/hdfs/cms/store/user/mario/QCD_Pt_350_BCtoE_TuneZ2star_8TeV_pythia6/Summer12-stop-pfele-step1/3d176ac8da5e9dff208d057f4733ca91/tuple_124_4_YLe.root
27-Nov-2012 02:52:43 EET  Initiating request to open file file:/hdfs/cms/store/user/mario/QCD_Pt_350_BCtoE_TuneZ2star_8TeV_pythia6/Summer12-stop-pfele-step1/3d176ac8da5e9dff208d057f4733ca91/tuple_125_3_Sv3.root
27-Nov-2012 02:52:43 EET  Successfully opened file file:/hdfs/cms/store/user/mario/QCD_Pt_350_BCtoE_TuneZ2star_8TeV_pythia6/Summer12-stop-pfele-step1/3d176ac8da5e9dff208d057f4733ca91/tuple_125_3_Sv3.root
Begin processing the 8001st record. Run 1, Event 53403561, LumiSection 3283 at 27-Nov-2012 02:52:45.720 EET
27-Nov-2012 02:52:51 EET  Closed file file:/hdfs/cms/store/user/mario/QCD_Pt_350_BCtoE_TuneZ2star_8TeV_pythia6/Summer12-stop-pfele-step1/3d176ac8da5e9dff208d057f4733ca91/tuple_125_3_Sv3.root

=============================================

MessageLogger Summary

 type     category        sev    module        subroutine        count    total
 ---- -------------------- -- ---------------- ----------------  -----    -----
    1 fileAction           -s file_close                             5        5
    2 fileAction           -s file_open                             10       10

 type    category    Examples: run/evt        run/evt          run/evt
 ---- -------------------- ---------------- ---------------- ----------------
    1 fileAction           PostProcessEvent PostProcessEvent PostEndRun
    2 fileAction           pre-events       pre-events       PostProcessEvent

Severity    # Occurrences   Total Occurrences
--------    -------------   -----------------
System                 15                  15
>>> END OF printout of 42 lines from stdout+stderr
>>> Parse FrameworkJobReport crab_fjr.xml
Result of parsing the FrameworkJobReport crab_fjr.xml: Popularity start
lumisRange : 1::154,2387,3429,3432,3434,3620,3622,3830-3831,3857,4053::1;1::65,3283,3363,3410::2;1::154,2895-2896,3199,3202,4134,4142,4144::3;1::1490,2504,2629,2808,2851-2853,3011,3048,3214,3217,3283::4;1::255,1119,1121,1233-1234,1238,2550,3011,3085,4053,4081,4084::5;
lumisParentRange : 
Basename : /store/user/mario/QCD_Pt_350_BCtoE_TuneZ2star_8TeV_pythia6/Summer12-stop-pfele-step1/3d176ac8da5e9dff208d057f4733ca91/tuple_12
BasenameParent : 
parentFiles : 
inputBlocks : /QCD_Pt_350_BCtoE_TuneZ2star_8TeV_pythia6/mario-Summer12-stop-pfele-step1-3d176ac8da5e9dff208d057f4733ca91/USER#4ea1313f-ce05-4b4d-b719-e18ef67ecf53
inputFiles : 2_3_zLU.root::1::EDM::Local::1;5_3_Sv3.root::1::EDM::Local::2;1_3_5C4.root::1::EDM::Local::3;4_4_YLe.root::1::EDM::Local::4;3_4_OGM.root::1::EDM::Local::5;
Popularity stop
Extracted ExitStatus from FrameworkJobReport parsing output: 0
>>> Executable succeded  0
ExeExitCode=0
EXECUTABLE_EXIT_STATUS = 0
>>> current directory /home/cms016/home_creur_544276242/CREAM544276242/glide_Uu9903/execute/dir_12870/CMSSW_5_3_5
>>>  (SOFTWARE_DIR): /home/cms016/home_creur_544276242/CREAM544276242/glide_Uu9903/execute/dir_12870/CMSSW_5_3_5
>>> (WORKING_DIR): 
>>> current directory content:
total 148
drwxr-xr-x 3 cms016 cms  4096 Nov 27 02:51 .SCRAM
-rw-r--r-- 1 cms016 cms 30066 Nov 27 02:51 CMSSW.py.pkl
drwxr-xr-x 3 cms016 cms  4096 Nov 27 02:51 bin
drwxr-xr-x 3 cms016 cms  4096 Nov 27 02:51 cfipython
drwxr-xr-x 5 cms016 cms  4096 Nov 27 02:51 config
-rw-r--r-- 1 cms016 cms    15 Nov 27 02:52 cpu_timing.txt
drwxr-xr-x 2 cms016 cms  4096 Nov 27 02:51 doc
-rw-r--r-- 1 cms016 cms  4827 Nov 27 02:52 executable.out
drwxr-xr-x 2 cms016 cms  4096 Nov 27 02:51 include
drwxrwxrwx 3 cms016 cms  4096 Oct 22 16:38 lib
drwxr-xr-x 3 cms016 cms  4096 Nov 27 02:51 logs
drwxr-xr-x 3 cms016 cms  4096 Nov 27 02:51 objs
-rw-r--r-- 1 cms016 cms 16431 Nov 27 02:52 optHistograms.root
-rw-r--r-- 1 cms016 cms   104 Nov 27 02:51 pset.py
-rw-r--r-- 1 cms016 cms 19461 Nov 27 02:51 pset.py.pkl
-rw-r--r-- 1 cms016 cms   289 Nov 27 02:51 pset.pyc
drwxr-xr-x 2 cms016 cms  4096 Nov 27 02:51 python
-rw-r--r-- 1 cms016 cms   420 Nov 27 02:52 report.log
drwxrwxrwx 4 cms016 cms  4096 Nov 27 02:50 src
drwxr-xr-x 3 cms016 cms  4096 Nov 27 02:51 test
drwxr-xr-x 3 cms016 cms  4096 Nov 27 02:51 tmp
>>> current directory /home/cms016/home_creur_544276242/CREAM544276242/glide_Uu9903/execute/dir_12870/CMSSW_5_3_5
>>> (SOFTWARE_DIR): /home/cms016/home_creur_544276242/CREAM544276242/glide_Uu9903/execute/dir_12870/CMSSW_5_3_5
>>> (WORKING_DIR): 
>>> current directory content:
total 128
drwxr-xr-x 3 cms016 cms  4096 Nov 27 02:51 .SCRAM
-rw-r--r-- 1 cms016 cms 30066 Nov 27 02:51 CMSSW.py.pkl
drwxr-xr-x 3 cms016 cms  4096 Nov 27 02:51 bin
drwxr-xr-x 3 cms016 cms  4096 Nov 27 02:51 cfipython
drwxr-xr-x 5 cms016 cms  4096 Nov 27 02:51 config
-rw-r--r-- 1 cms016 cms    15 Nov 27 02:52 cpu_timing.txt
drwxr-xr-x 2 cms016 cms  4096 Nov 27 02:51 doc
-rw-r--r-- 1 cms016 cms  4827 Nov 27 02:52 executable.out
drwxr-xr-x 2 cms016 cms  4096 Nov 27 02:51 include
drwxrwxrwx 3 cms016 cms  4096 Oct 22 16:38 lib
drwxr-xr-x 3 cms016 cms  4096 Nov 27 02:51 logs
drwxr-xr-x 3 cms016 cms  4096 Nov 27 02:51 objs
-rw-r--r-- 1 cms016 cms   104 Nov 27 02:51 pset.py
-rw-r--r-- 1 cms016 cms 19461 Nov 27 02:51 pset.py.pkl
-rw-r--r-- 1 cms016 cms   289 Nov 27 02:51 pset.pyc
drwxr-xr-x 2 cms016 cms  4096 Nov 27 02:51 python
-rw-r--r-- 1 cms016 cms   420 Nov 27 02:52 report.log
drwxrwxrwx 4 cms016 cms  4096 Nov 27 02:50 src
drwxr-xr-x 3 cms016 cms  4096 Nov 27 02:51 test
drwxr-xr-x 3 cms016 cms  4096 Nov 27 02:51 tmp
>>> current directory (RUNTIME_AREA):  /home/cms016/home_creur_544276242/CREAM544276242/glide_Uu9903/execute/dir_12870
>>> current dir: /home/cms016/home_creur_544276242/CREAM544276242/glide_Uu9903/execute/dir_12870
>>> current dir content:
total 25752
-rw-rw-rw-  1 cms016 cms     5580 Nov 27 02:50 .job.ad
-rw-rw-rw-  1 cms016 cms    11526 Nov 27 02:50 .machine.ad
-rw-rw-rw-  1 cms016 cms      105 Nov 27 01:35 CMSSW.py
-rw-rw-rw-  1 cms016 cms    30066 Nov 27 01:35 CMSSW.py.pkl
-rwxrw-rw-  1 cms016 cms    23323 Nov 27 02:50 CMSSW.sh
drwxr-xr-x 15 cms016 cms     4096 Nov 27 02:53 CMSSW_5_3_5
-rw-rw-rw-  1 cms016 cms        0 Nov 27 02:50 CMSSW_97.stderr
-rw-rw-rw-  1 cms016 cms    17053 Nov 27 02:53 CMSSW_97.stdout
-rw-r--r--  1 cms016 cms      347 Nov 27 02:51 CacheEnv.sh
-rw-rw-rw-  1 cms016 cms     7291 Jun  9  2010 DashboardAPI.py
-rw-r--r--  1 cms016 cms     6883 Nov 27 02:51 DashboardAPI.pyc
drwxrwxrwx  3 cms016 cms     4096 Nov 27 02:52 IMProv
-rw-rw-rw-  1 cms016 cms     2748 Mar  8  2006 Logger.py
-rw-r--r--  1 cms016 cms     3353 Nov 27 02:51 Logger.pyc
-rw-rw-rw-  1 cms016 cms    24524 Mar 28  2008 ProcInfo.py
-rw-r--r--  1 cms016 cms    23470 Nov 27 02:51 ProcInfo.pyc
drwxrwxrwx  7 cms016 cms     4096 Nov 27 02:51 ProdCommon
drwxrwxrwx  3 cms016 cms     4096 Nov 27 02:50 WMCore
-rw-r--r--  1 cms016 cms     1595 Nov 27 02:52 Watchdog_97.log
-rw-rw-rw-  1 cms016 cms    32895 Mar 28  2008 apmon.py
-rw-r--r--  1 cms016 cms    28874 Nov 27 02:51 apmon.pyc
-rw-rw-rw-  1 cms016 cms    92722 Nov 27 02:50 arguments.xml
-rwxrwxrwx  1 cms016 cms    37427 Sep 13 14:14 cmscp.py
-rwxrwxrwx  1 cms016 cms    23323 Nov 27 02:50 condor_exec.exe
-rw-rw-rw-  1 cms016 cms      537 Nov 27 01:35 crab.cfg
-rwxrwxrwx  1 cms016 cms     9531 Sep 20 21:46 crabWatchdog.sh
-rw-r--r--  1 cms016 cms    30211 Nov 27 02:52 crab_fjr_97.xml
-rw-rw-rw-  1 cms016 cms 25796287 Nov 27 02:50 default.tgz
-rwxrwxrwx  1 cms016 cms     4488 May 12  2012 fillCrabFjr.py
-rw-r--r--  1 cms016 cms      892 Nov 27 02:51 inputsReport.txt
-rw-r--r--  1 cms016 cms      131 Nov 27 02:53 jobreport.txt
lrwxrwxrwx  1 cms016 cms      107 Nov 27 02:53 optHistograms.root -> /home/cms016/home_creur_544276242/CREAM544276242/glide_Uu9903/execute/dir_12870/optHistograms_97_1_aDt.root
-rw-r--r--  1 cms016 cms    16431 Nov 27 02:52 optHistograms_97_1_aDt.root
-rw-rw-rw-  1 cms016 cms    17352 Jan 20  2012 parseCrabFjr.py
-rw-r--r--  1 cms016 cms      285 Nov 27 02:50 report.log
-rwxrwxrwx  1 cms016 cms     1497 May 27  2009 report.py
-rwxrwxrwx  1 cms016 cms     8387 Mar 23  2011 writeCfg.py
-rw-------  1 cms016 cms     8691 Nov 27 02:50 x509up_u1000009
Checking output files:  
will tar file optHistograms_97_1_aDt.root in  out_files_97
will tar file crab_fjr_97.xml in  out_files_97
will tar file CMSSW_97.stdout in  out_files_97
will tar file CMSSW_97.stderr in  out_files_97
WARNING: output file Watchdog_97.log.gz not found!
>>> padding time: Sleeping the wrapper for 467 seconds
STOPPING WATCHDOG. CrabWatchdog PID is 16824
********** LAST 50 LINES OF WATCHDOG LOG
# RESOURCE USAGE SUMMARY FOR PROCESS ID 15592
USER       PID %CPU %MEM    VSZ   RSS TTY      STAT START   TIME COMMAND
cms016   15592  0.2  0.0   8956  1488 ?        S    02:50   0:00 /bin/sh /home/cms016/home_creur_544276242/CREAM544276242/glide_Uu9903/execute/dir_12870/condor_exec.exe 97 1
 
# LIMITS USED BY THIS WATCHDOG:
# RSS  (KBytes)  : 2300000
# VSZ  (KBytes)  : 100000000
# DISK (MBytes)  : 19000
# CPU  (seconds) : 171600
# WALL (seconds) : 171600
 
# FOLLOWING PRINTOUT TRACKS MAXIMUM VALUES OF RESOURCES USE
# ONE LINE IS PRINTED EACH TIME A MAXIMUM CHANGES
# IF CHANGE WAS IN RSS OR VSZ ALSO PROCID AND COMMAND ARE PRINTED
# THERE IS NO PRINTOUT FOR CPU/WALL TIME INCREASE
 
# TIME			PID	RSS(KB)	VSZ(KB)	Dsk(MB)	tCPU(s)	tWALL(s)	COMMAND
 Nov 27 02:51:06 EET	8159	1320	8896	0	0	4707	-bash         
 Nov 27 02:51:06 EET	8388	1488	8952	0	0	4708	/bin/sh -l ./CREAM544276242_jobWrapper.sh       
 Nov 27 02:51:06 EET	9515	2676	25504	0	0	4707	perl -e ?use Socket;??sub send_notify {? $cream_url = "193.40.150.134:49152";die "No
 Nov 27 02:51:06 EET	12870	5392	25504	0	0	23	condor_starter -f submit-2.t2.ucsd.edu       
 Nov 27 02:51:06 EET	18901	6092	25504	0	2	4690	/home/cms016/home_creur_544276242/CREAM544276242/glide_Uu9903/main/condor/sbin/condor_master -f -pidfile /home/cms016/home_creur_544276242/CREAM544276242/glide_Uu9903/condor_master2.pid      
 Nov 27 02:51:06 EET	---	6092	25504	168	----	----	----
 Nov 27 02:52:14 EET	20879	358344	558436	168	30	64	cmsRun -j /home/cms016/home_creur_544276242/CREAM544276242/glide_Uu9903/execute/dir_12870/crab_fjr_97.xml -p pset.py     
 Nov 27 02:53:21 EET	---	358344	558436	169	----	----	----
********** WATCHDOG LOG ENDED
ZIPPING WATCHDOG LOG
Disk space used:
du -sh /home/cms016/home_creur_544276242/CREAM544276242/glide_Uu9903/execute/dir_12870
169M	/home/cms016/home_creur_544276242/CREAM544276242/glide_Uu9903/execute/dir_12870
>>> info for dashboard:
***** Cat /home/cms016/home_creur_544276242/CREAM544276242/glide_Uu9903/execute/dir_12870/jobreport.txt *****
MonitorJobID=97_https://submit-2.t2.ucsd.edu//121127//17535.96
MonitorID=liis_crab_0_121127_013521_s7o4w6
ExeTime=96
ExeExitCode=0
CrabUserCpuTime=45.64
CrabSysCpuTime=3.99
CrabCpuPercentage=51%
CrabWrapperTime=600
CrabStageoutTime=NULL
***** End Cat jobreport *****
Parameters sent to Dashboard.
optHistograms_97_1_aDt.root
crab_fjr_97.xml
CMSSW_97.stdout
CMSSW_97.stderr
Watchdog_97.log.gz
tar: .BrokerInfo: Cannot stat: No such file or directory
tar: Error exit delayed from previous errors
Total Output dimension: 18349
WARNING: output files size limit is set to: 50000000
Total Output dimension 18349 is fine.
JOB_EXIT_STATUS = 0
>>> info for dashboard:
***** Cat /home/cms016/home_creur_544276242/CREAM544276242/glide_Uu9903/execute/dir_12870/jobreport.txt *****
MonitorJobID=97_https://submit-2.t2.ucsd.edu//121127//17535.96
MonitorID=liis_crab_0_121127_013521_s7o4w6
JobExitCode=0
***** End Cat jobreport *****
Parameters sent to Dashboard.
optHistograms_97_1_aDt.root
crab_fjr_97.xml
