This script was generated by crab (version 2.8.3).
Running /home/cms088/home_crmrs_069928201/CREAM069928201/glide_w28100/execute/dir_15407/condor_exec.exe with 2 positional parameters: 37 1
Today is Tue Nov 27 02:48:43 EET 2012
Job submitted on host wn-v-5780.local
Linux wn-v-5780.local 2.6.32-042stab059.7 #1 SMP Tue Jul 24 19:12:01 MSK 2012 x86_64 x86_64 x86_64 GNU/Linux
>>> current directory (RUNTIME_AREA): /home/cms088/home_crmrs_069928201/CREAM069928201/glide_w28100/execute/dir_15407
>>> current user: uid=11088(cms088) gid=1400(cms) groups=1400(cms)
>>> voms proxy information:
subject   : /DC=ch/DC=cern/OU=Organic Units/OU=Users/CN=liis/CN=663550/CN=Liis Rebane/CN=proxy/CN=limited proxy
issuer    : /DC=ch/DC=cern/OU=Organic Units/OU=Users/CN=liis/CN=663550/CN=Liis Rebane/CN=proxy
identity  : /DC=ch/DC=cern/OU=Organic Units/OU=Users/CN=liis/CN=663550/CN=Liis Rebane/CN=proxy
type      : limited proxy
strength  : 512 bits
path      : /home/cms088/home_crmrs_069928201/CREAM069928201/glide_w28100/execute/dir_15407/x509up_u1000009
timeleft  : 23:59:51
key usage : Digital Signature, Key Encipherment, Data Encipherment
=== VO cms extension information ===
VO        : cms
subject   : /DC=ch/DC=cern/OU=Organic Units/OU=Users/CN=liis/CN=663550/CN=Liis Rebane
issuer    : /DC=ch/DC=cern/OU=computers/CN=lcg-voms.cern.ch
attribute : /cms/Role=NULL/Capability=NULL
timeleft  : 190:36:54
uri       : lcg-voms.cern.ch:15002
>>> tar xzf /home/cms088/home_crmrs_069928201/CREAM069928201/glide_w28100/execute/dir_15407/default.tgz :
Successful untar
>>> Include /home/cms088/home_crmrs_069928201/CREAM069928201/glide_w28100/execute/dir_15407 in PYTHONPATH:
strip arguments
env var CRAB_UNIQUE_JOB_ID set to: liis_crab_0_121127_013521_s7o4w6_37_1_AGP
out_files_37
>>> list of expected files on output sandbox
output files: optHistograms_37_1_AGP.root crab_fjr_37.xml CMSSW_37.stdout CMSSW_37.stderr Watchdog_37.log.gz
>>> GridFlavour discovery: 
GridFlavour=LCG
>>> SyncSite discovery: 
SyncSite=T2_EE_Estonia
>>> SyncCE discovery: 
getting SyncCE from CE_ID
SyncCE=mars.hep.kbfi.ee:8443/cream-pbs-long
>>> info for dashboard:
***** Cat /home/cms088/home_crmrs_069928201/CREAM069928201/glide_w28100/execute/dir_15407/jobreport.txt *****
MonitorJobID=37_https://submit-2.t2.ucsd.edu//121127//17535.36
SyncGridJobId=https://submit-2.t2.ucsd.edu//121127//17535.36
MonitorID=liis_crab_0_121127_013521_s7o4w6
GridFlavour=LCG
SyncSite=T2_EE_Estonia
SyncCE=mars.hep.kbfi.ee:8443/cream-pbs-long
***** End Cat jobreport *****
Parameters sent to Dashboard.
>>> setup environment
set SCRAM ARCH to slc5_amd64_gcc462
SCRAM_ARCH = slc5_amd64_gcc462
>>> setup CMS LCG environment:
set SCRAM ARCH and BUILD_ARCH to slc5_amd64_gcc462 ###
Sourcing environment... 
sourcing /cvmfs/cms.cern.ch/cmsset_default.sh
==> setup cms environment ok
>>> specific cmssw setup environment:
CMSSW_VERSION =  CMSSW_5_3_5
>>> current directory (SOFTWARE_DIR): /home/cms088/home_crmrs_069928201/CREAM069928201/glide_w28100/execute/dir_15407/CMSSW_5_3_5
PreserveSeeds: <>
IncrementSeeds:<>
{}
WNHostName=wn-v-5780.local
>>> info for dashboard:
***** Cat /home/cms088/home_crmrs_069928201/CREAM069928201/glide_w28100/execute/dir_15407/jobreport.txt *****
MonitorJobID=37_https://submit-2.t2.ucsd.edu//121127//17535.36
MonitorID=liis_crab_0_121127_013521_s7o4w6
WNHostName=wn-v-5780.local
***** End Cat jobreport *****
Parameters sent to Dashboard.
crabWatchdog started as process 19364
>>> moving CMSSW software directories in /home/cms088/home_crmrs_069928201/CREAM069928201/glide_w28100/execute/dir_15407/CMSSW_5_3_5
mv: cannot stat `/home/cms088/home_crmrs_069928201/CREAM069928201/glide_w28100/execute/dir_15407/module/': No such file or directory
>>> Include /home/cms088/home_crmrs_069928201/CREAM069928201/glide_w28100/execute/dir_15407 in PYTHONPATH:
PYTHONPATH=/home/cms088/home_crmrs_069928201/CREAM069928201/glide_w28100/execute/dir_15407/:/home/cms088/home_crmrs_069928201/CREAM069928201/glide_w28100/execute/dir_15407/CMSSW_5_3_5/python:/home/cms088/home_crmrs_069928201/CREAM069928201/glide_w28100/execute/dir_15407/CMSSW_5_3_5/lib/slc5_amd64_gcc462:/cvmfs/cms.cern.ch/slc5_amd64_gcc462/cms/cmssw/CMSSW_5_3_5/python:/cvmfs/cms.cern.ch/slc5_amd64_gcc462/cms/cmssw/CMSSW_5_3_5/lib/slc5_amd64_gcc462:/cvmfs/cms.cern.ch/slc5_amd64_gcc462/cms/coral/CORAL_2_3_21-cms27/slc5_amd64_gcc462/python:/cvmfs/cms.cern.ch/slc5_amd64_gcc462/cms/coral/CORAL_2_3_21-cms27/slc5_amd64_gcc462/lib:/cvmfs/cms.cern.ch/slc5_amd64_gcc462/external/pyqt/4.8.1/lib/python2.6/site-packages:/cvmfs/cms.cern.ch/slc5_amd64_gcc462/external/py2-scipy/0.8.0/lib/python2.6/site-packages:/cvmfs/cms.cern.ch/slc5_amd64_gcc462/external/py2-matplotlib/1.0.1/lib/python2.6/site-packages:/cvmfs/cms.cern.ch/slc5_amd64_gcc462/external/python-ldap/2.3.5/lib/python2.6/site-packages:/cvmfs/cms.cern.ch/slc5_amd64_gcc462/external/sip/4.11.2/lib/python2.6/site-packages:/cvmfs/cms.cern.ch/slc5_amd64_gcc462/external/py2-pycurl/7.19.0/lib/python2.6/site-packages:/cvmfs/cms.cern.ch/slc5_amd64_gcc462/external/py2-numpy/1.6.1/lib/python2.6/site-packages:/cvmfs/cms.cern.ch/slc5_amd64_gcc462/external/py2-ipython/0.10/lib/python2.6/site-packages:/cvmfs/cms.cern.ch/slc5_amd64_gcc462/external/py2-cx-oracle/5.1-cms11/lib/python2.6/site-packages:/cvmfs/cms.cern.ch/slc5_amd64_gcc462/external/py2-cjson/1.0.5/lib/python2.6/site-packages:/cvmfs/cms.cern.ch/slc5_amd64_gcc462/cms/das-client/1.4.1-cms8/bin:/cvmfs/cms.cern.ch/slc5_amd64_gcc462/external/elementtree/1.2.6/share/lib/python2.6/site-packages:/cvmfs/cms.cern.ch/slc5_amd64_gcc462/external/rivet/1.5.1-cms10/lib/python2.6/site-packages:/cvmfs/cms.cern.ch/slc5_amd64_gcc462/external/pyminuit2/0.0.1-cms34/lib/python2.6/site-packages:/cvmfs/cms.cern.ch/slc5_amd64_gcc462/external/professor/1.0.0-cms35/lib/python2.6/site-packages:/cvmfs/cms.cern.ch/slc5_amd64_gcc462/lcg/root/5.32.00-cms18/lib:/cvmfs/cms.cern.ch/slc5_amd64_gcc462/cms/dbs-client/DBS_2_1_1_patch1_1/lib:/cvmfs/cms.cern.ch/slc5_amd64_gcc462/cms/dbs-client/DBS_2_1_1_patch1_1/lib/DBSAPI:/home/cms088/home_crmrs_069928201/CREAM069928201/glide_w28100/execute/dir_15407/
241a2a19cb7c5c8751ba22759ab3bdb0
PSETHASH = 241a2a19cb7c5c8751ba22759ab3bdb0
/home/cms088/home_crmrs_069928201/CREAM069928201/glide_w28100/execute/dir_15407/writeCfg.py pset.py pset.py
Importing .py file
Setting parameters
inputBlocks=/QCD_Pt_350_BCtoE_TuneZ2star_8TeV_pythia6/mario-Summer12-stop-pfele-step1-3d176ac8da5e9dff208d057f4733ca91/USER#4ea1313f-ce05-4b4d-b719-e18ef67ecf53
inputFiles=/store/user/mario/QCD_Pt_350_BCtoE_TuneZ2star_8TeV_pythia6/Summer12-stop-pfele-step1/3d176ac8da5e9dff208d057f4733ca91/tuple_252_4_hLr.root;/store/user/mario/QCD_Pt_350_BCtoE_TuneZ2star_8TeV_pythia6/Summer12-stop-pfele-step1/3d176ac8da5e9dff208d057f4733ca91/tuple_253_4_8xc.root;/store/user/mario/QCD_Pt_350_BCtoE_TuneZ2star_8TeV_pythia6/Summer12-stop-pfele-step1/3d176ac8da5e9dff208d057f4733ca91/tuple_254_4_hB1.root;/store/user/mario/QCD_Pt_350_BCtoE_TuneZ2star_8TeV_pythia6/Summer12-stop-pfele-step1/3d176ac8da5e9dff208d057f4733ca91/tuple_255_4_1Fu.root
parentFiles=
lumisRange=
>>> Executable cmsRun
/cvmfs/cms.cern.ch/slc5_amd64_gcc462/cms/cmssw/CMSSW_5_3_5/bin/slc5_amd64_gcc462/cmsRun
ok executable found
>>> info for dashboard:
***** Cat /home/cms088/home_crmrs_069928201/CREAM069928201/glide_w28100/execute/dir_15407/jobreport.txt *****
MonitorJobID=37_https://submit-2.t2.ucsd.edu//121127//17535.36
MonitorID=liis_crab_0_121127_013521_s7o4w6
ExeStart=cmsRun
***** End Cat jobreport *****
Parameters sent to Dashboard.
>>> cmsRun started at Tue Nov 27 00:49:16 UTC 2012
>>> cmsRun ended at Tue Nov 27 00:51:10 UTC 2012
>>> info for dashboard:
***** Cat /home/cms088/home_crmrs_069928201/CREAM069928201/glide_w28100/execute/dir_15407/jobreport.txt *****
MonitorJobID=37_https://submit-2.t2.ucsd.edu//121127//17535.36
MonitorID=liis_crab_0_121127_013521_s7o4w6
ExeEnd=cmsRun
***** End Cat jobreport *****
Parameters sent to Dashboard.
TIME_EXE = 114 sec
>>> cmsRun wrote 39 lines of stdout+stderr
>>> START OF printout of 39 lines from stdout+stderr
27-Nov-2012 02:49:41 EET  Initiating request to open file file:/hdfs/cms/store/user/mario/QCD_Pt_350_BCtoE_TuneZ2star_8TeV_pythia6/Summer12-stop-pfele-step1/3d176ac8da5e9dff208d057f4733ca91/tuple_252_4_hLr.root
27-Nov-2012 02:49:57 EET  Successfully opened file file:/hdfs/cms/store/user/mario/QCD_Pt_350_BCtoE_TuneZ2star_8TeV_pythia6/Summer12-stop-pfele-step1/3d176ac8da5e9dff208d057f4733ca91/tuple_252_4_hLr.root
Begin processing the 1st record. Run 1, Event 28272523, LumiSection 1738 at 27-Nov-2012 02:50:06.794 EET
Begin processing the 1001st record. Run 1, Event 33113760, LumiSection 2036 at 27-Nov-2012 02:50:16.757 EET
Begin processing the 2001st record. Run 1, Event 55426092, LumiSection 3407 at 27-Nov-2012 02:50:22.166 EET
27-Nov-2012 02:50:23 EET  Closed file file:/hdfs/cms/store/user/mario/QCD_Pt_350_BCtoE_TuneZ2star_8TeV_pythia6/Summer12-stop-pfele-step1/3d176ac8da5e9dff208d057f4733ca91/tuple_252_4_hLr.root
27-Nov-2012 02:50:23 EET  Initiating request to open file file:/hdfs/cms/store/user/mario/QCD_Pt_350_BCtoE_TuneZ2star_8TeV_pythia6/Summer12-stop-pfele-step1/3d176ac8da5e9dff208d057f4733ca91/tuple_253_4_8xc.root
27-Nov-2012 02:50:23 EET  Successfully opened file file:/hdfs/cms/store/user/mario/QCD_Pt_350_BCtoE_TuneZ2star_8TeV_pythia6/Summer12-stop-pfele-step1/3d176ac8da5e9dff208d057f4733ca91/tuple_253_4_8xc.root
Begin processing the 3001st record. Run 1, Event 6038698, LumiSection 372 at 27-Nov-2012 02:50:34.947 EET
Begin processing the 4001st record. Run 1, Event 3462148, LumiSection 213 at 27-Nov-2012 02:50:39.338 EET
27-Nov-2012 02:50:41 EET  Closed file file:/hdfs/cms/store/user/mario/QCD_Pt_350_BCtoE_TuneZ2star_8TeV_pythia6/Summer12-stop-pfele-step1/3d176ac8da5e9dff208d057f4733ca91/tuple_253_4_8xc.root
27-Nov-2012 02:50:41 EET  Initiating request to open file file:/hdfs/cms/store/user/mario/QCD_Pt_350_BCtoE_TuneZ2star_8TeV_pythia6/Summer12-stop-pfele-step1/3d176ac8da5e9dff208d057f4733ca91/tuple_254_4_hB1.root
27-Nov-2012 02:50:41 EET  Successfully opened file file:/hdfs/cms/store/user/mario/QCD_Pt_350_BCtoE_TuneZ2star_8TeV_pythia6/Summer12-stop-pfele-step1/3d176ac8da5e9dff208d057f4733ca91/tuple_254_4_hB1.root
Begin processing the 5001st record. Run 1, Event 26805754, LumiSection 1648 at 27-Nov-2012 02:50:49.436 EET
Begin processing the 6001st record. Run 1, Event 34072301, LumiSection 2095 at 27-Nov-2012 02:50:53.175 EET
27-Nov-2012 02:50:56 EET  Closed file file:/hdfs/cms/store/user/mario/QCD_Pt_350_BCtoE_TuneZ2star_8TeV_pythia6/Summer12-stop-pfele-step1/3d176ac8da5e9dff208d057f4733ca91/tuple_254_4_hB1.root
27-Nov-2012 02:50:56 EET  Initiating request to open file file:/hdfs/cms/store/user/mario/QCD_Pt_350_BCtoE_TuneZ2star_8TeV_pythia6/Summer12-stop-pfele-step1/3d176ac8da5e9dff208d057f4733ca91/tuple_255_4_1Fu.root
27-Nov-2012 02:50:56 EET  Successfully opened file file:/hdfs/cms/store/user/mario/QCD_Pt_350_BCtoE_TuneZ2star_8TeV_pythia6/Summer12-stop-pfele-step1/3d176ac8da5e9dff208d057f4733ca91/tuple_255_4_1Fu.root
Begin processing the 7001st record. Run 1, Event 55528873, LumiSection 3413 at 27-Nov-2012 02:51:00.345 EET
Begin processing the 8001st record. Run 1, Event 28089714, LumiSection 1727 at 27-Nov-2012 02:51:04.423 EET
27-Nov-2012 02:51:08 EET  Closed file file:/hdfs/cms/store/user/mario/QCD_Pt_350_BCtoE_TuneZ2star_8TeV_pythia6/Summer12-stop-pfele-step1/3d176ac8da5e9dff208d057f4733ca91/tuple_255_4_1Fu.root

=============================================

MessageLogger Summary

 type     category        sev    module        subroutine        count    total
 ---- -------------------- -- ---------------- ----------------  -----    -----
    1 fileAction           -s file_close                             4        4
    2 fileAction           -s file_open                              8        8

 type    category    Examples: run/evt        run/evt          run/evt
 ---- -------------------- ---------------- ---------------- ----------------
    1 fileAction           PostProcessEvent PostProcessEvent PostEndRun
    2 fileAction           pre-events       pre-events       PostProcessEvent

Severity    # Occurrences   Total Occurrences
--------    -------------   -----------------
System                 12                  12
>>> END OF printout of 39 lines from stdout+stderr
>>> Parse FrameworkJobReport crab_fjr.xml
Result of parsing the FrameworkJobReport crab_fjr.xml: Popularity start
lumisRange : 1::57,195,213,235,368,372,1644,2175,3089,3421,3529,3743::1;1::1507,1510,1545,1561,1676,1686,1707,1727,1810,3346,3413::2;1::1738,1740,1899,1929,1939,2010,2025,2036,2085,3407,3421::3;1::1644-1645,1648,1724,1831,1833,2079,2095,2207,3026,3346::4;
lumisParentRange : 
Basename : /store/user/mario/QCD_Pt_350_BCtoE_TuneZ2star_8TeV_pythia6/Summer12-stop-pfele-step1/3d176ac8da5e9dff208d057f4733ca91/tuple_25
BasenameParent : 
parentFiles : 
inputBlocks : /QCD_Pt_350_BCtoE_TuneZ2star_8TeV_pythia6/mario-Summer12-stop-pfele-step1-3d176ac8da5e9dff208d057f4733ca91/USER#4ea1313f-ce05-4b4d-b719-e18ef67ecf53
inputFiles : 3_4_8xc.root::1::EDM::Local::1;5_4_1Fu.root::1::EDM::Local::2;2_4_hLr.root::1::EDM::Local::3;4_4_hB1.root::1::EDM::Local::4;
Popularity stop
Extracted ExitStatus from FrameworkJobReport parsing output: 0
>>> Executable succeded  0
ExeExitCode=0
EXECUTABLE_EXIT_STATUS = 0
>>> current directory /home/cms088/home_crmrs_069928201/CREAM069928201/glide_w28100/execute/dir_15407/CMSSW_5_3_5
>>>  (SOFTWARE_DIR): /home/cms088/home_crmrs_069928201/CREAM069928201/glide_w28100/execute/dir_15407/CMSSW_5_3_5
>>> (WORKING_DIR): 
>>> current directory content:
total 148
drwxr-xr-x 3 cms088 cms  4096 Nov 27 02:48 .SCRAM
-rw-r--r-- 1 cms088 cms 30066 Nov 27 02:48 CMSSW.py.pkl
drwxr-xr-x 3 cms088 cms  4096 Nov 27 02:48 bin
drwxr-xr-x 3 cms088 cms  4096 Nov 27 02:48 cfipython
drwxr-xr-x 5 cms088 cms  4096 Nov 27 02:48 config
-rw-r--r-- 1 cms088 cms    15 Nov 27 02:51 cpu_timing.txt
drwxr-xr-x 2 cms088 cms  4096 Nov 27 02:48 doc
-rw-r--r-- 1 cms088 cms  4219 Nov 27 02:51 executable.out
drwxr-xr-x 2 cms088 cms  4096 Nov 27 02:48 include
drwxrwxrwx 3 cms088 cms  4096 Oct 22 16:38 lib
drwxr-xr-x 3 cms088 cms  4096 Nov 27 02:48 logs
drwxr-xr-x 3 cms088 cms  4096 Nov 27 02:48 objs
-rw-r--r-- 1 cms088 cms 16505 Nov 27 02:51 optHistograms.root
-rw-r--r-- 1 cms088 cms   104 Nov 27 02:49 pset.py
-rw-r--r-- 1 cms088 cms 19311 Nov 27 02:49 pset.py.pkl
-rw-r--r-- 1 cms088 cms   289 Nov 27 02:49 pset.pyc
drwxr-xr-x 2 cms088 cms  4096 Nov 27 02:48 python
-rw-r--r-- 1 cms088 cms   420 Nov 27 02:51 report.log
drwxrwxrwx 4 cms088 cms  4096 Nov 27 02:48 src
drwxr-xr-x 3 cms088 cms  4096 Nov 27 02:48 test
drwxr-xr-x 3 cms088 cms  4096 Nov 27 02:48 tmp
>>> current directory /home/cms088/home_crmrs_069928201/CREAM069928201/glide_w28100/execute/dir_15407/CMSSW_5_3_5
>>> (SOFTWARE_DIR): /home/cms088/home_crmrs_069928201/CREAM069928201/glide_w28100/execute/dir_15407/CMSSW_5_3_5
>>> (WORKING_DIR): 
>>> current directory content:
total 128
drwxr-xr-x 3 cms088 cms  4096 Nov 27 02:48 .SCRAM
-rw-r--r-- 1 cms088 cms 30066 Nov 27 02:48 CMSSW.py.pkl
drwxr-xr-x 3 cms088 cms  4096 Nov 27 02:48 bin
drwxr-xr-x 3 cms088 cms  4096 Nov 27 02:48 cfipython
drwxr-xr-x 5 cms088 cms  4096 Nov 27 02:48 config
-rw-r--r-- 1 cms088 cms    15 Nov 27 02:51 cpu_timing.txt
drwxr-xr-x 2 cms088 cms  4096 Nov 27 02:48 doc
-rw-r--r-- 1 cms088 cms  4219 Nov 27 02:51 executable.out
drwxr-xr-x 2 cms088 cms  4096 Nov 27 02:48 include
drwxrwxrwx 3 cms088 cms  4096 Oct 22 16:38 lib
drwxr-xr-x 3 cms088 cms  4096 Nov 27 02:48 logs
drwxr-xr-x 3 cms088 cms  4096 Nov 27 02:48 objs
-rw-r--r-- 1 cms088 cms   104 Nov 27 02:49 pset.py
-rw-r--r-- 1 cms088 cms 19311 Nov 27 02:49 pset.py.pkl
-rw-r--r-- 1 cms088 cms   289 Nov 27 02:49 pset.pyc
drwxr-xr-x 2 cms088 cms  4096 Nov 27 02:48 python
-rw-r--r-- 1 cms088 cms   420 Nov 27 02:51 report.log
drwxrwxrwx 4 cms088 cms  4096 Nov 27 02:48 src
drwxr-xr-x 3 cms088 cms  4096 Nov 27 02:48 test
drwxr-xr-x 3 cms088 cms  4096 Nov 27 02:48 tmp
>>> current directory (RUNTIME_AREA):  /home/cms088/home_crmrs_069928201/CREAM069928201/glide_w28100/execute/dir_15407
>>> current dir: /home/cms088/home_crmrs_069928201/CREAM069928201/glide_w28100/execute/dir_15407
>>> current dir content:
total 25744
-rw-rw-rw-  1 cms088 cms     5578 Nov 27 02:48 .job.ad
-rw-rw-rw-  1 cms088 cms    11336 Nov 27 02:48 .machine.ad
-rw-rw-rw-  1 cms088 cms      105 Nov 27 01:35 CMSSW.py
-rw-rw-rw-  1 cms088 cms    30066 Nov 27 01:35 CMSSW.py.pkl
-rwxrw-rw-  1 cms088 cms    23323 Nov 27 02:48 CMSSW.sh
-rw-rw-rw-  1 cms088 cms        0 Nov 27 02:48 CMSSW_37.stderr
-rw-rw-rw-  1 cms088 cms    16259 Nov 27 02:51 CMSSW_37.stdout
drwxr-xr-x 15 cms088 cms     4096 Nov 27 02:51 CMSSW_5_3_5
-rw-r--r--  1 cms088 cms      347 Nov 27 02:48 CacheEnv.sh
-rw-rw-rw-  1 cms088 cms     7291 Jun  9  2010 DashboardAPI.py
-rw-r--r--  1 cms088 cms     6883 Nov 27 02:48 DashboardAPI.pyc
drwxrwxrwx  3 cms088 cms     4096 Nov 27 02:51 IMProv
-rw-rw-rw-  1 cms088 cms     2748 Mar  8  2006 Logger.py
-rw-r--r--  1 cms088 cms     3353 Nov 27 02:48 Logger.pyc
-rw-rw-rw-  1 cms088 cms    24524 Mar 28  2008 ProcInfo.py
-rw-r--r--  1 cms088 cms    23470 Nov 27 02:48 ProcInfo.pyc
drwxrwxrwx  7 cms088 cms     4096 Nov 27 02:49 ProdCommon
drwxrwxrwx  3 cms088 cms     4096 Nov 27 02:48 WMCore
-rw-r--r--  1 cms088 cms     1182 Nov 27 02:51 Watchdog_37.log
-rw-rw-rw-  1 cms088 cms    32895 Mar 28  2008 apmon.py
-rw-r--r--  1 cms088 cms    28874 Nov 27 02:48 apmon.pyc
-rw-rw-rw-  1 cms088 cms    92722 Nov 27 02:48 arguments.xml
-rwxrwxrwx  1 cms088 cms    37427 Sep 13 14:14 cmscp.py
-rwxrwxrwx  1 cms088 cms    23323 Nov 27 02:48 condor_exec.exe
-rw-rw-rw-  1 cms088 cms      537 Nov 27 01:35 crab.cfg
-rwxrwxrwx  1 cms088 cms     9531 Sep 20 21:46 crabWatchdog.sh
-rw-r--r--  1 cms088 cms    26775 Nov 27 02:51 crab_fjr_37.xml
-rw-rw-rw-  1 cms088 cms 25796287 Nov 27 02:48 default.tgz
-rwxrwxrwx  1 cms088 cms     4488 May 12  2012 fillCrabFjr.py
-rw-r--r--  1 cms088 cms      753 Nov 27 02:49 inputsReport.txt
-rw-r--r--  1 cms088 cms      132 Nov 27 02:51 jobreport.txt
lrwxrwxrwx  1 cms088 cms      107 Nov 27 02:51 optHistograms.root -> /home/cms088/home_crmrs_069928201/CREAM069928201/glide_w28100/execute/dir_15407/optHistograms_37_1_AGP.root
-rw-r--r--  1 cms088 cms    16505 Nov 27 02:51 optHistograms_37_1_AGP.root
-rw-rw-rw-  1 cms088 cms    17352 Jan 20  2012 parseCrabFjr.py
-rw-r--r--  1 cms088 cms      283 Nov 27 02:48 report.log
-rwxrwxrwx  1 cms088 cms     1497 May 27  2009 report.py
-rwxrwxrwx  1 cms088 cms     8387 Mar 23  2011 writeCfg.py
-rw-------  1 cms088 cms     8687 Nov 27 02:48 x509up_u1000009
Checking output files:  
will tar file optHistograms_37_1_AGP.root in  out_files_37
will tar file crab_fjr_37.xml in  out_files_37
will tar file CMSSW_37.stdout in  out_files_37
will tar file CMSSW_37.stderr in  out_files_37
WARNING: output file Watchdog_37.log.gz not found!
>>> padding time: Sleeping the wrapper for 429 seconds
STOPPING WATCHDOG. CrabWatchdog PID is 19364
********** LAST 50 LINES OF WATCHDOG LOG
# RESOURCE USAGE SUMMARY FOR PROCESS ID 16590
USER       PID %CPU %MEM    VSZ   RSS TTY      STAT START   TIME COMMAND
cms088   16590  0.1  0.0   8956  1484 ?        S    02:48   0:00 /bin/sh /home/cms088/home_crmrs_069928201/CREAM069928201/glide_w28100/execute/dir_15407/condor_exec.exe 37 1
 
# LIMITS USED BY THIS WATCHDOG:
# RSS  (KBytes)  : 2300000
# VSZ  (KBytes)  : 100000000
# DISK (MBytes)  : 19000
# CPU  (seconds) : 171600
# WALL (seconds) : 171600
 
# FOLLOWING PRINTOUT TRACKS MAXIMUM VALUES OF RESOURCES USE
# ONE LINE IS PRINTED EACH TIME A MAXIMUM CHANGES
# IF CHANGE WAS IN RSS OR VSZ ALSO PROCID AND COMMAND ARE PRINTED
# THERE IS NO PRINTOUT FOR CPU/WALL TIME INCREASE
 
# TIME			PID	RSS(KB)	VSZ(KB)	Dsk(MB)	tCPU(s)	tWALL(s)	COMMAND
 Nov 27 02:48:57 EET	378	5732	9564	0	0	150	condor_startd -f        
 Nov 27 02:48:57 EET	19428	23740	84828	0	0	5	edmConfigHash pset.py        
 Nov 27 02:48:57 EET	---	23740	84828	168	----	----	----
 Nov 27 02:50:07 EET	24134	322628	556388	168	13	54	cmsRun -j /home/cms088/home_crmrs_069928201/CREAM069928201/glide_w28100/execute/dir_15407/crab_fjr_37.xml -p pset.py     
 Nov 27 02:51:14 EET	---	322628	556388	169	----	----	----
********** WATCHDOG LOG ENDED
ZIPPING WATCHDOG LOG
Disk space used:
du -sh /home/cms088/home_crmrs_069928201/CREAM069928201/glide_w28100/execute/dir_15407
169M	/home/cms088/home_crmrs_069928201/CREAM069928201/glide_w28100/execute/dir_15407
>>> info for dashboard:
***** Cat /home/cms088/home_crmrs_069928201/CREAM069928201/glide_w28100/execute/dir_15407/jobreport.txt *****
MonitorJobID=37_https://submit-2.t2.ucsd.edu//121127//17535.36
MonitorID=liis_crab_0_121127_013521_s7o4w6
ExeTime=114
ExeExitCode=0
CrabUserCpuTime=45.17
CrabSysCpuTime=5.60
CrabCpuPercentage=44%
CrabWrapperTime=600
CrabStageoutTime=NULL
***** End Cat jobreport *****
Parameters sent to Dashboard.
optHistograms_37_1_AGP.root
crab_fjr_37.xml
CMSSW_37.stdout
CMSSW_37.stderr
Watchdog_37.log.gz
tar: .BrokerInfo: Cannot stat: No such file or directory
tar: Error exit delayed from previous errors
Total Output dimension: 17930
WARNING: output files size limit is set to: 50000000
Total Output dimension 17930 is fine.
JOB_EXIT_STATUS = 0
>>> info for dashboard:
***** Cat /home/cms088/home_crmrs_069928201/CREAM069928201/glide_w28100/execute/dir_15407/jobreport.txt *****
MonitorJobID=37_https://submit-2.t2.ucsd.edu//121127//17535.36
MonitorID=liis_crab_0_121127_013521_s7o4w6
JobExitCode=0
***** End Cat jobreport *****
Parameters sent to Dashboard.
optHistograms_37_1_AGP.root
crab_fjr_37.xml
