This script was generated by crab (version 2.8.3).
Running /home/cms030/home_crobe_664574115/CREAM664574115/glide_E19885/execute/dir_12199/condor_exec.exe with 2 positional parameters: 98 1
Today is Tue Nov 27 02:50:59 EET 2012
Job submitted on host wn-v-7032.local
Linux wn-v-7032.local 2.6.32-042stab059.7 #1 SMP Tue Jul 24 19:12:01 MSK 2012 x86_64 x86_64 x86_64 GNU/Linux
>>> current directory (RUNTIME_AREA): /home/cms030/home_crobe_664574115/CREAM664574115/glide_E19885/execute/dir_12199
>>> current user: uid=11030(cms030) gid=1400(cms) groups=1400(cms)
>>> voms proxy information:
subject   : /DC=ch/DC=cern/OU=Organic Units/OU=Users/CN=liis/CN=663550/CN=Liis Rebane/CN=proxy/CN=limited proxy
issuer    : /DC=ch/DC=cern/OU=Organic Units/OU=Users/CN=liis/CN=663550/CN=Liis Rebane/CN=proxy
identity  : /DC=ch/DC=cern/OU=Organic Units/OU=Users/CN=liis/CN=663550/CN=Liis Rebane/CN=proxy
type      : limited proxy
strength  : 512 bits
path      : /home/cms030/home_crobe_664574115/CREAM664574115/glide_E19885/execute/dir_12199/x509up_u1000009
timeleft  : 23:59:54
key usage : Digital Signature, Key Encipherment, Data Encipherment
=== VO cms extension information ===
VO        : cms
subject   : /DC=ch/DC=cern/OU=Organic Units/OU=Users/CN=liis/CN=663550/CN=Liis Rebane
issuer    : /DC=ch/DC=cern/OU=computers/CN=lcg-voms.cern.ch
attribute : /cms/Role=NULL/Capability=NULL
timeleft  : 190:34:38
uri       : lcg-voms.cern.ch:15002
>>> tar xzf /home/cms030/home_crobe_664574115/CREAM664574115/glide_E19885/execute/dir_12199/default.tgz :
Successful untar
>>> Include /home/cms030/home_crobe_664574115/CREAM664574115/glide_E19885/execute/dir_12199 in PYTHONPATH:
strip arguments
env var CRAB_UNIQUE_JOB_ID set to: liis_crab_0_121127_013521_s7o4w6_98_1_IGO
out_files_98
>>> list of expected files on output sandbox
output files: optHistograms_98_1_IGO.root crab_fjr_98.xml CMSSW_98.stdout CMSSW_98.stderr Watchdog_98.log.gz
>>> GridFlavour discovery: 
GridFlavour=LCG
>>> SyncSite discovery: 
SyncSite=T2_EE_Estonia
>>> SyncCE discovery: 
getting SyncCE from CE_ID
SyncCE=oberon.hep.kbfi.ee:8443/cream-pbs-long
>>> info for dashboard:
***** Cat /home/cms030/home_crobe_664574115/CREAM664574115/glide_E19885/execute/dir_12199/jobreport.txt *****
MonitorJobID=98_https://submit-2.t2.ucsd.edu//121127//17535.97
SyncGridJobId=https://submit-2.t2.ucsd.edu//121127//17535.97
MonitorID=liis_crab_0_121127_013521_s7o4w6
GridFlavour=LCG
SyncSite=T2_EE_Estonia
SyncCE=oberon.hep.kbfi.ee:8443/cream-pbs-long
***** End Cat jobreport *****
Parameters sent to Dashboard.
>>> setup environment
set SCRAM ARCH to slc5_amd64_gcc462
SCRAM_ARCH = slc5_amd64_gcc462
>>> setup CMS LCG environment:
set SCRAM ARCH and BUILD_ARCH to slc5_amd64_gcc462 ###
Sourcing environment... 
sourcing /cvmfs/cms.cern.ch/cmsset_default.sh
==> setup cms environment ok
>>> specific cmssw setup environment:
CMSSW_VERSION =  CMSSW_5_3_5
>>> current directory (SOFTWARE_DIR): /home/cms030/home_crobe_664574115/CREAM664574115/glide_E19885/execute/dir_12199/CMSSW_5_3_5
PreserveSeeds: <>
IncrementSeeds:<>
{}
WNHostName=wn-v-7032.local
>>> info for dashboard:
***** Cat /home/cms030/home_crobe_664574115/CREAM664574115/glide_E19885/execute/dir_12199/jobreport.txt *****
MonitorJobID=98_https://submit-2.t2.ucsd.edu//121127//17535.97
MonitorID=liis_crab_0_121127_013521_s7o4w6
WNHostName=wn-v-7032.local
***** End Cat jobreport *****
Parameters sent to Dashboard.
crabWatchdog started as process 13565
>>> moving CMSSW software directories in /home/cms030/home_crobe_664574115/CREAM664574115/glide_E19885/execute/dir_12199/CMSSW_5_3_5
mv: cannot stat `/home/cms030/home_crobe_664574115/CREAM664574115/glide_E19885/execute/dir_12199/module/': No such file or directory
>>> Include /home/cms030/home_crobe_664574115/CREAM664574115/glide_E19885/execute/dir_12199 in PYTHONPATH:
PYTHONPATH=/home/cms030/home_crobe_664574115/CREAM664574115/glide_E19885/execute/dir_12199/:/home/cms030/home_crobe_664574115/CREAM664574115/glide_E19885/execute/dir_12199/CMSSW_5_3_5/python:/home/cms030/home_crobe_664574115/CREAM664574115/glide_E19885/execute/dir_12199/CMSSW_5_3_5/lib/slc5_amd64_gcc462:/cvmfs/cms.cern.ch/slc5_amd64_gcc462/cms/cmssw/CMSSW_5_3_5/python:/cvmfs/cms.cern.ch/slc5_amd64_gcc462/cms/cmssw/CMSSW_5_3_5/lib/slc5_amd64_gcc462:/cvmfs/cms.cern.ch/slc5_amd64_gcc462/cms/coral/CORAL_2_3_21-cms27/slc5_amd64_gcc462/python:/cvmfs/cms.cern.ch/slc5_amd64_gcc462/cms/coral/CORAL_2_3_21-cms27/slc5_amd64_gcc462/lib:/cvmfs/cms.cern.ch/slc5_amd64_gcc462/external/pyqt/4.8.1/lib/python2.6/site-packages:/cvmfs/cms.cern.ch/slc5_amd64_gcc462/external/py2-scipy/0.8.0/lib/python2.6/site-packages:/cvmfs/cms.cern.ch/slc5_amd64_gcc462/external/py2-matplotlib/1.0.1/lib/python2.6/site-packages:/cvmfs/cms.cern.ch/slc5_amd64_gcc462/external/python-ldap/2.3.5/lib/python2.6/site-packages:/cvmfs/cms.cern.ch/slc5_amd64_gcc462/external/sip/4.11.2/lib/python2.6/site-packages:/cvmfs/cms.cern.ch/slc5_amd64_gcc462/external/py2-pycurl/7.19.0/lib/python2.6/site-packages:/cvmfs/cms.cern.ch/slc5_amd64_gcc462/external/py2-numpy/1.6.1/lib/python2.6/site-packages:/cvmfs/cms.cern.ch/slc5_amd64_gcc462/external/py2-ipython/0.10/lib/python2.6/site-packages:/cvmfs/cms.cern.ch/slc5_amd64_gcc462/external/py2-cx-oracle/5.1-cms11/lib/python2.6/site-packages:/cvmfs/cms.cern.ch/slc5_amd64_gcc462/external/py2-cjson/1.0.5/lib/python2.6/site-packages:/cvmfs/cms.cern.ch/slc5_amd64_gcc462/cms/das-client/1.4.1-cms8/bin:/cvmfs/cms.cern.ch/slc5_amd64_gcc462/external/elementtree/1.2.6/share/lib/python2.6/site-packages:/cvmfs/cms.cern.ch/slc5_amd64_gcc462/external/rivet/1.5.1-cms10/lib/python2.6/site-packages:/cvmfs/cms.cern.ch/slc5_amd64_gcc462/external/pyminuit2/0.0.1-cms34/lib/python2.6/site-packages:/cvmfs/cms.cern.ch/slc5_amd64_gcc462/external/professor/1.0.0-cms35/lib/python2.6/site-packages:/cvmfs/cms.cern.ch/slc5_amd64_gcc462/lcg/root/5.32.00-cms18/lib:/cvmfs/cms.cern.ch/slc5_amd64_gcc462/cms/dbs-client/DBS_2_1_1_patch1_1/lib:/cvmfs/cms.cern.ch/slc5_amd64_gcc462/cms/dbs-client/DBS_2_1_1_patch1_1/lib/DBSAPI:/home/cms030/home_crobe_664574115/CREAM664574115/glide_E19885/execute/dir_12199/
241a2a19cb7c5c8751ba22759ab3bdb0
PSETHASH = 241a2a19cb7c5c8751ba22759ab3bdb0
/home/cms030/home_crobe_664574115/CREAM664574115/glide_E19885/execute/dir_12199/writeCfg.py pset.py pset.py
Importing .py file
Setting parameters
inputBlocks=/QCD_Pt_350_BCtoE_TuneZ2star_8TeV_pythia6/mario-Summer12-stop-pfele-step1-3d176ac8da5e9dff208d057f4733ca91/USER#4ea1313f-ce05-4b4d-b719-e18ef67ecf53
inputFiles=/store/user/mario/QCD_Pt_350_BCtoE_TuneZ2star_8TeV_pythia6/Summer12-stop-pfele-step1/3d176ac8da5e9dff208d057f4733ca91/tuple_125_3_Sv3.root;/store/user/mario/QCD_Pt_350_BCtoE_TuneZ2star_8TeV_pythia6/Summer12-stop-pfele-step1/3d176ac8da5e9dff208d057f4733ca91/tuple_126_3_jdi.root;/store/user/mario/QCD_Pt_350_BCtoE_TuneZ2star_8TeV_pythia6/Summer12-stop-pfele-step1/3d176ac8da5e9dff208d057f4733ca91/tuple_127_3_oYL.root;/store/user/mario/QCD_Pt_350_BCtoE_TuneZ2star_8TeV_pythia6/Summer12-stop-pfele-step1/3d176ac8da5e9dff208d057f4733ca91/tuple_128_3_xT3.root;/store/user/mario/QCD_Pt_350_BCtoE_TuneZ2star_8TeV_pythia6/Summer12-stop-pfele-step1/3d176ac8da5e9dff208d057f4733ca91/tuple_129_3_J99.root
parentFiles=
lumisRange=
>>> Executable cmsRun
/cvmfs/cms.cern.ch/slc5_amd64_gcc462/cms/cmssw/CMSSW_5_3_5/bin/slc5_amd64_gcc462/cmsRun
ok executable found
>>> info for dashboard:
***** Cat /home/cms030/home_crobe_664574115/CREAM664574115/glide_E19885/execute/dir_12199/jobreport.txt *****
MonitorJobID=98_https://submit-2.t2.ucsd.edu//121127//17535.97
MonitorID=liis_crab_0_121127_013521_s7o4w6
ExeStart=cmsRun
***** End Cat jobreport *****
Parameters sent to Dashboard.
>>> cmsRun started at Tue Nov 27 00:51:27 UTC 2012
>>> cmsRun ended at Tue Nov 27 00:54:18 UTC 2012
>>> info for dashboard:
***** Cat /home/cms030/home_crobe_664574115/CREAM664574115/glide_E19885/execute/dir_12199/jobreport.txt *****
MonitorJobID=98_https://submit-2.t2.ucsd.edu//121127//17535.97
MonitorID=liis_crab_0_121127_013521_s7o4w6
ExeEnd=cmsRun
***** End Cat jobreport *****
Parameters sent to Dashboard.
TIME_EXE = 171 sec
>>> cmsRun wrote 42 lines of stdout+stderr
>>> START OF printout of 42 lines from stdout+stderr
27-Nov-2012 02:52:02 EET  Initiating request to open file file:/hdfs/cms/store/user/mario/QCD_Pt_350_BCtoE_TuneZ2star_8TeV_pythia6/Summer12-stop-pfele-step1/3d176ac8da5e9dff208d057f4733ca91/tuple_125_3_Sv3.root
27-Nov-2012 02:52:11 EET  Successfully opened file file:/hdfs/cms/store/user/mario/QCD_Pt_350_BCtoE_TuneZ2star_8TeV_pythia6/Summer12-stop-pfele-step1/3d176ac8da5e9dff208d057f4733ca91/tuple_125_3_Sv3.root
Begin processing the 1st record. Run 1, Event 1056161, LumiSection 65 at 27-Nov-2012 02:52:22.572 EET
Begin processing the 1001st record. Run 1, Event 4531959, LumiSection 279 at 27-Nov-2012 02:52:31.980 EET
27-Nov-2012 02:52:33 EET  Closed file file:/hdfs/cms/store/user/mario/QCD_Pt_350_BCtoE_TuneZ2star_8TeV_pythia6/Summer12-stop-pfele-step1/3d176ac8da5e9dff208d057f4733ca91/tuple_125_3_Sv3.root
27-Nov-2012 02:52:33 EET  Initiating request to open file file:/hdfs/cms/store/user/mario/QCD_Pt_350_BCtoE_TuneZ2star_8TeV_pythia6/Summer12-stop-pfele-step1/3d176ac8da5e9dff208d057f4733ca91/tuple_126_3_jdi.root
27-Nov-2012 02:52:34 EET  Successfully opened file file:/hdfs/cms/store/user/mario/QCD_Pt_350_BCtoE_TuneZ2star_8TeV_pythia6/Summer12-stop-pfele-step1/3d176ac8da5e9dff208d057f4733ca91/tuple_126_3_jdi.root
Begin processing the 2001st record. Run 1, Event 5810956, LumiSection 358 at 27-Nov-2012 02:52:45.278 EET
Begin processing the 3001st record. Run 1, Event 18917901, LumiSection 1163 at 27-Nov-2012 02:52:51.396 EET
27-Nov-2012 02:52:54 EET  Closed file file:/hdfs/cms/store/user/mario/QCD_Pt_350_BCtoE_TuneZ2star_8TeV_pythia6/Summer12-stop-pfele-step1/3d176ac8da5e9dff208d057f4733ca91/tuple_126_3_jdi.root
27-Nov-2012 02:52:54 EET  Initiating request to open file file:/hdfs/cms/store/user/mario/QCD_Pt_350_BCtoE_TuneZ2star_8TeV_pythia6/Summer12-stop-pfele-step1/3d176ac8da5e9dff208d057f4733ca91/tuple_127_3_oYL.root
27-Nov-2012 02:52:54 EET  Successfully opened file file:/hdfs/cms/store/user/mario/QCD_Pt_350_BCtoE_TuneZ2star_8TeV_pythia6/Summer12-stop-pfele-step1/3d176ac8da5e9dff208d057f4733ca91/tuple_127_3_oYL.root
Begin processing the 4001st record. Run 1, Event 5193419, LumiSection 320 at 27-Nov-2012 02:53:05.773 EET
Begin processing the 5001st record. Run 1, Event 5497449, LumiSection 338 at 27-Nov-2012 02:53:10.270 EET
Begin processing the 6001st record. Run 1, Event 43760235, LumiSection 2690 at 27-Nov-2012 02:53:15.150 EET
27-Nov-2012 02:53:15 EET  Closed file file:/hdfs/cms/store/user/mario/QCD_Pt_350_BCtoE_TuneZ2star_8TeV_pythia6/Summer12-stop-pfele-step1/3d176ac8da5e9dff208d057f4733ca91/tuple_127_3_oYL.root
27-Nov-2012 02:53:15 EET  Initiating request to open file file:/hdfs/cms/store/user/mario/QCD_Pt_350_BCtoE_TuneZ2star_8TeV_pythia6/Summer12-stop-pfele-step1/3d176ac8da5e9dff208d057f4733ca91/tuple_128_3_xT3.root
27-Nov-2012 02:53:16 EET  Successfully opened file file:/hdfs/cms/store/user/mario/QCD_Pt_350_BCtoE_TuneZ2star_8TeV_pythia6/Summer12-stop-pfele-step1/3d176ac8da5e9dff208d057f4733ca91/tuple_128_3_xT3.root
Begin processing the 7001st record. Run 1, Event 42032677, LumiSection 2584 at 27-Nov-2012 02:53:28.177 EET
Begin processing the 8001st record. Run 1, Event 48372941, LumiSection 2973 at 27-Nov-2012 02:53:32.894 EET
27-Nov-2012 02:53:34 EET  Closed file file:/hdfs/cms/store/user/mario/QCD_Pt_350_BCtoE_TuneZ2star_8TeV_pythia6/Summer12-stop-pfele-step1/3d176ac8da5e9dff208d057f4733ca91/tuple_128_3_xT3.root
27-Nov-2012 02:53:34 EET  Initiating request to open file file:/hdfs/cms/store/user/mario/QCD_Pt_350_BCtoE_TuneZ2star_8TeV_pythia6/Summer12-stop-pfele-step1/3d176ac8da5e9dff208d057f4733ca91/tuple_129_3_J99.root
27-Nov-2012 02:53:34 EET  Successfully opened file file:/hdfs/cms/store/user/mario/QCD_Pt_350_BCtoE_TuneZ2star_8TeV_pythia6/Summer12-stop-pfele-step1/3d176ac8da5e9dff208d057f4733ca91/tuple_129_3_J99.root
27-Nov-2012 02:54:16 EET  Closed file file:/hdfs/cms/store/user/mario/QCD_Pt_350_BCtoE_TuneZ2star_8TeV_pythia6/Summer12-stop-pfele-step1/3d176ac8da5e9dff208d057f4733ca91/tuple_129_3_J99.root

=============================================

MessageLogger Summary

 type     category        sev    module        subroutine        count    total
 ---- -------------------- -- ---------------- ----------------  -----    -----
    1 fileAction           -s file_close                             5        5
    2 fileAction           -s file_open                             10       10

 type    category    Examples: run/evt        run/evt          run/evt
 ---- -------------------- ---------------- ---------------- ----------------
    1 fileAction           PostProcessEvent PostProcessEvent PostEndRun
    2 fileAction           pre-events       pre-events       PostProcessEvent

Severity    # Occurrences   Total Occurrences
--------    -------------   -----------------
System                 15                  15
>>> END OF printout of 42 lines from stdout+stderr
>>> Parse FrameworkJobReport crab_fjr.xml
Result of parsing the FrameworkJobReport crab_fjr.xml: Popularity start
lumisRange : 1::236,253,267,282,284,290,325,337,358,1163,1220,2181::1;1::2691,2699,2747::2;1::65,70,113,275,279,290,301,319::3;1::2538,2552,2584-2585,2591,2680,2690-2691,2750,2870,2973,2978::4;1::282,289,320,330,332,338,1224,1231,1585,2502,2690::5;
lumisParentRange : 
Basename : /store/user/mario/QCD_Pt_350_BCtoE_TuneZ2star_8TeV_pythia6/Summer12-stop-pfele-step1/3d176ac8da5e9dff208d057f4733ca91/tuple_12
BasenameParent : 
parentFiles : 
inputBlocks : /QCD_Pt_350_BCtoE_TuneZ2star_8TeV_pythia6/mario-Summer12-stop-pfele-step1-3d176ac8da5e9dff208d057f4733ca91/USER#4ea1313f-ce05-4b4d-b719-e18ef67ecf53
inputFiles : 6_3_jdi.root::1::EDM::Local::1;9_3_J99.root::1::EDM::Local::2;5_3_Sv3.root::1::EDM::Local::3;8_3_xT3.root::1::EDM::Local::4;7_3_oYL.root::1::EDM::Local::5;
Popularity stop
Extracted ExitStatus from FrameworkJobReport parsing output: 0
>>> Executable succeded  0
ExeExitCode=0
EXECUTABLE_EXIT_STATUS = 0
>>> current directory /home/cms030/home_crobe_664574115/CREAM664574115/glide_E19885/execute/dir_12199/CMSSW_5_3_5
>>>  (SOFTWARE_DIR): /home/cms030/home_crobe_664574115/CREAM664574115/glide_E19885/execute/dir_12199/CMSSW_5_3_5
>>> (WORKING_DIR): 
>>> current directory content:
total 148
drwxr-xr-x 3 cms030 cms  4096 Nov 27 02:51 .SCRAM
-rw-r--r-- 1 cms030 cms 30066 Nov 27 02:51 CMSSW.py.pkl
drwxr-xr-x 3 cms030 cms  4096 Nov 27 02:51 bin
drwxr-xr-x 3 cms030 cms  4096 Nov 27 02:51 cfipython
drwxr-xr-x 5 cms030 cms  4096 Nov 27 02:51 config
-rw-r--r-- 1 cms030 cms    16 Nov 27 02:54 cpu_timing.txt
drwxr-xr-x 2 cms030 cms  4096 Nov 27 02:51 doc
-rw-r--r-- 1 cms030 cms  4818 Nov 27 02:54 executable.out
drwxr-xr-x 2 cms030 cms  4096 Nov 27 02:51 include
drwxrwxrwx 3 cms030 cms  4096 Oct 22 16:38 lib
drwxr-xr-x 3 cms030 cms  4096 Nov 27 02:51 logs
drwxr-xr-x 3 cms030 cms  4096 Nov 27 02:51 objs
-rw-r--r-- 1 cms030 cms 16462 Nov 27 02:54 optHistograms.root
-rw-r--r-- 1 cms030 cms   104 Nov 27 02:51 pset.py
-rw-r--r-- 1 cms030 cms 19460 Nov 27 02:51 pset.py.pkl
-rw-r--r-- 1 cms030 cms   289 Nov 27 02:51 pset.pyc
drwxr-xr-x 2 cms030 cms  4096 Nov 27 02:51 python
-rw-r--r-- 1 cms030 cms   420 Nov 27 02:54 report.log
drwxrwxrwx 4 cms030 cms  4096 Nov 27 02:51 src
drwxr-xr-x 3 cms030 cms  4096 Nov 27 02:51 test
drwxr-xr-x 3 cms030 cms  4096 Nov 27 02:51 tmp
>>> current directory /home/cms030/home_crobe_664574115/CREAM664574115/glide_E19885/execute/dir_12199/CMSSW_5_3_5
>>> (SOFTWARE_DIR): /home/cms030/home_crobe_664574115/CREAM664574115/glide_E19885/execute/dir_12199/CMSSW_5_3_5
>>> (WORKING_DIR): 
>>> current directory content:
total 128
drwxr-xr-x 3 cms030 cms  4096 Nov 27 02:51 .SCRAM
-rw-r--r-- 1 cms030 cms 30066 Nov 27 02:51 CMSSW.py.pkl
drwxr-xr-x 3 cms030 cms  4096 Nov 27 02:51 bin
drwxr-xr-x 3 cms030 cms  4096 Nov 27 02:51 cfipython
drwxr-xr-x 5 cms030 cms  4096 Nov 27 02:51 config
-rw-r--r-- 1 cms030 cms    16 Nov 27 02:54 cpu_timing.txt
drwxr-xr-x 2 cms030 cms  4096 Nov 27 02:51 doc
-rw-r--r-- 1 cms030 cms  4818 Nov 27 02:54 executable.out
drwxr-xr-x 2 cms030 cms  4096 Nov 27 02:51 include
drwxrwxrwx 3 cms030 cms  4096 Oct 22 16:38 lib
drwxr-xr-x 3 cms030 cms  4096 Nov 27 02:51 logs
drwxr-xr-x 3 cms030 cms  4096 Nov 27 02:51 objs
-rw-r--r-- 1 cms030 cms   104 Nov 27 02:51 pset.py
-rw-r--r-- 1 cms030 cms 19460 Nov 27 02:51 pset.py.pkl
-rw-r--r-- 1 cms030 cms   289 Nov 27 02:51 pset.pyc
drwxr-xr-x 2 cms030 cms  4096 Nov 27 02:51 python
-rw-r--r-- 1 cms030 cms   420 Nov 27 02:54 report.log
drwxrwxrwx 4 cms030 cms  4096 Nov 27 02:51 src
drwxr-xr-x 3 cms030 cms  4096 Nov 27 02:51 test
drwxr-xr-x 3 cms030 cms  4096 Nov 27 02:51 tmp
>>> current directory (RUNTIME_AREA):  /home/cms030/home_crobe_664574115/CREAM664574115/glide_E19885/execute/dir_12199
>>> current dir: /home/cms030/home_crobe_664574115/CREAM664574115/glide_E19885/execute/dir_12199
>>> current dir content:
total 25752
-rw-rw-rw-  1 cms030 cms     5580 Nov 27 02:50 .job.ad
-rw-rw-rw-  1 cms030 cms    11531 Nov 27 02:50 .machine.ad
-rw-rw-rw-  1 cms030 cms      105 Nov 27 01:35 CMSSW.py
-rw-rw-rw-  1 cms030 cms    30066 Nov 27 01:35 CMSSW.py.pkl
-rwxrw-rw-  1 cms030 cms    23323 Nov 27 02:50 CMSSW.sh
drwxr-xr-x 15 cms030 cms     4096 Nov 27 02:54 CMSSW_5_3_5
-rw-rw-rw-  1 cms030 cms        0 Nov 27 02:50 CMSSW_98.stderr
-rw-rw-rw-  1 cms030 cms    17025 Nov 27 02:54 CMSSW_98.stdout
-rw-r--r--  1 cms030 cms      347 Nov 27 02:51 CacheEnv.sh
-rw-rw-rw-  1 cms030 cms     7291 Jun  9  2010 DashboardAPI.py
-rw-r--r--  1 cms030 cms     6883 Nov 27 02:51 DashboardAPI.pyc
drwxrwxrwx  3 cms030 cms     4096 Nov 27 02:54 IMProv
-rw-rw-rw-  1 cms030 cms     2748 Mar  8  2006 Logger.py
-rw-r--r--  1 cms030 cms     3353 Nov 27 02:51 Logger.pyc
-rw-rw-rw-  1 cms030 cms    24524 Mar 28  2008 ProcInfo.py
-rw-r--r--  1 cms030 cms    23470 Nov 27 02:51 ProcInfo.pyc
drwxrwxrwx  7 cms030 cms     4096 Nov 27 02:51 ProdCommon
drwxrwxrwx  3 cms030 cms     4096 Nov 27 02:51 WMCore
-rw-r--r--  1 cms030 cms     1631 Nov 27 02:54 Watchdog_98.log
-rw-rw-rw-  1 cms030 cms    32895 Mar 28  2008 apmon.py
-rw-r--r--  1 cms030 cms    28874 Nov 27 02:51 apmon.pyc
-rw-rw-rw-  1 cms030 cms    92722 Nov 27 02:50 arguments.xml
-rwxrwxrwx  1 cms030 cms    37427 Sep 13 14:14 cmscp.py
-rwxrwxrwx  1 cms030 cms    23323 Nov 27 02:50 condor_exec.exe
-rw-rw-rw-  1 cms030 cms      537 Nov 27 01:35 crab.cfg
-rwxrwxrwx  1 cms030 cms     9531 Sep 20 21:46 crabWatchdog.sh
-rw-r--r--  1 cms030 cms    30162 Nov 27 02:54 crab_fjr_98.xml
-rw-rw-rw-  1 cms030 cms 25796287 Nov 27 02:50 default.tgz
-rwxrwxrwx  1 cms030 cms     4488 May 12  2012 fillCrabFjr.py
-rw-r--r--  1 cms030 cms      892 Nov 27 02:51 inputsReport.txt
-rw-r--r--  1 cms030 cms      132 Nov 27 02:54 jobreport.txt
lrwxrwxrwx  1 cms030 cms      107 Nov 27 02:54 optHistograms.root -> /home/cms030/home_crobe_664574115/CREAM664574115/glide_E19885/execute/dir_12199/optHistograms_98_1_IGO.root
-rw-r--r--  1 cms030 cms    16462 Nov 27 02:54 optHistograms_98_1_IGO.root
-rw-rw-rw-  1 cms030 cms    17352 Jan 20  2012 parseCrabFjr.py
-rw-r--r--  1 cms030 cms      285 Nov 27 02:51 report.log
-rwxrwxrwx  1 cms030 cms     1497 May 27  2009 report.py
-rwxrwxrwx  1 cms030 cms     8387 Mar 23  2011 writeCfg.py
-rw-------  1 cms030 cms     8687 Nov 27 02:50 x509up_u1000009
Checking output files:  
will tar file optHistograms_98_1_IGO.root in  out_files_98
will tar file crab_fjr_98.xml in  out_files_98
will tar file CMSSW_98.stdout in  out_files_98
will tar file CMSSW_98.stderr in  out_files_98
WARNING: output file Watchdog_98.log.gz not found!
>>> padding time: Sleeping the wrapper for 375 seconds
STOPPING WATCHDOG. CrabWatchdog PID is 13565
********** LAST 50 LINES OF WATCHDOG LOG
# RESOURCE USAGE SUMMARY FOR PROCESS ID 13237
USER       PID %CPU %MEM    VSZ   RSS TTY      STAT START   TIME COMMAND
cms030   13237  0.7  0.0   8956  1484 ?        R    02:50   0:00 /bin/sh /home/cms030/home_crobe_664574115/CREAM664574115/glide_E19885/execute/dir_12199/condor_exec.exe 98 1
 
# LIMITS USED BY THIS WATCHDOG:
# RSS  (KBytes)  : 2300000
# VSZ  (KBytes)  : 100000000
# DISK (MBytes)  : 19000
# CPU  (seconds) : 171600
# WALL (seconds) : 171600
 
# FOLLOWING PRINTOUT TRACKS MAXIMUM VALUES OF RESOURCES USE
# ONE LINE IS PRINTED EACH TIME A MAXIMUM CHANGES
# IF CHANGE WAS IN RSS OR VSZ ALSO PROCID AND COMMAND ARE PRINTED
# THERE IS NO PRINTOUT FOR CPU/WALL TIME INCREASE
 
# TIME			PID	RSS(KB)	VSZ(KB)	Dsk(MB)	tCPU(s)	tWALL(s)	COMMAND
 Nov 27 02:51:09 EET	5339	3028	5080	0	6	3841	condor_procd -A /home/cms030/home_crobe_664574115/CREAM664574115/glide_E19885/log/procd_address.STARTD -L /home/cms030/home_crobe_664574115/CREAM664574115/glide_E19885/log/ProcLog.STARTD -R 10000000 -S 60 -C
 Nov 27 02:51:09 EET	12199	5348	9336	0	0	21	condor_starter -f submit-2.t2.ucsd.edu       
 Nov 27 02:51:09 EET	13590	22788	82412	0	0	2	edmConfigHash pset.py        
 Nov 27 02:51:09 EET	---	22788	82412	168	----	----	----
 Nov 27 02:52:16 EET	16288	262400	426288	168	19	51	cmsRun -j /home/cms030/home_crobe_664574115/CREAM664574115/glide_E19885/execute/dir_12199/crab_fjr_98.xml -p pset.py     
 Nov 27 02:53:23 EET	16288	358444	562024	168	53	118	cmsRun -j /home/cms030/home_crobe_664574115/CREAM664574115/glide_E19885/execute/dir_12199/crab_fjr_98.xml -p pset.py     
 Nov 27 02:54:30 EET	---	358444	562024	169	----	----	----
********** WATCHDOG LOG ENDED
ZIPPING WATCHDOG LOG
Disk space used:
du -sh /home/cms030/home_crobe_664574115/CREAM664574115/glide_E19885/execute/dir_12199
169M	/home/cms030/home_crobe_664574115/CREAM664574115/glide_E19885/execute/dir_12199
>>> info for dashboard:
***** Cat /home/cms030/home_crobe_664574115/CREAM664574115/glide_E19885/execute/dir_12199/jobreport.txt *****
MonitorJobID=98_https://submit-2.t2.ucsd.edu//121127//17535.97
MonitorID=liis_crab_0_121127_013521_s7o4w6
ExeTime=171
ExeExitCode=0
CrabUserCpuTime=55.10
CrabSysCpuTime=10.84
CrabCpuPercentage=38%
CrabWrapperTime=600
CrabStageoutTime=NULL
***** End Cat jobreport *****
Parameters sent to Dashboard.
optHistograms_98_1_IGO.root
crab_fjr_98.xml
CMSSW_98.stdout
CMSSW_98.stderr
Watchdog_98.log.gz
tar: .BrokerInfo: Cannot stat: No such file or directory
tar: Error exit delayed from previous errors
Total Output dimension: 18215
WARNING: output files size limit is set to: 50000000
Total Output dimension 18215 is fine.
JOB_EXIT_STATUS = 0
>>> info for dashboard:
***** Cat /home/cms030/home_crobe_664574115/CREAM664574115/glide_E19885/execute/dir_12199/jobreport.txt *****
MonitorJobID=98_https://submit-2.t2.ucsd.edu//121127//17535.97
MonitorID=liis_crab_0_121127_013521_s7o4w6
JobExitCode=0
***** End Cat jobreport *****
Parameters sent to Dashboard.
optHistograms_98_1_IGO.root
crab_fjr_98.xml
