This script was generated by crab (version 2.8.3).
Running /home/cms003/home_creur_595745309/CREAM595745309/glide_g30868/execute/dir_15672/condor_exec.exe with 2 positional parameters: 74 1
Today is Tue Nov 27 02:48:57 EET 2012
Job submitted on host wn-v-5780.local
Linux wn-v-5780.local 2.6.32-042stab059.7 #1 SMP Tue Jul 24 19:12:01 MSK 2012 x86_64 x86_64 x86_64 GNU/Linux
>>> current directory (RUNTIME_AREA): /home/cms003/home_creur_595745309/CREAM595745309/glide_g30868/execute/dir_15672
>>> current user: uid=11003(cms003) gid=1400(cms) groups=1400(cms)
>>> voms proxy information:
subject   : /DC=ch/DC=cern/OU=Organic Units/OU=Users/CN=liis/CN=663550/CN=Liis Rebane/CN=proxy/CN=limited proxy
issuer    : /DC=ch/DC=cern/OU=Organic Units/OU=Users/CN=liis/CN=663550/CN=Liis Rebane/CN=proxy
identity  : /DC=ch/DC=cern/OU=Organic Units/OU=Users/CN=liis/CN=663550/CN=Liis Rebane/CN=proxy
type      : limited proxy
strength  : 512 bits
path      : /home/cms003/home_creur_595745309/CREAM595745309/glide_g30868/execute/dir_15672/x509up_u1000009
timeleft  : 23:58:46
key usage : Digital Signature, Key Encipherment, Data Encipherment
=== VO cms extension information ===
VO        : cms
subject   : /DC=ch/DC=cern/OU=Organic Units/OU=Users/CN=liis/CN=663550/CN=Liis Rebane
issuer    : /DC=ch/DC=cern/OU=computers/CN=lcg-voms.cern.ch
attribute : /cms/Role=NULL/Capability=NULL
timeleft  : 190:36:40
uri       : lcg-voms.cern.ch:15002
>>> tar xzf /home/cms003/home_creur_595745309/CREAM595745309/glide_g30868/execute/dir_15672/default.tgz :
Successful untar
>>> Include /home/cms003/home_creur_595745309/CREAM595745309/glide_g30868/execute/dir_15672 in PYTHONPATH:
strip arguments
env var CRAB_UNIQUE_JOB_ID set to: liis_crab_0_121127_013521_s7o4w6_74_1_FcG
out_files_74
>>> list of expected files on output sandbox
output files: optHistograms_74_1_FcG.root crab_fjr_74.xml CMSSW_74.stdout CMSSW_74.stderr Watchdog_74.log.gz
>>> GridFlavour discovery: 
GridFlavour=LCG
>>> SyncSite discovery: 
SyncSite=T2_EE_Estonia
>>> SyncCE discovery: 
getting SyncCE from CE_ID
SyncCE=europa.hep.kbfi.ee:8443/cream-pbs-long
>>> info for dashboard:
***** Cat /home/cms003/home_creur_595745309/CREAM595745309/glide_g30868/execute/dir_15672/jobreport.txt *****
MonitorJobID=74_https://submit-2.t2.ucsd.edu//121127//17535.73
SyncGridJobId=https://submit-2.t2.ucsd.edu//121127//17535.73
MonitorID=liis_crab_0_121127_013521_s7o4w6
GridFlavour=LCG
SyncSite=T2_EE_Estonia
SyncCE=europa.hep.kbfi.ee:8443/cream-pbs-long
***** End Cat jobreport *****
Parameters sent to Dashboard.
>>> setup environment
set SCRAM ARCH to slc5_amd64_gcc462
SCRAM_ARCH = slc5_amd64_gcc462
>>> setup CMS LCG environment:
set SCRAM ARCH and BUILD_ARCH to slc5_amd64_gcc462 ###
Sourcing environment... 
sourcing /cvmfs/cms.cern.ch/cmsset_default.sh
==> setup cms environment ok
>>> specific cmssw setup environment:
CMSSW_VERSION =  CMSSW_5_3_5
>>> current directory (SOFTWARE_DIR): /home/cms003/home_creur_595745309/CREAM595745309/glide_g30868/execute/dir_15672/CMSSW_5_3_5
PreserveSeeds: <>
IncrementSeeds:<>
{}
WNHostName=wn-v-5780.local
>>> info for dashboard:
***** Cat /home/cms003/home_creur_595745309/CREAM595745309/glide_g30868/execute/dir_15672/jobreport.txt *****
MonitorJobID=74_https://submit-2.t2.ucsd.edu//121127//17535.73
MonitorID=liis_crab_0_121127_013521_s7o4w6
WNHostName=wn-v-5780.local
***** End Cat jobreport *****
Parameters sent to Dashboard.
crabWatchdog started as process 22457
>>> moving CMSSW software directories in /home/cms003/home_creur_595745309/CREAM595745309/glide_g30868/execute/dir_15672/CMSSW_5_3_5
mv: cannot stat `/home/cms003/home_creur_595745309/CREAM595745309/glide_g30868/execute/dir_15672/module/': No such file or directory
>>> Include /home/cms003/home_creur_595745309/CREAM595745309/glide_g30868/execute/dir_15672 in PYTHONPATH:
PYTHONPATH=/home/cms003/home_creur_595745309/CREAM595745309/glide_g30868/execute/dir_15672/:/home/cms003/home_creur_595745309/CREAM595745309/glide_g30868/execute/dir_15672/CMSSW_5_3_5/python:/home/cms003/home_creur_595745309/CREAM595745309/glide_g30868/execute/dir_15672/CMSSW_5_3_5/lib/slc5_amd64_gcc462:/cvmfs/cms.cern.ch/slc5_amd64_gcc462/cms/cmssw/CMSSW_5_3_5/python:/cvmfs/cms.cern.ch/slc5_amd64_gcc462/cms/cmssw/CMSSW_5_3_5/lib/slc5_amd64_gcc462:/cvmfs/cms.cern.ch/slc5_amd64_gcc462/cms/coral/CORAL_2_3_21-cms27/slc5_amd64_gcc462/python:/cvmfs/cms.cern.ch/slc5_amd64_gcc462/cms/coral/CORAL_2_3_21-cms27/slc5_amd64_gcc462/lib:/cvmfs/cms.cern.ch/slc5_amd64_gcc462/external/pyqt/4.8.1/lib/python2.6/site-packages:/cvmfs/cms.cern.ch/slc5_amd64_gcc462/external/py2-scipy/0.8.0/lib/python2.6/site-packages:/cvmfs/cms.cern.ch/slc5_amd64_gcc462/external/py2-matplotlib/1.0.1/lib/python2.6/site-packages:/cvmfs/cms.cern.ch/slc5_amd64_gcc462/external/python-ldap/2.3.5/lib/python2.6/site-packages:/cvmfs/cms.cern.ch/slc5_amd64_gcc462/external/sip/4.11.2/lib/python2.6/site-packages:/cvmfs/cms.cern.ch/slc5_amd64_gcc462/external/py2-pycurl/7.19.0/lib/python2.6/site-packages:/cvmfs/cms.cern.ch/slc5_amd64_gcc462/external/py2-numpy/1.6.1/lib/python2.6/site-packages:/cvmfs/cms.cern.ch/slc5_amd64_gcc462/external/py2-ipython/0.10/lib/python2.6/site-packages:/cvmfs/cms.cern.ch/slc5_amd64_gcc462/external/py2-cx-oracle/5.1-cms11/lib/python2.6/site-packages:/cvmfs/cms.cern.ch/slc5_amd64_gcc462/external/py2-cjson/1.0.5/lib/python2.6/site-packages:/cvmfs/cms.cern.ch/slc5_amd64_gcc462/cms/das-client/1.4.1-cms8/bin:/cvmfs/cms.cern.ch/slc5_amd64_gcc462/external/elementtree/1.2.6/share/lib/python2.6/site-packages:/cvmfs/cms.cern.ch/slc5_amd64_gcc462/external/rivet/1.5.1-cms10/lib/python2.6/site-packages:/cvmfs/cms.cern.ch/slc5_amd64_gcc462/external/pyminuit2/0.0.1-cms34/lib/python2.6/site-packages:/cvmfs/cms.cern.ch/slc5_amd64_gcc462/external/professor/1.0.0-cms35/lib/python2.6/site-packages:/cvmfs/cms.cern.ch/slc5_amd64_gcc462/lcg/root/5.32.00-cms18/lib:/cvmfs/cms.cern.ch/slc5_amd64_gcc462/cms/dbs-client/DBS_2_1_1_patch1_1/lib:/cvmfs/cms.cern.ch/slc5_amd64_gcc462/cms/dbs-client/DBS_2_1_1_patch1_1/lib/DBSAPI:/home/cms003/home_creur_595745309/CREAM595745309/glide_g30868/execute/dir_15672/
241a2a19cb7c5c8751ba22759ab3bdb0
PSETHASH = 241a2a19cb7c5c8751ba22759ab3bdb0
/home/cms003/home_creur_595745309/CREAM595745309/glide_g30868/execute/dir_15672/writeCfg.py pset.py pset.py
Importing .py file
Setting parameters
inputBlocks=/QCD_Pt_350_BCtoE_TuneZ2star_8TeV_pythia6/mario-Summer12-stop-pfele-step1-3d176ac8da5e9dff208d057f4733ca91/USER#4ea1313f-ce05-4b4d-b719-e18ef67ecf53
inputFiles=/store/user/mario/QCD_Pt_350_BCtoE_TuneZ2star_8TeV_pythia6/Summer12-stop-pfele-step1/3d176ac8da5e9dff208d057f4733ca91/tuple_31_4_BaA.root;/store/user/mario/QCD_Pt_350_BCtoE_TuneZ2star_8TeV_pythia6/Summer12-stop-pfele-step1/3d176ac8da5e9dff208d057f4733ca91/tuple_32_3_r36.root;/store/user/mario/QCD_Pt_350_BCtoE_TuneZ2star_8TeV_pythia6/Summer12-stop-pfele-step1/3d176ac8da5e9dff208d057f4733ca91/tuple_33_3_sZT.root;/store/user/mario/QCD_Pt_350_BCtoE_TuneZ2star_8TeV_pythia6/Summer12-stop-pfele-step1/3d176ac8da5e9dff208d057f4733ca91/tuple_34_3_egz.root;/store/user/mario/QCD_Pt_350_BCtoE_TuneZ2star_8TeV_pythia6/Summer12-stop-pfele-step1/3d176ac8da5e9dff208d057f4733ca91/tuple_35_3_MGw.root
parentFiles=
lumisRange=
>>> Executable cmsRun
/cvmfs/cms.cern.ch/slc5_amd64_gcc462/cms/cmssw/CMSSW_5_3_5/bin/slc5_amd64_gcc462/cmsRun
ok executable found
>>> info for dashboard:
***** Cat /home/cms003/home_creur_595745309/CREAM595745309/glide_g30868/execute/dir_15672/jobreport.txt *****
MonitorJobID=74_https://submit-2.t2.ucsd.edu//121127//17535.73
MonitorID=liis_crab_0_121127_013521_s7o4w6
ExeStart=cmsRun
***** End Cat jobreport *****
Parameters sent to Dashboard.
>>> cmsRun started at Tue Nov 27 00:49:27 UTC 2012
>>> cmsRun ended at Tue Nov 27 00:51:15 UTC 2012
>>> info for dashboard:
***** Cat /home/cms003/home_creur_595745309/CREAM595745309/glide_g30868/execute/dir_15672/jobreport.txt *****
MonitorJobID=74_https://submit-2.t2.ucsd.edu//121127//17535.73
MonitorID=liis_crab_0_121127_013521_s7o4w6
ExeEnd=cmsRun
***** End Cat jobreport *****
Parameters sent to Dashboard.
TIME_EXE = 108 sec
>>> cmsRun wrote 42 lines of stdout+stderr
>>> START OF printout of 42 lines from stdout+stderr
27-Nov-2012 02:49:59 EET  Initiating request to open file file:/hdfs/cms/store/user/mario/QCD_Pt_350_BCtoE_TuneZ2star_8TeV_pythia6/Summer12-stop-pfele-step1/3d176ac8da5e9dff208d057f4733ca91/tuple_31_4_BaA.root
27-Nov-2012 02:50:06 EET  Successfully opened file file:/hdfs/cms/store/user/mario/QCD_Pt_350_BCtoE_TuneZ2star_8TeV_pythia6/Summer12-stop-pfele-step1/3d176ac8da5e9dff208d057f4733ca91/tuple_31_4_BaA.root
Begin processing the 1st record. Run 1, Event 10795081, LumiSection 664 at 27-Nov-2012 02:50:15.903 EET
27-Nov-2012 02:50:21 EET  Closed file file:/hdfs/cms/store/user/mario/QCD_Pt_350_BCtoE_TuneZ2star_8TeV_pythia6/Summer12-stop-pfele-step1/3d176ac8da5e9dff208d057f4733ca91/tuple_31_4_BaA.root
27-Nov-2012 02:50:21 EET  Initiating request to open file file:/hdfs/cms/store/user/mario/QCD_Pt_350_BCtoE_TuneZ2star_8TeV_pythia6/Summer12-stop-pfele-step1/3d176ac8da5e9dff208d057f4733ca91/tuple_32_3_r36.root
27-Nov-2012 02:50:21 EET  Successfully opened file file:/hdfs/cms/store/user/mario/QCD_Pt_350_BCtoE_TuneZ2star_8TeV_pythia6/Summer12-stop-pfele-step1/3d176ac8da5e9dff208d057f4733ca91/tuple_32_3_r36.root
Begin processing the 1001st record. Run 1, Event 11494331, LumiSection 707 at 27-Nov-2012 02:50:27.607 EET
Begin processing the 2001st record. Run 1, Event 11924484, LumiSection 733 at 27-Nov-2012 02:50:31.483 EET
27-Nov-2012 02:50:35 EET  Closed file file:/hdfs/cms/store/user/mario/QCD_Pt_350_BCtoE_TuneZ2star_8TeV_pythia6/Summer12-stop-pfele-step1/3d176ac8da5e9dff208d057f4733ca91/tuple_32_3_r36.root
27-Nov-2012 02:50:35 EET  Initiating request to open file file:/hdfs/cms/store/user/mario/QCD_Pt_350_BCtoE_TuneZ2star_8TeV_pythia6/Summer12-stop-pfele-step1/3d176ac8da5e9dff208d057f4733ca91/tuple_33_3_sZT.root
27-Nov-2012 02:50:35 EET  Successfully opened file file:/hdfs/cms/store/user/mario/QCD_Pt_350_BCtoE_TuneZ2star_8TeV_pythia6/Summer12-stop-pfele-step1/3d176ac8da5e9dff208d057f4733ca91/tuple_33_3_sZT.root
Begin processing the 3001st record. Run 1, Event 13319486, LumiSection 819 at 27-Nov-2012 02:50:40.791 EET
Begin processing the 4001st record. Run 1, Event 16111597, LumiSection 991 at 27-Nov-2012 02:50:44.669 EET
Begin processing the 5001st record. Run 1, Event 23707299, LumiSection 1458 at 27-Nov-2012 02:50:49.540 EET
27-Nov-2012 02:50:50 EET  Closed file file:/hdfs/cms/store/user/mario/QCD_Pt_350_BCtoE_TuneZ2star_8TeV_pythia6/Summer12-stop-pfele-step1/3d176ac8da5e9dff208d057f4733ca91/tuple_33_3_sZT.root
27-Nov-2012 02:50:50 EET  Initiating request to open file file:/hdfs/cms/store/user/mario/QCD_Pt_350_BCtoE_TuneZ2star_8TeV_pythia6/Summer12-stop-pfele-step1/3d176ac8da5e9dff208d057f4733ca91/tuple_34_3_egz.root
27-Nov-2012 02:50:50 EET  Successfully opened file file:/hdfs/cms/store/user/mario/QCD_Pt_350_BCtoE_TuneZ2star_8TeV_pythia6/Summer12-stop-pfele-step1/3d176ac8da5e9dff208d057f4733ca91/tuple_34_3_egz.root
Begin processing the 6001st record. Run 1, Event 24368446, LumiSection 1498 at 27-Nov-2012 02:50:59.217 EET
Begin processing the 7001st record. Run 1, Event 44952545, LumiSection 2763 at 27-Nov-2012 02:51:03.813 EET
27-Nov-2012 02:51:05 EET  Closed file file:/hdfs/cms/store/user/mario/QCD_Pt_350_BCtoE_TuneZ2star_8TeV_pythia6/Summer12-stop-pfele-step1/3d176ac8da5e9dff208d057f4733ca91/tuple_34_3_egz.root
27-Nov-2012 02:51:05 EET  Initiating request to open file file:/hdfs/cms/store/user/mario/QCD_Pt_350_BCtoE_TuneZ2star_8TeV_pythia6/Summer12-stop-pfele-step1/3d176ac8da5e9dff208d057f4733ca91/tuple_35_3_MGw.root
27-Nov-2012 02:51:05 EET  Successfully opened file file:/hdfs/cms/store/user/mario/QCD_Pt_350_BCtoE_TuneZ2star_8TeV_pythia6/Summer12-stop-pfele-step1/3d176ac8da5e9dff208d057f4733ca91/tuple_35_3_MGw.root
Begin processing the 8001st record. Run 1, Event 16454568, LumiSection 1012 at 27-Nov-2012 02:51:11.053 EET
27-Nov-2012 02:51:13 EET  Closed file file:/hdfs/cms/store/user/mario/QCD_Pt_350_BCtoE_TuneZ2star_8TeV_pythia6/Summer12-stop-pfele-step1/3d176ac8da5e9dff208d057f4733ca91/tuple_35_3_MGw.root

=============================================

MessageLogger Summary

 type     category        sev    module        subroutine        count    total
 ---- -------------------- -- ---------------- ----------------  -----    -----
    1 fileAction           -s file_close                             5        5
    2 fileAction           -s file_open                             10       10

 type    category    Examples: run/evt        run/evt          run/evt
 ---- -------------------- ---------------- ---------------- ----------------
    1 fileAction           PostProcessEvent PostProcessEvent PostEndRun
    2 fileAction           pre-events       pre-events       PostProcessEvent

Severity    # Occurrences   Total Occurrences
--------    -------------   -----------------
System                 15                  15
>>> END OF printout of 42 lines from stdout+stderr
>>> Parse FrameworkJobReport crab_fjr.xml
Result of parsing the FrameworkJobReport crab_fjr.xml: Popularity start
lumisRange : 1::664,681,691,1031::1;1::691,697,707,713,716,718,733,747,751,753,758,819::2;1::704,736,742,1012,1029,3213,3215::3;1::819,822,849,884,949,969,976,985,991,1424,1458::4;1::1439,1458,1482,1495,1498,2529,2543,2556,2743,2763,3212-3213::5;
lumisParentRange : 
Basename : /store/user/mario/QCD_Pt_350_BCtoE_TuneZ2star_8TeV_pythia6/Summer12-stop-pfele-step1/3d176ac8da5e9dff208d057f4733ca91/tuple_3
BasenameParent : 
parentFiles : 
inputBlocks : /QCD_Pt_350_BCtoE_TuneZ2star_8TeV_pythia6/mario-Summer12-stop-pfele-step1-3d176ac8da5e9dff208d057f4733ca91/USER#4ea1313f-ce05-4b4d-b719-e18ef67ecf53
inputFiles : 1_4_BaA.root::1::EDM::Local::1;2_3_r36.root::1::EDM::Local::2;5_3_MGw.root::1::EDM::Local::3;3_3_sZT.root::1::EDM::Local::4;4_3_egz.root::1::EDM::Local::5;
Popularity stop
Extracted ExitStatus from FrameworkJobReport parsing output: 0
>>> Executable succeded  0
ExeExitCode=0
EXECUTABLE_EXIT_STATUS = 0
>>> current directory /home/cms003/home_creur_595745309/CREAM595745309/glide_g30868/execute/dir_15672/CMSSW_5_3_5
>>>  (SOFTWARE_DIR): /home/cms003/home_creur_595745309/CREAM595745309/glide_g30868/execute/dir_15672/CMSSW_5_3_5
>>> (WORKING_DIR): 
>>> current directory content:
total 148
drwxr-xr-x 3 cms003 cms  4096 Nov 27 02:49 .SCRAM
-rw-r--r-- 1 cms003 cms 30066 Nov 27 02:49 CMSSW.py.pkl
drwxr-xr-x 3 cms003 cms  4096 Nov 27 02:49 bin
drwxr-xr-x 3 cms003 cms  4096 Nov 27 02:49 cfipython
drwxr-xr-x 5 cms003 cms  4096 Nov 27 02:49 config
-rw-r--r-- 1 cms003 cms    15 Nov 27 02:51 cpu_timing.txt
drwxr-xr-x 2 cms003 cms  4096 Nov 27 02:49 doc
-rw-r--r-- 1 cms003 cms  4809 Nov 27 02:51 executable.out
drwxr-xr-x 2 cms003 cms  4096 Nov 27 02:49 include
drwxrwxrwx 3 cms003 cms  4096 Oct 22 16:38 lib
drwxr-xr-x 3 cms003 cms  4096 Nov 27 02:49 logs
drwxr-xr-x 3 cms003 cms  4096 Nov 27 02:49 objs
-rw-r--r-- 1 cms003 cms 16538 Nov 27 02:51 optHistograms.root
-rw-r--r-- 1 cms003 cms   104 Nov 27 02:49 pset.py
-rw-r--r-- 1 cms003 cms 19456 Nov 27 02:49 pset.py.pkl
-rw-r--r-- 1 cms003 cms   289 Nov 27 02:49 pset.pyc
drwxr-xr-x 2 cms003 cms  4096 Nov 27 02:49 python
-rw-r--r-- 1 cms003 cms   420 Nov 27 02:51 report.log
drwxrwxrwx 4 cms003 cms  4096 Nov 27 02:48 src
drwxr-xr-x 3 cms003 cms  4096 Nov 27 02:49 test
drwxr-xr-x 3 cms003 cms  4096 Nov 27 02:49 tmp
>>> current directory /home/cms003/home_creur_595745309/CREAM595745309/glide_g30868/execute/dir_15672/CMSSW_5_3_5
>>> (SOFTWARE_DIR): /home/cms003/home_creur_595745309/CREAM595745309/glide_g30868/execute/dir_15672/CMSSW_5_3_5
>>> (WORKING_DIR): 
>>> current directory content:
total 128
drwxr-xr-x 3 cms003 cms  4096 Nov 27 02:49 .SCRAM
-rw-r--r-- 1 cms003 cms 30066 Nov 27 02:49 CMSSW.py.pkl
drwxr-xr-x 3 cms003 cms  4096 Nov 27 02:49 bin
drwxr-xr-x 3 cms003 cms  4096 Nov 27 02:49 cfipython
drwxr-xr-x 5 cms003 cms  4096 Nov 27 02:49 config
-rw-r--r-- 1 cms003 cms    15 Nov 27 02:51 cpu_timing.txt
drwxr-xr-x 2 cms003 cms  4096 Nov 27 02:49 doc
-rw-r--r-- 1 cms003 cms  4809 Nov 27 02:51 executable.out
drwxr-xr-x 2 cms003 cms  4096 Nov 27 02:49 include
drwxrwxrwx 3 cms003 cms  4096 Oct 22 16:38 lib
drwxr-xr-x 3 cms003 cms  4096 Nov 27 02:49 logs
drwxr-xr-x 3 cms003 cms  4096 Nov 27 02:49 objs
-rw-r--r-- 1 cms003 cms   104 Nov 27 02:49 pset.py
-rw-r--r-- 1 cms003 cms 19456 Nov 27 02:49 pset.py.pkl
-rw-r--r-- 1 cms003 cms   289 Nov 27 02:49 pset.pyc
drwxr-xr-x 2 cms003 cms  4096 Nov 27 02:49 python
-rw-r--r-- 1 cms003 cms   420 Nov 27 02:51 report.log
drwxrwxrwx 4 cms003 cms  4096 Nov 27 02:48 src
drwxr-xr-x 3 cms003 cms  4096 Nov 27 02:49 test
drwxr-xr-x 3 cms003 cms  4096 Nov 27 02:49 tmp
>>> current directory (RUNTIME_AREA):  /home/cms003/home_creur_595745309/CREAM595745309/glide_g30868/execute/dir_15672
>>> current dir: /home/cms003/home_creur_595745309/CREAM595745309/glide_g30868/execute/dir_15672
>>> current dir content:
total 25752
-rw-rw-rw-  1 cms003 cms     5581 Nov 27 02:48 .job.ad
-rw-rw-rw-  1 cms003 cms    11341 Nov 27 02:48 .machine.ad
-rw-rw-rw-  1 cms003 cms      105 Nov 27 01:35 CMSSW.py
-rw-rw-rw-  1 cms003 cms    30066 Nov 27 01:35 CMSSW.py.pkl
-rwxrw-rw-  1 cms003 cms    23323 Nov 27 02:48 CMSSW.sh
drwxr-xr-x 15 cms003 cms     4096 Nov 27 02:51 CMSSW_5_3_5
-rw-rw-rw-  1 cms003 cms        0 Nov 27 02:48 CMSSW_74.stderr
-rw-rw-rw-  1 cms003 cms    17008 Nov 27 02:51 CMSSW_74.stdout
-rw-r--r--  1 cms003 cms      347 Nov 27 02:49 CacheEnv.sh
-rw-rw-rw-  1 cms003 cms     7291 Jun  9  2010 DashboardAPI.py
-rw-r--r--  1 cms003 cms     6883 Nov 27 02:49 DashboardAPI.pyc
drwxrwxrwx  3 cms003 cms     4096 Nov 27 02:51 IMProv
-rw-rw-rw-  1 cms003 cms     2748 Mar  8  2006 Logger.py
-rw-r--r--  1 cms003 cms     3353 Nov 27 02:49 Logger.pyc
-rw-rw-rw-  1 cms003 cms    24524 Mar 28  2008 ProcInfo.py
-rw-r--r--  1 cms003 cms    23470 Nov 27 02:49 ProcInfo.pyc
drwxrwxrwx  7 cms003 cms     4096 Nov 27 02:49 ProdCommon
drwxrwxrwx  3 cms003 cms     4096 Nov 27 02:48 WMCore
-rw-r--r--  1 cms003 cms     1635 Nov 27 02:51 Watchdog_74.log
-rw-rw-rw-  1 cms003 cms    32895 Mar 28  2008 apmon.py
-rw-r--r--  1 cms003 cms    28874 Nov 27 02:49 apmon.pyc
-rw-rw-rw-  1 cms003 cms    92722 Nov 27 02:48 arguments.xml
-rwxrwxrwx  1 cms003 cms    37427 Sep 13 14:14 cmscp.py
-rwxrwxrwx  1 cms003 cms    23323 Nov 27 02:48 condor_exec.exe
-rw-rw-rw-  1 cms003 cms      537 Nov 27 01:35 crab.cfg
-rwxrwxrwx  1 cms003 cms     9531 Sep 20 21:46 crabWatchdog.sh
-rw-r--r--  1 cms003 cms    30146 Nov 27 02:51 crab_fjr_74.xml
-rw-rw-rw-  1 cms003 cms 25796287 Nov 27 02:48 default.tgz
-rwxrwxrwx  1 cms003 cms     4488 May 12  2012 fillCrabFjr.py
-rw-r--r--  1 cms003 cms      887 Nov 27 02:49 inputsReport.txt
-rw-r--r--  1 cms003 cms      132 Nov 27 02:51 jobreport.txt
lrwxrwxrwx  1 cms003 cms      107 Nov 27 02:51 optHistograms.root -> /home/cms003/home_creur_595745309/CREAM595745309/glide_g30868/execute/dir_15672/optHistograms_74_1_FcG.root
-rw-r--r--  1 cms003 cms    16538 Nov 27 02:51 optHistograms_74_1_FcG.root
-rw-rw-rw-  1 cms003 cms    17352 Jan 20  2012 parseCrabFjr.py
-rw-r--r--  1 cms003 cms      285 Nov 27 02:48 report.log
-rwxrwxrwx  1 cms003 cms     1497 May 27  2009 report.py
-rwxrwxrwx  1 cms003 cms     8387 Mar 23  2011 writeCfg.py
-rw-------  1 cms003 cms     8691 Nov 27 02:48 x509up_u1000009
Checking output files:  
will tar file optHistograms_74_1_FcG.root in  out_files_74
will tar file crab_fjr_74.xml in  out_files_74
will tar file CMSSW_74.stdout in  out_files_74
will tar file CMSSW_74.stderr in  out_files_74
WARNING: output file Watchdog_74.log.gz not found!
>>> padding time: Sleeping the wrapper for 441 seconds
STOPPING WATCHDOG. CrabWatchdog PID is 22457
********** LAST 50 LINES OF WATCHDOG LOG
# RESOURCE USAGE SUMMARY FOR PROCESS ID 19502
USER       PID %CPU %MEM    VSZ   RSS TTY      STAT START   TIME COMMAND
cms003   19502  0.2  0.0   8956  1488 ?        S    02:48   0:00 /bin/sh /home/cms003/home_creur_595745309/CREAM595745309/glide_g30868/execute/dir_15672/condor_exec.exe 74 1
 
# LIMITS USED BY THIS WATCHDOG:
# RSS  (KBytes)  : 2300000
# VSZ  (KBytes)  : 100000000
# DISK (MBytes)  : 19000
# CPU  (seconds) : 171600
# WALL (seconds) : 171600
 
# FOLLOWING PRINTOUT TRACKS MAXIMUM VALUES OF RESOURCES USE
# ONE LINE IS PRINTED EACH TIME A MAXIMUM CHANGES
# IF CHANGE WAS IN RSS OR VSZ ALSO PROCID AND COMMAND ARE PRINTED
# THERE IS NO PRINTOUT FOR CPU/WALL TIME INCREASE
 
# TIME			PID	RSS(KB)	VSZ(KB)	Dsk(MB)	tCPU(s)	tWALL(s)	COMMAND
 Nov 27 02:49:10 EET	1842	1340	8816	0	0	850	/bin/bash /home/cms003/home_creur_595745309/CREAM595745309/glide_g30868/main/condor_startup.sh glidein_config       
 Nov 27 02:49:10 EET	2487	5876	9540	0	0	850	/home/cms003/home_creur_595745309/CREAM595745309/glide_g30868/main/condor/sbin/condor_master -f -pidfile /home/cms003/home_creur_595745309/CREAM595745309/glide_g30868/condor_master2.pid      
 Nov 27 02:49:10 EET	3522	5876	9572	0	0	848	condor_startd -f        
 Nov 27 02:49:10 EET	30813	5876	25504	0	0	870	perl -e ?use Socket;??sub send_notify {? $cream_url = "193.40.150.134:49152";die "No
 Nov 27 02:49:10 EET	---	5876	25504	168	----	----	----
 Nov 27 02:50:17 EET	24933	340268	556132	168	15	53	cmsRun -j /home/cms003/home_creur_595745309/CREAM595745309/glide_g30868/execute/dir_15672/crab_fjr_74.xml -p pset.py     
 Nov 27 02:51:22 EET	---	340268	556132	169	----	----	----
********** WATCHDOG LOG ENDED
ZIPPING WATCHDOG LOG
Disk space used:
du -sh /home/cms003/home_creur_595745309/CREAM595745309/glide_g30868/execute/dir_15672
169M	/home/cms003/home_creur_595745309/CREAM595745309/glide_g30868/execute/dir_15672
>>> info for dashboard:
***** Cat /home/cms003/home_creur_595745309/CREAM595745309/glide_g30868/execute/dir_15672/jobreport.txt *****
MonitorJobID=74_https://submit-2.t2.ucsd.edu//121127//17535.73
MonitorID=liis_crab_0_121127_013521_s7o4w6
ExeTime=108
ExeExitCode=0
CrabUserCpuTime=44.78
CrabSysCpuTime=5.11
CrabCpuPercentage=46%
CrabWrapperTime=600
CrabStageoutTime=NULL
***** End Cat jobreport *****
Parameters sent to Dashboard.
optHistograms_74_1_FcG.root
crab_fjr_74.xml
CMSSW_74.stdout
CMSSW_74.stderr
Watchdog_74.log.gz
tar: .BrokerInfo: Cannot stat: No such file or directory
tar: Error exit delayed from previous errors
Total Output dimension: 18465
WARNING: output files size limit is set to: 50000000
Total Output dimension 18465 is fine.
JOB_EXIT_STATUS = 0
>>> info for dashboard:
***** Cat /home/cms003/home_creur_595745309/CREAM595745309/glide_g30868/execute/dir_15672/jobreport.txt *****
MonitorJobID=74_https://submit-2.t2.ucsd.edu//121127//17535.73
MonitorID=liis_crab_0_121127_013521_s7o4w6
JobExitCode=0
***** End Cat jobreport *****
Parameters sent to Dashboard.
optHistograms_74_1_FcG.root
crab_fjr_74.xml
