This script was generated by crab (version 2.8.3).
Running /home/cms030/home_creur_710582862/CREAM710582862/glide_JQ7594/execute/dir_11377/condor_exec.exe with 2 positional parameters: 34 1
Today is Tue Nov 27 02:48:42 EET 2012
Job submitted on host wn-v-3404.local
Linux wn-v-3404.local 2.6.32-042stab059.7 #1 SMP Tue Jul 24 19:12:01 MSK 2012 x86_64 x86_64 x86_64 GNU/Linux
>>> current directory (RUNTIME_AREA): /home/cms030/home_creur_710582862/CREAM710582862/glide_JQ7594/execute/dir_11377
>>> current user: uid=11030(cms030) gid=1400(cms) groups=1400(cms)
>>> voms proxy information:
subject   : /DC=ch/DC=cern/OU=Organic Units/OU=Users/CN=liis/CN=663550/CN=Liis Rebane/CN=proxy/CN=limited proxy
issuer    : /DC=ch/DC=cern/OU=Organic Units/OU=Users/CN=liis/CN=663550/CN=Liis Rebane/CN=proxy
identity  : /DC=ch/DC=cern/OU=Organic Units/OU=Users/CN=liis/CN=663550/CN=Liis Rebane/CN=proxy
type      : limited proxy
strength  : 512 bits
path      : /home/cms030/home_creur_710582862/CREAM710582862/glide_JQ7594/execute/dir_11377/x509up_u1000009
timeleft  : 23:59:52
key usage : Digital Signature, Key Encipherment, Data Encipherment
=== VO cms extension information ===
VO        : cms
subject   : /DC=ch/DC=cern/OU=Organic Units/OU=Users/CN=liis/CN=663550/CN=Liis Rebane
issuer    : /DC=ch/DC=cern/OU=computers/CN=lcg-voms.cern.ch
attribute : /cms/Role=NULL/Capability=NULL
timeleft  : 190:36:55
uri       : lcg-voms.cern.ch:15002
>>> tar xzf /home/cms030/home_creur_710582862/CREAM710582862/glide_JQ7594/execute/dir_11377/default.tgz :
Successful untar
>>> Include /home/cms030/home_creur_710582862/CREAM710582862/glide_JQ7594/execute/dir_11377 in PYTHONPATH:
strip arguments
env var CRAB_UNIQUE_JOB_ID set to: liis_crab_0_121127_013521_s7o4w6_34_1_86i
out_files_34
>>> list of expected files on output sandbox
output files: optHistograms_34_1_86i.root crab_fjr_34.xml CMSSW_34.stdout CMSSW_34.stderr Watchdog_34.log.gz
>>> GridFlavour discovery: 
GridFlavour=LCG
>>> SyncSite discovery: 
SyncSite=T2_EE_Estonia
>>> SyncCE discovery: 
getting SyncCE from CE_ID
SyncCE=europa.hep.kbfi.ee:8443/cream-pbs-long
>>> info for dashboard:
***** Cat /home/cms030/home_creur_710582862/CREAM710582862/glide_JQ7594/execute/dir_11377/jobreport.txt *****
MonitorJobID=34_https://submit-2.t2.ucsd.edu//121127//17535.33
SyncGridJobId=https://submit-2.t2.ucsd.edu//121127//17535.33
MonitorID=liis_crab_0_121127_013521_s7o4w6
GridFlavour=LCG
SyncSite=T2_EE_Estonia
SyncCE=europa.hep.kbfi.ee:8443/cream-pbs-long
***** End Cat jobreport *****
Parameters sent to Dashboard.
>>> setup environment
set SCRAM ARCH to slc5_amd64_gcc462
SCRAM_ARCH = slc5_amd64_gcc462
>>> setup CMS LCG environment:
set SCRAM ARCH and BUILD_ARCH to slc5_amd64_gcc462 ###
Sourcing environment... 
sourcing /cvmfs/cms.cern.ch/cmsset_default.sh
==> setup cms environment ok
>>> specific cmssw setup environment:
CMSSW_VERSION =  CMSSW_5_3_5
>>> current directory (SOFTWARE_DIR): /home/cms030/home_creur_710582862/CREAM710582862/glide_JQ7594/execute/dir_11377/CMSSW_5_3_5
PreserveSeeds: <>
IncrementSeeds:<>
{}
WNHostName=wn-v-3404.local
>>> info for dashboard:
***** Cat /home/cms030/home_creur_710582862/CREAM710582862/glide_JQ7594/execute/dir_11377/jobreport.txt *****
MonitorJobID=34_https://submit-2.t2.ucsd.edu//121127//17535.33
MonitorID=liis_crab_0_121127_013521_s7o4w6
WNHostName=wn-v-3404.local
***** End Cat jobreport *****
Parameters sent to Dashboard.
crabWatchdog started as process 23545
>>> moving CMSSW software directories in /home/cms030/home_creur_710582862/CREAM710582862/glide_JQ7594/execute/dir_11377/CMSSW_5_3_5
mv: cannot stat `/home/cms030/home_creur_710582862/CREAM710582862/glide_JQ7594/execute/dir_11377/module/': No such file or directory
>>> Include /home/cms030/home_creur_710582862/CREAM710582862/glide_JQ7594/execute/dir_11377 in PYTHONPATH:
PYTHONPATH=/home/cms030/home_creur_710582862/CREAM710582862/glide_JQ7594/execute/dir_11377/:/home/cms030/home_creur_710582862/CREAM710582862/glide_JQ7594/execute/dir_11377/CMSSW_5_3_5/python:/home/cms030/home_creur_710582862/CREAM710582862/glide_JQ7594/execute/dir_11377/CMSSW_5_3_5/lib/slc5_amd64_gcc462:/cvmfs/cms.cern.ch/slc5_amd64_gcc462/cms/cmssw/CMSSW_5_3_5/python:/cvmfs/cms.cern.ch/slc5_amd64_gcc462/cms/cmssw/CMSSW_5_3_5/lib/slc5_amd64_gcc462:/cvmfs/cms.cern.ch/slc5_amd64_gcc462/cms/coral/CORAL_2_3_21-cms27/slc5_amd64_gcc462/python:/cvmfs/cms.cern.ch/slc5_amd64_gcc462/cms/coral/CORAL_2_3_21-cms27/slc5_amd64_gcc462/lib:/cvmfs/cms.cern.ch/slc5_amd64_gcc462/external/pyqt/4.8.1/lib/python2.6/site-packages:/cvmfs/cms.cern.ch/slc5_amd64_gcc462/external/py2-scipy/0.8.0/lib/python2.6/site-packages:/cvmfs/cms.cern.ch/slc5_amd64_gcc462/external/py2-matplotlib/1.0.1/lib/python2.6/site-packages:/cvmfs/cms.cern.ch/slc5_amd64_gcc462/external/python-ldap/2.3.5/lib/python2.6/site-packages:/cvmfs/cms.cern.ch/slc5_amd64_gcc462/external/sip/4.11.2/lib/python2.6/site-packages:/cvmfs/cms.cern.ch/slc5_amd64_gcc462/external/py2-pycurl/7.19.0/lib/python2.6/site-packages:/cvmfs/cms.cern.ch/slc5_amd64_gcc462/external/py2-numpy/1.6.1/lib/python2.6/site-packages:/cvmfs/cms.cern.ch/slc5_amd64_gcc462/external/py2-ipython/0.10/lib/python2.6/site-packages:/cvmfs/cms.cern.ch/slc5_amd64_gcc462/external/py2-cx-oracle/5.1-cms11/lib/python2.6/site-packages:/cvmfs/cms.cern.ch/slc5_amd64_gcc462/external/py2-cjson/1.0.5/lib/python2.6/site-packages:/cvmfs/cms.cern.ch/slc5_amd64_gcc462/cms/das-client/1.4.1-cms8/bin:/cvmfs/cms.cern.ch/slc5_amd64_gcc462/external/elementtree/1.2.6/share/lib/python2.6/site-packages:/cvmfs/cms.cern.ch/slc5_amd64_gcc462/external/rivet/1.5.1-cms10/lib/python2.6/site-packages:/cvmfs/cms.cern.ch/slc5_amd64_gcc462/external/pyminuit2/0.0.1-cms34/lib/python2.6/site-packages:/cvmfs/cms.cern.ch/slc5_amd64_gcc462/external/professor/1.0.0-cms35/lib/python2.6/site-packages:/cvmfs/cms.cern.ch/slc5_amd64_gcc462/lcg/root/5.32.00-cms18/lib:/cvmfs/cms.cern.ch/slc5_amd64_gcc462/cms/dbs-client/DBS_2_1_1_patch1_1/lib:/cvmfs/cms.cern.ch/slc5_amd64_gcc462/cms/dbs-client/DBS_2_1_1_patch1_1/lib/DBSAPI:/home/cms030/home_creur_710582862/CREAM710582862/glide_JQ7594/execute/dir_11377/
241a2a19cb7c5c8751ba22759ab3bdb0
PSETHASH = 241a2a19cb7c5c8751ba22759ab3bdb0
/home/cms030/home_creur_710582862/CREAM710582862/glide_JQ7594/execute/dir_11377/writeCfg.py pset.py pset.py
Importing .py file
Setting parameters
inputBlocks=/QCD_Pt_350_BCtoE_TuneZ2star_8TeV_pythia6/mario-Summer12-stop-pfele-step1-3d176ac8da5e9dff208d057f4733ca91/USER#4ea1313f-ce05-4b4d-b719-e18ef67ecf53
inputFiles=/store/user/mario/QCD_Pt_350_BCtoE_TuneZ2star_8TeV_pythia6/Summer12-stop-pfele-step1/3d176ac8da5e9dff208d057f4733ca91/tuple_239_4_eD0.root;/store/user/mario/QCD_Pt_350_BCtoE_TuneZ2star_8TeV_pythia6/Summer12-stop-pfele-step1/3d176ac8da5e9dff208d057f4733ca91/tuple_240_3_eEA.root;/store/user/mario/QCD_Pt_350_BCtoE_TuneZ2star_8TeV_pythia6/Summer12-stop-pfele-step1/3d176ac8da5e9dff208d057f4733ca91/tuple_241_3_OTu.root;/store/user/mario/QCD_Pt_350_BCtoE_TuneZ2star_8TeV_pythia6/Summer12-stop-pfele-step1/3d176ac8da5e9dff208d057f4733ca91/tuple_242_3_5Sa.root;/store/user/mario/QCD_Pt_350_BCtoE_TuneZ2star_8TeV_pythia6/Summer12-stop-pfele-step1/3d176ac8da5e9dff208d057f4733ca91/tuple_243_3_BnG.root;/store/user/mario/QCD_Pt_350_BCtoE_TuneZ2star_8TeV_pythia6/Summer12-stop-pfele-step1/3d176ac8da5e9dff208d057f4733ca91/tuple_244_3_ZQt.root
parentFiles=
lumisRange=
>>> Executable cmsRun
/cvmfs/cms.cern.ch/slc5_amd64_gcc462/cms/cmssw/CMSSW_5_3_5/bin/slc5_amd64_gcc462/cmsRun
ok executable found
>>> info for dashboard:
***** Cat /home/cms030/home_creur_710582862/CREAM710582862/glide_JQ7594/execute/dir_11377/jobreport.txt *****
MonitorJobID=34_https://submit-2.t2.ucsd.edu//121127//17535.33
MonitorID=liis_crab_0_121127_013521_s7o4w6
ExeStart=cmsRun
***** End Cat jobreport *****
Parameters sent to Dashboard.
>>> cmsRun started at Tue Nov 27 00:49:00 UTC 2012
>>> cmsRun ended at Tue Nov 27 00:50:38 UTC 2012
>>> info for dashboard:
***** Cat /home/cms030/home_creur_710582862/CREAM710582862/glide_JQ7594/execute/dir_11377/jobreport.txt *****
MonitorJobID=34_https://submit-2.t2.ucsd.edu//121127//17535.33
MonitorID=liis_crab_0_121127_013521_s7o4w6
ExeEnd=cmsRun
***** End Cat jobreport *****
Parameters sent to Dashboard.
TIME_EXE = 98 sec
>>> cmsRun wrote 45 lines of stdout+stderr
>>> START OF printout of 45 lines from stdout+stderr
27-Nov-2012 02:49:11 EET  Initiating request to open file file:/hdfs/cms/store/user/mario/QCD_Pt_350_BCtoE_TuneZ2star_8TeV_pythia6/Summer12-stop-pfele-step1/3d176ac8da5e9dff208d057f4733ca91/tuple_239_4_eD0.root
27-Nov-2012 02:49:17 EET  Successfully opened file file:/hdfs/cms/store/user/mario/QCD_Pt_350_BCtoE_TuneZ2star_8TeV_pythia6/Summer12-stop-pfele-step1/3d176ac8da5e9dff208d057f4733ca91/tuple_239_4_eD0.root
Begin processing the 1st record. Run 1, Event 60102480, LumiSection 3694 at 27-Nov-2012 02:49:26.591 EET
27-Nov-2012 02:49:31 EET  Closed file file:/hdfs/cms/store/user/mario/QCD_Pt_350_BCtoE_TuneZ2star_8TeV_pythia6/Summer12-stop-pfele-step1/3d176ac8da5e9dff208d057f4733ca91/tuple_239_4_eD0.root
27-Nov-2012 02:49:31 EET  Initiating request to open file file:/hdfs/cms/store/user/mario/QCD_Pt_350_BCtoE_TuneZ2star_8TeV_pythia6/Summer12-stop-pfele-step1/3d176ac8da5e9dff208d057f4733ca91/tuple_240_3_eEA.root
27-Nov-2012 02:49:32 EET  Successfully opened file file:/hdfs/cms/store/user/mario/QCD_Pt_350_BCtoE_TuneZ2star_8TeV_pythia6/Summer12-stop-pfele-step1/3d176ac8da5e9dff208d057f4733ca91/tuple_240_3_eEA.root
Begin processing the 1001st record. Run 1, Event 60943955, LumiSection 3746 at 27-Nov-2012 02:49:41.149 EET
Begin processing the 2001st record. Run 1, Event 737026, LumiSection 46 at 27-Nov-2012 02:49:45.874 EET
27-Nov-2012 02:49:50 EET  Closed file file:/hdfs/cms/store/user/mario/QCD_Pt_350_BCtoE_TuneZ2star_8TeV_pythia6/Summer12-stop-pfele-step1/3d176ac8da5e9dff208d057f4733ca91/tuple_240_3_eEA.root
27-Nov-2012 02:49:50 EET  Initiating request to open file file:/hdfs/cms/store/user/mario/QCD_Pt_350_BCtoE_TuneZ2star_8TeV_pythia6/Summer12-stop-pfele-step1/3d176ac8da5e9dff208d057f4733ca91/tuple_241_3_OTu.root
27-Nov-2012 02:49:50 EET  Successfully opened file file:/hdfs/cms/store/user/mario/QCD_Pt_350_BCtoE_TuneZ2star_8TeV_pythia6/Summer12-stop-pfele-step1/3d176ac8da5e9dff208d057f4733ca91/tuple_241_3_OTu.root
Begin processing the 3001st record. Run 1, Event 54807360, LumiSection 3369 at 27-Nov-2012 02:49:55.001 EET
Begin processing the 4001st record. Run 1, Event 56885592, LumiSection 3497 at 27-Nov-2012 02:49:58.958 EET
Begin processing the 5001st record. Run 1, Event 61049301, LumiSection 3753 at 27-Nov-2012 02:50:03.604 EET
27-Nov-2012 02:50:04 EET  Closed file file:/hdfs/cms/store/user/mario/QCD_Pt_350_BCtoE_TuneZ2star_8TeV_pythia6/Summer12-stop-pfele-step1/3d176ac8da5e9dff208d057f4733ca91/tuple_241_3_OTu.root
27-Nov-2012 02:50:04 EET  Initiating request to open file file:/hdfs/cms/store/user/mario/QCD_Pt_350_BCtoE_TuneZ2star_8TeV_pythia6/Summer12-stop-pfele-step1/3d176ac8da5e9dff208d057f4733ca91/tuple_242_3_5Sa.root
27-Nov-2012 02:50:04 EET  Successfully opened file file:/hdfs/cms/store/user/mario/QCD_Pt_350_BCtoE_TuneZ2star_8TeV_pythia6/Summer12-stop-pfele-step1/3d176ac8da5e9dff208d057f4733ca91/tuple_242_3_5Sa.root
Begin processing the 6001st record. Run 1, Event 65420772, LumiSection 4021 at 27-Nov-2012 02:50:15.708 EET
27-Nov-2012 02:50:15 EET  Closed file file:/hdfs/cms/store/user/mario/QCD_Pt_350_BCtoE_TuneZ2star_8TeV_pythia6/Summer12-stop-pfele-step1/3d176ac8da5e9dff208d057f4733ca91/tuple_242_3_5Sa.root
27-Nov-2012 02:50:16 EET  Initiating request to open file file:/hdfs/cms/store/user/mario/QCD_Pt_350_BCtoE_TuneZ2star_8TeV_pythia6/Summer12-stop-pfele-step1/3d176ac8da5e9dff208d057f4733ca91/tuple_243_3_BnG.root
27-Nov-2012 02:50:16 EET  Successfully opened file file:/hdfs/cms/store/user/mario/QCD_Pt_350_BCtoE_TuneZ2star_8TeV_pythia6/Summer12-stop-pfele-step1/3d176ac8da5e9dff208d057f4733ca91/tuple_243_3_BnG.root
Begin processing the 7001st record. Run 1, Event 31575852, LumiSection 1941 at 27-Nov-2012 02:50:23.886 EET
Begin processing the 8001st record. Run 1, Event 39005373, LumiSection 2398 at 27-Nov-2012 02:50:28.525 EET
27-Nov-2012 02:50:29 EET  Closed file file:/hdfs/cms/store/user/mario/QCD_Pt_350_BCtoE_TuneZ2star_8TeV_pythia6/Summer12-stop-pfele-step1/3d176ac8da5e9dff208d057f4733ca91/tuple_243_3_BnG.root
27-Nov-2012 02:50:29 EET  Initiating request to open file file:/hdfs/cms/store/user/mario/QCD_Pt_350_BCtoE_TuneZ2star_8TeV_pythia6/Summer12-stop-pfele-step1/3d176ac8da5e9dff208d057f4733ca91/tuple_244_3_ZQt.root
27-Nov-2012 02:50:30 EET  Successfully opened file file:/hdfs/cms/store/user/mario/QCD_Pt_350_BCtoE_TuneZ2star_8TeV_pythia6/Summer12-stop-pfele-step1/3d176ac8da5e9dff208d057f4733ca91/tuple_244_3_ZQt.root
27-Nov-2012 02:50:37 EET  Closed file file:/hdfs/cms/store/user/mario/QCD_Pt_350_BCtoE_TuneZ2star_8TeV_pythia6/Summer12-stop-pfele-step1/3d176ac8da5e9dff208d057f4733ca91/tuple_244_3_ZQt.root

=============================================

MessageLogger Summary

 type     category        sev    module        subroutine        count    total
 ---- -------------------- -- ---------------- ----------------  -----    -----
    1 fileAction           -s file_close                             6        6
    2 fileAction           -s file_open                             12       12

 type    category    Examples: run/evt        run/evt          run/evt
 ---- -------------------- ---------------- ---------------- ----------------
    1 fileAction           PostProcessEvent PostProcessEvent PostEndRun
    2 fileAction           pre-events       pre-events       PostProcessEvent

Severity    # Occurrences   Total Occurrences
--------    -------------   -----------------
System                 18                  18
>>> END OF printout of 45 lines from stdout+stderr
>>> Parse FrameworkJobReport crab_fjr.xml
Result of parsing the FrameworkJobReport crab_fjr.xml: Popularity start
lumisRange : 1::3694,3703,3708,3742::1;1::3753-3754,3860,3946,4021::2;1::1520,1522,1692,1924,1941,1972,1997,2003,2029,2398,2462::3;1::2462,2473,2949,3345::4;1::46,366,392,1861,2356,3742,3744,3746,3993,3995-3996,4118::5;1::2356,3369,3473,3495,3497,3576,3589,3599,3748,3753,3808,3900::6;
lumisParentRange : 
Basename : /store/user/mario/QCD_Pt_350_BCtoE_TuneZ2star_8TeV_pythia6/Summer12-stop-pfele-step1/3d176ac8da5e9dff208d057f4733ca91/tuple_2
BasenameParent : 
parentFiles : 
inputBlocks : /QCD_Pt_350_BCtoE_TuneZ2star_8TeV_pythia6/mario-Summer12-stop-pfele-step1-3d176ac8da5e9dff208d057f4733ca91/USER#4ea1313f-ce05-4b4d-b719-e18ef67ecf53
inputFiles : 39_4_eD0.root::1::EDM::Local::1;42_3_5Sa.root::1::EDM::Local::2;43_3_BnG.root::1::EDM::Local::3;44_3_ZQt.root::1::EDM::Local::4;40_3_eEA.root::1::EDM::Local::5;41_3_OTu.root::1::EDM::Local::6;
Popularity stop
Extracted ExitStatus from FrameworkJobReport parsing output: 0
>>> Executable succeded  0
ExeExitCode=0
EXECUTABLE_EXIT_STATUS = 0
>>> current directory /home/cms030/home_creur_710582862/CREAM710582862/glide_JQ7594/execute/dir_11377/CMSSW_5_3_5
>>>  (SOFTWARE_DIR): /home/cms030/home_creur_710582862/CREAM710582862/glide_JQ7594/execute/dir_11377/CMSSW_5_3_5
>>> (WORKING_DIR): 
>>> current directory content:
total 148
drwxr-xr-x 3 cms030 cms  4096 Nov 27 02:48 .SCRAM
-rw-r--r-- 1 cms030 cms 30066 Nov 27 02:48 CMSSW.py.pkl
drwxr-xr-x 3 cms030 cms  4096 Nov 27 02:48 bin
drwxr-xr-x 3 cms030 cms  4096 Nov 27 02:48 cfipython
drwxr-xr-x 5 cms030 cms  4096 Nov 27 02:48 config
-rw-r--r-- 1 cms030 cms    15 Nov 27 02:50 cpu_timing.txt
drwxr-xr-x 2 cms030 cms  4096 Nov 27 02:48 doc
-rw-r--r-- 1 cms030 cms  5431 Nov 27 02:50 executable.out
drwxr-xr-x 2 cms030 cms  4096 Nov 27 02:48 include
drwxrwxrwx 3 cms030 cms  4096 Oct 22 16:38 lib
drwxr-xr-x 3 cms030 cms  4096 Nov 27 02:48 logs
drwxr-xr-x 3 cms030 cms  4096 Nov 27 02:48 objs
-rw-r--r-- 1 cms030 cms 16609 Nov 27 02:50 optHistograms.root
-rw-r--r-- 1 cms030 cms   104 Nov 27 02:48 pset.py
-rw-r--r-- 1 cms030 cms 19609 Nov 27 02:48 pset.py.pkl
-rw-r--r-- 1 cms030 cms   289 Nov 27 02:48 pset.pyc
drwxr-xr-x 2 cms030 cms  4096 Nov 27 02:48 python
-rw-r--r-- 1 cms030 cms   420 Nov 27 02:50 report.log
drwxrwxrwx 4 cms030 cms  4096 Nov 27 02:48 src
drwxr-xr-x 3 cms030 cms  4096 Nov 27 02:48 test
drwxr-xr-x 3 cms030 cms  4096 Nov 27 02:48 tmp
>>> current directory /home/cms030/home_creur_710582862/CREAM710582862/glide_JQ7594/execute/dir_11377/CMSSW_5_3_5
>>> (SOFTWARE_DIR): /home/cms030/home_creur_710582862/CREAM710582862/glide_JQ7594/execute/dir_11377/CMSSW_5_3_5
>>> (WORKING_DIR): 
>>> current directory content:
total 128
drwxr-xr-x 3 cms030 cms  4096 Nov 27 02:48 .SCRAM
-rw-r--r-- 1 cms030 cms 30066 Nov 27 02:48 CMSSW.py.pkl
drwxr-xr-x 3 cms030 cms  4096 Nov 27 02:48 bin
drwxr-xr-x 3 cms030 cms  4096 Nov 27 02:48 cfipython
drwxr-xr-x 5 cms030 cms  4096 Nov 27 02:48 config
-rw-r--r-- 1 cms030 cms    15 Nov 27 02:50 cpu_timing.txt
drwxr-xr-x 2 cms030 cms  4096 Nov 27 02:48 doc
-rw-r--r-- 1 cms030 cms  5431 Nov 27 02:50 executable.out
drwxr-xr-x 2 cms030 cms  4096 Nov 27 02:48 include
drwxrwxrwx 3 cms030 cms  4096 Oct 22 16:38 lib
drwxr-xr-x 3 cms030 cms  4096 Nov 27 02:48 logs
drwxr-xr-x 3 cms030 cms  4096 Nov 27 02:48 objs
-rw-r--r-- 1 cms030 cms   104 Nov 27 02:48 pset.py
-rw-r--r-- 1 cms030 cms 19609 Nov 27 02:48 pset.py.pkl
-rw-r--r-- 1 cms030 cms   289 Nov 27 02:48 pset.pyc
drwxr-xr-x 2 cms030 cms  4096 Nov 27 02:48 python
-rw-r--r-- 1 cms030 cms   420 Nov 27 02:50 report.log
drwxrwxrwx 4 cms030 cms  4096 Nov 27 02:48 src
drwxr-xr-x 3 cms030 cms  4096 Nov 27 02:48 test
drwxr-xr-x 3 cms030 cms  4096 Nov 27 02:48 tmp
>>> current directory (RUNTIME_AREA):  /home/cms030/home_creur_710582862/CREAM710582862/glide_JQ7594/execute/dir_11377
>>> current dir: /home/cms030/home_creur_710582862/CREAM710582862/glide_JQ7594/execute/dir_11377
>>> current dir content:
total 25756
-rw-rw-rw-  1 cms030 cms     5593 Nov 27 02:48 .job.ad
-rw-rw-rw-  1 cms030 cms    11380 Nov 27 02:48 .machine.ad
-rw-rw-rw-  1 cms030 cms      105 Nov 27 01:35 CMSSW.py
-rw-rw-rw-  1 cms030 cms    30066 Nov 27 01:35 CMSSW.py.pkl
-rwxrw-rw-  1 cms030 cms    23323 Nov 27 02:48 CMSSW.sh
-rw-rw-rw-  1 cms030 cms        0 Nov 27 02:48 CMSSW_34.stderr
-rw-rw-rw-  1 cms030 cms    17849 Nov 27 02:50 CMSSW_34.stdout
drwxr-xr-x 15 cms030 cms     4096 Nov 27 02:50 CMSSW_5_3_5
-rw-r--r--  1 cms030 cms      347 Nov 27 02:48 CacheEnv.sh
-rw-rw-rw-  1 cms030 cms     7291 Jun  9  2010 DashboardAPI.py
-rw-r--r--  1 cms030 cms     6883 Nov 27 02:48 DashboardAPI.pyc
drwxrwxrwx  3 cms030 cms     4096 Nov 27 02:50 IMProv
-rw-rw-rw-  1 cms030 cms     2748 Mar  8  2006 Logger.py
-rw-r--r--  1 cms030 cms     3353 Nov 27 02:48 Logger.pyc
-rw-rw-rw-  1 cms030 cms    24524 Mar 28  2008 ProcInfo.py
-rw-r--r--  1 cms030 cms    23470 Nov 27 02:48 ProcInfo.pyc
drwxrwxrwx  7 cms030 cms     4096 Nov 27 02:48 ProdCommon
drwxrwxrwx  3 cms030 cms     4096 Nov 27 02:48 WMCore
-rw-r--r--  1 cms030 cms     1848 Nov 27 02:50 Watchdog_34.log
-rw-rw-rw-  1 cms030 cms    32895 Mar 28  2008 apmon.py
-rw-r--r--  1 cms030 cms    28874 Nov 27 02:48 apmon.pyc
-rw-rw-rw-  1 cms030 cms    92722 Nov 27 02:48 arguments.xml
-rwxrwxrwx  1 cms030 cms    37427 Sep 13 14:14 cmscp.py
-rwxrwxrwx  1 cms030 cms    23323 Nov 27 02:48 condor_exec.exe
-rw-rw-rw-  1 cms030 cms      537 Nov 27 01:35 crab.cfg
-rwxrwxrwx  1 cms030 cms     9531 Sep 20 21:46 crabWatchdog.sh
-rw-r--r--  1 cms030 cms    33606 Nov 27 02:50 crab_fjr_34.xml
-rw-rw-rw-  1 cms030 cms 25796287 Nov 27 02:48 default.tgz
-rwxrwxrwx  1 cms030 cms     4488 May 12  2012 fillCrabFjr.py
-rw-r--r--  1 cms030 cms     1031 Nov 27 02:48 inputsReport.txt
-rw-r--r--  1 cms030 cms      131 Nov 27 02:50 jobreport.txt
lrwxrwxrwx  1 cms030 cms      107 Nov 27 02:50 optHistograms.root -> /home/cms030/home_creur_710582862/CREAM710582862/glide_JQ7594/execute/dir_11377/optHistograms_34_1_86i.root
-rw-r--r--  1 cms030 cms    16609 Nov 27 02:50 optHistograms_34_1_86i.root
-rw-rw-rw-  1 cms030 cms    17352 Jan 20  2012 parseCrabFjr.py
-rw-r--r--  1 cms030 cms      285 Nov 27 02:48 report.log
-rwxrwxrwx  1 cms030 cms     1497 May 27  2009 report.py
-rwxrwxrwx  1 cms030 cms     8387 Mar 23  2011 writeCfg.py
-rw-------  1 cms030 cms     8691 Nov 27 02:48 x509up_u1000009
Checking output files:  
will tar file optHistograms_34_1_86i.root in  out_files_34
will tar file crab_fjr_34.xml in  out_files_34
will tar file CMSSW_34.stdout in  out_files_34
will tar file CMSSW_34.stderr in  out_files_34
WARNING: output file Watchdog_34.log.gz not found!
>>> padding time: Sleeping the wrapper for 474 seconds
STOPPING WATCHDOG. CrabWatchdog PID is 23545
********** LAST 50 LINES OF WATCHDOG LOG
# RESOURCE USAGE SUMMARY FOR PROCESS ID 19907
USER       PID %CPU %MEM    VSZ   RSS TTY      STAT START   TIME COMMAND
cms030   19907  0.3  0.0   8956  1488 ?        S    02:48   0:00 /bin/sh /home/cms030/home_creur_710582862/CREAM710582862/glide_JQ7594/execute/dir_11377/condor_exec.exe 34 1
 
# LIMITS USED BY THIS WATCHDOG:
# RSS  (KBytes)  : 2300000
# VSZ  (KBytes)  : 100000000
# DISK (MBytes)  : 19000
# CPU  (seconds) : 171600
# WALL (seconds) : 171600
 
# FOLLOWING PRINTOUT TRACKS MAXIMUM VALUES OF RESOURCES USE
# ONE LINE IS PRINTED EACH TIME A MAXIMUM CHANGES
# IF CHANGE WAS IN RSS OR VSZ ALSO PROCID AND COMMAND ARE PRINTED
# THERE IS NO PRINTOUT FOR CPU/WALL TIME INCREASE
 
# TIME			PID	RSS(KB)	VSZ(KB)	Dsk(MB)	tCPU(s)	tWALL(s)	COMMAND
 Nov 27 02:48:52 EET	5295	1320	8896	0	0	1199	-bash         
 Nov 27 02:48:52 EET	5628	1488	8952	0	0	1200	/bin/sh -l ./CREAM710582862_jobWrapper.sh       
 Nov 27 02:48:52 EET	7175	2680	25504	0	0	1198	perl -e ?use Socket;??sub send_notify {? $cream_url = "193.40.150.134:49152";die "No
 Nov 27 02:48:52 EET	11288	3652	25504	0	0	25	condor_procd -A /home/cms030/home_creur_710582862/CREAM710582862/glide_JQ7594/log/procd_address.STARTD -L /home/cms030/home_creur_710582862/CREAM710582862/glide_JQ7594/log/ProcLog.STARTD -R 10000000 -S 60 -C
 Nov 27 02:48:52 EET	11377	5308	25504	0	0	25	condor_starter -f submit-2.t2.ucsd.edu       
 Nov 27 02:48:52 EET	19869	6012	25504	0	0	1187	/home/cms030/home_creur_710582862/CREAM710582862/glide_JQ7594/main/condor/sbin/condor_master -f -pidfile /home/cms030/home_creur_710582862/CREAM710582862/glide_JQ7594/condor_master2.pid      
 Nov 27 02:48:52 EET	---	6012	25504	168	----	----	----
 Nov 27 02:49:56 EET	25414	356520	557668	168	31	61	cmsRun -j /home/cms030/home_creur_710582862/CREAM710582862/glide_JQ7594/execute/dir_11377/crab_fjr_34.xml -p pset.py     
 Nov 27 02:51:01 EET	---	356520	557668	169	----	----	----
********** WATCHDOG LOG ENDED
ZIPPING WATCHDOG LOG
Disk space used:
du -sh /home/cms030/home_creur_710582862/CREAM710582862/glide_JQ7594/execute/dir_11377
169M	/home/cms030/home_creur_710582862/CREAM710582862/glide_JQ7594/execute/dir_11377
>>> info for dashboard:
***** Cat /home/cms030/home_creur_710582862/CREAM710582862/glide_JQ7594/execute/dir_11377/jobreport.txt *****
MonitorJobID=34_https://submit-2.t2.ucsd.edu//121127//17535.33
MonitorID=liis_crab_0_121127_013521_s7o4w6
ExeTime=98
ExeExitCode=0
CrabUserCpuTime=46.60
CrabSysCpuTime=4.49
CrabCpuPercentage=52%
CrabWrapperTime=601
CrabStageoutTime=NULL
***** End Cat jobreport *****
Parameters sent to Dashboard.
optHistograms_34_1_86i.root
crab_fjr_34.xml
CMSSW_34.stdout
CMSSW_34.stderr
Watchdog_34.log.gz
tar: .BrokerInfo: Cannot stat: No such file or directory
tar: Error exit delayed from previous errors
Total Output dimension: 18965
WARNING: output files size limit is set to: 50000000
Total Output dimension 18965 is fine.
JOB_EXIT_STATUS = 0
>>> info for dashboard:
***** Cat /home/cms030/home_creur_710582862/CREAM710582862/glide_JQ7594/execute/dir_11377/jobreport.txt *****
MonitorJobID=34_https://submit-2.t2.ucsd.edu//121127//17535.33
MonitorID=liis_crab_0_121127_013521_s7o4w6
JobExitCode=0
***** End Cat jobreport *****
Parameters sent to Dashboard.
optHistograms_34_1_86i.root
crab_fjr_34.xml
