This script was generated by crab (version 2.8.3).
Running /home/cms097/home_crobe_709708417/CREAM709708417/glide_B21918/execute/dir_26627/condor_exec.exe with 2 positional parameters: 76 1
Today is Tue Nov 27 02:48:48 EET 2012
Job submitted on host wn-v-2216.local
Linux wn-v-2216.local 2.6.32-042stab059.7 #1 SMP Tue Jul 24 19:12:01 MSK 2012 x86_64 x86_64 x86_64 GNU/Linux
>>> current directory (RUNTIME_AREA): /home/cms097/home_crobe_709708417/CREAM709708417/glide_B21918/execute/dir_26627
>>> current user: uid=11097(cms097) gid=1400(cms) groups=1400(cms)
>>> voms proxy information:
subject   : /DC=ch/DC=cern/OU=Organic Units/OU=Users/CN=liis/CN=663550/CN=Liis Rebane/CN=proxy/CN=limited proxy
issuer    : /DC=ch/DC=cern/OU=Organic Units/OU=Users/CN=liis/CN=663550/CN=Liis Rebane/CN=proxy
identity  : /DC=ch/DC=cern/OU=Organic Units/OU=Users/CN=liis/CN=663550/CN=Liis Rebane/CN=proxy
type      : limited proxy
strength  : 512 bits
path      : /home/cms097/home_crobe_709708417/CREAM709708417/glide_B21918/execute/dir_26627/x509up_u1000009
timeleft  : 23:58:54
key usage : Digital Signature, Key Encipherment, Data Encipherment
=== VO cms extension information ===
VO        : cms
subject   : /DC=ch/DC=cern/OU=Organic Units/OU=Users/CN=liis/CN=663550/CN=Liis Rebane
issuer    : /DC=ch/DC=cern/OU=computers/CN=lcg-voms.cern.ch
attribute : /cms/Role=NULL/Capability=NULL
timeleft  : 190:36:49
uri       : lcg-voms.cern.ch:15002
>>> tar xzf /home/cms097/home_crobe_709708417/CREAM709708417/glide_B21918/execute/dir_26627/default.tgz :
Successful untar
>>> Include /home/cms097/home_crobe_709708417/CREAM709708417/glide_B21918/execute/dir_26627 in PYTHONPATH:
strip arguments
env var CRAB_UNIQUE_JOB_ID set to: liis_crab_0_121127_013521_s7o4w6_76_1_r8j
out_files_76
>>> list of expected files on output sandbox
output files: optHistograms_76_1_r8j.root crab_fjr_76.xml CMSSW_76.stdout CMSSW_76.stderr Watchdog_76.log.gz
>>> GridFlavour discovery: 
GridFlavour=LCG
>>> SyncSite discovery: 
SyncSite=T2_EE_Estonia
>>> SyncCE discovery: 
getting SyncCE from CE_ID
SyncCE=oberon.hep.kbfi.ee:8443/cream-pbs-long
>>> info for dashboard:
***** Cat /home/cms097/home_crobe_709708417/CREAM709708417/glide_B21918/execute/dir_26627/jobreport.txt *****
MonitorJobID=76_https://submit-2.t2.ucsd.edu//121127//17535.75
SyncGridJobId=https://submit-2.t2.ucsd.edu//121127//17535.75
MonitorID=liis_crab_0_121127_013521_s7o4w6
GridFlavour=LCG
SyncSite=T2_EE_Estonia
SyncCE=oberon.hep.kbfi.ee:8443/cream-pbs-long
***** End Cat jobreport *****
Parameters sent to Dashboard.
>>> setup environment
set SCRAM ARCH to slc5_amd64_gcc462
SCRAM_ARCH = slc5_amd64_gcc462
>>> setup CMS LCG environment:
set SCRAM ARCH and BUILD_ARCH to slc5_amd64_gcc462 ###
Sourcing environment... 
sourcing /cvmfs/cms.cern.ch/cmsset_default.sh
==> setup cms environment ok
>>> specific cmssw setup environment:
CMSSW_VERSION =  CMSSW_5_3_5
>>> current directory (SOFTWARE_DIR): /home/cms097/home_crobe_709708417/CREAM709708417/glide_B21918/execute/dir_26627/CMSSW_5_3_5
PreserveSeeds: <>
IncrementSeeds:<>
{}
WNHostName=wn-v-2216.local
>>> info for dashboard:
***** Cat /home/cms097/home_crobe_709708417/CREAM709708417/glide_B21918/execute/dir_26627/jobreport.txt *****
MonitorJobID=76_https://submit-2.t2.ucsd.edu//121127//17535.75
MonitorID=liis_crab_0_121127_013521_s7o4w6
WNHostName=wn-v-2216.local
***** End Cat jobreport *****
Parameters sent to Dashboard.
crabWatchdog started as process 2654
>>> moving CMSSW software directories in /home/cms097/home_crobe_709708417/CREAM709708417/glide_B21918/execute/dir_26627/CMSSW_5_3_5
mv: cannot stat `/home/cms097/home_crobe_709708417/CREAM709708417/glide_B21918/execute/dir_26627/module/': No such file or directory
>>> Include /home/cms097/home_crobe_709708417/CREAM709708417/glide_B21918/execute/dir_26627 in PYTHONPATH:
PYTHONPATH=/home/cms097/home_crobe_709708417/CREAM709708417/glide_B21918/execute/dir_26627/:/home/cms097/home_crobe_709708417/CREAM709708417/glide_B21918/execute/dir_26627/CMSSW_5_3_5/python:/home/cms097/home_crobe_709708417/CREAM709708417/glide_B21918/execute/dir_26627/CMSSW_5_3_5/lib/slc5_amd64_gcc462:/cvmfs/cms.cern.ch/slc5_amd64_gcc462/cms/cmssw/CMSSW_5_3_5/python:/cvmfs/cms.cern.ch/slc5_amd64_gcc462/cms/cmssw/CMSSW_5_3_5/lib/slc5_amd64_gcc462:/cvmfs/cms.cern.ch/slc5_amd64_gcc462/cms/coral/CORAL_2_3_21-cms27/slc5_amd64_gcc462/python:/cvmfs/cms.cern.ch/slc5_amd64_gcc462/cms/coral/CORAL_2_3_21-cms27/slc5_amd64_gcc462/lib:/cvmfs/cms.cern.ch/slc5_amd64_gcc462/external/pyqt/4.8.1/lib/python2.6/site-packages:/cvmfs/cms.cern.ch/slc5_amd64_gcc462/external/py2-scipy/0.8.0/lib/python2.6/site-packages:/cvmfs/cms.cern.ch/slc5_amd64_gcc462/external/py2-matplotlib/1.0.1/lib/python2.6/site-packages:/cvmfs/cms.cern.ch/slc5_amd64_gcc462/external/python-ldap/2.3.5/lib/python2.6/site-packages:/cvmfs/cms.cern.ch/slc5_amd64_gcc462/external/sip/4.11.2/lib/python2.6/site-packages:/cvmfs/cms.cern.ch/slc5_amd64_gcc462/external/py2-pycurl/7.19.0/lib/python2.6/site-packages:/cvmfs/cms.cern.ch/slc5_amd64_gcc462/external/py2-numpy/1.6.1/lib/python2.6/site-packages:/cvmfs/cms.cern.ch/slc5_amd64_gcc462/external/py2-ipython/0.10/lib/python2.6/site-packages:/cvmfs/cms.cern.ch/slc5_amd64_gcc462/external/py2-cx-oracle/5.1-cms11/lib/python2.6/site-packages:/cvmfs/cms.cern.ch/slc5_amd64_gcc462/external/py2-cjson/1.0.5/lib/python2.6/site-packages:/cvmfs/cms.cern.ch/slc5_amd64_gcc462/cms/das-client/1.4.1-cms8/bin:/cvmfs/cms.cern.ch/slc5_amd64_gcc462/external/elementtree/1.2.6/share/lib/python2.6/site-packages:/cvmfs/cms.cern.ch/slc5_amd64_gcc462/external/rivet/1.5.1-cms10/lib/python2.6/site-packages:/cvmfs/cms.cern.ch/slc5_amd64_gcc462/external/pyminuit2/0.0.1-cms34/lib/python2.6/site-packages:/cvmfs/cms.cern.ch/slc5_amd64_gcc462/external/professor/1.0.0-cms35/lib/python2.6/site-packages:/cvmfs/cms.cern.ch/slc5_amd64_gcc462/lcg/root/5.32.00-cms18/lib:/cvmfs/cms.cern.ch/slc5_amd64_gcc462/cms/dbs-client/DBS_2_1_1_patch1_1/lib:/cvmfs/cms.cern.ch/slc5_amd64_gcc462/cms/dbs-client/DBS_2_1_1_patch1_1/lib/DBSAPI:/home/cms097/home_crobe_709708417/CREAM709708417/glide_B21918/execute/dir_26627/
241a2a19cb7c5c8751ba22759ab3bdb0
PSETHASH = 241a2a19cb7c5c8751ba22759ab3bdb0
/home/cms097/home_crobe_709708417/CREAM709708417/glide_B21918/execute/dir_26627/writeCfg.py pset.py pset.py
Importing .py file
Setting parameters
inputBlocks=/QCD_Pt_350_BCtoE_TuneZ2star_8TeV_pythia6/mario-Summer12-stop-pfele-step1-3d176ac8da5e9dff208d057f4733ca91/USER#4ea1313f-ce05-4b4d-b719-e18ef67ecf53
inputFiles=/store/user/mario/QCD_Pt_350_BCtoE_TuneZ2star_8TeV_pythia6/Summer12-stop-pfele-step1/3d176ac8da5e9dff208d057f4733ca91/tuple_39_3_xp4.root;/store/user/mario/QCD_Pt_350_BCtoE_TuneZ2star_8TeV_pythia6/Summer12-stop-pfele-step1/3d176ac8da5e9dff208d057f4733ca91/tuple_40_4_X4M.root;/store/user/mario/QCD_Pt_350_BCtoE_TuneZ2star_8TeV_pythia6/Summer12-stop-pfele-step1/3d176ac8da5e9dff208d057f4733ca91/tuple_41_3_ceU.root;/store/user/mario/QCD_Pt_350_BCtoE_TuneZ2star_8TeV_pythia6/Summer12-stop-pfele-step1/3d176ac8da5e9dff208d057f4733ca91/tuple_42_3_TgG.root;/store/user/mario/QCD_Pt_350_BCtoE_TuneZ2star_8TeV_pythia6/Summer12-stop-pfele-step1/3d176ac8da5e9dff208d057f4733ca91/tuple_43_3_c59.root
parentFiles=
lumisRange=
>>> Executable cmsRun
/cvmfs/cms.cern.ch/slc5_amd64_gcc462/cms/cmssw/CMSSW_5_3_5/bin/slc5_amd64_gcc462/cmsRun
ok executable found
>>> info for dashboard:
***** Cat /home/cms097/home_crobe_709708417/CREAM709708417/glide_B21918/execute/dir_26627/jobreport.txt *****
MonitorJobID=76_https://submit-2.t2.ucsd.edu//121127//17535.75
MonitorID=liis_crab_0_121127_013521_s7o4w6
ExeStart=cmsRun
***** End Cat jobreport *****
Parameters sent to Dashboard.
>>> cmsRun started at Tue Nov 27 00:49:21 UTC 2012
>>> cmsRun ended at Tue Nov 27 00:51:08 UTC 2012
>>> info for dashboard:
***** Cat /home/cms097/home_crobe_709708417/CREAM709708417/glide_B21918/execute/dir_26627/jobreport.txt *****
MonitorJobID=76_https://submit-2.t2.ucsd.edu//121127//17535.75
MonitorID=liis_crab_0_121127_013521_s7o4w6
ExeEnd=cmsRun
***** End Cat jobreport *****
Parameters sent to Dashboard.
TIME_EXE = 107 sec
>>> cmsRun wrote 42 lines of stdout+stderr
>>> START OF printout of 42 lines from stdout+stderr
27-Nov-2012 02:49:41 EET  Initiating request to open file file:/hdfs/cms/store/user/mario/QCD_Pt_350_BCtoE_TuneZ2star_8TeV_pythia6/Summer12-stop-pfele-step1/3d176ac8da5e9dff208d057f4733ca91/tuple_39_3_xp4.root
27-Nov-2012 02:49:50 EET  Successfully opened file file:/hdfs/cms/store/user/mario/QCD_Pt_350_BCtoE_TuneZ2star_8TeV_pythia6/Summer12-stop-pfele-step1/3d176ac8da5e9dff208d057f4733ca91/tuple_39_3_xp4.root
Begin processing the 1st record. Run 1, Event 14462017, LumiSection 889 at 27-Nov-2012 02:49:59.686 EET
Begin processing the 1001st record. Run 1, Event 15576931, LumiSection 958 at 27-Nov-2012 02:50:07.164 EET
27-Nov-2012 02:50:07 EET  Closed file file:/hdfs/cms/store/user/mario/QCD_Pt_350_BCtoE_TuneZ2star_8TeV_pythia6/Summer12-stop-pfele-step1/3d176ac8da5e9dff208d057f4733ca91/tuple_39_3_xp4.root
27-Nov-2012 02:50:07 EET  Initiating request to open file file:/hdfs/cms/store/user/mario/QCD_Pt_350_BCtoE_TuneZ2star_8TeV_pythia6/Summer12-stop-pfele-step1/3d176ac8da5e9dff208d057f4733ca91/tuple_40_4_X4M.root
27-Nov-2012 02:50:08 EET  Successfully opened file file:/hdfs/cms/store/user/mario/QCD_Pt_350_BCtoE_TuneZ2star_8TeV_pythia6/Summer12-stop-pfele-step1/3d176ac8da5e9dff208d057f4733ca91/tuple_40_4_X4M.root
Begin processing the 2001st record. Run 1, Event 15985438, LumiSection 983 at 27-Nov-2012 02:50:19.595 EET
Begin processing the 3001st record. Run 1, Event 23660197, LumiSection 1455 at 27-Nov-2012 02:50:24.251 EET
27-Nov-2012 02:50:25 EET  Closed file file:/hdfs/cms/store/user/mario/QCD_Pt_350_BCtoE_TuneZ2star_8TeV_pythia6/Summer12-stop-pfele-step1/3d176ac8da5e9dff208d057f4733ca91/tuple_40_4_X4M.root
27-Nov-2012 02:50:25 EET  Initiating request to open file file:/hdfs/cms/store/user/mario/QCD_Pt_350_BCtoE_TuneZ2star_8TeV_pythia6/Summer12-stop-pfele-step1/3d176ac8da5e9dff208d057f4733ca91/tuple_41_3_ceU.root
27-Nov-2012 02:50:25 EET  Successfully opened file file:/hdfs/cms/store/user/mario/QCD_Pt_350_BCtoE_TuneZ2star_8TeV_pythia6/Summer12-stop-pfele-step1/3d176ac8da5e9dff208d057f4733ca91/tuple_41_3_ceU.root
Begin processing the 4001st record. Run 1, Event 43420790, LumiSection 2669 at 27-Nov-2012 02:50:36.184 EET
Begin processing the 5001st record. Run 1, Event 52153845, LumiSection 3206 at 27-Nov-2012 02:50:40.024 EET
27-Nov-2012 02:50:42 EET  Closed file file:/hdfs/cms/store/user/mario/QCD_Pt_350_BCtoE_TuneZ2star_8TeV_pythia6/Summer12-stop-pfele-step1/3d176ac8da5e9dff208d057f4733ca91/tuple_41_3_ceU.root
27-Nov-2012 02:50:42 EET  Initiating request to open file file:/hdfs/cms/store/user/mario/QCD_Pt_350_BCtoE_TuneZ2star_8TeV_pythia6/Summer12-stop-pfele-step1/3d176ac8da5e9dff208d057f4733ca91/tuple_42_3_TgG.root
27-Nov-2012 02:50:43 EET  Successfully opened file file:/hdfs/cms/store/user/mario/QCD_Pt_350_BCtoE_TuneZ2star_8TeV_pythia6/Summer12-stop-pfele-step1/3d176ac8da5e9dff208d057f4733ca91/tuple_42_3_TgG.root
Begin processing the 6001st record. Run 1, Event 63769861, LumiSection 3920 at 27-Nov-2012 02:50:50.363 EET
Begin processing the 7001st record. Run 1, Event 8214126, LumiSection 505 at 27-Nov-2012 02:50:53.996 EET
27-Nov-2012 02:50:57 EET  Closed file file:/hdfs/cms/store/user/mario/QCD_Pt_350_BCtoE_TuneZ2star_8TeV_pythia6/Summer12-stop-pfele-step1/3d176ac8da5e9dff208d057f4733ca91/tuple_42_3_TgG.root
27-Nov-2012 02:50:57 EET  Initiating request to open file file:/hdfs/cms/store/user/mario/QCD_Pt_350_BCtoE_TuneZ2star_8TeV_pythia6/Summer12-stop-pfele-step1/3d176ac8da5e9dff208d057f4733ca91/tuple_43_3_c59.root
27-Nov-2012 02:50:58 EET  Successfully opened file file:/hdfs/cms/store/user/mario/QCD_Pt_350_BCtoE_TuneZ2star_8TeV_pythia6/Summer12-stop-pfele-step1/3d176ac8da5e9dff208d057f4733ca91/tuple_43_3_c59.root
Begin processing the 8001st record. Run 1, Event 10302672, LumiSection 634 at 27-Nov-2012 02:51:04.155 EET
27-Nov-2012 02:51:07 EET  Closed file file:/hdfs/cms/store/user/mario/QCD_Pt_350_BCtoE_TuneZ2star_8TeV_pythia6/Summer12-stop-pfele-step1/3d176ac8da5e9dff208d057f4733ca91/tuple_43_3_c59.root

=============================================

MessageLogger Summary

 type     category        sev    module        subroutine        count    total
 ---- -------------------- -- ---------------- ----------------  -----    -----
    1 fileAction           -s file_close                             5        5
    2 fileAction           -s file_open                             10       10

 type    category    Examples: run/evt        run/evt          run/evt
 ---- -------------------- ---------------- ---------------- ----------------
    1 fileAction           PostProcessEvent PostProcessEvent PostEndRun
    2 fileAction           pre-events       pre-events       PostProcessEvent

Severity    # Occurrences   Total Occurrences
--------    -------------   -----------------
System                 15                  15
>>> END OF printout of 42 lines from stdout+stderr
>>> Parse FrameworkJobReport crab_fjr.xml
Result of parsing the FrameworkJobReport crab_fjr.xml: Popularity start
lumisRange : 1::527,530,540,633-634::1;1::889,891,923,930,953,958::2;1::935-936,943,958,981,983,997,1057,1259,1293,1455,1460::3;1::36,505,511,516,583,633,3250,3280,3920,3927,4147::4;1::1460,1470,2668-2670,2767,2865,2885,3206,3218,3244,3250::5;
lumisParentRange : 
Basename : /store/user/mario/QCD_Pt_350_BCtoE_TuneZ2star_8TeV_pythia6/Summer12-stop-pfele-step1/3d176ac8da5e9dff208d057f4733ca91/tuple_
BasenameParent : 
parentFiles : 
inputBlocks : /QCD_Pt_350_BCtoE_TuneZ2star_8TeV_pythia6/mario-Summer12-stop-pfele-step1-3d176ac8da5e9dff208d057f4733ca91/USER#4ea1313f-ce05-4b4d-b719-e18ef67ecf53
inputFiles : 43_3_c59.root::1::EDM::Local::1;39_3_xp4.root::1::EDM::Local::2;40_4_X4M.root::1::EDM::Local::3;42_3_TgG.root::1::EDM::Local::4;41_3_ceU.root::1::EDM::Local::5;
Popularity stop
Extracted ExitStatus from FrameworkJobReport parsing output: 0
>>> Executable succeded  0
ExeExitCode=0
EXECUTABLE_EXIT_STATUS = 0
>>> current directory /home/cms097/home_crobe_709708417/CREAM709708417/glide_B21918/execute/dir_26627/CMSSW_5_3_5
>>>  (SOFTWARE_DIR): /home/cms097/home_crobe_709708417/CREAM709708417/glide_B21918/execute/dir_26627/CMSSW_5_3_5
>>> (WORKING_DIR): 
>>> current directory content:
total 148
drwxr-xr-x 3 cms097 cms  4096 Nov 27 02:48 .SCRAM
-rw-r--r-- 1 cms097 cms 30066 Nov 27 02:48 CMSSW.py.pkl
drwxr-xr-x 3 cms097 cms  4096 Nov 27 02:48 bin
drwxr-xr-x 3 cms097 cms  4096 Nov 27 02:48 cfipython
drwxr-xr-x 5 cms097 cms  4096 Nov 27 02:48 config
-rw-r--r-- 1 cms097 cms    15 Nov 27 02:51 cpu_timing.txt
drwxr-xr-x 2 cms097 cms  4096 Nov 27 02:48 doc
-rw-r--r-- 1 cms097 cms  4808 Nov 27 02:51 executable.out
drwxr-xr-x 2 cms097 cms  4096 Nov 27 02:48 include
drwxrwxrwx 3 cms097 cms  4096 Oct 22 16:38 lib
drwxr-xr-x 3 cms097 cms  4096 Nov 27 02:48 logs
drwxr-xr-x 3 cms097 cms  4096 Nov 27 02:48 objs
-rw-r--r-- 1 cms097 cms 16442 Nov 27 02:51 optHistograms.root
-rw-r--r-- 1 cms097 cms   104 Nov 27 02:49 pset.py
-rw-r--r-- 1 cms097 cms 19456 Nov 27 02:49 pset.py.pkl
-rw-r--r-- 1 cms097 cms   289 Nov 27 02:49 pset.pyc
drwxr-xr-x 2 cms097 cms  4096 Nov 27 02:48 python
-rw-r--r-- 1 cms097 cms   420 Nov 27 02:51 report.log
drwxrwxrwx 4 cms097 cms  4096 Nov 27 02:48 src
drwxr-xr-x 3 cms097 cms  4096 Nov 27 02:48 test
drwxr-xr-x 3 cms097 cms  4096 Nov 27 02:48 tmp
>>> current directory /home/cms097/home_crobe_709708417/CREAM709708417/glide_B21918/execute/dir_26627/CMSSW_5_3_5
>>> (SOFTWARE_DIR): /home/cms097/home_crobe_709708417/CREAM709708417/glide_B21918/execute/dir_26627/CMSSW_5_3_5
>>> (WORKING_DIR): 
>>> current directory content:
total 128
drwxr-xr-x 3 cms097 cms  4096 Nov 27 02:48 .SCRAM
-rw-r--r-- 1 cms097 cms 30066 Nov 27 02:48 CMSSW.py.pkl
drwxr-xr-x 3 cms097 cms  4096 Nov 27 02:48 bin
drwxr-xr-x 3 cms097 cms  4096 Nov 27 02:48 cfipython
drwxr-xr-x 5 cms097 cms  4096 Nov 27 02:48 config
-rw-r--r-- 1 cms097 cms    15 Nov 27 02:51 cpu_timing.txt
drwxr-xr-x 2 cms097 cms  4096 Nov 27 02:48 doc
-rw-r--r-- 1 cms097 cms  4808 Nov 27 02:51 executable.out
drwxr-xr-x 2 cms097 cms  4096 Nov 27 02:48 include
drwxrwxrwx 3 cms097 cms  4096 Oct 22 16:38 lib
drwxr-xr-x 3 cms097 cms  4096 Nov 27 02:48 logs
drwxr-xr-x 3 cms097 cms  4096 Nov 27 02:48 objs
-rw-r--r-- 1 cms097 cms   104 Nov 27 02:49 pset.py
-rw-r--r-- 1 cms097 cms 19456 Nov 27 02:49 pset.py.pkl
-rw-r--r-- 1 cms097 cms   289 Nov 27 02:49 pset.pyc
drwxr-xr-x 2 cms097 cms  4096 Nov 27 02:48 python
-rw-r--r-- 1 cms097 cms   420 Nov 27 02:51 report.log
drwxrwxrwx 4 cms097 cms  4096 Nov 27 02:48 src
drwxr-xr-x 3 cms097 cms  4096 Nov 27 02:48 test
drwxr-xr-x 3 cms097 cms  4096 Nov 27 02:48 tmp
>>> current directory (RUNTIME_AREA):  /home/cms097/home_crobe_709708417/CREAM709708417/glide_B21918/execute/dir_26627
>>> current dir: /home/cms097/home_crobe_709708417/CREAM709708417/glide_B21918/execute/dir_26627
>>> current dir content:
total 25752
-rw-rw-rw-  1 cms097 cms     5580 Nov 27 02:48 .job.ad
-rw-rw-rw-  1 cms097 cms    11331 Nov 27 02:48 .machine.ad
-rw-rw-rw-  1 cms097 cms      105 Nov 27 01:35 CMSSW.py
-rw-rw-rw-  1 cms097 cms    30066 Nov 27 01:35 CMSSW.py.pkl
-rwxrw-rw-  1 cms097 cms    23323 Nov 27 02:48 CMSSW.sh
drwxr-xr-x 15 cms097 cms     4096 Nov 27 02:51 CMSSW_5_3_5
-rw-rw-rw-  1 cms097 cms        0 Nov 27 02:48 CMSSW_76.stderr
-rw-rw-rw-  1 cms097 cms    17007 Nov 27 02:51 CMSSW_76.stdout
-rw-r--r--  1 cms097 cms      347 Nov 27 02:48 CacheEnv.sh
-rw-rw-rw-  1 cms097 cms     7291 Jun  9  2010 DashboardAPI.py
-rw-r--r--  1 cms097 cms     6883 Nov 27 02:49 DashboardAPI.pyc
drwxrwxrwx  3 cms097 cms     4096 Nov 27 02:51 IMProv
-rw-rw-rw-  1 cms097 cms     2748 Mar  8  2006 Logger.py
-rw-r--r--  1 cms097 cms     3353 Nov 27 02:49 Logger.pyc
-rw-rw-rw-  1 cms097 cms    24524 Mar 28  2008 ProcInfo.py
-rw-r--r--  1 cms097 cms    23470 Nov 27 02:49 ProcInfo.pyc
drwxrwxrwx  7 cms097 cms     4096 Nov 27 02:49 ProdCommon
drwxrwxrwx  3 cms097 cms     4096 Nov 27 02:48 WMCore
-rw-r--r--  1 cms097 cms     1450 Nov 27 02:50 Watchdog_76.log
-rw-rw-rw-  1 cms097 cms    32895 Mar 28  2008 apmon.py
-rw-r--r--  1 cms097 cms    28874 Nov 27 02:49 apmon.pyc
-rw-rw-rw-  1 cms097 cms    92722 Nov 27 02:48 arguments.xml
-rwxrwxrwx  1 cms097 cms    37427 Sep 13 14:14 cmscp.py
-rwxrwxrwx  1 cms097 cms    23323 Nov 27 02:48 condor_exec.exe
-rw-rw-rw-  1 cms097 cms      537 Nov 27 01:35 crab.cfg
-rwxrwxrwx  1 cms097 cms     9531 Sep 20 21:46 crabWatchdog.sh
-rw-r--r--  1 cms097 cms    30148 Nov 27 02:51 crab_fjr_76.xml
-rw-rw-rw-  1 cms097 cms 25796287 Nov 27 02:48 default.tgz
-rwxrwxrwx  1 cms097 cms     4488 May 12  2012 fillCrabFjr.py
-rw-r--r--  1 cms097 cms      887 Nov 27 02:49 inputsReport.txt
-rw-r--r--  1 cms097 cms      132 Nov 27 02:51 jobreport.txt
lrwxrwxrwx  1 cms097 cms      107 Nov 27 02:51 optHistograms.root -> /home/cms097/home_crobe_709708417/CREAM709708417/glide_B21918/execute/dir_26627/optHistograms_76_1_r8j.root
-rw-r--r--  1 cms097 cms    16442 Nov 27 02:51 optHistograms_76_1_r8j.root
-rw-rw-rw-  1 cms097 cms    17352 Jan 20  2012 parseCrabFjr.py
-rw-r--r--  1 cms097 cms      285 Nov 27 02:48 report.log
-rwxrwxrwx  1 cms097 cms     1497 May 27  2009 report.py
-rwxrwxrwx  1 cms097 cms     8387 Mar 23  2011 writeCfg.py
-rw-------  1 cms097 cms     8691 Nov 27 02:48 x509up_u1000009
Checking output files:  
will tar file optHistograms_76_1_r8j.root in  out_files_76
will tar file crab_fjr_76.xml in  out_files_76
will tar file CMSSW_76.stdout in  out_files_76
will tar file CMSSW_76.stderr in  out_files_76
WARNING: output file Watchdog_76.log.gz not found!
>>> padding time: Sleeping the wrapper for 442 seconds
STOPPING WATCHDOG. CrabWatchdog PID is 2654
********** LAST 50 LINES OF WATCHDOG LOG
# RESOURCE USAGE SUMMARY FOR PROCESS ID 27582
USER       PID %CPU %MEM    VSZ   RSS TTY      STAT START   TIME COMMAND
cms097   27582  0.1  0.0   8956  1488 ?        S    02:48   0:00 /bin/sh /home/cms097/home_crobe_709708417/CREAM709708417/glide_B21918/execute/dir_26627/condor_exec.exe 76 1
 
# LIMITS USED BY THIS WATCHDOG:
# RSS  (KBytes)  : 2300000
# VSZ  (KBytes)  : 100000000
# DISK (MBytes)  : 19000
# CPU  (seconds) : 171600
# WALL (seconds) : 171600
 
# FOLLOWING PRINTOUT TRACKS MAXIMUM VALUES OF RESOURCES USE
# ONE LINE IS PRINTED EACH TIME A MAXIMUM CHANGES
# IF CHANGE WAS IN RSS OR VSZ ALSO PROCID AND COMMAND ARE PRINTED
# THERE IS NO PRINTOUT FOR CPU/WALL TIME INCREASE
 
# TIME			PID	RSS(KB)	VSZ(KB)	Dsk(MB)	tCPU(s)	tWALL(s)	COMMAND
 Nov 27 02:49:07 EET	531	1340	8816	0	0	909	/bin/bash /home/cms097/home_crobe_709708417/CREAM709708417/glide_B21918/main/condor_startup.sh glidein_config       
 Nov 27 02:49:07 EET	1201	6004	9668	0	0	909	/home/cms097/home_crobe_709708417/CREAM709708417/glide_B21918/main/condor/sbin/condor_master -f -pidfile /home/cms097/home_crobe_709708417/CREAM709708417/glide_B21918/condor_master2.pid      
 Nov 27 02:49:07 EET	2862	22832	84720	0	0	3	edmConfigHash pset.py        
 Nov 27 02:49:07 EET	---	22832	84720	168	----	----	----
 Nov 27 02:50:16 EET	8779	358792	557672	168	21	58	cmsRun -j /home/cms097/home_crobe_709708417/CREAM709708417/glide_B21918/execute/dir_26627/crab_fjr_76.xml -p pset.py     
 Nov 27 02:51:23 EET	---	358792	557672	169	----	----	----
********** WATCHDOG LOG ENDED
ZIPPING WATCHDOG LOG
Disk space used:
du -sh /home/cms097/home_crobe_709708417/CREAM709708417/glide_B21918/execute/dir_26627
169M	/home/cms097/home_crobe_709708417/CREAM709708417/glide_B21918/execute/dir_26627
>>> info for dashboard:
***** Cat /home/cms097/home_crobe_709708417/CREAM709708417/glide_B21918/execute/dir_26627/jobreport.txt *****
MonitorJobID=76_https://submit-2.t2.ucsd.edu//121127//17535.75
MonitorID=liis_crab_0_121127_013521_s7o4w6
ExeTime=107
ExeExitCode=0
CrabUserCpuTime=46.06
CrabSysCpuTime=4.42
CrabCpuPercentage=47%
CrabWrapperTime=600
CrabStageoutTime=NULL
***** End Cat jobreport *****
Parameters sent to Dashboard.
optHistograms_76_1_r8j.root
crab_fjr_76.xml
CMSSW_76.stdout
CMSSW_76.stderr
Watchdog_76.log.gz
tar: .BrokerInfo: Cannot stat: No such file or directory
tar: Error exit delayed from previous errors
Total Output dimension: 18169
WARNING: output files size limit is set to: 50000000
Total Output dimension 18169 is fine.
JOB_EXIT_STATUS = 0
>>> info for dashboard:
***** Cat /home/cms097/home_crobe_709708417/CREAM709708417/glide_B21918/execute/dir_26627/jobreport.txt *****
MonitorJobID=76_https://submit-2.t2.ucsd.edu//121127//17535.75
MonitorID=liis_crab_0_121127_013521_s7o4w6
JobExitCode=0
***** End Cat jobreport *****
Parameters sent to Dashboard.
optHistograms_76_1_r8j.root
crab_fjr_76.xml
