This script was generated by crab (version 2.8.3).
Running /home/cms016/home_crobe_632210462/CREAM632210462/glide_m23714/execute/dir_6810/condor_exec.exe with 2 positional parameters: 60 2
Today is Tue Nov 27 13:15:07 EET 2012
Job submitted on host wn-v-7002.local
Linux wn-v-7002.local 2.6.32-042stab059.7 #1 SMP Tue Jul 24 19:12:01 MSK 2012 x86_64 x86_64 x86_64 GNU/Linux
>>> current directory (RUNTIME_AREA): /home/cms016/home_crobe_632210462/CREAM632210462/glide_m23714/execute/dir_6810
>>> current user: uid=11016(cms016) gid=1400(cms) groups=1400(cms)
>>> voms proxy information:
subject   : /DC=ch/DC=cern/OU=Organic Units/OU=Users/CN=liis/CN=663550/CN=Liis Rebane/CN=proxy/CN=limited proxy
issuer    : /DC=ch/DC=cern/OU=Organic Units/OU=Users/CN=liis/CN=663550/CN=Liis Rebane/CN=proxy
identity  : /DC=ch/DC=cern/OU=Organic Units/OU=Users/CN=liis/CN=663550/CN=Liis Rebane/CN=proxy
type      : limited proxy
strength  : 512 bits
path      : /home/cms016/home_crobe_632210462/CREAM632210462/glide_m23714/execute/dir_6810/x509up_u1000009
timeleft  : 23:59:54
key usage : Digital Signature, Key Encipherment, Data Encipherment
=== VO cms extension information ===
VO        : cms
subject   : /DC=ch/DC=cern/OU=Organic Units/OU=Users/CN=liis/CN=663550/CN=Liis Rebane
issuer    : /DC=ch/DC=cern/OU=computers/CN=lcg-voms.cern.ch
attribute : /cms/Role=NULL/Capability=NULL
timeleft  : 180:10:30
uri       : lcg-voms.cern.ch:15002
>>> tar xzf /home/cms016/home_crobe_632210462/CREAM632210462/glide_m23714/execute/dir_6810/default.tgz :
Successful untar
>>> Include /home/cms016/home_crobe_632210462/CREAM632210462/glide_m23714/execute/dir_6810 in PYTHONPATH:
strip arguments
env var CRAB_UNIQUE_JOB_ID set to: liis_crab_0_121127_013521_s7o4w6_60_2_9CW
out_files_60
>>> list of expected files on output sandbox
output files: optHistograms_60_2_9CW.root crab_fjr_60.xml CMSSW_60.stdout CMSSW_60.stderr Watchdog_60.log.gz
>>> GridFlavour discovery: 
GridFlavour=LCG
>>> SyncSite discovery: 
SyncSite=T2_EE_Estonia
>>> SyncCE discovery: 
getting SyncCE from CE_ID
SyncCE=oberon.hep.kbfi.ee:8443/cream-pbs-long
>>> info for dashboard:
***** Cat /home/cms016/home_crobe_632210462/CREAM632210462/glide_m23714/execute/dir_6810/jobreport.txt *****
MonitorJobID=60_https://submit-2.t2.ucsd.edu//121127//17721.6
SyncGridJobId=https://submit-2.t2.ucsd.edu//121127//17721.6
MonitorID=liis_crab_0_121127_013521_s7o4w6
GridFlavour=LCG
SyncSite=T2_EE_Estonia
SyncCE=oberon.hep.kbfi.ee:8443/cream-pbs-long
***** End Cat jobreport *****
Parameters sent to Dashboard.
>>> setup environment
set SCRAM ARCH to slc5_amd64_gcc462
SCRAM_ARCH = slc5_amd64_gcc462
>>> setup CMS LCG environment:
set SCRAM ARCH and BUILD_ARCH to slc5_amd64_gcc462 ###
Sourcing environment... 
sourcing /cvmfs/cms.cern.ch/cmsset_default.sh
==> setup cms environment ok
>>> specific cmssw setup environment:
CMSSW_VERSION =  CMSSW_5_3_5
>>> current directory (SOFTWARE_DIR): /home/cms016/home_crobe_632210462/CREAM632210462/glide_m23714/execute/dir_6810/CMSSW_5_3_5
PreserveSeeds: <>
IncrementSeeds:<>
{}
WNHostName=wn-v-7002.local
>>> info for dashboard:
***** Cat /home/cms016/home_crobe_632210462/CREAM632210462/glide_m23714/execute/dir_6810/jobreport.txt *****
MonitorJobID=60_https://submit-2.t2.ucsd.edu//121127//17721.6
MonitorID=liis_crab_0_121127_013521_s7o4w6
WNHostName=wn-v-7002.local
***** End Cat jobreport *****
Parameters sent to Dashboard.
crabWatchdog started as process 457
>>> moving CMSSW software directories in /home/cms016/home_crobe_632210462/CREAM632210462/glide_m23714/execute/dir_6810/CMSSW_5_3_5
mv: cannot stat `/home/cms016/home_crobe_632210462/CREAM632210462/glide_m23714/execute/dir_6810/module/': No such file or directory
>>> Include /home/cms016/home_crobe_632210462/CREAM632210462/glide_m23714/execute/dir_6810 in PYTHONPATH:
PYTHONPATH=/home/cms016/home_crobe_632210462/CREAM632210462/glide_m23714/execute/dir_6810/:/home/cms016/home_crobe_632210462/CREAM632210462/glide_m23714/execute/dir_6810/CMSSW_5_3_5/python:/home/cms016/home_crobe_632210462/CREAM632210462/glide_m23714/execute/dir_6810/CMSSW_5_3_5/lib/slc5_amd64_gcc462:/cvmfs/cms.cern.ch/slc5_amd64_gcc462/cms/cmssw/CMSSW_5_3_5/python:/cvmfs/cms.cern.ch/slc5_amd64_gcc462/cms/cmssw/CMSSW_5_3_5/lib/slc5_amd64_gcc462:/cvmfs/cms.cern.ch/slc5_amd64_gcc462/cms/coral/CORAL_2_3_21-cms27/slc5_amd64_gcc462/python:/cvmfs/cms.cern.ch/slc5_amd64_gcc462/cms/coral/CORAL_2_3_21-cms27/slc5_amd64_gcc462/lib:/cvmfs/cms.cern.ch/slc5_amd64_gcc462/external/pyqt/4.8.1/lib/python2.6/site-packages:/cvmfs/cms.cern.ch/slc5_amd64_gcc462/external/py2-scipy/0.8.0/lib/python2.6/site-packages:/cvmfs/cms.cern.ch/slc5_amd64_gcc462/external/py2-matplotlib/1.0.1/lib/python2.6/site-packages:/cvmfs/cms.cern.ch/slc5_amd64_gcc462/external/python-ldap/2.3.5/lib/python2.6/site-packages:/cvmfs/cms.cern.ch/slc5_amd64_gcc462/external/sip/4.11.2/lib/python2.6/site-packages:/cvmfs/cms.cern.ch/slc5_amd64_gcc462/external/py2-pycurl/7.19.0/lib/python2.6/site-packages:/cvmfs/cms.cern.ch/slc5_amd64_gcc462/external/py2-numpy/1.6.1/lib/python2.6/site-packages:/cvmfs/cms.cern.ch/slc5_amd64_gcc462/external/py2-ipython/0.10/lib/python2.6/site-packages:/cvmfs/cms.cern.ch/slc5_amd64_gcc462/external/py2-cx-oracle/5.1-cms11/lib/python2.6/site-packages:/cvmfs/cms.cern.ch/slc5_amd64_gcc462/external/py2-cjson/1.0.5/lib/python2.6/site-packages:/cvmfs/cms.cern.ch/slc5_amd64_gcc462/cms/das-client/1.4.1-cms8/bin:/cvmfs/cms.cern.ch/slc5_amd64_gcc462/external/elementtree/1.2.6/share/lib/python2.6/site-packages:/cvmfs/cms.cern.ch/slc5_amd64_gcc462/external/rivet/1.5.1-cms10/lib/python2.6/site-packages:/cvmfs/cms.cern.ch/slc5_amd64_gcc462/external/pyminuit2/0.0.1-cms34/lib/python2.6/site-packages:/cvmfs/cms.cern.ch/slc5_amd64_gcc462/external/professor/1.0.0-cms35/lib/python2.6/site-packages:/cvmfs/cms.cern.ch/slc5_amd64_gcc462/lcg/root/5.32.00-cms18/lib:/cvmfs/cms.cern.ch/slc5_amd64_gcc462/cms/dbs-client/DBS_2_1_1_patch1_1/lib:/cvmfs/cms.cern.ch/slc5_amd64_gcc462/cms/dbs-client/DBS_2_1_1_patch1_1/lib/DBSAPI:/home/cms016/home_crobe_632210462/CREAM632210462/glide_m23714/execute/dir_6810/
241a2a19cb7c5c8751ba22759ab3bdb0
PSETHASH = 241a2a19cb7c5c8751ba22759ab3bdb0
/home/cms016/home_crobe_632210462/CREAM632210462/glide_m23714/execute/dir_6810/writeCfg.py pset.py pset.py
Importing .py file
Setting parameters
inputBlocks=/QCD_Pt_350_BCtoE_TuneZ2star_8TeV_pythia6/mario-Summer12-stop-pfele-step1-3d176ac8da5e9dff208d057f4733ca91/USER#4ea1313f-ce05-4b4d-b719-e18ef67ecf53
inputFiles=/store/user/mario/QCD_Pt_350_BCtoE_TuneZ2star_8TeV_pythia6/Summer12-stop-pfele-step1/3d176ac8da5e9dff208d057f4733ca91/tuple_367_3_AGe.root;/store/user/mario/QCD_Pt_350_BCtoE_TuneZ2star_8TeV_pythia6/Summer12-stop-pfele-step1/3d176ac8da5e9dff208d057f4733ca91/tuple_368_3_QNP.root;/store/user/mario/QCD_Pt_350_BCtoE_TuneZ2star_8TeV_pythia6/Summer12-stop-pfele-step1/3d176ac8da5e9dff208d057f4733ca91/tuple_369_3_Ok5.root;/store/user/mario/QCD_Pt_350_BCtoE_TuneZ2star_8TeV_pythia6/Summer12-stop-pfele-step1/3d176ac8da5e9dff208d057f4733ca91/tuple_370_3_ZT0.root;/store/user/mario/QCD_Pt_350_BCtoE_TuneZ2star_8TeV_pythia6/Summer12-stop-pfele-step1/3d176ac8da5e9dff208d057f4733ca91/tuple_371_3_Hs7.root
parentFiles=
lumisRange=
>>> Executable cmsRun
/cvmfs/cms.cern.ch/slc5_amd64_gcc462/cms/cmssw/CMSSW_5_3_5/bin/slc5_amd64_gcc462/cmsRun
ok executable found
>>> info for dashboard:
***** Cat /home/cms016/home_crobe_632210462/CREAM632210462/glide_m23714/execute/dir_6810/jobreport.txt *****
MonitorJobID=60_https://submit-2.t2.ucsd.edu//121127//17721.6
MonitorID=liis_crab_0_121127_013521_s7o4w6
ExeStart=cmsRun
***** End Cat jobreport *****
Parameters sent to Dashboard.
>>> cmsRun started at Tue Nov 27 11:15:39 UTC 2012
>>> cmsRun ended at Tue Nov 27 11:19:06 UTC 2012
>>> info for dashboard:
***** Cat /home/cms016/home_crobe_632210462/CREAM632210462/glide_m23714/execute/dir_6810/jobreport.txt *****
MonitorJobID=60_https://submit-2.t2.ucsd.edu//121127//17721.6
MonitorID=liis_crab_0_121127_013521_s7o4w6
ExeEnd=cmsRun
***** End Cat jobreport *****
Parameters sent to Dashboard.
TIME_EXE = 207 sec
>>> cmsRun wrote 42 lines of stdout+stderr
>>> START OF printout of 42 lines from stdout+stderr
27-Nov-2012 13:16:10 EET  Initiating request to open file file:/hdfs/cms/store/user/mario/QCD_Pt_350_BCtoE_TuneZ2star_8TeV_pythia6/Summer12-stop-pfele-step1/3d176ac8da5e9dff208d057f4733ca91/tuple_367_3_AGe.root
27-Nov-2012 13:16:22 EET  Successfully opened file file:/hdfs/cms/store/user/mario/QCD_Pt_350_BCtoE_TuneZ2star_8TeV_pythia6/Summer12-stop-pfele-step1/3d176ac8da5e9dff208d057f4733ca91/tuple_367_3_AGe.root
Begin processing the 1st record. Run 1, Event 32625841, LumiSection 2006 at 27-Nov-2012 13:16:41.253 EET
27-Nov-2012 13:16:54 EET  Closed file file:/hdfs/cms/store/user/mario/QCD_Pt_350_BCtoE_TuneZ2star_8TeV_pythia6/Summer12-stop-pfele-step1/3d176ac8da5e9dff208d057f4733ca91/tuple_367_3_AGe.root
27-Nov-2012 13:16:54 EET  Initiating request to open file file:/hdfs/cms/store/user/mario/QCD_Pt_350_BCtoE_TuneZ2star_8TeV_pythia6/Summer12-stop-pfele-step1/3d176ac8da5e9dff208d057f4733ca91/tuple_368_3_QNP.root
27-Nov-2012 13:16:55 EET  Successfully opened file file:/hdfs/cms/store/user/mario/QCD_Pt_350_BCtoE_TuneZ2star_8TeV_pythia6/Summer12-stop-pfele-step1/3d176ac8da5e9dff208d057f4733ca91/tuple_368_3_QNP.root
Begin processing the 1001st record. Run 1, Event 54096793, LumiSection 3325 at 27-Nov-2012 13:17:14.157 EET
Begin processing the 2001st record. Run 1, Event 51337261, LumiSection 3156 at 27-Nov-2012 13:17:19.483 EET
Begin processing the 3001st record. Run 1, Event 29875243, LumiSection 1837 at 27-Nov-2012 13:17:25.088 EET
27-Nov-2012 13:17:26 EET  Closed file file:/hdfs/cms/store/user/mario/QCD_Pt_350_BCtoE_TuneZ2star_8TeV_pythia6/Summer12-stop-pfele-step1/3d176ac8da5e9dff208d057f4733ca91/tuple_368_3_QNP.root
27-Nov-2012 13:17:26 EET  Initiating request to open file file:/hdfs/cms/store/user/mario/QCD_Pt_350_BCtoE_TuneZ2star_8TeV_pythia6/Summer12-stop-pfele-step1/3d176ac8da5e9dff208d057f4733ca91/tuple_369_3_Ok5.root
27-Nov-2012 13:17:26 EET  Successfully opened file file:/hdfs/cms/store/user/mario/QCD_Pt_350_BCtoE_TuneZ2star_8TeV_pythia6/Summer12-stop-pfele-step1/3d176ac8da5e9dff208d057f4733ca91/tuple_369_3_Ok5.root
Begin processing the 4001st record. Run 1, Event 39846473, LumiSection 2449 at 27-Nov-2012 13:18:00.367 EET
Begin processing the 5001st record. Run 1, Event 32400572, LumiSection 1992 at 27-Nov-2012 13:18:07.386 EET
27-Nov-2012 13:18:09 EET  Closed file file:/hdfs/cms/store/user/mario/QCD_Pt_350_BCtoE_TuneZ2star_8TeV_pythia6/Summer12-stop-pfele-step1/3d176ac8da5e9dff208d057f4733ca91/tuple_369_3_Ok5.root
27-Nov-2012 13:18:09 EET  Initiating request to open file file:/hdfs/cms/store/user/mario/QCD_Pt_350_BCtoE_TuneZ2star_8TeV_pythia6/Summer12-stop-pfele-step1/3d176ac8da5e9dff208d057f4733ca91/tuple_370_3_ZT0.root
27-Nov-2012 13:18:11 EET  Successfully opened file file:/hdfs/cms/store/user/mario/QCD_Pt_350_BCtoE_TuneZ2star_8TeV_pythia6/Summer12-stop-pfele-step1/3d176ac8da5e9dff208d057f4733ca91/tuple_370_3_ZT0.root
Begin processing the 6001st record. Run 1, Event 40320038, LumiSection 2479 at 27-Nov-2012 13:18:31.590 EET
Begin processing the 7001st record. Run 1, Event 515406, LumiSection 32 at 27-Nov-2012 13:18:36.222 EET
27-Nov-2012 13:18:43 EET  Closed file file:/hdfs/cms/store/user/mario/QCD_Pt_350_BCtoE_TuneZ2star_8TeV_pythia6/Summer12-stop-pfele-step1/3d176ac8da5e9dff208d057f4733ca91/tuple_370_3_ZT0.root
27-Nov-2012 13:18:43 EET  Initiating request to open file file:/hdfs/cms/store/user/mario/QCD_Pt_350_BCtoE_TuneZ2star_8TeV_pythia6/Summer12-stop-pfele-step1/3d176ac8da5e9dff208d057f4733ca91/tuple_371_3_Hs7.root
27-Nov-2012 13:18:43 EET  Successfully opened file file:/hdfs/cms/store/user/mario/QCD_Pt_350_BCtoE_TuneZ2star_8TeV_pythia6/Summer12-stop-pfele-step1/3d176ac8da5e9dff208d057f4733ca91/tuple_371_3_Hs7.root
Begin processing the 8001st record. Run 1, Event 16877867, LumiSection 1038 at 27-Nov-2012 13:19:00.630 EET
27-Nov-2012 13:19:04 EET  Closed file file:/hdfs/cms/store/user/mario/QCD_Pt_350_BCtoE_TuneZ2star_8TeV_pythia6/Summer12-stop-pfele-step1/3d176ac8da5e9dff208d057f4733ca91/tuple_371_3_Hs7.root

=============================================

MessageLogger Summary

 type     category        sev    module        subroutine        count    total
 ---- -------------------- -- ---------------- ----------------  -----    -----
    1 fileAction           -s file_close                             5        5
    2 fileAction           -s file_open                             10       10

 type    category    Examples: run/evt        run/evt          run/evt
 ---- -------------------- ---------------- ---------------- ----------------
    1 fileAction           PostProcessEvent PostProcessEvent PostEndRun
    2 fileAction           pre-events       pre-events       PostProcessEvent

Severity    # Occurrences   Total Occurrences
--------    -------------   -----------------
System                 15                  15
>>> END OF printout of 42 lines from stdout+stderr
>>> Parse FrameworkJobReport crab_fjr.xml
Result of parsing the FrameworkJobReport crab_fjr.xml: Popularity start
lumisRange : 1::1837,1845,3036,3156,3162-3163,3324-3325,3389,3441,3984,4139::1;1::1845,1865,1900,1907,1985,1992-1993,2007,2184,2449,2455::2;1::32-33,38,606,1009,2007,2460-2461,2479,3001,3329,3664::3;1::1009,1038,1452,1514,1526,1537::4;1::2006,2016,2062,2613,3325::5;
lumisParentRange : 
Basename : /store/user/mario/QCD_Pt_350_BCtoE_TuneZ2star_8TeV_pythia6/Summer12-stop-pfele-step1/3d176ac8da5e9dff208d057f4733ca91/tuple_3
BasenameParent : 
parentFiles : 
inputBlocks : /QCD_Pt_350_BCtoE_TuneZ2star_8TeV_pythia6/mario-Summer12-stop-pfele-step1-3d176ac8da5e9dff208d057f4733ca91/USER#4ea1313f-ce05-4b4d-b719-e18ef67ecf53
inputFiles : 68_3_QNP.root::1::EDM::Local::1;69_3_Ok5.root::1::EDM::Local::2;70_3_ZT0.root::1::EDM::Local::3;71_3_Hs7.root::1::EDM::Local::4;67_3_AGe.root::1::EDM::Local::5;
Popularity stop
Extracted ExitStatus from FrameworkJobReport parsing output: 0
>>> Executable succeded  0
ExeExitCode=0
EXECUTABLE_EXIT_STATUS = 0
>>> current directory /home/cms016/home_crobe_632210462/CREAM632210462/glide_m23714/execute/dir_6810/CMSSW_5_3_5
>>>  (SOFTWARE_DIR): /home/cms016/home_crobe_632210462/CREAM632210462/glide_m23714/execute/dir_6810/CMSSW_5_3_5
>>> (WORKING_DIR): 
>>> current directory content:
total 148
drwxr-xr-x 3 cms016 cms  4096 Nov 27 13:15 .SCRAM
-rw-r--r-- 1 cms016 cms 30066 Nov 27 13:15 CMSSW.py.pkl
drwxr-xr-x 3 cms016 cms  4096 Nov 27 13:15 bin
drwxr-xr-x 3 cms016 cms  4096 Nov 27 13:15 cfipython
drwxr-xr-x 5 cms016 cms  4096 Nov 27 13:15 config
-rw-r--r-- 1 cms016 cms    15 Nov 27 13:19 cpu_timing.txt
drwxr-xr-x 2 cms016 cms  4096 Nov 27 13:15 doc
-rw-r--r-- 1 cms016 cms  4825 Nov 27 13:19 executable.out
drwxr-xr-x 2 cms016 cms  4096 Nov 27 13:15 include
drwxrwxrwx 3 cms016 cms  4096 Oct 22 16:38 lib
drwxr-xr-x 3 cms016 cms  4096 Nov 27 13:15 logs
drwxr-xr-x 3 cms016 cms  4096 Nov 27 13:15 objs
-rw-r--r-- 1 cms016 cms 16479 Nov 27 13:19 optHistograms.root
-rw-r--r-- 1 cms016 cms   104 Nov 27 13:15 pset.py
-rw-r--r-- 1 cms016 cms 19461 Nov 27 13:15 pset.py.pkl
-rw-r--r-- 1 cms016 cms   289 Nov 27 13:15 pset.pyc
drwxr-xr-x 2 cms016 cms  4096 Nov 27 13:15 python
-rw-r--r-- 1 cms016 cms   417 Nov 27 13:19 report.log
drwxrwxrwx 4 cms016 cms  4096 Nov 27 13:15 src
drwxr-xr-x 3 cms016 cms  4096 Nov 27 13:15 test
drwxr-xr-x 3 cms016 cms  4096 Nov 27 13:15 tmp
>>> current directory /home/cms016/home_crobe_632210462/CREAM632210462/glide_m23714/execute/dir_6810/CMSSW_5_3_5
>>> (SOFTWARE_DIR): /home/cms016/home_crobe_632210462/CREAM632210462/glide_m23714/execute/dir_6810/CMSSW_5_3_5
>>> (WORKING_DIR): 
>>> current directory content:
total 128
drwxr-xr-x 3 cms016 cms  4096 Nov 27 13:15 .SCRAM
-rw-r--r-- 1 cms016 cms 30066 Nov 27 13:15 CMSSW.py.pkl
drwxr-xr-x 3 cms016 cms  4096 Nov 27 13:15 bin
drwxr-xr-x 3 cms016 cms  4096 Nov 27 13:15 cfipython
drwxr-xr-x 5 cms016 cms  4096 Nov 27 13:15 config
-rw-r--r-- 1 cms016 cms    15 Nov 27 13:19 cpu_timing.txt
drwxr-xr-x 2 cms016 cms  4096 Nov 27 13:15 doc
-rw-r--r-- 1 cms016 cms  4825 Nov 27 13:19 executable.out
drwxr-xr-x 2 cms016 cms  4096 Nov 27 13:15 include
drwxrwxrwx 3 cms016 cms  4096 Oct 22 16:38 lib
drwxr-xr-x 3 cms016 cms  4096 Nov 27 13:15 logs
drwxr-xr-x 3 cms016 cms  4096 Nov 27 13:15 objs
-rw-r--r-- 1 cms016 cms   104 Nov 27 13:15 pset.py
-rw-r--r-- 1 cms016 cms 19461 Nov 27 13:15 pset.py.pkl
-rw-r--r-- 1 cms016 cms   289 Nov 27 13:15 pset.pyc
drwxr-xr-x 2 cms016 cms  4096 Nov 27 13:15 python
-rw-r--r-- 1 cms016 cms   417 Nov 27 13:19 report.log
drwxrwxrwx 4 cms016 cms  4096 Nov 27 13:15 src
drwxr-xr-x 3 cms016 cms  4096 Nov 27 13:15 test
drwxr-xr-x 3 cms016 cms  4096 Nov 27 13:15 tmp
>>> current directory (RUNTIME_AREA):  /home/cms016/home_crobe_632210462/CREAM632210462/glide_m23714/execute/dir_6810
>>> current dir: /home/cms016/home_crobe_632210462/CREAM632210462/glide_m23714/execute/dir_6810
>>> current dir content:
total 25752
-rw-rw-rw-  1 cms016 cms     5572 Nov 27 13:12 .job.ad
-rw-rw-rw-  1 cms016 cms    11338 Nov 27 13:12 .machine.ad
-rw-rw-rw-  1 cms016 cms      105 Nov 27 01:35 CMSSW.py
-rw-rw-rw-  1 cms016 cms    30066 Nov 27 01:35 CMSSW.py.pkl
-rwxrw-rw-  1 cms016 cms    23323 Nov 27 13:15 CMSSW.sh
drwxr-xr-x 15 cms016 cms     4096 Nov 27 13:19 CMSSW_5_3_5
-rw-rw-rw-  1 cms016 cms        0 Nov 27 13:15 CMSSW_60.stderr
-rw-rw-rw-  1 cms016 cms    17023 Nov 27 13:19 CMSSW_60.stdout
-rw-r--r--  1 cms016 cms      346 Nov 27 13:15 CacheEnv.sh
-rw-rw-rw-  1 cms016 cms     7291 Jun  9  2010 DashboardAPI.py
-rw-r--r--  1 cms016 cms     6868 Nov 27 13:15 DashboardAPI.pyc
drwxrwxrwx  3 cms016 cms     4096 Nov 27 13:19 IMProv
-rw-rw-rw-  1 cms016 cms     2748 Mar  8  2006 Logger.py
-rw-r--r--  1 cms016 cms     3348 Nov 27 13:15 Logger.pyc
-rw-rw-rw-  1 cms016 cms    24524 Mar 28  2008 ProcInfo.py
-rw-r--r--  1 cms016 cms    23446 Nov 27 13:15 ProcInfo.pyc
drwxrwxrwx  7 cms016 cms     4096 Nov 27 13:15 ProdCommon
drwxrwxrwx  3 cms016 cms     4096 Nov 27 13:15 WMCore
-rw-r--r--  1 cms016 cms     1377 Nov 27 13:17 Watchdog_60.log
-rw-rw-rw-  1 cms016 cms    32895 Mar 28  2008 apmon.py
-rw-r--r--  1 cms016 cms    28845 Nov 27 13:15 apmon.pyc
-rw-rw-rw-  1 cms016 cms    92722 Nov 27 13:15 arguments.xml
-rwxrwxrwx  1 cms016 cms    37427 Sep 13 14:14 cmscp.py
-rwxrwxrwx  1 cms016 cms    23323 Nov 27 13:15 condor_exec.exe
-rw-rw-rw-  1 cms016 cms      537 Nov 27 01:35 crab.cfg
-rwxrwxrwx  1 cms016 cms     9531 Sep 20 21:46 crabWatchdog.sh
-rw-r--r--  1 cms016 cms    30179 Nov 27 13:19 crab_fjr_60.xml
-rw-rw-rw-  1 cms016 cms 25796287 Nov 27 13:15 default.tgz
-rwxrwxrwx  1 cms016 cms     4488 May 12  2012 fillCrabFjr.py
-rw-r--r--  1 cms016 cms      892 Nov 27 13:15 inputsReport.txt
-rw-r--r--  1 cms016 cms      131 Nov 27 13:19 jobreport.txt
lrwxrwxrwx  1 cms016 cms      106 Nov 27 13:19 optHistograms.root -> /home/cms016/home_crobe_632210462/CREAM632210462/glide_m23714/execute/dir_6810/optHistograms_60_2_9CW.root
-rw-r--r--  1 cms016 cms    16479 Nov 27 13:19 optHistograms_60_2_9CW.root
-rw-rw-rw-  1 cms016 cms    17352 Jan 20  2012 parseCrabFjr.py
-rw-r--r--  1 cms016 cms      283 Nov 27 13:15 report.log
-rwxrwxrwx  1 cms016 cms     1497 May 27  2009 report.py
-rwxrwxrwx  1 cms016 cms     8387 Mar 23  2011 writeCfg.py
-rw-------  1 cms016 cms     8687 Nov 27 13:15 x509up_u1000009
Checking output files:  
will tar file optHistograms_60_2_9CW.root in  out_files_60
will tar file crab_fjr_60.xml in  out_files_60
will tar file CMSSW_60.stdout in  out_files_60
will tar file CMSSW_60.stderr in  out_files_60
WARNING: output file Watchdog_60.log.gz not found!
>>> padding time: Sleeping the wrapper for 325 seconds
STOPPING WATCHDOG. CrabWatchdog PID is 457
********** LAST 50 LINES OF WATCHDOG LOG
# RESOURCE USAGE SUMMARY FOR PROCESS ID 29620
USER       PID %CPU %MEM    VSZ   RSS TTY      STAT START   TIME COMMAND
cms016   29620  0.4  0.0   8956  1484 ?        S    13:15   0:00 /bin/sh /home/cms016/home_crobe_632210462/CREAM632210462/glide_m23714/execute/dir_6810/condor_exec.exe 60 2
 
# LIMITS USED BY THIS WATCHDOG:
# RSS  (KBytes)  : 2300000
# VSZ  (KBytes)  : 100000000
# DISK (MBytes)  : 19000
# CPU  (seconds) : 171600
# WALL (seconds) : 171600
 
# FOLLOWING PRINTOUT TRACKS MAXIMUM VALUES OF RESOURCES USE
# ONE LINE IS PRINTED EACH TIME A MAXIMUM CHANGES
# IF CHANGE WAS IN RSS OR VSZ ALSO PROCID AND COMMAND ARE PRINTED
# THERE IS NO PRINTOUT FOR CPU/WALL TIME INCREASE
 
# TIME			PID	RSS(KB)	VSZ(KB)	Dsk(MB)	tCPU(s)	tWALL(s)	COMMAND
 Nov 27 13:15:24 EET	457	1384	8840	0	0	1	/bin/bash /home/cms016/home_crobe_632210462/CREAM632210462/glide_m23714/execute/dir_6810/crabWatchdog.sh        
 Nov 27 13:15:24 EET	521	21024	81188	0	0	1	edmConfigHash pset.py        
 Nov 27 13:15:24 EET	---	21024	81188	168	----	----	----
 Nov 27 13:16:31 EET	1614	263432	426936	168	19	54	cmsRun -j /home/cms016/home_crobe_632210462/CREAM632210462/glide_m23714/execute/dir_6810/crab_fjr_60.xml -p pset.py     
 Nov 27 13:17:39 EET	1614	330900	558440	168	40	121	cmsRun -j /home/cms016/home_crobe_632210462/CREAM632210462/glide_m23714/execute/dir_6810/crab_fjr_60.xml -p pset.py     
 Nov 27 13:19:54 EET	---	330900	558440	169	----	----	----
********** WATCHDOG LOG ENDED
ZIPPING WATCHDOG LOG
Disk space used:
du -sh /home/cms016/home_crobe_632210462/CREAM632210462/glide_m23714/execute/dir_6810
169M	/home/cms016/home_crobe_632210462/CREAM632210462/glide_m23714/execute/dir_6810
>>> info for dashboard:
***** Cat /home/cms016/home_crobe_632210462/CREAM632210462/glide_m23714/execute/dir_6810/jobreport.txt *****
MonitorJobID=60_https://submit-2.t2.ucsd.edu//121127//17721.6
MonitorID=liis_crab_0_121127_013521_s7o4w6
ExeTime=207
ExeExitCode=0
CrabUserCpuTime=59.29
CrabSysCpuTime=9.70
CrabCpuPercentage=33%
CrabWrapperTime=600
CrabStageoutTime=NULL
***** End Cat jobreport *****
Parameters sent to Dashboard.
optHistograms_60_2_9CW.root
crab_fjr_60.xml
CMSSW_60.stdout
CMSSW_60.stderr
Watchdog_60.log.gz
tar: .BrokerInfo: Cannot stat: No such file or directory
tar: Error exit delayed from previous errors
Total Output dimension: 18151
WARNING: output files size limit is set to: 50000000
Total Output dimension 18151 is fine.
JOB_EXIT_STATUS = 0
>>> info for dashboard:
***** Cat /home/cms016/home_crobe_632210462/CREAM632210462/glide_m23714/execute/dir_6810/jobreport.txt *****
MonitorJobID=60_https://submit-2.t2.ucsd.edu//121127//17721.6
MonitorID=liis_crab_0_121127_013521_s7o4w6
JobExitCode=0
***** End Cat jobreport *****
Parameters sent to Dashboard.
optHistograms_60_2_9CW.root
crab_fjr_60.xml
