This script was generated by crab (version 2.8.3).
Running /home/cms064/home_crce1_631804527/CREAM631804527/glide_U25988/execute/dir_16084/condor_exec.exe with 2 positional parameters: 82 1
Today is Tue Nov 27 02:49:30 EET 2012
Job submitted on host wn-v-7005.local
Linux wn-v-7005.local 2.6.32-042stab059.7 #1 SMP Tue Jul 24 19:12:01 MSK 2012 x86_64 x86_64 x86_64 GNU/Linux
>>> current directory (RUNTIME_AREA): /home/cms064/home_crce1_631804527/CREAM631804527/glide_U25988/execute/dir_16084
>>> current user: uid=11064(cms064) gid=1400(cms) groups=1400(cms)
>>> voms proxy information:
subject   : /DC=ch/DC=cern/OU=Organic Units/OU=Users/CN=liis/CN=663550/CN=Liis Rebane/CN=proxy/CN=limited proxy
issuer    : /DC=ch/DC=cern/OU=Organic Units/OU=Users/CN=liis/CN=663550/CN=Liis Rebane/CN=proxy
identity  : /DC=ch/DC=cern/OU=Organic Units/OU=Users/CN=liis/CN=663550/CN=Liis Rebane/CN=proxy
type      : limited proxy
strength  : 512 bits
path      : /home/cms064/home_crce1_631804527/CREAM631804527/glide_U25988/execute/dir_16084/x509up_u1000009
timeleft  : 23:58:55
key usage : Digital Signature, Key Encipherment, Data Encipherment
=== VO cms extension information ===
VO        : cms
subject   : /DC=ch/DC=cern/OU=Organic Units/OU=Users/CN=liis/CN=663550/CN=Liis Rebane
issuer    : /DC=ch/DC=cern/OU=computers/CN=lcg-voms.cern.ch
attribute : /cms/Role=NULL/Capability=NULL
timeleft  : 190:36:07
uri       : lcg-voms.cern.ch:15002
>>> tar xzf /home/cms064/home_crce1_631804527/CREAM631804527/glide_U25988/execute/dir_16084/default.tgz :
Successful untar
>>> Include /home/cms064/home_crce1_631804527/CREAM631804527/glide_U25988/execute/dir_16084 in PYTHONPATH:
strip arguments
env var CRAB_UNIQUE_JOB_ID set to: liis_crab_0_121127_013521_s7o4w6_82_1_LnF
out_files_82
>>> list of expected files on output sandbox
output files: optHistograms_82_1_LnF.root crab_fjr_82.xml CMSSW_82.stdout CMSSW_82.stderr Watchdog_82.log.gz
>>> GridFlavour discovery: 
GridFlavour=LCG
>>> SyncSite discovery: 
SyncSite=T2_EE_Estonia
>>> SyncCE discovery: 
getting SyncCE from CE_ID
SyncCE=cream1.hep.kbfi.ee:8443/cream-pbs-long
>>> info for dashboard:
***** Cat /home/cms064/home_crce1_631804527/CREAM631804527/glide_U25988/execute/dir_16084/jobreport.txt *****
MonitorJobID=82_https://submit-2.t2.ucsd.edu//121127//17535.81
SyncGridJobId=https://submit-2.t2.ucsd.edu//121127//17535.81
MonitorID=liis_crab_0_121127_013521_s7o4w6
GridFlavour=LCG
SyncSite=T2_EE_Estonia
SyncCE=cream1.hep.kbfi.ee:8443/cream-pbs-long
***** End Cat jobreport *****
Parameters sent to Dashboard.
>>> setup environment
set SCRAM ARCH to slc5_amd64_gcc462
SCRAM_ARCH = slc5_amd64_gcc462
>>> setup CMS LCG environment:
set SCRAM ARCH and BUILD_ARCH to slc5_amd64_gcc462 ###
Sourcing environment... 
sourcing /cvmfs/cms.cern.ch/cmsset_default.sh
==> setup cms environment ok
>>> specific cmssw setup environment:
CMSSW_VERSION =  CMSSW_5_3_5
>>> current directory (SOFTWARE_DIR): /home/cms064/home_crce1_631804527/CREAM631804527/glide_U25988/execute/dir_16084/CMSSW_5_3_5
PreserveSeeds: <>
IncrementSeeds:<>
{}
WNHostName=wn-v-7005.local
>>> info for dashboard:
***** Cat /home/cms064/home_crce1_631804527/CREAM631804527/glide_U25988/execute/dir_16084/jobreport.txt *****
MonitorJobID=82_https://submit-2.t2.ucsd.edu//121127//17535.81
MonitorID=liis_crab_0_121127_013521_s7o4w6
WNHostName=wn-v-7005.local
***** End Cat jobreport *****
Parameters sent to Dashboard.
crabWatchdog started as process 20428
>>> moving CMSSW software directories in /home/cms064/home_crce1_631804527/CREAM631804527/glide_U25988/execute/dir_16084/CMSSW_5_3_5
mv: cannot stat `/home/cms064/home_crce1_631804527/CREAM631804527/glide_U25988/execute/dir_16084/module/': No such file or directory
>>> Include /home/cms064/home_crce1_631804527/CREAM631804527/glide_U25988/execute/dir_16084 in PYTHONPATH:
PYTHONPATH=/home/cms064/home_crce1_631804527/CREAM631804527/glide_U25988/execute/dir_16084/:/home/cms064/home_crce1_631804527/CREAM631804527/glide_U25988/execute/dir_16084/CMSSW_5_3_5/python:/home/cms064/home_crce1_631804527/CREAM631804527/glide_U25988/execute/dir_16084/CMSSW_5_3_5/lib/slc5_amd64_gcc462:/cvmfs/cms.cern.ch/slc5_amd64_gcc462/cms/cmssw/CMSSW_5_3_5/python:/cvmfs/cms.cern.ch/slc5_amd64_gcc462/cms/cmssw/CMSSW_5_3_5/lib/slc5_amd64_gcc462:/cvmfs/cms.cern.ch/slc5_amd64_gcc462/cms/coral/CORAL_2_3_21-cms27/slc5_amd64_gcc462/python:/cvmfs/cms.cern.ch/slc5_amd64_gcc462/cms/coral/CORAL_2_3_21-cms27/slc5_amd64_gcc462/lib:/cvmfs/cms.cern.ch/slc5_amd64_gcc462/external/pyqt/4.8.1/lib/python2.6/site-packages:/cvmfs/cms.cern.ch/slc5_amd64_gcc462/external/py2-scipy/0.8.0/lib/python2.6/site-packages:/cvmfs/cms.cern.ch/slc5_amd64_gcc462/external/py2-matplotlib/1.0.1/lib/python2.6/site-packages:/cvmfs/cms.cern.ch/slc5_amd64_gcc462/external/python-ldap/2.3.5/lib/python2.6/site-packages:/cvmfs/cms.cern.ch/slc5_amd64_gcc462/external/sip/4.11.2/lib/python2.6/site-packages:/cvmfs/cms.cern.ch/slc5_amd64_gcc462/external/py2-pycurl/7.19.0/lib/python2.6/site-packages:/cvmfs/cms.cern.ch/slc5_amd64_gcc462/external/py2-numpy/1.6.1/lib/python2.6/site-packages:/cvmfs/cms.cern.ch/slc5_amd64_gcc462/external/py2-ipython/0.10/lib/python2.6/site-packages:/cvmfs/cms.cern.ch/slc5_amd64_gcc462/external/py2-cx-oracle/5.1-cms11/lib/python2.6/site-packages:/cvmfs/cms.cern.ch/slc5_amd64_gcc462/external/py2-cjson/1.0.5/lib/python2.6/site-packages:/cvmfs/cms.cern.ch/slc5_amd64_gcc462/cms/das-client/1.4.1-cms8/bin:/cvmfs/cms.cern.ch/slc5_amd64_gcc462/external/elementtree/1.2.6/share/lib/python2.6/site-packages:/cvmfs/cms.cern.ch/slc5_amd64_gcc462/external/rivet/1.5.1-cms10/lib/python2.6/site-packages:/cvmfs/cms.cern.ch/slc5_amd64_gcc462/external/pyminuit2/0.0.1-cms34/lib/python2.6/site-packages:/cvmfs/cms.cern.ch/slc5_amd64_gcc462/external/professor/1.0.0-cms35/lib/python2.6/site-packages:/cvmfs/cms.cern.ch/slc5_amd64_gcc462/lcg/root/5.32.00-cms18/lib:/cvmfs/cms.cern.ch/slc5_amd64_gcc462/cms/dbs-client/DBS_2_1_1_patch1_1/lib:/cvmfs/cms.cern.ch/slc5_amd64_gcc462/cms/dbs-client/DBS_2_1_1_patch1_1/lib/DBSAPI:/home/cms064/home_crce1_631804527/CREAM631804527/glide_U25988/execute/dir_16084/
241a2a19cb7c5c8751ba22759ab3bdb0
PSETHASH = 241a2a19cb7c5c8751ba22759ab3bdb0
/home/cms064/home_crce1_631804527/CREAM631804527/glide_U25988/execute/dir_16084/writeCfg.py pset.py pset.py
Importing .py file
Setting parameters
inputBlocks=/QCD_Pt_350_BCtoE_TuneZ2star_8TeV_pythia6/mario-Summer12-stop-pfele-step1-3d176ac8da5e9dff208d057f4733ca91/USER#4ea1313f-ce05-4b4d-b719-e18ef67ecf53
inputFiles=/store/user/mario/QCD_Pt_350_BCtoE_TuneZ2star_8TeV_pythia6/Summer12-stop-pfele-step1/3d176ac8da5e9dff208d057f4733ca91/tuple_62_3_Kgz.root;/store/user/mario/QCD_Pt_350_BCtoE_TuneZ2star_8TeV_pythia6/Summer12-stop-pfele-step1/3d176ac8da5e9dff208d057f4733ca91/tuple_63_3_H1M.root;/store/user/mario/QCD_Pt_350_BCtoE_TuneZ2star_8TeV_pythia6/Summer12-stop-pfele-step1/3d176ac8da5e9dff208d057f4733ca91/tuple_64_3_csI.root;/store/user/mario/QCD_Pt_350_BCtoE_TuneZ2star_8TeV_pythia6/Summer12-stop-pfele-step1/3d176ac8da5e9dff208d057f4733ca91/tuple_65_3_nlK.root;/store/user/mario/QCD_Pt_350_BCtoE_TuneZ2star_8TeV_pythia6/Summer12-stop-pfele-step1/3d176ac8da5e9dff208d057f4733ca91/tuple_66_3_cyg.root
parentFiles=
lumisRange=
>>> Executable cmsRun
/cvmfs/cms.cern.ch/slc5_amd64_gcc462/cms/cmssw/CMSSW_5_3_5/bin/slc5_amd64_gcc462/cmsRun
ok executable found
>>> info for dashboard:
***** Cat /home/cms064/home_crce1_631804527/CREAM631804527/glide_U25988/execute/dir_16084/jobreport.txt *****
MonitorJobID=82_https://submit-2.t2.ucsd.edu//121127//17535.81
MonitorID=liis_crab_0_121127_013521_s7o4w6
ExeStart=cmsRun
***** End Cat jobreport *****
Parameters sent to Dashboard.
>>> cmsRun started at Tue Nov 27 00:50:00 UTC 2012
>>> cmsRun ended at Tue Nov 27 00:52:19 UTC 2012
>>> info for dashboard:
***** Cat /home/cms064/home_crce1_631804527/CREAM631804527/glide_U25988/execute/dir_16084/jobreport.txt *****
MonitorJobID=82_https://submit-2.t2.ucsd.edu//121127//17535.81
MonitorID=liis_crab_0_121127_013521_s7o4w6
ExeEnd=cmsRun
***** End Cat jobreport *****
Parameters sent to Dashboard.
TIME_EXE = 139 sec
>>> cmsRun wrote 42 lines of stdout+stderr
>>> START OF printout of 42 lines from stdout+stderr
27-Nov-2012 02:50:26 EET  Initiating request to open file file:/hdfs/cms/store/user/mario/QCD_Pt_350_BCtoE_TuneZ2star_8TeV_pythia6/Summer12-stop-pfele-step1/3d176ac8da5e9dff208d057f4733ca91/tuple_62_3_Kgz.root
27-Nov-2012 02:50:35 EET  Successfully opened file file:/hdfs/cms/store/user/mario/QCD_Pt_350_BCtoE_TuneZ2star_8TeV_pythia6/Summer12-stop-pfele-step1/3d176ac8da5e9dff208d057f4733ca91/tuple_62_3_Kgz.root
Begin processing the 1st record. Run 1, Event 7334629, LumiSection 451 at 27-Nov-2012 02:50:48.039 EET
27-Nov-2012 02:50:52 EET  Closed file file:/hdfs/cms/store/user/mario/QCD_Pt_350_BCtoE_TuneZ2star_8TeV_pythia6/Summer12-stop-pfele-step1/3d176ac8da5e9dff208d057f4733ca91/tuple_62_3_Kgz.root
27-Nov-2012 02:50:52 EET  Initiating request to open file file:/hdfs/cms/store/user/mario/QCD_Pt_350_BCtoE_TuneZ2star_8TeV_pythia6/Summer12-stop-pfele-step1/3d176ac8da5e9dff208d057f4733ca91/tuple_63_3_H1M.root
27-Nov-2012 02:50:52 EET  Successfully opened file file:/hdfs/cms/store/user/mario/QCD_Pt_350_BCtoE_TuneZ2star_8TeV_pythia6/Summer12-stop-pfele-step1/3d176ac8da5e9dff208d057f4733ca91/tuple_63_3_H1M.root
Begin processing the 1001st record. Run 1, Event 33783663, LumiSection 2077 at 27-Nov-2012 02:51:03.746 EET
Begin processing the 2001st record. Run 1, Event 44791934, LumiSection 2753 at 27-Nov-2012 02:51:08.647 EET
27-Nov-2012 02:51:10 EET  Closed file file:/hdfs/cms/store/user/mario/QCD_Pt_350_BCtoE_TuneZ2star_8TeV_pythia6/Summer12-stop-pfele-step1/3d176ac8da5e9dff208d057f4733ca91/tuple_63_3_H1M.root
27-Nov-2012 02:51:10 EET  Initiating request to open file file:/hdfs/cms/store/user/mario/QCD_Pt_350_BCtoE_TuneZ2star_8TeV_pythia6/Summer12-stop-pfele-step1/3d176ac8da5e9dff208d057f4733ca91/tuple_64_3_csI.root
27-Nov-2012 02:51:10 EET  Successfully opened file file:/hdfs/cms/store/user/mario/QCD_Pt_350_BCtoE_TuneZ2star_8TeV_pythia6/Summer12-stop-pfele-step1/3d176ac8da5e9dff208d057f4733ca91/tuple_64_3_csI.root
Begin processing the 3001st record. Run 1, Event 5703197, LumiSection 351 at 27-Nov-2012 02:51:21.008 EET
Begin processing the 4001st record. Run 1, Event 19969613, LumiSection 1228 at 27-Nov-2012 02:51:25.683 EET
27-Nov-2012 02:51:30 EET  Closed file file:/hdfs/cms/store/user/mario/QCD_Pt_350_BCtoE_TuneZ2star_8TeV_pythia6/Summer12-stop-pfele-step1/3d176ac8da5e9dff208d057f4733ca91/tuple_64_3_csI.root
27-Nov-2012 02:51:30 EET  Initiating request to open file file:/hdfs/cms/store/user/mario/QCD_Pt_350_BCtoE_TuneZ2star_8TeV_pythia6/Summer12-stop-pfele-step1/3d176ac8da5e9dff208d057f4733ca91/tuple_65_3_nlK.root
27-Nov-2012 02:51:31 EET  Successfully opened file file:/hdfs/cms/store/user/mario/QCD_Pt_350_BCtoE_TuneZ2star_8TeV_pythia6/Summer12-stop-pfele-step1/3d176ac8da5e9dff208d057f4733ca91/tuple_65_3_nlK.root
Begin processing the 5001st record. Run 1, Event 45610065, LumiSection 2804 at 27-Nov-2012 02:51:50.453 EET
Begin processing the 6001st record. Run 1, Event 13586238, LumiSection 835 at 27-Nov-2012 02:51:54.799 EET
27-Nov-2012 02:52:00 EET  Closed file file:/hdfs/cms/store/user/mario/QCD_Pt_350_BCtoE_TuneZ2star_8TeV_pythia6/Summer12-stop-pfele-step1/3d176ac8da5e9dff208d057f4733ca91/tuple_65_3_nlK.root
27-Nov-2012 02:52:00 EET  Initiating request to open file file:/hdfs/cms/store/user/mario/QCD_Pt_350_BCtoE_TuneZ2star_8TeV_pythia6/Summer12-stop-pfele-step1/3d176ac8da5e9dff208d057f4733ca91/tuple_66_3_cyg.root
27-Nov-2012 02:52:01 EET  Successfully opened file file:/hdfs/cms/store/user/mario/QCD_Pt_350_BCtoE_TuneZ2star_8TeV_pythia6/Summer12-stop-pfele-step1/3d176ac8da5e9dff208d057f4733ca91/tuple_66_3_cyg.root
Begin processing the 7001st record. Run 1, Event 20353458, LumiSection 1251 at 27-Nov-2012 02:52:08.947 EET
Begin processing the 8001st record. Run 1, Event 34390684, LumiSection 2114 at 27-Nov-2012 02:52:13.266 EET
27-Nov-2012 02:52:18 EET  Closed file file:/hdfs/cms/store/user/mario/QCD_Pt_350_BCtoE_TuneZ2star_8TeV_pythia6/Summer12-stop-pfele-step1/3d176ac8da5e9dff208d057f4733ca91/tuple_66_3_cyg.root

=============================================

MessageLogger Summary

 type     category        sev    module        subroutine        count    total
 ---- -------------------- -- ---------------- ----------------  -----    -----
    1 fileAction           -s file_close                             5        5
    2 fileAction           -s file_open                             10       10

 type    category    Examples: run/evt        run/evt          run/evt
 ---- -------------------- ---------------- ---------------- ----------------
    1 fileAction           PostProcessEvent PostProcessEvent PostEndRun
    2 fileAction           pre-events       pre-events       PostProcessEvent

Severity    # Occurrences   Total Occurrences
--------    -------------   -----------------
System                 15                  15
>>> END OF printout of 42 lines from stdout+stderr
>>> Parse FrameworkJobReport crab_fjr.xml
Result of parsing the FrameworkJobReport crab_fjr.xml: Popularity start
lumisRange : 1::451,454::1;1::835,911,974,1034,1047,1251,2786,2794,2804,2812,2888,3877::2;1::454,1450,1457,1459,2077,2214,2382,2436,2753,3006,3045::3;1::1251,1755,1773,2114,2118,2123,2233,2832,2894,3565::4;1::347,351,1095,1122,1226,1228,1250,2749,2786,3045,3226,3648::5;
lumisParentRange : 
Basename : /store/user/mario/QCD_Pt_350_BCtoE_TuneZ2star_8TeV_pythia6/Summer12-stop-pfele-step1/3d176ac8da5e9dff208d057f4733ca91/tuple_6
BasenameParent : 
parentFiles : 
inputBlocks : /QCD_Pt_350_BCtoE_TuneZ2star_8TeV_pythia6/mario-Summer12-stop-pfele-step1-3d176ac8da5e9dff208d057f4733ca91/USER#4ea1313f-ce05-4b4d-b719-e18ef67ecf53
inputFiles : 2_3_Kgz.root::1::EDM::Local::1;5_3_nlK.root::1::EDM::Local::2;3_3_H1M.root::1::EDM::Local::3;6_3_cyg.root::1::EDM::Local::4;4_3_csI.root::1::EDM::Local::5;
Popularity stop
Extracted ExitStatus from FrameworkJobReport parsing output: 0
>>> Executable succeded  0
ExeExitCode=0
EXECUTABLE_EXIT_STATUS = 0
>>> current directory /home/cms064/home_crce1_631804527/CREAM631804527/glide_U25988/execute/dir_16084/CMSSW_5_3_5
>>>  (SOFTWARE_DIR): /home/cms064/home_crce1_631804527/CREAM631804527/glide_U25988/execute/dir_16084/CMSSW_5_3_5
>>> (WORKING_DIR): 
>>> current directory content:
total 148
drwxr-xr-x 3 cms064 cms  4096 Nov 27 02:49 .SCRAM
-rw-r--r-- 1 cms064 cms 30066 Nov 27 02:49 CMSSW.py.pkl
drwxr-xr-x 3 cms064 cms  4096 Nov 27 02:49 bin
drwxr-xr-x 3 cms064 cms  4096 Nov 27 02:49 cfipython
drwxr-xr-x 5 cms064 cms  4096 Nov 27 02:49 config
-rw-r--r-- 1 cms064 cms    15 Nov 27 02:52 cpu_timing.txt
drwxr-xr-x 2 cms064 cms  4096 Nov 27 02:49 doc
-rw-r--r-- 1 cms064 cms  4809 Nov 27 02:52 executable.out
drwxr-xr-x 2 cms064 cms  4096 Nov 27 02:49 include
drwxrwxrwx 3 cms064 cms  4096 Oct 22 16:38 lib
drwxr-xr-x 3 cms064 cms  4096 Nov 27 02:49 logs
drwxr-xr-x 3 cms064 cms  4096 Nov 27 02:49 objs
-rw-r--r-- 1 cms064 cms 16474 Nov 27 02:52 optHistograms.root
-rw-r--r-- 1 cms064 cms   104 Nov 27 02:49 pset.py
-rw-r--r-- 1 cms064 cms 19456 Nov 27 02:49 pset.py.pkl
-rw-r--r-- 1 cms064 cms   289 Nov 27 02:49 pset.pyc
drwxr-xr-x 2 cms064 cms  4096 Nov 27 02:49 python
-rw-r--r-- 1 cms064 cms   420 Nov 27 02:52 report.log
drwxrwxrwx 4 cms064 cms  4096 Nov 27 02:49 src
drwxr-xr-x 3 cms064 cms  4096 Nov 27 02:49 test
drwxr-xr-x 3 cms064 cms  4096 Nov 27 02:49 tmp
>>> current directory /home/cms064/home_crce1_631804527/CREAM631804527/glide_U25988/execute/dir_16084/CMSSW_5_3_5
>>> (SOFTWARE_DIR): /home/cms064/home_crce1_631804527/CREAM631804527/glide_U25988/execute/dir_16084/CMSSW_5_3_5
>>> (WORKING_DIR): 
>>> current directory content:
total 128
drwxr-xr-x 3 cms064 cms  4096 Nov 27 02:49 .SCRAM
-rw-r--r-- 1 cms064 cms 30066 Nov 27 02:49 CMSSW.py.pkl
drwxr-xr-x 3 cms064 cms  4096 Nov 27 02:49 bin
drwxr-xr-x 3 cms064 cms  4096 Nov 27 02:49 cfipython
drwxr-xr-x 5 cms064 cms  4096 Nov 27 02:49 config
-rw-r--r-- 1 cms064 cms    15 Nov 27 02:52 cpu_timing.txt
drwxr-xr-x 2 cms064 cms  4096 Nov 27 02:49 doc
-rw-r--r-- 1 cms064 cms  4809 Nov 27 02:52 executable.out
drwxr-xr-x 2 cms064 cms  4096 Nov 27 02:49 include
drwxrwxrwx 3 cms064 cms  4096 Oct 22 16:38 lib
drwxr-xr-x 3 cms064 cms  4096 Nov 27 02:49 logs
drwxr-xr-x 3 cms064 cms  4096 Nov 27 02:49 objs
-rw-r--r-- 1 cms064 cms   104 Nov 27 02:49 pset.py
-rw-r--r-- 1 cms064 cms 19456 Nov 27 02:49 pset.py.pkl
-rw-r--r-- 1 cms064 cms   289 Nov 27 02:49 pset.pyc
drwxr-xr-x 2 cms064 cms  4096 Nov 27 02:49 python
-rw-r--r-- 1 cms064 cms   420 Nov 27 02:52 report.log
drwxrwxrwx 4 cms064 cms  4096 Nov 27 02:49 src
drwxr-xr-x 3 cms064 cms  4096 Nov 27 02:49 test
drwxr-xr-x 3 cms064 cms  4096 Nov 27 02:49 tmp
>>> current directory (RUNTIME_AREA):  /home/cms064/home_crce1_631804527/CREAM631804527/glide_U25988/execute/dir_16084
>>> current dir: /home/cms064/home_crce1_631804527/CREAM631804527/glide_U25988/execute/dir_16084
>>> current dir content:
total 25752
-rw-rw-rw-  1 cms064 cms     5579 Nov 27 02:49 .job.ad
-rw-rw-rw-  1 cms064 cms    11527 Nov 27 02:49 .machine.ad
-rw-rw-rw-  1 cms064 cms      105 Nov 27 01:35 CMSSW.py
-rw-rw-rw-  1 cms064 cms    30066 Nov 27 01:35 CMSSW.py.pkl
-rwxrw-rw-  1 cms064 cms    23323 Nov 27 02:49 CMSSW.sh
drwxr-xr-x 15 cms064 cms     4096 Nov 27 02:52 CMSSW_5_3_5
-rw-rw-rw-  1 cms064 cms        0 Nov 27 02:49 CMSSW_82.stderr
-rw-rw-rw-  1 cms064 cms    17032 Nov 27 02:52 CMSSW_82.stdout
-rw-r--r--  1 cms064 cms      347 Nov 27 02:49 CacheEnv.sh
-rw-rw-rw-  1 cms064 cms     7291 Jun  9  2010 DashboardAPI.py
-rw-r--r--  1 cms064 cms     6883 Nov 27 02:49 DashboardAPI.pyc
drwxrwxrwx  3 cms064 cms     4096 Nov 27 02:52 IMProv
-rw-rw-rw-  1 cms064 cms     2748 Mar  8  2006 Logger.py
-rw-r--r--  1 cms064 cms     3353 Nov 27 02:49 Logger.pyc
-rw-rw-rw-  1 cms064 cms    24524 Mar 28  2008 ProcInfo.py
-rw-r--r--  1 cms064 cms    23470 Nov 27 02:49 ProcInfo.pyc
drwxrwxrwx  7 cms064 cms     4096 Nov 27 02:49 ProdCommon
drwxrwxrwx  3 cms064 cms     4096 Nov 27 02:49 WMCore
-rw-r--r--  1 cms064 cms     1320 Nov 27 02:52 Watchdog_82.log
-rw-rw-rw-  1 cms064 cms    32895 Mar 28  2008 apmon.py
-rw-r--r--  1 cms064 cms    28874 Nov 27 02:49 apmon.pyc
-rw-rw-rw-  1 cms064 cms    92722 Nov 27 02:49 arguments.xml
-rwxrwxrwx  1 cms064 cms    37427 Sep 13 14:14 cmscp.py
-rwxrwxrwx  1 cms064 cms    23323 Nov 27 02:49 condor_exec.exe
-rw-rw-rw-  1 cms064 cms      537 Nov 27 01:35 crab.cfg
-rwxrwxrwx  1 cms064 cms     9531 Sep 20 21:46 crabWatchdog.sh
-rw-r--r--  1 cms064 cms    30197 Nov 27 02:52 crab_fjr_82.xml
-rw-rw-rw-  1 cms064 cms 25796287 Nov 27 02:49 default.tgz
-rwxrwxrwx  1 cms064 cms     4488 May 12  2012 fillCrabFjr.py
-rw-r--r--  1 cms064 cms      887 Nov 27 02:49 inputsReport.txt
-rw-r--r--  1 cms064 cms      132 Nov 27 02:52 jobreport.txt
lrwxrwxrwx  1 cms064 cms      107 Nov 27 02:52 optHistograms.root -> /home/cms064/home_crce1_631804527/CREAM631804527/glide_U25988/execute/dir_16084/optHistograms_82_1_LnF.root
-rw-r--r--  1 cms064 cms    16474 Nov 27 02:52 optHistograms_82_1_LnF.root
-rw-rw-rw-  1 cms064 cms    17352 Jan 20  2012 parseCrabFjr.py
-rw-r--r--  1 cms064 cms      285 Nov 27 02:49 report.log
-rwxrwxrwx  1 cms064 cms     1497 May 27  2009 report.py
-rwxrwxrwx  1 cms064 cms     8387 Mar 23  2011 writeCfg.py
-rw-------  1 cms064 cms     8691 Nov 27 02:49 x509up_u1000009
Checking output files:  
will tar file optHistograms_82_1_LnF.root in  out_files_82
will tar file crab_fjr_82.xml in  out_files_82
will tar file CMSSW_82.stdout in  out_files_82
will tar file CMSSW_82.stderr in  out_files_82
WARNING: output file Watchdog_82.log.gz not found!
>>> padding time: Sleeping the wrapper for 410 seconds
STOPPING WATCHDOG. CrabWatchdog PID is 20428
********** LAST 50 LINES OF WATCHDOG LOG
# RESOURCE USAGE SUMMARY FOR PROCESS ID 16402
USER       PID %CPU %MEM    VSZ   RSS TTY      STAT START   TIME COMMAND
cms064   16402  0.3  0.0   8956  1484 ?        S    02:49   0:00 /bin/sh /home/cms064/home_crce1_631804527/CREAM631804527/glide_U25988/execute/dir_16084/condor_exec.exe 82 1
 
# LIMITS USED BY THIS WATCHDOG:
# RSS  (KBytes)  : 2300000
# VSZ  (KBytes)  : 100000000
# DISK (MBytes)  : 19000
# CPU  (seconds) : 171600
# WALL (seconds) : 171600
 
# FOLLOWING PRINTOUT TRACKS MAXIMUM VALUES OF RESOURCES USE
# ONE LINE IS PRINTED EACH TIME A MAXIMUM CHANGES
# IF CHANGE WAS IN RSS OR VSZ ALSO PROCID AND COMMAND ARE PRINTED
# THERE IS NO PRINTOUT FOR CPU/WALL TIME INCREASE
 
# TIME			PID	RSS(KB)	VSZ(KB)	Dsk(MB)	tCPU(s)	tWALL(s)	COMMAND
 Nov 27 02:49:44 EET	16084	5344	9336	0	0	23	condor_starter -f submit-2.t2.ucsd.edu       
 Nov 27 02:49:44 EET	20466	23064	82716	0	0	2	edmConfigHash pset.py        
 Nov 27 02:49:44 EET	---	23064	82716	168	----	----	----
 Nov 27 02:50:53 EET	22798	327544	558696	168	18	57	cmsRun -j /home/cms064/home_crce1_631804527/CREAM631804527/glide_U25988/execute/dir_16084/crab_fjr_82.xml -p pset.py     
 Nov 27 02:52:01 EET	22798	329924	580456	168	53	125	cmsRun -j /home/cms064/home_crce1_631804527/CREAM631804527/glide_U25988/execute/dir_16084/crab_fjr_82.xml -p pset.py     
 Nov 27 02:53:11 EET	---	329924	580456	169	----	----	----
********** WATCHDOG LOG ENDED
ZIPPING WATCHDOG LOG
Disk space used:
du -sh /home/cms064/home_crce1_631804527/CREAM631804527/glide_U25988/execute/dir_16084
169M	/home/cms064/home_crce1_631804527/CREAM631804527/glide_U25988/execute/dir_16084
>>> info for dashboard:
***** Cat /home/cms064/home_crce1_631804527/CREAM631804527/glide_U25988/execute/dir_16084/jobreport.txt *****
MonitorJobID=82_https://submit-2.t2.ucsd.edu//121127//17535.81
MonitorID=liis_crab_0_121127_013521_s7o4w6
ExeTime=139
ExeExitCode=0
CrabUserCpuTime=55.71
CrabSysCpuTime=6.65
CrabCpuPercentage=44%
CrabWrapperTime=600
CrabStageoutTime=NULL
***** End Cat jobreport *****
Parameters sent to Dashboard.
optHistograms_82_1_LnF.root
crab_fjr_82.xml
CMSSW_82.stdout
CMSSW_82.stderr
Watchdog_82.log.gz
tar: .BrokerInfo: Cannot stat: No such file or directory
tar: Error exit delayed from previous errors
Total Output dimension: 18125
WARNING: output files size limit is set to: 50000000
Total Output dimension 18125 is fine.
JOB_EXIT_STATUS = 0
>>> info for dashboard:
***** Cat /home/cms064/home_crce1_631804527/CREAM631804527/glide_U25988/execute/dir_16084/jobreport.txt *****
MonitorJobID=82_https://submit-2.t2.ucsd.edu//121127//17535.81
MonitorID=liis_crab_0_121127_013521_s7o4w6
JobExitCode=0
***** End Cat jobreport *****
Parameters sent to Dashboard.
optHistograms_82_1_LnF.root
crab_fjr_82.xml
