This script was generated by crab (version 2.8.3).
Running /home/cms019/home_crmrs_702018127/CREAM702018127/glide_km7128/execute/dir_7505/condor_exec.exe with 2 positional parameters: 62 1
Today is Tue Nov 27 02:48:49 EET 2012
Job submitted on host wn-v-2540.local
Linux wn-v-2540.local 2.6.32-042stab059.7 #1 SMP Tue Jul 24 19:12:01 MSK 2012 x86_64 x86_64 x86_64 GNU/Linux
>>> current directory (RUNTIME_AREA): /home/cms019/home_crmrs_702018127/CREAM702018127/glide_km7128/execute/dir_7505
>>> current user: uid=11019(cms019) gid=1400(cms) groups=1400(cms)
>>> voms proxy information:
subject   : /DC=ch/DC=cern/OU=Organic Units/OU=Users/CN=liis/CN=663550/CN=Liis Rebane/CN=proxy/CN=limited proxy
issuer    : /DC=ch/DC=cern/OU=Organic Units/OU=Users/CN=liis/CN=663550/CN=Liis Rebane/CN=proxy
identity  : /DC=ch/DC=cern/OU=Organic Units/OU=Users/CN=liis/CN=663550/CN=Liis Rebane/CN=proxy
type      : limited proxy
strength  : 512 bits
path      : /home/cms019/home_crmrs_702018127/CREAM702018127/glide_km7128/execute/dir_7505/x509up_u1000009
timeleft  : 23:59:53
key usage : Digital Signature, Key Encipherment, Data Encipherment
=== VO cms extension information ===
VO        : cms
subject   : /DC=ch/DC=cern/OU=Organic Units/OU=Users/CN=liis/CN=663550/CN=Liis Rebane
issuer    : /DC=ch/DC=cern/OU=computers/CN=lcg-voms.cern.ch
attribute : /cms/Role=NULL/Capability=NULL
timeleft  : 190:36:48
uri       : lcg-voms.cern.ch:15002
>>> tar xzf /home/cms019/home_crmrs_702018127/CREAM702018127/glide_km7128/execute/dir_7505/default.tgz :
Successful untar
>>> Include /home/cms019/home_crmrs_702018127/CREAM702018127/glide_km7128/execute/dir_7505 in PYTHONPATH:
strip arguments
env var CRAB_UNIQUE_JOB_ID set to: liis_crab_0_121127_013521_s7o4w6_62_1_tRF
out_files_62
>>> list of expected files on output sandbox
output files: optHistograms_62_1_tRF.root crab_fjr_62.xml CMSSW_62.stdout CMSSW_62.stderr Watchdog_62.log.gz
>>> GridFlavour discovery: 
GridFlavour=LCG
>>> SyncSite discovery: 
SyncSite=T2_EE_Estonia
>>> SyncCE discovery: 
getting SyncCE from CE_ID
SyncCE=mars.hep.kbfi.ee:8443/cream-pbs-long
>>> info for dashboard:
***** Cat /home/cms019/home_crmrs_702018127/CREAM702018127/glide_km7128/execute/dir_7505/jobreport.txt *****
MonitorJobID=62_https://submit-2.t2.ucsd.edu//121127//17535.61
SyncGridJobId=https://submit-2.t2.ucsd.edu//121127//17535.61
MonitorID=liis_crab_0_121127_013521_s7o4w6
GridFlavour=LCG
SyncSite=T2_EE_Estonia
SyncCE=mars.hep.kbfi.ee:8443/cream-pbs-long
***** End Cat jobreport *****
Parameters sent to Dashboard.
>>> setup environment
set SCRAM ARCH to slc5_amd64_gcc462
SCRAM_ARCH = slc5_amd64_gcc462
>>> setup CMS LCG environment:
set SCRAM ARCH and BUILD_ARCH to slc5_amd64_gcc462 ###
Sourcing environment... 
sourcing /cvmfs/cms.cern.ch/cmsset_default.sh
==> setup cms environment ok
>>> specific cmssw setup environment:
CMSSW_VERSION =  CMSSW_5_3_5
>>> current directory (SOFTWARE_DIR): /home/cms019/home_crmrs_702018127/CREAM702018127/glide_km7128/execute/dir_7505/CMSSW_5_3_5
PreserveSeeds: <>
IncrementSeeds:<>
{}
WNHostName=wn-v-2540.local
>>> info for dashboard:
***** Cat /home/cms019/home_crmrs_702018127/CREAM702018127/glide_km7128/execute/dir_7505/jobreport.txt *****
MonitorJobID=62_https://submit-2.t2.ucsd.edu//121127//17535.61
MonitorID=liis_crab_0_121127_013521_s7o4w6
WNHostName=wn-v-2540.local
***** End Cat jobreport *****
Parameters sent to Dashboard.
crabWatchdog started as process 12255
>>> moving CMSSW software directories in /home/cms019/home_crmrs_702018127/CREAM702018127/glide_km7128/execute/dir_7505/CMSSW_5_3_5
mv: cannot stat `/home/cms019/home_crmrs_702018127/CREAM702018127/glide_km7128/execute/dir_7505/module/': No such file or directory
>>> Include /home/cms019/home_crmrs_702018127/CREAM702018127/glide_km7128/execute/dir_7505 in PYTHONPATH:
PYTHONPATH=/home/cms019/home_crmrs_702018127/CREAM702018127/glide_km7128/execute/dir_7505/:/home/cms019/home_crmrs_702018127/CREAM702018127/glide_km7128/execute/dir_7505/CMSSW_5_3_5/python:/home/cms019/home_crmrs_702018127/CREAM702018127/glide_km7128/execute/dir_7505/CMSSW_5_3_5/lib/slc5_amd64_gcc462:/cvmfs/cms.cern.ch/slc5_amd64_gcc462/cms/cmssw/CMSSW_5_3_5/python:/cvmfs/cms.cern.ch/slc5_amd64_gcc462/cms/cmssw/CMSSW_5_3_5/lib/slc5_amd64_gcc462:/cvmfs/cms.cern.ch/slc5_amd64_gcc462/cms/coral/CORAL_2_3_21-cms27/slc5_amd64_gcc462/python:/cvmfs/cms.cern.ch/slc5_amd64_gcc462/cms/coral/CORAL_2_3_21-cms27/slc5_amd64_gcc462/lib:/cvmfs/cms.cern.ch/slc5_amd64_gcc462/external/pyqt/4.8.1/lib/python2.6/site-packages:/cvmfs/cms.cern.ch/slc5_amd64_gcc462/external/py2-scipy/0.8.0/lib/python2.6/site-packages:/cvmfs/cms.cern.ch/slc5_amd64_gcc462/external/py2-matplotlib/1.0.1/lib/python2.6/site-packages:/cvmfs/cms.cern.ch/slc5_amd64_gcc462/external/python-ldap/2.3.5/lib/python2.6/site-packages:/cvmfs/cms.cern.ch/slc5_amd64_gcc462/external/sip/4.11.2/lib/python2.6/site-packages:/cvmfs/cms.cern.ch/slc5_amd64_gcc462/external/py2-pycurl/7.19.0/lib/python2.6/site-packages:/cvmfs/cms.cern.ch/slc5_amd64_gcc462/external/py2-numpy/1.6.1/lib/python2.6/site-packages:/cvmfs/cms.cern.ch/slc5_amd64_gcc462/external/py2-ipython/0.10/lib/python2.6/site-packages:/cvmfs/cms.cern.ch/slc5_amd64_gcc462/external/py2-cx-oracle/5.1-cms11/lib/python2.6/site-packages:/cvmfs/cms.cern.ch/slc5_amd64_gcc462/external/py2-cjson/1.0.5/lib/python2.6/site-packages:/cvmfs/cms.cern.ch/slc5_amd64_gcc462/cms/das-client/1.4.1-cms8/bin:/cvmfs/cms.cern.ch/slc5_amd64_gcc462/external/elementtree/1.2.6/share/lib/python2.6/site-packages:/cvmfs/cms.cern.ch/slc5_amd64_gcc462/external/rivet/1.5.1-cms10/lib/python2.6/site-packages:/cvmfs/cms.cern.ch/slc5_amd64_gcc462/external/pyminuit2/0.0.1-cms34/lib/python2.6/site-packages:/cvmfs/cms.cern.ch/slc5_amd64_gcc462/external/professor/1.0.0-cms35/lib/python2.6/site-packages:/cvmfs/cms.cern.ch/slc5_amd64_gcc462/lcg/root/5.32.00-cms18/lib:/cvmfs/cms.cern.ch/slc5_amd64_gcc462/cms/dbs-client/DBS_2_1_1_patch1_1/lib:/cvmfs/cms.cern.ch/slc5_amd64_gcc462/cms/dbs-client/DBS_2_1_1_patch1_1/lib/DBSAPI:/home/cms019/home_crmrs_702018127/CREAM702018127/glide_km7128/execute/dir_7505/
241a2a19cb7c5c8751ba22759ab3bdb0
PSETHASH = 241a2a19cb7c5c8751ba22759ab3bdb0
/home/cms019/home_crmrs_702018127/CREAM702018127/glide_km7128/execute/dir_7505/writeCfg.py pset.py pset.py
Importing .py file
Setting parameters
inputBlocks=/QCD_Pt_350_BCtoE_TuneZ2star_8TeV_pythia6/mario-Summer12-stop-pfele-step1-3d176ac8da5e9dff208d057f4733ca91/USER#4ea1313f-ce05-4b4d-b719-e18ef67ecf53
inputFiles=/store/user/mario/QCD_Pt_350_BCtoE_TuneZ2star_8TeV_pythia6/Summer12-stop-pfele-step1/3d176ac8da5e9dff208d057f4733ca91/tuple_374_3_CcH.root;/store/user/mario/QCD_Pt_350_BCtoE_TuneZ2star_8TeV_pythia6/Summer12-stop-pfele-step1/3d176ac8da5e9dff208d057f4733ca91/tuple_376_3_Yy8.root;/store/user/mario/QCD_Pt_350_BCtoE_TuneZ2star_8TeV_pythia6/Summer12-stop-pfele-step1/3d176ac8da5e9dff208d057f4733ca91/tuple_377_3_jaK.root;/store/user/mario/QCD_Pt_350_BCtoE_TuneZ2star_8TeV_pythia6/Summer12-stop-pfele-step1/3d176ac8da5e9dff208d057f4733ca91/tuple_378_3_AQZ.root;/store/user/mario/QCD_Pt_350_BCtoE_TuneZ2star_8TeV_pythia6/Summer12-stop-pfele-step1/3d176ac8da5e9dff208d057f4733ca91/tuple_379_3_K3z.root
parentFiles=
lumisRange=
>>> Executable cmsRun
/cvmfs/cms.cern.ch/slc5_amd64_gcc462/cms/cmssw/CMSSW_5_3_5/bin/slc5_amd64_gcc462/cmsRun
ok executable found
>>> info for dashboard:
***** Cat /home/cms019/home_crmrs_702018127/CREAM702018127/glide_km7128/execute/dir_7505/jobreport.txt *****
MonitorJobID=62_https://submit-2.t2.ucsd.edu//121127//17535.61
MonitorID=liis_crab_0_121127_013521_s7o4w6
ExeStart=cmsRun
***** End Cat jobreport *****
Parameters sent to Dashboard.
>>> cmsRun started at Tue Nov 27 00:49:22 UTC 2012
>>> cmsRun ended at Tue Nov 27 00:51:02 UTC 2012
>>> info for dashboard:
***** Cat /home/cms019/home_crmrs_702018127/CREAM702018127/glide_km7128/execute/dir_7505/jobreport.txt *****
MonitorJobID=62_https://submit-2.t2.ucsd.edu//121127//17535.61
MonitorID=liis_crab_0_121127_013521_s7o4w6
ExeEnd=cmsRun
***** End Cat jobreport *****
Parameters sent to Dashboard.
TIME_EXE = 100 sec
>>> cmsRun wrote 42 lines of stdout+stderr
>>> START OF printout of 42 lines from stdout+stderr
27-Nov-2012 02:49:37 EET  Initiating request to open file file:/hdfs/cms/store/user/mario/QCD_Pt_350_BCtoE_TuneZ2star_8TeV_pythia6/Summer12-stop-pfele-step1/3d176ac8da5e9dff208d057f4733ca91/tuple_374_3_CcH.root
27-Nov-2012 02:49:44 EET  Successfully opened file file:/hdfs/cms/store/user/mario/QCD_Pt_350_BCtoE_TuneZ2star_8TeV_pythia6/Summer12-stop-pfele-step1/3d176ac8da5e9dff208d057f4733ca91/tuple_374_3_CcH.root
Begin processing the 1st record. Run 1, Event 37213074, LumiSection 2288 at 27-Nov-2012 02:49:51.324 EET
Begin processing the 1001st record. Run 1, Event 37939199, LumiSection 2332 at 27-Nov-2012 02:49:59.131 EET
27-Nov-2012 02:50:00 EET  Closed file file:/hdfs/cms/store/user/mario/QCD_Pt_350_BCtoE_TuneZ2star_8TeV_pythia6/Summer12-stop-pfele-step1/3d176ac8da5e9dff208d057f4733ca91/tuple_374_3_CcH.root
27-Nov-2012 02:50:00 EET  Initiating request to open file file:/hdfs/cms/store/user/mario/QCD_Pt_350_BCtoE_TuneZ2star_8TeV_pythia6/Summer12-stop-pfele-step1/3d176ac8da5e9dff208d057f4733ca91/tuple_376_3_Yy8.root
27-Nov-2012 02:50:00 EET  Successfully opened file file:/hdfs/cms/store/user/mario/QCD_Pt_350_BCtoE_TuneZ2star_8TeV_pythia6/Summer12-stop-pfele-step1/3d176ac8da5e9dff208d057f4733ca91/tuple_376_3_Yy8.root
Begin processing the 2001st record. Run 1, Event 7241830, LumiSection 446 at 27-Nov-2012 02:50:09.945 EET
Begin processing the 3001st record. Run 1, Event 46120426, LumiSection 2835 at 27-Nov-2012 02:50:13.518 EET
27-Nov-2012 02:50:17 EET  Closed file file:/hdfs/cms/store/user/mario/QCD_Pt_350_BCtoE_TuneZ2star_8TeV_pythia6/Summer12-stop-pfele-step1/3d176ac8da5e9dff208d057f4733ca91/tuple_376_3_Yy8.root
27-Nov-2012 02:50:17 EET  Initiating request to open file file:/hdfs/cms/store/user/mario/QCD_Pt_350_BCtoE_TuneZ2star_8TeV_pythia6/Summer12-stop-pfele-step1/3d176ac8da5e9dff208d057f4733ca91/tuple_377_3_jaK.root
27-Nov-2012 02:50:17 EET  Successfully opened file file:/hdfs/cms/store/user/mario/QCD_Pt_350_BCtoE_TuneZ2star_8TeV_pythia6/Summer12-stop-pfele-step1/3d176ac8da5e9dff208d057f4733ca91/tuple_377_3_jaK.root
Begin processing the 4001st record. Run 1, Event 61831687, LumiSection 3801 at 27-Nov-2012 02:50:31.816 EET
Begin processing the 5001st record. Run 1, Event 484198, LumiSection 30 at 27-Nov-2012 02:50:35.672 EET
27-Nov-2012 02:50:39 EET  Closed file file:/hdfs/cms/store/user/mario/QCD_Pt_350_BCtoE_TuneZ2star_8TeV_pythia6/Summer12-stop-pfele-step1/3d176ac8da5e9dff208d057f4733ca91/tuple_377_3_jaK.root
27-Nov-2012 02:50:39 EET  Initiating request to open file file:/hdfs/cms/store/user/mario/QCD_Pt_350_BCtoE_TuneZ2star_8TeV_pythia6/Summer12-stop-pfele-step1/3d176ac8da5e9dff208d057f4733ca91/tuple_378_3_AQZ.root
27-Nov-2012 02:50:40 EET  Successfully opened file file:/hdfs/cms/store/user/mario/QCD_Pt_350_BCtoE_TuneZ2star_8TeV_pythia6/Summer12-stop-pfele-step1/3d176ac8da5e9dff208d057f4733ca91/tuple_378_3_AQZ.root
Begin processing the 6001st record. Run 1, Event 3422127, LumiSection 211 at 27-Nov-2012 02:50:44.714 EET
Begin processing the 7001st record. Run 1, Event 33193297, LumiSection 2041 at 27-Nov-2012 02:50:48.635 EET
Begin processing the 8001st record. Run 1, Event 62653818, LumiSection 3851 at 27-Nov-2012 02:50:52.993 EET
27-Nov-2012 02:50:53 EET  Closed file file:/hdfs/cms/store/user/mario/QCD_Pt_350_BCtoE_TuneZ2star_8TeV_pythia6/Summer12-stop-pfele-step1/3d176ac8da5e9dff208d057f4733ca91/tuple_378_3_AQZ.root
27-Nov-2012 02:50:53 EET  Initiating request to open file file:/hdfs/cms/store/user/mario/QCD_Pt_350_BCtoE_TuneZ2star_8TeV_pythia6/Summer12-stop-pfele-step1/3d176ac8da5e9dff208d057f4733ca91/tuple_379_3_K3z.root
27-Nov-2012 02:50:53 EET  Successfully opened file file:/hdfs/cms/store/user/mario/QCD_Pt_350_BCtoE_TuneZ2star_8TeV_pythia6/Summer12-stop-pfele-step1/3d176ac8da5e9dff208d057f4733ca91/tuple_379_3_K3z.root
27-Nov-2012 02:51:00 EET  Closed file file:/hdfs/cms/store/user/mario/QCD_Pt_350_BCtoE_TuneZ2star_8TeV_pythia6/Summer12-stop-pfele-step1/3d176ac8da5e9dff208d057f4733ca91/tuple_379_3_K3z.root

=============================================

MessageLogger Summary

 type     category        sev    module        subroutine        count    total
 ---- -------------------- -- ---------------- ----------------  -----    -----
    1 fileAction           -s file_close                             5        5
    2 fileAction           -s file_open                             10       10

 type    category    Examples: run/evt        run/evt          run/evt
 ---- -------------------- ---------------- ---------------- ----------------
    1 fileAction           PostProcessEvent PostProcessEvent PostEndRun
    2 fileAction           pre-events       pre-events       PostProcessEvent

Severity    # Occurrences   Total Occurrences
--------    -------------   -----------------
System                 15                  15
>>> END OF printout of 42 lines from stdout+stderr
>>> Parse FrameworkJobReport crab_fjr.xml
Result of parsing the FrameworkJobReport crab_fjr.xml: Popularity start
lumisRange : 1::23,26,30,39,91,109,148,2863,3781,3801,3939::1;1::117,3893,3932,4043::2;1::148,207,211,2041,2081,2155,2952,3249,3494,3711,3851,3893::3;1::224,427,446,2310,2313,2315,2835-2837,2863,2951,3755::4;1::2288,2291,2317,2331-2332,2838,2904::5;
lumisParentRange : 
Basename : /store/user/mario/QCD_Pt_350_BCtoE_TuneZ2star_8TeV_pythia6/Summer12-stop-pfele-step1/3d176ac8da5e9dff208d057f4733ca91/tuple_37
BasenameParent : 
parentFiles : 
inputBlocks : /QCD_Pt_350_BCtoE_TuneZ2star_8TeV_pythia6/mario-Summer12-stop-pfele-step1-3d176ac8da5e9dff208d057f4733ca91/USER#4ea1313f-ce05-4b4d-b719-e18ef67ecf53
inputFiles : 7_3_jaK.root::1::EDM::Local::1;9_3_K3z.root::1::EDM::Local::2;8_3_AQZ.root::1::EDM::Local::3;6_3_Yy8.root::1::EDM::Local::4;4_3_CcH.root::1::EDM::Local::5;
Popularity stop
Extracted ExitStatus from FrameworkJobReport parsing output: 0
>>> Executable succeded  0
ExeExitCode=0
EXECUTABLE_EXIT_STATUS = 0
>>> current directory /home/cms019/home_crmrs_702018127/CREAM702018127/glide_km7128/execute/dir_7505/CMSSW_5_3_5
>>>  (SOFTWARE_DIR): /home/cms019/home_crmrs_702018127/CREAM702018127/glide_km7128/execute/dir_7505/CMSSW_5_3_5
>>> (WORKING_DIR): 
>>> current directory content:
total 148
drwxr-xr-x 3 cms019 cms  4096 Nov 27 02:48 .SCRAM
-rw-r--r-- 1 cms019 cms 30066 Nov 27 02:48 CMSSW.py.pkl
drwxr-xr-x 3 cms019 cms  4096 Nov 27 02:48 bin
drwxr-xr-x 3 cms019 cms  4096 Nov 27 02:48 cfipython
drwxr-xr-x 5 cms019 cms  4096 Nov 27 02:48 config
-rw-r--r-- 1 cms019 cms    15 Nov 27 02:51 cpu_timing.txt
drwxr-xr-x 2 cms019 cms  4096 Nov 27 02:48 doc
-rw-r--r-- 1 cms019 cms  4821 Nov 27 02:51 executable.out
drwxr-xr-x 2 cms019 cms  4096 Nov 27 02:48 include
drwxrwxrwx 3 cms019 cms  4096 Oct 22 16:38 lib
drwxr-xr-x 3 cms019 cms  4096 Nov 27 02:48 logs
drwxr-xr-x 3 cms019 cms  4096 Nov 27 02:48 objs
-rw-r--r-- 1 cms019 cms 16435 Nov 27 02:51 optHistograms.root
-rw-r--r-- 1 cms019 cms   104 Nov 27 02:49 pset.py
-rw-r--r-- 1 cms019 cms 19441 Nov 27 02:49 pset.py.pkl
-rw-r--r-- 1 cms019 cms   289 Nov 27 02:49 pset.pyc
drwxr-xr-x 2 cms019 cms  4096 Nov 27 02:48 python
-rw-r--r-- 1 cms019 cms   420 Nov 27 02:51 report.log
drwxrwxrwx 4 cms019 cms  4096 Nov 27 02:48 src
drwxr-xr-x 3 cms019 cms  4096 Nov 27 02:48 test
drwxr-xr-x 3 cms019 cms  4096 Nov 27 02:48 tmp
>>> current directory /home/cms019/home_crmrs_702018127/CREAM702018127/glide_km7128/execute/dir_7505/CMSSW_5_3_5
>>> (SOFTWARE_DIR): /home/cms019/home_crmrs_702018127/CREAM702018127/glide_km7128/execute/dir_7505/CMSSW_5_3_5
>>> (WORKING_DIR): 
>>> current directory content:
total 128
drwxr-xr-x 3 cms019 cms  4096 Nov 27 02:48 .SCRAM
-rw-r--r-- 1 cms019 cms 30066 Nov 27 02:48 CMSSW.py.pkl
drwxr-xr-x 3 cms019 cms  4096 Nov 27 02:48 bin
drwxr-xr-x 3 cms019 cms  4096 Nov 27 02:48 cfipython
drwxr-xr-x 5 cms019 cms  4096 Nov 27 02:48 config
-rw-r--r-- 1 cms019 cms    15 Nov 27 02:51 cpu_timing.txt
drwxr-xr-x 2 cms019 cms  4096 Nov 27 02:48 doc
-rw-r--r-- 1 cms019 cms  4821 Nov 27 02:51 executable.out
drwxr-xr-x 2 cms019 cms  4096 Nov 27 02:48 include
drwxrwxrwx 3 cms019 cms  4096 Oct 22 16:38 lib
drwxr-xr-x 3 cms019 cms  4096 Nov 27 02:48 logs
drwxr-xr-x 3 cms019 cms  4096 Nov 27 02:48 objs
-rw-r--r-- 1 cms019 cms   104 Nov 27 02:49 pset.py
-rw-r--r-- 1 cms019 cms 19441 Nov 27 02:49 pset.py.pkl
-rw-r--r-- 1 cms019 cms   289 Nov 27 02:49 pset.pyc
drwxr-xr-x 2 cms019 cms  4096 Nov 27 02:48 python
-rw-r--r-- 1 cms019 cms   420 Nov 27 02:51 report.log
drwxrwxrwx 4 cms019 cms  4096 Nov 27 02:48 src
drwxr-xr-x 3 cms019 cms  4096 Nov 27 02:48 test
drwxr-xr-x 3 cms019 cms  4096 Nov 27 02:48 tmp
>>> current directory (RUNTIME_AREA):  /home/cms019/home_crmrs_702018127/CREAM702018127/glide_km7128/execute/dir_7505
>>> current dir: /home/cms019/home_crmrs_702018127/CREAM702018127/glide_km7128/execute/dir_7505
>>> current dir content:
total 25752
-rw-rw-rw-  1 cms019 cms     5576 Nov 27 02:48 .job.ad
-rw-rw-rw-  1 cms019 cms    11337 Nov 27 02:48 .machine.ad
-rw-rw-rw-  1 cms019 cms      105 Nov 27 01:35 CMSSW.py
-rw-rw-rw-  1 cms019 cms    30066 Nov 27 01:35 CMSSW.py.pkl
-rwxrw-rw-  1 cms019 cms    23323 Nov 27 02:48 CMSSW.sh
drwxr-xr-x 15 cms019 cms     4096 Nov 27 02:51 CMSSW_5_3_5
-rw-rw-rw-  1 cms019 cms        0 Nov 27 02:48 CMSSW_62.stderr
-rw-rw-rw-  1 cms019 cms    17001 Nov 27 02:51 CMSSW_62.stdout
-rw-r--r--  1 cms019 cms      346 Nov 27 02:48 CacheEnv.sh
-rw-rw-rw-  1 cms019 cms     7291 Jun  9  2010 DashboardAPI.py
-rw-r--r--  1 cms019 cms     6868 Nov 27 02:49 DashboardAPI.pyc
drwxrwxrwx  3 cms019 cms     4096 Nov 27 02:51 IMProv
-rw-rw-rw-  1 cms019 cms     2748 Mar  8  2006 Logger.py
-rw-r--r--  1 cms019 cms     3348 Nov 27 02:49 Logger.pyc
-rw-rw-rw-  1 cms019 cms    24524 Mar 28  2008 ProcInfo.py
-rw-r--r--  1 cms019 cms    23446 Nov 27 02:49 ProcInfo.pyc
drwxrwxrwx  7 cms019 cms     4096 Nov 27 02:49 ProdCommon
drwxrwxrwx  3 cms019 cms     4096 Nov 27 02:48 WMCore
-rw-r--r--  1 cms019 cms     2085 Nov 27 02:50 Watchdog_62.log
-rw-rw-rw-  1 cms019 cms    32895 Mar 28  2008 apmon.py
-rw-r--r--  1 cms019 cms    28845 Nov 27 02:49 apmon.pyc
-rw-rw-rw-  1 cms019 cms    92722 Nov 27 02:48 arguments.xml
-rwxrwxrwx  1 cms019 cms    37427 Sep 13 14:14 cmscp.py
-rwxrwxrwx  1 cms019 cms    23323 Nov 27 02:48 condor_exec.exe
-rw-rw-rw-  1 cms019 cms      537 Nov 27 01:35 crab.cfg
-rwxrwxrwx  1 cms019 cms     9531 Sep 20 21:46 crabWatchdog.sh
-rw-r--r--  1 cms019 cms    30173 Nov 27 02:51 crab_fjr_62.xml
-rw-rw-rw-  1 cms019 cms 25796287 Nov 27 02:48 default.tgz
-rwxrwxrwx  1 cms019 cms     4488 May 12  2012 fillCrabFjr.py
-rw-r--r--  1 cms019 cms      892 Nov 27 02:49 inputsReport.txt
-rw-r--r--  1 cms019 cms      132 Nov 27 02:51 jobreport.txt
lrwxrwxrwx  1 cms019 cms      106 Nov 27 02:51 optHistograms.root -> /home/cms019/home_crmrs_702018127/CREAM702018127/glide_km7128/execute/dir_7505/optHistograms_62_1_tRF.root
-rw-r--r--  1 cms019 cms    16435 Nov 27 02:51 optHistograms_62_1_tRF.root
-rw-rw-rw-  1 cms019 cms    17352 Jan 20  2012 parseCrabFjr.py
-rw-r--r--  1 cms019 cms      283 Nov 27 02:48 report.log
-rwxrwxrwx  1 cms019 cms     1497 May 27  2009 report.py
-rwxrwxrwx  1 cms019 cms     8387 Mar 23  2011 writeCfg.py
-rw-------  1 cms019 cms     8691 Nov 27 02:48 x509up_u1000009
Checking output files:  
will tar file optHistograms_62_1_tRF.root in  out_files_62
will tar file crab_fjr_62.xml in  out_files_62
will tar file CMSSW_62.stdout in  out_files_62
will tar file CMSSW_62.stderr in  out_files_62
WARNING: output file Watchdog_62.log.gz not found!
>>> padding time: Sleeping the wrapper for 452 seconds
STOPPING WATCHDOG. CrabWatchdog PID is 12255
********** LAST 50 LINES OF WATCHDOG LOG
# RESOURCE USAGE SUMMARY FOR PROCESS ID  8701
USER       PID %CPU %MEM    VSZ   RSS TTY      STAT START   TIME COMMAND
cms019    8701  0.1  0.0   8956  1484 ?        S    02:48   0:00 /bin/sh /home/cms019/home_crmrs_702018127/CREAM702018127/glide_km7128/execute/dir_7505/condor_exec.exe 62 1
 
# LIMITS USED BY THIS WATCHDOG:
# RSS  (KBytes)  : 2300000
# VSZ  (KBytes)  : 100000000
# DISK (MBytes)  : 19000
# CPU  (seconds) : 171600
# WALL (seconds) : 171600
 
# FOLLOWING PRINTOUT TRACKS MAXIMUM VALUES OF RESOURCES USE
# ONE LINE IS PRINTED EACH TIME A MAXIMUM CHANGES
# IF CHANGE WAS IN RSS OR VSZ ALSO PROCID AND COMMAND ARE PRINTED
# THERE IS NO PRINTOUT FOR CPU/WALL TIME INCREASE
 
# TIME			PID	RSS(KB)	VSZ(KB)	Dsk(MB)	tCPU(s)	tWALL(s)	COMMAND
 Nov 27 02:49:05 EET	6981	1320	8896	0	0	1113	-bash         
 Nov 27 02:49:05 EET	7010	1484	8952	0	0	1115	/bin/sh -l ./CREAM702018127_jobWrapper.sh       
 Nov 27 02:49:05 EET	7075	2676	25504	0	0	1113	perl -e ?use Socket;??sub send_notify {? $cream_url = "193.40.150.251:49152";die "No
 Nov 27 02:49:05 EET	7504	3604	25504	0	0	39	condor_procd -A /home/cms019/home_crmrs_702018127/CREAM702018127/glide_km7128/log/procd_address.STARTD -L /home/cms019/home_crmrs_702018127/CREAM702018127/glide_km7128/log/ProcLog.STARTD -R 10000000 -S 60 -C
 Nov 27 02:49:05 EET	7505	5424	25504	0	0	40	condor_starter -f submit-2.t2.ucsd.edu       
 Nov 27 02:49:05 EET	11316	6008	25504	0	0	1100	/home/cms019/home_crmrs_702018127/CREAM702018127/glide_km7128/main/condor/sbin/condor_master -f -pidfile /home/cms019/home_crmrs_702018127/CREAM702018127/glide_km7128/condor_master2.pid      
 Nov 27 02:49:05 EET	---	6008	25504	168	----	----	----
 Nov 27 02:50:15 EET	11316	6012	25504	168	0	1169	/home/cms019/home_crmrs_702018127/CREAM702018127/glide_km7128/main/condor/sbin/condor_master -f -pidfile /home/cms019/home_crmrs_702018127/CREAM702018127/glide_km7128/condor_master2.pid      
 Nov 27 02:50:15 EET	18317	324616	557672	168	26	62	cmsRun -j /home/cms019/home_crmrs_702018127/CREAM702018127/glide_km7128/execute/dir_7505/crab_fjr_62.xml -p pset.py     
 Nov 27 02:51:24 EET	---	324616	557672	169	----	----	----
********** WATCHDOG LOG ENDED
ZIPPING WATCHDOG LOG
Disk space used:
du -sh /home/cms019/home_crmrs_702018127/CREAM702018127/glide_km7128/execute/dir_7505
169M	/home/cms019/home_crmrs_702018127/CREAM702018127/glide_km7128/execute/dir_7505
>>> info for dashboard:
***** Cat /home/cms019/home_crmrs_702018127/CREAM702018127/glide_km7128/execute/dir_7505/jobreport.txt *****
MonitorJobID=62_https://submit-2.t2.ucsd.edu//121127//17535.61
MonitorID=liis_crab_0_121127_013521_s7o4w6
ExeTime=100
ExeExitCode=0
CrabUserCpuTime=44.56
CrabSysCpuTime=3.77
CrabCpuPercentage=47%
CrabWrapperTime=600
CrabStageoutTime=NULL
***** End Cat jobreport *****
Parameters sent to Dashboard.
optHistograms_62_1_tRF.root
crab_fjr_62.xml
CMSSW_62.stdout
CMSSW_62.stderr
Watchdog_62.log.gz
tar: .BrokerInfo: Cannot stat: No such file or directory
tar: Error exit delayed from previous errors
Total Output dimension: 18550
WARNING: output files size limit is set to: 50000000
Total Output dimension 18550 is fine.
JOB_EXIT_STATUS = 0
>>> info for dashboard:
***** Cat /home/cms019/home_crmrs_702018127/CREAM702018127/glide_km7128/execute/dir_7505/jobreport.txt *****
MonitorJobID=62_https://submit-2.t2.ucsd.edu//121127//17535.61
MonitorID=liis_crab_0_121127_013521_s7o4w6
JobExitCode=0
***** End Cat jobreport *****
Parameters sent to Dashboard.
optHistograms_62_1_tRF.root
crab_fjr_62.xml
