This script was generated by crab (version 2.8.3).
Running /home/cms019/home_crobe_139658788/CREAM139658788/glide_KS1822/execute/dir_27990/condor_exec.exe with 2 positional parameters: 17 1
Today is Tue Nov 27 02:44:53 EET 2012
Job submitted on host wn-v-2036.local
Linux wn-v-2036.local 2.6.32-042stab059.7 #1 SMP Tue Jul 24 19:12:01 MSK 2012 x86_64 x86_64 x86_64 GNU/Linux
>>> current directory (RUNTIME_AREA): /home/cms019/home_crobe_139658788/CREAM139658788/glide_KS1822/execute/dir_27990
>>> current user: uid=11019(cms019) gid=1400(cms) groups=1400(cms)
>>> voms proxy information:
subject   : /DC=ch/DC=cern/OU=Organic Units/OU=Users/CN=liis/CN=663550/CN=Liis Rebane/CN=proxy/CN=limited proxy
issuer    : /DC=ch/DC=cern/OU=Organic Units/OU=Users/CN=liis/CN=663550/CN=Liis Rebane/CN=proxy
identity  : /DC=ch/DC=cern/OU=Organic Units/OU=Users/CN=liis/CN=663550/CN=Liis Rebane/CN=proxy
type      : limited proxy
strength  : 512 bits
path      : /home/cms019/home_crobe_139658788/CREAM139658788/glide_KS1822/execute/dir_27990/x509up_u1000009
timeleft  : 23:58:54
key usage : Digital Signature, Key Encipherment, Data Encipherment
=== VO cms extension information ===
VO        : cms
subject   : /DC=ch/DC=cern/OU=Organic Units/OU=Users/CN=liis/CN=663550/CN=Liis Rebane
issuer    : /DC=ch/DC=cern/OU=computers/CN=lcg-voms.cern.ch
attribute : /cms/Role=NULL/Capability=NULL
timeleft  : 190:40:44
uri       : lcg-voms.cern.ch:15002
>>> tar xzf /home/cms019/home_crobe_139658788/CREAM139658788/glide_KS1822/execute/dir_27990/default.tgz :
Successful untar
>>> Include /home/cms019/home_crobe_139658788/CREAM139658788/glide_KS1822/execute/dir_27990 in PYTHONPATH:
strip arguments
env var CRAB_UNIQUE_JOB_ID set to: liis_crab_0_121127_013521_s7o4w6_17_1_ZLm
out_files_17
>>> list of expected files on output sandbox
output files: optHistograms_17_1_ZLm.root crab_fjr_17.xml CMSSW_17.stdout CMSSW_17.stderr Watchdog_17.log.gz
>>> GridFlavour discovery: 
GridFlavour=LCG
>>> SyncSite discovery: 
SyncSite=T2_EE_Estonia
>>> SyncCE discovery: 
getting SyncCE from CE_ID
SyncCE=oberon.hep.kbfi.ee:8443/cream-pbs-long
>>> info for dashboard:
***** Cat /home/cms019/home_crobe_139658788/CREAM139658788/glide_KS1822/execute/dir_27990/jobreport.txt *****
MonitorJobID=17_https://submit-2.t2.ucsd.edu//121127//17535.16
SyncGridJobId=https://submit-2.t2.ucsd.edu//121127//17535.16
MonitorID=liis_crab_0_121127_013521_s7o4w6
GridFlavour=LCG
SyncSite=T2_EE_Estonia
SyncCE=oberon.hep.kbfi.ee:8443/cream-pbs-long
***** End Cat jobreport *****
Parameters sent to Dashboard.
>>> setup environment
set SCRAM ARCH to slc5_amd64_gcc462
SCRAM_ARCH = slc5_amd64_gcc462
>>> setup CMS LCG environment:
set SCRAM ARCH and BUILD_ARCH to slc5_amd64_gcc462 ###
Sourcing environment... 
sourcing /cvmfs/cms.cern.ch/cmsset_default.sh
==> setup cms environment ok
>>> specific cmssw setup environment:
CMSSW_VERSION =  CMSSW_5_3_5
>>> current directory (SOFTWARE_DIR): /home/cms019/home_crobe_139658788/CREAM139658788/glide_KS1822/execute/dir_27990/CMSSW_5_3_5
PreserveSeeds: <>
IncrementSeeds:<>
{}
WNHostName=wn-v-2036.local
>>> info for dashboard:
***** Cat /home/cms019/home_crobe_139658788/CREAM139658788/glide_KS1822/execute/dir_27990/jobreport.txt *****
MonitorJobID=17_https://submit-2.t2.ucsd.edu//121127//17535.16
MonitorID=liis_crab_0_121127_013521_s7o4w6
WNHostName=wn-v-2036.local
***** End Cat jobreport *****
Parameters sent to Dashboard.
crabWatchdog started as process 1811
>>> moving CMSSW software directories in /home/cms019/home_crobe_139658788/CREAM139658788/glide_KS1822/execute/dir_27990/CMSSW_5_3_5
mv: cannot stat `/home/cms019/home_crobe_139658788/CREAM139658788/glide_KS1822/execute/dir_27990/module/': No such file or directory
>>> Include /home/cms019/home_crobe_139658788/CREAM139658788/glide_KS1822/execute/dir_27990 in PYTHONPATH:
PYTHONPATH=/home/cms019/home_crobe_139658788/CREAM139658788/glide_KS1822/execute/dir_27990/:/home/cms019/home_crobe_139658788/CREAM139658788/glide_KS1822/execute/dir_27990/CMSSW_5_3_5/python:/home/cms019/home_crobe_139658788/CREAM139658788/glide_KS1822/execute/dir_27990/CMSSW_5_3_5/lib/slc5_amd64_gcc462:/cvmfs/cms.cern.ch/slc5_amd64_gcc462/cms/cmssw/CMSSW_5_3_5/python:/cvmfs/cms.cern.ch/slc5_amd64_gcc462/cms/cmssw/CMSSW_5_3_5/lib/slc5_amd64_gcc462:/cvmfs/cms.cern.ch/slc5_amd64_gcc462/cms/coral/CORAL_2_3_21-cms27/slc5_amd64_gcc462/python:/cvmfs/cms.cern.ch/slc5_amd64_gcc462/cms/coral/CORAL_2_3_21-cms27/slc5_amd64_gcc462/lib:/cvmfs/cms.cern.ch/slc5_amd64_gcc462/external/pyqt/4.8.1/lib/python2.6/site-packages:/cvmfs/cms.cern.ch/slc5_amd64_gcc462/external/py2-scipy/0.8.0/lib/python2.6/site-packages:/cvmfs/cms.cern.ch/slc5_amd64_gcc462/external/py2-matplotlib/1.0.1/lib/python2.6/site-packages:/cvmfs/cms.cern.ch/slc5_amd64_gcc462/external/python-ldap/2.3.5/lib/python2.6/site-packages:/cvmfs/cms.cern.ch/slc5_amd64_gcc462/external/sip/4.11.2/lib/python2.6/site-packages:/cvmfs/cms.cern.ch/slc5_amd64_gcc462/external/py2-pycurl/7.19.0/lib/python2.6/site-packages:/cvmfs/cms.cern.ch/slc5_amd64_gcc462/external/py2-numpy/1.6.1/lib/python2.6/site-packages:/cvmfs/cms.cern.ch/slc5_amd64_gcc462/external/py2-ipython/0.10/lib/python2.6/site-packages:/cvmfs/cms.cern.ch/slc5_amd64_gcc462/external/py2-cx-oracle/5.1-cms11/lib/python2.6/site-packages:/cvmfs/cms.cern.ch/slc5_amd64_gcc462/external/py2-cjson/1.0.5/lib/python2.6/site-packages:/cvmfs/cms.cern.ch/slc5_amd64_gcc462/cms/das-client/1.4.1-cms8/bin:/cvmfs/cms.cern.ch/slc5_amd64_gcc462/external/elementtree/1.2.6/share/lib/python2.6/site-packages:/cvmfs/cms.cern.ch/slc5_amd64_gcc462/external/rivet/1.5.1-cms10/lib/python2.6/site-packages:/cvmfs/cms.cern.ch/slc5_amd64_gcc462/external/pyminuit2/0.0.1-cms34/lib/python2.6/site-packages:/cvmfs/cms.cern.ch/slc5_amd64_gcc462/external/professor/1.0.0-cms35/lib/python2.6/site-packages:/cvmfs/cms.cern.ch/slc5_amd64_gcc462/lcg/root/5.32.00-cms18/lib:/cvmfs/cms.cern.ch/slc5_amd64_gcc462/cms/dbs-client/DBS_2_1_1_patch1_1/lib:/cvmfs/cms.cern.ch/slc5_amd64_gcc462/cms/dbs-client/DBS_2_1_1_patch1_1/lib/DBSAPI:/home/cms019/home_crobe_139658788/CREAM139658788/glide_KS1822/execute/dir_27990/
241a2a19cb7c5c8751ba22759ab3bdb0
PSETHASH = 241a2a19cb7c5c8751ba22759ab3bdb0
/home/cms019/home_crobe_139658788/CREAM139658788/glide_KS1822/execute/dir_27990/writeCfg.py pset.py pset.py
Importing .py file
Setting parameters
inputBlocks=/QCD_Pt_350_BCtoE_TuneZ2star_8TeV_pythia6/mario-Summer12-stop-pfele-step1-3d176ac8da5e9dff208d057f4733ca91/USER#4ea1313f-ce05-4b4d-b719-e18ef67ecf53
inputFiles=/store/user/mario/QCD_Pt_350_BCtoE_TuneZ2star_8TeV_pythia6/Summer12-stop-pfele-step1/3d176ac8da5e9dff208d057f4733ca91/tuple_192_4_JcM.root;/store/user/mario/QCD_Pt_350_BCtoE_TuneZ2star_8TeV_pythia6/Summer12-stop-pfele-step1/3d176ac8da5e9dff208d057f4733ca91/tuple_193_3_HJ3.root;/store/user/mario/QCD_Pt_350_BCtoE_TuneZ2star_8TeV_pythia6/Summer12-stop-pfele-step1/3d176ac8da5e9dff208d057f4733ca91/tuple_194_4_0ax.root;/store/user/mario/QCD_Pt_350_BCtoE_TuneZ2star_8TeV_pythia6/Summer12-stop-pfele-step1/3d176ac8da5e9dff208d057f4733ca91/tuple_195_3_Hxz.root;/store/user/mario/QCD_Pt_350_BCtoE_TuneZ2star_8TeV_pythia6/Summer12-stop-pfele-step1/3d176ac8da5e9dff208d057f4733ca91/tuple_196_4_IHX.root
parentFiles=
lumisRange=
>>> Executable cmsRun
/cvmfs/cms.cern.ch/slc5_amd64_gcc462/cms/cmssw/CMSSW_5_3_5/bin/slc5_amd64_gcc462/cmsRun
ok executable found
>>> info for dashboard:
***** Cat /home/cms019/home_crobe_139658788/CREAM139658788/glide_KS1822/execute/dir_27990/jobreport.txt *****
MonitorJobID=17_https://submit-2.t2.ucsd.edu//121127//17535.16
MonitorID=liis_crab_0_121127_013521_s7o4w6
ExeStart=cmsRun
***** End Cat jobreport *****
Parameters sent to Dashboard.
>>> cmsRun started at Tue Nov 27 00:45:11 UTC 2012
>>> cmsRun ended at Tue Nov 27 00:47:08 UTC 2012
>>> info for dashboard:
***** Cat /home/cms019/home_crobe_139658788/CREAM139658788/glide_KS1822/execute/dir_27990/jobreport.txt *****
MonitorJobID=17_https://submit-2.t2.ucsd.edu//121127//17535.16
MonitorID=liis_crab_0_121127_013521_s7o4w6
ExeEnd=cmsRun
***** End Cat jobreport *****
Parameters sent to Dashboard.
TIME_EXE = 117 sec
>>> cmsRun wrote 42 lines of stdout+stderr
>>> START OF printout of 42 lines from stdout+stderr
27-Nov-2012 02:45:45 EET  Initiating request to open file file:/hdfs/cms/store/user/mario/QCD_Pt_350_BCtoE_TuneZ2star_8TeV_pythia6/Summer12-stop-pfele-step1/3d176ac8da5e9dff208d057f4733ca91/tuple_192_4_JcM.root
27-Nov-2012 02:45:53 EET  Successfully opened file file:/hdfs/cms/store/user/mario/QCD_Pt_350_BCtoE_TuneZ2star_8TeV_pythia6/Summer12-stop-pfele-step1/3d176ac8da5e9dff208d057f4733ca91/tuple_192_4_JcM.root
Begin processing the 1st record. Run 1, Event 43051533, LumiSection 2646 at 27-Nov-2012 02:46:00.869 EET
Begin processing the 1001st record. Run 1, Event 45524290, LumiSection 2798 at 27-Nov-2012 02:46:09.271 EET
27-Nov-2012 02:46:11 EET  Closed file file:/hdfs/cms/store/user/mario/QCD_Pt_350_BCtoE_TuneZ2star_8TeV_pythia6/Summer12-stop-pfele-step1/3d176ac8da5e9dff208d057f4733ca91/tuple_192_4_JcM.root
27-Nov-2012 02:46:11 EET  Initiating request to open file file:/hdfs/cms/store/user/mario/QCD_Pt_350_BCtoE_TuneZ2star_8TeV_pythia6/Summer12-stop-pfele-step1/3d176ac8da5e9dff208d057f4733ca91/tuple_193_3_HJ3.root
27-Nov-2012 02:46:12 EET  Successfully opened file file:/hdfs/cms/store/user/mario/QCD_Pt_350_BCtoE_TuneZ2star_8TeV_pythia6/Summer12-stop-pfele-step1/3d176ac8da5e9dff208d057f4733ca91/tuple_193_3_HJ3.root
Begin processing the 2001st record. Run 1, Event 4797159, LumiSection 295 at 27-Nov-2012 02:46:20.821 EET
Begin processing the 3001st record. Run 1, Event 5382729, LumiSection 331 at 27-Nov-2012 02:46:25.147 EET
27-Nov-2012 02:46:28 EET  Closed file file:/hdfs/cms/store/user/mario/QCD_Pt_350_BCtoE_TuneZ2star_8TeV_pythia6/Summer12-stop-pfele-step1/3d176ac8da5e9dff208d057f4733ca91/tuple_193_3_HJ3.root
27-Nov-2012 02:46:28 EET  Initiating request to open file file:/hdfs/cms/store/user/mario/QCD_Pt_350_BCtoE_TuneZ2star_8TeV_pythia6/Summer12-stop-pfele-step1/3d176ac8da5e9dff208d057f4733ca91/tuple_194_4_0ax.root
27-Nov-2012 02:46:28 EET  Successfully opened file file:/hdfs/cms/store/user/mario/QCD_Pt_350_BCtoE_TuneZ2star_8TeV_pythia6/Summer12-stop-pfele-step1/3d176ac8da5e9dff208d057f4733ca91/tuple_194_4_0ax.root
Begin processing the 4001st record. Run 1, Event 20100907, LumiSection 1236 at 27-Nov-2012 02:46:38.108 EET
Begin processing the 5001st record. Run 1, Event 44581480, LumiSection 2740 at 27-Nov-2012 02:46:42.001 EET
Begin processing the 6001st record. Run 1, Event 55968424, LumiSection 3440 at 27-Nov-2012 02:46:46.548 EET
27-Nov-2012 02:46:46 EET  Closed file file:/hdfs/cms/store/user/mario/QCD_Pt_350_BCtoE_TuneZ2star_8TeV_pythia6/Summer12-stop-pfele-step1/3d176ac8da5e9dff208d057f4733ca91/tuple_194_4_0ax.root
27-Nov-2012 02:46:46 EET  Initiating request to open file file:/hdfs/cms/store/user/mario/QCD_Pt_350_BCtoE_TuneZ2star_8TeV_pythia6/Summer12-stop-pfele-step1/3d176ac8da5e9dff208d057f4733ca91/tuple_195_3_Hxz.root
27-Nov-2012 02:46:47 EET  Successfully opened file file:/hdfs/cms/store/user/mario/QCD_Pt_350_BCtoE_TuneZ2star_8TeV_pythia6/Summer12-stop-pfele-step1/3d176ac8da5e9dff208d057f4733ca91/tuple_195_3_Hxz.root
Begin processing the 7001st record. Run 1, Event 34991708, LumiSection 2151 at 27-Nov-2012 02:46:56.158 EET
Begin processing the 8001st record. Run 1, Event 39137576, LumiSection 2406 at 27-Nov-2012 02:47:01.060 EET
27-Nov-2012 02:47:02 EET  Closed file file:/hdfs/cms/store/user/mario/QCD_Pt_350_BCtoE_TuneZ2star_8TeV_pythia6/Summer12-stop-pfele-step1/3d176ac8da5e9dff208d057f4733ca91/tuple_195_3_Hxz.root
27-Nov-2012 02:47:02 EET  Initiating request to open file file:/hdfs/cms/store/user/mario/QCD_Pt_350_BCtoE_TuneZ2star_8TeV_pythia6/Summer12-stop-pfele-step1/3d176ac8da5e9dff208d057f4733ca91/tuple_196_4_IHX.root
27-Nov-2012 02:47:02 EET  Successfully opened file file:/hdfs/cms/store/user/mario/QCD_Pt_350_BCtoE_TuneZ2star_8TeV_pythia6/Summer12-stop-pfele-step1/3d176ac8da5e9dff208d057f4733ca91/tuple_196_4_IHX.root
27-Nov-2012 02:47:07 EET  Closed file file:/hdfs/cms/store/user/mario/QCD_Pt_350_BCtoE_TuneZ2star_8TeV_pythia6/Summer12-stop-pfele-step1/3d176ac8da5e9dff208d057f4733ca91/tuple_196_4_IHX.root

=============================================

MessageLogger Summary

 type     category        sev    module        subroutine        count    total
 ---- -------------------- -- ---------------- ----------------  -----    -----
    1 fileAction           -s file_close                             5        5
    2 fileAction           -s file_open                             10       10

 type    category    Examples: run/evt        run/evt          run/evt
 ---- -------------------- ---------------- ---------------- ----------------
    1 fileAction           PostProcessEvent PostProcessEvent PostEndRun
    2 fileAction           pre-events       pre-events       PostProcessEvent

Severity    # Occurrences   Total Occurrences
--------    -------------   -----------------
System                 15                  15
>>> END OF printout of 42 lines from stdout+stderr
>>> Parse FrameworkJobReport crab_fjr.xml
Result of parsing the FrameworkJobReport crab_fjr.xml: Popularity start
lumisRange : 1::2662,2667,2718::1;1::489,1590,1592,1688,2151,2303,2330,2336,2406,2423,2662,3086::2;1::489,1236,1244-1245,1402,1570,2740,3021,3031,3228,3388,3440::3;1::115,261,271,295-296,304,313,331,335,1142,1159,1570::4;1::115,2646,2650,2755,2783,2798,3540,3762,3848::5;
lumisParentRange : 
Basename : /store/user/mario/QCD_Pt_350_BCtoE_TuneZ2star_8TeV_pythia6/Summer12-stop-pfele-step1/3d176ac8da5e9dff208d057f4733ca91/tuple_19
BasenameParent : 
parentFiles : 
inputBlocks : /QCD_Pt_350_BCtoE_TuneZ2star_8TeV_pythia6/mario-Summer12-stop-pfele-step1-3d176ac8da5e9dff208d057f4733ca91/USER#4ea1313f-ce05-4b4d-b719-e18ef67ecf53
inputFiles : 6_4_IHX.root::1::EDM::Local::1;5_3_Hxz.root::1::EDM::Local::2;4_4_0ax.root::1::EDM::Local::3;3_3_HJ3.root::1::EDM::Local::4;2_4_JcM.root::1::EDM::Local::5;
Popularity stop
Extracted ExitStatus from FrameworkJobReport parsing output: 0
>>> Executable succeded  0
ExeExitCode=0
EXECUTABLE_EXIT_STATUS = 0
>>> current directory /home/cms019/home_crobe_139658788/CREAM139658788/glide_KS1822/execute/dir_27990/CMSSW_5_3_5
>>>  (SOFTWARE_DIR): /home/cms019/home_crobe_139658788/CREAM139658788/glide_KS1822/execute/dir_27990/CMSSW_5_3_5
>>> (WORKING_DIR): 
>>> current directory content:
total 148
drwxr-xr-x 3 cms019 cms  4096 Nov 27 02:44 .SCRAM
-rw-r--r-- 1 cms019 cms 30066 Nov 27 02:44 CMSSW.py.pkl
drwxr-xr-x 3 cms019 cms  4096 Nov 27 02:44 bin
drwxr-xr-x 3 cms019 cms  4096 Nov 27 02:44 cfipython
drwxr-xr-x 5 cms019 cms  4096 Nov 27 02:44 config
-rw-r--r-- 1 cms019 cms    15 Nov 27 02:47 cpu_timing.txt
drwxr-xr-x 2 cms019 cms  4096 Nov 27 02:44 doc
-rw-r--r-- 1 cms019 cms  4825 Nov 27 02:47 executable.out
drwxr-xr-x 2 cms019 cms  4096 Nov 27 02:44 include
drwxrwxrwx 3 cms019 cms  4096 Oct 22 16:38 lib
drwxr-xr-x 3 cms019 cms  4096 Nov 27 02:44 logs
drwxr-xr-x 3 cms019 cms  4096 Nov 27 02:44 objs
-rw-r--r-- 1 cms019 cms 16564 Nov 27 02:47 optHistograms.root
-rw-r--r-- 1 cms019 cms   104 Nov 27 02:45 pset.py
-rw-r--r-- 1 cms019 cms 19441 Nov 27 02:45 pset.py.pkl
-rw-r--r-- 1 cms019 cms   289 Nov 27 02:45 pset.pyc
drwxr-xr-x 2 cms019 cms  4096 Nov 27 02:44 python
-rw-r--r-- 1 cms019 cms   420 Nov 27 02:47 report.log
drwxrwxrwx 4 cms019 cms  4096 Nov 27 02:44 src
drwxr-xr-x 3 cms019 cms  4096 Nov 27 02:44 test
drwxr-xr-x 3 cms019 cms  4096 Nov 27 02:44 tmp
>>> current directory /home/cms019/home_crobe_139658788/CREAM139658788/glide_KS1822/execute/dir_27990/CMSSW_5_3_5
>>> (SOFTWARE_DIR): /home/cms019/home_crobe_139658788/CREAM139658788/glide_KS1822/execute/dir_27990/CMSSW_5_3_5
>>> (WORKING_DIR): 
>>> current directory content:
total 128
drwxr-xr-x 3 cms019 cms  4096 Nov 27 02:44 .SCRAM
-rw-r--r-- 1 cms019 cms 30066 Nov 27 02:44 CMSSW.py.pkl
drwxr-xr-x 3 cms019 cms  4096 Nov 27 02:44 bin
drwxr-xr-x 3 cms019 cms  4096 Nov 27 02:44 cfipython
drwxr-xr-x 5 cms019 cms  4096 Nov 27 02:44 config
-rw-r--r-- 1 cms019 cms    15 Nov 27 02:47 cpu_timing.txt
drwxr-xr-x 2 cms019 cms  4096 Nov 27 02:44 doc
-rw-r--r-- 1 cms019 cms  4825 Nov 27 02:47 executable.out
drwxr-xr-x 2 cms019 cms  4096 Nov 27 02:44 include
drwxrwxrwx 3 cms019 cms  4096 Oct 22 16:38 lib
drwxr-xr-x 3 cms019 cms  4096 Nov 27 02:44 logs
drwxr-xr-x 3 cms019 cms  4096 Nov 27 02:44 objs
-rw-r--r-- 1 cms019 cms   104 Nov 27 02:45 pset.py
-rw-r--r-- 1 cms019 cms 19441 Nov 27 02:45 pset.py.pkl
-rw-r--r-- 1 cms019 cms   289 Nov 27 02:45 pset.pyc
drwxr-xr-x 2 cms019 cms  4096 Nov 27 02:44 python
-rw-r--r-- 1 cms019 cms   420 Nov 27 02:47 report.log
drwxrwxrwx 4 cms019 cms  4096 Nov 27 02:44 src
drwxr-xr-x 3 cms019 cms  4096 Nov 27 02:44 test
drwxr-xr-x 3 cms019 cms  4096 Nov 27 02:44 tmp
>>> current directory (RUNTIME_AREA):  /home/cms019/home_crobe_139658788/CREAM139658788/glide_KS1822/execute/dir_27990
>>> current dir: /home/cms019/home_crobe_139658788/CREAM139658788/glide_KS1822/execute/dir_27990
>>> current dir content:
total 25752
-rw-rw-rw-  1 cms019 cms     5602 Nov 27 02:44 .job.ad
-rw-rw-rw-  1 cms019 cms    11430 Nov 27 02:44 .machine.ad
-rw-rw-rw-  1 cms019 cms      105 Nov 27 01:35 CMSSW.py
-rw-rw-rw-  1 cms019 cms    30066 Nov 27 01:35 CMSSW.py.pkl
-rwxrw-rw-  1 cms019 cms    23323 Nov 27 02:44 CMSSW.sh
-rw-rw-rw-  1 cms019 cms        0 Nov 27 02:44 CMSSW_17.stderr
-rw-rw-rw-  1 cms019 cms    17054 Nov 27 02:47 CMSSW_17.stdout
drwxr-xr-x 15 cms019 cms     4096 Nov 27 02:47 CMSSW_5_3_5
-rw-r--r--  1 cms019 cms      347 Nov 27 02:44 CacheEnv.sh
-rw-rw-rw-  1 cms019 cms     7291 Jun  9  2010 DashboardAPI.py
-rw-r--r--  1 cms019 cms     6883 Nov 27 02:45 DashboardAPI.pyc
drwxrwxrwx  3 cms019 cms     4096 Nov 27 02:47 IMProv
-rw-rw-rw-  1 cms019 cms     2748 Mar  8  2006 Logger.py
-rw-r--r--  1 cms019 cms     3353 Nov 27 02:45 Logger.pyc
-rw-rw-rw-  1 cms019 cms    24524 Mar 28  2008 ProcInfo.py
-rw-r--r--  1 cms019 cms    23470 Nov 27 02:45 ProcInfo.pyc
drwxrwxrwx  7 cms019 cms     4096 Nov 27 02:45 ProdCommon
drwxrwxrwx  3 cms019 cms     4096 Nov 27 02:44 WMCore
-rw-r--r--  1 cms019 cms     1814 Nov 27 02:47 Watchdog_17.log
-rw-rw-rw-  1 cms019 cms    32895 Mar 28  2008 apmon.py
-rw-r--r--  1 cms019 cms    28874 Nov 27 02:45 apmon.pyc
-rw-rw-rw-  1 cms019 cms    92722 Nov 27 02:44 arguments.xml
-rwxrwxrwx  1 cms019 cms    37427 Sep 13 14:14 cmscp.py
-rwxrwxrwx  1 cms019 cms    23323 Nov 27 02:44 condor_exec.exe
-rw-rw-rw-  1 cms019 cms      537 Nov 27 01:35 crab.cfg
-rwxrwxrwx  1 cms019 cms     9531 Sep 20 21:46 crabWatchdog.sh
-rw-r--r--  1 cms019 cms    30228 Nov 27 02:47 crab_fjr_17.xml
-rw-rw-rw-  1 cms019 cms 25796287 Nov 27 02:44 default.tgz
-rwxrwxrwx  1 cms019 cms     4488 May 12  2012 fillCrabFjr.py
-rw-r--r--  1 cms019 cms      892 Nov 27 02:45 inputsReport.txt
-rw-r--r--  1 cms019 cms      132 Nov 27 02:47 jobreport.txt
lrwxrwxrwx  1 cms019 cms      107 Nov 27 02:47 optHistograms.root -> /home/cms019/home_crobe_139658788/CREAM139658788/glide_KS1822/execute/dir_27990/optHistograms_17_1_ZLm.root
-rw-r--r--  1 cms019 cms    16564 Nov 27 02:47 optHistograms_17_1_ZLm.root
-rw-rw-rw-  1 cms019 cms    17352 Jan 20  2012 parseCrabFjr.py
-rw-r--r--  1 cms019 cms      285 Nov 27 02:44 report.log
-rwxrwxrwx  1 cms019 cms     1497 May 27  2009 report.py
-rwxrwxrwx  1 cms019 cms     8387 Mar 23  2011 writeCfg.py
-rw-------  1 cms019 cms     8691 Nov 27 02:44 x509up_u1000009
Checking output files:  
will tar file optHistograms_17_1_ZLm.root in  out_files_17
will tar file crab_fjr_17.xml in  out_files_17
will tar file CMSSW_17.stdout in  out_files_17
will tar file CMSSW_17.stderr in  out_files_17
WARNING: output file Watchdog_17.log.gz not found!
>>> padding time: Sleeping the wrapper for 452 seconds
STOPPING WATCHDOG. CrabWatchdog PID is 1811
********** LAST 50 LINES OF WATCHDOG LOG
# RESOURCE USAGE SUMMARY FOR PROCESS ID 29188
USER       PID %CPU %MEM    VSZ   RSS TTY      STAT START   TIME COMMAND
cms019   29188  0.2  0.0   8956  1484 ?        S    02:44   0:00 /bin/sh /home/cms019/home_crobe_139658788/CREAM139658788/glide_KS1822/execute/dir_27990/condor_exec.exe 17 1
 
# LIMITS USED BY THIS WATCHDOG:
# RSS  (KBytes)  : 2300000
# VSZ  (KBytes)  : 100000000
# DISK (MBytes)  : 19000
# CPU  (seconds) : 171600
# WALL (seconds) : 171600
 
# FOLLOWING PRINTOUT TRACKS MAXIMUM VALUES OF RESOURCES USE
# ONE LINE IS PRINTED EACH TIME A MAXIMUM CHANGES
# IF CHANGE WAS IN RSS OR VSZ ALSO PROCID AND COMMAND ARE PRINTED
# THERE IS NO PRINTOUT FOR CPU/WALL TIME INCREASE
 
# TIME			PID	RSS(KB)	VSZ(KB)	Dsk(MB)	tCPU(s)	tWALL(s)	COMMAND
 Nov 27 02:45:03 EET	1341	1328	8896	0	0	3045	-bash         
 Nov 27 02:45:03 EET	1436	1488	8952	0	0	3046	/bin/sh -l ./CREAM139658788_jobWrapper.sh       
 Nov 27 02:45:03 EET	1488	3788	8952	0	5	2083	condor_procd -A /home/cms019/home_crobe_139658788/CREAM139658788/glide_KS1822/log/procd_address.STARTD -L /home/cms019/home_crobe_139658788/CREAM139658788/glide_KS1822/log/ProcLog.STARTD -R 10000000 -S 60 -C
 Nov 27 02:45:03 EET	1734	3788	25504	0	0	3044	perl -e ?use Socket;??sub send_notify {? $cream_url = "193.40.150.124:49152";die "No
 Nov 27 02:45:03 EET	10455	6068	25504	0	1	3030	/home/cms019/home_crobe_139658788/CREAM139658788/glide_KS1822/main/condor/sbin/condor_master -f -pidfile /home/cms019/home_crobe_139658788/CREAM139658788/glide_KS1822/condor_master2.pid      
 Nov 27 02:45:03 EET	---	6068	25504	168	----	----	----
 Nov 27 02:46:07 EET	2433	351296	556544	168	19	58	cmsRun -j /home/cms019/home_crobe_139658788/CREAM139658788/glide_KS1822/execute/dir_27990/crab_fjr_17.xml -p pset.py     
 Nov 27 02:47:11 EET	---	351296	556544	169	----	----	----
********** WATCHDOG LOG ENDED
ZIPPING WATCHDOG LOG
Disk space used:
du -sh /home/cms019/home_crobe_139658788/CREAM139658788/glide_KS1822/execute/dir_27990
169M	/home/cms019/home_crobe_139658788/CREAM139658788/glide_KS1822/execute/dir_27990
>>> info for dashboard:
***** Cat /home/cms019/home_crobe_139658788/CREAM139658788/glide_KS1822/execute/dir_27990/jobreport.txt *****
MonitorJobID=17_https://submit-2.t2.ucsd.edu//121127//17535.16
MonitorID=liis_crab_0_121127_013521_s7o4w6
ExeTime=117
ExeExitCode=0
CrabUserCpuTime=46.66
CrabSysCpuTime=6.17
CrabCpuPercentage=45%
CrabWrapperTime=600
CrabStageoutTime=NULL
***** End Cat jobreport *****
Parameters sent to Dashboard.
optHistograms_17_1_ZLm.root
crab_fjr_17.xml
CMSSW_17.stdout
CMSSW_17.stderr
Watchdog_17.log.gz
tar: .BrokerInfo: Cannot stat: No such file or directory
tar: Error exit delayed from previous errors
Total Output dimension: 18599
WARNING: output files size limit is set to: 50000000
Total Output dimension 18599 is fine.
JOB_EXIT_STATUS = 0
>>> info for dashboard:
***** Cat /home/cms019/home_crobe_139658788/CREAM139658788/glide_KS1822/execute/dir_27990/jobreport.txt *****
MonitorJobID=17_https://submit-2.t2.ucsd.edu//121127//17535.16
MonitorID=liis_crab_0_121127_013521_s7o4w6
JobExitCode=0
***** End Cat jobreport *****
Parameters sent to Dashboard.
optHistograms_17_1_ZLm.root
crab_fjr_17.xml
