This script was generated by crab (version 2.8.3).
Running /home/cms019/home_creur_313609298/CREAM313609298/glide_L24006/execute/dir_19675/condor_exec.exe with 2 positional parameters: 48 1
Today is Tue Nov 27 02:48:44 EET 2012
Job submitted on host wn-v-3080.local
Linux wn-v-3080.local 2.6.32-042stab059.7 #1 SMP Tue Jul 24 19:12:01 MSK 2012 x86_64 x86_64 x86_64 GNU/Linux
>>> current directory (RUNTIME_AREA): /home/cms019/home_creur_313609298/CREAM313609298/glide_L24006/execute/dir_19675
>>> current user: uid=11019(cms019) gid=1400(cms) groups=1400(cms)
>>> voms proxy information:
subject   : /DC=ch/DC=cern/OU=Organic Units/OU=Users/CN=liis/CN=663550/CN=Liis Rebane/CN=proxy/CN=limited proxy
issuer    : /DC=ch/DC=cern/OU=Organic Units/OU=Users/CN=liis/CN=663550/CN=Liis Rebane/CN=proxy
identity  : /DC=ch/DC=cern/OU=Organic Units/OU=Users/CN=liis/CN=663550/CN=Liis Rebane/CN=proxy
type      : limited proxy
strength  : 512 bits
path      : /home/cms019/home_creur_313609298/CREAM313609298/glide_L24006/execute/dir_19675/x509up_u1000009
timeleft  : 23:58:51
key usage : Digital Signature, Key Encipherment, Data Encipherment
=== VO cms extension information ===
VO        : cms
subject   : /DC=ch/DC=cern/OU=Organic Units/OU=Users/CN=liis/CN=663550/CN=Liis Rebane
issuer    : /DC=ch/DC=cern/OU=computers/CN=lcg-voms.cern.ch
attribute : /cms/Role=NULL/Capability=NULL
timeleft  : 190:36:53
uri       : lcg-voms.cern.ch:15002
>>> tar xzf /home/cms019/home_creur_313609298/CREAM313609298/glide_L24006/execute/dir_19675/default.tgz :
Successful untar
>>> Include /home/cms019/home_creur_313609298/CREAM313609298/glide_L24006/execute/dir_19675 in PYTHONPATH:
strip arguments
env var CRAB_UNIQUE_JOB_ID set to: liis_crab_0_121127_013521_s7o4w6_48_1_MVt
out_files_48
>>> list of expected files on output sandbox
output files: optHistograms_48_1_MVt.root crab_fjr_48.xml CMSSW_48.stdout CMSSW_48.stderr Watchdog_48.log.gz
>>> GridFlavour discovery: 
GridFlavour=LCG
>>> SyncSite discovery: 
SyncSite=T2_EE_Estonia
>>> SyncCE discovery: 
getting SyncCE from CE_ID
SyncCE=europa.hep.kbfi.ee:8443/cream-pbs-long
>>> info for dashboard:
***** Cat /home/cms019/home_creur_313609298/CREAM313609298/glide_L24006/execute/dir_19675/jobreport.txt *****
MonitorJobID=48_https://submit-2.t2.ucsd.edu//121127//17535.47
SyncGridJobId=https://submit-2.t2.ucsd.edu//121127//17535.47
MonitorID=liis_crab_0_121127_013521_s7o4w6
GridFlavour=LCG
SyncSite=T2_EE_Estonia
SyncCE=europa.hep.kbfi.ee:8443/cream-pbs-long
***** End Cat jobreport *****
Parameters sent to Dashboard.
>>> setup environment
set SCRAM ARCH to slc5_amd64_gcc462
SCRAM_ARCH = slc5_amd64_gcc462
>>> setup CMS LCG environment:
set SCRAM ARCH and BUILD_ARCH to slc5_amd64_gcc462 ###
Sourcing environment... 
sourcing /cvmfs/cms.cern.ch/cmsset_default.sh
==> setup cms environment ok
>>> specific cmssw setup environment:
CMSSW_VERSION =  CMSSW_5_3_5
>>> current directory (SOFTWARE_DIR): /home/cms019/home_creur_313609298/CREAM313609298/glide_L24006/execute/dir_19675/CMSSW_5_3_5
PreserveSeeds: <>
IncrementSeeds:<>
{}
WNHostName=wn-v-3080.local
>>> info for dashboard:
***** Cat /home/cms019/home_creur_313609298/CREAM313609298/glide_L24006/execute/dir_19675/jobreport.txt *****
MonitorJobID=48_https://submit-2.t2.ucsd.edu//121127//17535.47
MonitorID=liis_crab_0_121127_013521_s7o4w6
WNHostName=wn-v-3080.local
***** End Cat jobreport *****
Parameters sent to Dashboard.
crabWatchdog started as process 24623
>>> moving CMSSW software directories in /home/cms019/home_creur_313609298/CREAM313609298/glide_L24006/execute/dir_19675/CMSSW_5_3_5
mv: cannot stat `/home/cms019/home_creur_313609298/CREAM313609298/glide_L24006/execute/dir_19675/module/': No such file or directory
>>> Include /home/cms019/home_creur_313609298/CREAM313609298/glide_L24006/execute/dir_19675 in PYTHONPATH:
PYTHONPATH=/home/cms019/home_creur_313609298/CREAM313609298/glide_L24006/execute/dir_19675/:/home/cms019/home_creur_313609298/CREAM313609298/glide_L24006/execute/dir_19675/CMSSW_5_3_5/python:/home/cms019/home_creur_313609298/CREAM313609298/glide_L24006/execute/dir_19675/CMSSW_5_3_5/lib/slc5_amd64_gcc462:/cvmfs/cms.cern.ch/slc5_amd64_gcc462/cms/cmssw/CMSSW_5_3_5/python:/cvmfs/cms.cern.ch/slc5_amd64_gcc462/cms/cmssw/CMSSW_5_3_5/lib/slc5_amd64_gcc462:/cvmfs/cms.cern.ch/slc5_amd64_gcc462/cms/coral/CORAL_2_3_21-cms27/slc5_amd64_gcc462/python:/cvmfs/cms.cern.ch/slc5_amd64_gcc462/cms/coral/CORAL_2_3_21-cms27/slc5_amd64_gcc462/lib:/cvmfs/cms.cern.ch/slc5_amd64_gcc462/external/pyqt/4.8.1/lib/python2.6/site-packages:/cvmfs/cms.cern.ch/slc5_amd64_gcc462/external/py2-scipy/0.8.0/lib/python2.6/site-packages:/cvmfs/cms.cern.ch/slc5_amd64_gcc462/external/py2-matplotlib/1.0.1/lib/python2.6/site-packages:/cvmfs/cms.cern.ch/slc5_amd64_gcc462/external/python-ldap/2.3.5/lib/python2.6/site-packages:/cvmfs/cms.cern.ch/slc5_amd64_gcc462/external/sip/4.11.2/lib/python2.6/site-packages:/cvmfs/cms.cern.ch/slc5_amd64_gcc462/external/py2-pycurl/7.19.0/lib/python2.6/site-packages:/cvmfs/cms.cern.ch/slc5_amd64_gcc462/external/py2-numpy/1.6.1/lib/python2.6/site-packages:/cvmfs/cms.cern.ch/slc5_amd64_gcc462/external/py2-ipython/0.10/lib/python2.6/site-packages:/cvmfs/cms.cern.ch/slc5_amd64_gcc462/external/py2-cx-oracle/5.1-cms11/lib/python2.6/site-packages:/cvmfs/cms.cern.ch/slc5_amd64_gcc462/external/py2-cjson/1.0.5/lib/python2.6/site-packages:/cvmfs/cms.cern.ch/slc5_amd64_gcc462/cms/das-client/1.4.1-cms8/bin:/cvmfs/cms.cern.ch/slc5_amd64_gcc462/external/elementtree/1.2.6/share/lib/python2.6/site-packages:/cvmfs/cms.cern.ch/slc5_amd64_gcc462/external/rivet/1.5.1-cms10/lib/python2.6/site-packages:/cvmfs/cms.cern.ch/slc5_amd64_gcc462/external/pyminuit2/0.0.1-cms34/lib/python2.6/site-packages:/cvmfs/cms.cern.ch/slc5_amd64_gcc462/external/professor/1.0.0-cms35/lib/python2.6/site-packages:/cvmfs/cms.cern.ch/slc5_amd64_gcc462/lcg/root/5.32.00-cms18/lib:/cvmfs/cms.cern.ch/slc5_amd64_gcc462/cms/dbs-client/DBS_2_1_1_patch1_1/lib:/cvmfs/cms.cern.ch/slc5_amd64_gcc462/cms/dbs-client/DBS_2_1_1_patch1_1/lib/DBSAPI:/home/cms019/home_creur_313609298/CREAM313609298/glide_L24006/execute/dir_19675/
241a2a19cb7c5c8751ba22759ab3bdb0
PSETHASH = 241a2a19cb7c5c8751ba22759ab3bdb0
/home/cms019/home_creur_313609298/CREAM313609298/glide_L24006/execute/dir_19675/writeCfg.py pset.py pset.py
Importing .py file
Setting parameters
inputBlocks=/QCD_Pt_350_BCtoE_TuneZ2star_8TeV_pythia6/mario-Summer12-stop-pfele-step1-3d176ac8da5e9dff208d057f4733ca91/USER#4ea1313f-ce05-4b4d-b719-e18ef67ecf53
inputFiles=/store/user/mario/QCD_Pt_350_BCtoE_TuneZ2star_8TeV_pythia6/Summer12-stop-pfele-step1/3d176ac8da5e9dff208d057f4733ca91/tuple_294_3_Gyw.root;/store/user/mario/QCD_Pt_350_BCtoE_TuneZ2star_8TeV_pythia6/Summer12-stop-pfele-step1/3d176ac8da5e9dff208d057f4733ca91/tuple_295_3_KSB.root;/store/user/mario/QCD_Pt_350_BCtoE_TuneZ2star_8TeV_pythia6/Summer12-stop-pfele-step1/3d176ac8da5e9dff208d057f4733ca91/tuple_296_3_pus.root;/store/user/mario/QCD_Pt_350_BCtoE_TuneZ2star_8TeV_pythia6/Summer12-stop-pfele-step1/3d176ac8da5e9dff208d057f4733ca91/tuple_297_3_ABI.root;/store/user/mario/QCD_Pt_350_BCtoE_TuneZ2star_8TeV_pythia6/Summer12-stop-pfele-step1/3d176ac8da5e9dff208d057f4733ca91/tuple_298_3_3PY.root
parentFiles=
lumisRange=
>>> Executable cmsRun
/cvmfs/cms.cern.ch/slc5_amd64_gcc462/cms/cmssw/CMSSW_5_3_5/bin/slc5_amd64_gcc462/cmsRun
ok executable found
>>> info for dashboard:
***** Cat /home/cms019/home_creur_313609298/CREAM313609298/glide_L24006/execute/dir_19675/jobreport.txt *****
MonitorJobID=48_https://submit-2.t2.ucsd.edu//121127//17535.47
MonitorID=liis_crab_0_121127_013521_s7o4w6
ExeStart=cmsRun
***** End Cat jobreport *****
Parameters sent to Dashboard.
>>> cmsRun started at Tue Nov 27 00:49:02 UTC 2012
>>> cmsRun ended at Tue Nov 27 00:50:29 UTC 2012
>>> info for dashboard:
***** Cat /home/cms019/home_creur_313609298/CREAM313609298/glide_L24006/execute/dir_19675/jobreport.txt *****
MonitorJobID=48_https://submit-2.t2.ucsd.edu//121127//17535.47
MonitorID=liis_crab_0_121127_013521_s7o4w6
ExeEnd=cmsRun
***** End Cat jobreport *****
Parameters sent to Dashboard.
TIME_EXE = 87 sec
>>> cmsRun wrote 42 lines of stdout+stderr
>>> START OF printout of 42 lines from stdout+stderr
27-Nov-2012 02:49:14 EET  Initiating request to open file file:/hdfs/cms/store/user/mario/QCD_Pt_350_BCtoE_TuneZ2star_8TeV_pythia6/Summer12-stop-pfele-step1/3d176ac8da5e9dff208d057f4733ca91/tuple_294_3_Gyw.root
27-Nov-2012 02:49:21 EET  Successfully opened file file:/hdfs/cms/store/user/mario/QCD_Pt_350_BCtoE_TuneZ2star_8TeV_pythia6/Summer12-stop-pfele-step1/3d176ac8da5e9dff208d057f4733ca91/tuple_294_3_Gyw.root
Begin processing the 1st record. Run 1, Event 63048327, LumiSection 3875 at 27-Nov-2012 02:49:29.697 EET
27-Nov-2012 02:49:33 EET  Closed file file:/hdfs/cms/store/user/mario/QCD_Pt_350_BCtoE_TuneZ2star_8TeV_pythia6/Summer12-stop-pfele-step1/3d176ac8da5e9dff208d057f4733ca91/tuple_294_3_Gyw.root
27-Nov-2012 02:49:33 EET  Initiating request to open file file:/hdfs/cms/store/user/mario/QCD_Pt_350_BCtoE_TuneZ2star_8TeV_pythia6/Summer12-stop-pfele-step1/3d176ac8da5e9dff208d057f4733ca91/tuple_295_3_KSB.root
27-Nov-2012 02:49:33 EET  Successfully opened file file:/hdfs/cms/store/user/mario/QCD_Pt_350_BCtoE_TuneZ2star_8TeV_pythia6/Summer12-stop-pfele-step1/3d176ac8da5e9dff208d057f4733ca91/tuple_295_3_KSB.root
Begin processing the 1001st record. Run 1, Event 46041613, LumiSection 2830 at 27-Nov-2012 02:49:42.006 EET
Begin processing the 2001st record. Run 1, Event 64357651, LumiSection 3956 at 27-Nov-2012 02:49:45.721 EET
27-Nov-2012 02:49:48 EET  Closed file file:/hdfs/cms/store/user/mario/QCD_Pt_350_BCtoE_TuneZ2star_8TeV_pythia6/Summer12-stop-pfele-step1/3d176ac8da5e9dff208d057f4733ca91/tuple_295_3_KSB.root
27-Nov-2012 02:49:48 EET  Initiating request to open file file:/hdfs/cms/store/user/mario/QCD_Pt_350_BCtoE_TuneZ2star_8TeV_pythia6/Summer12-stop-pfele-step1/3d176ac8da5e9dff208d057f4733ca91/tuple_296_3_pus.root
27-Nov-2012 02:49:49 EET  Successfully opened file file:/hdfs/cms/store/user/mario/QCD_Pt_350_BCtoE_TuneZ2star_8TeV_pythia6/Summer12-stop-pfele-step1/3d176ac8da5e9dff208d057f4733ca91/tuple_296_3_pus.root
Begin processing the 3001st record. Run 1, Event 66694087, LumiSection 4099 at 27-Nov-2012 02:49:54.738 EET
Begin processing the 4001st record. Run 1, Event 3704821, LumiSection 228 at 27-Nov-2012 02:49:58.637 EET
27-Nov-2012 02:50:03 EET  Closed file file:/hdfs/cms/store/user/mario/QCD_Pt_350_BCtoE_TuneZ2star_8TeV_pythia6/Summer12-stop-pfele-step1/3d176ac8da5e9dff208d057f4733ca91/tuple_296_3_pus.root
27-Nov-2012 02:50:03 EET  Initiating request to open file file:/hdfs/cms/store/user/mario/QCD_Pt_350_BCtoE_TuneZ2star_8TeV_pythia6/Summer12-stop-pfele-step1/3d176ac8da5e9dff208d057f4733ca91/tuple_297_3_ABI.root
27-Nov-2012 02:50:03 EET  Successfully opened file file:/hdfs/cms/store/user/mario/QCD_Pt_350_BCtoE_TuneZ2star_8TeV_pythia6/Summer12-stop-pfele-step1/3d176ac8da5e9dff208d057f4733ca91/tuple_297_3_ABI.root
Begin processing the 5001st record. Run 1, Event 46898801, LumiSection 2883 at 27-Nov-2012 02:50:08.305 EET
Begin processing the 6001st record. Run 1, Event 42696092, LumiSection 2625 at 27-Nov-2012 02:50:12.406 EET
Begin processing the 7001st record. Run 1, Event 48419804, LumiSection 2976 at 27-Nov-2012 02:50:16.795 EET
27-Nov-2012 02:50:17 EET  Closed file file:/hdfs/cms/store/user/mario/QCD_Pt_350_BCtoE_TuneZ2star_8TeV_pythia6/Summer12-stop-pfele-step1/3d176ac8da5e9dff208d057f4733ca91/tuple_297_3_ABI.root
27-Nov-2012 02:50:17 EET  Initiating request to open file file:/hdfs/cms/store/user/mario/QCD_Pt_350_BCtoE_TuneZ2star_8TeV_pythia6/Summer12-stop-pfele-step1/3d176ac8da5e9dff208d057f4733ca91/tuple_298_3_3PY.root
27-Nov-2012 02:50:17 EET  Successfully opened file file:/hdfs/cms/store/user/mario/QCD_Pt_350_BCtoE_TuneZ2star_8TeV_pythia6/Summer12-stop-pfele-step1/3d176ac8da5e9dff208d057f4733ca91/tuple_298_3_3PY.root
Begin processing the 8001st record. Run 1, Event 51571220, LumiSection 3170 at 27-Nov-2012 02:50:23.867 EET
27-Nov-2012 02:50:26 EET  Closed file file:/hdfs/cms/store/user/mario/QCD_Pt_350_BCtoE_TuneZ2star_8TeV_pythia6/Summer12-stop-pfele-step1/3d176ac8da5e9dff208d057f4733ca91/tuple_298_3_3PY.root

=============================================

MessageLogger Summary

 type     category        sev    module        subroutine        count    total
 ---- -------------------- -- ---------------- ----------------  -----    -----
    1 fileAction           -s file_close                             5        5
    2 fileAction           -s file_open                             10       10

 type    category    Examples: run/evt        run/evt          run/evt
 ---- -------------------- ---------------- ---------------- ----------------
    1 fileAction           PostProcessEvent PostProcessEvent PostEndRun
    2 fileAction           pre-events       pre-events       PostProcessEvent

Severity    # Occurrences   Total Occurrences
--------    -------------   -----------------
System                 15                  15
>>> END OF printout of 42 lines from stdout+stderr
>>> Parse FrameworkJobReport crab_fjr.xml
Result of parsing the FrameworkJobReport crab_fjr.xml: Popularity start
lumisRange : 1::1542,2622,2625,2679,2689,2759,2771,2848,2883,2972,2976,3673::1;1::2684,2816,2830-2831,2995,3149,3168,3687,3956,4046,4062,4123::2;1::228,1086,1750,2771,3047,4062,4095-4096,4099,4105,4130::3;1::2682,2684,3875::4;1::120,1087,2848,2850,2991,3167,3170,3377,3756::5;
lumisParentRange : 
Basename : /store/user/mario/QCD_Pt_350_BCtoE_TuneZ2star_8TeV_pythia6/Summer12-stop-pfele-step1/3d176ac8da5e9dff208d057f4733ca91/tuple_29
BasenameParent : 
parentFiles : 
inputBlocks : /QCD_Pt_350_BCtoE_TuneZ2star_8TeV_pythia6/mario-Summer12-stop-pfele-step1-3d176ac8da5e9dff208d057f4733ca91/USER#4ea1313f-ce05-4b4d-b719-e18ef67ecf53
inputFiles : 7_3_ABI.root::1::EDM::Local::1;5_3_KSB.root::1::EDM::Local::2;6_3_pus.root::1::EDM::Local::3;4_3_Gyw.root::1::EDM::Local::4;8_3_3PY.root::1::EDM::Local::5;
Popularity stop
Extracted ExitStatus from FrameworkJobReport parsing output: 0
>>> Executable succeded  0
ExeExitCode=0
EXECUTABLE_EXIT_STATUS = 0
>>> current directory /home/cms019/home_creur_313609298/CREAM313609298/glide_L24006/execute/dir_19675/CMSSW_5_3_5
>>>  (SOFTWARE_DIR): /home/cms019/home_creur_313609298/CREAM313609298/glide_L24006/execute/dir_19675/CMSSW_5_3_5
>>> (WORKING_DIR): 
>>> current directory content:
total 148
drwxr-xr-x 3 cms019 cms  4096 Nov 27 02:48 .SCRAM
-rw-r--r-- 1 cms019 cms 30066 Nov 27 02:48 CMSSW.py.pkl
drwxr-xr-x 3 cms019 cms  4096 Nov 27 02:48 bin
drwxr-xr-x 3 cms019 cms  4096 Nov 27 02:48 cfipython
drwxr-xr-x 5 cms019 cms  4096 Nov 27 02:48 config
-rw-r--r-- 1 cms019 cms    15 Nov 27 02:50 cpu_timing.txt
drwxr-xr-x 2 cms019 cms  4096 Nov 27 02:48 doc
-rw-r--r-- 1 cms019 cms  4827 Nov 27 02:50 executable.out
drwxr-xr-x 2 cms019 cms  4096 Nov 27 02:48 include
drwxrwxrwx 3 cms019 cms  4096 Oct 22 16:38 lib
drwxr-xr-x 3 cms019 cms  4096 Nov 27 02:48 logs
drwxr-xr-x 3 cms019 cms  4096 Nov 27 02:48 objs
-rw-r--r-- 1 cms019 cms 16571 Nov 27 02:50 optHistograms.root
-rw-r--r-- 1 cms019 cms   104 Nov 27 02:48 pset.py
-rw-r--r-- 1 cms019 cms 19461 Nov 27 02:48 pset.py.pkl
-rw-r--r-- 1 cms019 cms   289 Nov 27 02:48 pset.pyc
drwxr-xr-x 2 cms019 cms  4096 Nov 27 02:48 python
-rw-r--r-- 1 cms019 cms   420 Nov 27 02:50 report.log
drwxrwxrwx 4 cms019 cms  4096 Nov 27 02:48 src
drwxr-xr-x 3 cms019 cms  4096 Nov 27 02:48 test
drwxr-xr-x 3 cms019 cms  4096 Nov 27 02:48 tmp
>>> current directory /home/cms019/home_creur_313609298/CREAM313609298/glide_L24006/execute/dir_19675/CMSSW_5_3_5
>>> (SOFTWARE_DIR): /home/cms019/home_creur_313609298/CREAM313609298/glide_L24006/execute/dir_19675/CMSSW_5_3_5
>>> (WORKING_DIR): 
>>> current directory content:
total 128
drwxr-xr-x 3 cms019 cms  4096 Nov 27 02:48 .SCRAM
-rw-r--r-- 1 cms019 cms 30066 Nov 27 02:48 CMSSW.py.pkl
drwxr-xr-x 3 cms019 cms  4096 Nov 27 02:48 bin
drwxr-xr-x 3 cms019 cms  4096 Nov 27 02:48 cfipython
drwxr-xr-x 5 cms019 cms  4096 Nov 27 02:48 config
-rw-r--r-- 1 cms019 cms    15 Nov 27 02:50 cpu_timing.txt
drwxr-xr-x 2 cms019 cms  4096 Nov 27 02:48 doc
-rw-r--r-- 1 cms019 cms  4827 Nov 27 02:50 executable.out
drwxr-xr-x 2 cms019 cms  4096 Nov 27 02:48 include
drwxrwxrwx 3 cms019 cms  4096 Oct 22 16:38 lib
drwxr-xr-x 3 cms019 cms  4096 Nov 27 02:48 logs
drwxr-xr-x 3 cms019 cms  4096 Nov 27 02:48 objs
-rw-r--r-- 1 cms019 cms   104 Nov 27 02:48 pset.py
-rw-r--r-- 1 cms019 cms 19461 Nov 27 02:48 pset.py.pkl
-rw-r--r-- 1 cms019 cms   289 Nov 27 02:48 pset.pyc
drwxr-xr-x 2 cms019 cms  4096 Nov 27 02:48 python
-rw-r--r-- 1 cms019 cms   420 Nov 27 02:50 report.log
drwxrwxrwx 4 cms019 cms  4096 Nov 27 02:48 src
drwxr-xr-x 3 cms019 cms  4096 Nov 27 02:48 test
drwxr-xr-x 3 cms019 cms  4096 Nov 27 02:48 tmp
>>> current directory (RUNTIME_AREA):  /home/cms019/home_creur_313609298/CREAM313609298/glide_L24006/execute/dir_19675
>>> current dir: /home/cms019/home_creur_313609298/CREAM313609298/glide_L24006/execute/dir_19675
>>> current dir content:
total 25752
-rw-rw-rw-  1 cms019 cms     5591 Nov 27 02:48 .job.ad
-rw-rw-rw-  1 cms019 cms    11375 Nov 27 02:48 .machine.ad
-rw-rw-rw-  1 cms019 cms      105 Nov 27 01:35 CMSSW.py
-rw-rw-rw-  1 cms019 cms    30066 Nov 27 01:35 CMSSW.py.pkl
-rwxrw-rw-  1 cms019 cms    23323 Nov 27 02:48 CMSSW.sh
-rw-rw-rw-  1 cms019 cms        0 Nov 27 02:48 CMSSW_48.stderr
-rw-rw-rw-  1 cms019 cms    17061 Nov 27 02:50 CMSSW_48.stdout
drwxr-xr-x 15 cms019 cms     4096 Nov 27 02:50 CMSSW_5_3_5
-rw-r--r--  1 cms019 cms      347 Nov 27 02:48 CacheEnv.sh
-rw-rw-rw-  1 cms019 cms     7291 Jun  9  2010 DashboardAPI.py
-rw-r--r--  1 cms019 cms     6883 Nov 27 02:48 DashboardAPI.pyc
drwxrwxrwx  3 cms019 cms     4096 Nov 27 02:50 IMProv
-rw-rw-rw-  1 cms019 cms     2748 Mar  8  2006 Logger.py
-rw-r--r--  1 cms019 cms     3353 Nov 27 02:48 Logger.pyc
-rw-rw-rw-  1 cms019 cms    24524 Mar 28  2008 ProcInfo.py
-rw-r--r--  1 cms019 cms    23470 Nov 27 02:48 ProcInfo.pyc
drwxrwxrwx  7 cms019 cms     4096 Nov 27 02:48 ProdCommon
drwxrwxrwx  3 cms019 cms     4096 Nov 27 02:48 WMCore
-rw-r--r--  1 cms019 cms     1584 Nov 27 02:50 Watchdog_48.log
-rw-rw-rw-  1 cms019 cms    32895 Mar 28  2008 apmon.py
-rw-r--r--  1 cms019 cms    28874 Nov 27 02:48 apmon.pyc
-rw-rw-rw-  1 cms019 cms    92722 Nov 27 02:48 arguments.xml
-rwxrwxrwx  1 cms019 cms    37427 Sep 13 14:14 cmscp.py
-rwxrwxrwx  1 cms019 cms    23323 Nov 27 02:48 condor_exec.exe
-rw-rw-rw-  1 cms019 cms      537 Nov 27 01:35 crab.cfg
-rwxrwxrwx  1 cms019 cms     9531 Sep 20 21:46 crabWatchdog.sh
-rw-r--r--  1 cms019 cms    30212 Nov 27 02:50 crab_fjr_48.xml
-rw-rw-rw-  1 cms019 cms 25796287 Nov 27 02:48 default.tgz
-rwxrwxrwx  1 cms019 cms     4488 May 12  2012 fillCrabFjr.py
-rw-r--r--  1 cms019 cms      892 Nov 27 02:48 inputsReport.txt
-rw-r--r--  1 cms019 cms      131 Nov 27 02:50 jobreport.txt
lrwxrwxrwx  1 cms019 cms      107 Nov 27 02:50 optHistograms.root -> /home/cms019/home_creur_313609298/CREAM313609298/glide_L24006/execute/dir_19675/optHistograms_48_1_MVt.root
-rw-r--r--  1 cms019 cms    16571 Nov 27 02:50 optHistograms_48_1_MVt.root
-rw-rw-rw-  1 cms019 cms    17352 Jan 20  2012 parseCrabFjr.py
-rw-r--r--  1 cms019 cms      285 Nov 27 02:48 report.log
-rwxrwxrwx  1 cms019 cms     1497 May 27  2009 report.py
-rwxrwxrwx  1 cms019 cms     8387 Mar 23  2011 writeCfg.py
-rw-------  1 cms019 cms     8687 Nov 27 02:48 x509up_u1000009
Checking output files:  
will tar file optHistograms_48_1_MVt.root in  out_files_48
will tar file crab_fjr_48.xml in  out_files_48
will tar file CMSSW_48.stdout in  out_files_48
will tar file CMSSW_48.stderr in  out_files_48
WARNING: output file Watchdog_48.log.gz not found!
>>> padding time: Sleeping the wrapper for 480 seconds
STOPPING WATCHDOG. CrabWatchdog PID is 24623
********** LAST 50 LINES OF WATCHDOG LOG
awk: (FILENAME=- FNR=1) warning: error writing standard output (Broken pipe)
# RESOURCE USAGE SUMMARY FOR PROCESS ID 21935
USER       PID %CPU %MEM    VSZ   RSS TTY      STAT START   TIME COMMAND
cms019   21935  0.2  0.0   8956  1484 ?        S    02:48   0:00 /bin/sh /home/cms019/home_creur_313609298/CREAM313609298/glide_L24006/execute/dir_19675/condor_exec.exe 48 1
 
# LIMITS USED BY THIS WATCHDOG:
# RSS  (KBytes)  : 2300000
# VSZ  (KBytes)  : 100000000
# DISK (MBytes)  : 19000
# CPU  (seconds) : 171600
# WALL (seconds) : 171600
 
# FOLLOWING PRINTOUT TRACKS MAXIMUM VALUES OF RESOURCES USE
# ONE LINE IS PRINTED EACH TIME A MAXIMUM CHANGES
# IF CHANGE WAS IN RSS OR VSZ ALSO PROCID AND COMMAND ARE PRINTED
# THERE IS NO PRINTOUT FOR CPU/WALL TIME INCREASE
 
# TIME			PID	RSS(KB)	VSZ(KB)	Dsk(MB)	tCPU(s)	tWALL(s)	COMMAND
 Nov 27 02:48:53 EET	985	5972	9672	0	0	863	/home/cms019/home_creur_313609298/CREAM313609298/glide_L24006/main/condor/sbin/condor_master -f -pidfile /home/cms019/home_creur_313609298/CREAM313609298/glide_L24006/condor_master2.pid      
 Nov 27 02:48:53 EET	23953	5972	25504	0	0	897	perl -e ?use Socket;??sub send_notify {? $cream_url = "193.40.150.134:49152";die "No
 Nov 27 02:48:53 EET	---	5972	25504	168	----	----	----
 Nov 27 02:49:57 EET	985	5980	25504	168	0	926	/home/cms019/home_creur_313609298/CREAM313609298/glide_L24006/main/condor/sbin/condor_master -f -pidfile /home/cms019/home_creur_313609298/CREAM313609298/glide_L24006/condor_master2.pid      
 Nov 27 02:49:57 EET	26781	313000	477796	168	32	61	cmsRun -j /home/cms019/home_creur_313609298/CREAM313609298/glide_L24006/execute/dir_19675/crab_fjr_48.xml -p pset.py     
 Nov 27 02:51:04 EET	---	313000	477796	169	----	----	----
********** WATCHDOG LOG ENDED
ZIPPING WATCHDOG LOG
Disk space used:
du -sh /home/cms019/home_creur_313609298/CREAM313609298/glide_L24006/execute/dir_19675
169M	/home/cms019/home_creur_313609298/CREAM313609298/glide_L24006/execute/dir_19675
>>> info for dashboard:
***** Cat /home/cms019/home_creur_313609298/CREAM313609298/glide_L24006/execute/dir_19675/jobreport.txt *****
MonitorJobID=48_https://submit-2.t2.ucsd.edu//121127//17535.47
MonitorID=liis_crab_0_121127_013521_s7o4w6
ExeTime=87
ExeExitCode=0
CrabUserCpuTime=45.43
CrabSysCpuTime=4.15
CrabCpuPercentage=57%
CrabWrapperTime=600
CrabStageoutTime=NULL
***** End Cat jobreport *****
Parameters sent to Dashboard.
optHistograms_48_1_MVt.root
crab_fjr_48.xml
CMSSW_48.stdout
CMSSW_48.stderr
Watchdog_48.log.gz
tar: .BrokerInfo: Cannot stat: No such file or directory
tar: Error exit delayed from previous errors
Total Output dimension: 18490
WARNING: output files size limit is set to: 50000000
Total Output dimension 18490 is fine.
JOB_EXIT_STATUS = 0
>>> info for dashboard:
***** Cat /home/cms019/home_creur_313609298/CREAM313609298/glide_L24006/execute/dir_19675/jobreport.txt *****
MonitorJobID=48_https://submit-2.t2.ucsd.edu//121127//17535.47
MonitorID=liis_crab_0_121127_013521_s7o4w6
JobExitCode=0
***** End Cat jobreport *****
Parameters sent to Dashboard.
optHistograms_48_1_MVt.root
crab_fjr_48.xml
