This script was generated by crab (version 2.8.3).
Running /home/cms003/home_creur_235990267/CREAM235990267/glide_yt9324/execute/dir_16958/condor_exec.exe with 2 positional parameters: 8 1
Today is Tue Nov 27 02:43:40 EET 2012
Job submitted on host wn-v-3980.local
Linux wn-v-3980.local 2.6.32-042stab059.7 #1 SMP Tue Jul 24 19:12:01 MSK 2012 x86_64 x86_64 x86_64 GNU/Linux
>>> current directory (RUNTIME_AREA): /home/cms003/home_creur_235990267/CREAM235990267/glide_yt9324/execute/dir_16958
>>> current user: uid=11003(cms003) gid=1400(cms) groups=1400(cms)
>>> voms proxy information:
subject   : /DC=ch/DC=cern/OU=Organic Units/OU=Users/CN=liis/CN=663550/CN=Liis Rebane/CN=proxy/CN=limited proxy
issuer    : /DC=ch/DC=cern/OU=Organic Units/OU=Users/CN=liis/CN=663550/CN=Liis Rebane/CN=proxy
identity  : /DC=ch/DC=cern/OU=Organic Units/OU=Users/CN=liis/CN=663550/CN=Liis Rebane/CN=proxy
type      : limited proxy
strength  : 512 bits
path      : /home/cms003/home_creur_235990267/CREAM235990267/glide_yt9324/execute/dir_16958/x509up_u1000009
timeleft  : 23:58:55
key usage : Digital Signature, Key Encipherment, Data Encipherment
=== VO cms extension information ===
VO        : cms
subject   : /DC=ch/DC=cern/OU=Organic Units/OU=Users/CN=liis/CN=663550/CN=Liis Rebane
issuer    : /DC=ch/DC=cern/OU=computers/CN=lcg-voms.cern.ch
attribute : /cms/Role=NULL/Capability=NULL
timeleft  : 190:41:57
uri       : lcg-voms.cern.ch:15002
>>> tar xzf /home/cms003/home_creur_235990267/CREAM235990267/glide_yt9324/execute/dir_16958/default.tgz :
Successful untar
>>> Include /home/cms003/home_creur_235990267/CREAM235990267/glide_yt9324/execute/dir_16958 in PYTHONPATH:
strip arguments
env var CRAB_UNIQUE_JOB_ID set to: liis_crab_0_121127_013521_s7o4w6_8_1_WJX
out_files_8
>>> list of expected files on output sandbox
output files: optHistograms_8_1_WJX.root crab_fjr_8.xml CMSSW_8.stdout CMSSW_8.stderr Watchdog_8.log.gz
>>> GridFlavour discovery: 
GridFlavour=LCG
>>> SyncSite discovery: 
SyncSite=T2_EE_Estonia
>>> SyncCE discovery: 
getting SyncCE from CE_ID
SyncCE=europa.hep.kbfi.ee:8443/cream-pbs-long
>>> info for dashboard:
***** Cat /home/cms003/home_creur_235990267/CREAM235990267/glide_yt9324/execute/dir_16958/jobreport.txt *****
MonitorJobID=8_https://submit-2.t2.ucsd.edu//121127//17535.7
SyncGridJobId=https://submit-2.t2.ucsd.edu//121127//17535.7
MonitorID=liis_crab_0_121127_013521_s7o4w6
GridFlavour=LCG
SyncSite=T2_EE_Estonia
SyncCE=europa.hep.kbfi.ee:8443/cream-pbs-long
***** End Cat jobreport *****
Parameters sent to Dashboard.
>>> setup environment
set SCRAM ARCH to slc5_amd64_gcc462
SCRAM_ARCH = slc5_amd64_gcc462
>>> setup CMS LCG environment:
set SCRAM ARCH and BUILD_ARCH to slc5_amd64_gcc462 ###
Sourcing environment... 
sourcing /cvmfs/cms.cern.ch/cmsset_default.sh
==> setup cms environment ok
>>> specific cmssw setup environment:
CMSSW_VERSION =  CMSSW_5_3_5
>>> current directory (SOFTWARE_DIR): /home/cms003/home_creur_235990267/CREAM235990267/glide_yt9324/execute/dir_16958/CMSSW_5_3_5
PreserveSeeds: <>
IncrementSeeds:<>
{}
WNHostName=wn-v-3980.local
>>> info for dashboard:
***** Cat /home/cms003/home_creur_235990267/CREAM235990267/glide_yt9324/execute/dir_16958/jobreport.txt *****
MonitorJobID=8_https://submit-2.t2.ucsd.edu//121127//17535.7
MonitorID=liis_crab_0_121127_013521_s7o4w6
WNHostName=wn-v-3980.local
***** End Cat jobreport *****
Parameters sent to Dashboard.
crabWatchdog started as process 28014
>>> moving CMSSW software directories in /home/cms003/home_creur_235990267/CREAM235990267/glide_yt9324/execute/dir_16958/CMSSW_5_3_5
mv: cannot stat `/home/cms003/home_creur_235990267/CREAM235990267/glide_yt9324/execute/dir_16958/module/': No such file or directory
>>> Include /home/cms003/home_creur_235990267/CREAM235990267/glide_yt9324/execute/dir_16958 in PYTHONPATH:
PYTHONPATH=/home/cms003/home_creur_235990267/CREAM235990267/glide_yt9324/execute/dir_16958/:/home/cms003/home_creur_235990267/CREAM235990267/glide_yt9324/execute/dir_16958/CMSSW_5_3_5/python:/home/cms003/home_creur_235990267/CREAM235990267/glide_yt9324/execute/dir_16958/CMSSW_5_3_5/lib/slc5_amd64_gcc462:/cvmfs/cms.cern.ch/slc5_amd64_gcc462/cms/cmssw/CMSSW_5_3_5/python:/cvmfs/cms.cern.ch/slc5_amd64_gcc462/cms/cmssw/CMSSW_5_3_5/lib/slc5_amd64_gcc462:/cvmfs/cms.cern.ch/slc5_amd64_gcc462/cms/coral/CORAL_2_3_21-cms27/slc5_amd64_gcc462/python:/cvmfs/cms.cern.ch/slc5_amd64_gcc462/cms/coral/CORAL_2_3_21-cms27/slc5_amd64_gcc462/lib:/cvmfs/cms.cern.ch/slc5_amd64_gcc462/external/pyqt/4.8.1/lib/python2.6/site-packages:/cvmfs/cms.cern.ch/slc5_amd64_gcc462/external/py2-scipy/0.8.0/lib/python2.6/site-packages:/cvmfs/cms.cern.ch/slc5_amd64_gcc462/external/py2-matplotlib/1.0.1/lib/python2.6/site-packages:/cvmfs/cms.cern.ch/slc5_amd64_gcc462/external/python-ldap/2.3.5/lib/python2.6/site-packages:/cvmfs/cms.cern.ch/slc5_amd64_gcc462/external/sip/4.11.2/lib/python2.6/site-packages:/cvmfs/cms.cern.ch/slc5_amd64_gcc462/external/py2-pycurl/7.19.0/lib/python2.6/site-packages:/cvmfs/cms.cern.ch/slc5_amd64_gcc462/external/py2-numpy/1.6.1/lib/python2.6/site-packages:/cvmfs/cms.cern.ch/slc5_amd64_gcc462/external/py2-ipython/0.10/lib/python2.6/site-packages:/cvmfs/cms.cern.ch/slc5_amd64_gcc462/external/py2-cx-oracle/5.1-cms11/lib/python2.6/site-packages:/cvmfs/cms.cern.ch/slc5_amd64_gcc462/external/py2-cjson/1.0.5/lib/python2.6/site-packages:/cvmfs/cms.cern.ch/slc5_amd64_gcc462/cms/das-client/1.4.1-cms8/bin:/cvmfs/cms.cern.ch/slc5_amd64_gcc462/external/elementtree/1.2.6/share/lib/python2.6/site-packages:/cvmfs/cms.cern.ch/slc5_amd64_gcc462/external/rivet/1.5.1-cms10/lib/python2.6/site-packages:/cvmfs/cms.cern.ch/slc5_amd64_gcc462/external/pyminuit2/0.0.1-cms34/lib/python2.6/site-packages:/cvmfs/cms.cern.ch/slc5_amd64_gcc462/external/professor/1.0.0-cms35/lib/python2.6/site-packages:/cvmfs/cms.cern.ch/slc5_amd64_gcc462/lcg/root/5.32.00-cms18/lib:/cvmfs/cms.cern.ch/slc5_amd64_gcc462/cms/dbs-client/DBS_2_1_1_patch1_1/lib:/cvmfs/cms.cern.ch/slc5_amd64_gcc462/cms/dbs-client/DBS_2_1_1_patch1_1/lib/DBSAPI:/home/cms003/home_creur_235990267/CREAM235990267/glide_yt9324/execute/dir_16958/
241a2a19cb7c5c8751ba22759ab3bdb0
PSETHASH = 241a2a19cb7c5c8751ba22759ab3bdb0
/home/cms003/home_creur_235990267/CREAM235990267/glide_yt9324/execute/dir_16958/writeCfg.py pset.py pset.py
Importing .py file
Setting parameters
inputBlocks=/QCD_Pt_350_BCtoE_TuneZ2star_8TeV_pythia6/mario-Summer12-stop-pfele-step1-3d176ac8da5e9dff208d057f4733ca91/USER#4ea1313f-ce05-4b4d-b719-e18ef67ecf53
inputFiles=/store/user/mario/QCD_Pt_350_BCtoE_TuneZ2star_8TeV_pythia6/Summer12-stop-pfele-step1/3d176ac8da5e9dff208d057f4733ca91/tuple_157_3_TbJ.root;/store/user/mario/QCD_Pt_350_BCtoE_TuneZ2star_8TeV_pythia6/Summer12-stop-pfele-step1/3d176ac8da5e9dff208d057f4733ca91/tuple_158_5_oeW.root;/store/user/mario/QCD_Pt_350_BCtoE_TuneZ2star_8TeV_pythia6/Summer12-stop-pfele-step1/3d176ac8da5e9dff208d057f4733ca91/tuple_159_4_7X1.root;/store/user/mario/QCD_Pt_350_BCtoE_TuneZ2star_8TeV_pythia6/Summer12-stop-pfele-step1/3d176ac8da5e9dff208d057f4733ca91/tuple_160_3_HfC.root;/store/user/mario/QCD_Pt_350_BCtoE_TuneZ2star_8TeV_pythia6/Summer12-stop-pfele-step1/3d176ac8da5e9dff208d057f4733ca91/tuple_161_4_YSF.root
parentFiles=
lumisRange=
>>> Executable cmsRun
/cvmfs/cms.cern.ch/slc5_amd64_gcc462/cms/cmssw/CMSSW_5_3_5/bin/slc5_amd64_gcc462/cmsRun
ok executable found
>>> info for dashboard:
***** Cat /home/cms003/home_creur_235990267/CREAM235990267/glide_yt9324/execute/dir_16958/jobreport.txt *****
MonitorJobID=8_https://submit-2.t2.ucsd.edu//121127//17535.7
MonitorID=liis_crab_0_121127_013521_s7o4w6
ExeStart=cmsRun
***** End Cat jobreport *****
Parameters sent to Dashboard.
>>> cmsRun started at Tue Nov 27 00:44:04 UTC 2012
>>> cmsRun ended at Tue Nov 27 00:45:58 UTC 2012
>>> info for dashboard:
***** Cat /home/cms003/home_creur_235990267/CREAM235990267/glide_yt9324/execute/dir_16958/jobreport.txt *****
MonitorJobID=8_https://submit-2.t2.ucsd.edu//121127//17535.7
MonitorID=liis_crab_0_121127_013521_s7o4w6
ExeEnd=cmsRun
***** End Cat jobreport *****
Parameters sent to Dashboard.
TIME_EXE = 114 sec
>>> cmsRun wrote 42 lines of stdout+stderr
>>> START OF printout of 42 lines from stdout+stderr
27-Nov-2012 02:44:23 EET  Initiating request to open file file:/hdfs/cms/store/user/mario/QCD_Pt_350_BCtoE_TuneZ2star_8TeV_pythia6/Summer12-stop-pfele-step1/3d176ac8da5e9dff208d057f4733ca91/tuple_157_3_TbJ.root
27-Nov-2012 02:44:33 EET  Successfully opened file file:/hdfs/cms/store/user/mario/QCD_Pt_350_BCtoE_TuneZ2star_8TeV_pythia6/Summer12-stop-pfele-step1/3d176ac8da5e9dff208d057f4733ca91/tuple_157_3_TbJ.root
Begin processing the 1st record. Run 1, Event 22708203, LumiSection 1396 at 27-Nov-2012 02:44:45.913 EET
Begin processing the 1001st record. Run 1, Event 43544807, LumiSection 2677 at 27-Nov-2012 02:44:54.137 EET
27-Nov-2012 02:44:56 EET  Closed file file:/hdfs/cms/store/user/mario/QCD_Pt_350_BCtoE_TuneZ2star_8TeV_pythia6/Summer12-stop-pfele-step1/3d176ac8da5e9dff208d057f4733ca91/tuple_157_3_TbJ.root
27-Nov-2012 02:44:56 EET  Initiating request to open file file:/hdfs/cms/store/user/mario/QCD_Pt_350_BCtoE_TuneZ2star_8TeV_pythia6/Summer12-stop-pfele-step1/3d176ac8da5e9dff208d057f4733ca91/tuple_158_5_oeW.root
27-Nov-2012 02:44:56 EET  Successfully opened file file:/hdfs/cms/store/user/mario/QCD_Pt_350_BCtoE_TuneZ2star_8TeV_pythia6/Summer12-stop-pfele-step1/3d176ac8da5e9dff208d057f4733ca91/tuple_158_5_oeW.root
Begin processing the 2001st record. Run 1, Event 7964309, LumiSection 490 at 27-Nov-2012 02:45:03.744 EET
Begin processing the 3001st record. Run 1, Event 14338796, LumiSection 882 at 27-Nov-2012 02:45:07.844 EET
27-Nov-2012 02:45:13 EET  Closed file file:/hdfs/cms/store/user/mario/QCD_Pt_350_BCtoE_TuneZ2star_8TeV_pythia6/Summer12-stop-pfele-step1/3d176ac8da5e9dff208d057f4733ca91/tuple_158_5_oeW.root
27-Nov-2012 02:45:13 EET  Initiating request to open file file:/hdfs/cms/store/user/mario/QCD_Pt_350_BCtoE_TuneZ2star_8TeV_pythia6/Summer12-stop-pfele-step1/3d176ac8da5e9dff208d057f4733ca91/tuple_159_4_7X1.root
27-Nov-2012 02:45:13 EET  Successfully opened file file:/hdfs/cms/store/user/mario/QCD_Pt_350_BCtoE_TuneZ2star_8TeV_pythia6/Summer12-stop-pfele-step1/3d176ac8da5e9dff208d057f4733ca91/tuple_159_4_7X1.root
Begin processing the 4001st record. Run 1, Event 14852480, LumiSection 913 at 27-Nov-2012 02:45:18.898 EET
Begin processing the 5001st record. Run 1, Event 15368865, LumiSection 945 at 27-Nov-2012 02:45:23.233 EET
Begin processing the 6001st record. Run 1, Event 12628094, LumiSection 777 at 27-Nov-2012 02:45:28.285 EET
27-Nov-2012 02:45:28 EET  Closed file file:/hdfs/cms/store/user/mario/QCD_Pt_350_BCtoE_TuneZ2star_8TeV_pythia6/Summer12-stop-pfele-step1/3d176ac8da5e9dff208d057f4733ca91/tuple_159_4_7X1.root
27-Nov-2012 02:45:28 EET  Initiating request to open file file:/hdfs/cms/store/user/mario/QCD_Pt_350_BCtoE_TuneZ2star_8TeV_pythia6/Summer12-stop-pfele-step1/3d176ac8da5e9dff208d057f4733ca91/tuple_160_3_HfC.root
27-Nov-2012 02:45:29 EET  Successfully opened file file:/hdfs/cms/store/user/mario/QCD_Pt_350_BCtoE_TuneZ2star_8TeV_pythia6/Summer12-stop-pfele-step1/3d176ac8da5e9dff208d057f4733ca91/tuple_160_3_HfC.root
Begin processing the 7001st record. Run 1, Event 15114853, LumiSection 929 at 27-Nov-2012 02:45:41.216 EET
Begin processing the 8001st record. Run 1, Event 23035212, LumiSection 1416 at 27-Nov-2012 02:45:46.597 EET
27-Nov-2012 02:45:47 EET  Closed file file:/hdfs/cms/store/user/mario/QCD_Pt_350_BCtoE_TuneZ2star_8TeV_pythia6/Summer12-stop-pfele-step1/3d176ac8da5e9dff208d057f4733ca91/tuple_160_3_HfC.root
27-Nov-2012 02:45:47 EET  Initiating request to open file file:/hdfs/cms/store/user/mario/QCD_Pt_350_BCtoE_TuneZ2star_8TeV_pythia6/Summer12-stop-pfele-step1/3d176ac8da5e9dff208d057f4733ca91/tuple_161_4_YSF.root
27-Nov-2012 02:45:49 EET  Successfully opened file file:/hdfs/cms/store/user/mario/QCD_Pt_350_BCtoE_TuneZ2star_8TeV_pythia6/Summer12-stop-pfele-step1/3d176ac8da5e9dff208d057f4733ca91/tuple_161_4_YSF.root
27-Nov-2012 02:45:55 EET  Closed file file:/hdfs/cms/store/user/mario/QCD_Pt_350_BCtoE_TuneZ2star_8TeV_pythia6/Summer12-stop-pfele-step1/3d176ac8da5e9dff208d057f4733ca91/tuple_161_4_YSF.root

=============================================

MessageLogger Summary

 type     category        sev    module        subroutine        count    total
 ---- -------------------- -- ---------------- ----------------  -----    -----
    1 fileAction           -s file_close                             5        5
    2 fileAction           -s file_open                             10       10

 type    category    Examples: run/evt        run/evt          run/evt
 ---- -------------------- ---------------- ---------------- ----------------
    1 fileAction           PostProcessEvent PostProcessEvent PostEndRun
    2 fileAction           pre-events       pre-events       PostProcessEvent

Severity    # Occurrences   Total Occurrences
--------    -------------   -----------------
System                 15                  15
>>> END OF printout of 42 lines from stdout+stderr
>>> Parse FrameworkJobReport crab_fjr.xml
Result of parsing the FrameworkJobReport crab_fjr.xml: Popularity start
lumisRange : 1::1421,1466,1477::1;1::1396,1447,1471,1478,2674,2677,3004,3122::2;1::777,879,908,913,918,933,945,975,1266,1317,1381::3;1::479,490,806,812,828,864,867,882,892,912-913,3122::4;1::777,785,791,928-929,968,1319,1334,1349,1416,1418,1421::5;
lumisParentRange : 
Basename : /store/user/mario/QCD_Pt_350_BCtoE_TuneZ2star_8TeV_pythia6/Summer12-stop-pfele-step1/3d176ac8da5e9dff208d057f4733ca91/tuple_1
BasenameParent : 
parentFiles : 
inputBlocks : /QCD_Pt_350_BCtoE_TuneZ2star_8TeV_pythia6/mario-Summer12-stop-pfele-step1-3d176ac8da5e9dff208d057f4733ca91/USER#4ea1313f-ce05-4b4d-b719-e18ef67ecf53
inputFiles : 61_4_YSF.root::1::EDM::Local::1;57_3_TbJ.root::1::EDM::Local::2;59_4_7X1.root::1::EDM::Local::3;58_5_oeW.root::1::EDM::Local::4;60_3_HfC.root::1::EDM::Local::5;
Popularity stop
Extracted ExitStatus from FrameworkJobReport parsing output: 0
>>> Executable succeded  0
ExeExitCode=0
EXECUTABLE_EXIT_STATUS = 0
>>> current directory /home/cms003/home_creur_235990267/CREAM235990267/glide_yt9324/execute/dir_16958/CMSSW_5_3_5
>>>  (SOFTWARE_DIR): /home/cms003/home_creur_235990267/CREAM235990267/glide_yt9324/execute/dir_16958/CMSSW_5_3_5
>>> (WORKING_DIR): 
>>> current directory content:
total 148
drwxr-xr-x 3 cms003 cms  4096 Nov 27 02:43 .SCRAM
-rw-r--r-- 1 cms003 cms 30066 Nov 27 02:43 CMSSW.py.pkl
drwxr-xr-x 3 cms003 cms  4096 Nov 27 02:43 bin
drwxr-xr-x 3 cms003 cms  4096 Nov 27 02:43 cfipython
drwxr-xr-x 5 cms003 cms  4096 Nov 27 02:43 config
-rw-r--r-- 1 cms003 cms    15 Nov 27 02:45 cpu_timing.txt
drwxr-xr-x 2 cms003 cms  4096 Nov 27 02:43 doc
-rw-r--r-- 1 cms003 cms  4822 Nov 27 02:45 executable.out
drwxr-xr-x 2 cms003 cms  4096 Nov 27 02:43 include
drwxrwxrwx 3 cms003 cms  4096 Oct 22 16:38 lib
drwxr-xr-x 3 cms003 cms  4096 Nov 27 02:43 logs
drwxr-xr-x 3 cms003 cms  4096 Nov 27 02:43 objs
-rw-r--r-- 1 cms003 cms 16530 Nov 27 02:45 optHistograms.root
-rw-r--r-- 1 cms003 cms   104 Nov 27 02:43 pset.py
-rw-r--r-- 1 cms003 cms 19460 Nov 27 02:43 pset.py.pkl
-rw-r--r-- 1 cms003 cms   289 Nov 27 02:43 pset.pyc
drwxr-xr-x 2 cms003 cms  4096 Nov 27 02:43 python
-rw-r--r-- 1 cms003 cms   414 Nov 27 02:45 report.log
drwxrwxrwx 4 cms003 cms  4096 Nov 27 02:43 src
drwxr-xr-x 3 cms003 cms  4096 Nov 27 02:43 test
drwxr-xr-x 3 cms003 cms  4096 Nov 27 02:43 tmp
>>> current directory /home/cms003/home_creur_235990267/CREAM235990267/glide_yt9324/execute/dir_16958/CMSSW_5_3_5
>>> (SOFTWARE_DIR): /home/cms003/home_creur_235990267/CREAM235990267/glide_yt9324/execute/dir_16958/CMSSW_5_3_5
>>> (WORKING_DIR): 
>>> current directory content:
total 128
drwxr-xr-x 3 cms003 cms  4096 Nov 27 02:43 .SCRAM
-rw-r--r-- 1 cms003 cms 30066 Nov 27 02:43 CMSSW.py.pkl
drwxr-xr-x 3 cms003 cms  4096 Nov 27 02:43 bin
drwxr-xr-x 3 cms003 cms  4096 Nov 27 02:43 cfipython
drwxr-xr-x 5 cms003 cms  4096 Nov 27 02:43 config
-rw-r--r-- 1 cms003 cms    15 Nov 27 02:45 cpu_timing.txt
drwxr-xr-x 2 cms003 cms  4096 Nov 27 02:43 doc
-rw-r--r-- 1 cms003 cms  4822 Nov 27 02:45 executable.out
drwxr-xr-x 2 cms003 cms  4096 Nov 27 02:43 include
drwxrwxrwx 3 cms003 cms  4096 Oct 22 16:38 lib
drwxr-xr-x 3 cms003 cms  4096 Nov 27 02:43 logs
drwxr-xr-x 3 cms003 cms  4096 Nov 27 02:43 objs
-rw-r--r-- 1 cms003 cms   104 Nov 27 02:43 pset.py
-rw-r--r-- 1 cms003 cms 19460 Nov 27 02:43 pset.py.pkl
-rw-r--r-- 1 cms003 cms   289 Nov 27 02:43 pset.pyc
drwxr-xr-x 2 cms003 cms  4096 Nov 27 02:43 python
-rw-r--r-- 1 cms003 cms   414 Nov 27 02:45 report.log
drwxrwxrwx 4 cms003 cms  4096 Nov 27 02:43 src
drwxr-xr-x 3 cms003 cms  4096 Nov 27 02:43 test
drwxr-xr-x 3 cms003 cms  4096 Nov 27 02:43 tmp
>>> current directory (RUNTIME_AREA):  /home/cms003/home_creur_235990267/CREAM235990267/glide_yt9324/execute/dir_16958
>>> current dir: /home/cms003/home_creur_235990267/CREAM235990267/glide_yt9324/execute/dir_16958
>>> current dir content:
total 25752
-rw-rw-rw-  1 cms003 cms     5594 Nov 27 02:43 .job.ad
-rw-rw-rw-  1 cms003 cms    11530 Nov 27 02:43 .machine.ad
-rw-rw-rw-  1 cms003 cms      105 Nov 27 01:35 CMSSW.py
-rw-rw-rw-  1 cms003 cms    30066 Nov 27 01:35 CMSSW.py.pkl
-rwxrw-rw-  1 cms003 cms    23323 Nov 27 02:43 CMSSW.sh
drwxr-xr-x 15 cms003 cms     4096 Nov 27 02:46 CMSSW_5_3_5
-rw-rw-rw-  1 cms003 cms        0 Nov 27 02:43 CMSSW_8.stderr
-rw-rw-rw-  1 cms003 cms    17016 Nov 27 02:46 CMSSW_8.stdout
-rw-r--r--  1 cms003 cms      347 Nov 27 02:43 CacheEnv.sh
-rw-rw-rw-  1 cms003 cms     7291 Jun  9  2010 DashboardAPI.py
-rw-r--r--  1 cms003 cms     6883 Nov 27 02:43 DashboardAPI.pyc
drwxrwxrwx  3 cms003 cms     4096 Nov 27 02:46 IMProv
-rw-rw-rw-  1 cms003 cms     2748 Mar  8  2006 Logger.py
-rw-r--r--  1 cms003 cms     3353 Nov 27 02:43 Logger.pyc
-rw-rw-rw-  1 cms003 cms    24524 Mar 28  2008 ProcInfo.py
-rw-r--r--  1 cms003 cms    23470 Nov 27 02:43 ProcInfo.pyc
drwxrwxrwx  7 cms003 cms     4096 Nov 27 02:43 ProdCommon
drwxrwxrwx  3 cms003 cms     4096 Nov 27 02:43 WMCore
-rw-r--r--  1 cms003 cms     1755 Nov 27 02:45 Watchdog_8.log
-rw-rw-rw-  1 cms003 cms    32895 Mar 28  2008 apmon.py
-rw-r--r--  1 cms003 cms    28874 Nov 27 02:43 apmon.pyc
-rw-rw-rw-  1 cms003 cms    92722 Nov 27 02:43 arguments.xml
-rwxrwxrwx  1 cms003 cms    37427 Sep 13 14:14 cmscp.py
-rwxrwxrwx  1 cms003 cms    23323 Nov 27 02:43 condor_exec.exe
-rw-rw-rw-  1 cms003 cms      537 Nov 27 01:35 crab.cfg
-rwxrwxrwx  1 cms003 cms     9531 Sep 20 21:46 crabWatchdog.sh
-rw-r--r--  1 cms003 cms    30159 Nov 27 02:45 crab_fjr_8.xml
-rw-rw-rw-  1 cms003 cms 25796287 Nov 27 02:43 default.tgz
-rwxrwxrwx  1 cms003 cms     4488 May 12  2012 fillCrabFjr.py
-rw-r--r--  1 cms003 cms      892 Nov 27 02:43 inputsReport.txt
-rw-r--r--  1 cms003 cms      130 Nov 27 02:46 jobreport.txt
lrwxrwxrwx  1 cms003 cms      106 Nov 27 02:46 optHistograms.root -> /home/cms003/home_creur_235990267/CREAM235990267/glide_yt9324/execute/dir_16958/optHistograms_8_1_WJX.root
-rw-r--r--  1 cms003 cms    16530 Nov 27 02:45 optHistograms_8_1_WJX.root
-rw-rw-rw-  1 cms003 cms    17352 Jan 20  2012 parseCrabFjr.py
-rw-r--r--  1 cms003 cms      282 Nov 27 02:43 report.log
-rwxrwxrwx  1 cms003 cms     1497 May 27  2009 report.py
-rwxrwxrwx  1 cms003 cms     8387 Mar 23  2011 writeCfg.py
-rw-------  1 cms003 cms     8687 Nov 27 02:43 x509up_u1000009
Checking output files:  
will tar file optHistograms_8_1_WJX.root in  out_files_8
will tar file crab_fjr_8.xml in  out_files_8
will tar file CMSSW_8.stdout in  out_files_8
will tar file CMSSW_8.stderr in  out_files_8
WARNING: output file Watchdog_8.log.gz not found!
>>> padding time: Sleeping the wrapper for 450 seconds
STOPPING WATCHDOG. CrabWatchdog PID is 28014
********** LAST 50 LINES OF WATCHDOG LOG
# RESOURCE USAGE SUMMARY FOR PROCESS ID 27914
USER       PID %CPU %MEM    VSZ   RSS TTY      STAT START   TIME COMMAND
cms003   27914  0.2  0.0   8956  1488 ?        S    02:43   0:00 /bin/sh /home/cms003/home_creur_235990267/CREAM235990267/glide_yt9324/execute/dir_16958/condor_exec.exe 8 1
 
# LIMITS USED BY THIS WATCHDOG:
# RSS  (KBytes)  : 2300000
# VSZ  (KBytes)  : 100000000
# DISK (MBytes)  : 19000
# CPU  (seconds) : 171600
# WALL (seconds) : 171600
 
# FOLLOWING PRINTOUT TRACKS MAXIMUM VALUES OF RESOURCES USE
# ONE LINE IS PRINTED EACH TIME A MAXIMUM CHANGES
# IF CHANGE WAS IN RSS OR VSZ ALSO PROCID AND COMMAND ARE PRINTED
# THERE IS NO PRINTOUT FOR CPU/WALL TIME INCREASE
 
# TIME			PID	RSS(KB)	VSZ(KB)	Dsk(MB)	tCPU(s)	tWALL(s)	COMMAND
 Nov 27 02:43:51 EET	2833	3904	6020	0	7	3406	condor_procd -A /home/cms003/home_creur_235990267/CREAM235990267/glide_yt9324/log/procd_address.STARTD -L /home/cms003/home_creur_235990267/CREAM235990267/glide_yt9324/log/ProcLog.STARTD -R 10000000 -S 60 -C
 Nov 27 02:43:51 EET	9182	3904	8896	0	0	4311	-bash         
 Nov 27 02:43:51 EET	9211	3904	8952	0	0	4312	/bin/sh -l ./CREAM235990267_jobWrapper.sh       
 Nov 27 02:43:51 EET	9271	3904	25504	0	0	4310	perl -e ?use Socket;??sub send_notify {? $cream_url = "193.40.150.134:49152";die "No
 Nov 27 02:43:51 EET	14072	6052	25504	0	2	4281	/home/cms003/home_creur_235990267/CREAM235990267/glide_yt9324/main/condor/sbin/condor_master -f -pidfile /home/cms003/home_creur_235990267/CREAM235990267/glide_yt9324/condor_master2.pid      
 Nov 27 02:43:51 EET	---	6052	25504	168	----	----	----
 Nov 27 02:44:56 EET	29300	356184	557416	168	22	60	cmsRun -j /home/cms003/home_creur_235990267/CREAM235990267/glide_yt9324/execute/dir_16958/crab_fjr_8.xml -p pset.py     
 Nov 27 02:46:04 EET	---	356184	557416	169	----	----	----
********** WATCHDOG LOG ENDED
ZIPPING WATCHDOG LOG
Disk space used:
du -sh /home/cms003/home_creur_235990267/CREAM235990267/glide_yt9324/execute/dir_16958
169M	/home/cms003/home_creur_235990267/CREAM235990267/glide_yt9324/execute/dir_16958
>>> info for dashboard:
***** Cat /home/cms003/home_creur_235990267/CREAM235990267/glide_yt9324/execute/dir_16958/jobreport.txt *****
MonitorJobID=8_https://submit-2.t2.ucsd.edu//121127//17535.7
MonitorID=liis_crab_0_121127_013521_s7o4w6
ExeTime=114
ExeExitCode=0
CrabUserCpuTime=46.64
CrabSysCpuTime=5.43
CrabCpuPercentage=45%
CrabWrapperTime=600
CrabStageoutTime=NULL
***** End Cat jobreport *****
Parameters sent to Dashboard.
optHistograms_8_1_WJX.root
crab_fjr_8.xml
CMSSW_8.stdout
CMSSW_8.stderr
Watchdog_8.log.gz
tar: .BrokerInfo: Cannot stat: No such file or directory
tar: Error exit delayed from previous errors
Total Output dimension: 18570
WARNING: output files size limit is set to: 50000000
Total Output dimension 18570 is fine.
JOB_EXIT_STATUS = 0
>>> info for dashboard:
***** Cat /home/cms003/home_creur_235990267/CREAM235990267/glide_yt9324/execute/dir_16958/jobreport.txt *****
MonitorJobID=8_https://submit-2.t2.ucsd.edu//121127//17535.7
MonitorID=liis_crab_0_121127_013521_s7o4w6
JobExitCode=0
***** End Cat jobreport *****
Parameters sent to Dashboard.
optHistograms_8_1_WJX.root
crab_fjr_8.xml
