This script was generated by crab (version 2.8.3).
Running /home/cms064/home_crce1_220466936/CREAM220466936/glide_u13355/execute/dir_25825/condor_exec.exe with 2 positional parameters: 93 2
Today is Tue Nov 27 13:15:01 EET 2012
Job submitted on host wn-v-3116.local
Linux wn-v-3116.local 2.6.32-042stab059.7 #1 SMP Tue Jul 24 19:12:01 MSK 2012 x86_64 x86_64 x86_64 GNU/Linux
>>> current directory (RUNTIME_AREA): /home/cms064/home_crce1_220466936/CREAM220466936/glide_u13355/execute/dir_25825
>>> current user: uid=11064(cms064) gid=1400(cms) groups=1400(cms)
>>> voms proxy information:
subject   : /DC=ch/DC=cern/OU=Organic Units/OU=Users/CN=liis/CN=663550/CN=Liis Rebane/CN=proxy/CN=limited proxy
issuer    : /DC=ch/DC=cern/OU=Organic Units/OU=Users/CN=liis/CN=663550/CN=Liis Rebane/CN=proxy
identity  : /DC=ch/DC=cern/OU=Organic Units/OU=Users/CN=liis/CN=663550/CN=Liis Rebane/CN=proxy
type      : limited proxy
strength  : 512 bits
path      : /home/cms064/home_crce1_220466936/CREAM220466936/glide_u13355/execute/dir_25825/x509up_u1000009
timeleft  : 23:58:54
key usage : Digital Signature, Key Encipherment, Data Encipherment
=== VO cms extension information ===
VO        : cms
subject   : /DC=ch/DC=cern/OU=Organic Units/OU=Users/CN=liis/CN=663550/CN=Liis Rebane
issuer    : /DC=ch/DC=cern/OU=computers/CN=lcg-voms.cern.ch
attribute : /cms/Role=NULL/Capability=NULL
timeleft  : 180:10:36
uri       : lcg-voms.cern.ch:15002
>>> tar xzf /home/cms064/home_crce1_220466936/CREAM220466936/glide_u13355/execute/dir_25825/default.tgz :
Successful untar
>>> Include /home/cms064/home_crce1_220466936/CREAM220466936/glide_u13355/execute/dir_25825 in PYTHONPATH:
strip arguments
env var CRAB_UNIQUE_JOB_ID set to: liis_crab_0_121127_013521_s7o4w6_93_2_IuK
out_files_93
>>> list of expected files on output sandbox
output files: optHistograms_93_2_IuK.root crab_fjr_93.xml CMSSW_93.stdout CMSSW_93.stderr Watchdog_93.log.gz
>>> GridFlavour discovery: 
GridFlavour=LCG
>>> SyncSite discovery: 
SyncSite=T2_EE_Estonia
>>> SyncCE discovery: 
getting SyncCE from CE_ID
SyncCE=cream1.hep.kbfi.ee:8443/cream-pbs-long
>>> info for dashboard:
***** Cat /home/cms064/home_crce1_220466936/CREAM220466936/glide_u13355/execute/dir_25825/jobreport.txt *****
MonitorJobID=93_https://submit-2.t2.ucsd.edu//121127//17721.14
SyncGridJobId=https://submit-2.t2.ucsd.edu//121127//17721.14
MonitorID=liis_crab_0_121127_013521_s7o4w6
GridFlavour=LCG
SyncSite=T2_EE_Estonia
SyncCE=cream1.hep.kbfi.ee:8443/cream-pbs-long
***** End Cat jobreport *****
Parameters sent to Dashboard.
>>> setup environment
set SCRAM ARCH to slc5_amd64_gcc462
SCRAM_ARCH = slc5_amd64_gcc462
>>> setup CMS LCG environment:
set SCRAM ARCH and BUILD_ARCH to slc5_amd64_gcc462 ###
Sourcing environment... 
sourcing /cvmfs/cms.cern.ch/cmsset_default.sh
==> setup cms environment ok
>>> specific cmssw setup environment:
CMSSW_VERSION =  CMSSW_5_3_5
>>> current directory (SOFTWARE_DIR): /home/cms064/home_crce1_220466936/CREAM220466936/glide_u13355/execute/dir_25825/CMSSW_5_3_5
PreserveSeeds: <>
IncrementSeeds:<>
{}
WNHostName=wn-v-3116.local
>>> info for dashboard:
***** Cat /home/cms064/home_crce1_220466936/CREAM220466936/glide_u13355/execute/dir_25825/jobreport.txt *****
MonitorJobID=93_https://submit-2.t2.ucsd.edu//121127//17721.14
MonitorID=liis_crab_0_121127_013521_s7o4w6
WNHostName=wn-v-3116.local
***** End Cat jobreport *****
Parameters sent to Dashboard.
crabWatchdog started as process 3006
>>> moving CMSSW software directories in /home/cms064/home_crce1_220466936/CREAM220466936/glide_u13355/execute/dir_25825/CMSSW_5_3_5
mv: cannot stat `/home/cms064/home_crce1_220466936/CREAM220466936/glide_u13355/execute/dir_25825/module/': No such file or directory
>>> Include /home/cms064/home_crce1_220466936/CREAM220466936/glide_u13355/execute/dir_25825 in PYTHONPATH:
PYTHONPATH=/home/cms064/home_crce1_220466936/CREAM220466936/glide_u13355/execute/dir_25825/:/home/cms064/home_crce1_220466936/CREAM220466936/glide_u13355/execute/dir_25825/CMSSW_5_3_5/python:/home/cms064/home_crce1_220466936/CREAM220466936/glide_u13355/execute/dir_25825/CMSSW_5_3_5/lib/slc5_amd64_gcc462:/cvmfs/cms.cern.ch/slc5_amd64_gcc462/cms/cmssw/CMSSW_5_3_5/python:/cvmfs/cms.cern.ch/slc5_amd64_gcc462/cms/cmssw/CMSSW_5_3_5/lib/slc5_amd64_gcc462:/cvmfs/cms.cern.ch/slc5_amd64_gcc462/cms/coral/CORAL_2_3_21-cms27/slc5_amd64_gcc462/python:/cvmfs/cms.cern.ch/slc5_amd64_gcc462/cms/coral/CORAL_2_3_21-cms27/slc5_amd64_gcc462/lib:/cvmfs/cms.cern.ch/slc5_amd64_gcc462/external/pyqt/4.8.1/lib/python2.6/site-packages:/cvmfs/cms.cern.ch/slc5_amd64_gcc462/external/py2-scipy/0.8.0/lib/python2.6/site-packages:/cvmfs/cms.cern.ch/slc5_amd64_gcc462/external/py2-matplotlib/1.0.1/lib/python2.6/site-packages:/cvmfs/cms.cern.ch/slc5_amd64_gcc462/external/python-ldap/2.3.5/lib/python2.6/site-packages:/cvmfs/cms.cern.ch/slc5_amd64_gcc462/external/sip/4.11.2/lib/python2.6/site-packages:/cvmfs/cms.cern.ch/slc5_amd64_gcc462/external/py2-pycurl/7.19.0/lib/python2.6/site-packages:/cvmfs/cms.cern.ch/slc5_amd64_gcc462/external/py2-numpy/1.6.1/lib/python2.6/site-packages:/cvmfs/cms.cern.ch/slc5_amd64_gcc462/external/py2-ipython/0.10/lib/python2.6/site-packages:/cvmfs/cms.cern.ch/slc5_amd64_gcc462/external/py2-cx-oracle/5.1-cms11/lib/python2.6/site-packages:/cvmfs/cms.cern.ch/slc5_amd64_gcc462/external/py2-cjson/1.0.5/lib/python2.6/site-packages:/cvmfs/cms.cern.ch/slc5_amd64_gcc462/cms/das-client/1.4.1-cms8/bin:/cvmfs/cms.cern.ch/slc5_amd64_gcc462/external/elementtree/1.2.6/share/lib/python2.6/site-packages:/cvmfs/cms.cern.ch/slc5_amd64_gcc462/external/rivet/1.5.1-cms10/lib/python2.6/site-packages:/cvmfs/cms.cern.ch/slc5_amd64_gcc462/external/pyminuit2/0.0.1-cms34/lib/python2.6/site-packages:/cvmfs/cms.cern.ch/slc5_amd64_gcc462/external/professor/1.0.0-cms35/lib/python2.6/site-packages:/cvmfs/cms.cern.ch/slc5_amd64_gcc462/lcg/root/5.32.00-cms18/lib:/cvmfs/cms.cern.ch/slc5_amd64_gcc462/cms/dbs-client/DBS_2_1_1_patch1_1/lib:/cvmfs/cms.cern.ch/slc5_amd64_gcc462/cms/dbs-client/DBS_2_1_1_patch1_1/lib/DBSAPI:/home/cms064/home_crce1_220466936/CREAM220466936/glide_u13355/execute/dir_25825/
241a2a19cb7c5c8751ba22759ab3bdb0
PSETHASH = 241a2a19cb7c5c8751ba22759ab3bdb0
/home/cms064/home_crce1_220466936/CREAM220466936/glide_u13355/execute/dir_25825/writeCfg.py pset.py pset.py
Importing .py file
Setting parameters
inputBlocks=/QCD_Pt_350_BCtoE_TuneZ2star_8TeV_pythia6/mario-Summer12-stop-pfele-step1-3d176ac8da5e9dff208d057f4733ca91/USER#4ea1313f-ce05-4b4d-b719-e18ef67ecf53
inputFiles=/store/user/mario/QCD_Pt_350_BCtoE_TuneZ2star_8TeV_pythia6/Summer12-stop-pfele-step1/3d176ac8da5e9dff208d057f4733ca91/tuple_105_3_FEH.root;/store/user/mario/QCD_Pt_350_BCtoE_TuneZ2star_8TeV_pythia6/Summer12-stop-pfele-step1/3d176ac8da5e9dff208d057f4733ca91/tuple_106_3_Afo.root;/store/user/mario/QCD_Pt_350_BCtoE_TuneZ2star_8TeV_pythia6/Summer12-stop-pfele-step1/3d176ac8da5e9dff208d057f4733ca91/tuple_110_3_EJP.root;/store/user/mario/QCD_Pt_350_BCtoE_TuneZ2star_8TeV_pythia6/Summer12-stop-pfele-step1/3d176ac8da5e9dff208d057f4733ca91/tuple_107_3_Mrd.root;/store/user/mario/QCD_Pt_350_BCtoE_TuneZ2star_8TeV_pythia6/Summer12-stop-pfele-step1/3d176ac8da5e9dff208d057f4733ca91/tuple_108_3_aye.root
parentFiles=
lumisRange=
>>> Executable cmsRun
/cvmfs/cms.cern.ch/slc5_amd64_gcc462/cms/cmssw/CMSSW_5_3_5/bin/slc5_amd64_gcc462/cmsRun
ok executable found
>>> info for dashboard:
***** Cat /home/cms064/home_crce1_220466936/CREAM220466936/glide_u13355/execute/dir_25825/jobreport.txt *****
MonitorJobID=93_https://submit-2.t2.ucsd.edu//121127//17721.14
MonitorID=liis_crab_0_121127_013521_s7o4w6
ExeStart=cmsRun
***** End Cat jobreport *****
Parameters sent to Dashboard.
>>> cmsRun started at Tue Nov 27 11:15:15 UTC 2012
>>> cmsRun ended at Tue Nov 27 11:16:17 UTC 2012
>>> info for dashboard:
***** Cat /home/cms064/home_crce1_220466936/CREAM220466936/glide_u13355/execute/dir_25825/jobreport.txt *****
MonitorJobID=93_https://submit-2.t2.ucsd.edu//121127//17721.14
MonitorID=liis_crab_0_121127_013521_s7o4w6
ExeEnd=cmsRun
***** End Cat jobreport *****
Parameters sent to Dashboard.
TIME_EXE = 62 sec
>>> cmsRun wrote 42 lines of stdout+stderr
>>> START OF printout of 42 lines from stdout+stderr
27-Nov-2012 13:15:26 EET  Initiating request to open file file:/hdfs/cms/store/user/mario/QCD_Pt_350_BCtoE_TuneZ2star_8TeV_pythia6/Summer12-stop-pfele-step1/3d176ac8da5e9dff208d057f4733ca91/tuple_105_3_FEH.root
27-Nov-2012 13:15:30 EET  Successfully opened file file:/hdfs/cms/store/user/mario/QCD_Pt_350_BCtoE_TuneZ2star_8TeV_pythia6/Summer12-stop-pfele-step1/3d176ac8da5e9dff208d057f4733ca91/tuple_105_3_FEH.root
Begin processing the 1st record. Run 1, Event 41851834, LumiSection 2573 at 27-Nov-2012 13:15:36.047 EET
27-Nov-2012 13:15:37 EET  Closed file file:/hdfs/cms/store/user/mario/QCD_Pt_350_BCtoE_TuneZ2star_8TeV_pythia6/Summer12-stop-pfele-step1/3d176ac8da5e9dff208d057f4733ca91/tuple_105_3_FEH.root
27-Nov-2012 13:15:37 EET  Initiating request to open file file:/hdfs/cms/store/user/mario/QCD_Pt_350_BCtoE_TuneZ2star_8TeV_pythia6/Summer12-stop-pfele-step1/3d176ac8da5e9dff208d057f4733ca91/tuple_106_3_Afo.root
27-Nov-2012 13:15:37 EET  Successfully opened file file:/hdfs/cms/store/user/mario/QCD_Pt_350_BCtoE_TuneZ2star_8TeV_pythia6/Summer12-stop-pfele-step1/3d176ac8da5e9dff208d057f4733ca91/tuple_106_3_Afo.root
Begin processing the 1001st record. Run 1, Event 41995893, LumiSection 2582 at 27-Nov-2012 13:15:42.919 EET
Begin processing the 2001st record. Run 1, Event 46887371, LumiSection 2882 at 27-Nov-2012 13:15:45.451 EET
27-Nov-2012 13:15:46 EET  Closed file file:/hdfs/cms/store/user/mario/QCD_Pt_350_BCtoE_TuneZ2star_8TeV_pythia6/Summer12-stop-pfele-step1/3d176ac8da5e9dff208d057f4733ca91/tuple_106_3_Afo.root
27-Nov-2012 13:15:46 EET  Initiating request to open file file:/hdfs/cms/store/user/mario/QCD_Pt_350_BCtoE_TuneZ2star_8TeV_pythia6/Summer12-stop-pfele-step1/3d176ac8da5e9dff208d057f4733ca91/tuple_110_3_EJP.root
27-Nov-2012 13:15:47 EET  Successfully opened file file:/hdfs/cms/store/user/mario/QCD_Pt_350_BCtoE_TuneZ2star_8TeV_pythia6/Summer12-stop-pfele-step1/3d176ac8da5e9dff208d057f4733ca91/tuple_110_3_EJP.root
Begin processing the 3001st record. Run 1, Event 65218734, LumiSection 4009 at 27-Nov-2012 13:15:54.696 EET
Begin processing the 4001st record. Run 1, Event 31629908, LumiSection 1944 at 27-Nov-2012 13:15:56.781 EET
27-Nov-2012 13:15:59 EET  Closed file file:/hdfs/cms/store/user/mario/QCD_Pt_350_BCtoE_TuneZ2star_8TeV_pythia6/Summer12-stop-pfele-step1/3d176ac8da5e9dff208d057f4733ca91/tuple_110_3_EJP.root
27-Nov-2012 13:15:59 EET  Initiating request to open file file:/hdfs/cms/store/user/mario/QCD_Pt_350_BCtoE_TuneZ2star_8TeV_pythia6/Summer12-stop-pfele-step1/3d176ac8da5e9dff208d057f4733ca91/tuple_107_3_Mrd.root
27-Nov-2012 13:16:00 EET  Successfully opened file file:/hdfs/cms/store/user/mario/QCD_Pt_350_BCtoE_TuneZ2star_8TeV_pythia6/Summer12-stop-pfele-step1/3d176ac8da5e9dff208d057f4733ca91/tuple_107_3_Mrd.root
Begin processing the 5001st record. Run 1, Event 8445311, LumiSection 520 at 27-Nov-2012 13:16:04.817 EET
Begin processing the 6001st record. Run 1, Event 34147608, LumiSection 2099 at 27-Nov-2012 13:16:06.885 EET
Begin processing the 7001st record. Run 1, Event 31634236, LumiSection 1945 at 27-Nov-2012 13:16:10.108 EET
27-Nov-2012 13:16:10 EET  Closed file file:/hdfs/cms/store/user/mario/QCD_Pt_350_BCtoE_TuneZ2star_8TeV_pythia6/Summer12-stop-pfele-step1/3d176ac8da5e9dff208d057f4733ca91/tuple_107_3_Mrd.root
27-Nov-2012 13:16:10 EET  Initiating request to open file file:/hdfs/cms/store/user/mario/QCD_Pt_350_BCtoE_TuneZ2star_8TeV_pythia6/Summer12-stop-pfele-step1/3d176ac8da5e9dff208d057f4733ca91/tuple_108_3_aye.root
27-Nov-2012 13:16:10 EET  Successfully opened file file:/hdfs/cms/store/user/mario/QCD_Pt_350_BCtoE_TuneZ2star_8TeV_pythia6/Summer12-stop-pfele-step1/3d176ac8da5e9dff208d057f4733ca91/tuple_108_3_aye.root
Begin processing the 8001st record. Run 1, Event 53659860, LumiSection 3298 at 27-Nov-2012 13:16:14.690 EET
27-Nov-2012 13:16:16 EET  Closed file file:/hdfs/cms/store/user/mario/QCD_Pt_350_BCtoE_TuneZ2star_8TeV_pythia6/Summer12-stop-pfele-step1/3d176ac8da5e9dff208d057f4733ca91/tuple_108_3_aye.root

=============================================

MessageLogger Summary

 type     category        sev    module        subroutine        count    total
 ---- -------------------- -- ---------------- ----------------  -----    -----
    1 fileAction           -s file_close                             5        5
    2 fileAction           -s file_open                             10       10

 type    category    Examples: run/evt        run/evt          run/evt
 ---- -------------------- ---------------- ---------------- ----------------
    1 fileAction           PostProcessEvent PostProcessEvent PostEndRun
    2 fileAction           pre-events       pre-events       PostProcessEvent

Severity    # Occurrences   Total Occurrences
--------    -------------   -----------------
System                 15                  15
>>> END OF printout of 42 lines from stdout+stderr
>>> Parse FrameworkJobReport crab_fjr.xml
Result of parsing the FrameworkJobReport crab_fjr.xml: Popularity start
lumisRange : 1::2574,2579,2582,2588-2589,2869,2874,2879,2882,3039,3058,3805::1;1::2573-2574::2;1::1945,1948-1949,3054,3298,3415,3423,3439,3779::3;1::520,569,578,1757,1763,1778,1945,2099,2116,2119,3805::4;1::1944,2047,2053,2658,3295,3902,3987,3992,4009,4025,4107,4166::5;
lumisParentRange : 
Basename : /store/user/mario/QCD_Pt_350_BCtoE_TuneZ2star_8TeV_pythia6/Summer12-stop-pfele-step1/3d176ac8da5e9dff208d057f4733ca91/tuple_1
BasenameParent : 
parentFiles : 
inputBlocks : /QCD_Pt_350_BCtoE_TuneZ2star_8TeV_pythia6/mario-Summer12-stop-pfele-step1-3d176ac8da5e9dff208d057f4733ca91/USER#4ea1313f-ce05-4b4d-b719-e18ef67ecf53
inputFiles : 06_3_Afo.root::1::EDM::Local::1;05_3_FEH.root::1::EDM::Local::2;08_3_aye.root::1::EDM::Local::3;07_3_Mrd.root::1::EDM::Local::4;10_3_EJP.root::1::EDM::Local::5;
Popularity stop
Extracted ExitStatus from FrameworkJobReport parsing output: 0
>>> Executable succeded  0
ExeExitCode=0
EXECUTABLE_EXIT_STATUS = 0
>>> current directory /home/cms064/home_crce1_220466936/CREAM220466936/glide_u13355/execute/dir_25825/CMSSW_5_3_5
>>>  (SOFTWARE_DIR): /home/cms064/home_crce1_220466936/CREAM220466936/glide_u13355/execute/dir_25825/CMSSW_5_3_5
>>> (WORKING_DIR): 
>>> current directory content:
total 144
drwxr-xr-x 3 cms064 cms  4096 Nov 27 13:15 .SCRAM
-rw-r--r-- 1 cms064 cms 30066 Nov 27 13:15 CMSSW.py.pkl
drwxr-xr-x 3 cms064 cms  4096 Nov 27 13:15 bin
drwxr-xr-x 3 cms064 cms  4096 Nov 27 13:15 cfipython
drwxr-xr-x 5 cms064 cms  4096 Nov 27 13:15 config
-rw-r--r-- 1 cms064 cms    15 Nov 27 13:16 cpu_timing.txt
drwxr-xr-x 2 cms064 cms  4096 Nov 27 13:15 doc
-rw-r--r-- 1 cms064 cms  4827 Nov 27 13:16 executable.out
drwxr-xr-x 2 cms064 cms  4096 Nov 27 13:15 include
drwxrwxrwx 3 cms064 cms  4096 Oct 22 16:38 lib
drwxr-xr-x 3 cms064 cms  4096 Nov 27 13:15 logs
drwxr-xr-x 3 cms064 cms  4096 Nov 27 13:15 objs
-rw-r--r-- 1 cms064 cms 16370 Nov 27 13:16 optHistograms.root
-rw-r--r-- 1 cms064 cms   104 Nov 27 13:15 pset.py
-rw-r--r-- 1 cms064 cms 19461 Nov 27 13:15 pset.py.pkl
-rw-r--r-- 1 cms064 cms   289 Nov 27 13:15 pset.pyc
drwxr-xr-x 2 cms064 cms  4096 Nov 27 13:15 python
-rw-r--r-- 1 cms064 cms   420 Nov 27 13:16 report.log
drwxrwxrwx 4 cms064 cms  4096 Nov 27 13:15 src
drwxr-xr-x 3 cms064 cms  4096 Nov 27 13:15 test
drwxr-xr-x 3 cms064 cms  4096 Nov 27 13:15 tmp
>>> current directory /home/cms064/home_crce1_220466936/CREAM220466936/glide_u13355/execute/dir_25825/CMSSW_5_3_5
>>> (SOFTWARE_DIR): /home/cms064/home_crce1_220466936/CREAM220466936/glide_u13355/execute/dir_25825/CMSSW_5_3_5
>>> (WORKING_DIR): 
>>> current directory content:
total 128
drwxr-xr-x 3 cms064 cms  4096 Nov 27 13:15 .SCRAM
-rw-r--r-- 1 cms064 cms 30066 Nov 27 13:15 CMSSW.py.pkl
drwxr-xr-x 3 cms064 cms  4096 Nov 27 13:15 bin
drwxr-xr-x 3 cms064 cms  4096 Nov 27 13:15 cfipython
drwxr-xr-x 5 cms064 cms  4096 Nov 27 13:15 config
-rw-r--r-- 1 cms064 cms    15 Nov 27 13:16 cpu_timing.txt
drwxr-xr-x 2 cms064 cms  4096 Nov 27 13:15 doc
-rw-r--r-- 1 cms064 cms  4827 Nov 27 13:16 executable.out
drwxr-xr-x 2 cms064 cms  4096 Nov 27 13:15 include
drwxrwxrwx 3 cms064 cms  4096 Oct 22 16:38 lib
drwxr-xr-x 3 cms064 cms  4096 Nov 27 13:15 logs
drwxr-xr-x 3 cms064 cms  4096 Nov 27 13:15 objs
-rw-r--r-- 1 cms064 cms   104 Nov 27 13:15 pset.py
-rw-r--r-- 1 cms064 cms 19461 Nov 27 13:15 pset.py.pkl
-rw-r--r-- 1 cms064 cms   289 Nov 27 13:15 pset.pyc
drwxr-xr-x 2 cms064 cms  4096 Nov 27 13:15 python
-rw-r--r-- 1 cms064 cms   420 Nov 27 13:16 report.log
drwxrwxrwx 4 cms064 cms  4096 Nov 27 13:15 src
drwxr-xr-x 3 cms064 cms  4096 Nov 27 13:15 test
drwxr-xr-x 3 cms064 cms  4096 Nov 27 13:15 tmp
>>> current directory (RUNTIME_AREA):  /home/cms064/home_crce1_220466936/CREAM220466936/glide_u13355/execute/dir_25825
>>> current dir: /home/cms064/home_crce1_220466936/CREAM220466936/glide_u13355/execute/dir_25825
>>> current dir content:
total 25748
-rw-rw-rw-  1 cms064 cms     5581 Nov 27 13:12 .job.ad
-rw-rw-rw-  1 cms064 cms    11330 Nov 27 13:12 .machine.ad
-rw-rw-rw-  1 cms064 cms      105 Nov 27 01:35 CMSSW.py
-rw-rw-rw-  1 cms064 cms    30066 Nov 27 01:35 CMSSW.py.pkl
-rwxrw-rw-  1 cms064 cms    23323 Nov 27 13:15 CMSSW.sh
drwxr-xr-x 15 cms064 cms     4096 Nov 27 13:16 CMSSW_5_3_5
-rw-rw-rw-  1 cms064 cms        0 Nov 27 13:15 CMSSW_93.stderr
-rw-rw-rw-  1 cms064 cms    17058 Nov 27 13:16 CMSSW_93.stdout
-rw-r--r--  1 cms064 cms      347 Nov 27 13:15 CacheEnv.sh
-rw-rw-rw-  1 cms064 cms     7291 Jun  9  2010 DashboardAPI.py
-rw-r--r--  1 cms064 cms     6883 Nov 27 13:15 DashboardAPI.pyc
drwxrwxrwx  3 cms064 cms     4096 Nov 27 13:16 IMProv
-rw-rw-rw-  1 cms064 cms     2748 Mar  8  2006 Logger.py
-rw-r--r--  1 cms064 cms     3353 Nov 27 13:15 Logger.pyc
-rw-rw-rw-  1 cms064 cms    24524 Mar 28  2008 ProcInfo.py
-rw-r--r--  1 cms064 cms    23470 Nov 27 13:15 ProcInfo.pyc
drwxrwxrwx  7 cms064 cms     4096 Nov 27 13:15 ProdCommon
drwxrwxrwx  3 cms064 cms     4096 Nov 27 13:15 WMCore
-rw-r--r--  1 cms064 cms     1211 Nov 27 13:16 Watchdog_93.log
-rw-rw-rw-  1 cms064 cms    32895 Mar 28  2008 apmon.py
-rw-r--r--  1 cms064 cms    28874 Nov 27 13:15 apmon.pyc
-rw-rw-rw-  1 cms064 cms    92722 Nov 27 13:15 arguments.xml
-rwxrwxrwx  1 cms064 cms    37427 Sep 13 14:14 cmscp.py
-rwxrwxrwx  1 cms064 cms    23323 Nov 27 13:15 condor_exec.exe
-rw-rw-rw-  1 cms064 cms      537 Nov 27 01:35 crab.cfg
-rwxrwxrwx  1 cms064 cms     9531 Sep 20 21:46 crabWatchdog.sh
-rw-r--r--  1 cms064 cms    30181 Nov 27 13:16 crab_fjr_93.xml
-rw-rw-rw-  1 cms064 cms 25796287 Nov 27 13:15 default.tgz
-rwxrwxrwx  1 cms064 cms     4488 May 12  2012 fillCrabFjr.py
-rw-r--r--  1 cms064 cms      892 Nov 27 13:15 inputsReport.txt
-rw-r--r--  1 cms064 cms      131 Nov 27 13:16 jobreport.txt
lrwxrwxrwx  1 cms064 cms      107 Nov 27 13:16 optHistograms.root -> /home/cms064/home_crce1_220466936/CREAM220466936/glide_u13355/execute/dir_25825/optHistograms_93_2_IuK.root
-rw-r--r--  1 cms064 cms    16370 Nov 27 13:16 optHistograms_93_2_IuK.root
-rw-rw-rw-  1 cms064 cms    17352 Jan 20  2012 parseCrabFjr.py
-rw-r--r--  1 cms064 cms      285 Nov 27 13:15 report.log
-rwxrwxrwx  1 cms064 cms     1497 May 27  2009 report.py
-rwxrwxrwx  1 cms064 cms     8387 Mar 23  2011 writeCfg.py
-rw-------  1 cms064 cms     8687 Nov 27 13:14 x509up_u1000009
Checking output files:  
will tar file optHistograms_93_2_IuK.root in  out_files_93
will tar file crab_fjr_93.xml in  out_files_93
will tar file CMSSW_93.stdout in  out_files_93
will tar file CMSSW_93.stderr in  out_files_93
WARNING: output file Watchdog_93.log.gz not found!
>>> padding time: Sleeping the wrapper for 516 seconds
STOPPING WATCHDOG. CrabWatchdog PID is 3006
********** LAST 50 LINES OF WATCHDOG LOG
# RESOURCE USAGE SUMMARY FOR PROCESS ID  2900
USER       PID %CPU %MEM    VSZ   RSS TTY      STAT START   TIME COMMAND
cms064    2900  0.4  0.0   8956  1488 ?        S    13:15   0:00 /bin/sh /home/cms064/home_crce1_220466936/CREAM220466936/glide_u13355/execute/dir_25825/condor_exec.exe 93 2
 
# LIMITS USED BY THIS WATCHDOG:
# RSS  (KBytes)  : 2300000
# VSZ  (KBytes)  : 100000000
# DISK (MBytes)  : 19000
# CPU  (seconds) : 171600
# WALL (seconds) : 171600
 
# FOLLOWING PRINTOUT TRACKS MAXIMUM VALUES OF RESOURCES USE
# ONE LINE IS PRINTED EACH TIME A MAXIMUM CHANGES
# IF CHANGE WAS IN RSS OR VSZ ALSO PROCID AND COMMAND ARE PRINTED
# THERE IS NO PRINTOUT FOR CPU/WALL TIME INCREASE
 
# TIME			PID	RSS(KB)	VSZ(KB)	Dsk(MB)	tCPU(s)	tWALL(s)	COMMAND
 Nov 27 13:15:06 EET	2900	1488	8956	0	0	5	/bin/sh /home/cms064/home_crce1_220466936/CREAM220466936/glide_u13355/execute/dir_25825/condor_exec.exe 93 2      
 Nov 27 13:15:06 EET	3018	21600	84724	0	0	0	edmConfigHash pset.py        
 Nov 27 13:15:06 EET	---	21600	84724	168	----	----	----
 Nov 27 13:16:08 EET	5236	358788	563044	168	25	54	cmsRun -j /home/cms064/home_crce1_220466936/CREAM220466936/glide_u13355/execute/dir_25825/crab_fjr_93.xml -p pset.py     
 Nov 27 13:17:10 EET	---	358788	563044	169	----	----	----
********** WATCHDOG LOG ENDED
ZIPPING WATCHDOG LOG
Disk space used:
du -sh /home/cms064/home_crce1_220466936/CREAM220466936/glide_u13355/execute/dir_25825
169M	/home/cms064/home_crce1_220466936/CREAM220466936/glide_u13355/execute/dir_25825
>>> info for dashboard:
***** Cat /home/cms064/home_crce1_220466936/CREAM220466936/glide_u13355/execute/dir_25825/jobreport.txt *****
MonitorJobID=93_https://submit-2.t2.ucsd.edu//121127//17721.14
MonitorID=liis_crab_0_121127_013521_s7o4w6
ExeTime=62
ExeExitCode=0
CrabUserCpuTime=27.33
CrabSysCpuTime=3.69
CrabCpuPercentage=50%
CrabWrapperTime=600
CrabStageoutTime=NULL
***** End Cat jobreport *****
Parameters sent to Dashboard.
optHistograms_93_2_IuK.root
crab_fjr_93.xml
CMSSW_93.stdout
CMSSW_93.stderr
Watchdog_93.log.gz
tar: .BrokerInfo: Cannot stat: No such file or directory
tar: Error exit delayed from previous errors
Total Output dimension: 17451
WARNING: output files size limit is set to: 50000000
Total Output dimension 17451 is fine.
JOB_EXIT_STATUS = 0
>>> info for dashboard:
***** Cat /home/cms064/home_crce1_220466936/CREAM220466936/glide_u13355/execute/dir_25825/jobreport.txt *****
MonitorJobID=93_https://submit-2.t2.ucsd.edu//121127//17721.14
MonitorID=liis_crab_0_121127_013521_s7o4w6
JobExitCode=0
***** End Cat jobreport *****
Parameters sent to Dashboard.
optHistograms_93_2_IuK.root
crab_fjr_93.xml
