This script was generated by crab (version 2.8.3).
Running /home/cms088/home_crobe_782835500/CREAM782835500/glide_S28785/execute/dir_30821/condor_exec.exe with 2 positional parameters: 54 1
Today is Tue Nov 27 02:48:51 EET 2012
Job submitted on host wn-v-2972.local
Linux wn-v-2972.local 2.6.32-042stab059.7 #1 SMP Tue Jul 24 19:12:01 MSK 2012 x86_64 x86_64 x86_64 GNU/Linux
>>> current directory (RUNTIME_AREA): /home/cms088/home_crobe_782835500/CREAM782835500/glide_S28785/execute/dir_30821
>>> current user: uid=11088(cms088) gid=1400(cms) groups=1400(cms)
>>> voms proxy information:
subject   : /DC=ch/DC=cern/OU=Organic Units/OU=Users/CN=liis/CN=663550/CN=Liis Rebane/CN=proxy/CN=limited proxy
issuer    : /DC=ch/DC=cern/OU=Organic Units/OU=Users/CN=liis/CN=663550/CN=Liis Rebane/CN=proxy
identity  : /DC=ch/DC=cern/OU=Organic Units/OU=Users/CN=liis/CN=663550/CN=Liis Rebane/CN=proxy
type      : limited proxy
strength  : 512 bits
path      : /home/cms088/home_crobe_782835500/CREAM782835500/glide_S28785/execute/dir_30821/x509up_u1000009
timeleft  : 23:59:50
key usage : Digital Signature, Key Encipherment, Data Encipherment
=== VO cms extension information ===
VO        : cms
subject   : /DC=ch/DC=cern/OU=Organic Units/OU=Users/CN=liis/CN=663550/CN=Liis Rebane
issuer    : /DC=ch/DC=cern/OU=computers/CN=lcg-voms.cern.ch
attribute : /cms/Role=NULL/Capability=NULL
timeleft  : 190:36:46
uri       : lcg-voms.cern.ch:15002
>>> tar xzf /home/cms088/home_crobe_782835500/CREAM782835500/glide_S28785/execute/dir_30821/default.tgz :
Successful untar
>>> Include /home/cms088/home_crobe_782835500/CREAM782835500/glide_S28785/execute/dir_30821 in PYTHONPATH:
strip arguments
env var CRAB_UNIQUE_JOB_ID set to: liis_crab_0_121127_013521_s7o4w6_54_1_DXU
out_files_54
>>> list of expected files on output sandbox
output files: optHistograms_54_1_DXU.root crab_fjr_54.xml CMSSW_54.stdout CMSSW_54.stderr Watchdog_54.log.gz
>>> GridFlavour discovery: 
GridFlavour=LCG
>>> SyncSite discovery: 
SyncSite=T2_EE_Estonia
>>> SyncCE discovery: 
getting SyncCE from CE_ID
SyncCE=oberon.hep.kbfi.ee:8443/cream-pbs-long
>>> info for dashboard:
***** Cat /home/cms088/home_crobe_782835500/CREAM782835500/glide_S28785/execute/dir_30821/jobreport.txt *****
MonitorJobID=54_https://submit-2.t2.ucsd.edu//121127//17535.53
SyncGridJobId=https://submit-2.t2.ucsd.edu//121127//17535.53
MonitorID=liis_crab_0_121127_013521_s7o4w6
GridFlavour=LCG
SyncSite=T2_EE_Estonia
SyncCE=oberon.hep.kbfi.ee:8443/cream-pbs-long
***** End Cat jobreport *****
Parameters sent to Dashboard.
>>> setup environment
set SCRAM ARCH to slc5_amd64_gcc462
SCRAM_ARCH = slc5_amd64_gcc462
>>> setup CMS LCG environment:
set SCRAM ARCH and BUILD_ARCH to slc5_amd64_gcc462 ###
Sourcing environment... 
sourcing /cvmfs/cms.cern.ch/cmsset_default.sh
==> setup cms environment ok
>>> specific cmssw setup environment:
CMSSW_VERSION =  CMSSW_5_3_5
>>> current directory (SOFTWARE_DIR): /home/cms088/home_crobe_782835500/CREAM782835500/glide_S28785/execute/dir_30821/CMSSW_5_3_5
PreserveSeeds: <>
IncrementSeeds:<>
{}
WNHostName=wn-v-2972.local
>>> info for dashboard:
***** Cat /home/cms088/home_crobe_782835500/CREAM782835500/glide_S28785/execute/dir_30821/jobreport.txt *****
MonitorJobID=54_https://submit-2.t2.ucsd.edu//121127//17535.53
MonitorID=liis_crab_0_121127_013521_s7o4w6
WNHostName=wn-v-2972.local
***** End Cat jobreport *****
Parameters sent to Dashboard.
crabWatchdog started as process 3096
>>> moving CMSSW software directories in /home/cms088/home_crobe_782835500/CREAM782835500/glide_S28785/execute/dir_30821/CMSSW_5_3_5
mv: cannot stat `/home/cms088/home_crobe_782835500/CREAM782835500/glide_S28785/execute/dir_30821/module/': No such file or directory
>>> Include /home/cms088/home_crobe_782835500/CREAM782835500/glide_S28785/execute/dir_30821 in PYTHONPATH:
PYTHONPATH=/home/cms088/home_crobe_782835500/CREAM782835500/glide_S28785/execute/dir_30821/:/home/cms088/home_crobe_782835500/CREAM782835500/glide_S28785/execute/dir_30821/CMSSW_5_3_5/python:/home/cms088/home_crobe_782835500/CREAM782835500/glide_S28785/execute/dir_30821/CMSSW_5_3_5/lib/slc5_amd64_gcc462:/cvmfs/cms.cern.ch/slc5_amd64_gcc462/cms/cmssw/CMSSW_5_3_5/python:/cvmfs/cms.cern.ch/slc5_amd64_gcc462/cms/cmssw/CMSSW_5_3_5/lib/slc5_amd64_gcc462:/cvmfs/cms.cern.ch/slc5_amd64_gcc462/cms/coral/CORAL_2_3_21-cms27/slc5_amd64_gcc462/python:/cvmfs/cms.cern.ch/slc5_amd64_gcc462/cms/coral/CORAL_2_3_21-cms27/slc5_amd64_gcc462/lib:/cvmfs/cms.cern.ch/slc5_amd64_gcc462/external/pyqt/4.8.1/lib/python2.6/site-packages:/cvmfs/cms.cern.ch/slc5_amd64_gcc462/external/py2-scipy/0.8.0/lib/python2.6/site-packages:/cvmfs/cms.cern.ch/slc5_amd64_gcc462/external/py2-matplotlib/1.0.1/lib/python2.6/site-packages:/cvmfs/cms.cern.ch/slc5_amd64_gcc462/external/python-ldap/2.3.5/lib/python2.6/site-packages:/cvmfs/cms.cern.ch/slc5_amd64_gcc462/external/sip/4.11.2/lib/python2.6/site-packages:/cvmfs/cms.cern.ch/slc5_amd64_gcc462/external/py2-pycurl/7.19.0/lib/python2.6/site-packages:/cvmfs/cms.cern.ch/slc5_amd64_gcc462/external/py2-numpy/1.6.1/lib/python2.6/site-packages:/cvmfs/cms.cern.ch/slc5_amd64_gcc462/external/py2-ipython/0.10/lib/python2.6/site-packages:/cvmfs/cms.cern.ch/slc5_amd64_gcc462/external/py2-cx-oracle/5.1-cms11/lib/python2.6/site-packages:/cvmfs/cms.cern.ch/slc5_amd64_gcc462/external/py2-cjson/1.0.5/lib/python2.6/site-packages:/cvmfs/cms.cern.ch/slc5_amd64_gcc462/cms/das-client/1.4.1-cms8/bin:/cvmfs/cms.cern.ch/slc5_amd64_gcc462/external/elementtree/1.2.6/share/lib/python2.6/site-packages:/cvmfs/cms.cern.ch/slc5_amd64_gcc462/external/rivet/1.5.1-cms10/lib/python2.6/site-packages:/cvmfs/cms.cern.ch/slc5_amd64_gcc462/external/pyminuit2/0.0.1-cms34/lib/python2.6/site-packages:/cvmfs/cms.cern.ch/slc5_amd64_gcc462/external/professor/1.0.0-cms35/lib/python2.6/site-packages:/cvmfs/cms.cern.ch/slc5_amd64_gcc462/lcg/root/5.32.00-cms18/lib:/cvmfs/cms.cern.ch/slc5_amd64_gcc462/cms/dbs-client/DBS_2_1_1_patch1_1/lib:/cvmfs/cms.cern.ch/slc5_amd64_gcc462/cms/dbs-client/DBS_2_1_1_patch1_1/lib/DBSAPI:/home/cms088/home_crobe_782835500/CREAM782835500/glide_S28785/execute/dir_30821/
241a2a19cb7c5c8751ba22759ab3bdb0
PSETHASH = 241a2a19cb7c5c8751ba22759ab3bdb0
/home/cms088/home_crobe_782835500/CREAM782835500/glide_S28785/execute/dir_30821/writeCfg.py pset.py pset.py
Importing .py file
Setting parameters
inputBlocks=/QCD_Pt_350_BCtoE_TuneZ2star_8TeV_pythia6/mario-Summer12-stop-pfele-step1-3d176ac8da5e9dff208d057f4733ca91/USER#4ea1313f-ce05-4b4d-b719-e18ef67ecf53
inputFiles=/store/user/mario/QCD_Pt_350_BCtoE_TuneZ2star_8TeV_pythia6/Summer12-stop-pfele-step1/3d176ac8da5e9dff208d057f4733ca91/tuple_317_3_70j.root;/store/user/mario/QCD_Pt_350_BCtoE_TuneZ2star_8TeV_pythia6/Summer12-stop-pfele-step1/3d176ac8da5e9dff208d057f4733ca91/tuple_318_3_K3V.root;/store/user/mario/QCD_Pt_350_BCtoE_TuneZ2star_8TeV_pythia6/Summer12-stop-pfele-step1/3d176ac8da5e9dff208d057f4733ca91/tuple_319_3_keh.root;/store/user/mario/QCD_Pt_350_BCtoE_TuneZ2star_8TeV_pythia6/Summer12-stop-pfele-step1/3d176ac8da5e9dff208d057f4733ca91/tuple_321_3_i9U.root;/store/user/mario/QCD_Pt_350_BCtoE_TuneZ2star_8TeV_pythia6/Summer12-stop-pfele-step1/3d176ac8da5e9dff208d057f4733ca91/tuple_322_3_UzZ.root
parentFiles=
lumisRange=
>>> Executable cmsRun
/cvmfs/cms.cern.ch/slc5_amd64_gcc462/cms/cmssw/CMSSW_5_3_5/bin/slc5_amd64_gcc462/cmsRun
ok executable found
>>> info for dashboard:
***** Cat /home/cms088/home_crobe_782835500/CREAM782835500/glide_S28785/execute/dir_30821/jobreport.txt *****
MonitorJobID=54_https://submit-2.t2.ucsd.edu//121127//17535.53
MonitorID=liis_crab_0_121127_013521_s7o4w6
ExeStart=cmsRun
***** End Cat jobreport *****
Parameters sent to Dashboard.
>>> cmsRun started at Tue Nov 27 00:49:10 UTC 2012
>>> cmsRun ended at Tue Nov 27 00:50:43 UTC 2012
>>> info for dashboard:
***** Cat /home/cms088/home_crobe_782835500/CREAM782835500/glide_S28785/execute/dir_30821/jobreport.txt *****
MonitorJobID=54_https://submit-2.t2.ucsd.edu//121127//17535.53
MonitorID=liis_crab_0_121127_013521_s7o4w6
ExeEnd=cmsRun
***** End Cat jobreport *****
Parameters sent to Dashboard.
TIME_EXE = 93 sec
>>> cmsRun wrote 42 lines of stdout+stderr
>>> START OF printout of 42 lines from stdout+stderr
27-Nov-2012 02:49:27 EET  Initiating request to open file file:/hdfs/cms/store/user/mario/QCD_Pt_350_BCtoE_TuneZ2star_8TeV_pythia6/Summer12-stop-pfele-step1/3d176ac8da5e9dff208d057f4733ca91/tuple_317_3_70j.root
27-Nov-2012 02:49:34 EET  Successfully opened file file:/hdfs/cms/store/user/mario/QCD_Pt_350_BCtoE_TuneZ2star_8TeV_pythia6/Summer12-stop-pfele-step1/3d176ac8da5e9dff208d057f4733ca91/tuple_317_3_70j.root
Begin processing the 1st record. Run 1, Event 37046315, LumiSection 2277 at 27-Nov-2012 02:49:43.834 EET
Begin processing the 1001st record. Run 1, Event 44655006, LumiSection 2745 at 27-Nov-2012 02:49:51.211 EET
27-Nov-2012 02:49:53 EET  Closed file file:/hdfs/cms/store/user/mario/QCD_Pt_350_BCtoE_TuneZ2star_8TeV_pythia6/Summer12-stop-pfele-step1/3d176ac8da5e9dff208d057f4733ca91/tuple_317_3_70j.root
27-Nov-2012 02:49:53 EET  Initiating request to open file file:/hdfs/cms/store/user/mario/QCD_Pt_350_BCtoE_TuneZ2star_8TeV_pythia6/Summer12-stop-pfele-step1/3d176ac8da5e9dff208d057f4733ca91/tuple_318_3_K3V.root
27-Nov-2012 02:49:54 EET  Successfully opened file file:/hdfs/cms/store/user/mario/QCD_Pt_350_BCtoE_TuneZ2star_8TeV_pythia6/Summer12-stop-pfele-step1/3d176ac8da5e9dff208d057f4733ca91/tuple_318_3_K3V.root
Begin processing the 2001st record. Run 1, Event 27195716, LumiSection 1672 at 27-Nov-2012 02:50:01.407 EET
Begin processing the 3001st record. Run 1, Event 29588153, LumiSection 1819 at 27-Nov-2012 02:50:05.453 EET
27-Nov-2012 02:50:09 EET  Closed file file:/hdfs/cms/store/user/mario/QCD_Pt_350_BCtoE_TuneZ2star_8TeV_pythia6/Summer12-stop-pfele-step1/3d176ac8da5e9dff208d057f4733ca91/tuple_318_3_K3V.root
27-Nov-2012 02:50:09 EET  Initiating request to open file file:/hdfs/cms/store/user/mario/QCD_Pt_350_BCtoE_TuneZ2star_8TeV_pythia6/Summer12-stop-pfele-step1/3d176ac8da5e9dff208d057f4733ca91/tuple_319_3_keh.root
27-Nov-2012 02:50:09 EET  Successfully opened file file:/hdfs/cms/store/user/mario/QCD_Pt_350_BCtoE_TuneZ2star_8TeV_pythia6/Summer12-stop-pfele-step1/3d176ac8da5e9dff208d057f4733ca91/tuple_319_3_keh.root
Begin processing the 4001st record. Run 1, Event 46241700, LumiSection 2842 at 27-Nov-2012 02:50:14.939 EET
Begin processing the 5001st record. Run 1, Event 48790863, LumiSection 2999 at 27-Nov-2012 02:50:18.871 EET
Begin processing the 6001st record. Run 1, Event 17335214, LumiSection 1066 at 27-Nov-2012 02:50:23.302 EET
27-Nov-2012 02:50:23 EET  Closed file file:/hdfs/cms/store/user/mario/QCD_Pt_350_BCtoE_TuneZ2star_8TeV_pythia6/Summer12-stop-pfele-step1/3d176ac8da5e9dff208d057f4733ca91/tuple_319_3_keh.root
27-Nov-2012 02:50:23 EET  Initiating request to open file file:/hdfs/cms/store/user/mario/QCD_Pt_350_BCtoE_TuneZ2star_8TeV_pythia6/Summer12-stop-pfele-step1/3d176ac8da5e9dff208d057f4733ca91/tuple_321_3_i9U.root
27-Nov-2012 02:50:23 EET  Successfully opened file file:/hdfs/cms/store/user/mario/QCD_Pt_350_BCtoE_TuneZ2star_8TeV_pythia6/Summer12-stop-pfele-step1/3d176ac8da5e9dff208d057f4733ca91/tuple_321_3_i9U.root
Begin processing the 7001st record. Run 1, Event 59648238, LumiSection 3666 at 27-Nov-2012 02:50:31.483 EET
Begin processing the 8001st record. Run 1, Event 27733383, LumiSection 1705 at 27-Nov-2012 02:50:35.820 EET
27-Nov-2012 02:50:37 EET  Closed file file:/hdfs/cms/store/user/mario/QCD_Pt_350_BCtoE_TuneZ2star_8TeV_pythia6/Summer12-stop-pfele-step1/3d176ac8da5e9dff208d057f4733ca91/tuple_321_3_i9U.root
27-Nov-2012 02:50:37 EET  Initiating request to open file file:/hdfs/cms/store/user/mario/QCD_Pt_350_BCtoE_TuneZ2star_8TeV_pythia6/Summer12-stop-pfele-step1/3d176ac8da5e9dff208d057f4733ca91/tuple_322_3_UzZ.root
27-Nov-2012 02:50:37 EET  Successfully opened file file:/hdfs/cms/store/user/mario/QCD_Pt_350_BCtoE_TuneZ2star_8TeV_pythia6/Summer12-stop-pfele-step1/3d176ac8da5e9dff208d057f4733ca91/tuple_322_3_UzZ.root
27-Nov-2012 02:50:42 EET  Closed file file:/hdfs/cms/store/user/mario/QCD_Pt_350_BCtoE_TuneZ2star_8TeV_pythia6/Summer12-stop-pfele-step1/3d176ac8da5e9dff208d057f4733ca91/tuple_322_3_UzZ.root

=============================================

MessageLogger Summary

 type     category        sev    module        subroutine        count    total
 ---- -------------------- -- ---------------- ----------------  -----    -----
    1 fileAction           -s file_close                             5        5
    2 fileAction           -s file_open                             10       10

 type    category    Examples: run/evt        run/evt          run/evt
 ---- -------------------- ---------------- ---------------- ----------------
    1 fileAction           PostProcessEvent PostProcessEvent PostEndRun
    2 fileAction           pre-events       pre-events       PostProcessEvent

Severity    # Occurrences   Total Occurrences
--------    -------------   -----------------
System                 15                  15
>>> END OF printout of 42 lines from stdout+stderr
>>> Parse FrameworkJobReport crab_fjr.xml
Result of parsing the FrameworkJobReport crab_fjr.xml: Popularity start
lumisRange : 1::1066,2841-2842,2846,2989,2994,2998-3000,3216,3610,3795::1;1::1511,1529,2277,2290,2299-2300,2686,2745,2878::2;1::1070-1072,1705,1722,1804,2347,3535,3647,3666,3728,4160::3;1::1529,1544,1672,1695,1703,1793,1819,1827,1866,2144,2841::4;1::1726,1804,1820::5;
lumisParentRange : 
Basename : /store/user/mario/QCD_Pt_350_BCtoE_TuneZ2star_8TeV_pythia6/Summer12-stop-pfele-step1/3d176ac8da5e9dff208d057f4733ca91/tuple_3
BasenameParent : 
parentFiles : 
inputBlocks : /QCD_Pt_350_BCtoE_TuneZ2star_8TeV_pythia6/mario-Summer12-stop-pfele-step1-3d176ac8da5e9dff208d057f4733ca91/USER#4ea1313f-ce05-4b4d-b719-e18ef67ecf53
inputFiles : 19_3_keh.root::1::EDM::Local::1;17_3_70j.root::1::EDM::Local::2;21_3_i9U.root::1::EDM::Local::3;18_3_K3V.root::1::EDM::Local::4;22_3_UzZ.root::1::EDM::Local::5;
Popularity stop
Extracted ExitStatus from FrameworkJobReport parsing output: 0
>>> Executable succeded  0
ExeExitCode=0
EXECUTABLE_EXIT_STATUS = 0
>>> current directory /home/cms088/home_crobe_782835500/CREAM782835500/glide_S28785/execute/dir_30821/CMSSW_5_3_5
>>>  (SOFTWARE_DIR): /home/cms088/home_crobe_782835500/CREAM782835500/glide_S28785/execute/dir_30821/CMSSW_5_3_5
>>> (WORKING_DIR): 
>>> current directory content:
total 148
drwxr-xr-x 3 cms088 cms  4096 Nov 27 02:48 .SCRAM
-rw-r--r-- 1 cms088 cms 30066 Nov 27 02:48 CMSSW.py.pkl
drwxr-xr-x 3 cms088 cms  4096 Nov 27 02:48 bin
drwxr-xr-x 3 cms088 cms  4096 Nov 27 02:48 cfipython
drwxr-xr-x 5 cms088 cms  4096 Nov 27 02:48 config
-rw-r--r-- 1 cms088 cms    15 Nov 27 02:50 cpu_timing.txt
drwxr-xr-x 2 cms088 cms  4096 Nov 27 02:48 doc
-rw-r--r-- 1 cms088 cms  4829 Nov 27 02:50 executable.out
drwxr-xr-x 2 cms088 cms  4096 Nov 27 02:48 include
drwxrwxrwx 3 cms088 cms  4096 Oct 22 16:38 lib
drwxr-xr-x 3 cms088 cms  4096 Nov 27 02:48 logs
drwxr-xr-x 3 cms088 cms  4096 Nov 27 02:48 objs
-rw-r--r-- 1 cms088 cms 17210 Nov 27 02:50 optHistograms.root
-rw-r--r-- 1 cms088 cms   104 Nov 27 02:49 pset.py
-rw-r--r-- 1 cms088 cms 19460 Nov 27 02:49 pset.py.pkl
-rw-r--r-- 1 cms088 cms   289 Nov 27 02:49 pset.pyc
drwxr-xr-x 2 cms088 cms  4096 Nov 27 02:48 python
-rw-r--r-- 1 cms088 cms   420 Nov 27 02:50 report.log
drwxrwxrwx 4 cms088 cms  4096 Nov 27 02:48 src
drwxr-xr-x 3 cms088 cms  4096 Nov 27 02:48 test
drwxr-xr-x 3 cms088 cms  4096 Nov 27 02:48 tmp
>>> current directory /home/cms088/home_crobe_782835500/CREAM782835500/glide_S28785/execute/dir_30821/CMSSW_5_3_5
>>> (SOFTWARE_DIR): /home/cms088/home_crobe_782835500/CREAM782835500/glide_S28785/execute/dir_30821/CMSSW_5_3_5
>>> (WORKING_DIR): 
>>> current directory content:
total 128
drwxr-xr-x 3 cms088 cms  4096 Nov 27 02:48 .SCRAM
-rw-r--r-- 1 cms088 cms 30066 Nov 27 02:48 CMSSW.py.pkl
drwxr-xr-x 3 cms088 cms  4096 Nov 27 02:48 bin
drwxr-xr-x 3 cms088 cms  4096 Nov 27 02:48 cfipython
drwxr-xr-x 5 cms088 cms  4096 Nov 27 02:48 config
-rw-r--r-- 1 cms088 cms    15 Nov 27 02:50 cpu_timing.txt
drwxr-xr-x 2 cms088 cms  4096 Nov 27 02:48 doc
-rw-r--r-- 1 cms088 cms  4829 Nov 27 02:50 executable.out
drwxr-xr-x 2 cms088 cms  4096 Nov 27 02:48 include
drwxrwxrwx 3 cms088 cms  4096 Oct 22 16:38 lib
drwxr-xr-x 3 cms088 cms  4096 Nov 27 02:48 logs
drwxr-xr-x 3 cms088 cms  4096 Nov 27 02:48 objs
-rw-r--r-- 1 cms088 cms   104 Nov 27 02:49 pset.py
-rw-r--r-- 1 cms088 cms 19460 Nov 27 02:49 pset.py.pkl
-rw-r--r-- 1 cms088 cms   289 Nov 27 02:49 pset.pyc
drwxr-xr-x 2 cms088 cms  4096 Nov 27 02:48 python
-rw-r--r-- 1 cms088 cms   420 Nov 27 02:50 report.log
drwxrwxrwx 4 cms088 cms  4096 Nov 27 02:48 src
drwxr-xr-x 3 cms088 cms  4096 Nov 27 02:48 test
drwxr-xr-x 3 cms088 cms  4096 Nov 27 02:48 tmp
>>> current directory (RUNTIME_AREA):  /home/cms088/home_crobe_782835500/CREAM782835500/glide_S28785/execute/dir_30821
>>> current dir: /home/cms088/home_crobe_782835500/CREAM782835500/glide_S28785/execute/dir_30821
>>> current dir content:
total 25752
-rw-rw-rw-  1 cms088 cms     5581 Nov 27 02:48 .job.ad
-rw-rw-rw-  1 cms088 cms    11342 Nov 27 02:48 .machine.ad
-rw-rw-rw-  1 cms088 cms      105 Nov 27 01:35 CMSSW.py
-rw-rw-rw-  1 cms088 cms    30066 Nov 27 01:35 CMSSW.py.pkl
-rwxrw-rw-  1 cms088 cms    23323 Nov 27 02:48 CMSSW.sh
-rw-rw-rw-  1 cms088 cms        0 Nov 27 02:48 CMSSW_54.stderr
-rw-rw-rw-  1 cms088 cms    17058 Nov 27 02:50 CMSSW_54.stdout
drwxr-xr-x 15 cms088 cms     4096 Nov 27 02:50 CMSSW_5_3_5
-rw-r--r--  1 cms088 cms      347 Nov 27 02:48 CacheEnv.sh
-rw-rw-rw-  1 cms088 cms     7291 Jun  9  2010 DashboardAPI.py
-rw-r--r--  1 cms088 cms     6883 Nov 27 02:48 DashboardAPI.pyc
drwxrwxrwx  3 cms088 cms     4096 Nov 27 02:50 IMProv
-rw-rw-rw-  1 cms088 cms     2748 Mar  8  2006 Logger.py
-rw-r--r--  1 cms088 cms     3353 Nov 27 02:48 Logger.pyc
-rw-rw-rw-  1 cms088 cms    24524 Mar 28  2008 ProcInfo.py
-rw-r--r--  1 cms088 cms    23470 Nov 27 02:48 ProcInfo.pyc
drwxrwxrwx  7 cms088 cms     4096 Nov 27 02:49 ProdCommon
drwxrwxrwx  3 cms088 cms     4096 Nov 27 02:48 WMCore
-rw-r--r--  1 cms088 cms     1290 Nov 27 02:50 Watchdog_54.log
-rw-rw-rw-  1 cms088 cms    32895 Mar 28  2008 apmon.py
-rw-r--r--  1 cms088 cms    28874 Nov 27 02:48 apmon.pyc
-rw-rw-rw-  1 cms088 cms    92722 Nov 27 02:48 arguments.xml
-rwxrwxrwx  1 cms088 cms    37427 Sep 13 14:14 cmscp.py
-rwxrwxrwx  1 cms088 cms    23323 Nov 27 02:48 condor_exec.exe
-rw-rw-rw-  1 cms088 cms      537 Nov 27 01:35 crab.cfg
-rwxrwxrwx  1 cms088 cms     9531 Sep 20 21:46 crabWatchdog.sh
-rw-r--r--  1 cms088 cms    30219 Nov 27 02:50 crab_fjr_54.xml
-rw-rw-rw-  1 cms088 cms 25796287 Nov 27 02:48 default.tgz
-rwxrwxrwx  1 cms088 cms     4488 May 12  2012 fillCrabFjr.py
-rw-r--r--  1 cms088 cms      892 Nov 27 02:49 inputsReport.txt
-rw-r--r--  1 cms088 cms      131 Nov 27 02:50 jobreport.txt
lrwxrwxrwx  1 cms088 cms      107 Nov 27 02:50 optHistograms.root -> /home/cms088/home_crobe_782835500/CREAM782835500/glide_S28785/execute/dir_30821/optHistograms_54_1_DXU.root
-rw-r--r--  1 cms088 cms    17210 Nov 27 02:50 optHistograms_54_1_DXU.root
-rw-rw-rw-  1 cms088 cms    17352 Jan 20  2012 parseCrabFjr.py
-rw-r--r--  1 cms088 cms      285 Nov 27 02:48 report.log
-rwxrwxrwx  1 cms088 cms     1497 May 27  2009 report.py
-rwxrwxrwx  1 cms088 cms     8387 Mar 23  2011 writeCfg.py
-rw-------  1 cms088 cms     8691 Nov 27 02:48 x509up_u1000009
Checking output files:  
will tar file optHistograms_54_1_DXU.root in  out_files_54
will tar file crab_fjr_54.xml in  out_files_54
will tar file CMSSW_54.stdout in  out_files_54
will tar file CMSSW_54.stderr in  out_files_54
WARNING: output file Watchdog_54.log.gz not found!
>>> padding time: Sleeping the wrapper for 479 seconds
STOPPING WATCHDOG. CrabWatchdog PID is 3096
********** LAST 50 LINES OF WATCHDOG LOG
# RESOURCE USAGE SUMMARY FOR PROCESS ID  1077
USER       PID %CPU %MEM    VSZ   RSS TTY      STAT START   TIME COMMAND
cms088    1077  0.2  0.0   8956  1484 ?        S    02:48   0:00 /bin/sh /home/cms088/home_crobe_782835500/CREAM782835500/glide_S28785/execute/dir_30821/condor_exec.exe 54 1
 
# LIMITS USED BY THIS WATCHDOG:
# RSS  (KBytes)  : 2300000
# VSZ  (KBytes)  : 100000000
# DISK (MBytes)  : 19000
# CPU  (seconds) : 171600
# WALL (seconds) : 171600
 
# FOLLOWING PRINTOUT TRACKS MAXIMUM VALUES OF RESOURCES USE
# ONE LINE IS PRINTED EACH TIME A MAXIMUM CHANGES
# IF CHANGE WAS IN RSS OR VSZ ALSO PROCID AND COMMAND ARE PRINTED
# THERE IS NO PRINTOUT FOR CPU/WALL TIME INCREASE
 
# TIME			PID	RSS(KB)	VSZ(KB)	Dsk(MB)	tCPU(s)	tWALL(s)	COMMAND
 Nov 27 02:49:00 EET	395	6004	9692	0	0	1320	/home/cms088/home_crobe_782835500/CREAM782835500/glide_S28785/main/condor/sbin/condor_master -f -pidfile /home/cms088/home_crobe_782835500/CREAM782835500/glide_S28785/condor_master2.pid      
 Nov 27 02:49:00 EET	3126	23116	84752	0	0	1	edmConfigHash pset.py        
 Nov 27 02:49:00 EET	---	23116	84752	168	----	----	----
 Nov 27 02:50:05 EET	6126	358760	557924	168	26	56	cmsRun -j /home/cms088/home_crobe_782835500/CREAM782835500/glide_S28785/execute/dir_30821/crab_fjr_54.xml -p pset.py     
 Nov 27 02:51:09 EET	---	358760	557924	169	----	----	----
********** WATCHDOG LOG ENDED
ZIPPING WATCHDOG LOG
Disk space used:
du -sh /home/cms088/home_crobe_782835500/CREAM782835500/glide_S28785/execute/dir_30821
169M	/home/cms088/home_crobe_782835500/CREAM782835500/glide_S28785/execute/dir_30821
>>> info for dashboard:
***** Cat /home/cms088/home_crobe_782835500/CREAM782835500/glide_S28785/execute/dir_30821/jobreport.txt *****
MonitorJobID=54_https://submit-2.t2.ucsd.edu//121127//17535.53
MonitorID=liis_crab_0_121127_013521_s7o4w6
ExeTime=93
ExeExitCode=0
CrabUserCpuTime=46.29
CrabSysCpuTime=5.73
CrabCpuPercentage=55%
CrabWrapperTime=600
CrabStageoutTime=NULL
***** End Cat jobreport *****
Parameters sent to Dashboard.
optHistograms_54_1_DXU.root
crab_fjr_54.xml
CMSSW_54.stdout
CMSSW_54.stderr
Watchdog_54.log.gz
tar: .BrokerInfo: Cannot stat: No such file or directory
tar: Error exit delayed from previous errors
Total Output dimension: 19172
WARNING: output files size limit is set to: 50000000
Total Output dimension 19172 is fine.
JOB_EXIT_STATUS = 0
>>> info for dashboard:
***** Cat /home/cms088/home_crobe_782835500/CREAM782835500/glide_S28785/execute/dir_30821/jobreport.txt *****
MonitorJobID=54_https://submit-2.t2.ucsd.edu//121127//17535.53
MonitorID=liis_crab_0_121127_013521_s7o4w6
JobExitCode=0
***** End Cat jobreport *****
Parameters sent to Dashboard.
optHistograms_54_1_DXU.root
crab_fjr_54.xml
