This script was generated by crab (version 2.8.3).
Running /home/cms097/home_creur_939751776/CREAM939751776/glide_c30971/execute/dir_25796/condor_exec.exe with 2 positional parameters: 44 2
Today is Tue Nov 27 13:14:21 EET 2012
Job submitted on host wn-v-2324.local
Linux wn-v-2324.local 2.6.32-042stab059.7 #1 SMP Tue Jul 24 19:12:01 MSK 2012 x86_64 x86_64 x86_64 GNU/Linux
>>> current directory (RUNTIME_AREA): /home/cms097/home_creur_939751776/CREAM939751776/glide_c30971/execute/dir_25796
>>> current user: uid=11097(cms097) gid=1400(cms) groups=1400(cms)
>>> voms proxy information:
subject   : /DC=ch/DC=cern/OU=Organic Units/OU=Users/CN=liis/CN=663550/CN=Liis Rebane/CN=proxy/CN=limited proxy
issuer    : /DC=ch/DC=cern/OU=Organic Units/OU=Users/CN=liis/CN=663550/CN=Liis Rebane/CN=proxy
identity  : /DC=ch/DC=cern/OU=Organic Units/OU=Users/CN=liis/CN=663550/CN=Liis Rebane/CN=proxy
type      : limited proxy
strength  : 512 bits
path      : /home/cms097/home_creur_939751776/CREAM939751776/glide_c30971/execute/dir_25796/x509up_u1000009
timeleft  : 23:59:54
key usage : Digital Signature, Key Encipherment, Data Encipherment
=== VO cms extension information ===
VO        : cms
subject   : /DC=ch/DC=cern/OU=Organic Units/OU=Users/CN=liis/CN=663550/CN=Liis Rebane
issuer    : /DC=ch/DC=cern/OU=computers/CN=lcg-voms.cern.ch
attribute : /cms/Role=NULL/Capability=NULL
timeleft  : 180:11:16
uri       : lcg-voms.cern.ch:15002
>>> tar xzf /home/cms097/home_creur_939751776/CREAM939751776/glide_c30971/execute/dir_25796/default.tgz :
Successful untar
>>> Include /home/cms097/home_creur_939751776/CREAM939751776/glide_c30971/execute/dir_25796 in PYTHONPATH:
strip arguments
env var CRAB_UNIQUE_JOB_ID set to: liis_crab_0_121127_013521_s7o4w6_44_2_H9G
out_files_44
>>> list of expected files on output sandbox
output files: optHistograms_44_2_H9G.root crab_fjr_44.xml CMSSW_44.stdout CMSSW_44.stderr Watchdog_44.log.gz
>>> GridFlavour discovery: 
GridFlavour=LCG
>>> SyncSite discovery: 
SyncSite=T2_EE_Estonia
>>> SyncCE discovery: 
getting SyncCE from CE_ID
SyncCE=europa.hep.kbfi.ee:8443/cream-pbs-long
>>> info for dashboard:
***** Cat /home/cms097/home_creur_939751776/CREAM939751776/glide_c30971/execute/dir_25796/jobreport.txt *****
MonitorJobID=44_https://submit-2.t2.ucsd.edu//121127//17721.3
SyncGridJobId=https://submit-2.t2.ucsd.edu//121127//17721.3
MonitorID=liis_crab_0_121127_013521_s7o4w6
GridFlavour=LCG
SyncSite=T2_EE_Estonia
SyncCE=europa.hep.kbfi.ee:8443/cream-pbs-long
***** End Cat jobreport *****
Parameters sent to Dashboard.
>>> setup environment
set SCRAM ARCH to slc5_amd64_gcc462
SCRAM_ARCH = slc5_amd64_gcc462
>>> setup CMS LCG environment:
set SCRAM ARCH and BUILD_ARCH to slc5_amd64_gcc462 ###
Sourcing environment... 
sourcing /cvmfs/cms.cern.ch/cmsset_default.sh
==> setup cms environment ok
>>> specific cmssw setup environment:
CMSSW_VERSION =  CMSSW_5_3_5
>>> current directory (SOFTWARE_DIR): /home/cms097/home_creur_939751776/CREAM939751776/glide_c30971/execute/dir_25796/CMSSW_5_3_5
PreserveSeeds: <>
IncrementSeeds:<>
{}
WNHostName=wn-v-2324.local
>>> info for dashboard:
***** Cat /home/cms097/home_creur_939751776/CREAM939751776/glide_c30971/execute/dir_25796/jobreport.txt *****
MonitorJobID=44_https://submit-2.t2.ucsd.edu//121127//17721.3
MonitorID=liis_crab_0_121127_013521_s7o4w6
WNHostName=wn-v-2324.local
***** End Cat jobreport *****
Parameters sent to Dashboard.
crabWatchdog started as process 26796
>>> moving CMSSW software directories in /home/cms097/home_creur_939751776/CREAM939751776/glide_c30971/execute/dir_25796/CMSSW_5_3_5
mv: cannot stat `/home/cms097/home_creur_939751776/CREAM939751776/glide_c30971/execute/dir_25796/module/': No such file or directory
>>> Include /home/cms097/home_creur_939751776/CREAM939751776/glide_c30971/execute/dir_25796 in PYTHONPATH:
PYTHONPATH=/home/cms097/home_creur_939751776/CREAM939751776/glide_c30971/execute/dir_25796/:/home/cms097/home_creur_939751776/CREAM939751776/glide_c30971/execute/dir_25796/CMSSW_5_3_5/python:/home/cms097/home_creur_939751776/CREAM939751776/glide_c30971/execute/dir_25796/CMSSW_5_3_5/lib/slc5_amd64_gcc462:/cvmfs/cms.cern.ch/slc5_amd64_gcc462/cms/cmssw/CMSSW_5_3_5/python:/cvmfs/cms.cern.ch/slc5_amd64_gcc462/cms/cmssw/CMSSW_5_3_5/lib/slc5_amd64_gcc462:/cvmfs/cms.cern.ch/slc5_amd64_gcc462/cms/coral/CORAL_2_3_21-cms27/slc5_amd64_gcc462/python:/cvmfs/cms.cern.ch/slc5_amd64_gcc462/cms/coral/CORAL_2_3_21-cms27/slc5_amd64_gcc462/lib:/cvmfs/cms.cern.ch/slc5_amd64_gcc462/external/pyqt/4.8.1/lib/python2.6/site-packages:/cvmfs/cms.cern.ch/slc5_amd64_gcc462/external/py2-scipy/0.8.0/lib/python2.6/site-packages:/cvmfs/cms.cern.ch/slc5_amd64_gcc462/external/py2-matplotlib/1.0.1/lib/python2.6/site-packages:/cvmfs/cms.cern.ch/slc5_amd64_gcc462/external/python-ldap/2.3.5/lib/python2.6/site-packages:/cvmfs/cms.cern.ch/slc5_amd64_gcc462/external/sip/4.11.2/lib/python2.6/site-packages:/cvmfs/cms.cern.ch/slc5_amd64_gcc462/external/py2-pycurl/7.19.0/lib/python2.6/site-packages:/cvmfs/cms.cern.ch/slc5_amd64_gcc462/external/py2-numpy/1.6.1/lib/python2.6/site-packages:/cvmfs/cms.cern.ch/slc5_amd64_gcc462/external/py2-ipython/0.10/lib/python2.6/site-packages:/cvmfs/cms.cern.ch/slc5_amd64_gcc462/external/py2-cx-oracle/5.1-cms11/lib/python2.6/site-packages:/cvmfs/cms.cern.ch/slc5_amd64_gcc462/external/py2-cjson/1.0.5/lib/python2.6/site-packages:/cvmfs/cms.cern.ch/slc5_amd64_gcc462/cms/das-client/1.4.1-cms8/bin:/cvmfs/cms.cern.ch/slc5_amd64_gcc462/external/elementtree/1.2.6/share/lib/python2.6/site-packages:/cvmfs/cms.cern.ch/slc5_amd64_gcc462/external/rivet/1.5.1-cms10/lib/python2.6/site-packages:/cvmfs/cms.cern.ch/slc5_amd64_gcc462/external/pyminuit2/0.0.1-cms34/lib/python2.6/site-packages:/cvmfs/cms.cern.ch/slc5_amd64_gcc462/external/professor/1.0.0-cms35/lib/python2.6/site-packages:/cvmfs/cms.cern.ch/slc5_amd64_gcc462/lcg/root/5.32.00-cms18/lib:/cvmfs/cms.cern.ch/slc5_amd64_gcc462/cms/dbs-client/DBS_2_1_1_patch1_1/lib:/cvmfs/cms.cern.ch/slc5_amd64_gcc462/cms/dbs-client/DBS_2_1_1_patch1_1/lib/DBSAPI:/home/cms097/home_creur_939751776/CREAM939751776/glide_c30971/execute/dir_25796/
241a2a19cb7c5c8751ba22759ab3bdb0
PSETHASH = 241a2a19cb7c5c8751ba22759ab3bdb0
/home/cms097/home_creur_939751776/CREAM939751776/glide_c30971/execute/dir_25796/writeCfg.py pset.py pset.py
Importing .py file
Setting parameters
inputBlocks=/QCD_Pt_350_BCtoE_TuneZ2star_8TeV_pythia6/mario-Summer12-stop-pfele-step1-3d176ac8da5e9dff208d057f4733ca91/USER#4ea1313f-ce05-4b4d-b719-e18ef67ecf53
inputFiles=/store/user/mario/QCD_Pt_350_BCtoE_TuneZ2star_8TeV_pythia6/Summer12-stop-pfele-step1/3d176ac8da5e9dff208d057f4733ca91/tuple_279_3_0Td.root;/store/user/mario/QCD_Pt_350_BCtoE_TuneZ2star_8TeV_pythia6/Summer12-stop-pfele-step1/3d176ac8da5e9dff208d057f4733ca91/tuple_280_3_TNu.root;/store/user/mario/QCD_Pt_350_BCtoE_TuneZ2star_8TeV_pythia6/Summer12-stop-pfele-step1/3d176ac8da5e9dff208d057f4733ca91/tuple_281_3_Ouh.root;/store/user/mario/QCD_Pt_350_BCtoE_TuneZ2star_8TeV_pythia6/Summer12-stop-pfele-step1/3d176ac8da5e9dff208d057f4733ca91/tuple_282_3_aY3.root;/store/user/mario/QCD_Pt_350_BCtoE_TuneZ2star_8TeV_pythia6/Summer12-stop-pfele-step1/3d176ac8da5e9dff208d057f4733ca91/tuple_283_3_zkb.root
parentFiles=
lumisRange=
>>> Executable cmsRun
/cvmfs/cms.cern.ch/slc5_amd64_gcc462/cms/cmssw/CMSSW_5_3_5/bin/slc5_amd64_gcc462/cmsRun
ok executable found
>>> info for dashboard:
***** Cat /home/cms097/home_creur_939751776/CREAM939751776/glide_c30971/execute/dir_25796/jobreport.txt *****
MonitorJobID=44_https://submit-2.t2.ucsd.edu//121127//17721.3
MonitorID=liis_crab_0_121127_013521_s7o4w6
ExeStart=cmsRun
***** End Cat jobreport *****
Parameters sent to Dashboard.
>>> cmsRun started at Tue Nov 27 11:15:05 UTC 2012
>>> cmsRun ended at Tue Nov 27 11:16:44 UTC 2012
>>> info for dashboard:
***** Cat /home/cms097/home_creur_939751776/CREAM939751776/glide_c30971/execute/dir_25796/jobreport.txt *****
MonitorJobID=44_https://submit-2.t2.ucsd.edu//121127//17721.3
MonitorID=liis_crab_0_121127_013521_s7o4w6
ExeEnd=cmsRun
***** End Cat jobreport *****
Parameters sent to Dashboard.
TIME_EXE = 99 sec
>>> cmsRun wrote 42 lines of stdout+stderr
>>> START OF printout of 42 lines from stdout+stderr
27-Nov-2012 13:15:26 EET  Initiating request to open file file:/hdfs/cms/store/user/mario/QCD_Pt_350_BCtoE_TuneZ2star_8TeV_pythia6/Summer12-stop-pfele-step1/3d176ac8da5e9dff208d057f4733ca91/tuple_279_3_0Td.root
27-Nov-2012 13:15:33 EET  Successfully opened file file:/hdfs/cms/store/user/mario/QCD_Pt_350_BCtoE_TuneZ2star_8TeV_pythia6/Summer12-stop-pfele-step1/3d176ac8da5e9dff208d057f4733ca91/tuple_279_3_0Td.root
Begin processing the 1st record. Run 1, Event 2054711, LumiSection 127 at 27-Nov-2012 13:15:41.739 EET
Begin processing the 1001st record. Run 1, Event 53334409, LumiSection 3278 at 27-Nov-2012 13:15:49.581 EET
27-Nov-2012 13:15:51 EET  Closed file file:/hdfs/cms/store/user/mario/QCD_Pt_350_BCtoE_TuneZ2star_8TeV_pythia6/Summer12-stop-pfele-step1/3d176ac8da5e9dff208d057f4733ca91/tuple_279_3_0Td.root
27-Nov-2012 13:15:51 EET  Initiating request to open file file:/hdfs/cms/store/user/mario/QCD_Pt_350_BCtoE_TuneZ2star_8TeV_pythia6/Summer12-stop-pfele-step1/3d176ac8da5e9dff208d057f4733ca91/tuple_280_3_TNu.root
27-Nov-2012 13:15:51 EET  Successfully opened file file:/hdfs/cms/store/user/mario/QCD_Pt_350_BCtoE_TuneZ2star_8TeV_pythia6/Summer12-stop-pfele-step1/3d176ac8da5e9dff208d057f4733ca91/tuple_280_3_TNu.root
Begin processing the 2001st record. Run 1, Event 43566377, LumiSection 2678 at 27-Nov-2012 13:15:56.601 EET
Begin processing the 3001st record. Run 1, Event 58661599, LumiSection 3606 at 27-Nov-2012 13:16:00.613 EET
27-Nov-2012 13:16:04 EET  Closed file file:/hdfs/cms/store/user/mario/QCD_Pt_350_BCtoE_TuneZ2star_8TeV_pythia6/Summer12-stop-pfele-step1/3d176ac8da5e9dff208d057f4733ca91/tuple_280_3_TNu.root
27-Nov-2012 13:16:04 EET  Initiating request to open file file:/hdfs/cms/store/user/mario/QCD_Pt_350_BCtoE_TuneZ2star_8TeV_pythia6/Summer12-stop-pfele-step1/3d176ac8da5e9dff208d057f4733ca91/tuple_281_3_Ouh.root
27-Nov-2012 13:16:05 EET  Successfully opened file file:/hdfs/cms/store/user/mario/QCD_Pt_350_BCtoE_TuneZ2star_8TeV_pythia6/Summer12-stop-pfele-step1/3d176ac8da5e9dff208d057f4733ca91/tuple_281_3_Ouh.root
Begin processing the 4001st record. Run 1, Event 60705711, LumiSection 3731 at 27-Nov-2012 13:16:09.825 EET
Begin processing the 5001st record. Run 1, Event 59963076, LumiSection 3686 at 27-Nov-2012 13:16:14.067 EET
Begin processing the 6001st record. Run 1, Event 61683760, LumiSection 3792 at 27-Nov-2012 13:16:18.588 EET
27-Nov-2012 13:16:18 EET  Closed file file:/hdfs/cms/store/user/mario/QCD_Pt_350_BCtoE_TuneZ2star_8TeV_pythia6/Summer12-stop-pfele-step1/3d176ac8da5e9dff208d057f4733ca91/tuple_281_3_Ouh.root
27-Nov-2012 13:16:18 EET  Initiating request to open file file:/hdfs/cms/store/user/mario/QCD_Pt_350_BCtoE_TuneZ2star_8TeV_pythia6/Summer12-stop-pfele-step1/3d176ac8da5e9dff208d057f4733ca91/tuple_282_3_aY3.root
27-Nov-2012 13:16:19 EET  Successfully opened file file:/hdfs/cms/store/user/mario/QCD_Pt_350_BCtoE_TuneZ2star_8TeV_pythia6/Summer12-stop-pfele-step1/3d176ac8da5e9dff208d057f4733ca91/tuple_282_3_aY3.root
Begin processing the 7001st record. Run 1, Event 64639546, LumiSection 3973 at 27-Nov-2012 13:16:32.170 EET
Begin processing the 8001st record. Run 1, Event 50055908, LumiSection 3077 at 27-Nov-2012 13:16:36.821 EET
27-Nov-2012 13:16:38 EET  Closed file file:/hdfs/cms/store/user/mario/QCD_Pt_350_BCtoE_TuneZ2star_8TeV_pythia6/Summer12-stop-pfele-step1/3d176ac8da5e9dff208d057f4733ca91/tuple_282_3_aY3.root
27-Nov-2012 13:16:38 EET  Initiating request to open file file:/hdfs/cms/store/user/mario/QCD_Pt_350_BCtoE_TuneZ2star_8TeV_pythia6/Summer12-stop-pfele-step1/3d176ac8da5e9dff208d057f4733ca91/tuple_283_3_zkb.root
27-Nov-2012 13:16:38 EET  Successfully opened file file:/hdfs/cms/store/user/mario/QCD_Pt_350_BCtoE_TuneZ2star_8TeV_pythia6/Summer12-stop-pfele-step1/3d176ac8da5e9dff208d057f4733ca91/tuple_283_3_zkb.root
27-Nov-2012 13:16:43 EET  Closed file file:/hdfs/cms/store/user/mario/QCD_Pt_350_BCtoE_TuneZ2star_8TeV_pythia6/Summer12-stop-pfele-step1/3d176ac8da5e9dff208d057f4733ca91/tuple_283_3_zkb.root

=============================================

MessageLogger Summary

 type     category        sev    module        subroutine        count    total
 ---- -------------------- -- ---------------- ----------------  -----    -----
    1 fileAction           -s file_close                             5        5
    2 fileAction           -s file_open                             10       10

 type    category    Examples: run/evt        run/evt          run/evt
 ---- -------------------- ---------------- ---------------- ----------------
    1 fileAction           PostProcessEvent PostProcessEvent PostEndRun
    2 fileAction           pre-events       pre-events       PostProcessEvent

Severity    # Occurrences   Total Occurrences
--------    -------------   -----------------
System                 15                  15
>>> END OF printout of 42 lines from stdout+stderr
>>> Parse FrameworkJobReport crab_fjr.xml
Result of parsing the FrameworkJobReport crab_fjr.xml: Popularity start
lumisRange : 1::127,400,1643,2153,2169,3096,3278,3297::1;1::122-123,125,2722,3077,3222,3792,3840,3963,3968,3973::2;1::3091,3222,3276::3;1::3044,3064,3232,3241,3401,3644,3686,3731,3734,3786,3792::4;1::2678,2957,2980,2985,3096,3327,3482,3491,3534,3596,3606::5;
lumisParentRange : 
Basename : /store/user/mario/QCD_Pt_350_BCtoE_TuneZ2star_8TeV_pythia6/Summer12-stop-pfele-step1/3d176ac8da5e9dff208d057f4733ca91/tuple_2
BasenameParent : 
parentFiles : 
inputBlocks : /QCD_Pt_350_BCtoE_TuneZ2star_8TeV_pythia6/mario-Summer12-stop-pfele-step1-3d176ac8da5e9dff208d057f4733ca91/USER#4ea1313f-ce05-4b4d-b719-e18ef67ecf53
inputFiles : 79_3_0Td.root::1::EDM::Local::1;82_3_aY3.root::1::EDM::Local::2;83_3_zkb.root::1::EDM::Local::3;81_3_Ouh.root::1::EDM::Local::4;80_3_TNu.root::1::EDM::Local::5;
Popularity stop
Extracted ExitStatus from FrameworkJobReport parsing output: 0
>>> Executable succeded  0
ExeExitCode=0
EXECUTABLE_EXIT_STATUS = 0
>>> current directory /home/cms097/home_creur_939751776/CREAM939751776/glide_c30971/execute/dir_25796/CMSSW_5_3_5
>>>  (SOFTWARE_DIR): /home/cms097/home_creur_939751776/CREAM939751776/glide_c30971/execute/dir_25796/CMSSW_5_3_5
>>> (WORKING_DIR): 
>>> current directory content:
total 148
drwxr-xr-x 3 cms097 cms  4096 Nov 27 13:14 .SCRAM
-rw-r--r-- 1 cms097 cms 30066 Nov 27 13:14 CMSSW.py.pkl
drwxr-xr-x 3 cms097 cms  4096 Nov 27 13:14 bin
drwxr-xr-x 3 cms097 cms  4096 Nov 27 13:14 cfipython
drwxr-xr-x 5 cms097 cms  4096 Nov 27 13:14 config
-rw-r--r-- 1 cms097 cms    15 Nov 27 13:16 cpu_timing.txt
drwxr-xr-x 2 cms097 cms  4096 Nov 27 13:14 doc
-rw-r--r-- 1 cms097 cms  4827 Nov 27 13:16 executable.out
drwxr-xr-x 2 cms097 cms  4096 Nov 27 13:14 include
drwxrwxrwx 3 cms097 cms  4096 Oct 22 16:38 lib
drwxr-xr-x 3 cms097 cms  4096 Nov 27 13:14 logs
drwxr-xr-x 3 cms097 cms  4096 Nov 27 13:14 objs
-rw-r--r-- 1 cms097 cms 16428 Nov 27 13:16 optHistograms.root
-rw-r--r-- 1 cms097 cms   104 Nov 27 13:15 pset.py
-rw-r--r-- 1 cms097 cms 19460 Nov 27 13:15 pset.py.pkl
-rw-r--r-- 1 cms097 cms   289 Nov 27 13:15 pset.pyc
drwxr-xr-x 2 cms097 cms  4096 Nov 27 13:14 python
-rw-r--r-- 1 cms097 cms   417 Nov 27 13:16 report.log
drwxrwxrwx 4 cms097 cms  4096 Nov 27 13:14 src
drwxr-xr-x 3 cms097 cms  4096 Nov 27 13:14 test
drwxr-xr-x 3 cms097 cms  4096 Nov 27 13:14 tmp
>>> current directory /home/cms097/home_creur_939751776/CREAM939751776/glide_c30971/execute/dir_25796/CMSSW_5_3_5
>>> (SOFTWARE_DIR): /home/cms097/home_creur_939751776/CREAM939751776/glide_c30971/execute/dir_25796/CMSSW_5_3_5
>>> (WORKING_DIR): 
>>> current directory content:
total 128
drwxr-xr-x 3 cms097 cms  4096 Nov 27 13:14 .SCRAM
-rw-r--r-- 1 cms097 cms 30066 Nov 27 13:14 CMSSW.py.pkl
drwxr-xr-x 3 cms097 cms  4096 Nov 27 13:14 bin
drwxr-xr-x 3 cms097 cms  4096 Nov 27 13:14 cfipython
drwxr-xr-x 5 cms097 cms  4096 Nov 27 13:14 config
-rw-r--r-- 1 cms097 cms    15 Nov 27 13:16 cpu_timing.txt
drwxr-xr-x 2 cms097 cms  4096 Nov 27 13:14 doc
-rw-r--r-- 1 cms097 cms  4827 Nov 27 13:16 executable.out
drwxr-xr-x 2 cms097 cms  4096 Nov 27 13:14 include
drwxrwxrwx 3 cms097 cms  4096 Oct 22 16:38 lib
drwxr-xr-x 3 cms097 cms  4096 Nov 27 13:14 logs
drwxr-xr-x 3 cms097 cms  4096 Nov 27 13:14 objs
-rw-r--r-- 1 cms097 cms   104 Nov 27 13:15 pset.py
-rw-r--r-- 1 cms097 cms 19460 Nov 27 13:15 pset.py.pkl
-rw-r--r-- 1 cms097 cms   289 Nov 27 13:15 pset.pyc
drwxr-xr-x 2 cms097 cms  4096 Nov 27 13:14 python
-rw-r--r-- 1 cms097 cms   417 Nov 27 13:16 report.log
drwxrwxrwx 4 cms097 cms  4096 Nov 27 13:14 src
drwxr-xr-x 3 cms097 cms  4096 Nov 27 13:14 test
drwxr-xr-x 3 cms097 cms  4096 Nov 27 13:14 tmp
>>> current directory (RUNTIME_AREA):  /home/cms097/home_creur_939751776/CREAM939751776/glide_c30971/execute/dir_25796
>>> current dir: /home/cms097/home_creur_939751776/CREAM939751776/glide_c30971/execute/dir_25796
>>> current dir content:
total 25752
-rw-rw-rw-  1 cms097 cms     5573 Nov 27 13:12 .job.ad
-rw-rw-rw-  1 cms097 cms    11235 Nov 27 13:12 .machine.ad
-rw-rw-rw-  1 cms097 cms      105 Nov 27 01:35 CMSSW.py
-rw-rw-rw-  1 cms097 cms    30066 Nov 27 01:35 CMSSW.py.pkl
-rwxrw-rw-  1 cms097 cms    23323 Nov 27 13:14 CMSSW.sh
-rw-rw-rw-  1 cms097 cms        0 Nov 27 13:14 CMSSW_44.stderr
-rw-rw-rw-  1 cms097 cms    17042 Nov 27 13:16 CMSSW_44.stdout
drwxr-xr-x 15 cms097 cms     4096 Nov 27 13:16 CMSSW_5_3_5
-rw-r--r--  1 cms097 cms      347 Nov 27 13:14 CacheEnv.sh
-rw-rw-rw-  1 cms097 cms     7291 Jun  9  2010 DashboardAPI.py
-rw-r--r--  1 cms097 cms     6883 Nov 27 13:14 DashboardAPI.pyc
drwxrwxrwx  3 cms097 cms     4096 Nov 27 13:16 IMProv
-rw-rw-rw-  1 cms097 cms     2748 Mar  8  2006 Logger.py
-rw-r--r--  1 cms097 cms     3353 Nov 27 13:14 Logger.pyc
-rw-rw-rw-  1 cms097 cms    24524 Mar 28  2008 ProcInfo.py
-rw-r--r--  1 cms097 cms    23470 Nov 27 13:14 ProcInfo.pyc
drwxrwxrwx  7 cms097 cms     4096 Nov 27 13:15 ProdCommon
drwxrwxrwx  3 cms097 cms     4096 Nov 27 13:14 WMCore
-rw-r--r--  1 cms097 cms     1522 Nov 27 13:16 Watchdog_44.log
-rw-rw-rw-  1 cms097 cms    32895 Mar 28  2008 apmon.py
-rw-r--r--  1 cms097 cms    28874 Nov 27 13:14 apmon.pyc
-rw-rw-rw-  1 cms097 cms    92722 Nov 27 13:14 arguments.xml
-rwxrwxrwx  1 cms097 cms    37427 Sep 13 14:14 cmscp.py
-rwxrwxrwx  1 cms097 cms    23323 Nov 27 13:14 condor_exec.exe
-rw-rw-rw-  1 cms097 cms      537 Nov 27 01:35 crab.cfg
-rwxrwxrwx  1 cms097 cms     9531 Sep 20 21:46 crabWatchdog.sh
-rw-r--r--  1 cms097 cms    30130 Nov 27 13:16 crab_fjr_44.xml
-rw-rw-rw-  1 cms097 cms 25796287 Nov 27 13:14 default.tgz
-rwxrwxrwx  1 cms097 cms     4488 May 12  2012 fillCrabFjr.py
-rw-r--r--  1 cms097 cms      892 Nov 27 13:15 inputsReport.txt
-rw-r--r--  1 cms097 cms      130 Nov 27 13:16 jobreport.txt
lrwxrwxrwx  1 cms097 cms      107 Nov 27 13:16 optHistograms.root -> /home/cms097/home_creur_939751776/CREAM939751776/glide_c30971/execute/dir_25796/optHistograms_44_2_H9G.root
-rw-r--r--  1 cms097 cms    16428 Nov 27 13:16 optHistograms_44_2_H9G.root
-rw-rw-rw-  1 cms097 cms    17352 Jan 20  2012 parseCrabFjr.py
-rw-r--r--  1 cms097 cms      283 Nov 27 13:14 report.log
-rwxrwxrwx  1 cms097 cms     1497 May 27  2009 report.py
-rwxrwxrwx  1 cms097 cms     8387 Mar 23  2011 writeCfg.py
-rw-------  1 cms097 cms     8687 Nov 27 13:14 x509up_u1000009
Checking output files:  
will tar file optHistograms_44_2_H9G.root in  out_files_44
will tar file crab_fjr_44.xml in  out_files_44
will tar file CMSSW_44.stdout in  out_files_44
will tar file CMSSW_44.stderr in  out_files_44
WARNING: output file Watchdog_44.log.gz not found!
>>> padding time: Sleeping the wrapper for 443 seconds
STOPPING WATCHDOG. CrabWatchdog PID is 26796
********** LAST 50 LINES OF WATCHDOG LOG
# RESOURCE USAGE SUMMARY FOR PROCESS ID 25365
USER       PID %CPU %MEM    VSZ   RSS TTY      STAT START   TIME COMMAND
cms097   25365  0.0  0.0   8956  1488 ?        S    13:14   0:00 /bin/sh /home/cms097/home_creur_939751776/CREAM939751776/glide_c30971/execute/dir_25796/condor_exec.exe 44 2
 
# LIMITS USED BY THIS WATCHDOG:
# RSS  (KBytes)  : 2300000
# VSZ  (KBytes)  : 100000000
# DISK (MBytes)  : 19000
# CPU  (seconds) : 171600
# WALL (seconds) : 171600
 
# FOLLOWING PRINTOUT TRACKS MAXIMUM VALUES OF RESOURCES USE
# ONE LINE IS PRINTED EACH TIME A MAXIMUM CHANGES
# IF CHANGE WAS IN RSS OR VSZ ALSO PROCID AND COMMAND ARE PRINTED
# THERE IS NO PRINTOUT FOR CPU/WALL TIME INCREASE
 
# TIME			PID	RSS(KB)	VSZ(KB)	Dsk(MB)	tCPU(s)	tWALL(s)	COMMAND
 Nov 27 13:14:51 EET	6141	1340	8816	0	0	887	/bin/bash /home/cms097/home_creur_939751776/CREAM939751776/glide_c30971/main/condor_startup.sh glidein_config       
 Nov 27 13:14:51 EET	6771	5884	9560	0	0	887	/home/cms097/home_creur_939751776/CREAM939751776/glide_c30971/main/condor/sbin/condor_master -f -pidfile /home/cms097/home_creur_939751776/CREAM939751776/glide_c30971/condor_master2.pid      
 Nov 27 13:14:51 EET	6773	5884	9572	0	0	885	condor_startd -f        
 Nov 27 13:14:51 EET	26834	24196	84880	0	0	5	edmConfigHash pset.py        
 Nov 27 13:14:51 EET	---	24196	84880	168	----	----	----
 Nov 27 13:15:59 EET	31207	357324	557924	168	27	58	cmsRun -j /home/cms097/home_creur_939751776/CREAM939751776/glide_c30971/execute/dir_25796/crab_fjr_44.xml -p pset.py     
 Nov 27 13:17:03 EET	---	357324	557924	169	----	----	----
********** WATCHDOG LOG ENDED
ZIPPING WATCHDOG LOG
Disk space used:
du -sh /home/cms097/home_creur_939751776/CREAM939751776/glide_c30971/execute/dir_25796
169M	/home/cms097/home_creur_939751776/CREAM939751776/glide_c30971/execute/dir_25796
>>> info for dashboard:
***** Cat /home/cms097/home_creur_939751776/CREAM939751776/glide_c30971/execute/dir_25796/jobreport.txt *****
MonitorJobID=44_https://submit-2.t2.ucsd.edu//121127//17721.3
MonitorID=liis_crab_0_121127_013521_s7o4w6
ExeTime=99
ExeExitCode=0
CrabUserCpuTime=46.60
CrabSysCpuTime=4.74
CrabCpuPercentage=51%
CrabWrapperTime=600
CrabStageoutTime=NULL
***** End Cat jobreport *****
Parameters sent to Dashboard.
optHistograms_44_2_H9G.root
crab_fjr_44.xml
CMSSW_44.stdout
CMSSW_44.stderr
Watchdog_44.log.gz
tar: .BrokerInfo: Cannot stat: No such file or directory
tar: Error exit delayed from previous errors
Total Output dimension: 18161
WARNING: output files size limit is set to: 50000000
Total Output dimension 18161 is fine.
JOB_EXIT_STATUS = 0
>>> info for dashboard:
***** Cat /home/cms097/home_creur_939751776/CREAM939751776/glide_c30971/execute/dir_25796/jobreport.txt *****
MonitorJobID=44_https://submit-2.t2.ucsd.edu//121127//17721.3
MonitorID=liis_crab_0_121127_013521_s7o4w6
JobExitCode=0
***** End Cat jobreport *****
Parameters sent to Dashboard.
optHistograms_44_2_H9G.root
crab_fjr_44.xml
