This script was generated by crab (version 2.8.3).
Running /home/cms067/home_crce1_359880050/CREAM359880050/glide_W11532/execute/dir_27769/condor_exec.exe with 2 positional parameters: 85 1
Today is Tue Nov 27 01:57:55 EET 2012
Job submitted on host wn-v-5060.local
Linux wn-v-5060.local 2.6.32-042stab059.7 #1 SMP Tue Jul 24 19:12:01 MSK 2012 x86_64 x86_64 x86_64 GNU/Linux
>>> current directory (RUNTIME_AREA): /home/cms067/home_crce1_359880050/CREAM359880050/glide_W11532/execute/dir_27769
>>> current user: uid=11067(cms067) gid=1400(cms) groups=1400(cms)
>>> voms proxy information:
subject   : /DC=ch/DC=cern/OU=Organic Units/OU=Users/CN=liis/CN=663550/CN=Liis Rebane/CN=proxy/CN=limited proxy
issuer    : /DC=ch/DC=cern/OU=Organic Units/OU=Users/CN=liis/CN=663550/CN=Liis Rebane/CN=proxy
identity  : /DC=ch/DC=cern/OU=Organic Units/OU=Users/CN=liis/CN=663550/CN=Liis Rebane/CN=proxy
type      : limited proxy
strength  : 512 bits
path      : /home/cms067/home_crce1_359880050/CREAM359880050/glide_W11532/execute/dir_27769/x509up_u1000009
timeleft  : 23:59:53
key usage : Digital Signature, Key Encipherment, Data Encipherment
=== VO cms extension information ===
VO        : cms
subject   : /DC=ch/DC=cern/OU=Organic Units/OU=Users/CN=liis/CN=663550/CN=Liis Rebane
issuer    : /DC=ch/DC=cern/OU=computers/CN=lcg-voms.cern.ch
attribute : /cms/Role=NULL/Capability=NULL
timeleft  : 191:27:41
uri       : lcg-voms.cern.ch:15002
>>> tar xzf /home/cms067/home_crce1_359880050/CREAM359880050/glide_W11532/execute/dir_27769/default.tgz :
Successful untar
>>> Include /home/cms067/home_crce1_359880050/CREAM359880050/glide_W11532/execute/dir_27769 in PYTHONPATH:
strip arguments
env var CRAB_UNIQUE_JOB_ID set to: liis_crab_0_121127_012526_r0h5c1_85_1_SD5
out_files_85
>>> list of expected files on output sandbox
output files: optHistograms_85_1_SD5.root crab_fjr_85.xml CMSSW_85.stdout CMSSW_85.stderr Watchdog_85.log.gz
>>> GridFlavour discovery: 
GridFlavour=LCG
>>> SyncSite discovery: 
SyncSite=T2_EE_Estonia
>>> SyncCE discovery: 
getting SyncCE from CE_ID
SyncCE=cream1.hep.kbfi.ee:8443/cream-pbs-long
>>> info for dashboard:
***** Cat /home/cms067/home_crce1_359880050/CREAM359880050/glide_W11532/execute/dir_27769/jobreport.txt *****
MonitorJobID=85_https://submit-2.t2.ucsd.edu//121127//17528.84
SyncGridJobId=https://submit-2.t2.ucsd.edu//121127//17528.84
MonitorID=liis_crab_0_121127_012526_r0h5c1
GridFlavour=LCG
SyncSite=T2_EE_Estonia
SyncCE=cream1.hep.kbfi.ee:8443/cream-pbs-long
***** End Cat jobreport *****
Parameters sent to Dashboard.
>>> setup environment
set SCRAM ARCH to slc5_amd64_gcc462
SCRAM_ARCH = slc5_amd64_gcc462
>>> setup CMS LCG environment:
set SCRAM ARCH and BUILD_ARCH to slc5_amd64_gcc462 ###
Sourcing environment... 
sourcing /cvmfs/cms.cern.ch/cmsset_default.sh
==> setup cms environment ok
>>> specific cmssw setup environment:
CMSSW_VERSION =  CMSSW_5_3_5
>>> current directory (SOFTWARE_DIR): /home/cms067/home_crce1_359880050/CREAM359880050/glide_W11532/execute/dir_27769/CMSSW_5_3_5
PreserveSeeds: <>
IncrementSeeds:<>
{}
WNHostName=wn-v-5060.local
>>> info for dashboard:
***** Cat /home/cms067/home_crce1_359880050/CREAM359880050/glide_W11532/execute/dir_27769/jobreport.txt *****
MonitorJobID=85_https://submit-2.t2.ucsd.edu//121127//17528.84
MonitorID=liis_crab_0_121127_012526_r0h5c1
WNHostName=wn-v-5060.local
***** End Cat jobreport *****
Parameters sent to Dashboard.
crabWatchdog started as process 685
>>> moving CMSSW software directories in /home/cms067/home_crce1_359880050/CREAM359880050/glide_W11532/execute/dir_27769/CMSSW_5_3_5
mv: cannot stat `/home/cms067/home_crce1_359880050/CREAM359880050/glide_W11532/execute/dir_27769/module/': No such file or directory
>>> Include /home/cms067/home_crce1_359880050/CREAM359880050/glide_W11532/execute/dir_27769 in PYTHONPATH:
PYTHONPATH=/home/cms067/home_crce1_359880050/CREAM359880050/glide_W11532/execute/dir_27769/:/home/cms067/home_crce1_359880050/CREAM359880050/glide_W11532/execute/dir_27769/CMSSW_5_3_5/python:/home/cms067/home_crce1_359880050/CREAM359880050/glide_W11532/execute/dir_27769/CMSSW_5_3_5/lib/slc5_amd64_gcc462:/cvmfs/cms.cern.ch/slc5_amd64_gcc462/cms/cmssw/CMSSW_5_3_5/python:/cvmfs/cms.cern.ch/slc5_amd64_gcc462/cms/cmssw/CMSSW_5_3_5/lib/slc5_amd64_gcc462:/cvmfs/cms.cern.ch/slc5_amd64_gcc462/cms/coral/CORAL_2_3_21-cms27/slc5_amd64_gcc462/python:/cvmfs/cms.cern.ch/slc5_amd64_gcc462/cms/coral/CORAL_2_3_21-cms27/slc5_amd64_gcc462/lib:/cvmfs/cms.cern.ch/slc5_amd64_gcc462/external/pyqt/4.8.1/lib/python2.6/site-packages:/cvmfs/cms.cern.ch/slc5_amd64_gcc462/external/py2-scipy/0.8.0/lib/python2.6/site-packages:/cvmfs/cms.cern.ch/slc5_amd64_gcc462/external/py2-matplotlib/1.0.1/lib/python2.6/site-packages:/cvmfs/cms.cern.ch/slc5_amd64_gcc462/external/python-ldap/2.3.5/lib/python2.6/site-packages:/cvmfs/cms.cern.ch/slc5_amd64_gcc462/external/sip/4.11.2/lib/python2.6/site-packages:/cvmfs/cms.cern.ch/slc5_amd64_gcc462/external/py2-pycurl/7.19.0/lib/python2.6/site-packages:/cvmfs/cms.cern.ch/slc5_amd64_gcc462/external/py2-numpy/1.6.1/lib/python2.6/site-packages:/cvmfs/cms.cern.ch/slc5_amd64_gcc462/external/py2-ipython/0.10/lib/python2.6/site-packages:/cvmfs/cms.cern.ch/slc5_amd64_gcc462/external/py2-cx-oracle/5.1-cms11/lib/python2.6/site-packages:/cvmfs/cms.cern.ch/slc5_amd64_gcc462/external/py2-cjson/1.0.5/lib/python2.6/site-packages:/cvmfs/cms.cern.ch/slc5_amd64_gcc462/cms/das-client/1.4.1-cms8/bin:/cvmfs/cms.cern.ch/slc5_amd64_gcc462/external/elementtree/1.2.6/share/lib/python2.6/site-packages:/cvmfs/cms.cern.ch/slc5_amd64_gcc462/external/rivet/1.5.1-cms10/lib/python2.6/site-packages:/cvmfs/cms.cern.ch/slc5_amd64_gcc462/external/pyminuit2/0.0.1-cms34/lib/python2.6/site-packages:/cvmfs/cms.cern.ch/slc5_amd64_gcc462/external/professor/1.0.0-cms35/lib/python2.6/site-packages:/cvmfs/cms.cern.ch/slc5_amd64_gcc462/lcg/root/5.32.00-cms18/lib:/cvmfs/cms.cern.ch/slc5_amd64_gcc462/cms/dbs-client/DBS_2_1_1_patch1_1/lib:/cvmfs/cms.cern.ch/slc5_amd64_gcc462/cms/dbs-client/DBS_2_1_1_patch1_1/lib/DBSAPI:/home/cms067/home_crce1_359880050/CREAM359880050/glide_W11532/execute/dir_27769/
241a2a19cb7c5c8751ba22759ab3bdb0
PSETHASH = 241a2a19cb7c5c8751ba22759ab3bdb0
/home/cms067/home_crce1_359880050/CREAM359880050/glide_W11532/execute/dir_27769/writeCfg.py pset.py pset.py
Importing .py file
Setting parameters
inputBlocks=/QCD_Pt_350_EMEnriched_TuneZ2star_8TeV_pythia6/mario-Summer12-stop-pfele-step1-3d176ac8da5e9dff208d057f4733ca91/USER#2ef68d93-4c3b-40b9-98c3-bc862db01b2a
inputFiles=/store/user/mario/QCD_Pt_350_EMEnriched_TuneZ2star_8TeV_pythia6/Summer12-stop-pfele-step1/3d176ac8da5e9dff208d057f4733ca91/tuple_78_2_SWM.root;/store/user/mario/QCD_Pt_350_EMEnriched_TuneZ2star_8TeV_pythia6/Summer12-stop-pfele-step1/3d176ac8da5e9dff208d057f4733ca91/tuple_79_8_tGz.root;/store/user/mario/QCD_Pt_350_EMEnriched_TuneZ2star_8TeV_pythia6/Summer12-stop-pfele-step1/3d176ac8da5e9dff208d057f4733ca91/tuple_80_8_8Dx.root;/store/user/mario/QCD_Pt_350_EMEnriched_TuneZ2star_8TeV_pythia6/Summer12-stop-pfele-step1/3d176ac8da5e9dff208d057f4733ca91/tuple_81_8_F08.root;/store/user/mario/QCD_Pt_350_EMEnriched_TuneZ2star_8TeV_pythia6/Summer12-stop-pfele-step1/3d176ac8da5e9dff208d057f4733ca91/tuple_82_2_xqb.root
parentFiles=
lumisRange=
>>> Executable cmsRun
/cvmfs/cms.cern.ch/slc5_amd64_gcc462/cms/cmssw/CMSSW_5_3_5/bin/slc5_amd64_gcc462/cmsRun
ok executable found
>>> info for dashboard:
***** Cat /home/cms067/home_crce1_359880050/CREAM359880050/glide_W11532/execute/dir_27769/jobreport.txt *****
MonitorJobID=85_https://submit-2.t2.ucsd.edu//121127//17528.84
MonitorID=liis_crab_0_121127_012526_r0h5c1
ExeStart=cmsRun
***** End Cat jobreport *****
Parameters sent to Dashboard.
>>> cmsRun started at Mon Nov 26 23:58:47 UTC 2012
>>> cmsRun ended at Tue Nov 27 00:00:09 UTC 2012
>>> info for dashboard:
***** Cat /home/cms067/home_crce1_359880050/CREAM359880050/glide_W11532/execute/dir_27769/jobreport.txt *****
MonitorJobID=85_https://submit-2.t2.ucsd.edu//121127//17528.84
MonitorID=liis_crab_0_121127_012526_r0h5c1
ExeEnd=cmsRun
***** End Cat jobreport *****
Parameters sent to Dashboard.
TIME_EXE = 82 sec
>>> cmsRun wrote 22 lines of stdout+stderr
>>> START OF printout of 22 lines from stdout+stderr
27-Nov-2012 01:59:27 EET  Initiating request to open file file:/hdfs/cms/store/user/mario/QCD_Pt_350_EMEnriched_TuneZ2star_8TeV_pythia6/Summer12-stop-pfele-step1/3d176ac8da5e9dff208d057f4733ca91/tuple_78_2_SWM.root
27-Nov-2012 01:59:27 EET  Fallback request to file root://xrootd.ba.infn.it//store/user/mario/QCD_Pt_350_EMEnriched_TuneZ2star_8TeV_pythia6/Summer12-stop-pfele-step1/3d176ac8da5e9dff208d057f4733ca91/tuple_78_2_SWM.root
121127 01:59:33 9826 Xrd: GoToAnotherServer: Going to: cms-xrd-global.cern.ch:1094
121127 02:00:04 9826 Xrd: CheckErrorStatus: Server [xrootd.ba.infn.it:1094] declared: No servers are available to read the file.(error code: 3011)
121127 02:00:04 9826 Xrd: GoToAnotherServer: Going to: xrootd.ba.infn.it:1094
121127 02:00:09 9826 Xrd: GoToAnotherServer: Going to: cms-xrd-global.cern.ch:1094
121127 02:00:09 9826 Xrd: CheckErrorStatus: Server [xrootd.ba.infn.it:1094] declared: No servers are available to read the file.(error code: 3011)
121127 02:00:09 9826 Xrd: Open: Error opening the file.
----- Begin Fatal Exception 27-Nov-2012 02:00:09 EET-----------------------
An exception of category 'FallbackFileOpenError' occurred while
   [0] Constructing the EventProcessor
   [1] Constructing input source of type PoolSource
   [2] Calling RootInputFileSequence::initFile()
   [3] Calling StorageFactory::open()
   [4] Calling XrdFile::open()
Exception Message:
Input file file:/hdfs/cms/store/user/mario/QCD_Pt_350_EMEnriched_TuneZ2star_8TeV_pythia6/Summer12-stop-pfele-step1/3d176ac8da5e9dff208d057f4733ca91/tuple_78_2_SWM.root was not found, could not be opened, or is corrupted.
Fallback Input file root://xrootd.ba.infn.it//store/user/mario/QCD_Pt_350_EMEnriched_TuneZ2star_8TeV_pythia6/Summer12-stop-pfele-step1/3d176ac8da5e9dff208d057f4733ca91/tuple_78_2_SWM.root also was not found, could not be opened, or is corrupted.
   Additional Info:
      [a] XrdClient::Open(name='root://xrootd.ba.infn.it//store/user/mario/QCD_Pt_350_EMEnriched_TuneZ2star_8TeV_pythia6/Summer12-stop-pfele-step1/3d176ac8da5e9dff208d057f4733ca91/tuple_78_2_SWM.root', flags=0x10, permissions=0666) => error 'No servers are available to read the file.' (errno=3011)
      [b] Current server connection: root://cms-xrd-global.cern.ch:1094//store/user/mario/QCD_Pt_350_EMEnriched_TuneZ2star_8TeV_pythia6/Summer12-stop-pfele-step1/3d176ac8da5e9dff208d057f4733ca91/tuple_78_2_SWM.root
----- End Fatal Exception -------------------------------------------------
>>> END OF printout of 22 lines from stdout+stderr
>>> Parse FrameworkJobReport crab_fjr.xml
Result of parsing the FrameworkJobReport crab_fjr.xml: Popularity start
lumisRange : 
lumisParentRange : 
Basename : /store/user/mario/QCD_Pt_350_EMEnriched_TuneZ2star_8TeV_pythia6/Summer12-stop-pfele-step1/3d176ac8da5e9dff208d057f4733ca91/tuple_
BasenameParent : 
parentFiles : 
inputBlocks : /QCD_Pt_350_EMEnriched_TuneZ2star_8TeV_pythia6/mario-Summer12-stop-pfele-step1-3d176ac8da5e9dff208d057f4733ca91/USER#2ef68d93-4c3b-40b9-98c3-bc862db01b2a
inputFiles : 78_2_SWM.root::0::Unknown::Remote::Unknown;79_8_tGz.root::2::Unknown::Unknown::Unknown;80_8_8Dx.root::2::Unknown::Unknown::Unknown;81_8_F08.root::2::Unknown::Unknown::Unknown;82_2_xqb.root::2::Unknown::Unknown::Unknown;
Popularity stop
Extracted ExitStatus from FrameworkJobReport parsing output: 8028
>>> Executable failed  8028
ExeExitCode=8028
EXECUTABLE_EXIT_STATUS = 8028
Checking output files:  
WARNING: output file optHistograms_85_1_SD5.root not found!
will tar file crab_fjr_85.xml in  out_files_85
will tar file CMSSW_85.stdout in  out_files_85
will tar file CMSSW_85.stderr in  out_files_85
WARNING: output file Watchdog_85.log.gz not found!
>>> padding time: Sleeping the wrapper for 449 seconds
STOPPING WATCHDOG. CrabWatchdog PID is 685
********** LAST 50 LINES OF WATCHDOG LOG
# RESOURCE USAGE SUMMARY FOR PROCESS ID 29480
USER       PID %CPU %MEM    VSZ   RSS TTY      STAT START   TIME COMMAND
cms067   29480  0.2  0.0   8956  1488 ?        S    01:57   0:00 /bin/sh /home/cms067/home_crce1_359880050/CREAM359880050/glide_W11532/execute/dir_27769/condor_exec.exe 85 1
 
# LIMITS USED BY THIS WATCHDOG:
# RSS  (KBytes)  : 2300000
# VSZ  (KBytes)  : 100000000
# DISK (MBytes)  : 19000
# CPU  (seconds) : 171600
# WALL (seconds) : 171600
 
# FOLLOWING PRINTOUT TRACKS MAXIMUM VALUES OF RESOURCES USE
# ONE LINE IS PRINTED EACH TIME A MAXIMUM CHANGES
# IF CHANGE WAS IN RSS OR VSZ ALSO PROCID AND COMMAND ARE PRINTED
# THERE IS NO PRINTOUT FOR CPU/WALL TIME INCREASE
 
# TIME			PID	RSS(KB)	VSZ(KB)	Dsk(MB)	tCPU(s)	tWALL(s)	COMMAND
 Nov 27 01:58:08 EET	685	1380	8840	0	0	1	/bin/bash /home/cms067/home_crce1_359880050/CREAM359880050/glide_W11532/execute/dir_27769/crabWatchdog.sh        
 Nov 27 01:58:08 EET	788	21592	84724	0	0	2	edmConfigHash pset.py        
 Nov 27 01:58:08 EET	---	21592	84724	168	----	----	----
 Nov 27 01:59:19 EET	9826	42196	112808	168	6	34	cmsRun -j /home/cms067/home_crce1_359880050/CREAM359880050/glide_W11532/execute/dir_27769/crab_fjr_85.xml -p pset.py     
********** WATCHDOG LOG ENDED
ZIPPING WATCHDOG LOG
Disk space used:
du -sh /home/cms067/home_crce1_359880050/CREAM359880050/glide_W11532/execute/dir_27769
169M	/home/cms067/home_crce1_359880050/CREAM359880050/glide_W11532/execute/dir_27769
>>> info for dashboard:
***** Cat /home/cms067/home_crce1_359880050/CREAM359880050/glide_W11532/execute/dir_27769/jobreport.txt *****
MonitorJobID=85_https://submit-2.t2.ucsd.edu//121127//17528.84
MonitorID=liis_crab_0_121127_012526_r0h5c1
ExeTime=82
ExeExitCode=8028
CrabUserCpuTime=1.02
CrabSysCpuTime=7.00
CrabCpuPercentage=9%
CrabWrapperTime=600
CrabStageoutTime=NULL
***** End Cat jobreport *****
Parameters sent to Dashboard.
tar: optHistograms_85_1_SD5.root: Cannot stat: No such file or directory
crab_fjr_85.xml
CMSSW_85.stdout
CMSSW_85.stderr
Watchdog_85.log.gz
tar: .BrokerInfo: Cannot stat: No such file or directory
tar: Error exit delayed from previous errors
Total Output dimension: 5144
WARNING: output files size limit is set to: 50000000
Total Output dimension 5144 is fine.
JOB_EXIT_STATUS = 8028
>>> info for dashboard:
***** Cat /home/cms067/home_crce1_359880050/CREAM359880050/glide_W11532/execute/dir_27769/jobreport.txt *****
MonitorJobID=85_https://submit-2.t2.ucsd.edu//121127//17528.84
MonitorID=liis_crab_0_121127_012526_r0h5c1
JobExitCode=8028
***** End Cat jobreport *****
Parameters sent to Dashboard.
tar: optHistograms_85_1_SD5.root: Cannot stat: No such file or directory
crab_fjr_85.xml
