This script was generated by crab (version 2.8.3).
Running /home/cms006/home_crce1_621172150/CREAM621172150/glide_PN6778/execute/dir_19805/condor_exec.exe with 2 positional parameters: 64 1
Today is Tue Nov 27 01:47:35 EET 2012
Job submitted on host wn-v-5060.local
Linux wn-v-5060.local 2.6.32-042stab059.7 #1 SMP Tue Jul 24 19:12:01 MSK 2012 x86_64 x86_64 x86_64 GNU/Linux
>>> current directory (RUNTIME_AREA): /home/cms006/home_crce1_621172150/CREAM621172150/glide_PN6778/execute/dir_19805
>>> current user: uid=11006(cms006) gid=1400(cms) groups=1400(cms)
>>> voms proxy information:
subject   : /DC=ch/DC=cern/OU=Organic Units/OU=Users/CN=liis/CN=663550/CN=Liis Rebane/CN=proxy/CN=limited proxy
issuer    : /DC=ch/DC=cern/OU=Organic Units/OU=Users/CN=liis/CN=663550/CN=Liis Rebane/CN=proxy
identity  : /DC=ch/DC=cern/OU=Organic Units/OU=Users/CN=liis/CN=663550/CN=Liis Rebane/CN=proxy
type      : limited proxy
strength  : 512 bits
path      : /home/cms006/home_crce1_621172150/CREAM621172150/glide_PN6778/execute/dir_19805/x509up_u1000009
timeleft  : 23:59:38
key usage : Digital Signature, Key Encipherment, Data Encipherment
=== VO cms extension information ===
VO        : cms
subject   : /DC=ch/DC=cern/OU=Organic Units/OU=Users/CN=liis/CN=663550/CN=Liis Rebane
issuer    : /DC=ch/DC=cern/OU=computers/CN=lcg-voms.cern.ch
attribute : /cms/Role=NULL/Capability=NULL
timeleft  : 191:38:02
uri       : lcg-voms.cern.ch:15002
>>> tar xzf /home/cms006/home_crce1_621172150/CREAM621172150/glide_PN6778/execute/dir_19805/default.tgz :
Successful untar
>>> Include /home/cms006/home_crce1_621172150/CREAM621172150/glide_PN6778/execute/dir_19805 in PYTHONPATH:
strip arguments
env var CRAB_UNIQUE_JOB_ID set to: liis_crab_0_121127_012526_r0h5c1_64_1_uos
out_files_64
>>> list of expected files on output sandbox
output files: optHistograms_64_1_uos.root crab_fjr_64.xml CMSSW_64.stdout CMSSW_64.stderr Watchdog_64.log.gz
>>> GridFlavour discovery: 
GridFlavour=LCG
>>> SyncSite discovery: 
SyncSite=T2_EE_Estonia
>>> SyncCE discovery: 
getting SyncCE from CE_ID
SyncCE=cream1.hep.kbfi.ee:8443/cream-pbs-long
>>> info for dashboard:
***** Cat /home/cms006/home_crce1_621172150/CREAM621172150/glide_PN6778/execute/dir_19805/jobreport.txt *****
MonitorJobID=64_https://submit-2.t2.ucsd.edu//121127//17528.63
SyncGridJobId=https://submit-2.t2.ucsd.edu//121127//17528.63
MonitorID=liis_crab_0_121127_012526_r0h5c1
GridFlavour=LCG
SyncSite=T2_EE_Estonia
SyncCE=cream1.hep.kbfi.ee:8443/cream-pbs-long
***** End Cat jobreport *****
Parameters sent to Dashboard.
>>> setup environment
set SCRAM ARCH to slc5_amd64_gcc462
SCRAM_ARCH = slc5_amd64_gcc462
>>> setup CMS LCG environment:
set SCRAM ARCH and BUILD_ARCH to slc5_amd64_gcc462 ###
Sourcing environment... 
sourcing /cvmfs/cms.cern.ch/cmsset_default.sh
==> setup cms environment ok
>>> specific cmssw setup environment:
CMSSW_VERSION =  CMSSW_5_3_5
>>> current directory (SOFTWARE_DIR): /home/cms006/home_crce1_621172150/CREAM621172150/glide_PN6778/execute/dir_19805/CMSSW_5_3_5
PreserveSeeds: <>
IncrementSeeds:<>
{}
WNHostName=wn-v-5060.local
>>> info for dashboard:
***** Cat /home/cms006/home_crce1_621172150/CREAM621172150/glide_PN6778/execute/dir_19805/jobreport.txt *****
MonitorJobID=64_https://submit-2.t2.ucsd.edu//121127//17528.63
MonitorID=liis_crab_0_121127_012526_r0h5c1
WNHostName=wn-v-5060.local
***** End Cat jobreport *****
Parameters sent to Dashboard.
crabWatchdog started as process 29991
>>> moving CMSSW software directories in /home/cms006/home_crce1_621172150/CREAM621172150/glide_PN6778/execute/dir_19805/CMSSW_5_3_5
mv: cannot stat `/home/cms006/home_crce1_621172150/CREAM621172150/glide_PN6778/execute/dir_19805/module/': No such file or directory
>>> Include /home/cms006/home_crce1_621172150/CREAM621172150/glide_PN6778/execute/dir_19805 in PYTHONPATH:
PYTHONPATH=/home/cms006/home_crce1_621172150/CREAM621172150/glide_PN6778/execute/dir_19805/:/home/cms006/home_crce1_621172150/CREAM621172150/glide_PN6778/execute/dir_19805/CMSSW_5_3_5/python:/home/cms006/home_crce1_621172150/CREAM621172150/glide_PN6778/execute/dir_19805/CMSSW_5_3_5/lib/slc5_amd64_gcc462:/cvmfs/cms.cern.ch/slc5_amd64_gcc462/cms/cmssw/CMSSW_5_3_5/python:/cvmfs/cms.cern.ch/slc5_amd64_gcc462/cms/cmssw/CMSSW_5_3_5/lib/slc5_amd64_gcc462:/cvmfs/cms.cern.ch/slc5_amd64_gcc462/cms/coral/CORAL_2_3_21-cms27/slc5_amd64_gcc462/python:/cvmfs/cms.cern.ch/slc5_amd64_gcc462/cms/coral/CORAL_2_3_21-cms27/slc5_amd64_gcc462/lib:/cvmfs/cms.cern.ch/slc5_amd64_gcc462/external/pyqt/4.8.1/lib/python2.6/site-packages:/cvmfs/cms.cern.ch/slc5_amd64_gcc462/external/py2-scipy/0.8.0/lib/python2.6/site-packages:/cvmfs/cms.cern.ch/slc5_amd64_gcc462/external/py2-matplotlib/1.0.1/lib/python2.6/site-packages:/cvmfs/cms.cern.ch/slc5_amd64_gcc462/external/python-ldap/2.3.5/lib/python2.6/site-packages:/cvmfs/cms.cern.ch/slc5_amd64_gcc462/external/sip/4.11.2/lib/python2.6/site-packages:/cvmfs/cms.cern.ch/slc5_amd64_gcc462/external/py2-pycurl/7.19.0/lib/python2.6/site-packages:/cvmfs/cms.cern.ch/slc5_amd64_gcc462/external/py2-numpy/1.6.1/lib/python2.6/site-packages:/cvmfs/cms.cern.ch/slc5_amd64_gcc462/external/py2-ipython/0.10/lib/python2.6/site-packages:/cvmfs/cms.cern.ch/slc5_amd64_gcc462/external/py2-cx-oracle/5.1-cms11/lib/python2.6/site-packages:/cvmfs/cms.cern.ch/slc5_amd64_gcc462/external/py2-cjson/1.0.5/lib/python2.6/site-packages:/cvmfs/cms.cern.ch/slc5_amd64_gcc462/cms/das-client/1.4.1-cms8/bin:/cvmfs/cms.cern.ch/slc5_amd64_gcc462/external/elementtree/1.2.6/share/lib/python2.6/site-packages:/cvmfs/cms.cern.ch/slc5_amd64_gcc462/external/rivet/1.5.1-cms10/lib/python2.6/site-packages:/cvmfs/cms.cern.ch/slc5_amd64_gcc462/external/pyminuit2/0.0.1-cms34/lib/python2.6/site-packages:/cvmfs/cms.cern.ch/slc5_amd64_gcc462/external/professor/1.0.0-cms35/lib/python2.6/site-packages:/cvmfs/cms.cern.ch/slc5_amd64_gcc462/lcg/root/5.32.00-cms18/lib:/cvmfs/cms.cern.ch/slc5_amd64_gcc462/cms/dbs-client/DBS_2_1_1_patch1_1/lib:/cvmfs/cms.cern.ch/slc5_amd64_gcc462/cms/dbs-client/DBS_2_1_1_patch1_1/lib/DBSAPI:/home/cms006/home_crce1_621172150/CREAM621172150/glide_PN6778/execute/dir_19805/
241a2a19cb7c5c8751ba22759ab3bdb0
PSETHASH = 241a2a19cb7c5c8751ba22759ab3bdb0
/home/cms006/home_crce1_621172150/CREAM621172150/glide_PN6778/execute/dir_19805/writeCfg.py pset.py pset.py
Importing .py file
Setting parameters
inputBlocks=/QCD_Pt_350_EMEnriched_TuneZ2star_8TeV_pythia6/mario-Summer12-stop-pfele-step1-3d176ac8da5e9dff208d057f4733ca91/USER#2ef68d93-4c3b-40b9-98c3-bc862db01b2a
inputFiles=/store/user/mario/QCD_Pt_350_EMEnriched_TuneZ2star_8TeV_pythia6/Summer12-stop-pfele-step1/3d176ac8da5e9dff208d057f4733ca91/tuple_318_15_vz8.root;/store/user/mario/QCD_Pt_350_EMEnriched_TuneZ2star_8TeV_pythia6/Summer12-stop-pfele-step1/3d176ac8da5e9dff208d057f4733ca91/tuple_319_10_zzt.root;/store/user/mario/QCD_Pt_350_EMEnriched_TuneZ2star_8TeV_pythia6/Summer12-stop-pfele-step1/3d176ac8da5e9dff208d057f4733ca91/tuple_320_10_f9p.root;/store/user/mario/QCD_Pt_350_EMEnriched_TuneZ2star_8TeV_pythia6/Summer12-stop-pfele-step1/3d176ac8da5e9dff208d057f4733ca91/tuple_321_10_HVG.root;/store/user/mario/QCD_Pt_350_EMEnriched_TuneZ2star_8TeV_pythia6/Summer12-stop-pfele-step1/3d176ac8da5e9dff208d057f4733ca91/tuple_322_10_p12.root;/store/user/mario/QCD_Pt_350_EMEnriched_TuneZ2star_8TeV_pythia6/Summer12-stop-pfele-step1/3d176ac8da5e9dff208d057f4733ca91/tuple_323_10_slD.root
parentFiles=
lumisRange=
>>> Executable cmsRun
/cvmfs/cms.cern.ch/slc5_amd64_gcc462/cms/cmssw/CMSSW_5_3_5/bin/slc5_amd64_gcc462/cmsRun
ok executable found
>>> info for dashboard:
***** Cat /home/cms006/home_crce1_621172150/CREAM621172150/glide_PN6778/execute/dir_19805/jobreport.txt *****
MonitorJobID=64_https://submit-2.t2.ucsd.edu//121127//17528.63
MonitorID=liis_crab_0_121127_012526_r0h5c1
ExeStart=cmsRun
***** End Cat jobreport *****
Parameters sent to Dashboard.
>>> cmsRun started at Mon Nov 26 23:48:14 UTC 2012
>>> cmsRun ended at Mon Nov 26 23:49:34 UTC 2012
>>> info for dashboard:
***** Cat /home/cms006/home_crce1_621172150/CREAM621172150/glide_PN6778/execute/dir_19805/jobreport.txt *****
MonitorJobID=64_https://submit-2.t2.ucsd.edu//121127//17528.63
MonitorID=liis_crab_0_121127_012526_r0h5c1
ExeEnd=cmsRun
***** End Cat jobreport *****
Parameters sent to Dashboard.
TIME_EXE = 80 sec
>>> cmsRun wrote 22 lines of stdout+stderr
>>> START OF printout of 22 lines from stdout+stderr
27-Nov-2012 01:48:51 EET  Initiating request to open file file:/hdfs/cms/store/user/mario/QCD_Pt_350_EMEnriched_TuneZ2star_8TeV_pythia6/Summer12-stop-pfele-step1/3d176ac8da5e9dff208d057f4733ca91/tuple_318_15_vz8.root
27-Nov-2012 01:48:52 EET  Fallback request to file root://xrootd.ba.infn.it//store/user/mario/QCD_Pt_350_EMEnriched_TuneZ2star_8TeV_pythia6/Summer12-stop-pfele-step1/3d176ac8da5e9dff208d057f4733ca91/tuple_318_15_vz8.root
121127 01:48:58 1824 Xrd: GoToAnotherServer: Going to: cms-xrd-global.cern.ch:1094
121127 01:49:28 1824 Xrd: CheckErrorStatus: Server [xrootd.ba.infn.it:1094] declared: No servers are available to read the file.(error code: 3011)
121127 01:49:28 1824 Xrd: GoToAnotherServer: Going to: xrootd.ba.infn.it:1094
121127 01:49:33 1824 Xrd: GoToAnotherServer: Going to: cms-xrd-global.cern.ch:1094
121127 01:49:33 1824 Xrd: CheckErrorStatus: Server [xrootd.ba.infn.it:1094] declared: No servers are available to read the file.(error code: 3011)
121127 01:49:33 1824 Xrd: Open: Error opening the file.
----- Begin Fatal Exception 27-Nov-2012 01:49:34 EET-----------------------
An exception of category 'FallbackFileOpenError' occurred while
   [0] Constructing the EventProcessor
   [1] Constructing input source of type PoolSource
   [2] Calling RootInputFileSequence::initFile()
   [3] Calling StorageFactory::open()
   [4] Calling XrdFile::open()
Exception Message:
Input file file:/hdfs/cms/store/user/mario/QCD_Pt_350_EMEnriched_TuneZ2star_8TeV_pythia6/Summer12-stop-pfele-step1/3d176ac8da5e9dff208d057f4733ca91/tuple_318_15_vz8.root was not found, could not be opened, or is corrupted.
Fallback Input file root://xrootd.ba.infn.it//store/user/mario/QCD_Pt_350_EMEnriched_TuneZ2star_8TeV_pythia6/Summer12-stop-pfele-step1/3d176ac8da5e9dff208d057f4733ca91/tuple_318_15_vz8.root also was not found, could not be opened, or is corrupted.
   Additional Info:
      [a] XrdClient::Open(name='root://xrootd.ba.infn.it//store/user/mario/QCD_Pt_350_EMEnriched_TuneZ2star_8TeV_pythia6/Summer12-stop-pfele-step1/3d176ac8da5e9dff208d057f4733ca91/tuple_318_15_vz8.root', flags=0x10, permissions=0666) => error 'No servers are available to read the file.' (errno=3011)
      [b] Current server connection: root://cms-xrd-global.cern.ch:1094//store/user/mario/QCD_Pt_350_EMEnriched_TuneZ2star_8TeV_pythia6/Summer12-stop-pfele-step1/3d176ac8da5e9dff208d057f4733ca91/tuple_318_15_vz8.root
----- End Fatal Exception -------------------------------------------------
>>> END OF printout of 22 lines from stdout+stderr
>>> Parse FrameworkJobReport crab_fjr.xml
Result of parsing the FrameworkJobReport crab_fjr.xml: Popularity start
lumisRange : 
lumisParentRange : 
Basename : /store/user/mario/QCD_Pt_350_EMEnriched_TuneZ2star_8TeV_pythia6/Summer12-stop-pfele-step1/3d176ac8da5e9dff208d057f4733ca91/tuple_3
BasenameParent : 
parentFiles : 
inputBlocks : /QCD_Pt_350_EMEnriched_TuneZ2star_8TeV_pythia6/mario-Summer12-stop-pfele-step1-3d176ac8da5e9dff208d057f4733ca91/USER#2ef68d93-4c3b-40b9-98c3-bc862db01b2a
inputFiles : 18_15_vz8.root::0::Unknown::Remote::Unknown;19_10_zzt.root::2::Unknown::Unknown::Unknown;20_10_f9p.root::2::Unknown::Unknown::Unknown;21_10_HVG.root::2::Unknown::Unknown::Unknown;22_10_p12.root::2::Unknown::Unknown::Unknown;23_10_slD.root::2::Unknown::Unknown::Unknown;
Popularity stop
Extracted ExitStatus from FrameworkJobReport parsing output: 8028
>>> Executable failed  8028
ExeExitCode=8028
EXECUTABLE_EXIT_STATUS = 8028
Checking output files:  
WARNING: output file optHistograms_64_1_uos.root not found!
will tar file crab_fjr_64.xml in  out_files_64
will tar file CMSSW_64.stdout in  out_files_64
will tar file CMSSW_64.stderr in  out_files_64
WARNING: output file Watchdog_64.log.gz not found!
>>> padding time: Sleeping the wrapper for 460 seconds
STOPPING WATCHDOG. CrabWatchdog PID is 29991
********** LAST 50 LINES OF WATCHDOG LOG
# RESOURCE USAGE SUMMARY FOR PROCESS ID 26440
USER       PID %CPU %MEM    VSZ   RSS TTY      STAT START   TIME COMMAND
cms006   26440  0.1  0.0   8956  1488 ?        S    01:47   0:00 /bin/sh /home/cms006/home_crce1_621172150/CREAM621172150/glide_PN6778/execute/dir_19805/condor_exec.exe 64 1
 
# LIMITS USED BY THIS WATCHDOG:
# RSS  (KBytes)  : 2300000
# VSZ  (KBytes)  : 100000000
# DISK (MBytes)  : 19000
# CPU  (seconds) : 171600
# WALL (seconds) : 171600
 
# FOLLOWING PRINTOUT TRACKS MAXIMUM VALUES OF RESOURCES USE
# ONE LINE IS PRINTED EACH TIME A MAXIMUM CHANGES
# IF CHANGE WAS IN RSS OR VSZ ALSO PROCID AND COMMAND ARE PRINTED
# THERE IS NO PRINTOUT FOR CPU/WALL TIME INCREASE
 
# TIME			PID	RSS(KB)	VSZ(KB)	Dsk(MB)	tCPU(s)	tWALL(s)	COMMAND
 Nov 27 01:47:52 EET	6471	1324	8896	0	0	1053	-bash         
 Nov 27 01:47:52 EET	6500	1488	8952	0	0	1054	/bin/sh -l ./CREAM621172150_jobWrapper.sh       
 Nov 27 01:47:52 EET	6724	2680	25504	0	0	1050	perl -e ?use Socket;??sub send_notify {? $cream_url = "193.40.150.141:49152";die "No
 Nov 27 01:47:52 EET	11773	5948	25504	0	0	1037	/home/cms006/home_crce1_621172150/CREAM621172150/glide_PN6778/main/condor/sbin/condor_master -f -pidfile /home/cms006/home_crce1_621172150/CREAM621172150/glide_PN6778/condor_master2.pid      
 Nov 27 01:47:52 EET	---	5948	25504	168	----	----	----
 Nov 27 01:49:01 EET	1824	73888	155544	168	7	48	cmsRun -j /home/cms006/home_crce1_621172150/CREAM621172150/glide_PN6778/execute/dir_19805/crab_fjr_64.xml -p pset.py     
********** WATCHDOG LOG ENDED
ZIPPING WATCHDOG LOG
Disk space used:
du -sh /home/cms006/home_crce1_621172150/CREAM621172150/glide_PN6778/execute/dir_19805
169M	/home/cms006/home_crce1_621172150/CREAM621172150/glide_PN6778/execute/dir_19805
>>> info for dashboard:
***** Cat /home/cms006/home_crce1_621172150/CREAM621172150/glide_PN6778/execute/dir_19805/jobreport.txt *****
MonitorJobID=64_https://submit-2.t2.ucsd.edu//121127//17528.63
MonitorID=liis_crab_0_121127_012526_r0h5c1
ExeTime=80
ExeExitCode=8028
CrabUserCpuTime=0.97
CrabSysCpuTime=6.79
CrabCpuPercentage=9%
CrabWrapperTime=600
CrabStageoutTime=NULL
***** End Cat jobreport *****
Parameters sent to Dashboard.
tar: optHistograms_64_1_uos.root: Cannot stat: No such file or directory
crab_fjr_64.xml
CMSSW_64.stdout
CMSSW_64.stderr
Watchdog_64.log.gz
tar: .BrokerInfo: Cannot stat: No such file or directory
tar: Error exit delayed from previous errors
Total Output dimension: 5440
WARNING: output files size limit is set to: 50000000
Total Output dimension 5440 is fine.
JOB_EXIT_STATUS = 8028
>>> info for dashboard:
***** Cat /home/cms006/home_crce1_621172150/CREAM621172150/glide_PN6778/execute/dir_19805/jobreport.txt *****
MonitorJobID=64_https://submit-2.t2.ucsd.edu//121127//17528.63
MonitorID=liis_crab_0_121127_012526_r0h5c1
JobExitCode=8028
***** End Cat jobreport *****
Parameters sent to Dashboard.
tar: optHistograms_64_1_uos.root: Cannot stat: No such file or directory
crab_fjr_64.xml
