Trig: digitisation_step
Trig: L1simulation_step
Trig: digi2raw_step
Trig: HLT_Activity_Ecal_SC7_v12
Trig: HLT_L1SingleJet16_v6
Trig: HLT_L1SingleJet36_v6
Trig: HLT_Jet20_NoL1FastJet_v2
Trig: HLT_PFJet40_v5
Trig: HLT_Jet50_NoL1FastJet_v2
Trig: HLT_PFJet80_v5
Trig: HLT_SingleJetC5_v2
Trig: HLT_SingleForJet15_v2
Trig: HLT_DiPFJetAve40_v6
Trig: HLT_DiPFJetAve80_v6
Trig: HLT_L1SingleMuOpen_v6
Trig: HLT_L1SingleMu12_v1
Trig: HLT_L2Mu20_eta2p1_NoVertex_v1
Trig: HLT_Mu5_v18
Trig: HLT_Mu8_v16
Trig: HLT_Mu12_v16
Trig: HLT_Mu17_v3
Trig: HLT_Mu12_eta2p1_L1Mu10erJetC12WdEtaPhi1DiJetsC_v3
Trig: HLT_Mu15_eta2p1_v3
Trig: HLT_Mu24_v14
Trig: HLT_Mu24_eta2p1_v3
Trig: HLT_Mu30_v14
Trig: HLT_Mu30_eta2p1_v3
Trig: HLT_Mu40_v12
Trig: HLT_Mu40_eta2p1_v9
Trig: HLT_Mu50_eta2p1_v6
Trig: HLT_RelIso1p0Mu5_v4
Trig: HLT_RelIso1p0Mu20_v1
Trig: HLT_IsoMu15_eta2p1_L1ETM20_v5
Trig: HLT_IsoMu20_eta2p1_v5
Trig: HLT_IsoMu24_v15
Trig: HLT_IsoMu24_eta2p1_v13
Trig: HLT_IsoMu30_v9
Trig: HLT_IsoMu30_eta2p1_v13
Trig: HLT_IsoMu34_eta2p1_v11
Trig: HLT_IsoMu40_eta2p1_v8
Trig: HLT_L2DoubleMu23_NoVertex_v10
Trig: HLT_L2DoubleMu23_NoVertex_2Cha_Angle2p5_v2
Trig: HLT_L2DoubleMu38_NoVertex_2Cha_Angle2p5_v2
Trig: HLT_Mu13_Mu8_v17
Trig: HLT_Mu17_Mu8_v17
Trig: HLT_Mu17_TkMu8_v10
Trig: HLT_Mu22_TkMu8_v6
Trig: HLT_Mu22_TkMu22_v6
Trig: HLT_Photon20_CaloIdVL_v3
Trig: HLT_Photon20_CaloIdVL_IsoL_v15
Trig: HLT_Photon22_R9Id90_HE10_Iso40_EBOnly_v4
Trig: HLT_Photon30_CaloIdVL_v13
Trig: HLT_Photon30_CaloIdVL_IsoL_v18
Trig: HLT_Photon36_R9Id90_HE10_Iso40_EBOnly_v4
Trig: HLT_L1SingleEG5_v5
Trig: HLT_L1SingleEG12_v5
Trig: HLT_L1ETM30_v1
Trig: HLT_L1ETM40_v1
Trig: HLT_IsoMu18_eta2p1_MediumIsoPFTau25_Trk5_eta2p1_v7
Trig: HLT_Mu8_DiJet30_v4
Trig: HLT_Mu8_TriJet30_v4
Trig: HLT_IsoMu12_DoubleCentralJet65_v1
Trig: HLT_Mu15_eta2p1_L1ETM20_v3
Trig: HLT_Mu24_PFJet30_PFJet25_Deta3_CentralPFJet25_v1
Trig: HLT_Mu24_CentralPFJet30_CentralPFJet25_v1
Trig: HLT_IsoMu24_PFJet30_PFJet25_Deta3_CentralPFJet25_v1
Trig: HLT_IsoMu24_CentralPFJet30_CentralPFJet25_v1
Trig: HLT_IsoMu24_CentralPFJet30_CentralPFJet25_PFMET20_v1
Trig: HLT_IsoMu17_eta2p1_CentralPFNoPUJet30_v1
Trig: HLT_IsoMu17_eta2p1_DiCentralPFNoPUJet30_v1
Trig: HLT_IsoMu17_eta2p1_TriCentralPFNoPUJet30_30_20_v1
Trig: HLT_IsoMu17_eta2p1_TriCentralPFNoPUJet50_40_30_v1
Trig: HLT_Mu17_eta2p1_TriCentralPFNoPUJet30_30_20_v1
Trig: HLT_Mu17_eta2p1_TriCentralPFNoPUJet50_40_30_v1
Trig: HLT_IsoMu20_WCandPt80_v1
Trig: HLT_Mu12_eta2p1_DiCentral_40_20_v3
Trig: HLT_Mu12_eta2p1_DiCentral_20_v3
Trig: HLT_Mu15_eta2p1_TriCentral_40_20_20_v3
Trig: HLT_IsoMu20_eta2p1_CentralPFJet80_v6
Trig: HLT_IsoMu12_RsqMR30_Rsq0p04_MR200_v1
Trig: HLT_Mu22_Photon22_CaloIdL_v5
Trig: HLT_IsoMu17_eta2p1_LooseIsoPFTau20_v2
Trig: HLT_Mu17_eta2p1_LooseIsoPFTau20_v2
Trig: DST_L1HTT_Or_L1MultiJet_v1
Trig: HLT_IsoTrackHB_v13
Trig: HLT_HcalPhiSym_v10
Trig: HLT_HcalNZS_v9
Trig: HLT_L1Tech_HCAL_HF_single_channel_v3
Trig: HLT_ZeroBias_v6
Trig: HLT_ZeroBiasPixel_DoubleTrack_v1
Trig: HLT_Physics_v4
Trig: DST_Physics_v4
Trig: HLT_DTCalibration_v2
Trig: HLT_EcalCalibration_v3
Trig: HLT_TrackerCalibration_v3
Trig: HLT_Random_v2
Trig: HLT_L1SingleMuOpen_AntiBPTX_v6
Trig: HLT_LogMonitor_v3
Trig: HLT_L1DoubleJet36Central_v6
Trig: AlCa_EcalPhiSym_v12
Trig: AlCa_RPCMuonNormalisation_v8
Trig: AlCa_LumiPixels_v6
Trig: AlCa_LumiPixels_ZeroBias_v3
Trig: AlCa_LumiPixels_Random_v1
Trig: HLTriggerFinalPath
