This script was generated by crab (version 2.8.3).
Running /home/cms067/home_creur_588825774/CREAM588825774/glide_h18644/execute/dir_27463/condor_exec.exe with 2 positional parameters: 88 1
Today is Tue Nov 27 03:10:05 EET 2012
Job submitted on host wn-v-3332.local
Linux wn-v-3332.local 2.6.32-042stab059.7 #1 SMP Tue Jul 24 19:12:01 MSK 2012 x86_64 x86_64 x86_64 GNU/Linux
>>> current directory (RUNTIME_AREA): /home/cms067/home_creur_588825774/CREAM588825774/glide_h18644/execute/dir_27463
>>> current user: uid=11067(cms067) gid=1400(cms) groups=1400(cms)
>>> voms proxy information:
subject   : /DC=ch/DC=cern/OU=Organic Units/OU=Users/CN=liis/CN=663550/CN=Liis Rebane/CN=proxy/CN=limited proxy
issuer    : /DC=ch/DC=cern/OU=Organic Units/OU=Users/CN=liis/CN=663550/CN=Liis Rebane/CN=proxy
identity  : /DC=ch/DC=cern/OU=Organic Units/OU=Users/CN=liis/CN=663550/CN=Liis Rebane/CN=proxy
type      : limited proxy
strength  : 512 bits
path      : /home/cms067/home_creur_588825774/CREAM588825774/glide_h18644/execute/dir_27463/x509up_u1000009
timeleft  : 23:59:54
key usage : Digital Signature, Key Encipherment, Data Encipherment
=== VO cms extension information ===
VO        : cms
subject   : /DC=ch/DC=cern/OU=Organic Units/OU=Users/CN=liis/CN=663550/CN=Liis Rebane
issuer    : /DC=ch/DC=cern/OU=computers/CN=lcg-voms.cern.ch
attribute : /cms/Role=NULL/Capability=NULL
timeleft  : 190:15:32
uri       : lcg-voms.cern.ch:15002
>>> tar xzf /home/cms067/home_creur_588825774/CREAM588825774/glide_h18644/execute/dir_27463/default.tgz :
Successful untar
>>> Include /home/cms067/home_creur_588825774/CREAM588825774/glide_h18644/execute/dir_27463 in PYTHONPATH:
strip arguments
env var CRAB_UNIQUE_JOB_ID set to: liis_crab_0_121127_014318_qg185f_88_1_UTr
out_files_88
>>> list of expected files on output sandbox
output files: optHistograms_88_1_UTr.root crab_fjr_88.xml CMSSW_88.stdout CMSSW_88.stderr Watchdog_88.log.gz
>>> GridFlavour discovery: 
GridFlavour=LCG
>>> SyncSite discovery: 
SyncSite=T2_EE_Estonia
>>> SyncCE discovery: 
getting SyncCE from CE_ID
SyncCE=europa.hep.kbfi.ee:8443/cream-pbs-long
>>> info for dashboard:
***** Cat /home/cms067/home_creur_588825774/CREAM588825774/glide_h18644/execute/dir_27463/jobreport.txt *****
MonitorJobID=88_https://submit-2.t2.ucsd.edu//121127//17539.87
SyncGridJobId=https://submit-2.t2.ucsd.edu//121127//17539.87
MonitorID=liis_crab_0_121127_014318_qg185f
GridFlavour=LCG
SyncSite=T2_EE_Estonia
SyncCE=europa.hep.kbfi.ee:8443/cream-pbs-long
***** End Cat jobreport *****
Parameters sent to Dashboard.
>>> setup environment
set SCRAM ARCH to slc5_amd64_gcc462
SCRAM_ARCH = slc5_amd64_gcc462
>>> setup CMS LCG environment:
set SCRAM ARCH and BUILD_ARCH to slc5_amd64_gcc462 ###
Sourcing environment... 
sourcing /cvmfs/cms.cern.ch/cmsset_default.sh
==> setup cms environment ok
>>> specific cmssw setup environment:
CMSSW_VERSION =  CMSSW_5_3_5
>>> current directory (SOFTWARE_DIR): /home/cms067/home_creur_588825774/CREAM588825774/glide_h18644/execute/dir_27463/CMSSW_5_3_5
PreserveSeeds: <>
IncrementSeeds:<>
{}
WNHostName=wn-v-3332.local
>>> info for dashboard:
***** Cat /home/cms067/home_creur_588825774/CREAM588825774/glide_h18644/execute/dir_27463/jobreport.txt *****
MonitorJobID=88_https://submit-2.t2.ucsd.edu//121127//17539.87
MonitorID=liis_crab_0_121127_014318_qg185f
WNHostName=wn-v-3332.local
***** End Cat jobreport *****
Parameters sent to Dashboard.
crabWatchdog started as process 32292
>>> moving CMSSW software directories in /home/cms067/home_creur_588825774/CREAM588825774/glide_h18644/execute/dir_27463/CMSSW_5_3_5
mv: cannot stat `/home/cms067/home_creur_588825774/CREAM588825774/glide_h18644/execute/dir_27463/module/': No such file or directory
>>> Include /home/cms067/home_creur_588825774/CREAM588825774/glide_h18644/execute/dir_27463 in PYTHONPATH:
PYTHONPATH=/home/cms067/home_creur_588825774/CREAM588825774/glide_h18644/execute/dir_27463/:/home/cms067/home_creur_588825774/CREAM588825774/glide_h18644/execute/dir_27463/CMSSW_5_3_5/python:/home/cms067/home_creur_588825774/CREAM588825774/glide_h18644/execute/dir_27463/CMSSW_5_3_5/lib/slc5_amd64_gcc462:/cvmfs/cms.cern.ch/slc5_amd64_gcc462/cms/cmssw/CMSSW_5_3_5/python:/cvmfs/cms.cern.ch/slc5_amd64_gcc462/cms/cmssw/CMSSW_5_3_5/lib/slc5_amd64_gcc462:/cvmfs/cms.cern.ch/slc5_amd64_gcc462/cms/coral/CORAL_2_3_21-cms27/slc5_amd64_gcc462/python:/cvmfs/cms.cern.ch/slc5_amd64_gcc462/cms/coral/CORAL_2_3_21-cms27/slc5_amd64_gcc462/lib:/cvmfs/cms.cern.ch/slc5_amd64_gcc462/external/pyqt/4.8.1/lib/python2.6/site-packages:/cvmfs/cms.cern.ch/slc5_amd64_gcc462/external/py2-scipy/0.8.0/lib/python2.6/site-packages:/cvmfs/cms.cern.ch/slc5_amd64_gcc462/external/py2-matplotlib/1.0.1/lib/python2.6/site-packages:/cvmfs/cms.cern.ch/slc5_amd64_gcc462/external/python-ldap/2.3.5/lib/python2.6/site-packages:/cvmfs/cms.cern.ch/slc5_amd64_gcc462/external/sip/4.11.2/lib/python2.6/site-packages:/cvmfs/cms.cern.ch/slc5_amd64_gcc462/external/py2-pycurl/7.19.0/lib/python2.6/site-packages:/cvmfs/cms.cern.ch/slc5_amd64_gcc462/external/py2-numpy/1.6.1/lib/python2.6/site-packages:/cvmfs/cms.cern.ch/slc5_amd64_gcc462/external/py2-ipython/0.10/lib/python2.6/site-packages:/cvmfs/cms.cern.ch/slc5_amd64_gcc462/external/py2-cx-oracle/5.1-cms11/lib/python2.6/site-packages:/cvmfs/cms.cern.ch/slc5_amd64_gcc462/external/py2-cjson/1.0.5/lib/python2.6/site-packages:/cvmfs/cms.cern.ch/slc5_amd64_gcc462/cms/das-client/1.4.1-cms8/bin:/cvmfs/cms.cern.ch/slc5_amd64_gcc462/external/elementtree/1.2.6/share/lib/python2.6/site-packages:/cvmfs/cms.cern.ch/slc5_amd64_gcc462/external/rivet/1.5.1-cms10/lib/python2.6/site-packages:/cvmfs/cms.cern.ch/slc5_amd64_gcc462/external/pyminuit2/0.0.1-cms34/lib/python2.6/site-packages:/cvmfs/cms.cern.ch/slc5_amd64_gcc462/external/professor/1.0.0-cms35/lib/python2.6/site-packages:/cvmfs/cms.cern.ch/slc5_amd64_gcc462/lcg/root/5.32.00-cms18/lib:/cvmfs/cms.cern.ch/slc5_amd64_gcc462/cms/dbs-client/DBS_2_1_1_patch1_1/lib:/cvmfs/cms.cern.ch/slc5_amd64_gcc462/cms/dbs-client/DBS_2_1_1_patch1_1/lib/DBSAPI:/home/cms067/home_creur_588825774/CREAM588825774/glide_h18644/execute/dir_27463/
241a2a19cb7c5c8751ba22759ab3bdb0
PSETHASH = 241a2a19cb7c5c8751ba22759ab3bdb0
/home/cms067/home_creur_588825774/CREAM588825774/glide_h18644/execute/dir_27463/writeCfg.py pset.py pset.py
Importing .py file
Setting parameters
inputBlocks=/QCD_Pt_80_170_BCtoE_TuneZ2star_8TeV_pythia6/mario-Summer12-stop-pfele-step1-3d176ac8da5e9dff208d057f4733ca91/USER#2ed06c41-0731-4095-8a1a-4cabfa3cddd9
inputFiles=/store/user/mario/QCD_Pt_80_170_BCtoE_TuneZ2star_8TeV_pythia6/Summer12-stop-pfele-step1/3d176ac8da5e9dff208d057f4733ca91/tuple_60_2_twS.root;/store/user/mario/QCD_Pt_80_170_BCtoE_TuneZ2star_8TeV_pythia6/Summer12-stop-pfele-step1/3d176ac8da5e9dff208d057f4733ca91/tuple_73_2_ptl.root;/store/user/mario/QCD_Pt_80_170_BCtoE_TuneZ2star_8TeV_pythia6/Summer12-stop-pfele-step1/3d176ac8da5e9dff208d057f4733ca91/tuple_87_2_ZV0.root;/store/user/mario/QCD_Pt_80_170_BCtoE_TuneZ2star_8TeV_pythia6/Summer12-stop-pfele-step1/3d176ac8da5e9dff208d057f4733ca91/tuple_95_2_T1A.root;/store/user/mario/QCD_Pt_80_170_BCtoE_TuneZ2star_8TeV_pythia6/Summer12-stop-pfele-step1/3d176ac8da5e9dff208d057f4733ca91/tuple_44_2_fT1.root
parentFiles=
lumisRange=
>>> Executable cmsRun
/cvmfs/cms.cern.ch/slc5_amd64_gcc462/cms/cmssw/CMSSW_5_3_5/bin/slc5_amd64_gcc462/cmsRun
ok executable found
>>> info for dashboard:
***** Cat /home/cms067/home_creur_588825774/CREAM588825774/glide_h18644/execute/dir_27463/jobreport.txt *****
MonitorJobID=88_https://submit-2.t2.ucsd.edu//121127//17539.87
MonitorID=liis_crab_0_121127_014318_qg185f
ExeStart=cmsRun
***** End Cat jobreport *****
Parameters sent to Dashboard.
>>> cmsRun started at Tue Nov 27 01:10:54 UTC 2012
>>> cmsRun ended at Tue Nov 27 01:12:01 UTC 2012
>>> info for dashboard:
***** Cat /home/cms067/home_creur_588825774/CREAM588825774/glide_h18644/execute/dir_27463/jobreport.txt *****
MonitorJobID=88_https://submit-2.t2.ucsd.edu//121127//17539.87
MonitorID=liis_crab_0_121127_014318_qg185f
ExeEnd=cmsRun
***** End Cat jobreport *****
Parameters sent to Dashboard.
TIME_EXE = 67 sec
>>> cmsRun wrote 22 lines of stdout+stderr
>>> START OF printout of 22 lines from stdout+stderr
27-Nov-2012 03:11:19 EET  Initiating request to open file file:/hdfs/cms/store/user/mario/QCD_Pt_80_170_BCtoE_TuneZ2star_8TeV_pythia6/Summer12-stop-pfele-step1/3d176ac8da5e9dff208d057f4733ca91/tuple_60_2_twS.root
27-Nov-2012 03:11:19 EET  Fallback request to file root://xrootd.ba.infn.it//store/user/mario/QCD_Pt_80_170_BCtoE_TuneZ2star_8TeV_pythia6/Summer12-stop-pfele-step1/3d176ac8da5e9dff208d057f4733ca91/tuple_60_2_twS.root
121127 03:11:25 6253 Xrd: GoToAnotherServer: Going to: cms-xrd-global.cern.ch:1094
121127 03:11:55 6253 Xrd: CheckErrorStatus: Server [xrootd.ba.infn.it:1094] declared: No servers are available to read the file.(error code: 3011)
121127 03:11:55 6253 Xrd: GoToAnotherServer: Going to: xrootd.ba.infn.it:1094
121127 03:12:00 6253 Xrd: GoToAnotherServer: Going to: cms-xrd-global.cern.ch:1094
121127 03:12:01 6253 Xrd: CheckErrorStatus: Server [xrootd.ba.infn.it:1094] declared: No servers are available to read the file.(error code: 3011)
121127 03:12:01 6253 Xrd: Open: Error opening the file.
----- Begin Fatal Exception 27-Nov-2012 03:12:01 EET-----------------------
An exception of category 'FallbackFileOpenError' occurred while
   [0] Constructing the EventProcessor
   [1] Constructing input source of type PoolSource
   [2] Calling RootInputFileSequence::initFile()
   [3] Calling StorageFactory::open()
   [4] Calling XrdFile::open()
Exception Message:
Input file file:/hdfs/cms/store/user/mario/QCD_Pt_80_170_BCtoE_TuneZ2star_8TeV_pythia6/Summer12-stop-pfele-step1/3d176ac8da5e9dff208d057f4733ca91/tuple_60_2_twS.root was not found, could not be opened, or is corrupted.
Fallback Input file root://xrootd.ba.infn.it//store/user/mario/QCD_Pt_80_170_BCtoE_TuneZ2star_8TeV_pythia6/Summer12-stop-pfele-step1/3d176ac8da5e9dff208d057f4733ca91/tuple_60_2_twS.root also was not found, could not be opened, or is corrupted.
   Additional Info:
      [a] XrdClient::Open(name='root://xrootd.ba.infn.it//store/user/mario/QCD_Pt_80_170_BCtoE_TuneZ2star_8TeV_pythia6/Summer12-stop-pfele-step1/3d176ac8da5e9dff208d057f4733ca91/tuple_60_2_twS.root', flags=0x10, permissions=0666) => error 'No servers are available to read the file.' (errno=3011)
      [b] Current server connection: root://cms-xrd-global.cern.ch:1094//store/user/mario/QCD_Pt_80_170_BCtoE_TuneZ2star_8TeV_pythia6/Summer12-stop-pfele-step1/3d176ac8da5e9dff208d057f4733ca91/tuple_60_2_twS.root
----- End Fatal Exception -------------------------------------------------
>>> END OF printout of 22 lines from stdout+stderr
>>> Parse FrameworkJobReport crab_fjr.xml
Result of parsing the FrameworkJobReport crab_fjr.xml: Popularity start
lumisRange : 
lumisParentRange : 
Basename : /store/user/mario/QCD_Pt_80_170_BCtoE_TuneZ2star_8TeV_pythia6/Summer12-stop-pfele-step1/3d176ac8da5e9dff208d057f4733ca91/tuple_
BasenameParent : 
parentFiles : 
inputBlocks : /QCD_Pt_80_170_BCtoE_TuneZ2star_8TeV_pythia6/mario-Summer12-stop-pfele-step1-3d176ac8da5e9dff208d057f4733ca91/USER#2ed06c41-0731-4095-8a1a-4cabfa3cddd9
inputFiles : 60_2_twS.root::0::Unknown::Remote::Unknown;73_2_ptl.root::2::Unknown::Unknown::Unknown;87_2_ZV0.root::2::Unknown::Unknown::Unknown;95_2_T1A.root::2::Unknown::Unknown::Unknown;44_2_fT1.root::2::Unknown::Unknown::Unknown;
Popularity stop
Extracted ExitStatus from FrameworkJobReport parsing output: 8028
>>> Executable failed  8028
ExeExitCode=8028
EXECUTABLE_EXIT_STATUS = 8028
Checking output files:  
WARNING: output file optHistograms_88_1_UTr.root not found!
will tar file crab_fjr_88.xml in  out_files_88
will tar file CMSSW_88.stdout in  out_files_88
will tar file CMSSW_88.stderr in  out_files_88
WARNING: output file Watchdog_88.log.gz not found!
>>> padding time: Sleeping the wrapper for 466 seconds
STOPPING WATCHDOG. CrabWatchdog PID is 32292
********** LAST 50 LINES OF WATCHDOG LOG
# RESOURCE USAGE SUMMARY FOR PROCESS ID 29625
USER       PID %CPU %MEM    VSZ   RSS TTY      STAT START   TIME COMMAND
cms067   29625  0.1  0.0   8956  1488 ?        S    03:10   0:00 /bin/sh /home/cms067/home_creur_588825774/CREAM588825774/glide_h18644/execute/dir_27463/condor_exec.exe 88 1
 
# LIMITS USED BY THIS WATCHDOG:
# RSS  (KBytes)  : 2300000
# VSZ  (KBytes)  : 100000000
# DISK (MBytes)  : 19000
# CPU  (seconds) : 171600
# WALL (seconds) : 171600
 
# FOLLOWING PRINTOUT TRACKS MAXIMUM VALUES OF RESOURCES USE
# ONE LINE IS PRINTED EACH TIME A MAXIMUM CHANGES
# IF CHANGE WAS IN RSS OR VSZ ALSO PROCID AND COMMAND ARE PRINTED
# THERE IS NO PRINTOUT FOR CPU/WALL TIME INCREASE
 
# TIME			PID	RSS(KB)	VSZ(KB)	Dsk(MB)	tCPU(s)	tWALL(s)	COMMAND
 Nov 27 03:10:22 EET	18434	1316	8896	0	0	1708	-bash         
 Nov 27 03:10:22 EET	18464	1484	8952	0	0	1710	/bin/sh -l ./CREAM588825774_jobWrapper.sh       
 Nov 27 03:10:22 EET	18588	2676	25504	0	0	1709	perl -e ?use Socket;??sub send_notify {? $cream_url = "193.40.150.134:49152";die "No
 Nov 27 03:10:22 EET	21744	3400	25504	0	2	1314	condor_procd -A /home/cms067/home_creur_588825774/CREAM588825774/glide_h18644/log/procd_address.STARTD -L /home/cms067/home_creur_588825774/CREAM588825774/glide_h18644/log/ProcLog.STARTD -R 10000000 -S 60 -C
 Nov 27 03:10:22 EET	24059	5676	25504	0	0	1701	/home/cms067/home_creur_588825774/CREAM588825774/glide_h18644/main/condor/sbin/condor_master -f -pidfile /home/cms067/home_creur_588825774/CREAM588825774/glide_h18644/condor_master2.pid      
 Nov 27 03:10:22 EET	24161	5740	25504	0	0	1699	condor_startd -f        
 Nov 27 03:10:22 EET	32348	24156	84868	0	1	7	edmConfigHash pset.py        
 Nov 27 03:10:22 EET	---	24156	84868	168	----	----	----
 Nov 27 03:11:29 EET	6253	73904	155548	168	7	36	cmsRun -j /home/cms067/home_creur_588825774/CREAM588825774/glide_h18644/execute/dir_27463/crab_fjr_88.xml -p pset.py     
********** WATCHDOG LOG ENDED
ZIPPING WATCHDOG LOG
Disk space used:
du -sh /home/cms067/home_creur_588825774/CREAM588825774/glide_h18644/execute/dir_27463
168M	/home/cms067/home_creur_588825774/CREAM588825774/glide_h18644/execute/dir_27463
>>> info for dashboard:
***** Cat /home/cms067/home_creur_588825774/CREAM588825774/glide_h18644/execute/dir_27463/jobreport.txt *****
MonitorJobID=88_https://submit-2.t2.ucsd.edu//121127//17539.87
MonitorID=liis_crab_0_121127_014318_qg185f
ExeTime=67
ExeExitCode=8028
CrabUserCpuTime=0.87
CrabSysCpuTime=6.86
CrabCpuPercentage=11%
CrabWrapperTime=600
CrabStageoutTime=NULL
***** End Cat jobreport *****
Parameters sent to Dashboard.
tar: optHistograms_88_1_UTr.root: Cannot stat: No such file or directory
crab_fjr_88.xml
CMSSW_88.stdout
CMSSW_88.stderr
Watchdog_88.log.gz
tar: .BrokerInfo: Cannot stat: No such file or directory
tar: Error exit delayed from previous errors
Total Output dimension: 5650
WARNING: output files size limit is set to: 50000000
Total Output dimension 5650 is fine.
JOB_EXIT_STATUS = 8028
>>> info for dashboard:
***** Cat /home/cms067/home_creur_588825774/CREAM588825774/glide_h18644/execute/dir_27463/jobreport.txt *****
MonitorJobID=88_https://submit-2.t2.ucsd.edu//121127//17539.87
MonitorID=liis_crab_0_121127_014318_qg185f
JobExitCode=8028
***** End Cat jobreport *****
Parameters sent to Dashboard.
tar: optHistograms_88_1_UTr.root: Cannot stat: No such file or directory
crab_fjr_88.xml
