This script was generated by crab (version 2.8.3).
Running /home/cms030/home_creur_978406351/CREAM978406351/glide_o22219/execute/dir_9137/condor_exec.exe with 2 positional parameters: 82 1
Today is Tue Nov 27 02:37:33 EET 2012
Job submitted on host wn-v-7025.local
Linux wn-v-7025.local 2.6.32-042stab059.7 #1 SMP Tue Jul 24 19:12:01 MSK 2012 x86_64 x86_64 x86_64 GNU/Linux
>>> current directory (RUNTIME_AREA): /home/cms030/home_creur_978406351/CREAM978406351/glide_o22219/execute/dir_9137
>>> current user: uid=11030(cms030) gid=1400(cms) groups=1400(cms)
>>> voms proxy information:
subject   : /DC=ch/DC=cern/OU=Organic Units/OU=Users/CN=liis/CN=663550/CN=Liis Rebane/CN=proxy/CN=limited proxy
issuer    : /DC=ch/DC=cern/OU=Organic Units/OU=Users/CN=liis/CN=663550/CN=Liis Rebane/CN=proxy
identity  : /DC=ch/DC=cern/OU=Organic Units/OU=Users/CN=liis/CN=663550/CN=Liis Rebane/CN=proxy
type      : limited proxy
strength  : 512 bits
path      : /home/cms030/home_creur_978406351/CREAM978406351/glide_o22219/execute/dir_9137/x509up_u1000009
timeleft  : 23:59:55
key usage : Digital Signature, Key Encipherment, Data Encipherment
=== VO cms extension information ===
VO        : cms
subject   : /DC=ch/DC=cern/OU=Organic Units/OU=Users/CN=liis/CN=663550/CN=Liis Rebane
issuer    : /DC=ch/DC=cern/OU=computers/CN=lcg-voms.cern.ch
attribute : /cms/Role=NULL/Capability=NULL
timeleft  : 190:48:04
uri       : lcg-voms.cern.ch:15002
>>> tar xzf /home/cms030/home_creur_978406351/CREAM978406351/glide_o22219/execute/dir_9137/default.tgz :
Successful untar
>>> Include /home/cms030/home_creur_978406351/CREAM978406351/glide_o22219/execute/dir_9137 in PYTHONPATH:
strip arguments
env var CRAB_UNIQUE_JOB_ID set to: liis_crab_0_121127_013010_p7r30o_82_1_7ss
out_files_82
>>> list of expected files on output sandbox
output files: optHistograms_82_1_7ss.root crab_fjr_82.xml CMSSW_82.stdout CMSSW_82.stderr Watchdog_82.log.gz
>>> GridFlavour discovery: 
GridFlavour=LCG
>>> SyncSite discovery: 
SyncSite=T2_EE_Estonia
>>> SyncCE discovery: 
getting SyncCE from CE_ID
SyncCE=europa.hep.kbfi.ee:8443/cream-pbs-long
>>> info for dashboard:
***** Cat /home/cms030/home_creur_978406351/CREAM978406351/glide_o22219/execute/dir_9137/jobreport.txt *****
MonitorJobID=82_https://submit-2.t2.ucsd.edu//121127//17531.81
SyncGridJobId=https://submit-2.t2.ucsd.edu//121127//17531.81
MonitorID=liis_crab_0_121127_013010_p7r30o
GridFlavour=LCG
SyncSite=T2_EE_Estonia
SyncCE=europa.hep.kbfi.ee:8443/cream-pbs-long
***** End Cat jobreport *****
Parameters sent to Dashboard.
>>> setup environment
set SCRAM ARCH to slc5_amd64_gcc462
SCRAM_ARCH = slc5_amd64_gcc462
>>> setup CMS LCG environment:
set SCRAM ARCH and BUILD_ARCH to slc5_amd64_gcc462 ###
Sourcing environment... 
sourcing /cvmfs/cms.cern.ch/cmsset_default.sh
==> setup cms environment ok
>>> specific cmssw setup environment:
CMSSW_VERSION =  CMSSW_5_3_5
>>> current directory (SOFTWARE_DIR): /home/cms030/home_creur_978406351/CREAM978406351/glide_o22219/execute/dir_9137/CMSSW_5_3_5
PreserveSeeds: <>
IncrementSeeds:<>
{}
WNHostName=wn-v-7025.local
>>> info for dashboard:
***** Cat /home/cms030/home_creur_978406351/CREAM978406351/glide_o22219/execute/dir_9137/jobreport.txt *****
MonitorJobID=82_https://submit-2.t2.ucsd.edu//121127//17531.81
MonitorID=liis_crab_0_121127_013010_p7r30o
WNHostName=wn-v-7025.local
***** End Cat jobreport *****
Parameters sent to Dashboard.
crabWatchdog started as process 12523
>>> moving CMSSW software directories in /home/cms030/home_creur_978406351/CREAM978406351/glide_o22219/execute/dir_9137/CMSSW_5_3_5
mv: cannot stat `/home/cms030/home_creur_978406351/CREAM978406351/glide_o22219/execute/dir_9137/module/': No such file or directory
>>> Include /home/cms030/home_creur_978406351/CREAM978406351/glide_o22219/execute/dir_9137 in PYTHONPATH:
PYTHONPATH=/home/cms030/home_creur_978406351/CREAM978406351/glide_o22219/execute/dir_9137/:/home/cms030/home_creur_978406351/CREAM978406351/glide_o22219/execute/dir_9137/CMSSW_5_3_5/python:/home/cms030/home_creur_978406351/CREAM978406351/glide_o22219/execute/dir_9137/CMSSW_5_3_5/lib/slc5_amd64_gcc462:/cvmfs/cms.cern.ch/slc5_amd64_gcc462/cms/cmssw/CMSSW_5_3_5/python:/cvmfs/cms.cern.ch/slc5_amd64_gcc462/cms/cmssw/CMSSW_5_3_5/lib/slc5_amd64_gcc462:/cvmfs/cms.cern.ch/slc5_amd64_gcc462/cms/coral/CORAL_2_3_21-cms27/slc5_amd64_gcc462/python:/cvmfs/cms.cern.ch/slc5_amd64_gcc462/cms/coral/CORAL_2_3_21-cms27/slc5_amd64_gcc462/lib:/cvmfs/cms.cern.ch/slc5_amd64_gcc462/external/pyqt/4.8.1/lib/python2.6/site-packages:/cvmfs/cms.cern.ch/slc5_amd64_gcc462/external/py2-scipy/0.8.0/lib/python2.6/site-packages:/cvmfs/cms.cern.ch/slc5_amd64_gcc462/external/py2-matplotlib/1.0.1/lib/python2.6/site-packages:/cvmfs/cms.cern.ch/slc5_amd64_gcc462/external/python-ldap/2.3.5/lib/python2.6/site-packages:/cvmfs/cms.cern.ch/slc5_amd64_gcc462/external/sip/4.11.2/lib/python2.6/site-packages:/cvmfs/cms.cern.ch/slc5_amd64_gcc462/external/py2-pycurl/7.19.0/lib/python2.6/site-packages:/cvmfs/cms.cern.ch/slc5_amd64_gcc462/external/py2-numpy/1.6.1/lib/python2.6/site-packages:/cvmfs/cms.cern.ch/slc5_amd64_gcc462/external/py2-ipython/0.10/lib/python2.6/site-packages:/cvmfs/cms.cern.ch/slc5_amd64_gcc462/external/py2-cx-oracle/5.1-cms11/lib/python2.6/site-packages:/cvmfs/cms.cern.ch/slc5_amd64_gcc462/external/py2-cjson/1.0.5/lib/python2.6/site-packages:/cvmfs/cms.cern.ch/slc5_amd64_gcc462/cms/das-client/1.4.1-cms8/bin:/cvmfs/cms.cern.ch/slc5_amd64_gcc462/external/elementtree/1.2.6/share/lib/python2.6/site-packages:/cvmfs/cms.cern.ch/slc5_amd64_gcc462/external/rivet/1.5.1-cms10/lib/python2.6/site-packages:/cvmfs/cms.cern.ch/slc5_amd64_gcc462/external/pyminuit2/0.0.1-cms34/lib/python2.6/site-packages:/cvmfs/cms.cern.ch/slc5_amd64_gcc462/external/professor/1.0.0-cms35/lib/python2.6/site-packages:/cvmfs/cms.cern.ch/slc5_amd64_gcc462/lcg/root/5.32.00-cms18/lib:/cvmfs/cms.cern.ch/slc5_amd64_gcc462/cms/dbs-client/DBS_2_1_1_patch1_1/lib:/cvmfs/cms.cern.ch/slc5_amd64_gcc462/cms/dbs-client/DBS_2_1_1_patch1_1/lib/DBSAPI:/home/cms030/home_creur_978406351/CREAM978406351/glide_o22219/execute/dir_9137/
241a2a19cb7c5c8751ba22759ab3bdb0
PSETHASH = 241a2a19cb7c5c8751ba22759ab3bdb0
/home/cms030/home_creur_978406351/CREAM978406351/glide_o22219/execute/dir_9137/writeCfg.py pset.py pset.py
Importing .py file
Setting parameters
inputBlocks=/QCD_Pt_80_170_EMEnriched_TuneZ2star_8TeV_pythia6/mario-Summer12-stop-pfele-step1-3d176ac8da5e9dff208d057f4733ca91/USER#1edbd789-8e01-4834-bf44-0c1d693a4b92
inputFiles=/store/user/mario/QCD_Pt_80_170_EMEnriched_TuneZ2star_8TeV_pythia6/Summer12-stop-pfele-step1/3d176ac8da5e9dff208d057f4733ca91/tuple_368_7_YtM.root;/store/user/mario/QCD_Pt_80_170_EMEnriched_TuneZ2star_8TeV_pythia6/Summer12-stop-pfele-step1/3d176ac8da5e9dff208d057f4733ca91/tuple_393_2_yWj.root;/store/user/mario/QCD_Pt_80_170_EMEnriched_TuneZ2star_8TeV_pythia6/Summer12-stop-pfele-step1/3d176ac8da5e9dff208d057f4733ca91/tuple_383_5_pCf.root;/store/user/mario/QCD_Pt_80_170_EMEnriched_TuneZ2star_8TeV_pythia6/Summer12-stop-pfele-step1/3d176ac8da5e9dff208d057f4733ca91/tuple_384_2_EEE.root;/store/user/mario/QCD_Pt_80_170_EMEnriched_TuneZ2star_8TeV_pythia6/Summer12-stop-pfele-step1/3d176ac8da5e9dff208d057f4733ca91/tuple_385_8_1uQ.root
parentFiles=
lumisRange=
>>> Executable cmsRun
/cvmfs/cms.cern.ch/slc5_amd64_gcc462/cms/cmssw/CMSSW_5_3_5/bin/slc5_amd64_gcc462/cmsRun
ok executable found
>>> info for dashboard:
***** Cat /home/cms030/home_creur_978406351/CREAM978406351/glide_o22219/execute/dir_9137/jobreport.txt *****
MonitorJobID=82_https://submit-2.t2.ucsd.edu//121127//17531.81
MonitorID=liis_crab_0_121127_013010_p7r30o
ExeStart=cmsRun
***** End Cat jobreport *****
Parameters sent to Dashboard.
>>> cmsRun started at Tue Nov 27 00:38:00 UTC 2012
>>> cmsRun ended at Tue Nov 27 00:46:49 UTC 2012
>>> info for dashboard:
***** Cat /home/cms030/home_creur_978406351/CREAM978406351/glide_o22219/execute/dir_9137/jobreport.txt *****
MonitorJobID=82_https://submit-2.t2.ucsd.edu//121127//17531.81
MonitorID=liis_crab_0_121127_013010_p7r30o
ExeEnd=cmsRun
***** End Cat jobreport *****
Parameters sent to Dashboard.
TIME_EXE = 529 sec
>>> cmsRun wrote 103 lines of stdout+stderr
>>> START OF printout of 103 lines from stdout+stderr
27-Nov-2012 02:38:31 EET  Initiating request to open file file:/hdfs/cms/store/user/mario/QCD_Pt_80_170_EMEnriched_TuneZ2star_8TeV_pythia6/Summer12-stop-pfele-step1/3d176ac8da5e9dff208d057f4733ca91/tuple_368_7_YtM.root
27-Nov-2012 02:38:41 EET  Successfully opened file file:/hdfs/cms/store/user/mario/QCD_Pt_80_170_EMEnriched_TuneZ2star_8TeV_pythia6/Summer12-stop-pfele-step1/3d176ac8da5e9dff208d057f4733ca91/tuple_368_7_YtM.root
Begin processing the 1st record. Run 1, Event 138781364, LumiSection 44510 at 27-Nov-2012 02:39:09.907 EET
Begin processing the 1001st record. Run 1, Event 171905115, LumiSection 55134 at 27-Nov-2012 02:39:20.122 EET
Begin processing the 2001st record. Run 1, Event 11072894, LumiSection 3552 at 27-Nov-2012 02:39:23.545 EET
Begin processing the 3001st record. Run 1, Event 27522456, LumiSection 8827 at 27-Nov-2012 02:39:32.828 EET
Begin processing the 4001st record. Run 1, Event 38869574, LumiSection 12467 at 27-Nov-2012 02:39:36.625 EET
Begin processing the 5001st record. Run 1, Event 54967656, LumiSection 17630 at 27-Nov-2012 02:39:40.304 EET
Begin processing the 6001st record. Run 1, Event 81168905, LumiSection 26033 at 27-Nov-2012 02:39:49.384 EET
27-Nov-2012 02:39:52 EET  Closed file file:/hdfs/cms/store/user/mario/QCD_Pt_80_170_EMEnriched_TuneZ2star_8TeV_pythia6/Summer12-stop-pfele-step1/3d176ac8da5e9dff208d057f4733ca91/tuple_368_7_YtM.root
27-Nov-2012 02:39:52 EET  Initiating request to open file file:/hdfs/cms/store/user/mario/QCD_Pt_80_170_EMEnriched_TuneZ2star_8TeV_pythia6/Summer12-stop-pfele-step1/3d176ac8da5e9dff208d057f4733ca91/tuple_393_2_yWj.root
27-Nov-2012 02:39:52 EET  Successfully opened file file:/hdfs/cms/store/user/mario/QCD_Pt_80_170_EMEnriched_TuneZ2star_8TeV_pythia6/Summer12-stop-pfele-step1/3d176ac8da5e9dff208d057f4733ca91/tuple_393_2_yWj.root
Begin processing the 7001st record. Run 1, Event 62110948, LumiSection 19921 at 27-Nov-2012 02:40:09.134 EET
Begin processing the 8001st record. Run 1, Event 85870184, LumiSection 27541 at 27-Nov-2012 02:40:12.803 EET
Begin processing the 9001st record. Run 1, Event 95523818, LumiSection 30637 at 27-Nov-2012 02:40:16.379 EET
Begin processing the 10001st record. Run 1, Event 117047149, LumiSection 37540 at 27-Nov-2012 02:40:22.745 EET
Begin processing the 11001st record. Run 1, Event 218917355, LumiSection 70211 at 27-Nov-2012 02:40:26.342 EET
Begin processing the 12001st record. Run 1, Event 227196521, LumiSection 72867 at 27-Nov-2012 02:40:32.018 EET
Begin processing the 13001st record. Run 1, Event 3304634, LumiSection 1060 at 27-Nov-2012 02:40:35.320 EET
Begin processing the 14001st record. Run 1, Event 23571070, LumiSection 7560 at 27-Nov-2012 02:40:39.142 EET
Begin processing the 15001st record. Run 1, Event 71656256, LumiSection 22982 at 27-Nov-2012 02:40:46.283 EET
Begin processing the 16001st record. Run 1, Event 105134035, LumiSection 33719 at 27-Nov-2012 02:40:50.009 EET
Begin processing the 17001st record. Run 1, Event 124465555, LumiSection 39919 at 27-Nov-2012 02:40:55.780 EET
Begin processing the 18001st record. Run 1, Event 127482304, LumiSection 40886 at 27-Nov-2012 02:40:58.953 EET
Begin processing the 19001st record. Run 1, Event 141817255, LumiSection 45484 at 27-Nov-2012 02:41:06.204 EET
Begin processing the 20001st record. Run 1, Event 136304002, LumiSection 43716 at 27-Nov-2012 02:41:09.828 EET
Begin processing the 21001st record. Run 1, Event 157076786, LumiSection 50378 at 27-Nov-2012 02:41:13.461 EET
Begin processing the 22001st record. Run 1, Event 30100350, LumiSection 9654 at 27-Nov-2012 02:41:18.973 EET
Begin processing the 23001st record. Run 1, Event 54088510, LumiSection 17348 at 27-Nov-2012 02:41:22.578 EET
27-Nov-2012 02:41:22 EET  Closed file file:/hdfs/cms/store/user/mario/QCD_Pt_80_170_EMEnriched_TuneZ2star_8TeV_pythia6/Summer12-stop-pfele-step1/3d176ac8da5e9dff208d057f4733ca91/tuple_393_2_yWj.root
27-Nov-2012 02:41:22 EET  Initiating request to open file file:/hdfs/cms/store/user/mario/QCD_Pt_80_170_EMEnriched_TuneZ2star_8TeV_pythia6/Summer12-stop-pfele-step1/3d176ac8da5e9dff208d057f4733ca91/tuple_383_5_pCf.root
27-Nov-2012 02:41:23 EET  Successfully opened file file:/hdfs/cms/store/user/mario/QCD_Pt_80_170_EMEnriched_TuneZ2star_8TeV_pythia6/Summer12-stop-pfele-step1/3d176ac8da5e9dff208d057f4733ca91/tuple_383_5_pCf.root
Begin processing the 24001st record. Run 1, Event 221569564, LumiSection 71062 at 27-Nov-2012 02:41:58.409 EET
Begin processing the 25001st record. Run 1, Event 162661549, LumiSection 52169 at 27-Nov-2012 02:42:01.851 EET
Begin processing the 26001st record. Run 1, Event 148874679, LumiSection 47747 at 27-Nov-2012 02:42:08.362 EET
Begin processing the 27001st record. Run 1, Event 172937907, LumiSection 55465 at 27-Nov-2012 02:42:11.818 EET
Begin processing the 28001st record. Run 1, Event 209303297, LumiSection 67128 at 27-Nov-2012 02:42:15.310 EET
Begin processing the 29001st record. Run 1, Event 28771203, LumiSection 9228 at 27-Nov-2012 02:42:24.670 EET
Begin processing the 30001st record. Run 1, Event 65034578, LumiSection 20858 at 27-Nov-2012 02:42:28.436 EET
Begin processing the 31001st record. Run 1, Event 22407777, LumiSection 7187 at 27-Nov-2012 02:42:36.150 EET
Begin processing the 32001st record. Run 1, Event 85352945, LumiSection 27375 at 27-Nov-2012 02:42:39.708 EET
Begin processing the 33001st record. Run 1, Event 206671237, LumiSection 66284 at 27-Nov-2012 02:42:43.169 EET
Begin processing the 34001st record. Run 1, Event 218348652, LumiSection 70029 at 27-Nov-2012 02:42:52.468 EET
Begin processing the 35001st record. Run 1, Event 226852817, LumiSection 72756 at 27-Nov-2012 02:42:56.176 EET
Begin processing the 36001st record. Run 1, Event 194407138, LumiSection 62350 at 27-Nov-2012 02:43:03.698 EET
Begin processing the 37001st record. Run 1, Event 211205830, LumiSection 67738 at 27-Nov-2012 02:43:07.373 EET
Begin processing the 38001st record. Run 1, Event 155084962, LumiSection 49739 at 27-Nov-2012 02:43:11.284 EET
Begin processing the 39001st record. Run 1, Event 171247397, LumiSection 54923 at 27-Nov-2012 02:43:16.512 EET
27-Nov-2012 02:43:17 EET  Closed file file:/hdfs/cms/store/user/mario/QCD_Pt_80_170_EMEnriched_TuneZ2star_8TeV_pythia6/Summer12-stop-pfele-step1/3d176ac8da5e9dff208d057f4733ca91/tuple_383_5_pCf.root
27-Nov-2012 02:43:17 EET  Initiating request to open file file:/hdfs/cms/store/user/mario/QCD_Pt_80_170_EMEnriched_TuneZ2star_8TeV_pythia6/Summer12-stop-pfele-step1/3d176ac8da5e9dff208d057f4733ca91/tuple_384_2_EEE.root
27-Nov-2012 02:43:17 EET  Successfully opened file file:/hdfs/cms/store/user/mario/QCD_Pt_80_170_EMEnriched_TuneZ2star_8TeV_pythia6/Summer12-stop-pfele-step1/3d176ac8da5e9dff208d057f4733ca91/tuple_384_2_EEE.root
Begin processing the 40001st record. Run 1, Event 124201147, LumiSection 39834 at 27-Nov-2012 02:43:36.913 EET
Begin processing the 41001st record. Run 1, Event 161580303, LumiSection 51822 at 27-Nov-2012 02:43:40.807 EET
Begin processing the 42001st record. Run 1, Event 172931290, LumiSection 55463 at 27-Nov-2012 02:43:47.253 EET
Begin processing the 43001st record. Run 1, Event 221401546, LumiSection 71008 at 27-Nov-2012 02:43:50.835 EET
Begin processing the 44001st record. Run 1, Event 46537444, LumiSection 14926 at 27-Nov-2012 02:43:54.473 EET
Begin processing the 45001st record. Run 1, Event 222920081, LumiSection 71495 at 27-Nov-2012 02:44:00.663 EET
Begin processing the 46001st record. Run 1, Event 23620931, LumiSection 7576 at 27-Nov-2012 02:44:03.981 EET
Begin processing the 47001st record. Run 1, Event 47029742, LumiSection 15084 at 27-Nov-2012 02:44:09.849 EET
Begin processing the 48001st record. Run 1, Event 68891933, LumiSection 22095 at 27-Nov-2012 02:44:13.464 EET
Begin processing the 49001st record. Run 1, Event 83416842, LumiSection 26754 at 27-Nov-2012 02:44:17.001 EET
Begin processing the 50001st record. Run 1, Event 36502046, LumiSection 11707 at 27-Nov-2012 02:44:23.436 EET
Begin processing the 51001st record. Run 1, Event 80093514, LumiSection 25688 at 27-Nov-2012 02:44:26.934 EET
Begin processing the 52001st record. Run 1, Event 54896239, LumiSection 17607 at 27-Nov-2012 02:44:35.535 EET
Begin processing the 53001st record. Run 1, Event 77444013, LumiSection 24838 at 27-Nov-2012 02:44:39.296 EET
Begin processing the 54001st record. Run 1, Event 126719245, LumiSection 40642 at 27-Nov-2012 02:44:45.340 EET
Begin processing the 55001st record. Run 1, Event 132064621, LumiSection 42356 at 27-Nov-2012 02:44:49.081 EET
27-Nov-2012 02:44:50 EET  Closed file file:/hdfs/cms/store/user/mario/QCD_Pt_80_170_EMEnriched_TuneZ2star_8TeV_pythia6/Summer12-stop-pfele-step1/3d176ac8da5e9dff208d057f4733ca91/tuple_384_2_EEE.root
27-Nov-2012 02:44:50 EET  Initiating request to open file file:/hdfs/cms/store/user/mario/QCD_Pt_80_170_EMEnriched_TuneZ2star_8TeV_pythia6/Summer12-stop-pfele-step1/3d176ac8da5e9dff208d057f4733ca91/tuple_385_8_1uQ.root
27-Nov-2012 02:44:50 EET  Successfully opened file file:/hdfs/cms/store/user/mario/QCD_Pt_80_170_EMEnriched_TuneZ2star_8TeV_pythia6/Summer12-stop-pfele-step1/3d176ac8da5e9dff208d057f4733ca91/tuple_385_8_1uQ.root
Begin processing the 56001st record. Run 1, Event 143774638, LumiSection 46112 at 27-Nov-2012 02:45:15.818 EET
Begin processing the 57001st record. Run 1, Event 13591524, LumiSection 4360 at 27-Nov-2012 02:45:19.056 EET
Begin processing the 58001st record. Run 1, Event 29243668, LumiSection 9379 at 27-Nov-2012 02:45:27.110 EET
Begin processing the 59001st record. Run 1, Event 154367480, LumiSection 49509 at 27-Nov-2012 02:45:31.180 EET
Begin processing the 60001st record. Run 1, Event 108275232, LumiSection 34726 at 27-Nov-2012 02:45:34.915 EET
Begin processing the 61001st record. Run 1, Event 128567016, LumiSection 41234 at 27-Nov-2012 02:45:59.732 EET
Begin processing the 62001st record. Run 1, Event 4095533, LumiSection 1314 at 27-Nov-2012 02:46:03.155 EET
Begin processing the 63001st record. Run 1, Event 30984145, LumiSection 9938 at 27-Nov-2012 02:46:11.366 EET
Begin processing the 64001st record. Run 1, Event 102762464, LumiSection 32958 at 27-Nov-2012 02:46:14.764 EET
Begin processing the 65001st record. Run 1, Event 129171734, LumiSection 41428 at 27-Nov-2012 02:46:18.298 EET
Begin processing the 66001st record. Run 1, Event 26200649, LumiSection 8404 at 27-Nov-2012 02:46:29.484 EET
Begin processing the 67001st record. Run 1, Event 47208389, LumiSection 15141 at 27-Nov-2012 02:46:32.797 EET
Begin processing the 68001st record. Run 1, Event 63168965, LumiSection 20260 at 27-Nov-2012 02:46:40.907 EET
Begin processing the 69001st record. Run 1, Event 121963348, LumiSection 39116 at 27-Nov-2012 02:46:44.391 EET
27-Nov-2012 02:46:47 EET  Closed file file:/hdfs/cms/store/user/mario/QCD_Pt_80_170_EMEnriched_TuneZ2star_8TeV_pythia6/Summer12-stop-pfele-step1/3d176ac8da5e9dff208d057f4733ca91/tuple_385_8_1uQ.root

=============================================

MessageLogger Summary

 type     category        sev    module        subroutine        count    total
 ---- -------------------- -- ---------------- ----------------  -----    -----
    1 fileAction           -s file_close                             5        5
    2 fileAction           -s file_open                             10       10

 type    category    Examples: run/evt        run/evt          run/evt
 ---- -------------------- ---------------- ---------------- ----------------
    1 fileAction           PostProcessEvent PostProcessEvent PostEndRun
    2 fileAction           pre-events       pre-events       PostProcessEvent

Severity    # Occurrences   Total Occurrences
--------    -------------   -----------------
System                 15                  15
>>> END OF printout of 103 lines from stdout+stderr
>>> Parse FrameworkJobReport crab_fjr.xml
Result of parsing the FrameworkJobReport crab_fjr.xml: Popularity start
lumisRange : 1::366,914,924,1118,1128,1133,1677,2927,5933,6627,7184,7187,7308,7374,8210,9228,9898,10083,11173,12809,13790,13968,14310,14430,15292,15396,15693,16142,16337,16836,16957,17040,19470,19659,20402,20431,20784,20858,21667,22015,22293,25500,26982,27375,27740,31161,36561,44930,45002,46170,47057,47074,47252,47681,47690,47747,47804,47907,48305,48321,48613,48888,49271,49332,49449,49739,49857,50119,50138,50260,50403,50411,50435,50437,50471,50500,50503,50515,50609,50897,51162,51247,51751,51934,52169-52170,52606,52797,52888,54042,54923,55057,55186,55465,56431,56695,56790,56877,58816,59939,61251,62350,62628,63856,64072,64187,64189,64245,66053,66093,66269,66284,66741-66742,66940-66941,67047,67126,67128,67175,67236,67474,67737-67738,67854,68457,68529,68608,68636,68640,68677,68776,68785,68959,69253,69255-69256,69447,69449,69718,69998,70003,70029,70031,70035,70127,70207,70452,70456,70940,70984,71062,71110,71144,71205-71206,71346-71347,71374,71728,71731,71919,72217,72274,72527,72650,72756,72905::1;1::403,542,617,826,918,3358,3646,3760,3853,4324,4966,7249,7576,7669,9820,10356,11062,11707,11777,11917,12214,12517,12901,12920,13182,14472,14926,15012,15060,15084,15164,15731,15766,16343,16572,16781,17206,17586,17600,17607,17638,18160,18326,18369,18639,19610,19654,20238,20451,20466,20481,20885,20941,21024,21040,22095,23527,24158,24249,24838,24899,25405,25433,25446,25463,25493,25505,25507,25688,25862,25998,26754,26900,27081,27428,27742,28067-28068,28263,28299,28474,28751,29352,29671,30165,30170,30240,30682,31403,31548,31670,32244,35611,36888,36988,37832,39118,39810,39834,39951,40016,40642,41162,41892,42143,42252,42335,42356,42645,42719,42927,44137,46745,46770,47696,47852,47855,49780,50477,50524,51039,51822,52004,53136,53528-53529,53789,54945,54997,55057-55058,55060,55114,55151-55152,55463,55468,55475,55482,56082,58797,60554,63716,64074,64421,64727,65236,65349,66107,66624,66691,67801,68139,69210,69261,69635,69669,69706,70244,71008-71009,71494-71495,71727,71981,72203,72218,72567,72606::2;1::435,578,865,1059-1060,1687,3316,3334,4077,4800,4955,4971,5401,7043,7409,7553,7560,8117,8577,9654,9904,10157,10269,10442,10478,10812,10961,13633,14195,14532,15935,17294,17348,17437,18276,18423,18498,18784,19477,19921,20513,20972,21273,22690,22780,22982,23775,26064,26069,26342,26765,27310,27378,27387,27459,27461,27541,27550,27625,27630,27674,27801,27803,28761,28765,28813,28949,29079,29346,30637,32535,32983,33364,33506,33694,33713,33719,33933,34016,34021,34066,34270,34359,34733,34835,35203,36123,36151,36344,36613,36796,36884,37522,37540,37580,37821,37948,38052,38196,38675,39314,39333,39368,39466,39919,39921,40061,40428,40629,40643,40886,41612,42734,42856,42997,43307,43470,43638,43651,43715-43716,44329,44591,44938,45049,45283,45287,45422,45484,46124,47347,47349,47558,47564,47595,47599,47812,50066,50345,50378,50392,50398,50416,50472,64188,64256,67832,68583,68907,69371,70097,70126,70211,70278,70520,71145,71259,72648,72651,72718,72798,72826,72856,72867,72869-72871,72912::3;1::2603,3552,3817,4968,5231,5932,5992,6570,6677,7290,8377,8827,8864,8926,8995,9349,9738-9739,10340,12060,12286,12467,12634,12709,12864,12944,13223,13348,13888,14113,14752,15319,15470,15815,17303,17630,21845,22880,23895,24281,24381,24811,25046,25940,26033,26507,27663,28878,38574,38671,38707,38786,38788,44505,44507,44510,45561,45675,46553,46622,53148,54339,55081-55082,55134,55189,55240,55270,56875,57102,59718,59916::4;1::781-782,791,839,910,949,1119,1178,1312,1314,1939,2203,2765,4360,4497,4499,4895,5676,6020,6362,6449,7326,7444,7552,7974,8087,8277,8404,8425,9004,9071,9229,9379,9402,9572,9575,9938,9962,9998,10003,10068,10419,10524,10678,10730,10938,10971,11295,11863,13037,13467,14682,15093,15141,16043,17673,18136,18566,18618,18762,18976,19394,19409,19679,20260,20963,21174,21239,21956,22199,22855,23489,25478,25483,26804,26836,27238,27842,29026,29208,29697,30397,31126,32309,32455,32606,32954,32958,32960,34272,34723,34726,36161,36359,36426,36697,36938,37005,37025,37285,37462,37543,37815,38055,38114,38165,39113,39116,39141,39152,39194,39197,39224,39231,39258,39942,40188,41209,41234,41418,41428,41445,42042,42246,42774,42923,42927,43857,44044,44225,44562,46112,46862,47371,47682,47833,47849,48074,48299,48322,48598,48806,49097,49141,49204,49288,49450,49509,49610,49617,51484,53172,53438::5;
lumisParentRange : 
Basename : /store/user/mario/QCD_Pt_80_170_EMEnriched_TuneZ2star_8TeV_pythia6/Summer12-stop-pfele-step1/3d176ac8da5e9dff208d057f4733ca91/tuple_3
BasenameParent : 
parentFiles : 
inputBlocks : /QCD_Pt_80_170_EMEnriched_TuneZ2star_8TeV_pythia6/mario-Summer12-stop-pfele-step1-3d176ac8da5e9dff208d057f4733ca91/USER#1edbd789-8e01-4834-bf44-0c1d693a4b92
inputFiles : 83_5_pCf.root::1::EDM::Local::1;84_2_EEE.root::1::EDM::Local::2;93_2_yWj.root::1::EDM::Local::3;68_7_YtM.root::1::EDM::Local::4;85_8_1uQ.root::1::EDM::Local::5;
Popularity stop
Extracted ExitStatus from FrameworkJobReport parsing output: 0
>>> Executable succeded  0
ExeExitCode=0
EXECUTABLE_EXIT_STATUS = 0
>>> current directory /home/cms030/home_creur_978406351/CREAM978406351/glide_o22219/execute/dir_9137/CMSSW_5_3_5
>>>  (SOFTWARE_DIR): /home/cms030/home_creur_978406351/CREAM978406351/glide_o22219/execute/dir_9137/CMSSW_5_3_5
>>> (WORKING_DIR): 
>>> current directory content:
total 152
drwxr-xr-x 3 cms030 cms  4096 Nov 27 02:37 .SCRAM
-rw-r--r-- 1 cms030 cms 30066 Nov 27 02:37 CMSSW.py.pkl
drwxr-xr-x 3 cms030 cms  4096 Nov 27 02:37 bin
drwxr-xr-x 3 cms030 cms  4096 Nov 27 02:37 cfipython
drwxr-xr-x 5 cms030 cms  4096 Nov 27 02:37 config
-rw-r--r-- 1 cms030 cms    17 Nov 27 02:46 cpu_timing.txt
drwxr-xr-x 2 cms030 cms  4096 Nov 27 02:37 doc
-rw-r--r-- 1 cms030 cms 11689 Nov 27 02:46 executable.out
drwxr-xr-x 2 cms030 cms  4096 Nov 27 02:37 include
drwxrwxrwx 3 cms030 cms  4096 Oct 22 16:38 lib
drwxr-xr-x 3 cms030 cms  4096 Nov 27 02:37 logs
drwxr-xr-x 3 cms030 cms  4096 Nov 27 02:37 objs
-rw-r--r-- 1 cms030 cms 16932 Nov 27 02:46 optHistograms.root
-rw-r--r-- 1 cms030 cms   104 Nov 27 02:37 pset.py
-rw-r--r-- 1 cms030 cms 19502 Nov 27 02:37 pset.py.pkl
-rw-r--r-- 1 cms030 cms   289 Nov 27 02:37 pset.pyc
drwxr-xr-x 2 cms030 cms  4096 Nov 27 02:37 python
-rw-r--r-- 1 cms030 cms   420 Nov 27 02:46 report.log
drwxrwxrwx 4 cms030 cms  4096 Nov 27 02:37 src
drwxr-xr-x 3 cms030 cms  4096 Nov 27 02:37 test
drwxr-xr-x 3 cms030 cms  4096 Nov 27 02:37 tmp
>>> current directory /home/cms030/home_creur_978406351/CREAM978406351/glide_o22219/execute/dir_9137/CMSSW_5_3_5
>>> (SOFTWARE_DIR): /home/cms030/home_creur_978406351/CREAM978406351/glide_o22219/execute/dir_9137/CMSSW_5_3_5
>>> (WORKING_DIR): 
>>> current directory content:
total 132
drwxr-xr-x 3 cms030 cms  4096 Nov 27 02:37 .SCRAM
-rw-r--r-- 1 cms030 cms 30066 Nov 27 02:37 CMSSW.py.pkl
drwxr-xr-x 3 cms030 cms  4096 Nov 27 02:37 bin
drwxr-xr-x 3 cms030 cms  4096 Nov 27 02:37 cfipython
drwxr-xr-x 5 cms030 cms  4096 Nov 27 02:37 config
-rw-r--r-- 1 cms030 cms    17 Nov 27 02:46 cpu_timing.txt
drwxr-xr-x 2 cms030 cms  4096 Nov 27 02:37 doc
-rw-r--r-- 1 cms030 cms 11689 Nov 27 02:46 executable.out
drwxr-xr-x 2 cms030 cms  4096 Nov 27 02:37 include
drwxrwxrwx 3 cms030 cms  4096 Oct 22 16:38 lib
drwxr-xr-x 3 cms030 cms  4096 Nov 27 02:37 logs
drwxr-xr-x 3 cms030 cms  4096 Nov 27 02:37 objs
-rw-r--r-- 1 cms030 cms   104 Nov 27 02:37 pset.py
-rw-r--r-- 1 cms030 cms 19502 Nov 27 02:37 pset.py.pkl
-rw-r--r-- 1 cms030 cms   289 Nov 27 02:37 pset.pyc
drwxr-xr-x 2 cms030 cms  4096 Nov 27 02:37 python
-rw-r--r-- 1 cms030 cms   420 Nov 27 02:46 report.log
drwxrwxrwx 4 cms030 cms  4096 Nov 27 02:37 src
drwxr-xr-x 3 cms030 cms  4096 Nov 27 02:37 test
drwxr-xr-x 3 cms030 cms  4096 Nov 27 02:37 tmp
>>> current directory (RUNTIME_AREA):  /home/cms030/home_creur_978406351/CREAM978406351/glide_o22219/execute/dir_9137
>>> current dir: /home/cms030/home_creur_978406351/CREAM978406351/glide_o22219/execute/dir_9137
>>> current dir content:
total 25796
-rw-rw-rw-  1 cms030 cms     5603 Nov 27 02:37 .job.ad
-rw-rw-rw-  1 cms030 cms    11529 Nov 27 02:37 .machine.ad
-rw-rw-rw-  1 cms030 cms      105 Nov 27 01:30 CMSSW.py
-rw-rw-rw-  1 cms030 cms    30066 Nov 27 01:30 CMSSW.py.pkl
-rwxrw-rw-  1 cms030 cms    23339 Nov 27 02:37 CMSSW.sh
drwxr-xr-x 15 cms030 cms     4096 Nov 27 02:47 CMSSW_5_3_5
-rw-rw-rw-  1 cms030 cms        0 Nov 27 02:37 CMSSW_82.stderr
-rw-rw-rw-  1 cms030 cms    27985 Nov 27 02:47 CMSSW_82.stdout
-rw-r--r--  1 cms030 cms      346 Nov 27 02:37 CacheEnv.sh
-rw-rw-rw-  1 cms030 cms     7291 Jun  9  2010 DashboardAPI.py
-rw-r--r--  1 cms030 cms     6868 Nov 27 02:37 DashboardAPI.pyc
drwxrwxrwx  3 cms030 cms     4096 Nov 27 02:46 IMProv
-rw-rw-rw-  1 cms030 cms     2748 Mar  8  2006 Logger.py
-rw-r--r--  1 cms030 cms     3348 Nov 27 02:37 Logger.pyc
-rw-rw-rw-  1 cms030 cms    24524 Mar 28  2008 ProcInfo.py
-rw-r--r--  1 cms030 cms    23446 Nov 27 02:37 ProcInfo.pyc
drwxrwxrwx  7 cms030 cms     4096 Nov 27 02:37 ProdCommon
drwxrwxrwx  3 cms030 cms     4096 Nov 27 02:37 WMCore
-rw-r--r--  1 cms030 cms     1895 Nov 27 02:47 Watchdog_82.log
-rw-rw-rw-  1 cms030 cms    32895 Mar 28  2008 apmon.py
-rw-r--r--  1 cms030 cms    28845 Nov 27 02:37 apmon.pyc
-rw-rw-rw-  1 cms030 cms   104551 Nov 27 02:37 arguments.xml
-rwxrwxrwx  1 cms030 cms    37427 Sep 13 14:14 cmscp.py
-rwxrwxrwx  1 cms030 cms    23339 Nov 27 02:37 condor_exec.exe
-rw-rw-rw-  1 cms030 cms      545 Nov 27 01:30 crab.cfg
-rwxrwxrwx  1 cms030 cms     9531 Sep 20 21:46 crabWatchdog.sh
-rw-r--r--  1 cms030 cms    50046 Nov 27 02:46 crab_fjr_82.xml
-rw-rw-rw-  1 cms030 cms 25796294 Nov 27 02:37 default.tgz
-rwxrwxrwx  1 cms030 cms     4488 May 12  2012 fillCrabFjr.py
-rw-r--r--  1 cms030 cms      940 Nov 27 02:37 inputsReport.txt
-rw-r--r--  1 cms030 cms      132 Nov 27 02:47 jobreport.txt
lrwxrwxrwx  1 cms030 cms      106 Nov 27 02:47 optHistograms.root -> /home/cms030/home_creur_978406351/CREAM978406351/glide_o22219/execute/dir_9137/optHistograms_82_1_7ss.root
-rw-r--r--  1 cms030 cms    16932 Nov 27 02:46 optHistograms_82_1_7ss.root
-rw-rw-rw-  1 cms030 cms    17352 Jan 20  2012 parseCrabFjr.py
-rw-r--r--  1 cms030 cms      285 Nov 27 02:37 report.log
-rwxrwxrwx  1 cms030 cms     1497 May 27  2009 report.py
-rwxrwxrwx  1 cms030 cms     8387 Mar 23  2011 writeCfg.py
-rw-------  1 cms030 cms     8687 Nov 27 02:37 x509up_u1000009
Checking output files:  
will tar file optHistograms_82_1_7ss.root in  out_files_82
will tar file crab_fjr_82.xml in  out_files_82
will tar file CMSSW_82.stdout in  out_files_82
will tar file CMSSW_82.stderr in  out_files_82
WARNING: output file Watchdog_82.log.gz not found!
>>> padding time: Sleeping the wrapper for 16 seconds
STOPPING WATCHDOG. CrabWatchdog PID is 12523
********** LAST 50 LINES OF WATCHDOG LOG
# RESOURCE USAGE SUMMARY FOR PROCESS ID  9452
USER       PID %CPU %MEM    VSZ   RSS TTY      STAT START   TIME COMMAND
cms030    9452  0.3  0.0   8956  1484 ?        S    02:37   0:00 /bin/sh /home/cms030/home_creur_978406351/CREAM978406351/glide_o22219/execute/dir_9137/condor_exec.exe 82 1
 
# LIMITS USED BY THIS WATCHDOG:
# RSS  (KBytes)  : 2300000
# VSZ  (KBytes)  : 100000000
# DISK (MBytes)  : 19000
# CPU  (seconds) : 171600
# WALL (seconds) : 171600
 
# FOLLOWING PRINTOUT TRACKS MAXIMUM VALUES OF RESOURCES USE
# ONE LINE IS PRINTED EACH TIME A MAXIMUM CHANGES
# IF CHANGE WAS IN RSS OR VSZ ALSO PROCID AND COMMAND ARE PRINTED
# THERE IS NO PRINTOUT FOR CPU/WALL TIME INCREASE
 
# TIME			PID	RSS(KB)	VSZ(KB)	Dsk(MB)	tCPU(s)	tWALL(s)	COMMAND
 Nov 27 02:37:46 EET	9137	5304	9296	0	0	24	condor_starter -f submit-2.t2.ucsd.edu       
 Nov 27 02:37:46 EET	12584	22868	82692	0	0	2	edmConfigHash pset.py        
 Nov 27 02:37:46 EET	---	22868	82692	168	----	----	----
 Nov 27 02:38:55 EET	14485	246140	380544	168	13	58	cmsRun -j /home/cms030/home_creur_978406351/CREAM978406351/glide_o22219/execute/dir_9137/crab_fjr_82.xml -p pset.py     
 Nov 27 02:40:04 EET	14485	336788	557672	168	44	127	cmsRun -j /home/cms030/home_creur_978406351/CREAM978406351/glide_o22219/execute/dir_9137/crab_fjr_82.xml -p pset.py     
 Nov 27 02:41:16 EET	14485	360216	557928	168	97	199	cmsRun -j /home/cms030/home_creur_978406351/CREAM978406351/glide_o22219/execute/dir_9137/crab_fjr_82.xml -p pset.py     
 Nov 27 02:42:25 EET	14485	360696	557928	168	125	268	cmsRun -j /home/cms030/home_creur_978406351/CREAM978406351/glide_o22219/execute/dir_9137/crab_fjr_82.xml -p pset.py     
 Nov 27 02:44:44 EET	14485	360920	558184	168	215	408	cmsRun -j /home/cms030/home_creur_978406351/CREAM978406351/glide_o22219/execute/dir_9137/crab_fjr_82.xml -p pset.py     
 Nov 27 02:47:03 EET	---	360920	558184	169	----	----	----
********** WATCHDOG LOG ENDED
ZIPPING WATCHDOG LOG
Disk space used:
du -sh /home/cms030/home_creur_978406351/CREAM978406351/glide_o22219/execute/dir_9137
169M	/home/cms030/home_creur_978406351/CREAM978406351/glide_o22219/execute/dir_9137
>>> info for dashboard:
***** Cat /home/cms030/home_creur_978406351/CREAM978406351/glide_o22219/execute/dir_9137/jobreport.txt *****
MonitorJobID=82_https://submit-2.t2.ucsd.edu//121127//17531.81
MonitorID=liis_crab_0_121127_013010_p7r30o
ExeTime=529
ExeExitCode=0
CrabUserCpuTime=259.66
CrabSysCpuTime=12.14
CrabCpuPercentage=51%
CrabWrapperTime=600
CrabStageoutTime=NULL
***** End Cat jobreport *****
Parameters sent to Dashboard.
optHistograms_82_1_7ss.root
crab_fjr_82.xml
CMSSW_82.stdout
CMSSW_82.stderr
Watchdog_82.log.gz
tar: .BrokerInfo: Cannot stat: No such file or directory
tar: Error exit delayed from previous errors
Total Output dimension: 27618
WARNING: output files size limit is set to: 50000000
Total Output dimension 27618 is fine.
JOB_EXIT_STATUS = 0
>>> info for dashboard:
***** Cat /home/cms030/home_creur_978406351/CREAM978406351/glide_o22219/execute/dir_9137/jobreport.txt *****
MonitorJobID=82_https://submit-2.t2.ucsd.edu//121127//17531.81
MonitorID=liis_crab_0_121127_013010_p7r30o
JobExitCode=0
***** End Cat jobreport *****
Parameters sent to Dashboard.
optHistograms_82_1_7ss.root
crab_fjr_82.xml
