This script was generated by crab (version 2.8.3).
Running /home/cms078/home_creur_308577088/CREAM308577088/glide_gZ6397/execute/dir_12830/condor_exec.exe with 2 positional parameters: 43 1
Today is Tue Nov 27 02:31:07 EET 2012
Job submitted on host wn-v-5420.local
Linux wn-v-5420.local 2.6.32-042stab059.7 #1 SMP Tue Jul 24 19:12:01 MSK 2012 x86_64 x86_64 x86_64 GNU/Linux
>>> current directory (RUNTIME_AREA): /home/cms078/home_creur_308577088/CREAM308577088/glide_gZ6397/execute/dir_12830
>>> current user: uid=11078(cms078) gid=1400(cms) groups=1400(cms)
>>> voms proxy information:
subject   : /DC=ch/DC=cern/OU=Organic Units/OU=Users/CN=liis/CN=663550/CN=Liis Rebane/CN=proxy/CN=limited proxy
issuer    : /DC=ch/DC=cern/OU=Organic Units/OU=Users/CN=liis/CN=663550/CN=Liis Rebane/CN=proxy
identity  : /DC=ch/DC=cern/OU=Organic Units/OU=Users/CN=liis/CN=663550/CN=Liis Rebane/CN=proxy
type      : limited proxy
strength  : 512 bits
path      : /home/cms078/home_creur_308577088/CREAM308577088/glide_gZ6397/execute/dir_12830/x509up_u1000009
timeleft  : 23:59:50
key usage : Digital Signature, Key Encipherment, Data Encipherment
=== VO cms extension information ===
VO        : cms
subject   : /DC=ch/DC=cern/OU=Organic Units/OU=Users/CN=liis/CN=663550/CN=Liis Rebane
issuer    : /DC=ch/DC=cern/OU=computers/CN=lcg-voms.cern.ch
attribute : /cms/Role=NULL/Capability=NULL
timeleft  : 190:54:30
uri       : lcg-voms.cern.ch:15002
>>> tar xzf /home/cms078/home_creur_308577088/CREAM308577088/glide_gZ6397/execute/dir_12830/default.tgz :
Successful untar
>>> Include /home/cms078/home_creur_308577088/CREAM308577088/glide_gZ6397/execute/dir_12830 in PYTHONPATH:
strip arguments
env var CRAB_UNIQUE_JOB_ID set to: liis_crab_0_121127_013010_p7r30o_43_1_Ijd
out_files_43
>>> list of expected files on output sandbox
output files: optHistograms_43_1_Ijd.root crab_fjr_43.xml CMSSW_43.stdout CMSSW_43.stderr Watchdog_43.log.gz
>>> GridFlavour discovery: 
GridFlavour=LCG
>>> SyncSite discovery: 
SyncSite=T2_EE_Estonia
>>> SyncCE discovery: 
getting SyncCE from CE_ID
SyncCE=europa.hep.kbfi.ee:8443/cream-pbs-long
>>> info for dashboard:
***** Cat /home/cms078/home_creur_308577088/CREAM308577088/glide_gZ6397/execute/dir_12830/jobreport.txt *****
MonitorJobID=43_https://submit-2.t2.ucsd.edu//121127//17531.42
SyncGridJobId=https://submit-2.t2.ucsd.edu//121127//17531.42
MonitorID=liis_crab_0_121127_013010_p7r30o
GridFlavour=LCG
SyncSite=T2_EE_Estonia
SyncCE=europa.hep.kbfi.ee:8443/cream-pbs-long
***** End Cat jobreport *****
Parameters sent to Dashboard.
>>> setup environment
set SCRAM ARCH to slc5_amd64_gcc462
SCRAM_ARCH = slc5_amd64_gcc462
>>> setup CMS LCG environment:
set SCRAM ARCH and BUILD_ARCH to slc5_amd64_gcc462 ###
Sourcing environment... 
sourcing /cvmfs/cms.cern.ch/cmsset_default.sh
==> setup cms environment ok
>>> specific cmssw setup environment:
CMSSW_VERSION =  CMSSW_5_3_5
>>> current directory (SOFTWARE_DIR): /home/cms078/home_creur_308577088/CREAM308577088/glide_gZ6397/execute/dir_12830/CMSSW_5_3_5
PreserveSeeds: <>
IncrementSeeds:<>
{}
WNHostName=wn-v-5420.local
>>> info for dashboard:
***** Cat /home/cms078/home_creur_308577088/CREAM308577088/glide_gZ6397/execute/dir_12830/jobreport.txt *****
MonitorJobID=43_https://submit-2.t2.ucsd.edu//121127//17531.42
MonitorID=liis_crab_0_121127_013010_p7r30o
WNHostName=wn-v-5420.local
***** End Cat jobreport *****
Parameters sent to Dashboard.
crabWatchdog started as process 15245
>>> moving CMSSW software directories in /home/cms078/home_creur_308577088/CREAM308577088/glide_gZ6397/execute/dir_12830/CMSSW_5_3_5
mv: cannot stat `/home/cms078/home_creur_308577088/CREAM308577088/glide_gZ6397/execute/dir_12830/module/': No such file or directory
>>> Include /home/cms078/home_creur_308577088/CREAM308577088/glide_gZ6397/execute/dir_12830 in PYTHONPATH:
PYTHONPATH=/home/cms078/home_creur_308577088/CREAM308577088/glide_gZ6397/execute/dir_12830/:/home/cms078/home_creur_308577088/CREAM308577088/glide_gZ6397/execute/dir_12830/CMSSW_5_3_5/python:/home/cms078/home_creur_308577088/CREAM308577088/glide_gZ6397/execute/dir_12830/CMSSW_5_3_5/lib/slc5_amd64_gcc462:/cvmfs/cms.cern.ch/slc5_amd64_gcc462/cms/cmssw/CMSSW_5_3_5/python:/cvmfs/cms.cern.ch/slc5_amd64_gcc462/cms/cmssw/CMSSW_5_3_5/lib/slc5_amd64_gcc462:/cvmfs/cms.cern.ch/slc5_amd64_gcc462/cms/coral/CORAL_2_3_21-cms27/slc5_amd64_gcc462/python:/cvmfs/cms.cern.ch/slc5_amd64_gcc462/cms/coral/CORAL_2_3_21-cms27/slc5_amd64_gcc462/lib:/cvmfs/cms.cern.ch/slc5_amd64_gcc462/external/pyqt/4.8.1/lib/python2.6/site-packages:/cvmfs/cms.cern.ch/slc5_amd64_gcc462/external/py2-scipy/0.8.0/lib/python2.6/site-packages:/cvmfs/cms.cern.ch/slc5_amd64_gcc462/external/py2-matplotlib/1.0.1/lib/python2.6/site-packages:/cvmfs/cms.cern.ch/slc5_amd64_gcc462/external/python-ldap/2.3.5/lib/python2.6/site-packages:/cvmfs/cms.cern.ch/slc5_amd64_gcc462/external/sip/4.11.2/lib/python2.6/site-packages:/cvmfs/cms.cern.ch/slc5_amd64_gcc462/external/py2-pycurl/7.19.0/lib/python2.6/site-packages:/cvmfs/cms.cern.ch/slc5_amd64_gcc462/external/py2-numpy/1.6.1/lib/python2.6/site-packages:/cvmfs/cms.cern.ch/slc5_amd64_gcc462/external/py2-ipython/0.10/lib/python2.6/site-packages:/cvmfs/cms.cern.ch/slc5_amd64_gcc462/external/py2-cx-oracle/5.1-cms11/lib/python2.6/site-packages:/cvmfs/cms.cern.ch/slc5_amd64_gcc462/external/py2-cjson/1.0.5/lib/python2.6/site-packages:/cvmfs/cms.cern.ch/slc5_amd64_gcc462/cms/das-client/1.4.1-cms8/bin:/cvmfs/cms.cern.ch/slc5_amd64_gcc462/external/elementtree/1.2.6/share/lib/python2.6/site-packages:/cvmfs/cms.cern.ch/slc5_amd64_gcc462/external/rivet/1.5.1-cms10/lib/python2.6/site-packages:/cvmfs/cms.cern.ch/slc5_amd64_gcc462/external/pyminuit2/0.0.1-cms34/lib/python2.6/site-packages:/cvmfs/cms.cern.ch/slc5_amd64_gcc462/external/professor/1.0.0-cms35/lib/python2.6/site-packages:/cvmfs/cms.cern.ch/slc5_amd64_gcc462/lcg/root/5.32.00-cms18/lib:/cvmfs/cms.cern.ch/slc5_amd64_gcc462/cms/dbs-client/DBS_2_1_1_patch1_1/lib:/cvmfs/cms.cern.ch/slc5_amd64_gcc462/cms/dbs-client/DBS_2_1_1_patch1_1/lib/DBSAPI:/home/cms078/home_creur_308577088/CREAM308577088/glide_gZ6397/execute/dir_12830/
241a2a19cb7c5c8751ba22759ab3bdb0
PSETHASH = 241a2a19cb7c5c8751ba22759ab3bdb0
/home/cms078/home_creur_308577088/CREAM308577088/glide_gZ6397/execute/dir_12830/writeCfg.py pset.py pset.py
Importing .py file
Setting parameters
inputBlocks=/QCD_Pt_80_170_EMEnriched_TuneZ2star_8TeV_pythia6/mario-Summer12-stop-pfele-step1-3d176ac8da5e9dff208d057f4733ca91/USER#1edbd789-8e01-4834-bf44-0c1d693a4b92
inputFiles=/store/user/mario/QCD_Pt_80_170_EMEnriched_TuneZ2star_8TeV_pythia6/Summer12-stop-pfele-step1/3d176ac8da5e9dff208d057f4733ca91/tuple_388_3_XYn.root;/store/user/mario/QCD_Pt_80_170_EMEnriched_TuneZ2star_8TeV_pythia6/Summer12-stop-pfele-step1/3d176ac8da5e9dff208d057f4733ca91/tuple_390_2_kWe.root;/store/user/mario/QCD_Pt_80_170_EMEnriched_TuneZ2star_8TeV_pythia6/Summer12-stop-pfele-step1/3d176ac8da5e9dff208d057f4733ca91/tuple_391_2_8QJ.root;/store/user/mario/QCD_Pt_80_170_EMEnriched_TuneZ2star_8TeV_pythia6/Summer12-stop-pfele-step1/3d176ac8da5e9dff208d057f4733ca91/tuple_395_2_1xm.root;/store/user/mario/QCD_Pt_80_170_EMEnriched_TuneZ2star_8TeV_pythia6/Summer12-stop-pfele-step1/3d176ac8da5e9dff208d057f4733ca91/tuple_396_2_Rzu.root
parentFiles=
lumisRange=
>>> Executable cmsRun
/cvmfs/cms.cern.ch/slc5_amd64_gcc462/cms/cmssw/CMSSW_5_3_5/bin/slc5_amd64_gcc462/cmsRun
ok executable found
>>> info for dashboard:
***** Cat /home/cms078/home_creur_308577088/CREAM308577088/glide_gZ6397/execute/dir_12830/jobreport.txt *****
MonitorJobID=43_https://submit-2.t2.ucsd.edu//121127//17531.42
MonitorID=liis_crab_0_121127_013010_p7r30o
ExeStart=cmsRun
***** End Cat jobreport *****
Parameters sent to Dashboard.
>>> cmsRun started at Tue Nov 27 00:31:39 UTC 2012
>>> cmsRun ended at Tue Nov 27 00:38:16 UTC 2012
>>> info for dashboard:
***** Cat /home/cms078/home_creur_308577088/CREAM308577088/glide_gZ6397/execute/dir_12830/jobreport.txt *****
MonitorJobID=43_https://submit-2.t2.ucsd.edu//121127//17531.42
MonitorID=liis_crab_0_121127_013010_p7r30o
ExeEnd=cmsRun
***** End Cat jobreport *****
Parameters sent to Dashboard.
TIME_EXE = 397 sec
>>> cmsRun wrote 103 lines of stdout+stderr
>>> START OF printout of 103 lines from stdout+stderr
27-Nov-2012 02:32:05 EET  Initiating request to open file file:/hdfs/cms/store/user/mario/QCD_Pt_80_170_EMEnriched_TuneZ2star_8TeV_pythia6/Summer12-stop-pfele-step1/3d176ac8da5e9dff208d057f4733ca91/tuple_388_3_XYn.root
27-Nov-2012 02:32:13 EET  Successfully opened file file:/hdfs/cms/store/user/mario/QCD_Pt_80_170_EMEnriched_TuneZ2star_8TeV_pythia6/Summer12-stop-pfele-step1/3d176ac8da5e9dff208d057f4733ca91/tuple_388_3_XYn.root
Begin processing the 1st record. Run 1, Event 68275131, LumiSection 21898 at 27-Nov-2012 02:32:33.032 EET
Begin processing the 1001st record. Run 1, Event 85633364, LumiSection 27465 at 27-Nov-2012 02:32:41.010 EET
Begin processing the 2001st record. Run 1, Event 94065492, LumiSection 30169 at 27-Nov-2012 02:32:44.748 EET
Begin processing the 3001st record. Run 1, Event 111404932, LumiSection 35730 at 27-Nov-2012 02:32:50.608 EET
Begin processing the 4001st record. Run 1, Event 122026954, LumiSection 39137 at 27-Nov-2012 02:32:53.653 EET
Begin processing the 5001st record. Run 1, Event 124039326, LumiSection 39782 at 27-Nov-2012 02:32:56.746 EET
Begin processing the 6001st record. Run 1, Event 140614756, LumiSection 45098 at 27-Nov-2012 02:33:01.887 EET
27-Nov-2012 02:33:03 EET  Closed file file:/hdfs/cms/store/user/mario/QCD_Pt_80_170_EMEnriched_TuneZ2star_8TeV_pythia6/Summer12-stop-pfele-step1/3d176ac8da5e9dff208d057f4733ca91/tuple_388_3_XYn.root
27-Nov-2012 02:33:03 EET  Initiating request to open file file:/hdfs/cms/store/user/mario/QCD_Pt_80_170_EMEnriched_TuneZ2star_8TeV_pythia6/Summer12-stop-pfele-step1/3d176ac8da5e9dff208d057f4733ca91/tuple_390_2_kWe.root
27-Nov-2012 02:33:10 EET  Successfully opened file file:/hdfs/cms/store/user/mario/QCD_Pt_80_170_EMEnriched_TuneZ2star_8TeV_pythia6/Summer12-stop-pfele-step1/3d176ac8da5e9dff208d057f4733ca91/tuple_390_2_kWe.root
Begin processing the 7001st record. Run 1, Event 93643481, LumiSection 30034 at 27-Nov-2012 02:33:24.561 EET
Begin processing the 8001st record. Run 1, Event 148822891, LumiSection 47731 at 27-Nov-2012 02:33:27.505 EET
Begin processing the 9001st record. Run 1, Event 179005368, LumiSection 57411 at 27-Nov-2012 02:33:31.669 EET
Begin processing the 10001st record. Run 1, Event 211287978, LumiSection 67764 at 27-Nov-2012 02:33:35.162 EET
Begin processing the 11001st record. Run 1, Event 218894329, LumiSection 70204 at 27-Nov-2012 02:33:38.205 EET
Begin processing the 12001st record. Run 1, Event 63144964, LumiSection 20252 at 27-Nov-2012 02:33:42.699 EET
Begin processing the 13001st record. Run 1, Event 211943678, LumiSection 67975 at 27-Nov-2012 02:33:45.782 EET
Begin processing the 14001st record. Run 1, Event 132989776, LumiSection 42653 at 27-Nov-2012 02:33:50.353 EET
Begin processing the 15001st record. Run 1, Event 212163983, LumiSection 68045 at 27-Nov-2012 02:33:53.447 EET
Begin processing the 16001st record. Run 1, Event 13118610, LumiSection 4208 at 27-Nov-2012 02:33:56.935 EET
Begin processing the 17001st record. Run 1, Event 32285896, LumiSection 10355 at 27-Nov-2012 02:34:01.841 EET
Begin processing the 18001st record. Run 1, Event 95308530, LumiSection 30568 at 27-Nov-2012 02:34:04.898 EET
Begin processing the 19001st record. Run 1, Event 114566515, LumiSection 36744 at 27-Nov-2012 02:34:09.473 EET
Begin processing the 20001st record. Run 1, Event 107407334, LumiSection 34448 at 27-Nov-2012 02:34:12.348 EET
Begin processing the 21001st record. Run 1, Event 129241701, LumiSection 41451 at 27-Nov-2012 02:34:15.332 EET
Begin processing the 22001st record. Run 1, Event 140061745, LumiSection 44921 at 27-Nov-2012 02:34:19.151 EET
27-Nov-2012 02:34:21 EET  Closed file file:/hdfs/cms/store/user/mario/QCD_Pt_80_170_EMEnriched_TuneZ2star_8TeV_pythia6/Summer12-stop-pfele-step1/3d176ac8da5e9dff208d057f4733ca91/tuple_390_2_kWe.root
27-Nov-2012 02:34:21 EET  Initiating request to open file file:/hdfs/cms/store/user/mario/QCD_Pt_80_170_EMEnriched_TuneZ2star_8TeV_pythia6/Summer12-stop-pfele-step1/3d176ac8da5e9dff208d057f4733ca91/tuple_391_2_8QJ.root
27-Nov-2012 02:34:21 EET  Successfully opened file file:/hdfs/cms/store/user/mario/QCD_Pt_80_170_EMEnriched_TuneZ2star_8TeV_pythia6/Summer12-stop-pfele-step1/3d176ac8da5e9dff208d057f4733ca91/tuple_391_2_8QJ.root
Begin processing the 23001st record. Run 1, Event 75337831, LumiSection 24163 at 27-Nov-2012 02:34:37.887 EET
Begin processing the 24001st record. Run 1, Event 92965452, LumiSection 29816 at 27-Nov-2012 02:34:41.090 EET
Begin processing the 25001st record. Run 1, Event 113640805, LumiSection 36447 at 27-Nov-2012 02:34:44.188 EET
Begin processing the 26001st record. Run 1, Event 125926062, LumiSection 40387 at 27-Nov-2012 02:34:48.577 EET
Begin processing the 27001st record. Run 1, Event 213271842, LumiSection 68401 at 27-Nov-2012 02:34:51.760 EET
Begin processing the 28001st record. Run 1, Event 224079714, LumiSection 71867 at 27-Nov-2012 02:34:59.319 EET
Begin processing the 29001st record. Run 1, Event 133676247, LumiSection 42873 at 27-Nov-2012 02:35:02.125 EET
Begin processing the 30001st record. Run 1, Event 184652720, LumiSection 59222 at 27-Nov-2012 02:35:04.731 EET
Begin processing the 31001st record. Run 1, Event 87346395, LumiSection 28014 at 27-Nov-2012 02:35:08.848 EET
Begin processing the 32001st record. Run 1, Event 185240623, LumiSection 59411 at 27-Nov-2012 02:35:11.897 EET
Begin processing the 33001st record. Run 1, Event 122220475, LumiSection 39199 at 27-Nov-2012 02:35:16.656 EET
Begin processing the 34001st record. Run 1, Event 2901340, LumiSection 931 at 27-Nov-2012 02:35:19.658 EET
Begin processing the 35001st record. Run 1, Event 7017152, LumiSection 2251 at 27-Nov-2012 02:35:24.450 EET
Begin processing the 36001st record. Run 1, Event 2649118, LumiSection 850 at 27-Nov-2012 02:35:27.438 EET
Begin processing the 37001st record. Run 1, Event 28841865, LumiSection 9251 at 27-Nov-2012 02:35:30.006 EET
Begin processing the 38001st record. Run 1, Event 201635532, LumiSection 64669 at 27-Nov-2012 02:35:34.195 EET
27-Nov-2012 02:35:36 EET  Closed file file:/hdfs/cms/store/user/mario/QCD_Pt_80_170_EMEnriched_TuneZ2star_8TeV_pythia6/Summer12-stop-pfele-step1/3d176ac8da5e9dff208d057f4733ca91/tuple_391_2_8QJ.root
27-Nov-2012 02:35:36 EET  Initiating request to open file file:/hdfs/cms/store/user/mario/QCD_Pt_80_170_EMEnriched_TuneZ2star_8TeV_pythia6/Summer12-stop-pfele-step1/3d176ac8da5e9dff208d057f4733ca91/tuple_395_2_1xm.root
27-Nov-2012 02:35:36 EET  Successfully opened file file:/hdfs/cms/store/user/mario/QCD_Pt_80_170_EMEnriched_TuneZ2star_8TeV_pythia6/Summer12-stop-pfele-step1/3d176ac8da5e9dff208d057f4733ca91/tuple_395_2_1xm.root
Begin processing the 39001st record. Run 1, Event 157159254, LumiSection 50404 at 27-Nov-2012 02:35:52.799 EET
Begin processing the 40001st record. Run 1, Event 212591758, LumiSection 68183 at 27-Nov-2012 02:35:55.784 EET
Begin processing the 41001st record. Run 1, Event 226124115, LumiSection 72523 at 27-Nov-2012 02:35:58.734 EET
Begin processing the 42001st record. Run 1, Event 7705366, LumiSection 2472 at 27-Nov-2012 02:36:04.481 EET
Begin processing the 43001st record. Run 1, Event 20389559, LumiSection 6540 at 27-Nov-2012 02:36:07.737 EET
Begin processing the 44001st record. Run 1, Event 99903246, LumiSection 32041 at 27-Nov-2012 02:36:13.425 EET
Begin processing the 45001st record. Run 1, Event 119489707, LumiSection 38323 at 27-Nov-2012 02:36:16.387 EET
Begin processing the 46001st record. Run 1, Event 149799898, LumiSection 48044 at 27-Nov-2012 02:36:19.453 EET
Begin processing the 47001st record. Run 1, Event 49842222, LumiSection 15986 at 27-Nov-2012 02:36:25.309 EET
Begin processing the 48001st record. Run 1, Event 65209577, LumiSection 20914 at 27-Nov-2012 02:36:28.271 EET
Begin processing the 49001st record. Run 1, Event 16070036, LumiSection 5154 at 27-Nov-2012 02:36:34.384 EET
Begin processing the 50001st record. Run 1, Event 9261506, LumiSection 2971 at 27-Nov-2012 02:36:37.615 EET
Begin processing the 51001st record. Run 1, Event 109331371, LumiSection 35065 at 27-Nov-2012 02:36:40.738 EET
Begin processing the 52001st record. Run 1, Event 121923318, LumiSection 39104 at 27-Nov-2012 02:36:46.818 EET
Begin processing the 53001st record. Run 1, Event 129802415, LumiSection 41631 at 27-Nov-2012 02:36:49.842 EET
Begin processing the 54001st record. Run 1, Event 21749290, LumiSection 6976 at 27-Nov-2012 02:36:55.827 EET
27-Nov-2012 02:36:58 EET  Closed file file:/hdfs/cms/store/user/mario/QCD_Pt_80_170_EMEnriched_TuneZ2star_8TeV_pythia6/Summer12-stop-pfele-step1/3d176ac8da5e9dff208d057f4733ca91/tuple_395_2_1xm.root
27-Nov-2012 02:36:58 EET  Initiating request to open file file:/hdfs/cms/store/user/mario/QCD_Pt_80_170_EMEnriched_TuneZ2star_8TeV_pythia6/Summer12-stop-pfele-step1/3d176ac8da5e9dff208d057f4733ca91/tuple_396_2_Rzu.root
27-Nov-2012 02:36:59 EET  Successfully opened file file:/hdfs/cms/store/user/mario/QCD_Pt_80_170_EMEnriched_TuneZ2star_8TeV_pythia6/Summer12-stop-pfele-step1/3d176ac8da5e9dff208d057f4733ca91/tuple_396_2_Rzu.root
Begin processing the 55001st record. Run 1, Event 44274415, LumiSection 14200 at 27-Nov-2012 02:37:16.611 EET
Begin processing the 56001st record. Run 1, Event 87875027, LumiSection 28184 at 27-Nov-2012 02:37:19.751 EET
Begin processing the 57001st record. Run 1, Event 196259756, LumiSection 62945 at 27-Nov-2012 02:37:22.674 EET
Begin processing the 58001st record. Run 1, Event 71245648, LumiSection 22850 at 27-Nov-2012 02:37:29.091 EET
Begin processing the 59001st record. Run 1, Event 209317243, LumiSection 67132 at 27-Nov-2012 02:37:32.173 EET
Begin processing the 60001st record. Run 1, Event 74919053, LumiSection 24028 at 27-Nov-2012 02:37:36.517 EET
Begin processing the 61001st record. Run 1, Event 102522565, LumiSection 32881 at 27-Nov-2012 02:37:39.873 EET
Begin processing the 62001st record. Run 1, Event 84403239, LumiSection 27070 at 27-Nov-2012 02:37:43.264 EET
Begin processing the 63001st record. Run 1, Event 119770864, LumiSection 38413 at 27-Nov-2012 02:37:48.334 EET
Begin processing the 64001st record. Run 1, Event 135432830, LumiSection 43436 at 27-Nov-2012 02:37:52.031 EET
Begin processing the 65001st record. Run 1, Event 104315829, LumiSection 33457 at 27-Nov-2012 02:37:56.465 EET
Begin processing the 66001st record. Run 1, Event 215448091, LumiSection 69099 at 27-Nov-2012 02:37:59.514 EET
Begin processing the 67001st record. Run 1, Event 143140160, LumiSection 45908 at 27-Nov-2012 02:38:04.811 EET
Begin processing the 68001st record. Run 1, Event 148675997, LumiSection 47684 at 27-Nov-2012 02:38:07.530 EET
Begin processing the 69001st record. Run 1, Event 60921750, LumiSection 19539 at 27-Nov-2012 02:38:10.734 EET
27-Nov-2012 02:38:14 EET  Closed file file:/hdfs/cms/store/user/mario/QCD_Pt_80_170_EMEnriched_TuneZ2star_8TeV_pythia6/Summer12-stop-pfele-step1/3d176ac8da5e9dff208d057f4733ca91/tuple_396_2_Rzu.root

=============================================

MessageLogger Summary

 type     category        sev    module        subroutine        count    total
 ---- -------------------- -- ---------------- ----------------  -----    -----
    1 fileAction           -s file_close                             5        5
    2 fileAction           -s file_open                             10       10

 type    category    Examples: run/evt        run/evt          run/evt
 ---- -------------------- ---------------- ---------------- ----------------
    1 fileAction           PostProcessEvent PostProcessEvent PostEndRun
    2 fileAction           pre-events       pre-events       PostProcessEvent

Severity    # Occurrences   Total Occurrences
--------    -------------   -----------------
System                 15                  15
>>> END OF printout of 103 lines from stdout+stderr
>>> Parse FrameworkJobReport crab_fjr.xml
Result of parsing the FrameworkJobReport crab_fjr.xml: Popularity start
lumisRange : 1::389,468,566,568,577,589,608,666,780,787,831,850,931,1030,1100,1302,1348-1349,1424,1486,1574,1887,2011,2089,2251,2451,2663,2748,2843,3064,4706,5220,6359,8200,9251,10131,10523,10851,10931,11170,12019,12389,12400,14636,14651,15783,16288,16382,18700,18957,20202,20350,21043,21091,21953,21990,22063,22340,22576,23406,24163,24438,24805,24817,24858,24898,24911,25575,26458,26696,26823,27755,28014,28017,28229,29816,30256,30348,31525,31528,31544,31869,31873,32210,32460,32533,33350,33894,33983,35945,36447,36500,36811,37327,37430,37888,37907,38299-38300,38629,38674,39042,39047,39049,39128,39135-39136,39149,39159,39161,39168,39174,39180,39199,39220,39241,39248,39264,39859,40185,40387,40594,40793,41376,41378-41379,41436,41483,41658,42873,43054,44931,45225,45297,49441,49443,49651,49800,58082,58697,59222,59411,61975,62148,62682,62794,62839,63664,63764,63853,64669,66109,66398,67161,68255,68401,68870,69997,70093,70457,70990,71695,71735,71791,71843,71867,72204,72241,72919,72921::1;1::755,2713,3100,3715,7185,8151,8508,9980,12720,12739,13283,14035,14200,15689,15721,15893,16523,16707,17026,17518,17623,17692,18815,18900,19008,19482,19525,19539,19543,19591,19621,20265,20534,20604,20800,22136,22850,23022,23557,23977,24028,24068,24476,24578,24984,25554,25607,25762,26264,27070,27332,27346,28184,28664,29203,30020,30912,31018,31199,31483,31993,32230,32881,33374,33457,35790,35938,36056,36296,37867,38408,38413,38469,38681,38791,38816-38817,39277,39442,39497,39560,39600,39691,39787,40145,41233,41248,42097,42247,42364,42674,42853,42857,43204,43436,43478,43580,43786,44756,44767,44952,45063,45460,45879,45908,46023,46126,46326,46417,46425,46626,46755,46983,47248,47271,47684,47753,47800,48139,48141,49187,49446,49655,50887,50891,51177,51953,57751,58815,60267,60520,60904,62611,62887,62945,63148,63151,63267,65441,66112,66143,66224,66649,67132,67420,67476,67971,68101,68675,68692,69099,70269-70270,70458,70543,70578,71327::2;1::1016,1285,1322,1419,1531,1648,1768,1799,2421,2472,2512,2640,2696,2717,2722,2884,2971,3154,3768,4645,4726,4759,4824,4943,5110,5154,5307,5501-5502,5539,5616,5937,6401,6464,6540,6634,6806,6850,6952-6953,6976,7419,7423,7764,7975,7978,7987,8045,8135,8801,8850,9245,9463,9704,10120,10149,11891,11922,12262,12726,12769,13225,13449,13975,14035,14056,14280,14808,15139,15203,15548,15730,15986,16149,16237,16586,16864,17828,17944,18971,19707,20018,20914,21635,22498,23552,24113,25523,25608,29799,32041,32183,32262,32773,33032,33594,33743,35065,35254,35257,35388,35450,36078,36630,36681,37890,37901,38323,39033,39039,39090,39092,39104,39114,39127,39131,39147,39207,39225,39249,39310,39776,39949,40137,40755,41344,41631,42718,42730,47033,47038,47553,47744,47838,48044,49143,49269,50020,50113,50404,50484,53022,54056,54812,54873,55238,55303,55347,55387,62722,66092,66488,67418,67477,68183,68928,70426,70713,70958,71111,72272,72343,72523,72546,72554,72591,72757,72825::3;1::21898,25663,25883,25894,26346,26461,27440,27465,27739,28009,28671,28689,28737,30035,30114,30169,30171,30177,31878,32185,33181,34597,34766,35442,35487,35730,35792,35863,38008,39040,39048,39052,39058-39059,39062,39064,39066,39078,39107,39137,39167,39171,39203-39204,39239,39274,39278,39282,39286,39292,39297-39298,39479,39671,39781-39782,39868,40034-40035,40756,40800,41072,41084,42656,45098,47068,56651::4;1::369,1139,1271,1287,3974,4208,4635,6992,7296,7743,8519,10238,10355,11908,12148,12163,13115,14156,14372,14799,15403,16866,17598,18646,18823,19199,20252,20521,20563,21187,21798,22001,22354,23790,23801,24697,25030,25035,25191,25474,25518,25521,25575,26020,26140,26574,26996,27262,27458,28347,28350,28764,29843,29848,30030,30034,30175,30242,30568,30650,30740,30762,31157,31718,32465,32495,33505,34250,34448,35001,35200,35915,36221,36330,36566,36744,36819,37024,37202,38135,38275,38419,38703,39371,39811,39998,40187,41451,41498,42255,42325,42342,42389,42435,42443,42505,42570,42640,42653,42792,42849,42999,43001,43068,43071,43520,43526,43566,43736,43908,44915,44921,45442,46794,46897,47005,47533,47634,47639,47731,47854,48933,49340,49803,49941,51574,51616,51753,51869,52407,52968,54877,54921,56880,56937,57411,58731,60453,60855,61511-61512,61889,63264,63410,64269,66043,66051,66056,66067,66441,66673,66998,67290,67764,67954,67975,68045,68063,68461,68581,69258,70028,70204,70353,70948,71244,71354,71894::5;
lumisParentRange : 
Basename : /store/user/mario/QCD_Pt_80_170_EMEnriched_TuneZ2star_8TeV_pythia6/Summer12-stop-pfele-step1/3d176ac8da5e9dff208d057f4733ca91/tuple_3
BasenameParent : 
parentFiles : 
inputBlocks : /QCD_Pt_80_170_EMEnriched_TuneZ2star_8TeV_pythia6/mario-Summer12-stop-pfele-step1-3d176ac8da5e9dff208d057f4733ca91/USER#1edbd789-8e01-4834-bf44-0c1d693a4b92
inputFiles : 91_2_8QJ.root::1::EDM::Local::1;96_2_Rzu.root::1::EDM::Local::2;95_2_1xm.root::1::EDM::Local::3;88_3_XYn.root::1::EDM::Local::4;90_2_kWe.root::1::EDM::Local::5;
Popularity stop
Extracted ExitStatus from FrameworkJobReport parsing output: 0
>>> Executable succeded  0
ExeExitCode=0
EXECUTABLE_EXIT_STATUS = 0
>>> current directory /home/cms078/home_creur_308577088/CREAM308577088/glide_gZ6397/execute/dir_12830/CMSSW_5_3_5
>>>  (SOFTWARE_DIR): /home/cms078/home_creur_308577088/CREAM308577088/glide_gZ6397/execute/dir_12830/CMSSW_5_3_5
>>> (WORKING_DIR): 
>>> current directory content:
total 152
drwxr-xr-x 3 cms078 cms  4096 Nov 27 02:31 .SCRAM
-rw-r--r-- 1 cms078 cms 30066 Nov 27 02:31 CMSSW.py.pkl
drwxr-xr-x 3 cms078 cms  4096 Nov 27 02:31 bin
drwxr-xr-x 3 cms078 cms  4096 Nov 27 02:31 cfipython
drwxr-xr-x 5 cms078 cms  4096 Nov 27 02:31 config
-rw-r--r-- 1 cms078 cms    16 Nov 27 02:38 cpu_timing.txt
drwxr-xr-x 2 cms078 cms  4096 Nov 27 02:31 doc
-rw-r--r-- 1 cms078 cms 11691 Nov 27 02:38 executable.out
drwxr-xr-x 2 cms078 cms  4096 Nov 27 02:31 include
drwxrwxrwx 3 cms078 cms  4096 Oct 22 16:38 lib
drwxr-xr-x 3 cms078 cms  4096 Nov 27 02:31 logs
drwxr-xr-x 3 cms078 cms  4096 Nov 27 02:31 objs
-rw-r--r-- 1 cms078 cms 16821 Nov 27 02:38 optHistograms.root
-rw-r--r-- 1 cms078 cms   104 Nov 27 02:31 pset.py
-rw-r--r-- 1 cms078 cms 19502 Nov 27 02:31 pset.py.pkl
-rw-r--r-- 1 cms078 cms   289 Nov 27 02:31 pset.pyc
drwxr-xr-x 2 cms078 cms  4096 Nov 27 02:31 python
-rw-r--r-- 1 cms078 cms   420 Nov 27 02:38 report.log
drwxrwxrwx 4 cms078 cms  4096 Nov 27 02:31 src
drwxr-xr-x 3 cms078 cms  4096 Nov 27 02:31 test
drwxr-xr-x 3 cms078 cms  4096 Nov 27 02:31 tmp
>>> current directory /home/cms078/home_creur_308577088/CREAM308577088/glide_gZ6397/execute/dir_12830/CMSSW_5_3_5
>>> (SOFTWARE_DIR): /home/cms078/home_creur_308577088/CREAM308577088/glide_gZ6397/execute/dir_12830/CMSSW_5_3_5
>>> (WORKING_DIR): 
>>> current directory content:
total 132
drwxr-xr-x 3 cms078 cms  4096 Nov 27 02:31 .SCRAM
-rw-r--r-- 1 cms078 cms 30066 Nov 27 02:31 CMSSW.py.pkl
drwxr-xr-x 3 cms078 cms  4096 Nov 27 02:31 bin
drwxr-xr-x 3 cms078 cms  4096 Nov 27 02:31 cfipython
drwxr-xr-x 5 cms078 cms  4096 Nov 27 02:31 config
-rw-r--r-- 1 cms078 cms    16 Nov 27 02:38 cpu_timing.txt
drwxr-xr-x 2 cms078 cms  4096 Nov 27 02:31 doc
-rw-r--r-- 1 cms078 cms 11691 Nov 27 02:38 executable.out
drwxr-xr-x 2 cms078 cms  4096 Nov 27 02:31 include
drwxrwxrwx 3 cms078 cms  4096 Oct 22 16:38 lib
drwxr-xr-x 3 cms078 cms  4096 Nov 27 02:31 logs
drwxr-xr-x 3 cms078 cms  4096 Nov 27 02:31 objs
-rw-r--r-- 1 cms078 cms   104 Nov 27 02:31 pset.py
-rw-r--r-- 1 cms078 cms 19502 Nov 27 02:31 pset.py.pkl
-rw-r--r-- 1 cms078 cms   289 Nov 27 02:31 pset.pyc
drwxr-xr-x 2 cms078 cms  4096 Nov 27 02:31 python
-rw-r--r-- 1 cms078 cms   420 Nov 27 02:38 report.log
drwxrwxrwx 4 cms078 cms  4096 Nov 27 02:31 src
drwxr-xr-x 3 cms078 cms  4096 Nov 27 02:31 test
drwxr-xr-x 3 cms078 cms  4096 Nov 27 02:31 tmp
>>> current directory (RUNTIME_AREA):  /home/cms078/home_creur_308577088/CREAM308577088/glide_gZ6397/execute/dir_12830
>>> current dir: /home/cms078/home_creur_308577088/CREAM308577088/glide_gZ6397/execute/dir_12830
>>> current dir content:
total 25792
-rw-rw-rw-  1 cms078 cms     5579 Nov 27 02:30 .job.ad
-rw-rw-rw-  1 cms078 cms    11240 Nov 27 02:30 .machine.ad
-rw-rw-rw-  1 cms078 cms      105 Nov 27 01:30 CMSSW.py
-rw-rw-rw-  1 cms078 cms    30066 Nov 27 01:30 CMSSW.py.pkl
-rwxrw-rw-  1 cms078 cms    23339 Nov 27 02:31 CMSSW.sh
-rw-rw-rw-  1 cms078 cms        0 Nov 27 02:31 CMSSW_43.stderr
-rw-rw-rw-  1 cms078 cms    28021 Nov 27 02:38 CMSSW_43.stdout
drwxr-xr-x 15 cms078 cms     4096 Nov 27 02:38 CMSSW_5_3_5
-rw-r--r--  1 cms078 cms      347 Nov 27 02:31 CacheEnv.sh
-rw-rw-rw-  1 cms078 cms     7291 Jun  9  2010 DashboardAPI.py
-rw-r--r--  1 cms078 cms     6883 Nov 27 02:31 DashboardAPI.pyc
drwxrwxrwx  3 cms078 cms     4096 Nov 27 02:38 IMProv
-rw-rw-rw-  1 cms078 cms     2748 Mar  8  2006 Logger.py
-rw-r--r--  1 cms078 cms     3353 Nov 27 02:31 Logger.pyc
-rw-rw-rw-  1 cms078 cms    24524 Mar 28  2008 ProcInfo.py
-rw-r--r--  1 cms078 cms    23470 Nov 27 02:31 ProcInfo.pyc
drwxrwxrwx  7 cms078 cms     4096 Nov 27 02:31 ProdCommon
drwxrwxrwx  3 cms078 cms     4096 Nov 27 02:31 WMCore
-rw-r--r--  1 cms078 cms     2023 Nov 27 02:38 Watchdog_43.log
-rw-rw-rw-  1 cms078 cms    32895 Mar 28  2008 apmon.py
-rw-r--r--  1 cms078 cms    28874 Nov 27 02:31 apmon.pyc
-rw-rw-rw-  1 cms078 cms   104551 Nov 27 02:31 arguments.xml
-rwxrwxrwx  1 cms078 cms    37427 Sep 13 14:14 cmscp.py
-rwxrwxrwx  1 cms078 cms    23339 Nov 27 02:31 condor_exec.exe
-rw-rw-rw-  1 cms078 cms      545 Nov 27 01:30 crab.cfg
-rwxrwxrwx  1 cms078 cms     9531 Sep 20 21:46 crabWatchdog.sh
-rw-r--r--  1 cms078 cms    50046 Nov 27 02:38 crab_fjr_43.xml
-rw-rw-rw-  1 cms078 cms 25796294 Nov 27 02:31 default.tgz
-rwxrwxrwx  1 cms078 cms     4488 May 12  2012 fillCrabFjr.py
-rw-r--r--  1 cms078 cms      940 Nov 27 02:31 inputsReport.txt
-rw-r--r--  1 cms078 cms      132 Nov 27 02:38 jobreport.txt
lrwxrwxrwx  1 cms078 cms      107 Nov 27 02:38 optHistograms.root -> /home/cms078/home_creur_308577088/CREAM308577088/glide_gZ6397/execute/dir_12830/optHistograms_43_1_Ijd.root
-rw-r--r--  1 cms078 cms    16821 Nov 27 02:38 optHistograms_43_1_Ijd.root
-rw-rw-rw-  1 cms078 cms    17352 Jan 20  2012 parseCrabFjr.py
-rw-r--r--  1 cms078 cms      285 Nov 27 02:31 report.log
-rwxrwxrwx  1 cms078 cms     1497 May 27  2009 report.py
-rwxrwxrwx  1 cms078 cms     8387 Mar 23  2011 writeCfg.py
-rw-------  1 cms078 cms     8691 Nov 27 02:30 x509up_u1000009
Checking output files:  
will tar file optHistograms_43_1_Ijd.root in  out_files_43
will tar file crab_fjr_43.xml in  out_files_43
will tar file CMSSW_43.stdout in  out_files_43
will tar file CMSSW_43.stderr in  out_files_43
WARNING: output file Watchdog_43.log.gz not found!
>>> padding time: Sleeping the wrapper for 151 seconds
STOPPING WATCHDOG. CrabWatchdog PID is 15245
********** LAST 50 LINES OF WATCHDOG LOG
# RESOURCE USAGE SUMMARY FOR PROCESS ID 13292
USER       PID %CPU %MEM    VSZ   RSS TTY      STAT START   TIME COMMAND
cms078   13292  0.2  0.0   8956  1484 ?        R    02:31   0:00 /bin/sh /home/cms078/home_creur_308577088/CREAM308577088/glide_gZ6397/execute/dir_12830/condor_exec.exe 43 1
 
# LIMITS USED BY THIS WATCHDOG:
# RSS  (KBytes)  : 2300000
# VSZ  (KBytes)  : 100000000
# DISK (MBytes)  : 19000
# CPU  (seconds) : 171600
# WALL (seconds) : 171600
 
# FOLLOWING PRINTOUT TRACKS MAXIMUM VALUES OF RESOURCES USE
# ONE LINE IS PRINTED EACH TIME A MAXIMUM CHANGES
# IF CHANGE WAS IN RSS OR VSZ ALSO PROCID AND COMMAND ARE PRINTED
# THERE IS NO PRINTOUT FOR CPU/WALL TIME INCREASE
 
# TIME			PID	RSS(KB)	VSZ(KB)	Dsk(MB)	tCPU(s)	tWALL(s)	COMMAND
 Nov 27 02:31:22 EET	6255	1320	8896	0	0	942	-bash         
 Nov 27 02:31:22 EET	6284	1488	8952	0	0	942	/bin/sh -l ./CREAM308577088_jobWrapper.sh       
 Nov 27 02:31:22 EET	6344	2676	25504	0	0	942	perl -e ?use Socket;??sub send_notify {? $cream_url = "193.40.150.134:49152";die "No
 Nov 27 02:31:22 EET	10846	5956	25504	0	0	928	/home/cms078/home_creur_308577088/CREAM308577088/glide_gZ6397/main/condor/sbin/condor_master -f -pidfile /home/cms078/home_creur_308577088/CREAM308577088/glide_gZ6397/condor_master2.pid      
 Nov 27 02:31:22 EET	---	5956	25504	168	----	----	----
 Nov 27 02:32:33 EET	21256	354796	555620	168	15	60	cmsRun -j /home/cms078/home_creur_308577088/CREAM308577088/glide_gZ6397/execute/dir_12830/crab_fjr_43.xml -p pset.py     
 Nov 27 02:33:39 EET	21256	359412	557668	168	56	128	cmsRun -j /home/cms078/home_creur_308577088/CREAM308577088/glide_gZ6397/execute/dir_12830/crab_fjr_43.xml -p pset.py     
 Nov 27 02:34:48 EET	21256	360112	558436	168	99	195	cmsRun -j /home/cms078/home_creur_308577088/CREAM308577088/glide_gZ6397/execute/dir_12830/crab_fjr_43.xml -p pset.py     
 Nov 27 02:38:05 EET	21256	360352	560228	168	223	390	cmsRun -j /home/cms078/home_creur_308577088/CREAM308577088/glide_gZ6397/execute/dir_12830/crab_fjr_43.xml -p pset.py     
 Nov 27 02:39:10 EET	---	360352	560228	169	----	----	----
********** WATCHDOG LOG ENDED
ZIPPING WATCHDOG LOG
Disk space used:
du -sh /home/cms078/home_creur_308577088/CREAM308577088/glide_gZ6397/execute/dir_12830
169M	/home/cms078/home_creur_308577088/CREAM308577088/glide_gZ6397/execute/dir_12830
>>> info for dashboard:
***** Cat /home/cms078/home_creur_308577088/CREAM308577088/glide_gZ6397/execute/dir_12830/jobreport.txt *****
MonitorJobID=43_https://submit-2.t2.ucsd.edu//121127//17531.42
MonitorID=liis_crab_0_121127_013010_p7r30o
ExeTime=397
ExeExitCode=0
CrabUserCpuTime=220.11
CrabSysCpuTime=8.31
CrabCpuPercentage=57%
CrabWrapperTime=600
CrabStageoutTime=NULL
***** End Cat jobreport *****
Parameters sent to Dashboard.
optHistograms_43_1_Ijd.root
crab_fjr_43.xml
CMSSW_43.stdout
CMSSW_43.stderr
Watchdog_43.log.gz
tar: .BrokerInfo: Cannot stat: No such file or directory
tar: Error exit delayed from previous errors
Total Output dimension: 27384
WARNING: output files size limit is set to: 50000000
Total Output dimension 27384 is fine.
JOB_EXIT_STATUS = 0
>>> info for dashboard:
***** Cat /home/cms078/home_creur_308577088/CREAM308577088/glide_gZ6397/execute/dir_12830/jobreport.txt *****
MonitorJobID=43_https://submit-2.t2.ucsd.edu//121127//17531.42
MonitorID=liis_crab_0_121127_013010_p7r30o
JobExitCode=0
***** End Cat jobreport *****
Parameters sent to Dashboard.
optHistograms_43_1_Ijd.root
crab_fjr_43.xml
