This script was generated by crab (version 2.8.3).
Running /home/cms016/home_crmrs_343893848/CREAM343893848/glide_w29937/execute/dir_7762/condor_exec.exe with 2 positional parameters: 4 1
Today is Tue Nov 27 02:31:07 EET 2012
Job submitted on host wn-v-3188.local
Linux wn-v-3188.local 2.6.32-042stab059.7 #1 SMP Tue Jul 24 19:12:01 MSK 2012 x86_64 x86_64 x86_64 GNU/Linux
>>> current directory (RUNTIME_AREA): /home/cms016/home_crmrs_343893848/CREAM343893848/glide_w29937/execute/dir_7762
>>> current user: uid=11016(cms016) gid=1400(cms) groups=1400(cms)
>>> voms proxy information:
subject   : /DC=ch/DC=cern/OU=Organic Units/OU=Users/CN=liis/CN=663550/CN=Liis Rebane/CN=proxy/CN=limited proxy
issuer    : /DC=ch/DC=cern/OU=Organic Units/OU=Users/CN=liis/CN=663550/CN=Liis Rebane/CN=proxy
identity  : /DC=ch/DC=cern/OU=Organic Units/OU=Users/CN=liis/CN=663550/CN=Liis Rebane/CN=proxy
type      : limited proxy
strength  : 512 bits
path      : /home/cms016/home_crmrs_343893848/CREAM343893848/glide_w29937/execute/dir_7762/x509up_u1000009
timeleft  : 23:58:49
key usage : Digital Signature, Key Encipherment, Data Encipherment
=== VO cms extension information ===
VO        : cms
subject   : /DC=ch/DC=cern/OU=Organic Units/OU=Users/CN=liis/CN=663550/CN=Liis Rebane
issuer    : /DC=ch/DC=cern/OU=computers/CN=lcg-voms.cern.ch
attribute : /cms/Role=NULL/Capability=NULL
timeleft  : 190:54:30
uri       : lcg-voms.cern.ch:15002
>>> tar xzf /home/cms016/home_crmrs_343893848/CREAM343893848/glide_w29937/execute/dir_7762/default.tgz :
Successful untar
>>> Include /home/cms016/home_crmrs_343893848/CREAM343893848/glide_w29937/execute/dir_7762 in PYTHONPATH:
strip arguments
env var CRAB_UNIQUE_JOB_ID set to: liis_crab_0_121127_013010_p7r30o_4_1_mW8
out_files_4
>>> list of expected files on output sandbox
output files: optHistograms_4_1_mW8.root crab_fjr_4.xml CMSSW_4.stdout CMSSW_4.stderr Watchdog_4.log.gz
>>> GridFlavour discovery: 
GridFlavour=LCG
>>> SyncSite discovery: 
SyncSite=T2_EE_Estonia
>>> SyncCE discovery: 
getting SyncCE from CE_ID
SyncCE=mars.hep.kbfi.ee:8443/cream-pbs-long
>>> info for dashboard:
***** Cat /home/cms016/home_crmrs_343893848/CREAM343893848/glide_w29937/execute/dir_7762/jobreport.txt *****
MonitorJobID=4_https://submit-2.t2.ucsd.edu//121127//17531.3
SyncGridJobId=https://submit-2.t2.ucsd.edu//121127//17531.3
MonitorID=liis_crab_0_121127_013010_p7r30o
GridFlavour=LCG
SyncSite=T2_EE_Estonia
SyncCE=mars.hep.kbfi.ee:8443/cream-pbs-long
***** End Cat jobreport *****
Parameters sent to Dashboard.
>>> setup environment
set SCRAM ARCH to slc5_amd64_gcc462
SCRAM_ARCH = slc5_amd64_gcc462
>>> setup CMS LCG environment:
set SCRAM ARCH and BUILD_ARCH to slc5_amd64_gcc462 ###
Sourcing environment... 
sourcing /cvmfs/cms.cern.ch/cmsset_default.sh
==> setup cms environment ok
>>> specific cmssw setup environment:
CMSSW_VERSION =  CMSSW_5_3_5
>>> current directory (SOFTWARE_DIR): /home/cms016/home_crmrs_343893848/CREAM343893848/glide_w29937/execute/dir_7762/CMSSW_5_3_5
PreserveSeeds: <>
IncrementSeeds:<>
{}
WNHostName=wn-v-3188.local
>>> info for dashboard:
***** Cat /home/cms016/home_crmrs_343893848/CREAM343893848/glide_w29937/execute/dir_7762/jobreport.txt *****
MonitorJobID=4_https://submit-2.t2.ucsd.edu//121127//17531.3
MonitorID=liis_crab_0_121127_013010_p7r30o
WNHostName=wn-v-3188.local
***** End Cat jobreport *****
Parameters sent to Dashboard.
crabWatchdog started as process 7957
>>> moving CMSSW software directories in /home/cms016/home_crmrs_343893848/CREAM343893848/glide_w29937/execute/dir_7762/CMSSW_5_3_5
mv: cannot stat `/home/cms016/home_crmrs_343893848/CREAM343893848/glide_w29937/execute/dir_7762/module/': No such file or directory
>>> Include /home/cms016/home_crmrs_343893848/CREAM343893848/glide_w29937/execute/dir_7762 in PYTHONPATH:
PYTHONPATH=/home/cms016/home_crmrs_343893848/CREAM343893848/glide_w29937/execute/dir_7762/:/home/cms016/home_crmrs_343893848/CREAM343893848/glide_w29937/execute/dir_7762/CMSSW_5_3_5/python:/home/cms016/home_crmrs_343893848/CREAM343893848/glide_w29937/execute/dir_7762/CMSSW_5_3_5/lib/slc5_amd64_gcc462:/cvmfs/cms.cern.ch/slc5_amd64_gcc462/cms/cmssw/CMSSW_5_3_5/python:/cvmfs/cms.cern.ch/slc5_amd64_gcc462/cms/cmssw/CMSSW_5_3_5/lib/slc5_amd64_gcc462:/cvmfs/cms.cern.ch/slc5_amd64_gcc462/cms/coral/CORAL_2_3_21-cms27/slc5_amd64_gcc462/python:/cvmfs/cms.cern.ch/slc5_amd64_gcc462/cms/coral/CORAL_2_3_21-cms27/slc5_amd64_gcc462/lib:/cvmfs/cms.cern.ch/slc5_amd64_gcc462/external/pyqt/4.8.1/lib/python2.6/site-packages:/cvmfs/cms.cern.ch/slc5_amd64_gcc462/external/py2-scipy/0.8.0/lib/python2.6/site-packages:/cvmfs/cms.cern.ch/slc5_amd64_gcc462/external/py2-matplotlib/1.0.1/lib/python2.6/site-packages:/cvmfs/cms.cern.ch/slc5_amd64_gcc462/external/python-ldap/2.3.5/lib/python2.6/site-packages:/cvmfs/cms.cern.ch/slc5_amd64_gcc462/external/sip/4.11.2/lib/python2.6/site-packages:/cvmfs/cms.cern.ch/slc5_amd64_gcc462/external/py2-pycurl/7.19.0/lib/python2.6/site-packages:/cvmfs/cms.cern.ch/slc5_amd64_gcc462/external/py2-numpy/1.6.1/lib/python2.6/site-packages:/cvmfs/cms.cern.ch/slc5_amd64_gcc462/external/py2-ipython/0.10/lib/python2.6/site-packages:/cvmfs/cms.cern.ch/slc5_amd64_gcc462/external/py2-cx-oracle/5.1-cms11/lib/python2.6/site-packages:/cvmfs/cms.cern.ch/slc5_amd64_gcc462/external/py2-cjson/1.0.5/lib/python2.6/site-packages:/cvmfs/cms.cern.ch/slc5_amd64_gcc462/cms/das-client/1.4.1-cms8/bin:/cvmfs/cms.cern.ch/slc5_amd64_gcc462/external/elementtree/1.2.6/share/lib/python2.6/site-packages:/cvmfs/cms.cern.ch/slc5_amd64_gcc462/external/rivet/1.5.1-cms10/lib/python2.6/site-packages:/cvmfs/cms.cern.ch/slc5_amd64_gcc462/external/pyminuit2/0.0.1-cms34/lib/python2.6/site-packages:/cvmfs/cms.cern.ch/slc5_amd64_gcc462/external/professor/1.0.0-cms35/lib/python2.6/site-packages:/cvmfs/cms.cern.ch/slc5_amd64_gcc462/lcg/root/5.32.00-cms18/lib:/cvmfs/cms.cern.ch/slc5_amd64_gcc462/cms/dbs-client/DBS_2_1_1_patch1_1/lib:/cvmfs/cms.cern.ch/slc5_amd64_gcc462/cms/dbs-client/DBS_2_1_1_patch1_1/lib/DBSAPI:/home/cms016/home_crmrs_343893848/CREAM343893848/glide_w29937/execute/dir_7762/
241a2a19cb7c5c8751ba22759ab3bdb0
PSETHASH = 241a2a19cb7c5c8751ba22759ab3bdb0
/home/cms016/home_crmrs_343893848/CREAM343893848/glide_w29937/execute/dir_7762/writeCfg.py pset.py pset.py
Importing .py file
Setting parameters
inputBlocks=/QCD_Pt_80_170_EMEnriched_TuneZ2star_8TeV_pythia6/mario-Summer12-stop-pfele-step1-3d176ac8da5e9dff208d057f4733ca91/USER#1edbd789-8e01-4834-bf44-0c1d693a4b92
inputFiles=/store/user/mario/QCD_Pt_80_170_EMEnriched_TuneZ2star_8TeV_pythia6/Summer12-stop-pfele-step1/3d176ac8da5e9dff208d057f4733ca91/tuple_104_3_rlK.root;/store/user/mario/QCD_Pt_80_170_EMEnriched_TuneZ2star_8TeV_pythia6/Summer12-stop-pfele-step1/3d176ac8da5e9dff208d057f4733ca91/tuple_105_2_XJH.root;/store/user/mario/QCD_Pt_80_170_EMEnriched_TuneZ2star_8TeV_pythia6/Summer12-stop-pfele-step1/3d176ac8da5e9dff208d057f4733ca91/tuple_106_2_AOL.root;/store/user/mario/QCD_Pt_80_170_EMEnriched_TuneZ2star_8TeV_pythia6/Summer12-stop-pfele-step1/3d176ac8da5e9dff208d057f4733ca91/tuple_107_1_M8w.root;/store/user/mario/QCD_Pt_80_170_EMEnriched_TuneZ2star_8TeV_pythia6/Summer12-stop-pfele-step1/3d176ac8da5e9dff208d057f4733ca91/tuple_108_5_TBR.root
parentFiles=
lumisRange=
>>> Executable cmsRun
/cvmfs/cms.cern.ch/slc5_amd64_gcc462/cms/cmssw/CMSSW_5_3_5/bin/slc5_amd64_gcc462/cmsRun
ok executable found
>>> info for dashboard:
***** Cat /home/cms016/home_crmrs_343893848/CREAM343893848/glide_w29937/execute/dir_7762/jobreport.txt *****
MonitorJobID=4_https://submit-2.t2.ucsd.edu//121127//17531.3
MonitorID=liis_crab_0_121127_013010_p7r30o
ExeStart=cmsRun
***** End Cat jobreport *****
Parameters sent to Dashboard.
>>> cmsRun started at Tue Nov 27 00:31:34 UTC 2012
>>> cmsRun ended at Tue Nov 27 00:37:56 UTC 2012
>>> info for dashboard:
***** Cat /home/cms016/home_crmrs_343893848/CREAM343893848/glide_w29937/execute/dir_7762/jobreport.txt *****
MonitorJobID=4_https://submit-2.t2.ucsd.edu//121127//17531.3
MonitorID=liis_crab_0_121127_013010_p7r30o
ExeEnd=cmsRun
***** End Cat jobreport *****
Parameters sent to Dashboard.
TIME_EXE = 382 sec
>>> cmsRun wrote 103 lines of stdout+stderr
>>> START OF printout of 103 lines from stdout+stderr
27-Nov-2012 02:32:04 EET  Initiating request to open file file:/hdfs/cms/store/user/mario/QCD_Pt_80_170_EMEnriched_TuneZ2star_8TeV_pythia6/Summer12-stop-pfele-step1/3d176ac8da5e9dff208d057f4733ca91/tuple_104_3_rlK.root
27-Nov-2012 02:32:12 EET  Successfully opened file file:/hdfs/cms/store/user/mario/QCD_Pt_80_170_EMEnriched_TuneZ2star_8TeV_pythia6/Summer12-stop-pfele-step1/3d176ac8da5e9dff208d057f4733ca91/tuple_104_3_rlK.root
Begin processing the 1st record. Run 1, Event 134370959, LumiSection 43096 at 27-Nov-2012 02:32:25.748 EET
Begin processing the 1001st record. Run 1, Event 183935794, LumiSection 58992 at 27-Nov-2012 02:32:33.073 EET
Begin processing the 2001st record. Run 1, Event 190646865, LumiSection 61144 at 27-Nov-2012 02:32:36.134 EET
Begin processing the 3001st record. Run 1, Event 194788598, LumiSection 62473 at 27-Nov-2012 02:32:40.845 EET
Begin processing the 4001st record. Run 1, Event 1434189, LumiSection 460 at 27-Nov-2012 02:32:43.647 EET
Begin processing the 5001st record. Run 1, Event 32153873, LumiSection 10313 at 27-Nov-2012 02:32:50.419 EET
Begin processing the 6001st record. Run 1, Event 42809803, LumiSection 13730 at 27-Nov-2012 02:32:53.654 EET
Begin processing the 7001st record. Run 1, Event 59316664, LumiSection 19024 at 27-Nov-2012 02:32:56.806 EET
Begin processing the 8001st record. Run 1, Event 204322570, LumiSection 65531 at 27-Nov-2012 02:33:02.707 EET
Begin processing the 9001st record. Run 1, Event 68323317, LumiSection 21913 at 27-Nov-2012 02:33:06.915 EET
Begin processing the 10001st record. Run 1, Event 71869766, LumiSection 23050 at 27-Nov-2012 02:33:12.032 EET
Begin processing the 11001st record. Run 1, Event 82106009, LumiSection 26333 at 27-Nov-2012 02:33:15.083 EET
Begin processing the 12001st record. Run 1, Event 126170432, LumiSection 40466 at 27-Nov-2012 02:33:18.039 EET
Begin processing the 13001st record. Run 1, Event 179737156, LumiSection 57646 at 27-Nov-2012 02:33:22.546 EET
Begin processing the 14001st record. Run 1, Event 189005347, LumiSection 60618 at 27-Nov-2012 02:33:25.497 EET
Begin processing the 15001st record. Run 1, Event 194964734, LumiSection 62529 at 27-Nov-2012 02:33:29.302 EET
Begin processing the 16001st record. Run 1, Event 197777597, LumiSection 63431 at 27-Nov-2012 02:33:32.205 EET
27-Nov-2012 02:33:33 EET  Closed file file:/hdfs/cms/store/user/mario/QCD_Pt_80_170_EMEnriched_TuneZ2star_8TeV_pythia6/Summer12-stop-pfele-step1/3d176ac8da5e9dff208d057f4733ca91/tuple_104_3_rlK.root
27-Nov-2012 02:33:33 EET  Initiating request to open file file:/hdfs/cms/store/user/mario/QCD_Pt_80_170_EMEnriched_TuneZ2star_8TeV_pythia6/Summer12-stop-pfele-step1/3d176ac8da5e9dff208d057f4733ca91/tuple_105_2_XJH.root
27-Nov-2012 02:33:33 EET  Successfully opened file file:/hdfs/cms/store/user/mario/QCD_Pt_80_170_EMEnriched_TuneZ2star_8TeV_pythia6/Summer12-stop-pfele-step1/3d176ac8da5e9dff208d057f4733ca91/tuple_105_2_XJH.root
Begin processing the 17001st record. Run 1, Event 201880270, LumiSection 64747 at 27-Nov-2012 02:33:48.722 EET
Begin processing the 18001st record. Run 1, Event 204814292, LumiSection 65688 at 27-Nov-2012 02:33:51.725 EET
Begin processing the 19001st record. Run 1, Event 219256075, LumiSection 70320 at 27-Nov-2012 02:33:57.523 EET
Begin processing the 20001st record. Run 1, Event 225200701, LumiSection 72227 at 27-Nov-2012 02:34:00.403 EET
Begin processing the 21001st record. Run 1, Event 73803717, LumiSection 23671 at 27-Nov-2012 02:34:03.678 EET
Begin processing the 22001st record. Run 1, Event 92138619, LumiSection 29551 at 27-Nov-2012 02:34:09.319 EET
Begin processing the 23001st record. Run 1, Event 117141058, LumiSection 37570 at 27-Nov-2012 02:34:12.368 EET
Begin processing the 24001st record. Run 1, Event 131455930, LumiSection 42161 at 27-Nov-2012 02:34:18.097 EET
Begin processing the 25001st record. Run 1, Event 116098044, LumiSection 37235 at 27-Nov-2012 02:34:21.336 EET
Begin processing the 26001st record. Run 1, Event 117737676, LumiSection 37761 at 27-Nov-2012 02:34:24.544 EET
Begin processing the 27001st record. Run 1, Event 82976250, LumiSection 26613 at 27-Nov-2012 02:34:29.253 EET
Begin processing the 28001st record. Run 1, Event 115457297, LumiSection 37030 at 27-Nov-2012 02:34:32.271 EET
Begin processing the 29001st record. Run 1, Event 131751629, LumiSection 42256 at 27-Nov-2012 02:34:37.473 EET
Begin processing the 30001st record. Run 1, Event 136285184, LumiSection 43710 at 27-Nov-2012 02:34:40.687 EET
Begin processing the 31001st record. Run 1, Event 139621166, LumiSection 44780 at 27-Nov-2012 02:34:44.563 EET
Begin processing the 32001st record. Run 1, Event 147226468, LumiSection 47219 at 27-Nov-2012 02:34:47.621 EET
27-Nov-2012 02:34:48 EET  Closed file file:/hdfs/cms/store/user/mario/QCD_Pt_80_170_EMEnriched_TuneZ2star_8TeV_pythia6/Summer12-stop-pfele-step1/3d176ac8da5e9dff208d057f4733ca91/tuple_105_2_XJH.root
27-Nov-2012 02:34:48 EET  Initiating request to open file file:/hdfs/cms/store/user/mario/QCD_Pt_80_170_EMEnriched_TuneZ2star_8TeV_pythia6/Summer12-stop-pfele-step1/3d176ac8da5e9dff208d057f4733ca91/tuple_106_2_AOL.root
27-Nov-2012 02:34:49 EET  Successfully opened file file:/hdfs/cms/store/user/mario/QCD_Pt_80_170_EMEnriched_TuneZ2star_8TeV_pythia6/Summer12-stop-pfele-step1/3d176ac8da5e9dff208d057f4733ca91/tuple_106_2_AOL.root
Begin processing the 33001st record. Run 1, Event 197950287, LumiSection 63487 at 27-Nov-2012 02:35:01.446 EET
Begin processing the 34001st record. Run 1, Event 216943402, LumiSection 69578 at 27-Nov-2012 02:35:04.513 EET
Begin processing the 35001st record. Run 1, Event 224272871, LumiSection 71929 at 27-Nov-2012 02:35:09.109 EET
Begin processing the 36001st record. Run 1, Event 126512903, LumiSection 40576 at 27-Nov-2012 02:35:12.089 EET
Begin processing the 37001st record. Run 1, Event 135601622, LumiSection 43490 at 27-Nov-2012 02:35:14.936 EET
Begin processing the 38001st record. Run 1, Event 145247879, LumiSection 46584 at 27-Nov-2012 02:35:19.646 EET
Begin processing the 39001st record. Run 1, Event 152249962, LumiSection 48830 at 27-Nov-2012 02:35:22.798 EET
Begin processing the 40001st record. Run 1, Event 163796405, LumiSection 52533 at 27-Nov-2012 02:35:27.558 EET
Begin processing the 41001st record. Run 1, Event 171986482, LumiSection 55160 at 27-Nov-2012 02:35:30.710 EET
Begin processing the 42001st record. Run 1, Event 178552853, LumiSection 57266 at 27-Nov-2012 02:35:33.672 EET
Begin processing the 43001st record. Run 1, Event 79640867, LumiSection 25543 at 27-Nov-2012 02:35:40.920 EET
Begin processing the 44001st record. Run 1, Event 81767418, LumiSection 26225 at 27-Nov-2012 02:35:43.668 EET
Begin processing the 45001st record. Run 1, Event 105051138, LumiSection 33692 at 27-Nov-2012 02:35:48.244 EET
Begin processing the 46001st record. Run 1, Event 113975209, LumiSection 36554 at 27-Nov-2012 02:35:51.280 EET
Begin processing the 47001st record. Run 1, Event 128285751, LumiSection 41144 at 27-Nov-2012 02:35:54.267 EET
Begin processing the 48001st record. Run 1, Event 134950242, LumiSection 43282 at 27-Nov-2012 02:35:58.115 EET
27-Nov-2012 02:36:00 EET  Closed file file:/hdfs/cms/store/user/mario/QCD_Pt_80_170_EMEnriched_TuneZ2star_8TeV_pythia6/Summer12-stop-pfele-step1/3d176ac8da5e9dff208d057f4733ca91/tuple_106_2_AOL.root
27-Nov-2012 02:36:00 EET  Initiating request to open file file:/hdfs/cms/store/user/mario/QCD_Pt_80_170_EMEnriched_TuneZ2star_8TeV_pythia6/Summer12-stop-pfele-step1/3d176ac8da5e9dff208d057f4733ca91/tuple_107_1_M8w.root
27-Nov-2012 02:36:00 EET  Successfully opened file file:/hdfs/cms/store/user/mario/QCD_Pt_80_170_EMEnriched_TuneZ2star_8TeV_pythia6/Summer12-stop-pfele-step1/3d176ac8da5e9dff208d057f4733ca91/tuple_107_1_M8w.root
Begin processing the 49001st record. Run 1, Event 189754294, LumiSection 60858 at 27-Nov-2012 02:36:17.961 EET
Begin processing the 50001st record. Run 1, Event 88094713, LumiSection 28254 at 27-Nov-2012 02:36:21.866 EET
Begin processing the 51001st record. Run 1, Event 89060003, LumiSection 28564 at 27-Nov-2012 02:36:25.317 EET
Begin processing the 52001st record. Run 1, Event 121133299, LumiSection 38850 at 27-Nov-2012 02:36:32.874 EET
Begin processing the 53001st record. Run 1, Event 123963032, LumiSection 39758 at 27-Nov-2012 02:36:36.096 EET
Begin processing the 54001st record. Run 1, Event 127398784, LumiSection 40860 at 27-Nov-2012 02:36:41.448 EET
Begin processing the 55001st record. Run 1, Event 130611450, LumiSection 41890 at 27-Nov-2012 02:36:44.697 EET
Begin processing the 56001st record. Run 1, Event 163868051, LumiSection 52556 at 27-Nov-2012 02:36:48.013 EET
Begin processing the 57001st record. Run 1, Event 33181951, LumiSection 10643 at 27-Nov-2012 02:36:52.975 EET
Begin processing the 58001st record. Run 1, Event 70702269, LumiSection 22676 at 27-Nov-2012 02:36:56.142 EET
Begin processing the 59001st record. Run 1, Event 106493819, LumiSection 34155 at 27-Nov-2012 02:37:01.497 EET
Begin processing the 60001st record. Run 1, Event 121294526, LumiSection 38902 at 27-Nov-2012 02:37:04.751 EET
Begin processing the 61001st record. Run 1, Event 121382244, LumiSection 38930 at 27-Nov-2012 02:37:09.669 EET
Begin processing the 62001st record. Run 1, Event 127036196, LumiSection 40743 at 27-Nov-2012 02:37:13.293 EET
Begin processing the 63001st record. Run 1, Event 190996012, LumiSection 61256 at 27-Nov-2012 02:37:16.356 EET
Begin processing the 64001st record. Run 1, Event 206166285, LumiSection 66122 at 27-Nov-2012 02:37:20.701 EET
27-Nov-2012 02:37:23 EET  Closed file file:/hdfs/cms/store/user/mario/QCD_Pt_80_170_EMEnriched_TuneZ2star_8TeV_pythia6/Summer12-stop-pfele-step1/3d176ac8da5e9dff208d057f4733ca91/tuple_107_1_M8w.root
27-Nov-2012 02:37:23 EET  Initiating request to open file file:/hdfs/cms/store/user/mario/QCD_Pt_80_170_EMEnriched_TuneZ2star_8TeV_pythia6/Summer12-stop-pfele-step1/3d176ac8da5e9dff208d057f4733ca91/tuple_108_5_TBR.root
27-Nov-2012 02:37:23 EET  Successfully opened file file:/hdfs/cms/store/user/mario/QCD_Pt_80_170_EMEnriched_TuneZ2star_8TeV_pythia6/Summer12-stop-pfele-step1/3d176ac8da5e9dff208d057f4733ca91/tuple_108_5_TBR.root
Begin processing the 65001st record. Run 1, Event 213728109, LumiSection 68547 at 27-Nov-2012 02:37:34.858 EET
Begin processing the 66001st record. Run 1, Event 116891245, LumiSection 37490 at 27-Nov-2012 02:37:38.226 EET
Begin processing the 67001st record. Run 1, Event 116880465, LumiSection 37486 at 27-Nov-2012 02:37:41.373 EET
Begin processing the 68001st record. Run 1, Event 82699076, LumiSection 26524 at 27-Nov-2012 02:37:47.671 EET
Begin processing the 69001st record. Run 1, Event 87753954, LumiSection 28145 at 27-Nov-2012 02:37:50.757 EET
27-Nov-2012 02:37:54 EET  Closed file file:/hdfs/cms/store/user/mario/QCD_Pt_80_170_EMEnriched_TuneZ2star_8TeV_pythia6/Summer12-stop-pfele-step1/3d176ac8da5e9dff208d057f4733ca91/tuple_108_5_TBR.root

=============================================

MessageLogger Summary

 type     category        sev    module        subroutine        count    total
 ---- -------------------- -- ---------------- ----------------  -----    -----
    1 fileAction           -s file_close                             5        5
    2 fileAction           -s file_open                             10       10

 type    category    Examples: run/evt        run/evt          run/evt
 ---- -------------------- ---------------- ---------------- ----------------
    1 fileAction           PostProcessEvent PostProcessEvent PostEndRun
    2 fileAction           pre-events       pre-events       PostProcessEvent

Severity    # Occurrences   Total Occurrences
--------    -------------   -----------------
System                 15                  15
>>> END OF printout of 103 lines from stdout+stderr
>>> Parse FrameworkJobReport crab_fjr.xml
Result of parsing the FrameworkJobReport crab_fjr.xml: Popularity start
lumisRange : 1::53,460,1782,5862,7048,7510,8266,9956,10203,10313,10322,10426,11030,11038,11223,11225,12655,12695,12926,13412,13730-13731,13791,14061,15640,15749,16082,16085,17411,19020,19024,19030,19048,19051,19076-19077,19092,19107,19113,19447,19559,19643,20002,20696,20977,21852,21870,21881,21883,21893,21913,21938-21939,22077,22626,22628-22629,22697,22974,23050,23307,23400,23635,23641,23735-23736,23827,24246,26278,26333,26589,26924,27008,27106,27173,36393,36400,36410,37986,38279,38946,40466,43096,43898,45048,47191,47285,47323,55269,55461,55629,56243-56244,56557,56603,56709,57646,57722,57798,58117,58293,58590,58989,58992,59982,60164-60165,60252,60255,60328,60383,60483,60618,60625,60677,60696,60862,60999-61000,61043,61053,61098,61100,61144,61198,61204,61212,61255,61475,61869,62116-62117,62169,62222,62267,62316,62380,62413,62473,62529,62586,62595,62698,62754,62758,62864,63157,63215,63280,63377,63420,63431,63580,63623,63628-63629,63675,63731,63818,63888,64290,64637,64743,64746,64895,65531,66466,66591,68029::1;1::214,6325,6873,8333,9341,9821,10643,11249,12633,12830,16320,16737,19830,20274,22583,22676,22951,24139,26255,26523,26906,27172,28138,28140-28141,28168,28214,28216,28230,28254,28256,28320,28334,28408,28432,28539,28548,28564,28959,29006,29044,29111,29422,31279,31290,31299,31305,31312,34104,34155,34258,34264,36127,36356,36478,36483,36508,36521,36610,38038,38144,38207,38400,38614,38692,38780,38849-38850,38902,38904-38905,38907,38915,38917,38925,38930,38935-38936,38940,38951,38983,38993,39000,39002,39013-39014,39018,39331,39358,39377,39476,39490,39581-39582,39739,39747,39749,39752,39758,40178,40608,40682,40743,40777,40847,40856,40859-40860,40875,41264-41265,41300,41829,41835,41842,41846,41849,41851,41853,41857,41859,41866,41869-41870,41872,41888,41890,42891,42958,42974,43089,43724,44374,46793,46795,52545,52556,52559,53056,53364,53725,56791,57634,60617,60858,61140,61256,61452,62308,62375,62475,62522,64928,65193-65194,65466,65700,66122,66551,66957,67144,67199,67206,68033,68365,68439,68647,68910,69114,70122::2;1::22098,22167,22771,23097,23332,23671,23936,23940,24012,24750,24779,24822,26365,26613,27041,27043,28565,29505,29509,29551,29563,30508,32364,33017,33788,33916,33950,34124,35086,35305,35460,36721,36838,36911,36994,37030,37072,37107,37170,37227,37235,37243,37264,37297,37347,37365,37385,37391,37393,37408,37420,37424,37450,37504,37510,37556,37566,37570,37596-37597,37712,37718,37749,37757,37761,37783,38113,38172,38898-38899,40943,42027,42086-42087,42104,42161-42162,42256,42385-42386,42450,42582,42631,42712-42713,42770,42801,43067,43394,43624,43708,43710,44177,44179,44182-44183,44569,44572,44629,44666,44711,44723,44780,44828,45004,45009,45158,45161,45749,45841,45965,46088,46571,46789,46806,46814,46864,47111,47219,47226,47234,47242,47280,47421,57341,63888,63904,63981,64162,64233,64262,64747,64840,65017,65021,65105,65198,65448,65478,65583,65635,65688,65690,66380,66811,67007,67013,67016,68071,68287,69577,70169,70320,70363,71186,71379,71417,71466,71500,71503,71548,71985,71992-71993,72162,72227,72453::3;1::12631,13085,14727,22714,23333,24217,24547,24558,24924,24969,25543,25571,25612,25707,25736,25772,26148,26216,26224-26225,26608,28124,29043,29055,31304,31307,32369,33529,33692,33848,34076,35741,36499,36509,36515,36524,36539,36554,36557,36562,36564,36582,36586,36620,37075,37077,37188,37219,37310,37353,39603,39907,40530,40576,41144,41205,41399-41400,41606,41832,41836,41993,42009,42138,42151,42412,42703,42913,43060,43065,43282,43389,43490,43518,43691,43705,43709,43921,43948,43971,44548,46503,46577,46584,46602,46623,46632,46685,46713,46716,46790,46805,46867,47214,47242,47268,47326,47333,48733,48753,48830,48836,48868,49163,49349,49436,50611,50842,51613,51658,51735,52007,52533,52540,52542,52864,53070-53072,53117,53204,53220,53635,53697,55160,55291,55328,55358,55886,56005,56170,56425,56479,56553,56626,56791,57266,57675,59164,60687,60750,60910,63487,63490,63730,64960,65096,65634,65698,66525,68715,68848,69234,69578,69900,69902,70768,70819,70858-70859,70973,71524,71718,71928-71929,72240,72248,72282,72706::4;1::23334,23435,24422,25130,25273,25926,26524,27012,27240,27253,28106,28119,28121,28136,28145,28150,28197,28498,28517,29040,31309,34087,34664,35261-35262,36502,36575,36628,36776,36855,37089,37171,37182,37269,37272-37273,37338,37351,37361,37367,37433,37455,37483,37486,37490,37559,41025,42651,43648,66976,67181,68438-68439,68547::5;
lumisParentRange : 
Basename : /store/user/mario/QCD_Pt_80_170_EMEnriched_TuneZ2star_8TeV_pythia6/Summer12-stop-pfele-step1/3d176ac8da5e9dff208d057f4733ca91/tuple_10
BasenameParent : 
parentFiles : 
inputBlocks : /QCD_Pt_80_170_EMEnriched_TuneZ2star_8TeV_pythia6/mario-Summer12-stop-pfele-step1-3d176ac8da5e9dff208d057f4733ca91/USER#1edbd789-8e01-4834-bf44-0c1d693a4b92
inputFiles : 4_3_rlK.root::1::EDM::Local::1;7_1_M8w.root::1::EDM::Local::2;5_2_XJH.root::1::EDM::Local::3;6_2_AOL.root::1::EDM::Local::4;8_5_TBR.root::1::EDM::Local::5;
Popularity stop
Extracted ExitStatus from FrameworkJobReport parsing output: 0
>>> Executable succeded  0
ExeExitCode=0
EXECUTABLE_EXIT_STATUS = 0
>>> current directory /home/cms016/home_crmrs_343893848/CREAM343893848/glide_w29937/execute/dir_7762/CMSSW_5_3_5
>>>  (SOFTWARE_DIR): /home/cms016/home_crmrs_343893848/CREAM343893848/glide_w29937/execute/dir_7762/CMSSW_5_3_5
>>> (WORKING_DIR): 
>>> current directory content:
total 152
drwxr-xr-x 3 cms016 cms  4096 Nov 27 02:31 .SCRAM
-rw-r--r-- 1 cms016 cms 30066 Nov 27 02:31 CMSSW.py.pkl
drwxr-xr-x 3 cms016 cms  4096 Nov 27 02:31 bin
drwxr-xr-x 3 cms016 cms  4096 Nov 27 02:31 cfipython
drwxr-xr-x 5 cms016 cms  4096 Nov 27 02:31 config
-rw-r--r-- 1 cms016 cms    16 Nov 27 02:37 cpu_timing.txt
drwxr-xr-x 2 cms016 cms  4096 Nov 27 02:31 doc
-rw-r--r-- 1 cms016 cms 11716 Nov 27 02:37 executable.out
drwxr-xr-x 2 cms016 cms  4096 Nov 27 02:31 include
drwxrwxrwx 3 cms016 cms  4096 Oct 22 16:38 lib
drwxr-xr-x 3 cms016 cms  4096 Nov 27 02:31 logs
drwxr-xr-x 3 cms016 cms  4096 Nov 27 02:31 objs
-rw-r--r-- 1 cms016 cms 16976 Nov 27 02:37 optHistograms.root
-rw-r--r-- 1 cms016 cms   104 Nov 27 02:31 pset.py
-rw-r--r-- 1 cms016 cms 19495 Nov 27 02:31 pset.py.pkl
-rw-r--r-- 1 cms016 cms   289 Nov 27 02:31 pset.pyc
drwxr-xr-x 2 cms016 cms  4096 Nov 27 02:31 python
-rw-r--r-- 1 cms016 cms   414 Nov 27 02:38 report.log
drwxrwxrwx 4 cms016 cms  4096 Nov 27 02:31 src
drwxr-xr-x 3 cms016 cms  4096 Nov 27 02:31 test
drwxr-xr-x 3 cms016 cms  4096 Nov 27 02:31 tmp
>>> current directory /home/cms016/home_crmrs_343893848/CREAM343893848/glide_w29937/execute/dir_7762/CMSSW_5_3_5
>>> (SOFTWARE_DIR): /home/cms016/home_crmrs_343893848/CREAM343893848/glide_w29937/execute/dir_7762/CMSSW_5_3_5
>>> (WORKING_DIR): 
>>> current directory content:
total 132
drwxr-xr-x 3 cms016 cms  4096 Nov 27 02:31 .SCRAM
-rw-r--r-- 1 cms016 cms 30066 Nov 27 02:31 CMSSW.py.pkl
drwxr-xr-x 3 cms016 cms  4096 Nov 27 02:31 bin
drwxr-xr-x 3 cms016 cms  4096 Nov 27 02:31 cfipython
drwxr-xr-x 5 cms016 cms  4096 Nov 27 02:31 config
-rw-r--r-- 1 cms016 cms    16 Nov 27 02:37 cpu_timing.txt
drwxr-xr-x 2 cms016 cms  4096 Nov 27 02:31 doc
-rw-r--r-- 1 cms016 cms 11716 Nov 27 02:37 executable.out
drwxr-xr-x 2 cms016 cms  4096 Nov 27 02:31 include
drwxrwxrwx 3 cms016 cms  4096 Oct 22 16:38 lib
drwxr-xr-x 3 cms016 cms  4096 Nov 27 02:31 logs
drwxr-xr-x 3 cms016 cms  4096 Nov 27 02:31 objs
-rw-r--r-- 1 cms016 cms   104 Nov 27 02:31 pset.py
-rw-r--r-- 1 cms016 cms 19495 Nov 27 02:31 pset.py.pkl
-rw-r--r-- 1 cms016 cms   289 Nov 27 02:31 pset.pyc
drwxr-xr-x 2 cms016 cms  4096 Nov 27 02:31 python
-rw-r--r-- 1 cms016 cms   414 Nov 27 02:38 report.log
drwxrwxrwx 4 cms016 cms  4096 Nov 27 02:31 src
drwxr-xr-x 3 cms016 cms  4096 Nov 27 02:31 test
drwxr-xr-x 3 cms016 cms  4096 Nov 27 02:31 tmp
>>> current directory (RUNTIME_AREA):  /home/cms016/home_crmrs_343893848/CREAM343893848/glide_w29937/execute/dir_7762
>>> current dir: /home/cms016/home_crmrs_343893848/CREAM343893848/glide_w29937/execute/dir_7762
>>> current dir content:
total 25792
-rw-rw-rw-  1 cms016 cms     5565 Nov 27 02:30 .job.ad
-rw-rw-rw-  1 cms016 cms    11335 Nov 27 02:30 .machine.ad
-rw-rw-rw-  1 cms016 cms      105 Nov 27 01:30 CMSSW.py
-rw-rw-rw-  1 cms016 cms    30066 Nov 27 01:30 CMSSW.py.pkl
-rwxrw-rw-  1 cms016 cms    23339 Nov 27 02:31 CMSSW.sh
-rw-rw-rw-  1 cms016 cms        0 Nov 27 02:31 CMSSW_4.stderr
-rw-rw-rw-  1 cms016 cms    28089 Nov 27 02:38 CMSSW_4.stdout
drwxr-xr-x 15 cms016 cms     4096 Nov 27 02:38 CMSSW_5_3_5
-rw-r--r--  1 cms016 cms      346 Nov 27 02:31 CacheEnv.sh
-rw-rw-rw-  1 cms016 cms     7291 Jun  9  2010 DashboardAPI.py
-rw-r--r--  1 cms016 cms     6868 Nov 27 02:31 DashboardAPI.pyc
drwxrwxrwx  3 cms016 cms     4096 Nov 27 02:38 IMProv
-rw-rw-rw-  1 cms016 cms     2748 Mar  8  2006 Logger.py
-rw-r--r--  1 cms016 cms     3348 Nov 27 02:31 Logger.pyc
-rw-rw-rw-  1 cms016 cms    24524 Mar 28  2008 ProcInfo.py
-rw-r--r--  1 cms016 cms    23446 Nov 27 02:31 ProcInfo.pyc
drwxrwxrwx  7 cms016 cms     4096 Nov 27 02:31 ProdCommon
drwxrwxrwx  3 cms016 cms     4096 Nov 27 02:31 WMCore
-rw-r--r--  1 cms016 cms     2320 Nov 27 02:38 Watchdog_4.log
-rw-rw-rw-  1 cms016 cms    32895 Mar 28  2008 apmon.py
-rw-r--r--  1 cms016 cms    28845 Nov 27 02:31 apmon.pyc
-rw-rw-rw-  1 cms016 cms   104551 Nov 27 02:31 arguments.xml
-rwxrwxrwx  1 cms016 cms    37427 Sep 13 14:14 cmscp.py
-rwxrwxrwx  1 cms016 cms    23339 Nov 27 02:31 condor_exec.exe
-rw-rw-rw-  1 cms016 cms      545 Nov 27 01:30 crab.cfg
-rwxrwxrwx  1 cms016 cms     9531 Sep 20 21:46 crabWatchdog.sh
-rw-r--r--  1 cms016 cms    50118 Nov 27 02:37 crab_fjr_4.xml
-rw-rw-rw-  1 cms016 cms 25796294 Nov 27 02:31 default.tgz
-rwxrwxrwx  1 cms016 cms     4488 May 12  2012 fillCrabFjr.py
-rw-r--r--  1 cms016 cms      940 Nov 27 02:31 inputsReport.txt
-rw-r--r--  1 cms016 cms      130 Nov 27 02:38 jobreport.txt
lrwxrwxrwx  1 cms016 cms      105 Nov 27 02:38 optHistograms.root -> /home/cms016/home_crmrs_343893848/CREAM343893848/glide_w29937/execute/dir_7762/optHistograms_4_1_mW8.root
-rw-r--r--  1 cms016 cms    16976 Nov 27 02:37 optHistograms_4_1_mW8.root
-rw-rw-rw-  1 cms016 cms    17352 Jan 20  2012 parseCrabFjr.py
-rw-r--r--  1 cms016 cms      280 Nov 27 02:31 report.log
-rwxrwxrwx  1 cms016 cms     1497 May 27  2009 report.py
-rwxrwxrwx  1 cms016 cms     8387 Mar 23  2011 writeCfg.py
-rw-------  1 cms016 cms     8691 Nov 27 02:30 x509up_u1000009
Checking output files:  
will tar file optHistograms_4_1_mW8.root in  out_files_4
will tar file crab_fjr_4.xml in  out_files_4
will tar file CMSSW_4.stdout in  out_files_4
will tar file CMSSW_4.stderr in  out_files_4
WARNING: output file Watchdog_4.log.gz not found!
>>> padding time: Sleeping the wrapper for 174 seconds
STOPPING WATCHDOG. CrabWatchdog PID is 7957
********** LAST 50 LINES OF WATCHDOG LOG
# RESOURCE USAGE SUMMARY FOR PROCESS ID  7771
USER       PID %CPU %MEM    VSZ   RSS TTY      STAT START   TIME COMMAND
cms016    7771  0.1  0.0   8956  1488 ?        S    02:31   0:00 /bin/sh /home/cms016/home_crmrs_343893848/CREAM343893848/glide_w29937/execute/dir_7762/condor_exec.exe 4 1
 
# LIMITS USED BY THIS WATCHDOG:
# RSS  (KBytes)  : 2300000
# VSZ  (KBytes)  : 100000000
# DISK (MBytes)  : 19000
# CPU  (seconds) : 171600
# WALL (seconds) : 171600
 
# FOLLOWING PRINTOUT TRACKS MAXIMUM VALUES OF RESOURCES USE
# ONE LINE IS PRINTED EACH TIME A MAXIMUM CHANGES
# IF CHANGE WAS IN RSS OR VSZ ALSO PROCID AND COMMAND ARE PRINTED
# THERE IS NO PRINTOUT FOR CPU/WALL TIME INCREASE
 
# TIME			PID	RSS(KB)	VSZ(KB)	Dsk(MB)	tCPU(s)	tWALL(s)	COMMAND
 Nov 27 02:31:20 EET	1253	1344	8816	0	0	209	/bin/bash /home/cms016/home_crmrs_343893848/CREAM343893848/glide_w29937/main/condor_startup.sh glidein_config       
 Nov 27 02:31:20 EET	1901	6040	9728	0	0	207	/home/cms016/home_crmrs_343893848/CREAM343893848/glide_w29937/main/condor/sbin/condor_master -f -pidfile /home/cms016/home_crmrs_343893848/CREAM343893848/glide_w29937/condor_master2.pid      
 Nov 27 02:31:20 EET	29832	6040	25504	0	0	227	perl -e ?use Socket;??sub send_notify {? $cream_url = "193.40.150.251:49152";die "No
 Nov 27 02:31:20 EET	---	6040	25504	168	----	----	----
 Nov 27 02:32:29 EET	1901	6056	25504	168	0	277	/home/cms016/home_crmrs_343893848/CREAM343893848/glide_w29937/main/condor/sbin/condor_master -f -pidfile /home/cms016/home_crmrs_343893848/CREAM343893848/glide_w29937/condor_master2.pid      
 Nov 27 02:32:29 EET	11896	354196	555620	168	16	59	cmsRun -j /home/cms016/home_crmrs_343893848/CREAM343893848/glide_w29937/execute/dir_7762/crab_fjr_4.xml -p pset.py     
 Nov 27 02:34:43 EET	11896	360468	557924	168	108	193	cmsRun -j /home/cms016/home_crmrs_343893848/CREAM343893848/glide_w29937/execute/dir_7762/crab_fjr_4.xml -p pset.py     
 Nov 27 02:35:51 EET	11896	360468	558692	168	153	261	cmsRun -j /home/cms016/home_crmrs_343893848/CREAM343893848/glide_w29937/execute/dir_7762/crab_fjr_4.xml -p pset.py     
 Nov 27 02:36:57 EET	11896	360500	558692	168	189	326	cmsRun -j /home/cms016/home_crmrs_343893848/CREAM343893848/glide_w29937/execute/dir_7762/crab_fjr_4.xml -p pset.py     
 Nov 27 02:38:03 EET	---	360500	558692	169	----	----	----
********** WATCHDOG LOG ENDED
ZIPPING WATCHDOG LOG
Disk space used:
du -sh /home/cms016/home_crmrs_343893848/CREAM343893848/glide_w29937/execute/dir_7762
169M	/home/cms016/home_crmrs_343893848/CREAM343893848/glide_w29937/execute/dir_7762
>>> info for dashboard:
***** Cat /home/cms016/home_crmrs_343893848/CREAM343893848/glide_w29937/execute/dir_7762/jobreport.txt *****
MonitorJobID=4_https://submit-2.t2.ucsd.edu//121127//17531.3
MonitorID=liis_crab_0_121127_013010_p7r30o
ExeTime=382
ExeExitCode=0
CrabUserCpuTime=217.27
CrabSysCpuTime=7.87
CrabCpuPercentage=58%
CrabWrapperTime=600
CrabStageoutTime=NULL
***** End Cat jobreport *****
Parameters sent to Dashboard.
optHistograms_4_1_mW8.root
crab_fjr_4.xml
CMSSW_4.stdout
CMSSW_4.stderr
Watchdog_4.log.gz
tar: .BrokerInfo: Cannot stat: No such file or directory
tar: Error exit delayed from previous errors
Total Output dimension: 27360
WARNING: output files size limit is set to: 50000000
Total Output dimension 27360 is fine.
JOB_EXIT_STATUS = 0
>>> info for dashboard:
***** Cat /home/cms016/home_crmrs_343893848/CREAM343893848/glide_w29937/execute/dir_7762/jobreport.txt *****
MonitorJobID=4_https://submit-2.t2.ucsd.edu//121127//17531.3
MonitorID=liis_crab_0_121127_013010_p7r30o
JobExitCode=0
***** End Cat jobreport *****
Parameters sent to Dashboard.
optHistograms_4_1_mW8.root
crab_fjr_4.xml
