This script was generated by crab (version 2.8.3).
Running /home/cms019/home_crobe_139658788/CREAM139658788/glide_KS1822/execute/dir_4878/condor_exec.exe with 2 positional parameters: 76 1
Today is Tue Nov 27 02:34:26 EET 2012
Job submitted on host wn-v-2036.local
Linux wn-v-2036.local 2.6.32-042stab059.7 #1 SMP Tue Jul 24 19:12:01 MSK 2012 x86_64 x86_64 x86_64 GNU/Linux
>>> current directory (RUNTIME_AREA): /home/cms019/home_crobe_139658788/CREAM139658788/glide_KS1822/execute/dir_4878
>>> current user: uid=11019(cms019) gid=1400(cms) groups=1400(cms)
>>> voms proxy information:
subject   : /DC=ch/DC=cern/OU=Organic Units/OU=Users/CN=liis/CN=663550/CN=Liis Rebane/CN=proxy/CN=limited proxy
issuer    : /DC=ch/DC=cern/OU=Organic Units/OU=Users/CN=liis/CN=663550/CN=Liis Rebane/CN=proxy
identity  : /DC=ch/DC=cern/OU=Organic Units/OU=Users/CN=liis/CN=663550/CN=Liis Rebane/CN=proxy
type      : limited proxy
strength  : 512 bits
path      : /home/cms019/home_crobe_139658788/CREAM139658788/glide_KS1822/execute/dir_4878/x509up_u1000009
timeleft  : 23:59:54
key usage : Digital Signature, Key Encipherment, Data Encipherment
=== VO cms extension information ===
VO        : cms
subject   : /DC=ch/DC=cern/OU=Organic Units/OU=Users/CN=liis/CN=663550/CN=Liis Rebane
issuer    : /DC=ch/DC=cern/OU=computers/CN=lcg-voms.cern.ch
attribute : /cms/Role=NULL/Capability=NULL
timeleft  : 190:51:11
uri       : lcg-voms.cern.ch:15002
>>> tar xzf /home/cms019/home_crobe_139658788/CREAM139658788/glide_KS1822/execute/dir_4878/default.tgz :
Successful untar
>>> Include /home/cms019/home_crobe_139658788/CREAM139658788/glide_KS1822/execute/dir_4878 in PYTHONPATH:
strip arguments
env var CRAB_UNIQUE_JOB_ID set to: liis_crab_0_121127_013010_p7r30o_76_1_zHf
out_files_76
>>> list of expected files on output sandbox
output files: optHistograms_76_1_zHf.root crab_fjr_76.xml CMSSW_76.stdout CMSSW_76.stderr Watchdog_76.log.gz
>>> GridFlavour discovery: 
GridFlavour=LCG
>>> SyncSite discovery: 
SyncSite=T2_EE_Estonia
>>> SyncCE discovery: 
getting SyncCE from CE_ID
SyncCE=oberon.hep.kbfi.ee:8443/cream-pbs-long
>>> info for dashboard:
***** Cat /home/cms019/home_crobe_139658788/CREAM139658788/glide_KS1822/execute/dir_4878/jobreport.txt *****
MonitorJobID=76_https://submit-2.t2.ucsd.edu//121127//17531.75
SyncGridJobId=https://submit-2.t2.ucsd.edu//121127//17531.75
MonitorID=liis_crab_0_121127_013010_p7r30o
GridFlavour=LCG
SyncSite=T2_EE_Estonia
SyncCE=oberon.hep.kbfi.ee:8443/cream-pbs-long
***** End Cat jobreport *****
Parameters sent to Dashboard.
>>> setup environment
set SCRAM ARCH to slc5_amd64_gcc462
SCRAM_ARCH = slc5_amd64_gcc462
>>> setup CMS LCG environment:
set SCRAM ARCH and BUILD_ARCH to slc5_amd64_gcc462 ###
Sourcing environment... 
sourcing /cvmfs/cms.cern.ch/cmsset_default.sh
==> setup cms environment ok
>>> specific cmssw setup environment:
CMSSW_VERSION =  CMSSW_5_3_5
>>> current directory (SOFTWARE_DIR): /home/cms019/home_crobe_139658788/CREAM139658788/glide_KS1822/execute/dir_4878/CMSSW_5_3_5
PreserveSeeds: <>
IncrementSeeds:<>
{}
WNHostName=wn-v-2036.local
>>> info for dashboard:
***** Cat /home/cms019/home_crobe_139658788/CREAM139658788/glide_KS1822/execute/dir_4878/jobreport.txt *****
MonitorJobID=76_https://submit-2.t2.ucsd.edu//121127//17531.75
MonitorID=liis_crab_0_121127_013010_p7r30o
WNHostName=wn-v-2036.local
***** End Cat jobreport *****
Parameters sent to Dashboard.
crabWatchdog started as process 8566
>>> moving CMSSW software directories in /home/cms019/home_crobe_139658788/CREAM139658788/glide_KS1822/execute/dir_4878/CMSSW_5_3_5
mv: cannot stat `/home/cms019/home_crobe_139658788/CREAM139658788/glide_KS1822/execute/dir_4878/module/': No such file or directory
>>> Include /home/cms019/home_crobe_139658788/CREAM139658788/glide_KS1822/execute/dir_4878 in PYTHONPATH:
PYTHONPATH=/home/cms019/home_crobe_139658788/CREAM139658788/glide_KS1822/execute/dir_4878/:/home/cms019/home_crobe_139658788/CREAM139658788/glide_KS1822/execute/dir_4878/CMSSW_5_3_5/python:/home/cms019/home_crobe_139658788/CREAM139658788/glide_KS1822/execute/dir_4878/CMSSW_5_3_5/lib/slc5_amd64_gcc462:/cvmfs/cms.cern.ch/slc5_amd64_gcc462/cms/cmssw/CMSSW_5_3_5/python:/cvmfs/cms.cern.ch/slc5_amd64_gcc462/cms/cmssw/CMSSW_5_3_5/lib/slc5_amd64_gcc462:/cvmfs/cms.cern.ch/slc5_amd64_gcc462/cms/coral/CORAL_2_3_21-cms27/slc5_amd64_gcc462/python:/cvmfs/cms.cern.ch/slc5_amd64_gcc462/cms/coral/CORAL_2_3_21-cms27/slc5_amd64_gcc462/lib:/cvmfs/cms.cern.ch/slc5_amd64_gcc462/external/pyqt/4.8.1/lib/python2.6/site-packages:/cvmfs/cms.cern.ch/slc5_amd64_gcc462/external/py2-scipy/0.8.0/lib/python2.6/site-packages:/cvmfs/cms.cern.ch/slc5_amd64_gcc462/external/py2-matplotlib/1.0.1/lib/python2.6/site-packages:/cvmfs/cms.cern.ch/slc5_amd64_gcc462/external/python-ldap/2.3.5/lib/python2.6/site-packages:/cvmfs/cms.cern.ch/slc5_amd64_gcc462/external/sip/4.11.2/lib/python2.6/site-packages:/cvmfs/cms.cern.ch/slc5_amd64_gcc462/external/py2-pycurl/7.19.0/lib/python2.6/site-packages:/cvmfs/cms.cern.ch/slc5_amd64_gcc462/external/py2-numpy/1.6.1/lib/python2.6/site-packages:/cvmfs/cms.cern.ch/slc5_amd64_gcc462/external/py2-ipython/0.10/lib/python2.6/site-packages:/cvmfs/cms.cern.ch/slc5_amd64_gcc462/external/py2-cx-oracle/5.1-cms11/lib/python2.6/site-packages:/cvmfs/cms.cern.ch/slc5_amd64_gcc462/external/py2-cjson/1.0.5/lib/python2.6/site-packages:/cvmfs/cms.cern.ch/slc5_amd64_gcc462/cms/das-client/1.4.1-cms8/bin:/cvmfs/cms.cern.ch/slc5_amd64_gcc462/external/elementtree/1.2.6/share/lib/python2.6/site-packages:/cvmfs/cms.cern.ch/slc5_amd64_gcc462/external/rivet/1.5.1-cms10/lib/python2.6/site-packages:/cvmfs/cms.cern.ch/slc5_amd64_gcc462/external/pyminuit2/0.0.1-cms34/lib/python2.6/site-packages:/cvmfs/cms.cern.ch/slc5_amd64_gcc462/external/professor/1.0.0-cms35/lib/python2.6/site-packages:/cvmfs/cms.cern.ch/slc5_amd64_gcc462/lcg/root/5.32.00-cms18/lib:/cvmfs/cms.cern.ch/slc5_amd64_gcc462/cms/dbs-client/DBS_2_1_1_patch1_1/lib:/cvmfs/cms.cern.ch/slc5_amd64_gcc462/cms/dbs-client/DBS_2_1_1_patch1_1/lib/DBSAPI:/home/cms019/home_crobe_139658788/CREAM139658788/glide_KS1822/execute/dir_4878/
241a2a19cb7c5c8751ba22759ab3bdb0
PSETHASH = 241a2a19cb7c5c8751ba22759ab3bdb0
/home/cms019/home_crobe_139658788/CREAM139658788/glide_KS1822/execute/dir_4878/writeCfg.py pset.py pset.py
Importing .py file
Setting parameters
inputBlocks=/QCD_Pt_80_170_EMEnriched_TuneZ2star_8TeV_pythia6/mario-Summer12-stop-pfele-step1-3d176ac8da5e9dff208d057f4733ca91/USER#1edbd789-8e01-4834-bf44-0c1d693a4b92
inputFiles=/store/user/mario/QCD_Pt_80_170_EMEnriched_TuneZ2star_8TeV_pythia6/Summer12-stop-pfele-step1/3d176ac8da5e9dff208d057f4733ca91/tuple_76_1_1pj.root;/store/user/mario/QCD_Pt_80_170_EMEnriched_TuneZ2star_8TeV_pythia6/Summer12-stop-pfele-step1/3d176ac8da5e9dff208d057f4733ca91/tuple_77_4_JmO.root;/store/user/mario/QCD_Pt_80_170_EMEnriched_TuneZ2star_8TeV_pythia6/Summer12-stop-pfele-step1/3d176ac8da5e9dff208d057f4733ca91/tuple_78_5_2aV.root;/store/user/mario/QCD_Pt_80_170_EMEnriched_TuneZ2star_8TeV_pythia6/Summer12-stop-pfele-step1/3d176ac8da5e9dff208d057f4733ca91/tuple_79_1_DAY.root;/store/user/mario/QCD_Pt_80_170_EMEnriched_TuneZ2star_8TeV_pythia6/Summer12-stop-pfele-step1/3d176ac8da5e9dff208d057f4733ca91/tuple_84_2_rMS.root
parentFiles=
lumisRange=
>>> Executable cmsRun
/cvmfs/cms.cern.ch/slc5_amd64_gcc462/cms/cmssw/CMSSW_5_3_5/bin/slc5_amd64_gcc462/cmsRun
ok executable found
>>> info for dashboard:
***** Cat /home/cms019/home_crobe_139658788/CREAM139658788/glide_KS1822/execute/dir_4878/jobreport.txt *****
MonitorJobID=76_https://submit-2.t2.ucsd.edu//121127//17531.75
MonitorID=liis_crab_0_121127_013010_p7r30o
ExeStart=cmsRun
***** End Cat jobreport *****
Parameters sent to Dashboard.
>>> cmsRun started at Tue Nov 27 00:34:55 UTC 2012
>>> cmsRun ended at Tue Nov 27 00:41:32 UTC 2012
>>> info for dashboard:
***** Cat /home/cms019/home_crobe_139658788/CREAM139658788/glide_KS1822/execute/dir_4878/jobreport.txt *****
MonitorJobID=76_https://submit-2.t2.ucsd.edu//121127//17531.75
MonitorID=liis_crab_0_121127_013010_p7r30o
ExeEnd=cmsRun
***** End Cat jobreport *****
Parameters sent to Dashboard.
TIME_EXE = 397 sec
>>> cmsRun wrote 103 lines of stdout+stderr
>>> START OF printout of 103 lines from stdout+stderr
27-Nov-2012 02:35:15 EET  Initiating request to open file file:/hdfs/cms/store/user/mario/QCD_Pt_80_170_EMEnriched_TuneZ2star_8TeV_pythia6/Summer12-stop-pfele-step1/3d176ac8da5e9dff208d057f4733ca91/tuple_76_1_1pj.root
27-Nov-2012 02:35:22 EET  Successfully opened file file:/hdfs/cms/store/user/mario/QCD_Pt_80_170_EMEnriched_TuneZ2star_8TeV_pythia6/Summer12-stop-pfele-step1/3d176ac8da5e9dff208d057f4733ca91/tuple_76_1_1pj.root
Begin processing the 1st record. Run 1, Event 217361891, LumiSection 69712 at 27-Nov-2012 02:35:37.421 EET
Begin processing the 1001st record. Run 1, Event 93680197, LumiSection 30045 at 27-Nov-2012 02:35:45.515 EET
Begin processing the 2001st record. Run 1, Event 221770486, LumiSection 71126 at 27-Nov-2012 02:35:48.546 EET
Begin processing the 3001st record. Run 1, Event 143619813, LumiSection 46062 at 27-Nov-2012 02:35:53.749 EET
Begin processing the 4001st record. Run 1, Event 218010357, LumiSection 69920 at 27-Nov-2012 02:35:56.917 EET
Begin processing the 5001st record. Run 1, Event 21711879, LumiSection 6964 at 27-Nov-2012 02:36:01.511 EET
27-Nov-2012 02:36:03 EET  Closed file file:/hdfs/cms/store/user/mario/QCD_Pt_80_170_EMEnriched_TuneZ2star_8TeV_pythia6/Summer12-stop-pfele-step1/3d176ac8da5e9dff208d057f4733ca91/tuple_76_1_1pj.root
27-Nov-2012 02:36:03 EET  Initiating request to open file file:/hdfs/cms/store/user/mario/QCD_Pt_80_170_EMEnriched_TuneZ2star_8TeV_pythia6/Summer12-stop-pfele-step1/3d176ac8da5e9dff208d057f4733ca91/tuple_77_4_JmO.root
27-Nov-2012 02:36:03 EET  Successfully opened file file:/hdfs/cms/store/user/mario/QCD_Pt_80_170_EMEnriched_TuneZ2star_8TeV_pythia6/Summer12-stop-pfele-step1/3d176ac8da5e9dff208d057f4733ca91/tuple_77_4_JmO.root
Begin processing the 6001st record. Run 1, Event 61320410, LumiSection 19667 at 27-Nov-2012 02:36:18.649 EET
Begin processing the 7001st record. Run 1, Event 109373959, LumiSection 35079 at 27-Nov-2012 02:36:21.956 EET
Begin processing the 8001st record. Run 1, Event 127249790, LumiSection 40812 at 27-Nov-2012 02:36:25.020 EET
Begin processing the 9001st record. Run 1, Event 199369415, LumiSection 63942 at 27-Nov-2012 02:36:30.509 EET
Begin processing the 10001st record. Run 1, Event 210874927, LumiSection 67632 at 27-Nov-2012 02:36:33.644 EET
Begin processing the 11001st record. Run 1, Event 221875558, LumiSection 71160 at 27-Nov-2012 02:36:38.482 EET
Begin processing the 12001st record. Run 1, Event 223122155, LumiSection 71560 at 27-Nov-2012 02:36:41.986 EET
Begin processing the 13001st record. Run 1, Event 110538347, LumiSection 35452 at 27-Nov-2012 02:36:46.844 EET
Begin processing the 14001st record. Run 1, Event 129881798, LumiSection 41656 at 27-Nov-2012 02:36:50.082 EET
Begin processing the 15001st record. Run 1, Event 7039820, LumiSection 2258 at 27-Nov-2012 02:36:52.967 EET
Begin processing the 16001st record. Run 1, Event 73852993, LumiSection 23687 at 27-Nov-2012 02:36:57.566 EET
Begin processing the 17001st record. Run 1, Event 196672284, LumiSection 63077 at 27-Nov-2012 02:37:01.038 EET
Begin processing the 18001st record. Run 1, Event 207287950, LumiSection 66482 at 27-Nov-2012 02:37:07.660 EET
Begin processing the 19001st record. Run 1, Event 211267831, LumiSection 67758 at 27-Nov-2012 02:37:11.246 EET
Begin processing the 20001st record. Run 1, Event 7023593, LumiSection 2253 at 27-Nov-2012 02:37:15.410 EET
Begin processing the 21001st record. Run 1, Event 14222232, LumiSection 4562 at 27-Nov-2012 02:37:19.523 EET
27-Nov-2012 02:37:21 EET  Closed file file:/hdfs/cms/store/user/mario/QCD_Pt_80_170_EMEnriched_TuneZ2star_8TeV_pythia6/Summer12-stop-pfele-step1/3d176ac8da5e9dff208d057f4733ca91/tuple_77_4_JmO.root
27-Nov-2012 02:37:21 EET  Initiating request to open file file:/hdfs/cms/store/user/mario/QCD_Pt_80_170_EMEnriched_TuneZ2star_8TeV_pythia6/Summer12-stop-pfele-step1/3d176ac8da5e9dff208d057f4733ca91/tuple_78_5_2aV.root
27-Nov-2012 02:37:21 EET  Successfully opened file file:/hdfs/cms/store/user/mario/QCD_Pt_80_170_EMEnriched_TuneZ2star_8TeV_pythia6/Summer12-stop-pfele-step1/3d176ac8da5e9dff208d057f4733ca91/tuple_78_5_2aV.root
Begin processing the 22001st record. Run 1, Event 199421154, LumiSection 63959 at 27-Nov-2012 02:37:39.275 EET
Begin processing the 23001st record. Run 1, Event 92970633, LumiSection 29818 at 27-Nov-2012 02:37:42.939 EET
Begin processing the 24001st record. Run 1, Event 124103136, LumiSection 39803 at 27-Nov-2012 02:37:46.136 EET
Begin processing the 25001st record. Run 1, Event 199473387, LumiSection 63975 at 27-Nov-2012 02:37:51.983 EET
Begin processing the 26001st record. Run 1, Event 217577177, LumiSection 69782 at 27-Nov-2012 02:37:55.507 EET
Begin processing the 27001st record. Run 1, Event 217581569, LumiSection 69783 at 27-Nov-2012 02:38:02.342 EET
Begin processing the 28001st record. Run 1, Event 220278583, LumiSection 70648 at 27-Nov-2012 02:38:06.277 EET
Begin processing the 29001st record. Run 1, Event 203555952, LumiSection 65285 at 27-Nov-2012 02:38:10.036 EET
Begin processing the 30001st record. Run 1, Event 211265984, LumiSection 67757 at 27-Nov-2012 02:38:15.251 EET
Begin processing the 31001st record. Run 1, Event 54271826, LumiSection 17406 at 27-Nov-2012 02:38:19.203 EET
Begin processing the 32001st record. Run 1, Event 65663723, LumiSection 21060 at 27-Nov-2012 02:38:26.464 EET
Begin processing the 33001st record. Run 1, Event 52871946, LumiSection 16958 at 27-Nov-2012 02:38:29.531 EET
Begin processing the 34001st record. Run 1, Event 64393517, LumiSection 20653 at 27-Nov-2012 02:38:32.718 EET
Begin processing the 35001st record. Run 1, Event 79916280, LumiSection 25631 at 27-Nov-2012 02:38:38.166 EET
Begin processing the 36001st record. Run 1, Event 92108607, LumiSection 29541 at 27-Nov-2012 02:38:41.479 EET
Begin processing the 37001st record. Run 1, Event 113718140, LumiSection 36472 at 27-Nov-2012 02:38:45.156 EET
27-Nov-2012 02:38:47 EET  Closed file file:/hdfs/cms/store/user/mario/QCD_Pt_80_170_EMEnriched_TuneZ2star_8TeV_pythia6/Summer12-stop-pfele-step1/3d176ac8da5e9dff208d057f4733ca91/tuple_78_5_2aV.root
27-Nov-2012 02:38:47 EET  Initiating request to open file file:/hdfs/cms/store/user/mario/QCD_Pt_80_170_EMEnriched_TuneZ2star_8TeV_pythia6/Summer12-stop-pfele-step1/3d176ac8da5e9dff208d057f4733ca91/tuple_79_1_DAY.root
27-Nov-2012 02:38:49 EET  Successfully opened file file:/hdfs/cms/store/user/mario/QCD_Pt_80_170_EMEnriched_TuneZ2star_8TeV_pythia6/Summer12-stop-pfele-step1/3d176ac8da5e9dff208d057f4733ca91/tuple_79_1_DAY.root
Begin processing the 38001st record. Run 1, Event 116645871, LumiSection 37411 at 27-Nov-2012 02:39:10.009 EET
Begin processing the 39001st record. Run 1, Event 136480052, LumiSection 43772 at 27-Nov-2012 02:39:13.058 EET
Begin processing the 40001st record. Run 1, Event 177881297, LumiSection 57050 at 27-Nov-2012 02:39:15.803 EET
Begin processing the 41001st record. Run 1, Event 197928504, LumiSection 63480 at 27-Nov-2012 02:39:23.092 EET
Begin processing the 42001st record. Run 1, Event 198070092, LumiSection 63525 at 27-Nov-2012 02:39:26.530 EET
Begin processing the 43001st record. Run 1, Event 220732011, LumiSection 70793 at 27-Nov-2012 02:39:32.746 EET
Begin processing the 44001st record. Run 1, Event 50724498, LumiSection 16269 at 27-Nov-2012 02:39:35.934 EET
Begin processing the 45001st record. Run 1, Event 71463114, LumiSection 22920 at 27-Nov-2012 02:39:39.105 EET
Begin processing the 46001st record. Run 1, Event 76334048, LumiSection 24482 at 27-Nov-2012 02:39:46.163 EET
Begin processing the 47001st record. Run 1, Event 92864938, LumiSection 29784 at 27-Nov-2012 02:39:49.290 EET
Begin processing the 48001st record. Run 1, Event 113985966, LumiSection 36558 at 27-Nov-2012 02:39:55.179 EET
Begin processing the 49001st record. Run 1, Event 120418691, LumiSection 38621 at 27-Nov-2012 02:39:58.168 EET
Begin processing the 50001st record. Run 1, Event 135894112, LumiSection 43584 at 27-Nov-2012 02:40:03.714 EET
Begin processing the 51001st record. Run 1, Event 5262469, LumiSection 1688 at 27-Nov-2012 02:40:06.496 EET
Begin processing the 52001st record. Run 1, Event 24607106, LumiSection 7892 at 27-Nov-2012 02:40:09.628 EET
Begin processing the 53001st record. Run 1, Event 55357334, LumiSection 17755 at 27-Nov-2012 02:40:14.445 EET
27-Nov-2012 02:40:17 EET  Closed file file:/hdfs/cms/store/user/mario/QCD_Pt_80_170_EMEnriched_TuneZ2star_8TeV_pythia6/Summer12-stop-pfele-step1/3d176ac8da5e9dff208d057f4733ca91/tuple_79_1_DAY.root
27-Nov-2012 02:40:17 EET  Initiating request to open file file:/hdfs/cms/store/user/mario/QCD_Pt_80_170_EMEnriched_TuneZ2star_8TeV_pythia6/Summer12-stop-pfele-step1/3d176ac8da5e9dff208d057f4733ca91/tuple_84_2_rMS.root
27-Nov-2012 02:40:17 EET  Successfully opened file file:/hdfs/cms/store/user/mario/QCD_Pt_80_170_EMEnriched_TuneZ2star_8TeV_pythia6/Summer12-stop-pfele-step1/3d176ac8da5e9dff208d057f4733ca91/tuple_84_2_rMS.root
Begin processing the 54001st record. Run 1, Event 114120842, LumiSection 36601 at 27-Nov-2012 02:40:29.576 EET
Begin processing the 55001st record. Run 1, Event 135889061, LumiSection 43583 at 27-Nov-2012 02:40:32.750 EET
Begin processing the 56001st record. Run 1, Event 141011889, LumiSection 45226 at 27-Nov-2012 02:40:36.587 EET
Begin processing the 57001st record. Run 1, Event 136127008, LumiSection 43659 at 27-Nov-2012 02:40:41.078 EET
Begin processing the 58001st record. Run 1, Event 132277577, LumiSection 42424 at 27-Nov-2012 02:40:44.178 EET
Begin processing the 59001st record. Run 1, Event 128699909, LumiSection 41277 at 27-Nov-2012 02:40:48.605 EET
Begin processing the 60001st record. Run 1, Event 133758320, LumiSection 42899 at 27-Nov-2012 02:40:51.666 EET
Begin processing the 61001st record. Run 1, Event 41560164, LumiSection 13330 at 27-Nov-2012 02:40:54.619 EET
Begin processing the 62001st record. Run 1, Event 50690834, LumiSection 16258 at 27-Nov-2012 02:40:58.888 EET
Begin processing the 63001st record. Run 1, Event 81151209, LumiSection 26027 at 27-Nov-2012 02:41:01.886 EET
Begin processing the 64001st record. Run 1, Event 90951104, LumiSection 29170 at 27-Nov-2012 02:41:08.194 EET
Begin processing the 65001st record. Run 1, Event 125934606, LumiSection 40390 at 27-Nov-2012 02:41:10.354 EET
Begin processing the 66001st record. Run 1, Event 161470480, LumiSection 51787 at 27-Nov-2012 02:41:13.132 EET
Begin processing the 67001st record. Run 1, Event 178794635, LumiSection 57343 at 27-Nov-2012 02:41:20.030 EET
Begin processing the 68001st record. Run 1, Event 206151197, LumiSection 66117 at 27-Nov-2012 02:41:23.628 EET
Begin processing the 69001st record. Run 1, Event 74519721, LumiSection 23900 at 27-Nov-2012 02:41:28.759 EET
27-Nov-2012 02:41:31 EET  Closed file file:/hdfs/cms/store/user/mario/QCD_Pt_80_170_EMEnriched_TuneZ2star_8TeV_pythia6/Summer12-stop-pfele-step1/3d176ac8da5e9dff208d057f4733ca91/tuple_84_2_rMS.root

=============================================

MessageLogger Summary

 type     category        sev    module        subroutine        count    total
 ---- -------------------- -- ---------------- ----------------  -----    -----
    1 fileAction           -s file_close                             5        5
    2 fileAction           -s file_open                             10       10

 type    category    Examples: run/evt        run/evt          run/evt
 ---- -------------------- ---------------- ---------------- ----------------
    1 fileAction           PostProcessEvent PostProcessEvent PostEndRun
    2 fileAction           pre-events       pre-events       PostProcessEvent

Severity    # Occurrences   Total Occurrences
--------    -------------   -----------------
System                 15                  15
>>> END OF printout of 103 lines from stdout+stderr
>>> Parse FrameworkJobReport crab_fjr.xml
Result of parsing the FrameworkJobReport crab_fjr.xml: Popularity start
lumisRange : 1::8488,9318,9766,9854,10925,13330,13393,13521,13610,13704,13706,13836,13969,14130,16121,16258,16664,16736,16888,22733,23244,23383,23614,23900,24495-24496,24915,25537,25556,25740,25811-25812,26027,26201,26393,26526,26583,26681,26685,26850,28351,28378,28402,28506,28513,29170,29182,29690,29693,29719-29720,29750,30381,31976,32982,33205,34752,35462,35861,35941,36143,36601,36608,36612,36637,37094,37978,38471,38564,38596,38909-38910,38918,38920,38926,38952,38961,38980-38981,38988,38992,39012,39016,39356,39745,39748,39905,39969,40269,40390,40621,40650,40750,40774,40835-40836,40839,40843-40844,40846,40853,40857,41163,41193,41266,41277,41345,41363,41584,41843-41844,41854,41875,41883,42424,42899,43100,43106,43110,43280,43284,43328,43357,43583,43659,44375,44547,45226,47294,47300,51466,51713,51787,51789,52008,52546-52547,53314,55246,55948,56051,56094,56434,56437,56698,56835,56885,56888,56957,57343,64961,65195,65281,65283-65284,65685,66117,67105,67145,67204,67210,71280,71322,71423,71629::1;1::11956,12151,12263,12367,13296,16958,17166,17170-17172,17406,17760,17923,17961,18004,18754,19015,19086,19137,19244,19868,19972,20034,20626-20627,20653,20724,20912,21059-21060,21270,21340,21371,22062,22064,22217,23357,23362,23492,23861,24026,24373,24679,24769,24809,24860,24896,24907,25631,25770,26584,26779,29493,29522-29523,29532,29535,29537,29541,29714,29717,29725,29729,29749,29813,29818,32349,32356,33284,33290,33489,33639,33662,34110,34186,35249,35456,36225,36231,36472,36495,36552,36800-36801,36930,37095,37113,37121,37140,37203,37381,38188,39676,39803,43380,44088,52206,54811,57762,61050,61526,61926,62378,63395,63937,63959,63971,63975,63995,64734-64736,64833,65191,65282,65285,66115,66376,66464,66999-67000,67201,67254,67622,67645-67646,67653,67757,67904,68212,68423,68466,68609,68788,68814,69139,69172,69223,69227,69247,69482,69632,69657,69660-69661,69736,69762,69781-69783,69883,70024,70040,70537,70613,70617,70624,70635,70642,70647-70648,71058,71127,71195,71238,71281,71447,71521,71523,71605::2;1::624,740,1428,1480,2109,2118,2134,2160,2202,2215,2253,2258,2619,3422,3478,3530-3531,3577,4548,4562,4565,4577-4578,4580,4587,4590,7827,8363,9137,9280,10199,10610,10613,10870,11956,12658,13053,13139,16590,17121,17324,19602,19667-19668,19804,20470,23497,23687,23856,26226,26229,26950,27258,29594,29814,32361,32368,33691,33726,33855,33949,33952,34134,35079,35255,35349-35350,35394,35452,35511,35579,35582,35752,36120,36129,36226-36227,36269,38622,38743,38868,39986,40056,40107,40153,40195,40197,40454,40556,40812,41049,41081,41164-41165,41656,42263,42401,42886,42909,42960,51052,51811,53437,55423,56969,57912,63077,63106,63298,63638,63797,63927,63936,63942,63957,63974,63982,64805,64982,65038,65071,65217,66355,66482,66616,66765,66831,66973,67617,67619,67629,67631-67633,67637,67640,67644,67651-67652,67658,67758,68440,68488,69140,69215,69217,69219,69226,69241,69537,69711,69725,70382,70615,70631,71160,71237,71279,71395,71398,71448,71484,71519-71520,71560,71562,71768,72073,72878::3;1::797,1527,2103,2108,2115,2123,4567,4579,4582,6964,12374,12572,12823,13139,21063,22973,27553,27616,28277,30045,34732,45323,45864-45865,46062,46111,46140,46672-46673,46776,46838-46839,46912,55477,56326,63281,63821,66419,67200,67356,68368,68745,68798,69712,69717,69920-69921,70023,70065,70102,70190,70213,70610,70636,70641,71126,71320,72018,72102,72164,72763::4;1::72,367,1688,1806,3067,5016,5971,6033,7892,8130,9172,9293,10430,10601,13017,15676,16269-16270,16321,16413,16563,16663,16920,17115,17408,17488,17601,17755,17763,17964,18982,19666,19862,20022,20911,22694,22806,22920,23140,23389,23615,23731,23901,24147,24478,24482,24487-24488,24493,24671,24868,29664,29666,29704,29716,29722,29732,29762,29784,32623,33813,33956,34636,35367,36465,36471,36558,36995,37046,37122,37126,37163,37175,37204,37339,37381,37411,37711,38149,38191,38204,38209,38211,38621,38934,38943,38979,38991,39847,40849,40854,41407,41488,41529,42046,42638,43326,43356,43392,43453,43584,43772,44155,44377,44413,45309,45316,45557,45789,47200,47229,47403,47407,51224,51385,52487,53630,53739,55310,55322,55361,55891,56414,56741,56745,56781,56958,57050,57052,57712-57713,57856,57929,58982,59572,62851,62903,62946,62998,63164,63316,63415,63480,63525,63561,63768,64081,64224,64524,66823,68128,68909,70007,70071,70629,70633,70639,70793,70866,71427,71642,72036,72160,72214,72216,72360,72442,72874::5;
lumisParentRange : 
Basename : /store/user/mario/QCD_Pt_80_170_EMEnriched_TuneZ2star_8TeV_pythia6/Summer12-stop-pfele-step1/3d176ac8da5e9dff208d057f4733ca91/tuple_
BasenameParent : 
parentFiles : 
inputBlocks : /QCD_Pt_80_170_EMEnriched_TuneZ2star_8TeV_pythia6/mario-Summer12-stop-pfele-step1-3d176ac8da5e9dff208d057f4733ca91/USER#1edbd789-8e01-4834-bf44-0c1d693a4b92
inputFiles : 84_2_rMS.root::1::EDM::Local::1;78_5_2aV.root::1::EDM::Local::2;77_4_JmO.root::1::EDM::Local::3;76_1_1pj.root::1::EDM::Local::4;79_1_DAY.root::1::EDM::Local::5;
Popularity stop
Extracted ExitStatus from FrameworkJobReport parsing output: 0
>>> Executable succeded  0
ExeExitCode=0
EXECUTABLE_EXIT_STATUS = 0
>>> current directory /home/cms019/home_crobe_139658788/CREAM139658788/glide_KS1822/execute/dir_4878/CMSSW_5_3_5
>>>  (SOFTWARE_DIR): /home/cms019/home_crobe_139658788/CREAM139658788/glide_KS1822/execute/dir_4878/CMSSW_5_3_5
>>> (WORKING_DIR): 
>>> current directory content:
total 152
drwxr-xr-x 3 cms019 cms  4096 Nov 27 02:34 .SCRAM
-rw-r--r-- 1 cms019 cms 30066 Nov 27 02:34 CMSSW.py.pkl
drwxr-xr-x 3 cms019 cms  4096 Nov 27 02:34 bin
drwxr-xr-x 3 cms019 cms  4096 Nov 27 02:34 cfipython
drwxr-xr-x 5 cms019 cms  4096 Nov 27 02:34 config
-rw-r--r-- 1 cms019 cms    16 Nov 27 02:41 cpu_timing.txt
drwxr-xr-x 2 cms019 cms  4096 Nov 27 02:34 doc
-rw-r--r-- 1 cms019 cms 11687 Nov 27 02:41 executable.out
drwxr-xr-x 2 cms019 cms  4096 Nov 27 02:34 include
drwxrwxrwx 3 cms019 cms  4096 Oct 22 16:38 lib
drwxr-xr-x 3 cms019 cms  4096 Nov 27 02:34 logs
drwxr-xr-x 3 cms019 cms  4096 Nov 27 02:34 objs
-rw-r--r-- 1 cms019 cms 16878 Nov 27 02:41 optHistograms.root
-rw-r--r-- 1 cms019 cms   104 Nov 27 02:34 pset.py
-rw-r--r-- 1 cms019 cms 19498 Nov 27 02:34 pset.py.pkl
-rw-r--r-- 1 cms019 cms   289 Nov 27 02:34 pset.pyc
drwxr-xr-x 2 cms019 cms  4096 Nov 27 02:34 python
-rw-r--r-- 1 cms019 cms   420 Nov 27 02:41 report.log
drwxrwxrwx 4 cms019 cms  4096 Nov 27 02:34 src
drwxr-xr-x 3 cms019 cms  4096 Nov 27 02:34 test
drwxr-xr-x 3 cms019 cms  4096 Nov 27 02:34 tmp
>>> current directory /home/cms019/home_crobe_139658788/CREAM139658788/glide_KS1822/execute/dir_4878/CMSSW_5_3_5
>>> (SOFTWARE_DIR): /home/cms019/home_crobe_139658788/CREAM139658788/glide_KS1822/execute/dir_4878/CMSSW_5_3_5
>>> (WORKING_DIR): 
>>> current directory content:
total 132
drwxr-xr-x 3 cms019 cms  4096 Nov 27 02:34 .SCRAM
-rw-r--r-- 1 cms019 cms 30066 Nov 27 02:34 CMSSW.py.pkl
drwxr-xr-x 3 cms019 cms  4096 Nov 27 02:34 bin
drwxr-xr-x 3 cms019 cms  4096 Nov 27 02:34 cfipython
drwxr-xr-x 5 cms019 cms  4096 Nov 27 02:34 config
-rw-r--r-- 1 cms019 cms    16 Nov 27 02:41 cpu_timing.txt
drwxr-xr-x 2 cms019 cms  4096 Nov 27 02:34 doc
-rw-r--r-- 1 cms019 cms 11687 Nov 27 02:41 executable.out
drwxr-xr-x 2 cms019 cms  4096 Nov 27 02:34 include
drwxrwxrwx 3 cms019 cms  4096 Oct 22 16:38 lib
drwxr-xr-x 3 cms019 cms  4096 Nov 27 02:34 logs
drwxr-xr-x 3 cms019 cms  4096 Nov 27 02:34 objs
-rw-r--r-- 1 cms019 cms   104 Nov 27 02:34 pset.py
-rw-r--r-- 1 cms019 cms 19498 Nov 27 02:34 pset.py.pkl
-rw-r--r-- 1 cms019 cms   289 Nov 27 02:34 pset.pyc
drwxr-xr-x 2 cms019 cms  4096 Nov 27 02:34 python
-rw-r--r-- 1 cms019 cms   420 Nov 27 02:41 report.log
drwxrwxrwx 4 cms019 cms  4096 Nov 27 02:34 src
drwxr-xr-x 3 cms019 cms  4096 Nov 27 02:34 test
drwxr-xr-x 3 cms019 cms  4096 Nov 27 02:34 tmp
>>> current directory (RUNTIME_AREA):  /home/cms019/home_crobe_139658788/CREAM139658788/glide_KS1822/execute/dir_4878
>>> current dir: /home/cms019/home_crobe_139658788/CREAM139658788/glide_KS1822/execute/dir_4878
>>> current dir content:
total 25792
-rw-rw-rw-  1 cms019 cms     5601 Nov 27 02:34 .job.ad
-rw-rw-rw-  1 cms019 cms    11430 Nov 27 02:34 .machine.ad
-rw-rw-rw-  1 cms019 cms      105 Nov 27 01:30 CMSSW.py
-rw-rw-rw-  1 cms019 cms    30066 Nov 27 01:30 CMSSW.py.pkl
-rwxrw-rw-  1 cms019 cms    23339 Nov 27 02:34 CMSSW.sh
drwxr-xr-x 15 cms019 cms     4096 Nov 27 02:41 CMSSW_5_3_5
-rw-rw-rw-  1 cms019 cms        0 Nov 27 02:34 CMSSW_76.stderr
-rw-rw-rw-  1 cms019 cms    28041 Nov 27 02:41 CMSSW_76.stdout
-rw-r--r--  1 cms019 cms      346 Nov 27 02:34 CacheEnv.sh
-rw-rw-rw-  1 cms019 cms     7291 Jun  9  2010 DashboardAPI.py
-rw-r--r--  1 cms019 cms     6868 Nov 27 02:34 DashboardAPI.pyc
drwxrwxrwx  3 cms019 cms     4096 Nov 27 02:41 IMProv
-rw-rw-rw-  1 cms019 cms     2748 Mar  8  2006 Logger.py
-rw-r--r--  1 cms019 cms     3348 Nov 27 02:34 Logger.pyc
-rw-rw-rw-  1 cms019 cms    24524 Mar 28  2008 ProcInfo.py
-rw-r--r--  1 cms019 cms    23446 Nov 27 02:34 ProcInfo.pyc
drwxrwxrwx  7 cms019 cms     4096 Nov 27 02:34 ProdCommon
drwxrwxrwx  3 cms019 cms     4096 Nov 27 02:34 WMCore
-rw-r--r--  1 cms019 cms     2365 Nov 27 02:41 Watchdog_76.log
-rw-rw-rw-  1 cms019 cms    32895 Mar 28  2008 apmon.py
-rw-r--r--  1 cms019 cms    28845 Nov 27 02:34 apmon.pyc
-rw-rw-rw-  1 cms019 cms   104551 Nov 27 02:34 arguments.xml
-rwxrwxrwx  1 cms019 cms    37427 Sep 13 14:14 cmscp.py
-rwxrwxrwx  1 cms019 cms    23339 Nov 27 02:34 condor_exec.exe
-rw-rw-rw-  1 cms019 cms      545 Nov 27 01:30 crab.cfg
-rwxrwxrwx  1 cms019 cms     9531 Sep 20 21:46 crabWatchdog.sh
-rw-r--r--  1 cms019 cms    50186 Nov 27 02:41 crab_fjr_76.xml
-rw-rw-rw-  1 cms019 cms 25796294 Nov 27 02:34 default.tgz
-rwxrwxrwx  1 cms019 cms     4488 May 12  2012 fillCrabFjr.py
-rw-r--r--  1 cms019 cms      935 Nov 27 02:34 inputsReport.txt
-rw-r--r--  1 cms019 cms      132 Nov 27 02:41 jobreport.txt
lrwxrwxrwx  1 cms019 cms      106 Nov 27 02:41 optHistograms.root -> /home/cms019/home_crobe_139658788/CREAM139658788/glide_KS1822/execute/dir_4878/optHistograms_76_1_zHf.root
-rw-r--r--  1 cms019 cms    16878 Nov 27 02:41 optHistograms_76_1_zHf.root
-rw-rw-rw-  1 cms019 cms    17352 Jan 20  2012 parseCrabFjr.py
-rw-r--r--  1 cms019 cms      285 Nov 27 02:34 report.log
-rwxrwxrwx  1 cms019 cms     1497 May 27  2009 report.py
-rwxrwxrwx  1 cms019 cms     8387 Mar 23  2011 writeCfg.py
-rw-------  1 cms019 cms     8691 Nov 27 02:34 x509up_u1000009
Checking output files:  
will tar file optHistograms_76_1_zHf.root in  out_files_76
will tar file crab_fjr_76.xml in  out_files_76
will tar file CMSSW_76.stdout in  out_files_76
will tar file CMSSW_76.stderr in  out_files_76
WARNING: output file Watchdog_76.log.gz not found!
>>> padding time: Sleeping the wrapper for 159 seconds
STOPPING WATCHDOG. CrabWatchdog PID is 8566
********** LAST 50 LINES OF WATCHDOG LOG
awk: (FILENAME=- FNR=1) warning: error writing standard output (Broken pipe)
# RESOURCE USAGE SUMMARY FOR PROCESS ID  5070
USER       PID %CPU %MEM    VSZ   RSS TTY      STAT START   TIME COMMAND
cms019    5070  0.2  0.0   8956  1484 ?        S    02:34   0:00 /bin/sh /home/cms019/home_crobe_139658788/CREAM139658788/glide_KS1822/execute/dir_4878/condor_exec.exe 76 1
 
# LIMITS USED BY THIS WATCHDOG:
# RSS  (KBytes)  : 2300000
# VSZ  (KBytes)  : 100000000
# DISK (MBytes)  : 19000
# CPU  (seconds) : 171600
# WALL (seconds) : 171600
 
# FOLLOWING PRINTOUT TRACKS MAXIMUM VALUES OF RESOURCES USE
# ONE LINE IS PRINTED EACH TIME A MAXIMUM CHANGES
# IF CHANGE WAS IN RSS OR VSZ ALSO PROCID AND COMMAND ARE PRINTED
# THERE IS NO PRINTOUT FOR CPU/WALL TIME INCREASE
 
# TIME			PID	RSS(KB)	VSZ(KB)	Dsk(MB)	tCPU(s)	tWALL(s)	COMMAND
 Nov 27 02:34:36 EET	1341	1328	8896	0	0	2418	-bash         
 Nov 27 02:34:36 EET	1436	1488	8952	0	0	2419	/bin/sh -l ./CREAM139658788_jobWrapper.sh       
 Nov 27 02:34:36 EET	1488	3772	8952	0	3	1456	condor_procd -A /home/cms019/home_crobe_139658788/CREAM139658788/glide_KS1822/log/procd_address.STARTD -L /home/cms019/home_crobe_139658788/CREAM139658788/glide_KS1822/log/ProcLog.STARTD -R 10000000 -S 60 -C
 Nov 27 02:34:36 EET	1734	3772	25504	0	0	2418	perl -e ?use Socket;??sub send_notify {? $cream_url = "193.40.150.124:49152";die "No
 Nov 27 02:34:36 EET	4878	5308	25504	0	0	25	condor_starter -f submit-2.t2.ucsd.edu       
 Nov 27 02:34:36 EET	10455	6068	25504	0	1	2406	/home/cms019/home_crobe_139658788/CREAM139658788/glide_KS1822/main/condor/sbin/condor_master -f -pidfile /home/cms019/home_crobe_139658788/CREAM139658788/glide_KS1822/condor_master2.pid      
 Nov 27 02:34:36 EET	---	6068	25504	168	----	----	----
 Nov 27 02:35:44 EET	15237	354644	555880	168	21	56	cmsRun -j /home/cms019/home_crobe_139658788/CREAM139658788/glide_KS1822/execute/dir_4878/crab_fjr_76.xml -p pset.py     
 Nov 27 02:36:51 EET	15237	360216	557672	168	62	121	cmsRun -j /home/cms019/home_crobe_139658788/CREAM139658788/glide_KS1822/execute/dir_4878/crab_fjr_76.xml -p pset.py     
 Nov 27 02:37:57 EET	15237	360592	558440	168	99	186	cmsRun -j /home/cms019/home_crobe_139658788/CREAM139658788/glide_KS1822/execute/dir_4878/crab_fjr_76.xml -p pset.py     
 Nov 27 02:41:12 EET	15237	361068	558952	168	221	384	cmsRun -j /home/cms019/home_crobe_139658788/CREAM139658788/glide_KS1822/execute/dir_4878/crab_fjr_76.xml -p pset.py     
 Nov 27 02:42:19 EET	---	361068	558952	169	----	----	----
********** WATCHDOG LOG ENDED
ZIPPING WATCHDOG LOG
Disk space used:
du -sh /home/cms019/home_crobe_139658788/CREAM139658788/glide_KS1822/execute/dir_4878
169M	/home/cms019/home_crobe_139658788/CREAM139658788/glide_KS1822/execute/dir_4878
>>> info for dashboard:
***** Cat /home/cms019/home_crobe_139658788/CREAM139658788/glide_KS1822/execute/dir_4878/jobreport.txt *****
MonitorJobID=76_https://submit-2.t2.ucsd.edu//121127//17531.75
MonitorID=liis_crab_0_121127_013010_p7r30o
ExeTime=397
ExeExitCode=0
CrabUserCpuTime=223.83
CrabSysCpuTime=8.33
CrabCpuPercentage=58%
CrabWrapperTime=600
CrabStageoutTime=NULL
***** End Cat jobreport *****
Parameters sent to Dashboard.
optHistograms_76_1_zHf.root
crab_fjr_76.xml
CMSSW_76.stdout
CMSSW_76.stderr
Watchdog_76.log.gz
tar: .BrokerInfo: Cannot stat: No such file or directory
tar: Error exit delayed from previous errors
Total Output dimension: 27522
WARNING: output files size limit is set to: 50000000
Total Output dimension 27522 is fine.
JOB_EXIT_STATUS = 0
>>> info for dashboard:
***** Cat /home/cms019/home_crobe_139658788/CREAM139658788/glide_KS1822/execute/dir_4878/jobreport.txt *****
MonitorJobID=76_https://submit-2.t2.ucsd.edu//121127//17531.75
MonitorID=liis_crab_0_121127_013010_p7r30o
JobExitCode=0
***** End Cat jobreport *****
Parameters sent to Dashboard.
optHistograms_76_1_zHf.root
crab_fjr_76.xml
