This script was generated by crab (version 2.8.3).
Running /home/cms067/home_crmrs_590892094/CREAM590892094/glide_N24055/execute/dir_1177/condor_exec.exe with 2 positional parameters: 13 1
Today is Tue Nov 27 02:31:18 EET 2012
Job submitted on host wn-v-4664.local
Linux wn-v-4664.local 2.6.32-042stab059.7 #1 SMP Tue Jul 24 19:12:01 MSK 2012 x86_64 x86_64 x86_64 GNU/Linux
>>> current directory (RUNTIME_AREA): /home/cms067/home_crmrs_590892094/CREAM590892094/glide_N24055/execute/dir_1177
>>> current user: uid=11067(cms067) gid=1400(cms) groups=1400(cms)
>>> voms proxy information:
subject   : /DC=ch/DC=cern/OU=Organic Units/OU=Users/CN=liis/CN=663550/CN=Liis Rebane/CN=proxy/CN=limited proxy
issuer    : /DC=ch/DC=cern/OU=Organic Units/OU=Users/CN=liis/CN=663550/CN=Liis Rebane/CN=proxy
identity  : /DC=ch/DC=cern/OU=Organic Units/OU=Users/CN=liis/CN=663550/CN=Liis Rebane/CN=proxy
type      : limited proxy
strength  : 512 bits
path      : /home/cms067/home_crmrs_590892094/CREAM590892094/glide_N24055/execute/dir_1177/x509up_u1000009
timeleft  : 23:59:40
key usage : Digital Signature, Key Encipherment, Data Encipherment
=== VO cms extension information ===
VO        : cms
subject   : /DC=ch/DC=cern/OU=Organic Units/OU=Users/CN=liis/CN=663550/CN=Liis Rebane
issuer    : /DC=ch/DC=cern/OU=computers/CN=lcg-voms.cern.ch
attribute : /cms/Role=NULL/Capability=NULL
timeleft  : 190:54:19
uri       : lcg-voms.cern.ch:15002
>>> tar xzf /home/cms067/home_crmrs_590892094/CREAM590892094/glide_N24055/execute/dir_1177/default.tgz :
Successful untar
>>> Include /home/cms067/home_crmrs_590892094/CREAM590892094/glide_N24055/execute/dir_1177 in PYTHONPATH:
strip arguments
env var CRAB_UNIQUE_JOB_ID set to: liis_crab_0_121127_013010_p7r30o_13_1_ghj
out_files_13
>>> list of expected files on output sandbox
output files: optHistograms_13_1_ghj.root crab_fjr_13.xml CMSSW_13.stdout CMSSW_13.stderr Watchdog_13.log.gz
>>> GridFlavour discovery: 
GridFlavour=LCG
>>> SyncSite discovery: 
SyncSite=T2_EE_Estonia
>>> SyncCE discovery: 
getting SyncCE from CE_ID
SyncCE=mars.hep.kbfi.ee:8443/cream-pbs-long
>>> info for dashboard:
***** Cat /home/cms067/home_crmrs_590892094/CREAM590892094/glide_N24055/execute/dir_1177/jobreport.txt *****
MonitorJobID=13_https://submit-2.t2.ucsd.edu//121127//17531.12
SyncGridJobId=https://submit-2.t2.ucsd.edu//121127//17531.12
MonitorID=liis_crab_0_121127_013010_p7r30o
GridFlavour=LCG
SyncSite=T2_EE_Estonia
SyncCE=mars.hep.kbfi.ee:8443/cream-pbs-long
***** End Cat jobreport *****
Parameters sent to Dashboard.
>>> setup environment
set SCRAM ARCH to slc5_amd64_gcc462
SCRAM_ARCH = slc5_amd64_gcc462
>>> setup CMS LCG environment:
set SCRAM ARCH and BUILD_ARCH to slc5_amd64_gcc462 ###
Sourcing environment... 
sourcing /cvmfs/cms.cern.ch/cmsset_default.sh
==> setup cms environment ok
>>> specific cmssw setup environment:
CMSSW_VERSION =  CMSSW_5_3_5
>>> current directory (SOFTWARE_DIR): /home/cms067/home_crmrs_590892094/CREAM590892094/glide_N24055/execute/dir_1177/CMSSW_5_3_5
PreserveSeeds: <>
IncrementSeeds:<>
{}
WNHostName=wn-v-4664.local
>>> info for dashboard:
***** Cat /home/cms067/home_crmrs_590892094/CREAM590892094/glide_N24055/execute/dir_1177/jobreport.txt *****
MonitorJobID=13_https://submit-2.t2.ucsd.edu//121127//17531.12
MonitorID=liis_crab_0_121127_013010_p7r30o
WNHostName=wn-v-4664.local
***** End Cat jobreport *****
Parameters sent to Dashboard.
crabWatchdog started as process 6605
>>> moving CMSSW software directories in /home/cms067/home_crmrs_590892094/CREAM590892094/glide_N24055/execute/dir_1177/CMSSW_5_3_5
mv: cannot stat `/home/cms067/home_crmrs_590892094/CREAM590892094/glide_N24055/execute/dir_1177/module/': No such file or directory
>>> Include /home/cms067/home_crmrs_590892094/CREAM590892094/glide_N24055/execute/dir_1177 in PYTHONPATH:
PYTHONPATH=/home/cms067/home_crmrs_590892094/CREAM590892094/glide_N24055/execute/dir_1177/:/home/cms067/home_crmrs_590892094/CREAM590892094/glide_N24055/execute/dir_1177/CMSSW_5_3_5/python:/home/cms067/home_crmrs_590892094/CREAM590892094/glide_N24055/execute/dir_1177/CMSSW_5_3_5/lib/slc5_amd64_gcc462:/cvmfs/cms.cern.ch/slc5_amd64_gcc462/cms/cmssw/CMSSW_5_3_5/python:/cvmfs/cms.cern.ch/slc5_amd64_gcc462/cms/cmssw/CMSSW_5_3_5/lib/slc5_amd64_gcc462:/cvmfs/cms.cern.ch/slc5_amd64_gcc462/cms/coral/CORAL_2_3_21-cms27/slc5_amd64_gcc462/python:/cvmfs/cms.cern.ch/slc5_amd64_gcc462/cms/coral/CORAL_2_3_21-cms27/slc5_amd64_gcc462/lib:/cvmfs/cms.cern.ch/slc5_amd64_gcc462/external/pyqt/4.8.1/lib/python2.6/site-packages:/cvmfs/cms.cern.ch/slc5_amd64_gcc462/external/py2-scipy/0.8.0/lib/python2.6/site-packages:/cvmfs/cms.cern.ch/slc5_amd64_gcc462/external/py2-matplotlib/1.0.1/lib/python2.6/site-packages:/cvmfs/cms.cern.ch/slc5_amd64_gcc462/external/python-ldap/2.3.5/lib/python2.6/site-packages:/cvmfs/cms.cern.ch/slc5_amd64_gcc462/external/sip/4.11.2/lib/python2.6/site-packages:/cvmfs/cms.cern.ch/slc5_amd64_gcc462/external/py2-pycurl/7.19.0/lib/python2.6/site-packages:/cvmfs/cms.cern.ch/slc5_amd64_gcc462/external/py2-numpy/1.6.1/lib/python2.6/site-packages:/cvmfs/cms.cern.ch/slc5_amd64_gcc462/external/py2-ipython/0.10/lib/python2.6/site-packages:/cvmfs/cms.cern.ch/slc5_amd64_gcc462/external/py2-cx-oracle/5.1-cms11/lib/python2.6/site-packages:/cvmfs/cms.cern.ch/slc5_amd64_gcc462/external/py2-cjson/1.0.5/lib/python2.6/site-packages:/cvmfs/cms.cern.ch/slc5_amd64_gcc462/cms/das-client/1.4.1-cms8/bin:/cvmfs/cms.cern.ch/slc5_amd64_gcc462/external/elementtree/1.2.6/share/lib/python2.6/site-packages:/cvmfs/cms.cern.ch/slc5_amd64_gcc462/external/rivet/1.5.1-cms10/lib/python2.6/site-packages:/cvmfs/cms.cern.ch/slc5_amd64_gcc462/external/pyminuit2/0.0.1-cms34/lib/python2.6/site-packages:/cvmfs/cms.cern.ch/slc5_amd64_gcc462/external/professor/1.0.0-cms35/lib/python2.6/site-packages:/cvmfs/cms.cern.ch/slc5_amd64_gcc462/lcg/root/5.32.00-cms18/lib:/cvmfs/cms.cern.ch/slc5_amd64_gcc462/cms/dbs-client/DBS_2_1_1_patch1_1/lib:/cvmfs/cms.cern.ch/slc5_amd64_gcc462/cms/dbs-client/DBS_2_1_1_patch1_1/lib/DBSAPI:/home/cms067/home_crmrs_590892094/CREAM590892094/glide_N24055/execute/dir_1177/
241a2a19cb7c5c8751ba22759ab3bdb0
PSETHASH = 241a2a19cb7c5c8751ba22759ab3bdb0
/home/cms067/home_crmrs_590892094/CREAM590892094/glide_N24055/execute/dir_1177/writeCfg.py pset.py pset.py
Importing .py file
Setting parameters
inputBlocks=/QCD_Pt_80_170_EMEnriched_TuneZ2star_8TeV_pythia6/mario-Summer12-stop-pfele-step1-3d176ac8da5e9dff208d057f4733ca91/USER#1edbd789-8e01-4834-bf44-0c1d693a4b92
inputFiles=/store/user/mario/QCD_Pt_80_170_EMEnriched_TuneZ2star_8TeV_pythia6/Summer12-stop-pfele-step1/3d176ac8da5e9dff208d057f4733ca91/tuple_245_7_eCf.root;/store/user/mario/QCD_Pt_80_170_EMEnriched_TuneZ2star_8TeV_pythia6/Summer12-stop-pfele-step1/3d176ac8da5e9dff208d057f4733ca91/tuple_247_3_Syd.root;/store/user/mario/QCD_Pt_80_170_EMEnriched_TuneZ2star_8TeV_pythia6/Summer12-stop-pfele-step1/3d176ac8da5e9dff208d057f4733ca91/tuple_327_7_5CI.root;/store/user/mario/QCD_Pt_80_170_EMEnriched_TuneZ2star_8TeV_pythia6/Summer12-stop-pfele-step1/3d176ac8da5e9dff208d057f4733ca91/tuple_321_2_RcP.root;/store/user/mario/QCD_Pt_80_170_EMEnriched_TuneZ2star_8TeV_pythia6/Summer12-stop-pfele-step1/3d176ac8da5e9dff208d057f4733ca91/tuple_323_7_Gkb.root;/store/user/mario/QCD_Pt_80_170_EMEnriched_TuneZ2star_8TeV_pythia6/Summer12-stop-pfele-step1/3d176ac8da5e9dff208d057f4733ca91/tuple_324_7_Kq2.root
parentFiles=
lumisRange=
>>> Executable cmsRun
/cvmfs/cms.cern.ch/slc5_amd64_gcc462/cms/cmssw/CMSSW_5_3_5/bin/slc5_amd64_gcc462/cmsRun
ok executable found
>>> info for dashboard:
***** Cat /home/cms067/home_crmrs_590892094/CREAM590892094/glide_N24055/execute/dir_1177/jobreport.txt *****
MonitorJobID=13_https://submit-2.t2.ucsd.edu//121127//17531.12
MonitorID=liis_crab_0_121127_013010_p7r30o
ExeStart=cmsRun
***** End Cat jobreport *****
Parameters sent to Dashboard.
>>> cmsRun started at Tue Nov 27 00:31:41 UTC 2012
>>> cmsRun ended at Tue Nov 27 00:38:27 UTC 2012
>>> info for dashboard:
***** Cat /home/cms067/home_crmrs_590892094/CREAM590892094/glide_N24055/execute/dir_1177/jobreport.txt *****
MonitorJobID=13_https://submit-2.t2.ucsd.edu//121127//17531.12
MonitorID=liis_crab_0_121127_013010_p7r30o
ExeEnd=cmsRun
***** End Cat jobreport *****
Parameters sent to Dashboard.
TIME_EXE = 406 sec
>>> cmsRun wrote 106 lines of stdout+stderr
>>> START OF printout of 106 lines from stdout+stderr
27-Nov-2012 02:32:00 EET  Initiating request to open file file:/hdfs/cms/store/user/mario/QCD_Pt_80_170_EMEnriched_TuneZ2star_8TeV_pythia6/Summer12-stop-pfele-step1/3d176ac8da5e9dff208d057f4733ca91/tuple_245_7_eCf.root
27-Nov-2012 02:32:08 EET  Successfully opened file file:/hdfs/cms/store/user/mario/QCD_Pt_80_170_EMEnriched_TuneZ2star_8TeV_pythia6/Summer12-stop-pfele-step1/3d176ac8da5e9dff208d057f4733ca91/tuple_245_7_eCf.root
Begin processing the 1st record. Run 1, Event 8792410, LumiSection 2820 at 27-Nov-2012 02:32:23.483 EET
Begin processing the 1001st record. Run 1, Event 10913825, LumiSection 3501 at 27-Nov-2012 02:32:30.324 EET
Begin processing the 2001st record. Run 1, Event 13881266, LumiSection 4452 at 27-Nov-2012 02:32:33.491 EET
27-Nov-2012 02:32:34 EET  Closed file file:/hdfs/cms/store/user/mario/QCD_Pt_80_170_EMEnriched_TuneZ2star_8TeV_pythia6/Summer12-stop-pfele-step1/3d176ac8da5e9dff208d057f4733ca91/tuple_245_7_eCf.root
27-Nov-2012 02:32:34 EET  Initiating request to open file file:/hdfs/cms/store/user/mario/QCD_Pt_80_170_EMEnriched_TuneZ2star_8TeV_pythia6/Summer12-stop-pfele-step1/3d176ac8da5e9dff208d057f4733ca91/tuple_247_3_Syd.root
27-Nov-2012 02:32:34 EET  Successfully opened file file:/hdfs/cms/store/user/mario/QCD_Pt_80_170_EMEnriched_TuneZ2star_8TeV_pythia6/Summer12-stop-pfele-step1/3d176ac8da5e9dff208d057f4733ca91/tuple_247_3_Syd.root
Begin processing the 3001st record. Run 1, Event 191079301, LumiSection 61283 at 27-Nov-2012 02:32:48.290 EET
Begin processing the 4001st record. Run 1, Event 208582366, LumiSection 66897 at 27-Nov-2012 02:32:51.513 EET
Begin processing the 5001st record. Run 1, Event 122642136, LumiSection 39334 at 27-Nov-2012 02:32:55.822 EET
Begin processing the 6001st record. Run 1, Event 210445346, LumiSection 67494 at 27-Nov-2012 02:32:58.843 EET
Begin processing the 7001st record. Run 1, Event 221589262, LumiSection 71068 at 27-Nov-2012 02:33:02.107 EET
Begin processing the 8001st record. Run 1, Event 66523870, LumiSection 21336 at 27-Nov-2012 02:33:06.699 EET
Begin processing the 9001st record. Run 1, Event 191438090, LumiSection 61398 at 27-Nov-2012 02:33:10.577 EET
Begin processing the 10001st record. Run 1, Event 203867919, LumiSection 65385 at 27-Nov-2012 02:33:16.857 EET
Begin processing the 11001st record. Run 1, Event 207923924, LumiSection 66686 at 27-Nov-2012 02:33:21.014 EET
Begin processing the 12001st record. Run 1, Event 214750333, LumiSection 68875 at 27-Nov-2012 02:33:26.630 EET
Begin processing the 13001st record. Run 1, Event 55660030, LumiSection 17852 at 27-Nov-2012 02:33:29.839 EET
Begin processing the 14001st record. Run 1, Event 107056513, LumiSection 34335 at 27-Nov-2012 02:33:32.817 EET
Begin processing the 15001st record. Run 1, Event 201010610, LumiSection 64468 at 27-Nov-2012 02:33:37.989 EET
Begin processing the 16001st record. Run 1, Event 71285040, LumiSection 22863 at 27-Nov-2012 02:33:41.831 EET
Begin processing the 17001st record. Run 1, Event 107532558, LumiSection 34488 at 27-Nov-2012 02:33:47.016 EET
Begin processing the 18001st record. Run 1, Event 196593620, LumiSection 63052 at 27-Nov-2012 02:33:50.628 EET
27-Nov-2012 02:33:51 EET  Closed file file:/hdfs/cms/store/user/mario/QCD_Pt_80_170_EMEnriched_TuneZ2star_8TeV_pythia6/Summer12-stop-pfele-step1/3d176ac8da5e9dff208d057f4733ca91/tuple_247_3_Syd.root
27-Nov-2012 02:33:51 EET  Initiating request to open file file:/hdfs/cms/store/user/mario/QCD_Pt_80_170_EMEnriched_TuneZ2star_8TeV_pythia6/Summer12-stop-pfele-step1/3d176ac8da5e9dff208d057f4733ca91/tuple_327_7_5CI.root
27-Nov-2012 02:33:52 EET  Successfully opened file file:/hdfs/cms/store/user/mario/QCD_Pt_80_170_EMEnriched_TuneZ2star_8TeV_pythia6/Summer12-stop-pfele-step1/3d176ac8da5e9dff208d057f4733ca91/tuple_327_7_5CI.root
Begin processing the 19001st record. Run 1, Event 108267662, LumiSection 34724 at 27-Nov-2012 02:34:11.113 EET
Begin processing the 20001st record. Run 1, Event 127671087, LumiSection 40947 at 27-Nov-2012 02:34:14.173 EET
Begin processing the 21001st record. Run 1, Event 151963553, LumiSection 48738 at 27-Nov-2012 02:34:19.364 EET
Begin processing the 22001st record. Run 1, Event 193241426, LumiSection 61977 at 27-Nov-2012 02:34:22.381 EET
Begin processing the 23001st record. Run 1, Event 51244088, LumiSection 16435 at 27-Nov-2012 02:34:25.496 EET
Begin processing the 24001st record. Run 1, Event 42665967, LumiSection 13684 at 27-Nov-2012 02:34:30.477 EET
Begin processing the 25001st record. Run 1, Event 23307533, LumiSection 7476 at 27-Nov-2012 02:34:33.623 EET
Begin processing the 26001st record. Run 1, Event 30309076, LumiSection 9721 at 27-Nov-2012 02:34:41.803 EET
Begin processing the 27001st record. Run 1, Event 37844546, LumiSection 12138 at 27-Nov-2012 02:34:45.288 EET
Begin processing the 28001st record. Run 1, Event 84755211, LumiSection 27183 at 27-Nov-2012 02:34:48.606 EET
Begin processing the 29001st record. Run 1, Event 94855775, LumiSection 30422 at 27-Nov-2012 02:34:55.674 EET
Begin processing the 30001st record. Run 1, Event 183545645, LumiSection 58867 at 27-Nov-2012 02:34:58.605 EET
Begin processing the 31001st record. Run 1, Event 204800651, LumiSection 65684 at 27-Nov-2012 02:35:04.078 EET
Begin processing the 32001st record. Run 1, Event 81540337, LumiSection 26152 at 27-Nov-2012 02:35:07.036 EET
Begin processing the 33001st record. Run 1, Event 35146258, LumiSection 11273 at 27-Nov-2012 02:35:10.562 EET
Begin processing the 34001st record. Run 1, Event 40173685, LumiSection 12885 at 27-Nov-2012 02:35:13.296 EET
27-Nov-2012 02:35:14 EET  Closed file file:/hdfs/cms/store/user/mario/QCD_Pt_80_170_EMEnriched_TuneZ2star_8TeV_pythia6/Summer12-stop-pfele-step1/3d176ac8da5e9dff208d057f4733ca91/tuple_327_7_5CI.root
27-Nov-2012 02:35:14 EET  Initiating request to open file file:/hdfs/cms/store/user/mario/QCD_Pt_80_170_EMEnriched_TuneZ2star_8TeV_pythia6/Summer12-stop-pfele-step1/3d176ac8da5e9dff208d057f4733ca91/tuple_321_2_RcP.root
27-Nov-2012 02:35:15 EET  Successfully opened file file:/hdfs/cms/store/user/mario/QCD_Pt_80_170_EMEnriched_TuneZ2star_8TeV_pythia6/Summer12-stop-pfele-step1/3d176ac8da5e9dff208d057f4733ca91/tuple_321_2_RcP.root
Begin processing the 35001st record. Run 1, Event 108869451, LumiSection 34917 at 27-Nov-2012 02:35:40.891 EET
Begin processing the 36001st record. Run 1, Event 138911027, LumiSection 44552 at 27-Nov-2012 02:35:44.739 EET
Begin processing the 37001st record. Run 1, Event 141746432, LumiSection 45461 at 27-Nov-2012 02:35:48.183 EET
Begin processing the 38001st record. Run 1, Event 165074127, LumiSection 52943 at 27-Nov-2012 02:35:52.183 EET
27-Nov-2012 02:35:54 EET  Closed file file:/hdfs/cms/store/user/mario/QCD_Pt_80_170_EMEnriched_TuneZ2star_8TeV_pythia6/Summer12-stop-pfele-step1/3d176ac8da5e9dff208d057f4733ca91/tuple_321_2_RcP.root
27-Nov-2012 02:35:54 EET  Initiating request to open file file:/hdfs/cms/store/user/mario/QCD_Pt_80_170_EMEnriched_TuneZ2star_8TeV_pythia6/Summer12-stop-pfele-step1/3d176ac8da5e9dff208d057f4733ca91/tuple_323_7_Gkb.root
27-Nov-2012 02:35:54 EET  Successfully opened file file:/hdfs/cms/store/user/mario/QCD_Pt_80_170_EMEnriched_TuneZ2star_8TeV_pythia6/Summer12-stop-pfele-step1/3d176ac8da5e9dff208d057f4733ca91/tuple_323_7_Gkb.root
Begin processing the 39001st record. Run 1, Event 42152553, LumiSection 13520 at 27-Nov-2012 02:36:08.016 EET
Begin processing the 40001st record. Run 1, Event 46267239, LumiSection 14839 at 27-Nov-2012 02:36:10.891 EET
Begin processing the 41001st record. Run 1, Event 52700028, LumiSection 16902 at 27-Nov-2012 02:36:13.787 EET
Begin processing the 42001st record. Run 1, Event 53728609, LumiSection 17232 at 27-Nov-2012 02:36:18.914 EET
Begin processing the 43001st record. Run 1, Event 114543849, LumiSection 36737 at 27-Nov-2012 02:36:21.911 EET
Begin processing the 44001st record. Run 1, Event 154481442, LumiSection 49546 at 27-Nov-2012 02:36:26.159 EET
Begin processing the 45001st record. Run 1, Event 166274422, LumiSection 53328 at 27-Nov-2012 02:36:29.169 EET
Begin processing the 46001st record. Run 1, Event 47052918, LumiSection 15091 at 27-Nov-2012 02:36:35.081 EET
Begin processing the 47001st record. Run 1, Event 10565360, LumiSection 3389 at 27-Nov-2012 02:36:38.017 EET
Begin processing the 48001st record. Run 1, Event 22969093, LumiSection 7367 at 27-Nov-2012 02:36:41.099 EET
Begin processing the 49001st record. Run 1, Event 28555177, LumiSection 9159 at 27-Nov-2012 02:36:45.704 EET
Begin processing the 50001st record. Run 1, Event 35647879, LumiSection 11433 at 27-Nov-2012 02:36:48.667 EET
Begin processing the 51001st record. Run 1, Event 42952737, LumiSection 13776 at 27-Nov-2012 02:36:53.530 EET
Begin processing the 52001st record. Run 1, Event 57782888, LumiSection 18533 at 27-Nov-2012 02:36:56.651 EET
Begin processing the 53001st record. Run 1, Event 216169302, LumiSection 69330 at 27-Nov-2012 02:37:00.489 EET
Begin processing the 54001st record. Run 1, Event 227114237, LumiSection 72840 at 27-Nov-2012 02:37:04.414 EET
27-Nov-2012 02:37:07 EET  Closed file file:/hdfs/cms/store/user/mario/QCD_Pt_80_170_EMEnriched_TuneZ2star_8TeV_pythia6/Summer12-stop-pfele-step1/3d176ac8da5e9dff208d057f4733ca91/tuple_323_7_Gkb.root
27-Nov-2012 02:37:07 EET  Initiating request to open file file:/hdfs/cms/store/user/mario/QCD_Pt_80_170_EMEnriched_TuneZ2star_8TeV_pythia6/Summer12-stop-pfele-step1/3d176ac8da5e9dff208d057f4733ca91/tuple_324_7_Kq2.root
27-Nov-2012 02:37:08 EET  Successfully opened file file:/hdfs/cms/store/user/mario/QCD_Pt_80_170_EMEnriched_TuneZ2star_8TeV_pythia6/Summer12-stop-pfele-step1/3d176ac8da5e9dff208d057f4733ca91/tuple_324_7_Kq2.root
Begin processing the 55001st record. Run 1, Event 65704837, LumiSection 21073 at 27-Nov-2012 02:37:25.620 EET
Begin processing the 56001st record. Run 1, Event 95759535, LumiSection 30712 at 27-Nov-2012 02:37:28.523 EET
Begin processing the 57001st record. Run 1, Event 126425254, LumiSection 40547 at 27-Nov-2012 02:37:31.991 EET
Begin processing the 58001st record. Run 1, Event 145925358, LumiSection 46801 at 27-Nov-2012 02:37:36.965 EET
Begin processing the 59001st record. Run 1, Event 28107783, LumiSection 9015 at 27-Nov-2012 02:37:40.686 EET
Begin processing the 60001st record. Run 1, Event 35187470, LumiSection 11286 at 27-Nov-2012 02:37:45.641 EET
Begin processing the 61001st record. Run 1, Event 35697394, LumiSection 11449 at 27-Nov-2012 02:37:49.033 EET
Begin processing the 62001st record. Run 1, Event 45318408, LumiSection 14535 at 27-Nov-2012 02:37:54.179 EET
Begin processing the 63001st record. Run 1, Event 71292667, LumiSection 22865 at 27-Nov-2012 02:37:56.378 EET
Begin processing the 64001st record. Run 1, Event 62658527, LumiSection 20096 at 27-Nov-2012 02:37:59.285 EET
Begin processing the 65001st record. Run 1, Event 90774699, LumiSection 29114 at 27-Nov-2012 02:38:04.733 EET
Begin processing the 66001st record. Run 1, Event 124181236, LumiSection 39828 at 27-Nov-2012 02:38:08.630 EET
Begin processing the 67001st record. Run 1, Event 87294102, LumiSection 27997 at 27-Nov-2012 02:38:16.124 EET
Begin processing the 68001st record. Run 1, Event 96194692, LumiSection 30852 at 27-Nov-2012 02:38:19.621 EET
Begin processing the 69001st record. Run 1, Event 120181730, LumiSection 38545 at 27-Nov-2012 02:38:22.543 EET
27-Nov-2012 02:38:26 EET  Closed file file:/hdfs/cms/store/user/mario/QCD_Pt_80_170_EMEnriched_TuneZ2star_8TeV_pythia6/Summer12-stop-pfele-step1/3d176ac8da5e9dff208d057f4733ca91/tuple_324_7_Kq2.root

=============================================

MessageLogger Summary

 type     category        sev    module        subroutine        count    total
 ---- -------------------- -- ---------------- ----------------  -----    -----
    1 fileAction           -s file_close                             6        6
    2 fileAction           -s file_open                             12       12

 type    category    Examples: run/evt        run/evt          run/evt
 ---- -------------------- ---------------- ---------------- ----------------
    1 fileAction           PostProcessEvent PostProcessEvent PostEndRun
    2 fileAction           pre-events       pre-events       PostProcessEvent

Severity    # Occurrences   Total Occurrences
--------    -------------   -----------------
System                 18                  18
>>> END OF printout of 106 lines from stdout+stderr
>>> Parse FrameworkJobReport crab_fjr.xml
Result of parsing the FrameworkJobReport crab_fjr.xml: Popularity start
lumisRange : 1::24363,27452,29210,29384,34912,34917,34930,34963,41074,41158,41693,42571,43713,44552,44656,44752,44796,44941,44977,44986,45030,45035,45398,45461,45539,45579,45653,45831,45833,46654,46929,50821,51699,51803,52774,52835,52943,53218,53761,56172,56270,56286::1;1::205,1557,1760,8307,8315,9149-9150,14565,15236,17642,17852,18916,19992,20828,20848-20849,21124,21336,21461,22809,22863,22954,23044,23088,23246,24225,24334,24336,24441,25800,26024,26476,26912,26988,27079,27216-27217,34335,34351,34357,34384,34394,34401,34405,34488,35285,35290,35631,35703,38360-38361,38371,38548,39334,41225,45369,54027,56690,56947,57397,57405,58374,58629,58963,59055,59281-59282,59287,59499,60564,60987,61283,61286,61398,61827,62102,62206,62292,62458,62462,62677-62678,62994,63049,63052,63250-63251,63253,63463,63514,63708,63762,64216,64250,64372,64419,64468,64569,64573,64575,64777,64969,65002,65315-65316,65319,65348,65385,65389,65436,65520,65571,65619-65621,65729,65742,66370,66409,66459,66542,66581,66632,66686,66849,66895,66897,66988-66989,67038,67042,67081-67082,67088,67433,67494,67496,68539,68602,68604,68607,68687,68732,68781,68784,68826,68834,68837-68838,68875,68953-68954,69055,69904,70462,70497,71006,71068,71140,71373,71411,71542-71543,71617,71620,71733,72167,72283,72709,72879::2;1::8796,9015,9276,9674,10477,10728,10737,11286,11293,11307,11367,11381,11399,11410,11436,11440,11449,11555,12443,13126,14207,14248,14296,14307,14316,14343,14470,14504,14516,14518,14535,14553,14570,14581,14609,14629,15781,15954,16692,16856,17414,19301,19598,19658,19770,20096,20609,20736,20834,20919,21020,21073,21539,21619,21655,21921,22197,22231,22308,22531,22865,22952,23032,23046,23585,24443,24523,24735,24823,25149,25153,25258,25475,25529,25592,25724,26610,26658,26753,26877,26909,27076,27446,27561,27978,27997,28278,28399,28579,28588,28783,29114,29550,29776,29839,30007,30369,30403,30429-30430,30712,30852,30855,31621,31841,32149,32459,32860,32910,33917,34157,34252,36052,36095,36412,36449,37738,38173,38488,38545,38604,38806,39082,39101,39328,39409,39429,39771,39828,40547,40719,40911,41035,41677,43205,43667,43695,44991,45154,45208,45578,45674,45812,46198,46801,48023-48024,48028,48031,48035,48698,49086,49508,49520,49572,49763,49872,51130,51297,53037::3;1::1288,1437,1473,1549,1613,1880,1947,2233,2313,2388,2456,3339,3389,4103,4192,4281,4610,4875,5605,5622,6064,6137,7024,7040,7064,7367,7369,7388,7437,7595,7673,7944,8627,8870,9159,9896,10107,10220,10562,10665,10792,11196,11297,11433,12185,12281,12349,12370,12432,12455,12872,12959,13165,13190,13410,13515,13520,13552,13776,13785,13806,13904,13908,14101,14146,14355,14465,14482,14545,14745,14838-14839,14938,15045,15091,15207,15226,15362,15451,15485,15768,15851,15884,16050,16178,16221,16264,16280,16339,16395,16540,16549,16806,16902,16954,17232,17391,17459,17835,18096,18105,18429,18482,18533,18548,18550,18716,18820,18907,18949,19219,19348,19466,19521,19761,19841,19969,20321,20833,24057,31543,32910,33543,36737,36940,38927,38933,41078,41139,42833,43222,43980,44238,49546,51784,51786,53196,53232,53235-53236,53280,53282,53323,53328,53624,55073,56342,61196,63144-63145,63809,64883,66114,66414,67411,67848,67877,67963,69330,70758,70838,70840,70847,70854,70861,72425,72489,72501,72840::4;1::2199,2324,2547,3514,3516,4273,4883,5079,5441,6229,6532,6686,7208-7209,7340,7454,7465,7476,7685,7979,8075,8291,8548,8591,8894,9362,9721,9725,9788,9926,10268,10306,10315,10502,10521,10551,10760,10815,10838,10910,11009,11095,11148,11192,11269,11273,11314,11370,11620,11627,11671,11779,12138,12280,12350,12550,12700,12885,13050,13342,13577,13684,13845,13886,13948,14781,14831,15123,15479,16340,16435,17454,17583,19925,25313,25320,25324,25329,25426-25427,25538,25830,26152,26566,26777,26937,27183,27268,27392,27601,27736,27773,28182,28322,28989,29164,30422,30459,30507,30530,31155,32350,32714,32794,32848,33528,34724,36461,36986,37033,37101,37201,37539,37662,38039,40920,40947,40970,42267,43114,43234,44153,44236,44908,45628,48235,48738,48756,48833,49278,49355,49530,52920,53315,53320,53964,57576,58862,58867-58868,58974,59163,59596,60727,60902,61333,61652-61653,61952,61977,62075,62105,62210,62247,62299,62626,62740,62792,62983,63268,65280,65287,65444,65684,67112,67273,67695,67884,67942::5;1::2820,2841,2865,2871,2883,2890,2912,3116,3133,3135,3148,3165,3167,3283,3501,3504,4452,5273,5930,6192,6410,6659,7539,8712,15976::6;
lumisParentRange : 
Basename : /store/user/mario/QCD_Pt_80_170_EMEnriched_TuneZ2star_8TeV_pythia6/Summer12-stop-pfele-step1/3d176ac8da5e9dff208d057f4733ca91/tuple_
BasenameParent : 
parentFiles : 
inputBlocks : /QCD_Pt_80_170_EMEnriched_TuneZ2star_8TeV_pythia6/mario-Summer12-stop-pfele-step1-3d176ac8da5e9dff208d057f4733ca91/USER#1edbd789-8e01-4834-bf44-0c1d693a4b92
inputFiles : 321_2_RcP.root::1::EDM::Local::1;247_3_Syd.root::1::EDM::Local::2;324_7_Kq2.root::1::EDM::Local::3;323_7_Gkb.root::1::EDM::Local::4;327_7_5CI.root::1::EDM::Local::5;245_7_eCf.root::1::EDM::Local::6;
Popularity stop
Extracted ExitStatus from FrameworkJobReport parsing output: 0
>>> Executable succeded  0
ExeExitCode=0
EXECUTABLE_EXIT_STATUS = 0
>>> current directory /home/cms067/home_crmrs_590892094/CREAM590892094/glide_N24055/execute/dir_1177/CMSSW_5_3_5
>>>  (SOFTWARE_DIR): /home/cms067/home_crmrs_590892094/CREAM590892094/glide_N24055/execute/dir_1177/CMSSW_5_3_5
>>> (WORKING_DIR): 
>>> current directory content:
total 156
drwxr-xr-x 3 cms067 cms  4096 Nov 27 02:31 .SCRAM
-rw-r--r-- 1 cms067 cms 30066 Nov 27 02:31 CMSSW.py.pkl
drwxr-xr-x 3 cms067 cms  4096 Nov 27 02:31 bin
drwxr-xr-x 3 cms067 cms  4096 Nov 27 02:31 cfipython
drwxr-xr-x 5 cms067 cms  4096 Nov 27 02:31 config
-rw-r--r-- 1 cms067 cms    16 Nov 27 02:38 cpu_timing.txt
drwxr-xr-x 2 cms067 cms  4096 Nov 27 02:31 doc
-rw-r--r-- 1 cms067 cms 12319 Nov 27 02:38 executable.out
drwxr-xr-x 2 cms067 cms  4096 Nov 27 02:31 include
drwxrwxrwx 3 cms067 cms  4096 Oct 22 16:38 lib
drwxr-xr-x 3 cms067 cms  4096 Nov 27 02:31 logs
drwxr-xr-x 3 cms067 cms  4096 Nov 27 02:31 objs
-rw-r--r-- 1 cms067 cms 17369 Nov 27 02:38 optHistograms.root
-rw-r--r-- 1 cms067 cms   104 Nov 27 02:31 pset.py
-rw-r--r-- 1 cms067 cms 19659 Nov 27 02:31 pset.py.pkl
-rw-r--r-- 1 cms067 cms   289 Nov 27 02:31 pset.pyc
drwxr-xr-x 2 cms067 cms  4096 Nov 27 02:31 python
-rw-r--r-- 1 cms067 cms   420 Nov 27 02:38 report.log
drwxrwxrwx 4 cms067 cms  4096 Nov 27 02:31 src
drwxr-xr-x 3 cms067 cms  4096 Nov 27 02:31 test
drwxr-xr-x 3 cms067 cms  4096 Nov 27 02:31 tmp
>>> current directory /home/cms067/home_crmrs_590892094/CREAM590892094/glide_N24055/execute/dir_1177/CMSSW_5_3_5
>>> (SOFTWARE_DIR): /home/cms067/home_crmrs_590892094/CREAM590892094/glide_N24055/execute/dir_1177/CMSSW_5_3_5
>>> (WORKING_DIR): 
>>> current directory content:
total 136
drwxr-xr-x 3 cms067 cms  4096 Nov 27 02:31 .SCRAM
-rw-r--r-- 1 cms067 cms 30066 Nov 27 02:31 CMSSW.py.pkl
drwxr-xr-x 3 cms067 cms  4096 Nov 27 02:31 bin
drwxr-xr-x 3 cms067 cms  4096 Nov 27 02:31 cfipython
drwxr-xr-x 5 cms067 cms  4096 Nov 27 02:31 config
-rw-r--r-- 1 cms067 cms    16 Nov 27 02:38 cpu_timing.txt
drwxr-xr-x 2 cms067 cms  4096 Nov 27 02:31 doc
-rw-r--r-- 1 cms067 cms 12319 Nov 27 02:38 executable.out
drwxr-xr-x 2 cms067 cms  4096 Nov 27 02:31 include
drwxrwxrwx 3 cms067 cms  4096 Oct 22 16:38 lib
drwxr-xr-x 3 cms067 cms  4096 Nov 27 02:31 logs
drwxr-xr-x 3 cms067 cms  4096 Nov 27 02:31 objs
-rw-r--r-- 1 cms067 cms   104 Nov 27 02:31 pset.py
-rw-r--r-- 1 cms067 cms 19659 Nov 27 02:31 pset.py.pkl
-rw-r--r-- 1 cms067 cms   289 Nov 27 02:31 pset.pyc
drwxr-xr-x 2 cms067 cms  4096 Nov 27 02:31 python
-rw-r--r-- 1 cms067 cms   420 Nov 27 02:38 report.log
drwxrwxrwx 4 cms067 cms  4096 Nov 27 02:31 src
drwxr-xr-x 3 cms067 cms  4096 Nov 27 02:31 test
drwxr-xr-x 3 cms067 cms  4096 Nov 27 02:31 tmp
>>> current directory (RUNTIME_AREA):  /home/cms067/home_crmrs_590892094/CREAM590892094/glide_N24055/execute/dir_1177
>>> current dir: /home/cms067/home_crmrs_590892094/CREAM590892094/glide_N24055/execute/dir_1177
>>> current dir content:
total 25804
-rw-rw-rw-  1 cms067 cms     5578 Nov 27 02:30 .job.ad
-rw-rw-rw-  1 cms067 cms    11337 Nov 27 02:30 .machine.ad
-rw-rw-rw-  1 cms067 cms      105 Nov 27 01:30 CMSSW.py
-rw-rw-rw-  1 cms067 cms    30066 Nov 27 01:30 CMSSW.py.pkl
-rwxrw-rw-  1 cms067 cms    23339 Nov 27 02:31 CMSSW.sh
-rw-rw-rw-  1 cms067 cms        0 Nov 27 02:31 CMSSW_13.stderr
-rw-rw-rw-  1 cms067 cms    28855 Nov 27 02:38 CMSSW_13.stdout
drwxr-xr-x 15 cms067 cms     4096 Nov 27 02:38 CMSSW_5_3_5
-rw-r--r--  1 cms067 cms      346 Nov 27 02:31 CacheEnv.sh
-rw-rw-rw-  1 cms067 cms     7291 Jun  9  2010 DashboardAPI.py
-rw-r--r--  1 cms067 cms     6868 Nov 27 02:31 DashboardAPI.pyc
drwxrwxrwx  3 cms067 cms     4096 Nov 27 02:38 IMProv
-rw-rw-rw-  1 cms067 cms     2748 Mar  8  2006 Logger.py
-rw-r--r--  1 cms067 cms     3348 Nov 27 02:31 Logger.pyc
-rw-rw-rw-  1 cms067 cms    24524 Mar 28  2008 ProcInfo.py
-rw-r--r--  1 cms067 cms    23446 Nov 27 02:31 ProcInfo.pyc
drwxrwxrwx  7 cms067 cms     4096 Nov 27 02:31 ProdCommon
drwxrwxrwx  3 cms067 cms     4096 Nov 27 02:31 WMCore
-rw-r--r--  1 cms067 cms     1914 Nov 27 02:37 Watchdog_13.log
-rw-rw-rw-  1 cms067 cms    32895 Mar 28  2008 apmon.py
-rw-r--r--  1 cms067 cms    28845 Nov 27 02:31 apmon.pyc
-rw-rw-rw-  1 cms067 cms   104551 Nov 27 02:31 arguments.xml
-rwxrwxrwx  1 cms067 cms    37427 Sep 13 14:14 cmscp.py
-rwxrwxrwx  1 cms067 cms    23339 Nov 27 02:31 condor_exec.exe
-rw-rw-rw-  1 cms067 cms      545 Nov 27 01:30 crab.cfg
-rwxrwxrwx  1 cms067 cms     9531 Sep 20 21:46 crabWatchdog.sh
-rw-r--r--  1 cms067 cms    53597 Nov 27 02:38 crab_fjr_13.xml
-rw-rw-rw-  1 cms067 cms 25796294 Nov 27 02:31 default.tgz
-rwxrwxrwx  1 cms067 cms     4488 May 12  2012 fillCrabFjr.py
-rw-r--r--  1 cms067 cms     1087 Nov 27 02:31 inputsReport.txt
-rw-r--r--  1 cms067 cms      132 Nov 27 02:38 jobreport.txt
lrwxrwxrwx  1 cms067 cms      106 Nov 27 02:38 optHistograms.root -> /home/cms067/home_crmrs_590892094/CREAM590892094/glide_N24055/execute/dir_1177/optHistograms_13_1_ghj.root
-rw-r--r--  1 cms067 cms    17369 Nov 27 02:38 optHistograms_13_1_ghj.root
-rw-rw-rw-  1 cms067 cms    17352 Jan 20  2012 parseCrabFjr.py
-rw-r--r--  1 cms067 cms      283 Nov 27 02:31 report.log
-rwxrwxrwx  1 cms067 cms     1497 May 27  2009 report.py
-rwxrwxrwx  1 cms067 cms     8387 Mar 23  2011 writeCfg.py
-rw-------  1 cms067 cms     8691 Nov 27 02:30 x509up_u1000009
Checking output files:  
will tar file optHistograms_13_1_ghj.root in  out_files_13
will tar file crab_fjr_13.xml in  out_files_13
will tar file CMSSW_13.stdout in  out_files_13
will tar file CMSSW_13.stderr in  out_files_13
WARNING: output file Watchdog_13.log.gz not found!
>>> padding time: Sleeping the wrapper for 161 seconds
STOPPING WATCHDOG. CrabWatchdog PID is 6605
********** LAST 50 LINES OF WATCHDOG LOG
# RESOURCE USAGE SUMMARY FOR PROCESS ID  5987
USER       PID %CPU %MEM    VSZ   RSS TTY      STAT START   TIME COMMAND
cms067    5987  0.2  0.0   8956  1488 ?        S    02:31   0:00 /bin/sh /home/cms067/home_crmrs_590892094/CREAM590892094/glide_N24055/execute/dir_1177/condor_exec.exe 13 1
 
# LIMITS USED BY THIS WATCHDOG:
# RSS  (KBytes)  : 2300000
# VSZ  (KBytes)  : 100000000
# DISK (MBytes)  : 19000
# CPU  (seconds) : 171600
# WALL (seconds) : 171600
 
# FOLLOWING PRINTOUT TRACKS MAXIMUM VALUES OF RESOURCES USE
# ONE LINE IS PRINTED EACH TIME A MAXIMUM CHANGES
# IF CHANGE WAS IN RSS OR VSZ ALSO PROCID AND COMMAND ARE PRINTED
# THERE IS NO PRINTOUT FOR CPU/WALL TIME INCREASE
 
# TIME			PID	RSS(KB)	VSZ(KB)	Dsk(MB)	tCPU(s)	tWALL(s)	COMMAND
 Nov 27 02:31:28 EET	1166	3560	5652	0	0	35	condor_procd -A /home/cms067/home_crmrs_590892094/CREAM590892094/glide_N24055/log/procd_address.STARTD -L /home/cms067/home_crmrs_590892094/CREAM590892094/glide_N24055/log/ProcLog.STARTD -R 10000000 -S 60 -C
 Nov 27 02:31:28 EET	1177	5312	9300	0	0	35	condor_starter -f submit-2.t2.ucsd.edu       
 Nov 27 02:31:28 EET	6616	23120	84752	0	0	1	edmConfigHash pset.py        
 Nov 27 02:31:28 EET	---	23120	84752	168	----	----	----
 Nov 27 02:32:33 EET	11953	330472	498536	168	19	55	cmsRun -j /home/cms067/home_crmrs_590892094/CREAM590892094/glide_N24055/execute/dir_1177/crab_fjr_13.xml -p pset.py     
 Nov 27 02:33:41 EET	11953	359476	557416	168	63	122	cmsRun -j /home/cms067/home_crmrs_590892094/CREAM590892094/glide_N24055/execute/dir_1177/crab_fjr_13.xml -p pset.py     
 Nov 27 02:34:48 EET	11953	360228	558184	168	100	190	cmsRun -j /home/cms067/home_crmrs_590892094/CREAM590892094/glide_N24055/execute/dir_1177/crab_fjr_13.xml -p pset.py     
 Nov 27 02:37:03 EET	11953	360840	559208	168	181	325	cmsRun -j /home/cms067/home_crmrs_590892094/CREAM590892094/glide_N24055/execute/dir_1177/crab_fjr_13.xml -p pset.py     
 Nov 27 02:39:16 EET	---	360840	559208	169	----	----	----
********** WATCHDOG LOG ENDED
ZIPPING WATCHDOG LOG
Disk space used:
du -sh /home/cms067/home_crmrs_590892094/CREAM590892094/glide_N24055/execute/dir_1177
169M	/home/cms067/home_crmrs_590892094/CREAM590892094/glide_N24055/execute/dir_1177
>>> info for dashboard:
***** Cat /home/cms067/home_crmrs_590892094/CREAM590892094/glide_N24055/execute/dir_1177/jobreport.txt *****
MonitorJobID=13_https://submit-2.t2.ucsd.edu//121127//17531.12
MonitorID=liis_crab_0_121127_013010_p7r30o
ExeTime=406
ExeExitCode=0
CrabUserCpuTime=220.60
CrabSysCpuTime=7.95
CrabCpuPercentage=56%
CrabWrapperTime=600
CrabStageoutTime=NULL
***** End Cat jobreport *****
Parameters sent to Dashboard.
optHistograms_13_1_ghj.root
crab_fjr_13.xml
CMSSW_13.stdout
CMSSW_13.stderr
Watchdog_13.log.gz
tar: .BrokerInfo: Cannot stat: No such file or directory
tar: Error exit delayed from previous errors
Total Output dimension: 28055
WARNING: output files size limit is set to: 50000000
Total Output dimension 28055 is fine.
JOB_EXIT_STATUS = 0
>>> info for dashboard:
***** Cat /home/cms067/home_crmrs_590892094/CREAM590892094/glide_N24055/execute/dir_1177/jobreport.txt *****
MonitorJobID=13_https://submit-2.t2.ucsd.edu//121127//17531.12
MonitorID=liis_crab_0_121127_013010_p7r30o
JobExitCode=0
***** End Cat jobreport *****
Parameters sent to Dashboard.
optHistograms_13_1_ghj.root
crab_fjr_13.xml
