This script was generated by crab (version 2.8.3).
Running /home/cms097/home_creur_597602102/CREAM597602102/glide_uS5454/execute/dir_32195/condor_exec.exe with 2 positional parameters: 54 1
Today is Tue Nov 27 02:31:35 EET 2012
Job submitted on host wn-v-2756.local
Linux wn-v-2756.local 2.6.32-042stab059.7 #1 SMP Tue Jul 24 19:12:01 MSK 2012 x86_64 x86_64 x86_64 GNU/Linux
>>> current directory (RUNTIME_AREA): /home/cms097/home_creur_597602102/CREAM597602102/glide_uS5454/execute/dir_32195
>>> current user: uid=11097(cms097) gid=1400(cms) groups=1400(cms)
>>> voms proxy information:
subject   : /DC=ch/DC=cern/OU=Organic Units/OU=Users/CN=liis/CN=663550/CN=Liis Rebane/CN=proxy/CN=limited proxy
issuer    : /DC=ch/DC=cern/OU=Organic Units/OU=Users/CN=liis/CN=663550/CN=Liis Rebane/CN=proxy
identity  : /DC=ch/DC=cern/OU=Organic Units/OU=Users/CN=liis/CN=663550/CN=Liis Rebane/CN=proxy
type      : limited proxy
strength  : 512 bits
path      : /home/cms097/home_creur_597602102/CREAM597602102/glide_uS5454/execute/dir_32195/x509up_u1000009
timeleft  : 23:58:54
key usage : Digital Signature, Key Encipherment, Data Encipherment
=== VO cms extension information ===
VO        : cms
subject   : /DC=ch/DC=cern/OU=Organic Units/OU=Users/CN=liis/CN=663550/CN=Liis Rebane
issuer    : /DC=ch/DC=cern/OU=computers/CN=lcg-voms.cern.ch
attribute : /cms/Role=NULL/Capability=NULL
timeleft  : 190:54:02
uri       : lcg-voms.cern.ch:15002
>>> tar xzf /home/cms097/home_creur_597602102/CREAM597602102/glide_uS5454/execute/dir_32195/default.tgz :
Successful untar
>>> Include /home/cms097/home_creur_597602102/CREAM597602102/glide_uS5454/execute/dir_32195 in PYTHONPATH:
strip arguments
env var CRAB_UNIQUE_JOB_ID set to: liis_crab_0_121127_013010_p7r30o_54_1_uB0
out_files_54
>>> list of expected files on output sandbox
output files: optHistograms_54_1_uB0.root crab_fjr_54.xml CMSSW_54.stdout CMSSW_54.stderr Watchdog_54.log.gz
>>> GridFlavour discovery: 
GridFlavour=LCG
>>> SyncSite discovery: 
SyncSite=T2_EE_Estonia
>>> SyncCE discovery: 
getting SyncCE from CE_ID
SyncCE=europa.hep.kbfi.ee:8443/cream-pbs-long
>>> info for dashboard:
***** Cat /home/cms097/home_creur_597602102/CREAM597602102/glide_uS5454/execute/dir_32195/jobreport.txt *****
MonitorJobID=54_https://submit-2.t2.ucsd.edu//121127//17531.53
SyncGridJobId=https://submit-2.t2.ucsd.edu//121127//17531.53
MonitorID=liis_crab_0_121127_013010_p7r30o
GridFlavour=LCG
SyncSite=T2_EE_Estonia
SyncCE=europa.hep.kbfi.ee:8443/cream-pbs-long
***** End Cat jobreport *****
Parameters sent to Dashboard.
>>> setup environment
set SCRAM ARCH to slc5_amd64_gcc462
SCRAM_ARCH = slc5_amd64_gcc462
>>> setup CMS LCG environment:
set SCRAM ARCH and BUILD_ARCH to slc5_amd64_gcc462 ###
Sourcing environment... 
sourcing /cvmfs/cms.cern.ch/cmsset_default.sh
==> setup cms environment ok
>>> specific cmssw setup environment:
CMSSW_VERSION =  CMSSW_5_3_5
>>> current directory (SOFTWARE_DIR): /home/cms097/home_creur_597602102/CREAM597602102/glide_uS5454/execute/dir_32195/CMSSW_5_3_5
PreserveSeeds: <>
IncrementSeeds:<>
{}
WNHostName=wn-v-2756.local
>>> info for dashboard:
***** Cat /home/cms097/home_creur_597602102/CREAM597602102/glide_uS5454/execute/dir_32195/jobreport.txt *****
MonitorJobID=54_https://submit-2.t2.ucsd.edu//121127//17531.53
MonitorID=liis_crab_0_121127_013010_p7r30o
WNHostName=wn-v-2756.local
***** End Cat jobreport *****
Parameters sent to Dashboard.
crabWatchdog started as process 1235
>>> moving CMSSW software directories in /home/cms097/home_creur_597602102/CREAM597602102/glide_uS5454/execute/dir_32195/CMSSW_5_3_5
mv: cannot stat `/home/cms097/home_creur_597602102/CREAM597602102/glide_uS5454/execute/dir_32195/module/': No such file or directory
>>> Include /home/cms097/home_creur_597602102/CREAM597602102/glide_uS5454/execute/dir_32195 in PYTHONPATH:
PYTHONPATH=/home/cms097/home_creur_597602102/CREAM597602102/glide_uS5454/execute/dir_32195/:/home/cms097/home_creur_597602102/CREAM597602102/glide_uS5454/execute/dir_32195/CMSSW_5_3_5/python:/home/cms097/home_creur_597602102/CREAM597602102/glide_uS5454/execute/dir_32195/CMSSW_5_3_5/lib/slc5_amd64_gcc462:/cvmfs/cms.cern.ch/slc5_amd64_gcc462/cms/cmssw/CMSSW_5_3_5/python:/cvmfs/cms.cern.ch/slc5_amd64_gcc462/cms/cmssw/CMSSW_5_3_5/lib/slc5_amd64_gcc462:/cvmfs/cms.cern.ch/slc5_amd64_gcc462/cms/coral/CORAL_2_3_21-cms27/slc5_amd64_gcc462/python:/cvmfs/cms.cern.ch/slc5_amd64_gcc462/cms/coral/CORAL_2_3_21-cms27/slc5_amd64_gcc462/lib:/cvmfs/cms.cern.ch/slc5_amd64_gcc462/external/pyqt/4.8.1/lib/python2.6/site-packages:/cvmfs/cms.cern.ch/slc5_amd64_gcc462/external/py2-scipy/0.8.0/lib/python2.6/site-packages:/cvmfs/cms.cern.ch/slc5_amd64_gcc462/external/py2-matplotlib/1.0.1/lib/python2.6/site-packages:/cvmfs/cms.cern.ch/slc5_amd64_gcc462/external/python-ldap/2.3.5/lib/python2.6/site-packages:/cvmfs/cms.cern.ch/slc5_amd64_gcc462/external/sip/4.11.2/lib/python2.6/site-packages:/cvmfs/cms.cern.ch/slc5_amd64_gcc462/external/py2-pycurl/7.19.0/lib/python2.6/site-packages:/cvmfs/cms.cern.ch/slc5_amd64_gcc462/external/py2-numpy/1.6.1/lib/python2.6/site-packages:/cvmfs/cms.cern.ch/slc5_amd64_gcc462/external/py2-ipython/0.10/lib/python2.6/site-packages:/cvmfs/cms.cern.ch/slc5_amd64_gcc462/external/py2-cx-oracle/5.1-cms11/lib/python2.6/site-packages:/cvmfs/cms.cern.ch/slc5_amd64_gcc462/external/py2-cjson/1.0.5/lib/python2.6/site-packages:/cvmfs/cms.cern.ch/slc5_amd64_gcc462/cms/das-client/1.4.1-cms8/bin:/cvmfs/cms.cern.ch/slc5_amd64_gcc462/external/elementtree/1.2.6/share/lib/python2.6/site-packages:/cvmfs/cms.cern.ch/slc5_amd64_gcc462/external/rivet/1.5.1-cms10/lib/python2.6/site-packages:/cvmfs/cms.cern.ch/slc5_amd64_gcc462/external/pyminuit2/0.0.1-cms34/lib/python2.6/site-packages:/cvmfs/cms.cern.ch/slc5_amd64_gcc462/external/professor/1.0.0-cms35/lib/python2.6/site-packages:/cvmfs/cms.cern.ch/slc5_amd64_gcc462/lcg/root/5.32.00-cms18/lib:/cvmfs/cms.cern.ch/slc5_amd64_gcc462/cms/dbs-client/DBS_2_1_1_patch1_1/lib:/cvmfs/cms.cern.ch/slc5_amd64_gcc462/cms/dbs-client/DBS_2_1_1_patch1_1/lib/DBSAPI:/home/cms097/home_creur_597602102/CREAM597602102/glide_uS5454/execute/dir_32195/
241a2a19cb7c5c8751ba22759ab3bdb0
PSETHASH = 241a2a19cb7c5c8751ba22759ab3bdb0
/home/cms097/home_creur_597602102/CREAM597602102/glide_uS5454/execute/dir_32195/writeCfg.py pset.py pset.py
Importing .py file
Setting parameters
inputBlocks=/QCD_Pt_80_170_EMEnriched_TuneZ2star_8TeV_pythia6/mario-Summer12-stop-pfele-step1-3d176ac8da5e9dff208d057f4733ca91/USER#1edbd789-8e01-4834-bf44-0c1d693a4b92
inputFiles=/store/user/mario/QCD_Pt_80_170_EMEnriched_TuneZ2star_8TeV_pythia6/Summer12-stop-pfele-step1/3d176ac8da5e9dff208d057f4733ca91/tuple_116_2_C7Y.root;/store/user/mario/QCD_Pt_80_170_EMEnriched_TuneZ2star_8TeV_pythia6/Summer12-stop-pfele-step1/3d176ac8da5e9dff208d057f4733ca91/tuple_117_1_KQz.root;/store/user/mario/QCD_Pt_80_170_EMEnriched_TuneZ2star_8TeV_pythia6/Summer12-stop-pfele-step1/3d176ac8da5e9dff208d057f4733ca91/tuple_118_3_G2O.root;/store/user/mario/QCD_Pt_80_170_EMEnriched_TuneZ2star_8TeV_pythia6/Summer12-stop-pfele-step1/3d176ac8da5e9dff208d057f4733ca91/tuple_30_3_x0q.root;/store/user/mario/QCD_Pt_80_170_EMEnriched_TuneZ2star_8TeV_pythia6/Summer12-stop-pfele-step1/3d176ac8da5e9dff208d057f4733ca91/tuple_31_8_y8q.root;/store/user/mario/QCD_Pt_80_170_EMEnriched_TuneZ2star_8TeV_pythia6/Summer12-stop-pfele-step1/3d176ac8da5e9dff208d057f4733ca91/tuple_32_3_4dM.root
parentFiles=
lumisRange=
>>> Executable cmsRun
/cvmfs/cms.cern.ch/slc5_amd64_gcc462/cms/cmssw/CMSSW_5_3_5/bin/slc5_amd64_gcc462/cmsRun
ok executable found
>>> info for dashboard:
***** Cat /home/cms097/home_creur_597602102/CREAM597602102/glide_uS5454/execute/dir_32195/jobreport.txt *****
MonitorJobID=54_https://submit-2.t2.ucsd.edu//121127//17531.53
MonitorID=liis_crab_0_121127_013010_p7r30o
ExeStart=cmsRun
***** End Cat jobreport *****
Parameters sent to Dashboard.
>>> cmsRun started at Tue Nov 27 00:31:59 UTC 2012
>>> cmsRun ended at Tue Nov 27 00:38:46 UTC 2012
>>> info for dashboard:
***** Cat /home/cms097/home_creur_597602102/CREAM597602102/glide_uS5454/execute/dir_32195/jobreport.txt *****
MonitorJobID=54_https://submit-2.t2.ucsd.edu//121127//17531.53
MonitorID=liis_crab_0_121127_013010_p7r30o
ExeEnd=cmsRun
***** End Cat jobreport *****
Parameters sent to Dashboard.
TIME_EXE = 407 sec
>>> cmsRun wrote 106 lines of stdout+stderr
>>> START OF printout of 106 lines from stdout+stderr
27-Nov-2012 02:32:14 EET  Initiating request to open file file:/hdfs/cms/store/user/mario/QCD_Pt_80_170_EMEnriched_TuneZ2star_8TeV_pythia6/Summer12-stop-pfele-step1/3d176ac8da5e9dff208d057f4733ca91/tuple_116_2_C7Y.root
27-Nov-2012 02:32:20 EET  Successfully opened file file:/hdfs/cms/store/user/mario/QCD_Pt_80_170_EMEnriched_TuneZ2star_8TeV_pythia6/Summer12-stop-pfele-step1/3d176ac8da5e9dff208d057f4733ca91/tuple_116_2_C7Y.root
Begin processing the 1st record. Run 1, Event 156173974, LumiSection 50088 at 27-Nov-2012 02:32:34.702 EET
Begin processing the 1001st record. Run 1, Event 174858533, LumiSection 56081 at 27-Nov-2012 02:32:41.689 EET
Begin processing the 2001st record. Run 1, Event 22936738, LumiSection 7357 at 27-Nov-2012 02:32:45.171 EET
Begin processing the 3001st record. Run 1, Event 176780316, LumiSection 56697 at 27-Nov-2012 02:32:49.721 EET
27-Nov-2012 02:32:51 EET  Closed file file:/hdfs/cms/store/user/mario/QCD_Pt_80_170_EMEnriched_TuneZ2star_8TeV_pythia6/Summer12-stop-pfele-step1/3d176ac8da5e9dff208d057f4733ca91/tuple_116_2_C7Y.root
27-Nov-2012 02:32:51 EET  Initiating request to open file file:/hdfs/cms/store/user/mario/QCD_Pt_80_170_EMEnriched_TuneZ2star_8TeV_pythia6/Summer12-stop-pfele-step1/3d176ac8da5e9dff208d057f4733ca91/tuple_117_1_KQz.root
27-Nov-2012 02:32:52 EET  Successfully opened file file:/hdfs/cms/store/user/mario/QCD_Pt_80_170_EMEnriched_TuneZ2star_8TeV_pythia6/Summer12-stop-pfele-step1/3d176ac8da5e9dff208d057f4733ca91/tuple_117_1_KQz.root
Begin processing the 4001st record. Run 1, Event 142822697, LumiSection 45806 at 27-Nov-2012 02:33:11.257 EET
Begin processing the 5001st record. Run 1, Event 129529352, LumiSection 41543 at 27-Nov-2012 02:33:13.960 EET
Begin processing the 6001st record. Run 1, Event 127605059, LumiSection 40926 at 27-Nov-2012 02:33:18.028 EET
Begin processing the 7001st record. Run 1, Event 126868240, LumiSection 40689 at 27-Nov-2012 02:33:22.914 EET
Begin processing the 8001st record. Run 1, Event 225027186, LumiSection 72171 at 27-Nov-2012 02:33:26.001 EET
Begin processing the 9001st record. Run 1, Event 135575161, LumiSection 43482 at 27-Nov-2012 02:33:31.205 EET
Begin processing the 10001st record. Run 1, Event 136467199, LumiSection 43768 at 27-Nov-2012 02:33:34.190 EET
Begin processing the 11001st record. Run 1, Event 142717277, LumiSection 45773 at 27-Nov-2012 02:33:38.174 EET
Begin processing the 12001st record. Run 1, Event 144989037, LumiSection 46501 at 27-Nov-2012 02:33:43.451 EET
Begin processing the 13001st record. Run 1, Event 147589572, LumiSection 47335 at 27-Nov-2012 02:33:47.272 EET
Begin processing the 14001st record. Run 1, Event 201205848, LumiSection 64531 at 27-Nov-2012 02:33:53.836 EET
Begin processing the 15001st record. Run 1, Event 128395435, LumiSection 41179 at 27-Nov-2012 02:33:57.175 EET
Begin processing the 16001st record. Run 1, Event 129806698, LumiSection 41632 at 27-Nov-2012 02:34:02.735 EET
Begin processing the 17001st record. Run 1, Event 102828206, LumiSection 32979 at 27-Nov-2012 02:34:06.873 EET
Begin processing the 18001st record. Run 1, Event 103876630, LumiSection 33316 at 27-Nov-2012 02:34:10.888 EET
Begin processing the 19001st record. Run 1, Event 110868663, LumiSection 35558 at 27-Nov-2012 02:34:16.964 EET
Begin processing the 20001st record. Run 1, Event 24338364, LumiSection 7806 at 27-Nov-2012 02:34:20.079 EET
27-Nov-2012 02:34:20 EET  Closed file file:/hdfs/cms/store/user/mario/QCD_Pt_80_170_EMEnriched_TuneZ2star_8TeV_pythia6/Summer12-stop-pfele-step1/3d176ac8da5e9dff208d057f4733ca91/tuple_117_1_KQz.root
27-Nov-2012 02:34:20 EET  Initiating request to open file file:/hdfs/cms/store/user/mario/QCD_Pt_80_170_EMEnriched_TuneZ2star_8TeV_pythia6/Summer12-stop-pfele-step1/3d176ac8da5e9dff208d057f4733ca91/tuple_118_3_G2O.root
27-Nov-2012 02:34:20 EET  Successfully opened file file:/hdfs/cms/store/user/mario/QCD_Pt_80_170_EMEnriched_TuneZ2star_8TeV_pythia6/Summer12-stop-pfele-step1/3d176ac8da5e9dff208d057f4733ca91/tuple_118_3_G2O.root
Begin processing the 21001st record. Run 1, Event 37802799, LumiSection 12125 at 27-Nov-2012 02:34:36.653 EET
Begin processing the 22001st record. Run 1, Event 129820451, LumiSection 41636 at 27-Nov-2012 02:34:39.686 EET
Begin processing the 23001st record. Run 1, Event 135986357, LumiSection 43614 at 27-Nov-2012 02:34:44.550 EET
Begin processing the 24001st record. Run 1, Event 139423457, LumiSection 44716 at 27-Nov-2012 02:34:47.443 EET
Begin processing the 25001st record. Run 1, Event 141392022, LumiSection 45348 at 27-Nov-2012 02:34:52.869 EET
Begin processing the 26001st record. Run 1, Event 142819759, LumiSection 45805 at 27-Nov-2012 02:34:56.069 EET
Begin processing the 27001st record. Run 1, Event 145176542, LumiSection 46561 at 27-Nov-2012 02:34:59.131 EET
Begin processing the 28001st record. Run 1, Event 183818909, LumiSection 58955 at 27-Nov-2012 02:35:04.249 EET
Begin processing the 29001st record. Run 1, Event 201036933, LumiSection 64477 at 27-Nov-2012 02:35:07.833 EET
Begin processing the 30001st record. Run 1, Event 225056863, LumiSection 72180 at 27-Nov-2012 02:35:12.851 EET
Begin processing the 31001st record. Run 1, Event 209418016, LumiSection 67165 at 27-Nov-2012 02:35:16.398 EET
Begin processing the 32001st record. Run 1, Event 207781971, LumiSection 66640 at 27-Nov-2012 02:35:20.651 EET
Begin processing the 33001st record. Run 1, Event 213288305, LumiSection 68406 at 27-Nov-2012 02:35:25.742 EET
Begin processing the 34001st record. Run 1, Event 84114125, LumiSection 26977 at 27-Nov-2012 02:35:28.640 EET
Begin processing the 35001st record. Run 1, Event 88658128, LumiSection 28435 at 27-Nov-2012 02:35:34.026 EET
Begin processing the 36001st record. Run 1, Event 128714336, LumiSection 41282 at 27-Nov-2012 02:35:36.928 EET
27-Nov-2012 02:35:37 EET  Closed file file:/hdfs/cms/store/user/mario/QCD_Pt_80_170_EMEnriched_TuneZ2star_8TeV_pythia6/Summer12-stop-pfele-step1/3d176ac8da5e9dff208d057f4733ca91/tuple_118_3_G2O.root
27-Nov-2012 02:35:37 EET  Initiating request to open file file:/hdfs/cms/store/user/mario/QCD_Pt_80_170_EMEnriched_TuneZ2star_8TeV_pythia6/Summer12-stop-pfele-step1/3d176ac8da5e9dff208d057f4733ca91/tuple_30_3_x0q.root
27-Nov-2012 02:35:38 EET  Successfully opened file file:/hdfs/cms/store/user/mario/QCD_Pt_80_170_EMEnriched_TuneZ2star_8TeV_pythia6/Summer12-stop-pfele-step1/3d176ac8da5e9dff208d057f4733ca91/tuple_30_3_x0q.root
Begin processing the 37001st record. Run 1, Event 165850334, LumiSection 53192 at 27-Nov-2012 02:35:53.771 EET
Begin processing the 38001st record. Run 1, Event 199246463, LumiSection 63903 at 27-Nov-2012 02:35:57.988 EET
Begin processing the 39001st record. Run 1, Event 36862334, LumiSection 11823 at 27-Nov-2012 02:36:02.707 EET
Begin processing the 40001st record. Run 1, Event 30351056, LumiSection 9735 at 27-Nov-2012 02:36:06.181 EET
Begin processing the 41001st record. Run 1, Event 79349709, LumiSection 25449 at 27-Nov-2012 02:36:10.057 EET
Begin processing the 42001st record. Run 1, Event 125488403, LumiSection 40247 at 27-Nov-2012 02:36:15.762 EET
Begin processing the 43001st record. Run 1, Event 150857608, LumiSection 48383 at 27-Nov-2012 02:36:19.116 EET
Begin processing the 44001st record. Run 1, Event 128093039, LumiSection 41082 at 27-Nov-2012 02:36:25.719 EET
Begin processing the 45001st record. Run 1, Event 151227136, LumiSection 48502 at 27-Nov-2012 02:36:28.988 EET
Begin processing the 46001st record. Run 1, Event 159595941, LumiSection 51186 at 27-Nov-2012 02:36:32.142 EET
Begin processing the 47001st record. Run 1, Event 154298532, LumiSection 49487 at 27-Nov-2012 02:36:37.213 EET
Begin processing the 48001st record. Run 1, Event 160305075, LumiSection 51413 at 27-Nov-2012 02:36:40.196 EET
Begin processing the 49001st record. Run 1, Event 163683641, LumiSection 52497 at 27-Nov-2012 02:36:44.625 EET
Begin processing the 50001st record. Run 1, Event 175945076, LumiSection 56429 at 27-Nov-2012 02:36:47.819 EET
Begin processing the 51001st record. Run 1, Event 159144276, LumiSection 51041 at 27-Nov-2012 02:36:51.135 EET
Begin processing the 52001st record. Run 1, Event 152301953, LumiSection 48847 at 27-Nov-2012 02:36:55.557 EET
27-Nov-2012 02:36:58 EET  Closed file file:/hdfs/cms/store/user/mario/QCD_Pt_80_170_EMEnriched_TuneZ2star_8TeV_pythia6/Summer12-stop-pfele-step1/3d176ac8da5e9dff208d057f4733ca91/tuple_30_3_x0q.root
27-Nov-2012 02:36:58 EET  Initiating request to open file file:/hdfs/cms/store/user/mario/QCD_Pt_80_170_EMEnriched_TuneZ2star_8TeV_pythia6/Summer12-stop-pfele-step1/3d176ac8da5e9dff208d057f4733ca91/tuple_31_8_y8q.root
27-Nov-2012 02:36:58 EET  Successfully opened file file:/hdfs/cms/store/user/mario/QCD_Pt_80_170_EMEnriched_TuneZ2star_8TeV_pythia6/Summer12-stop-pfele-step1/3d176ac8da5e9dff208d057f4733ca91/tuple_31_8_y8q.root
Begin processing the 53001st record. Run 1, Event 163898485, LumiSection 52566 at 27-Nov-2012 02:37:17.306 EET
Begin processing the 54001st record. Run 1, Event 167029384, LumiSection 53570 at 27-Nov-2012 02:37:20.353 EET
Begin processing the 55001st record. Run 1, Event 196556549, LumiSection 63040 at 27-Nov-2012 02:37:23.543 EET
Begin processing the 56001st record. Run 1, Event 154909798, LumiSection 49683 at 27-Nov-2012 02:37:30.863 EET
Begin processing the 57001st record. Run 1, Event 159425791, LumiSection 51131 at 27-Nov-2012 02:37:35.043 EET
Begin processing the 58001st record. Run 1, Event 58881878, LumiSection 18885 at 27-Nov-2012 02:37:42.078 EET
Begin processing the 59001st record. Run 1, Event 76067759, LumiSection 24397 at 27-Nov-2012 02:37:46.005 EET
Begin processing the 60001st record. Run 1, Event 71127783, LumiSection 22812 at 27-Nov-2012 02:37:49.267 EET
Begin processing the 61001st record. Run 1, Event 107799102, LumiSection 34574 at 27-Nov-2012 02:37:54.856 EET
Begin processing the 62001st record. Run 1, Event 111186854, LumiSection 35660 at 27-Nov-2012 02:37:58.091 EET
Begin processing the 63001st record. Run 1, Event 151741692, LumiSection 48667 at 27-Nov-2012 02:38:03.566 EET
Begin processing the 64001st record. Run 1, Event 155969262, LumiSection 50023 at 27-Nov-2012 02:38:07.286 EET
Begin processing the 65001st record. Run 1, Event 163023323, LumiSection 52285 at 27-Nov-2012 02:38:13.695 EET
Begin processing the 66001st record. Run 1, Event 182785154, LumiSection 58623 at 27-Nov-2012 02:38:16.764 EET
Begin processing the 67001st record. Run 1, Event 70924371, LumiSection 22747 at 27-Nov-2012 02:38:19.624 EET
Begin processing the 68001st record. Run 1, Event 86137166, LumiSection 27626 at 27-Nov-2012 02:38:24.837 EET
27-Nov-2012 02:38:28 EET  Closed file file:/hdfs/cms/store/user/mario/QCD_Pt_80_170_EMEnriched_TuneZ2star_8TeV_pythia6/Summer12-stop-pfele-step1/3d176ac8da5e9dff208d057f4733ca91/tuple_31_8_y8q.root
27-Nov-2012 02:38:28 EET  Initiating request to open file file:/hdfs/cms/store/user/mario/QCD_Pt_80_170_EMEnriched_TuneZ2star_8TeV_pythia6/Summer12-stop-pfele-step1/3d176ac8da5e9dff208d057f4733ca91/tuple_32_3_4dM.root
27-Nov-2012 02:38:28 EET  Successfully opened file file:/hdfs/cms/store/user/mario/QCD_Pt_80_170_EMEnriched_TuneZ2star_8TeV_pythia6/Summer12-stop-pfele-step1/3d176ac8da5e9dff208d057f4733ca91/tuple_32_3_4dM.root
Begin processing the 69001st record. Run 1, Event 104827447, LumiSection 33621 at 27-Nov-2012 02:38:42.561 EET
27-Nov-2012 02:38:45 EET  Closed file file:/hdfs/cms/store/user/mario/QCD_Pt_80_170_EMEnriched_TuneZ2star_8TeV_pythia6/Summer12-stop-pfele-step1/3d176ac8da5e9dff208d057f4733ca91/tuple_32_3_4dM.root

=============================================

MessageLogger Summary

 type     category        sev    module        subroutine        count    total
 ---- -------------------- -- ---------------- ----------------  -----    -----
    1 fileAction           -s file_close                             6        6
    2 fileAction           -s file_open                             12       12

 type    category    Examples: run/evt        run/evt          run/evt
 ---- -------------------- ---------------- ---------------- ----------------
    1 fileAction           PostProcessEvent PostProcessEvent PostEndRun
    2 fileAction           pre-events       pre-events       PostProcessEvent

Severity    # Occurrences   Total Occurrences
--------    -------------   -----------------
System                 18                  18
>>> END OF printout of 106 lines from stdout+stderr
>>> Parse FrameworkJobReport crab_fjr.xml
Result of parsing the FrameworkJobReport crab_fjr.xml: Popularity start
lumisRange : 1::2842,3123,5151,6291,6572,6689,7806,8615,15251,32975,32979,33090-33091,33094,33108,33122,33130,33138,33164,33171,33316,33370,33609,33699,33872-33873,34072,34208,34978,35026,35558,35718,35874,39341,40254,40301,40417-40419,40448,40467,40550,40578,40609,40688-40691,40716-40717,40749,40764,40783,40926,40973,41003,41008,41021,41030,41062,41179,41350,41381,41383,41501,41543,41547,41632,41998,42024,42077,42081,42090,42107,42121,42136,42157,42159,42223,42242,42254,42290,42299,42311,42313,42358,42370,42372,42383,42434,42511,42799,42922,43005,43147,43150,43294,43331,43336,43340,43342,43363,43374,43377,43424,43457,43462,43482,43676,43692,43755,43759,43763,43768,45027,45084,45091,45119,45134,45147,45170,45393,45546,45632,45670,45773,45785,45806,45835,45856,46299,46444,46448,46480,46482,46495-46496,46501,46505,46508,46559,46604,46606,46611,46631,46656,46875,47198,47290,47335,47341,48085,53557,53646,57836,60086,60101,61462,61585,62853,62891,62893,64380,64531,64789,66418,67925,72171::1;1::6689,8569,8595,9075,11829,11847,11896,11905,11909,12125,13694,14836,15113,15214,16669,16739,26972-26973,26977,27252,28203,28234,28303,28325,28360,28365,28368,28423,28435,28465,33183,33880,33944,34180,34263,35542,35934,36397,38253,38329,38653,41218,41221,41282,41633,41636,41639,42554,42584,42843,42863,42893,43146,43160,43366,43378,43465,43483,43589,43614,43740,44202,44482,44498,44673,44677,44713,44716,44875,44907,44911,44956,45051,45121,45135,45146,45160,45173,45348,45357,45370,45473-45474,45518,45613,45662,45693,45769,45782,45784,45803,45805,46362,46384,46481,46506,46560-46562,46581,46635,47358,47372,49880,50481,52003,52072,52909,53039,53122,53638,56478,57614,57936,58804,58955,59167,59317,61130,62152,62203,62947,64259,64364,64477,64525,66266,66592,66594,66640,66806,66909,67053-67054,67165,67858,67918,67970,68087,68111,68263,68276,68324,68406,68475,68512,68526,68542-68543,68773,68793,68860,69173,69797,69834,70078,70216,70256,70330,71162,71296,71675,72180,72196,72293,72309,72426,72701,72903::2;1::893,4033,4525,5087,6213,7731-7732,8055,9735,11823,12046,12664,14096,14899,15744,15748,16460,17966,23282,25449,28239,38351,38353,38505,38543,38730,38771,38887,39318,39738,39971,40007,40041,40079,40085,40247-40248,40910,40956,41082,41684,41703,41724,42001,42592,42793,44100,45032,45350,46843,48151,48359,48383,48386,48403,48421,48427,48434,48436,48447,48461,48464,48478,48489,48494,48502,48557,48599,48606,48610,48617,48637,48639-48640,48643-48644,48646,48657,48659,48669,48674,48689,48695-48696,48703,48705,48782,48786,48791,48826,48847,48871-48872,48910,48968,49026,49071,49175,49213,49281-49282,49317,49366,49487,49543,49591,49639,50801,51041,51043,51134,51179,51186,51410,51413,51653,51724,51828,51937,51939,52288-52289,52346,52368,52370,52424,52430,52466,52481,52484,52497,52500,52590,52738,52890,53001,53080,53161,53192,53243,53340,53351,53422,53486,53500,53713,53747,56429,56990-56991,58792,58803,60497,61491,63182,63506,63741,63902-63903,63911,63941,63945,63948,64916,65178,68240,68420,69362::3;1::83,4683,5314,11317,11553,12036,12743,14935,16501,16826,17455,18505,18885,19192,19270,19324,21464-21465,21663,21693,21738,21742,21788,22073,22614,22747,22812,23087,23090,23917,24397,24440,24462,24467,25614,26654,27161,27464,27526,27560,27626,28619,28632,28677,29266,29337,29905,29911,31298,32024,33234,34346,34519,34574,34700,34768,35075,35177,35327,35383,35422,35552,35555,35592,35660,35711,35728,36213,41098,43430,46590,47348,48360,48391,48416,48448,48465,48529,48550,48562,48589,48593,48667,48790,48795,48853,48874,48877-48878,49027,49067,49212-49213,49280,49315,49422,49489,49545,49583,49640,49683,49777,49885-49886,50021,50023,50121,50161,50163,50219,50222,50263-50264,50800,51046,51131,51178,51481,51732,51734,52117,52203,52285,52287,52475,52496,52566,52591,52688,52722,52751,52780,52861,52875,53100,53205,53452-53453,53458-53459,53466,53473,53478,53570,56205,56926,57137,57250,57380,57386,57442,57601,57744,58263,58623,59210,59603,59756,59808,60122-60123,60134,61554,63040,63128,63175,63692::4;1::1706,1866,2148,2176,2193,2243,7357,9539,12576,15196,15889,17253,17596,17997,18871,19119,19144,19487,19660,19714,40450,40467,40504,45799,50088,50209,53046,53073-53074,53169,53215-53216,53233,53295,53302,56081,56245,56697,56960,60996,61038::5;1::33502,33621,34580,34582,34585,35067,35597,35773,35794,36246,41699,43430::6;
lumisParentRange : 
Basename : /store/user/mario/QCD_Pt_80_170_EMEnriched_TuneZ2star_8TeV_pythia6/Summer12-stop-pfele-step1/3d176ac8da5e9dff208d057f4733ca91/tuple_
BasenameParent : 
parentFiles : 
inputBlocks : /QCD_Pt_80_170_EMEnriched_TuneZ2star_8TeV_pythia6/mario-Summer12-stop-pfele-step1-3d176ac8da5e9dff208d057f4733ca91/USER#1edbd789-8e01-4834-bf44-0c1d693a4b92
inputFiles : 117_1_KQz.root::1::EDM::Local::1;118_3_G2O.root::1::EDM::Local::2;30_3_x0q.root::1::EDM::Local::3;31_8_y8q.root::1::EDM::Local::4;116_2_C7Y.root::1::EDM::Local::5;32_3_4dM.root::1::EDM::Local::6;
Popularity stop
Extracted ExitStatus from FrameworkJobReport parsing output: 0
>>> Executable succeded  0
ExeExitCode=0
EXECUTABLE_EXIT_STATUS = 0
>>> current directory /home/cms097/home_creur_597602102/CREAM597602102/glide_uS5454/execute/dir_32195/CMSSW_5_3_5
>>>  (SOFTWARE_DIR): /home/cms097/home_creur_597602102/CREAM597602102/glide_uS5454/execute/dir_32195/CMSSW_5_3_5
>>> (WORKING_DIR): 
>>> current directory content:
total 156
drwxr-xr-x 3 cms097 cms  4096 Nov 27 02:31 .SCRAM
-rw-r--r-- 1 cms097 cms 30066 Nov 27 02:31 CMSSW.py.pkl
drwxr-xr-x 3 cms097 cms  4096 Nov 27 02:31 bin
drwxr-xr-x 3 cms097 cms  4096 Nov 27 02:31 cfipython
drwxr-xr-x 5 cms097 cms  4096 Nov 27 02:31 config
-rw-r--r-- 1 cms097 cms    16 Nov 27 02:38 cpu_timing.txt
drwxr-xr-x 2 cms097 cms  4096 Nov 27 02:31 doc
-rw-r--r-- 1 cms097 cms 12342 Nov 27 02:38 executable.out
drwxr-xr-x 2 cms097 cms  4096 Nov 27 02:31 include
drwxrwxrwx 3 cms097 cms  4096 Oct 22 16:38 lib
drwxr-xr-x 3 cms097 cms  4096 Nov 27 02:31 logs
drwxr-xr-x 3 cms097 cms  4096 Nov 27 02:31 objs
-rw-r--r-- 1 cms097 cms 16829 Nov 27 02:38 optHistograms.root
-rw-r--r-- 1 cms097 cms   104 Nov 27 02:31 pset.py
-rw-r--r-- 1 cms097 cms 19656 Nov 27 02:31 pset.py.pkl
-rw-r--r-- 1 cms097 cms   289 Nov 27 02:31 pset.pyc
drwxr-xr-x 2 cms097 cms  4096 Nov 27 02:31 python
-rw-r--r-- 1 cms097 cms   420 Nov 27 02:38 report.log
drwxrwxrwx 4 cms097 cms  4096 Nov 27 02:31 src
drwxr-xr-x 3 cms097 cms  4096 Nov 27 02:31 test
drwxr-xr-x 3 cms097 cms  4096 Nov 27 02:31 tmp
>>> current directory /home/cms097/home_creur_597602102/CREAM597602102/glide_uS5454/execute/dir_32195/CMSSW_5_3_5
>>> (SOFTWARE_DIR): /home/cms097/home_creur_597602102/CREAM597602102/glide_uS5454/execute/dir_32195/CMSSW_5_3_5
>>> (WORKING_DIR): 
>>> current directory content:
total 136
drwxr-xr-x 3 cms097 cms  4096 Nov 27 02:31 .SCRAM
-rw-r--r-- 1 cms097 cms 30066 Nov 27 02:31 CMSSW.py.pkl
drwxr-xr-x 3 cms097 cms  4096 Nov 27 02:31 bin
drwxr-xr-x 3 cms097 cms  4096 Nov 27 02:31 cfipython
drwxr-xr-x 5 cms097 cms  4096 Nov 27 02:31 config
-rw-r--r-- 1 cms097 cms    16 Nov 27 02:38 cpu_timing.txt
drwxr-xr-x 2 cms097 cms  4096 Nov 27 02:31 doc
-rw-r--r-- 1 cms097 cms 12342 Nov 27 02:38 executable.out
drwxr-xr-x 2 cms097 cms  4096 Nov 27 02:31 include
drwxrwxrwx 3 cms097 cms  4096 Oct 22 16:38 lib
drwxr-xr-x 3 cms097 cms  4096 Nov 27 02:31 logs
drwxr-xr-x 3 cms097 cms  4096 Nov 27 02:31 objs
-rw-r--r-- 1 cms097 cms   104 Nov 27 02:31 pset.py
-rw-r--r-- 1 cms097 cms 19656 Nov 27 02:31 pset.py.pkl
-rw-r--r-- 1 cms097 cms   289 Nov 27 02:31 pset.pyc
drwxr-xr-x 2 cms097 cms  4096 Nov 27 02:31 python
-rw-r--r-- 1 cms097 cms   420 Nov 27 02:38 report.log
drwxrwxrwx 4 cms097 cms  4096 Nov 27 02:31 src
drwxr-xr-x 3 cms097 cms  4096 Nov 27 02:31 test
drwxr-xr-x 3 cms097 cms  4096 Nov 27 02:31 tmp
>>> current directory (RUNTIME_AREA):  /home/cms097/home_creur_597602102/CREAM597602102/glide_uS5454/execute/dir_32195
>>> current dir: /home/cms097/home_creur_597602102/CREAM597602102/glide_uS5454/execute/dir_32195
>>> current dir content:
total 25800
-rw-rw-rw-  1 cms097 cms     5605 Nov 27 02:31 .job.ad
-rw-rw-rw-  1 cms097 cms    11529 Nov 27 02:31 .machine.ad
-rw-rw-rw-  1 cms097 cms      105 Nov 27 01:30 CMSSW.py
-rw-rw-rw-  1 cms097 cms    30066 Nov 27 01:30 CMSSW.py.pkl
-rwxrw-rw-  1 cms097 cms    23339 Nov 27 02:31 CMSSW.sh
-rw-rw-rw-  1 cms097 cms        0 Nov 27 02:31 CMSSW_54.stderr
-rw-rw-rw-  1 cms097 cms    28889 Nov 27 02:38 CMSSW_54.stdout
drwxr-xr-x 15 cms097 cms     4096 Nov 27 02:38 CMSSW_5_3_5
-rw-r--r--  1 cms097 cms      347 Nov 27 02:31 CacheEnv.sh
-rw-rw-rw-  1 cms097 cms     7291 Jun  9  2010 DashboardAPI.py
-rw-r--r--  1 cms097 cms     6883 Nov 27 02:31 DashboardAPI.pyc
drwxrwxrwx  3 cms097 cms     4096 Nov 27 02:38 IMProv
-rw-rw-rw-  1 cms097 cms     2748 Mar  8  2006 Logger.py
-rw-r--r--  1 cms097 cms     3353 Nov 27 02:31 Logger.pyc
-rw-rw-rw-  1 cms097 cms    24524 Mar 28  2008 ProcInfo.py
-rw-r--r--  1 cms097 cms    23470 Nov 27 02:31 ProcInfo.pyc
drwxrwxrwx  7 cms097 cms     4096 Nov 27 02:31 ProdCommon
drwxrwxrwx  3 cms097 cms     4096 Nov 27 02:31 WMCore
-rw-r--r--  1 cms097 cms     1735 Nov 27 02:36 Watchdog_54.log
-rw-rw-rw-  1 cms097 cms    32895 Mar 28  2008 apmon.py
-rw-r--r--  1 cms097 cms    28874 Nov 27 02:31 apmon.pyc
-rw-rw-rw-  1 cms097 cms   104551 Nov 27 02:31 arguments.xml
-rwxrwxrwx  1 cms097 cms    37427 Sep 13 14:14 cmscp.py
-rwxrwxrwx  1 cms097 cms    23339 Nov 27 02:31 condor_exec.exe
-rw-rw-rw-  1 cms097 cms      545 Nov 27 01:30 crab.cfg
-rwxrwxrwx  1 cms097 cms     9531 Sep 20 21:46 crabWatchdog.sh
-rw-r--r--  1 cms097 cms    53369 Nov 27 02:38 crab_fjr_54.xml
-rw-rw-rw-  1 cms097 cms 25796294 Nov 27 02:31 default.tgz
-rwxrwxrwx  1 cms097 cms     4488 May 12  2012 fillCrabFjr.py
-rw-r--r--  1 cms097 cms     1084 Nov 27 02:31 inputsReport.txt
-rw-r--r--  1 cms097 cms      132 Nov 27 02:38 jobreport.txt
lrwxrwxrwx  1 cms097 cms      107 Nov 27 02:38 optHistograms.root -> /home/cms097/home_creur_597602102/CREAM597602102/glide_uS5454/execute/dir_32195/optHistograms_54_1_uB0.root
-rw-r--r--  1 cms097 cms    16829 Nov 27 02:38 optHistograms_54_1_uB0.root
-rw-rw-rw-  1 cms097 cms    17352 Jan 20  2012 parseCrabFjr.py
-rw-r--r--  1 cms097 cms      285 Nov 27 02:31 report.log
-rwxrwxrwx  1 cms097 cms     1497 May 27  2009 report.py
-rwxrwxrwx  1 cms097 cms     8387 Mar 23  2011 writeCfg.py
-rw-------  1 cms097 cms     8687 Nov 27 02:31 x509up_u1000009
Checking output files:  
will tar file optHistograms_54_1_uB0.root in  out_files_54
will tar file crab_fjr_54.xml in  out_files_54
will tar file CMSSW_54.stdout in  out_files_54
will tar file CMSSW_54.stderr in  out_files_54
WARNING: output file Watchdog_54.log.gz not found!
>>> padding time: Sleeping the wrapper for 157 seconds
STOPPING WATCHDOG. CrabWatchdog PID is 1235
********** LAST 50 LINES OF WATCHDOG LOG
# RESOURCE USAGE SUMMARY FOR PROCESS ID   424
USER       PID %CPU %MEM    VSZ   RSS TTY      STAT START   TIME COMMAND
cms097     424  0.3  0.0   8956  1488 ?        S    02:31   0:00 /bin/sh /home/cms097/home_creur_597602102/CREAM597602102/glide_uS5454/execute/dir_32195/condor_exec.exe 54 1
 
# LIMITS USED BY THIS WATCHDOG:
# RSS  (KBytes)  : 2300000
# VSZ  (KBytes)  : 100000000
# DISK (MBytes)  : 19000
# CPU  (seconds) : 171600
# WALL (seconds) : 171600
 
# FOLLOWING PRINTOUT TRACKS MAXIMUM VALUES OF RESOURCES USE
# ONE LINE IS PRINTED EACH TIME A MAXIMUM CHANGES
# IF CHANGE WAS IN RSS OR VSZ ALSO PROCID AND COMMAND ARE PRINTED
# THERE IS NO PRINTOUT FOR CPU/WALL TIME INCREASE
 
# TIME			PID	RSS(KB)	VSZ(KB)	Dsk(MB)	tCPU(s)	tWALL(s)	COMMAND
 Nov 27 02:31:41 EET	424	1488	8956	0	0	7	/bin/sh /home/cms097/home_creur_597602102/CREAM597602102/glide_uS5454/execute/dir_32195/condor_exec.exe 54 1      
 Nov 27 02:31:41 EET	1264	22048	84724	0	0	1	edmConfigHash pset.py        
 Nov 27 02:31:41 EET	---	22048	84724	168	----	----	----
 Nov 27 02:32:51 EET	10490	330928	499300	168	24	58	cmsRun -j /home/cms097/home_creur_597602102/CREAM597602102/glide_uS5454/execute/dir_32195/crab_fjr_54.xml -p pset.py     
 Nov 27 02:34:01 EET	10490	358976	557412	168	64	127	cmsRun -j /home/cms097/home_creur_597602102/CREAM597602102/glide_uS5454/execute/dir_32195/crab_fjr_54.xml -p pset.py     
 Nov 27 02:35:08 EET	10490	359968	558436	168	106	196	cmsRun -j /home/cms097/home_creur_597602102/CREAM597602102/glide_uS5454/execute/dir_32195/crab_fjr_54.xml -p pset.py     
 Nov 27 02:36:17 EET	10490	360924	558436	168	146	264	cmsRun -j /home/cms097/home_creur_597602102/CREAM597602102/glide_uS5454/execute/dir_32195/crab_fjr_54.xml -p pset.py     
 Nov 27 02:39:40 EET	---	360924	558436	169	----	----	----
********** WATCHDOG LOG ENDED
ZIPPING WATCHDOG LOG
Disk space used:
du -sh /home/cms097/home_creur_597602102/CREAM597602102/glide_uS5454/execute/dir_32195
169M	/home/cms097/home_creur_597602102/CREAM597602102/glide_uS5454/execute/dir_32195
>>> info for dashboard:
***** Cat /home/cms097/home_creur_597602102/CREAM597602102/glide_uS5454/execute/dir_32195/jobreport.txt *****
MonitorJobID=54_https://submit-2.t2.ucsd.edu//121127//17531.53
MonitorID=liis_crab_0_121127_013010_p7r30o
ExeTime=407
ExeExitCode=0
CrabUserCpuTime=219.59
CrabSysCpuTime=8.16
CrabCpuPercentage=55%
CrabWrapperTime=600
CrabStageoutTime=NULL
***** End Cat jobreport *****
Parameters sent to Dashboard.
optHistograms_54_1_uB0.root
crab_fjr_54.xml
CMSSW_54.stdout
CMSSW_54.stderr
Watchdog_54.log.gz
tar: .BrokerInfo: Cannot stat: No such file or directory
tar: Error exit delayed from previous errors
Total Output dimension: 26909
WARNING: output files size limit is set to: 50000000
Total Output dimension 26909 is fine.
JOB_EXIT_STATUS = 0
>>> info for dashboard:
***** Cat /home/cms097/home_creur_597602102/CREAM597602102/glide_uS5454/execute/dir_32195/jobreport.txt *****
MonitorJobID=54_https://submit-2.t2.ucsd.edu//121127//17531.53
MonitorID=liis_crab_0_121127_013010_p7r30o
JobExitCode=0
***** End Cat jobreport *****
Parameters sent to Dashboard.
optHistograms_54_1_uB0.root
crab_fjr_54.xml
