This script was generated by crab (version 2.8.3).
Running /home/cms030/home_crmrs_635060304/CREAM635060304/glide_A20792/execute/dir_8312/condor_exec.exe with 2 positional parameters: 34 1
Today is Tue Nov 27 02:31:06 EET 2012
Job submitted on host wn-v-5168.local
Linux wn-v-5168.local 2.6.32-042stab059.7 #1 SMP Tue Jul 24 19:12:01 MSK 2012 x86_64 x86_64 x86_64 GNU/Linux
>>> current directory (RUNTIME_AREA): /home/cms030/home_crmrs_635060304/CREAM635060304/glide_A20792/execute/dir_8312
>>> current user: uid=11030(cms030) gid=1400(cms) groups=1400(cms)
>>> voms proxy information:
subject   : /DC=ch/DC=cern/OU=Organic Units/OU=Users/CN=liis/CN=663550/CN=Liis Rebane/CN=proxy/CN=limited proxy
issuer    : /DC=ch/DC=cern/OU=Organic Units/OU=Users/CN=liis/CN=663550/CN=Liis Rebane/CN=proxy
identity  : /DC=ch/DC=cern/OU=Organic Units/OU=Users/CN=liis/CN=663550/CN=Liis Rebane/CN=proxy
type      : limited proxy
strength  : 512 bits
path      : /home/cms030/home_crmrs_635060304/CREAM635060304/glide_A20792/execute/dir_8312/x509up_u1000009
timeleft  : 23:59:50
key usage : Digital Signature, Key Encipherment, Data Encipherment
=== VO cms extension information ===
VO        : cms
subject   : /DC=ch/DC=cern/OU=Organic Units/OU=Users/CN=liis/CN=663550/CN=Liis Rebane
issuer    : /DC=ch/DC=cern/OU=computers/CN=lcg-voms.cern.ch
attribute : /cms/Role=NULL/Capability=NULL
timeleft  : 190:54:30
uri       : lcg-voms.cern.ch:15002
>>> tar xzf /home/cms030/home_crmrs_635060304/CREAM635060304/glide_A20792/execute/dir_8312/default.tgz :
Successful untar
>>> Include /home/cms030/home_crmrs_635060304/CREAM635060304/glide_A20792/execute/dir_8312 in PYTHONPATH:
strip arguments
env var CRAB_UNIQUE_JOB_ID set to: liis_crab_0_121127_013010_p7r30o_34_1_UY1
out_files_34
>>> list of expected files on output sandbox
output files: optHistograms_34_1_UY1.root crab_fjr_34.xml CMSSW_34.stdout CMSSW_34.stderr Watchdog_34.log.gz
>>> GridFlavour discovery: 
GridFlavour=LCG
>>> SyncSite discovery: 
SyncSite=T2_EE_Estonia
>>> SyncCE discovery: 
getting SyncCE from CE_ID
SyncCE=mars.hep.kbfi.ee:8443/cream-pbs-long
>>> info for dashboard:
***** Cat /home/cms030/home_crmrs_635060304/CREAM635060304/glide_A20792/execute/dir_8312/jobreport.txt *****
MonitorJobID=34_https://submit-2.t2.ucsd.edu//121127//17531.33
SyncGridJobId=https://submit-2.t2.ucsd.edu//121127//17531.33
MonitorID=liis_crab_0_121127_013010_p7r30o
GridFlavour=LCG
SyncSite=T2_EE_Estonia
SyncCE=mars.hep.kbfi.ee:8443/cream-pbs-long
***** End Cat jobreport *****
Parameters sent to Dashboard.
>>> setup environment
set SCRAM ARCH to slc5_amd64_gcc462
SCRAM_ARCH = slc5_amd64_gcc462
>>> setup CMS LCG environment:
set SCRAM ARCH and BUILD_ARCH to slc5_amd64_gcc462 ###
Sourcing environment... 
sourcing /cvmfs/cms.cern.ch/cmsset_default.sh
==> setup cms environment ok
>>> specific cmssw setup environment:
CMSSW_VERSION =  CMSSW_5_3_5
>>> current directory (SOFTWARE_DIR): /home/cms030/home_crmrs_635060304/CREAM635060304/glide_A20792/execute/dir_8312/CMSSW_5_3_5
PreserveSeeds: <>
IncrementSeeds:<>
{}
WNHostName=wn-v-5168.local
>>> info for dashboard:
***** Cat /home/cms030/home_crmrs_635060304/CREAM635060304/glide_A20792/execute/dir_8312/jobreport.txt *****
MonitorJobID=34_https://submit-2.t2.ucsd.edu//121127//17531.33
MonitorID=liis_crab_0_121127_013010_p7r30o
WNHostName=wn-v-5168.local
***** End Cat jobreport *****
Parameters sent to Dashboard.
crabWatchdog started as process 11629
>>> moving CMSSW software directories in /home/cms030/home_crmrs_635060304/CREAM635060304/glide_A20792/execute/dir_8312/CMSSW_5_3_5
mv: cannot stat `/home/cms030/home_crmrs_635060304/CREAM635060304/glide_A20792/execute/dir_8312/module/': No such file or directory
>>> Include /home/cms030/home_crmrs_635060304/CREAM635060304/glide_A20792/execute/dir_8312 in PYTHONPATH:
PYTHONPATH=/home/cms030/home_crmrs_635060304/CREAM635060304/glide_A20792/execute/dir_8312/:/home/cms030/home_crmrs_635060304/CREAM635060304/glide_A20792/execute/dir_8312/CMSSW_5_3_5/python:/home/cms030/home_crmrs_635060304/CREAM635060304/glide_A20792/execute/dir_8312/CMSSW_5_3_5/lib/slc5_amd64_gcc462:/cvmfs/cms.cern.ch/slc5_amd64_gcc462/cms/cmssw/CMSSW_5_3_5/python:/cvmfs/cms.cern.ch/slc5_amd64_gcc462/cms/cmssw/CMSSW_5_3_5/lib/slc5_amd64_gcc462:/cvmfs/cms.cern.ch/slc5_amd64_gcc462/cms/coral/CORAL_2_3_21-cms27/slc5_amd64_gcc462/python:/cvmfs/cms.cern.ch/slc5_amd64_gcc462/cms/coral/CORAL_2_3_21-cms27/slc5_amd64_gcc462/lib:/cvmfs/cms.cern.ch/slc5_amd64_gcc462/external/pyqt/4.8.1/lib/python2.6/site-packages:/cvmfs/cms.cern.ch/slc5_amd64_gcc462/external/py2-scipy/0.8.0/lib/python2.6/site-packages:/cvmfs/cms.cern.ch/slc5_amd64_gcc462/external/py2-matplotlib/1.0.1/lib/python2.6/site-packages:/cvmfs/cms.cern.ch/slc5_amd64_gcc462/external/python-ldap/2.3.5/lib/python2.6/site-packages:/cvmfs/cms.cern.ch/slc5_amd64_gcc462/external/sip/4.11.2/lib/python2.6/site-packages:/cvmfs/cms.cern.ch/slc5_amd64_gcc462/external/py2-pycurl/7.19.0/lib/python2.6/site-packages:/cvmfs/cms.cern.ch/slc5_amd64_gcc462/external/py2-numpy/1.6.1/lib/python2.6/site-packages:/cvmfs/cms.cern.ch/slc5_amd64_gcc462/external/py2-ipython/0.10/lib/python2.6/site-packages:/cvmfs/cms.cern.ch/slc5_amd64_gcc462/external/py2-cx-oracle/5.1-cms11/lib/python2.6/site-packages:/cvmfs/cms.cern.ch/slc5_amd64_gcc462/external/py2-cjson/1.0.5/lib/python2.6/site-packages:/cvmfs/cms.cern.ch/slc5_amd64_gcc462/cms/das-client/1.4.1-cms8/bin:/cvmfs/cms.cern.ch/slc5_amd64_gcc462/external/elementtree/1.2.6/share/lib/python2.6/site-packages:/cvmfs/cms.cern.ch/slc5_amd64_gcc462/external/rivet/1.5.1-cms10/lib/python2.6/site-packages:/cvmfs/cms.cern.ch/slc5_amd64_gcc462/external/pyminuit2/0.0.1-cms34/lib/python2.6/site-packages:/cvmfs/cms.cern.ch/slc5_amd64_gcc462/external/professor/1.0.0-cms35/lib/python2.6/site-packages:/cvmfs/cms.cern.ch/slc5_amd64_gcc462/lcg/root/5.32.00-cms18/lib:/cvmfs/cms.cern.ch/slc5_amd64_gcc462/cms/dbs-client/DBS_2_1_1_patch1_1/lib:/cvmfs/cms.cern.ch/slc5_amd64_gcc462/cms/dbs-client/DBS_2_1_1_patch1_1/lib/DBSAPI:/home/cms030/home_crmrs_635060304/CREAM635060304/glide_A20792/execute/dir_8312/
241a2a19cb7c5c8751ba22759ab3bdb0
PSETHASH = 241a2a19cb7c5c8751ba22759ab3bdb0
/home/cms030/home_crmrs_635060304/CREAM635060304/glide_A20792/execute/dir_8312/writeCfg.py pset.py pset.py
Importing .py file
Setting parameters
inputBlocks=/QCD_Pt_80_170_EMEnriched_TuneZ2star_8TeV_pythia6/mario-Summer12-stop-pfele-step1-3d176ac8da5e9dff208d057f4733ca91/USER#1edbd789-8e01-4834-bf44-0c1d693a4b92
inputFiles=/store/user/mario/QCD_Pt_80_170_EMEnriched_TuneZ2star_8TeV_pythia6/Summer12-stop-pfele-step1/3d176ac8da5e9dff208d057f4733ca91/tuple_95_1_C7t.root;/store/user/mario/QCD_Pt_80_170_EMEnriched_TuneZ2star_8TeV_pythia6/Summer12-stop-pfele-step1/3d176ac8da5e9dff208d057f4733ca91/tuple_96_1_g6j.root;/store/user/mario/QCD_Pt_80_170_EMEnriched_TuneZ2star_8TeV_pythia6/Summer12-stop-pfele-step1/3d176ac8da5e9dff208d057f4733ca91/tuple_97_1_orh.root;/store/user/mario/QCD_Pt_80_170_EMEnriched_TuneZ2star_8TeV_pythia6/Summer12-stop-pfele-step1/3d176ac8da5e9dff208d057f4733ca91/tuple_98_1_JQv.root;/store/user/mario/QCD_Pt_80_170_EMEnriched_TuneZ2star_8TeV_pythia6/Summer12-stop-pfele-step1/3d176ac8da5e9dff208d057f4733ca91/tuple_100_3_LfL.root;/store/user/mario/QCD_Pt_80_170_EMEnriched_TuneZ2star_8TeV_pythia6/Summer12-stop-pfele-step1/3d176ac8da5e9dff208d057f4733ca91/tuple_101_2_F5z.root
parentFiles=
lumisRange=
>>> Executable cmsRun
/cvmfs/cms.cern.ch/slc5_amd64_gcc462/cms/cmssw/CMSSW_5_3_5/bin/slc5_amd64_gcc462/cmsRun
ok executable found
>>> info for dashboard:
***** Cat /home/cms030/home_crmrs_635060304/CREAM635060304/glide_A20792/execute/dir_8312/jobreport.txt *****
MonitorJobID=34_https://submit-2.t2.ucsd.edu//121127//17531.33
MonitorID=liis_crab_0_121127_013010_p7r30o
ExeStart=cmsRun
***** End Cat jobreport *****
Parameters sent to Dashboard.
>>> cmsRun started at Tue Nov 27 00:31:48 UTC 2012
>>> cmsRun ended at Tue Nov 27 00:38:24 UTC 2012
>>> info for dashboard:
***** Cat /home/cms030/home_crmrs_635060304/CREAM635060304/glide_A20792/execute/dir_8312/jobreport.txt *****
MonitorJobID=34_https://submit-2.t2.ucsd.edu//121127//17531.33
MonitorID=liis_crab_0_121127_013010_p7r30o
ExeEnd=cmsRun
***** End Cat jobreport *****
Parameters sent to Dashboard.
TIME_EXE = 396 sec
>>> cmsRun wrote 106 lines of stdout+stderr
>>> START OF printout of 106 lines from stdout+stderr
27-Nov-2012 02:32:09 EET  Initiating request to open file file:/hdfs/cms/store/user/mario/QCD_Pt_80_170_EMEnriched_TuneZ2star_8TeV_pythia6/Summer12-stop-pfele-step1/3d176ac8da5e9dff208d057f4733ca91/tuple_95_1_C7t.root
27-Nov-2012 02:32:17 EET  Successfully opened file file:/hdfs/cms/store/user/mario/QCD_Pt_80_170_EMEnriched_TuneZ2star_8TeV_pythia6/Summer12-stop-pfele-step1/3d176ac8da5e9dff208d057f4733ca91/tuple_95_1_C7t.root
Begin processing the 1st record. Run 1, Event 113486223, LumiSection 36398 at 27-Nov-2012 02:32:32.909 EET
Begin processing the 1001st record. Run 1, Event 122705840, LumiSection 39355 at 27-Nov-2012 02:32:41.198 EET
Begin processing the 2001st record. Run 1, Event 211991319, LumiSection 67990 at 27-Nov-2012 02:32:45.766 EET
Begin processing the 3001st record. Run 1, Event 166298518, LumiSection 53335 at 27-Nov-2012 02:32:52.448 EET
Begin processing the 4001st record. Run 1, Event 190320339, LumiSection 61040 at 27-Nov-2012 02:32:56.138 EET
27-Nov-2012 02:32:58 EET  Closed file file:/hdfs/cms/store/user/mario/QCD_Pt_80_170_EMEnriched_TuneZ2star_8TeV_pythia6/Summer12-stop-pfele-step1/3d176ac8da5e9dff208d057f4733ca91/tuple_95_1_C7t.root
27-Nov-2012 02:32:58 EET  Initiating request to open file file:/hdfs/cms/store/user/mario/QCD_Pt_80_170_EMEnriched_TuneZ2star_8TeV_pythia6/Summer12-stop-pfele-step1/3d176ac8da5e9dff208d057f4733ca91/tuple_96_1_g6j.root
27-Nov-2012 02:32:58 EET  Successfully opened file file:/hdfs/cms/store/user/mario/QCD_Pt_80_170_EMEnriched_TuneZ2star_8TeV_pythia6/Summer12-stop-pfele-step1/3d176ac8da5e9dff208d057f4733ca91/tuple_96_1_g6j.root
Begin processing the 5001st record. Run 1, Event 206691098, LumiSection 66290 at 27-Nov-2012 02:33:20.188 EET
Begin processing the 6001st record. Run 1, Event 208469344, LumiSection 66860 at 27-Nov-2012 02:33:23.120 EET
Begin processing the 7001st record. Run 1, Event 210485185, LumiSection 67507 at 27-Nov-2012 02:33:26.298 EET
Begin processing the 8001st record. Run 1, Event 223702715, LumiSection 71746 at 27-Nov-2012 02:33:31.805 EET
Begin processing the 9001st record. Run 1, Event 59396438, LumiSection 19050 at 27-Nov-2012 02:33:35.094 EET
Begin processing the 10001st record. Run 1, Event 70987021, LumiSection 22767 at 27-Nov-2012 02:33:39.857 EET
Begin processing the 11001st record. Run 1, Event 83390793, LumiSection 26745 at 27-Nov-2012 02:33:43.053 EET
Begin processing the 12001st record. Run 1, Event 87819796, LumiSection 28166 at 27-Nov-2012 02:33:45.974 EET
Begin processing the 13001st record. Run 1, Event 22514919, LumiSection 7221 at 27-Nov-2012 02:33:50.752 EET
Begin processing the 14001st record. Run 1, Event 81021515, LumiSection 25986 at 27-Nov-2012 02:33:53.879 EET
Begin processing the 15001st record. Run 1, Event 209463905, LumiSection 67179 at 27-Nov-2012 02:34:02.870 EET
Begin processing the 16001st record. Run 1, Event 194122749, LumiSection 62259 at 27-Nov-2012 02:34:07.134 EET
Begin processing the 17001st record. Run 1, Event 201532363, LumiSection 64636 at 27-Nov-2012 02:34:14.053 EET
Begin processing the 18001st record. Run 1, Event 214678505, LumiSection 68852 at 27-Nov-2012 02:34:17.359 EET
Begin processing the 19001st record. Run 1, Event 223076366, LumiSection 71545 at 27-Nov-2012 02:34:20.560 EET
Begin processing the 20001st record. Run 1, Event 139210220, LumiSection 44648 at 27-Nov-2012 02:34:25.347 EET
27-Nov-2012 02:34:28 EET  Closed file file:/hdfs/cms/store/user/mario/QCD_Pt_80_170_EMEnriched_TuneZ2star_8TeV_pythia6/Summer12-stop-pfele-step1/3d176ac8da5e9dff208d057f4733ca91/tuple_96_1_g6j.root
27-Nov-2012 02:34:28 EET  Initiating request to open file file:/hdfs/cms/store/user/mario/QCD_Pt_80_170_EMEnriched_TuneZ2star_8TeV_pythia6/Summer12-stop-pfele-step1/3d176ac8da5e9dff208d057f4733ca91/tuple_97_1_orh.root
27-Nov-2012 02:34:28 EET  Successfully opened file file:/hdfs/cms/store/user/mario/QCD_Pt_80_170_EMEnriched_TuneZ2star_8TeV_pythia6/Summer12-stop-pfele-step1/3d176ac8da5e9dff208d057f4733ca91/tuple_97_1_orh.root
Begin processing the 21001st record. Run 1, Event 185308253, LumiSection 59432 at 27-Nov-2012 02:34:39.861 EET
Begin processing the 22001st record. Run 1, Event 200726144, LumiSection 64377 at 27-Nov-2012 02:34:43.185 EET
Begin processing the 23001st record. Run 1, Event 215828799, LumiSection 69221 at 27-Nov-2012 02:34:46.490 EET
Begin processing the 24001st record. Run 1, Event 38350004, LumiSection 12300 at 27-Nov-2012 02:34:51.432 EET
Begin processing the 25001st record. Run 1, Event 63480227, LumiSection 20360 at 27-Nov-2012 02:34:54.484 EET
Begin processing the 26001st record. Run 1, Event 135085513, LumiSection 43325 at 27-Nov-2012 02:34:59.688 EET
Begin processing the 27001st record. Run 1, Event 146145352, LumiSection 46872 at 27-Nov-2012 02:35:03.050 EET
Begin processing the 28001st record. Run 1, Event 115634588, LumiSection 37087 at 27-Nov-2012 02:35:05.951 EET
Begin processing the 29001st record. Run 1, Event 117180037, LumiSection 37582 at 27-Nov-2012 02:35:10.842 EET
Begin processing the 30001st record. Run 1, Event 98981288, LumiSection 31746 at 27-Nov-2012 02:35:14.079 EET
Begin processing the 31001st record. Run 1, Event 113742967, LumiSection 36480 at 27-Nov-2012 02:35:19.498 EET
Begin processing the 32001st record. Run 1, Event 140864594, LumiSection 45178 at 27-Nov-2012 02:35:22.354 EET
Begin processing the 33001st record. Run 1, Event 38928513, LumiSection 12486 at 27-Nov-2012 02:35:25.357 EET
Begin processing the 34001st record. Run 1, Event 26344720, LumiSection 8450 at 27-Nov-2012 02:35:29.769 EET
Begin processing the 35001st record. Run 1, Event 1096429, LumiSection 352 at 27-Nov-2012 02:35:32.733 EET
Begin processing the 36001st record. Run 1, Event 19325394, LumiSection 6199 at 27-Nov-2012 02:35:36.316 EET
Begin processing the 37001st record. Run 1, Event 26656471, LumiSection 8550 at 27-Nov-2012 02:35:39.076 EET
27-Nov-2012 02:35:39 EET  Closed file file:/hdfs/cms/store/user/mario/QCD_Pt_80_170_EMEnriched_TuneZ2star_8TeV_pythia6/Summer12-stop-pfele-step1/3d176ac8da5e9dff208d057f4733ca91/tuple_97_1_orh.root
27-Nov-2012 02:35:39 EET  Initiating request to open file file:/hdfs/cms/store/user/mario/QCD_Pt_80_170_EMEnriched_TuneZ2star_8TeV_pythia6/Summer12-stop-pfele-step1/3d176ac8da5e9dff208d057f4733ca91/tuple_98_1_JQv.root
27-Nov-2012 02:35:39 EET  Successfully opened file file:/hdfs/cms/store/user/mario/QCD_Pt_80_170_EMEnriched_TuneZ2star_8TeV_pythia6/Summer12-stop-pfele-step1/3d176ac8da5e9dff208d057f4733ca91/tuple_98_1_JQv.root
Begin processing the 38001st record. Run 1, Event 31484965, LumiSection 10098 at 27-Nov-2012 02:35:56.132 EET
Begin processing the 39001st record. Run 1, Event 64562091, LumiSection 20707 at 27-Nov-2012 02:35:59.432 EET
Begin processing the 40001st record. Run 1, Event 82990227, LumiSection 26617 at 27-Nov-2012 02:36:05.258 EET
Begin processing the 41001st record. Run 1, Event 131987480, LumiSection 42331 at 27-Nov-2012 02:36:07.480 EET
Begin processing the 42001st record. Run 1, Event 98673706, LumiSection 31647 at 27-Nov-2012 02:36:10.012 EET
Begin processing the 43001st record. Run 1, Event 94379004, LumiSection 30270 at 27-Nov-2012 02:36:17.379 EET
Begin processing the 44001st record. Run 1, Event 95108204, LumiSection 30503 at 27-Nov-2012 02:36:20.620 EET
Begin processing the 45001st record. Run 1, Event 100867713, LumiSection 32351 at 27-Nov-2012 02:36:26.340 EET
Begin processing the 46001st record. Run 1, Event 106667294, LumiSection 34211 at 27-Nov-2012 02:36:29.505 EET
Begin processing the 47001st record. Run 1, Event 116788755, LumiSection 37457 at 27-Nov-2012 02:36:35.481 EET
Begin processing the 48001st record. Run 1, Event 159732913, LumiSection 51230 at 27-Nov-2012 02:36:38.609 EET
Begin processing the 49001st record. Run 1, Event 165727812, LumiSection 53152 at 27-Nov-2012 02:36:41.348 EET
Begin processing the 50001st record. Run 1, Event 175800663, LumiSection 56383 at 27-Nov-2012 02:36:45.563 EET
Begin processing the 51001st record. Run 1, Event 85653540, LumiSection 27471 at 27-Nov-2012 02:36:48.622 EET
Begin processing the 52001st record. Run 1, Event 94604975, LumiSection 30342 at 27-Nov-2012 02:36:53.148 EET
Begin processing the 53001st record. Run 1, Event 94913538, LumiSection 30441 at 27-Nov-2012 02:36:56.343 EET
27-Nov-2012 02:36:57 EET  Closed file file:/hdfs/cms/store/user/mario/QCD_Pt_80_170_EMEnriched_TuneZ2star_8TeV_pythia6/Summer12-stop-pfele-step1/3d176ac8da5e9dff208d057f4733ca91/tuple_98_1_JQv.root
27-Nov-2012 02:36:57 EET  Initiating request to open file file:/hdfs/cms/store/user/mario/QCD_Pt_80_170_EMEnriched_TuneZ2star_8TeV_pythia6/Summer12-stop-pfele-step1/3d176ac8da5e9dff208d057f4733ca91/tuple_100_3_LfL.root
27-Nov-2012 02:36:57 EET  Successfully opened file file:/hdfs/cms/store/user/mario/QCD_Pt_80_170_EMEnriched_TuneZ2star_8TeV_pythia6/Summer12-stop-pfele-step1/3d176ac8da5e9dff208d057f4733ca91/tuple_100_3_LfL.root
Begin processing the 54001st record. Run 1, Event 36780511, LumiSection 11797 at 27-Nov-2012 02:37:09.355 EET
Begin processing the 55001st record. Run 1, Event 46020210, LumiSection 14760 at 27-Nov-2012 02:37:12.549 EET
Begin processing the 56001st record. Run 1, Event 103111362, LumiSection 33070 at 27-Nov-2012 02:37:16.828 EET
Begin processing the 57001st record. Run 1, Event 152315564, LumiSection 48851 at 27-Nov-2012 02:37:20.101 EET
Begin processing the 58001st record. Run 1, Event 125949396, LumiSection 40395 at 27-Nov-2012 02:37:24.062 EET
Begin processing the 59001st record. Run 1, Event 134473988, LumiSection 43129 at 27-Nov-2012 02:37:31.300 EET
Begin processing the 60001st record. Run 1, Event 139096079, LumiSection 44611 at 27-Nov-2012 02:37:35.099 EET
Begin processing the 61001st record. Run 1, Event 142437611, LumiSection 45683 at 27-Nov-2012 02:37:40.804 EET
Begin processing the 62001st record. Run 1, Event 145234069, LumiSection 46580 at 27-Nov-2012 02:37:45.616 EET
Begin processing the 63001st record. Run 1, Event 148685472, LumiSection 47687 at 27-Nov-2012 02:37:50.278 EET
Begin processing the 64001st record. Run 1, Event 156421143, LumiSection 50168 at 27-Nov-2012 02:37:53.285 EET
Begin processing the 65001st record. Run 1, Event 167132361, LumiSection 53603 at 27-Nov-2012 02:37:56.275 EET
Begin processing the 66001st record. Run 1, Event 167997323, LumiSection 53880 at 27-Nov-2012 02:38:00.604 EET
Begin processing the 67001st record. Run 1, Event 179895839, LumiSection 57696 at 27-Nov-2012 02:38:03.697 EET
Begin processing the 68001st record. Run 1, Event 18732851, LumiSection 6008 at 27-Nov-2012 02:38:07.869 EET
Begin processing the 69001st record. Run 1, Event 27873052, LumiSection 8940 at 27-Nov-2012 02:38:10.623 EET
27-Nov-2012 02:38:11 EET  Closed file file:/hdfs/cms/store/user/mario/QCD_Pt_80_170_EMEnriched_TuneZ2star_8TeV_pythia6/Summer12-stop-pfele-step1/3d176ac8da5e9dff208d057f4733ca91/tuple_100_3_LfL.root
27-Nov-2012 02:38:11 EET  Initiating request to open file file:/hdfs/cms/store/user/mario/QCD_Pt_80_170_EMEnriched_TuneZ2star_8TeV_pythia6/Summer12-stop-pfele-step1/3d176ac8da5e9dff208d057f4733ca91/tuple_101_2_F5z.root
27-Nov-2012 02:38:11 EET  Successfully opened file file:/hdfs/cms/store/user/mario/QCD_Pt_80_170_EMEnriched_TuneZ2star_8TeV_pythia6/Summer12-stop-pfele-step1/3d176ac8da5e9dff208d057f4733ca91/tuple_101_2_F5z.root
27-Nov-2012 02:38:23 EET  Closed file file:/hdfs/cms/store/user/mario/QCD_Pt_80_170_EMEnriched_TuneZ2star_8TeV_pythia6/Summer12-stop-pfele-step1/3d176ac8da5e9dff208d057f4733ca91/tuple_101_2_F5z.root

=============================================

MessageLogger Summary

 type     category        sev    module        subroutine        count    total
 ---- -------------------- -- ---------------- ----------------  -----    -----
    1 fileAction           -s file_close                             6        6
    2 fileAction           -s file_open                             12       12

 type    category    Examples: run/evt        run/evt          run/evt
 ---- -------------------- ---------------- ---------------- ----------------
    1 fileAction           PostProcessEvent PostProcessEvent PostEndRun
    2 fileAction           pre-events       pre-events       PostProcessEvent

Severity    # Occurrences   Total Occurrences
--------    -------------   -----------------
System                 18                  18
>>> END OF printout of 106 lines from stdout+stderr
>>> Parse FrameworkJobReport crab_fjr.xml
Result of parsing the FrameworkJobReport crab_fjr.xml: Popularity start
lumisRange : 1::36398,36401,36555,36633,38502,38536,38848,38958,38994,39003,39355,39511,39602,39822,39824,39968,40266,40313,40505,40507,40607,41176,41287,41422,42269,53061,53066,53068,53079,53224,53335,53578,56169,56701,60099,60678,60688,60691,60693,61040,61295,61456,61516,62854,63108,63323,63569,65199,67990::1;1::8550,9012,9651,9657,9758,10098,10444,10984,10999,11498,11545,11802,12199,12554,13084,13103,13125,13660,13705,13962,14222,14742,14771,14783,15537,16378,16526,16857,17648,17651,19161,19467,20000,20244,20278,20707,20973,22030,22305,23942,24055,24120,24702,24723,24983,25224,25622,26617,26802,27118,27471,27685,28376,28871,28876,28907,29498,29506,29564,29581,29649,30192,30224,30270,30273,30277,30279,30336,30342,30344,30350,30358,30371,30388-30389,30392,30394,30409,30419,30426,30434-30435,30441,30444,30463,30499,30503,30506,30531,30552,30706,30815,31180,31246,31647,32008,32351,32643,32990,33110,33173,33210,33301,33647,34118,34211,34645,34652,34674,34998,35144,35507,35719,36020,36467,36735,37457,38623,38916,39475,40242,40288,40407,41023,42266,42331,44605,46467,47328,47845,48226,48712,49171,49421,50144,50642,50649,50661,50667,51163,51220,51230,51608,52532,52687,52923,53118,53152,53239,53544,53822,53858,53866,53897,54021,55284,55993,56383,56476,56542,59047,59422,59594,60015,61127,62359,62371,65844,68844::2;1::429,6268,6364,7221,7569,8161,8235,8692,11216,13405,17985,19050,19084,19275,19316,19362,19403,21472,21838,21855,21857,21868,21889,22767,23184,23546,23551,23724,23738,23803,24157,24541,25932,25980,25986,26017-26018,26090,26212,26271,26274,26327,26406,26447,26508,26518-26519,26675,26745,26926,27007,27169,27251,28157,28166,28185,28191,28194,28240,28271,28279,28358,28425,36353,43274,43276-43277,43279,43582,43663,44648,44652,46598,46693,55933,55936,56264,56371,58462,58573,58790,59184,60157,60329,60575,60679-60680,60682-60683,60908,62259,62311-62312,62415,62418,62637,62690,62956-62957,63422-63423,63569,63619,64194,64430,64530,64532,64636,66077,66290,66338-66339,66415,66548,66575,66696,66807,66860,66908,67011,67179,67197-67198,67205,67256,67259-67260,67294,67297,67348,67355,67507,67857,67859,67910-67911,67988,68281,68284,68437,68545,68586,68618,68650,68652,68655,68697,68744,68796,68852,69021,69023,69119,69170,69941,69943,70041,70074,70077,71421,71502,71545,71746,71991,72042,72192,72254,72390::3;1::295,2132,2145,4078,4524,5706,5715,5718,5834,6008,6013,6110,6112,6200,6298,6385,8436,8940,8945,10805,10977,11797,12193,12365,13681,14232,14367,14740,14754-14755,14760,14769,15040,15430,15607,15610,15679,15736,16064,16775,18173,33070,34295,34323,35473,35538,36130,36277,36314,36490,36493,36835,37056,37623,38805,38846,38859,39418,39469,40057,40142,40174,40395,40737-40738,40795,41199,41537,42038,42388,42468,43121,43129,43153,43161,43287,43293,43458,43810,43817,44099,44341,44557,44606,44611,45086,45423,45565,45567,45621,45683,45708,45810,46099,46172,46383,46406,46457,46461,46471,46484,46556,46580,46585,46610,46634,46684,46730,46870,46991,47134,47265,47298,47313,47322,47656,47687,47750,48078,48222,48258,48752,48851,48890,48965,49118,49688,50168,50514,50604,50617,50619,50666,50979,51020,51047,52629,52928,53587,53603-53604,53620,53698,53706,53718,53758,53767,53838,53850,53860,53867,53880,53922,55312,55354,56176,56180,56501,56638,56823,57321,57558,57696,57759,58367,58493,61632,61770,62416::4;1::20,87-88,163-164,231,348,352-353,438,440,489-490,494,507,2286,2467,3645,4523,4787,4946,5217,5520,5522,6199,6202,7047,7060,7143,7420,7744,7940,8350,8438,8448,8450,8550,8603,8723,9243,9658,9698,9930,10279,10383,10465,10595,10684,10953,10980,11264,11288,11321,11765,12251,12300,12486,12604,13369,14265,14743,15605,16290,17407,19346,19962,20337,20360,21278,25099,31746,32311,32449,32694,33562,34337,35406,36466,36469,36480,36487,36517,36602,36845,37040,37087,37176,37248,37278,37334,37374,37387,37528,37572,37582,37590,37805,38967,38996,40624,40813,40861,41825,42013,42015,42075,42093,42220,42451,42662,42818,42844,42951,43088,43236,43325,43419,43551,43781,43803,45178,45458,45496,46089,46322,46464,46470,46601,46744,46803,46849,46872,47827,48268,49024,49428,49878,50212,50308,50605,50789,51079,51191,56655,58790,59432,61461,62157,62850,62856,63528,63559,64221,64331,64333,64377,64422,64786,64834,65356,65480,65482,66336,67049,67504,67865,69218,69221::5;1::9073,12806,28468,28620,33494,40795,40948::6;
lumisParentRange : 
Basename : /store/user/mario/QCD_Pt_80_170_EMEnriched_TuneZ2star_8TeV_pythia6/Summer12-stop-pfele-step1/3d176ac8da5e9dff208d057f4733ca91/tuple_
BasenameParent : 
parentFiles : 
inputBlocks : /QCD_Pt_80_170_EMEnriched_TuneZ2star_8TeV_pythia6/mario-Summer12-stop-pfele-step1-3d176ac8da5e9dff208d057f4733ca91/USER#1edbd789-8e01-4834-bf44-0c1d693a4b92
inputFiles : 95_1_C7t.root::1::EDM::Local::1;98_1_JQv.root::1::EDM::Local::2;96_1_g6j.root::1::EDM::Local::3;100_3_LfL.root::1::EDM::Local::4;97_1_orh.root::1::EDM::Local::5;101_2_F5z.root::1::EDM::Local::6;
Popularity stop
Extracted ExitStatus from FrameworkJobReport parsing output: 0
>>> Executable succeded  0
ExeExitCode=0
EXECUTABLE_EXIT_STATUS = 0
>>> current directory /home/cms030/home_crmrs_635060304/CREAM635060304/glide_A20792/execute/dir_8312/CMSSW_5_3_5
>>>  (SOFTWARE_DIR): /home/cms030/home_crmrs_635060304/CREAM635060304/glide_A20792/execute/dir_8312/CMSSW_5_3_5
>>> (WORKING_DIR): 
>>> current directory content:
total 156
drwxr-xr-x 3 cms030 cms  4096 Nov 27 02:31 .SCRAM
-rw-r--r-- 1 cms030 cms 30066 Nov 27 02:31 CMSSW.py.pkl
drwxr-xr-x 3 cms030 cms  4096 Nov 27 02:31 bin
drwxr-xr-x 3 cms030 cms  4096 Nov 27 02:31 cfipython
drwxr-xr-x 5 cms030 cms  4096 Nov 27 02:31 config
-rw-r--r-- 1 cms030 cms    16 Nov 27 02:38 cpu_timing.txt
drwxr-xr-x 2 cms030 cms  4096 Nov 27 02:31 doc
-rw-r--r-- 1 cms030 cms 12319 Nov 27 02:38 executable.out
drwxr-xr-x 2 cms030 cms  4096 Nov 27 02:31 include
drwxrwxrwx 3 cms030 cms  4096 Oct 22 16:38 lib
drwxr-xr-x 3 cms030 cms  4096 Nov 27 02:31 logs
drwxr-xr-x 3 cms030 cms  4096 Nov 27 02:31 objs
-rw-r--r-- 1 cms030 cms 16809 Nov 27 02:38 optHistograms.root
-rw-r--r-- 1 cms030 cms   104 Nov 27 02:31 pset.py
-rw-r--r-- 1 cms030 cms 19655 Nov 27 02:31 pset.py.pkl
-rw-r--r-- 1 cms030 cms   289 Nov 27 02:31 pset.pyc
drwxr-xr-x 2 cms030 cms  4096 Nov 27 02:31 python
-rw-r--r-- 1 cms030 cms   420 Nov 27 02:38 report.log
drwxrwxrwx 4 cms030 cms  4096 Nov 27 02:31 src
drwxr-xr-x 3 cms030 cms  4096 Nov 27 02:31 test
drwxr-xr-x 3 cms030 cms  4096 Nov 27 02:31 tmp
>>> current directory /home/cms030/home_crmrs_635060304/CREAM635060304/glide_A20792/execute/dir_8312/CMSSW_5_3_5
>>> (SOFTWARE_DIR): /home/cms030/home_crmrs_635060304/CREAM635060304/glide_A20792/execute/dir_8312/CMSSW_5_3_5
>>> (WORKING_DIR): 
>>> current directory content:
total 136
drwxr-xr-x 3 cms030 cms  4096 Nov 27 02:31 .SCRAM
-rw-r--r-- 1 cms030 cms 30066 Nov 27 02:31 CMSSW.py.pkl
drwxr-xr-x 3 cms030 cms  4096 Nov 27 02:31 bin
drwxr-xr-x 3 cms030 cms  4096 Nov 27 02:31 cfipython
drwxr-xr-x 5 cms030 cms  4096 Nov 27 02:31 config
-rw-r--r-- 1 cms030 cms    16 Nov 27 02:38 cpu_timing.txt
drwxr-xr-x 2 cms030 cms  4096 Nov 27 02:31 doc
-rw-r--r-- 1 cms030 cms 12319 Nov 27 02:38 executable.out
drwxr-xr-x 2 cms030 cms  4096 Nov 27 02:31 include
drwxrwxrwx 3 cms030 cms  4096 Oct 22 16:38 lib
drwxr-xr-x 3 cms030 cms  4096 Nov 27 02:31 logs
drwxr-xr-x 3 cms030 cms  4096 Nov 27 02:31 objs
-rw-r--r-- 1 cms030 cms   104 Nov 27 02:31 pset.py
-rw-r--r-- 1 cms030 cms 19655 Nov 27 02:31 pset.py.pkl
-rw-r--r-- 1 cms030 cms   289 Nov 27 02:31 pset.pyc
drwxr-xr-x 2 cms030 cms  4096 Nov 27 02:31 python
-rw-r--r-- 1 cms030 cms   420 Nov 27 02:38 report.log
drwxrwxrwx 4 cms030 cms  4096 Nov 27 02:31 src
drwxr-xr-x 3 cms030 cms  4096 Nov 27 02:31 test
drwxr-xr-x 3 cms030 cms  4096 Nov 27 02:31 tmp
>>> current directory (RUNTIME_AREA):  /home/cms030/home_crmrs_635060304/CREAM635060304/glide_A20792/execute/dir_8312
>>> current dir: /home/cms030/home_crmrs_635060304/CREAM635060304/glide_A20792/execute/dir_8312
>>> current dir content:
total 25800
-rw-rw-rw-  1 cms030 cms     5576 Nov 27 02:30 .job.ad
-rw-rw-rw-  1 cms030 cms    11336 Nov 27 02:30 .machine.ad
-rw-rw-rw-  1 cms030 cms      105 Nov 27 01:30 CMSSW.py
-rw-rw-rw-  1 cms030 cms    30066 Nov 27 01:30 CMSSW.py.pkl
-rwxrw-rw-  1 cms030 cms    23339 Nov 27 02:31 CMSSW.sh
-rw-rw-rw-  1 cms030 cms        0 Nov 27 02:31 CMSSW_34.stderr
-rw-rw-rw-  1 cms030 cms    28830 Nov 27 02:38 CMSSW_34.stdout
drwxr-xr-x 15 cms030 cms     4096 Nov 27 02:38 CMSSW_5_3_5
-rw-r--r--  1 cms030 cms      346 Nov 27 02:31 CacheEnv.sh
-rw-rw-rw-  1 cms030 cms     7291 Jun  9  2010 DashboardAPI.py
-rw-r--r--  1 cms030 cms     6868 Nov 27 02:31 DashboardAPI.pyc
drwxrwxrwx  3 cms030 cms     4096 Nov 27 02:38 IMProv
-rw-rw-rw-  1 cms030 cms     2748 Mar  8  2006 Logger.py
-rw-r--r--  1 cms030 cms     3348 Nov 27 02:31 Logger.pyc
-rw-rw-rw-  1 cms030 cms    24524 Mar 28  2008 ProcInfo.py
-rw-r--r--  1 cms030 cms    23446 Nov 27 02:31 ProcInfo.pyc
drwxrwxrwx  7 cms030 cms     4096 Nov 27 02:31 ProdCommon
drwxrwxrwx  3 cms030 cms     4096 Nov 27 02:31 WMCore
-rw-r--r--  1 cms030 cms     1985 Nov 27 02:37 Watchdog_34.log
-rw-rw-rw-  1 cms030 cms    32895 Mar 28  2008 apmon.py
-rw-r--r--  1 cms030 cms    28845 Nov 27 02:31 apmon.pyc
-rw-rw-rw-  1 cms030 cms   104551 Nov 27 02:31 arguments.xml
-rwxrwxrwx  1 cms030 cms    37427 Sep 13 14:14 cmscp.py
-rwxrwxrwx  1 cms030 cms    23339 Nov 27 02:31 condor_exec.exe
-rw-rw-rw-  1 cms030 cms      545 Nov 27 01:30 crab.cfg
-rwxrwxrwx  1 cms030 cms     9531 Sep 20 21:46 crabWatchdog.sh
-rw-r--r--  1 cms030 cms    53451 Nov 27 02:38 crab_fjr_34.xml
-rw-rw-rw-  1 cms030 cms 25796294 Nov 27 02:31 default.tgz
-rwxrwxrwx  1 cms030 cms     4488 May 12  2012 fillCrabFjr.py
-rw-r--r--  1 cms030 cms     1083 Nov 27 02:31 inputsReport.txt
-rw-r--r--  1 cms030 cms      132 Nov 27 02:38 jobreport.txt
lrwxrwxrwx  1 cms030 cms      106 Nov 27 02:38 optHistograms.root -> /home/cms030/home_crmrs_635060304/CREAM635060304/glide_A20792/execute/dir_8312/optHistograms_34_1_UY1.root
-rw-r--r--  1 cms030 cms    16809 Nov 27 02:38 optHistograms_34_1_UY1.root
-rw-rw-rw-  1 cms030 cms    17352 Jan 20  2012 parseCrabFjr.py
-rw-r--r--  1 cms030 cms      283 Nov 27 02:31 report.log
-rwxrwxrwx  1 cms030 cms     1497 May 27  2009 report.py
-rwxrwxrwx  1 cms030 cms     8387 Mar 23  2011 writeCfg.py
-rw-------  1 cms030 cms     8687 Nov 27 02:30 x509up_u1000009
Checking output files:  
will tar file optHistograms_34_1_UY1.root in  out_files_34
will tar file crab_fjr_34.xml in  out_files_34
will tar file CMSSW_34.stdout in  out_files_34
will tar file CMSSW_34.stderr in  out_files_34
WARNING: output file Watchdog_34.log.gz not found!
>>> padding time: Sleeping the wrapper for 145 seconds
STOPPING WATCHDOG. CrabWatchdog PID is 11629
********** LAST 50 LINES OF WATCHDOG LOG
# RESOURCE USAGE SUMMARY FOR PROCESS ID  8345
USER       PID %CPU %MEM    VSZ   RSS TTY      STAT START   TIME COMMAND
cms030    8345  0.1  0.0   8956  1488 ?        S    02:31   0:00 /bin/sh /home/cms030/home_crmrs_635060304/CREAM635060304/glide_A20792/execute/dir_8312/condor_exec.exe 34 1
 
# LIMITS USED BY THIS WATCHDOG:
# RSS  (KBytes)  : 2300000
# VSZ  (KBytes)  : 100000000
# DISK (MBytes)  : 19000
# CPU  (seconds) : 171600
# WALL (seconds) : 171600
 
# FOLLOWING PRINTOUT TRACKS MAXIMUM VALUES OF RESOURCES USE
# ONE LINE IS PRINTED EACH TIME A MAXIMUM CHANGES
# IF CHANGE WAS IN RSS OR VSZ ALSO PROCID AND COMMAND ARE PRINTED
# THERE IS NO PRINTOUT FOR CPU/WALL TIME INCREASE
 
# TIME			PID	RSS(KB)	VSZ(KB)	Dsk(MB)	tCPU(s)	tWALL(s)	COMMAND
 Nov 27 02:31:27 EET	1007	5932	9604	0	0	406	/home/cms030/home_crmrs_635060304/CREAM635060304/glide_A20792/main/condor/sbin/condor_master -f -pidfile /home/cms030/home_crmrs_635060304/CREAM635060304/glide_A20792/condor_master2.pid      
 Nov 27 02:31:27 EET	11763	24136	84828	0	0	7	edmConfigHash pset.py        
 Nov 27 02:31:27 EET	---	24136	84828	168	----	----	----
 Nov 27 02:32:40 EET	21600	354692	555112	168	22	64	cmsRun -j /home/cms030/home_crmrs_635060304/CREAM635060304/glide_A20792/execute/dir_8312/crab_fjr_34.xml -p pset.py     
 Nov 27 02:33:53 EET	21600	359216	557672	168	61	136	cmsRun -j /home/cms030/home_crmrs_635060304/CREAM635060304/glide_A20792/execute/dir_8312/crab_fjr_34.xml -p pset.py     
 Nov 27 02:35:04 EET	21600	359732	557928	168	109	207	cmsRun -j /home/cms030/home_crmrs_635060304/CREAM635060304/glide_A20792/execute/dir_8312/crab_fjr_34.xml -p pset.py     
 Nov 27 02:36:16 EET	21600	360960	558184	168	154	279	cmsRun -j /home/cms030/home_crmrs_635060304/CREAM635060304/glide_A20792/execute/dir_8312/crab_fjr_34.xml -p pset.py     
 Nov 27 02:37:29 EET	21600	360960	559208	168	201	348	cmsRun -j /home/cms030/home_crmrs_635060304/CREAM635060304/glide_A20792/execute/dir_8312/crab_fjr_34.xml -p pset.py     
 Nov 27 02:38:38 EET	---	360960	559208	169	----	----	----
********** WATCHDOG LOG ENDED
ZIPPING WATCHDOG LOG
Disk space used:
du -sh /home/cms030/home_crmrs_635060304/CREAM635060304/glide_A20792/execute/dir_8312
169M	/home/cms030/home_crmrs_635060304/CREAM635060304/glide_A20792/execute/dir_8312
>>> info for dashboard:
***** Cat /home/cms030/home_crmrs_635060304/CREAM635060304/glide_A20792/execute/dir_8312/jobreport.txt *****
MonitorJobID=34_https://submit-2.t2.ucsd.edu//121127//17531.33
MonitorID=liis_crab_0_121127_013010_p7r30o
ExeTime=396
ExeExitCode=0
CrabUserCpuTime=223.35
CrabSysCpuTime=8.66
CrabCpuPercentage=58%
CrabWrapperTime=600
CrabStageoutTime=NULL
***** End Cat jobreport *****
Parameters sent to Dashboard.
optHistograms_34_1_UY1.root
crab_fjr_34.xml
CMSSW_34.stdout
CMSSW_34.stderr
Watchdog_34.log.gz
tar: .BrokerInfo: Cannot stat: No such file or directory
tar: Error exit delayed from previous errors
Total Output dimension: 27164
WARNING: output files size limit is set to: 50000000
Total Output dimension 27164 is fine.
JOB_EXIT_STATUS = 0
>>> info for dashboard:
***** Cat /home/cms030/home_crmrs_635060304/CREAM635060304/glide_A20792/execute/dir_8312/jobreport.txt *****
MonitorJobID=34_https://submit-2.t2.ucsd.edu//121127//17531.33
MonitorID=liis_crab_0_121127_013010_p7r30o
JobExitCode=0
***** End Cat jobreport *****
Parameters sent to Dashboard.
optHistograms_34_1_UY1.root
crab_fjr_34.xml
