This script was generated by crab (version 2.8.3).
Running /home/cms030/home_crobe_899880228/CREAM899880228/glide_VQ5704/execute/dir_8311/condor_exec.exe with 2 positional parameters: 32 1
Today is Tue Nov 27 02:31:05 EET 2012
Job submitted on host wn-v-5168.local
Linux wn-v-5168.local 2.6.32-042stab059.7 #1 SMP Tue Jul 24 19:12:01 MSK 2012 x86_64 x86_64 x86_64 GNU/Linux
>>> current directory (RUNTIME_AREA): /home/cms030/home_crobe_899880228/CREAM899880228/glide_VQ5704/execute/dir_8311
>>> current user: uid=11030(cms030) gid=1400(cms) groups=1400(cms)
>>> voms proxy information:
subject   : /DC=ch/DC=cern/OU=Organic Units/OU=Users/CN=liis/CN=663550/CN=Liis Rebane/CN=proxy/CN=limited proxy
issuer    : /DC=ch/DC=cern/OU=Organic Units/OU=Users/CN=liis/CN=663550/CN=Liis Rebane/CN=proxy
identity  : /DC=ch/DC=cern/OU=Organic Units/OU=Users/CN=liis/CN=663550/CN=Liis Rebane/CN=proxy
type      : limited proxy
strength  : 512 bits
path      : /home/cms030/home_crobe_899880228/CREAM899880228/glide_VQ5704/execute/dir_8311/x509up_u1000009
timeleft  : 23:59:52
key usage : Digital Signature, Key Encipherment, Data Encipherment
=== VO cms extension information ===
VO        : cms
subject   : /DC=ch/DC=cern/OU=Organic Units/OU=Users/CN=liis/CN=663550/CN=Liis Rebane
issuer    : /DC=ch/DC=cern/OU=computers/CN=lcg-voms.cern.ch
attribute : /cms/Role=NULL/Capability=NULL
timeleft  : 190:54:32
uri       : lcg-voms.cern.ch:15002
>>> tar xzf /home/cms030/home_crobe_899880228/CREAM899880228/glide_VQ5704/execute/dir_8311/default.tgz :
Successful untar
>>> Include /home/cms030/home_crobe_899880228/CREAM899880228/glide_VQ5704/execute/dir_8311 in PYTHONPATH:
strip arguments
env var CRAB_UNIQUE_JOB_ID set to: liis_crab_0_121127_013010_p7r30o_32_1_mBg
out_files_32
>>> list of expected files on output sandbox
output files: optHistograms_32_1_mBg.root crab_fjr_32.xml CMSSW_32.stdout CMSSW_32.stderr Watchdog_32.log.gz
>>> GridFlavour discovery: 
GridFlavour=LCG
>>> SyncSite discovery: 
SyncSite=T2_EE_Estonia
>>> SyncCE discovery: 
getting SyncCE from CE_ID
SyncCE=oberon.hep.kbfi.ee:8443/cream-pbs-long
>>> info for dashboard:
***** Cat /home/cms030/home_crobe_899880228/CREAM899880228/glide_VQ5704/execute/dir_8311/jobreport.txt *****
MonitorJobID=32_https://submit-2.t2.ucsd.edu//121127//17531.31
SyncGridJobId=https://submit-2.t2.ucsd.edu//121127//17531.31
MonitorID=liis_crab_0_121127_013010_p7r30o
GridFlavour=LCG
SyncSite=T2_EE_Estonia
SyncCE=oberon.hep.kbfi.ee:8443/cream-pbs-long
***** End Cat jobreport *****
Parameters sent to Dashboard.
>>> setup environment
set SCRAM ARCH to slc5_amd64_gcc462
SCRAM_ARCH = slc5_amd64_gcc462
>>> setup CMS LCG environment:
set SCRAM ARCH and BUILD_ARCH to slc5_amd64_gcc462 ###
Sourcing environment... 
sourcing /cvmfs/cms.cern.ch/cmsset_default.sh
==> setup cms environment ok
>>> specific cmssw setup environment:
CMSSW_VERSION =  CMSSW_5_3_5
>>> current directory (SOFTWARE_DIR): /home/cms030/home_crobe_899880228/CREAM899880228/glide_VQ5704/execute/dir_8311/CMSSW_5_3_5
PreserveSeeds: <>
IncrementSeeds:<>
{}
WNHostName=wn-v-5168.local
>>> info for dashboard:
***** Cat /home/cms030/home_crobe_899880228/CREAM899880228/glide_VQ5704/execute/dir_8311/jobreport.txt *****
MonitorJobID=32_https://submit-2.t2.ucsd.edu//121127//17531.31
MonitorID=liis_crab_0_121127_013010_p7r30o
WNHostName=wn-v-5168.local
***** End Cat jobreport *****
Parameters sent to Dashboard.
crabWatchdog started as process 11290
>>> moving CMSSW software directories in /home/cms030/home_crobe_899880228/CREAM899880228/glide_VQ5704/execute/dir_8311/CMSSW_5_3_5
mv: cannot stat `/home/cms030/home_crobe_899880228/CREAM899880228/glide_VQ5704/execute/dir_8311/module/': No such file or directory
>>> Include /home/cms030/home_crobe_899880228/CREAM899880228/glide_VQ5704/execute/dir_8311 in PYTHONPATH:
PYTHONPATH=/home/cms030/home_crobe_899880228/CREAM899880228/glide_VQ5704/execute/dir_8311/:/home/cms030/home_crobe_899880228/CREAM899880228/glide_VQ5704/execute/dir_8311/CMSSW_5_3_5/python:/home/cms030/home_crobe_899880228/CREAM899880228/glide_VQ5704/execute/dir_8311/CMSSW_5_3_5/lib/slc5_amd64_gcc462:/cvmfs/cms.cern.ch/slc5_amd64_gcc462/cms/cmssw/CMSSW_5_3_5/python:/cvmfs/cms.cern.ch/slc5_amd64_gcc462/cms/cmssw/CMSSW_5_3_5/lib/slc5_amd64_gcc462:/cvmfs/cms.cern.ch/slc5_amd64_gcc462/cms/coral/CORAL_2_3_21-cms27/slc5_amd64_gcc462/python:/cvmfs/cms.cern.ch/slc5_amd64_gcc462/cms/coral/CORAL_2_3_21-cms27/slc5_amd64_gcc462/lib:/cvmfs/cms.cern.ch/slc5_amd64_gcc462/external/pyqt/4.8.1/lib/python2.6/site-packages:/cvmfs/cms.cern.ch/slc5_amd64_gcc462/external/py2-scipy/0.8.0/lib/python2.6/site-packages:/cvmfs/cms.cern.ch/slc5_amd64_gcc462/external/py2-matplotlib/1.0.1/lib/python2.6/site-packages:/cvmfs/cms.cern.ch/slc5_amd64_gcc462/external/python-ldap/2.3.5/lib/python2.6/site-packages:/cvmfs/cms.cern.ch/slc5_amd64_gcc462/external/sip/4.11.2/lib/python2.6/site-packages:/cvmfs/cms.cern.ch/slc5_amd64_gcc462/external/py2-pycurl/7.19.0/lib/python2.6/site-packages:/cvmfs/cms.cern.ch/slc5_amd64_gcc462/external/py2-numpy/1.6.1/lib/python2.6/site-packages:/cvmfs/cms.cern.ch/slc5_amd64_gcc462/external/py2-ipython/0.10/lib/python2.6/site-packages:/cvmfs/cms.cern.ch/slc5_amd64_gcc462/external/py2-cx-oracle/5.1-cms11/lib/python2.6/site-packages:/cvmfs/cms.cern.ch/slc5_amd64_gcc462/external/py2-cjson/1.0.5/lib/python2.6/site-packages:/cvmfs/cms.cern.ch/slc5_amd64_gcc462/cms/das-client/1.4.1-cms8/bin:/cvmfs/cms.cern.ch/slc5_amd64_gcc462/external/elementtree/1.2.6/share/lib/python2.6/site-packages:/cvmfs/cms.cern.ch/slc5_amd64_gcc462/external/rivet/1.5.1-cms10/lib/python2.6/site-packages:/cvmfs/cms.cern.ch/slc5_amd64_gcc462/external/pyminuit2/0.0.1-cms34/lib/python2.6/site-packages:/cvmfs/cms.cern.ch/slc5_amd64_gcc462/external/professor/1.0.0-cms35/lib/python2.6/site-packages:/cvmfs/cms.cern.ch/slc5_amd64_gcc462/lcg/root/5.32.00-cms18/lib:/cvmfs/cms.cern.ch/slc5_amd64_gcc462/cms/dbs-client/DBS_2_1_1_patch1_1/lib:/cvmfs/cms.cern.ch/slc5_amd64_gcc462/cms/dbs-client/DBS_2_1_1_patch1_1/lib/DBSAPI:/home/cms030/home_crobe_899880228/CREAM899880228/glide_VQ5704/execute/dir_8311/
241a2a19cb7c5c8751ba22759ab3bdb0
PSETHASH = 241a2a19cb7c5c8751ba22759ab3bdb0
/home/cms030/home_crobe_899880228/CREAM899880228/glide_VQ5704/execute/dir_8311/writeCfg.py pset.py pset.py
Importing .py file
Setting parameters
inputBlocks=/QCD_Pt_80_170_EMEnriched_TuneZ2star_8TeV_pythia6/mario-Summer12-stop-pfele-step1-3d176ac8da5e9dff208d057f4733ca91/USER#1edbd789-8e01-4834-bf44-0c1d693a4b92
inputFiles=/store/user/mario/QCD_Pt_80_170_EMEnriched_TuneZ2star_8TeV_pythia6/Summer12-stop-pfele-step1/3d176ac8da5e9dff208d057f4733ca91/tuple_424_2_wWc.root;/store/user/mario/QCD_Pt_80_170_EMEnriched_TuneZ2star_8TeV_pythia6/Summer12-stop-pfele-step1/3d176ac8da5e9dff208d057f4733ca91/tuple_433_7_EA2.root;/store/user/mario/QCD_Pt_80_170_EMEnriched_TuneZ2star_8TeV_pythia6/Summer12-stop-pfele-step1/3d176ac8da5e9dff208d057f4733ca91/tuple_88_3_NoT.root;/store/user/mario/QCD_Pt_80_170_EMEnriched_TuneZ2star_8TeV_pythia6/Summer12-stop-pfele-step1/3d176ac8da5e9dff208d057f4733ca91/tuple_89_1_xQA.root;/store/user/mario/QCD_Pt_80_170_EMEnriched_TuneZ2star_8TeV_pythia6/Summer12-stop-pfele-step1/3d176ac8da5e9dff208d057f4733ca91/tuple_91_3_8Yl.root
parentFiles=
lumisRange=
>>> Executable cmsRun
/cvmfs/cms.cern.ch/slc5_amd64_gcc462/cms/cmssw/CMSSW_5_3_5/bin/slc5_amd64_gcc462/cmsRun
ok executable found
>>> info for dashboard:
***** Cat /home/cms030/home_crobe_899880228/CREAM899880228/glide_VQ5704/execute/dir_8311/jobreport.txt *****
MonitorJobID=32_https://submit-2.t2.ucsd.edu//121127//17531.31
MonitorID=liis_crab_0_121127_013010_p7r30o
ExeStart=cmsRun
***** End Cat jobreport *****
Parameters sent to Dashboard.
>>> cmsRun started at Tue Nov 27 00:31:48 UTC 2012
>>> cmsRun ended at Tue Nov 27 00:38:42 UTC 2012
>>> info for dashboard:
***** Cat /home/cms030/home_crobe_899880228/CREAM899880228/glide_VQ5704/execute/dir_8311/jobreport.txt *****
MonitorJobID=32_https://submit-2.t2.ucsd.edu//121127//17531.31
MonitorID=liis_crab_0_121127_013010_p7r30o
ExeEnd=cmsRun
***** End Cat jobreport *****
Parameters sent to Dashboard.
TIME_EXE = 414 sec
>>> cmsRun wrote 103 lines of stdout+stderr
>>> START OF printout of 103 lines from stdout+stderr
27-Nov-2012 02:32:09 EET  Initiating request to open file file:/hdfs/cms/store/user/mario/QCD_Pt_80_170_EMEnriched_TuneZ2star_8TeV_pythia6/Summer12-stop-pfele-step1/3d176ac8da5e9dff208d057f4733ca91/tuple_424_2_wWc.root
27-Nov-2012 02:32:17 EET  Successfully opened file file:/hdfs/cms/store/user/mario/QCD_Pt_80_170_EMEnriched_TuneZ2star_8TeV_pythia6/Summer12-stop-pfele-step1/3d176ac8da5e9dff208d057f4733ca91/tuple_424_2_wWc.root
Begin processing the 1st record. Run 1, Event 108138101, LumiSection 34682 at 27-Nov-2012 02:32:34.327 EET
Begin processing the 1001st record. Run 1, Event 73547242, LumiSection 23588 at 27-Nov-2012 02:32:42.064 EET
Begin processing the 2001st record. Run 1, Event 79552081, LumiSection 25514 at 27-Nov-2012 02:32:45.431 EET
Begin processing the 3001st record. Run 1, Event 125459663, LumiSection 40238 at 27-Nov-2012 02:32:50.953 EET
Begin processing the 4001st record. Run 1, Event 129186343, LumiSection 41433 at 27-Nov-2012 02:32:54.030 EET
Begin processing the 5001st record. Run 1, Event 130697633, LumiSection 41918 at 27-Nov-2012 02:32:56.991 EET
Begin processing the 6001st record. Run 1, Event 135150082, LumiSection 43346 at 27-Nov-2012 02:33:02.327 EET
Begin processing the 7001st record. Run 1, Event 75808759, LumiSection 24314 at 27-Nov-2012 02:33:05.651 EET
Begin processing the 8001st record. Run 1, Event 109866444, LumiSection 35237 at 27-Nov-2012 02:33:12.256 EET
Begin processing the 9001st record. Run 1, Event 115205114, LumiSection 36949 at 27-Nov-2012 02:33:15.329 EET
Begin processing the 10001st record. Run 1, Event 124569858, LumiSection 39952 at 27-Nov-2012 02:33:18.898 EET
Begin processing the 11001st record. Run 1, Event 224009036, LumiSection 71844 at 27-Nov-2012 02:33:27.045 EET
Begin processing the 12001st record. Run 1, Event 24659116, LumiSection 7909 at 27-Nov-2012 02:33:30.094 EET
Begin processing the 13001st record. Run 1, Event 47000342, LumiSection 15074 at 27-Nov-2012 02:33:35.980 EET
Begin processing the 14001st record. Run 1, Event 127272105, LumiSection 40819 at 27-Nov-2012 02:33:39.201 EET
27-Nov-2012 02:33:41 EET  Closed file file:/hdfs/cms/store/user/mario/QCD_Pt_80_170_EMEnriched_TuneZ2star_8TeV_pythia6/Summer12-stop-pfele-step1/3d176ac8da5e9dff208d057f4733ca91/tuple_424_2_wWc.root
27-Nov-2012 02:33:41 EET  Initiating request to open file file:/hdfs/cms/store/user/mario/QCD_Pt_80_170_EMEnriched_TuneZ2star_8TeV_pythia6/Summer12-stop-pfele-step1/3d176ac8da5e9dff208d057f4733ca91/tuple_433_7_EA2.root
27-Nov-2012 02:33:41 EET  Successfully opened file file:/hdfs/cms/store/user/mario/QCD_Pt_80_170_EMEnriched_TuneZ2star_8TeV_pythia6/Summer12-stop-pfele-step1/3d176ac8da5e9dff208d057f4733ca91/tuple_433_7_EA2.root
Begin processing the 15001st record. Run 1, Event 151088136, LumiSection 48457 at 27-Nov-2012 02:34:01.550 EET
Begin processing the 16001st record. Run 1, Event 188153047, LumiSection 60345 at 27-Nov-2012 02:34:07.591 EET
Begin processing the 17001st record. Run 1, Event 170681266, LumiSection 54741 at 27-Nov-2012 02:34:11.502 EET
Begin processing the 18001st record. Run 1, Event 168424627, LumiSection 54017 at 27-Nov-2012 02:34:16.859 EET
Begin processing the 19001st record. Run 1, Event 191732366, LumiSection 61493 at 27-Nov-2012 02:34:20.088 EET
Begin processing the 20001st record. Run 1, Event 225496351, LumiSection 72321 at 27-Nov-2012 02:34:25.830 EET
Begin processing the 21001st record. Run 1, Event 153453254, LumiSection 49216 at 27-Nov-2012 02:34:29.157 EET
Begin processing the 22001st record. Run 1, Event 16910334, LumiSection 5424 at 27-Nov-2012 02:34:34.369 EET
Begin processing the 23001st record. Run 1, Event 179887085, LumiSection 57694 at 27-Nov-2012 02:34:37.845 EET
Begin processing the 24001st record. Run 1, Event 52565382, LumiSection 16859 at 27-Nov-2012 02:34:41.204 EET
Begin processing the 25001st record. Run 1, Event 110181184, LumiSection 35338 at 27-Nov-2012 02:34:47.072 EET
Begin processing the 26001st record. Run 1, Event 183452563, LumiSection 58837 at 27-Nov-2012 02:34:50.360 EET
Begin processing the 27001st record. Run 1, Event 173784590, LumiSection 55736 at 27-Nov-2012 02:34:54.797 EET
Begin processing the 28001st record. Run 1, Event 226578890, LumiSection 72669 at 27-Nov-2012 02:34:58.394 EET
Begin processing the 29001st record. Run 1, Event 183443758, LumiSection 58834 at 27-Nov-2012 02:35:01.875 EET
Begin processing the 30001st record. Run 1, Event 16714382, LumiSection 5361 at 27-Nov-2012 02:35:08.744 EET
27-Nov-2012 02:35:12 EET  Closed file file:/hdfs/cms/store/user/mario/QCD_Pt_80_170_EMEnriched_TuneZ2star_8TeV_pythia6/Summer12-stop-pfele-step1/3d176ac8da5e9dff208d057f4733ca91/tuple_433_7_EA2.root
27-Nov-2012 02:35:12 EET  Initiating request to open file file:/hdfs/cms/store/user/mario/QCD_Pt_80_170_EMEnriched_TuneZ2star_8TeV_pythia6/Summer12-stop-pfele-step1/3d176ac8da5e9dff208d057f4733ca91/tuple_88_3_NoT.root
27-Nov-2012 02:35:13 EET  Successfully opened file file:/hdfs/cms/store/user/mario/QCD_Pt_80_170_EMEnriched_TuneZ2star_8TeV_pythia6/Summer12-stop-pfele-step1/3d176ac8da5e9dff208d057f4733ca91/tuple_88_3_NoT.root
Begin processing the 31001st record. Run 1, Event 144552708, LumiSection 46361 at 27-Nov-2012 02:35:38.606 EET
Begin processing the 32001st record. Run 1, Event 181770044, LumiSection 58297 at 27-Nov-2012 02:35:41.579 EET
Begin processing the 33001st record. Run 1, Event 198854329, LumiSection 63777 at 27-Nov-2012 02:35:44.590 EET
Begin processing the 34001st record. Run 1, Event 23658320, LumiSection 7588 at 27-Nov-2012 02:35:49.239 EET
Begin processing the 35001st record. Run 1, Event 74767824, LumiSection 23980 at 27-Nov-2012 02:35:52.351 EET
Begin processing the 36001st record. Run 1, Event 61801602, LumiSection 19821 at 27-Nov-2012 02:35:56.829 EET
Begin processing the 37001st record. Run 1, Event 84619553, LumiSection 27140 at 27-Nov-2012 02:35:59.859 EET
Begin processing the 38001st record. Run 1, Event 88689042, LumiSection 28445 at 27-Nov-2012 02:36:02.970 EET
Begin processing the 39001st record. Run 1, Event 118498408, LumiSection 38005 at 27-Nov-2012 02:36:10.540 EET
Begin processing the 40001st record. Run 1, Event 119365389, LumiSection 38283 at 27-Nov-2012 02:36:13.314 EET
Begin processing the 41001st record. Run 1, Event 125732112, LumiSection 40325 at 27-Nov-2012 02:36:17.469 EET
Begin processing the 42001st record. Run 1, Event 133350062, LumiSection 42768 at 27-Nov-2012 02:36:20.319 EET
Begin processing the 43001st record. Run 1, Event 26844828, LumiSection 8610 at 27-Nov-2012 02:36:23.386 EET
Begin processing the 44001st record. Run 1, Event 26676328, LumiSection 8556 at 27-Nov-2012 02:36:28.470 EET
Begin processing the 45001st record. Run 1, Event 31558877, LumiSection 10122 at 27-Nov-2012 02:36:31.295 EET
Begin processing the 46001st record. Run 1, Event 20900817, LumiSection 6704 at 27-Nov-2012 02:36:36.699 EET
Begin processing the 47001st record. Run 1, Event 26814791, LumiSection 8600 at 27-Nov-2012 02:36:39.818 EET
27-Nov-2012 02:36:39 EET  Closed file file:/hdfs/cms/store/user/mario/QCD_Pt_80_170_EMEnriched_TuneZ2star_8TeV_pythia6/Summer12-stop-pfele-step1/3d176ac8da5e9dff208d057f4733ca91/tuple_88_3_NoT.root
27-Nov-2012 02:36:39 EET  Initiating request to open file file:/hdfs/cms/store/user/mario/QCD_Pt_80_170_EMEnriched_TuneZ2star_8TeV_pythia6/Summer12-stop-pfele-step1/3d176ac8da5e9dff208d057f4733ca91/tuple_89_1_xQA.root
27-Nov-2012 02:36:40 EET  Successfully opened file file:/hdfs/cms/store/user/mario/QCD_Pt_80_170_EMEnriched_TuneZ2star_8TeV_pythia6/Summer12-stop-pfele-step1/3d176ac8da5e9dff208d057f4733ca91/tuple_89_1_xQA.root
Begin processing the 48001st record. Run 1, Event 37133369, LumiSection 11910 at 27-Nov-2012 02:36:58.052 EET
Begin processing the 49001st record. Run 1, Event 53734152, LumiSection 17234 at 27-Nov-2012 02:37:01.177 EET
Begin processing the 50001st record. Run 1, Event 140168382, LumiSection 44955 at 27-Nov-2012 02:37:06.891 EET
Begin processing the 51001st record. Run 1, Event 161229440, LumiSection 51710 at 27-Nov-2012 02:37:10.259 EET
Begin processing the 52001st record. Run 1, Event 177853621, LumiSection 57041 at 27-Nov-2012 02:37:15.569 EET
Begin processing the 53001st record. Run 1, Event 168272099, LumiSection 53968 at 27-Nov-2012 02:37:18.751 EET
Begin processing the 54001st record. Run 1, Event 153524083, LumiSection 49238 at 27-Nov-2012 02:37:22.112 EET
Begin processing the 55001st record. Run 1, Event 69935010, LumiSection 22430 at 27-Nov-2012 02:37:28.430 EET
Begin processing the 56001st record. Run 1, Event 114381421, LumiSection 36685 at 27-Nov-2012 02:37:31.851 EET
Begin processing the 57001st record. Run 1, Event 102693470, LumiSection 32936 at 27-Nov-2012 02:37:37.112 EET
Begin processing the 58001st record. Run 1, Event 103345931, LumiSection 33145 at 27-Nov-2012 02:37:41.587 EET
Begin processing the 59001st record. Run 1, Event 113550484, LumiSection 36418 at 27-Nov-2012 02:37:44.998 EET
Begin processing the 60001st record. Run 1, Event 121596641, LumiSection 38999 at 27-Nov-2012 02:37:51.324 EET
Begin processing the 61001st record. Run 1, Event 131080029, LumiSection 42040 at 27-Nov-2012 02:37:54.523 EET
Begin processing the 62001st record. Run 1, Event 139755449, LumiSection 44823 at 27-Nov-2012 02:37:58.298 EET
Begin processing the 63001st record. Run 1, Event 148165913, LumiSection 47520 at 27-Nov-2012 02:38:00.151 EET
27-Nov-2012 02:38:00 EET  Closed file file:/hdfs/cms/store/user/mario/QCD_Pt_80_170_EMEnriched_TuneZ2star_8TeV_pythia6/Summer12-stop-pfele-step1/3d176ac8da5e9dff208d057f4733ca91/tuple_89_1_xQA.root
27-Nov-2012 02:38:00 EET  Initiating request to open file file:/hdfs/cms/store/user/mario/QCD_Pt_80_170_EMEnriched_TuneZ2star_8TeV_pythia6/Summer12-stop-pfele-step1/3d176ac8da5e9dff208d057f4733ca91/tuple_91_3_8Yl.root
27-Nov-2012 02:38:00 EET  Successfully opened file file:/hdfs/cms/store/user/mario/QCD_Pt_80_170_EMEnriched_TuneZ2star_8TeV_pythia6/Summer12-stop-pfele-step1/3d176ac8da5e9dff208d057f4733ca91/tuple_91_3_8Yl.root
Begin processing the 64001st record. Run 1, Event 226081404, LumiSection 72509 at 27-Nov-2012 02:38:15.865 EET
Begin processing the 65001st record. Run 1, Event 41274494, LumiSection 13238 at 27-Nov-2012 02:38:18.957 EET
Begin processing the 66001st record. Run 1, Event 78127198, LumiSection 25057 at 27-Nov-2012 02:38:25.373 EET
Begin processing the 67001st record. Run 1, Event 79052716, LumiSection 25354 at 27-Nov-2012 02:38:28.637 EET
Begin processing the 68001st record. Run 1, Event 202707228, LumiSection 65012 at 27-Nov-2012 02:38:31.751 EET
Begin processing the 69001st record. Run 1, Event 146914109, LumiSection 47119 at 27-Nov-2012 02:38:37.960 EET
27-Nov-2012 02:38:41 EET  Closed file file:/hdfs/cms/store/user/mario/QCD_Pt_80_170_EMEnriched_TuneZ2star_8TeV_pythia6/Summer12-stop-pfele-step1/3d176ac8da5e9dff208d057f4733ca91/tuple_91_3_8Yl.root

=============================================

MessageLogger Summary

 type     category        sev    module        subroutine        count    total
 ---- -------------------- -- ---------------- ----------------  -----    -----
    1 fileAction           -s file_close                             5        5
    2 fileAction           -s file_open                             10       10

 type    category    Examples: run/evt        run/evt          run/evt
 ---- -------------------- ---------------- ---------------- ----------------
    1 fileAction           PostProcessEvent PostProcessEvent PostEndRun
    2 fileAction           pre-events       pre-events       PostProcessEvent

Severity    # Occurrences   Total Occurrences
--------    -------------   -----------------
System                 15                  15
>>> END OF printout of 103 lines from stdout+stderr
>>> Parse FrameworkJobReport crab_fjr.xml
Result of parsing the FrameworkJobReport crab_fjr.xml: Popularity start
lumisRange : 1::3079,3632,5628,5727,6688,7017,11838,11933,12896,13238,13456,15246,15349,15945,16069,21353,21426,25057,25091,25134,25141,25257,25274,25288,25339,25354,25359,25374,25380,25385,25410,25430,25440,26724,34237,34649,35896,36645,37919,38266,38699,40982,41011,41050,41086,42105,43179,43928,47119,47176,48406,48754,51250,52550-52551,52562,53762,54377,65012,71227,71370,71773,71800,72045,72083,72228,72359,72509,72728::1;1::657,4762,5575,6782,7909,9043,9690,9872,10014,10139,10528,10819,11251,14462,15074-15075,15077,15083,15094,16353,16605,22005,22307,22405,22429,22543,22772,22964,23013,23235,23375,23588,23710,24041,24094,24261,24314,24758,24818,24886,25514-25515,26390,27267,27285,27305,27516,27611,28914,29451,30123,30985,34026,34120,34312,34381,34514,34562,34587,34607,34682,34888,35237,35416,35508,35808,35899,36025,36932,36949,36956,37139,37489,37547,37955,38404,38406-38407,38410-38411,38557,38594,38634,38688,38714,38810,39247,39369,39390,39869,39893,39931,39952,40105,40238,40285,40495,40498,40637-40638,40676,40700,40702,40786-40787,40791,40819,41091,41337,41433,41481,41486,41579-41580,41622-41623,41625,41918,42078,42137,42188,42202,42204,42244,42368,42425,42538,42556,42569,42736,42767,42788,42809,42875,42905,42949,43346,43382,43517,43537,43587,43943,44458,44573,44737,44765,44919,45326,45741,47354,52488,70695,71844,72119::2;1::158,187,349,523,694,873,1062,1319,1462,2111,2287,2439,2511,2952,4573-4574,4957,6019,6509,6633,6704,7361,7520,7588,8000,8085,8232,8262,8274,8556,8564,8566-8567,8592,8597,8600,8610-8611,8625,9011,9393,9421,10122,11809,12895,15538,15641,16076,17179,19274,19304,19366,19496,19555,19557,19766,19821,20070,20136,20731,21095,22853,23472,23897,23980,23983,24168,24385,24798,26246,26858,27140,27175,27191,27856,27885,28445,28470,28697,29497,29665,31704,32931,34990,36831,36996-36997,37002,37092,37104,37410,37503,37523,37575,37792,37980,38005,38044-38045,38085,38096,38154,38232,38245,38283,38317,38725,39337,39520,40173,40252,40263,40281,40304,40325,40451,40604,40655,41155,41382,41941,42128,42249,42317-42318,42330,42438,42488,42510,42768,43126,43130,43136,43195,43432,43456,46237,46240,46361,46472,46951,47122,47218,47267,47327,47455,48652,51909,53173,53613,55420-55421,58297,59364,60743,61036,61593,61979,62471,62636,62950,63372,63777,63991,64160,64335,64382,66156,66588::3;1::8711,11806,11826,11834,11858,11875,11887,11903,11910,12347,14851,15163,15195,15200,15289,15432,15824,15879,15933,16250,16385,16577,16747,16869,16874,17065,17155,17234,17444,17515,17701,17703,17706,17767,17778,17927,18495,18895,18898,19238,19460,19595,20483,20670,20854,20953,20955,22099,22122,22189,22430,23114,23860,24155,24680,24725,24760,25186,25220,25776,26851,26986,27455,28851,28896,29415,29673,29696,30597,32900,32936,32951,32973,32987-32989,33012,33026,33129,33133,33145,33160,33805,34100,34153,34203,34205,34745,34946,35355,35756,36418,36535,36588,36669,36685,36799,38210,38944,38999,39731,40268,40270,40671,41303,41491,41540,41972,42040,42063,42148,42650,42957,43044,44185,44385,44389,44395,44675-44676,44774,44823,44878,44912,44920,44955,45168,45205,45407,45444,45566,45710,46158,46477,46485,46488,46497,46586,46605,46660,46752,47520,48084,48844,48923,49238,49731,50159,51710-51711,51871,53585,53613,53637,53705,53743,53968,54638,56544,56700,57041,57615,57940,58160,67706-67707,71476,72532::4;1::408,2846,5282,5287,5316,5357,5361,5378,5405-5406,5416,5424,5429,5447,5452,5468,5471,5477,5496,5505,5617,5759,5907,6184,6280,6560,6566,7353,7661,7668,7917,8194,8257,8720,9496,9562,9606,10086,10375,10504,10987,11102,11262,12819,15523,16001,16095,16859,19308,19687,20432,21657,26548,29991-29992,30000,32384,33254,34315,35293,35338,35594,36342,40796,41732,41758,41785,41794,42360,42417,42596,42694,43613,45664,47914,48362,48457,48469,48787,48835,48917,49216,49220,49358,49364,49486,49548,49781,49784,51007,51083,51218,51308,51363,51392,51774,52717,53923,54017,54269,54305,54441,54741,54744,55736,55743,56062,56782,57032,57453,57556,57608,57694,58187,58264,58313,58434,58669-58670,58831,58834,58837,58842,59551,59803,60005,60009,60173,60221,60259,60345,60548,60722,61178,61267,61385,61443,61485,61493,61821,61844,63693,64674,64816,65230,65664-65665,65672,65681,65835,66475,67377,67579,67581,67740,68180,68724,69046,69591,69859,70952,72151,72294,72304,72321,72471,72473,72669,72702::5;
lumisParentRange : 
Basename : /store/user/mario/QCD_Pt_80_170_EMEnriched_TuneZ2star_8TeV_pythia6/Summer12-stop-pfele-step1/3d176ac8da5e9dff208d057f4733ca91/tuple_
BasenameParent : 
parentFiles : 
inputBlocks : /QCD_Pt_80_170_EMEnriched_TuneZ2star_8TeV_pythia6/mario-Summer12-stop-pfele-step1-3d176ac8da5e9dff208d057f4733ca91/USER#1edbd789-8e01-4834-bf44-0c1d693a4b92
inputFiles : 91_3_8Yl.root::1::EDM::Local::1;424_2_wWc.root::1::EDM::Local::2;88_3_NoT.root::1::EDM::Local::3;89_1_xQA.root::1::EDM::Local::4;433_7_EA2.root::1::EDM::Local::5;
Popularity stop
Extracted ExitStatus from FrameworkJobReport parsing output: 0
>>> Executable succeded  0
ExeExitCode=0
EXECUTABLE_EXIT_STATUS = 0
>>> current directory /home/cms030/home_crobe_899880228/CREAM899880228/glide_VQ5704/execute/dir_8311/CMSSW_5_3_5
>>>  (SOFTWARE_DIR): /home/cms030/home_crobe_899880228/CREAM899880228/glide_VQ5704/execute/dir_8311/CMSSW_5_3_5
>>> (WORKING_DIR): 
>>> current directory content:
total 152
drwxr-xr-x 3 cms030 cms  4096 Nov 27 02:31 .SCRAM
-rw-r--r-- 1 cms030 cms 30066 Nov 27 02:31 CMSSW.py.pkl
drwxr-xr-x 3 cms030 cms  4096 Nov 27 02:31 bin
drwxr-xr-x 3 cms030 cms  4096 Nov 27 02:31 cfipython
drwxr-xr-x 5 cms030 cms  4096 Nov 27 02:31 config
-rw-r--r-- 1 cms030 cms    16 Nov 27 02:38 cpu_timing.txt
drwxr-xr-x 2 cms030 cms  4096 Nov 27 02:31 doc
-rw-r--r-- 1 cms030 cms 11696 Nov 27 02:38 executable.out
drwxr-xr-x 2 cms030 cms  4096 Nov 27 02:31 include
drwxrwxrwx 3 cms030 cms  4096 Oct 22 16:38 lib
drwxr-xr-x 3 cms030 cms  4096 Nov 27 02:31 logs
drwxr-xr-x 3 cms030 cms  4096 Nov 27 02:31 objs
-rw-r--r-- 1 cms030 cms 17370 Nov 27 02:38 optHistograms.root
-rw-r--r-- 1 cms030 cms   104 Nov 27 02:31 pset.py
-rw-r--r-- 1 cms030 cms 19499 Nov 27 02:31 pset.py.pkl
-rw-r--r-- 1 cms030 cms   289 Nov 27 02:31 pset.pyc
drwxr-xr-x 2 cms030 cms  4096 Nov 27 02:31 python
-rw-r--r-- 1 cms030 cms   420 Nov 27 02:38 report.log
drwxrwxrwx 4 cms030 cms  4096 Nov 27 02:31 src
drwxr-xr-x 3 cms030 cms  4096 Nov 27 02:31 test
drwxr-xr-x 3 cms030 cms  4096 Nov 27 02:31 tmp
>>> current directory /home/cms030/home_crobe_899880228/CREAM899880228/glide_VQ5704/execute/dir_8311/CMSSW_5_3_5
>>> (SOFTWARE_DIR): /home/cms030/home_crobe_899880228/CREAM899880228/glide_VQ5704/execute/dir_8311/CMSSW_5_3_5
>>> (WORKING_DIR): 
>>> current directory content:
total 132
drwxr-xr-x 3 cms030 cms  4096 Nov 27 02:31 .SCRAM
-rw-r--r-- 1 cms030 cms 30066 Nov 27 02:31 CMSSW.py.pkl
drwxr-xr-x 3 cms030 cms  4096 Nov 27 02:31 bin
drwxr-xr-x 3 cms030 cms  4096 Nov 27 02:31 cfipython
drwxr-xr-x 5 cms030 cms  4096 Nov 27 02:31 config
-rw-r--r-- 1 cms030 cms    16 Nov 27 02:38 cpu_timing.txt
drwxr-xr-x 2 cms030 cms  4096 Nov 27 02:31 doc
-rw-r--r-- 1 cms030 cms 11696 Nov 27 02:38 executable.out
drwxr-xr-x 2 cms030 cms  4096 Nov 27 02:31 include
drwxrwxrwx 3 cms030 cms  4096 Oct 22 16:38 lib
drwxr-xr-x 3 cms030 cms  4096 Nov 27 02:31 logs
drwxr-xr-x 3 cms030 cms  4096 Nov 27 02:31 objs
-rw-r--r-- 1 cms030 cms   104 Nov 27 02:31 pset.py
-rw-r--r-- 1 cms030 cms 19499 Nov 27 02:31 pset.py.pkl
-rw-r--r-- 1 cms030 cms   289 Nov 27 02:31 pset.pyc
drwxr-xr-x 2 cms030 cms  4096 Nov 27 02:31 python
-rw-r--r-- 1 cms030 cms   420 Nov 27 02:38 report.log
drwxrwxrwx 4 cms030 cms  4096 Nov 27 02:31 src
drwxr-xr-x 3 cms030 cms  4096 Nov 27 02:31 test
drwxr-xr-x 3 cms030 cms  4096 Nov 27 02:31 tmp
>>> current directory (RUNTIME_AREA):  /home/cms030/home_crobe_899880228/CREAM899880228/glide_VQ5704/execute/dir_8311
>>> current dir: /home/cms030/home_crobe_899880228/CREAM899880228/glide_VQ5704/execute/dir_8311
>>> current dir content:
total 25796
-rw-rw-rw-  1 cms030 cms     5579 Nov 27 02:30 .job.ad
-rw-rw-rw-  1 cms030 cms    11339 Nov 27 02:30 .machine.ad
-rw-rw-rw-  1 cms030 cms      105 Nov 27 01:30 CMSSW.py
-rw-rw-rw-  1 cms030 cms    30066 Nov 27 01:30 CMSSW.py.pkl
-rwxrw-rw-  1 cms030 cms    23339 Nov 27 02:31 CMSSW.sh
-rw-rw-rw-  1 cms030 cms        0 Nov 27 02:31 CMSSW_32.stderr
-rw-rw-rw-  1 cms030 cms    28009 Nov 27 02:39 CMSSW_32.stdout
drwxr-xr-x 15 cms030 cms     4096 Nov 27 02:39 CMSSW_5_3_5
-rw-r--r--  1 cms030 cms      346 Nov 27 02:31 CacheEnv.sh
-rw-rw-rw-  1 cms030 cms     7291 Jun  9  2010 DashboardAPI.py
-rw-r--r--  1 cms030 cms     6868 Nov 27 02:31 DashboardAPI.pyc
drwxrwxrwx  3 cms030 cms     4096 Nov 27 02:38 IMProv
-rw-rw-rw-  1 cms030 cms     2748 Mar  8  2006 Logger.py
-rw-r--r--  1 cms030 cms     3348 Nov 27 02:31 Logger.pyc
-rw-rw-rw-  1 cms030 cms    24524 Mar 28  2008 ProcInfo.py
-rw-r--r--  1 cms030 cms    23446 Nov 27 02:31 ProcInfo.pyc
drwxrwxrwx  7 cms030 cms     4096 Nov 27 02:31 ProdCommon
drwxrwxrwx  3 cms030 cms     4096 Nov 27 02:31 WMCore
-rw-r--r--  1 cms030 cms     2535 Nov 27 02:37 Watchdog_32.log
-rw-rw-rw-  1 cms030 cms    32895 Mar 28  2008 apmon.py
-rw-r--r--  1 cms030 cms    28845 Nov 27 02:31 apmon.pyc
-rw-rw-rw-  1 cms030 cms   104551 Nov 27 02:31 arguments.xml
-rwxrwxrwx  1 cms030 cms    37427 Sep 13 14:14 cmscp.py
-rwxrwxrwx  1 cms030 cms    23339 Nov 27 02:31 condor_exec.exe
-rw-rw-rw-  1 cms030 cms      545 Nov 27 01:30 crab.cfg
-rwxrwxrwx  1 cms030 cms     9531 Sep 20 21:46 crabWatchdog.sh
-rw-r--r--  1 cms030 cms    50022 Nov 27 02:38 crab_fjr_32.xml
-rw-rw-rw-  1 cms030 cms 25796294 Nov 27 02:31 default.tgz
-rwxrwxrwx  1 cms030 cms     4488 May 12  2012 fillCrabFjr.py
-rw-r--r--  1 cms030 cms      937 Nov 27 02:31 inputsReport.txt
-rw-r--r--  1 cms030 cms      132 Nov 27 02:39 jobreport.txt
lrwxrwxrwx  1 cms030 cms      106 Nov 27 02:39 optHistograms.root -> /home/cms030/home_crobe_899880228/CREAM899880228/glide_VQ5704/execute/dir_8311/optHistograms_32_1_mBg.root
-rw-r--r--  1 cms030 cms    17370 Nov 27 02:38 optHistograms_32_1_mBg.root
-rw-rw-rw-  1 cms030 cms    17352 Jan 20  2012 parseCrabFjr.py
-rw-r--r--  1 cms030 cms      285 Nov 27 02:31 report.log
-rwxrwxrwx  1 cms030 cms     1497 May 27  2009 report.py
-rwxrwxrwx  1 cms030 cms     8387 Mar 23  2011 writeCfg.py
-rw-------  1 cms030 cms     8691 Nov 27 02:30 x509up_u1000009
Checking output files:  
will tar file optHistograms_32_1_mBg.root in  out_files_32
will tar file crab_fjr_32.xml in  out_files_32
will tar file CMSSW_32.stdout in  out_files_32
will tar file CMSSW_32.stderr in  out_files_32
WARNING: output file Watchdog_32.log.gz not found!
>>> padding time: Sleeping the wrapper for 124 seconds
STOPPING WATCHDOG. CrabWatchdog PID is 11290
********** LAST 50 LINES OF WATCHDOG LOG
# RESOURCE USAGE SUMMARY FOR PROCESS ID  8325
USER       PID %CPU %MEM    VSZ   RSS TTY      STAT START   TIME COMMAND
cms030    8325  0.0  0.0   8956  1488 ?        S    02:31   0:00 /bin/sh /home/cms030/home_crobe_899880228/CREAM899880228/glide_VQ5704/execute/dir_8311/condor_exec.exe 32 1
 
# LIMITS USED BY THIS WATCHDOG:
# RSS  (KBytes)  : 2300000
# VSZ  (KBytes)  : 100000000
# DISK (MBytes)  : 19000
# CPU  (seconds) : 171600
# WALL (seconds) : 171600
 
# FOLLOWING PRINTOUT TRACKS MAXIMUM VALUES OF RESOURCES USE
# ONE LINE IS PRINTED EACH TIME A MAXIMUM CHANGES
# IF CHANGE WAS IN RSS OR VSZ ALSO PROCID AND COMMAND ARE PRINTED
# THERE IS NO PRINTOUT FOR CPU/WALL TIME INCREASE
 
# TIME			PID	RSS(KB)	VSZ(KB)	Dsk(MB)	tCPU(s)	tWALL(s)	COMMAND
 Nov 27 02:31:26 EET	5305	1316	8896	0	0	379	-bash         
 Nov 27 02:31:26 EET	5354	1488	8952	0	0	380	/bin/sh -l ./CREAM899880228_jobWrapper.sh       
 Nov 27 02:31:26 EET	5644	2676	25504	0	0	380	perl -e ?use Socket;??sub send_notify {? $cream_url = "193.40.150.124:49152";die "No
 Nov 27 02:31:26 EET	8309	3612	25504	0	0	41	condor_procd -A /home/cms030/home_crobe_899880228/CREAM899880228/glide_VQ5704/log/procd_address.STARTD -L /home/cms030/home_crobe_899880228/CREAM899880228/glide_VQ5704/log/ProcLog.STARTD -R 10000000 -S 60 -C
 Nov 27 02:31:26 EET	8311	5388	25504	0	0	42	condor_starter -f submit-2.t2.ucsd.edu       
 Nov 27 02:31:26 EET	14211	5988	25504	0	0	378	/home/cms030/home_crobe_899880228/CREAM899880228/glide_VQ5704/main/condor/sbin/condor_master -f -pidfile /home/cms030/home_crobe_899880228/CREAM899880228/glide_VQ5704/condor_master2.pid      
 Nov 27 02:31:26 EET	---	5988	25504	168	----	----	----
 Nov 27 02:32:39 EET	21595	355252	556392	168	23	63	cmsRun -j /home/cms030/home_crobe_899880228/CREAM899880228/glide_VQ5704/execute/dir_8311/crab_fjr_32.xml -p pset.py     
 Nov 27 02:33:52 EET	21595	358656	558184	168	60	133	cmsRun -j /home/cms030/home_crobe_899880228/CREAM899880228/glide_VQ5704/execute/dir_8311/crab_fjr_32.xml -p pset.py     
 Nov 27 02:35:02 EET	21595	359620	558440	168	110	203	cmsRun -j /home/cms030/home_crobe_899880228/CREAM899880228/glide_VQ5704/execute/dir_8311/crab_fjr_32.xml -p pset.py     
 Nov 27 02:36:12 EET	21595	360032	558440	168	146	272	cmsRun -j /home/cms030/home_crobe_899880228/CREAM899880228/glide_VQ5704/execute/dir_8311/crab_fjr_32.xml -p pset.py     
 Nov 27 02:37:21 EET	21595	360420	558696	168	186	340	cmsRun -j /home/cms030/home_crobe_899880228/CREAM899880228/glide_VQ5704/execute/dir_8311/crab_fjr_32.xml -p pset.py     
 Nov 27 02:39:34 EET	---	360420	558696	169	----	----	----
********** WATCHDOG LOG ENDED
ZIPPING WATCHDOG LOG
Disk space used:
du -sh /home/cms030/home_crobe_899880228/CREAM899880228/glide_VQ5704/execute/dir_8311
169M	/home/cms030/home_crobe_899880228/CREAM899880228/glide_VQ5704/execute/dir_8311
>>> info for dashboard:
***** Cat /home/cms030/home_crobe_899880228/CREAM899880228/glide_VQ5704/execute/dir_8311/jobreport.txt *****
MonitorJobID=32_https://submit-2.t2.ucsd.edu//121127//17531.31
MonitorID=liis_crab_0_121127_013010_p7r30o
ExeTime=414
ExeExitCode=0
CrabUserCpuTime=224.19
CrabSysCpuTime=9.07
CrabCpuPercentage=56%
CrabWrapperTime=600
CrabStageoutTime=NULL
***** End Cat jobreport *****
Parameters sent to Dashboard.
optHistograms_32_1_mBg.root
crab_fjr_32.xml
CMSSW_32.stdout
CMSSW_32.stderr
Watchdog_32.log.gz
tar: .BrokerInfo: Cannot stat: No such file or directory
tar: Error exit delayed from previous errors
Total Output dimension: 28425
WARNING: output files size limit is set to: 50000000
Total Output dimension 28425 is fine.
JOB_EXIT_STATUS = 0
>>> info for dashboard:
***** Cat /home/cms030/home_crobe_899880228/CREAM899880228/glide_VQ5704/execute/dir_8311/jobreport.txt *****
MonitorJobID=32_https://submit-2.t2.ucsd.edu//121127//17531.31
MonitorID=liis_crab_0_121127_013010_p7r30o
JobExitCode=0
***** End Cat jobreport *****
Parameters sent to Dashboard.
optHistograms_32_1_mBg.root
crab_fjr_32.xml
