This script was generated by crab (version 2.8.3).
Running /home/cms064/home_crce1_631804527/CREAM631804527/glide_U25988/execute/dir_2273/condor_exec.exe with 2 positional parameters: 90 1
Today is Tue Nov 27 02:38:55 EET 2012
Job submitted on host wn-v-7005.local
Linux wn-v-7005.local 2.6.32-042stab059.7 #1 SMP Tue Jul 24 19:12:01 MSK 2012 x86_64 x86_64 x86_64 GNU/Linux
>>> current directory (RUNTIME_AREA): /home/cms064/home_crce1_631804527/CREAM631804527/glide_U25988/execute/dir_2273
>>> current user: uid=11064(cms064) gid=1400(cms) groups=1400(cms)
>>> voms proxy information:
subject   : /DC=ch/DC=cern/OU=Organic Units/OU=Users/CN=liis/CN=663550/CN=Liis Rebane/CN=proxy/CN=limited proxy
issuer    : /DC=ch/DC=cern/OU=Organic Units/OU=Users/CN=liis/CN=663550/CN=Liis Rebane/CN=proxy
identity  : /DC=ch/DC=cern/OU=Organic Units/OU=Users/CN=liis/CN=663550/CN=Liis Rebane/CN=proxy
type      : limited proxy
strength  : 512 bits
path      : /home/cms064/home_crce1_631804527/CREAM631804527/glide_U25988/execute/dir_2273/x509up_u1000009
timeleft  : 23:59:54
key usage : Digital Signature, Key Encipherment, Data Encipherment
=== VO cms extension information ===
VO        : cms
subject   : /DC=ch/DC=cern/OU=Organic Units/OU=Users/CN=liis/CN=663550/CN=Liis Rebane
issuer    : /DC=ch/DC=cern/OU=computers/CN=lcg-voms.cern.ch
attribute : /cms/Role=NULL/Capability=NULL
timeleft  : 190:46:42
uri       : lcg-voms.cern.ch:15002
>>> tar xzf /home/cms064/home_crce1_631804527/CREAM631804527/glide_U25988/execute/dir_2273/default.tgz :
Successful untar
>>> Include /home/cms064/home_crce1_631804527/CREAM631804527/glide_U25988/execute/dir_2273 in PYTHONPATH:
strip arguments
env var CRAB_UNIQUE_JOB_ID set to: liis_crab_0_121127_013010_p7r30o_90_1_iiD
out_files_90
>>> list of expected files on output sandbox
output files: optHistograms_90_1_iiD.root crab_fjr_90.xml CMSSW_90.stdout CMSSW_90.stderr Watchdog_90.log.gz
>>> GridFlavour discovery: 
GridFlavour=LCG
>>> SyncSite discovery: 
SyncSite=T2_EE_Estonia
>>> SyncCE discovery: 
getting SyncCE from CE_ID
SyncCE=cream1.hep.kbfi.ee:8443/cream-pbs-long
>>> info for dashboard:
***** Cat /home/cms064/home_crce1_631804527/CREAM631804527/glide_U25988/execute/dir_2273/jobreport.txt *****
MonitorJobID=90_https://submit-2.t2.ucsd.edu//121127//17531.89
SyncGridJobId=https://submit-2.t2.ucsd.edu//121127//17531.89
MonitorID=liis_crab_0_121127_013010_p7r30o
GridFlavour=LCG
SyncSite=T2_EE_Estonia
SyncCE=cream1.hep.kbfi.ee:8443/cream-pbs-long
***** End Cat jobreport *****
Parameters sent to Dashboard.
>>> setup environment
set SCRAM ARCH to slc5_amd64_gcc462
SCRAM_ARCH = slc5_amd64_gcc462
>>> setup CMS LCG environment:
set SCRAM ARCH and BUILD_ARCH to slc5_amd64_gcc462 ###
Sourcing environment... 
sourcing /cvmfs/cms.cern.ch/cmsset_default.sh
==> setup cms environment ok
>>> specific cmssw setup environment:
CMSSW_VERSION =  CMSSW_5_3_5
>>> current directory (SOFTWARE_DIR): /home/cms064/home_crce1_631804527/CREAM631804527/glide_U25988/execute/dir_2273/CMSSW_5_3_5
PreserveSeeds: <>
IncrementSeeds:<>
{}
WNHostName=wn-v-7005.local
>>> info for dashboard:
***** Cat /home/cms064/home_crce1_631804527/CREAM631804527/glide_U25988/execute/dir_2273/jobreport.txt *****
MonitorJobID=90_https://submit-2.t2.ucsd.edu//121127//17531.89
MonitorID=liis_crab_0_121127_013010_p7r30o
WNHostName=wn-v-7005.local
***** End Cat jobreport *****
Parameters sent to Dashboard.
crabWatchdog started as process 5757
>>> moving CMSSW software directories in /home/cms064/home_crce1_631804527/CREAM631804527/glide_U25988/execute/dir_2273/CMSSW_5_3_5
mv: cannot stat `/home/cms064/home_crce1_631804527/CREAM631804527/glide_U25988/execute/dir_2273/module/': No such file or directory
>>> Include /home/cms064/home_crce1_631804527/CREAM631804527/glide_U25988/execute/dir_2273 in PYTHONPATH:
PYTHONPATH=/home/cms064/home_crce1_631804527/CREAM631804527/glide_U25988/execute/dir_2273/:/home/cms064/home_crce1_631804527/CREAM631804527/glide_U25988/execute/dir_2273/CMSSW_5_3_5/python:/home/cms064/home_crce1_631804527/CREAM631804527/glide_U25988/execute/dir_2273/CMSSW_5_3_5/lib/slc5_amd64_gcc462:/cvmfs/cms.cern.ch/slc5_amd64_gcc462/cms/cmssw/CMSSW_5_3_5/python:/cvmfs/cms.cern.ch/slc5_amd64_gcc462/cms/cmssw/CMSSW_5_3_5/lib/slc5_amd64_gcc462:/cvmfs/cms.cern.ch/slc5_amd64_gcc462/cms/coral/CORAL_2_3_21-cms27/slc5_amd64_gcc462/python:/cvmfs/cms.cern.ch/slc5_amd64_gcc462/cms/coral/CORAL_2_3_21-cms27/slc5_amd64_gcc462/lib:/cvmfs/cms.cern.ch/slc5_amd64_gcc462/external/pyqt/4.8.1/lib/python2.6/site-packages:/cvmfs/cms.cern.ch/slc5_amd64_gcc462/external/py2-scipy/0.8.0/lib/python2.6/site-packages:/cvmfs/cms.cern.ch/slc5_amd64_gcc462/external/py2-matplotlib/1.0.1/lib/python2.6/site-packages:/cvmfs/cms.cern.ch/slc5_amd64_gcc462/external/python-ldap/2.3.5/lib/python2.6/site-packages:/cvmfs/cms.cern.ch/slc5_amd64_gcc462/external/sip/4.11.2/lib/python2.6/site-packages:/cvmfs/cms.cern.ch/slc5_amd64_gcc462/external/py2-pycurl/7.19.0/lib/python2.6/site-packages:/cvmfs/cms.cern.ch/slc5_amd64_gcc462/external/py2-numpy/1.6.1/lib/python2.6/site-packages:/cvmfs/cms.cern.ch/slc5_amd64_gcc462/external/py2-ipython/0.10/lib/python2.6/site-packages:/cvmfs/cms.cern.ch/slc5_amd64_gcc462/external/py2-cx-oracle/5.1-cms11/lib/python2.6/site-packages:/cvmfs/cms.cern.ch/slc5_amd64_gcc462/external/py2-cjson/1.0.5/lib/python2.6/site-packages:/cvmfs/cms.cern.ch/slc5_amd64_gcc462/cms/das-client/1.4.1-cms8/bin:/cvmfs/cms.cern.ch/slc5_amd64_gcc462/external/elementtree/1.2.6/share/lib/python2.6/site-packages:/cvmfs/cms.cern.ch/slc5_amd64_gcc462/external/rivet/1.5.1-cms10/lib/python2.6/site-packages:/cvmfs/cms.cern.ch/slc5_amd64_gcc462/external/pyminuit2/0.0.1-cms34/lib/python2.6/site-packages:/cvmfs/cms.cern.ch/slc5_amd64_gcc462/external/professor/1.0.0-cms35/lib/python2.6/site-packages:/cvmfs/cms.cern.ch/slc5_amd64_gcc462/lcg/root/5.32.00-cms18/lib:/cvmfs/cms.cern.ch/slc5_amd64_gcc462/cms/dbs-client/DBS_2_1_1_patch1_1/lib:/cvmfs/cms.cern.ch/slc5_amd64_gcc462/cms/dbs-client/DBS_2_1_1_patch1_1/lib/DBSAPI:/home/cms064/home_crce1_631804527/CREAM631804527/glide_U25988/execute/dir_2273/
241a2a19cb7c5c8751ba22759ab3bdb0
PSETHASH = 241a2a19cb7c5c8751ba22759ab3bdb0
/home/cms064/home_crce1_631804527/CREAM631804527/glide_U25988/execute/dir_2273/writeCfg.py pset.py pset.py
Importing .py file
Setting parameters
inputBlocks=/QCD_Pt_80_170_EMEnriched_TuneZ2star_8TeV_pythia6/mario-Summer12-stop-pfele-step1-3d176ac8da5e9dff208d057f4733ca91/USER#1edbd789-8e01-4834-bf44-0c1d693a4b92
inputFiles=/store/user/mario/QCD_Pt_80_170_EMEnriched_TuneZ2star_8TeV_pythia6/Summer12-stop-pfele-step1/3d176ac8da5e9dff208d057f4733ca91/tuple_39_7_pKd.root;/store/user/mario/QCD_Pt_80_170_EMEnriched_TuneZ2star_8TeV_pythia6/Summer12-stop-pfele-step1/3d176ac8da5e9dff208d057f4733ca91/tuple_40_3_dHm.root;/store/user/mario/QCD_Pt_80_170_EMEnriched_TuneZ2star_8TeV_pythia6/Summer12-stop-pfele-step1/3d176ac8da5e9dff208d057f4733ca91/tuple_41_8_CPa.root;/store/user/mario/QCD_Pt_80_170_EMEnriched_TuneZ2star_8TeV_pythia6/Summer12-stop-pfele-step1/3d176ac8da5e9dff208d057f4733ca91/tuple_42_7_Y4d.root;/store/user/mario/QCD_Pt_80_170_EMEnriched_TuneZ2star_8TeV_pythia6/Summer12-stop-pfele-step1/3d176ac8da5e9dff208d057f4733ca91/tuple_59_3_N4V.root
parentFiles=
lumisRange=
>>> Executable cmsRun
/cvmfs/cms.cern.ch/slc5_amd64_gcc462/cms/cmssw/CMSSW_5_3_5/bin/slc5_amd64_gcc462/cmsRun
ok executable found
>>> info for dashboard:
***** Cat /home/cms064/home_crce1_631804527/CREAM631804527/glide_U25988/execute/dir_2273/jobreport.txt *****
MonitorJobID=90_https://submit-2.t2.ucsd.edu//121127//17531.89
MonitorID=liis_crab_0_121127_013010_p7r30o
ExeStart=cmsRun
***** End Cat jobreport *****
Parameters sent to Dashboard.
>>> cmsRun started at Tue Nov 27 00:39:18 UTC 2012
>>> cmsRun ended at Tue Nov 27 00:47:52 UTC 2012
>>> info for dashboard:
***** Cat /home/cms064/home_crce1_631804527/CREAM631804527/glide_U25988/execute/dir_2273/jobreport.txt *****
MonitorJobID=90_https://submit-2.t2.ucsd.edu//121127//17531.89
MonitorID=liis_crab_0_121127_013010_p7r30o
ExeEnd=cmsRun
***** End Cat jobreport *****
Parameters sent to Dashboard.
TIME_EXE = 514 sec
>>> cmsRun wrote 103 lines of stdout+stderr
>>> START OF printout of 103 lines from stdout+stderr
27-Nov-2012 02:39:46 EET  Initiating request to open file file:/hdfs/cms/store/user/mario/QCD_Pt_80_170_EMEnriched_TuneZ2star_8TeV_pythia6/Summer12-stop-pfele-step1/3d176ac8da5e9dff208d057f4733ca91/tuple_39_7_pKd.root
27-Nov-2012 02:39:57 EET  Successfully opened file file:/hdfs/cms/store/user/mario/QCD_Pt_80_170_EMEnriched_TuneZ2star_8TeV_pythia6/Summer12-stop-pfele-step1/3d176ac8da5e9dff208d057f4733ca91/tuple_39_7_pKd.root
Begin processing the 1st record. Run 1, Event 215562816, LumiSection 69135 at 27-Nov-2012 02:40:12.919 EET
Begin processing the 1001st record. Run 1, Event 220555375, LumiSection 70737 at 27-Nov-2012 02:40:25.944 EET
Begin processing the 2001st record. Run 1, Event 220582597, LumiSection 70745 at 27-Nov-2012 02:40:29.279 EET
Begin processing the 3001st record. Run 1, Event 222369836, LumiSection 71319 at 27-Nov-2012 02:40:37.802 EET
Begin processing the 4001st record. Run 1, Event 77106589, LumiSection 24730 at 27-Nov-2012 02:40:41.177 EET
Begin processing the 5001st record. Run 1, Event 84796081, LumiSection 27196 at 27-Nov-2012 02:40:44.440 EET
27-Nov-2012 02:40:46 EET  Closed file file:/hdfs/cms/store/user/mario/QCD_Pt_80_170_EMEnriched_TuneZ2star_8TeV_pythia6/Summer12-stop-pfele-step1/3d176ac8da5e9dff208d057f4733ca91/tuple_39_7_pKd.root
27-Nov-2012 02:40:46 EET  Initiating request to open file file:/hdfs/cms/store/user/mario/QCD_Pt_80_170_EMEnriched_TuneZ2star_8TeV_pythia6/Summer12-stop-pfele-step1/3d176ac8da5e9dff208d057f4733ca91/tuple_40_3_dHm.root
27-Nov-2012 02:40:46 EET  Successfully opened file file:/hdfs/cms/store/user/mario/QCD_Pt_80_170_EMEnriched_TuneZ2star_8TeV_pythia6/Summer12-stop-pfele-step1/3d176ac8da5e9dff208d057f4733ca91/tuple_40_3_dHm.root
Begin processing the 6001st record. Run 1, Event 135920294, LumiSection 43593 at 27-Nov-2012 02:41:07.183 EET
Begin processing the 7001st record. Run 1, Event 137306078, LumiSection 44037 at 27-Nov-2012 02:41:11.119 EET
Begin processing the 8001st record. Run 1, Event 138947844, LumiSection 44564 at 27-Nov-2012 02:41:20.351 EET
Begin processing the 9001st record. Run 1, Event 76743982, LumiSection 24614 at 27-Nov-2012 02:41:23.582 EET
Begin processing the 10001st record. Run 1, Event 72132462, LumiSection 23135 at 27-Nov-2012 02:41:26.829 EET
Begin processing the 11001st record. Run 1, Event 75156608, LumiSection 24105 at 27-Nov-2012 02:41:34.908 EET
Begin processing the 12001st record. Run 1, Event 84352593, LumiSection 27054 at 27-Nov-2012 02:41:38.664 EET
Begin processing the 13001st record. Run 1, Event 119827539, LumiSection 38431 at 27-Nov-2012 02:41:44.308 EET
Begin processing the 14001st record. Run 1, Event 137719520, LumiSection 44170 at 27-Nov-2012 02:41:47.834 EET
Begin processing the 15001st record. Run 1, Event 153366112, LumiSection 49188 at 27-Nov-2012 02:41:51.815 EET
Begin processing the 16001st record. Run 1, Event 51482103, LumiSection 16512 at 27-Nov-2012 02:41:58.319 EET
Begin processing the 17001st record. Run 1, Event 170442725, LumiSection 54665 at 27-Nov-2012 02:42:01.754 EET
Begin processing the 18001st record. Run 1, Event 64103015, LumiSection 20560 at 27-Nov-2012 02:42:08.205 EET
Begin processing the 19001st record. Run 1, Event 61954563, LumiSection 19870 at 27-Nov-2012 02:42:11.750 EET
Begin processing the 20001st record. Run 1, Event 73040063, LumiSection 23426 at 27-Nov-2012 02:42:19.387 EET
Begin processing the 21001st record. Run 1, Event 69158673, LumiSection 22181 at 27-Nov-2012 02:42:23.221 EET
27-Nov-2012 02:42:26 EET  Closed file file:/hdfs/cms/store/user/mario/QCD_Pt_80_170_EMEnriched_TuneZ2star_8TeV_pythia6/Summer12-stop-pfele-step1/3d176ac8da5e9dff208d057f4733ca91/tuple_40_3_dHm.root
27-Nov-2012 02:42:26 EET  Initiating request to open file file:/hdfs/cms/store/user/mario/QCD_Pt_80_170_EMEnriched_TuneZ2star_8TeV_pythia6/Summer12-stop-pfele-step1/3d176ac8da5e9dff208d057f4733ca91/tuple_41_8_CPa.root
27-Nov-2012 02:42:26 EET  Successfully opened file file:/hdfs/cms/store/user/mario/QCD_Pt_80_170_EMEnriched_TuneZ2star_8TeV_pythia6/Summer12-stop-pfele-step1/3d176ac8da5e9dff208d057f4733ca91/tuple_41_8_CPa.root
Begin processing the 22001st record. Run 1, Event 75436106, LumiSection 24194 at 27-Nov-2012 02:42:57.638 EET
Begin processing the 23001st record. Run 1, Event 116908265, LumiSection 37495 at 27-Nov-2012 02:43:00.939 EET
Begin processing the 24001st record. Run 1, Event 117653433, LumiSection 37734 at 27-Nov-2012 02:43:04.401 EET
Begin processing the 25001st record. Run 1, Event 119293915, LumiSection 38260 at 27-Nov-2012 02:43:10.967 EET
Begin processing the 26001st record. Run 1, Event 133576788, LumiSection 42841 at 27-Nov-2012 02:43:14.556 EET
Begin processing the 27001st record. Run 1, Event 135620841, LumiSection 43497 at 27-Nov-2012 02:43:22.728 EET
Begin processing the 28001st record. Run 1, Event 136484871, LumiSection 43774 at 27-Nov-2012 02:43:26.358 EET
Begin processing the 29001st record. Run 1, Event 137411711, LumiSection 44071 at 27-Nov-2012 02:43:30.215 EET
Begin processing the 30001st record. Run 1, Event 153789919, LumiSection 49324 at 27-Nov-2012 02:43:37.173 EET
Begin processing the 31001st record. Run 1, Event 184164865, LumiSection 59066 at 27-Nov-2012 02:43:41.130 EET
Begin processing the 32001st record. Run 1, Event 210360373, LumiSection 67467 at 27-Nov-2012 02:43:47.193 EET
Begin processing the 33001st record. Run 1, Event 217431649, LumiSection 69735 at 27-Nov-2012 02:43:50.625 EET
Begin processing the 34001st record. Run 1, Event 221090418, LumiSection 70908 at 27-Nov-2012 02:43:53.912 EET
Begin processing the 35001st record. Run 1, Event 61403995, LumiSection 19694 at 27-Nov-2012 02:44:00.574 EET
Begin processing the 36001st record. Run 1, Event 202063888, LumiSection 64806 at 27-Nov-2012 02:44:03.925 EET
Begin processing the 37001st record. Run 1, Event 140452263, LumiSection 45046 at 27-Nov-2012 02:44:09.062 EET
27-Nov-2012 02:44:11 EET  Closed file file:/hdfs/cms/store/user/mario/QCD_Pt_80_170_EMEnriched_TuneZ2star_8TeV_pythia6/Summer12-stop-pfele-step1/3d176ac8da5e9dff208d057f4733ca91/tuple_41_8_CPa.root
27-Nov-2012 02:44:11 EET  Initiating request to open file file:/hdfs/cms/store/user/mario/QCD_Pt_80_170_EMEnriched_TuneZ2star_8TeV_pythia6/Summer12-stop-pfele-step1/3d176ac8da5e9dff208d057f4733ca91/tuple_42_7_Y4d.root
27-Nov-2012 02:44:13 EET  Successfully opened file file:/hdfs/cms/store/user/mario/QCD_Pt_80_170_EMEnriched_TuneZ2star_8TeV_pythia6/Summer12-stop-pfele-step1/3d176ac8da5e9dff208d057f4733ca91/tuple_42_7_Y4d.root
Begin processing the 38001st record. Run 1, Event 214718167, LumiSection 68865 at 27-Nov-2012 02:44:40.190 EET
Begin processing the 39001st record. Run 1, Event 128944760, LumiSection 41355 at 27-Nov-2012 02:44:44.445 EET
Begin processing the 40001st record. Run 1, Event 209886816, LumiSection 67315 at 27-Nov-2012 02:44:48.257 EET
Begin processing the 41001st record. Run 1, Event 211671246, LumiSection 67887 at 27-Nov-2012 02:44:56.633 EET
Begin processing the 42001st record. Run 1, Event 221525080, LumiSection 71048 at 27-Nov-2012 02:45:00.353 EET
Begin processing the 43001st record. Run 1, Event 224301252, LumiSection 71938 at 27-Nov-2012 02:45:06.692 EET
Begin processing the 44001st record. Run 1, Event 52700982, LumiSection 16903 at 27-Nov-2012 02:45:10.229 EET
Begin processing the 45001st record. Run 1, Event 100546589, LumiSection 32248 at 27-Nov-2012 02:45:13.503 EET
Begin processing the 46001st record. Run 1, Event 65517638, LumiSection 21013 at 27-Nov-2012 02:45:28.931 EET
Begin processing the 47001st record. Run 1, Event 71669916, LumiSection 22986 at 27-Nov-2012 02:45:32.310 EET
Begin processing the 48001st record. Run 1, Event 77285355, LumiSection 24787 at 27-Nov-2012 02:45:52.298 EET
Begin processing the 49001st record. Run 1, Event 119837433, LumiSection 38435 at 27-Nov-2012 02:45:55.857 EET
Begin processing the 50001st record. Run 1, Event 116262308, LumiSection 37288 at 27-Nov-2012 02:46:03.174 EET
Begin processing the 51001st record. Run 1, Event 117419916, LumiSection 37659 at 27-Nov-2012 02:46:07.158 EET
Begin processing the 52001st record. Run 1, Event 130789195, LumiSection 41947 at 27-Nov-2012 02:46:10.891 EET
Begin processing the 53001st record. Run 1, Event 135672941, LumiSection 43513 at 27-Nov-2012 02:46:15.724 EET
27-Nov-2012 02:46:18 EET  Closed file file:/hdfs/cms/store/user/mario/QCD_Pt_80_170_EMEnriched_TuneZ2star_8TeV_pythia6/Summer12-stop-pfele-step1/3d176ac8da5e9dff208d057f4733ca91/tuple_42_7_Y4d.root
27-Nov-2012 02:46:18 EET  Initiating request to open file file:/hdfs/cms/store/user/mario/QCD_Pt_80_170_EMEnriched_TuneZ2star_8TeV_pythia6/Summer12-stop-pfele-step1/3d176ac8da5e9dff208d057f4733ca91/tuple_59_3_N4V.root
27-Nov-2012 02:46:18 EET  Successfully opened file file:/hdfs/cms/store/user/mario/QCD_Pt_80_170_EMEnriched_TuneZ2star_8TeV_pythia6/Summer12-stop-pfele-step1/3d176ac8da5e9dff208d057f4733ca91/tuple_59_3_N4V.root
Begin processing the 54001st record. Run 1, Event 101073576, LumiSection 32417 at 27-Nov-2012 02:46:36.043 EET
Begin processing the 55001st record. Run 1, Event 102193911, LumiSection 32776 at 27-Nov-2012 02:46:40.065 EET
Begin processing the 56001st record. Run 1, Event 107324974, LumiSection 34422 at 27-Nov-2012 02:46:43.669 EET
Begin processing the 57001st record. Run 1, Event 194441392, LumiSection 62361 at 27-Nov-2012 02:46:50.091 EET
Begin processing the 58001st record. Run 1, Event 211921863, LumiSection 67968 at 27-Nov-2012 02:46:53.704 EET
Begin processing the 59001st record. Run 1, Event 116743860, LumiSection 37442 at 27-Nov-2012 02:47:02.833 EET
Begin processing the 60001st record. Run 1, Event 150217605, LumiSection 48178 at 27-Nov-2012 02:47:06.298 EET
Begin processing the 61001st record. Run 1, Event 217381377, LumiSection 69719 at 27-Nov-2012 02:47:09.818 EET
Begin processing the 62001st record. Run 1, Event 218717657, LumiSection 70147 at 27-Nov-2012 02:47:16.834 EET
Begin processing the 63001st record. Run 1, Event 80023032, LumiSection 25665 at 27-Nov-2012 02:47:20.458 EET
Begin processing the 64001st record. Run 1, Event 90481374, LumiSection 29020 at 27-Nov-2012 02:47:26.359 EET
Begin processing the 65001st record. Run 1, Event 101452833, LumiSection 32538 at 27-Nov-2012 02:47:29.809 EET
Begin processing the 66001st record. Run 1, Event 102174408, LumiSection 32770 at 27-Nov-2012 02:47:35.725 EET
Begin processing the 67001st record. Run 1, Event 131369912, LumiSection 42133 at 27-Nov-2012 02:47:39.263 EET
Begin processing the 68001st record. Run 1, Event 209909762, LumiSection 67322 at 27-Nov-2012 02:47:42.861 EET
Begin processing the 69001st record. Run 1, Event 216882523, LumiSection 69559 at 27-Nov-2012 02:47:48.106 EET
27-Nov-2012 02:47:50 EET  Closed file file:/hdfs/cms/store/user/mario/QCD_Pt_80_170_EMEnriched_TuneZ2star_8TeV_pythia6/Summer12-stop-pfele-step1/3d176ac8da5e9dff208d057f4733ca91/tuple_59_3_N4V.root

=============================================

MessageLogger Summary

 type     category        sev    module        subroutine        count    total
 ---- -------------------- -- ---------------- ----------------  -----    -----
    1 fileAction           -s file_close                             5        5
    2 fileAction           -s file_open                             10       10

 type    category    Examples: run/evt        run/evt          run/evt
 ---- -------------------- ---------------- ---------------- ----------------
    1 fileAction           PostProcessEvent PostProcessEvent PostEndRun
    2 fileAction           pre-events       pre-events       PostProcessEvent

Severity    # Occurrences   Total Occurrences
--------    -------------   -----------------
System                 15                  15
>>> END OF printout of 103 lines from stdout+stderr
>>> Parse FrameworkJobReport crab_fjr.xml
Result of parsing the FrameworkJobReport crab_fjr.xml: Popularity start
lumisRange : 1::2375,2914,7470,22049,22221,22645,22805,23251,25665,26769,26943,27509,27718,29020,29407,32392,32396,32413,32416-32417,32423,32429,32444,32448,32454,32470,32475,32487-32488,32490,32492,32538,32543,32622,32634,32661-32662,32671,32685-32686,32695,32698,32713,32719,32722,32726,32770,32776,32778,32789,33297,33642,33867,33919,33958,34042,34079,34195,34395,34413,34422,35185,35775,36074,36528,37348,37442,37863,38433,38540,38636,40033,40825,41696,42129,42133,43316-43317,43544,44237,44342,44344,44349-44350,44500,44892,45252,45281,46002,48178,48183,48399,48407,48622,50916,55080,55119,55389,55504,56189,57210,58482,59595,60014,60016,60457,60728,61387,61617,61958,62361,62553,63347,63755,63922,63931,64169,64413,65173,65668,65673,66929,66931,67322,67586,67788,67899,67968,67973,68219,68359,68564,68566,68600,68863,69142,69155,69249,69367,69559,69719,69763,69820,69930,69964,69993,70026,70066,70147,70236,70299-70300,70356,70385,70556,70561,71002,71953,72022,72428,72504,72530,72535,72578,72640,72788,72899::1;1::10387,10475,10806,11111,12310,12313,12836,13341,13708,16406,16884,16903,17418,19434,19665,19826,19933,20013,20083,20376,20928,21013,21238,21474,21495,21959,22055,22079,22148,22788,22986,22991,23067,23124,24706,24734,24748,24759,24768,24787,24797,24902,24906,26168,28694,30559,30561,30994,32248,33363,35979,35987,36075,36085,36694,36763,36792,36822,36905,36960,37034,37158,37208-37209,37288,37419,37443,37445,37533-37534,37656,37659,37771,38115,38169,38185,38435-38436,41355,41550,41602,41804,41947,41950,41957,41961,41971,41977-41978,42029,42060,42079,42089,42237,42648,42652,42658,42711,43192,43513,43516,43565,43591,43645,43906,43927,43939,43950,43973,44060,44116,49840,49962,51826,53366,53602,54797,60144,62588,62958,65602,66132,66233,66300,66477,66527,66707,67125,67266,67275,67315,67612,67875,67886-67887,68044,68413,68554,68865-68866,68976,69332,69343,69406,69684,69750,70772,71048,71115,71231,71308,71313,71433,71598,71635-71637,71938,71948,72015,72121,72134,72183,72246,72463,72499,72619,72934::2;1::24188,24280,24730,24806,26238,26240,26359,26879,27049,27196,29737,34161,35974,36734,37041,37614,69135,69294,69360,69435,69437,69497,69553,69700,69915,69990,70017,70060,70111,70118,70136,70229,70260,70295,70377,70439-70440,70708,70722,70725,70727,70737,70745,70778,70805-70806,70824,70837,71306,71319,71390,71895,71944,72010,72126,72786,72924::3;1::1096,1555,4502,4910,5299,5309,6148,6345,8281,9200,11701,11703,13366,14154,17792,17936,19694,22637,22711,23269,23840,23845,23852,24014,24019,24175,24194,26051,26218,37127,37160-37161,37229,37395,37495,37579,37599,37674,37684,37688,37701-37704,37708,37734,37752,37769,37782,38181,38259-38260,39420,40632,40990,41156,41967,41975,42004,42054-42055,42076,42088,42119,42144,42229,42312,42373,42387,42534,42841,43186,43497,43515,43560,43592,43600,43641,43693,43702,43774,43895,43911,43937,43960,43969,44003,44011,44021-44022,44042,44054,44071,44076,44089,44092,44095,44143,44156,44166,44438,44480,45046,45368,46297,46414,46437,46513,46694,46720,47382,47524,48232,48840,49324,49789,49967,51091,51906,53602,55243,55449,56779,57557,58135,58467,58568,58777,59066,59290,59430,59674,59754,60325,60542,61423,61852,62018,62357,64174,64806,64859,65224,65258,67267,67467,67615,67754,67847,67935,68007,68523,68983,69082,69327,69364,69438-69439,69580,69735,70226,70739,70862,70892,70908,71018,71823,72733::4;1::42,793,1608,4134,4137,4459,4690,7430,7474,8421,8618,8844,9330,9853,14259,15484,15547,15843,16512,17917,18534,18962,19195,19286,19573,19870,19935,19948,20088,20094,20295,20315,20389,20394,20505,20519,20560,20648,20715-20716,20718,20771,21021,21068,21225,21356,21360,21369-21370,21420,21497,21541,21603,21616,22120,22146,22170,22176,22180-22181,22183,22776,22826,22829,22916,23128,23135,23194,23417,23426,23571,23659,23663,23681,23758,23766,23837,23844-23845,23923,24011,24102,24105,24368,24614,24694,24707,24872,24880,24885,24892,26614,26934,27040,27054,27129,27133,27408,28535,35974,35978,35981,36006,36008,36013,36016,36022,36035,36060,36584,36687,36870,36983,37290,37323,38431,43508,43593,43780,43916,43955,43958,43966,43994,43996,44007-44008,44010,44012,44018,44033,44035,44037,44045,44050,44059,44062,44067,44070,44078-44079,44083,44096,44147,44170,44175,44390,44436,44440,44442,44486,44494,44564,44576,45005,47151,47158,47217,47245,47339,49188,49594,50143,50171,54665,57263,61266,70893::5;
lumisParentRange : 
Basename : /store/user/mario/QCD_Pt_80_170_EMEnriched_TuneZ2star_8TeV_pythia6/Summer12-stop-pfele-step1/3d176ac8da5e9dff208d057f4733ca91/tuple_
BasenameParent : 
parentFiles : 
inputBlocks : /QCD_Pt_80_170_EMEnriched_TuneZ2star_8TeV_pythia6/mario-Summer12-stop-pfele-step1-3d176ac8da5e9dff208d057f4733ca91/USER#1edbd789-8e01-4834-bf44-0c1d693a4b92
inputFiles : 59_3_N4V.root::1::EDM::Local::1;42_7_Y4d.root::1::EDM::Local::2;39_7_pKd.root::1::EDM::Local::3;41_8_CPa.root::1::EDM::Local::4;40_3_dHm.root::1::EDM::Local::5;
Popularity stop
Extracted ExitStatus from FrameworkJobReport parsing output: 0
>>> Executable succeded  0
ExeExitCode=0
EXECUTABLE_EXIT_STATUS = 0
>>> current directory /home/cms064/home_crce1_631804527/CREAM631804527/glide_U25988/execute/dir_2273/CMSSW_5_3_5
>>>  (SOFTWARE_DIR): /home/cms064/home_crce1_631804527/CREAM631804527/glide_U25988/execute/dir_2273/CMSSW_5_3_5
>>> (WORKING_DIR): 
>>> current directory content:
total 152
drwxr-xr-x 3 cms064 cms  4096 Nov 27 02:39 .SCRAM
-rw-r--r-- 1 cms064 cms 30066 Nov 27 02:39 CMSSW.py.pkl
drwxr-xr-x 3 cms064 cms  4096 Nov 27 02:39 bin
drwxr-xr-x 3 cms064 cms  4096 Nov 27 02:39 cfipython
drwxr-xr-x 5 cms064 cms  4096 Nov 27 02:39 config
-rw-r--r-- 1 cms064 cms    17 Nov 27 02:47 cpu_timing.txt
drwxr-xr-x 2 cms064 cms  4096 Nov 27 02:39 doc
-rw-r--r-- 1 cms064 cms 11703 Nov 27 02:47 executable.out
drwxr-xr-x 2 cms064 cms  4096 Nov 27 02:39 include
drwxrwxrwx 3 cms064 cms  4096 Oct 22 16:38 lib
drwxr-xr-x 3 cms064 cms  4096 Nov 27 02:39 logs
drwxr-xr-x 3 cms064 cms  4096 Nov 27 02:39 objs
-rw-r--r-- 1 cms064 cms 16819 Nov 27 02:47 optHistograms.root
-rw-r--r-- 1 cms064 cms   104 Nov 27 02:39 pset.py
-rw-r--r-- 1 cms064 cms 19478 Nov 27 02:39 pset.py.pkl
-rw-r--r-- 1 cms064 cms   289 Nov 27 02:39 pset.pyc
drwxr-xr-x 2 cms064 cms  4096 Nov 27 02:39 python
-rw-r--r-- 1 cms064 cms   420 Nov 27 02:47 report.log
drwxrwxrwx 4 cms064 cms  4096 Nov 27 02:38 src
drwxr-xr-x 3 cms064 cms  4096 Nov 27 02:39 test
drwxr-xr-x 3 cms064 cms  4096 Nov 27 02:39 tmp
>>> current directory /home/cms064/home_crce1_631804527/CREAM631804527/glide_U25988/execute/dir_2273/CMSSW_5_3_5
>>> (SOFTWARE_DIR): /home/cms064/home_crce1_631804527/CREAM631804527/glide_U25988/execute/dir_2273/CMSSW_5_3_5
>>> (WORKING_DIR): 
>>> current directory content:
total 132
drwxr-xr-x 3 cms064 cms  4096 Nov 27 02:39 .SCRAM
-rw-r--r-- 1 cms064 cms 30066 Nov 27 02:39 CMSSW.py.pkl
drwxr-xr-x 3 cms064 cms  4096 Nov 27 02:39 bin
drwxr-xr-x 3 cms064 cms  4096 Nov 27 02:39 cfipython
drwxr-xr-x 5 cms064 cms  4096 Nov 27 02:39 config
-rw-r--r-- 1 cms064 cms    17 Nov 27 02:47 cpu_timing.txt
drwxr-xr-x 2 cms064 cms  4096 Nov 27 02:39 doc
-rw-r--r-- 1 cms064 cms 11703 Nov 27 02:47 executable.out
drwxr-xr-x 2 cms064 cms  4096 Nov 27 02:39 include
drwxrwxrwx 3 cms064 cms  4096 Oct 22 16:38 lib
drwxr-xr-x 3 cms064 cms  4096 Nov 27 02:39 logs
drwxr-xr-x 3 cms064 cms  4096 Nov 27 02:39 objs
-rw-r--r-- 1 cms064 cms   104 Nov 27 02:39 pset.py
-rw-r--r-- 1 cms064 cms 19478 Nov 27 02:39 pset.py.pkl
-rw-r--r-- 1 cms064 cms   289 Nov 27 02:39 pset.pyc
drwxr-xr-x 2 cms064 cms  4096 Nov 27 02:39 python
-rw-r--r-- 1 cms064 cms   420 Nov 27 02:47 report.log
drwxrwxrwx 4 cms064 cms  4096 Nov 27 02:38 src
drwxr-xr-x 3 cms064 cms  4096 Nov 27 02:39 test
drwxr-xr-x 3 cms064 cms  4096 Nov 27 02:39 tmp
>>> current directory (RUNTIME_AREA):  /home/cms064/home_crce1_631804527/CREAM631804527/glide_U25988/execute/dir_2273
>>> current dir: /home/cms064/home_crce1_631804527/CREAM631804527/glide_U25988/execute/dir_2273
>>> current dir content:
total 25796
-rw-rw-rw-  1 cms064 cms     5602 Nov 27 02:38 .job.ad
-rw-rw-rw-  1 cms064 cms    11527 Nov 27 02:38 .machine.ad
-rw-rw-rw-  1 cms064 cms      105 Nov 27 01:30 CMSSW.py
-rw-rw-rw-  1 cms064 cms    30066 Nov 27 01:30 CMSSW.py.pkl
-rwxrw-rw-  1 cms064 cms    23339 Nov 27 02:38 CMSSW.sh
drwxr-xr-x 15 cms064 cms     4096 Nov 27 02:48 CMSSW_5_3_5
-rw-rw-rw-  1 cms064 cms        0 Nov 27 02:38 CMSSW_90.stderr
-rw-rw-rw-  1 cms064 cms    28065 Nov 27 02:48 CMSSW_90.stdout
-rw-r--r--  1 cms064 cms      346 Nov 27 02:38 CacheEnv.sh
-rw-rw-rw-  1 cms064 cms     7291 Jun  9  2010 DashboardAPI.py
-rw-r--r--  1 cms064 cms     6868 Nov 27 02:39 DashboardAPI.pyc
drwxrwxrwx  3 cms064 cms     4096 Nov 27 02:47 IMProv
-rw-rw-rw-  1 cms064 cms     2748 Mar  8  2006 Logger.py
-rw-r--r--  1 cms064 cms     3348 Nov 27 02:39 Logger.pyc
-rw-rw-rw-  1 cms064 cms    24524 Mar 28  2008 ProcInfo.py
-rw-r--r--  1 cms064 cms    23446 Nov 27 02:39 ProcInfo.pyc
drwxrwxrwx  7 cms064 cms     4096 Nov 27 02:39 ProdCommon
drwxrwxrwx  3 cms064 cms     4096 Nov 27 02:38 WMCore
-rw-r--r--  1 cms064 cms     1486 Nov 27 02:45 Watchdog_90.log
-rw-rw-rw-  1 cms064 cms    32895 Mar 28  2008 apmon.py
-rw-r--r--  1 cms064 cms    28845 Nov 27 02:39 apmon.pyc
-rw-rw-rw-  1 cms064 cms   104551 Nov 27 02:38 arguments.xml
-rwxrwxrwx  1 cms064 cms    37427 Sep 13 14:14 cmscp.py
-rwxrwxrwx  1 cms064 cms    23339 Nov 27 02:38 condor_exec.exe
-rw-rw-rw-  1 cms064 cms      545 Nov 27 01:30 crab.cfg
-rwxrwxrwx  1 cms064 cms     9531 Sep 20 21:46 crabWatchdog.sh
-rw-r--r--  1 cms064 cms    50074 Nov 27 02:47 crab_fjr_90.xml
-rw-rw-rw-  1 cms064 cms 25796294 Nov 27 02:38 default.tgz
-rwxrwxrwx  1 cms064 cms     4488 May 12  2012 fillCrabFjr.py
-rw-r--r--  1 cms064 cms      935 Nov 27 02:39 inputsReport.txt
-rw-r--r--  1 cms064 cms      132 Nov 27 02:48 jobreport.txt
lrwxrwxrwx  1 cms064 cms      106 Nov 27 02:48 optHistograms.root -> /home/cms064/home_crce1_631804527/CREAM631804527/glide_U25988/execute/dir_2273/optHistograms_90_1_iiD.root
-rw-r--r--  1 cms064 cms    16819 Nov 27 02:47 optHistograms_90_1_iiD.root
-rw-rw-rw-  1 cms064 cms    17352 Jan 20  2012 parseCrabFjr.py
-rw-r--r--  1 cms064 cms      285 Nov 27 02:38 report.log
-rwxrwxrwx  1 cms064 cms     1497 May 27  2009 report.py
-rwxrwxrwx  1 cms064 cms     8387 Mar 23  2011 writeCfg.py
-rw-------  1 cms064 cms     8691 Nov 27 02:38 x509up_u1000009
Checking output files:  
will tar file optHistograms_90_1_iiD.root in  out_files_90
will tar file crab_fjr_90.xml in  out_files_90
will tar file CMSSW_90.stdout in  out_files_90
will tar file CMSSW_90.stderr in  out_files_90
WARNING: output file Watchdog_90.log.gz not found!
>>> padding time: Sleeping the wrapper for 44 seconds
STOPPING WATCHDOG. CrabWatchdog PID is 5757
********** LAST 50 LINES OF WATCHDOG LOG
# RESOURCE USAGE SUMMARY FOR PROCESS ID  4951
USER       PID %CPU %MEM    VSZ   RSS TTY      STAT START   TIME COMMAND
cms064    4951  0.3  0.0   8956  1488 ?        S    02:38   0:00 /bin/sh /home/cms064/home_crce1_631804527/CREAM631804527/glide_U25988/execute/dir_2273/condor_exec.exe 90 1
 
# LIMITS USED BY THIS WATCHDOG:
# RSS  (KBytes)  : 2300000
# VSZ  (KBytes)  : 100000000
# DISK (MBytes)  : 19000
# CPU  (seconds) : 171600
# WALL (seconds) : 171600
 
# FOLLOWING PRINTOUT TRACKS MAXIMUM VALUES OF RESOURCES USE
# ONE LINE IS PRINTED EACH TIME A MAXIMUM CHANGES
# IF CHANGE WAS IN RSS OR VSZ ALSO PROCID AND COMMAND ARE PRINTED
# THERE IS NO PRINTOUT FOR CPU/WALL TIME INCREASE
 
# TIME			PID	RSS(KB)	VSZ(KB)	Dsk(MB)	tCPU(s)	tWALL(s)	COMMAND
 Nov 27 02:39:06 EET	2273	5308	9300	0	0	20	condor_starter -f submit-2.t2.ucsd.edu       
 Nov 27 02:39:06 EET	5787	23068	82720	0	0	2	edmConfigHash pset.py        
 Nov 27 02:39:06 EET	---	23068	82720	168	----	----	----
 Nov 27 02:40:14 EET	7170	342220	576612	168	18	57	cmsRun -j /home/cms064/home_crce1_631804527/CREAM631804527/glide_U25988/execute/dir_2273/crab_fjr_90.xml -p pset.py     
 Nov 27 02:41:20 EET	7170	360316	576612	168	53	127	cmsRun -j /home/cms064/home_crce1_631804527/CREAM631804527/glide_U25988/execute/dir_2273/crab_fjr_90.xml -p pset.py     
 Nov 27 02:45:54 EET	7170	360616	576612	168	197	398	cmsRun -j /home/cms064/home_crce1_631804527/CREAM631804527/glide_U25988/execute/dir_2273/crab_fjr_90.xml -p pset.py     
 Nov 27 02:48:16 EET	---	360616	576612	169	----	----	----
********** WATCHDOG LOG ENDED
ZIPPING WATCHDOG LOG
Disk space used:
du -sh /home/cms064/home_crce1_631804527/CREAM631804527/glide_U25988/execute/dir_2273
169M	/home/cms064/home_crce1_631804527/CREAM631804527/glide_U25988/execute/dir_2273
>>> info for dashboard:
***** Cat /home/cms064/home_crce1_631804527/CREAM631804527/glide_U25988/execute/dir_2273/jobreport.txt *****
MonitorJobID=90_https://submit-2.t2.ucsd.edu//121127//17531.89
MonitorID=liis_crab_0_121127_013010_p7r30o
ExeTime=514
ExeExitCode=0
CrabUserCpuTime=260.95
CrabSysCpuTime=11.40
CrabCpuPercentage=53%
CrabWrapperTime=601
CrabStageoutTime=NULL
***** End Cat jobreport *****
Parameters sent to Dashboard.
optHistograms_90_1_iiD.root
crab_fjr_90.xml
CMSSW_90.stdout
CMSSW_90.stderr
Watchdog_90.log.gz
tar: .BrokerInfo: Cannot stat: No such file or directory
tar: Error exit delayed from previous errors
Total Output dimension: 26995
WARNING: output files size limit is set to: 50000000
Total Output dimension 26995 is fine.
JOB_EXIT_STATUS = 0
>>> info for dashboard:
***** Cat /home/cms064/home_crce1_631804527/CREAM631804527/glide_U25988/execute/dir_2273/jobreport.txt *****
MonitorJobID=90_https://submit-2.t2.ucsd.edu//121127//17531.89
MonitorID=liis_crab_0_121127_013010_p7r30o
JobExitCode=0
***** End Cat jobreport *****
Parameters sent to Dashboard.
optHistograms_90_1_iiD.root
crab_fjr_90.xml
