This script was generated by crab (version 2.8.3).
Running /home/cms067/home_crobe_235655316/CREAM235655316/glide_G29823/execute/dir_30912/condor_exec.exe with 2 positional parameters: 87 1
Today is Tue Nov 27 02:38:20 EET 2012
Job submitted on host wn-v-7005.local
Linux wn-v-7005.local 2.6.32-042stab059.7 #1 SMP Tue Jul 24 19:12:01 MSK 2012 x86_64 x86_64 x86_64 GNU/Linux
>>> current directory (RUNTIME_AREA): /home/cms067/home_crobe_235655316/CREAM235655316/glide_G29823/execute/dir_30912
>>> current user: uid=11067(cms067) gid=1400(cms) groups=1400(cms)
>>> voms proxy information:
subject   : /DC=ch/DC=cern/OU=Organic Units/OU=Users/CN=liis/CN=663550/CN=Liis Rebane/CN=proxy/CN=limited proxy
issuer    : /DC=ch/DC=cern/OU=Organic Units/OU=Users/CN=liis/CN=663550/CN=Liis Rebane/CN=proxy
identity  : /DC=ch/DC=cern/OU=Organic Units/OU=Users/CN=liis/CN=663550/CN=Liis Rebane/CN=proxy
type      : limited proxy
strength  : 512 bits
path      : /home/cms067/home_crobe_235655316/CREAM235655316/glide_G29823/execute/dir_30912/x509up_u1000009
timeleft  : 23:59:54
key usage : Digital Signature, Key Encipherment, Data Encipherment
=== VO cms extension information ===
VO        : cms
subject   : /DC=ch/DC=cern/OU=Organic Units/OU=Users/CN=liis/CN=663550/CN=Liis Rebane
issuer    : /DC=ch/DC=cern/OU=computers/CN=lcg-voms.cern.ch
attribute : /cms/Role=NULL/Capability=NULL
timeleft  : 190:47:17
uri       : lcg-voms.cern.ch:15002
>>> tar xzf /home/cms067/home_crobe_235655316/CREAM235655316/glide_G29823/execute/dir_30912/default.tgz :
Successful untar
>>> Include /home/cms067/home_crobe_235655316/CREAM235655316/glide_G29823/execute/dir_30912 in PYTHONPATH:
strip arguments
env var CRAB_UNIQUE_JOB_ID set to: liis_crab_0_121127_013010_p7r30o_87_1_rWX
out_files_87
>>> list of expected files on output sandbox
output files: optHistograms_87_1_rWX.root crab_fjr_87.xml CMSSW_87.stdout CMSSW_87.stderr Watchdog_87.log.gz
>>> GridFlavour discovery: 
GridFlavour=LCG
>>> SyncSite discovery: 
SyncSite=T2_EE_Estonia
>>> SyncCE discovery: 
getting SyncCE from CE_ID
SyncCE=oberon.hep.kbfi.ee:8443/cream-pbs-long
>>> info for dashboard:
***** Cat /home/cms067/home_crobe_235655316/CREAM235655316/glide_G29823/execute/dir_30912/jobreport.txt *****
MonitorJobID=87_https://submit-2.t2.ucsd.edu//121127//17531.86
SyncGridJobId=https://submit-2.t2.ucsd.edu//121127//17531.86
MonitorID=liis_crab_0_121127_013010_p7r30o
GridFlavour=LCG
SyncSite=T2_EE_Estonia
SyncCE=oberon.hep.kbfi.ee:8443/cream-pbs-long
***** End Cat jobreport *****
Parameters sent to Dashboard.
>>> setup environment
set SCRAM ARCH to slc5_amd64_gcc462
SCRAM_ARCH = slc5_amd64_gcc462
>>> setup CMS LCG environment:
set SCRAM ARCH and BUILD_ARCH to slc5_amd64_gcc462 ###
Sourcing environment... 
sourcing /cvmfs/cms.cern.ch/cmsset_default.sh
==> setup cms environment ok
>>> specific cmssw setup environment:
CMSSW_VERSION =  CMSSW_5_3_5
>>> current directory (SOFTWARE_DIR): /home/cms067/home_crobe_235655316/CREAM235655316/glide_G29823/execute/dir_30912/CMSSW_5_3_5
PreserveSeeds: <>
IncrementSeeds:<>
{}
WNHostName=wn-v-7005.local
>>> info for dashboard:
***** Cat /home/cms067/home_crobe_235655316/CREAM235655316/glide_G29823/execute/dir_30912/jobreport.txt *****
MonitorJobID=87_https://submit-2.t2.ucsd.edu//121127//17531.86
MonitorID=liis_crab_0_121127_013010_p7r30o
WNHostName=wn-v-7005.local
***** End Cat jobreport *****
Parameters sent to Dashboard.
crabWatchdog started as process 32629
>>> moving CMSSW software directories in /home/cms067/home_crobe_235655316/CREAM235655316/glide_G29823/execute/dir_30912/CMSSW_5_3_5
mv: cannot stat `/home/cms067/home_crobe_235655316/CREAM235655316/glide_G29823/execute/dir_30912/module/': No such file or directory
>>> Include /home/cms067/home_crobe_235655316/CREAM235655316/glide_G29823/execute/dir_30912 in PYTHONPATH:
PYTHONPATH=/home/cms067/home_crobe_235655316/CREAM235655316/glide_G29823/execute/dir_30912/:/home/cms067/home_crobe_235655316/CREAM235655316/glide_G29823/execute/dir_30912/CMSSW_5_3_5/python:/home/cms067/home_crobe_235655316/CREAM235655316/glide_G29823/execute/dir_30912/CMSSW_5_3_5/lib/slc5_amd64_gcc462:/cvmfs/cms.cern.ch/slc5_amd64_gcc462/cms/cmssw/CMSSW_5_3_5/python:/cvmfs/cms.cern.ch/slc5_amd64_gcc462/cms/cmssw/CMSSW_5_3_5/lib/slc5_amd64_gcc462:/cvmfs/cms.cern.ch/slc5_amd64_gcc462/cms/coral/CORAL_2_3_21-cms27/slc5_amd64_gcc462/python:/cvmfs/cms.cern.ch/slc5_amd64_gcc462/cms/coral/CORAL_2_3_21-cms27/slc5_amd64_gcc462/lib:/cvmfs/cms.cern.ch/slc5_amd64_gcc462/external/pyqt/4.8.1/lib/python2.6/site-packages:/cvmfs/cms.cern.ch/slc5_amd64_gcc462/external/py2-scipy/0.8.0/lib/python2.6/site-packages:/cvmfs/cms.cern.ch/slc5_amd64_gcc462/external/py2-matplotlib/1.0.1/lib/python2.6/site-packages:/cvmfs/cms.cern.ch/slc5_amd64_gcc462/external/python-ldap/2.3.5/lib/python2.6/site-packages:/cvmfs/cms.cern.ch/slc5_amd64_gcc462/external/sip/4.11.2/lib/python2.6/site-packages:/cvmfs/cms.cern.ch/slc5_amd64_gcc462/external/py2-pycurl/7.19.0/lib/python2.6/site-packages:/cvmfs/cms.cern.ch/slc5_amd64_gcc462/external/py2-numpy/1.6.1/lib/python2.6/site-packages:/cvmfs/cms.cern.ch/slc5_amd64_gcc462/external/py2-ipython/0.10/lib/python2.6/site-packages:/cvmfs/cms.cern.ch/slc5_amd64_gcc462/external/py2-cx-oracle/5.1-cms11/lib/python2.6/site-packages:/cvmfs/cms.cern.ch/slc5_amd64_gcc462/external/py2-cjson/1.0.5/lib/python2.6/site-packages:/cvmfs/cms.cern.ch/slc5_amd64_gcc462/cms/das-client/1.4.1-cms8/bin:/cvmfs/cms.cern.ch/slc5_amd64_gcc462/external/elementtree/1.2.6/share/lib/python2.6/site-packages:/cvmfs/cms.cern.ch/slc5_amd64_gcc462/external/rivet/1.5.1-cms10/lib/python2.6/site-packages:/cvmfs/cms.cern.ch/slc5_amd64_gcc462/external/pyminuit2/0.0.1-cms34/lib/python2.6/site-packages:/cvmfs/cms.cern.ch/slc5_amd64_gcc462/external/professor/1.0.0-cms35/lib/python2.6/site-packages:/cvmfs/cms.cern.ch/slc5_amd64_gcc462/lcg/root/5.32.00-cms18/lib:/cvmfs/cms.cern.ch/slc5_amd64_gcc462/cms/dbs-client/DBS_2_1_1_patch1_1/lib:/cvmfs/cms.cern.ch/slc5_amd64_gcc462/cms/dbs-client/DBS_2_1_1_patch1_1/lib/DBSAPI:/home/cms067/home_crobe_235655316/CREAM235655316/glide_G29823/execute/dir_30912/
241a2a19cb7c5c8751ba22759ab3bdb0
PSETHASH = 241a2a19cb7c5c8751ba22759ab3bdb0
/home/cms067/home_crobe_235655316/CREAM235655316/glide_G29823/execute/dir_30912/writeCfg.py pset.py pset.py
Importing .py file
Setting parameters
inputBlocks=/QCD_Pt_80_170_EMEnriched_TuneZ2star_8TeV_pythia6/mario-Summer12-stop-pfele-step1-3d176ac8da5e9dff208d057f4733ca91/USER#1edbd789-8e01-4834-bf44-0c1d693a4b92
inputFiles=/store/user/mario/QCD_Pt_80_170_EMEnriched_TuneZ2star_8TeV_pythia6/Summer12-stop-pfele-step1/3d176ac8da5e9dff208d057f4733ca91/tuple_22_8_w2M.root;/store/user/mario/QCD_Pt_80_170_EMEnriched_TuneZ2star_8TeV_pythia6/Summer12-stop-pfele-step1/3d176ac8da5e9dff208d057f4733ca91/tuple_23_3_dFl.root;/store/user/mario/QCD_Pt_80_170_EMEnriched_TuneZ2star_8TeV_pythia6/Summer12-stop-pfele-step1/3d176ac8da5e9dff208d057f4733ca91/tuple_24_3_hFU.root;/store/user/mario/QCD_Pt_80_170_EMEnriched_TuneZ2star_8TeV_pythia6/Summer12-stop-pfele-step1/3d176ac8da5e9dff208d057f4733ca91/tuple_29_7_ZZG.root;/store/user/mario/QCD_Pt_80_170_EMEnriched_TuneZ2star_8TeV_pythia6/Summer12-stop-pfele-step1/3d176ac8da5e9dff208d057f4733ca91/tuple_25_3_xrX.root;/store/user/mario/QCD_Pt_80_170_EMEnriched_TuneZ2star_8TeV_pythia6/Summer12-stop-pfele-step1/3d176ac8da5e9dff208d057f4733ca91/tuple_26_3_LfP.root
parentFiles=
lumisRange=
>>> Executable cmsRun
/cvmfs/cms.cern.ch/slc5_amd64_gcc462/cms/cmssw/CMSSW_5_3_5/bin/slc5_amd64_gcc462/cmsRun
ok executable found
>>> info for dashboard:
***** Cat /home/cms067/home_crobe_235655316/CREAM235655316/glide_G29823/execute/dir_30912/jobreport.txt *****
MonitorJobID=87_https://submit-2.t2.ucsd.edu//121127//17531.86
MonitorID=liis_crab_0_121127_013010_p7r30o
ExeStart=cmsRun
***** End Cat jobreport *****
Parameters sent to Dashboard.
>>> cmsRun started at Tue Nov 27 00:38:48 UTC 2012
>>> cmsRun ended at Tue Nov 27 00:47:16 UTC 2012
>>> info for dashboard:
***** Cat /home/cms067/home_crobe_235655316/CREAM235655316/glide_G29823/execute/dir_30912/jobreport.txt *****
MonitorJobID=87_https://submit-2.t2.ucsd.edu//121127//17531.86
MonitorID=liis_crab_0_121127_013010_p7r30o
ExeEnd=cmsRun
***** End Cat jobreport *****
Parameters sent to Dashboard.
TIME_EXE = 508 sec
>>> cmsRun wrote 106 lines of stdout+stderr
>>> START OF printout of 106 lines from stdout+stderr
27-Nov-2012 02:39:13 EET  Initiating request to open file file:/hdfs/cms/store/user/mario/QCD_Pt_80_170_EMEnriched_TuneZ2star_8TeV_pythia6/Summer12-stop-pfele-step1/3d176ac8da5e9dff208d057f4733ca91/tuple_22_8_w2M.root
27-Nov-2012 02:39:23 EET  Successfully opened file file:/hdfs/cms/store/user/mario/QCD_Pt_80_170_EMEnriched_TuneZ2star_8TeV_pythia6/Summer12-stop-pfele-step1/3d176ac8da5e9dff208d057f4733ca91/tuple_22_8_w2M.root
Begin processing the 1st record. Run 1, Event 181302076, LumiSection 58147 at 27-Nov-2012 02:39:52.767 EET
Begin processing the 1001st record. Run 1, Event 24519119, LumiSection 7864 at 27-Nov-2012 02:40:05.288 EET
Begin processing the 2001st record. Run 1, Event 226931268, LumiSection 72782 at 27-Nov-2012 02:40:08.794 EET
Begin processing the 3001st record. Run 1, Event 190254463, LumiSection 61019 at 27-Nov-2012 02:40:17.961 EET
Begin processing the 4001st record. Run 1, Event 210514883, LumiSection 67516 at 27-Nov-2012 02:40:21.251 EET
27-Nov-2012 02:40:22 EET  Closed file file:/hdfs/cms/store/user/mario/QCD_Pt_80_170_EMEnriched_TuneZ2star_8TeV_pythia6/Summer12-stop-pfele-step1/3d176ac8da5e9dff208d057f4733ca91/tuple_22_8_w2M.root
27-Nov-2012 02:40:22 EET  Initiating request to open file file:/hdfs/cms/store/user/mario/QCD_Pt_80_170_EMEnriched_TuneZ2star_8TeV_pythia6/Summer12-stop-pfele-step1/3d176ac8da5e9dff208d057f4733ca91/tuple_23_3_dFl.root
27-Nov-2012 02:40:24 EET  Successfully opened file file:/hdfs/cms/store/user/mario/QCD_Pt_80_170_EMEnriched_TuneZ2star_8TeV_pythia6/Summer12-stop-pfele-step1/3d176ac8da5e9dff208d057f4733ca91/tuple_23_3_dFl.root
Begin processing the 5001st record. Run 1, Event 29218662, LumiSection 9371 at 27-Nov-2012 02:40:42.484 EET
Begin processing the 6001st record. Run 1, Event 63778656, LumiSection 20455 at 27-Nov-2012 02:40:45.923 EET
Begin processing the 7001st record. Run 1, Event 172638899, LumiSection 55369 at 27-Nov-2012 02:40:52.404 EET
Begin processing the 8001st record. Run 1, Event 187666281, LumiSection 60189 at 27-Nov-2012 02:40:55.906 EET
Begin processing the 9001st record. Run 1, Event 138710460, LumiSection 44487 at 27-Nov-2012 02:40:59.399 EET
Begin processing the 10001st record. Run 1, Event 186055400, LumiSection 59672 at 27-Nov-2012 02:41:07.177 EET
Begin processing the 11001st record. Run 1, Event 24940254, LumiSection 7999 at 27-Nov-2012 02:41:11.223 EET
Begin processing the 12001st record. Run 1, Event 58386982, LumiSection 18726 at 27-Nov-2012 02:41:17.464 EET
Begin processing the 13001st record. Run 1, Event 95993165, LumiSection 30787 at 27-Nov-2012 02:41:20.972 EET
Begin processing the 14001st record. Run 1, Event 151332977, LumiSection 48536 at 27-Nov-2012 02:41:24.633 EET
Begin processing the 15001st record. Run 1, Event 182649620, LumiSection 58580 at 27-Nov-2012 02:41:32.094 EET
Begin processing the 16001st record. Run 1, Event 81287274, LumiSection 26071 at 27-Nov-2012 02:41:36.122 EET
Begin processing the 17001st record. Run 1, Event 89052316, LumiSection 28561 at 27-Nov-2012 02:41:42.325 EET
Begin processing the 18001st record. Run 1, Event 14997215, LumiSection 4810 at 27-Nov-2012 02:41:46.069 EET
Begin processing the 19001st record. Run 1, Event 72913627, LumiSection 23385 at 27-Nov-2012 02:41:50.159 EET
Begin processing the 20001st record. Run 1, Event 72232721, LumiSection 23167 at 27-Nov-2012 02:41:57.484 EET
27-Nov-2012 02:42:00 EET  Closed file file:/hdfs/cms/store/user/mario/QCD_Pt_80_170_EMEnriched_TuneZ2star_8TeV_pythia6/Summer12-stop-pfele-step1/3d176ac8da5e9dff208d057f4733ca91/tuple_23_3_dFl.root
27-Nov-2012 02:42:00 EET  Initiating request to open file file:/hdfs/cms/store/user/mario/QCD_Pt_80_170_EMEnriched_TuneZ2star_8TeV_pythia6/Summer12-stop-pfele-step1/3d176ac8da5e9dff208d057f4733ca91/tuple_24_3_hFU.root
27-Nov-2012 02:42:00 EET  Successfully opened file file:/hdfs/cms/store/user/mario/QCD_Pt_80_170_EMEnriched_TuneZ2star_8TeV_pythia6/Summer12-stop-pfele-step1/3d176ac8da5e9dff208d057f4733ca91/tuple_24_3_hFU.root
Begin processing the 21001st record. Run 1, Event 117421829, LumiSection 37660 at 27-Nov-2012 02:42:19.442 EET
Begin processing the 22001st record. Run 1, Event 140256251, LumiSection 44983 at 27-Nov-2012 02:42:23.553 EET
Begin processing the 23001st record. Run 1, Event 32680421, LumiSection 10482 at 27-Nov-2012 02:42:27.389 EET
Begin processing the 24001st record. Run 1, Event 77525401, LumiSection 24864 at 27-Nov-2012 02:42:38.173 EET
Begin processing the 25001st record. Run 1, Event 29383725, LumiSection 9424 at 27-Nov-2012 02:42:41.556 EET
Begin processing the 26001st record. Run 1, Event 23852975, LumiSection 7651 at 27-Nov-2012 02:42:50.263 EET
Begin processing the 27001st record. Run 1, Event 70881942, LumiSection 22734 at 27-Nov-2012 02:42:53.688 EET
Begin processing the 28001st record. Run 1, Event 117362166, LumiSection 37641 at 27-Nov-2012 02:42:56.981 EET
Begin processing the 29001st record. Run 1, Event 197612729, LumiSection 63379 at 27-Nov-2012 02:43:04.213 EET
Begin processing the 30001st record. Run 1, Event 13804079, LumiSection 4428 at 27-Nov-2012 02:43:07.723 EET
Begin processing the 31001st record. Run 1, Event 51636671, LumiSection 16561 at 27-Nov-2012 02:43:13.510 EET
Begin processing the 32001st record. Run 1, Event 117827230, LumiSection 37790 at 27-Nov-2012 02:43:16.769 EET
Begin processing the 33001st record. Run 1, Event 145594048, LumiSection 46695 at 27-Nov-2012 02:43:23.038 EET
Begin processing the 34001st record. Run 1, Event 169591000, LumiSection 54391 at 27-Nov-2012 02:43:26.618 EET
Begin processing the 35001st record. Run 1, Event 189339406, LumiSection 60725 at 27-Nov-2012 02:43:30.340 EET
Begin processing the 36001st record. Run 1, Event 209580327, LumiSection 67217 at 27-Nov-2012 02:43:37.213 EET
27-Nov-2012 02:43:40 EET  Closed file file:/hdfs/cms/store/user/mario/QCD_Pt_80_170_EMEnriched_TuneZ2star_8TeV_pythia6/Summer12-stop-pfele-step1/3d176ac8da5e9dff208d057f4733ca91/tuple_24_3_hFU.root
27-Nov-2012 02:43:40 EET  Initiating request to open file file:/hdfs/cms/store/user/mario/QCD_Pt_80_170_EMEnriched_TuneZ2star_8TeV_pythia6/Summer12-stop-pfele-step1/3d176ac8da5e9dff208d057f4733ca91/tuple_29_7_ZZG.root
27-Nov-2012 02:43:41 EET  Successfully opened file file:/hdfs/cms/store/user/mario/QCD_Pt_80_170_EMEnriched_TuneZ2star_8TeV_pythia6/Summer12-stop-pfele-step1/3d176ac8da5e9dff208d057f4733ca91/tuple_29_7_ZZG.root
Begin processing the 37001st record. Run 1, Event 155800676, LumiSection 49969 at 27-Nov-2012 02:43:57.109 EET
Begin processing the 38001st record. Run 1, Event 163604379, LumiSection 52471 at 27-Nov-2012 02:44:00.686 EET
Begin processing the 39001st record. Run 1, Event 177573205, LumiSection 56951 at 27-Nov-2012 02:44:04.005 EET
Begin processing the 40001st record. Run 1, Event 17839395, LumiSection 5722 at 27-Nov-2012 02:44:09.763 EET
Begin processing the 41001st record. Run 1, Event 22552179, LumiSection 7233 at 27-Nov-2012 02:44:13.393 EET
Begin processing the 42001st record. Run 1, Event 47886836, LumiSection 15359 at 27-Nov-2012 02:44:23.594 EET
Begin processing the 43001st record. Run 1, Event 51926630, LumiSection 16654 at 27-Nov-2012 02:44:26.972 EET
Begin processing the 44001st record. Run 1, Event 179595440, LumiSection 57600 at 27-Nov-2012 02:44:30.145 EET
Begin processing the 45001st record. Run 1, Event 191529625, LumiSection 61428 at 27-Nov-2012 02:44:37.178 EET
Begin processing the 46001st record. Run 1, Event 192959013, LumiSection 61886 at 27-Nov-2012 02:44:41.200 EET
Begin processing the 47001st record. Run 1, Event 222764670, LumiSection 71445 at 27-Nov-2012 02:44:49.804 EET
Begin processing the 48001st record. Run 1, Event 13604760, LumiSection 4364 at 27-Nov-2012 02:44:53.389 EET
Begin processing the 49001st record. Run 1, Event 20529936, LumiSection 6585 at 27-Nov-2012 02:44:57.274 EET
Begin processing the 50001st record. Run 1, Event 44215744, LumiSection 14181 at 27-Nov-2012 02:45:04.408 EET
Begin processing the 51001st record. Run 1, Event 51038345, LumiSection 16369 at 27-Nov-2012 02:45:07.808 EET
Begin processing the 52001st record. Run 1, Event 151438756, LumiSection 48570 at 27-Nov-2012 02:45:13.498 EET
Begin processing the 53001st record. Run 1, Event 163212566, LumiSection 52346 at 27-Nov-2012 02:45:16.718 EET
27-Nov-2012 02:45:16 EET  Closed file file:/hdfs/cms/store/user/mario/QCD_Pt_80_170_EMEnriched_TuneZ2star_8TeV_pythia6/Summer12-stop-pfele-step1/3d176ac8da5e9dff208d057f4733ca91/tuple_29_7_ZZG.root
27-Nov-2012 02:45:16 EET  Initiating request to open file file:/hdfs/cms/store/user/mario/QCD_Pt_80_170_EMEnriched_TuneZ2star_8TeV_pythia6/Summer12-stop-pfele-step1/3d176ac8da5e9dff208d057f4733ca91/tuple_25_3_xrX.root
27-Nov-2012 02:45:17 EET  Successfully opened file file:/hdfs/cms/store/user/mario/QCD_Pt_80_170_EMEnriched_TuneZ2star_8TeV_pythia6/Summer12-stop-pfele-step1/3d176ac8da5e9dff208d057f4733ca91/tuple_25_3_xrX.root
Begin processing the 54001st record. Run 1, Event 143438833, LumiSection 46004 at 27-Nov-2012 02:45:37.497 EET
Begin processing the 55001st record. Run 1, Event 224159549, LumiSection 71893 at 27-Nov-2012 02:45:40.764 EET
Begin processing the 56001st record. Run 1, Event 185667773, LumiSection 59548 at 27-Nov-2012 02:45:45.953 EET
Begin processing the 57001st record. Run 1, Event 77652509, LumiSection 24905 at 27-Nov-2012 02:45:49.461 EET
Begin processing the 58001st record. Run 1, Event 154753750, LumiSection 49633 at 27-Nov-2012 02:45:56.424 EET
Begin processing the 59001st record. Run 1, Event 133257403, LumiSection 42739 at 27-Nov-2012 02:46:00.145 EET
Begin processing the 60001st record. Run 1, Event 156828635, LumiSection 50298 at 27-Nov-2012 02:46:03.827 EET
Begin processing the 61001st record. Run 1, Event 172193967, LumiSection 55226 at 27-Nov-2012 02:46:13.234 EET
Begin processing the 62001st record. Run 1, Event 191221931, LumiSection 61329 at 27-Nov-2012 02:46:16.743 EET
Begin processing the 63001st record. Run 1, Event 21548588, LumiSection 6912 at 27-Nov-2012 02:46:23.584 EET
Begin processing the 64001st record. Run 1, Event 81066927, LumiSection 26000 at 27-Nov-2012 02:46:27.091 EET
Begin processing the 65001st record. Run 1, Event 68072588, LumiSection 21833 at 27-Nov-2012 02:46:30.575 EET
Begin processing the 66001st record. Run 1, Event 114907959, LumiSection 36854 at 27-Nov-2012 02:46:36.562 EET
Begin processing the 67001st record. Run 1, Event 153757963, LumiSection 49314 at 27-Nov-2012 02:46:40.447 EET
Begin processing the 68001st record. Run 1, Event 136263973, LumiSection 43703 at 27-Nov-2012 02:46:45.209 EET
Begin processing the 69001st record. Run 1, Event 158224565, LumiSection 50746 at 27-Nov-2012 02:46:48.669 EET
27-Nov-2012 02:46:49 EET  Closed file file:/hdfs/cms/store/user/mario/QCD_Pt_80_170_EMEnriched_TuneZ2star_8TeV_pythia6/Summer12-stop-pfele-step1/3d176ac8da5e9dff208d057f4733ca91/tuple_25_3_xrX.root
27-Nov-2012 02:46:49 EET  Initiating request to open file file:/hdfs/cms/store/user/mario/QCD_Pt_80_170_EMEnriched_TuneZ2star_8TeV_pythia6/Summer12-stop-pfele-step1/3d176ac8da5e9dff208d057f4733ca91/tuple_26_3_LfP.root
27-Nov-2012 02:46:49 EET  Successfully opened file file:/hdfs/cms/store/user/mario/QCD_Pt_80_170_EMEnriched_TuneZ2star_8TeV_pythia6/Summer12-stop-pfele-step1/3d176ac8da5e9dff208d057f4733ca91/tuple_26_3_LfP.root
27-Nov-2012 02:47:14 EET  Closed file file:/hdfs/cms/store/user/mario/QCD_Pt_80_170_EMEnriched_TuneZ2star_8TeV_pythia6/Summer12-stop-pfele-step1/3d176ac8da5e9dff208d057f4733ca91/tuple_26_3_LfP.root

=============================================

MessageLogger Summary

 type     category        sev    module        subroutine        count    total
 ---- -------------------- -- ---------------- ----------------  -----    -----
    1 fileAction           -s file_close                             6        6
    2 fileAction           -s file_open                             12       12

 type    category    Examples: run/evt        run/evt          run/evt
 ---- -------------------- ---------------- ---------------- ----------------
    1 fileAction           PostProcessEvent PostProcessEvent PostEndRun
    2 fileAction           pre-events       pre-events       PostProcessEvent

Severity    # Occurrences   Total Occurrences
--------    -------------   -----------------
System                 18                  18
>>> END OF printout of 106 lines from stdout+stderr
>>> Parse FrameworkJobReport crab_fjr.xml
Result of parsing the FrameworkJobReport crab_fjr.xml: Popularity start
lumisRange : 1::1094,1510,3601,3964,3981,4397,4412,5252,5717,6001,6452,6912,7006,7456,7634,7858,8217,9927,10473,10655,12684,14266,16304,16464,17015,17752,17907,18848,20421,21201,21358,21833,22203,22212,22781,23126,23355,23927,24609,24905,24943,25933,26000,26360,26417,26531,26689,27187,27195,27467,27512,27532,28819,29993,31057,31183,31826,32684,33120,34043,34172,34539,35186,36033,36738,36854,37151,37157,37220,37333,37415,37609,37625,38170,38793,40718,41798,41942-41943,41949,41969,42047,42562,42602,42739,42804,42914,43188,43190,43212,43224,43469,43563,43631,43703,43773,44040,44077,44388,44478,44485,44493,45216,45245,45262,45275,45727,45956,46004,46031,47401,47408,47496,47795,48251,49010,49115,49314,49633,50298,50716,50728,50746,50749,50972,51317-51318,51344,51527,51644,51662,51860,52067,52309,53980,54479,55121-55122,55226,55447,55738,55781,56259,56395,57699,59548,59650,59702,60333,60754,60827,61180,61329,62274,63081,63248,64495,67025,68416,68663,68762,69276,71824,71893,72051,72299,72306,72498::1;1::32334,32754,32891,33078,33368,33770,34113,34529,50749::2;1::4298,6214,6412,7864,10121,47320,47461,49529,52029,56619,56678,56930,57099,58147,59602,59906,60214,60217,60603,60893,61019,61131,61237,62826,63386,64402,64558,64992,65036,66179,66613,67516,67846,68412,68988,69206,69393,69647,69752,70242,70266,70398,70716,70844,70887,72632,72782::3;1::1179,1199,1274,1597,2449,2960,3026,3751,4335,4367,4428,4887,4981,5584,5817,5929,6525,6775,6799,7429,7543,7651,7928,8078,8299,8424,8467,8759,9024,9044,9148,9424,9793,9835,10179,10482,11271,11395,13553,13688,14030,14309,14455,14503,14519,14864,15004,15039,15788,16525,16561,16657,16710,17450,18307,20555,21237,21454,21869,22169,22211,22539,22638,22734,22862,22888,22989,23160,23604,23674,23834,24110,24187,24192,24290,24423,24597,24864,25180,25411,25925,26165,26235,26465,26776,26874,27202,27348,27381,30147,32399,32826,34344,34552,35745,36803,36903,37236,37298,37641,37660,37768,37776,37784,37790,37811,38162,38184,38293,38437,38603,41365,41637,41798,41944,41953,41964,42035,43897,43913,43923,43989,44128,44402,44492,44621,44641,44983,45556,45705,45948,45954,46695,46798,47188,48493,49356,50707,50733,50995,51124,51623,53176,54038,54391,54464,54481,54547,54572,55220,55890,55944,56003,56817,57390,59847,60604,60725,63379,67217,68362,68858,69033,69554,69759,70926,71278,72133,72186::4;1::409,2857,4298,4338,4810,5093,6014,6206,7083,7664,7999,8072,8271,8969,9371,9459,9848,10206,10311,10989,11118,11997,12056,12348,12559,12807,13808,14097,14767,16291,16305,16846,18305,18726,18938,19839,19967,19987,20453,20455,20517,20567,20721,20884,21222,21333,21434,21612,22103,22147,22664,22708,22979,23167,23229,23337,23385,23494,23577,24852,25679,25716,25853,25906,26071,26353,26487,27030,27130,27414-27415,27555,27575,27614,28189,28561,29107,29236,29334,29424,29441,29920,29922,30787,30802,31088,31231,32179,32562,33372,34504,36384,36485,36695,36783,36830,36877,37205,37280,37342,37562,37595,38486,39502,40828,41365,41909,42315,43978,44487,44728,48353,48519,48536,49719,51000,51125,51305,51458,51611,51697,52476,54015,54477,55142,55369,55427,55438,55720,55798,55844,55848,56010,56098,56989,57039,57149,57261,57552,58188,58567,58580,58776,58958,58973,59327,59428,59559,59672,59855,59903,59954,60011,60181,60185,60189,60208,60396,60411,60416,61431,63180,63228,63807,63916,63924,72563::5;1::703,2395,2620,3033,4054,4290,4305,4312,4361,4364-4365,4373,4388,4403,4427,4433-4434,4440,5100,5722,6096,6118,6365-6366,6480,6585,6790,6848,7226,7233,7410,7674,7727,7937,8044,8163,9198,9310,9542,11171,11229,11825,12042,12756,12786,12835,12859,13243,13558,13803,14012,14181,14894-14895,14906,14908,14921,14995,15028,15359,15372-15373,15594,15611-15612,15770,15825,15848-15849,15927,15983,16130,16141,16369-16370,16443-16444,16506,16509,16654,16762,16844,16923,16925,17060,17365,19343,47527,48511,48521,48570,48597,48608,48611,48766,49642,49969,50329,51229,51231,51265,51273,51343,51736-51737,51837,52330,52334,52345-52346,52470-52471,52723,52831,52963,53005,53240,53348,53354,53449-53450,53779-53780,56589,56951,57029,57038,57091,57440,57465,57548,57600,57671,57701,57926,58156,58501,58752,60127,60129,60136,60306,60338-60339,60447,60544,60642,61272,61428,61432,61492,61494,61550,61613,61886,63181,63297,63596,63905,64002,69627,69704,71013,71444-71445,71482,72344,72423::6;
lumisParentRange : 
Basename : /store/user/mario/QCD_Pt_80_170_EMEnriched_TuneZ2star_8TeV_pythia6/Summer12-stop-pfele-step1/3d176ac8da5e9dff208d057f4733ca91/tuple_2
BasenameParent : 
parentFiles : 
inputBlocks : /QCD_Pt_80_170_EMEnriched_TuneZ2star_8TeV_pythia6/mario-Summer12-stop-pfele-step1-3d176ac8da5e9dff208d057f4733ca91/USER#1edbd789-8e01-4834-bf44-0c1d693a4b92
inputFiles : 5_3_xrX.root::1::EDM::Local::1;6_3_LfP.root::1::EDM::Local::2;2_8_w2M.root::1::EDM::Local::3;4_3_hFU.root::1::EDM::Local::4;3_3_dFl.root::1::EDM::Local::5;9_7_ZZG.root::1::EDM::Local::6;
Popularity stop
Extracted ExitStatus from FrameworkJobReport parsing output: 0
>>> Executable succeded  0
ExeExitCode=0
EXECUTABLE_EXIT_STATUS = 0
>>> current directory /home/cms067/home_crobe_235655316/CREAM235655316/glide_G29823/execute/dir_30912/CMSSW_5_3_5
>>>  (SOFTWARE_DIR): /home/cms067/home_crobe_235655316/CREAM235655316/glide_G29823/execute/dir_30912/CMSSW_5_3_5
>>> (WORKING_DIR): 
>>> current directory content:
total 156
drwxr-xr-x 3 cms067 cms  4096 Nov 27 02:38 .SCRAM
-rw-r--r-- 1 cms067 cms 30066 Nov 27 02:38 CMSSW.py.pkl
drwxr-xr-x 3 cms067 cms  4096 Nov 27 02:38 bin
drwxr-xr-x 3 cms067 cms  4096 Nov 27 02:38 cfipython
drwxr-xr-x 5 cms067 cms  4096 Nov 27 02:38 config
-rw-r--r-- 1 cms067 cms    17 Nov 27 02:47 cpu_timing.txt
drwxr-xr-x 2 cms067 cms  4096 Nov 27 02:38 doc
-rw-r--r-- 1 cms067 cms 12307 Nov 27 02:47 executable.out
drwxr-xr-x 2 cms067 cms  4096 Nov 27 02:38 include
drwxrwxrwx 3 cms067 cms  4096 Oct 22 16:38 lib
drwxr-xr-x 3 cms067 cms  4096 Nov 27 02:38 logs
drwxr-xr-x 3 cms067 cms  4096 Nov 27 02:38 objs
-rw-r--r-- 1 cms067 cms 16817 Nov 27 02:47 optHistograms.root
-rw-r--r-- 1 cms067 cms   104 Nov 27 02:38 pset.py
-rw-r--r-- 1 cms067 cms 19653 Nov 27 02:38 pset.py.pkl
-rw-r--r-- 1 cms067 cms   289 Nov 27 02:38 pset.pyc
drwxr-xr-x 2 cms067 cms  4096 Nov 27 02:38 python
-rw-r--r-- 1 cms067 cms   420 Nov 27 02:47 report.log
drwxrwxrwx 4 cms067 cms  4096 Nov 27 02:38 src
drwxr-xr-x 3 cms067 cms  4096 Nov 27 02:38 test
drwxr-xr-x 3 cms067 cms  4096 Nov 27 02:38 tmp
>>> current directory /home/cms067/home_crobe_235655316/CREAM235655316/glide_G29823/execute/dir_30912/CMSSW_5_3_5
>>> (SOFTWARE_DIR): /home/cms067/home_crobe_235655316/CREAM235655316/glide_G29823/execute/dir_30912/CMSSW_5_3_5
>>> (WORKING_DIR): 
>>> current directory content:
total 136
drwxr-xr-x 3 cms067 cms  4096 Nov 27 02:38 .SCRAM
-rw-r--r-- 1 cms067 cms 30066 Nov 27 02:38 CMSSW.py.pkl
drwxr-xr-x 3 cms067 cms  4096 Nov 27 02:38 bin
drwxr-xr-x 3 cms067 cms  4096 Nov 27 02:38 cfipython
drwxr-xr-x 5 cms067 cms  4096 Nov 27 02:38 config
-rw-r--r-- 1 cms067 cms    17 Nov 27 02:47 cpu_timing.txt
drwxr-xr-x 2 cms067 cms  4096 Nov 27 02:38 doc
-rw-r--r-- 1 cms067 cms 12307 Nov 27 02:47 executable.out
drwxr-xr-x 2 cms067 cms  4096 Nov 27 02:38 include
drwxrwxrwx 3 cms067 cms  4096 Oct 22 16:38 lib
drwxr-xr-x 3 cms067 cms  4096 Nov 27 02:38 logs
drwxr-xr-x 3 cms067 cms  4096 Nov 27 02:38 objs
-rw-r--r-- 1 cms067 cms   104 Nov 27 02:38 pset.py
-rw-r--r-- 1 cms067 cms 19653 Nov 27 02:38 pset.py.pkl
-rw-r--r-- 1 cms067 cms   289 Nov 27 02:38 pset.pyc
drwxr-xr-x 2 cms067 cms  4096 Nov 27 02:38 python
-rw-r--r-- 1 cms067 cms   420 Nov 27 02:47 report.log
drwxrwxrwx 4 cms067 cms  4096 Nov 27 02:38 src
drwxr-xr-x 3 cms067 cms  4096 Nov 27 02:38 test
drwxr-xr-x 3 cms067 cms  4096 Nov 27 02:38 tmp
>>> current directory (RUNTIME_AREA):  /home/cms067/home_crobe_235655316/CREAM235655316/glide_G29823/execute/dir_30912
>>> current dir: /home/cms067/home_crobe_235655316/CREAM235655316/glide_G29823/execute/dir_30912
>>> current dir content:
total 25804
-rw-rw-rw-  1 cms067 cms     5601 Nov 27 02:38 .job.ad
-rw-rw-rw-  1 cms067 cms    11523 Nov 27 02:38 .machine.ad
-rw-rw-rw-  1 cms067 cms      105 Nov 27 01:30 CMSSW.py
-rw-rw-rw-  1 cms067 cms    30066 Nov 27 01:30 CMSSW.py.pkl
-rwxrw-rw-  1 cms067 cms    23339 Nov 27 02:38 CMSSW.sh
drwxr-xr-x 15 cms067 cms     4096 Nov 27 02:47 CMSSW_5_3_5
-rw-rw-rw-  1 cms067 cms        0 Nov 27 02:38 CMSSW_87.stderr
-rw-rw-rw-  1 cms067 cms    28807 Nov 27 02:47 CMSSW_87.stdout
-rw-r--r--  1 cms067 cms      347 Nov 27 02:38 CacheEnv.sh
-rw-rw-rw-  1 cms067 cms     7291 Jun  9  2010 DashboardAPI.py
-rw-r--r--  1 cms067 cms     6883 Nov 27 02:38 DashboardAPI.pyc
drwxrwxrwx  3 cms067 cms     4096 Nov 27 02:47 IMProv
-rw-rw-rw-  1 cms067 cms     2748 Mar  8  2006 Logger.py
-rw-r--r--  1 cms067 cms     3353 Nov 27 02:38 Logger.pyc
-rw-rw-rw-  1 cms067 cms    24524 Mar 28  2008 ProcInfo.py
-rw-r--r--  1 cms067 cms    23470 Nov 27 02:38 ProcInfo.pyc
drwxrwxrwx  7 cms067 cms     4096 Nov 27 02:38 ProdCommon
drwxrwxrwx  3 cms067 cms     4096 Nov 27 02:38 WMCore
-rw-r--r--  1 cms067 cms     2100 Nov 27 02:44 Watchdog_87.log
-rw-rw-rw-  1 cms067 cms    32895 Mar 28  2008 apmon.py
-rw-r--r--  1 cms067 cms    28874 Nov 27 02:38 apmon.pyc
-rw-rw-rw-  1 cms067 cms   104551 Nov 27 02:38 arguments.xml
-rwxrwxrwx  1 cms067 cms    37427 Sep 13 14:14 cmscp.py
-rwxrwxrwx  1 cms067 cms    23339 Nov 27 02:38 condor_exec.exe
-rw-rw-rw-  1 cms067 cms      545 Nov 27 01:30 crab.cfg
-rwxrwxrwx  1 cms067 cms     9531 Sep 20 21:46 crabWatchdog.sh
-rw-r--r--  1 cms067 cms    53375 Nov 27 02:47 crab_fjr_87.xml
-rw-rw-rw-  1 cms067 cms 25796294 Nov 27 02:38 default.tgz
-rwxrwxrwx  1 cms067 cms     4488 May 12  2012 fillCrabFjr.py
-rw-r--r--  1 cms067 cms     1081 Nov 27 02:38 inputsReport.txt
-rw-r--r--  1 cms067 cms      132 Nov 27 02:47 jobreport.txt
lrwxrwxrwx  1 cms067 cms      107 Nov 27 02:47 optHistograms.root -> /home/cms067/home_crobe_235655316/CREAM235655316/glide_G29823/execute/dir_30912/optHistograms_87_1_rWX.root
-rw-r--r--  1 cms067 cms    16817 Nov 27 02:47 optHistograms_87_1_rWX.root
-rw-rw-rw-  1 cms067 cms    17352 Jan 20  2012 parseCrabFjr.py
-rw-r--r--  1 cms067 cms      285 Nov 27 02:38 report.log
-rwxrwxrwx  1 cms067 cms     1497 May 27  2009 report.py
-rwxrwxrwx  1 cms067 cms     8387 Mar 23  2011 writeCfg.py
-rw-------  1 cms067 cms     8687 Nov 27 02:38 x509up_u1000009
Checking output files:  
will tar file optHistograms_87_1_rWX.root in  out_files_87
will tar file crab_fjr_87.xml in  out_files_87
will tar file CMSSW_87.stdout in  out_files_87
will tar file CMSSW_87.stderr in  out_files_87
WARNING: output file Watchdog_87.log.gz not found!
>>> padding time: Sleeping the wrapper for 42 seconds
STOPPING WATCHDOG. CrabWatchdog PID is 32629
********** LAST 50 LINES OF WATCHDOG LOG
# RESOURCE USAGE SUMMARY FOR PROCESS ID 31160
USER       PID %CPU %MEM    VSZ   RSS TTY      STAT START   TIME COMMAND
cms067   31160  0.3  0.0   8956  1488 ?        S    02:38   0:00 /bin/sh /home/cms067/home_crobe_235655316/CREAM235655316/glide_G29823/execute/dir_30912/condor_exec.exe 87 1
 
# LIMITS USED BY THIS WATCHDOG:
# RSS  (KBytes)  : 2300000
# VSZ  (KBytes)  : 100000000
# DISK (MBytes)  : 19000
# CPU  (seconds) : 171600
# WALL (seconds) : 171600
 
# FOLLOWING PRINTOUT TRACKS MAXIMUM VALUES OF RESOURCES USE
# ONE LINE IS PRINTED EACH TIME A MAXIMUM CHANGES
# IF CHANGE WAS IN RSS OR VSZ ALSO PROCID AND COMMAND ARE PRINTED
# THERE IS NO PRINTOUT FOR CPU/WALL TIME INCREASE
 
# TIME			PID	RSS(KB)	VSZ(KB)	Dsk(MB)	tCPU(s)	tWALL(s)	COMMAND
 Nov 27 02:38:32 EET	1857	1340	8816	0	0	3509	/bin/bash /home/cms067/home_crobe_235655316/CREAM235655316/glide_G29823/main/condor_startup.sh glidein_config       
 Nov 27 02:38:32 EET	2500	5756	9452	0	1	3508	/home/cms067/home_crobe_235655316/CREAM235655316/glide_G29823/main/condor/sbin/condor_master -f -pidfile /home/cms067/home_crobe_235655316/CREAM235655316/glide_G29823/condor_master2.pid      
 Nov 27 02:38:32 EET	2502	5756	9504	0	2	3506	condor_startd -f        
 Nov 27 02:38:32 EET	29770	5756	25504	0	0	3527	perl -e ?use Socket;??sub send_notify {? $cream_url = "193.40.150.124:49152";die "No
 Nov 27 02:38:32 EET	---	5756	25504	168	----	----	----
 Nov 27 02:39:40 EET	3075	260400	428424	168	13	54	cmsRun -j /home/cms067/home_crobe_235655316/CREAM235655316/glide_G29823/execute/dir_30912/crab_fjr_87.xml -p pset.py     
 Nov 27 02:40:48 EET	3075	358784	557416	168	42	122	cmsRun -j /home/cms067/home_crobe_235655316/CREAM235655316/glide_G29823/execute/dir_30912/crab_fjr_87.xml -p pset.py     
 Nov 27 02:41:54 EET	3075	360004	557672	168	90	190	cmsRun -j /home/cms067/home_crobe_235655316/CREAM235655316/glide_G29823/execute/dir_30912/crab_fjr_87.xml -p pset.py     
 Nov 27 02:44:13 EET	3075	360484	558440	168	167	327	cmsRun -j /home/cms067/home_crobe_235655316/CREAM235655316/glide_G29823/execute/dir_30912/crab_fjr_87.xml -p pset.py     
 Nov 27 02:47:36 EET	---	360484	558440	169	----	----	----
********** WATCHDOG LOG ENDED
ZIPPING WATCHDOG LOG
Disk space used:
du -sh /home/cms067/home_crobe_235655316/CREAM235655316/glide_G29823/execute/dir_30912
169M	/home/cms067/home_crobe_235655316/CREAM235655316/glide_G29823/execute/dir_30912
>>> info for dashboard:
***** Cat /home/cms067/home_crobe_235655316/CREAM235655316/glide_G29823/execute/dir_30912/jobreport.txt *****
MonitorJobID=87_https://submit-2.t2.ucsd.edu//121127//17531.86
MonitorID=liis_crab_0_121127_013010_p7r30o
ExeTime=508
ExeExitCode=0
CrabUserCpuTime=260.81
CrabSysCpuTime=11.31
CrabCpuPercentage=53%
CrabWrapperTime=600
CrabStageoutTime=NULL
***** End Cat jobreport *****
Parameters sent to Dashboard.
optHistograms_87_1_rWX.root
crab_fjr_87.xml
CMSSW_87.stdout
CMSSW_87.stderr
Watchdog_87.log.gz
tar: .BrokerInfo: Cannot stat: No such file or directory
tar: Error exit delayed from previous errors
Total Output dimension: 27584
WARNING: output files size limit is set to: 50000000
Total Output dimension 27584 is fine.
JOB_EXIT_STATUS = 0
>>> info for dashboard:
***** Cat /home/cms067/home_crobe_235655316/CREAM235655316/glide_G29823/execute/dir_30912/jobreport.txt *****
MonitorJobID=87_https://submit-2.t2.ucsd.edu//121127//17531.86
MonitorID=liis_crab_0_121127_013010_p7r30o
JobExitCode=0
***** End Cat jobreport *****
Parameters sent to Dashboard.
optHistograms_87_1_rWX.root
crab_fjr_87.xml
