This script was generated by crab (version 2.8.3).
Running /home/cms003/home_crce1_432111072/CREAM432111072/glide_K15942/execute/dir_21513/condor_exec.exe with 2 positional parameters: 1 1
Today is Tue Nov 27 02:31:05 EET 2012
Job submitted on host wn-v-5096.local
Linux wn-v-5096.local 2.6.32-042stab059.7 #1 SMP Tue Jul 24 19:12:01 MSK 2012 x86_64 x86_64 x86_64 GNU/Linux
>>> current directory (RUNTIME_AREA): /home/cms003/home_crce1_432111072/CREAM432111072/glide_K15942/execute/dir_21513
>>> current user: uid=11003(cms003) gid=1400(cms) groups=1400(cms)
>>> voms proxy information:
subject   : /DC=ch/DC=cern/OU=Organic Units/OU=Users/CN=liis/CN=663550/CN=Liis Rebane/CN=proxy/CN=limited proxy
issuer    : /DC=ch/DC=cern/OU=Organic Units/OU=Users/CN=liis/CN=663550/CN=Liis Rebane/CN=proxy
identity  : /DC=ch/DC=cern/OU=Organic Units/OU=Users/CN=liis/CN=663550/CN=Liis Rebane/CN=proxy
type      : limited proxy
strength  : 512 bits
path      : /home/cms003/home_crce1_432111072/CREAM432111072/glide_K15942/execute/dir_21513/x509up_u1000009
timeleft  : 23:59:50
key usage : Digital Signature, Key Encipherment, Data Encipherment
=== VO cms extension information ===
VO        : cms
subject   : /DC=ch/DC=cern/OU=Organic Units/OU=Users/CN=liis/CN=663550/CN=Liis Rebane
issuer    : /DC=ch/DC=cern/OU=computers/CN=lcg-voms.cern.ch
attribute : /cms/Role=NULL/Capability=NULL
timeleft  : 190:54:32
uri       : lcg-voms.cern.ch:15002
>>> tar xzf /home/cms003/home_crce1_432111072/CREAM432111072/glide_K15942/execute/dir_21513/default.tgz :
Successful untar
>>> Include /home/cms003/home_crce1_432111072/CREAM432111072/glide_K15942/execute/dir_21513 in PYTHONPATH:
strip arguments
env var CRAB_UNIQUE_JOB_ID set to: liis_crab_0_121127_013010_p7r30o_1_1_1h3
out_files_1
>>> list of expected files on output sandbox
output files: optHistograms_1_1_1h3.root crab_fjr_1.xml CMSSW_1.stdout CMSSW_1.stderr Watchdog_1.log.gz
>>> GridFlavour discovery: 
GridFlavour=LCG
>>> SyncSite discovery: 
SyncSite=T2_EE_Estonia
>>> SyncCE discovery: 
getting SyncCE from CE_ID
SyncCE=cream1.hep.kbfi.ee:8443/cream-pbs-long
>>> info for dashboard:
***** Cat /home/cms003/home_crce1_432111072/CREAM432111072/glide_K15942/execute/dir_21513/jobreport.txt *****
MonitorJobID=1_https://submit-2.t2.ucsd.edu//121127//17531.0
SyncGridJobId=https://submit-2.t2.ucsd.edu//121127//17531.0
MonitorID=liis_crab_0_121127_013010_p7r30o
GridFlavour=LCG
SyncSite=T2_EE_Estonia
SyncCE=cream1.hep.kbfi.ee:8443/cream-pbs-long
***** End Cat jobreport *****
Parameters sent to Dashboard.
>>> setup environment
set SCRAM ARCH to slc5_amd64_gcc462
SCRAM_ARCH = slc5_amd64_gcc462
>>> setup CMS LCG environment:
set SCRAM ARCH and BUILD_ARCH to slc5_amd64_gcc462 ###
Sourcing environment... 
sourcing /cvmfs/cms.cern.ch/cmsset_default.sh
==> setup cms environment ok
>>> specific cmssw setup environment:
CMSSW_VERSION =  CMSSW_5_3_5
>>> current directory (SOFTWARE_DIR): /home/cms003/home_crce1_432111072/CREAM432111072/glide_K15942/execute/dir_21513/CMSSW_5_3_5
PreserveSeeds: <>
IncrementSeeds:<>
{}
WNHostName=wn-v-5096.local
>>> info for dashboard:
***** Cat /home/cms003/home_crce1_432111072/CREAM432111072/glide_K15942/execute/dir_21513/jobreport.txt *****
MonitorJobID=1_https://submit-2.t2.ucsd.edu//121127//17531.0
MonitorID=liis_crab_0_121127_013010_p7r30o
WNHostName=wn-v-5096.local
***** End Cat jobreport *****
Parameters sent to Dashboard.
crabWatchdog started as process 24814
>>> moving CMSSW software directories in /home/cms003/home_crce1_432111072/CREAM432111072/glide_K15942/execute/dir_21513/CMSSW_5_3_5
mv: cannot stat `/home/cms003/home_crce1_432111072/CREAM432111072/glide_K15942/execute/dir_21513/module/': No such file or directory
>>> Include /home/cms003/home_crce1_432111072/CREAM432111072/glide_K15942/execute/dir_21513 in PYTHONPATH:
PYTHONPATH=/home/cms003/home_crce1_432111072/CREAM432111072/glide_K15942/execute/dir_21513/:/home/cms003/home_crce1_432111072/CREAM432111072/glide_K15942/execute/dir_21513/CMSSW_5_3_5/python:/home/cms003/home_crce1_432111072/CREAM432111072/glide_K15942/execute/dir_21513/CMSSW_5_3_5/lib/slc5_amd64_gcc462:/cvmfs/cms.cern.ch/slc5_amd64_gcc462/cms/cmssw/CMSSW_5_3_5/python:/cvmfs/cms.cern.ch/slc5_amd64_gcc462/cms/cmssw/CMSSW_5_3_5/lib/slc5_amd64_gcc462:/cvmfs/cms.cern.ch/slc5_amd64_gcc462/cms/coral/CORAL_2_3_21-cms27/slc5_amd64_gcc462/python:/cvmfs/cms.cern.ch/slc5_amd64_gcc462/cms/coral/CORAL_2_3_21-cms27/slc5_amd64_gcc462/lib:/cvmfs/cms.cern.ch/slc5_amd64_gcc462/external/pyqt/4.8.1/lib/python2.6/site-packages:/cvmfs/cms.cern.ch/slc5_amd64_gcc462/external/py2-scipy/0.8.0/lib/python2.6/site-packages:/cvmfs/cms.cern.ch/slc5_amd64_gcc462/external/py2-matplotlib/1.0.1/lib/python2.6/site-packages:/cvmfs/cms.cern.ch/slc5_amd64_gcc462/external/python-ldap/2.3.5/lib/python2.6/site-packages:/cvmfs/cms.cern.ch/slc5_amd64_gcc462/external/sip/4.11.2/lib/python2.6/site-packages:/cvmfs/cms.cern.ch/slc5_amd64_gcc462/external/py2-pycurl/7.19.0/lib/python2.6/site-packages:/cvmfs/cms.cern.ch/slc5_amd64_gcc462/external/py2-numpy/1.6.1/lib/python2.6/site-packages:/cvmfs/cms.cern.ch/slc5_amd64_gcc462/external/py2-ipython/0.10/lib/python2.6/site-packages:/cvmfs/cms.cern.ch/slc5_amd64_gcc462/external/py2-cx-oracle/5.1-cms11/lib/python2.6/site-packages:/cvmfs/cms.cern.ch/slc5_amd64_gcc462/external/py2-cjson/1.0.5/lib/python2.6/site-packages:/cvmfs/cms.cern.ch/slc5_amd64_gcc462/cms/das-client/1.4.1-cms8/bin:/cvmfs/cms.cern.ch/slc5_amd64_gcc462/external/elementtree/1.2.6/share/lib/python2.6/site-packages:/cvmfs/cms.cern.ch/slc5_amd64_gcc462/external/rivet/1.5.1-cms10/lib/python2.6/site-packages:/cvmfs/cms.cern.ch/slc5_amd64_gcc462/external/pyminuit2/0.0.1-cms34/lib/python2.6/site-packages:/cvmfs/cms.cern.ch/slc5_amd64_gcc462/external/professor/1.0.0-cms35/lib/python2.6/site-packages:/cvmfs/cms.cern.ch/slc5_amd64_gcc462/lcg/root/5.32.00-cms18/lib:/cvmfs/cms.cern.ch/slc5_amd64_gcc462/cms/dbs-client/DBS_2_1_1_patch1_1/lib:/cvmfs/cms.cern.ch/slc5_amd64_gcc462/cms/dbs-client/DBS_2_1_1_patch1_1/lib/DBSAPI:/home/cms003/home_crce1_432111072/CREAM432111072/glide_K15942/execute/dir_21513/
241a2a19cb7c5c8751ba22759ab3bdb0
PSETHASH = 241a2a19cb7c5c8751ba22759ab3bdb0
/home/cms003/home_crce1_432111072/CREAM432111072/glide_K15942/execute/dir_21513/writeCfg.py pset.py pset.py
Importing .py file
Setting parameters
inputBlocks=/QCD_Pt_80_170_EMEnriched_TuneZ2star_8TeV_pythia6/mario-Summer12-stop-pfele-step1-3d176ac8da5e9dff208d057f4733ca91/USER#9216e99b-2283-40ce-bb31-2ef67f52afd8
inputFiles=/store/user/mario/QCD_Pt_80_170_EMEnriched_TuneZ2star_8TeV_pythia6/Summer12-stop-pfele-step1/3d176ac8da5e9dff208d057f4733ca91/tuple_178_10_REd.root;/store/user/mario/QCD_Pt_80_170_EMEnriched_TuneZ2star_8TeV_pythia6/Summer12-stop-pfele-step1/3d176ac8da5e9dff208d057f4733ca91/tuple_330_10_Rk3.root;/store/user/mario/QCD_Pt_80_170_EMEnriched_TuneZ2star_8TeV_pythia6/Summer12-stop-pfele-step1/3d176ac8da5e9dff208d057f4733ca91/tuple_239_9_uoS.root;/store/user/mario/QCD_Pt_80_170_EMEnriched_TuneZ2star_8TeV_pythia6/Summer12-stop-pfele-step1/3d176ac8da5e9dff208d057f4733ca91/tuple_307_9_hYL.root;/store/user/mario/QCD_Pt_80_170_EMEnriched_TuneZ2star_8TeV_pythia6/Summer12-stop-pfele-step1/3d176ac8da5e9dff208d057f4733ca91/tuple_309_9_HU0.root
parentFiles=
lumisRange=
>>> Executable cmsRun
/cvmfs/cms.cern.ch/slc5_amd64_gcc462/cms/cmssw/CMSSW_5_3_5/bin/slc5_amd64_gcc462/cmsRun
ok executable found
>>> info for dashboard:
***** Cat /home/cms003/home_crce1_432111072/CREAM432111072/glide_K15942/execute/dir_21513/jobreport.txt *****
MonitorJobID=1_https://submit-2.t2.ucsd.edu//121127//17531.0
MonitorID=liis_crab_0_121127_013010_p7r30o
ExeStart=cmsRun
***** End Cat jobreport *****
Parameters sent to Dashboard.
>>> cmsRun started at Tue Nov 27 00:31:48 UTC 2012
>>> cmsRun ended at Tue Nov 27 00:39:00 UTC 2012
>>> info for dashboard:
***** Cat /home/cms003/home_crce1_432111072/CREAM432111072/glide_K15942/execute/dir_21513/jobreport.txt *****
MonitorJobID=1_https://submit-2.t2.ucsd.edu//121127//17531.0
MonitorID=liis_crab_0_121127_013010_p7r30o
ExeEnd=cmsRun
***** End Cat jobreport *****
Parameters sent to Dashboard.
TIME_EXE = 431 sec
>>> cmsRun wrote 103 lines of stdout+stderr
>>> START OF printout of 103 lines from stdout+stderr
27-Nov-2012 02:32:24 EET  Initiating request to open file file:/hdfs/cms/store/user/mario/QCD_Pt_80_170_EMEnriched_TuneZ2star_8TeV_pythia6/Summer12-stop-pfele-step1/3d176ac8da5e9dff208d057f4733ca91/tuple_178_10_REd.root
27-Nov-2012 02:32:34 EET  Successfully opened file file:/hdfs/cms/store/user/mario/QCD_Pt_80_170_EMEnriched_TuneZ2star_8TeV_pythia6/Summer12-stop-pfele-step1/3d176ac8da5e9dff208d057f4733ca91/tuple_178_10_REd.root
Begin processing the 1st record. Run 1, Event 35926224, LumiSection 11523 at 27-Nov-2012 02:32:55.063 EET
Begin processing the 1001st record. Run 1, Event 73770090, LumiSection 23660 at 27-Nov-2012 02:33:05.280 EET
Begin processing the 2001st record. Run 1, Event 39095564, LumiSection 12539 at 27-Nov-2012 02:33:08.462 EET
Begin processing the 3001st record. Run 1, Event 35607863, LumiSection 11421 at 27-Nov-2012 02:33:13.379 EET
Begin processing the 4001st record. Run 1, Event 38923874, LumiSection 12484 at 27-Nov-2012 02:33:16.918 EET
Begin processing the 5001st record. Run 1, Event 39752947, LumiSection 12750 at 27-Nov-2012 02:33:22.760 EET
Begin processing the 6001st record. Run 1, Event 59959123, LumiSection 19230 at 27-Nov-2012 02:33:26.108 EET
Begin processing the 7001st record. Run 1, Event 41812672, LumiSection 13411 at 27-Nov-2012 02:33:29.296 EET
Begin processing the 8001st record. Run 1, Event 42107919, LumiSection 13505 at 27-Nov-2012 02:33:35.145 EET
Begin processing the 9001st record. Run 1, Event 86957047, LumiSection 27889 at 27-Nov-2012 02:33:38.341 EET
Begin processing the 10001st record. Run 1, Event 44736812, LumiSection 14348 at 27-Nov-2012 02:33:44.533 EET
Begin processing the 11001st record. Run 1, Event 130804715, LumiSection 41952 at 27-Nov-2012 02:33:47.588 EET
Begin processing the 12001st record. Run 1, Event 133409638, LumiSection 42787 at 27-Nov-2012 02:33:50.843 EET
Begin processing the 13001st record. Run 1, Event 150091246, LumiSection 48138 at 27-Nov-2012 02:33:56.698 EET
Begin processing the 14001st record. Run 1, Event 150226044, LumiSection 48181 at 27-Nov-2012 02:34:00.036 EET
Begin processing the 15001st record. Run 1, Event 150854993, LumiSection 48382 at 27-Nov-2012 02:34:04.849 EET
Begin processing the 16001st record. Run 1, Event 49406796, LumiSection 15846 at 27-Nov-2012 02:34:08.095 EET
27-Nov-2012 02:34:08 EET  Closed file file:/hdfs/cms/store/user/mario/QCD_Pt_80_170_EMEnriched_TuneZ2star_8TeV_pythia6/Summer12-stop-pfele-step1/3d176ac8da5e9dff208d057f4733ca91/tuple_178_10_REd.root
27-Nov-2012 02:34:08 EET  Initiating request to open file file:/hdfs/cms/store/user/mario/QCD_Pt_80_170_EMEnriched_TuneZ2star_8TeV_pythia6/Summer12-stop-pfele-step1/3d176ac8da5e9dff208d057f4733ca91/tuple_330_10_Rk3.root
27-Nov-2012 02:34:08 EET  Successfully opened file file:/hdfs/cms/store/user/mario/QCD_Pt_80_170_EMEnriched_TuneZ2star_8TeV_pythia6/Summer12-stop-pfele-step1/3d176ac8da5e9dff208d057f4733ca91/tuple_330_10_Rk3.root
Begin processing the 17001st record. Run 1, Event 134873309, LumiSection 43257 at 27-Nov-2012 02:34:26.010 EET
Begin processing the 18001st record. Run 1, Event 177332638, LumiSection 56874 at 27-Nov-2012 02:34:29.381 EET
Begin processing the 19001st record. Run 1, Event 183494727, LumiSection 58851 at 27-Nov-2012 02:34:35.029 EET
Begin processing the 20001st record. Run 1, Event 191989786, LumiSection 61575 at 27-Nov-2012 02:34:38.175 EET
Begin processing the 21001st record. Run 1, Event 197050272, LumiSection 63198 at 27-Nov-2012 02:34:41.987 EET
Begin processing the 22001st record. Run 1, Event 187211215, LumiSection 60043 at 27-Nov-2012 02:34:47.308 EET
Begin processing the 23001st record. Run 1, Event 192616561, LumiSection 61776 at 27-Nov-2012 02:34:50.397 EET
Begin processing the 24001st record. Run 1, Event 195763688, LumiSection 62786 at 27-Nov-2012 02:34:55.982 EET
Begin processing the 25001st record. Run 1, Event 16113954, LumiSection 5169 at 27-Nov-2012 02:34:59.504 EET
Begin processing the 26001st record. Run 1, Event 22015194, LumiSection 7061 at 27-Nov-2012 02:35:07.029 EET
Begin processing the 27001st record. Run 1, Event 37307242, LumiSection 11966 at 27-Nov-2012 02:35:10.592 EET
Begin processing the 28001st record. Run 1, Event 70716586, LumiSection 22681 at 27-Nov-2012 02:35:14.281 EET
Begin processing the 29001st record. Run 1, Event 94670398, LumiSection 30363 at 27-Nov-2012 02:35:19.088 EET
Begin processing the 30001st record. Run 1, Event 53766074, LumiSection 17244 at 27-Nov-2012 02:35:22.588 EET
Begin processing the 31001st record. Run 1, Event 88014202, LumiSection 28228 at 27-Nov-2012 02:35:27.446 EET
Begin processing the 32001st record. Run 1, Event 98528277, LumiSection 31600 at 27-Nov-2012 02:35:30.501 EET
27-Nov-2012 02:35:31 EET  Closed file file:/hdfs/cms/store/user/mario/QCD_Pt_80_170_EMEnriched_TuneZ2star_8TeV_pythia6/Summer12-stop-pfele-step1/3d176ac8da5e9dff208d057f4733ca91/tuple_330_10_Rk3.root
27-Nov-2012 02:35:31 EET  Initiating request to open file file:/hdfs/cms/store/user/mario/QCD_Pt_80_170_EMEnriched_TuneZ2star_8TeV_pythia6/Summer12-stop-pfele-step1/3d176ac8da5e9dff208d057f4733ca91/tuple_239_9_uoS.root
27-Nov-2012 02:35:31 EET  Successfully opened file file:/hdfs/cms/store/user/mario/QCD_Pt_80_170_EMEnriched_TuneZ2star_8TeV_pythia6/Summer12-stop-pfele-step1/3d176ac8da5e9dff208d057f4733ca91/tuple_239_9_uoS.root
Begin processing the 33001st record. Run 1, Event 96499576, LumiSection 30950 at 27-Nov-2012 02:35:52.345 EET
Begin processing the 34001st record. Run 1, Event 96554092, LumiSection 30967 at 27-Nov-2012 02:35:55.494 EET
Begin processing the 35001st record. Run 1, Event 96604895, LumiSection 30983 at 27-Nov-2012 02:36:01.179 EET
Begin processing the 36001st record. Run 1, Event 136811683, LumiSection 43879 at 27-Nov-2012 02:36:04.336 EET
Begin processing the 37001st record. Run 1, Event 136856442, LumiSection 43893 at 27-Nov-2012 02:36:08.090 EET
Begin processing the 38001st record. Run 1, Event 180474901, LumiSection 57882 at 27-Nov-2012 02:36:13.578 EET
Begin processing the 39001st record. Run 1, Event 180381155, LumiSection 57852 at 27-Nov-2012 02:36:16.630 EET
Begin processing the 40001st record. Run 1, Event 180506462, LumiSection 57892 at 27-Nov-2012 02:36:23.431 EET
Begin processing the 41001st record. Run 1, Event 180547246, LumiSection 57905 at 27-Nov-2012 02:36:26.868 EET
Begin processing the 42001st record. Run 1, Event 181539445, LumiSection 58224 at 27-Nov-2012 02:36:29.940 EET
Begin processing the 43001st record. Run 1, Event 183589575, LumiSection 58881 at 27-Nov-2012 02:36:35.184 EET
Begin processing the 44001st record. Run 1, Event 183649410, LumiSection 58900 at 27-Nov-2012 02:36:38.372 EET
Begin processing the 45001st record. Run 1, Event 182475990, LumiSection 58524 at 27-Nov-2012 02:36:44.714 EET
Begin processing the 46001st record. Run 1, Event 183028589, LumiSection 58701 at 27-Nov-2012 02:36:48.137 EET
Begin processing the 47001st record. Run 1, Event 183581216, LumiSection 58878 at 27-Nov-2012 02:36:51.308 EET
Begin processing the 48001st record. Run 1, Event 183631859, LumiSection 58895 at 27-Nov-2012 02:36:55.586 EET
27-Nov-2012 02:36:57 EET  Closed file file:/hdfs/cms/store/user/mario/QCD_Pt_80_170_EMEnriched_TuneZ2star_8TeV_pythia6/Summer12-stop-pfele-step1/3d176ac8da5e9dff208d057f4733ca91/tuple_239_9_uoS.root
27-Nov-2012 02:36:57 EET  Initiating request to open file file:/hdfs/cms/store/user/mario/QCD_Pt_80_170_EMEnriched_TuneZ2star_8TeV_pythia6/Summer12-stop-pfele-step1/3d176ac8da5e9dff208d057f4733ca91/tuple_307_9_hYL.root
27-Nov-2012 02:36:58 EET  Successfully opened file file:/hdfs/cms/store/user/mario/QCD_Pt_80_170_EMEnriched_TuneZ2star_8TeV_pythia6/Summer12-stop-pfele-step1/3d176ac8da5e9dff208d057f4733ca91/tuple_307_9_hYL.root
Begin processing the 49001st record. Run 1, Event 156326288, LumiSection 50137 at 27-Nov-2012 02:37:12.064 EET
Begin processing the 50001st record. Run 1, Event 221646793, LumiSection 71087 at 27-Nov-2012 02:37:16.214 EET
Begin processing the 51001st record. Run 1, Event 214575656, LumiSection 68819 at 27-Nov-2012 02:37:21.246 EET
Begin processing the 52001st record. Run 1, Event 224205554, LumiSection 71907 at 27-Nov-2012 02:37:28.637 EET
Begin processing the 53001st record. Run 1, Event 108976640, LumiSection 34951 at 27-Nov-2012 02:37:32.392 EET
Begin processing the 54001st record. Run 1, Event 139668168, LumiSection 44795 at 27-Nov-2012 02:37:37.057 EET
Begin processing the 55001st record. Run 1, Event 21153790, LumiSection 6785 at 27-Nov-2012 02:37:40.302 EET
Begin processing the 56001st record. Run 1, Event 100002107, LumiSection 32073 at 27-Nov-2012 02:37:43.551 EET
Begin processing the 57001st record. Run 1, Event 125424758, LumiSection 40227 at 27-Nov-2012 02:37:51.028 EET
Begin processing the 58001st record. Run 1, Event 153795785, LumiSection 49326 at 27-Nov-2012 02:37:54.204 EET
Begin processing the 59001st record. Run 1, Event 156824644, LumiSection 50297 at 27-Nov-2012 02:38:00.387 EET
Begin processing the 60001st record. Run 1, Event 158532133, LumiSection 50845 at 27-Nov-2012 02:38:03.896 EET
Begin processing the 61001st record. Run 1, Event 164880859, LumiSection 52881 at 27-Nov-2012 02:38:07.067 EET
Begin processing the 62001st record. Run 1, Event 174956689, LumiSection 56112 at 27-Nov-2012 02:38:12.845 EET
Begin processing the 63001st record. Run 1, Event 208400440, LumiSection 66838 at 27-Nov-2012 02:38:16.081 EET
Begin processing the 64001st record. Run 1, Event 74428407, LumiSection 23871 at 27-Nov-2012 02:38:21.566 EET
27-Nov-2012 02:38:24 EET  Closed file file:/hdfs/cms/store/user/mario/QCD_Pt_80_170_EMEnriched_TuneZ2star_8TeV_pythia6/Summer12-stop-pfele-step1/3d176ac8da5e9dff208d057f4733ca91/tuple_307_9_hYL.root
27-Nov-2012 02:38:24 EET  Initiating request to open file file:/hdfs/cms/store/user/mario/QCD_Pt_80_170_EMEnriched_TuneZ2star_8TeV_pythia6/Summer12-stop-pfele-step1/3d176ac8da5e9dff208d057f4733ca91/tuple_309_9_HU0.root
27-Nov-2012 02:38:24 EET  Successfully opened file file:/hdfs/cms/store/user/mario/QCD_Pt_80_170_EMEnriched_TuneZ2star_8TeV_pythia6/Summer12-stop-pfele-step1/3d176ac8da5e9dff208d057f4733ca91/tuple_309_9_HU0.root
Begin processing the 65001st record. Run 1, Event 175266425, LumiSection 56212 at 27-Nov-2012 02:38:34.864 EET
Begin processing the 66001st record. Run 1, Event 33673254, LumiSection 10800 at 27-Nov-2012 02:38:42.902 EET
Begin processing the 67001st record. Run 1, Event 146348153, LumiSection 46937 at 27-Nov-2012 02:38:46.107 EET
Begin processing the 68001st record. Run 1, Event 190849012, LumiSection 61209 at 27-Nov-2012 02:38:50.595 EET
Begin processing the 69001st record. Run 1, Event 194959065, LumiSection 62527 at 27-Nov-2012 02:38:53.606 EET
27-Nov-2012 02:38:57 EET  Closed file file:/hdfs/cms/store/user/mario/QCD_Pt_80_170_EMEnriched_TuneZ2star_8TeV_pythia6/Summer12-stop-pfele-step1/3d176ac8da5e9dff208d057f4733ca91/tuple_309_9_HU0.root

=============================================

MessageLogger Summary

 type     category        sev    module        subroutine        count    total
 ---- -------------------- -- ---------------- ----------------  -----    -----
    1 fileAction           -s file_close                             5        5
    2 fileAction           -s file_open                             10       10

 type    category    Examples: run/evt        run/evt          run/evt
 ---- -------------------- ---------------- ---------------- ----------------
    1 fileAction           PostProcessEvent PostProcessEvent PostEndRun
    2 fileAction           pre-events       pre-events       PostProcessEvent

Severity    # Occurrences   Total Occurrences
--------    -------------   -----------------
System                 15                  15
>>> END OF printout of 103 lines from stdout+stderr
>>> Parse FrameworkJobReport crab_fjr.xml
Result of parsing the FrameworkJobReport crab_fjr.xml: Popularity start
lumisRange : 1::210,505,533,1184,1457,1817,2045,2142,3146,3745,4939,5169,5993,7061,8560,8887,9540,9709,9862,9966,10410,11253,11263,11482,11677,11966,12244,12319,12469,13811,14208,14234,15982,16131,17219,17244,17516,17655,18256,18996,19854,19882,20056,20257,20767,21864,22348,22681,23002,23440,24305,25213,25394,26143,26600,27113,27247,27673,27932,28228,28292,28331,30363,30669,30778,30867,31223,31600,32037,32583,32886,33163,34204,34541,34851,34894,34953,35037,35306,35806,38684,38758,39516,39653,40083,40867,41229,41641,41706,42599,43257,43352,43995,49764,51599,53943,56502,56737,56874,57044,57398,57513,57707,58204,58212,58272,58277,58280,58331,58456,58851-58852,58856,59059-59060,59215,59416,59439,59497,59561,59714,59862,59915,60035,60043,60151,60242,60280,60400,60613,60667,60731,60852,61089,61091,61242,61248,61391-61392,61573,61575,61774,61776,61800,61825,61855,61857,61909-61910,61970,61973,62026,62029,62033,62096,62675,62733-62734,62786,62788,62835,62986,63143,63198,63260,63516,63610,69380,70248::1;1::3634,5186,5820,6186,6335,6762,7154,8264,8941,10690,10717-10718,10895,10915,10995,11294,11309,11320,11338,11348,11363,11402,11408,11418,11421,11446,11458,11523,11638,11693,12033,12223,12227,12273,12320,12454,12460,12482,12484,12490,12501,12516,12518,12523,12536,12539,12584,12727,12750,12783,13002,13162,13205,13208,13216,13268,13274,13334,13391,13396,13411,13435,13446,13463,13485,13495,13505,13727,13804,13809,13855,13864,13877,13882,13885,14015,14037,14046,14053,14060,14109,14122,14314,14329,14348,14508,14804,14833,14879,14919,15291,15568,15846,15957,16162,16217,16247,16313,16477,16791,16849,17029,17323,17676,17711,18607,18715,19220,19230,19620,19803,20807,23017,23660,23819,25808,25857,27889,28743,30380,41453,41466,41554,41952,42329,42334,42399,42561,42632,42646,42787,43012,43036,43412,43540,43678,43688,43881,44302,44699,44760,44782,45731,47181,48106-48107,48138,48155,48169-48170,48175,48180-48182,48191,48202,48204-48205,48355,48366,48382,48426,48701,48758,48896,49391,49393,49566,50004::2;1::274,2698,5398,6583,6785,6871,7021,7952,9479,13418,13626,13724,14500,16491,17823,18199,18203,19774,19840,22411,22592,22928,23871,24032,24109,25655,28231,30538,30541,30594,30606,30609,30612,32073,32078,33208,33896,33938,34665,34900,34951,35154,35296,35873,36210,36317,38641,38937,38998,40227,40503,40574,41311,41456,42573,44646,44655,44697,44701,44750,44795,44800,44803,44897,44970,45033,45540,47045,48233,48857,48952,49079,49133,49211,49326,49372,49467,49626,49792,49833,49968,50137,50147,50246,50297,50331,50671,50811,50819-50820,50822,50826,50829,50843,50845-50846,50851-50852,50855,50870-50871,51232,51348,51632,51634,51667-51668,52691,52881,54794,55086,55222,55224,55273,55696,55794,55902,55932,55946,56052,56060,56112,56263,56467,59878,59926,64053,64057,64164,64499,66209,66318,66532,66838,66979,67168,67789-67790,67892-67893,68055,68353,68674,68818-68819,68864,68944,69043,69145-69146,70343,70345,70347,70387,70661,70667,70671,70678,70693,70932,71087,71402,71452,71679,71682,71907,71955,72148,72816,72849::3;1::30949-30950,30952,30954,30958-30960,30962-30964,30966-30968,30970-30971,30973,30977-30983,41509-41511,41513,41649,43867,43870-43875,43877-43880,43883-43886,43890,43892-43893,43984,44422,44472,44530,47092,57826,57831-57832,57838-57841,57845-57846,57850,57852-57853,57857,57860,57862,57866,57873,57881-57882,57886-57887,57891-57892,57896-57897,57899,57902,57904-57905,57907,57909,57945-57946,57948,58050,58052-58054,58056-58057,58084-58085,58161,58219-58224,58226-58227,58288,58338,58340,58390-58392,58394-58397,58460,58524-58526,58641-58643,58701-58702,58744,58746-58747,58873-58874,58876,58878-58883,58885-58889,58891-58895,58897-58901,58975,58977-58978,59068-59071,59120,59230-59232,59237,59333,59667,59723,59725,59821,59975,60054,60061,60068::4;1::1550,2993,3499,3538,4959,4982,6433,6618,6979,8663,9485,10800,11681,11691,13196,16182,18197,24392,27469,33289,34206,39955,41097,43845,46936-46937,49570,55272,55730,56212,58030,58064,58411,58543,60621,60866,60955,60998,61102,61209,61356,61410-61411,61521,61592,61739,61867,62046,62082,62218,62527,63067,72852::5;
lumisParentRange : 
Basename : /store/user/mario/QCD_Pt_80_170_EMEnriched_TuneZ2star_8TeV_pythia6/Summer12-stop-pfele-step1/3d176ac8da5e9dff208d057f4733ca91/tuple_
BasenameParent : 
parentFiles : 
inputBlocks : /QCD_Pt_80_170_EMEnriched_TuneZ2star_8TeV_pythia6/mario-Summer12-stop-pfele-step1-3d176ac8da5e9dff208d057f4733ca91/USER#9216e99b-2283-40ce-bb31-2ef67f52afd8
inputFiles : 330_10_Rk3.root::1::EDM::Local::1;178_10_REd.root::1::EDM::Local::2;307_9_hYL.root::1::EDM::Local::3;239_9_uoS.root::1::EDM::Local::4;309_9_HU0.root::1::EDM::Local::5;
Popularity stop
Extracted ExitStatus from FrameworkJobReport parsing output: 0
>>> Executable succeded  0
ExeExitCode=0
EXECUTABLE_EXIT_STATUS = 0
>>> current directory /home/cms003/home_crce1_432111072/CREAM432111072/glide_K15942/execute/dir_21513/CMSSW_5_3_5
>>>  (SOFTWARE_DIR): /home/cms003/home_crce1_432111072/CREAM432111072/glide_K15942/execute/dir_21513/CMSSW_5_3_5
>>> (WORKING_DIR): 
>>> current directory content:
total 152
drwxr-xr-x 3 cms003 cms  4096 Nov 27 02:31 .SCRAM
-rw-r--r-- 1 cms003 cms 30066 Nov 27 02:31 CMSSW.py.pkl
drwxr-xr-x 3 cms003 cms  4096 Nov 27 02:31 bin
drwxr-xr-x 3 cms003 cms  4096 Nov 27 02:31 cfipython
drwxr-xr-x 5 cms003 cms  4096 Nov 27 02:31 config
-rw-r--r-- 1 cms003 cms    16 Nov 27 02:39 cpu_timing.txt
drwxr-xr-x 2 cms003 cms  4096 Nov 27 02:31 doc
-rw-r--r-- 1 cms003 cms 11714 Nov 27 02:38 executable.out
drwxr-xr-x 2 cms003 cms  4096 Nov 27 02:31 include
drwxrwxrwx 3 cms003 cms  4096 Oct 22 16:38 lib
drwxr-xr-x 3 cms003 cms  4096 Nov 27 02:31 logs
drwxr-xr-x 3 cms003 cms  4096 Nov 27 02:31 objs
-rw-r--r-- 1 cms003 cms 16921 Nov 27 02:38 optHistograms.root
-rw-r--r-- 1 cms003 cms   104 Nov 27 02:31 pset.py
-rw-r--r-- 1 cms003 cms 19497 Nov 27 02:31 pset.py.pkl
-rw-r--r-- 1 cms003 cms   289 Nov 27 02:31 pset.pyc
drwxr-xr-x 2 cms003 cms  4096 Nov 27 02:31 python
-rw-r--r-- 1 cms003 cms   414 Nov 27 02:39 report.log
drwxrwxrwx 4 cms003 cms  4096 Nov 27 02:31 src
drwxr-xr-x 3 cms003 cms  4096 Nov 27 02:31 test
drwxr-xr-x 3 cms003 cms  4096 Nov 27 02:31 tmp
>>> current directory /home/cms003/home_crce1_432111072/CREAM432111072/glide_K15942/execute/dir_21513/CMSSW_5_3_5
>>> (SOFTWARE_DIR): /home/cms003/home_crce1_432111072/CREAM432111072/glide_K15942/execute/dir_21513/CMSSW_5_3_5
>>> (WORKING_DIR): 
>>> current directory content:
total 132
drwxr-xr-x 3 cms003 cms  4096 Nov 27 02:31 .SCRAM
-rw-r--r-- 1 cms003 cms 30066 Nov 27 02:31 CMSSW.py.pkl
drwxr-xr-x 3 cms003 cms  4096 Nov 27 02:31 bin
drwxr-xr-x 3 cms003 cms  4096 Nov 27 02:31 cfipython
drwxr-xr-x 5 cms003 cms  4096 Nov 27 02:31 config
-rw-r--r-- 1 cms003 cms    16 Nov 27 02:39 cpu_timing.txt
drwxr-xr-x 2 cms003 cms  4096 Nov 27 02:31 doc
-rw-r--r-- 1 cms003 cms 11714 Nov 27 02:38 executable.out
drwxr-xr-x 2 cms003 cms  4096 Nov 27 02:31 include
drwxrwxrwx 3 cms003 cms  4096 Oct 22 16:38 lib
drwxr-xr-x 3 cms003 cms  4096 Nov 27 02:31 logs
drwxr-xr-x 3 cms003 cms  4096 Nov 27 02:31 objs
-rw-r--r-- 1 cms003 cms   104 Nov 27 02:31 pset.py
-rw-r--r-- 1 cms003 cms 19497 Nov 27 02:31 pset.py.pkl
-rw-r--r-- 1 cms003 cms   289 Nov 27 02:31 pset.pyc
drwxr-xr-x 2 cms003 cms  4096 Nov 27 02:31 python
-rw-r--r-- 1 cms003 cms   414 Nov 27 02:39 report.log
drwxrwxrwx 4 cms003 cms  4096 Nov 27 02:31 src
drwxr-xr-x 3 cms003 cms  4096 Nov 27 02:31 test
drwxr-xr-x 3 cms003 cms  4096 Nov 27 02:31 tmp
>>> current directory (RUNTIME_AREA):  /home/cms003/home_crce1_432111072/CREAM432111072/glide_K15942/execute/dir_21513
>>> current dir: /home/cms003/home_crce1_432111072/CREAM432111072/glide_K15942/execute/dir_21513
>>> current dir content:
total 25796
-rw-rw-rw-  1 cms003 cms     5569 Nov 27 02:30 .job.ad
-rw-rw-rw-  1 cms003 cms    11343 Nov 27 02:30 .machine.ad
-rw-rw-rw-  1 cms003 cms      105 Nov 27 01:30 CMSSW.py
-rw-rw-rw-  1 cms003 cms    30066 Nov 27 01:30 CMSSW.py.pkl
-rwxrw-rw-  1 cms003 cms    23339 Nov 27 02:31 CMSSW.sh
-rw-rw-rw-  1 cms003 cms        0 Nov 27 02:31 CMSSW_1.stderr
-rw-rw-rw-  1 cms003 cms    27829 Nov 27 02:39 CMSSW_1.stdout
drwxr-xr-x 15 cms003 cms     4096 Nov 27 02:39 CMSSW_5_3_5
-rw-r--r--  1 cms003 cms      347 Nov 27 02:31 CacheEnv.sh
-rw-rw-rw-  1 cms003 cms     7291 Jun  9  2010 DashboardAPI.py
-rw-r--r--  1 cms003 cms     6883 Nov 27 02:31 DashboardAPI.pyc
drwxrwxrwx  3 cms003 cms     4096 Nov 27 02:39 IMProv
-rw-rw-rw-  1 cms003 cms     2748 Mar  8  2006 Logger.py
-rw-r--r--  1 cms003 cms     3353 Nov 27 02:31 Logger.pyc
-rw-rw-rw-  1 cms003 cms    24524 Mar 28  2008 ProcInfo.py
-rw-r--r--  1 cms003 cms    23470 Nov 27 02:31 ProcInfo.pyc
drwxrwxrwx  7 cms003 cms     4096 Nov 27 02:31 ProdCommon
drwxrwxrwx  3 cms003 cms     4096 Nov 27 02:31 WMCore
-rw-r--r--  1 cms003 cms     2184 Nov 27 02:34 Watchdog_1.log
-rw-rw-rw-  1 cms003 cms    32895 Mar 28  2008 apmon.py
-rw-r--r--  1 cms003 cms    28874 Nov 27 02:31 apmon.pyc
-rw-rw-rw-  1 cms003 cms   104551 Nov 27 02:31 arguments.xml
-rwxrwxrwx  1 cms003 cms    37427 Sep 13 14:14 cmscp.py
-rwxrwxrwx  1 cms003 cms    23339 Nov 27 02:31 condor_exec.exe
-rw-rw-rw-  1 cms003 cms      545 Nov 27 01:30 crab.cfg
-rwxrwxrwx  1 cms003 cms     9531 Sep 20 21:46 crabWatchdog.sh
-rw-r--r--  1 cms003 cms    50123 Nov 27 02:38 crab_fjr_1.xml
-rw-rw-rw-  1 cms003 cms 25796294 Nov 27 02:31 default.tgz
-rwxrwxrwx  1 cms003 cms     4488 May 12  2012 fillCrabFjr.py
-rw-r--r--  1 cms003 cms      942 Nov 27 02:31 inputsReport.txt
-rw-r--r--  1 cms003 cms      130 Nov 27 02:39 jobreport.txt
lrwxrwxrwx  1 cms003 cms      106 Nov 27 02:39 optHistograms.root -> /home/cms003/home_crce1_432111072/CREAM432111072/glide_K15942/execute/dir_21513/optHistograms_1_1_1h3.root
-rw-r--r--  1 cms003 cms    16921 Nov 27 02:38 optHistograms_1_1_1h3.root
-rw-rw-rw-  1 cms003 cms    17352 Jan 20  2012 parseCrabFjr.py
-rw-r--r--  1 cms003 cms      282 Nov 27 02:31 report.log
-rwxrwxrwx  1 cms003 cms     1497 May 27  2009 report.py
-rwxrwxrwx  1 cms003 cms     8387 Mar 23  2011 writeCfg.py
-rw-------  1 cms003 cms     8687 Nov 27 02:30 x509up_u1000009
Checking output files:  
will tar file optHistograms_1_1_1h3.root in  out_files_1
will tar file crab_fjr_1.xml in  out_files_1
will tar file CMSSW_1.stdout in  out_files_1
will tar file CMSSW_1.stderr in  out_files_1
WARNING: output file Watchdog_1.log.gz not found!
>>> padding time: Sleeping the wrapper for 111 seconds
STOPPING WATCHDOG. CrabWatchdog PID is 24814
********** LAST 50 LINES OF WATCHDOG LOG
# RESOURCE USAGE SUMMARY FOR PROCESS ID 21531
USER       PID %CPU %MEM    VSZ   RSS TTY      STAT START   TIME COMMAND
cms003   21531  0.1  0.0   8956  1484 ?        S    02:31   0:00 /bin/sh /home/cms003/home_crce1_432111072/CREAM432111072/glide_K15942/execute/dir_21513/condor_exec.exe 1 1
 
# LIMITS USED BY THIS WATCHDOG:
# RSS  (KBytes)  : 2300000
# VSZ  (KBytes)  : 100000000
# DISK (MBytes)  : 19000
# CPU  (seconds) : 171600
# WALL (seconds) : 171600
 
# FOLLOWING PRINTOUT TRACKS MAXIMUM VALUES OF RESOURCES USE
# ONE LINE IS PRINTED EACH TIME A MAXIMUM CHANGES
# IF CHANGE WAS IN RSS OR VSZ ALSO PROCID AND COMMAND ARE PRINTED
# THERE IS NO PRINTOUT FOR CPU/WALL TIME INCREASE
 
# TIME			PID	RSS(KB)	VSZ(KB)	Dsk(MB)	tCPU(s)	tWALL(s)	COMMAND
 Nov 27 02:31:25 EET	15800	1320	8896	0	0	524	-bash         
 Nov 27 02:31:25 EET	15829	1492	8952	0	0	526	/bin/sh -l ./CREAM432111072_jobWrapper.sh       
 Nov 27 02:31:25 EET	15889	2676	25504	0	0	526	perl -e ?use Socket;??sub send_notify {? $cream_url = "193.40.150.141:49152";die "No
 Nov 27 02:31:25 EET	21511	3656	25504	0	0	40	condor_procd -A /home/cms003/home_crce1_432111072/CREAM432111072/glide_K15942/log/procd_address.STARTD -L /home/cms003/home_crce1_432111072/CREAM432111072/glide_K15942/log/ProcLog.STARTD -R 10000000 -S 60 -C
 Nov 27 02:31:25 EET	21513	5304	25504	0	0	41	condor_starter -f submit-2.t2.ucsd.edu       
 Nov 27 02:31:25 EET	24766	6016	25504	0	0	515	/home/cms003/home_crce1_432111072/CREAM432111072/glide_K15942/main/condor/sbin/condor_master -f -pidfile /home/cms003/home_crce1_432111072/CREAM432111072/glide_K15942/condor_master2.pid      
 Nov 27 02:31:25 EET	---	6016	25504	168	----	----	----
 Nov 27 02:32:37 EET	351	245828	380288	168	9	45	cmsRun -j /home/cms003/home_crce1_432111072/CREAM432111072/glide_K15942/execute/dir_21513/crab_fjr_1.xml -p pset.py     
 Nov 27 02:33:45 EET	351	354780	556136	168	46	113	cmsRun -j /home/cms003/home_crce1_432111072/CREAM432111072/glide_K15942/execute/dir_21513/crab_fjr_1.xml -p pset.py     
 Nov 27 02:34:55 EET	351	359600	557928	168	88	182	cmsRun -j /home/cms003/home_crce1_432111072/CREAM432111072/glide_K15942/execute/dir_21513/crab_fjr_1.xml -p pset.py     
 Nov 27 02:39:33 EET	---	359600	557928	169	----	----	----
********** WATCHDOG LOG ENDED
ZIPPING WATCHDOG LOG
Disk space used:
du -sh /home/cms003/home_crce1_432111072/CREAM432111072/glide_K15942/execute/dir_21513
169M	/home/cms003/home_crce1_432111072/CREAM432111072/glide_K15942/execute/dir_21513
>>> info for dashboard:
***** Cat /home/cms003/home_crce1_432111072/CREAM432111072/glide_K15942/execute/dir_21513/jobreport.txt *****
MonitorJobID=1_https://submit-2.t2.ucsd.edu//121127//17531.0
MonitorID=liis_crab_0_121127_013010_p7r30o
ExeTime=431
ExeExitCode=0
CrabUserCpuTime=223.56
CrabSysCpuTime=9.58
CrabCpuPercentage=54%
CrabWrapperTime=600
CrabStageoutTime=NULL
***** End Cat jobreport *****
Parameters sent to Dashboard.
optHistograms_1_1_1h3.root
crab_fjr_1.xml
CMSSW_1.stdout
CMSSW_1.stderr
Watchdog_1.log.gz
tar: .BrokerInfo: Cannot stat: No such file or directory
tar: Error exit delayed from previous errors
Total Output dimension: 27118
WARNING: output files size limit is set to: 50000000
Total Output dimension 27118 is fine.
JOB_EXIT_STATUS = 0
>>> info for dashboard:
***** Cat /home/cms003/home_crce1_432111072/CREAM432111072/glide_K15942/execute/dir_21513/jobreport.txt *****
MonitorJobID=1_https://submit-2.t2.ucsd.edu//121127//17531.0
MonitorID=liis_crab_0_121127_013010_p7r30o
JobExitCode=0
***** End Cat jobreport *****
Parameters sent to Dashboard.
optHistograms_1_1_1h3.root
crab_fjr_1.xml
