This script was generated by crab (version 2.8.3).
Running /home/cms019/home_crmrs_463898442/CREAM463898442/glide_s12417/execute/dir_2790/condor_exec.exe with 2 positional parameters: 11 1
Today is Tue Nov 27 02:31:12 EET 2012
Job submitted on host wn-v-5204.local
Linux wn-v-5204.local 2.6.32-042stab059.7 #1 SMP Tue Jul 24 19:12:01 MSK 2012 x86_64 x86_64 x86_64 GNU/Linux
>>> current directory (RUNTIME_AREA): /home/cms019/home_crmrs_463898442/CREAM463898442/glide_s12417/execute/dir_2790
>>> current user: uid=11019(cms019) gid=1400(cms) groups=1400(cms)
>>> voms proxy information:
subject   : /DC=ch/DC=cern/OU=Organic Units/OU=Users/CN=liis/CN=663550/CN=Liis Rebane/CN=proxy/CN=limited proxy
issuer    : /DC=ch/DC=cern/OU=Organic Units/OU=Users/CN=liis/CN=663550/CN=Liis Rebane/CN=proxy
identity  : /DC=ch/DC=cern/OU=Organic Units/OU=Users/CN=liis/CN=663550/CN=Liis Rebane/CN=proxy
type      : limited proxy
strength  : 512 bits
path      : /home/cms019/home_crmrs_463898442/CREAM463898442/glide_s12417/execute/dir_2790/x509up_u1000009
timeleft  : 23:59:45
key usage : Digital Signature, Key Encipherment, Data Encipherment
=== VO cms extension information ===
VO        : cms
subject   : /DC=ch/DC=cern/OU=Organic Units/OU=Users/CN=liis/CN=663550/CN=Liis Rebane
issuer    : /DC=ch/DC=cern/OU=computers/CN=lcg-voms.cern.ch
attribute : /cms/Role=NULL/Capability=NULL
timeleft  : 190:54:25
uri       : lcg-voms.cern.ch:15002
>>> tar xzf /home/cms019/home_crmrs_463898442/CREAM463898442/glide_s12417/execute/dir_2790/default.tgz :
Successful untar
>>> Include /home/cms019/home_crmrs_463898442/CREAM463898442/glide_s12417/execute/dir_2790 in PYTHONPATH:
strip arguments
env var CRAB_UNIQUE_JOB_ID set to: liis_crab_0_121127_013010_p7r30o_11_1_mAu
out_files_11
>>> list of expected files on output sandbox
output files: optHistograms_11_1_mAu.root crab_fjr_11.xml CMSSW_11.stdout CMSSW_11.stderr Watchdog_11.log.gz
>>> GridFlavour discovery: 
GridFlavour=LCG
>>> SyncSite discovery: 
SyncSite=T2_EE_Estonia
>>> SyncCE discovery: 
getting SyncCE from CE_ID
SyncCE=mars.hep.kbfi.ee:8443/cream-pbs-long
>>> info for dashboard:
***** Cat /home/cms019/home_crmrs_463898442/CREAM463898442/glide_s12417/execute/dir_2790/jobreport.txt *****
MonitorJobID=11_https://submit-2.t2.ucsd.edu//121127//17531.10
SyncGridJobId=https://submit-2.t2.ucsd.edu//121127//17531.10
MonitorID=liis_crab_0_121127_013010_p7r30o
GridFlavour=LCG
SyncSite=T2_EE_Estonia
SyncCE=mars.hep.kbfi.ee:8443/cream-pbs-long
***** End Cat jobreport *****
Parameters sent to Dashboard.
>>> setup environment
set SCRAM ARCH to slc5_amd64_gcc462
SCRAM_ARCH = slc5_amd64_gcc462
>>> setup CMS LCG environment:
set SCRAM ARCH and BUILD_ARCH to slc5_amd64_gcc462 ###
Sourcing environment... 
sourcing /cvmfs/cms.cern.ch/cmsset_default.sh
==> setup cms environment ok
>>> specific cmssw setup environment:
CMSSW_VERSION =  CMSSW_5_3_5
>>> current directory (SOFTWARE_DIR): /home/cms019/home_crmrs_463898442/CREAM463898442/glide_s12417/execute/dir_2790/CMSSW_5_3_5
PreserveSeeds: <>
IncrementSeeds:<>
{}
WNHostName=wn-v-5204.local
>>> info for dashboard:
***** Cat /home/cms019/home_crmrs_463898442/CREAM463898442/glide_s12417/execute/dir_2790/jobreport.txt *****
MonitorJobID=11_https://submit-2.t2.ucsd.edu//121127//17531.10
MonitorID=liis_crab_0_121127_013010_p7r30o
WNHostName=wn-v-5204.local
***** End Cat jobreport *****
Parameters sent to Dashboard.
crabWatchdog started as process 8541
>>> moving CMSSW software directories in /home/cms019/home_crmrs_463898442/CREAM463898442/glide_s12417/execute/dir_2790/CMSSW_5_3_5
mv: cannot stat `/home/cms019/home_crmrs_463898442/CREAM463898442/glide_s12417/execute/dir_2790/module/': No such file or directory
>>> Include /home/cms019/home_crmrs_463898442/CREAM463898442/glide_s12417/execute/dir_2790 in PYTHONPATH:
PYTHONPATH=/home/cms019/home_crmrs_463898442/CREAM463898442/glide_s12417/execute/dir_2790/:/home/cms019/home_crmrs_463898442/CREAM463898442/glide_s12417/execute/dir_2790/CMSSW_5_3_5/python:/home/cms019/home_crmrs_463898442/CREAM463898442/glide_s12417/execute/dir_2790/CMSSW_5_3_5/lib/slc5_amd64_gcc462:/cvmfs/cms.cern.ch/slc5_amd64_gcc462/cms/cmssw/CMSSW_5_3_5/python:/cvmfs/cms.cern.ch/slc5_amd64_gcc462/cms/cmssw/CMSSW_5_3_5/lib/slc5_amd64_gcc462:/cvmfs/cms.cern.ch/slc5_amd64_gcc462/cms/coral/CORAL_2_3_21-cms27/slc5_amd64_gcc462/python:/cvmfs/cms.cern.ch/slc5_amd64_gcc462/cms/coral/CORAL_2_3_21-cms27/slc5_amd64_gcc462/lib:/cvmfs/cms.cern.ch/slc5_amd64_gcc462/external/pyqt/4.8.1/lib/python2.6/site-packages:/cvmfs/cms.cern.ch/slc5_amd64_gcc462/external/py2-scipy/0.8.0/lib/python2.6/site-packages:/cvmfs/cms.cern.ch/slc5_amd64_gcc462/external/py2-matplotlib/1.0.1/lib/python2.6/site-packages:/cvmfs/cms.cern.ch/slc5_amd64_gcc462/external/python-ldap/2.3.5/lib/python2.6/site-packages:/cvmfs/cms.cern.ch/slc5_amd64_gcc462/external/sip/4.11.2/lib/python2.6/site-packages:/cvmfs/cms.cern.ch/slc5_amd64_gcc462/external/py2-pycurl/7.19.0/lib/python2.6/site-packages:/cvmfs/cms.cern.ch/slc5_amd64_gcc462/external/py2-numpy/1.6.1/lib/python2.6/site-packages:/cvmfs/cms.cern.ch/slc5_amd64_gcc462/external/py2-ipython/0.10/lib/python2.6/site-packages:/cvmfs/cms.cern.ch/slc5_amd64_gcc462/external/py2-cx-oracle/5.1-cms11/lib/python2.6/site-packages:/cvmfs/cms.cern.ch/slc5_amd64_gcc462/external/py2-cjson/1.0.5/lib/python2.6/site-packages:/cvmfs/cms.cern.ch/slc5_amd64_gcc462/cms/das-client/1.4.1-cms8/bin:/cvmfs/cms.cern.ch/slc5_amd64_gcc462/external/elementtree/1.2.6/share/lib/python2.6/site-packages:/cvmfs/cms.cern.ch/slc5_amd64_gcc462/external/rivet/1.5.1-cms10/lib/python2.6/site-packages:/cvmfs/cms.cern.ch/slc5_amd64_gcc462/external/pyminuit2/0.0.1-cms34/lib/python2.6/site-packages:/cvmfs/cms.cern.ch/slc5_amd64_gcc462/external/professor/1.0.0-cms35/lib/python2.6/site-packages:/cvmfs/cms.cern.ch/slc5_amd64_gcc462/lcg/root/5.32.00-cms18/lib:/cvmfs/cms.cern.ch/slc5_amd64_gcc462/cms/dbs-client/DBS_2_1_1_patch1_1/lib:/cvmfs/cms.cern.ch/slc5_amd64_gcc462/cms/dbs-client/DBS_2_1_1_patch1_1/lib/DBSAPI:/home/cms019/home_crmrs_463898442/CREAM463898442/glide_s12417/execute/dir_2790/
241a2a19cb7c5c8751ba22759ab3bdb0
PSETHASH = 241a2a19cb7c5c8751ba22759ab3bdb0
/home/cms019/home_crmrs_463898442/CREAM463898442/glide_s12417/execute/dir_2790/writeCfg.py pset.py pset.py
Importing .py file
Setting parameters
inputBlocks=/QCD_Pt_80_170_EMEnriched_TuneZ2star_8TeV_pythia6/mario-Summer12-stop-pfele-step1-3d176ac8da5e9dff208d057f4733ca91/USER#1edbd789-8e01-4834-bf44-0c1d693a4b92
inputFiles=/store/user/mario/QCD_Pt_80_170_EMEnriched_TuneZ2star_8TeV_pythia6/Summer12-stop-pfele-step1/3d176ac8da5e9dff208d057f4733ca91/tuple_227_7_yuY.root;/store/user/mario/QCD_Pt_80_170_EMEnriched_TuneZ2star_8TeV_pythia6/Summer12-stop-pfele-step1/3d176ac8da5e9dff208d057f4733ca91/tuple_228_3_a3Z.root;/store/user/mario/QCD_Pt_80_170_EMEnriched_TuneZ2star_8TeV_pythia6/Summer12-stop-pfele-step1/3d176ac8da5e9dff208d057f4733ca91/tuple_229_7_l4O.root;/store/user/mario/QCD_Pt_80_170_EMEnriched_TuneZ2star_8TeV_pythia6/Summer12-stop-pfele-step1/3d176ac8da5e9dff208d057f4733ca91/tuple_230_7_8jn.root;/store/user/mario/QCD_Pt_80_170_EMEnriched_TuneZ2star_8TeV_pythia6/Summer12-stop-pfele-step1/3d176ac8da5e9dff208d057f4733ca91/tuple_231_5_RyK.root
parentFiles=
lumisRange=
>>> Executable cmsRun
/cvmfs/cms.cern.ch/slc5_amd64_gcc462/cms/cmssw/CMSSW_5_3_5/bin/slc5_amd64_gcc462/cmsRun
ok executable found
>>> info for dashboard:
***** Cat /home/cms019/home_crmrs_463898442/CREAM463898442/glide_s12417/execute/dir_2790/jobreport.txt *****
MonitorJobID=11_https://submit-2.t2.ucsd.edu//121127//17531.10
MonitorID=liis_crab_0_121127_013010_p7r30o
ExeStart=cmsRun
***** End Cat jobreport *****
Parameters sent to Dashboard.
>>> cmsRun started at Tue Nov 27 00:31:32 UTC 2012
>>> cmsRun ended at Tue Nov 27 00:40:04 UTC 2012
>>> info for dashboard:
***** Cat /home/cms019/home_crmrs_463898442/CREAM463898442/glide_s12417/execute/dir_2790/jobreport.txt *****
MonitorJobID=11_https://submit-2.t2.ucsd.edu//121127//17531.10
MonitorID=liis_crab_0_121127_013010_p7r30o
ExeEnd=cmsRun
***** End Cat jobreport *****
Parameters sent to Dashboard.
TIME_EXE = 512 sec
>>> cmsRun wrote 103 lines of stdout+stderr
>>> START OF printout of 103 lines from stdout+stderr
27-Nov-2012 02:32:00 EET  Initiating request to open file file:/hdfs/cms/store/user/mario/QCD_Pt_80_170_EMEnriched_TuneZ2star_8TeV_pythia6/Summer12-stop-pfele-step1/3d176ac8da5e9dff208d057f4733ca91/tuple_227_7_yuY.root
27-Nov-2012 02:32:15 EET  Successfully opened file file:/hdfs/cms/store/user/mario/QCD_Pt_80_170_EMEnriched_TuneZ2star_8TeV_pythia6/Summer12-stop-pfele-step1/3d176ac8da5e9dff208d057f4733ca91/tuple_227_7_yuY.root
Begin processing the 1st record. Run 1, Event 197336989, LumiSection 63290 at 27-Nov-2012 02:32:34.193 EET
Begin processing the 1001st record. Run 1, Event 200481734, LumiSection 64299 at 27-Nov-2012 02:32:44.654 EET
Begin processing the 2001st record. Run 1, Event 196360253, LumiSection 62977 at 27-Nov-2012 02:32:49.145 EET
Begin processing the 3001st record. Run 1, Event 196357220, LumiSection 62976 at 27-Nov-2012 02:32:58.282 EET
Begin processing the 4001st record. Run 1, Event 196510354, LumiSection 63025 at 27-Nov-2012 02:33:01.589 EET
Begin processing the 5001st record. Run 1, Event 196798318, LumiSection 63117 at 27-Nov-2012 02:33:07.415 EET
Begin processing the 6001st record. Run 1, Event 203995321, LumiSection 65426 at 27-Nov-2012 02:33:11.675 EET
Begin processing the 7001st record. Run 1, Event 191039703, LumiSection 61270 at 27-Nov-2012 02:33:14.630 EET
Begin processing the 8001st record. Run 1, Event 193113902, LumiSection 61936 at 27-Nov-2012 02:33:19.037 EET
Begin processing the 9001st record. Run 1, Event 194989154, LumiSection 62537 at 27-Nov-2012 02:33:22.926 EET
Begin processing the 10001st record. Run 1, Event 198402957, LumiSection 63632 at 27-Nov-2012 02:33:29.217 EET
Begin processing the 11001st record. Run 1, Event 56644627, LumiSection 18167 at 27-Nov-2012 02:33:32.754 EET
Begin processing the 12001st record. Run 1, Event 57905589, LumiSection 18572 at 27-Nov-2012 02:33:36.189 EET
27-Nov-2012 02:33:41 EET  Closed file file:/hdfs/cms/store/user/mario/QCD_Pt_80_170_EMEnriched_TuneZ2star_8TeV_pythia6/Summer12-stop-pfele-step1/3d176ac8da5e9dff208d057f4733ca91/tuple_227_7_yuY.root
27-Nov-2012 02:33:41 EET  Initiating request to open file file:/hdfs/cms/store/user/mario/QCD_Pt_80_170_EMEnriched_TuneZ2star_8TeV_pythia6/Summer12-stop-pfele-step1/3d176ac8da5e9dff208d057f4733ca91/tuple_228_3_a3Z.root
27-Nov-2012 02:33:41 EET  Successfully opened file file:/hdfs/cms/store/user/mario/QCD_Pt_80_170_EMEnriched_TuneZ2star_8TeV_pythia6/Summer12-stop-pfele-step1/3d176ac8da5e9dff208d057f4733ca91/tuple_228_3_a3Z.root
Begin processing the 13001st record. Run 1, Event 64071596, LumiSection 20549 at 27-Nov-2012 02:33:56.920 EET
Begin processing the 14001st record. Run 1, Event 64542434, LumiSection 20700 at 27-Nov-2012 02:34:00.269 EET
Begin processing the 15001st record. Run 1, Event 66362198, LumiSection 21284 at 27-Nov-2012 02:34:03.319 EET
Begin processing the 16001st record. Run 1, Event 138174087, LumiSection 44315 at 27-Nov-2012 02:34:08.851 EET
Begin processing the 17001st record. Run 1, Event 73469644, LumiSection 23564 at 27-Nov-2012 02:34:12.287 EET
Begin processing the 18001st record. Run 1, Event 149742506, LumiSection 48026 at 27-Nov-2012 02:34:18.422 EET
Begin processing the 19001st record. Run 1, Event 76215919, LumiSection 24444 at 27-Nov-2012 02:34:22.007 EET
Begin processing the 20001st record. Run 1, Event 106521287, LumiSection 34164 at 27-Nov-2012 02:34:28.220 EET
Begin processing the 21001st record. Run 1, Event 107348072, LumiSection 34429 at 27-Nov-2012 02:34:32.036 EET
Begin processing the 22001st record. Run 1, Event 107560200, LumiSection 34497 at 27-Nov-2012 02:34:34.925 EET
Begin processing the 23001st record. Run 1, Event 120189064, LumiSection 38547 at 27-Nov-2012 02:34:41.070 EET
Begin processing the 24001st record. Run 1, Event 113281950, LumiSection 36332 at 27-Nov-2012 02:34:44.864 EET
Begin processing the 25001st record. Run 1, Event 138190771, LumiSection 44321 at 27-Nov-2012 02:34:51.860 EET
Begin processing the 26001st record. Run 1, Event 140350791, LumiSection 45014 at 27-Nov-2012 02:34:55.189 EET
Begin processing the 27001st record. Run 1, Event 140477508, LumiSection 45054 at 27-Nov-2012 02:34:58.744 EET
Begin processing the 28001st record. Run 1, Event 141837573, LumiSection 45490 at 27-Nov-2012 02:35:03.565 EET
27-Nov-2012 02:35:06 EET  Closed file file:/hdfs/cms/store/user/mario/QCD_Pt_80_170_EMEnriched_TuneZ2star_8TeV_pythia6/Summer12-stop-pfele-step1/3d176ac8da5e9dff208d057f4733ca91/tuple_228_3_a3Z.root
27-Nov-2012 02:35:06 EET  Initiating request to open file file:/hdfs/cms/store/user/mario/QCD_Pt_80_170_EMEnriched_TuneZ2star_8TeV_pythia6/Summer12-stop-pfele-step1/3d176ac8da5e9dff208d057f4733ca91/tuple_229_7_l4O.root
27-Nov-2012 02:35:06 EET  Successfully opened file file:/hdfs/cms/store/user/mario/QCD_Pt_80_170_EMEnriched_TuneZ2star_8TeV_pythia6/Summer12-stop-pfele-step1/3d176ac8da5e9dff208d057f4733ca91/tuple_229_7_l4O.root
Begin processing the 29001st record. Run 1, Event 144288265, LumiSection 46276 at 27-Nov-2012 02:35:41.515 EET
Begin processing the 30001st record. Run 1, Event 220071825, LumiSection 70582 at 27-Nov-2012 02:35:46.750 EET
Begin processing the 31001st record. Run 1, Event 220088476, LumiSection 70587 at 27-Nov-2012 02:35:54.075 EET
Begin processing the 32001st record. Run 1, Event 80761304, LumiSection 25902 at 27-Nov-2012 02:36:00.976 EET
Begin processing the 33001st record. Run 1, Event 77577509, LumiSection 24881 at 27-Nov-2012 02:36:05.457 EET
Begin processing the 34001st record. Run 1, Event 80406436, LumiSection 25788 at 27-Nov-2012 02:36:11.988 EET
Begin processing the 35001st record. Run 1, Event 97828345, LumiSection 31376 at 27-Nov-2012 02:36:15.639 EET
Begin processing the 36001st record. Run 1, Event 97874619, LumiSection 31391 at 27-Nov-2012 02:36:19.528 EET
Begin processing the 37001st record. Run 1, Event 97968760, LumiSection 31421 at 27-Nov-2012 02:36:28.969 EET
Begin processing the 38001st record. Run 1, Event 98073698, LumiSection 31455 at 27-Nov-2012 02:36:34.983 EET
Begin processing the 39001st record. Run 1, Event 138574013, LumiSection 44444 at 27-Nov-2012 02:36:41.019 EET
Begin processing the 40001st record. Run 1, Event 128504818, LumiSection 41214 at 27-Nov-2012 02:36:45.978 EET
Begin processing the 41001st record. Run 1, Event 124615471, LumiSection 39967 at 27-Nov-2012 02:36:51.131 EET
Begin processing the 42001st record. Run 1, Event 176822199, LumiSection 56711 at 27-Nov-2012 02:36:58.227 EET
Begin processing the 43001st record. Run 1, Event 177122899, LumiSection 56807 at 27-Nov-2012 02:37:01.569 EET
Begin processing the 44001st record. Run 1, Event 183694760, LumiSection 58915 at 27-Nov-2012 02:37:11.063 EET
Begin processing the 45001st record. Run 1, Event 189269444, LumiSection 60703 at 27-Nov-2012 02:37:16.676 EET
27-Nov-2012 02:37:17 EET  Closed file file:/hdfs/cms/store/user/mario/QCD_Pt_80_170_EMEnriched_TuneZ2star_8TeV_pythia6/Summer12-stop-pfele-step1/3d176ac8da5e9dff208d057f4733ca91/tuple_229_7_l4O.root
27-Nov-2012 02:37:17 EET  Initiating request to open file file:/hdfs/cms/store/user/mario/QCD_Pt_80_170_EMEnriched_TuneZ2star_8TeV_pythia6/Summer12-stop-pfele-step1/3d176ac8da5e9dff208d057f4733ca91/tuple_230_7_8jn.root
27-Nov-2012 02:37:17 EET  Successfully opened file file:/hdfs/cms/store/user/mario/QCD_Pt_80_170_EMEnriched_TuneZ2star_8TeV_pythia6/Summer12-stop-pfele-step1/3d176ac8da5e9dff208d057f4733ca91/tuple_230_7_8jn.root
Begin processing the 46001st record. Run 1, Event 192924023, LumiSection 61875 at 27-Nov-2012 02:37:46.907 EET
Begin processing the 47001st record. Run 1, Event 193489508, LumiSection 62056 at 27-Nov-2012 02:37:51.214 EET
Begin processing the 48001st record. Run 1, Event 193688812, LumiSection 62120 at 27-Nov-2012 02:37:59.846 EET
Begin processing the 49001st record. Run 1, Event 196342858, LumiSection 62971 at 27-Nov-2012 02:38:03.928 EET
Begin processing the 50001st record. Run 1, Event 192975355, LumiSection 61891 at 27-Nov-2012 02:38:08.063 EET
Begin processing the 51001st record. Run 1, Event 49669335, LumiSection 15930 at 27-Nov-2012 02:38:15.318 EET
Begin processing the 52001st record. Run 1, Event 49882553, LumiSection 15999 at 27-Nov-2012 02:38:20.165 EET
Begin processing the 53001st record. Run 1, Event 65919941, LumiSection 21142 at 27-Nov-2012 02:38:25.769 EET
Begin processing the 54001st record. Run 1, Event 66958655, LumiSection 21475 at 27-Nov-2012 02:38:29.434 EET
Begin processing the 55001st record. Run 1, Event 67890504, LumiSection 21774 at 27-Nov-2012 02:38:32.604 EET
Begin processing the 56001st record. Run 1, Event 110203632, LumiSection 35345 at 27-Nov-2012 02:38:37.335 EET
Begin processing the 57001st record. Run 1, Event 111426777, LumiSection 35737 at 27-Nov-2012 02:38:40.818 EET
Begin processing the 58001st record. Run 1, Event 132583244, LumiSection 42522 at 27-Nov-2012 02:38:47.793 EET
Begin processing the 59001st record. Run 1, Event 133318381, LumiSection 42758 at 27-Nov-2012 02:38:52.120 EET
Begin processing the 60001st record. Run 1, Event 37776247, LumiSection 12116 at 27-Nov-2012 02:38:56.271 EET
Begin processing the 61001st record. Run 1, Event 38326453, LumiSection 12292 at 27-Nov-2012 02:38:59.196 EET
27-Nov-2012 02:39:00 EET  Closed file file:/hdfs/cms/store/user/mario/QCD_Pt_80_170_EMEnriched_TuneZ2star_8TeV_pythia6/Summer12-stop-pfele-step1/3d176ac8da5e9dff208d057f4733ca91/tuple_230_7_8jn.root
27-Nov-2012 02:39:00 EET  Initiating request to open file file:/hdfs/cms/store/user/mario/QCD_Pt_80_170_EMEnriched_TuneZ2star_8TeV_pythia6/Summer12-stop-pfele-step1/3d176ac8da5e9dff208d057f4733ca91/tuple_231_5_RyK.root
27-Nov-2012 02:39:01 EET  Successfully opened file file:/hdfs/cms/store/user/mario/QCD_Pt_80_170_EMEnriched_TuneZ2star_8TeV_pythia6/Summer12-stop-pfele-step1/3d176ac8da5e9dff208d057f4733ca91/tuple_231_5_RyK.root
Begin processing the 62001st record. Run 1, Event 62373262, LumiSection 20005 at 27-Nov-2012 02:39:28.060 EET
Begin processing the 63001st record. Run 1, Event 63256407, LumiSection 20288 at 27-Nov-2012 02:39:31.466 EET
Begin processing the 64001st record. Run 1, Event 123396378, LumiSection 39576 at 27-Nov-2012 02:39:36.934 EET
Begin processing the 65001st record. Run 1, Event 67930518, LumiSection 21787 at 27-Nov-2012 02:39:40.179 EET
Begin processing the 66001st record. Run 1, Event 70571310, LumiSection 22634 at 27-Nov-2012 02:39:43.553 EET
Begin processing the 67001st record. Run 1, Event 105708584, LumiSection 33903 at 27-Nov-2012 02:39:50.036 EET
Begin processing the 68001st record. Run 1, Event 105298528, LumiSection 33772 at 27-Nov-2012 02:39:54.456 EET
Begin processing the 69001st record. Run 1, Event 113178074, LumiSection 36299 at 27-Nov-2012 02:39:59.256 EET
27-Nov-2012 02:40:02 EET  Closed file file:/hdfs/cms/store/user/mario/QCD_Pt_80_170_EMEnriched_TuneZ2star_8TeV_pythia6/Summer12-stop-pfele-step1/3d176ac8da5e9dff208d057f4733ca91/tuple_231_5_RyK.root

=============================================

MessageLogger Summary

 type     category        sev    module        subroutine        count    total
 ---- -------------------- -- ---------------- ----------------  -----    -----
    1 fileAction           -s file_close                             5        5
    2 fileAction           -s file_open                             10       10

 type    category    Examples: run/evt        run/evt          run/evt
 ---- -------------------- ---------------- ---------------- ----------------
    1 fileAction           PostProcessEvent PostProcessEvent PostEndRun
    2 fileAction           pre-events       pre-events       PostProcessEvent

Severity    # Occurrences   Total Occurrences
--------    -------------   -----------------
System                 15                  15
>>> END OF printout of 103 lines from stdout+stderr
>>> Parse FrameworkJobReport crab_fjr.xml
Result of parsing the FrameworkJobReport crab_fjr.xml: Popularity start
lumisRange : 1::18166-18167,18233-18235,18237,18484-18485,18572-18573,18577-18579,18627,18629,18682,18685,54008,56613,57140-57141,61224,61263-61264,61268,61270-61271,61312-61313,61315-61316,61319-61322,61365,61422,61486,61885,61936,61946,62002,62122,62532-62533,62535,62537-62538,62541-62542,62597,62599-62600,62616,62646-62647,62649,62651,62654,62657,62703,62813,62818,62877-62879,62917,62922-62925,62932,62962-62964,62966-62970,62972-62973,62975-62977,62980,63015,63017,63021,63023,63025-63026,63071-63076,63117,63120-63121,63126-63127,63134,63222,63224,63226,63231,63235,63238,63290,63443,63491,63504,63541,63588,63594,63632,63739,63792,63826,63880,64125,64158,64299-64300,64352,64386,64647,65426,65774,65876::1;1::18687,20549,20579,20616,20640,20655-20656,20700-20701,20730,20753,20840-20841,20971,20990,21064,21126,21194,21284,21598,22769,22999,23144,23162,23192,23225,23286,23314,23321,23388,23412,23414,23461,23536,23564-23565,23748,23913,23950,23991,24066,24143,24159,24161,24224,24236-24237,24432,24442,24444-24445,24451,24455,24474,24570,24572-24573,24587,24590,25551-25552,25620,26579,34074,34116,34164,34227,34349-34350,34367,34372,34388,34399,34410,34424-34425,34429,34433,34445,34452,34456,34469,34474,34479,34497,34500,34600,35240,35798-35799,35876-35877,35879,35882,35884,35889,36107,36114,36173-36175,36211,36249,36252-36253,36255,36332,38159-38160,38369-38370,38547,42862,42936,43075,44255,44270,44314-44316,44320-44323,44502-44503,44539,44541,44583,44585,44587,44631,44633,44685,44732,44783,44831,44833,44836,44880,44925-44926,45014,45054,45374-45375,45377,45381,45446,45486,45489-45490,45597,45629,45673,45968,45971,45973,46022,46054,46164,46244,46347,46947,48026,54708,57140,65747::2;1::23835,23928,24001,24272,24686-24687,24766,24780,24839,24874,24876,24881,24888,24894,24933,24939,25604,25788,25902,26054,31355-31356,31358,31365-31366,31371,31373-31377,31379-31381,31386,31389-31391,31395,31402,31405-31406,31408,31411,31413-31415,31417,31420-31421,31423,31427,31429-31431,31435-31437,31447-31448,31455-31456,31462,31643,32357,32793,36186,36233,36797,37743,37764,38295,38345,38499,38670,38697,38759,38801,38839,38867,39428,39430,39465,39547,39652,39663,39967,41214,42456,42518,44396,44444,46244,46276-46277,46728,52748,56656,56663,56680,56710-56711,56719,56728,56758,56760,56767,56804,56807,56847,56854,56899,56938,57070,57087,57150,57483,57725,58908,58910,58915,58924,58999-59000,59004,59012,59017,59022,59247,59301,59337,59339,60302,60533,60703,60830,61310,61666,63387,63840,65563,67308,67381,70104,70107,70176,70219,70289,70326,70367,70369,70402-70403,70433,70435,70463,70466,70581-70584,70587,70592,70594,70694,70933,71041,71940,72154::3;1::12392,12472-12473,12640,12669,12870,13359,19927,19930,19991,20004-20005,20081,20138,20162,20166,20183,20288,20365,20370,20448,20452,20514,20516,20552-20553,20575,21150,21718,21722,21740,21752,21756,21758,21772,21787,21972,22121,22140,22560,22562,22615,22632,22634,22667,22675,23148,23195,24753,28944,33414,33525,33592,33673-33674,33722,33731,33772-33773,33846,33899-33900,33902-33903,33939,33991,34028,34073,34168,34171,34615,34618,36299-36300,36922,38156,38158,38240,38284,38286,39576,40144,41222,42453,45961,54156,62564,71178::4;1::12106,12108,12112-12114,12116,12121,12174,12241,12292,12391,12471,12639,12870,14018,15682,15727,15729,15743,15809-15810,15829,15929-15930,15999,16049,16229,16298,16373,16771,16942,17146,17218,17967,17994,18574,21093,21142-21143,21148,21283,21285,21287,21475,21592,21595,21600,21636,21679,21681,21713,21748,21774,22507,22636,22674,22923,23313,23992,35115,35130,35150,35162,35211,35228,35300,35345,35371,35488-35492,35567,35570,35605,35736-35739,35797,35892,38287,38660,42394,42489,42491,42521-42522,42546,42549,42615,42617,42619,42698,42725,42731,42755,42758,42761,42860-42861,42865,42867,42933,42939,42987,43081,43083,44584,57705,59027,59034-59035,59409,59466,60533,60961,61071,61610,61664-61665,61668,61671,61711-61713,61722,61787,61816,61842,61871,61873,61875,61877-61879,61881-61883,61887-61888,61891,61929-61930,61933-61934,61940,61947,61997,62000,62004,62056,62120,62124,62287,62388,62428,62439,62495,62708,62766,62971,63024,63246,63509,64545,71107::5;
lumisParentRange : 
Basename : /store/user/mario/QCD_Pt_80_170_EMEnriched_TuneZ2star_8TeV_pythia6/Summer12-stop-pfele-step1/3d176ac8da5e9dff208d057f4733ca91/tuple_2
BasenameParent : 
parentFiles : 
inputBlocks : /QCD_Pt_80_170_EMEnriched_TuneZ2star_8TeV_pythia6/mario-Summer12-stop-pfele-step1-3d176ac8da5e9dff208d057f4733ca91/USER#1edbd789-8e01-4834-bf44-0c1d693a4b92
inputFiles : 27_7_yuY.root::1::EDM::Local::1;28_3_a3Z.root::1::EDM::Local::2;29_7_l4O.root::1::EDM::Local::3;31_5_RyK.root::1::EDM::Local::4;30_7_8jn.root::1::EDM::Local::5;
Popularity stop
Extracted ExitStatus from FrameworkJobReport parsing output: 0
>>> Executable succeded  0
ExeExitCode=0
EXECUTABLE_EXIT_STATUS = 0
>>> current directory /home/cms019/home_crmrs_463898442/CREAM463898442/glide_s12417/execute/dir_2790/CMSSW_5_3_5
>>>  (SOFTWARE_DIR): /home/cms019/home_crmrs_463898442/CREAM463898442/glide_s12417/execute/dir_2790/CMSSW_5_3_5
>>> (WORKING_DIR): 
>>> current directory content:
total 152
drwxr-xr-x 3 cms019 cms  4096 Nov 27 02:31 .SCRAM
-rw-r--r-- 1 cms019 cms 30066 Nov 27 02:31 CMSSW.py.pkl
drwxr-xr-x 3 cms019 cms  4096 Nov 27 02:31 bin
drwxr-xr-x 3 cms019 cms  4096 Nov 27 02:31 cfipython
drwxr-xr-x 5 cms019 cms  4096 Nov 27 02:31 config
-rw-r--r-- 1 cms019 cms    16 Nov 27 02:40 cpu_timing.txt
drwxr-xr-x 2 cms019 cms  4096 Nov 27 02:31 doc
-rw-r--r-- 1 cms019 cms 11712 Nov 27 02:40 executable.out
drwxr-xr-x 2 cms019 cms  4096 Nov 27 02:31 include
drwxrwxrwx 3 cms019 cms  4096 Oct 22 16:38 lib
drwxr-xr-x 3 cms019 cms  4096 Nov 27 02:31 logs
drwxr-xr-x 3 cms019 cms  4096 Nov 27 02:31 objs
-rw-r--r-- 1 cms019 cms 16913 Nov 27 02:40 optHistograms.root
-rw-r--r-- 1 cms019 cms   104 Nov 27 02:31 pset.py
-rw-r--r-- 1 cms019 cms 19502 Nov 27 02:31 pset.py.pkl
-rw-r--r-- 1 cms019 cms   289 Nov 27 02:31 pset.pyc
drwxr-xr-x 2 cms019 cms  4096 Nov 27 02:31 python
-rw-r--r-- 1 cms019 cms   420 Nov 27 02:40 report.log
drwxrwxrwx 4 cms019 cms  4096 Nov 27 02:31 src
drwxr-xr-x 3 cms019 cms  4096 Nov 27 02:31 test
drwxr-xr-x 3 cms019 cms  4096 Nov 27 02:31 tmp
>>> current directory /home/cms019/home_crmrs_463898442/CREAM463898442/glide_s12417/execute/dir_2790/CMSSW_5_3_5
>>> (SOFTWARE_DIR): /home/cms019/home_crmrs_463898442/CREAM463898442/glide_s12417/execute/dir_2790/CMSSW_5_3_5
>>> (WORKING_DIR): 
>>> current directory content:
total 132
drwxr-xr-x 3 cms019 cms  4096 Nov 27 02:31 .SCRAM
-rw-r--r-- 1 cms019 cms 30066 Nov 27 02:31 CMSSW.py.pkl
drwxr-xr-x 3 cms019 cms  4096 Nov 27 02:31 bin
drwxr-xr-x 3 cms019 cms  4096 Nov 27 02:31 cfipython
drwxr-xr-x 5 cms019 cms  4096 Nov 27 02:31 config
-rw-r--r-- 1 cms019 cms    16 Nov 27 02:40 cpu_timing.txt
drwxr-xr-x 2 cms019 cms  4096 Nov 27 02:31 doc
-rw-r--r-- 1 cms019 cms 11712 Nov 27 02:40 executable.out
drwxr-xr-x 2 cms019 cms  4096 Nov 27 02:31 include
drwxrwxrwx 3 cms019 cms  4096 Oct 22 16:38 lib
drwxr-xr-x 3 cms019 cms  4096 Nov 27 02:31 logs
drwxr-xr-x 3 cms019 cms  4096 Nov 27 02:31 objs
-rw-r--r-- 1 cms019 cms   104 Nov 27 02:31 pset.py
-rw-r--r-- 1 cms019 cms 19502 Nov 27 02:31 pset.py.pkl
-rw-r--r-- 1 cms019 cms   289 Nov 27 02:31 pset.pyc
drwxr-xr-x 2 cms019 cms  4096 Nov 27 02:31 python
-rw-r--r-- 1 cms019 cms   420 Nov 27 02:40 report.log
drwxrwxrwx 4 cms019 cms  4096 Nov 27 02:31 src
drwxr-xr-x 3 cms019 cms  4096 Nov 27 02:31 test
drwxr-xr-x 3 cms019 cms  4096 Nov 27 02:31 tmp
>>> current directory (RUNTIME_AREA):  /home/cms019/home_crmrs_463898442/CREAM463898442/glide_s12417/execute/dir_2790
>>> current dir: /home/cms019/home_crmrs_463898442/CREAM463898442/glide_s12417/execute/dir_2790
>>> current dir content:
total 25796
-rw-rw-rw-  1 cms019 cms     5578 Nov 27 02:30 .job.ad
-rw-rw-rw-  1 cms019 cms    11338 Nov 27 02:30 .machine.ad
-rw-rw-rw-  1 cms019 cms      105 Nov 27 01:30 CMSSW.py
-rw-rw-rw-  1 cms019 cms    30066 Nov 27 01:30 CMSSW.py.pkl
-rwxrw-rw-  1 cms019 cms    23339 Nov 27 02:31 CMSSW.sh
-rw-rw-rw-  1 cms019 cms        0 Nov 27 02:31 CMSSW_11.stderr
-rw-rw-rw-  1 cms019 cms    27872 Nov 27 02:40 CMSSW_11.stdout
drwxr-xr-x 15 cms019 cms     4096 Nov 27 02:40 CMSSW_5_3_5
-rw-r--r--  1 cms019 cms      346 Nov 27 02:31 CacheEnv.sh
-rw-rw-rw-  1 cms019 cms     7291 Jun  9  2010 DashboardAPI.py
-rw-r--r--  1 cms019 cms     6868 Nov 27 02:31 DashboardAPI.pyc
drwxrwxrwx  3 cms019 cms     4096 Nov 27 02:40 IMProv
-rw-rw-rw-  1 cms019 cms     2748 Mar  8  2006 Logger.py
-rw-r--r--  1 cms019 cms     3348 Nov 27 02:31 Logger.pyc
-rw-rw-rw-  1 cms019 cms    24524 Mar 28  2008 ProcInfo.py
-rw-r--r--  1 cms019 cms    23446 Nov 27 02:31 ProcInfo.pyc
drwxrwxrwx  7 cms019 cms     4096 Nov 27 02:31 ProdCommon
drwxrwxrwx  3 cms019 cms     4096 Nov 27 02:31 WMCore
-rw-r--r--  1 cms019 cms     2428 Nov 27 02:39 Watchdog_11.log
-rw-rw-rw-  1 cms019 cms    32895 Mar 28  2008 apmon.py
-rw-r--r--  1 cms019 cms    28845 Nov 27 02:31 apmon.pyc
-rw-rw-rw-  1 cms019 cms   104551 Nov 27 02:31 arguments.xml
-rwxrwxrwx  1 cms019 cms    37427 Sep 13 14:14 cmscp.py
-rwxrwxrwx  1 cms019 cms    23339 Nov 27 02:31 condor_exec.exe
-rw-rw-rw-  1 cms019 cms      545 Nov 27 01:30 crab.cfg
-rwxrwxrwx  1 cms019 cms     9531 Sep 20 21:46 crabWatchdog.sh
-rw-r--r--  1 cms019 cms    50016 Nov 27 02:40 crab_fjr_11.xml
-rw-rw-rw-  1 cms019 cms 25796294 Nov 27 02:31 default.tgz
-rwxrwxrwx  1 cms019 cms     4488 May 12  2012 fillCrabFjr.py
-rw-r--r--  1 cms019 cms      940 Nov 27 02:31 inputsReport.txt
-rw-r--r--  1 cms019 cms      132 Nov 27 02:40 jobreport.txt
lrwxrwxrwx  1 cms019 cms      106 Nov 27 02:40 optHistograms.root -> /home/cms019/home_crmrs_463898442/CREAM463898442/glide_s12417/execute/dir_2790/optHistograms_11_1_mAu.root
-rw-r--r--  1 cms019 cms    16913 Nov 27 02:40 optHistograms_11_1_mAu.root
-rw-rw-rw-  1 cms019 cms    17352 Jan 20  2012 parseCrabFjr.py
-rw-r--r--  1 cms019 cms      283 Nov 27 02:31 report.log
-rwxrwxrwx  1 cms019 cms     1497 May 27  2009 report.py
-rwxrwxrwx  1 cms019 cms     8387 Mar 23  2011 writeCfg.py
-rw-------  1 cms019 cms     8687 Nov 27 02:30 x509up_u1000009
Checking output files:  
will tar file optHistograms_11_1_mAu.root in  out_files_11
will tar file crab_fjr_11.xml in  out_files_11
will tar file CMSSW_11.stdout in  out_files_11
will tar file CMSSW_11.stderr in  out_files_11
WARNING: output file Watchdog_11.log.gz not found!
>>> padding time: Sleeping the wrapper for 55 seconds
STOPPING WATCHDOG. CrabWatchdog PID is 8541
********** LAST 50 LINES OF WATCHDOG LOG
# RESOURCE USAGE SUMMARY FOR PROCESS ID  8330
USER       PID %CPU %MEM    VSZ   RSS TTY      STAT START   TIME COMMAND
cms019    8330  0.3  0.0   8956  1488 ?        S    02:31   0:00 /bin/sh /home/cms019/home_crmrs_463898442/CREAM463898442/glide_s12417/execute/dir_2790/condor_exec.exe 11 1
 
# LIMITS USED BY THIS WATCHDOG:
# RSS  (KBytes)  : 2300000
# VSZ  (KBytes)  : 100000000
# DISK (MBytes)  : 19000
# CPU  (seconds) : 171600
# WALL (seconds) : 171600
 
# FOLLOWING PRINTOUT TRACKS MAXIMUM VALUES OF RESOURCES USE
# ONE LINE IS PRINTED EACH TIME A MAXIMUM CHANGES
# IF CHANGE WAS IN RSS OR VSZ ALSO PROCID AND COMMAND ARE PRINTED
# THERE IS NO PRINTOUT FOR CPU/WALL TIME INCREASE
 
# TIME			PID	RSS(KB)	VSZ(KB)	Dsk(MB)	tCPU(s)	tWALL(s)	COMMAND
 Nov 27 02:31:20 EET	2789	3496	5640	0	0	27	condor_procd -A /home/cms019/home_crmrs_463898442/CREAM463898442/glide_s12417/log/procd_address.STARTD -L /home/cms019/home_crmrs_463898442/CREAM463898442/glide_s12417/log/ProcLog.STARTD -R 10000000 -S 60 -C
 Nov 27 02:31:20 EET	2790	5380	9376	0	0	28	condor_starter -f submit-2.t2.ucsd.edu       
 Nov 27 02:31:20 EET	8552	24140	84828	0	0	2	edmConfigHash pset.py        
 Nov 27 02:31:20 EET	---	24140	84828	168	----	----	----
 Nov 27 02:32:26 EET	9876	268192	431764	168	15	56	cmsRun -j /home/cms019/home_crmrs_463898442/CREAM463898442/glide_s12417/execute/dir_2790/crab_fjr_11.xml -p pset.py     
 Nov 27 02:33:32 EET	9876	355020	556648	168	55	122	cmsRun -j /home/cms019/home_crmrs_463898442/CREAM463898442/glide_s12417/execute/dir_2790/crab_fjr_11.xml -p pset.py     
 Nov 27 02:34:39 EET	9876	359392	558184	168	94	189	cmsRun -j /home/cms019/home_crmrs_463898442/CREAM463898442/glide_s12417/execute/dir_2790/crab_fjr_11.xml -p pset.py     
 Nov 27 02:35:47 EET	9876	360104	558184	168	125	262	cmsRun -j /home/cms019/home_crmrs_463898442/CREAM463898442/glide_s12417/execute/dir_2790/crab_fjr_11.xml -p pset.py     
 Nov 27 02:36:59 EET	9876	360256	558184	168	172	331	cmsRun -j /home/cms019/home_crmrs_463898442/CREAM463898442/glide_s12417/execute/dir_2790/crab_fjr_11.xml -p pset.py     
 Nov 27 02:38:10 EET	9876	360592	558440	168	204	401	cmsRun -j /home/cms019/home_crmrs_463898442/CREAM463898442/glide_s12417/execute/dir_2790/crab_fjr_11.xml -p pset.py     
 Nov 27 02:39:17 EET	9876	360592	563304	168	241	467	cmsRun -j /home/cms019/home_crmrs_463898442/CREAM463898442/glide_s12417/execute/dir_2790/crab_fjr_11.xml -p pset.py     
 Nov 27 02:40:23 EET	---	360592	563304	169	----	----	----
********** WATCHDOG LOG ENDED
ZIPPING WATCHDOG LOG
Disk space used:
du -sh /home/cms019/home_crmrs_463898442/CREAM463898442/glide_s12417/execute/dir_2790
169M	/home/cms019/home_crmrs_463898442/CREAM463898442/glide_s12417/execute/dir_2790
>>> info for dashboard:
***** Cat /home/cms019/home_crmrs_463898442/CREAM463898442/glide_s12417/execute/dir_2790/jobreport.txt *****
MonitorJobID=11_https://submit-2.t2.ucsd.edu//121127//17531.10
MonitorID=liis_crab_0_121127_013010_p7r30o
ExeTime=512
ExeExitCode=0
CrabUserCpuTime=260.44
CrabSysCpuTime=9.53
CrabCpuPercentage=52%
CrabWrapperTime=600
CrabStageoutTime=NULL
***** End Cat jobreport *****
Parameters sent to Dashboard.
optHistograms_11_1_mAu.root
crab_fjr_11.xml
CMSSW_11.stdout
CMSSW_11.stderr
Watchdog_11.log.gz
tar: .BrokerInfo: Cannot stat: No such file or directory
tar: Error exit delayed from previous errors
Total Output dimension: 27151
WARNING: output files size limit is set to: 50000000
Total Output dimension 27151 is fine.
JOB_EXIT_STATUS = 0
>>> info for dashboard:
***** Cat /home/cms019/home_crmrs_463898442/CREAM463898442/glide_s12417/execute/dir_2790/jobreport.txt *****
MonitorJobID=11_https://submit-2.t2.ucsd.edu//121127//17531.10
MonitorID=liis_crab_0_121127_013010_p7r30o
JobExitCode=0
***** End Cat jobreport *****
Parameters sent to Dashboard.
optHistograms_11_1_mAu.root
crab_fjr_11.xml
