This script was generated by crab (version 2.8.3).
Running /home/cms078/home_crce1_436328034/CREAM436328034/glide_jp6591/execute/dir_10383/condor_exec.exe with 2 positional parameters: 100 1
Today is Tue Nov 27 02:39:54 EET 2012
Job submitted on host wn-v-7014.local
Linux wn-v-7014.local 2.6.32-042stab059.7 #1 SMP Tue Jul 24 19:12:01 MSK 2012 x86_64 x86_64 x86_64 GNU/Linux
>>> current directory (RUNTIME_AREA): /home/cms078/home_crce1_436328034/CREAM436328034/glide_jp6591/execute/dir_10383
>>> current user: uid=11078(cms078) gid=1400(cms) groups=1400(cms)
>>> voms proxy information:
subject   : /DC=ch/DC=cern/OU=Organic Units/OU=Users/CN=liis/CN=663550/CN=Liis Rebane/CN=proxy/CN=limited proxy
issuer    : /DC=ch/DC=cern/OU=Organic Units/OU=Users/CN=liis/CN=663550/CN=Liis Rebane/CN=proxy
identity  : /DC=ch/DC=cern/OU=Organic Units/OU=Users/CN=liis/CN=663550/CN=Liis Rebane/CN=proxy
type      : limited proxy
strength  : 512 bits
path      : /home/cms078/home_crce1_436328034/CREAM436328034/glide_jp6591/execute/dir_10383/x509up_u1000009
timeleft  : 23:59:54
key usage : Digital Signature, Key Encipherment, Data Encipherment
=== VO cms extension information ===
VO        : cms
subject   : /DC=ch/DC=cern/OU=Organic Units/OU=Users/CN=liis/CN=663550/CN=Liis Rebane
issuer    : /DC=ch/DC=cern/OU=computers/CN=lcg-voms.cern.ch
attribute : /cms/Role=NULL/Capability=NULL
timeleft  : 190:45:43
uri       : lcg-voms.cern.ch:15002
>>> tar xzf /home/cms078/home_crce1_436328034/CREAM436328034/glide_jp6591/execute/dir_10383/default.tgz :
Successful untar
>>> Include /home/cms078/home_crce1_436328034/CREAM436328034/glide_jp6591/execute/dir_10383 in PYTHONPATH:
strip arguments
env var CRAB_UNIQUE_JOB_ID set to: liis_crab_0_121127_013010_p7r30o_100_1_aSs
out_files_100
>>> list of expected files on output sandbox
output files: optHistograms_100_1_aSs.root crab_fjr_100.xml CMSSW_100.stdout CMSSW_100.stderr Watchdog_100.log.gz
>>> GridFlavour discovery: 
GridFlavour=LCG
>>> SyncSite discovery: 
SyncSite=T2_EE_Estonia
>>> SyncCE discovery: 
getting SyncCE from CE_ID
SyncCE=cream1.hep.kbfi.ee:8443/cream-pbs-long
>>> info for dashboard:
***** Cat /home/cms078/home_crce1_436328034/CREAM436328034/glide_jp6591/execute/dir_10383/jobreport.txt *****
MonitorJobID=100_https://submit-2.t2.ucsd.edu//121127//17531.99
SyncGridJobId=https://submit-2.t2.ucsd.edu//121127//17531.99
MonitorID=liis_crab_0_121127_013010_p7r30o
GridFlavour=LCG
SyncSite=T2_EE_Estonia
SyncCE=cream1.hep.kbfi.ee:8443/cream-pbs-long
***** End Cat jobreport *****
Parameters sent to Dashboard.
>>> setup environment
set SCRAM ARCH to slc5_amd64_gcc462
SCRAM_ARCH = slc5_amd64_gcc462
>>> setup CMS LCG environment:
set SCRAM ARCH and BUILD_ARCH to slc5_amd64_gcc462 ###
Sourcing environment... 
sourcing /cvmfs/cms.cern.ch/cmsset_default.sh
==> setup cms environment ok
>>> specific cmssw setup environment:
CMSSW_VERSION =  CMSSW_5_3_5
>>> current directory (SOFTWARE_DIR): /home/cms078/home_crce1_436328034/CREAM436328034/glide_jp6591/execute/dir_10383/CMSSW_5_3_5
PreserveSeeds: <>
IncrementSeeds:<>
{}
WNHostName=wn-v-7014.local
>>> info for dashboard:
***** Cat /home/cms078/home_crce1_436328034/CREAM436328034/glide_jp6591/execute/dir_10383/jobreport.txt *****
MonitorJobID=100_https://submit-2.t2.ucsd.edu//121127//17531.99
MonitorID=liis_crab_0_121127_013010_p7r30o
WNHostName=wn-v-7014.local
***** End Cat jobreport *****
Parameters sent to Dashboard.
crabWatchdog started as process 13150
>>> moving CMSSW software directories in /home/cms078/home_crce1_436328034/CREAM436328034/glide_jp6591/execute/dir_10383/CMSSW_5_3_5
mv: cannot stat `/home/cms078/home_crce1_436328034/CREAM436328034/glide_jp6591/execute/dir_10383/module/': No such file or directory
>>> Include /home/cms078/home_crce1_436328034/CREAM436328034/glide_jp6591/execute/dir_10383 in PYTHONPATH:
PYTHONPATH=/home/cms078/home_crce1_436328034/CREAM436328034/glide_jp6591/execute/dir_10383/:/home/cms078/home_crce1_436328034/CREAM436328034/glide_jp6591/execute/dir_10383/CMSSW_5_3_5/python:/home/cms078/home_crce1_436328034/CREAM436328034/glide_jp6591/execute/dir_10383/CMSSW_5_3_5/lib/slc5_amd64_gcc462:/cvmfs/cms.cern.ch/slc5_amd64_gcc462/cms/cmssw/CMSSW_5_3_5/python:/cvmfs/cms.cern.ch/slc5_amd64_gcc462/cms/cmssw/CMSSW_5_3_5/lib/slc5_amd64_gcc462:/cvmfs/cms.cern.ch/slc5_amd64_gcc462/cms/coral/CORAL_2_3_21-cms27/slc5_amd64_gcc462/python:/cvmfs/cms.cern.ch/slc5_amd64_gcc462/cms/coral/CORAL_2_3_21-cms27/slc5_amd64_gcc462/lib:/cvmfs/cms.cern.ch/slc5_amd64_gcc462/external/pyqt/4.8.1/lib/python2.6/site-packages:/cvmfs/cms.cern.ch/slc5_amd64_gcc462/external/py2-scipy/0.8.0/lib/python2.6/site-packages:/cvmfs/cms.cern.ch/slc5_amd64_gcc462/external/py2-matplotlib/1.0.1/lib/python2.6/site-packages:/cvmfs/cms.cern.ch/slc5_amd64_gcc462/external/python-ldap/2.3.5/lib/python2.6/site-packages:/cvmfs/cms.cern.ch/slc5_amd64_gcc462/external/sip/4.11.2/lib/python2.6/site-packages:/cvmfs/cms.cern.ch/slc5_amd64_gcc462/external/py2-pycurl/7.19.0/lib/python2.6/site-packages:/cvmfs/cms.cern.ch/slc5_amd64_gcc462/external/py2-numpy/1.6.1/lib/python2.6/site-packages:/cvmfs/cms.cern.ch/slc5_amd64_gcc462/external/py2-ipython/0.10/lib/python2.6/site-packages:/cvmfs/cms.cern.ch/slc5_amd64_gcc462/external/py2-cx-oracle/5.1-cms11/lib/python2.6/site-packages:/cvmfs/cms.cern.ch/slc5_amd64_gcc462/external/py2-cjson/1.0.5/lib/python2.6/site-packages:/cvmfs/cms.cern.ch/slc5_amd64_gcc462/cms/das-client/1.4.1-cms8/bin:/cvmfs/cms.cern.ch/slc5_amd64_gcc462/external/elementtree/1.2.6/share/lib/python2.6/site-packages:/cvmfs/cms.cern.ch/slc5_amd64_gcc462/external/rivet/1.5.1-cms10/lib/python2.6/site-packages:/cvmfs/cms.cern.ch/slc5_amd64_gcc462/external/pyminuit2/0.0.1-cms34/lib/python2.6/site-packages:/cvmfs/cms.cern.ch/slc5_amd64_gcc462/external/professor/1.0.0-cms35/lib/python2.6/site-packages:/cvmfs/cms.cern.ch/slc5_amd64_gcc462/lcg/root/5.32.00-cms18/lib:/cvmfs/cms.cern.ch/slc5_amd64_gcc462/cms/dbs-client/DBS_2_1_1_patch1_1/lib:/cvmfs/cms.cern.ch/slc5_amd64_gcc462/cms/dbs-client/DBS_2_1_1_patch1_1/lib/DBSAPI:/home/cms078/home_crce1_436328034/CREAM436328034/glide_jp6591/execute/dir_10383/
241a2a19cb7c5c8751ba22759ab3bdb0
PSETHASH = 241a2a19cb7c5c8751ba22759ab3bdb0
/home/cms078/home_crce1_436328034/CREAM436328034/glide_jp6591/execute/dir_10383/writeCfg.py pset.py pset.py
Importing .py file
Setting parameters
inputBlocks=/QCD_Pt_80_170_EMEnriched_TuneZ2star_8TeV_pythia6/mario-Summer12-stop-pfele-step1-3d176ac8da5e9dff208d057f4733ca91/USER#1edbd789-8e01-4834-bf44-0c1d693a4b92
inputFiles=/store/user/mario/QCD_Pt_80_170_EMEnriched_TuneZ2star_8TeV_pythia6/Summer12-stop-pfele-step1/3d176ac8da5e9dff208d057f4733ca91/tuple_294_8_iT1.root;/store/user/mario/QCD_Pt_80_170_EMEnriched_TuneZ2star_8TeV_pythia6/Summer12-stop-pfele-step1/3d176ac8da5e9dff208d057f4733ca91/tuple_295_3_dFb.root;/store/user/mario/QCD_Pt_80_170_EMEnriched_TuneZ2star_8TeV_pythia6/Summer12-stop-pfele-step1/3d176ac8da5e9dff208d057f4733ca91/tuple_246_7_0uG.root;/store/user/mario/QCD_Pt_80_170_EMEnriched_TuneZ2star_8TeV_pythia6/Summer12-stop-pfele-step1/3d176ac8da5e9dff208d057f4733ca91/tuple_248_7_nGC.root;/store/user/mario/QCD_Pt_80_170_EMEnriched_TuneZ2star_8TeV_pythia6/Summer12-stop-pfele-step1/3d176ac8da5e9dff208d057f4733ca91/tuple_297_5_nQL.root;/store/user/mario/QCD_Pt_80_170_EMEnriched_TuneZ2star_8TeV_pythia6/Summer12-stop-pfele-step1/3d176ac8da5e9dff208d057f4733ca91/tuple_300_3_BKZ.root
parentFiles=
lumisRange=
>>> Executable cmsRun
/cvmfs/cms.cern.ch/slc5_amd64_gcc462/cms/cmssw/CMSSW_5_3_5/bin/slc5_amd64_gcc462/cmsRun
ok executable found
>>> info for dashboard:
***** Cat /home/cms078/home_crce1_436328034/CREAM436328034/glide_jp6591/execute/dir_10383/jobreport.txt *****
MonitorJobID=100_https://submit-2.t2.ucsd.edu//121127//17531.99
MonitorID=liis_crab_0_121127_013010_p7r30o
ExeStart=cmsRun
***** End Cat jobreport *****
Parameters sent to Dashboard.
>>> cmsRun started at Tue Nov 27 00:40:20 UTC 2012
>>> cmsRun ended at Tue Nov 27 00:48:41 UTC 2012
>>> info for dashboard:
***** Cat /home/cms078/home_crce1_436328034/CREAM436328034/glide_jp6591/execute/dir_10383/jobreport.txt *****
MonitorJobID=100_https://submit-2.t2.ucsd.edu//121127//17531.99
MonitorID=liis_crab_0_121127_013010_p7r30o
ExeEnd=cmsRun
***** End Cat jobreport *****
Parameters sent to Dashboard.
TIME_EXE = 501 sec
>>> cmsRun wrote 106 lines of stdout+stderr
>>> START OF printout of 106 lines from stdout+stderr
27-Nov-2012 02:40:41 EET  Initiating request to open file file:/hdfs/cms/store/user/mario/QCD_Pt_80_170_EMEnriched_TuneZ2star_8TeV_pythia6/Summer12-stop-pfele-step1/3d176ac8da5e9dff208d057f4733ca91/tuple_294_8_iT1.root
27-Nov-2012 02:40:49 EET  Successfully opened file file:/hdfs/cms/store/user/mario/QCD_Pt_80_170_EMEnriched_TuneZ2star_8TeV_pythia6/Summer12-stop-pfele-step1/3d176ac8da5e9dff208d057f4733ca91/tuple_294_8_iT1.root
Begin processing the 1st record. Run 1, Event 138832084, LumiSection 44527 at 27-Nov-2012 02:41:10.047 EET
Begin processing the 1001st record. Run 1, Event 182170886, LumiSection 58426 at 27-Nov-2012 02:41:18.820 EET
Begin processing the 2001st record. Run 1, Event 241819, LumiSection 78 at 27-Nov-2012 02:41:22.447 EET
Begin processing the 3001st record. Run 1, Event 35263722, LumiSection 11310 at 27-Nov-2012 02:41:28.048 EET
27-Nov-2012 02:41:31 EET  Closed file file:/hdfs/cms/store/user/mario/QCD_Pt_80_170_EMEnriched_TuneZ2star_8TeV_pythia6/Summer12-stop-pfele-step1/3d176ac8da5e9dff208d057f4733ca91/tuple_294_8_iT1.root
27-Nov-2012 02:41:31 EET  Initiating request to open file file:/hdfs/cms/store/user/mario/QCD_Pt_80_170_EMEnriched_TuneZ2star_8TeV_pythia6/Summer12-stop-pfele-step1/3d176ac8da5e9dff208d057f4733ca91/tuple_295_3_dFb.root
27-Nov-2012 02:41:31 EET  Successfully opened file file:/hdfs/cms/store/user/mario/QCD_Pt_80_170_EMEnriched_TuneZ2star_8TeV_pythia6/Summer12-stop-pfele-step1/3d176ac8da5e9dff208d057f4733ca91/tuple_295_3_dFb.root
Begin processing the 4001st record. Run 1, Event 110590888, LumiSection 35469 at 27-Nov-2012 02:41:49.176 EET
Begin processing the 5001st record. Run 1, Event 126464445, LumiSection 40560 at 27-Nov-2012 02:41:52.989 EET
Begin processing the 6001st record. Run 1, Event 139248895, LumiSection 44660 at 27-Nov-2012 02:41:56.646 EET
Begin processing the 7001st record. Run 1, Event 145631942, LumiSection 46707 at 27-Nov-2012 02:42:02.440 EET
Begin processing the 8001st record. Run 1, Event 165385819, LumiSection 53043 at 27-Nov-2012 02:42:05.886 EET
Begin processing the 9001st record. Run 1, Event 464606, LumiSection 150 at 27-Nov-2012 02:42:12.206 EET
Begin processing the 10001st record. Run 1, Event 44537880, LumiSection 14285 at 27-Nov-2012 02:42:15.803 EET
Begin processing the 11001st record. Run 1, Event 262114, LumiSection 85 at 27-Nov-2012 02:42:19.500 EET
Begin processing the 12001st record. Run 1, Event 29574249, LumiSection 9486 at 27-Nov-2012 02:42:27.571 EET
Begin processing the 13001st record. Run 1, Event 71439141, LumiSection 22912 at 27-Nov-2012 02:42:31.147 EET
Begin processing the 14001st record. Run 1, Event 160542795, LumiSection 51490 at 27-Nov-2012 02:42:38.685 EET
Begin processing the 15001st record. Run 1, Event 23052751, LumiSection 7394 at 27-Nov-2012 02:42:42.283 EET
Begin processing the 16001st record. Run 1, Event 26504525, LumiSection 8501 at 27-Nov-2012 02:42:45.866 EET
Begin processing the 17001st record. Run 1, Event 142802184, LumiSection 45800 at 27-Nov-2012 02:42:52.320 EET
Begin processing the 18001st record. Run 1, Event 141673468, LumiSection 45438 at 27-Nov-2012 02:42:56.081 EET
Begin processing the 19001st record. Run 1, Event 140245130, LumiSection 44980 at 27-Nov-2012 02:43:01.476 EET
27-Nov-2012 02:43:05 EET  Closed file file:/hdfs/cms/store/user/mario/QCD_Pt_80_170_EMEnriched_TuneZ2star_8TeV_pythia6/Summer12-stop-pfele-step1/3d176ac8da5e9dff208d057f4733ca91/tuple_295_3_dFb.root
27-Nov-2012 02:43:05 EET  Initiating request to open file file:/hdfs/cms/store/user/mario/QCD_Pt_80_170_EMEnriched_TuneZ2star_8TeV_pythia6/Summer12-stop-pfele-step1/3d176ac8da5e9dff208d057f4733ca91/tuple_246_7_0uG.root
27-Nov-2012 02:43:05 EET  Successfully opened file file:/hdfs/cms/store/user/mario/QCD_Pt_80_170_EMEnriched_TuneZ2star_8TeV_pythia6/Summer12-stop-pfele-step1/3d176ac8da5e9dff208d057f4733ca91/tuple_246_7_0uG.root
Begin processing the 20001st record. Run 1, Event 10087270, LumiSection 3236 at 27-Nov-2012 02:43:32.912 EET
Begin processing the 21001st record. Run 1, Event 44507756, LumiSection 14275 at 27-Nov-2012 02:43:36.785 EET
Begin processing the 22001st record. Run 1, Event 10196440, LumiSection 3271 at 27-Nov-2012 02:43:40.391 EET
Begin processing the 23001st record. Run 1, Event 10561339, LumiSection 3388 at 27-Nov-2012 02:43:47.599 EET
Begin processing the 24001st record. Run 1, Event 10868012, LumiSection 3486 at 27-Nov-2012 02:43:50.937 EET
Begin processing the 25001st record. Run 1, Event 20713450, LumiSection 6644 at 27-Nov-2012 02:43:58.680 EET
Begin processing the 26001st record. Run 1, Event 14743902, LumiSection 4729 at 27-Nov-2012 02:44:02.195 EET
Begin processing the 27001st record. Run 1, Event 14206328, LumiSection 4557 at 27-Nov-2012 02:44:06.348 EET
Begin processing the 28001st record. Run 1, Event 14583487, LumiSection 4678 at 27-Nov-2012 02:44:15.767 EET
Begin processing the 29001st record. Run 1, Event 16043255, LumiSection 5146 at 27-Nov-2012 02:44:20.186 EET
Begin processing the 30001st record. Run 1, Event 16503422, LumiSection 5293 at 27-Nov-2012 02:44:29.671 EET
Begin processing the 31001st record. Run 1, Event 49361598, LumiSection 15832 at 27-Nov-2012 02:44:33.216 EET
Begin processing the 32001st record. Run 1, Event 26407526, LumiSection 8470 at 27-Nov-2012 02:44:36.579 EET
Begin processing the 33001st record. Run 1, Event 204138233, LumiSection 65471 at 27-Nov-2012 02:44:44.377 EET
Begin processing the 34001st record. Run 1, Event 224113509, LumiSection 71878 at 27-Nov-2012 02:44:48.270 EET
Begin processing the 35001st record. Run 1, Event 201977383, LumiSection 64778 at 27-Nov-2012 02:44:55.802 EET
Begin processing the 36001st record. Run 1, Event 226708040, LumiSection 72710 at 27-Nov-2012 02:44:59.681 EET
27-Nov-2012 02:45:00 EET  Closed file file:/hdfs/cms/store/user/mario/QCD_Pt_80_170_EMEnriched_TuneZ2star_8TeV_pythia6/Summer12-stop-pfele-step1/3d176ac8da5e9dff208d057f4733ca91/tuple_246_7_0uG.root
27-Nov-2012 02:45:00 EET  Initiating request to open file file:/hdfs/cms/store/user/mario/QCD_Pt_80_170_EMEnriched_TuneZ2star_8TeV_pythia6/Summer12-stop-pfele-step1/3d176ac8da5e9dff208d057f4733ca91/tuple_248_7_nGC.root
27-Nov-2012 02:45:00 EET  Successfully opened file file:/hdfs/cms/store/user/mario/QCD_Pt_80_170_EMEnriched_TuneZ2star_8TeV_pythia6/Summer12-stop-pfele-step1/3d176ac8da5e9dff208d057f4733ca91/tuple_248_7_nGC.root
Begin processing the 37001st record. Run 1, Event 202943144, LumiSection 65088 at 27-Nov-2012 02:45:20.879 EET
Begin processing the 38001st record. Run 1, Event 207906119, LumiSection 66680 at 27-Nov-2012 02:45:24.467 EET
Begin processing the 39001st record. Run 1, Event 210544580, LumiSection 67526 at 27-Nov-2012 02:45:30.659 EET
Begin processing the 40001st record. Run 1, Event 17373517, LumiSection 5573 at 27-Nov-2012 02:45:34.131 EET
Begin processing the 41001st record. Run 1, Event 45174487, LumiSection 14489 at 27-Nov-2012 02:45:37.570 EET
Begin processing the 42001st record. Run 1, Event 67658881, LumiSection 21700 at 27-Nov-2012 02:45:43.446 EET
Begin processing the 43001st record. Run 1, Event 77878226, LumiSection 24977 at 27-Nov-2012 02:45:46.924 EET
Begin processing the 44001st record. Run 1, Event 181467022, LumiSection 58200 at 27-Nov-2012 02:45:54.326 EET
Begin processing the 45001st record. Run 1, Event 203238624, LumiSection 65183 at 27-Nov-2012 02:45:58.282 EET
Begin processing the 46001st record. Run 1, Event 214629869, LumiSection 68836 at 27-Nov-2012 02:46:02.393 EET
Begin processing the 47001st record. Run 1, Event 223062121, LumiSection 71541 at 27-Nov-2012 02:46:09.589 EET
Begin processing the 48001st record. Run 1, Event 46597120, LumiSection 14945 at 27-Nov-2012 02:46:13.142 EET
Begin processing the 49001st record. Run 1, Event 46668023, LumiSection 14968 at 27-Nov-2012 02:46:20.433 EET
Begin processing the 50001st record. Run 1, Event 159371516, LumiSection 51114 at 27-Nov-2012 02:46:24.144 EET
Begin processing the 51001st record. Run 1, Event 163827757, LumiSection 52543 at 27-Nov-2012 02:46:27.585 EET
Begin processing the 52001st record. Run 1, Event 179849954, LumiSection 57682 at 27-Nov-2012 02:46:32.906 EET
27-Nov-2012 02:46:34 EET  Closed file file:/hdfs/cms/store/user/mario/QCD_Pt_80_170_EMEnriched_TuneZ2star_8TeV_pythia6/Summer12-stop-pfele-step1/3d176ac8da5e9dff208d057f4733ca91/tuple_248_7_nGC.root
27-Nov-2012 02:46:34 EET  Initiating request to open file file:/hdfs/cms/store/user/mario/QCD_Pt_80_170_EMEnriched_TuneZ2star_8TeV_pythia6/Summer12-stop-pfele-step1/3d176ac8da5e9dff208d057f4733ca91/tuple_297_5_nQL.root
27-Nov-2012 02:46:35 EET  Successfully opened file file:/hdfs/cms/store/user/mario/QCD_Pt_80_170_EMEnriched_TuneZ2star_8TeV_pythia6/Summer12-stop-pfele-step1/3d176ac8da5e9dff208d057f4733ca91/tuple_297_5_nQL.root
Begin processing the 53001st record. Run 1, Event 220346209, LumiSection 70670 at 27-Nov-2012 02:46:55.451 EET
Begin processing the 54001st record. Run 1, Event 14249836, LumiSection 4571 at 27-Nov-2012 02:46:59.014 EET
Begin processing the 55001st record. Run 1, Event 23724287, LumiSection 7609 at 27-Nov-2012 02:47:04.836 EET
Begin processing the 56001st record. Run 1, Event 155720766, LumiSection 49943 at 27-Nov-2012 02:47:08.680 EET
Begin processing the 57001st record. Run 1, Event 158543299, LumiSection 50848 at 27-Nov-2012 02:47:12.335 EET
Begin processing the 58001st record. Run 1, Event 174904540, LumiSection 56096 at 27-Nov-2012 02:47:20.991 EET
Begin processing the 59001st record. Run 1, Event 175262826, LumiSection 56211 at 27-Nov-2012 02:47:24.786 EET
Begin processing the 60001st record. Run 1, Event 207877228, LumiSection 66671 at 27-Nov-2012 02:47:32.504 EET
Begin processing the 61001st record. Run 1, Event 226303334, LumiSection 72580 at 27-Nov-2012 02:47:36.155 EET
Begin processing the 62001st record. Run 1, Event 80958917, LumiSection 25966 at 27-Nov-2012 02:47:39.842 EET
Begin processing the 63001st record. Run 1, Event 91183262, LumiSection 29245 at 27-Nov-2012 02:47:49.431 EET
Begin processing the 64001st record. Run 1, Event 101042697, LumiSection 32407 at 27-Nov-2012 02:47:53.348 EET
Begin processing the 65001st record. Run 1, Event 106303288, LumiSection 34094 at 27-Nov-2012 02:48:05.818 EET
Begin processing the 66001st record. Run 1, Event 153498689, LumiSection 49230 at 27-Nov-2012 02:48:09.318 EET
Begin processing the 67001st record. Run 1, Event 206207466, LumiSection 66135 at 27-Nov-2012 02:48:13.032 EET
Begin processing the 68001st record. Run 1, Event 212693333, LumiSection 68215 at 27-Nov-2012 02:48:17.731 EET
27-Nov-2012 02:48:20 EET  Closed file file:/hdfs/cms/store/user/mario/QCD_Pt_80_170_EMEnriched_TuneZ2star_8TeV_pythia6/Summer12-stop-pfele-step1/3d176ac8da5e9dff208d057f4733ca91/tuple_297_5_nQL.root
27-Nov-2012 02:48:20 EET  Initiating request to open file file:/hdfs/cms/store/user/mario/QCD_Pt_80_170_EMEnriched_TuneZ2star_8TeV_pythia6/Summer12-stop-pfele-step1/3d176ac8da5e9dff208d057f4733ca91/tuple_300_3_BKZ.root
27-Nov-2012 02:48:20 EET  Successfully opened file file:/hdfs/cms/store/user/mario/QCD_Pt_80_170_EMEnriched_TuneZ2star_8TeV_pythia6/Summer12-stop-pfele-step1/3d176ac8da5e9dff208d057f4733ca91/tuple_300_3_BKZ.root
Begin processing the 69001st record. Run 1, Event 141037249, LumiSection 45234 at 27-Nov-2012 02:48:36.756 EET
27-Nov-2012 02:48:39 EET  Closed file file:/hdfs/cms/store/user/mario/QCD_Pt_80_170_EMEnriched_TuneZ2star_8TeV_pythia6/Summer12-stop-pfele-step1/3d176ac8da5e9dff208d057f4733ca91/tuple_300_3_BKZ.root

=============================================

MessageLogger Summary

 type     category        sev    module        subroutine        count    total
 ---- -------------------- -- ---------------- ----------------  -----    -----
    1 fileAction           -s file_close                             6        6
    2 fileAction           -s file_open                             12       12

 type    category    Examples: run/evt        run/evt          run/evt
 ---- -------------------- ---------------- ---------------- ----------------
    1 fileAction           PostProcessEvent PostProcessEvent PostEndRun
    2 fileAction           pre-events       pre-events       PostProcessEvent

Severity    # Occurrences   Total Occurrences
--------    -------------   -----------------
System                 18                  18
>>> END OF printout of 106 lines from stdout+stderr
>>> Parse FrameworkJobReport crab_fjr.xml
Result of parsing the FrameworkJobReport crab_fjr.xml: Popularity start
lumisRange : 1::3167,3190,3193,3196,3230,3232,3236,3248,3252-3253,3258,3266,3271,3315,3325,3345,3355,3357,3388,3404,3417,3426,3449,3466,3469,3486,3495,3513,3519,3522,3550,3573,3583,3620,3670,3727,3914,4143,4258,4415,4424,4431,4443,4451,4479,4516,4557,4597,4636,4652,4663,4671,4678,4729,4860,4889,4916,4951,5046,5082,5136,5146,5162,5170,5236,5251,5293,5298,5313,5354,5404,5438,5442,5543,5839,5999,6006,6053,6070,6129,6133,6142,6161,6165,6168,6181,6183,6189,6300,6430,6592,6644,6878,6965,7009,7228,7236,7245,7267,7500,7763,7807,7847,8131,8145,8190,8470,8867,9093,9127,9437,9941,10091,10129,11759,12007,12175,12660,12845,13210,13648,13901,14209,14275,14599,15832,15904,16078,16861,17149,24170,26250,28669,34302,59608,61448,63557,64284,64518,64778,65001,65137,65232,65320,65342,65471,65568,65576,65618,65629,66372,66500,66736,66796,67187,67328,67495,68781-68782,68835,70507,71878,71979,72112,72211,72213,72710,72751,72863::1;1::36458,37933,38969,39508,39510,39591,39672,39935,40228,41338,41895,44869,45234,47521::2;1::28,78,101,103,206,6149,6582,6813,8356,9666,10462,11310,12889,18196,20199,23789,24727,29439,34655,40528,44527,44615,50722,53781,54168,54172,54823-54824,54884,56266,56388,56968,58426,66210,67851,68096,68391,71453,71722,72853::3;1::85,141,150,208,340-341,405,420,424,450,573,3003,3444,3712,4209,4216,4267-4268,5654,5945,5955,6060,6077,6212,6517,6695,6960,7248,7394,8492,8501,8879,9486,12707,13041,13197,14285,14890,15118,15257,16194,16764,16770,17063,17512,19196,19427,20126,21443,21822,21983,22016,22229,22912,23164,24361,24594,24660,24662,25187,25585,26593,31738,34655,35317,35408,35469,35493,35522,35533,35565,35625,35697,35869,38375,38610,38719,39656,40169,40361,40518,40560,40706,41263,41527,41556,42550,42618,42625,42756,42825,43827,43829,43831,43843,43846,44379,44614,44660,44858,44899,44942,44980-44981,44988,45031,45038,45180,45182,45185,45222,45282,45438,45455,45624,45720,45800,45815,45883,45893,45899-45900,46043,46086,46151,46173,46202,46232,46341,46410,46413,46415,46707,46718,46721-46722,46756,46817,46855,49058,49270,49414,49468,50305,51347,51490,52313,52733,52759,53043,53154,53175,54155,54465,54927-54928,55195,56389-56390,56775,65653,66668,66670,67072,67384,71905::4;1::5573,5838,8101,8267,10222,12996,14452,14489,14591,14641,14722,14928-14930,14933-14934,14945,14947-14948,14955-14956,14961-14962,14966-14969,14971,14980,14989,15655,16979,18915,21466,21668-21671,21700,21760,22540,22700,22820,22869,22956,23810,24090,24459,24977,25755,25796,26321,26580,26582,26813,26919,35478,35556,40383,40695,50322,50599,50670,51114,51301,51418-51419,51864,52543,54007,54013,54157,54174,54709,55677,55683,55703,56197,56532,56615,57215,57254-57256,57308-57309,57565,57682,57685,57703,58200-58201,58330,58386,58451,58516,58736,59110,59176,59219,59371,59607,60368,60924,61030,62102,64252,64283,64319,64321,64326,64514,64516,64628,64920,64953,64997,65051,65088,65183,65187,65275,65318,65435,65526,65625,66330,66369,66495-66496,66582-66583,66635,66680,66685,66731,66791,66798,66894,66950,67046,67097,67185,67251,67325,67526,68576,68836,68903,68957,69007,70464,70473,70477,70500,70502-70503,71099,71101,71138-71139,71217,71252,71540-71541,71973,72033,72269,72374,72440::5;1::383,1277,2517,2714,3547,3791,4571,6266,6469,6584,6588,7446,7483,7609,8103,8109,8148,8910,10052,12211,14915,16641,17689,19255,19259,19473,19576,19888,20477,20666,21104,21646,24095,25526,25966,26664,26786,26953,26959,27318,28363,29073,29245,29319,29455,30558,30572,30615,30621,30623,31884,32095,32407,32544,33250,33519,33648,33845,33909,34005,34069,34094,34145,34366,34654,35012,35870,36773,40988,40994,44967,46854,46935,47491,49088,49230,49430,49531,49597,49943,49971,49976,50174,50266,50344,50436,50509,50813,50835,50844,50848,51060,51630,51714,51717-51718,51899,51991,53121,53195,53729,54187,54909,55102,55199,55253,55661,55687,55945,55947,55999,56001,56006,56042,56096-56097,56110,56114,56153,56211,56224,57218,60034,61175,63836,64040,64163,65376,65421,66135,66161,66232,66533,66671,66719-66720,67073,67525,67661,67666,67670,67676,67679,67894,68173,68215-68216,68392-68394,68772,70192,70196-70197,70238,70243,70344,70651,70664,70670,70685,71200,71610,71645,71724,71855,72580,72603::6;
lumisParentRange : 
Basename : /store/user/mario/QCD_Pt_80_170_EMEnriched_TuneZ2star_8TeV_pythia6/Summer12-stop-pfele-step1/3d176ac8da5e9dff208d057f4733ca91/tuple_
BasenameParent : 
parentFiles : 
inputBlocks : /QCD_Pt_80_170_EMEnriched_TuneZ2star_8TeV_pythia6/mario-Summer12-stop-pfele-step1-3d176ac8da5e9dff208d057f4733ca91/USER#1edbd789-8e01-4834-bf44-0c1d693a4b92
inputFiles : 246_7_0uG.root::1::EDM::Local::1;300_3_BKZ.root::1::EDM::Local::2;294_8_iT1.root::1::EDM::Local::3;295_3_dFb.root::1::EDM::Local::4;248_7_nGC.root::1::EDM::Local::5;297_5_nQL.root::1::EDM::Local::6;
Popularity stop
Extracted ExitStatus from FrameworkJobReport parsing output: 0
>>> Executable succeded  0
ExeExitCode=0
EXECUTABLE_EXIT_STATUS = 0
>>> current directory /home/cms078/home_crce1_436328034/CREAM436328034/glide_jp6591/execute/dir_10383/CMSSW_5_3_5
>>>  (SOFTWARE_DIR): /home/cms078/home_crce1_436328034/CREAM436328034/glide_jp6591/execute/dir_10383/CMSSW_5_3_5
>>> (WORKING_DIR): 
>>> current directory content:
total 156
drwxr-xr-x 3 cms078 cms  4096 Nov 27 02:39 .SCRAM
-rw-r--r-- 1 cms078 cms 30066 Nov 27 02:40 CMSSW.py.pkl
drwxr-xr-x 3 cms078 cms  4096 Nov 27 02:40 bin
drwxr-xr-x 3 cms078 cms  4096 Nov 27 02:40 cfipython
drwxr-xr-x 5 cms078 cms  4096 Nov 27 02:39 config
-rw-r--r-- 1 cms078 cms    16 Nov 27 02:48 cpu_timing.txt
drwxr-xr-x 2 cms078 cms  4096 Nov 27 02:40 doc
-rw-r--r-- 1 cms078 cms 12304 Nov 27 02:48 executable.out
drwxr-xr-x 2 cms078 cms  4096 Nov 27 02:40 include
drwxrwxrwx 3 cms078 cms  4096 Oct 22 16:38 lib
drwxr-xr-x 3 cms078 cms  4096 Nov 27 02:40 logs
drwxr-xr-x 3 cms078 cms  4096 Nov 27 02:40 objs
-rw-r--r-- 1 cms078 cms 17064 Nov 27 02:48 optHistograms.root
-rw-r--r-- 1 cms078 cms   104 Nov 27 02:40 pset.py
-rw-r--r-- 1 cms078 cms 19659 Nov 27 02:40 pset.py.pkl
-rw-r--r-- 1 cms078 cms   289 Nov 27 02:40 pset.pyc
drwxr-xr-x 2 cms078 cms  4096 Nov 27 02:40 python
-rw-r--r-- 1 cms078 cms   423 Nov 27 02:48 report.log
drwxrwxrwx 4 cms078 cms  4096 Nov 27 02:39 src
drwxr-xr-x 3 cms078 cms  4096 Nov 27 02:40 test
drwxr-xr-x 3 cms078 cms  4096 Nov 27 02:40 tmp
>>> current directory /home/cms078/home_crce1_436328034/CREAM436328034/glide_jp6591/execute/dir_10383/CMSSW_5_3_5
>>> (SOFTWARE_DIR): /home/cms078/home_crce1_436328034/CREAM436328034/glide_jp6591/execute/dir_10383/CMSSW_5_3_5
>>> (WORKING_DIR): 
>>> current directory content:
total 136
drwxr-xr-x 3 cms078 cms  4096 Nov 27 02:39 .SCRAM
-rw-r--r-- 1 cms078 cms 30066 Nov 27 02:40 CMSSW.py.pkl
drwxr-xr-x 3 cms078 cms  4096 Nov 27 02:40 bin
drwxr-xr-x 3 cms078 cms  4096 Nov 27 02:40 cfipython
drwxr-xr-x 5 cms078 cms  4096 Nov 27 02:39 config
-rw-r--r-- 1 cms078 cms    16 Nov 27 02:48 cpu_timing.txt
drwxr-xr-x 2 cms078 cms  4096 Nov 27 02:40 doc
-rw-r--r-- 1 cms078 cms 12304 Nov 27 02:48 executable.out
drwxr-xr-x 2 cms078 cms  4096 Nov 27 02:40 include
drwxrwxrwx 3 cms078 cms  4096 Oct 22 16:38 lib
drwxr-xr-x 3 cms078 cms  4096 Nov 27 02:40 logs
drwxr-xr-x 3 cms078 cms  4096 Nov 27 02:40 objs
-rw-r--r-- 1 cms078 cms   104 Nov 27 02:40 pset.py
-rw-r--r-- 1 cms078 cms 19659 Nov 27 02:40 pset.py.pkl
-rw-r--r-- 1 cms078 cms   289 Nov 27 02:40 pset.pyc
drwxr-xr-x 2 cms078 cms  4096 Nov 27 02:40 python
-rw-r--r-- 1 cms078 cms   423 Nov 27 02:48 report.log
drwxrwxrwx 4 cms078 cms  4096 Nov 27 02:39 src
drwxr-xr-x 3 cms078 cms  4096 Nov 27 02:40 test
drwxr-xr-x 3 cms078 cms  4096 Nov 27 02:40 tmp
>>> current directory (RUNTIME_AREA):  /home/cms078/home_crce1_436328034/CREAM436328034/glide_jp6591/execute/dir_10383
>>> current dir: /home/cms078/home_crce1_436328034/CREAM436328034/glide_jp6591/execute/dir_10383
>>> current dir content:
total 25804
-rw-rw-rw-  1 cms078 cms     5612 Nov 27 02:39 .job.ad
-rw-rw-rw-  1 cms078 cms    11531 Nov 27 02:39 .machine.ad
-rw-rw-rw-  1 cms078 cms      105 Nov 27 01:30 CMSSW.py
-rw-rw-rw-  1 cms078 cms    30066 Nov 27 01:30 CMSSW.py.pkl
-rwxrw-rw-  1 cms078 cms    23339 Nov 27 02:39 CMSSW.sh
-rw-rw-rw-  1 cms078 cms        0 Nov 27 02:39 CMSSW_100.stderr
-rw-rw-rw-  1 cms078 cms    28702 Nov 27 02:48 CMSSW_100.stdout
drwxr-xr-x 15 cms078 cms     4096 Nov 27 02:48 CMSSW_5_3_5
-rw-r--r--  1 cms078 cms      347 Nov 27 02:39 CacheEnv.sh
-rw-rw-rw-  1 cms078 cms     7291 Jun  9  2010 DashboardAPI.py
-rw-r--r--  1 cms078 cms     6883 Nov 27 02:40 DashboardAPI.pyc
drwxrwxrwx  3 cms078 cms     4096 Nov 27 02:48 IMProv
-rw-rw-rw-  1 cms078 cms     2748 Mar  8  2006 Logger.py
-rw-r--r--  1 cms078 cms     3353 Nov 27 02:40 Logger.pyc
-rw-rw-rw-  1 cms078 cms    24524 Mar 28  2008 ProcInfo.py
-rw-r--r--  1 cms078 cms    23470 Nov 27 02:40 ProcInfo.pyc
drwxrwxrwx  7 cms078 cms     4096 Nov 27 02:40 ProdCommon
drwxrwxrwx  3 cms078 cms     4096 Nov 27 02:39 WMCore
-rw-r--r--  1 cms078 cms     2300 Nov 27 02:47 Watchdog_100.log
-rw-rw-rw-  1 cms078 cms    32895 Mar 28  2008 apmon.py
-rw-r--r--  1 cms078 cms    28874 Nov 27 02:40 apmon.pyc
-rw-rw-rw-  1 cms078 cms   104551 Nov 27 02:39 arguments.xml
-rwxrwxrwx  1 cms078 cms    37427 Sep 13 14:14 cmscp.py
-rwxrwxrwx  1 cms078 cms    23339 Nov 27 02:39 condor_exec.exe
-rw-rw-rw-  1 cms078 cms      545 Nov 27 01:30 crab.cfg
-rwxrwxrwx  1 cms078 cms     9531 Sep 20 21:46 crabWatchdog.sh
-rw-r--r--  1 cms078 cms    53273 Nov 27 02:48 crab_fjr_100.xml
-rw-rw-rw-  1 cms078 cms 25796294 Nov 27 02:39 default.tgz
-rwxrwxrwx  1 cms078 cms     4488 May 12  2012 fillCrabFjr.py
-rw-r--r--  1 cms078 cms     1087 Nov 27 02:40 inputsReport.txt
-rw-r--r--  1 cms078 cms      133 Nov 27 02:48 jobreport.txt
lrwxrwxrwx  1 cms078 cms      108 Nov 27 02:48 optHistograms.root -> /home/cms078/home_crce1_436328034/CREAM436328034/glide_jp6591/execute/dir_10383/optHistograms_100_1_aSs.root
-rw-r--r--  1 cms078 cms    17064 Nov 27 02:48 optHistograms_100_1_aSs.root
-rw-rw-rw-  1 cms078 cms    17352 Jan 20  2012 parseCrabFjr.py
-rw-r--r--  1 cms078 cms      286 Nov 27 02:39 report.log
-rwxrwxrwx  1 cms078 cms     1497 May 27  2009 report.py
-rwxrwxrwx  1 cms078 cms     8387 Mar 23  2011 writeCfg.py
-rw-------  1 cms078 cms     8691 Nov 27 02:39 x509up_u1000009
Checking output files:  
will tar file optHistograms_100_1_aSs.root in  out_files_100
will tar file crab_fjr_100.xml in  out_files_100
will tar file CMSSW_100.stdout in  out_files_100
will tar file CMSSW_100.stderr in  out_files_100
WARNING: output file Watchdog_100.log.gz not found!
>>> padding time: Sleeping the wrapper for 58 seconds
STOPPING WATCHDOG. CrabWatchdog PID is 13150
********** LAST 50 LINES OF WATCHDOG LOG
# RESOURCE USAGE SUMMARY FOR PROCESS ID 11583
USER       PID %CPU %MEM    VSZ   RSS TTY      STAT START   TIME COMMAND
cms078   11583  0.2  0.0   8956  1488 ?        S    02:39   0:00 /bin/sh /home/cms078/home_crce1_436328034/CREAM436328034/glide_jp6591/execute/dir_10383/condor_exec.exe 100 1
 
# LIMITS USED BY THIS WATCHDOG:
# RSS  (KBytes)  : 2300000
# VSZ  (KBytes)  : 100000000
# DISK (MBytes)  : 19000
# CPU  (seconds) : 171600
# WALL (seconds) : 171600
 
# FOLLOWING PRINTOUT TRACKS MAXIMUM VALUES OF RESOURCES USE
# ONE LINE IS PRINTED EACH TIME A MAXIMUM CHANGES
# IF CHANGE WAS IN RSS OR VSZ ALSO PROCID AND COMMAND ARE PRINTED
# THERE IS NO PRINTOUT FOR CPU/WALL TIME INCREASE
 
# TIME			PID	RSS(KB)	VSZ(KB)	Dsk(MB)	tCPU(s)	tWALL(s)	COMMAND
 Nov 27 02:40:05 EET	6139	1324	8896	0	0	4084	-bash         
 Nov 27 02:40:05 EET	6233	1488	8952	0	0	4084	/bin/sh -l ./CREAM436328034_jobWrapper.sh       
 Nov 27 02:40:05 EET	6519	2676	25504	0	0	4083	perl -e ?use Socket;??sub send_notify {? $cream_url = "193.40.150.141:49152";die "No
 Nov 27 02:40:05 EET	10383	5424	25504	0	0	25	condor_starter -f submit-2.t2.ucsd.edu       
 Nov 27 02:40:05 EET	14673	5848	25504	0	1	4025	/home/cms078/home_crce1_436328034/CREAM436328034/glide_jp6591/main/condor/sbin/condor_master -f -pidfile /home/cms078/home_crce1_436328034/CREAM436328034/glide_jp6591/condor_master2.pid      
 Nov 27 02:40:05 EET	---	5848	25504	168	----	----	----
 Nov 27 02:41:14 EET	14600	354548	555880	168	23	65	cmsRun -j /home/cms078/home_crce1_436328034/CREAM436328034/glide_jp6591/execute/dir_10383/crab_fjr_100.xml -p pset.py     
 Nov 27 02:42:28 EET	14600	359052	557416	168	67	139	cmsRun -j /home/cms078/home_crce1_436328034/CREAM436328034/glide_jp6591/execute/dir_10383/crab_fjr_100.xml -p pset.py     
 Nov 27 02:43:43 EET	14600	360156	557672	168	102	210	cmsRun -j /home/cms078/home_crce1_436328034/CREAM436328034/glide_jp6591/execute/dir_10383/crab_fjr_100.xml -p pset.py     
 Nov 27 02:46:04 EET	14600	360504	558184	168	190	357	cmsRun -j /home/cms078/home_crce1_436328034/CREAM436328034/glide_jp6591/execute/dir_10383/crab_fjr_100.xml -p pset.py     
 Nov 27 02:47:21 EET	14600	361176	558440	168	233	433	cmsRun -j /home/cms078/home_crce1_436328034/CREAM436328034/glide_jp6591/execute/dir_10383/crab_fjr_100.xml -p pset.py     
 Nov 27 02:49:44 EET	---	361176	558440	169	----	----	----
********** WATCHDOG LOG ENDED
ZIPPING WATCHDOG LOG
Disk space used:
du -sh /home/cms078/home_crce1_436328034/CREAM436328034/glide_jp6591/execute/dir_10383
169M	/home/cms078/home_crce1_436328034/CREAM436328034/glide_jp6591/execute/dir_10383
>>> info for dashboard:
***** Cat /home/cms078/home_crce1_436328034/CREAM436328034/glide_jp6591/execute/dir_10383/jobreport.txt *****
MonitorJobID=100_https://submit-2.t2.ucsd.edu//121127//17531.99
MonitorID=liis_crab_0_121127_013010_p7r30o
ExeTime=501
ExeExitCode=0
CrabUserCpuTime=262.00
CrabSysCpuTime=8.13
CrabCpuPercentage=53%
CrabWrapperTime=600
CrabStageoutTime=NULL
***** End Cat jobreport *****
Parameters sent to Dashboard.
optHistograms_100_1_aSs.root
crab_fjr_100.xml
CMSSW_100.stdout
CMSSW_100.stderr
Watchdog_100.log.gz
tar: .BrokerInfo: Cannot stat: No such file or directory
tar: Error exit delayed from previous errors
Total Output dimension: 28116
WARNING: output files size limit is set to: 50000000
Total Output dimension 28116 is fine.
JOB_EXIT_STATUS = 0
>>> info for dashboard:
***** Cat /home/cms078/home_crce1_436328034/CREAM436328034/glide_jp6591/execute/dir_10383/jobreport.txt *****
MonitorJobID=100_https://submit-2.t2.ucsd.edu//121127//17531.99
MonitorID=liis_crab_0_121127_013010_p7r30o
JobExitCode=0
***** End Cat jobreport *****
Parameters sent to Dashboard.
optHistograms_100_1_aSs.root
crab_fjr_100.xml
