This script was generated by crab (version 2.8.3).
Running /home/cms067/home_crce1_161134032/CREAM161134032/glide_P12610/execute/dir_12970/condor_exec.exe with 2 positional parameters: 79 1
Today is Tue Nov 27 02:34:47 EET 2012
Job submitted on host wn-v-2576.local
Linux wn-v-2576.local 2.6.32-042stab059.7 #1 SMP Tue Jul 24 19:12:01 MSK 2012 x86_64 x86_64 x86_64 GNU/Linux
>>> current directory (RUNTIME_AREA): /home/cms067/home_crce1_161134032/CREAM161134032/glide_P12610/execute/dir_12970
>>> current user: uid=11067(cms067) gid=1400(cms) groups=1400(cms)
>>> voms proxy information:
subject   : /DC=ch/DC=cern/OU=Organic Units/OU=Users/CN=liis/CN=663550/CN=Liis Rebane/CN=proxy/CN=limited proxy
issuer    : /DC=ch/DC=cern/OU=Organic Units/OU=Users/CN=liis/CN=663550/CN=Liis Rebane/CN=proxy
identity  : /DC=ch/DC=cern/OU=Organic Units/OU=Users/CN=liis/CN=663550/CN=Liis Rebane/CN=proxy
type      : limited proxy
strength  : 512 bits
path      : /home/cms067/home_crce1_161134032/CREAM161134032/glide_P12610/execute/dir_12970/x509up_u1000009
timeleft  : 23:59:54
key usage : Digital Signature, Key Encipherment, Data Encipherment
=== VO cms extension information ===
VO        : cms
subject   : /DC=ch/DC=cern/OU=Organic Units/OU=Users/CN=liis/CN=663550/CN=Liis Rebane
issuer    : /DC=ch/DC=cern/OU=computers/CN=lcg-voms.cern.ch
attribute : /cms/Role=NULL/Capability=NULL
timeleft  : 190:50:50
uri       : lcg-voms.cern.ch:15002
>>> tar xzf /home/cms067/home_crce1_161134032/CREAM161134032/glide_P12610/execute/dir_12970/default.tgz :
Successful untar
>>> Include /home/cms067/home_crce1_161134032/CREAM161134032/glide_P12610/execute/dir_12970 in PYTHONPATH:
strip arguments
env var CRAB_UNIQUE_JOB_ID set to: liis_crab_0_121127_013010_p7r30o_79_1_525
out_files_79
>>> list of expected files on output sandbox
output files: optHistograms_79_1_525.root crab_fjr_79.xml CMSSW_79.stdout CMSSW_79.stderr Watchdog_79.log.gz
>>> GridFlavour discovery: 
GridFlavour=LCG
>>> SyncSite discovery: 
SyncSite=T2_EE_Estonia
>>> SyncCE discovery: 
getting SyncCE from CE_ID
SyncCE=cream1.hep.kbfi.ee:8443/cream-pbs-long
>>> info for dashboard:
***** Cat /home/cms067/home_crce1_161134032/CREAM161134032/glide_P12610/execute/dir_12970/jobreport.txt *****
MonitorJobID=79_https://submit-2.t2.ucsd.edu//121127//17531.78
SyncGridJobId=https://submit-2.t2.ucsd.edu//121127//17531.78
MonitorID=liis_crab_0_121127_013010_p7r30o
GridFlavour=LCG
SyncSite=T2_EE_Estonia
SyncCE=cream1.hep.kbfi.ee:8443/cream-pbs-long
***** End Cat jobreport *****
Parameters sent to Dashboard.
>>> setup environment
set SCRAM ARCH to slc5_amd64_gcc462
SCRAM_ARCH = slc5_amd64_gcc462
>>> setup CMS LCG environment:
set SCRAM ARCH and BUILD_ARCH to slc5_amd64_gcc462 ###
Sourcing environment... 
sourcing /cvmfs/cms.cern.ch/cmsset_default.sh
==> setup cms environment ok
>>> specific cmssw setup environment:
CMSSW_VERSION =  CMSSW_5_3_5
>>> current directory (SOFTWARE_DIR): /home/cms067/home_crce1_161134032/CREAM161134032/glide_P12610/execute/dir_12970/CMSSW_5_3_5
PreserveSeeds: <>
IncrementSeeds:<>
{}
WNHostName=wn-v-2576.local
>>> info for dashboard:
***** Cat /home/cms067/home_crce1_161134032/CREAM161134032/glide_P12610/execute/dir_12970/jobreport.txt *****
MonitorJobID=79_https://submit-2.t2.ucsd.edu//121127//17531.78
MonitorID=liis_crab_0_121127_013010_p7r30o
WNHostName=wn-v-2576.local
***** End Cat jobreport *****
Parameters sent to Dashboard.
crabWatchdog started as process 16390
>>> moving CMSSW software directories in /home/cms067/home_crce1_161134032/CREAM161134032/glide_P12610/execute/dir_12970/CMSSW_5_3_5
mv: cannot stat `/home/cms067/home_crce1_161134032/CREAM161134032/glide_P12610/execute/dir_12970/module/': No such file or directory
>>> Include /home/cms067/home_crce1_161134032/CREAM161134032/glide_P12610/execute/dir_12970 in PYTHONPATH:
PYTHONPATH=/home/cms067/home_crce1_161134032/CREAM161134032/glide_P12610/execute/dir_12970/:/home/cms067/home_crce1_161134032/CREAM161134032/glide_P12610/execute/dir_12970/CMSSW_5_3_5/python:/home/cms067/home_crce1_161134032/CREAM161134032/glide_P12610/execute/dir_12970/CMSSW_5_3_5/lib/slc5_amd64_gcc462:/cvmfs/cms.cern.ch/slc5_amd64_gcc462/cms/cmssw/CMSSW_5_3_5/python:/cvmfs/cms.cern.ch/slc5_amd64_gcc462/cms/cmssw/CMSSW_5_3_5/lib/slc5_amd64_gcc462:/cvmfs/cms.cern.ch/slc5_amd64_gcc462/cms/coral/CORAL_2_3_21-cms27/slc5_amd64_gcc462/python:/cvmfs/cms.cern.ch/slc5_amd64_gcc462/cms/coral/CORAL_2_3_21-cms27/slc5_amd64_gcc462/lib:/cvmfs/cms.cern.ch/slc5_amd64_gcc462/external/pyqt/4.8.1/lib/python2.6/site-packages:/cvmfs/cms.cern.ch/slc5_amd64_gcc462/external/py2-scipy/0.8.0/lib/python2.6/site-packages:/cvmfs/cms.cern.ch/slc5_amd64_gcc462/external/py2-matplotlib/1.0.1/lib/python2.6/site-packages:/cvmfs/cms.cern.ch/slc5_amd64_gcc462/external/python-ldap/2.3.5/lib/python2.6/site-packages:/cvmfs/cms.cern.ch/slc5_amd64_gcc462/external/sip/4.11.2/lib/python2.6/site-packages:/cvmfs/cms.cern.ch/slc5_amd64_gcc462/external/py2-pycurl/7.19.0/lib/python2.6/site-packages:/cvmfs/cms.cern.ch/slc5_amd64_gcc462/external/py2-numpy/1.6.1/lib/python2.6/site-packages:/cvmfs/cms.cern.ch/slc5_amd64_gcc462/external/py2-ipython/0.10/lib/python2.6/site-packages:/cvmfs/cms.cern.ch/slc5_amd64_gcc462/external/py2-cx-oracle/5.1-cms11/lib/python2.6/site-packages:/cvmfs/cms.cern.ch/slc5_amd64_gcc462/external/py2-cjson/1.0.5/lib/python2.6/site-packages:/cvmfs/cms.cern.ch/slc5_amd64_gcc462/cms/das-client/1.4.1-cms8/bin:/cvmfs/cms.cern.ch/slc5_amd64_gcc462/external/elementtree/1.2.6/share/lib/python2.6/site-packages:/cvmfs/cms.cern.ch/slc5_amd64_gcc462/external/rivet/1.5.1-cms10/lib/python2.6/site-packages:/cvmfs/cms.cern.ch/slc5_amd64_gcc462/external/pyminuit2/0.0.1-cms34/lib/python2.6/site-packages:/cvmfs/cms.cern.ch/slc5_amd64_gcc462/external/professor/1.0.0-cms35/lib/python2.6/site-packages:/cvmfs/cms.cern.ch/slc5_amd64_gcc462/lcg/root/5.32.00-cms18/lib:/cvmfs/cms.cern.ch/slc5_amd64_gcc462/cms/dbs-client/DBS_2_1_1_patch1_1/lib:/cvmfs/cms.cern.ch/slc5_amd64_gcc462/cms/dbs-client/DBS_2_1_1_patch1_1/lib/DBSAPI:/home/cms067/home_crce1_161134032/CREAM161134032/glide_P12610/execute/dir_12970/
241a2a19cb7c5c8751ba22759ab3bdb0
PSETHASH = 241a2a19cb7c5c8751ba22759ab3bdb0
/home/cms067/home_crce1_161134032/CREAM161134032/glide_P12610/execute/dir_12970/writeCfg.py pset.py pset.py
Importing .py file
Setting parameters
inputBlocks=/QCD_Pt_80_170_EMEnriched_TuneZ2star_8TeV_pythia6/mario-Summer12-stop-pfele-step1-3d176ac8da5e9dff208d057f4733ca91/USER#1edbd789-8e01-4834-bf44-0c1d693a4b92
inputFiles=/store/user/mario/QCD_Pt_80_170_EMEnriched_TuneZ2star_8TeV_pythia6/Summer12-stop-pfele-step1/3d176ac8da5e9dff208d057f4733ca91/tuple_319_7_f9h.root;/store/user/mario/QCD_Pt_80_170_EMEnriched_TuneZ2star_8TeV_pythia6/Summer12-stop-pfele-step1/3d176ac8da5e9dff208d057f4733ca91/tuple_320_8_wLF.root;/store/user/mario/QCD_Pt_80_170_EMEnriched_TuneZ2star_8TeV_pythia6/Summer12-stop-pfele-step1/3d176ac8da5e9dff208d057f4733ca91/tuple_328_7_JCu.root;/store/user/mario/QCD_Pt_80_170_EMEnriched_TuneZ2star_8TeV_pythia6/Summer12-stop-pfele-step1/3d176ac8da5e9dff208d057f4733ca91/tuple_363_7_LD8.root;/store/user/mario/QCD_Pt_80_170_EMEnriched_TuneZ2star_8TeV_pythia6/Summer12-stop-pfele-step1/3d176ac8da5e9dff208d057f4733ca91/tuple_345_3_Sdl.root
parentFiles=
lumisRange=
>>> Executable cmsRun
/cvmfs/cms.cern.ch/slc5_amd64_gcc462/cms/cmssw/CMSSW_5_3_5/bin/slc5_amd64_gcc462/cmsRun
ok executable found
>>> info for dashboard:
***** Cat /home/cms067/home_crce1_161134032/CREAM161134032/glide_P12610/execute/dir_12970/jobreport.txt *****
MonitorJobID=79_https://submit-2.t2.ucsd.edu//121127//17531.78
MonitorID=liis_crab_0_121127_013010_p7r30o
ExeStart=cmsRun
***** End Cat jobreport *****
Parameters sent to Dashboard.
>>> cmsRun started at Tue Nov 27 00:35:04 UTC 2012
>>> cmsRun ended at Tue Nov 27 00:40:47 UTC 2012
>>> info for dashboard:
***** Cat /home/cms067/home_crce1_161134032/CREAM161134032/glide_P12610/execute/dir_12970/jobreport.txt *****
MonitorJobID=79_https://submit-2.t2.ucsd.edu//121127//17531.78
MonitorID=liis_crab_0_121127_013010_p7r30o
ExeEnd=cmsRun
***** End Cat jobreport *****
Parameters sent to Dashboard.
TIME_EXE = 343 sec
>>> cmsRun wrote 103 lines of stdout+stderr
>>> START OF printout of 103 lines from stdout+stderr
27-Nov-2012 02:35:19 EET  Initiating request to open file file:/hdfs/cms/store/user/mario/QCD_Pt_80_170_EMEnriched_TuneZ2star_8TeV_pythia6/Summer12-stop-pfele-step1/3d176ac8da5e9dff208d057f4733ca91/tuple_319_7_f9h.root
27-Nov-2012 02:35:26 EET  Successfully opened file file:/hdfs/cms/store/user/mario/QCD_Pt_80_170_EMEnriched_TuneZ2star_8TeV_pythia6/Summer12-stop-pfele-step1/3d176ac8da5e9dff208d057f4733ca91/tuple_319_7_f9h.root
Begin processing the 1st record. Run 1, Event 193471185, LumiSection 62050 at 27-Nov-2012 02:35:46.978 EET
Begin processing the 1001st record. Run 1, Event 199121732, LumiSection 63863 at 27-Nov-2012 02:35:55.363 EET
Begin processing the 2001st record. Run 1, Event 127457086, LumiSection 40878 at 27-Nov-2012 02:35:58.322 EET
Begin processing the 3001st record. Run 1, Event 142216217, LumiSection 45612 at 27-Nov-2012 02:36:02.930 EET
Begin processing the 4001st record. Run 1, Event 142809387, LumiSection 45802 at 27-Nov-2012 02:36:05.764 EET
Begin processing the 5001st record. Run 1, Event 164228227, LumiSection 52672 at 27-Nov-2012 02:36:09.698 EET
Begin processing the 6001st record. Run 1, Event 171014283, LumiSection 54848 at 27-Nov-2012 02:36:12.073 EET
27-Nov-2012 02:36:13 EET  Closed file file:/hdfs/cms/store/user/mario/QCD_Pt_80_170_EMEnriched_TuneZ2star_8TeV_pythia6/Summer12-stop-pfele-step1/3d176ac8da5e9dff208d057f4733ca91/tuple_319_7_f9h.root
27-Nov-2012 02:36:13 EET  Initiating request to open file file:/hdfs/cms/store/user/mario/QCD_Pt_80_170_EMEnriched_TuneZ2star_8TeV_pythia6/Summer12-stop-pfele-step1/3d176ac8da5e9dff208d057f4733ca91/tuple_320_8_wLF.root
27-Nov-2012 02:36:13 EET  Successfully opened file file:/hdfs/cms/store/user/mario/QCD_Pt_80_170_EMEnriched_TuneZ2star_8TeV_pythia6/Summer12-stop-pfele-step1/3d176ac8da5e9dff208d057f4733ca91/tuple_320_8_wLF.root
Begin processing the 7001st record. Run 1, Event 56710325, LumiSection 18189 at 27-Nov-2012 02:36:26.599 EET
Begin processing the 8001st record. Run 1, Event 122461047, LumiSection 39276 at 27-Nov-2012 02:36:29.517 EET
Begin processing the 9001st record. Run 1, Event 142341958, LumiSection 45652 at 27-Nov-2012 02:36:34.100 EET
Begin processing the 10001st record. Run 1, Event 161199244, LumiSection 51700 at 27-Nov-2012 02:36:37.011 EET
Begin processing the 11001st record. Run 1, Event 57401189, LumiSection 18410 at 27-Nov-2012 02:36:39.907 EET
Begin processing the 12001st record. Run 1, Event 136076084, LumiSection 43643 at 27-Nov-2012 02:36:46.087 EET
Begin processing the 13001st record. Run 1, Event 139845216, LumiSection 44851 at 27-Nov-2012 02:36:49.097 EET
Begin processing the 14001st record. Run 1, Event 142907581, LumiSection 45834 at 27-Nov-2012 02:36:54.170 EET
Begin processing the 15001st record. Run 1, Event 177919988, LumiSection 57063 at 27-Nov-2012 02:36:57.227 EET
Begin processing the 16001st record. Run 1, Event 186273385, LumiSection 59742 at 27-Nov-2012 02:37:00.104 EET
Begin processing the 17001st record. Run 1, Event 202325618, LumiSection 64890 at 27-Nov-2012 02:37:06.020 EET
Begin processing the 18001st record. Run 1, Event 36535132, LumiSection 11718 at 27-Nov-2012 02:37:08.724 EET
Begin processing the 19001st record. Run 1, Event 40464326, LumiSection 12978 at 27-Nov-2012 02:37:14.039 EET
Begin processing the 20001st record. Run 1, Event 1747160, LumiSection 561 at 27-Nov-2012 02:37:16.367 EET
Begin processing the 21001st record. Run 1, Event 20945469, LumiSection 6718 at 27-Nov-2012 02:37:19.211 EET
Begin processing the 22001st record. Run 1, Event 38223615, LumiSection 12260 at 27-Nov-2012 02:37:24.002 EET
27-Nov-2012 02:37:25 EET  Closed file file:/hdfs/cms/store/user/mario/QCD_Pt_80_170_EMEnriched_TuneZ2star_8TeV_pythia6/Summer12-stop-pfele-step1/3d176ac8da5e9dff208d057f4733ca91/tuple_320_8_wLF.root
27-Nov-2012 02:37:25 EET  Initiating request to open file file:/hdfs/cms/store/user/mario/QCD_Pt_80_170_EMEnriched_TuneZ2star_8TeV_pythia6/Summer12-stop-pfele-step1/3d176ac8da5e9dff208d057f4733ca91/tuple_328_7_JCu.root
27-Nov-2012 02:37:26 EET  Successfully opened file file:/hdfs/cms/store/user/mario/QCD_Pt_80_170_EMEnriched_TuneZ2star_8TeV_pythia6/Summer12-stop-pfele-step1/3d176ac8da5e9dff208d057f4733ca91/tuple_328_7_JCu.root
Begin processing the 23001st record. Run 1, Event 46010188, LumiSection 14757 at 27-Nov-2012 02:37:38.746 EET
Begin processing the 24001st record. Run 1, Event 47806047, LumiSection 15333 at 27-Nov-2012 02:37:41.274 EET
Begin processing the 25001st record. Run 1, Event 49718971, LumiSection 15946 at 27-Nov-2012 02:37:43.708 EET
Begin processing the 26001st record. Run 1, Event 66865617, LumiSection 21446 at 27-Nov-2012 02:37:47.593 EET
Begin processing the 27001st record. Run 1, Event 1089129, LumiSection 350 at 27-Nov-2012 02:37:50.446 EET
Begin processing the 28001st record. Run 1, Event 34230639, LumiSection 10979 at 27-Nov-2012 02:37:54.934 EET
Begin processing the 29001st record. Run 1, Event 64847279, LumiSection 20798 at 27-Nov-2012 02:37:57.834 EET
Begin processing the 30001st record. Run 1, Event 161534056, LumiSection 51807 at 27-Nov-2012 02:38:04.676 EET
Begin processing the 31001st record. Run 1, Event 185753473, LumiSection 59575 at 27-Nov-2012 02:38:07.570 EET
Begin processing the 32001st record. Run 1, Event 29178752, LumiSection 9359 at 27-Nov-2012 02:38:10.474 EET
Begin processing the 33001st record. Run 1, Event 60899212, LumiSection 19532 at 27-Nov-2012 02:38:16.902 EET
Begin processing the 34001st record. Run 1, Event 76628171, LumiSection 24577 at 27-Nov-2012 02:38:19.477 EET
Begin processing the 35001st record. Run 1, Event 91330961, LumiSection 29292 at 27-Nov-2012 02:38:24.206 EET
Begin processing the 36001st record. Run 1, Event 113369842, LumiSection 36360 at 27-Nov-2012 02:38:26.201 EET
Begin processing the 37001st record. Run 1, Event 78620870, LumiSection 25216 at 27-Nov-2012 02:38:29.071 EET
Begin processing the 38001st record. Run 1, Event 90993491, LumiSection 29184 at 27-Nov-2012 02:38:32.403 EET
27-Nov-2012 02:38:34 EET  Closed file file:/hdfs/cms/store/user/mario/QCD_Pt_80_170_EMEnriched_TuneZ2star_8TeV_pythia6/Summer12-stop-pfele-step1/3d176ac8da5e9dff208d057f4733ca91/tuple_328_7_JCu.root
27-Nov-2012 02:38:34 EET  Initiating request to open file file:/hdfs/cms/store/user/mario/QCD_Pt_80_170_EMEnriched_TuneZ2star_8TeV_pythia6/Summer12-stop-pfele-step1/3d176ac8da5e9dff208d057f4733ca91/tuple_363_7_LD8.root
27-Nov-2012 02:38:34 EET  Successfully opened file file:/hdfs/cms/store/user/mario/QCD_Pt_80_170_EMEnriched_TuneZ2star_8TeV_pythia6/Summer12-stop-pfele-step1/3d176ac8da5e9dff208d057f4733ca91/tuple_363_7_LD8.root
Begin processing the 39001st record. Run 1, Event 27528906, LumiSection 8830 at 27-Nov-2012 02:38:46.831 EET
Begin processing the 40001st record. Run 1, Event 36369975, LumiSection 11665 at 27-Nov-2012 02:38:49.829 EET
Begin processing the 41001st record. Run 1, Event 40720842, LumiSection 13060 at 27-Nov-2012 02:38:52.796 EET
Begin processing the 42001st record. Run 1, Event 73440469, LumiSection 23554 at 27-Nov-2012 02:38:57.411 EET
Begin processing the 43001st record. Run 1, Event 78146517, LumiSection 25064 at 27-Nov-2012 02:39:00.806 EET
Begin processing the 44001st record. Run 1, Event 195896244, LumiSection 62828 at 27-Nov-2012 02:39:06.982 EET
Begin processing the 45001st record. Run 1, Event 200340268, LumiSection 64253 at 27-Nov-2012 02:39:09.960 EET
Begin processing the 46001st record. Run 1, Event 39396733, LumiSection 12636 at 27-Nov-2012 02:39:12.897 EET
Begin processing the 47001st record. Run 1, Event 195769790, LumiSection 62787 at 27-Nov-2012 02:39:16.946 EET
Begin processing the 48001st record. Run 1, Event 44820208, LumiSection 14375 at 27-Nov-2012 02:39:19.868 EET
Begin processing the 49001st record. Run 1, Event 191423838, LumiSection 61394 at 27-Nov-2012 02:39:24.582 EET
Begin processing the 50001st record. Run 1, Event 19633971, LumiSection 6297 at 27-Nov-2012 02:39:27.509 EET
Begin processing the 51001st record. Run 1, Event 71603630, LumiSection 22965 at 27-Nov-2012 02:39:30.382 EET
Begin processing the 52001st record. Run 1, Event 187850464, LumiSection 60248 at 27-Nov-2012 02:39:33.991 EET
Begin processing the 53001st record. Run 1, Event 213709897, LumiSection 68541 at 27-Nov-2012 02:39:36.649 EET
Begin processing the 54001st record. Run 1, Event 159213351, LumiSection 51063 at 27-Nov-2012 02:39:39.979 EET
27-Nov-2012 02:39:42 EET  Closed file file:/hdfs/cms/store/user/mario/QCD_Pt_80_170_EMEnriched_TuneZ2star_8TeV_pythia6/Summer12-stop-pfele-step1/3d176ac8da5e9dff208d057f4733ca91/tuple_363_7_LD8.root
27-Nov-2012 02:39:42 EET  Initiating request to open file file:/hdfs/cms/store/user/mario/QCD_Pt_80_170_EMEnriched_TuneZ2star_8TeV_pythia6/Summer12-stop-pfele-step1/3d176ac8da5e9dff208d057f4733ca91/tuple_345_3_Sdl.root
27-Nov-2012 02:39:42 EET  Successfully opened file file:/hdfs/cms/store/user/mario/QCD_Pt_80_170_EMEnriched_TuneZ2star_8TeV_pythia6/Summer12-stop-pfele-step1/3d176ac8da5e9dff208d057f4733ca91/tuple_345_3_Sdl.root
Begin processing the 55001st record. Run 1, Event 17623579, LumiSection 5653 at 27-Nov-2012 02:39:53.168 EET
Begin processing the 56001st record. Run 1, Event 22021589, LumiSection 7063 at 27-Nov-2012 02:39:56.017 EET
Begin processing the 57001st record. Run 1, Event 40194726, LumiSection 12892 at 27-Nov-2012 02:39:58.843 EET
Begin processing the 58001st record. Run 1, Event 36918714, LumiSection 11841 at 27-Nov-2012 02:40:02.808 EET
Begin processing the 59001st record. Run 1, Event 43106007, LumiSection 13825 at 27-Nov-2012 02:40:05.713 EET
Begin processing the 60001st record. Run 1, Event 78767689, LumiSection 25263 at 27-Nov-2012 02:40:11.223 EET
Begin processing the 61001st record. Run 1, Event 89513641, LumiSection 28709 at 27-Nov-2012 02:40:14.671 EET
Begin processing the 62001st record. Run 1, Event 104611178, LumiSection 33551 at 27-Nov-2012 02:40:17.668 EET
Begin processing the 63001st record. Run 1, Event 188695296, LumiSection 60519 at 27-Nov-2012 02:40:22.681 EET
Begin processing the 64001st record. Run 1, Event 197420384, LumiSection 63317 at 27-Nov-2012 02:40:25.729 EET
Begin processing the 65001st record. Run 1, Event 3622130, LumiSection 1162 at 27-Nov-2012 02:40:29.620 EET
Begin processing the 66001st record. Run 1, Event 5454014, LumiSection 1750 at 27-Nov-2012 02:40:32.637 EET
Begin processing the 67001st record. Run 1, Event 951604, LumiSection 306 at 27-Nov-2012 02:40:35.619 EET
Begin processing the 68001st record. Run 1, Event 2697340, LumiSection 866 at 27-Nov-2012 02:40:39.774 EET
Begin processing the 69001st record. Run 1, Event 6025259, LumiSection 1933 at 27-Nov-2012 02:40:42.661 EET
27-Nov-2012 02:40:46 EET  Closed file file:/hdfs/cms/store/user/mario/QCD_Pt_80_170_EMEnriched_TuneZ2star_8TeV_pythia6/Summer12-stop-pfele-step1/3d176ac8da5e9dff208d057f4733ca91/tuple_345_3_Sdl.root

=============================================

MessageLogger Summary

 type     category        sev    module        subroutine        count    total
 ---- -------------------- -- ---------------- ----------------  -----    -----
    1 fileAction           -s file_close                             5        5
    2 fileAction           -s file_open                             10       10

 type    category    Examples: run/evt        run/evt          run/evt
 ---- -------------------- ---------------- ---------------- ----------------
    1 fileAction           PostProcessEvent PostProcessEvent PostEndRun
    2 fileAction           pre-events       pre-events       PostProcessEvent

Severity    # Occurrences   Total Occurrences
--------    -------------   -----------------
System                 15                  15
>>> END OF printout of 103 lines from stdout+stderr
>>> Parse FrameworkJobReport crab_fjr.xml
Result of parsing the FrameworkJobReport crab_fjr.xml: Popularity start
lumisRange : 1::306,376,434,508,633,679,866,1049,1162,1242,1248,1261,1278,1402,1581,1612,1618,1710,1750,1778,1800,1933,1938,2121,2270,2490,2518,2529,2747,2850,3176,3401,3619,4067,4446,4486,4720,5390,5579,5581,5606,5653,6109,6188,6241,6261,6611,6676,6683,6915,7063,7484,7682,7722,7844,7935,8104,8326,8402,8486,8580,8768,8777,9608,9968,10076,10082,10097,10137,10147,10460,10573,11005,11791,11817,11841,12118,12126,12140,12687,12849-12850,12892,12933,13476,13801,13823,13825,13947,14704,14810,14824,14917,15124,15175,15249,15476,15606,15687,15895,16034,18845,19768,24339,24435,24705,25263-25264,25382,26463,26838,27870,27979,27984,28291,28611,28709,28926,28984,29042,31495,32027,32174,32616,33551,34683,35316,36572,36636,38823,57479,58407,58469,59675,59721,59987,60371,60519,60853,60935-60936,61186,61280,61594,61662,62042,62074,63317,63358,64369,65054-65055,65241,66195,71156::1;1::530,561,3439,5741,5781,6136,6143,6147,6235,6527,6718,6817,6958,10250,11687,11699-11700,11711-11712,11718,11721,11731,11736,11755,12157,12164,12210,12213,12217,12260,12362,12496,12927,12977-12978,13044,13048-13049,13353,13416,13472,13474,13781,13919-13920,16743,16895,17181,17183,17790,17793,18182,18189-18190,18207,18216,18224,18226,18228,18410,20174,20292,21298,24189,26981,27246,27452,27506,27520,27578,27792,28643,28837,30892,30895-30896,30906,30911,37786,39276,39575,40889,40901,41137,43643,44224,44702-44703,44705-44706,44851,44856,44976,44978,44982,45110,45570,45644-45645,45651-45652,45657,45660,45691,45832,45834,46038,46228,46317,46365,46706,46846-46847,47457,47481,47513,51700,51780,52095,52099,52648,52674,52743,52754,52784,52836,53108,53199,53749,53991,55997,56091,56213,56440,56510,56646,57063,57065,57348,57476,57719-57720,58087,58341,58466,58584,58703,59346,59742,61045,61301,61764,61807,61922,62806,63485,63785,63868,64842,64890,65133,65716-65717,67153-67154,68924,68972,71668::2;1::12364,12977,34921,40878,40903,40974,44974,45109,45401,45464,45574-45575,45581-45583,45610,45612,45639-45640,45646,45654-45655,45659,45734,45756,45802,46041,46083,46792,49427,51051,52079,52084,52133,52672,52676,52852,52895,52934,52983,53798,53992,54222,54382,54428,54848,55681,56255-56256,62050,62221,62264,62314,62589,63013,63220,63283,63786,63861,63863,64793,68297,68889,69746,69843-69844,70405,71223,72548::3;1::557,4505,4628,5023,5076,5329,5953,5961,6297,6691,7256,7747,8199,8442,8781,8830,9667,9703,9953,9994,10148,10176,10286,10300,10338,10357,10517,11351,11392,11665,11932,11970,11977,12006,12279,12463,12580,12636,12668,12881,12995,13006,13060,13169,13440,14191,14375,14401,14590,16261,16390,17587,18458,19379,19405,20557,20795,21513,22428,22867,22965,23280,23393,23554,23576,23624,23643,23914,24148,24209,24825,25064,25087,25133,25946,26236,26376,27729,27839,28935,29643,32613,33231,33544,37458,38658,38923,39685,39906,40110,40686,40710,40806,41477,42670,45793-45794,49239,49310,51063,52644,52646,58962,59662,59717,59774,60023,60248,60365,60369-60370,60735,60850,60985,61394,61402,61636,61730-61731,61795,61802,61956,61960,62007,62513,62619,62621,62787,62828,62836,62899,62948,62985,62996,63154,63310,63319,63353,63359,63411,63475,63546,63616,63720,64253,64426,64657,66316,66567,66614,66618,66868,68069,68367,68474,68540-68541,68739,68842-68843,68879-68880,68911,69018,69108,69112,69616,69672,71498,72542::4;1::204,350,1912,4936,6051,7237,8003,8260,8701,9006,9008,9359,9382,9740,10873,10979,11117,11228,11325,11346,11437,11574,11672,11774,11926,12265,12322,12947,13007,13617,14094,14100,14171,14706,14757,14831,14978,15016,15140,15150,15155,15287,15305,15333,15355,15450,15622,15670,15886,15946,16103,16166,16293,16495,16701,17041,17043,17280,17791,17801,18026,18124,18419,18770,19094,19378,19532,19703,19822,19860,20163,20416,20765,20798,20893,20995,21111,21446,21535,21550,21773,22521,22735,22784,23029,23080,23548,24310,24384,24458,24463,24485,24577,24666,24834,24914,24973,24985,25152,25216,25487,26056,26085,26136,26546,26766,26962,27229,27544,27827,27858,27961,27986,28417,29137,29184,29292,29538,29883,30061,30099,30333,30467,30478,30691,30721,30905,30925,31257,32112,33065,33970,36360,36862,40882,48244-48245,50990,51018,51335,51707,51807,53075,53563,53657,53691,53776,53821,53920,53972,55293,55305,55318,56228,58866,59575,60485,62842,63184,63202,64858,65424,65516,65651,66766,67426,67813,67982,67984::5;
lumisParentRange : 
Basename : /store/user/mario/QCD_Pt_80_170_EMEnriched_TuneZ2star_8TeV_pythia6/Summer12-stop-pfele-step1/3d176ac8da5e9dff208d057f4733ca91/tuple_3
BasenameParent : 
parentFiles : 
inputBlocks : /QCD_Pt_80_170_EMEnriched_TuneZ2star_8TeV_pythia6/mario-Summer12-stop-pfele-step1-3d176ac8da5e9dff208d057f4733ca91/USER#1edbd789-8e01-4834-bf44-0c1d693a4b92
inputFiles : 45_3_Sdl.root::1::EDM::Local::1;20_8_wLF.root::1::EDM::Local::2;19_7_f9h.root::1::EDM::Local::3;63_7_LD8.root::1::EDM::Local::4;28_7_JCu.root::1::EDM::Local::5;
Popularity stop
Extracted ExitStatus from FrameworkJobReport parsing output: 0
>>> Executable succeded  0
ExeExitCode=0
EXECUTABLE_EXIT_STATUS = 0
>>> current directory /home/cms067/home_crce1_161134032/CREAM161134032/glide_P12610/execute/dir_12970/CMSSW_5_3_5
>>>  (SOFTWARE_DIR): /home/cms067/home_crce1_161134032/CREAM161134032/glide_P12610/execute/dir_12970/CMSSW_5_3_5
>>> (WORKING_DIR): 
>>> current directory content:
total 152
drwxr-xr-x 3 cms067 cms  4096 Nov 27 02:34 .SCRAM
-rw-r--r-- 1 cms067 cms 30066 Nov 27 02:34 CMSSW.py.pkl
drwxr-xr-x 3 cms067 cms  4096 Nov 27 02:34 bin
drwxr-xr-x 3 cms067 cms  4096 Nov 27 02:34 cfipython
drwxr-xr-x 5 cms067 cms  4096 Nov 27 02:34 config
-rw-r--r-- 1 cms067 cms    16 Nov 27 02:40 cpu_timing.txt
drwxr-xr-x 2 cms067 cms  4096 Nov 27 02:34 doc
-rw-r--r-- 1 cms067 cms 11671 Nov 27 02:40 executable.out
drwxr-xr-x 2 cms067 cms  4096 Nov 27 02:34 include
drwxrwxrwx 3 cms067 cms  4096 Oct 22 16:38 lib
drwxr-xr-x 3 cms067 cms  4096 Nov 27 02:34 logs
drwxr-xr-x 3 cms067 cms  4096 Nov 27 02:34 objs
-rw-r--r-- 1 cms067 cms 16791 Nov 27 02:40 optHistograms.root
-rw-r--r-- 1 cms067 cms   104 Nov 27 02:35 pset.py
-rw-r--r-- 1 cms067 cms 19502 Nov 27 02:35 pset.py.pkl
-rw-r--r-- 1 cms067 cms   289 Nov 27 02:35 pset.pyc
drwxr-xr-x 2 cms067 cms  4096 Nov 27 02:34 python
-rw-r--r-- 1 cms067 cms   420 Nov 27 02:40 report.log
drwxrwxrwx 4 cms067 cms  4096 Nov 27 02:34 src
drwxr-xr-x 3 cms067 cms  4096 Nov 27 02:34 test
drwxr-xr-x 3 cms067 cms  4096 Nov 27 02:34 tmp
>>> current directory /home/cms067/home_crce1_161134032/CREAM161134032/glide_P12610/execute/dir_12970/CMSSW_5_3_5
>>> (SOFTWARE_DIR): /home/cms067/home_crce1_161134032/CREAM161134032/glide_P12610/execute/dir_12970/CMSSW_5_3_5
>>> (WORKING_DIR): 
>>> current directory content:
total 132
drwxr-xr-x 3 cms067 cms  4096 Nov 27 02:34 .SCRAM
-rw-r--r-- 1 cms067 cms 30066 Nov 27 02:34 CMSSW.py.pkl
drwxr-xr-x 3 cms067 cms  4096 Nov 27 02:34 bin
drwxr-xr-x 3 cms067 cms  4096 Nov 27 02:34 cfipython
drwxr-xr-x 5 cms067 cms  4096 Nov 27 02:34 config
-rw-r--r-- 1 cms067 cms    16 Nov 27 02:40 cpu_timing.txt
drwxr-xr-x 2 cms067 cms  4096 Nov 27 02:34 doc
-rw-r--r-- 1 cms067 cms 11671 Nov 27 02:40 executable.out
drwxr-xr-x 2 cms067 cms  4096 Nov 27 02:34 include
drwxrwxrwx 3 cms067 cms  4096 Oct 22 16:38 lib
drwxr-xr-x 3 cms067 cms  4096 Nov 27 02:34 logs
drwxr-xr-x 3 cms067 cms  4096 Nov 27 02:34 objs
-rw-r--r-- 1 cms067 cms   104 Nov 27 02:35 pset.py
-rw-r--r-- 1 cms067 cms 19502 Nov 27 02:35 pset.py.pkl
-rw-r--r-- 1 cms067 cms   289 Nov 27 02:35 pset.pyc
drwxr-xr-x 2 cms067 cms  4096 Nov 27 02:34 python
-rw-r--r-- 1 cms067 cms   420 Nov 27 02:40 report.log
drwxrwxrwx 4 cms067 cms  4096 Nov 27 02:34 src
drwxr-xr-x 3 cms067 cms  4096 Nov 27 02:34 test
drwxr-xr-x 3 cms067 cms  4096 Nov 27 02:34 tmp
>>> current directory (RUNTIME_AREA):  /home/cms067/home_crce1_161134032/CREAM161134032/glide_P12610/execute/dir_12970
>>> current dir: /home/cms067/home_crce1_161134032/CREAM161134032/glide_P12610/execute/dir_12970
>>> current dir content:
total 25792
-rw-rw-rw-  1 cms067 cms     5603 Nov 27 02:34 .job.ad
-rw-rw-rw-  1 cms067 cms    11432 Nov 27 02:34 .machine.ad
-rw-rw-rw-  1 cms067 cms      105 Nov 27 01:30 CMSSW.py
-rw-rw-rw-  1 cms067 cms    30066 Nov 27 01:30 CMSSW.py.pkl
-rwxrw-rw-  1 cms067 cms    23339 Nov 27 02:34 CMSSW.sh
drwxr-xr-x 15 cms067 cms     4096 Nov 27 02:40 CMSSW_5_3_5
-rw-rw-rw-  1 cms067 cms        0 Nov 27 02:34 CMSSW_79.stderr
-rw-rw-rw-  1 cms067 cms    28000 Nov 27 02:40 CMSSW_79.stdout
-rw-r--r--  1 cms067 cms      347 Nov 27 02:34 CacheEnv.sh
-rw-rw-rw-  1 cms067 cms     7291 Jun  9  2010 DashboardAPI.py
-rw-r--r--  1 cms067 cms     6883 Nov 27 02:34 DashboardAPI.pyc
drwxrwxrwx  3 cms067 cms     4096 Nov 27 02:40 IMProv
-rw-rw-rw-  1 cms067 cms     2748 Mar  8  2006 Logger.py
-rw-r--r--  1 cms067 cms     3353 Nov 27 02:34 Logger.pyc
-rw-rw-rw-  1 cms067 cms    24524 Mar 28  2008 ProcInfo.py
-rw-r--r--  1 cms067 cms    23470 Nov 27 02:34 ProcInfo.pyc
drwxrwxrwx  7 cms067 cms     4096 Nov 27 02:35 ProdCommon
drwxrwxrwx  3 cms067 cms     4096 Nov 27 02:34 WMCore
-rw-r--r--  1 cms067 cms     2122 Nov 27 02:40 Watchdog_79.log
-rw-rw-rw-  1 cms067 cms    32895 Mar 28  2008 apmon.py
-rw-r--r--  1 cms067 cms    28874 Nov 27 02:34 apmon.pyc
-rw-rw-rw-  1 cms067 cms   104551 Nov 27 02:34 arguments.xml
-rwxrwxrwx  1 cms067 cms    37427 Sep 13 14:14 cmscp.py
-rwxrwxrwx  1 cms067 cms    23339 Nov 27 02:34 condor_exec.exe
-rw-rw-rw-  1 cms067 cms      545 Nov 27 01:30 crab.cfg
-rwxrwxrwx  1 cms067 cms     9531 Sep 20 21:46 crabWatchdog.sh
-rw-r--r--  1 cms067 cms    50079 Nov 27 02:40 crab_fjr_79.xml
-rw-rw-rw-  1 cms067 cms 25796294 Nov 27 02:34 default.tgz
-rwxrwxrwx  1 cms067 cms     4488 May 12  2012 fillCrabFjr.py
-rw-r--r--  1 cms067 cms      940 Nov 27 02:35 inputsReport.txt
-rw-r--r--  1 cms067 cms      132 Nov 27 02:40 jobreport.txt
lrwxrwxrwx  1 cms067 cms      107 Nov 27 02:40 optHistograms.root -> /home/cms067/home_crce1_161134032/CREAM161134032/glide_P12610/execute/dir_12970/optHistograms_79_1_525.root
-rw-r--r--  1 cms067 cms    16791 Nov 27 02:40 optHistograms_79_1_525.root
-rw-rw-rw-  1 cms067 cms    17352 Jan 20  2012 parseCrabFjr.py
-rw-r--r--  1 cms067 cms      285 Nov 27 02:34 report.log
-rwxrwxrwx  1 cms067 cms     1497 May 27  2009 report.py
-rwxrwxrwx  1 cms067 cms     8387 Mar 23  2011 writeCfg.py
-rw-------  1 cms067 cms     8687 Nov 27 02:34 x509up_u1000009
Checking output files:  
will tar file optHistograms_79_1_525.root in  out_files_79
will tar file crab_fjr_79.xml in  out_files_79
will tar file CMSSW_79.stdout in  out_files_79
will tar file CMSSW_79.stderr in  out_files_79
WARNING: output file Watchdog_79.log.gz not found!
>>> padding time: Sleeping the wrapper for 229 seconds
STOPPING WATCHDOG. CrabWatchdog PID is 16390
********** LAST 50 LINES OF WATCHDOG LOG
# RESOURCE USAGE SUMMARY FOR PROCESS ID 15731
USER       PID %CPU %MEM    VSZ   RSS TTY      STAT START   TIME COMMAND
cms067   15731  0.2  0.0   8956  1488 ?        S    02:34   0:00 /bin/sh /home/cms067/home_crce1_161134032/CREAM161134032/glide_P12610/execute/dir_12970/condor_exec.exe 79 1
 
# LIMITS USED BY THIS WATCHDOG:
# RSS  (KBytes)  : 2300000
# VSZ  (KBytes)  : 100000000
# DISK (MBytes)  : 19000
# CPU  (seconds) : 171600
# WALL (seconds) : 171600
 
# FOLLOWING PRINTOUT TRACKS MAXIMUM VALUES OF RESOURCES USE
# ONE LINE IS PRINTED EACH TIME A MAXIMUM CHANGES
# IF CHANGE WAS IN RSS OR VSZ ALSO PROCID AND COMMAND ARE PRINTED
# THERE IS NO PRINTOUT FOR CPU/WALL TIME INCREASE
 
# TIME			PID	RSS(KB)	VSZ(KB)	Dsk(MB)	tCPU(s)	tWALL(s)	COMMAND
 Nov 27 02:34:56 EET	12040	1324	8896	0	0	2898	-bash         
 Nov 27 02:34:56 EET	12112	1488	8952	0	0	2898	/bin/sh -l ./CREAM161134032_jobWrapper.sh       
 Nov 27 02:34:56 EET	12529	2680	25504	0	0	2897	perl -e ?use Socket;??sub send_notify {? $cream_url = "193.40.150.141:49152";die "No
 Nov 27 02:34:56 EET	12970	5388	25504	0	0	22	condor_starter -f submit-2.t2.ucsd.edu       
 Nov 27 02:34:56 EET	25573	6084	25504	0	1	2869	/home/cms067/home_crce1_161134032/CREAM161134032/glide_P12610/main/condor/sbin/condor_master -f -pidfile /home/cms067/home_crce1_161134032/CREAM161134032/glide_P12610/condor_master2.pid      
 Nov 27 02:34:56 EET	---	6084	25504	168	----	----	----
 Nov 27 02:36:01 EET	18606	355236	556648	168	22	60	cmsRun -j /home/cms067/home_crce1_161134032/CREAM161134032/glide_P12610/execute/dir_12970/crab_fjr_79.xml -p pset.py     
 Nov 27 02:37:04 EET	18606	360164	557928	168	65	125	cmsRun -j /home/cms067/home_crce1_161134032/CREAM161134032/glide_P12610/execute/dir_12970/crab_fjr_79.xml -p pset.py     
 Nov 27 02:39:13 EET	18606	361060	558440	168	145	253	cmsRun -j /home/cms067/home_crce1_161134032/CREAM161134032/glide_P12610/execute/dir_12970/crab_fjr_79.xml -p pset.py     
 Nov 27 02:40:18 EET	18606	361096	558952	168	191	318	cmsRun -j /home/cms067/home_crce1_161134032/CREAM161134032/glide_P12610/execute/dir_12970/crab_fjr_79.xml -p pset.py     
 Nov 27 02:41:23 EET	---	361096	558952	169	----	----	----
********** WATCHDOG LOG ENDED
ZIPPING WATCHDOG LOG
Disk space used:
du -sh /home/cms067/home_crce1_161134032/CREAM161134032/glide_P12610/execute/dir_12970
169M	/home/cms067/home_crce1_161134032/CREAM161134032/glide_P12610/execute/dir_12970
>>> info for dashboard:
***** Cat /home/cms067/home_crce1_161134032/CREAM161134032/glide_P12610/execute/dir_12970/jobreport.txt *****
MonitorJobID=79_https://submit-2.t2.ucsd.edu//121127//17531.78
MonitorID=liis_crab_0_121127_013010_p7r30o
ExeTime=343
ExeExitCode=0
CrabUserCpuTime=205.62
CrabSysCpuTime=7.35
CrabCpuPercentage=62%
CrabWrapperTime=600
CrabStageoutTime=NULL
***** End Cat jobreport *****
Parameters sent to Dashboard.
optHistograms_79_1_525.root
crab_fjr_79.xml
CMSSW_79.stdout
CMSSW_79.stderr
Watchdog_79.log.gz
tar: .BrokerInfo: Cannot stat: No such file or directory
tar: Error exit delayed from previous errors
Total Output dimension: 27341
WARNING: output files size limit is set to: 50000000
Total Output dimension 27341 is fine.
JOB_EXIT_STATUS = 0
>>> info for dashboard:
***** Cat /home/cms067/home_crce1_161134032/CREAM161134032/glide_P12610/execute/dir_12970/jobreport.txt *****
MonitorJobID=79_https://submit-2.t2.ucsd.edu//121127//17531.78
MonitorID=liis_crab_0_121127_013010_p7r30o
JobExitCode=0
***** End Cat jobreport *****
Parameters sent to Dashboard.
optHistograms_79_1_525.root
crab_fjr_79.xml
