This script was generated by crab (version 2.8.3).
Running /home/cms078/home_creur_566282167/CREAM566282167/glide_W25805/execute/dir_2655/condor_exec.exe with 2 positional parameters: 23 1
Today is Tue Nov 27 02:31:23 EET 2012
Job submitted on host wn-v-3296.local
Linux wn-v-3296.local 2.6.32-042stab059.7 #1 SMP Tue Jul 24 19:12:01 MSK 2012 x86_64 x86_64 x86_64 GNU/Linux
>>> current directory (RUNTIME_AREA): /home/cms078/home_creur_566282167/CREAM566282167/glide_W25805/execute/dir_2655
>>> current user: uid=11078(cms078) gid=1400(cms) groups=1400(cms)
>>> voms proxy information:
subject   : /DC=ch/DC=cern/OU=Organic Units/OU=Users/CN=liis/CN=663550/CN=Liis Rebane/CN=proxy/CN=limited proxy
issuer    : /DC=ch/DC=cern/OU=Organic Units/OU=Users/CN=liis/CN=663550/CN=Liis Rebane/CN=proxy
identity  : /DC=ch/DC=cern/OU=Organic Units/OU=Users/CN=liis/CN=663550/CN=Liis Rebane/CN=proxy
type      : limited proxy
strength  : 512 bits
path      : /home/cms078/home_creur_566282167/CREAM566282167/glide_W25805/execute/dir_2655/x509up_u1000009
timeleft  : 23:59:34
key usage : Digital Signature, Key Encipherment, Data Encipherment
=== VO cms extension information ===
VO        : cms
subject   : /DC=ch/DC=cern/OU=Organic Units/OU=Users/CN=liis/CN=663550/CN=Liis Rebane
issuer    : /DC=ch/DC=cern/OU=computers/CN=lcg-voms.cern.ch
attribute : /cms/Role=NULL/Capability=NULL
timeleft  : 190:54:14
uri       : lcg-voms.cern.ch:15002
>>> tar xzf /home/cms078/home_creur_566282167/CREAM566282167/glide_W25805/execute/dir_2655/default.tgz :
Successful untar
>>> Include /home/cms078/home_creur_566282167/CREAM566282167/glide_W25805/execute/dir_2655 in PYTHONPATH:
strip arguments
env var CRAB_UNIQUE_JOB_ID set to: liis_crab_0_121127_013010_p7r30o_23_1_FkR
out_files_23
>>> list of expected files on output sandbox
output files: optHistograms_23_1_FkR.root crab_fjr_23.xml CMSSW_23.stdout CMSSW_23.stderr Watchdog_23.log.gz
>>> GridFlavour discovery: 
GridFlavour=LCG
>>> SyncSite discovery: 
SyncSite=T2_EE_Estonia
>>> SyncCE discovery: 
getting SyncCE from CE_ID
SyncCE=europa.hep.kbfi.ee:8443/cream-pbs-long
>>> info for dashboard:
***** Cat /home/cms078/home_creur_566282167/CREAM566282167/glide_W25805/execute/dir_2655/jobreport.txt *****
MonitorJobID=23_https://submit-2.t2.ucsd.edu//121127//17531.22
SyncGridJobId=https://submit-2.t2.ucsd.edu//121127//17531.22
MonitorID=liis_crab_0_121127_013010_p7r30o
GridFlavour=LCG
SyncSite=T2_EE_Estonia
SyncCE=europa.hep.kbfi.ee:8443/cream-pbs-long
***** End Cat jobreport *****
Parameters sent to Dashboard.
>>> setup environment
set SCRAM ARCH to slc5_amd64_gcc462
SCRAM_ARCH = slc5_amd64_gcc462
>>> setup CMS LCG environment:
set SCRAM ARCH and BUILD_ARCH to slc5_amd64_gcc462 ###
Sourcing environment... 
sourcing /cvmfs/cms.cern.ch/cmsset_default.sh
==> setup cms environment ok
>>> specific cmssw setup environment:
CMSSW_VERSION =  CMSSW_5_3_5
>>> current directory (SOFTWARE_DIR): /home/cms078/home_creur_566282167/CREAM566282167/glide_W25805/execute/dir_2655/CMSSW_5_3_5
PreserveSeeds: <>
IncrementSeeds:<>
{}
WNHostName=wn-v-3296.local
>>> info for dashboard:
***** Cat /home/cms078/home_creur_566282167/CREAM566282167/glide_W25805/execute/dir_2655/jobreport.txt *****
MonitorJobID=23_https://submit-2.t2.ucsd.edu//121127//17531.22
MonitorID=liis_crab_0_121127_013010_p7r30o
WNHostName=wn-v-3296.local
***** End Cat jobreport *****
Parameters sent to Dashboard.
crabWatchdog started as process 8325
>>> moving CMSSW software directories in /home/cms078/home_creur_566282167/CREAM566282167/glide_W25805/execute/dir_2655/CMSSW_5_3_5
mv: cannot stat `/home/cms078/home_creur_566282167/CREAM566282167/glide_W25805/execute/dir_2655/module/': No such file or directory
>>> Include /home/cms078/home_creur_566282167/CREAM566282167/glide_W25805/execute/dir_2655 in PYTHONPATH:
PYTHONPATH=/home/cms078/home_creur_566282167/CREAM566282167/glide_W25805/execute/dir_2655/:/home/cms078/home_creur_566282167/CREAM566282167/glide_W25805/execute/dir_2655/CMSSW_5_3_5/python:/home/cms078/home_creur_566282167/CREAM566282167/glide_W25805/execute/dir_2655/CMSSW_5_3_5/lib/slc5_amd64_gcc462:/cvmfs/cms.cern.ch/slc5_amd64_gcc462/cms/cmssw/CMSSW_5_3_5/python:/cvmfs/cms.cern.ch/slc5_amd64_gcc462/cms/cmssw/CMSSW_5_3_5/lib/slc5_amd64_gcc462:/cvmfs/cms.cern.ch/slc5_amd64_gcc462/cms/coral/CORAL_2_3_21-cms27/slc5_amd64_gcc462/python:/cvmfs/cms.cern.ch/slc5_amd64_gcc462/cms/coral/CORAL_2_3_21-cms27/slc5_amd64_gcc462/lib:/cvmfs/cms.cern.ch/slc5_amd64_gcc462/external/pyqt/4.8.1/lib/python2.6/site-packages:/cvmfs/cms.cern.ch/slc5_amd64_gcc462/external/py2-scipy/0.8.0/lib/python2.6/site-packages:/cvmfs/cms.cern.ch/slc5_amd64_gcc462/external/py2-matplotlib/1.0.1/lib/python2.6/site-packages:/cvmfs/cms.cern.ch/slc5_amd64_gcc462/external/python-ldap/2.3.5/lib/python2.6/site-packages:/cvmfs/cms.cern.ch/slc5_amd64_gcc462/external/sip/4.11.2/lib/python2.6/site-packages:/cvmfs/cms.cern.ch/slc5_amd64_gcc462/external/py2-pycurl/7.19.0/lib/python2.6/site-packages:/cvmfs/cms.cern.ch/slc5_amd64_gcc462/external/py2-numpy/1.6.1/lib/python2.6/site-packages:/cvmfs/cms.cern.ch/slc5_amd64_gcc462/external/py2-ipython/0.10/lib/python2.6/site-packages:/cvmfs/cms.cern.ch/slc5_amd64_gcc462/external/py2-cx-oracle/5.1-cms11/lib/python2.6/site-packages:/cvmfs/cms.cern.ch/slc5_amd64_gcc462/external/py2-cjson/1.0.5/lib/python2.6/site-packages:/cvmfs/cms.cern.ch/slc5_amd64_gcc462/cms/das-client/1.4.1-cms8/bin:/cvmfs/cms.cern.ch/slc5_amd64_gcc462/external/elementtree/1.2.6/share/lib/python2.6/site-packages:/cvmfs/cms.cern.ch/slc5_amd64_gcc462/external/rivet/1.5.1-cms10/lib/python2.6/site-packages:/cvmfs/cms.cern.ch/slc5_amd64_gcc462/external/pyminuit2/0.0.1-cms34/lib/python2.6/site-packages:/cvmfs/cms.cern.ch/slc5_amd64_gcc462/external/professor/1.0.0-cms35/lib/python2.6/site-packages:/cvmfs/cms.cern.ch/slc5_amd64_gcc462/lcg/root/5.32.00-cms18/lib:/cvmfs/cms.cern.ch/slc5_amd64_gcc462/cms/dbs-client/DBS_2_1_1_patch1_1/lib:/cvmfs/cms.cern.ch/slc5_amd64_gcc462/cms/dbs-client/DBS_2_1_1_patch1_1/lib/DBSAPI:/home/cms078/home_creur_566282167/CREAM566282167/glide_W25805/execute/dir_2655/
241a2a19cb7c5c8751ba22759ab3bdb0
PSETHASH = 241a2a19cb7c5c8751ba22759ab3bdb0
/home/cms078/home_creur_566282167/CREAM566282167/glide_W25805/execute/dir_2655/writeCfg.py pset.py pset.py
Importing .py file
Setting parameters
inputBlocks=/QCD_Pt_80_170_EMEnriched_TuneZ2star_8TeV_pythia6/mario-Summer12-stop-pfele-step1-3d176ac8da5e9dff208d057f4733ca91/USER#1edbd789-8e01-4834-bf44-0c1d693a4b92
inputFiles=/store/user/mario/QCD_Pt_80_170_EMEnriched_TuneZ2star_8TeV_pythia6/Summer12-stop-pfele-step1/3d176ac8da5e9dff208d057f4733ca91/tuple_398_2_LEu.root;/store/user/mario/QCD_Pt_80_170_EMEnriched_TuneZ2star_8TeV_pythia6/Summer12-stop-pfele-step1/3d176ac8da5e9dff208d057f4733ca91/tuple_399_2_fXj.root;/store/user/mario/QCD_Pt_80_170_EMEnriched_TuneZ2star_8TeV_pythia6/Summer12-stop-pfele-step1/3d176ac8da5e9dff208d057f4733ca91/tuple_400_3_wGS.root;/store/user/mario/QCD_Pt_80_170_EMEnriched_TuneZ2star_8TeV_pythia6/Summer12-stop-pfele-step1/3d176ac8da5e9dff208d057f4733ca91/tuple_402_1_TaD.root;/store/user/mario/QCD_Pt_80_170_EMEnriched_TuneZ2star_8TeV_pythia6/Summer12-stop-pfele-step1/3d176ac8da5e9dff208d057f4733ca91/tuple_403_2_vC1.root
parentFiles=
lumisRange=
>>> Executable cmsRun
/cvmfs/cms.cern.ch/slc5_amd64_gcc462/cms/cmssw/CMSSW_5_3_5/bin/slc5_amd64_gcc462/cmsRun
ok executable found
>>> info for dashboard:
***** Cat /home/cms078/home_creur_566282167/CREAM566282167/glide_W25805/execute/dir_2655/jobreport.txt *****
MonitorJobID=23_https://submit-2.t2.ucsd.edu//121127//17531.22
MonitorID=liis_crab_0_121127_013010_p7r30o
ExeStart=cmsRun
***** End Cat jobreport *****
Parameters sent to Dashboard.
>>> cmsRun started at Tue Nov 27 00:31:50 UTC 2012
>>> cmsRun ended at Tue Nov 27 00:38:11 UTC 2012
>>> info for dashboard:
***** Cat /home/cms078/home_creur_566282167/CREAM566282167/glide_W25805/execute/dir_2655/jobreport.txt *****
MonitorJobID=23_https://submit-2.t2.ucsd.edu//121127//17531.22
MonitorID=liis_crab_0_121127_013010_p7r30o
ExeEnd=cmsRun
***** End Cat jobreport *****
Parameters sent to Dashboard.
TIME_EXE = 381 sec
>>> cmsRun wrote 103 lines of stdout+stderr
>>> START OF printout of 103 lines from stdout+stderr
27-Nov-2012 02:32:18 EET  Initiating request to open file file:/hdfs/cms/store/user/mario/QCD_Pt_80_170_EMEnriched_TuneZ2star_8TeV_pythia6/Summer12-stop-pfele-step1/3d176ac8da5e9dff208d057f4733ca91/tuple_398_2_LEu.root
27-Nov-2012 02:32:24 EET  Successfully opened file file:/hdfs/cms/store/user/mario/QCD_Pt_80_170_EMEnriched_TuneZ2star_8TeV_pythia6/Summer12-stop-pfele-step1/3d176ac8da5e9dff208d057f4733ca91/tuple_398_2_LEu.root
Begin processing the 1st record. Run 1, Event 67255509, LumiSection 21571 at 27-Nov-2012 02:32:40.755 EET
Begin processing the 1001st record. Run 1, Event 148460648, LumiSection 47615 at 27-Nov-2012 02:32:46.790 EET
Begin processing the 2001st record. Run 1, Event 180959426, LumiSection 58038 at 27-Nov-2012 02:32:50.427 EET
Begin processing the 3001st record. Run 1, Event 5255499, LumiSection 1686 at 27-Nov-2012 02:32:55.677 EET
Begin processing the 4001st record. Run 1, Event 20494439, LumiSection 6573 at 27-Nov-2012 02:32:58.798 EET
Begin processing the 5001st record. Run 1, Event 46691105, LumiSection 14975 at 27-Nov-2012 02:33:02.000 EET
Begin processing the 6001st record. Run 1, Event 77661907, LumiSection 24908 at 27-Nov-2012 02:33:08.575 EET
Begin processing the 7001st record. Run 1, Event 126712250, LumiSection 40639 at 27-Nov-2012 02:33:12.281 EET
Begin processing the 8001st record. Run 1, Event 97117264, LumiSection 31148 at 27-Nov-2012 02:33:16.997 EET
Begin processing the 9001st record. Run 1, Event 118324434, LumiSection 37949 at 27-Nov-2012 02:33:20.940 EET
Begin processing the 10001st record. Run 1, Event 199751773, LumiSection 64065 at 27-Nov-2012 02:33:23.970 EET
Begin processing the 11001st record. Run 1, Event 221893139, LumiSection 71166 at 27-Nov-2012 02:33:29.130 EET
Begin processing the 12001st record. Run 1, Event 2933842, LumiSection 941 at 27-Nov-2012 02:33:32.455 EET
27-Nov-2012 02:33:35 EET  Closed file file:/hdfs/cms/store/user/mario/QCD_Pt_80_170_EMEnriched_TuneZ2star_8TeV_pythia6/Summer12-stop-pfele-step1/3d176ac8da5e9dff208d057f4733ca91/tuple_398_2_LEu.root
27-Nov-2012 02:33:35 EET  Initiating request to open file file:/hdfs/cms/store/user/mario/QCD_Pt_80_170_EMEnriched_TuneZ2star_8TeV_pythia6/Summer12-stop-pfele-step1/3d176ac8da5e9dff208d057f4733ca91/tuple_399_2_fXj.root
27-Nov-2012 02:33:36 EET  Successfully opened file file:/hdfs/cms/store/user/mario/QCD_Pt_80_170_EMEnriched_TuneZ2star_8TeV_pythia6/Summer12-stop-pfele-step1/3d176ac8da5e9dff208d057f4733ca91/tuple_399_2_fXj.root
Begin processing the 13001st record. Run 1, Event 17809839, LumiSection 5712 at 27-Nov-2012 02:33:51.869 EET
Begin processing the 14001st record. Run 1, Event 48690896, LumiSection 15617 at 27-Nov-2012 02:33:54.991 EET
Begin processing the 15001st record. Run 1, Event 196895640, LumiSection 63149 at 27-Nov-2012 02:33:57.980 EET
Begin processing the 16001st record. Run 1, Event 136098307, LumiSection 43650 at 27-Nov-2012 02:34:02.819 EET
Begin processing the 17001st record. Run 1, Event 161738373, LumiSection 51873 at 27-Nov-2012 02:34:06.908 EET
Begin processing the 18001st record. Run 1, Event 208192079, LumiSection 66772 at 27-Nov-2012 02:34:11.422 EET
Begin processing the 19001st record. Run 1, Event 225526166, LumiSection 72331 at 27-Nov-2012 02:34:14.370 EET
Begin processing the 20001st record. Run 1, Event 73540628, LumiSection 23586 at 27-Nov-2012 02:34:17.369 EET
Begin processing the 21001st record. Run 1, Event 127838598, LumiSection 41001 at 27-Nov-2012 02:34:22.399 EET
Begin processing the 22001st record. Run 1, Event 105812762, LumiSection 33937 at 27-Nov-2012 02:34:25.584 EET
Begin processing the 23001st record. Run 1, Event 125217689, LumiSection 40160 at 27-Nov-2012 02:34:29.987 EET
Begin processing the 24001st record. Run 1, Event 162124450, LumiSection 51997 at 27-Nov-2012 02:34:33.778 EET
Begin processing the 25001st record. Run 1, Event 78260851, LumiSection 25100 at 27-Nov-2012 02:34:36.838 EET
Begin processing the 26001st record. Run 1, Event 91612077, LumiSection 29382 at 27-Nov-2012 02:34:41.799 EET
Begin processing the 27001st record. Run 1, Event 8094761, LumiSection 2597 at 27-Nov-2012 02:34:45.019 EET
Begin processing the 28001st record. Run 1, Event 52105029, LumiSection 16712 at 27-Nov-2012 02:34:49.128 EET
Begin processing the 29001st record. Run 1, Event 63802331, LumiSection 20463 at 27-Nov-2012 02:34:52.271 EET
27-Nov-2012 02:34:52 EET  Closed file file:/hdfs/cms/store/user/mario/QCD_Pt_80_170_EMEnriched_TuneZ2star_8TeV_pythia6/Summer12-stop-pfele-step1/3d176ac8da5e9dff208d057f4733ca91/tuple_399_2_fXj.root
27-Nov-2012 02:34:52 EET  Initiating request to open file file:/hdfs/cms/store/user/mario/QCD_Pt_80_170_EMEnriched_TuneZ2star_8TeV_pythia6/Summer12-stop-pfele-step1/3d176ac8da5e9dff208d057f4733ca91/tuple_400_3_wGS.root
27-Nov-2012 02:34:53 EET  Successfully opened file file:/hdfs/cms/store/user/mario/QCD_Pt_80_170_EMEnriched_TuneZ2star_8TeV_pythia6/Summer12-stop-pfele-step1/3d176ac8da5e9dff208d057f4733ca91/tuple_400_3_wGS.root
Begin processing the 30001st record. Run 1, Event 124365035, LumiSection 39887 at 27-Nov-2012 02:35:09.925 EET
Begin processing the 31001st record. Run 1, Event 90367172, LumiSection 28983 at 27-Nov-2012 02:35:13.173 EET
Begin processing the 32001st record. Run 1, Event 106292144, LumiSection 34090 at 27-Nov-2012 02:35:20.920 EET
Begin processing the 33001st record. Run 1, Event 112807897, LumiSection 36180 at 27-Nov-2012 02:35:24.193 EET
Begin processing the 34001st record. Run 1, Event 127802897, LumiSection 40989 at 27-Nov-2012 02:35:27.170 EET
Begin processing the 35001st record. Run 1, Event 143037820, LumiSection 45875 at 27-Nov-2012 02:35:32.308 EET
Begin processing the 36001st record. Run 1, Event 143025081, LumiSection 45871 at 27-Nov-2012 02:35:35.430 EET
Begin processing the 37001st record. Run 1, Event 146795578, LumiSection 47081 at 27-Nov-2012 02:35:39.981 EET
Begin processing the 38001st record. Run 1, Event 196551791, LumiSection 63038 at 27-Nov-2012 02:35:43.455 EET
Begin processing the 39001st record. Run 1, Event 106214177, LumiSection 34065 at 27-Nov-2012 02:35:46.657 EET
Begin processing the 40001st record. Run 1, Event 126484877, LumiSection 40567 at 27-Nov-2012 02:35:52.134 EET
Begin processing the 41001st record. Run 1, Event 135587186, LumiSection 43486 at 27-Nov-2012 02:35:54.637 EET
Begin processing the 42001st record. Run 1, Event 196085970, LumiSection 62889 at 27-Nov-2012 02:36:00.341 EET
Begin processing the 43001st record. Run 1, Event 15884034, LumiSection 5095 at 27-Nov-2012 02:36:03.403 EET
Begin processing the 44001st record. Run 1, Event 33097973, LumiSection 10616 at 27-Nov-2012 02:36:06.269 EET
Begin processing the 45001st record. Run 1, Event 128796542, LumiSection 41308 at 27-Nov-2012 02:36:10.719 EET
27-Nov-2012 02:36:12 EET  Closed file file:/hdfs/cms/store/user/mario/QCD_Pt_80_170_EMEnriched_TuneZ2star_8TeV_pythia6/Summer12-stop-pfele-step1/3d176ac8da5e9dff208d057f4733ca91/tuple_400_3_wGS.root
27-Nov-2012 02:36:12 EET  Initiating request to open file file:/hdfs/cms/store/user/mario/QCD_Pt_80_170_EMEnriched_TuneZ2star_8TeV_pythia6/Summer12-stop-pfele-step1/3d176ac8da5e9dff208d057f4733ca91/tuple_402_1_TaD.root
27-Nov-2012 02:36:12 EET  Successfully opened file file:/hdfs/cms/store/user/mario/QCD_Pt_80_170_EMEnriched_TuneZ2star_8TeV_pythia6/Summer12-stop-pfele-step1/3d176ac8da5e9dff208d057f4733ca91/tuple_402_1_TaD.root
Begin processing the 46001st record. Run 1, Event 61899789, LumiSection 19853 at 27-Nov-2012 02:36:28.658 EET
Begin processing the 47001st record. Run 1, Event 222309026, LumiSection 71299 at 27-Nov-2012 02:36:31.761 EET
Begin processing the 48001st record. Run 1, Event 226391264, LumiSection 72608 at 27-Nov-2012 02:36:35.961 EET
Begin processing the 49001st record. Run 1, Event 85282286, LumiSection 27352 at 27-Nov-2012 02:36:39.155 EET
Begin processing the 50001st record. Run 1, Event 93020490, LumiSection 29834 at 27-Nov-2012 02:36:42.587 EET
Begin processing the 51001st record. Run 1, Event 104154939, LumiSection 33405 at 27-Nov-2012 02:36:48.094 EET
Begin processing the 52001st record. Run 1, Event 110423176, LumiSection 35415 at 27-Nov-2012 02:36:51.314 EET
Begin processing the 53001st record. Run 1, Event 215673, LumiSection 70 at 27-Nov-2012 02:36:55.641 EET
Begin processing the 54001st record. Run 1, Event 34534071, LumiSection 11076 at 27-Nov-2012 02:36:58.614 EET
Begin processing the 55001st record. Run 1, Event 85116192, LumiSection 27299 at 27-Nov-2012 02:37:01.695 EET
Begin processing the 56001st record. Run 1, Event 85546550, LumiSection 27437 at 27-Nov-2012 02:37:06.514 EET
Begin processing the 57001st record. Run 1, Event 117944833, LumiSection 37828 at 27-Nov-2012 02:37:09.480 EET
Begin processing the 58001st record. Run 1, Event 134888438, LumiSection 43262 at 27-Nov-2012 02:37:14.238 EET
Begin processing the 59001st record. Run 1, Event 148788658, LumiSection 47720 at 27-Nov-2012 02:37:17.316 EET
Begin processing the 60001st record. Run 1, Event 5008827, LumiSection 1607 at 27-Nov-2012 02:37:22.224 EET
Begin processing the 61001st record. Run 1, Event 67071770, LumiSection 21512 at 27-Nov-2012 02:37:25.669 EET
27-Nov-2012 02:37:27 EET  Closed file file:/hdfs/cms/store/user/mario/QCD_Pt_80_170_EMEnriched_TuneZ2star_8TeV_pythia6/Summer12-stop-pfele-step1/3d176ac8da5e9dff208d057f4733ca91/tuple_402_1_TaD.root
27-Nov-2012 02:37:27 EET  Initiating request to open file file:/hdfs/cms/store/user/mario/QCD_Pt_80_170_EMEnriched_TuneZ2star_8TeV_pythia6/Summer12-stop-pfele-step1/3d176ac8da5e9dff208d057f4733ca91/tuple_403_2_vC1.root
27-Nov-2012 02:37:28 EET  Successfully opened file file:/hdfs/cms/store/user/mario/QCD_Pt_80_170_EMEnriched_TuneZ2star_8TeV_pythia6/Summer12-stop-pfele-step1/3d176ac8da5e9dff208d057f4733ca91/tuple_403_2_vC1.root
Begin processing the 62001st record. Run 1, Event 117334628, LumiSection 37632 at 27-Nov-2012 02:37:39.220 EET
Begin processing the 63001st record. Run 1, Event 125175508, LumiSection 40147 at 27-Nov-2012 02:37:42.647 EET
Begin processing the 64001st record. Run 1, Event 189366991, LumiSection 60734 at 27-Nov-2012 02:37:45.887 EET
Begin processing the 65001st record. Run 1, Event 85728868, LumiSection 27495 at 27-Nov-2012 02:37:50.113 EET
Begin processing the 66001st record. Run 1, Event 131779409, LumiSection 42265 at 27-Nov-2012 02:37:54.156 EET
Begin processing the 67001st record. Run 1, Event 155939184, LumiSection 50013 at 27-Nov-2012 02:38:00.177 EET
Begin processing the 68001st record. Run 1, Event 221659325, LumiSection 71091 at 27-Nov-2012 02:38:02.800 EET
Begin processing the 69001st record. Run 1, Event 226129025, LumiSection 72524 at 27-Nov-2012 02:38:06.814 EET
27-Nov-2012 02:38:09 EET  Closed file file:/hdfs/cms/store/user/mario/QCD_Pt_80_170_EMEnriched_TuneZ2star_8TeV_pythia6/Summer12-stop-pfele-step1/3d176ac8da5e9dff208d057f4733ca91/tuple_403_2_vC1.root

=============================================

MessageLogger Summary

 type     category        sev    module        subroutine        count    total
 ---- -------------------- -- ---------------- ----------------  -----    -----
    1 fileAction           -s file_close                             5        5
    2 fileAction           -s file_open                             10       10

 type    category    Examples: run/evt        run/evt          run/evt
 ---- -------------------- ---------------- ---------------- ----------------
    1 fileAction           PostProcessEvent PostProcessEvent PostEndRun
    2 fileAction           pre-events       pre-events       PostProcessEvent

Severity    # Occurrences   Total Occurrences
--------    -------------   -----------------
System                 15                  15
>>> END OF printout of 103 lines from stdout+stderr
>>> Parse FrameworkJobReport crab_fjr.xml
Result of parsing the FrameworkJobReport crab_fjr.xml: Popularity start
lumisRange : 1::27,774,790,941,958,1270,1280,1518,1584,1620,1686,1769,1773,1798,1986,2911,3795,4203,4833,4965,6242,6573,8064,9021,9052,11808,12805,14304,14975,16060,17404,17764,18692,19309,19615,20145,20209,20541,20811,21147,21571,21813,22072,22252,22311,22332,22725,22736,23230,23339,24399,24685,24908,25090,25092,25654,25656,26949,27432,27744,28198,29082,29260,31148,31410,33398,33516,33518,33841,34823,34979,36307,36699,37650,37810,37868,37922,37927,37936,37938,37949,38075,39186,39205,39854,40639,43813,46035,46370,47535,47542,47586,47606,47615,47631,47811,49534,50152,50461,50467,53702,56207,56231,57672,58038-58039,58076,58787,59957,60504,61498,62171,62607,64065,64613,64768,65041,65131,65565,66399,67478,67705,67823,70032,71108,71166,71243,71790,71917-71918,72219,72716,72719::1;1::588,834,863,1035,1283,2597,3995,5418,5712,6175,6242,8578,9131,10722,10879,12001,12507,14913,14988,15161,15617,15663,15735,16139,16712,17517,18316,18376,19486,19599,19649,20059,20319,20409,20430,20463,20535,20538,20594,21047,21181,21391,21452,22333,22491,22803,23515,23586,23885,23994,25094,25100,25171,26258,26309,26383,26486,26535,26866,27426,27785,28443,28595,29016,29277,29297,29312,29379,29382,29824,29847,30779,31252,31661,33224,33514,33794,33840,33937,34009,34594,35235,35298,35550,35568,35645,35887,35930,37679,38306,39254,39293-39294,40123,40160,41001,41811,42421,42783,43650,43748,43795,44233,44337,44632,45095,45217,45219,45638,46351,46422,46845,47048,47718-47719,47761,47786,50257,50493,50610,50623,51612,51629,51873-51874,51997,52182-52183,52186,52188,52427,52442,52448,52450,52459,52469,52474,52750,58476,59952,63149,63550,64138,64142,64503,64664,64870,64948,65657-65658,66042,66360,66479,66487,66724,66772,66841,66938,66984,67733,68571,69257,70148,72260,72331,72383,72595,72607,72647,72676::2;1::70,1594,1607,2614,2677,4006,4046,5165,5725,5780,7074,7135,8218,11076,11459,12205,12893,13204,14408,15239,15262,15453,15778,15864,16344,18034,18610,18896,19330,19474,19853,19945,20635,20925,21511-21512,22334,22336,22349,23629,23887,24405,24810,24821,25761,25907,26128,26198,26200,26323,26431,26679,26720,26803,26967,26993,27298-27299,27352,27424,27437,27603,27872,28442,28665,29072,29110,29194,29345,29694,29778,29834,30012,30018,30206,30228,30655,31487,32786,32879,33241-33242,33405,33517,33536,33624,33720,33754,33836,34019,34027,34130,34162,34534,34676,34754,34809,34956,35142,35415,35424,35599,35624,35957,36004,36814,37316,37828,37877,38027,38151,38447,38467,38590,38628,38685,38740,38754,40021,40647,40890,40898,41564,41582,42217,42744,42812,43262,44746,45571,47082,47536,47546,47665,47693,47704,47720,47722,47728,47734,47788,50410,50427,51400,52200,54768,58835,58925,59688,61581,61865,64522,66164,66776,71299,71415,71455,71651,72479,72539,72569,72585,72608,72610,72721,72755,72800,72824::3;1::644,3312,4518,5095,6342,6581,7843,8053,9547,9840,9923,10266,10421,10616,10672,12190,12877,14152,16081,18380,20538,20792,20895,21242,21297,21386,21968,22374,22731,23153,24401-24402,26564,27138,27399,27682,28118,28199,28692,28715,28983,28985,29078,29124,29713,29921,32672,33051,33326,33413,33564,33646,33670,33700,33838,33961,34011,34065,34090,34806,34822,34860,34869,34952,35165,35390,35546,35817,36180,36619,36730,36924,37512,37587,37992,38028,38947,39124,39154,39287,39329,39451,39480,39521,39887,40078,40205,40331,40389,40435,40567,40631,40633,40797,40919,40981,40989,41060,41171,41308,41310,41343,41449,41499,42214,42348,43203,43413,43438,43452,43475,43486,43543,43586,44568,45096-45097,45227,45713,45751,45871,45874-45875,45878,45914,45917,45929,45931,45933,46011,46037,46081,46101,46147,46705,46809,46860,47052,47077,47080-47081,47376,47601,47644,49547,50339,51544,51558,51929,52362,52446,52990,57749,58360,60412,62349,62781,62889,63038,63186,63401,64063,64712,64771,65504,65508,67129,70945::4;1::18767,18838,18847,27493,27495,27639,27708,27771,29612,29726,32131,32135,33393-33394,33779,34035,34243,34407,35191,35360,35385,36293,36834,36923,37228,37316,37390,37632,38102,38303,38913,39143,39179,39836,40028,40147,40286,40352,40420,40703,41610,41926,42265,42557,42733,44788,44889,44929,46027,47585,47590,47646,47708,47776,47783,47859,49082,49697,50013,50016,50183,54835,60285,60734,60856,61400,63094,63146,64139,66039,66065,66216,67234,67237,67503,67773,67898,68871,70419,70455,70936,71070,71091,71143,71776,71857,72456,72524::5;
lumisParentRange : 
Basename : /store/user/mario/QCD_Pt_80_170_EMEnriched_TuneZ2star_8TeV_pythia6/Summer12-stop-pfele-step1/3d176ac8da5e9dff208d057f4733ca91/tuple_
BasenameParent : 
parentFiles : 
inputBlocks : /QCD_Pt_80_170_EMEnriched_TuneZ2star_8TeV_pythia6/mario-Summer12-stop-pfele-step1-3d176ac8da5e9dff208d057f4733ca91/USER#1edbd789-8e01-4834-bf44-0c1d693a4b92
inputFiles : 398_2_LEu.root::1::EDM::Local::1;399_2_fXj.root::1::EDM::Local::2;402_1_TaD.root::1::EDM::Local::3;400_3_wGS.root::1::EDM::Local::4;403_2_vC1.root::1::EDM::Local::5;
Popularity stop
Extracted ExitStatus from FrameworkJobReport parsing output: 0
>>> Executable succeded  0
ExeExitCode=0
EXECUTABLE_EXIT_STATUS = 0
>>> current directory /home/cms078/home_creur_566282167/CREAM566282167/glide_W25805/execute/dir_2655/CMSSW_5_3_5
>>>  (SOFTWARE_DIR): /home/cms078/home_creur_566282167/CREAM566282167/glide_W25805/execute/dir_2655/CMSSW_5_3_5
>>> (WORKING_DIR): 
>>> current directory content:
total 152
drwxr-xr-x 3 cms078 cms  4096 Nov 27 02:31 .SCRAM
-rw-r--r-- 1 cms078 cms 30066 Nov 27 02:31 CMSSW.py.pkl
drwxr-xr-x 3 cms078 cms  4096 Nov 27 02:31 bin
drwxr-xr-x 3 cms078 cms  4096 Nov 27 02:31 cfipython
drwxr-xr-x 5 cms078 cms  4096 Nov 27 02:31 config
-rw-r--r-- 1 cms078 cms    16 Nov 27 02:38 cpu_timing.txt
drwxr-xr-x 2 cms078 cms  4096 Nov 27 02:31 doc
-rw-r--r-- 1 cms078 cms 11692 Nov 27 02:38 executable.out
drwxr-xr-x 2 cms078 cms  4096 Nov 27 02:31 include
drwxrwxrwx 3 cms078 cms  4096 Oct 22 16:38 lib
drwxr-xr-x 3 cms078 cms  4096 Nov 27 02:31 logs
drwxr-xr-x 3 cms078 cms  4096 Nov 27 02:31 objs
-rw-r--r-- 1 cms078 cms 16840 Nov 27 02:38 optHistograms.root
-rw-r--r-- 1 cms078 cms   104 Nov 27 02:31 pset.py
-rw-r--r-- 1 cms078 cms 19502 Nov 27 02:31 pset.py.pkl
-rw-r--r-- 1 cms078 cms   289 Nov 27 02:31 pset.pyc
drwxr-xr-x 2 cms078 cms  4096 Nov 27 02:31 python
-rw-r--r-- 1 cms078 cms   420 Nov 27 02:38 report.log
drwxrwxrwx 4 cms078 cms  4096 Nov 27 02:31 src
drwxr-xr-x 3 cms078 cms  4096 Nov 27 02:31 test
drwxr-xr-x 3 cms078 cms  4096 Nov 27 02:31 tmp
>>> current directory /home/cms078/home_creur_566282167/CREAM566282167/glide_W25805/execute/dir_2655/CMSSW_5_3_5
>>> (SOFTWARE_DIR): /home/cms078/home_creur_566282167/CREAM566282167/glide_W25805/execute/dir_2655/CMSSW_5_3_5
>>> (WORKING_DIR): 
>>> current directory content:
total 132
drwxr-xr-x 3 cms078 cms  4096 Nov 27 02:31 .SCRAM
-rw-r--r-- 1 cms078 cms 30066 Nov 27 02:31 CMSSW.py.pkl
drwxr-xr-x 3 cms078 cms  4096 Nov 27 02:31 bin
drwxr-xr-x 3 cms078 cms  4096 Nov 27 02:31 cfipython
drwxr-xr-x 5 cms078 cms  4096 Nov 27 02:31 config
-rw-r--r-- 1 cms078 cms    16 Nov 27 02:38 cpu_timing.txt
drwxr-xr-x 2 cms078 cms  4096 Nov 27 02:31 doc
-rw-r--r-- 1 cms078 cms 11692 Nov 27 02:38 executable.out
drwxr-xr-x 2 cms078 cms  4096 Nov 27 02:31 include
drwxrwxrwx 3 cms078 cms  4096 Oct 22 16:38 lib
drwxr-xr-x 3 cms078 cms  4096 Nov 27 02:31 logs
drwxr-xr-x 3 cms078 cms  4096 Nov 27 02:31 objs
-rw-r--r-- 1 cms078 cms   104 Nov 27 02:31 pset.py
-rw-r--r-- 1 cms078 cms 19502 Nov 27 02:31 pset.py.pkl
-rw-r--r-- 1 cms078 cms   289 Nov 27 02:31 pset.pyc
drwxr-xr-x 2 cms078 cms  4096 Nov 27 02:31 python
-rw-r--r-- 1 cms078 cms   420 Nov 27 02:38 report.log
drwxrwxrwx 4 cms078 cms  4096 Nov 27 02:31 src
drwxr-xr-x 3 cms078 cms  4096 Nov 27 02:31 test
drwxr-xr-x 3 cms078 cms  4096 Nov 27 02:31 tmp
>>> current directory (RUNTIME_AREA):  /home/cms078/home_creur_566282167/CREAM566282167/glide_W25805/execute/dir_2655
>>> current dir: /home/cms078/home_creur_566282167/CREAM566282167/glide_W25805/execute/dir_2655
>>> current dir content:
total 25796
-rw-rw-rw-  1 cms078 cms     5576 Nov 27 02:30 .job.ad
-rw-rw-rw-  1 cms078 cms    11234 Nov 27 02:30 .machine.ad
-rw-rw-rw-  1 cms078 cms      105 Nov 27 01:30 CMSSW.py
-rw-rw-rw-  1 cms078 cms    30066 Nov 27 01:30 CMSSW.py.pkl
-rwxrw-rw-  1 cms078 cms    23339 Nov 27 02:31 CMSSW.sh
-rw-rw-rw-  1 cms078 cms        0 Nov 27 02:31 CMSSW_23.stderr
-rw-rw-rw-  1 cms078 cms    28032 Nov 27 02:38 CMSSW_23.stdout
drwxr-xr-x 15 cms078 cms     4096 Nov 27 02:38 CMSSW_5_3_5
-rw-r--r--  1 cms078 cms      346 Nov 27 02:31 CacheEnv.sh
-rw-rw-rw-  1 cms078 cms     7291 Jun  9  2010 DashboardAPI.py
-rw-r--r--  1 cms078 cms     6868 Nov 27 02:31 DashboardAPI.pyc
drwxrwxrwx  3 cms078 cms     4096 Nov 27 02:38 IMProv
-rw-rw-rw-  1 cms078 cms     2748 Mar  8  2006 Logger.py
-rw-r--r--  1 cms078 cms     3348 Nov 27 02:31 Logger.pyc
-rw-rw-rw-  1 cms078 cms    24524 Mar 28  2008 ProcInfo.py
-rw-r--r--  1 cms078 cms    23446 Nov 27 02:31 ProcInfo.pyc
drwxrwxrwx  7 cms078 cms     4096 Nov 27 02:31 ProdCommon
drwxrwxrwx  3 cms078 cms     4096 Nov 27 02:31 WMCore
-rw-r--r--  1 cms078 cms     2368 Nov 27 02:37 Watchdog_23.log
-rw-rw-rw-  1 cms078 cms    32895 Mar 28  2008 apmon.py
-rw-r--r--  1 cms078 cms    28845 Nov 27 02:31 apmon.pyc
-rw-rw-rw-  1 cms078 cms   104551 Nov 27 02:31 arguments.xml
-rwxrwxrwx  1 cms078 cms    37427 Sep 13 14:14 cmscp.py
-rwxrwxrwx  1 cms078 cms    23339 Nov 27 02:31 condor_exec.exe
-rw-rw-rw-  1 cms078 cms      545 Nov 27 01:30 crab.cfg
-rwxrwxrwx  1 cms078 cms     9531 Sep 20 21:46 crabWatchdog.sh
-rw-r--r--  1 cms078 cms    50010 Nov 27 02:38 crab_fjr_23.xml
-rw-rw-rw-  1 cms078 cms 25796294 Nov 27 02:31 default.tgz
-rwxrwxrwx  1 cms078 cms     4488 May 12  2012 fillCrabFjr.py
-rw-r--r--  1 cms078 cms      940 Nov 27 02:31 inputsReport.txt
-rw-r--r--  1 cms078 cms      132 Nov 27 02:38 jobreport.txt
lrwxrwxrwx  1 cms078 cms      106 Nov 27 02:38 optHistograms.root -> /home/cms078/home_creur_566282167/CREAM566282167/glide_W25805/execute/dir_2655/optHistograms_23_1_FkR.root
-rw-r--r--  1 cms078 cms    16840 Nov 27 02:38 optHistograms_23_1_FkR.root
-rw-rw-rw-  1 cms078 cms    17352 Jan 20  2012 parseCrabFjr.py
-rw-r--r--  1 cms078 cms      285 Nov 27 02:31 report.log
-rwxrwxrwx  1 cms078 cms     1497 May 27  2009 report.py
-rwxrwxrwx  1 cms078 cms     8387 Mar 23  2011 writeCfg.py
-rw-------  1 cms078 cms     8691 Nov 27 02:30 x509up_u1000009
Checking output files:  
will tar file optHistograms_23_1_FkR.root in  out_files_23
will tar file crab_fjr_23.xml in  out_files_23
will tar file CMSSW_23.stdout in  out_files_23
will tar file CMSSW_23.stderr in  out_files_23
WARNING: output file Watchdog_23.log.gz not found!
>>> padding time: Sleeping the wrapper for 174 seconds
STOPPING WATCHDOG. CrabWatchdog PID is 8325
********** LAST 50 LINES OF WATCHDOG LOG
# RESOURCE USAGE SUMMARY FOR PROCESS ID  7638
USER       PID %CPU %MEM    VSZ   RSS TTY      STAT START   TIME COMMAND
cms078    7638  0.3  0.0   8956  1488 ?        S    02:31   0:00 /bin/sh /home/cms078/home_creur_566282167/CREAM566282167/glide_W25805/execute/dir_2655/condor_exec.exe 23 1
 
# LIMITS USED BY THIS WATCHDOG:
# RSS  (KBytes)  : 2300000
# VSZ  (KBytes)  : 100000000
# DISK (MBytes)  : 19000
# CPU  (seconds) : 171600
# WALL (seconds) : 171600
 
# FOLLOWING PRINTOUT TRACKS MAXIMUM VALUES OF RESOURCES USE
# ONE LINE IS PRINTED EACH TIME A MAXIMUM CHANGES
# IF CHANGE WAS IN RSS OR VSZ ALSO PROCID AND COMMAND ARE PRINTED
# THERE IS NO PRINTOUT FOR CPU/WALL TIME INCREASE
 
# TIME			PID	RSS(KB)	VSZ(KB)	Dsk(MB)	tCPU(s)	tWALL(s)	COMMAND
 Nov 27 02:31:33 EET	1601	1340	8816	0	0	972	/bin/bash /home/cms078/home_creur_566282167/CREAM566282167/glide_W25805/main/condor_startup.sh glidein_config       
 Nov 27 02:31:33 EET	2653	3640	8816	0	0	41	condor_procd -A /home/cms078/home_creur_566282167/CREAM566282167/glide_W25805/log/procd_address.STARTD -L /home/cms078/home_creur_566282167/CREAM566282167/glide_W25805/log/ProcLog.STARTD -R 10000000 -S 60 -C
 Nov 27 02:31:33 EET	2655	5300	9288	0	0	42	condor_starter -f submit-2.t2.ucsd.edu       
 Nov 27 02:31:33 EET	2760	6016	9688	0	0	971	/home/cms078/home_creur_566282167/CREAM566282167/glide_W25805/main/condor/sbin/condor_master -f -pidfile /home/cms078/home_creur_566282167/CREAM566282167/glide_W25805/condor_master2.pid      
 Nov 27 02:31:33 EET	25752	6016	25504	0	0	1003	perl -e ?use Socket;??sub send_notify {? $cream_url = "193.40.150.134:49152";die "No
 Nov 27 02:31:33 EET	---	6016	25504	168	----	----	----
 Nov 27 02:32:44 EET	13877	354632	556388	168	17	57	cmsRun -j /home/cms078/home_creur_566282167/CREAM566282167/glide_W25805/execute/dir_2655/crab_fjr_23.xml -p pset.py     
 Nov 27 02:33:52 EET	13877	359284	556900	168	58	125	cmsRun -j /home/cms078/home_creur_566282167/CREAM566282167/glide_W25805/execute/dir_2655/crab_fjr_23.xml -p pset.py     
 Nov 27 02:34:59 EET	13877	359284	562788	168	104	193	cmsRun -j /home/cms078/home_creur_566282167/CREAM566282167/glide_W25805/execute/dir_2655/crab_fjr_23.xml -p pset.py     
 Nov 27 02:37:15 EET	13877	361136	562788	168	199	330	cmsRun -j /home/cms078/home_creur_566282167/CREAM566282167/glide_W25805/execute/dir_2655/crab_fjr_23.xml -p pset.py     
 Nov 27 02:38:24 EET	---	361136	562788	169	----	----	----
********** WATCHDOG LOG ENDED
ZIPPING WATCHDOG LOG
Disk space used:
du -sh /home/cms078/home_creur_566282167/CREAM566282167/glide_W25805/execute/dir_2655
169M	/home/cms078/home_creur_566282167/CREAM566282167/glide_W25805/execute/dir_2655
>>> info for dashboard:
***** Cat /home/cms078/home_creur_566282167/CREAM566282167/glide_W25805/execute/dir_2655/jobreport.txt *****
MonitorJobID=23_https://submit-2.t2.ucsd.edu//121127//17531.22
MonitorID=liis_crab_0_121127_013010_p7r30o
ExeTime=381
ExeExitCode=0
CrabUserCpuTime=221.52
CrabSysCpuTime=8.71
CrabCpuPercentage=60%
CrabWrapperTime=600
CrabStageoutTime=NULL
***** End Cat jobreport *****
Parameters sent to Dashboard.
optHistograms_23_1_FkR.root
crab_fjr_23.xml
CMSSW_23.stdout
CMSSW_23.stderr
Watchdog_23.log.gz
tar: .BrokerInfo: Cannot stat: No such file or directory
tar: Error exit delayed from previous errors
Total Output dimension: 27497
WARNING: output files size limit is set to: 50000000
Total Output dimension 27497 is fine.
JOB_EXIT_STATUS = 0
>>> info for dashboard:
***** Cat /home/cms078/home_creur_566282167/CREAM566282167/glide_W25805/execute/dir_2655/jobreport.txt *****
MonitorJobID=23_https://submit-2.t2.ucsd.edu//121127//17531.22
MonitorID=liis_crab_0_121127_013010_p7r30o
JobExitCode=0
***** End Cat jobreport *****
Parameters sent to Dashboard.
optHistograms_23_1_FkR.root
crab_fjr_23.xml
