This script was generated by crab (version 2.8.3).
Running /home/cms030/home_creur_865577772/CREAM865577772/glide_E29403/execute/dir_9818/condor_exec.exe with 2 positional parameters: 101 1
Today is Tue Nov 27 02:39:54 EET 2012
Job submitted on host wn-v-7015.local
Linux wn-v-7015.local 2.6.32-042stab059.7 #1 SMP Tue Jul 24 19:12:01 MSK 2012 x86_64 x86_64 x86_64 GNU/Linux
>>> current directory (RUNTIME_AREA): /home/cms030/home_creur_865577772/CREAM865577772/glide_E29403/execute/dir_9818
>>> current user: uid=11030(cms030) gid=1400(cms) groups=1400(cms)
>>> voms proxy information:
subject   : /DC=ch/DC=cern/OU=Organic Units/OU=Users/CN=liis/CN=663550/CN=Liis Rebane/CN=proxy/CN=limited proxy
issuer    : /DC=ch/DC=cern/OU=Organic Units/OU=Users/CN=liis/CN=663550/CN=Liis Rebane/CN=proxy
identity  : /DC=ch/DC=cern/OU=Organic Units/OU=Users/CN=liis/CN=663550/CN=Liis Rebane/CN=proxy
type      : limited proxy
strength  : 512 bits
path      : /home/cms030/home_creur_865577772/CREAM865577772/glide_E29403/execute/dir_9818/x509up_u1000009
timeleft  : 23:59:55
key usage : Digital Signature, Key Encipherment, Data Encipherment
=== VO cms extension information ===
VO        : cms
subject   : /DC=ch/DC=cern/OU=Organic Units/OU=Users/CN=liis/CN=663550/CN=Liis Rebane
issuer    : /DC=ch/DC=cern/OU=computers/CN=lcg-voms.cern.ch
attribute : /cms/Role=NULL/Capability=NULL
timeleft  : 190:45:43
uri       : lcg-voms.cern.ch:15002
>>> tar xzf /home/cms030/home_creur_865577772/CREAM865577772/glide_E29403/execute/dir_9818/default.tgz :
Successful untar
>>> Include /home/cms030/home_creur_865577772/CREAM865577772/glide_E29403/execute/dir_9818 in PYTHONPATH:
strip arguments
env var CRAB_UNIQUE_JOB_ID set to: liis_crab_0_121127_013010_p7r30o_101_1_frD
out_files_101
>>> list of expected files on output sandbox
output files: optHistograms_101_1_frD.root crab_fjr_101.xml CMSSW_101.stdout CMSSW_101.stderr Watchdog_101.log.gz
>>> GridFlavour discovery: 
GridFlavour=LCG
>>> SyncSite discovery: 
SyncSite=T2_EE_Estonia
>>> SyncCE discovery: 
getting SyncCE from CE_ID
SyncCE=europa.hep.kbfi.ee:8443/cream-pbs-long
>>> info for dashboard:
***** Cat /home/cms030/home_creur_865577772/CREAM865577772/glide_E29403/execute/dir_9818/jobreport.txt *****
MonitorJobID=101_https://submit-2.t2.ucsd.edu//121127//17531.100
SyncGridJobId=https://submit-2.t2.ucsd.edu//121127//17531.100
MonitorID=liis_crab_0_121127_013010_p7r30o
GridFlavour=LCG
SyncSite=T2_EE_Estonia
SyncCE=europa.hep.kbfi.ee:8443/cream-pbs-long
***** End Cat jobreport *****
Parameters sent to Dashboard.
>>> setup environment
set SCRAM ARCH to slc5_amd64_gcc462
SCRAM_ARCH = slc5_amd64_gcc462
>>> setup CMS LCG environment:
set SCRAM ARCH and BUILD_ARCH to slc5_amd64_gcc462 ###
Sourcing environment... 
sourcing /cvmfs/cms.cern.ch/cmsset_default.sh
==> setup cms environment ok
>>> specific cmssw setup environment:
CMSSW_VERSION =  CMSSW_5_3_5
>>> current directory (SOFTWARE_DIR): /home/cms030/home_creur_865577772/CREAM865577772/glide_E29403/execute/dir_9818/CMSSW_5_3_5
PreserveSeeds: <>
IncrementSeeds:<>
{}
WNHostName=wn-v-7015.local
>>> info for dashboard:
***** Cat /home/cms030/home_creur_865577772/CREAM865577772/glide_E29403/execute/dir_9818/jobreport.txt *****
MonitorJobID=101_https://submit-2.t2.ucsd.edu//121127//17531.100
MonitorID=liis_crab_0_121127_013010_p7r30o
WNHostName=wn-v-7015.local
***** End Cat jobreport *****
Parameters sent to Dashboard.
crabWatchdog started as process 11712
>>> moving CMSSW software directories in /home/cms030/home_creur_865577772/CREAM865577772/glide_E29403/execute/dir_9818/CMSSW_5_3_5
mv: cannot stat `/home/cms030/home_creur_865577772/CREAM865577772/glide_E29403/execute/dir_9818/module/': No such file or directory
>>> Include /home/cms030/home_creur_865577772/CREAM865577772/glide_E29403/execute/dir_9818 in PYTHONPATH:
PYTHONPATH=/home/cms030/home_creur_865577772/CREAM865577772/glide_E29403/execute/dir_9818/:/home/cms030/home_creur_865577772/CREAM865577772/glide_E29403/execute/dir_9818/CMSSW_5_3_5/python:/home/cms030/home_creur_865577772/CREAM865577772/glide_E29403/execute/dir_9818/CMSSW_5_3_5/lib/slc5_amd64_gcc462:/cvmfs/cms.cern.ch/slc5_amd64_gcc462/cms/cmssw/CMSSW_5_3_5/python:/cvmfs/cms.cern.ch/slc5_amd64_gcc462/cms/cmssw/CMSSW_5_3_5/lib/slc5_amd64_gcc462:/cvmfs/cms.cern.ch/slc5_amd64_gcc462/cms/coral/CORAL_2_3_21-cms27/slc5_amd64_gcc462/python:/cvmfs/cms.cern.ch/slc5_amd64_gcc462/cms/coral/CORAL_2_3_21-cms27/slc5_amd64_gcc462/lib:/cvmfs/cms.cern.ch/slc5_amd64_gcc462/external/pyqt/4.8.1/lib/python2.6/site-packages:/cvmfs/cms.cern.ch/slc5_amd64_gcc462/external/py2-scipy/0.8.0/lib/python2.6/site-packages:/cvmfs/cms.cern.ch/slc5_amd64_gcc462/external/py2-matplotlib/1.0.1/lib/python2.6/site-packages:/cvmfs/cms.cern.ch/slc5_amd64_gcc462/external/python-ldap/2.3.5/lib/python2.6/site-packages:/cvmfs/cms.cern.ch/slc5_amd64_gcc462/external/sip/4.11.2/lib/python2.6/site-packages:/cvmfs/cms.cern.ch/slc5_amd64_gcc462/external/py2-pycurl/7.19.0/lib/python2.6/site-packages:/cvmfs/cms.cern.ch/slc5_amd64_gcc462/external/py2-numpy/1.6.1/lib/python2.6/site-packages:/cvmfs/cms.cern.ch/slc5_amd64_gcc462/external/py2-ipython/0.10/lib/python2.6/site-packages:/cvmfs/cms.cern.ch/slc5_amd64_gcc462/external/py2-cx-oracle/5.1-cms11/lib/python2.6/site-packages:/cvmfs/cms.cern.ch/slc5_amd64_gcc462/external/py2-cjson/1.0.5/lib/python2.6/site-packages:/cvmfs/cms.cern.ch/slc5_amd64_gcc462/cms/das-client/1.4.1-cms8/bin:/cvmfs/cms.cern.ch/slc5_amd64_gcc462/external/elementtree/1.2.6/share/lib/python2.6/site-packages:/cvmfs/cms.cern.ch/slc5_amd64_gcc462/external/rivet/1.5.1-cms10/lib/python2.6/site-packages:/cvmfs/cms.cern.ch/slc5_amd64_gcc462/external/pyminuit2/0.0.1-cms34/lib/python2.6/site-packages:/cvmfs/cms.cern.ch/slc5_amd64_gcc462/external/professor/1.0.0-cms35/lib/python2.6/site-packages:/cvmfs/cms.cern.ch/slc5_amd64_gcc462/lcg/root/5.32.00-cms18/lib:/cvmfs/cms.cern.ch/slc5_amd64_gcc462/cms/dbs-client/DBS_2_1_1_patch1_1/lib:/cvmfs/cms.cern.ch/slc5_amd64_gcc462/cms/dbs-client/DBS_2_1_1_patch1_1/lib/DBSAPI:/home/cms030/home_creur_865577772/CREAM865577772/glide_E29403/execute/dir_9818/
241a2a19cb7c5c8751ba22759ab3bdb0
PSETHASH = 241a2a19cb7c5c8751ba22759ab3bdb0
/home/cms030/home_creur_865577772/CREAM865577772/glide_E29403/execute/dir_9818/writeCfg.py pset.py pset.py
Importing .py file
Setting parameters
inputBlocks=/QCD_Pt_80_170_EMEnriched_TuneZ2star_8TeV_pythia6/mario-Summer12-stop-pfele-step1-3d176ac8da5e9dff208d057f4733ca91/USER#1edbd789-8e01-4834-bf44-0c1d693a4b92
inputFiles=/store/user/mario/QCD_Pt_80_170_EMEnriched_TuneZ2star_8TeV_pythia6/Summer12-stop-pfele-step1/3d176ac8da5e9dff208d057f4733ca91/tuple_300_3_BKZ.root
parentFiles=
lumisRange=
>>> Executable cmsRun
/cvmfs/cms.cern.ch/slc5_amd64_gcc462/cms/cmssw/CMSSW_5_3_5/bin/slc5_amd64_gcc462/cmsRun
ok executable found
>>> info for dashboard:
***** Cat /home/cms030/home_creur_865577772/CREAM865577772/glide_E29403/execute/dir_9818/jobreport.txt *****
MonitorJobID=101_https://submit-2.t2.ucsd.edu//121127//17531.100
MonitorID=liis_crab_0_121127_013010_p7r30o
ExeStart=cmsRun
***** End Cat jobreport *****
Parameters sent to Dashboard.
>>> cmsRun started at Tue Nov 27 00:40:14 UTC 2012
>>> cmsRun ended at Tue Nov 27 00:42:00 UTC 2012
>>> info for dashboard:
***** Cat /home/cms030/home_creur_865577772/CREAM865577772/glide_E29403/execute/dir_9818/jobreport.txt *****
MonitorJobID=101_https://submit-2.t2.ucsd.edu//121127//17531.100
MonitorID=liis_crab_0_121127_013010_p7r30o
ExeEnd=cmsRun
***** End Cat jobreport *****
Parameters sent to Dashboard.
TIME_EXE = 106 sec
>>> cmsRun wrote 36 lines of stdout+stderr
>>> START OF printout of 36 lines from stdout+stderr
27-Nov-2012 02:40:28 EET  Initiating request to open file file:/hdfs/cms/store/user/mario/QCD_Pt_80_170_EMEnriched_TuneZ2star_8TeV_pythia6/Summer12-stop-pfele-step1/3d176ac8da5e9dff208d057f4733ca91/tuple_300_3_BKZ.root
27-Nov-2012 02:40:35 EET  Successfully opened file file:/hdfs/cms/store/user/mario/QCD_Pt_80_170_EMEnriched_TuneZ2star_8TeV_pythia6/Summer12-stop-pfele-step1/3d176ac8da5e9dff208d057f4733ca91/tuple_300_3_BKZ.root
Begin processing the 1st record. Run 1, Event 148168321, LumiSection 47521 at 27-Nov-2012 02:40:51.570 EET
Begin processing the 1001st record. Run 1, Event 158441390, LumiSection 50816 at 27-Nov-2012 02:41:00.899 EET
Begin processing the 2001st record. Run 1, Event 174151835, LumiSection 55854 at 27-Nov-2012 02:41:04.189 EET
Begin processing the 3001st record. Run 1, Event 225836964, LumiSection 72431 at 27-Nov-2012 02:41:10.096 EET
Begin processing the 4001st record. Run 1, Event 62938997, LumiSection 20186 at 27-Nov-2012 02:41:13.598 EET
Begin processing the 5001st record. Run 1, Event 86887874, LumiSection 27867 at 27-Nov-2012 02:41:17.054 EET
Begin processing the 6001st record. Run 1, Event 117579485, LumiSection 37710 at 27-Nov-2012 02:41:21.903 EET
Begin processing the 7001st record. Run 1, Event 178399759, LumiSection 57217 at 27-Nov-2012 02:41:25.496 EET
Begin processing the 8001st record. Run 1, Event 165819399, LumiSection 53182 at 27-Nov-2012 02:41:30.788 EET
Begin processing the 9001st record. Run 1, Event 161002460, LumiSection 51637 at 27-Nov-2012 02:41:34.144 EET
Begin processing the 10001st record. Run 1, Event 213343708, LumiSection 68424 at 27-Nov-2012 02:41:39.915 EET
Begin processing the 11001st record. Run 1, Event 223500738, LumiSection 71681 at 27-Nov-2012 02:41:43.341 EET
Begin processing the 12001st record. Run 1, Event 21011898, LumiSection 6739 at 27-Nov-2012 02:41:46.598 EET
Begin processing the 13001st record. Run 1, Event 103988282, LumiSection 33351 at 27-Nov-2012 02:41:52.588 EET
Begin processing the 14001st record. Run 1, Event 159499645, LumiSection 51155 at 27-Nov-2012 02:41:55.708 EET
27-Nov-2012 02:41:58 EET  Closed file file:/hdfs/cms/store/user/mario/QCD_Pt_80_170_EMEnriched_TuneZ2star_8TeV_pythia6/Summer12-stop-pfele-step1/3d176ac8da5e9dff208d057f4733ca91/tuple_300_3_BKZ.root

=============================================

MessageLogger Summary

 type     category        sev    module        subroutine        count    total
 ---- -------------------- -- ---------------- ----------------  -----    -----
    1 fileAction           -s file_close                             1        1
    2 fileAction           -s file_open                              2        2

 type    category    Examples: run/evt        run/evt          run/evt
 ---- -------------------- ---------------- ---------------- ----------------
    1 fileAction           PostEndRun                        
    2 fileAction           pre-events       pre-events       

Severity    # Occurrences   Total Occurrences
--------    -------------   -----------------
System                  3                   3
>>> END OF printout of 36 lines from stdout+stderr
>>> Parse FrameworkJobReport crab_fjr.xml
Result of parsing the FrameworkJobReport crab_fjr.xml: Popularity start
lumisRange : 1::335,416,760,820,1088,1590,1742,1878,3702,6739,7992,8561,10264,10703,10957,11311,11323,11475,12061,12674,18156,18978,19327,20127,20186-20187,20735,20783,22716,23073,24393,24583,25787,27757,27867,27968,30354,30465,30481,30487,30495,30591,30613,30930,33351,33554,33962,34070,35743,36236,36576,37710,38359,38490,39486-39487,39509,39632,39673,39850,39895,41587,42152,45285,45550,47516,47521,48090,48102,48108-48109,48116,48309,48768,48837,48979,48981,49132,49135,49231,49433,49438,49598,49644,49732,49791,49850,49868,50056,50103,50162,50318,50810,50812,50816,50830,50833,50836,50847,50862,51061,51112,51155,51557,51637,52031,52155,52381,53182,53782,54847,55140,55734,55804,55854,55950,55996,56009,56053,56056,56118,56122,56284,56311,56314,57217,61696,64032,64051,64060,65600,65603,66721-66722,67276,67815,68424,68720,70389,70674-70676,70681-70682,70686,70688,71130,71325,71681,71708,71806,72316,72363,72431,72433,72435::1;
lumisParentRange : 
Basename : /store/user/mario/QCD_Pt_80_170_EMEnriched_TuneZ2star_8TeV_pythia6/Summer12-stop-pfele-step1/3d176ac8da5e9dff208d057f4733ca91/
BasenameParent : 
parentFiles : 
inputBlocks : /QCD_Pt_80_170_EMEnriched_TuneZ2star_8TeV_pythia6/mario-Summer12-stop-pfele-step1-3d176ac8da5e9dff208d057f4733ca91/USER#1edbd789-8e01-4834-bf44-0c1d693a4b92
inputFiles : tuple_300_3_BKZ.root::1::EDM::Local::1;
Popularity stop
Extracted ExitStatus from FrameworkJobReport parsing output: 0
>>> Executable succeded  0
ExeExitCode=0
EXECUTABLE_EXIT_STATUS = 0
>>> current directory /home/cms030/home_creur_865577772/CREAM865577772/glide_E29403/execute/dir_9818/CMSSW_5_3_5
>>>  (SOFTWARE_DIR): /home/cms030/home_creur_865577772/CREAM865577772/glide_E29403/execute/dir_9818/CMSSW_5_3_5
>>> (WORKING_DIR): 
>>> current directory content:
total 144
drwxr-xr-x 3 cms030 cms  4096 Nov 27 02:39 .SCRAM
-rw-r--r-- 1 cms030 cms 30066 Nov 27 02:39 CMSSW.py.pkl
drwxr-xr-x 3 cms030 cms  4096 Nov 27 02:39 bin
drwxr-xr-x 3 cms030 cms  4096 Nov 27 02:39 cfipython
drwxr-xr-x 5 cms030 cms  4096 Nov 27 02:39 config
-rw-r--r-- 1 cms030 cms    15 Nov 27 02:42 cpu_timing.txt
drwxr-xr-x 2 cms030 cms  4096 Nov 27 02:39 doc
-rw-r--r-- 1 cms030 cms  3082 Nov 27 02:41 executable.out
drwxr-xr-x 2 cms030 cms  4096 Nov 27 02:39 include
drwxrwxrwx 3 cms030 cms  4096 Oct 22 16:38 lib
drwxr-xr-x 3 cms030 cms  4096 Nov 27 02:39 logs
drwxr-xr-x 3 cms030 cms  4096 Nov 27 02:39 objs
-rw-r--r-- 1 cms030 cms 16539 Nov 27 02:41 optHistograms.root
-rw-r--r-- 1 cms030 cms   104 Nov 27 02:40 pset.py
-rw-r--r-- 1 cms030 cms 18874 Nov 27 02:40 pset.py.pkl
-rw-r--r-- 1 cms030 cms   289 Nov 27 02:40 pset.pyc
drwxr-xr-x 2 cms030 cms  4096 Nov 27 02:39 python
-rw-r--r-- 1 cms030 cms   426 Nov 27 02:42 report.log
drwxrwxrwx 4 cms030 cms  4096 Nov 27 02:39 src
drwxr-xr-x 3 cms030 cms  4096 Nov 27 02:39 test
drwxr-xr-x 3 cms030 cms  4096 Nov 27 02:39 tmp
>>> current directory /home/cms030/home_creur_865577772/CREAM865577772/glide_E29403/execute/dir_9818/CMSSW_5_3_5
>>> (SOFTWARE_DIR): /home/cms030/home_creur_865577772/CREAM865577772/glide_E29403/execute/dir_9818/CMSSW_5_3_5
>>> (WORKING_DIR): 
>>> current directory content:
total 124
drwxr-xr-x 3 cms030 cms  4096 Nov 27 02:39 .SCRAM
-rw-r--r-- 1 cms030 cms 30066 Nov 27 02:39 CMSSW.py.pkl
drwxr-xr-x 3 cms030 cms  4096 Nov 27 02:39 bin
drwxr-xr-x 3 cms030 cms  4096 Nov 27 02:39 cfipython
drwxr-xr-x 5 cms030 cms  4096 Nov 27 02:39 config
-rw-r--r-- 1 cms030 cms    15 Nov 27 02:42 cpu_timing.txt
drwxr-xr-x 2 cms030 cms  4096 Nov 27 02:39 doc
-rw-r--r-- 1 cms030 cms  3082 Nov 27 02:41 executable.out
drwxr-xr-x 2 cms030 cms  4096 Nov 27 02:39 include
drwxrwxrwx 3 cms030 cms  4096 Oct 22 16:38 lib
drwxr-xr-x 3 cms030 cms  4096 Nov 27 02:39 logs
drwxr-xr-x 3 cms030 cms  4096 Nov 27 02:39 objs
-rw-r--r-- 1 cms030 cms   104 Nov 27 02:40 pset.py
-rw-r--r-- 1 cms030 cms 18874 Nov 27 02:40 pset.py.pkl
-rw-r--r-- 1 cms030 cms   289 Nov 27 02:40 pset.pyc
drwxr-xr-x 2 cms030 cms  4096 Nov 27 02:39 python
-rw-r--r-- 1 cms030 cms   426 Nov 27 02:42 report.log
drwxrwxrwx 4 cms030 cms  4096 Nov 27 02:39 src
drwxr-xr-x 3 cms030 cms  4096 Nov 27 02:39 test
drwxr-xr-x 3 cms030 cms  4096 Nov 27 02:39 tmp
>>> current directory (RUNTIME_AREA):  /home/cms030/home_creur_865577772/CREAM865577772/glide_E29403/execute/dir_9818
>>> current dir: /home/cms030/home_creur_865577772/CREAM865577772/glide_E29403/execute/dir_9818
>>> current dir content:
total 25748
-rw-rw-rw-  1 cms030 cms     5614 Nov 27 02:39 .job.ad
-rw-rw-rw-  1 cms030 cms    11527 Nov 27 02:39 .machine.ad
-rw-rw-rw-  1 cms030 cms      105 Nov 27 01:30 CMSSW.py
-rw-rw-rw-  1 cms030 cms    30066 Nov 27 01:30 CMSSW.py.pkl
-rwxrw-rw-  1 cms030 cms    23339 Nov 27 02:39 CMSSW.sh
-rw-rw-rw-  1 cms030 cms        0 Nov 27 02:39 CMSSW_101.stderr
-rw-rw-rw-  1 cms030 cms    15319 Nov 27 02:42 CMSSW_101.stdout
drwxr-xr-x 15 cms030 cms     4096 Nov 27 02:42 CMSSW_5_3_5
-rw-r--r--  1 cms030 cms      346 Nov 27 02:39 CacheEnv.sh
-rw-rw-rw-  1 cms030 cms     7291 Jun  9  2010 DashboardAPI.py
-rw-r--r--  1 cms030 cms     6868 Nov 27 02:40 DashboardAPI.pyc
drwxrwxrwx  3 cms030 cms     4096 Nov 27 02:42 IMProv
-rw-rw-rw-  1 cms030 cms     2748 Mar  8  2006 Logger.py
-rw-r--r--  1 cms030 cms     3348 Nov 27 02:40 Logger.pyc
-rw-rw-rw-  1 cms030 cms    24524 Mar 28  2008 ProcInfo.py
-rw-r--r--  1 cms030 cms    23446 Nov 27 02:40 ProcInfo.pyc
drwxrwxrwx  7 cms030 cms     4096 Nov 27 02:40 ProdCommon
drwxrwxrwx  3 cms030 cms     4096 Nov 27 02:39 WMCore
-rw-r--r--  1 cms030 cms     1455 Nov 27 02:41 Watchdog_101.log
-rw-rw-rw-  1 cms030 cms    32895 Mar 28  2008 apmon.py
-rw-r--r--  1 cms030 cms    28845 Nov 27 02:40 apmon.pyc
-rw-rw-rw-  1 cms030 cms   104551 Nov 27 02:39 arguments.xml
-rwxrwxrwx  1 cms030 cms    37427 Sep 13 14:14 cmscp.py
-rwxrwxrwx  1 cms030 cms    23339 Nov 27 02:39 condor_exec.exe
-rw-rw-rw-  1 cms030 cms      545 Nov 27 01:30 crab.cfg
-rwxrwxrwx  1 cms030 cms     9531 Sep 20 21:46 crabWatchdog.sh
-rw-r--r--  1 cms030 cms    19958 Nov 27 02:41 crab_fjr_101.xml
-rw-rw-rw-  1 cms030 cms 25796294 Nov 27 02:39 default.tgz
-rwxrwxrwx  1 cms030 cms     4488 May 12  2012 fillCrabFjr.py
-rw-r--r--  1 cms030 cms      352 Nov 27 02:40 inputsReport.txt
-rw-r--r--  1 cms030 cms      134 Nov 27 02:42 jobreport.txt
lrwxrwxrwx  1 cms030 cms      107 Nov 27 02:42 optHistograms.root -> /home/cms030/home_creur_865577772/CREAM865577772/glide_E29403/execute/dir_9818/optHistograms_101_1_frD.root
-rw-r--r--  1 cms030 cms    16539 Nov 27 02:41 optHistograms_101_1_frD.root
-rw-rw-rw-  1 cms030 cms    17352 Jan 20  2012 parseCrabFjr.py
-rw-r--r--  1 cms030 cms      288 Nov 27 02:39 report.log
-rwxrwxrwx  1 cms030 cms     1497 May 27  2009 report.py
-rwxrwxrwx  1 cms030 cms     8387 Mar 23  2011 writeCfg.py
-rw-------  1 cms030 cms     8687 Nov 27 02:39 x509up_u1000009
Checking output files:  
will tar file optHistograms_101_1_frD.root in  out_files_101
will tar file crab_fjr_101.xml in  out_files_101
will tar file CMSSW_101.stdout in  out_files_101
will tar file CMSSW_101.stderr in  out_files_101
WARNING: output file Watchdog_101.log.gz not found!
>>> padding time: Sleeping the wrapper for 463 seconds
STOPPING WATCHDOG. CrabWatchdog PID is 11712
********** LAST 50 LINES OF WATCHDOG LOG
# RESOURCE USAGE SUMMARY FOR PROCESS ID 11433
USER       PID %CPU %MEM    VSZ   RSS TTY      STAT START   TIME COMMAND
cms030   11433  0.6  0.0   8956  1488 ?        S    02:39   0:00 /bin/sh /home/cms030/home_creur_865577772/CREAM865577772/glide_E29403/execute/dir_9818/condor_exec.exe 101 1
 
# LIMITS USED BY THIS WATCHDOG:
# RSS  (KBytes)  : 2300000
# VSZ  (KBytes)  : 100000000
# DISK (MBytes)  : 19000
# CPU  (seconds) : 171600
# WALL (seconds) : 171600
 
# FOLLOWING PRINTOUT TRACKS MAXIMUM VALUES OF RESOURCES USE
# ONE LINE IS PRINTED EACH TIME A MAXIMUM CHANGES
# IF CHANGE WAS IN RSS OR VSZ ALSO PROCID AND COMMAND ARE PRINTED
# THERE IS NO PRINTOUT FOR CPU/WALL TIME INCREASE
 
# TIME			PID	RSS(KB)	VSZ(KB)	Dsk(MB)	tCPU(s)	tWALL(s)	COMMAND
 Nov 27 02:40:03 EET	3480	1340	8816	0	0	3954	/bin/bash /home/cms030/home_creur_865577772/CREAM865577772/glide_E29403/main/condor_startup.sh glidein_config       
 Nov 27 02:40:03 EET	4124	5800	9560	0	1	3953	/home/cms030/home_creur_865577772/CREAM865577772/glide_E29403/main/condor/sbin/condor_master -f -pidfile /home/cms030/home_creur_865577772/CREAM865577772/glide_E29403/condor_master2.pid      
 Nov 27 02:40:03 EET	11755	23740	83348	0	0	2	edmConfigHash pset.py        
 Nov 27 02:40:03 EET	---	23740	83348	168	----	----	----
 Nov 27 02:41:10 EET	12622	355436	556136	168	31	64	cmsRun -j /home/cms030/home_creur_865577772/CREAM865577772/glide_E29403/execute/dir_9818/crab_fjr_101.xml -p pset.py     
 Nov 27 02:42:27 EET	---	355436	556136	169	----	----	----
********** WATCHDOG LOG ENDED
ZIPPING WATCHDOG LOG
Disk space used:
du -sh /home/cms030/home_creur_865577772/CREAM865577772/glide_E29403/execute/dir_9818
169M	/home/cms030/home_creur_865577772/CREAM865577772/glide_E29403/execute/dir_9818
>>> info for dashboard:
***** Cat /home/cms030/home_creur_865577772/CREAM865577772/glide_E29403/execute/dir_9818/jobreport.txt *****
MonitorJobID=101_https://submit-2.t2.ucsd.edu//121127//17531.100
MonitorID=liis_crab_0_121127_013010_p7r30o
ExeTime=106
ExeExitCode=0
CrabUserCpuTime=60.18
CrabSysCpuTime=4.60
CrabCpuPercentage=61%
CrabWrapperTime=600
CrabStageoutTime=NULL
***** End Cat jobreport *****
Parameters sent to Dashboard.
optHistograms_101_1_frD.root
crab_fjr_101.xml
CMSSW_101.stdout
CMSSW_101.stderr
Watchdog_101.log.gz
tar: .BrokerInfo: Cannot stat: No such file or directory
tar: Error exit delayed from previous errors
Total Output dimension: 19070
WARNING: output files size limit is set to: 50000000
Total Output dimension 19070 is fine.
JOB_EXIT_STATUS = 0
>>> info for dashboard:
***** Cat /home/cms030/home_creur_865577772/CREAM865577772/glide_E29403/execute/dir_9818/jobreport.txt *****
MonitorJobID=101_https://submit-2.t2.ucsd.edu//121127//17531.100
MonitorID=liis_crab_0_121127_013010_p7r30o
JobExitCode=0
***** End Cat jobreport *****
Parameters sent to Dashboard.
optHistograms_101_1_frD.root
crab_fjr_101.xml
