This script was generated by crab (version 2.8.3).
Running /home/cms019/home_crobe_964809821/CREAM964809821/glide_no1833/execute/dir_4349/condor_exec.exe with 2 positional parameters: 74 1
Today is Tue Nov 27 02:34:17 EET 2012
Job submitted on host wn-v-2036.local
Linux wn-v-2036.local 2.6.32-042stab059.7 #1 SMP Tue Jul 24 19:12:01 MSK 2012 x86_64 x86_64 x86_64 GNU/Linux
>>> current directory (RUNTIME_AREA): /home/cms019/home_crobe_964809821/CREAM964809821/glide_no1833/execute/dir_4349
>>> current user: uid=11019(cms019) gid=1400(cms) groups=1400(cms)
>>> voms proxy information:
subject   : /DC=ch/DC=cern/OU=Organic Units/OU=Users/CN=liis/CN=663550/CN=Liis Rebane/CN=proxy/CN=limited proxy
issuer    : /DC=ch/DC=cern/OU=Organic Units/OU=Users/CN=liis/CN=663550/CN=Liis Rebane/CN=proxy
identity  : /DC=ch/DC=cern/OU=Organic Units/OU=Users/CN=liis/CN=663550/CN=Liis Rebane/CN=proxy
type      : limited proxy
strength  : 512 bits
path      : /home/cms019/home_crobe_964809821/CREAM964809821/glide_no1833/execute/dir_4349/x509up_u1000009
timeleft  : 23:59:54
key usage : Digital Signature, Key Encipherment, Data Encipherment
=== VO cms extension information ===
VO        : cms
subject   : /DC=ch/DC=cern/OU=Organic Units/OU=Users/CN=liis/CN=663550/CN=Liis Rebane
issuer    : /DC=ch/DC=cern/OU=computers/CN=lcg-voms.cern.ch
attribute : /cms/Role=NULL/Capability=NULL
timeleft  : 190:51:20
uri       : lcg-voms.cern.ch:15002
>>> tar xzf /home/cms019/home_crobe_964809821/CREAM964809821/glide_no1833/execute/dir_4349/default.tgz :
Successful untar
>>> Include /home/cms019/home_crobe_964809821/CREAM964809821/glide_no1833/execute/dir_4349 in PYTHONPATH:
strip arguments
env var CRAB_UNIQUE_JOB_ID set to: liis_crab_0_121127_013010_p7r30o_74_1_TuM
out_files_74
>>> list of expected files on output sandbox
output files: optHistograms_74_1_TuM.root crab_fjr_74.xml CMSSW_74.stdout CMSSW_74.stderr Watchdog_74.log.gz
>>> GridFlavour discovery: 
GridFlavour=LCG
>>> SyncSite discovery: 
SyncSite=T2_EE_Estonia
>>> SyncCE discovery: 
getting SyncCE from CE_ID
SyncCE=oberon.hep.kbfi.ee:8443/cream-pbs-long
>>> info for dashboard:
***** Cat /home/cms019/home_crobe_964809821/CREAM964809821/glide_no1833/execute/dir_4349/jobreport.txt *****
MonitorJobID=74_https://submit-2.t2.ucsd.edu//121127//17531.73
SyncGridJobId=https://submit-2.t2.ucsd.edu//121127//17531.73
MonitorID=liis_crab_0_121127_013010_p7r30o
GridFlavour=LCG
SyncSite=T2_EE_Estonia
SyncCE=oberon.hep.kbfi.ee:8443/cream-pbs-long
***** End Cat jobreport *****
Parameters sent to Dashboard.
>>> setup environment
set SCRAM ARCH to slc5_amd64_gcc462
SCRAM_ARCH = slc5_amd64_gcc462
>>> setup CMS LCG environment:
set SCRAM ARCH and BUILD_ARCH to slc5_amd64_gcc462 ###
Sourcing environment... 
sourcing /cvmfs/cms.cern.ch/cmsset_default.sh
==> setup cms environment ok
>>> specific cmssw setup environment:
CMSSW_VERSION =  CMSSW_5_3_5
>>> current directory (SOFTWARE_DIR): /home/cms019/home_crobe_964809821/CREAM964809821/glide_no1833/execute/dir_4349/CMSSW_5_3_5
PreserveSeeds: <>
IncrementSeeds:<>
{}
WNHostName=wn-v-2036.local
>>> info for dashboard:
***** Cat /home/cms019/home_crobe_964809821/CREAM964809821/glide_no1833/execute/dir_4349/jobreport.txt *****
MonitorJobID=74_https://submit-2.t2.ucsd.edu//121127//17531.73
MonitorID=liis_crab_0_121127_013010_p7r30o
WNHostName=wn-v-2036.local
***** End Cat jobreport *****
Parameters sent to Dashboard.
crabWatchdog started as process 5384
>>> moving CMSSW software directories in /home/cms019/home_crobe_964809821/CREAM964809821/glide_no1833/execute/dir_4349/CMSSW_5_3_5
mv: cannot stat `/home/cms019/home_crobe_964809821/CREAM964809821/glide_no1833/execute/dir_4349/module/': No such file or directory
>>> Include /home/cms019/home_crobe_964809821/CREAM964809821/glide_no1833/execute/dir_4349 in PYTHONPATH:
PYTHONPATH=/home/cms019/home_crobe_964809821/CREAM964809821/glide_no1833/execute/dir_4349/:/home/cms019/home_crobe_964809821/CREAM964809821/glide_no1833/execute/dir_4349/CMSSW_5_3_5/python:/home/cms019/home_crobe_964809821/CREAM964809821/glide_no1833/execute/dir_4349/CMSSW_5_3_5/lib/slc5_amd64_gcc462:/cvmfs/cms.cern.ch/slc5_amd64_gcc462/cms/cmssw/CMSSW_5_3_5/python:/cvmfs/cms.cern.ch/slc5_amd64_gcc462/cms/cmssw/CMSSW_5_3_5/lib/slc5_amd64_gcc462:/cvmfs/cms.cern.ch/slc5_amd64_gcc462/cms/coral/CORAL_2_3_21-cms27/slc5_amd64_gcc462/python:/cvmfs/cms.cern.ch/slc5_amd64_gcc462/cms/coral/CORAL_2_3_21-cms27/slc5_amd64_gcc462/lib:/cvmfs/cms.cern.ch/slc5_amd64_gcc462/external/pyqt/4.8.1/lib/python2.6/site-packages:/cvmfs/cms.cern.ch/slc5_amd64_gcc462/external/py2-scipy/0.8.0/lib/python2.6/site-packages:/cvmfs/cms.cern.ch/slc5_amd64_gcc462/external/py2-matplotlib/1.0.1/lib/python2.6/site-packages:/cvmfs/cms.cern.ch/slc5_amd64_gcc462/external/python-ldap/2.3.5/lib/python2.6/site-packages:/cvmfs/cms.cern.ch/slc5_amd64_gcc462/external/sip/4.11.2/lib/python2.6/site-packages:/cvmfs/cms.cern.ch/slc5_amd64_gcc462/external/py2-pycurl/7.19.0/lib/python2.6/site-packages:/cvmfs/cms.cern.ch/slc5_amd64_gcc462/external/py2-numpy/1.6.1/lib/python2.6/site-packages:/cvmfs/cms.cern.ch/slc5_amd64_gcc462/external/py2-ipython/0.10/lib/python2.6/site-packages:/cvmfs/cms.cern.ch/slc5_amd64_gcc462/external/py2-cx-oracle/5.1-cms11/lib/python2.6/site-packages:/cvmfs/cms.cern.ch/slc5_amd64_gcc462/external/py2-cjson/1.0.5/lib/python2.6/site-packages:/cvmfs/cms.cern.ch/slc5_amd64_gcc462/cms/das-client/1.4.1-cms8/bin:/cvmfs/cms.cern.ch/slc5_amd64_gcc462/external/elementtree/1.2.6/share/lib/python2.6/site-packages:/cvmfs/cms.cern.ch/slc5_amd64_gcc462/external/rivet/1.5.1-cms10/lib/python2.6/site-packages:/cvmfs/cms.cern.ch/slc5_amd64_gcc462/external/pyminuit2/0.0.1-cms34/lib/python2.6/site-packages:/cvmfs/cms.cern.ch/slc5_amd64_gcc462/external/professor/1.0.0-cms35/lib/python2.6/site-packages:/cvmfs/cms.cern.ch/slc5_amd64_gcc462/lcg/root/5.32.00-cms18/lib:/cvmfs/cms.cern.ch/slc5_amd64_gcc462/cms/dbs-client/DBS_2_1_1_patch1_1/lib:/cvmfs/cms.cern.ch/slc5_amd64_gcc462/cms/dbs-client/DBS_2_1_1_patch1_1/lib/DBSAPI:/home/cms019/home_crobe_964809821/CREAM964809821/glide_no1833/execute/dir_4349/
241a2a19cb7c5c8751ba22759ab3bdb0
PSETHASH = 241a2a19cb7c5c8751ba22759ab3bdb0
/home/cms019/home_crobe_964809821/CREAM964809821/glide_no1833/execute/dir_4349/writeCfg.py pset.py pset.py
Importing .py file
Setting parameters
inputBlocks=/QCD_Pt_80_170_EMEnriched_TuneZ2star_8TeV_pythia6/mario-Summer12-stop-pfele-step1-3d176ac8da5e9dff208d057f4733ca91/USER#1edbd789-8e01-4834-bf44-0c1d693a4b92
inputFiles=/store/user/mario/QCD_Pt_80_170_EMEnriched_TuneZ2star_8TeV_pythia6/Summer12-stop-pfele-step1/3d176ac8da5e9dff208d057f4733ca91/tuple_332_7_NO3.root;/store/user/mario/QCD_Pt_80_170_EMEnriched_TuneZ2star_8TeV_pythia6/Summer12-stop-pfele-step1/3d176ac8da5e9dff208d057f4733ca91/tuple_51_8_0yi.root;/store/user/mario/QCD_Pt_80_170_EMEnriched_TuneZ2star_8TeV_pythia6/Summer12-stop-pfele-step1/3d176ac8da5e9dff208d057f4733ca91/tuple_52_5_6Hb.root;/store/user/mario/QCD_Pt_80_170_EMEnriched_TuneZ2star_8TeV_pythia6/Summer12-stop-pfele-step1/3d176ac8da5e9dff208d057f4733ca91/tuple_53_8_B3v.root;/store/user/mario/QCD_Pt_80_170_EMEnriched_TuneZ2star_8TeV_pythia6/Summer12-stop-pfele-step1/3d176ac8da5e9dff208d057f4733ca91/tuple_55_3_QYn.root
parentFiles=
lumisRange=
>>> Executable cmsRun
/cvmfs/cms.cern.ch/slc5_amd64_gcc462/cms/cmssw/CMSSW_5_3_5/bin/slc5_amd64_gcc462/cmsRun
ok executable found
>>> info for dashboard:
***** Cat /home/cms019/home_crobe_964809821/CREAM964809821/glide_no1833/execute/dir_4349/jobreport.txt *****
MonitorJobID=74_https://submit-2.t2.ucsd.edu//121127//17531.73
MonitorID=liis_crab_0_121127_013010_p7r30o
ExeStart=cmsRun
***** End Cat jobreport *****
Parameters sent to Dashboard.
>>> cmsRun started at Tue Nov 27 00:34:41 UTC 2012
>>> cmsRun ended at Tue Nov 27 00:41:31 UTC 2012
>>> info for dashboard:
***** Cat /home/cms019/home_crobe_964809821/CREAM964809821/glide_no1833/execute/dir_4349/jobreport.txt *****
MonitorJobID=74_https://submit-2.t2.ucsd.edu//121127//17531.73
MonitorID=liis_crab_0_121127_013010_p7r30o
ExeEnd=cmsRun
***** End Cat jobreport *****
Parameters sent to Dashboard.
TIME_EXE = 410 sec
>>> cmsRun wrote 103 lines of stdout+stderr
>>> START OF printout of 103 lines from stdout+stderr
27-Nov-2012 02:35:10 EET  Initiating request to open file file:/hdfs/cms/store/user/mario/QCD_Pt_80_170_EMEnriched_TuneZ2star_8TeV_pythia6/Summer12-stop-pfele-step1/3d176ac8da5e9dff208d057f4733ca91/tuple_332_7_NO3.root
27-Nov-2012 02:35:17 EET  Successfully opened file file:/hdfs/cms/store/user/mario/QCD_Pt_80_170_EMEnriched_TuneZ2star_8TeV_pythia6/Summer12-stop-pfele-step1/3d176ac8da5e9dff208d057f4733ca91/tuple_332_7_NO3.root
Begin processing the 1st record. Run 1, Event 110750421, LumiSection 35520 at 27-Nov-2012 02:35:38.364 EET
Begin processing the 1001st record. Run 1, Event 140489531, LumiSection 45058 at 27-Nov-2012 02:35:46.580 EET
Begin processing the 2001st record. Run 1, Event 185955053, LumiSection 59640 at 27-Nov-2012 02:35:50.936 EET
Begin processing the 3001st record. Run 1, Event 20826582, LumiSection 6680 at 27-Nov-2012 02:35:56.220 EET
Begin processing the 4001st record. Run 1, Event 40774486, LumiSection 13078 at 27-Nov-2012 02:36:00.254 EET
Begin processing the 5001st record. Run 1, Event 201747610, LumiSection 64705 at 27-Nov-2012 02:36:04.638 EET
Begin processing the 6001st record. Run 1, Event 209426128, LumiSection 67167 at 27-Nov-2012 02:36:10.912 EET
Begin processing the 7001st record. Run 1, Event 25572834, LumiSection 8202 at 27-Nov-2012 02:36:14.767 EET
Begin processing the 8001st record. Run 1, Event 119408458, LumiSection 38297 at 27-Nov-2012 02:36:19.906 EET
Begin processing the 9001st record. Run 1, Event 24236129, LumiSection 7773 at 27-Nov-2012 02:36:22.783 EET
Begin processing the 10001st record. Run 1, Event 125039845, LumiSection 40103 at 27-Nov-2012 02:36:25.867 EET
Begin processing the 11001st record. Run 1, Event 187200327, LumiSection 60039 at 27-Nov-2012 02:36:30.972 EET
Begin processing the 12001st record. Run 1, Event 51602810, LumiSection 16550 at 27-Nov-2012 02:36:33.874 EET
Begin processing the 13001st record. Run 1, Event 55786066, LumiSection 17892 at 27-Nov-2012 02:36:39.573 EET
Begin processing the 14001st record. Run 1, Event 86337282, LumiSection 27690 at 27-Nov-2012 02:36:42.566 EET
Begin processing the 15001st record. Run 1, Event 117786868, LumiSection 37777 at 27-Nov-2012 02:36:45.002 EET
27-Nov-2012 02:36:48 EET  Closed file file:/hdfs/cms/store/user/mario/QCD_Pt_80_170_EMEnriched_TuneZ2star_8TeV_pythia6/Summer12-stop-pfele-step1/3d176ac8da5e9dff208d057f4733ca91/tuple_332_7_NO3.root
27-Nov-2012 02:36:48 EET  Initiating request to open file file:/hdfs/cms/store/user/mario/QCD_Pt_80_170_EMEnriched_TuneZ2star_8TeV_pythia6/Summer12-stop-pfele-step1/3d176ac8da5e9dff208d057f4733ca91/tuple_51_8_0yi.root
27-Nov-2012 02:36:48 EET  Successfully opened file file:/hdfs/cms/store/user/mario/QCD_Pt_80_170_EMEnriched_TuneZ2star_8TeV_pythia6/Summer12-stop-pfele-step1/3d176ac8da5e9dff208d057f4733ca91/tuple_51_8_0yi.root
Begin processing the 16001st record. Run 1, Event 153436710, LumiSection 49210 at 27-Nov-2012 02:37:06.607 EET
Begin processing the 17001st record. Run 1, Event 162950274, LumiSection 52262 at 27-Nov-2012 02:37:10.007 EET
Begin processing the 18001st record. Run 1, Event 71558024, LumiSection 22950 at 27-Nov-2012 02:37:13.228 EET
Begin processing the 19001st record. Run 1, Event 109002453, LumiSection 34960 at 27-Nov-2012 02:37:18.317 EET
Begin processing the 20001st record. Run 1, Event 116813782, LumiSection 37465 at 27-Nov-2012 02:37:21.370 EET
Begin processing the 21001st record. Run 1, Event 211816930, LumiSection 67934 at 27-Nov-2012 02:37:26.918 EET
Begin processing the 22001st record. Run 1, Event 220645172, LumiSection 70765 at 27-Nov-2012 02:37:29.896 EET
Begin processing the 23001st record. Run 1, Event 162900407, LumiSection 52246 at 27-Nov-2012 02:37:34.998 EET
Begin processing the 24001st record. Run 1, Event 136378019, LumiSection 43739 at 27-Nov-2012 02:37:38.257 EET
Begin processing the 25001st record. Run 1, Event 215072454, LumiSection 68978 at 27-Nov-2012 02:37:41.445 EET
Begin processing the 26001st record. Run 1, Event 148990708, LumiSection 47785 at 27-Nov-2012 02:37:50.122 EET
Begin processing the 27001st record. Run 1, Event 115335649, LumiSection 36991 at 27-Nov-2012 02:37:53.657 EET
Begin processing the 28001st record. Run 1, Event 114583921, LumiSection 36750 at 27-Nov-2012 02:37:59.207 EET
Begin processing the 29001st record. Run 1, Event 135695898, LumiSection 43521 at 27-Nov-2012 02:38:03.158 EET
Begin processing the 30001st record. Run 1, Event 137423718, LumiSection 44075 at 27-Nov-2012 02:38:07.116 EET
Begin processing the 31001st record. Run 1, Event 212521504, LumiSection 68160 at 27-Nov-2012 02:38:12.707 EET
27-Nov-2012 02:38:16 EET  Closed file file:/hdfs/cms/store/user/mario/QCD_Pt_80_170_EMEnriched_TuneZ2star_8TeV_pythia6/Summer12-stop-pfele-step1/3d176ac8da5e9dff208d057f4733ca91/tuple_51_8_0yi.root
27-Nov-2012 02:38:16 EET  Initiating request to open file file:/hdfs/cms/store/user/mario/QCD_Pt_80_170_EMEnriched_TuneZ2star_8TeV_pythia6/Summer12-stop-pfele-step1/3d176ac8da5e9dff208d057f4733ca91/tuple_52_5_6Hb.root
27-Nov-2012 02:38:16 EET  Successfully opened file file:/hdfs/cms/store/user/mario/QCD_Pt_80_170_EMEnriched_TuneZ2star_8TeV_pythia6/Summer12-stop-pfele-step1/3d176ac8da5e9dff208d057f4733ca91/tuple_52_5_6Hb.root
Begin processing the 32001st record. Run 1, Event 223114493, LumiSection 71557 at 27-Nov-2012 02:38:32.865 EET
Begin processing the 33001st record. Run 1, Event 5864604, LumiSection 1881 at 27-Nov-2012 02:38:35.672 EET
Begin processing the 34001st record. Run 1, Event 27914846, LumiSection 8953 at 27-Nov-2012 02:38:39.029 EET
Begin processing the 35001st record. Run 1, Event 25792333, LumiSection 8273 at 27-Nov-2012 02:38:46.666 EET
Begin processing the 36001st record. Run 1, Event 38598938, LumiSection 12380 at 27-Nov-2012 02:38:49.701 EET
Begin processing the 37001st record. Run 1, Event 53214984, LumiSection 17068 at 27-Nov-2012 02:38:54.362 EET
Begin processing the 38001st record. Run 1, Event 165757890, LumiSection 53162 at 27-Nov-2012 02:38:57.795 EET
Begin processing the 39001st record. Run 1, Event 115099515, LumiSection 36915 at 27-Nov-2012 02:39:00.947 EET
Begin processing the 40001st record. Run 1, Event 117018456, LumiSection 37530 at 27-Nov-2012 02:39:07.123 EET
Begin processing the 41001st record. Run 1, Event 213229091, LumiSection 68387 at 27-Nov-2012 02:39:10.659 EET
Begin processing the 42001st record. Run 1, Event 226449946, LumiSection 72627 at 27-Nov-2012 02:39:16.497 EET
Begin processing the 43001st record. Run 1, Event 52169037, LumiSection 16732 at 27-Nov-2012 02:39:19.700 EET
Begin processing the 44001st record. Run 1, Event 113245248, LumiSection 36320 at 27-Nov-2012 02:39:22.810 EET
Begin processing the 45001st record. Run 1, Event 175980640, LumiSection 56441 at 27-Nov-2012 02:39:28.273 EET
Begin processing the 46001st record. Run 1, Event 182229060, LumiSection 58445 at 27-Nov-2012 02:39:30.840 EET
Begin processing the 47001st record. Run 1, Event 188405373, LumiSection 60426 at 27-Nov-2012 02:39:37.619 EET
Begin processing the 48001st record. Run 1, Event 210169516, LumiSection 67406 at 27-Nov-2012 02:39:40.891 EET
27-Nov-2012 02:39:41 EET  Closed file file:/hdfs/cms/store/user/mario/QCD_Pt_80_170_EMEnriched_TuneZ2star_8TeV_pythia6/Summer12-stop-pfele-step1/3d176ac8da5e9dff208d057f4733ca91/tuple_52_5_6Hb.root
27-Nov-2012 02:39:41 EET  Initiating request to open file file:/hdfs/cms/store/user/mario/QCD_Pt_80_170_EMEnriched_TuneZ2star_8TeV_pythia6/Summer12-stop-pfele-step1/3d176ac8da5e9dff208d057f4733ca91/tuple_53_8_B3v.root
27-Nov-2012 02:39:41 EET  Successfully opened file file:/hdfs/cms/store/user/mario/QCD_Pt_80_170_EMEnriched_TuneZ2star_8TeV_pythia6/Summer12-stop-pfele-step1/3d176ac8da5e9dff208d057f4733ca91/tuple_53_8_B3v.root
Begin processing the 49001st record. Run 1, Event 224914899, LumiSection 72135 at 27-Nov-2012 02:39:56.596 EET
Begin processing the 50001st record. Run 1, Event 38868371, LumiSection 12466 at 27-Nov-2012 02:39:59.582 EET
Begin processing the 51001st record. Run 1, Event 42047403, LumiSection 13486 at 27-Nov-2012 02:40:03.933 EET
Begin processing the 52001st record. Run 1, Event 13705512, LumiSection 4396 at 27-Nov-2012 02:40:07.083 EET
Begin processing the 53001st record. Run 1, Event 24166648, LumiSection 7751 at 27-Nov-2012 02:40:10.266 EET
Begin processing the 54001st record. Run 1, Event 49735758, LumiSection 15952 at 27-Nov-2012 02:40:14.623 EET
Begin processing the 55001st record. Run 1, Event 177818826, LumiSection 57030 at 27-Nov-2012 02:40:17.860 EET
Begin processing the 56001st record. Run 1, Event 159998998, LumiSection 51315 at 27-Nov-2012 02:40:22.832 EET
Begin processing the 57001st record. Run 1, Event 195588163, LumiSection 62729 at 27-Nov-2012 02:40:26.480 EET
Begin processing the 58001st record. Run 1, Event 222590890, LumiSection 71389 at 27-Nov-2012 02:40:32.355 EET
Begin processing the 59001st record. Run 1, Event 76757167, LumiSection 24618 at 27-Nov-2012 02:40:35.641 EET
Begin processing the 60001st record. Run 1, Event 83749407, LumiSection 26860 at 27-Nov-2012 02:40:38.751 EET
Begin processing the 61001st record. Run 1, Event 137015017, LumiSection 43944 at 27-Nov-2012 02:40:43.946 EET
Begin processing the 62001st record. Run 1, Event 161055132, LumiSection 51654 at 27-Nov-2012 02:40:47.145 EET
Begin processing the 63001st record. Run 1, Event 171513844, LumiSection 55008 at 27-Nov-2012 02:40:51.057 EET
Begin processing the 64001st record. Run 1, Event 37264406, LumiSection 11952 at 27-Nov-2012 02:40:54.378 EET
27-Nov-2012 02:40:55 EET  Closed file file:/hdfs/cms/store/user/mario/QCD_Pt_80_170_EMEnriched_TuneZ2star_8TeV_pythia6/Summer12-stop-pfele-step1/3d176ac8da5e9dff208d057f4733ca91/tuple_53_8_B3v.root
27-Nov-2012 02:40:55 EET  Initiating request to open file file:/hdfs/cms/store/user/mario/QCD_Pt_80_170_EMEnriched_TuneZ2star_8TeV_pythia6/Summer12-stop-pfele-step1/3d176ac8da5e9dff208d057f4733ca91/tuple_55_3_QYn.root
27-Nov-2012 02:40:55 EET  Successfully opened file file:/hdfs/cms/store/user/mario/QCD_Pt_80_170_EMEnriched_TuneZ2star_8TeV_pythia6/Summer12-stop-pfele-step1/3d176ac8da5e9dff208d057f4733ca91/tuple_55_3_QYn.root
Begin processing the 65001st record. Run 1, Event 184982156, LumiSection 59328 at 27-Nov-2012 02:41:07.671 EET
Begin processing the 66001st record. Run 1, Event 153962006, LumiSection 49379 at 27-Nov-2012 02:41:11.203 EET
Begin processing the 67001st record. Run 1, Event 159107705, LumiSection 51029 at 27-Nov-2012 02:41:17.965 EET
Begin processing the 68001st record. Run 1, Event 136362846, LumiSection 43735 at 27-Nov-2012 02:41:22.763 EET
Begin processing the 69001st record. Run 1, Event 181723409, LumiSection 58283 at 27-Nov-2012 02:41:26.006 EET
27-Nov-2012 02:41:30 EET  Closed file file:/hdfs/cms/store/user/mario/QCD_Pt_80_170_EMEnriched_TuneZ2star_8TeV_pythia6/Summer12-stop-pfele-step1/3d176ac8da5e9dff208d057f4733ca91/tuple_55_3_QYn.root

=============================================

MessageLogger Summary

 type     category        sev    module        subroutine        count    total
 ---- -------------------- -- ---------------- ----------------  -----    -----
    1 fileAction           -s file_close                             5        5
    2 fileAction           -s file_open                             10       10

 type    category    Examples: run/evt        run/evt          run/evt
 ---- -------------------- ---------------- ---------------- ----------------
    1 fileAction           PostProcessEvent PostProcessEvent PostEndRun
    2 fileAction           pre-events       pre-events       PostProcessEvent

Severity    # Occurrences   Total Occurrences
--------    -------------   -----------------
System                 15                  15
>>> END OF printout of 103 lines from stdout+stderr
>>> Parse FrameworkJobReport crab_fjr.xml
Result of parsing the FrameworkJobReport crab_fjr.xml: Popularity start
lumisRange : 1::2093,2968,4348,4396,4408,4421,4462,4540,5723,6095,6777,7363-7364,7751,8391,8747,8845,8947,9313,10282,10285,10586,10644,10917,10920,10988,11070,11072,11074,11122,11174-11175,11212,11946,11952,11961,11989,12041,12043,12423,12466,12610,12745,12775,12848,13151,13221,13325,13358,13486,13517,13574,13581,13810,13828,14013,14272,14281,15247,15271,15765,15952,16208,17141-17142,17545,17862,18151,19947,20712,23211,23213,23344,23945,24009,24104,24108,24115,24184,24618,24815,24848,25785,26231,26424,26622,26632,26860,26872,26882,27036,28275,28873,31224,35578,35621,35973,35988,36504,36839,36916,36967,36970,39007,39716,43555,43632,43944,43962,44000,44026,44043,44081,44093,47415,47434,49938,51315,51654,51663-51664,52027-52028,52862,53414,53519,54252-54253,54866-54867,55008,56924,57030,59676,60124-60125,60521,60896,61139,61551,61751,61904,62729,63338,63507,63906,63956,63998,65929,66699,66874,67180,67221,67311,67466,67882,67938,68379,69128,69204,69701,69753,70225,70294,70371,70810,71389,72135::1;1::1881,4310,4326,4337,4453,4455,4457,5964,5987,6021,7227,7734,7914,8095,8273,8284,8895,8953,9317,9545,10056,10650,10804,11940,11981-11982,12003,12379-12380,12512,13153,13605,13661,13699,13732,13778,13835,14912,14922,14924,15235,15358,15553,15564,15566,15598,15648,15814,15875,15932,15993,16732,17068,17156,17242,17245,17710,17712,17744,18242,21658,22538,23441,25766,25897,31894,33212,33377,36014,36018,36072,36077,36100,36102,36320,36715,36745,36915,37507,37530,37673,37681,38468,40580,42028,42114,48771,49075-49076,49689,50806,52376,53090,53162,53342,53430,54639,54970,55163,55165,56124,56441,56489,56739,56832,57597,57647,58323,58445,58504,58713,58957,59291,59378,59763,59809-59810,59853-59854,60426,60449,60960,61487,61813,62200,62320,63195,63535,64175,65179-65180,66153,66405,66615,66661,66889,66968,67183,67221,67406,67782,67931,68387,69293,69324,69383,69416,69478,69847,69959,69987,70139,70180,71557,71754,72416,72497,72625,72627,72654,72661,72686,72739-72740,72811,72890,72894,72896,72930::2;1::42994,43735,48249,48720,48723,48737,48745,49357,49379,49736,49790,49891,49954,50047,50226,50252,50997,51022,51027,51029,51486,52592,52630,53394,53520,53805,54037,54401,54559,54615,54799,55370,56581,57144,57555,57610,57630,57709,58083,58283,58335,58425,58433,59262,59328,59369,59648,59760,60192,60207,60213,60224,60230,60409,60460,60969,62355,66825::3;1::4129,5918,6111,6552,6602,6680,6734,7013,7773,7896,8202,8871,9287,9343,9551,10392,10577,10886,10909,11613,12173,12422,12954,13078,13379,13475,13504,14188,14605,14798,15126,15132,15148,15158,15347,15436,15542,15793,15877,16333,16542,16546,16550,16656,16868,17154,17353,17431,17802,17824,17892,17946,17969,18038,18384,18403,18409,18475,19022,19200,20491,20830,21368,26565,26609,26725,27003,27343,27531,27684,27690,27725,27756,28060,28674,29244,29471,29669,29868,30523,31401,31765,32967,33166,33217,33434,33688,34051,34141,34191,34662,34678,34984,35377,35520,35964,36057,36132,36624,36777,36850,37057,37129,37403,37777,37787,38297,38570,38821,39567,39593,40103,40317,41191-41192,41333,41956,42461,44449,44451,45058,45386,45389,46516,46524,46779,46922,52271,52322,56036,56199,56825,57252,58383,58634,59640,59967,60039,60174,60324,60973,61194,61557,61773,62208,62362-62363,64452,64705,66106,66315,66359,66617,66932-66933,67029,67167,67382-67383,67889-67890,70698,71261::4;1::21241,21960,22950,23117,23207,23572,23755,23933,24106,24195,24366,24434,24684,26707,26881,27188,30151,32268,32332,32516,32591,32907,33170,33282,33645,33780,34721,34759-34760,34960,36708,36731,36743,36750,36791,36950,36991,36998,37044,37371,37429,37465,37517,37649,39604,40226,41102,41560,41807,41987,42929,43163,43180,43268,43489,43507,43521,43562,43714,43739,43770,43922,43929,43938,43953,43998,44009,44020,44024,44058,44061,44066,44075,44080,44094,44101,44107,44118,44122,44135,44180,44186,44495,44575,44625-44626,45207,45231,45840,46781,47163,47173,47182,47194,47431,47453,47467,47746,47785,48653,49120,49210,49329,49602,50694,50705,50714,50735,50754,50760,50775,51199,51572,52063,52081,52246,52252,52262,52267,52269,52274,52489,52664,53663,53797,54254,54840,54925,56632,57448,57554,60271,60316,61950,62128,62198,65900,65923,65933,66648,66755,67159,67278,67714,67934,68084,68160,68199,68210,68234,68714,68802,68978,68980,69089,69201,69262,69714,69749,69784,70057,70720,70765,70807,70823,71157,71557,72496::5;
lumisParentRange : 
Basename : /store/user/mario/QCD_Pt_80_170_EMEnriched_TuneZ2star_8TeV_pythia6/Summer12-stop-pfele-step1/3d176ac8da5e9dff208d057f4733ca91/tuple_
BasenameParent : 
parentFiles : 
inputBlocks : /QCD_Pt_80_170_EMEnriched_TuneZ2star_8TeV_pythia6/mario-Summer12-stop-pfele-step1-3d176ac8da5e9dff208d057f4733ca91/USER#1edbd789-8e01-4834-bf44-0c1d693a4b92
inputFiles : 53_8_B3v.root::1::EDM::Local::1;52_5_6Hb.root::1::EDM::Local::2;55_3_QYn.root::1::EDM::Local::3;332_7_NO3.root::1::EDM::Local::4;51_8_0yi.root::1::EDM::Local::5;
Popularity stop
Extracted ExitStatus from FrameworkJobReport parsing output: 0
>>> Executable succeded  0
ExeExitCode=0
EXECUTABLE_EXIT_STATUS = 0
>>> current directory /home/cms019/home_crobe_964809821/CREAM964809821/glide_no1833/execute/dir_4349/CMSSW_5_3_5
>>>  (SOFTWARE_DIR): /home/cms019/home_crobe_964809821/CREAM964809821/glide_no1833/execute/dir_4349/CMSSW_5_3_5
>>> (WORKING_DIR): 
>>> current directory content:
total 152
drwxr-xr-x 3 cms019 cms  4096 Nov 27 02:34 .SCRAM
-rw-r--r-- 1 cms019 cms 30066 Nov 27 02:34 CMSSW.py.pkl
drwxr-xr-x 3 cms019 cms  4096 Nov 27 02:34 bin
drwxr-xr-x 3 cms019 cms  4096 Nov 27 02:34 cfipython
drwxr-xr-x 5 cms019 cms  4096 Nov 27 02:34 config
-rw-r--r-- 1 cms019 cms    16 Nov 27 02:41 cpu_timing.txt
drwxr-xr-x 2 cms019 cms  4096 Nov 27 02:34 doc
-rw-r--r-- 1 cms019 cms 11694 Nov 27 02:41 executable.out
drwxr-xr-x 2 cms019 cms  4096 Nov 27 02:34 include
drwxrwxrwx 3 cms019 cms  4096 Oct 22 16:38 lib
drwxr-xr-x 3 cms019 cms  4096 Nov 27 02:34 logs
drwxr-xr-x 3 cms019 cms  4096 Nov 27 02:34 objs
-rw-r--r-- 1 cms019 cms 16872 Nov 27 02:41 optHistograms.root
-rw-r--r-- 1 cms019 cms   104 Nov 27 02:34 pset.py
-rw-r--r-- 1 cms019 cms 19497 Nov 27 02:34 pset.py.pkl
-rw-r--r-- 1 cms019 cms   289 Nov 27 02:34 pset.pyc
drwxr-xr-x 2 cms019 cms  4096 Nov 27 02:34 python
-rw-r--r-- 1 cms019 cms   420 Nov 27 02:41 report.log
drwxrwxrwx 4 cms019 cms  4096 Nov 27 02:34 src
drwxr-xr-x 3 cms019 cms  4096 Nov 27 02:34 test
drwxr-xr-x 3 cms019 cms  4096 Nov 27 02:34 tmp
>>> current directory /home/cms019/home_crobe_964809821/CREAM964809821/glide_no1833/execute/dir_4349/CMSSW_5_3_5
>>> (SOFTWARE_DIR): /home/cms019/home_crobe_964809821/CREAM964809821/glide_no1833/execute/dir_4349/CMSSW_5_3_5
>>> (WORKING_DIR): 
>>> current directory content:
total 132
drwxr-xr-x 3 cms019 cms  4096 Nov 27 02:34 .SCRAM
-rw-r--r-- 1 cms019 cms 30066 Nov 27 02:34 CMSSW.py.pkl
drwxr-xr-x 3 cms019 cms  4096 Nov 27 02:34 bin
drwxr-xr-x 3 cms019 cms  4096 Nov 27 02:34 cfipython
drwxr-xr-x 5 cms019 cms  4096 Nov 27 02:34 config
-rw-r--r-- 1 cms019 cms    16 Nov 27 02:41 cpu_timing.txt
drwxr-xr-x 2 cms019 cms  4096 Nov 27 02:34 doc
-rw-r--r-- 1 cms019 cms 11694 Nov 27 02:41 executable.out
drwxr-xr-x 2 cms019 cms  4096 Nov 27 02:34 include
drwxrwxrwx 3 cms019 cms  4096 Oct 22 16:38 lib
drwxr-xr-x 3 cms019 cms  4096 Nov 27 02:34 logs
drwxr-xr-x 3 cms019 cms  4096 Nov 27 02:34 objs
-rw-r--r-- 1 cms019 cms   104 Nov 27 02:34 pset.py
-rw-r--r-- 1 cms019 cms 19497 Nov 27 02:34 pset.py.pkl
-rw-r--r-- 1 cms019 cms   289 Nov 27 02:34 pset.pyc
drwxr-xr-x 2 cms019 cms  4096 Nov 27 02:34 python
-rw-r--r-- 1 cms019 cms   420 Nov 27 02:41 report.log
drwxrwxrwx 4 cms019 cms  4096 Nov 27 02:34 src
drwxr-xr-x 3 cms019 cms  4096 Nov 27 02:34 test
drwxr-xr-x 3 cms019 cms  4096 Nov 27 02:34 tmp
>>> current directory (RUNTIME_AREA):  /home/cms019/home_crobe_964809821/CREAM964809821/glide_no1833/execute/dir_4349
>>> current dir: /home/cms019/home_crobe_964809821/CREAM964809821/glide_no1833/execute/dir_4349
>>> current dir content:
total 25796
-rw-rw-rw-  1 cms019 cms     5601 Nov 27 02:34 .job.ad
-rw-rw-rw-  1 cms019 cms    11429 Nov 27 02:34 .machine.ad
-rw-rw-rw-  1 cms019 cms      105 Nov 27 01:30 CMSSW.py
-rw-rw-rw-  1 cms019 cms    30066 Nov 27 01:30 CMSSW.py.pkl
-rwxrw-rw-  1 cms019 cms    23339 Nov 27 02:34 CMSSW.sh
drwxr-xr-x 15 cms019 cms     4096 Nov 27 02:41 CMSSW_5_3_5
-rw-rw-rw-  1 cms019 cms        0 Nov 27 02:34 CMSSW_74.stderr
-rw-rw-rw-  1 cms019 cms    28040 Nov 27 02:41 CMSSW_74.stdout
-rw-r--r--  1 cms019 cms      346 Nov 27 02:34 CacheEnv.sh
-rw-rw-rw-  1 cms019 cms     7291 Jun  9  2010 DashboardAPI.py
-rw-r--r--  1 cms019 cms     6868 Nov 27 02:34 DashboardAPI.pyc
drwxrwxrwx  3 cms019 cms     4096 Nov 27 02:41 IMProv
-rw-rw-rw-  1 cms019 cms     2748 Mar  8  2006 Logger.py
-rw-r--r--  1 cms019 cms     3348 Nov 27 02:34 Logger.pyc
-rw-rw-rw-  1 cms019 cms    24524 Mar 28  2008 ProcInfo.py
-rw-r--r--  1 cms019 cms    23446 Nov 27 02:34 ProcInfo.pyc
drwxrwxrwx  7 cms019 cms     4096 Nov 27 02:34 ProdCommon
drwxrwxrwx  3 cms019 cms     4096 Nov 27 02:34 WMCore
-rw-r--r--  1 cms019 cms     2365 Nov 27 02:41 Watchdog_74.log
-rw-rw-rw-  1 cms019 cms    32895 Mar 28  2008 apmon.py
-rw-r--r--  1 cms019 cms    28845 Nov 27 02:34 apmon.pyc
-rw-rw-rw-  1 cms019 cms   104551 Nov 27 02:34 arguments.xml
-rwxrwxrwx  1 cms019 cms    37427 Sep 13 14:14 cmscp.py
-rwxrwxrwx  1 cms019 cms    23339 Nov 27 02:34 condor_exec.exe
-rw-rw-rw-  1 cms019 cms      545 Nov 27 01:30 crab.cfg
-rwxrwxrwx  1 cms019 cms     9531 Sep 20 21:46 crabWatchdog.sh
-rw-r--r--  1 cms019 cms    49986 Nov 27 02:41 crab_fjr_74.xml
-rw-rw-rw-  1 cms019 cms 25796294 Nov 27 02:34 default.tgz
-rwxrwxrwx  1 cms019 cms     4488 May 12  2012 fillCrabFjr.py
-rw-r--r--  1 cms019 cms      936 Nov 27 02:34 inputsReport.txt
-rw-r--r--  1 cms019 cms      132 Nov 27 02:41 jobreport.txt
lrwxrwxrwx  1 cms019 cms      106 Nov 27 02:41 optHistograms.root -> /home/cms019/home_crobe_964809821/CREAM964809821/glide_no1833/execute/dir_4349/optHistograms_74_1_TuM.root
-rw-r--r--  1 cms019 cms    16872 Nov 27 02:41 optHistograms_74_1_TuM.root
-rw-rw-rw-  1 cms019 cms    17352 Jan 20  2012 parseCrabFjr.py
-rw-r--r--  1 cms019 cms      285 Nov 27 02:34 report.log
-rwxrwxrwx  1 cms019 cms     1497 May 27  2009 report.py
-rwxrwxrwx  1 cms019 cms     8387 Mar 23  2011 writeCfg.py
-rw-------  1 cms019 cms     8687 Nov 27 02:34 x509up_u1000009
Checking output files:  
will tar file optHistograms_74_1_TuM.root in  out_files_74
will tar file crab_fjr_74.xml in  out_files_74
will tar file CMSSW_74.stdout in  out_files_74
will tar file CMSSW_74.stderr in  out_files_74
WARNING: output file Watchdog_74.log.gz not found!
>>> padding time: Sleeping the wrapper for 150 seconds
STOPPING WATCHDOG. CrabWatchdog PID is 5384
********** LAST 50 LINES OF WATCHDOG LOG
# RESOURCE USAGE SUMMARY FOR PROCESS ID  4879
USER       PID %CPU %MEM    VSZ   RSS TTY      STAT START   TIME COMMAND
cms019    4879  0.3  0.0   8956  1484 ?        S    02:34   0:00 /bin/sh /home/cms019/home_crobe_964809821/CREAM964809821/glide_no1833/execute/dir_4349/condor_exec.exe 74 1
 
# LIMITS USED BY THIS WATCHDOG:
# RSS  (KBytes)  : 2300000
# VSZ  (KBytes)  : 100000000
# DISK (MBytes)  : 19000
# CPU  (seconds) : 171600
# WALL (seconds) : 171600
 
# FOLLOWING PRINTOUT TRACKS MAXIMUM VALUES OF RESOURCES USE
# ONE LINE IS PRINTED EACH TIME A MAXIMUM CHANGES
# IF CHANGE WAS IN RSS OR VSZ ALSO PROCID AND COMMAND ARE PRINTED
# THERE IS NO PRINTOUT FOR CPU/WALL TIME INCREASE
 
# TIME			PID	RSS(KB)	VSZ(KB)	Dsk(MB)	tCPU(s)	tWALL(s)	COMMAND
 Nov 27 02:34:27 EET	1324	1328	8896	0	0	2409	-bash         
 Nov 27 02:34:27 EET	1374	1488	8952	0	0	2410	/bin/sh -l ./CREAM964809821_jobWrapper.sh       
 Nov 27 02:34:27 EET	1485	3780	8952	0	3	1448	condor_procd -A /home/cms019/home_crobe_964809821/CREAM964809821/glide_no1833/log/procd_address.STARTD -L /home/cms019/home_crobe_964809821/CREAM964809821/glide_no1833/log/ProcLog.STARTD -R 10000000 -S 60 -C
 Nov 27 02:34:27 EET	1712	3780	25504	0	0	2409	perl -e ?use Socket;??sub send_notify {? $cream_url = "193.40.150.124:49152";die "No
 Nov 27 02:34:27 EET	4349	5384	25504	0	0	24	condor_starter -f submit-2.t2.ucsd.edu       
 Nov 27 02:34:27 EET	10151	6068	25504	0	1	2398	/home/cms019/home_crobe_964809821/CREAM964809821/glide_no1833/main/condor/sbin/condor_master -f -pidfile /home/cms019/home_crobe_964809821/CREAM964809821/glide_no1833/condor_master2.pid      
 Nov 27 02:34:27 EET	---	6068	25504	168	----	----	----
 Nov 27 02:35:33 EET	10205	310296	519908	168	13	57	cmsRun -j /home/cms019/home_crobe_964809821/CREAM964809821/glide_no1833/execute/dir_4349/crab_fjr_74.xml -p pset.py     
 Nov 27 02:36:39 EET	10205	355624	556388	168	58	123	cmsRun -j /home/cms019/home_crobe_964809821/CREAM964809821/glide_no1833/execute/dir_4349/crab_fjr_74.xml -p pset.py     
 Nov 27 02:37:45 EET	10205	360160	558180	168	94	189	cmsRun -j /home/cms019/home_crobe_964809821/CREAM964809821/glide_no1833/execute/dir_4349/crab_fjr_74.xml -p pset.py     
 Nov 27 02:41:01 EET	10205	360380	558180	168	214	385	cmsRun -j /home/cms019/home_crobe_964809821/CREAM964809821/glide_no1833/execute/dir_4349/crab_fjr_74.xml -p pset.py     
 Nov 27 02:42:07 EET	---	360380	558180	169	----	----	----
********** WATCHDOG LOG ENDED
ZIPPING WATCHDOG LOG
Disk space used:
du -sh /home/cms019/home_crobe_964809821/CREAM964809821/glide_no1833/execute/dir_4349
169M	/home/cms019/home_crobe_964809821/CREAM964809821/glide_no1833/execute/dir_4349
>>> info for dashboard:
***** Cat /home/cms019/home_crobe_964809821/CREAM964809821/glide_no1833/execute/dir_4349/jobreport.txt *****
MonitorJobID=74_https://submit-2.t2.ucsd.edu//121127//17531.73
MonitorID=liis_crab_0_121127_013010_p7r30o
ExeTime=410
ExeExitCode=0
CrabUserCpuTime=221.72
CrabSysCpuTime=9.54
CrabCpuPercentage=56%
CrabWrapperTime=601
CrabStageoutTime=NULL
***** End Cat jobreport *****
Parameters sent to Dashboard.
optHistograms_74_1_TuM.root
crab_fjr_74.xml
CMSSW_74.stdout
CMSSW_74.stderr
Watchdog_74.log.gz
tar: .BrokerInfo: Cannot stat: No such file or directory
tar: Error exit delayed from previous errors
Total Output dimension: 27583
WARNING: output files size limit is set to: 50000000
Total Output dimension 27583 is fine.
JOB_EXIT_STATUS = 0
>>> info for dashboard:
***** Cat /home/cms019/home_crobe_964809821/CREAM964809821/glide_no1833/execute/dir_4349/jobreport.txt *****
MonitorJobID=74_https://submit-2.t2.ucsd.edu//121127//17531.73
MonitorID=liis_crab_0_121127_013010_p7r30o
JobExitCode=0
***** End Cat jobreport *****
Parameters sent to Dashboard.
optHistograms_74_1_TuM.root
crab_fjr_74.xml
