This script was generated by crab (version 2.8.3).
Running /home/cms030/home_crmrs_198473427/CREAM198473427/glide_J19376/execute/dir_5566/condor_exec.exe with 2 positional parameters: 58 1
Today is Tue Nov 27 02:59:24 EET 2012
Job submitted on host wn-v-3332.local
Linux wn-v-3332.local 2.6.32-042stab059.7 #1 SMP Tue Jul 24 19:12:01 MSK 2012 x86_64 x86_64 x86_64 GNU/Linux
>>> current directory (RUNTIME_AREA): /home/cms030/home_crmrs_198473427/CREAM198473427/glide_J19376/execute/dir_5566
>>> current user: uid=11030(cms030) gid=1400(cms) groups=1400(cms)
>>> voms proxy information:
subject   : /DC=ch/DC=cern/OU=Organic Units/OU=Users/CN=liis/CN=663550/CN=Liis Rebane/CN=proxy/CN=limited proxy
issuer    : /DC=ch/DC=cern/OU=Organic Units/OU=Users/CN=liis/CN=663550/CN=Liis Rebane/CN=proxy
identity  : /DC=ch/DC=cern/OU=Organic Units/OU=Users/CN=liis/CN=663550/CN=Liis Rebane/CN=proxy
type      : limited proxy
strength  : 512 bits
path      : /home/cms030/home_crmrs_198473427/CREAM198473427/glide_J19376/execute/dir_5566/x509up_u1000009
timeleft  : 23:58:55
key usage : Digital Signature, Key Encipherment, Data Encipherment
=== VO cms extension information ===
VO        : cms
subject   : /DC=ch/DC=cern/OU=Organic Units/OU=Users/CN=liis/CN=663550/CN=Liis Rebane
issuer    : /DC=ch/DC=cern/OU=computers/CN=lcg-voms.cern.ch
attribute : /cms/Role=NULL/Capability=NULL
timeleft  : 190:26:13
uri       : lcg-voms.cern.ch:15002
>>> tar xzf /home/cms030/home_crmrs_198473427/CREAM198473427/glide_J19376/execute/dir_5566/default.tgz :
Successful untar
>>> Include /home/cms030/home_crmrs_198473427/CREAM198473427/glide_J19376/execute/dir_5566 in PYTHONPATH:
strip arguments
env var CRAB_UNIQUE_JOB_ID set to: liis_crab_0_121127_013759_6co90g_58_1_9lJ
out_files_58
>>> list of expected files on output sandbox
output files: optHistograms_58_1_9lJ.root crab_fjr_58.xml CMSSW_58.stdout CMSSW_58.stderr Watchdog_58.log.gz
>>> GridFlavour discovery: 
GridFlavour=LCG
>>> SyncSite discovery: 
SyncSite=T2_EE_Estonia
>>> SyncCE discovery: 
getting SyncCE from CE_ID
SyncCE=mars.hep.kbfi.ee:8443/cream-pbs-long
>>> info for dashboard:
***** Cat /home/cms030/home_crmrs_198473427/CREAM198473427/glide_J19376/execute/dir_5566/jobreport.txt *****
MonitorJobID=58_https://submit-2.t2.ucsd.edu//121127//17537.57
SyncGridJobId=https://submit-2.t2.ucsd.edu//121127//17537.57
MonitorID=liis_crab_0_121127_013759_6co90g
GridFlavour=LCG
SyncSite=T2_EE_Estonia
SyncCE=mars.hep.kbfi.ee:8443/cream-pbs-long
***** End Cat jobreport *****
Parameters sent to Dashboard.
>>> setup environment
set SCRAM ARCH to slc5_amd64_gcc462
SCRAM_ARCH = slc5_amd64_gcc462
>>> setup CMS LCG environment:
set SCRAM ARCH and BUILD_ARCH to slc5_amd64_gcc462 ###
Sourcing environment... 
sourcing /cvmfs/cms.cern.ch/cmsset_default.sh
==> setup cms environment ok
>>> specific cmssw setup environment:
CMSSW_VERSION =  CMSSW_5_3_5
>>> current directory (SOFTWARE_DIR): /home/cms030/home_crmrs_198473427/CREAM198473427/glide_J19376/execute/dir_5566/CMSSW_5_3_5
PreserveSeeds: <>
IncrementSeeds:<>
{}
WNHostName=wn-v-3332.local
>>> info for dashboard:
***** Cat /home/cms030/home_crmrs_198473427/CREAM198473427/glide_J19376/execute/dir_5566/jobreport.txt *****
MonitorJobID=58_https://submit-2.t2.ucsd.edu//121127//17537.57
MonitorID=liis_crab_0_121127_013759_6co90g
WNHostName=wn-v-3332.local
***** End Cat jobreport *****
Parameters sent to Dashboard.
crabWatchdog started as process 9513
>>> moving CMSSW software directories in /home/cms030/home_crmrs_198473427/CREAM198473427/glide_J19376/execute/dir_5566/CMSSW_5_3_5
mv: cannot stat `/home/cms030/home_crmrs_198473427/CREAM198473427/glide_J19376/execute/dir_5566/module/': No such file or directory
>>> Include /home/cms030/home_crmrs_198473427/CREAM198473427/glide_J19376/execute/dir_5566 in PYTHONPATH:
PYTHONPATH=/home/cms030/home_crmrs_198473427/CREAM198473427/glide_J19376/execute/dir_5566/:/home/cms030/home_crmrs_198473427/CREAM198473427/glide_J19376/execute/dir_5566/CMSSW_5_3_5/python:/home/cms030/home_crmrs_198473427/CREAM198473427/glide_J19376/execute/dir_5566/CMSSW_5_3_5/lib/slc5_amd64_gcc462:/cvmfs/cms.cern.ch/slc5_amd64_gcc462/cms/cmssw/CMSSW_5_3_5/python:/cvmfs/cms.cern.ch/slc5_amd64_gcc462/cms/cmssw/CMSSW_5_3_5/lib/slc5_amd64_gcc462:/cvmfs/cms.cern.ch/slc5_amd64_gcc462/cms/coral/CORAL_2_3_21-cms27/slc5_amd64_gcc462/python:/cvmfs/cms.cern.ch/slc5_amd64_gcc462/cms/coral/CORAL_2_3_21-cms27/slc5_amd64_gcc462/lib:/cvmfs/cms.cern.ch/slc5_amd64_gcc462/external/pyqt/4.8.1/lib/python2.6/site-packages:/cvmfs/cms.cern.ch/slc5_amd64_gcc462/external/py2-scipy/0.8.0/lib/python2.6/site-packages:/cvmfs/cms.cern.ch/slc5_amd64_gcc462/external/py2-matplotlib/1.0.1/lib/python2.6/site-packages:/cvmfs/cms.cern.ch/slc5_amd64_gcc462/external/python-ldap/2.3.5/lib/python2.6/site-packages:/cvmfs/cms.cern.ch/slc5_amd64_gcc462/external/sip/4.11.2/lib/python2.6/site-packages:/cvmfs/cms.cern.ch/slc5_amd64_gcc462/external/py2-pycurl/7.19.0/lib/python2.6/site-packages:/cvmfs/cms.cern.ch/slc5_amd64_gcc462/external/py2-numpy/1.6.1/lib/python2.6/site-packages:/cvmfs/cms.cern.ch/slc5_amd64_gcc462/external/py2-ipython/0.10/lib/python2.6/site-packages:/cvmfs/cms.cern.ch/slc5_amd64_gcc462/external/py2-cx-oracle/5.1-cms11/lib/python2.6/site-packages:/cvmfs/cms.cern.ch/slc5_amd64_gcc462/external/py2-cjson/1.0.5/lib/python2.6/site-packages:/cvmfs/cms.cern.ch/slc5_amd64_gcc462/cms/das-client/1.4.1-cms8/bin:/cvmfs/cms.cern.ch/slc5_amd64_gcc462/external/elementtree/1.2.6/share/lib/python2.6/site-packages:/cvmfs/cms.cern.ch/slc5_amd64_gcc462/external/rivet/1.5.1-cms10/lib/python2.6/site-packages:/cvmfs/cms.cern.ch/slc5_amd64_gcc462/external/pyminuit2/0.0.1-cms34/lib/python2.6/site-packages:/cvmfs/cms.cern.ch/slc5_amd64_gcc462/external/professor/1.0.0-cms35/lib/python2.6/site-packages:/cvmfs/cms.cern.ch/slc5_amd64_gcc462/lcg/root/5.32.00-cms18/lib:/cvmfs/cms.cern.ch/slc5_amd64_gcc462/cms/dbs-client/DBS_2_1_1_patch1_1/lib:/cvmfs/cms.cern.ch/slc5_amd64_gcc462/cms/dbs-client/DBS_2_1_1_patch1_1/lib/DBSAPI:/home/cms030/home_crmrs_198473427/CREAM198473427/glide_J19376/execute/dir_5566/
241a2a19cb7c5c8751ba22759ab3bdb0
PSETHASH = 241a2a19cb7c5c8751ba22759ab3bdb0
/home/cms030/home_crmrs_198473427/CREAM198473427/glide_J19376/execute/dir_5566/writeCfg.py pset.py pset.py
Importing .py file
Setting parameters
inputBlocks=/QCD_Pt_250_350_BCtoE_TuneZ2star_8TeV_pythia6/mario-Summer12-stop-pfele-step1-3d176ac8da5e9dff208d057f4733ca91/USER#7995b155-5e61-4a6b-92c2-ceefb547c0e1
inputFiles=/store/user/mario/QCD_Pt_250_350_BCtoE_TuneZ2star_8TeV_pythia6/Summer12-stop-pfele-step1/3d176ac8da5e9dff208d057f4733ca91/tuple_380_1_ZDs.root;/store/user/mario/QCD_Pt_250_350_BCtoE_TuneZ2star_8TeV_pythia6/Summer12-stop-pfele-step1/3d176ac8da5e9dff208d057f4733ca91/tuple_381_1_ndr.root;/store/user/mario/QCD_Pt_250_350_BCtoE_TuneZ2star_8TeV_pythia6/Summer12-stop-pfele-step1/3d176ac8da5e9dff208d057f4733ca91/tuple_382_1_g7k.root;/store/user/mario/QCD_Pt_250_350_BCtoE_TuneZ2star_8TeV_pythia6/Summer12-stop-pfele-step1/3d176ac8da5e9dff208d057f4733ca91/tuple_383_1_LkG.root;/store/user/mario/QCD_Pt_250_350_BCtoE_TuneZ2star_8TeV_pythia6/Summer12-stop-pfele-step1/3d176ac8da5e9dff208d057f4733ca91/tuple_384_1_R1l.root
parentFiles=
lumisRange=
>>> Executable cmsRun
/cvmfs/cms.cern.ch/slc5_amd64_gcc462/cms/cmssw/CMSSW_5_3_5/bin/slc5_amd64_gcc462/cmsRun
ok executable found
>>> info for dashboard:
***** Cat /home/cms030/home_crmrs_198473427/CREAM198473427/glide_J19376/execute/dir_5566/jobreport.txt *****
MonitorJobID=58_https://submit-2.t2.ucsd.edu//121127//17537.57
MonitorID=liis_crab_0_121127_013759_6co90g
ExeStart=cmsRun
***** End Cat jobreport *****
Parameters sent to Dashboard.
>>> cmsRun started at Tue Nov 27 01:00:08 UTC 2012
>>> cmsRun ended at Tue Nov 27 01:01:39 UTC 2012
>>> info for dashboard:
***** Cat /home/cms030/home_crmrs_198473427/CREAM198473427/glide_J19376/execute/dir_5566/jobreport.txt *****
MonitorJobID=58_https://submit-2.t2.ucsd.edu//121127//17537.57
MonitorID=liis_crab_0_121127_013759_6co90g
ExeEnd=cmsRun
***** End Cat jobreport *****
Parameters sent to Dashboard.
TIME_EXE = 91 sec
>>> cmsRun wrote 22 lines of stdout+stderr
>>> START OF printout of 22 lines from stdout+stderr
27-Nov-2012 03:00:58 EET  Initiating request to open file file:/hdfs/cms/store/user/mario/QCD_Pt_250_350_BCtoE_TuneZ2star_8TeV_pythia6/Summer12-stop-pfele-step1/3d176ac8da5e9dff208d057f4733ca91/tuple_380_1_ZDs.root
27-Nov-2012 03:00:58 EET  Fallback request to file root://xrootd.ba.infn.it//store/user/mario/QCD_Pt_250_350_BCtoE_TuneZ2star_8TeV_pythia6/Summer12-stop-pfele-step1/3d176ac8da5e9dff208d057f4733ca91/tuple_380_1_ZDs.root
121127 03:01:04 16895 Xrd: GoToAnotherServer: Going to: cms-xrd-global.cern.ch:1094
121127 03:01:34 16895 Xrd: CheckErrorStatus: Server [xrootd.ba.infn.it:1094] declared: No servers are available to read the file.(error code: 3011)
121127 03:01:34 16895 Xrd: GoToAnotherServer: Going to: xrootd.ba.infn.it:1094
121127 03:01:39 16895 Xrd: GoToAnotherServer: Going to: cms-xrd-global.cern.ch:1094
121127 03:01:39 16895 Xrd: CheckErrorStatus: Server [xrootd.ba.infn.it:1094] declared: No servers are available to read the file.(error code: 3011)
121127 03:01:39 16895 Xrd: Open: Error opening the file.
----- Begin Fatal Exception 27-Nov-2012 03:01:39 EET-----------------------
An exception of category 'FallbackFileOpenError' occurred while
   [0] Constructing the EventProcessor
   [1] Constructing input source of type PoolSource
   [2] Calling RootInputFileSequence::initFile()
   [3] Calling StorageFactory::open()
   [4] Calling XrdFile::open()
Exception Message:
Input file file:/hdfs/cms/store/user/mario/QCD_Pt_250_350_BCtoE_TuneZ2star_8TeV_pythia6/Summer12-stop-pfele-step1/3d176ac8da5e9dff208d057f4733ca91/tuple_380_1_ZDs.root was not found, could not be opened, or is corrupted.
Fallback Input file root://xrootd.ba.infn.it//store/user/mario/QCD_Pt_250_350_BCtoE_TuneZ2star_8TeV_pythia6/Summer12-stop-pfele-step1/3d176ac8da5e9dff208d057f4733ca91/tuple_380_1_ZDs.root also was not found, could not be opened, or is corrupted.
   Additional Info:
      [a] XrdClient::Open(name='root://xrootd.ba.infn.it//store/user/mario/QCD_Pt_250_350_BCtoE_TuneZ2star_8TeV_pythia6/Summer12-stop-pfele-step1/3d176ac8da5e9dff208d057f4733ca91/tuple_380_1_ZDs.root', flags=0x10, permissions=0666) => error 'No servers are available to read the file.' (errno=3011)
      [b] Current server connection: root://cms-xrd-global.cern.ch:1094//store/user/mario/QCD_Pt_250_350_BCtoE_TuneZ2star_8TeV_pythia6/Summer12-stop-pfele-step1/3d176ac8da5e9dff208d057f4733ca91/tuple_380_1_ZDs.root
----- End Fatal Exception -------------------------------------------------
>>> END OF printout of 22 lines from stdout+stderr
>>> Parse FrameworkJobReport crab_fjr.xml
Result of parsing the FrameworkJobReport crab_fjr.xml: Popularity start
lumisRange : 
lumisParentRange : 
Basename : /store/user/mario/QCD_Pt_250_350_BCtoE_TuneZ2star_8TeV_pythia6/Summer12-stop-pfele-step1/3d176ac8da5e9dff208d057f4733ca91/tuple_38
BasenameParent : 
parentFiles : 
inputBlocks : /QCD_Pt_250_350_BCtoE_TuneZ2star_8TeV_pythia6/mario-Summer12-stop-pfele-step1-3d176ac8da5e9dff208d057f4733ca91/USER#7995b155-5e61-4a6b-92c2-ceefb547c0e1
inputFiles : 0_1_ZDs.root::0::Unknown::Remote::Unknown;1_1_ndr.root::2::Unknown::Unknown::Unknown;2_1_g7k.root::2::Unknown::Unknown::Unknown;3_1_LkG.root::2::Unknown::Unknown::Unknown;4_1_R1l.root::2::Unknown::Unknown::Unknown;
Popularity stop
Extracted ExitStatus from FrameworkJobReport parsing output: 8028
>>> Executable failed  8028
ExeExitCode=8028
EXECUTABLE_EXIT_STATUS = 8028
Checking output files:  
WARNING: output file optHistograms_58_1_9lJ.root not found!
will tar file crab_fjr_58.xml in  out_files_58
will tar file CMSSW_58.stdout in  out_files_58
will tar file CMSSW_58.stderr in  out_files_58
WARNING: output file Watchdog_58.log.gz not found!
>>> padding time: Sleeping the wrapper for 444 seconds
STOPPING WATCHDOG. CrabWatchdog PID is 9513
********** LAST 50 LINES OF WATCHDOG LOG
# RESOURCE USAGE SUMMARY FOR PROCESS ID  7140
USER       PID %CPU %MEM    VSZ   RSS TTY      STAT START   TIME COMMAND
cms030    7140  0.2  0.0   8956  1488 ?        S    02:59   0:00 /bin/sh /home/cms030/home_crmrs_198473427/CREAM198473427/glide_J19376/execute/dir_5566/condor_exec.exe 58 1
 
# LIMITS USED BY THIS WATCHDOG:
# RSS  (KBytes)  : 2300000
# VSZ  (KBytes)  : 100000000
# DISK (MBytes)  : 19000
# CPU  (seconds) : 171600
# WALL (seconds) : 171600
 
# FOLLOWING PRINTOUT TRACKS MAXIMUM VALUES OF RESOURCES USE
# ONE LINE IS PRINTED EACH TIME A MAXIMUM CHANGES
# IF CHANGE WAS IN RSS OR VSZ ALSO PROCID AND COMMAND ARE PRINTED
# THERE IS NO PRINTOUT FOR CPU/WALL TIME INCREASE
 
# TIME			PID	RSS(KB)	VSZ(KB)	Dsk(MB)	tCPU(s)	tWALL(s)	COMMAND
 Nov 27 02:59:36 EET	5498	3908	5980	0	110	60051	condor_procd -A /home/cms030/home_crmrs_198473427/CREAM198473427/glide_J19376/log/procd_address.STARTD -L /home/cms030/home_crmrs_198473427/CREAM198473427/glide_J19376/log/ProcLog.STARTD -R 10000000 -S 60 -C
 Nov 27 02:59:36 EET	5566	5388	9376	0	0	22	condor_starter -f submit-2.t2.ucsd.edu       
 Nov 27 02:59:36 EET	9586	22064	84720	0	0	2	edmConfigHash pset.py        
 Nov 27 02:59:36 EET	---	22064	84720	168	----	----	----
 Nov 27 03:00:45 EET	16895	42168	112788	168	10	40	cmsRun -j /home/cms030/home_crmrs_198473427/CREAM198473427/glide_J19376/execute/dir_5566/crab_fjr_58.xml -p pset.py     
********** WATCHDOG LOG ENDED
ZIPPING WATCHDOG LOG
Disk space used:
du -sh /home/cms030/home_crmrs_198473427/CREAM198473427/glide_J19376/execute/dir_5566
168M	/home/cms030/home_crmrs_198473427/CREAM198473427/glide_J19376/execute/dir_5566
>>> info for dashboard:
***** Cat /home/cms030/home_crmrs_198473427/CREAM198473427/glide_J19376/execute/dir_5566/jobreport.txt *****
MonitorJobID=58_https://submit-2.t2.ucsd.edu//121127//17537.57
MonitorID=liis_crab_0_121127_013759_6co90g
ExeTime=91
ExeExitCode=8028
CrabUserCpuTime=0.98
CrabSysCpuTime=12.41
CrabCpuPercentage=14%
CrabWrapperTime=600
CrabStageoutTime=NULL
***** End Cat jobreport *****
Parameters sent to Dashboard.
tar: optHistograms_58_1_9lJ.root: Cannot stat: No such file or directory
crab_fjr_58.xml
CMSSW_58.stdout
CMSSW_58.stderr
Watchdog_58.log.gz
tar: .BrokerInfo: Cannot stat: No such file or directory
tar: Error exit delayed from previous errors
Total Output dimension: 5303
WARNING: output files size limit is set to: 50000000
Total Output dimension 5303 is fine.
JOB_EXIT_STATUS = 8028
>>> info for dashboard:
***** Cat /home/cms030/home_crmrs_198473427/CREAM198473427/glide_J19376/execute/dir_5566/jobreport.txt *****
MonitorJobID=58_https://submit-2.t2.ucsd.edu//121127//17537.57
MonitorID=liis_crab_0_121127_013759_6co90g
JobExitCode=8028
***** End Cat jobreport *****
Parameters sent to Dashboard.
tar: optHistograms_58_1_9lJ.root: Cannot stat: No such file or directory
crab_fjr_58.xml
