This script was generated by crab (version 2.8.3).
Running /home/cms097/home_crmrs_714473442/CREAM714473442/glide_k30470/execute/dir_17714/condor_exec.exe with 2 positional parameters: 73 1
Today is Tue Nov 27 03:00:28 EET 2012
Job submitted on host wn-v-5060.local
Linux wn-v-5060.local 2.6.32-042stab059.7 #1 SMP Tue Jul 24 19:12:01 MSK 2012 x86_64 x86_64 x86_64 GNU/Linux
>>> current directory (RUNTIME_AREA): /home/cms097/home_crmrs_714473442/CREAM714473442/glide_k30470/execute/dir_17714
>>> current user: uid=11097(cms097) gid=1400(cms) groups=1400(cms)
>>> voms proxy information:
subject   : /DC=ch/DC=cern/OU=Organic Units/OU=Users/CN=liis/CN=663550/CN=Liis Rebane/CN=proxy/CN=limited proxy
issuer    : /DC=ch/DC=cern/OU=Organic Units/OU=Users/CN=liis/CN=663550/CN=Liis Rebane/CN=proxy
identity  : /DC=ch/DC=cern/OU=Organic Units/OU=Users/CN=liis/CN=663550/CN=Liis Rebane/CN=proxy
type      : limited proxy
strength  : 512 bits
path      : /home/cms097/home_crmrs_714473442/CREAM714473442/glide_k30470/execute/dir_17714/x509up_u1000009
timeleft  : 23:59:54
key usage : Digital Signature, Key Encipherment, Data Encipherment
=== VO cms extension information ===
VO        : cms
subject   : /DC=ch/DC=cern/OU=Organic Units/OU=Users/CN=liis/CN=663550/CN=Liis Rebane
issuer    : /DC=ch/DC=cern/OU=computers/CN=lcg-voms.cern.ch
attribute : /cms/Role=NULL/Capability=NULL
timeleft  : 190:25:09
uri       : lcg-voms.cern.ch:15002
>>> tar xzf /home/cms097/home_crmrs_714473442/CREAM714473442/glide_k30470/execute/dir_17714/default.tgz :
Successful untar
>>> Include /home/cms097/home_crmrs_714473442/CREAM714473442/glide_k30470/execute/dir_17714 in PYTHONPATH:
strip arguments
env var CRAB_UNIQUE_JOB_ID set to: liis_crab_0_121127_013759_6co90g_73_1_5AH
out_files_73
>>> list of expected files on output sandbox
output files: optHistograms_73_1_5AH.root crab_fjr_73.xml CMSSW_73.stdout CMSSW_73.stderr Watchdog_73.log.gz
>>> GridFlavour discovery: 
GridFlavour=LCG
>>> SyncSite discovery: 
SyncSite=T2_EE_Estonia
>>> SyncCE discovery: 
getting SyncCE from CE_ID
SyncCE=mars.hep.kbfi.ee:8443/cream-pbs-long
>>> info for dashboard:
***** Cat /home/cms097/home_crmrs_714473442/CREAM714473442/glide_k30470/execute/dir_17714/jobreport.txt *****
MonitorJobID=73_https://submit-2.t2.ucsd.edu//121127//17537.72
SyncGridJobId=https://submit-2.t2.ucsd.edu//121127//17537.72
MonitorID=liis_crab_0_121127_013759_6co90g
GridFlavour=LCG
SyncSite=T2_EE_Estonia
SyncCE=mars.hep.kbfi.ee:8443/cream-pbs-long
***** End Cat jobreport *****
Parameters sent to Dashboard.
>>> setup environment
set SCRAM ARCH to slc5_amd64_gcc462
SCRAM_ARCH = slc5_amd64_gcc462
>>> setup CMS LCG environment:
set SCRAM ARCH and BUILD_ARCH to slc5_amd64_gcc462 ###
Sourcing environment... 
sourcing /cvmfs/cms.cern.ch/cmsset_default.sh
==> setup cms environment ok
>>> specific cmssw setup environment:
CMSSW_VERSION =  CMSSW_5_3_5
>>> current directory (SOFTWARE_DIR): /home/cms097/home_crmrs_714473442/CREAM714473442/glide_k30470/execute/dir_17714/CMSSW_5_3_5
PreserveSeeds: <>
IncrementSeeds:<>
{}
WNHostName=wn-v-5060.local
>>> info for dashboard:
***** Cat /home/cms097/home_crmrs_714473442/CREAM714473442/glide_k30470/execute/dir_17714/jobreport.txt *****
MonitorJobID=73_https://submit-2.t2.ucsd.edu//121127//17537.72
MonitorID=liis_crab_0_121127_013759_6co90g
WNHostName=wn-v-5060.local
***** End Cat jobreport *****
Parameters sent to Dashboard.
crabWatchdog started as process 20216
>>> moving CMSSW software directories in /home/cms097/home_crmrs_714473442/CREAM714473442/glide_k30470/execute/dir_17714/CMSSW_5_3_5
mv: cannot stat `/home/cms097/home_crmrs_714473442/CREAM714473442/glide_k30470/execute/dir_17714/module/': No such file or directory
>>> Include /home/cms097/home_crmrs_714473442/CREAM714473442/glide_k30470/execute/dir_17714 in PYTHONPATH:
PYTHONPATH=/home/cms097/home_crmrs_714473442/CREAM714473442/glide_k30470/execute/dir_17714/:/home/cms097/home_crmrs_714473442/CREAM714473442/glide_k30470/execute/dir_17714/CMSSW_5_3_5/python:/home/cms097/home_crmrs_714473442/CREAM714473442/glide_k30470/execute/dir_17714/CMSSW_5_3_5/lib/slc5_amd64_gcc462:/cvmfs/cms.cern.ch/slc5_amd64_gcc462/cms/cmssw/CMSSW_5_3_5/python:/cvmfs/cms.cern.ch/slc5_amd64_gcc462/cms/cmssw/CMSSW_5_3_5/lib/slc5_amd64_gcc462:/cvmfs/cms.cern.ch/slc5_amd64_gcc462/cms/coral/CORAL_2_3_21-cms27/slc5_amd64_gcc462/python:/cvmfs/cms.cern.ch/slc5_amd64_gcc462/cms/coral/CORAL_2_3_21-cms27/slc5_amd64_gcc462/lib:/cvmfs/cms.cern.ch/slc5_amd64_gcc462/external/pyqt/4.8.1/lib/python2.6/site-packages:/cvmfs/cms.cern.ch/slc5_amd64_gcc462/external/py2-scipy/0.8.0/lib/python2.6/site-packages:/cvmfs/cms.cern.ch/slc5_amd64_gcc462/external/py2-matplotlib/1.0.1/lib/python2.6/site-packages:/cvmfs/cms.cern.ch/slc5_amd64_gcc462/external/python-ldap/2.3.5/lib/python2.6/site-packages:/cvmfs/cms.cern.ch/slc5_amd64_gcc462/external/sip/4.11.2/lib/python2.6/site-packages:/cvmfs/cms.cern.ch/slc5_amd64_gcc462/external/py2-pycurl/7.19.0/lib/python2.6/site-packages:/cvmfs/cms.cern.ch/slc5_amd64_gcc462/external/py2-numpy/1.6.1/lib/python2.6/site-packages:/cvmfs/cms.cern.ch/slc5_amd64_gcc462/external/py2-ipython/0.10/lib/python2.6/site-packages:/cvmfs/cms.cern.ch/slc5_amd64_gcc462/external/py2-cx-oracle/5.1-cms11/lib/python2.6/site-packages:/cvmfs/cms.cern.ch/slc5_amd64_gcc462/external/py2-cjson/1.0.5/lib/python2.6/site-packages:/cvmfs/cms.cern.ch/slc5_amd64_gcc462/cms/das-client/1.4.1-cms8/bin:/cvmfs/cms.cern.ch/slc5_amd64_gcc462/external/elementtree/1.2.6/share/lib/python2.6/site-packages:/cvmfs/cms.cern.ch/slc5_amd64_gcc462/external/rivet/1.5.1-cms10/lib/python2.6/site-packages:/cvmfs/cms.cern.ch/slc5_amd64_gcc462/external/pyminuit2/0.0.1-cms34/lib/python2.6/site-packages:/cvmfs/cms.cern.ch/slc5_amd64_gcc462/external/professor/1.0.0-cms35/lib/python2.6/site-packages:/cvmfs/cms.cern.ch/slc5_amd64_gcc462/lcg/root/5.32.00-cms18/lib:/cvmfs/cms.cern.ch/slc5_amd64_gcc462/cms/dbs-client/DBS_2_1_1_patch1_1/lib:/cvmfs/cms.cern.ch/slc5_amd64_gcc462/cms/dbs-client/DBS_2_1_1_patch1_1/lib/DBSAPI:/home/cms097/home_crmrs_714473442/CREAM714473442/glide_k30470/execute/dir_17714/
241a2a19cb7c5c8751ba22759ab3bdb0
PSETHASH = 241a2a19cb7c5c8751ba22759ab3bdb0
/home/cms097/home_crmrs_714473442/CREAM714473442/glide_k30470/execute/dir_17714/writeCfg.py pset.py pset.py
Importing .py file
Setting parameters
inputBlocks=/QCD_Pt_250_350_BCtoE_TuneZ2star_8TeV_pythia6/mario-Summer12-stop-pfele-step1-3d176ac8da5e9dff208d057f4733ca91/USER#7995b155-5e61-4a6b-92c2-ceefb547c0e1
inputFiles=/store/user/mario/QCD_Pt_250_350_BCtoE_TuneZ2star_8TeV_pythia6/Summer12-stop-pfele-step1/3d176ac8da5e9dff208d057f4733ca91/tuple_93_1_EDR.root;/store/user/mario/QCD_Pt_250_350_BCtoE_TuneZ2star_8TeV_pythia6/Summer12-stop-pfele-step1/3d176ac8da5e9dff208d057f4733ca91/tuple_94_1_6EF.root;/store/user/mario/QCD_Pt_250_350_BCtoE_TuneZ2star_8TeV_pythia6/Summer12-stop-pfele-step1/3d176ac8da5e9dff208d057f4733ca91/tuple_95_1_h5Q.root;/store/user/mario/QCD_Pt_250_350_BCtoE_TuneZ2star_8TeV_pythia6/Summer12-stop-pfele-step1/3d176ac8da5e9dff208d057f4733ca91/tuple_96_2_TzB.root;/store/user/mario/QCD_Pt_250_350_BCtoE_TuneZ2star_8TeV_pythia6/Summer12-stop-pfele-step1/3d176ac8da5e9dff208d057f4733ca91/tuple_97_1_zVC.root
parentFiles=
lumisRange=
>>> Executable cmsRun
/cvmfs/cms.cern.ch/slc5_amd64_gcc462/cms/cmssw/CMSSW_5_3_5/bin/slc5_amd64_gcc462/cmsRun
ok executable found
>>> info for dashboard:
***** Cat /home/cms097/home_crmrs_714473442/CREAM714473442/glide_k30470/execute/dir_17714/jobreport.txt *****
MonitorJobID=73_https://submit-2.t2.ucsd.edu//121127//17537.72
MonitorID=liis_crab_0_121127_013759_6co90g
ExeStart=cmsRun
***** End Cat jobreport *****
Parameters sent to Dashboard.
>>> cmsRun started at Tue Nov 27 01:00:43 UTC 2012
>>> cmsRun ended at Tue Nov 27 01:01:42 UTC 2012
>>> info for dashboard:
***** Cat /home/cms097/home_crmrs_714473442/CREAM714473442/glide_k30470/execute/dir_17714/jobreport.txt *****
MonitorJobID=73_https://submit-2.t2.ucsd.edu//121127//17537.72
MonitorID=liis_crab_0_121127_013759_6co90g
ExeEnd=cmsRun
***** End Cat jobreport *****
Parameters sent to Dashboard.
TIME_EXE = 58 sec
>>> cmsRun wrote 22 lines of stdout+stderr
>>> START OF printout of 22 lines from stdout+stderr
27-Nov-2012 03:01:00 EET  Initiating request to open file file:/hdfs/cms/store/user/mario/QCD_Pt_250_350_BCtoE_TuneZ2star_8TeV_pythia6/Summer12-stop-pfele-step1/3d176ac8da5e9dff208d057f4733ca91/tuple_93_1_EDR.root
27-Nov-2012 03:01:00 EET  Fallback request to file root://xrootd.ba.infn.it//store/user/mario/QCD_Pt_250_350_BCtoE_TuneZ2star_8TeV_pythia6/Summer12-stop-pfele-step1/3d176ac8da5e9dff208d057f4733ca91/tuple_93_1_EDR.root
121127 03:01:06 22644 Xrd: GoToAnotherServer: Going to: cms-xrd-global.cern.ch:1094
121127 03:01:37 22644 Xrd: CheckErrorStatus: Server [xrootd.ba.infn.it:1094] declared: No servers are available to read the file.(error code: 3011)
121127 03:01:37 22644 Xrd: GoToAnotherServer: Going to: xrootd.ba.infn.it:1094
121127 03:01:42 22644 Xrd: GoToAnotherServer: Going to: cms-xrd-global.cern.ch:1094
121127 03:01:42 22644 Xrd: CheckErrorStatus: Server [xrootd.ba.infn.it:1094] declared: No servers are available to read the file.(error code: 3011)
121127 03:01:42 22644 Xrd: Open: Error opening the file.
----- Begin Fatal Exception 27-Nov-2012 03:01:42 EET-----------------------
An exception of category 'FallbackFileOpenError' occurred while
   [0] Constructing the EventProcessor
   [1] Constructing input source of type PoolSource
   [2] Calling RootInputFileSequence::initFile()
   [3] Calling StorageFactory::open()
   [4] Calling XrdFile::open()
Exception Message:
Input file file:/hdfs/cms/store/user/mario/QCD_Pt_250_350_BCtoE_TuneZ2star_8TeV_pythia6/Summer12-stop-pfele-step1/3d176ac8da5e9dff208d057f4733ca91/tuple_93_1_EDR.root was not found, could not be opened, or is corrupted.
Fallback Input file root://xrootd.ba.infn.it//store/user/mario/QCD_Pt_250_350_BCtoE_TuneZ2star_8TeV_pythia6/Summer12-stop-pfele-step1/3d176ac8da5e9dff208d057f4733ca91/tuple_93_1_EDR.root also was not found, could not be opened, or is corrupted.
   Additional Info:
      [a] XrdClient::Open(name='root://xrootd.ba.infn.it//store/user/mario/QCD_Pt_250_350_BCtoE_TuneZ2star_8TeV_pythia6/Summer12-stop-pfele-step1/3d176ac8da5e9dff208d057f4733ca91/tuple_93_1_EDR.root', flags=0x10, permissions=0666) => error 'No servers are available to read the file.' (errno=3011)
      [b] Current server connection: root://cms-xrd-global.cern.ch:1094//store/user/mario/QCD_Pt_250_350_BCtoE_TuneZ2star_8TeV_pythia6/Summer12-stop-pfele-step1/3d176ac8da5e9dff208d057f4733ca91/tuple_93_1_EDR.root
----- End Fatal Exception -------------------------------------------------
>>> END OF printout of 22 lines from stdout+stderr
>>> Parse FrameworkJobReport crab_fjr.xml
Result of parsing the FrameworkJobReport crab_fjr.xml: Popularity start
lumisRange : 
lumisParentRange : 
Basename : /store/user/mario/QCD_Pt_250_350_BCtoE_TuneZ2star_8TeV_pythia6/Summer12-stop-pfele-step1/3d176ac8da5e9dff208d057f4733ca91/tuple_9
BasenameParent : 
parentFiles : 
inputBlocks : /QCD_Pt_250_350_BCtoE_TuneZ2star_8TeV_pythia6/mario-Summer12-stop-pfele-step1-3d176ac8da5e9dff208d057f4733ca91/USER#7995b155-5e61-4a6b-92c2-ceefb547c0e1
inputFiles : 3_1_EDR.root::0::Unknown::Remote::Unknown;4_1_6EF.root::2::Unknown::Unknown::Unknown;5_1_h5Q.root::2::Unknown::Unknown::Unknown;6_2_TzB.root::2::Unknown::Unknown::Unknown;7_1_zVC.root::2::Unknown::Unknown::Unknown;
Popularity stop
Extracted ExitStatus from FrameworkJobReport parsing output: 8028
>>> Executable failed  8028
ExeExitCode=8028
EXECUTABLE_EXIT_STATUS = 8028
Checking output files:  
WARNING: output file optHistograms_73_1_5AH.root not found!
will tar file crab_fjr_73.xml in  out_files_73
will tar file CMSSW_73.stdout in  out_files_73
will tar file CMSSW_73.stderr in  out_files_73
WARNING: output file Watchdog_73.log.gz not found!
>>> padding time: Sleeping the wrapper for 513 seconds
STOPPING WATCHDOG. CrabWatchdog PID is 20216
********** LAST 50 LINES OF WATCHDOG LOG
# RESOURCE USAGE SUMMARY FOR PROCESS ID 18425
USER       PID %CPU %MEM    VSZ   RSS TTY      STAT START   TIME COMMAND
cms097   18425  0.3  0.0   8956  1484 ?        S    03:00   0:00 /bin/sh /home/cms097/home_crmrs_714473442/CREAM714473442/glide_k30470/execute/dir_17714/condor_exec.exe 73 1
 
# LIMITS USED BY THIS WATCHDOG:
# RSS  (KBytes)  : 2300000
# VSZ  (KBytes)  : 100000000
# DISK (MBytes)  : 19000
# CPU  (seconds) : 171600
# WALL (seconds) : 171600
 
# FOLLOWING PRINTOUT TRACKS MAXIMUM VALUES OF RESOURCES USE
# ONE LINE IS PRINTED EACH TIME A MAXIMUM CHANGES
# IF CHANGE WAS IN RSS OR VSZ ALSO PROCID AND COMMAND ARE PRINTED
# THERE IS NO PRINTOUT FOR CPU/WALL TIME INCREASE
 
# TIME			PID	RSS(KB)	VSZ(KB)	Dsk(MB)	tCPU(s)	tWALL(s)	COMMAND
 Nov 27 03:00:36 EET	1391	1348	8816	0	0	5106	/bin/bash /home/cms097/home_crmrs_714473442/CREAM714473442/glide_k30470/main/condor_startup.sh glidein_config       
 Nov 27 03:00:36 EET	2017	5964	9632	0	2	5105	/home/cms097/home_crmrs_714473442/CREAM714473442/glide_k30470/main/condor/sbin/condor_master -f -pidfile /home/cms097/home_crmrs_714473442/CREAM714473442/glide_k30470/condor_master2.pid      
 Nov 27 03:00:36 EET	30417	5964	25504	0	0	5117	perl -e ?use Socket;??sub send_notify {? $cream_url = "193.40.150.251:49152";die "No
 Nov 27 03:00:36 EET	---	5964	25504	168	----	----	----
 Nov 27 03:01:40 EET	22644	73912	155544	168	5	58	cmsRun -j /home/cms097/home_crmrs_714473442/CREAM714473442/glide_k30470/execute/dir_17714/crab_fjr_73.xml -p pset.py     
********** WATCHDOG LOG ENDED
ZIPPING WATCHDOG LOG
Disk space used:
du -sh /home/cms097/home_crmrs_714473442/CREAM714473442/glide_k30470/execute/dir_17714
168M	/home/cms097/home_crmrs_714473442/CREAM714473442/glide_k30470/execute/dir_17714
>>> info for dashboard:
***** Cat /home/cms097/home_crmrs_714473442/CREAM714473442/glide_k30470/execute/dir_17714/jobreport.txt *****
MonitorJobID=73_https://submit-2.t2.ucsd.edu//121127//17537.72
MonitorID=liis_crab_0_121127_013759_6co90g
ExeTime=58
ExeExitCode=8028
CrabUserCpuTime=1.12
CrabSysCpuTime=4.12
CrabCpuPercentage=9%
CrabWrapperTime=600
CrabStageoutTime=NULL
***** End Cat jobreport *****
Parameters sent to Dashboard.
tar: optHistograms_73_1_5AH.root: Cannot stat: No such file or directory
crab_fjr_73.xml
CMSSW_73.stdout
CMSSW_73.stderr
Watchdog_73.log.gz
tar: .BrokerInfo: Cannot stat: No such file or directory
tar: Error exit delayed from previous errors
Total Output dimension: 5399
WARNING: output files size limit is set to: 50000000
Total Output dimension 5399 is fine.
JOB_EXIT_STATUS = 8028
>>> info for dashboard:
***** Cat /home/cms097/home_crmrs_714473442/CREAM714473442/glide_k30470/execute/dir_17714/jobreport.txt *****
MonitorJobID=73_https://submit-2.t2.ucsd.edu//121127//17537.72
MonitorID=liis_crab_0_121127_013759_6co90g
JobExitCode=8028
***** End Cat jobreport *****
Parameters sent to Dashboard.
tar: optHistograms_73_1_5AH.root: Cannot stat: No such file or directory
crab_fjr_73.xml
