This script was generated by crab (version 2.8.3).
Running /home/cms016/home_crmrs_343893848/CREAM343893848/glide_w29937/execute/dir_1560/condor_exec.exe with 2 positional parameters: 21 1
Today is Tue Nov 27 03:02:43 EET 2012
Job submitted on host wn-v-3188.local
Linux wn-v-3188.local 2.6.32-042stab059.7 #1 SMP Tue Jul 24 19:12:01 MSK 2012 x86_64 x86_64 x86_64 GNU/Linux
>>> current directory (RUNTIME_AREA): /home/cms016/home_crmrs_343893848/CREAM343893848/glide_w29937/execute/dir_1560
>>> current user: uid=11016(cms016) gid=1400(cms) groups=1400(cms)
>>> voms proxy information:
subject   : /DC=ch/DC=cern/OU=Organic Units/OU=Users/CN=liis/CN=663550/CN=Liis Rebane/CN=proxy/CN=limited proxy
issuer    : /DC=ch/DC=cern/OU=Organic Units/OU=Users/CN=liis/CN=663550/CN=Liis Rebane/CN=proxy
identity  : /DC=ch/DC=cern/OU=Organic Units/OU=Users/CN=liis/CN=663550/CN=Liis Rebane/CN=proxy
type      : limited proxy
strength  : 512 bits
path      : /home/cms016/home_crmrs_343893848/CREAM343893848/glide_w29937/execute/dir_1560/x509up_u1000009
timeleft  : 23:58:55
key usage : Digital Signature, Key Encipherment, Data Encipherment
=== VO cms extension information ===
VO        : cms
subject   : /DC=ch/DC=cern/OU=Organic Units/OU=Users/CN=liis/CN=663550/CN=Liis Rebane
issuer    : /DC=ch/DC=cern/OU=computers/CN=lcg-voms.cern.ch
attribute : /cms/Role=NULL/Capability=NULL
timeleft  : 190:22:54
uri       : lcg-voms.cern.ch:15002
>>> tar xzf /home/cms016/home_crmrs_343893848/CREAM343893848/glide_w29937/execute/dir_1560/default.tgz :
Successful untar
>>> Include /home/cms016/home_crmrs_343893848/CREAM343893848/glide_w29937/execute/dir_1560 in PYTHONPATH:
strip arguments
env var CRAB_UNIQUE_JOB_ID set to: liis_crab_0_121127_014046_63dm8n_21_1_jCn
out_files_21
>>> list of expected files on output sandbox
output files: optHistograms_21_1_jCn.root crab_fjr_21.xml CMSSW_21.stdout CMSSW_21.stderr Watchdog_21.log.gz
>>> GridFlavour discovery: 
GridFlavour=LCG
>>> SyncSite discovery: 
SyncSite=T2_EE_Estonia
>>> SyncCE discovery: 
getting SyncCE from CE_ID
SyncCE=mars.hep.kbfi.ee:8443/cream-pbs-long
>>> info for dashboard:
***** Cat /home/cms016/home_crmrs_343893848/CREAM343893848/glide_w29937/execute/dir_1560/jobreport.txt *****
MonitorJobID=21_https://submit-2.t2.ucsd.edu//121127//17538.20
SyncGridJobId=https://submit-2.t2.ucsd.edu//121127//17538.20
MonitorID=liis_crab_0_121127_014046_63dm8n
GridFlavour=LCG
SyncSite=T2_EE_Estonia
SyncCE=mars.hep.kbfi.ee:8443/cream-pbs-long
***** End Cat jobreport *****
Parameters sent to Dashboard.
>>> setup environment
set SCRAM ARCH to slc5_amd64_gcc462
SCRAM_ARCH = slc5_amd64_gcc462
>>> setup CMS LCG environment:
set SCRAM ARCH and BUILD_ARCH to slc5_amd64_gcc462 ###
Sourcing environment... 
sourcing /cvmfs/cms.cern.ch/cmsset_default.sh
==> setup cms environment ok
>>> specific cmssw setup environment:
CMSSW_VERSION =  CMSSW_5_3_5
>>> current directory (SOFTWARE_DIR): /home/cms016/home_crmrs_343893848/CREAM343893848/glide_w29937/execute/dir_1560/CMSSW_5_3_5
PreserveSeeds: <>
IncrementSeeds:<>
{}
WNHostName=wn-v-3188.local
>>> info for dashboard:
***** Cat /home/cms016/home_crmrs_343893848/CREAM343893848/glide_w29937/execute/dir_1560/jobreport.txt *****
MonitorJobID=21_https://submit-2.t2.ucsd.edu//121127//17538.20
MonitorID=liis_crab_0_121127_014046_63dm8n
WNHostName=wn-v-3188.local
***** End Cat jobreport *****
Parameters sent to Dashboard.
crabWatchdog started as process 11028
>>> moving CMSSW software directories in /home/cms016/home_crmrs_343893848/CREAM343893848/glide_w29937/execute/dir_1560/CMSSW_5_3_5
mv: cannot stat `/home/cms016/home_crmrs_343893848/CREAM343893848/glide_w29937/execute/dir_1560/module/': No such file or directory
>>> Include /home/cms016/home_crmrs_343893848/CREAM343893848/glide_w29937/execute/dir_1560 in PYTHONPATH:
PYTHONPATH=/home/cms016/home_crmrs_343893848/CREAM343893848/glide_w29937/execute/dir_1560/:/home/cms016/home_crmrs_343893848/CREAM343893848/glide_w29937/execute/dir_1560/CMSSW_5_3_5/python:/home/cms016/home_crmrs_343893848/CREAM343893848/glide_w29937/execute/dir_1560/CMSSW_5_3_5/lib/slc5_amd64_gcc462:/cvmfs/cms.cern.ch/slc5_amd64_gcc462/cms/cmssw/CMSSW_5_3_5/python:/cvmfs/cms.cern.ch/slc5_amd64_gcc462/cms/cmssw/CMSSW_5_3_5/lib/slc5_amd64_gcc462:/cvmfs/cms.cern.ch/slc5_amd64_gcc462/cms/coral/CORAL_2_3_21-cms27/slc5_amd64_gcc462/python:/cvmfs/cms.cern.ch/slc5_amd64_gcc462/cms/coral/CORAL_2_3_21-cms27/slc5_amd64_gcc462/lib:/cvmfs/cms.cern.ch/slc5_amd64_gcc462/external/pyqt/4.8.1/lib/python2.6/site-packages:/cvmfs/cms.cern.ch/slc5_amd64_gcc462/external/py2-scipy/0.8.0/lib/python2.6/site-packages:/cvmfs/cms.cern.ch/slc5_amd64_gcc462/external/py2-matplotlib/1.0.1/lib/python2.6/site-packages:/cvmfs/cms.cern.ch/slc5_amd64_gcc462/external/python-ldap/2.3.5/lib/python2.6/site-packages:/cvmfs/cms.cern.ch/slc5_amd64_gcc462/external/sip/4.11.2/lib/python2.6/site-packages:/cvmfs/cms.cern.ch/slc5_amd64_gcc462/external/py2-pycurl/7.19.0/lib/python2.6/site-packages:/cvmfs/cms.cern.ch/slc5_amd64_gcc462/external/py2-numpy/1.6.1/lib/python2.6/site-packages:/cvmfs/cms.cern.ch/slc5_amd64_gcc462/external/py2-ipython/0.10/lib/python2.6/site-packages:/cvmfs/cms.cern.ch/slc5_amd64_gcc462/external/py2-cx-oracle/5.1-cms11/lib/python2.6/site-packages:/cvmfs/cms.cern.ch/slc5_amd64_gcc462/external/py2-cjson/1.0.5/lib/python2.6/site-packages:/cvmfs/cms.cern.ch/slc5_amd64_gcc462/cms/das-client/1.4.1-cms8/bin:/cvmfs/cms.cern.ch/slc5_amd64_gcc462/external/elementtree/1.2.6/share/lib/python2.6/site-packages:/cvmfs/cms.cern.ch/slc5_amd64_gcc462/external/rivet/1.5.1-cms10/lib/python2.6/site-packages:/cvmfs/cms.cern.ch/slc5_amd64_gcc462/external/pyminuit2/0.0.1-cms34/lib/python2.6/site-packages:/cvmfs/cms.cern.ch/slc5_amd64_gcc462/external/professor/1.0.0-cms35/lib/python2.6/site-packages:/cvmfs/cms.cern.ch/slc5_amd64_gcc462/lcg/root/5.32.00-cms18/lib:/cvmfs/cms.cern.ch/slc5_amd64_gcc462/cms/dbs-client/DBS_2_1_1_patch1_1/lib:/cvmfs/cms.cern.ch/slc5_amd64_gcc462/cms/dbs-client/DBS_2_1_1_patch1_1/lib/DBSAPI:/home/cms016/home_crmrs_343893848/CREAM343893848/glide_w29937/execute/dir_1560/
241a2a19cb7c5c8751ba22759ab3bdb0
PSETHASH = 241a2a19cb7c5c8751ba22759ab3bdb0
/home/cms016/home_crmrs_343893848/CREAM343893848/glide_w29937/execute/dir_1560/writeCfg.py pset.py pset.py
Importing .py file
Setting parameters
inputBlocks=/QCD_Pt_170_250_BCtoE_TuneZ2star_8TeV_pythia6/mario-Summer12-stop-pfele-step1-3d176ac8da5e9dff208d057f4733ca91/USER#2481c777-c741-4631-bcfb-4b7233a7fdfe
inputFiles=/store/user/mario/QCD_Pt_170_250_BCtoE_TuneZ2star_8TeV_pythia6/Summer12-stop-pfele-step1/3d176ac8da5e9dff208d057f4733ca91/tuple_291_1_q8b.root;/store/user/mario/QCD_Pt_170_250_BCtoE_TuneZ2star_8TeV_pythia6/Summer12-stop-pfele-step1/3d176ac8da5e9dff208d057f4733ca91/tuple_294_1_qbk.root;/store/user/mario/QCD_Pt_170_250_BCtoE_TuneZ2star_8TeV_pythia6/Summer12-stop-pfele-step1/3d176ac8da5e9dff208d057f4733ca91/tuple_302_1_zTf.root;/store/user/mario/QCD_Pt_170_250_BCtoE_TuneZ2star_8TeV_pythia6/Summer12-stop-pfele-step1/3d176ac8da5e9dff208d057f4733ca91/tuple_297_1_nZM.root;/store/user/mario/QCD_Pt_170_250_BCtoE_TuneZ2star_8TeV_pythia6/Summer12-stop-pfele-step1/3d176ac8da5e9dff208d057f4733ca91/tuple_300_2_mUB.root
parentFiles=
lumisRange=
>>> Executable cmsRun
/cvmfs/cms.cern.ch/slc5_amd64_gcc462/cms/cmssw/CMSSW_5_3_5/bin/slc5_amd64_gcc462/cmsRun
ok executable found
>>> info for dashboard:
***** Cat /home/cms016/home_crmrs_343893848/CREAM343893848/glide_w29937/execute/dir_1560/jobreport.txt *****
MonitorJobID=21_https://submit-2.t2.ucsd.edu//121127//17538.20
MonitorID=liis_crab_0_121127_014046_63dm8n
ExeStart=cmsRun
***** End Cat jobreport *****
Parameters sent to Dashboard.
>>> cmsRun started at Tue Nov 27 01:03:04 UTC 2012
>>> cmsRun ended at Tue Nov 27 01:04:43 UTC 2012
>>> info for dashboard:
***** Cat /home/cms016/home_crmrs_343893848/CREAM343893848/glide_w29937/execute/dir_1560/jobreport.txt *****
MonitorJobID=21_https://submit-2.t2.ucsd.edu//121127//17538.20
MonitorID=liis_crab_0_121127_014046_63dm8n
ExeEnd=cmsRun
***** End Cat jobreport *****
Parameters sent to Dashboard.
TIME_EXE = 98 sec
>>> cmsRun wrote 42 lines of stdout+stderr
>>> START OF printout of 42 lines from stdout+stderr
27-Nov-2012 03:03:20 EET  Initiating request to open file file:/hdfs/cms/store/user/mario/QCD_Pt_170_250_BCtoE_TuneZ2star_8TeV_pythia6/Summer12-stop-pfele-step1/3d176ac8da5e9dff208d057f4733ca91/tuple_291_1_q8b.root
27-Nov-2012 03:03:27 EET  Successfully opened file file:/hdfs/cms/store/user/mario/QCD_Pt_170_250_BCtoE_TuneZ2star_8TeV_pythia6/Summer12-stop-pfele-step1/3d176ac8da5e9dff208d057f4733ca91/tuple_291_1_q8b.root
Begin processing the 1st record. Run 1, Event 57263570, LumiSection 2434 at 27-Nov-2012 03:03:35.310 EET
Begin processing the 1001st record. Run 1, Event 69849274, LumiSection 2969 at 27-Nov-2012 03:03:42.513 EET
27-Nov-2012 03:03:44 EET  Closed file file:/hdfs/cms/store/user/mario/QCD_Pt_170_250_BCtoE_TuneZ2star_8TeV_pythia6/Summer12-stop-pfele-step1/3d176ac8da5e9dff208d057f4733ca91/tuple_291_1_q8b.root
27-Nov-2012 03:03:44 EET  Initiating request to open file file:/hdfs/cms/store/user/mario/QCD_Pt_170_250_BCtoE_TuneZ2star_8TeV_pythia6/Summer12-stop-pfele-step1/3d176ac8da5e9dff208d057f4733ca91/tuple_294_1_qbk.root
27-Nov-2012 03:03:45 EET  Successfully opened file file:/hdfs/cms/store/user/mario/QCD_Pt_170_250_BCtoE_TuneZ2star_8TeV_pythia6/Summer12-stop-pfele-step1/3d176ac8da5e9dff208d057f4733ca91/tuple_294_1_qbk.root
Begin processing the 2001st record. Run 1, Event 95774736, LumiSection 4071 at 27-Nov-2012 03:03:56.974 EET
Begin processing the 3001st record. Run 1, Event 15023809, LumiSection 639 at 27-Nov-2012 03:04:03.169 EET
27-Nov-2012 03:04:07 EET  Closed file file:/hdfs/cms/store/user/mario/QCD_Pt_170_250_BCtoE_TuneZ2star_8TeV_pythia6/Summer12-stop-pfele-step1/3d176ac8da5e9dff208d057f4733ca91/tuple_294_1_qbk.root
27-Nov-2012 03:04:07 EET  Initiating request to open file file:/hdfs/cms/store/user/mario/QCD_Pt_170_250_BCtoE_TuneZ2star_8TeV_pythia6/Summer12-stop-pfele-step1/3d176ac8da5e9dff208d057f4733ca91/tuple_302_1_zTf.root
27-Nov-2012 03:04:07 EET  Successfully opened file file:/hdfs/cms/store/user/mario/QCD_Pt_170_250_BCtoE_TuneZ2star_8TeV_pythia6/Summer12-stop-pfele-step1/3d176ac8da5e9dff208d057f4733ca91/tuple_302_1_zTf.root
Begin processing the 4001st record. Run 1, Event 66330970, LumiSection 2820 at 27-Nov-2012 03:04:12.988 EET
Begin processing the 5001st record. Run 1, Event 42470389, LumiSection 1806 at 27-Nov-2012 03:04:17.626 EET
27-Nov-2012 03:04:20 EET  Closed file file:/hdfs/cms/store/user/mario/QCD_Pt_170_250_BCtoE_TuneZ2star_8TeV_pythia6/Summer12-stop-pfele-step1/3d176ac8da5e9dff208d057f4733ca91/tuple_302_1_zTf.root
27-Nov-2012 03:04:20 EET  Initiating request to open file file:/hdfs/cms/store/user/mario/QCD_Pt_170_250_BCtoE_TuneZ2star_8TeV_pythia6/Summer12-stop-pfele-step1/3d176ac8da5e9dff208d057f4733ca91/tuple_297_1_nZM.root
27-Nov-2012 03:04:22 EET  Successfully opened file file:/hdfs/cms/store/user/mario/QCD_Pt_170_250_BCtoE_TuneZ2star_8TeV_pythia6/Summer12-stop-pfele-step1/3d176ac8da5e9dff208d057f4733ca91/tuple_297_1_nZM.root
Begin processing the 6001st record. Run 1, Event 95189426, LumiSection 4046 at 27-Nov-2012 03:04:27.668 EET
Begin processing the 7001st record. Run 1, Event 97722322, LumiSection 4154 at 27-Nov-2012 03:04:31.367 EET
Begin processing the 8001st record. Run 1, Event 49431952, LumiSection 2101 at 27-Nov-2012 03:04:35.181 EET
27-Nov-2012 03:04:35 EET  Closed file file:/hdfs/cms/store/user/mario/QCD_Pt_170_250_BCtoE_TuneZ2star_8TeV_pythia6/Summer12-stop-pfele-step1/3d176ac8da5e9dff208d057f4733ca91/tuple_297_1_nZM.root
27-Nov-2012 03:04:35 EET  Initiating request to open file file:/hdfs/cms/store/user/mario/QCD_Pt_170_250_BCtoE_TuneZ2star_8TeV_pythia6/Summer12-stop-pfele-step1/3d176ac8da5e9dff208d057f4733ca91/tuple_300_2_mUB.root
27-Nov-2012 03:04:35 EET  Successfully opened file file:/hdfs/cms/store/user/mario/QCD_Pt_170_250_BCtoE_TuneZ2star_8TeV_pythia6/Summer12-stop-pfele-step1/3d176ac8da5e9dff208d057f4733ca91/tuple_300_2_mUB.root
27-Nov-2012 03:04:41 EET  Closed file file:/hdfs/cms/store/user/mario/QCD_Pt_170_250_BCtoE_TuneZ2star_8TeV_pythia6/Summer12-stop-pfele-step1/3d176ac8da5e9dff208d057f4733ca91/tuple_300_2_mUB.root

=============================================

MessageLogger Summary

 type     category        sev    module        subroutine        count    total
 ---- -------------------- -- ---------------- ----------------  -----    -----
    1 fileAction           -s file_close                             5        5
    2 fileAction           -s file_open                             10       10

 type    category    Examples: run/evt        run/evt          run/evt
 ---- -------------------- ---------------- ---------------- ----------------
    1 fileAction           PostProcessEvent PostProcessEvent PostEndRun
    2 fileAction           pre-events       pre-events       PostProcessEvent

Severity    # Occurrences   Total Occurrences
--------    -------------   -----------------
System                 15                  15
>>> END OF printout of 42 lines from stdout+stderr
>>> Parse FrameworkJobReport crab_fjr.xml
Result of parsing the FrameworkJobReport crab_fjr.xml: Popularity start
lumisRange : 1::122,129,150,555,1806,1808,1810-1811,1954,2818-2820::1;1::2434,2485,2895,2906,2968-2969,2972,2976,3220::2;1::1261,1265::3;1::13,53,57,639,645,653,675,1847,3819,4054,4071,4076::4;1::1441,1861,2078,2101-2102,3504-3505,4034,4046,4050,4154,4156::5;
lumisParentRange : 
Basename : /store/user/mario/QCD_Pt_170_250_BCtoE_TuneZ2star_8TeV_pythia6/Summer12-stop-pfele-step1/3d176ac8da5e9dff208d057f4733ca91/tuple_
BasenameParent : 
parentFiles : 
inputBlocks : /QCD_Pt_170_250_BCtoE_TuneZ2star_8TeV_pythia6/mario-Summer12-stop-pfele-step1-3d176ac8da5e9dff208d057f4733ca91/USER#2481c777-c741-4631-bcfb-4b7233a7fdfe
inputFiles : 302_1_zTf.root::1::EDM::Local::1;291_1_q8b.root::1::EDM::Local::2;300_2_mUB.root::1::EDM::Local::3;294_1_qbk.root::1::EDM::Local::4;297_1_nZM.root::1::EDM::Local::5;
Popularity stop
Extracted ExitStatus from FrameworkJobReport parsing output: 0
>>> Executable succeded  0
ExeExitCode=0
EXECUTABLE_EXIT_STATUS = 0
>>> current directory /home/cms016/home_crmrs_343893848/CREAM343893848/glide_w29937/execute/dir_1560/CMSSW_5_3_5
>>>  (SOFTWARE_DIR): /home/cms016/home_crmrs_343893848/CREAM343893848/glide_w29937/execute/dir_1560/CMSSW_5_3_5
>>> (WORKING_DIR): 
>>> current directory content:
total 148
drwxr-xr-x 3 cms016 cms  4096 Nov 27 03:02 .SCRAM
-rw-r--r-- 1 cms016 cms 30066 Nov 27 03:02 CMSSW.py.pkl
drwxr-xr-x 3 cms016 cms  4096 Nov 27 03:02 bin
drwxr-xr-x 3 cms016 cms  4096 Nov 27 03:02 cfipython
drwxr-xr-x 5 cms016 cms  4096 Nov 27 03:02 config
-rw-r--r-- 1 cms016 cms    15 Nov 27 03:04 cpu_timing.txt
drwxr-xr-x 2 cms016 cms  4096 Nov 27 03:02 doc
-rw-r--r-- 1 cms016 cms  4888 Nov 27 03:04 executable.out
drwxr-xr-x 2 cms016 cms  4096 Nov 27 03:02 include
drwxrwxrwx 3 cms016 cms  4096 Oct 22 16:38 lib
drwxr-xr-x 3 cms016 cms  4096 Nov 27 03:02 logs
drwxr-xr-x 3 cms016 cms  4096 Nov 27 03:02 objs
-rw-r--r-- 1 cms016 cms 16426 Nov 27 03:04 optHistograms.root
-rw-r--r-- 1 cms016 cms   104 Nov 27 03:03 pset.py
-rw-r--r-- 1 cms016 cms 19480 Nov 27 03:03 pset.py.pkl
-rw-r--r-- 1 cms016 cms   289 Nov 27 03:03 pset.pyc
drwxr-xr-x 2 cms016 cms  4096 Nov 27 03:02 python
-rw-r--r-- 1 cms016 cms   420 Nov 27 03:04 report.log
drwxrwxrwx 4 cms016 cms  4096 Nov 27 03:02 src
drwxr-xr-x 3 cms016 cms  4096 Nov 27 03:02 test
drwxr-xr-x 3 cms016 cms  4096 Nov 27 03:02 tmp
>>> current directory /home/cms016/home_crmrs_343893848/CREAM343893848/glide_w29937/execute/dir_1560/CMSSW_5_3_5
>>> (SOFTWARE_DIR): /home/cms016/home_crmrs_343893848/CREAM343893848/glide_w29937/execute/dir_1560/CMSSW_5_3_5
>>> (WORKING_DIR): 
>>> current directory content:
total 128
drwxr-xr-x 3 cms016 cms  4096 Nov 27 03:02 .SCRAM
-rw-r--r-- 1 cms016 cms 30066 Nov 27 03:02 CMSSW.py.pkl
drwxr-xr-x 3 cms016 cms  4096 Nov 27 03:02 bin
drwxr-xr-x 3 cms016 cms  4096 Nov 27 03:02 cfipython
drwxr-xr-x 5 cms016 cms  4096 Nov 27 03:02 config
-rw-r--r-- 1 cms016 cms    15 Nov 27 03:04 cpu_timing.txt
drwxr-xr-x 2 cms016 cms  4096 Nov 27 03:02 doc
-rw-r--r-- 1 cms016 cms  4888 Nov 27 03:04 executable.out
drwxr-xr-x 2 cms016 cms  4096 Nov 27 03:02 include
drwxrwxrwx 3 cms016 cms  4096 Oct 22 16:38 lib
drwxr-xr-x 3 cms016 cms  4096 Nov 27 03:02 logs
drwxr-xr-x 3 cms016 cms  4096 Nov 27 03:02 objs
-rw-r--r-- 1 cms016 cms   104 Nov 27 03:03 pset.py
-rw-r--r-- 1 cms016 cms 19480 Nov 27 03:03 pset.py.pkl
-rw-r--r-- 1 cms016 cms   289 Nov 27 03:03 pset.pyc
drwxr-xr-x 2 cms016 cms  4096 Nov 27 03:02 python
-rw-r--r-- 1 cms016 cms   420 Nov 27 03:04 report.log
drwxrwxrwx 4 cms016 cms  4096 Nov 27 03:02 src
drwxr-xr-x 3 cms016 cms  4096 Nov 27 03:02 test
drwxr-xr-x 3 cms016 cms  4096 Nov 27 03:02 tmp
>>> current directory (RUNTIME_AREA):  /home/cms016/home_crmrs_343893848/CREAM343893848/glide_w29937/execute/dir_1560
>>> current dir: /home/cms016/home_crmrs_343893848/CREAM343893848/glide_w29937/execute/dir_1560
>>> current dir content:
total 25756
-rw-rw-rw-  1 cms016 cms     5601 Nov 27 03:02 .job.ad
-rw-rw-rw-  1 cms016 cms    11515 Nov 27 03:02 .machine.ad
-rw-rw-rw-  1 cms016 cms      105 Nov 27 01:41 CMSSW.py
-rw-rw-rw-  1 cms016 cms    30066 Nov 27 01:41 CMSSW.py.pkl
-rwxrw-rw-  1 cms016 cms    23331 Nov 27 03:02 CMSSW.sh
-rw-rw-rw-  1 cms016 cms        0 Nov 27 03:02 CMSSW_21.stderr
-rw-rw-rw-  1 cms016 cms    17117 Nov 27 03:04 CMSSW_21.stdout
drwxr-xr-x 15 cms016 cms     4096 Nov 27 03:04 CMSSW_5_3_5
-rw-r--r--  1 cms016 cms      346 Nov 27 03:02 CacheEnv.sh
-rw-rw-rw-  1 cms016 cms     7291 Jun  9  2010 DashboardAPI.py
-rw-r--r--  1 cms016 cms     6868 Nov 27 03:02 DashboardAPI.pyc
drwxrwxrwx  3 cms016 cms     4096 Nov 27 03:04 IMProv
-rw-rw-rw-  1 cms016 cms     2748 Mar  8  2006 Logger.py
-rw-r--r--  1 cms016 cms     3348 Nov 27 03:02 Logger.pyc
-rw-rw-rw-  1 cms016 cms    24524 Mar 28  2008 ProcInfo.py
-rw-r--r--  1 cms016 cms    23446 Nov 27 03:02 ProcInfo.pyc
drwxrwxrwx  7 cms016 cms     4096 Nov 27 03:02 ProdCommon
drwxrwxrwx  3 cms016 cms     4096 Nov 27 03:02 WMCore
-rw-r--r--  1 cms016 cms     1542 Nov 27 03:04 Watchdog_21.log
-rw-rw-rw-  1 cms016 cms    32895 Mar 28  2008 apmon.py
-rw-r--r--  1 cms016 cms    28845 Nov 27 03:02 apmon.pyc
-rw-rw-rw-  1 cms016 cms    95368 Nov 27 03:02 arguments.xml
-rwxrwxrwx  1 cms016 cms    37427 Sep 13 14:14 cmscp.py
-rwxrwxrwx  1 cms016 cms    23331 Nov 27 03:02 condor_exec.exe
-rw-rw-rw-  1 cms016 cms      541 Nov 27 01:40 crab.cfg
-rwxrwxrwx  1 cms016 cms     9531 Sep 20 21:46 crabWatchdog.sh
-rw-r--r--  1 cms016 cms    30240 Nov 27 03:04 crab_fjr_21.xml
-rw-rw-rw-  1 cms016 cms 25796290 Nov 27 03:02 default.tgz
-rwxrwxrwx  1 cms016 cms     4488 May 12  2012 fillCrabFjr.py
-rw-r--r--  1 cms016 cms      916 Nov 27 03:03 inputsReport.txt
-rw-r--r--  1 cms016 cms      131 Nov 27 03:04 jobreport.txt
lrwxrwxrwx  1 cms016 cms      106 Nov 27 03:04 optHistograms.root -> /home/cms016/home_crmrs_343893848/CREAM343893848/glide_w29937/execute/dir_1560/optHistograms_21_1_jCn.root
-rw-r--r--  1 cms016 cms    16426 Nov 27 03:04 optHistograms_21_1_jCn.root
-rw-rw-rw-  1 cms016 cms    17352 Jan 20  2012 parseCrabFjr.py
-rw-r--r--  1 cms016 cms      283 Nov 27 03:02 report.log
-rwxrwxrwx  1 cms016 cms     1497 May 27  2009 report.py
-rwxrwxrwx  1 cms016 cms     8387 Mar 23  2011 writeCfg.py
-rw-------  1 cms016 cms     8691 Nov 27 03:02 x509up_u1000009
Checking output files:  
will tar file optHistograms_21_1_jCn.root in  out_files_21
will tar file crab_fjr_21.xml in  out_files_21
will tar file CMSSW_21.stdout in  out_files_21
will tar file CMSSW_21.stderr in  out_files_21
WARNING: output file Watchdog_21.log.gz not found!
>>> padding time: Sleeping the wrapper for 467 seconds
STOPPING WATCHDOG. CrabWatchdog PID is 11028
********** LAST 50 LINES OF WATCHDOG LOG
# RESOURCE USAGE SUMMARY FOR PROCESS ID  5027
USER       PID %CPU %MEM    VSZ   RSS TTY      STAT START   TIME COMMAND
cms016    5027  0.2  0.0   8956  1484 ?        S    03:02   0:00 /bin/sh /home/cms016/home_crmrs_343893848/CREAM343893848/glide_w29937/execute/dir_1560/condor_exec.exe 21 1
 
# LIMITS USED BY THIS WATCHDOG:
# RSS  (KBytes)  : 2300000
# VSZ  (KBytes)  : 100000000
# DISK (MBytes)  : 19000
# CPU  (seconds) : 171600
# WALL (seconds) : 171600
 
# FOLLOWING PRINTOUT TRACKS MAXIMUM VALUES OF RESOURCES USE
# ONE LINE IS PRINTED EACH TIME A MAXIMUM CHANGES
# IF CHANGE WAS IN RSS OR VSZ ALSO PROCID AND COMMAND ARE PRINTED
# THERE IS NO PRINTOUT FOR CPU/WALL TIME INCREASE
 
# TIME			PID	RSS(KB)	VSZ(KB)	Dsk(MB)	tCPU(s)	tWALL(s)	COMMAND
 Nov 27 03:02:53 EET	1253	1344	8816	0	0	2102	/bin/bash /home/cms016/home_crmrs_343893848/CREAM343893848/glide_w29937/main/condor_startup.sh glidein_config       
 Nov 27 03:02:53 EET	1560	5300	9292	0	0	21	condor_starter -f submit-2.t2.ucsd.edu       
 Nov 27 03:02:53 EET	1901	6044	9712	0	1	2101	/home/cms016/home_crmrs_343893848/CREAM343893848/glide_w29937/main/condor/sbin/condor_master -f -pidfile /home/cms016/home_crmrs_343893848/CREAM343893848/glide_w29937/condor_master2.pid      
 Nov 27 03:02:53 EET	11045	24164	84868	0	0	3	edmConfigHash pset.py        
 Nov 27 03:02:53 EET	---	24164	84868	168	----	----	----
 Nov 27 03:03:58 EET	12154	357112	555368	168	23	58	cmsRun -j /home/cms016/home_crmrs_343893848/CREAM343893848/glide_w29937/execute/dir_1560/crab_fjr_21.xml -p pset.py     
 Nov 27 03:05:03 EET	---	357112	555368	169	----	----	----
********** WATCHDOG LOG ENDED
ZIPPING WATCHDOG LOG
Disk space used:
du -sh /home/cms016/home_crmrs_343893848/CREAM343893848/glide_w29937/execute/dir_1560
169M	/home/cms016/home_crmrs_343893848/CREAM343893848/glide_w29937/execute/dir_1560
>>> info for dashboard:
***** Cat /home/cms016/home_crmrs_343893848/CREAM343893848/glide_w29937/execute/dir_1560/jobreport.txt *****
MonitorJobID=21_https://submit-2.t2.ucsd.edu//121127//17538.20
MonitorID=liis_crab_0_121127_014046_63dm8n
ExeTime=98
ExeExitCode=0
CrabUserCpuTime=41.42
CrabSysCpuTime=4.44
CrabCpuPercentage=46%
CrabWrapperTime=601
CrabStageoutTime=NULL
***** End Cat jobreport *****
Parameters sent to Dashboard.
optHistograms_21_1_jCn.root
crab_fjr_21.xml
CMSSW_21.stdout
CMSSW_21.stderr
Watchdog_21.log.gz
tar: .BrokerInfo: Cannot stat: No such file or directory
tar: Error exit delayed from previous errors
Total Output dimension: 18208
WARNING: output files size limit is set to: 50000000
Total Output dimension 18208 is fine.
JOB_EXIT_STATUS = 0
>>> info for dashboard:
***** Cat /home/cms016/home_crmrs_343893848/CREAM343893848/glide_w29937/execute/dir_1560/jobreport.txt *****
MonitorJobID=21_https://submit-2.t2.ucsd.edu//121127//17538.20
MonitorID=liis_crab_0_121127_014046_63dm8n
JobExitCode=0
***** End Cat jobreport *****
Parameters sent to Dashboard.
optHistograms_21_1_jCn.root
crab_fjr_21.xml
