This script was generated by crab (version 2.8.3).
Running /home/cms003/home_crmrs_246535559/CREAM246535559/glide_r12091/execute/dir_28384/condor_exec.exe with 2 positional parameters: 99 1
Today is Tue Nov 27 03:03:18 EET 2012
Job submitted on host wn-v-7029.local
Linux wn-v-7029.local 2.6.32-042stab059.7 #1 SMP Tue Jul 24 19:12:01 MSK 2012 x86_64 x86_64 x86_64 GNU/Linux
>>> current directory (RUNTIME_AREA): /home/cms003/home_crmrs_246535559/CREAM246535559/glide_r12091/execute/dir_28384
>>> current user: uid=11003(cms003) gid=1400(cms) groups=1400(cms)
>>> voms proxy information:
subject   : /DC=ch/DC=cern/OU=Organic Units/OU=Users/CN=liis/CN=663550/CN=Liis Rebane/CN=proxy/CN=limited proxy
issuer    : /DC=ch/DC=cern/OU=Organic Units/OU=Users/CN=liis/CN=663550/CN=Liis Rebane/CN=proxy
identity  : /DC=ch/DC=cern/OU=Organic Units/OU=Users/CN=liis/CN=663550/CN=Liis Rebane/CN=proxy
type      : limited proxy
strength  : 512 bits
path      : /home/cms003/home_crmrs_246535559/CREAM246535559/glide_r12091/execute/dir_28384/x509up_u1000009
timeleft  : 23:59:47
key usage : Digital Signature, Key Encipherment, Data Encipherment
=== VO cms extension information ===
VO        : cms
subject   : /DC=ch/DC=cern/OU=Organic Units/OU=Users/CN=liis/CN=663550/CN=Liis Rebane
issuer    : /DC=ch/DC=cern/OU=computers/CN=lcg-voms.cern.ch
attribute : /cms/Role=NULL/Capability=NULL
timeleft  : 190:22:19
uri       : lcg-voms.cern.ch:15002
>>> tar xzf /home/cms003/home_crmrs_246535559/CREAM246535559/glide_r12091/execute/dir_28384/default.tgz :
Successful untar
>>> Include /home/cms003/home_crmrs_246535559/CREAM246535559/glide_r12091/execute/dir_28384 in PYTHONPATH:
strip arguments
env var CRAB_UNIQUE_JOB_ID set to: liis_crab_0_121127_014046_63dm8n_99_1_VsZ
out_files_99
>>> list of expected files on output sandbox
output files: optHistograms_99_1_VsZ.root crab_fjr_99.xml CMSSW_99.stdout CMSSW_99.stderr Watchdog_99.log.gz
>>> GridFlavour discovery: 
GridFlavour=LCG
>>> SyncSite discovery: 
SyncSite=T2_EE_Estonia
>>> SyncCE discovery: 
getting SyncCE from CE_ID
SyncCE=mars.hep.kbfi.ee:8443/cream-pbs-long
>>> info for dashboard:
***** Cat /home/cms003/home_crmrs_246535559/CREAM246535559/glide_r12091/execute/dir_28384/jobreport.txt *****
MonitorJobID=99_https://submit-2.t2.ucsd.edu//121127//17538.98
SyncGridJobId=https://submit-2.t2.ucsd.edu//121127//17538.98
MonitorID=liis_crab_0_121127_014046_63dm8n
GridFlavour=LCG
SyncSite=T2_EE_Estonia
SyncCE=mars.hep.kbfi.ee:8443/cream-pbs-long
***** End Cat jobreport *****
Parameters sent to Dashboard.
>>> setup environment
set SCRAM ARCH to slc5_amd64_gcc462
SCRAM_ARCH = slc5_amd64_gcc462
>>> setup CMS LCG environment:
set SCRAM ARCH and BUILD_ARCH to slc5_amd64_gcc462 ###
Sourcing environment... 
sourcing /cvmfs/cms.cern.ch/cmsset_default.sh
==> setup cms environment ok
>>> specific cmssw setup environment:
CMSSW_VERSION =  CMSSW_5_3_5
>>> current directory (SOFTWARE_DIR): /home/cms003/home_crmrs_246535559/CREAM246535559/glide_r12091/execute/dir_28384/CMSSW_5_3_5
PreserveSeeds: <>
IncrementSeeds:<>
{}
WNHostName=wn-v-7029.local
>>> info for dashboard:
***** Cat /home/cms003/home_crmrs_246535559/CREAM246535559/glide_r12091/execute/dir_28384/jobreport.txt *****
MonitorJobID=99_https://submit-2.t2.ucsd.edu//121127//17538.98
MonitorID=liis_crab_0_121127_014046_63dm8n
WNHostName=wn-v-7029.local
***** End Cat jobreport *****
Parameters sent to Dashboard.
crabWatchdog started as process 31754
>>> moving CMSSW software directories in /home/cms003/home_crmrs_246535559/CREAM246535559/glide_r12091/execute/dir_28384/CMSSW_5_3_5
mv: cannot stat `/home/cms003/home_crmrs_246535559/CREAM246535559/glide_r12091/execute/dir_28384/module/': No such file or directory
>>> Include /home/cms003/home_crmrs_246535559/CREAM246535559/glide_r12091/execute/dir_28384 in PYTHONPATH:
PYTHONPATH=/home/cms003/home_crmrs_246535559/CREAM246535559/glide_r12091/execute/dir_28384/:/home/cms003/home_crmrs_246535559/CREAM246535559/glide_r12091/execute/dir_28384/CMSSW_5_3_5/python:/home/cms003/home_crmrs_246535559/CREAM246535559/glide_r12091/execute/dir_28384/CMSSW_5_3_5/lib/slc5_amd64_gcc462:/cvmfs/cms.cern.ch/slc5_amd64_gcc462/cms/cmssw/CMSSW_5_3_5/python:/cvmfs/cms.cern.ch/slc5_amd64_gcc462/cms/cmssw/CMSSW_5_3_5/lib/slc5_amd64_gcc462:/cvmfs/cms.cern.ch/slc5_amd64_gcc462/cms/coral/CORAL_2_3_21-cms27/slc5_amd64_gcc462/python:/cvmfs/cms.cern.ch/slc5_amd64_gcc462/cms/coral/CORAL_2_3_21-cms27/slc5_amd64_gcc462/lib:/cvmfs/cms.cern.ch/slc5_amd64_gcc462/external/pyqt/4.8.1/lib/python2.6/site-packages:/cvmfs/cms.cern.ch/slc5_amd64_gcc462/external/py2-scipy/0.8.0/lib/python2.6/site-packages:/cvmfs/cms.cern.ch/slc5_amd64_gcc462/external/py2-matplotlib/1.0.1/lib/python2.6/site-packages:/cvmfs/cms.cern.ch/slc5_amd64_gcc462/external/python-ldap/2.3.5/lib/python2.6/site-packages:/cvmfs/cms.cern.ch/slc5_amd64_gcc462/external/sip/4.11.2/lib/python2.6/site-packages:/cvmfs/cms.cern.ch/slc5_amd64_gcc462/external/py2-pycurl/7.19.0/lib/python2.6/site-packages:/cvmfs/cms.cern.ch/slc5_amd64_gcc462/external/py2-numpy/1.6.1/lib/python2.6/site-packages:/cvmfs/cms.cern.ch/slc5_amd64_gcc462/external/py2-ipython/0.10/lib/python2.6/site-packages:/cvmfs/cms.cern.ch/slc5_amd64_gcc462/external/py2-cx-oracle/5.1-cms11/lib/python2.6/site-packages:/cvmfs/cms.cern.ch/slc5_amd64_gcc462/external/py2-cjson/1.0.5/lib/python2.6/site-packages:/cvmfs/cms.cern.ch/slc5_amd64_gcc462/cms/das-client/1.4.1-cms8/bin:/cvmfs/cms.cern.ch/slc5_amd64_gcc462/external/elementtree/1.2.6/share/lib/python2.6/site-packages:/cvmfs/cms.cern.ch/slc5_amd64_gcc462/external/rivet/1.5.1-cms10/lib/python2.6/site-packages:/cvmfs/cms.cern.ch/slc5_amd64_gcc462/external/pyminuit2/0.0.1-cms34/lib/python2.6/site-packages:/cvmfs/cms.cern.ch/slc5_amd64_gcc462/external/professor/1.0.0-cms35/lib/python2.6/site-packages:/cvmfs/cms.cern.ch/slc5_amd64_gcc462/lcg/root/5.32.00-cms18/lib:/cvmfs/cms.cern.ch/slc5_amd64_gcc462/cms/dbs-client/DBS_2_1_1_patch1_1/lib:/cvmfs/cms.cern.ch/slc5_amd64_gcc462/cms/dbs-client/DBS_2_1_1_patch1_1/lib/DBSAPI:/home/cms003/home_crmrs_246535559/CREAM246535559/glide_r12091/execute/dir_28384/
241a2a19cb7c5c8751ba22759ab3bdb0
PSETHASH = 241a2a19cb7c5c8751ba22759ab3bdb0
/home/cms003/home_crmrs_246535559/CREAM246535559/glide_r12091/execute/dir_28384/writeCfg.py pset.py pset.py
Importing .py file
Setting parameters
inputBlocks=/QCD_Pt_170_250_BCtoE_TuneZ2star_8TeV_pythia6/mario-Summer12-stop-pfele-step1-3d176ac8da5e9dff208d057f4733ca91/USER#2481c777-c741-4631-bcfb-4b7233a7fdfe
inputFiles=/store/user/mario/QCD_Pt_170_250_BCtoE_TuneZ2star_8TeV_pythia6/Summer12-stop-pfele-step1/3d176ac8da5e9dff208d057f4733ca91/tuple_122_1_7RQ.root;/store/user/mario/QCD_Pt_170_250_BCtoE_TuneZ2star_8TeV_pythia6/Summer12-stop-pfele-step1/3d176ac8da5e9dff208d057f4733ca91/tuple_131_1_loq.root;/store/user/mario/QCD_Pt_170_250_BCtoE_TuneZ2star_8TeV_pythia6/Summer12-stop-pfele-step1/3d176ac8da5e9dff208d057f4733ca91/tuple_144_1_14U.root;/store/user/mario/QCD_Pt_170_250_BCtoE_TuneZ2star_8TeV_pythia6/Summer12-stop-pfele-step1/3d176ac8da5e9dff208d057f4733ca91/tuple_149_1_6t6.root;/store/user/mario/QCD_Pt_170_250_BCtoE_TuneZ2star_8TeV_pythia6/Summer12-stop-pfele-step1/3d176ac8da5e9dff208d057f4733ca91/tuple_153_1_sMm.root
parentFiles=
lumisRange=
>>> Executable cmsRun
/cvmfs/cms.cern.ch/slc5_amd64_gcc462/cms/cmssw/CMSSW_5_3_5/bin/slc5_amd64_gcc462/cmsRun
ok executable found
>>> info for dashboard:
***** Cat /home/cms003/home_crmrs_246535559/CREAM246535559/glide_r12091/execute/dir_28384/jobreport.txt *****
MonitorJobID=99_https://submit-2.t2.ucsd.edu//121127//17538.98
MonitorID=liis_crab_0_121127_014046_63dm8n
ExeStart=cmsRun
***** End Cat jobreport *****
Parameters sent to Dashboard.
>>> cmsRun started at Tue Nov 27 01:03:51 UTC 2012
>>> cmsRun ended at Tue Nov 27 01:06:21 UTC 2012
>>> info for dashboard:
***** Cat /home/cms003/home_crmrs_246535559/CREAM246535559/glide_r12091/execute/dir_28384/jobreport.txt *****
MonitorJobID=99_https://submit-2.t2.ucsd.edu//121127//17538.98
MonitorID=liis_crab_0_121127_014046_63dm8n
ExeEnd=cmsRun
***** End Cat jobreport *****
Parameters sent to Dashboard.
TIME_EXE = 149 sec
>>> cmsRun wrote 42 lines of stdout+stderr
>>> START OF printout of 42 lines from stdout+stderr
27-Nov-2012 03:04:21 EET  Initiating request to open file file:/hdfs/cms/store/user/mario/QCD_Pt_170_250_BCtoE_TuneZ2star_8TeV_pythia6/Summer12-stop-pfele-step1/3d176ac8da5e9dff208d057f4733ca91/tuple_122_1_7RQ.root
27-Nov-2012 03:04:30 EET  Successfully opened file file:/hdfs/cms/store/user/mario/QCD_Pt_170_250_BCtoE_TuneZ2star_8TeV_pythia6/Summer12-stop-pfele-step1/3d176ac8da5e9dff208d057f4733ca91/tuple_122_1_7RQ.root
Begin processing the 1st record. Run 1, Event 7299793, LumiSection 311 at 27-Nov-2012 03:04:47.023 EET
Begin processing the 1001st record. Run 1, Event 34715930, LumiSection 1476 at 27-Nov-2012 03:04:58.600 EET
27-Nov-2012 03:05:01 EET  Closed file file:/hdfs/cms/store/user/mario/QCD_Pt_170_250_BCtoE_TuneZ2star_8TeV_pythia6/Summer12-stop-pfele-step1/3d176ac8da5e9dff208d057f4733ca91/tuple_122_1_7RQ.root
27-Nov-2012 03:05:01 EET  Initiating request to open file file:/hdfs/cms/store/user/mario/QCD_Pt_170_250_BCtoE_TuneZ2star_8TeV_pythia6/Summer12-stop-pfele-step1/3d176ac8da5e9dff208d057f4733ca91/tuple_131_1_loq.root
27-Nov-2012 03:05:02 EET  Successfully opened file file:/hdfs/cms/store/user/mario/QCD_Pt_170_250_BCtoE_TuneZ2star_8TeV_pythia6/Summer12-stop-pfele-step1/3d176ac8da5e9dff208d057f4733ca91/tuple_131_1_loq.root
Begin processing the 2001st record. Run 1, Event 86212618, LumiSection 3665 at 27-Nov-2012 03:05:17.759 EET
Begin processing the 3001st record. Run 1, Event 96054026, LumiSection 4083 at 27-Nov-2012 03:05:21.520 EET
27-Nov-2012 03:05:25 EET  Closed file file:/hdfs/cms/store/user/mario/QCD_Pt_170_250_BCtoE_TuneZ2star_8TeV_pythia6/Summer12-stop-pfele-step1/3d176ac8da5e9dff208d057f4733ca91/tuple_131_1_loq.root
27-Nov-2012 03:05:25 EET  Initiating request to open file file:/hdfs/cms/store/user/mario/QCD_Pt_170_250_BCtoE_TuneZ2star_8TeV_pythia6/Summer12-stop-pfele-step1/3d176ac8da5e9dff208d057f4733ca91/tuple_144_1_14U.root
27-Nov-2012 03:05:25 EET  Successfully opened file file:/hdfs/cms/store/user/mario/QCD_Pt_170_250_BCtoE_TuneZ2star_8TeV_pythia6/Summer12-stop-pfele-step1/3d176ac8da5e9dff208d057f4733ca91/tuple_144_1_14U.root
Begin processing the 4001st record. Run 1, Event 97747179, LumiSection 4155 at 27-Nov-2012 03:05:40.929 EET
Begin processing the 5001st record. Run 1, Event 88950710, LumiSection 3781 at 27-Nov-2012 03:05:44.619 EET
Begin processing the 6001st record. Run 1, Event 94055993, LumiSection 3998 at 27-Nov-2012 03:05:48.770 EET
27-Nov-2012 03:05:49 EET  Closed file file:/hdfs/cms/store/user/mario/QCD_Pt_170_250_BCtoE_TuneZ2star_8TeV_pythia6/Summer12-stop-pfele-step1/3d176ac8da5e9dff208d057f4733ca91/tuple_144_1_14U.root
27-Nov-2012 03:05:49 EET  Initiating request to open file file:/hdfs/cms/store/user/mario/QCD_Pt_170_250_BCtoE_TuneZ2star_8TeV_pythia6/Summer12-stop-pfele-step1/3d176ac8da5e9dff208d057f4733ca91/tuple_149_1_6t6.root
27-Nov-2012 03:05:49 EET  Successfully opened file file:/hdfs/cms/store/user/mario/QCD_Pt_170_250_BCtoE_TuneZ2star_8TeV_pythia6/Summer12-stop-pfele-step1/3d176ac8da5e9dff208d057f4733ca91/tuple_149_1_6t6.root
Begin processing the 7001st record. Run 1, Event 54713124, LumiSection 2326 at 27-Nov-2012 03:06:06.686 EET
Begin processing the 8001st record. Run 1, Event 25565431, LumiSection 1087 at 27-Nov-2012 03:06:10.400 EET
27-Nov-2012 03:06:11 EET  Closed file file:/hdfs/cms/store/user/mario/QCD_Pt_170_250_BCtoE_TuneZ2star_8TeV_pythia6/Summer12-stop-pfele-step1/3d176ac8da5e9dff208d057f4733ca91/tuple_149_1_6t6.root
27-Nov-2012 03:06:11 EET  Initiating request to open file file:/hdfs/cms/store/user/mario/QCD_Pt_170_250_BCtoE_TuneZ2star_8TeV_pythia6/Summer12-stop-pfele-step1/3d176ac8da5e9dff208d057f4733ca91/tuple_153_1_sMm.root
27-Nov-2012 03:06:12 EET  Successfully opened file file:/hdfs/cms/store/user/mario/QCD_Pt_170_250_BCtoE_TuneZ2star_8TeV_pythia6/Summer12-stop-pfele-step1/3d176ac8da5e9dff208d057f4733ca91/tuple_153_1_sMm.root
27-Nov-2012 03:06:19 EET  Closed file file:/hdfs/cms/store/user/mario/QCD_Pt_170_250_BCtoE_TuneZ2star_8TeV_pythia6/Summer12-stop-pfele-step1/3d176ac8da5e9dff208d057f4733ca91/tuple_153_1_sMm.root

=============================================

MessageLogger Summary

 type     category        sev    module        subroutine        count    total
 ---- -------------------- -- ---------------- ----------------  -----    -----
    1 fileAction           -s file_close                             5        5
    2 fileAction           -s file_open                             10       10

 type    category    Examples: run/evt        run/evt          run/evt
 ---- -------------------- ---------------- ---------------- ----------------
    1 fileAction           PostProcessEvent PostProcessEvent PostEndRun
    2 fileAction           pre-events       pre-events       PostProcessEvent

Severity    # Occurrences   Total Occurrences
--------    -------------   -----------------
System                 15                  15
>>> END OF printout of 42 lines from stdout+stderr
>>> Parse FrameworkJobReport crab_fjr.xml
Result of parsing the FrameworkJobReport crab_fjr.xml: Popularity start
lumisRange : 1::311,313,318,325,1251,1476,1544,2290,2573,2875::1;1::1316,1378,1448,3100,3431,3478,3761,3781,3887,3998,4155::2;1::270,1196::3;1::2398,2442,2676,2723,2729,3033,3191,3593,3661,3665,3956,4083::4;1::1,3,63,759,783,1074,1076,1087,1202,2322,2326,4026::5;
lumisParentRange : 
Basename : /store/user/mario/QCD_Pt_170_250_BCtoE_TuneZ2star_8TeV_pythia6/Summer12-stop-pfele-step1/3d176ac8da5e9dff208d057f4733ca91/tuple_1
BasenameParent : 
parentFiles : 
inputBlocks : /QCD_Pt_170_250_BCtoE_TuneZ2star_8TeV_pythia6/mario-Summer12-stop-pfele-step1-3d176ac8da5e9dff208d057f4733ca91/USER#2481c777-c741-4631-bcfb-4b7233a7fdfe
inputFiles : 22_1_7RQ.root::1::EDM::Local::1;44_1_14U.root::1::EDM::Local::2;53_1_sMm.root::1::EDM::Local::3;31_1_loq.root::1::EDM::Local::4;49_1_6t6.root::1::EDM::Local::5;
Popularity stop
Extracted ExitStatus from FrameworkJobReport parsing output: 0
>>> Executable succeded  0
ExeExitCode=0
EXECUTABLE_EXIT_STATUS = 0
>>> current directory /home/cms003/home_crmrs_246535559/CREAM246535559/glide_r12091/execute/dir_28384/CMSSW_5_3_5
>>>  (SOFTWARE_DIR): /home/cms003/home_crmrs_246535559/CREAM246535559/glide_r12091/execute/dir_28384/CMSSW_5_3_5
>>> (WORKING_DIR): 
>>> current directory content:
total 148
drwxr-xr-x 3 cms003 cms  4096 Nov 27 03:03 .SCRAM
-rw-r--r-- 1 cms003 cms 30066 Nov 27 03:03 CMSSW.py.pkl
drwxr-xr-x 3 cms003 cms  4096 Nov 27 03:03 bin
drwxr-xr-x 3 cms003 cms  4096 Nov 27 03:03 cfipython
drwxr-xr-x 5 cms003 cms  4096 Nov 27 03:03 config
-rw-r--r-- 1 cms003 cms    16 Nov 27 03:06 cpu_timing.txt
drwxr-xr-x 2 cms003 cms  4096 Nov 27 03:03 doc
-rw-r--r-- 1 cms003 cms  4887 Nov 27 03:06 executable.out
drwxr-xr-x 2 cms003 cms  4096 Nov 27 03:03 include
drwxrwxrwx 3 cms003 cms  4096 Oct 22 16:38 lib
drwxr-xr-x 3 cms003 cms  4096 Nov 27 03:03 logs
drwxr-xr-x 3 cms003 cms  4096 Nov 27 03:03 objs
-rw-r--r-- 1 cms003 cms 16739 Nov 27 03:06 optHistograms.root
-rw-r--r-- 1 cms003 cms   104 Nov 27 03:03 pset.py
-rw-r--r-- 1 cms003 cms 19480 Nov 27 03:03 pset.py.pkl
-rw-r--r-- 1 cms003 cms   289 Nov 27 03:03 pset.pyc
drwxr-xr-x 2 cms003 cms  4096 Nov 27 03:03 python
-rw-r--r-- 1 cms003 cms   420 Nov 27 03:06 report.log
drwxrwxrwx 4 cms003 cms  4096 Nov 27 03:03 src
drwxr-xr-x 3 cms003 cms  4096 Nov 27 03:03 test
drwxr-xr-x 3 cms003 cms  4096 Nov 27 03:03 tmp
>>> current directory /home/cms003/home_crmrs_246535559/CREAM246535559/glide_r12091/execute/dir_28384/CMSSW_5_3_5
>>> (SOFTWARE_DIR): /home/cms003/home_crmrs_246535559/CREAM246535559/glide_r12091/execute/dir_28384/CMSSW_5_3_5
>>> (WORKING_DIR): 
>>> current directory content:
total 128
drwxr-xr-x 3 cms003 cms  4096 Nov 27 03:03 .SCRAM
-rw-r--r-- 1 cms003 cms 30066 Nov 27 03:03 CMSSW.py.pkl
drwxr-xr-x 3 cms003 cms  4096 Nov 27 03:03 bin
drwxr-xr-x 3 cms003 cms  4096 Nov 27 03:03 cfipython
drwxr-xr-x 5 cms003 cms  4096 Nov 27 03:03 config
-rw-r--r-- 1 cms003 cms    16 Nov 27 03:06 cpu_timing.txt
drwxr-xr-x 2 cms003 cms  4096 Nov 27 03:03 doc
-rw-r--r-- 1 cms003 cms  4887 Nov 27 03:06 executable.out
drwxr-xr-x 2 cms003 cms  4096 Nov 27 03:03 include
drwxrwxrwx 3 cms003 cms  4096 Oct 22 16:38 lib
drwxr-xr-x 3 cms003 cms  4096 Nov 27 03:03 logs
drwxr-xr-x 3 cms003 cms  4096 Nov 27 03:03 objs
-rw-r--r-- 1 cms003 cms   104 Nov 27 03:03 pset.py
-rw-r--r-- 1 cms003 cms 19480 Nov 27 03:03 pset.py.pkl
-rw-r--r-- 1 cms003 cms   289 Nov 27 03:03 pset.pyc
drwxr-xr-x 2 cms003 cms  4096 Nov 27 03:03 python
-rw-r--r-- 1 cms003 cms   420 Nov 27 03:06 report.log
drwxrwxrwx 4 cms003 cms  4096 Nov 27 03:03 src
drwxr-xr-x 3 cms003 cms  4096 Nov 27 03:03 test
drwxr-xr-x 3 cms003 cms  4096 Nov 27 03:03 tmp
>>> current directory (RUNTIME_AREA):  /home/cms003/home_crmrs_246535559/CREAM246535559/glide_r12091/execute/dir_28384
>>> current dir: /home/cms003/home_crmrs_246535559/CREAM246535559/glide_r12091/execute/dir_28384
>>> current dir content:
total 25756
-rw-rw-rw-  1 cms003 cms     5576 Nov 27 03:03 .job.ad
-rw-rw-rw-  1 cms003 cms    11336 Nov 27 03:03 .machine.ad
-rw-rw-rw-  1 cms003 cms      105 Nov 27 01:41 CMSSW.py
-rw-rw-rw-  1 cms003 cms    30066 Nov 27 01:41 CMSSW.py.pkl
-rwxrw-rw-  1 cms003 cms    23331 Nov 27 03:03 CMSSW.sh
drwxr-xr-x 15 cms003 cms     4096 Nov 27 03:06 CMSSW_5_3_5
-rw-rw-rw-  1 cms003 cms        0 Nov 27 03:03 CMSSW_99.stderr
-rw-rw-rw-  1 cms003 cms    17141 Nov 27 03:06 CMSSW_99.stdout
-rw-r--r--  1 cms003 cms      347 Nov 27 03:03 CacheEnv.sh
-rw-rw-rw-  1 cms003 cms     7291 Jun  9  2010 DashboardAPI.py
-rw-r--r--  1 cms003 cms     6883 Nov 27 03:03 DashboardAPI.pyc
drwxrwxrwx  3 cms003 cms     4096 Nov 27 03:06 IMProv
-rw-rw-rw-  1 cms003 cms     2748 Mar  8  2006 Logger.py
-rw-r--r--  1 cms003 cms     3353 Nov 27 03:03 Logger.pyc
-rw-rw-rw-  1 cms003 cms    24524 Mar 28  2008 ProcInfo.py
-rw-r--r--  1 cms003 cms    23470 Nov 27 03:03 ProcInfo.pyc
drwxrwxrwx  7 cms003 cms     4096 Nov 27 03:03 ProdCommon
drwxrwxrwx  3 cms003 cms     4096 Nov 27 03:03 WMCore
-rw-r--r--  1 cms003 cms     1746 Nov 27 03:05 Watchdog_99.log
-rw-rw-rw-  1 cms003 cms    32895 Mar 28  2008 apmon.py
-rw-r--r--  1 cms003 cms    28874 Nov 27 03:03 apmon.pyc
-rw-rw-rw-  1 cms003 cms    95368 Nov 27 03:03 arguments.xml
-rwxrwxrwx  1 cms003 cms    37427 Sep 13 14:14 cmscp.py
-rwxrwxrwx  1 cms003 cms    23331 Nov 27 03:03 condor_exec.exe
-rw-rw-rw-  1 cms003 cms      541 Nov 27 01:40 crab.cfg
-rwxrwxrwx  1 cms003 cms     9531 Sep 20 21:46 crabWatchdog.sh
-rw-r--r--  1 cms003 cms    30243 Nov 27 03:06 crab_fjr_99.xml
-rw-rw-rw-  1 cms003 cms 25796290 Nov 27 03:03 default.tgz
-rwxrwxrwx  1 cms003 cms     4488 May 12  2012 fillCrabFjr.py
-rw-r--r--  1 cms003 cms      916 Nov 27 03:03 inputsReport.txt
-rw-r--r--  1 cms003 cms      132 Nov 27 03:06 jobreport.txt
lrwxrwxrwx  1 cms003 cms      107 Nov 27 03:06 optHistograms.root -> /home/cms003/home_crmrs_246535559/CREAM246535559/glide_r12091/execute/dir_28384/optHistograms_99_1_VsZ.root
-rw-r--r--  1 cms003 cms    16739 Nov 27 03:06 optHistograms_99_1_VsZ.root
-rw-rw-rw-  1 cms003 cms    17352 Jan 20  2012 parseCrabFjr.py
-rw-r--r--  1 cms003 cms      283 Nov 27 03:03 report.log
-rwxrwxrwx  1 cms003 cms     1497 May 27  2009 report.py
-rwxrwxrwx  1 cms003 cms     8387 Mar 23  2011 writeCfg.py
-rw-------  1 cms003 cms     8691 Nov 27 03:03 x509up_u1000009
Checking output files:  
will tar file optHistograms_99_1_VsZ.root in  out_files_99
will tar file crab_fjr_99.xml in  out_files_99
will tar file CMSSW_99.stdout in  out_files_99
will tar file CMSSW_99.stderr in  out_files_99
WARNING: output file Watchdog_99.log.gz not found!
>>> padding time: Sleeping the wrapper for 392 seconds
STOPPING WATCHDOG. CrabWatchdog PID is 31754
********** LAST 50 LINES OF WATCHDOG LOG
# RESOURCE USAGE SUMMARY FOR PROCESS ID 29890
USER       PID %CPU %MEM    VSZ   RSS TTY      STAT START   TIME COMMAND
cms003   29890  0.4  0.0   8956  1488 ?        S    03:03   0:00 /bin/sh /home/cms003/home_crmrs_246535559/CREAM246535559/glide_r12091/execute/dir_28384/condor_exec.exe 99 1
 
# LIMITS USED BY THIS WATCHDOG:
# RSS  (KBytes)  : 2300000
# VSZ  (KBytes)  : 100000000
# DISK (MBytes)  : 19000
# CPU  (seconds) : 171600
# WALL (seconds) : 171600
 
# FOLLOWING PRINTOUT TRACKS MAXIMUM VALUES OF RESOURCES USE
# ONE LINE IS PRINTED EACH TIME A MAXIMUM CHANGES
# IF CHANGE WAS IN RSS OR VSZ ALSO PROCID AND COMMAND ARE PRINTED
# THERE IS NO PRINTOUT FOR CPU/WALL TIME INCREASE
 
# TIME			PID	RSS(KB)	VSZ(KB)	Dsk(MB)	tCPU(s)	tWALL(s)	COMMAND
 Nov 27 03:03:31 EET	11944	1320	8896	0	0	729	-bash         
 Nov 27 03:03:31 EET	11974	1488	8952	0	0	730	/bin/sh -l ./CREAM246535559_jobWrapper.sh       
 Nov 27 03:03:31 EET	12036	2676	25504	0	0	729	perl -e ?use Socket;??sub send_notify {? $cream_url = "193.40.150.251:49152";die "No
 Nov 27 03:03:31 EET	18269	5620	25504	0	0	714	/home/cms003/home_crmrs_246535559/CREAM246535559/glide_r12091/main/condor/sbin/condor_master -f -pidfile /home/cms003/home_crmrs_246535559/CREAM246535559/glide_r12091/condor_master2.pid      
 Nov 27 03:03:31 EET	18502	5712	25504	0	0	713	condor_startd -f        
 Nov 27 03:03:31 EET	---	5712	25504	168	----	----	----
 Nov 27 03:04:38 EET	2723	272256	432404	168	20	48	cmsRun -j /home/cms003/home_crmrs_246535559/CREAM246535559/glide_r12091/execute/dir_28384/crab_fjr_99.xml -p pset.py     
 Nov 27 03:05:45 EET	2723	355844	557160	168	45	115	cmsRun -j /home/cms003/home_crmrs_246535559/CREAM246535559/glide_r12091/execute/dir_28384/crab_fjr_99.xml -p pset.py     
 Nov 27 03:06:54 EET	---	355844	557160	169	----	----	----
********** WATCHDOG LOG ENDED
ZIPPING WATCHDOG LOG
Disk space used:
du -sh /home/cms003/home_crmrs_246535559/CREAM246535559/glide_r12091/execute/dir_28384
169M	/home/cms003/home_crmrs_246535559/CREAM246535559/glide_r12091/execute/dir_28384
>>> info for dashboard:
***** Cat /home/cms003/home_crmrs_246535559/CREAM246535559/glide_r12091/execute/dir_28384/jobreport.txt *****
MonitorJobID=99_https://submit-2.t2.ucsd.edu//121127//17538.98
MonitorID=liis_crab_0_121127_014046_63dm8n
ExeTime=149
ExeExitCode=0
CrabUserCpuTime=49.18
CrabSysCpuTime=10.45
CrabCpuPercentage=40%
CrabWrapperTime=600
CrabStageoutTime=NULL
***** End Cat jobreport *****
Parameters sent to Dashboard.
optHistograms_99_1_VsZ.root
crab_fjr_99.xml
CMSSW_99.stdout
CMSSW_99.stderr
Watchdog_99.log.gz
tar: .BrokerInfo: Cannot stat: No such file or directory
tar: Error exit delayed from previous errors
Total Output dimension: 18943
WARNING: output files size limit is set to: 50000000
Total Output dimension 18943 is fine.
JOB_EXIT_STATUS = 0
>>> info for dashboard:
***** Cat /home/cms003/home_crmrs_246535559/CREAM246535559/glide_r12091/execute/dir_28384/jobreport.txt *****
MonitorJobID=99_https://submit-2.t2.ucsd.edu//121127//17538.98
MonitorID=liis_crab_0_121127_014046_63dm8n
JobExitCode=0
***** End Cat jobreport *****
Parameters sent to Dashboard.
optHistograms_99_1_VsZ.root
crab_fjr_99.xml
