This script was generated by crab (version 2.8.3).
Running /home/cms097/home_creur_064872482/CREAM064872482/glide_UJ8851/execute/dir_16281/condor_exec.exe with 2 positional parameters: 70 1
Today is Tue Nov 27 03:03:15 EET 2012
Job submitted on host wn-v-2540.local
Linux wn-v-2540.local 2.6.32-042stab059.7 #1 SMP Tue Jul 24 19:12:01 MSK 2012 x86_64 x86_64 x86_64 GNU/Linux
>>> current directory (RUNTIME_AREA): /home/cms097/home_creur_064872482/CREAM064872482/glide_UJ8851/execute/dir_16281
>>> current user: uid=11097(cms097) gid=1400(cms) groups=1400(cms)
>>> voms proxy information:
subject   : /DC=ch/DC=cern/OU=Organic Units/OU=Users/CN=liis/CN=663550/CN=Liis Rebane/CN=proxy/CN=limited proxy
issuer    : /DC=ch/DC=cern/OU=Organic Units/OU=Users/CN=liis/CN=663550/CN=Liis Rebane/CN=proxy
identity  : /DC=ch/DC=cern/OU=Organic Units/OU=Users/CN=liis/CN=663550/CN=Liis Rebane/CN=proxy
type      : limited proxy
strength  : 512 bits
path      : /home/cms097/home_creur_064872482/CREAM064872482/glide_UJ8851/execute/dir_16281/x509up_u1000009
timeleft  : 23:59:49
key usage : Digital Signature, Key Encipherment, Data Encipherment
=== VO cms extension information ===
VO        : cms
subject   : /DC=ch/DC=cern/OU=Organic Units/OU=Users/CN=liis/CN=663550/CN=Liis Rebane
issuer    : /DC=ch/DC=cern/OU=computers/CN=lcg-voms.cern.ch
attribute : /cms/Role=NULL/Capability=NULL
timeleft  : 190:22:22
uri       : lcg-voms.cern.ch:15002
>>> tar xzf /home/cms097/home_creur_064872482/CREAM064872482/glide_UJ8851/execute/dir_16281/default.tgz :
Successful untar
>>> Include /home/cms097/home_creur_064872482/CREAM064872482/glide_UJ8851/execute/dir_16281 in PYTHONPATH:
strip arguments
env var CRAB_UNIQUE_JOB_ID set to: liis_crab_0_121127_014046_63dm8n_70_1_uza
out_files_70
>>> list of expected files on output sandbox
output files: optHistograms_70_1_uza.root crab_fjr_70.xml CMSSW_70.stdout CMSSW_70.stderr Watchdog_70.log.gz
>>> GridFlavour discovery: 
GridFlavour=LCG
>>> SyncSite discovery: 
SyncSite=T2_EE_Estonia
>>> SyncCE discovery: 
getting SyncCE from CE_ID
SyncCE=europa.hep.kbfi.ee:8443/cream-pbs-long
>>> info for dashboard:
***** Cat /home/cms097/home_creur_064872482/CREAM064872482/glide_UJ8851/execute/dir_16281/jobreport.txt *****
MonitorJobID=70_https://submit-2.t2.ucsd.edu//121127//17538.69
SyncGridJobId=https://submit-2.t2.ucsd.edu//121127//17538.69
MonitorID=liis_crab_0_121127_014046_63dm8n
GridFlavour=LCG
SyncSite=T2_EE_Estonia
SyncCE=europa.hep.kbfi.ee:8443/cream-pbs-long
***** End Cat jobreport *****
Parameters sent to Dashboard.
>>> setup environment
set SCRAM ARCH to slc5_amd64_gcc462
SCRAM_ARCH = slc5_amd64_gcc462
>>> setup CMS LCG environment:
set SCRAM ARCH and BUILD_ARCH to slc5_amd64_gcc462 ###
Sourcing environment... 
sourcing /cvmfs/cms.cern.ch/cmsset_default.sh
==> setup cms environment ok
>>> specific cmssw setup environment:
CMSSW_VERSION =  CMSSW_5_3_5
>>> current directory (SOFTWARE_DIR): /home/cms097/home_creur_064872482/CREAM064872482/glide_UJ8851/execute/dir_16281/CMSSW_5_3_5
PreserveSeeds: <>
IncrementSeeds:<>
{}
WNHostName=wn-v-2540.local
>>> info for dashboard:
***** Cat /home/cms097/home_creur_064872482/CREAM064872482/glide_UJ8851/execute/dir_16281/jobreport.txt *****
MonitorJobID=70_https://submit-2.t2.ucsd.edu//121127//17538.69
MonitorID=liis_crab_0_121127_014046_63dm8n
WNHostName=wn-v-2540.local
***** End Cat jobreport *****
Parameters sent to Dashboard.
crabWatchdog started as process 26014
>>> moving CMSSW software directories in /home/cms097/home_creur_064872482/CREAM064872482/glide_UJ8851/execute/dir_16281/CMSSW_5_3_5
mv: cannot stat `/home/cms097/home_creur_064872482/CREAM064872482/glide_UJ8851/execute/dir_16281/module/': No such file or directory
>>> Include /home/cms097/home_creur_064872482/CREAM064872482/glide_UJ8851/execute/dir_16281 in PYTHONPATH:
PYTHONPATH=/home/cms097/home_creur_064872482/CREAM064872482/glide_UJ8851/execute/dir_16281/:/home/cms097/home_creur_064872482/CREAM064872482/glide_UJ8851/execute/dir_16281/CMSSW_5_3_5/python:/home/cms097/home_creur_064872482/CREAM064872482/glide_UJ8851/execute/dir_16281/CMSSW_5_3_5/lib/slc5_amd64_gcc462:/cvmfs/cms.cern.ch/slc5_amd64_gcc462/cms/cmssw/CMSSW_5_3_5/python:/cvmfs/cms.cern.ch/slc5_amd64_gcc462/cms/cmssw/CMSSW_5_3_5/lib/slc5_amd64_gcc462:/cvmfs/cms.cern.ch/slc5_amd64_gcc462/cms/coral/CORAL_2_3_21-cms27/slc5_amd64_gcc462/python:/cvmfs/cms.cern.ch/slc5_amd64_gcc462/cms/coral/CORAL_2_3_21-cms27/slc5_amd64_gcc462/lib:/cvmfs/cms.cern.ch/slc5_amd64_gcc462/external/pyqt/4.8.1/lib/python2.6/site-packages:/cvmfs/cms.cern.ch/slc5_amd64_gcc462/external/py2-scipy/0.8.0/lib/python2.6/site-packages:/cvmfs/cms.cern.ch/slc5_amd64_gcc462/external/py2-matplotlib/1.0.1/lib/python2.6/site-packages:/cvmfs/cms.cern.ch/slc5_amd64_gcc462/external/python-ldap/2.3.5/lib/python2.6/site-packages:/cvmfs/cms.cern.ch/slc5_amd64_gcc462/external/sip/4.11.2/lib/python2.6/site-packages:/cvmfs/cms.cern.ch/slc5_amd64_gcc462/external/py2-pycurl/7.19.0/lib/python2.6/site-packages:/cvmfs/cms.cern.ch/slc5_amd64_gcc462/external/py2-numpy/1.6.1/lib/python2.6/site-packages:/cvmfs/cms.cern.ch/slc5_amd64_gcc462/external/py2-ipython/0.10/lib/python2.6/site-packages:/cvmfs/cms.cern.ch/slc5_amd64_gcc462/external/py2-cx-oracle/5.1-cms11/lib/python2.6/site-packages:/cvmfs/cms.cern.ch/slc5_amd64_gcc462/external/py2-cjson/1.0.5/lib/python2.6/site-packages:/cvmfs/cms.cern.ch/slc5_amd64_gcc462/cms/das-client/1.4.1-cms8/bin:/cvmfs/cms.cern.ch/slc5_amd64_gcc462/external/elementtree/1.2.6/share/lib/python2.6/site-packages:/cvmfs/cms.cern.ch/slc5_amd64_gcc462/external/rivet/1.5.1-cms10/lib/python2.6/site-packages:/cvmfs/cms.cern.ch/slc5_amd64_gcc462/external/pyminuit2/0.0.1-cms34/lib/python2.6/site-packages:/cvmfs/cms.cern.ch/slc5_amd64_gcc462/external/professor/1.0.0-cms35/lib/python2.6/site-packages:/cvmfs/cms.cern.ch/slc5_amd64_gcc462/lcg/root/5.32.00-cms18/lib:/cvmfs/cms.cern.ch/slc5_amd64_gcc462/cms/dbs-client/DBS_2_1_1_patch1_1/lib:/cvmfs/cms.cern.ch/slc5_amd64_gcc462/cms/dbs-client/DBS_2_1_1_patch1_1/lib/DBSAPI:/home/cms097/home_creur_064872482/CREAM064872482/glide_UJ8851/execute/dir_16281/
241a2a19cb7c5c8751ba22759ab3bdb0
PSETHASH = 241a2a19cb7c5c8751ba22759ab3bdb0
/home/cms097/home_creur_064872482/CREAM064872482/glide_UJ8851/execute/dir_16281/writeCfg.py pset.py pset.py
Importing .py file
Setting parameters
inputBlocks=/QCD_Pt_170_250_BCtoE_TuneZ2star_8TeV_pythia6/mario-Summer12-stop-pfele-step1-3d176ac8da5e9dff208d057f4733ca91/USER#2481c777-c741-4631-bcfb-4b7233a7fdfe
inputFiles=/store/user/mario/QCD_Pt_170_250_BCtoE_TuneZ2star_8TeV_pythia6/Summer12-stop-pfele-step1/3d176ac8da5e9dff208d057f4733ca91/tuple_251_1_epi.root;/store/user/mario/QCD_Pt_170_250_BCtoE_TuneZ2star_8TeV_pythia6/Summer12-stop-pfele-step1/3d176ac8da5e9dff208d057f4733ca91/tuple_253_1_bEH.root;/store/user/mario/QCD_Pt_170_250_BCtoE_TuneZ2star_8TeV_pythia6/Summer12-stop-pfele-step1/3d176ac8da5e9dff208d057f4733ca91/tuple_254_1_txa.root;/store/user/mario/QCD_Pt_170_250_BCtoE_TuneZ2star_8TeV_pythia6/Summer12-stop-pfele-step1/3d176ac8da5e9dff208d057f4733ca91/tuple_258_1_I5b.root;/store/user/mario/QCD_Pt_170_250_BCtoE_TuneZ2star_8TeV_pythia6/Summer12-stop-pfele-step1/3d176ac8da5e9dff208d057f4733ca91/tuple_262_1_BKr.root
parentFiles=
lumisRange=
>>> Executable cmsRun
/cvmfs/cms.cern.ch/slc5_amd64_gcc462/cms/cmssw/CMSSW_5_3_5/bin/slc5_amd64_gcc462/cmsRun
ok executable found
>>> info for dashboard:
***** Cat /home/cms097/home_creur_064872482/CREAM064872482/glide_UJ8851/execute/dir_16281/jobreport.txt *****
MonitorJobID=70_https://submit-2.t2.ucsd.edu//121127//17538.69
MonitorID=liis_crab_0_121127_014046_63dm8n
ExeStart=cmsRun
***** End Cat jobreport *****
Parameters sent to Dashboard.
>>> cmsRun started at Tue Nov 27 01:03:29 UTC 2012
>>> cmsRun ended at Tue Nov 27 01:04:41 UTC 2012
>>> info for dashboard:
***** Cat /home/cms097/home_creur_064872482/CREAM064872482/glide_UJ8851/execute/dir_16281/jobreport.txt *****
MonitorJobID=70_https://submit-2.t2.ucsd.edu//121127//17538.69
MonitorID=liis_crab_0_121127_014046_63dm8n
ExeEnd=cmsRun
***** End Cat jobreport *****
Parameters sent to Dashboard.
TIME_EXE = 72 sec
>>> cmsRun wrote 42 lines of stdout+stderr
>>> START OF printout of 42 lines from stdout+stderr
27-Nov-2012 03:03:38 EET  Initiating request to open file file:/hdfs/cms/store/user/mario/QCD_Pt_170_250_BCtoE_TuneZ2star_8TeV_pythia6/Summer12-stop-pfele-step1/3d176ac8da5e9dff208d057f4733ca91/tuple_251_1_epi.root
27-Nov-2012 03:03:44 EET  Successfully opened file file:/hdfs/cms/store/user/mario/QCD_Pt_170_250_BCtoE_TuneZ2star_8TeV_pythia6/Summer12-stop-pfele-step1/3d176ac8da5e9dff208d057f4733ca91/tuple_251_1_epi.root
Begin processing the 1st record. Run 1, Event 993654, LumiSection 43 at 27-Nov-2012 03:03:52.468 EET
Begin processing the 1001st record. Run 1, Event 26941438, LumiSection 1146 at 27-Nov-2012 03:03:57.895 EET
27-Nov-2012 03:04:00 EET  Closed file file:/hdfs/cms/store/user/mario/QCD_Pt_170_250_BCtoE_TuneZ2star_8TeV_pythia6/Summer12-stop-pfele-step1/3d176ac8da5e9dff208d057f4733ca91/tuple_251_1_epi.root
27-Nov-2012 03:04:00 EET  Initiating request to open file file:/hdfs/cms/store/user/mario/QCD_Pt_170_250_BCtoE_TuneZ2star_8TeV_pythia6/Summer12-stop-pfele-step1/3d176ac8da5e9dff208d057f4733ca91/tuple_253_1_bEH.root
27-Nov-2012 03:04:00 EET  Successfully opened file file:/hdfs/cms/store/user/mario/QCD_Pt_170_250_BCtoE_TuneZ2star_8TeV_pythia6/Summer12-stop-pfele-step1/3d176ac8da5e9dff208d057f4733ca91/tuple_253_1_bEH.root
Begin processing the 2001st record. Run 1, Event 94980040, LumiSection 4037 at 27-Nov-2012 03:04:06.203 EET
Begin processing the 3001st record. Run 1, Event 19541309, LumiSection 831 at 27-Nov-2012 03:04:09.359 EET
27-Nov-2012 03:04:11 EET  Closed file file:/hdfs/cms/store/user/mario/QCD_Pt_170_250_BCtoE_TuneZ2star_8TeV_pythia6/Summer12-stop-pfele-step1/3d176ac8da5e9dff208d057f4733ca91/tuple_253_1_bEH.root
27-Nov-2012 03:04:11 EET  Initiating request to open file file:/hdfs/cms/store/user/mario/QCD_Pt_170_250_BCtoE_TuneZ2star_8TeV_pythia6/Summer12-stop-pfele-step1/3d176ac8da5e9dff208d057f4733ca91/tuple_254_1_txa.root
27-Nov-2012 03:04:12 EET  Successfully opened file file:/hdfs/cms/store/user/mario/QCD_Pt_170_250_BCtoE_TuneZ2star_8TeV_pythia6/Summer12-stop-pfele-step1/3d176ac8da5e9dff208d057f4733ca91/tuple_254_1_txa.root
Begin processing the 4001st record. Run 1, Event 1048917, LumiSection 45 at 27-Nov-2012 03:04:16.743 EET
Begin processing the 5001st record. Run 1, Event 31044778, LumiSection 1320 at 27-Nov-2012 03:04:20.284 EET
Begin processing the 6001st record. Run 1, Event 39419148, LumiSection 1676 at 27-Nov-2012 03:04:24.171 EET
27-Nov-2012 03:04:24 EET  Closed file file:/hdfs/cms/store/user/mario/QCD_Pt_170_250_BCtoE_TuneZ2star_8TeV_pythia6/Summer12-stop-pfele-step1/3d176ac8da5e9dff208d057f4733ca91/tuple_254_1_txa.root
27-Nov-2012 03:04:24 EET  Initiating request to open file file:/hdfs/cms/store/user/mario/QCD_Pt_170_250_BCtoE_TuneZ2star_8TeV_pythia6/Summer12-stop-pfele-step1/3d176ac8da5e9dff208d057f4733ca91/tuple_258_1_I5b.root
27-Nov-2012 03:04:24 EET  Successfully opened file file:/hdfs/cms/store/user/mario/QCD_Pt_170_250_BCtoE_TuneZ2star_8TeV_pythia6/Summer12-stop-pfele-step1/3d176ac8da5e9dff208d057f4733ca91/tuple_258_1_I5b.root
Begin processing the 7001st record. Run 1, Event 31937594, LumiSection 1358 at 27-Nov-2012 03:04:32.351 EET
Begin processing the 8001st record. Run 1, Event 53283755, LumiSection 2265 at 27-Nov-2012 03:04:35.768 EET
27-Nov-2012 03:04:36 EET  Closed file file:/hdfs/cms/store/user/mario/QCD_Pt_170_250_BCtoE_TuneZ2star_8TeV_pythia6/Summer12-stop-pfele-step1/3d176ac8da5e9dff208d057f4733ca91/tuple_258_1_I5b.root
27-Nov-2012 03:04:36 EET  Initiating request to open file file:/hdfs/cms/store/user/mario/QCD_Pt_170_250_BCtoE_TuneZ2star_8TeV_pythia6/Summer12-stop-pfele-step1/3d176ac8da5e9dff208d057f4733ca91/tuple_262_1_BKr.root
27-Nov-2012 03:04:36 EET  Successfully opened file file:/hdfs/cms/store/user/mario/QCD_Pt_170_250_BCtoE_TuneZ2star_8TeV_pythia6/Summer12-stop-pfele-step1/3d176ac8da5e9dff208d057f4733ca91/tuple_262_1_BKr.root
27-Nov-2012 03:04:39 EET  Closed file file:/hdfs/cms/store/user/mario/QCD_Pt_170_250_BCtoE_TuneZ2star_8TeV_pythia6/Summer12-stop-pfele-step1/3d176ac8da5e9dff208d057f4733ca91/tuple_262_1_BKr.root

=============================================

MessageLogger Summary

 type     category        sev    module        subroutine        count    total
 ---- -------------------- -- ---------------- ----------------  -----    -----
    1 fileAction           -s file_close                             5        5
    2 fileAction           -s file_open                             10       10

 type    category    Examples: run/evt        run/evt          run/evt
 ---- -------------------- ---------------- ---------------- ----------------
    1 fileAction           PostProcessEvent PostProcessEvent PostEndRun
    2 fileAction           pre-events       pre-events       PostProcessEvent

Severity    # Occurrences   Total Occurrences
--------    -------------   -----------------
System                 15                  15
>>> END OF printout of 42 lines from stdout+stderr
>>> Parse FrameworkJobReport crab_fjr.xml
Result of parsing the FrameworkJobReport crab_fjr.xml: Popularity start
lumisRange : 1::43,662,690,703,712,1146-1147,1150,1152::1;1::1022,1025,1028::2;1::1358,1506,1511,1557,1561,1581,1673,1678,1683,2265,2317,2372::3;1::45,54,642,649,689,1320,1395,1414,1420,1426,1676::4;1::9-10,12,17,25,45,682,827,831,835,3554,4037::5;
lumisParentRange : 
Basename : /store/user/mario/QCD_Pt_170_250_BCtoE_TuneZ2star_8TeV_pythia6/Summer12-stop-pfele-step1/3d176ac8da5e9dff208d057f4733ca91/tuple_2
BasenameParent : 
parentFiles : 
inputBlocks : /QCD_Pt_170_250_BCtoE_TuneZ2star_8TeV_pythia6/mario-Summer12-stop-pfele-step1-3d176ac8da5e9dff208d057f4733ca91/USER#2481c777-c741-4631-bcfb-4b7233a7fdfe
inputFiles : 51_1_epi.root::1::EDM::Local::1;62_1_BKr.root::1::EDM::Local::2;58_1_I5b.root::1::EDM::Local::3;54_1_txa.root::1::EDM::Local::4;53_1_bEH.root::1::EDM::Local::5;
Popularity stop
Extracted ExitStatus from FrameworkJobReport parsing output: 0
>>> Executable succeded  0
ExeExitCode=0
EXECUTABLE_EXIT_STATUS = 0
>>> current directory /home/cms097/home_creur_064872482/CREAM064872482/glide_UJ8851/execute/dir_16281/CMSSW_5_3_5
>>>  (SOFTWARE_DIR): /home/cms097/home_creur_064872482/CREAM064872482/glide_UJ8851/execute/dir_16281/CMSSW_5_3_5
>>> (WORKING_DIR): 
>>> current directory content:
total 148
drwxr-xr-x 3 cms097 cms  4096 Nov 27 03:03 .SCRAM
-rw-r--r-- 1 cms097 cms 30066 Nov 27 03:03 CMSSW.py.pkl
drwxr-xr-x 3 cms097 cms  4096 Nov 27 03:03 bin
drwxr-xr-x 3 cms097 cms  4096 Nov 27 03:03 cfipython
drwxr-xr-x 5 cms097 cms  4096 Nov 27 03:03 config
-rw-r--r-- 1 cms097 cms    15 Nov 27 03:04 cpu_timing.txt
drwxr-xr-x 2 cms097 cms  4096 Nov 27 03:03 doc
-rw-r--r-- 1 cms097 cms  4881 Nov 27 03:04 executable.out
drwxr-xr-x 2 cms097 cms  4096 Nov 27 03:03 include
drwxrwxrwx 3 cms097 cms  4096 Oct 22 16:38 lib
drwxr-xr-x 3 cms097 cms  4096 Nov 27 03:03 logs
drwxr-xr-x 3 cms097 cms  4096 Nov 27 03:03 objs
-rw-r--r-- 1 cms097 cms 16536 Nov 27 03:04 optHistograms.root
-rw-r--r-- 1 cms097 cms   104 Nov 27 03:03 pset.py
-rw-r--r-- 1 cms097 cms 19480 Nov 27 03:03 pset.py.pkl
-rw-r--r-- 1 cms097 cms   289 Nov 27 03:03 pset.pyc
drwxr-xr-x 2 cms097 cms  4096 Nov 27 03:03 python
-rw-r--r-- 1 cms097 cms   420 Nov 27 03:04 report.log
drwxrwxrwx 4 cms097 cms  4096 Nov 27 03:03 src
drwxr-xr-x 3 cms097 cms  4096 Nov 27 03:03 test
drwxr-xr-x 3 cms097 cms  4096 Nov 27 03:03 tmp
>>> current directory /home/cms097/home_creur_064872482/CREAM064872482/glide_UJ8851/execute/dir_16281/CMSSW_5_3_5
>>> (SOFTWARE_DIR): /home/cms097/home_creur_064872482/CREAM064872482/glide_UJ8851/execute/dir_16281/CMSSW_5_3_5
>>> (WORKING_DIR): 
>>> current directory content:
total 128
drwxr-xr-x 3 cms097 cms  4096 Nov 27 03:03 .SCRAM
-rw-r--r-- 1 cms097 cms 30066 Nov 27 03:03 CMSSW.py.pkl
drwxr-xr-x 3 cms097 cms  4096 Nov 27 03:03 bin
drwxr-xr-x 3 cms097 cms  4096 Nov 27 03:03 cfipython
drwxr-xr-x 5 cms097 cms  4096 Nov 27 03:03 config
-rw-r--r-- 1 cms097 cms    15 Nov 27 03:04 cpu_timing.txt
drwxr-xr-x 2 cms097 cms  4096 Nov 27 03:03 doc
-rw-r--r-- 1 cms097 cms  4881 Nov 27 03:04 executable.out
drwxr-xr-x 2 cms097 cms  4096 Nov 27 03:03 include
drwxrwxrwx 3 cms097 cms  4096 Oct 22 16:38 lib
drwxr-xr-x 3 cms097 cms  4096 Nov 27 03:03 logs
drwxr-xr-x 3 cms097 cms  4096 Nov 27 03:03 objs
-rw-r--r-- 1 cms097 cms   104 Nov 27 03:03 pset.py
-rw-r--r-- 1 cms097 cms 19480 Nov 27 03:03 pset.py.pkl
-rw-r--r-- 1 cms097 cms   289 Nov 27 03:03 pset.pyc
drwxr-xr-x 2 cms097 cms  4096 Nov 27 03:03 python
-rw-r--r-- 1 cms097 cms   420 Nov 27 03:04 report.log
drwxrwxrwx 4 cms097 cms  4096 Nov 27 03:03 src
drwxr-xr-x 3 cms097 cms  4096 Nov 27 03:03 test
drwxr-xr-x 3 cms097 cms  4096 Nov 27 03:03 tmp
>>> current directory (RUNTIME_AREA):  /home/cms097/home_creur_064872482/CREAM064872482/glide_UJ8851/execute/dir_16281
>>> current dir: /home/cms097/home_creur_064872482/CREAM064872482/glide_UJ8851/execute/dir_16281
>>> current dir content:
total 25756
-rw-rw-rw-  1 cms097 cms     5580 Nov 27 03:03 .job.ad
-rw-rw-rw-  1 cms097 cms    11338 Nov 27 03:03 .machine.ad
-rw-rw-rw-  1 cms097 cms      105 Nov 27 01:41 CMSSW.py
-rw-rw-rw-  1 cms097 cms    30066 Nov 27 01:41 CMSSW.py.pkl
-rwxrw-rw-  1 cms097 cms    23331 Nov 27 03:03 CMSSW.sh
drwxr-xr-x 15 cms097 cms     4096 Nov 27 03:04 CMSSW_5_3_5
-rw-rw-rw-  1 cms097 cms        0 Nov 27 03:03 CMSSW_70.stderr
-rw-rw-rw-  1 cms097 cms    17123 Nov 27 03:04 CMSSW_70.stdout
-rw-r--r--  1 cms097 cms      347 Nov 27 03:03 CacheEnv.sh
-rw-rw-rw-  1 cms097 cms     7291 Jun  9  2010 DashboardAPI.py
-rw-r--r--  1 cms097 cms     6883 Nov 27 03:03 DashboardAPI.pyc
drwxrwxrwx  3 cms097 cms     4096 Nov 27 03:04 IMProv
-rw-rw-rw-  1 cms097 cms     2748 Mar  8  2006 Logger.py
-rw-r--r--  1 cms097 cms     3353 Nov 27 03:03 Logger.pyc
-rw-rw-rw-  1 cms097 cms    24524 Mar 28  2008 ProcInfo.py
-rw-r--r--  1 cms097 cms    23470 Nov 27 03:03 ProcInfo.pyc
drwxrwxrwx  7 cms097 cms     4096 Nov 27 03:03 ProdCommon
drwxrwxrwx  3 cms097 cms     4096 Nov 27 03:03 WMCore
-rw-r--r--  1 cms097 cms     1500 Nov 27 03:04 Watchdog_70.log
-rw-rw-rw-  1 cms097 cms    32895 Mar 28  2008 apmon.py
-rw-r--r--  1 cms097 cms    28874 Nov 27 03:03 apmon.pyc
-rw-rw-rw-  1 cms097 cms    95368 Nov 27 03:03 arguments.xml
-rwxrwxrwx  1 cms097 cms    37427 Sep 13 14:14 cmscp.py
-rwxrwxrwx  1 cms097 cms    23331 Nov 27 03:03 condor_exec.exe
-rw-rw-rw-  1 cms097 cms      541 Nov 27 01:40 crab.cfg
-rwxrwxrwx  1 cms097 cms     9531 Sep 20 21:46 crabWatchdog.sh
-rw-r--r--  1 cms097 cms    30226 Nov 27 03:04 crab_fjr_70.xml
-rw-rw-rw-  1 cms097 cms 25796290 Nov 27 03:03 default.tgz
-rwxrwxrwx  1 cms097 cms     4488 May 12  2012 fillCrabFjr.py
-rw-r--r--  1 cms097 cms      916 Nov 27 03:03 inputsReport.txt
-rw-r--r--  1 cms097 cms      131 Nov 27 03:04 jobreport.txt
lrwxrwxrwx  1 cms097 cms      107 Nov 27 03:04 optHistograms.root -> /home/cms097/home_creur_064872482/CREAM064872482/glide_UJ8851/execute/dir_16281/optHistograms_70_1_uza.root
-rw-r--r--  1 cms097 cms    16536 Nov 27 03:04 optHistograms_70_1_uza.root
-rw-rw-rw-  1 cms097 cms    17352 Jan 20  2012 parseCrabFjr.py
-rw-r--r--  1 cms097 cms      285 Nov 27 03:03 report.log
-rwxrwxrwx  1 cms097 cms     1497 May 27  2009 report.py
-rwxrwxrwx  1 cms097 cms     8387 Mar 23  2011 writeCfg.py
-rw-------  1 cms097 cms     8687 Nov 27 03:03 x509up_u1000009
Checking output files:  
will tar file optHistograms_70_1_uza.root in  out_files_70
will tar file crab_fjr_70.xml in  out_files_70
will tar file CMSSW_70.stdout in  out_files_70
will tar file CMSSW_70.stderr in  out_files_70
WARNING: output file Watchdog_70.log.gz not found!
>>> padding time: Sleeping the wrapper for 506 seconds
STOPPING WATCHDOG. CrabWatchdog PID is 26014
********** LAST 50 LINES OF WATCHDOG LOG
# RESOURCE USAGE SUMMARY FOR PROCESS ID 24208
USER       PID %CPU %MEM    VSZ   RSS TTY      STAT START   TIME COMMAND
cms097   24208  0.2  0.0   8956  1488 ?        S    03:03   0:00 /bin/sh /home/cms097/home_creur_064872482/CREAM064872482/glide_UJ8851/execute/dir_16281/condor_exec.exe 70 1
 
# LIMITS USED BY THIS WATCHDOG:
# RSS  (KBytes)  : 2300000
# VSZ  (KBytes)  : 100000000
# DISK (MBytes)  : 19000
# CPU  (seconds) : 171600
# WALL (seconds) : 171600
 
# FOLLOWING PRINTOUT TRACKS MAXIMUM VALUES OF RESOURCES USE
# ONE LINE IS PRINTED EACH TIME A MAXIMUM CHANGES
# IF CHANGE WAS IN RSS OR VSZ ALSO PROCID AND COMMAND ARE PRINTED
# THERE IS NO PRINTOUT FOR CPU/WALL TIME INCREASE
 
# TIME			PID	RSS(KB)	VSZ(KB)	Dsk(MB)	tCPU(s)	tWALL(s)	COMMAND
 Nov 27 03:03:22 EET	8708	1320	8896	0	0	281	-bash         
 Nov 27 03:03:22 EET	8737	1484	8952	0	0	282	/bin/sh -l ./CREAM064872482_jobWrapper.sh       
 Nov 27 03:03:22 EET	8798	2676	25504	0	0	281	perl -e ?use Socket;??sub send_notify {? $cream_url = "193.40.150.134:49152";die "No
 Nov 27 03:03:22 EET	14977	5988	25504	0	0	267	/home/cms097/home_creur_064872482/CREAM064872482/glide_UJ8851/main/condor/sbin/condor_master -f -pidfile /home/cms097/home_creur_064872482/CREAM064872482/glide_UJ8851/condor_master2.pid      
 Nov 27 03:03:22 EET	---	5988	25504	168	----	----	----
 Nov 27 03:04:26 EET	26614	357092	554856	168	34	60	cmsRun -j /home/cms097/home_creur_064872482/CREAM064872482/glide_UJ8851/execute/dir_16281/crab_fjr_70.xml -p pset.py     
 Nov 27 03:05:30 EET	---	357092	554856	169	----	----	----
********** WATCHDOG LOG ENDED
ZIPPING WATCHDOG LOG
Disk space used:
du -sh /home/cms097/home_creur_064872482/CREAM064872482/glide_UJ8851/execute/dir_16281
169M	/home/cms097/home_creur_064872482/CREAM064872482/glide_UJ8851/execute/dir_16281
>>> info for dashboard:
***** Cat /home/cms097/home_creur_064872482/CREAM064872482/glide_UJ8851/execute/dir_16281/jobreport.txt *****
MonitorJobID=70_https://submit-2.t2.ucsd.edu//121127//17538.69
MonitorID=liis_crab_0_121127_014046_63dm8n
ExeTime=72
ExeExitCode=0
CrabUserCpuTime=38.69
CrabSysCpuTime=3.85
CrabCpuPercentage=59%
CrabWrapperTime=600
CrabStageoutTime=NULL
***** End Cat jobreport *****
Parameters sent to Dashboard.
optHistograms_70_1_uza.root
crab_fjr_70.xml
CMSSW_70.stdout
CMSSW_70.stderr
Watchdog_70.log.gz
tar: .BrokerInfo: Cannot stat: No such file or directory
tar: Error exit delayed from previous errors
Total Output dimension: 18479
WARNING: output files size limit is set to: 50000000
Total Output dimension 18479 is fine.
JOB_EXIT_STATUS = 0
>>> info for dashboard:
***** Cat /home/cms097/home_creur_064872482/CREAM064872482/glide_UJ8851/execute/dir_16281/jobreport.txt *****
MonitorJobID=70_https://submit-2.t2.ucsd.edu//121127//17538.69
MonitorID=liis_crab_0_121127_014046_63dm8n
JobExitCode=0
***** End Cat jobreport *****
Parameters sent to Dashboard.
optHistograms_70_1_uza.root
crab_fjr_70.xml
