This script was generated by crab (version 2.8.3).
Running /home/cms078/home_creur_155247479/CREAM155247479/glide_H14491/execute/dir_27935/condor_exec.exe with 2 positional parameters: 14 1
Today is Tue Nov 27 03:02:38 EET 2012
Job submitted on host wn-v-5852.local
Linux wn-v-5852.local 2.6.32-042stab059.7 #1 SMP Tue Jul 24 19:12:01 MSK 2012 x86_64 x86_64 x86_64 GNU/Linux
>>> current directory (RUNTIME_AREA): /home/cms078/home_creur_155247479/CREAM155247479/glide_H14491/execute/dir_27935
>>> current user: uid=11078(cms078) gid=1400(cms) groups=1400(cms)
>>> voms proxy information:
subject   : /DC=ch/DC=cern/OU=Organic Units/OU=Users/CN=liis/CN=663550/CN=Liis Rebane/CN=proxy/CN=limited proxy
issuer    : /DC=ch/DC=cern/OU=Organic Units/OU=Users/CN=liis/CN=663550/CN=Liis Rebane/CN=proxy
identity  : /DC=ch/DC=cern/OU=Organic Units/OU=Users/CN=liis/CN=663550/CN=Liis Rebane/CN=proxy
type      : limited proxy
strength  : 512 bits
path      : /home/cms078/home_creur_155247479/CREAM155247479/glide_H14491/execute/dir_27935/x509up_u1000009
timeleft  : 23:59:49
key usage : Digital Signature, Key Encipherment, Data Encipherment
=== VO cms extension information ===
VO        : cms
subject   : /DC=ch/DC=cern/OU=Organic Units/OU=Users/CN=liis/CN=663550/CN=Liis Rebane
issuer    : /DC=ch/DC=cern/OU=computers/CN=lcg-voms.cern.ch
attribute : /cms/Role=NULL/Capability=NULL
timeleft  : 190:22:58
uri       : lcg-voms.cern.ch:15002
>>> tar xzf /home/cms078/home_creur_155247479/CREAM155247479/glide_H14491/execute/dir_27935/default.tgz :
Successful untar
>>> Include /home/cms078/home_creur_155247479/CREAM155247479/glide_H14491/execute/dir_27935 in PYTHONPATH:
strip arguments
env var CRAB_UNIQUE_JOB_ID set to: liis_crab_0_121127_014046_63dm8n_14_1_Q2i
out_files_14
>>> list of expected files on output sandbox
output files: optHistograms_14_1_Q2i.root crab_fjr_14.xml CMSSW_14.stdout CMSSW_14.stderr Watchdog_14.log.gz
>>> GridFlavour discovery: 
GridFlavour=LCG
>>> SyncSite discovery: 
SyncSite=T2_EE_Estonia
>>> SyncCE discovery: 
getting SyncCE from CE_ID
SyncCE=europa.hep.kbfi.ee:8443/cream-pbs-long
>>> info for dashboard:
***** Cat /home/cms078/home_creur_155247479/CREAM155247479/glide_H14491/execute/dir_27935/jobreport.txt *****
MonitorJobID=14_https://submit-2.t2.ucsd.edu//121127//17538.13
SyncGridJobId=https://submit-2.t2.ucsd.edu//121127//17538.13
MonitorID=liis_crab_0_121127_014046_63dm8n
GridFlavour=LCG
SyncSite=T2_EE_Estonia
SyncCE=europa.hep.kbfi.ee:8443/cream-pbs-long
***** End Cat jobreport *****
Parameters sent to Dashboard.
>>> setup environment
set SCRAM ARCH to slc5_amd64_gcc462
SCRAM_ARCH = slc5_amd64_gcc462
>>> setup CMS LCG environment:
set SCRAM ARCH and BUILD_ARCH to slc5_amd64_gcc462 ###
Sourcing environment... 
sourcing /cvmfs/cms.cern.ch/cmsset_default.sh
==> setup cms environment ok
>>> specific cmssw setup environment:
CMSSW_VERSION =  CMSSW_5_3_5
>>> current directory (SOFTWARE_DIR): /home/cms078/home_creur_155247479/CREAM155247479/glide_H14491/execute/dir_27935/CMSSW_5_3_5
PreserveSeeds: <>
IncrementSeeds:<>
{}
WNHostName=wn-v-5852.local
>>> info for dashboard:
***** Cat /home/cms078/home_creur_155247479/CREAM155247479/glide_H14491/execute/dir_27935/jobreport.txt *****
MonitorJobID=14_https://submit-2.t2.ucsd.edu//121127//17538.13
MonitorID=liis_crab_0_121127_014046_63dm8n
WNHostName=wn-v-5852.local
***** End Cat jobreport *****
Parameters sent to Dashboard.
crabWatchdog started as process 979
>>> moving CMSSW software directories in /home/cms078/home_creur_155247479/CREAM155247479/glide_H14491/execute/dir_27935/CMSSW_5_3_5
mv: cannot stat `/home/cms078/home_creur_155247479/CREAM155247479/glide_H14491/execute/dir_27935/module/': No such file or directory
>>> Include /home/cms078/home_creur_155247479/CREAM155247479/glide_H14491/execute/dir_27935 in PYTHONPATH:
PYTHONPATH=/home/cms078/home_creur_155247479/CREAM155247479/glide_H14491/execute/dir_27935/:/home/cms078/home_creur_155247479/CREAM155247479/glide_H14491/execute/dir_27935/CMSSW_5_3_5/python:/home/cms078/home_creur_155247479/CREAM155247479/glide_H14491/execute/dir_27935/CMSSW_5_3_5/lib/slc5_amd64_gcc462:/cvmfs/cms.cern.ch/slc5_amd64_gcc462/cms/cmssw/CMSSW_5_3_5/python:/cvmfs/cms.cern.ch/slc5_amd64_gcc462/cms/cmssw/CMSSW_5_3_5/lib/slc5_amd64_gcc462:/cvmfs/cms.cern.ch/slc5_amd64_gcc462/cms/coral/CORAL_2_3_21-cms27/slc5_amd64_gcc462/python:/cvmfs/cms.cern.ch/slc5_amd64_gcc462/cms/coral/CORAL_2_3_21-cms27/slc5_amd64_gcc462/lib:/cvmfs/cms.cern.ch/slc5_amd64_gcc462/external/pyqt/4.8.1/lib/python2.6/site-packages:/cvmfs/cms.cern.ch/slc5_amd64_gcc462/external/py2-scipy/0.8.0/lib/python2.6/site-packages:/cvmfs/cms.cern.ch/slc5_amd64_gcc462/external/py2-matplotlib/1.0.1/lib/python2.6/site-packages:/cvmfs/cms.cern.ch/slc5_amd64_gcc462/external/python-ldap/2.3.5/lib/python2.6/site-packages:/cvmfs/cms.cern.ch/slc5_amd64_gcc462/external/sip/4.11.2/lib/python2.6/site-packages:/cvmfs/cms.cern.ch/slc5_amd64_gcc462/external/py2-pycurl/7.19.0/lib/python2.6/site-packages:/cvmfs/cms.cern.ch/slc5_amd64_gcc462/external/py2-numpy/1.6.1/lib/python2.6/site-packages:/cvmfs/cms.cern.ch/slc5_amd64_gcc462/external/py2-ipython/0.10/lib/python2.6/site-packages:/cvmfs/cms.cern.ch/slc5_amd64_gcc462/external/py2-cx-oracle/5.1-cms11/lib/python2.6/site-packages:/cvmfs/cms.cern.ch/slc5_amd64_gcc462/external/py2-cjson/1.0.5/lib/python2.6/site-packages:/cvmfs/cms.cern.ch/slc5_amd64_gcc462/cms/das-client/1.4.1-cms8/bin:/cvmfs/cms.cern.ch/slc5_amd64_gcc462/external/elementtree/1.2.6/share/lib/python2.6/site-packages:/cvmfs/cms.cern.ch/slc5_amd64_gcc462/external/rivet/1.5.1-cms10/lib/python2.6/site-packages:/cvmfs/cms.cern.ch/slc5_amd64_gcc462/external/pyminuit2/0.0.1-cms34/lib/python2.6/site-packages:/cvmfs/cms.cern.ch/slc5_amd64_gcc462/external/professor/1.0.0-cms35/lib/python2.6/site-packages:/cvmfs/cms.cern.ch/slc5_amd64_gcc462/lcg/root/5.32.00-cms18/lib:/cvmfs/cms.cern.ch/slc5_amd64_gcc462/cms/dbs-client/DBS_2_1_1_patch1_1/lib:/cvmfs/cms.cern.ch/slc5_amd64_gcc462/cms/dbs-client/DBS_2_1_1_patch1_1/lib/DBSAPI:/home/cms078/home_creur_155247479/CREAM155247479/glide_H14491/execute/dir_27935/
241a2a19cb7c5c8751ba22759ab3bdb0
PSETHASH = 241a2a19cb7c5c8751ba22759ab3bdb0
/home/cms078/home_creur_155247479/CREAM155247479/glide_H14491/execute/dir_27935/writeCfg.py pset.py pset.py
Importing .py file
Setting parameters
inputBlocks=/QCD_Pt_170_250_BCtoE_TuneZ2star_8TeV_pythia6/mario-Summer12-stop-pfele-step1-3d176ac8da5e9dff208d057f4733ca91/USER#2481c777-c741-4631-bcfb-4b7233a7fdfe
inputFiles=/store/user/mario/QCD_Pt_170_250_BCtoE_TuneZ2star_8TeV_pythia6/Summer12-stop-pfele-step1/3d176ac8da5e9dff208d057f4733ca91/tuple_228_1_BGs.root;/store/user/mario/QCD_Pt_170_250_BCtoE_TuneZ2star_8TeV_pythia6/Summer12-stop-pfele-step1/3d176ac8da5e9dff208d057f4733ca91/tuple_229_2_ZY9.root;/store/user/mario/QCD_Pt_170_250_BCtoE_TuneZ2star_8TeV_pythia6/Summer12-stop-pfele-step1/3d176ac8da5e9dff208d057f4733ca91/tuple_230_1_PKJ.root;/store/user/mario/QCD_Pt_170_250_BCtoE_TuneZ2star_8TeV_pythia6/Summer12-stop-pfele-step1/3d176ac8da5e9dff208d057f4733ca91/tuple_231_1_Wml.root
parentFiles=
lumisRange=
>>> Executable cmsRun
/cvmfs/cms.cern.ch/slc5_amd64_gcc462/cms/cmssw/CMSSW_5_3_5/bin/slc5_amd64_gcc462/cmsRun
ok executable found
>>> info for dashboard:
***** Cat /home/cms078/home_creur_155247479/CREAM155247479/glide_H14491/execute/dir_27935/jobreport.txt *****
MonitorJobID=14_https://submit-2.t2.ucsd.edu//121127//17538.13
MonitorID=liis_crab_0_121127_014046_63dm8n
ExeStart=cmsRun
***** End Cat jobreport *****
Parameters sent to Dashboard.
>>> cmsRun started at Tue Nov 27 01:02:55 UTC 2012
>>> cmsRun ended at Tue Nov 27 01:04:25 UTC 2012
>>> info for dashboard:
***** Cat /home/cms078/home_creur_155247479/CREAM155247479/glide_H14491/execute/dir_27935/jobreport.txt *****
MonitorJobID=14_https://submit-2.t2.ucsd.edu//121127//17538.13
MonitorID=liis_crab_0_121127_014046_63dm8n
ExeEnd=cmsRun
***** End Cat jobreport *****
Parameters sent to Dashboard.
TIME_EXE = 90 sec
>>> cmsRun wrote 39 lines of stdout+stderr
>>> START OF printout of 39 lines from stdout+stderr
27-Nov-2012 03:03:05 EET  Initiating request to open file file:/hdfs/cms/store/user/mario/QCD_Pt_170_250_BCtoE_TuneZ2star_8TeV_pythia6/Summer12-stop-pfele-step1/3d176ac8da5e9dff208d057f4733ca91/tuple_228_1_BGs.root
27-Nov-2012 03:03:11 EET  Successfully opened file file:/hdfs/cms/store/user/mario/QCD_Pt_170_250_BCtoE_TuneZ2star_8TeV_pythia6/Summer12-stop-pfele-step1/3d176ac8da5e9dff208d057f4733ca91/tuple_228_1_BGs.root
Begin processing the 1st record. Run 1, Event 3256389, LumiSection 139 at 27-Nov-2012 03:03:20.563 EET
Begin processing the 1001st record. Run 1, Event 42360694, LumiSection 1801 at 27-Nov-2012 03:03:29.682 EET
Begin processing the 2001st record. Run 1, Event 91207672, LumiSection 3877 at 27-Nov-2012 03:03:33.201 EET
27-Nov-2012 03:03:33 EET  Closed file file:/hdfs/cms/store/user/mario/QCD_Pt_170_250_BCtoE_TuneZ2star_8TeV_pythia6/Summer12-stop-pfele-step1/3d176ac8da5e9dff208d057f4733ca91/tuple_228_1_BGs.root
27-Nov-2012 03:03:33 EET  Initiating request to open file file:/hdfs/cms/store/user/mario/QCD_Pt_170_250_BCtoE_TuneZ2star_8TeV_pythia6/Summer12-stop-pfele-step1/3d176ac8da5e9dff208d057f4733ca91/tuple_229_2_ZY9.root
27-Nov-2012 03:03:34 EET  Successfully opened file file:/hdfs/cms/store/user/mario/QCD_Pt_170_250_BCtoE_TuneZ2star_8TeV_pythia6/Summer12-stop-pfele-step1/3d176ac8da5e9dff208d057f4733ca91/tuple_229_2_ZY9.root
Begin processing the 3001st record. Run 1, Event 38555264, LumiSection 1639 at 27-Nov-2012 03:03:44.760 EET
Begin processing the 4001st record. Run 1, Event 30438154, LumiSection 1294 at 27-Nov-2012 03:03:48.120 EET
27-Nov-2012 03:03:49 EET  Closed file file:/hdfs/cms/store/user/mario/QCD_Pt_170_250_BCtoE_TuneZ2star_8TeV_pythia6/Summer12-stop-pfele-step1/3d176ac8da5e9dff208d057f4733ca91/tuple_229_2_ZY9.root
27-Nov-2012 03:03:49 EET  Initiating request to open file file:/hdfs/cms/store/user/mario/QCD_Pt_170_250_BCtoE_TuneZ2star_8TeV_pythia6/Summer12-stop-pfele-step1/3d176ac8da5e9dff208d057f4733ca91/tuple_230_1_PKJ.root
27-Nov-2012 03:03:49 EET  Successfully opened file file:/hdfs/cms/store/user/mario/QCD_Pt_170_250_BCtoE_TuneZ2star_8TeV_pythia6/Summer12-stop-pfele-step1/3d176ac8da5e9dff208d057f4733ca91/tuple_230_1_PKJ.root
Begin processing the 5001st record. Run 1, Event 51876778, LumiSection 2205 at 27-Nov-2012 03:04:02.413 EET
Begin processing the 6001st record. Run 1, Event 72955022, LumiSection 3101 at 27-Nov-2012 03:04:06.007 EET
27-Nov-2012 03:04:07 EET  Closed file file:/hdfs/cms/store/user/mario/QCD_Pt_170_250_BCtoE_TuneZ2star_8TeV_pythia6/Summer12-stop-pfele-step1/3d176ac8da5e9dff208d057f4733ca91/tuple_230_1_PKJ.root
27-Nov-2012 03:04:07 EET  Initiating request to open file file:/hdfs/cms/store/user/mario/QCD_Pt_170_250_BCtoE_TuneZ2star_8TeV_pythia6/Summer12-stop-pfele-step1/3d176ac8da5e9dff208d057f4733ca91/tuple_231_1_Wml.root
27-Nov-2012 03:04:08 EET  Successfully opened file file:/hdfs/cms/store/user/mario/QCD_Pt_170_250_BCtoE_TuneZ2star_8TeV_pythia6/Summer12-stop-pfele-step1/3d176ac8da5e9dff208d057f4733ca91/tuple_231_1_Wml.root
Begin processing the 7001st record. Run 1, Event 47280566, LumiSection 2010 at 27-Nov-2012 03:04:17.705 EET
Begin processing the 8001st record. Run 1, Event 84048577, LumiSection 3573 at 27-Nov-2012 03:04:21.732 EET
27-Nov-2012 03:04:22 EET  Closed file file:/hdfs/cms/store/user/mario/QCD_Pt_170_250_BCtoE_TuneZ2star_8TeV_pythia6/Summer12-stop-pfele-step1/3d176ac8da5e9dff208d057f4733ca91/tuple_231_1_Wml.root

=============================================

MessageLogger Summary

 type     category        sev    module        subroutine        count    total
 ---- -------------------- -- ---------------- ----------------  -----    -----
    1 fileAction           -s file_close                             4        4
    2 fileAction           -s file_open                              8        8

 type    category    Examples: run/evt        run/evt          run/evt
 ---- -------------------- ---------------- ---------------- ----------------
    1 fileAction           PostProcessEvent PostProcessEvent PostEndRun
    2 fileAction           pre-events       pre-events       PostProcessEvent

Severity    # Occurrences   Total Occurrences
--------    -------------   -----------------
System                 12                  12
>>> END OF printout of 39 lines from stdout+stderr
>>> Parse FrameworkJobReport crab_fjr.xml
Result of parsing the FrameworkJobReport crab_fjr.xml: Popularity start
lumisRange : 1::1830,1894,2010,2199,2282,2506,2628,3332,3573,3575::1;1::139,145,159,163,878,1801,1803,3230,3646,3876-3877::2;1::1255,1294,1636,1639,1641,1739,1836,2742,2879,3877-3878,4135::3;1::1384,1434,1836,1906,1966,2018,2205,2286,2289,3101,3122,3332::4;
lumisParentRange : 
Basename : /store/user/mario/QCD_Pt_170_250_BCtoE_TuneZ2star_8TeV_pythia6/Summer12-stop-pfele-step1/3d176ac8da5e9dff208d057f4733ca91/tuple_2
BasenameParent : 
parentFiles : 
inputBlocks : /QCD_Pt_170_250_BCtoE_TuneZ2star_8TeV_pythia6/mario-Summer12-stop-pfele-step1-3d176ac8da5e9dff208d057f4733ca91/USER#2481c777-c741-4631-bcfb-4b7233a7fdfe
inputFiles : 31_1_Wml.root::1::EDM::Local::1;28_1_BGs.root::1::EDM::Local::2;29_2_ZY9.root::1::EDM::Local::3;30_1_PKJ.root::1::EDM::Local::4;
Popularity stop
Extracted ExitStatus from FrameworkJobReport parsing output: 0
>>> Executable succeded  0
ExeExitCode=0
EXECUTABLE_EXIT_STATUS = 0
>>> current directory /home/cms078/home_creur_155247479/CREAM155247479/glide_H14491/execute/dir_27935/CMSSW_5_3_5
>>>  (SOFTWARE_DIR): /home/cms078/home_creur_155247479/CREAM155247479/glide_H14491/execute/dir_27935/CMSSW_5_3_5
>>> (WORKING_DIR): 
>>> current directory content:
total 148
drwxr-xr-x 3 cms078 cms  4096 Nov 27 03:02 .SCRAM
-rw-r--r-- 1 cms078 cms 30066 Nov 27 03:02 CMSSW.py.pkl
drwxr-xr-x 3 cms078 cms  4096 Nov 27 03:02 bin
drwxr-xr-x 3 cms078 cms  4096 Nov 27 03:02 cfipython
drwxr-xr-x 5 cms078 cms  4096 Nov 27 03:02 config
-rw-r--r-- 1 cms078 cms    15 Nov 27 03:04 cpu_timing.txt
drwxr-xr-x 2 cms078 cms  4096 Nov 27 03:02 doc
-rw-r--r-- 1 cms078 cms  4269 Nov 27 03:04 executable.out
drwxr-xr-x 2 cms078 cms  4096 Nov 27 03:02 include
drwxrwxrwx 3 cms078 cms  4096 Oct 22 16:38 lib
drwxr-xr-x 3 cms078 cms  4096 Nov 27 03:02 logs
drwxr-xr-x 3 cms078 cms  4096 Nov 27 03:02 objs
-rw-r--r-- 1 cms078 cms 16438 Nov 27 03:04 optHistograms.root
-rw-r--r-- 1 cms078 cms   104 Nov 27 03:02 pset.py
-rw-r--r-- 1 cms078 cms 19327 Nov 27 03:02 pset.py.pkl
-rw-r--r-- 1 cms078 cms   289 Nov 27 03:02 pset.pyc
drwxr-xr-x 2 cms078 cms  4096 Nov 27 03:02 python
-rw-r--r-- 1 cms078 cms   420 Nov 27 03:04 report.log
drwxrwxrwx 4 cms078 cms  4096 Nov 27 03:02 src
drwxr-xr-x 3 cms078 cms  4096 Nov 27 03:02 test
drwxr-xr-x 3 cms078 cms  4096 Nov 27 03:02 tmp
>>> current directory /home/cms078/home_creur_155247479/CREAM155247479/glide_H14491/execute/dir_27935/CMSSW_5_3_5
>>> (SOFTWARE_DIR): /home/cms078/home_creur_155247479/CREAM155247479/glide_H14491/execute/dir_27935/CMSSW_5_3_5
>>> (WORKING_DIR): 
>>> current directory content:
total 128
drwxr-xr-x 3 cms078 cms  4096 Nov 27 03:02 .SCRAM
-rw-r--r-- 1 cms078 cms 30066 Nov 27 03:02 CMSSW.py.pkl
drwxr-xr-x 3 cms078 cms  4096 Nov 27 03:02 bin
drwxr-xr-x 3 cms078 cms  4096 Nov 27 03:02 cfipython
drwxr-xr-x 5 cms078 cms  4096 Nov 27 03:02 config
-rw-r--r-- 1 cms078 cms    15 Nov 27 03:04 cpu_timing.txt
drwxr-xr-x 2 cms078 cms  4096 Nov 27 03:02 doc
-rw-r--r-- 1 cms078 cms  4269 Nov 27 03:04 executable.out
drwxr-xr-x 2 cms078 cms  4096 Nov 27 03:02 include
drwxrwxrwx 3 cms078 cms  4096 Oct 22 16:38 lib
drwxr-xr-x 3 cms078 cms  4096 Nov 27 03:02 logs
drwxr-xr-x 3 cms078 cms  4096 Nov 27 03:02 objs
-rw-r--r-- 1 cms078 cms   104 Nov 27 03:02 pset.py
-rw-r--r-- 1 cms078 cms 19327 Nov 27 03:02 pset.py.pkl
-rw-r--r-- 1 cms078 cms   289 Nov 27 03:02 pset.pyc
drwxr-xr-x 2 cms078 cms  4096 Nov 27 03:02 python
-rw-r--r-- 1 cms078 cms   420 Nov 27 03:04 report.log
drwxrwxrwx 4 cms078 cms  4096 Nov 27 03:02 src
drwxr-xr-x 3 cms078 cms  4096 Nov 27 03:02 test
drwxr-xr-x 3 cms078 cms  4096 Nov 27 03:02 tmp
>>> current directory (RUNTIME_AREA):  /home/cms078/home_creur_155247479/CREAM155247479/glide_H14491/execute/dir_27935
>>> current dir: /home/cms078/home_creur_155247479/CREAM155247479/glide_H14491/execute/dir_27935
>>> current dir content:
total 25748
-rw-rw-rw-  1 cms078 cms     5603 Nov 27 03:02 .job.ad
-rw-rw-rw-  1 cms078 cms    11433 Nov 27 03:02 .machine.ad
-rw-rw-rw-  1 cms078 cms      105 Nov 27 01:41 CMSSW.py
-rw-rw-rw-  1 cms078 cms    30066 Nov 27 01:41 CMSSW.py.pkl
-rwxrw-rw-  1 cms078 cms    23331 Nov 27 03:02 CMSSW.sh
-rw-rw-rw-  1 cms078 cms        0 Nov 27 03:02 CMSSW_14.stderr
-rw-rw-rw-  1 cms078 cms    16343 Nov 27 03:04 CMSSW_14.stdout
drwxr-xr-x 15 cms078 cms     4096 Nov 27 03:04 CMSSW_5_3_5
-rw-r--r--  1 cms078 cms      347 Nov 27 03:02 CacheEnv.sh
-rw-rw-rw-  1 cms078 cms     7291 Jun  9  2010 DashboardAPI.py
-rw-r--r--  1 cms078 cms     6883 Nov 27 03:02 DashboardAPI.pyc
drwxrwxrwx  3 cms078 cms     4096 Nov 27 03:04 IMProv
-rw-rw-rw-  1 cms078 cms     2748 Mar  8  2006 Logger.py
-rw-r--r--  1 cms078 cms     3353 Nov 27 03:02 Logger.pyc
-rw-rw-rw-  1 cms078 cms    24524 Mar 28  2008 ProcInfo.py
-rw-r--r--  1 cms078 cms    23470 Nov 27 03:02 ProcInfo.pyc
drwxrwxrwx  7 cms078 cms     4096 Nov 27 03:02 ProdCommon
drwxrwxrwx  3 cms078 cms     4096 Nov 27 03:02 WMCore
-rw-r--r--  1 cms078 cms     1208 Nov 27 03:03 Watchdog_14.log
-rw-rw-rw-  1 cms078 cms    32895 Mar 28  2008 apmon.py
-rw-r--r--  1 cms078 cms    28874 Nov 27 03:02 apmon.pyc
-rw-rw-rw-  1 cms078 cms    95368 Nov 27 03:02 arguments.xml
-rwxrwxrwx  1 cms078 cms    37427 Sep 13 14:14 cmscp.py
-rwxrwxrwx  1 cms078 cms    23331 Nov 27 03:02 condor_exec.exe
-rw-rw-rw-  1 cms078 cms      541 Nov 27 01:40 crab.cfg
-rwxrwxrwx  1 cms078 cms     9531 Sep 20 21:46 crabWatchdog.sh
-rw-r--r--  1 cms078 cms    26817 Nov 27 03:04 crab_fjr_14.xml
-rw-rw-rw-  1 cms078 cms 25796290 Nov 27 03:02 default.tgz
-rwxrwxrwx  1 cms078 cms     4488 May 12  2012 fillCrabFjr.py
-rw-r--r--  1 cms078 cms      773 Nov 27 03:02 inputsReport.txt
-rw-r--r--  1 cms078 cms      131 Nov 27 03:04 jobreport.txt
lrwxrwxrwx  1 cms078 cms      107 Nov 27 03:04 optHistograms.root -> /home/cms078/home_creur_155247479/CREAM155247479/glide_H14491/execute/dir_27935/optHistograms_14_1_Q2i.root
-rw-r--r--  1 cms078 cms    16438 Nov 27 03:04 optHistograms_14_1_Q2i.root
-rw-rw-rw-  1 cms078 cms    17352 Jan 20  2012 parseCrabFjr.py
-rw-r--r--  1 cms078 cms      285 Nov 27 03:02 report.log
-rwxrwxrwx  1 cms078 cms     1497 May 27  2009 report.py
-rwxrwxrwx  1 cms078 cms     8387 Mar 23  2011 writeCfg.py
-rw-------  1 cms078 cms     8691 Nov 27 03:02 x509up_u1000009
Checking output files:  
will tar file optHistograms_14_1_Q2i.root in  out_files_14
will tar file crab_fjr_14.xml in  out_files_14
will tar file CMSSW_14.stdout in  out_files_14
will tar file CMSSW_14.stderr in  out_files_14
WARNING: output file Watchdog_14.log.gz not found!
>>> padding time: Sleeping the wrapper for 477 seconds
STOPPING WATCHDOG. CrabWatchdog PID is 979
********** LAST 50 LINES OF WATCHDOG LOG
# RESOURCE USAGE SUMMARY FOR PROCESS ID 31251
USER       PID %CPU %MEM    VSZ   RSS TTY      STAT START   TIME COMMAND
cms078   31251  0.2  0.0   8956  1484 ?        S    03:02   0:00 /bin/sh /home/cms078/home_creur_155247479/CREAM155247479/glide_H14491/execute/dir_27935/condor_exec.exe 14 1
 
# LIMITS USED BY THIS WATCHDOG:
# RSS  (KBytes)  : 2300000
# VSZ  (KBytes)  : 100000000
# DISK (MBytes)  : 19000
# CPU  (seconds) : 171600
# WALL (seconds) : 171600
 
# FOLLOWING PRINTOUT TRACKS MAXIMUM VALUES OF RESOURCES USE
# ONE LINE IS PRINTED EACH TIME A MAXIMUM CHANGES
# IF CHANGE WAS IN RSS OR VSZ ALSO PROCID AND COMMAND ARE PRINTED
# THERE IS NO PRINTOUT FOR CPU/WALL TIME INCREASE
 
# TIME			PID	RSS(KB)	VSZ(KB)	Dsk(MB)	tCPU(s)	tWALL(s)	COMMAND
 Nov 27 03:02:47 EET	979	1380	8840	0	0	0	/bin/bash /home/cms078/home_creur_155247479/CREAM155247479/glide_H14491/execute/dir_27935/crabWatchdog.sh        
 Nov 27 03:02:47 EET	995	21020	84728	0	0	1	edmConfigHash pset.py        
 Nov 27 03:02:47 EET	---	21020	84728	168	----	----	----
 Nov 27 03:03:51 EET	1581	327440	500072	168	28	58	cmsRun -j /home/cms078/home_creur_155247479/CREAM155247479/glide_H14491/execute/dir_27935/crab_fjr_14.xml -p pset.py     
 Nov 27 03:04:55 EET	---	327440	500072	169	----	----	----
********** WATCHDOG LOG ENDED
ZIPPING WATCHDOG LOG
Disk space used:
du -sh /home/cms078/home_creur_155247479/CREAM155247479/glide_H14491/execute/dir_27935
169M	/home/cms078/home_creur_155247479/CREAM155247479/glide_H14491/execute/dir_27935
>>> info for dashboard:
***** Cat /home/cms078/home_creur_155247479/CREAM155247479/glide_H14491/execute/dir_27935/jobreport.txt *****
MonitorJobID=14_https://submit-2.t2.ucsd.edu//121127//17538.13
MonitorID=liis_crab_0_121127_014046_63dm8n
ExeTime=90
ExeExitCode=0
CrabUserCpuTime=39.76
CrabSysCpuTime=4.46
CrabCpuPercentage=49%
CrabWrapperTime=600
CrabStageoutTime=NULL
***** End Cat jobreport *****
Parameters sent to Dashboard.
optHistograms_14_1_Q2i.root
crab_fjr_14.xml
CMSSW_14.stdout
CMSSW_14.stderr
Watchdog_14.log.gz
tar: .BrokerInfo: Cannot stat: No such file or directory
tar: Error exit delayed from previous errors
Total Output dimension: 17878
WARNING: output files size limit is set to: 50000000
Total Output dimension 17878 is fine.
JOB_EXIT_STATUS = 0
>>> info for dashboard:
***** Cat /home/cms078/home_creur_155247479/CREAM155247479/glide_H14491/execute/dir_27935/jobreport.txt *****
MonitorJobID=14_https://submit-2.t2.ucsd.edu//121127//17538.13
MonitorID=liis_crab_0_121127_014046_63dm8n
JobExitCode=0
***** End Cat jobreport *****
Parameters sent to Dashboard.
optHistograms_14_1_Q2i.root
crab_fjr_14.xml
