This script was generated by crab (version 2.8.3).
Running /home/cms067/home_crobe_863131638/CREAM863131638/glide_Mk5245/execute/dir_12779/condor_exec.exe with 2 positional parameters: 1 1
Today is Tue Nov 27 03:02:26 EET 2012
Job submitted on host wn-v-4664.local
Linux wn-v-4664.local 2.6.32-042stab059.7 #1 SMP Tue Jul 24 19:12:01 MSK 2012 x86_64 x86_64 x86_64 GNU/Linux
>>> current directory (RUNTIME_AREA): /home/cms067/home_crobe_863131638/CREAM863131638/glide_Mk5245/execute/dir_12779
>>> current user: uid=11067(cms067) gid=1400(cms) groups=1400(cms)
>>> voms proxy information:
subject   : /DC=ch/DC=cern/OU=Organic Units/OU=Users/CN=liis/CN=663550/CN=Liis Rebane/CN=proxy/CN=limited proxy
issuer    : /DC=ch/DC=cern/OU=Organic Units/OU=Users/CN=liis/CN=663550/CN=Liis Rebane/CN=proxy
identity  : /DC=ch/DC=cern/OU=Organic Units/OU=Users/CN=liis/CN=663550/CN=Liis Rebane/CN=proxy
type      : limited proxy
strength  : 512 bits
path      : /home/cms067/home_crobe_863131638/CREAM863131638/glide_Mk5245/execute/dir_12779/x509up_u1000009
timeleft  : 23:59:54
key usage : Digital Signature, Key Encipherment, Data Encipherment
=== VO cms extension information ===
VO        : cms
subject   : /DC=ch/DC=cern/OU=Organic Units/OU=Users/CN=liis/CN=663550/CN=Liis Rebane
issuer    : /DC=ch/DC=cern/OU=computers/CN=lcg-voms.cern.ch
attribute : /cms/Role=NULL/Capability=NULL
timeleft  : 190:23:11
uri       : lcg-voms.cern.ch:15002
>>> tar xzf /home/cms067/home_crobe_863131638/CREAM863131638/glide_Mk5245/execute/dir_12779/default.tgz :
Successful untar
>>> Include /home/cms067/home_crobe_863131638/CREAM863131638/glide_Mk5245/execute/dir_12779 in PYTHONPATH:
strip arguments
env var CRAB_UNIQUE_JOB_ID set to: liis_crab_0_121127_014046_63dm8n_1_1_Lt2
out_files_1
>>> list of expected files on output sandbox
output files: optHistograms_1_1_Lt2.root crab_fjr_1.xml CMSSW_1.stdout CMSSW_1.stderr Watchdog_1.log.gz
>>> GridFlavour discovery: 
GridFlavour=LCG
>>> SyncSite discovery: 
SyncSite=T2_EE_Estonia
>>> SyncCE discovery: 
getting SyncCE from CE_ID
SyncCE=oberon.hep.kbfi.ee:8443/cream-pbs-long
>>> info for dashboard:
***** Cat /home/cms067/home_crobe_863131638/CREAM863131638/glide_Mk5245/execute/dir_12779/jobreport.txt *****
MonitorJobID=1_https://submit-2.t2.ucsd.edu//121127//17538.0
SyncGridJobId=https://submit-2.t2.ucsd.edu//121127//17538.0
MonitorID=liis_crab_0_121127_014046_63dm8n
GridFlavour=LCG
SyncSite=T2_EE_Estonia
SyncCE=oberon.hep.kbfi.ee:8443/cream-pbs-long
***** End Cat jobreport *****
Parameters sent to Dashboard.
>>> setup environment
set SCRAM ARCH to slc5_amd64_gcc462
SCRAM_ARCH = slc5_amd64_gcc462
>>> setup CMS LCG environment:
set SCRAM ARCH and BUILD_ARCH to slc5_amd64_gcc462 ###
Sourcing environment... 
sourcing /cvmfs/cms.cern.ch/cmsset_default.sh
==> setup cms environment ok
>>> specific cmssw setup environment:
CMSSW_VERSION =  CMSSW_5_3_5
>>> current directory (SOFTWARE_DIR): /home/cms067/home_crobe_863131638/CREAM863131638/glide_Mk5245/execute/dir_12779/CMSSW_5_3_5
PreserveSeeds: <>
IncrementSeeds:<>
{}
WNHostName=wn-v-4664.local
>>> info for dashboard:
***** Cat /home/cms067/home_crobe_863131638/CREAM863131638/glide_Mk5245/execute/dir_12779/jobreport.txt *****
MonitorJobID=1_https://submit-2.t2.ucsd.edu//121127//17538.0
MonitorID=liis_crab_0_121127_014046_63dm8n
WNHostName=wn-v-4664.local
***** End Cat jobreport *****
Parameters sent to Dashboard.
crabWatchdog started as process 17026
>>> moving CMSSW software directories in /home/cms067/home_crobe_863131638/CREAM863131638/glide_Mk5245/execute/dir_12779/CMSSW_5_3_5
mv: cannot stat `/home/cms067/home_crobe_863131638/CREAM863131638/glide_Mk5245/execute/dir_12779/module/': No such file or directory
>>> Include /home/cms067/home_crobe_863131638/CREAM863131638/glide_Mk5245/execute/dir_12779 in PYTHONPATH:
PYTHONPATH=/home/cms067/home_crobe_863131638/CREAM863131638/glide_Mk5245/execute/dir_12779/:/home/cms067/home_crobe_863131638/CREAM863131638/glide_Mk5245/execute/dir_12779/CMSSW_5_3_5/python:/home/cms067/home_crobe_863131638/CREAM863131638/glide_Mk5245/execute/dir_12779/CMSSW_5_3_5/lib/slc5_amd64_gcc462:/cvmfs/cms.cern.ch/slc5_amd64_gcc462/cms/cmssw/CMSSW_5_3_5/python:/cvmfs/cms.cern.ch/slc5_amd64_gcc462/cms/cmssw/CMSSW_5_3_5/lib/slc5_amd64_gcc462:/cvmfs/cms.cern.ch/slc5_amd64_gcc462/cms/coral/CORAL_2_3_21-cms27/slc5_amd64_gcc462/python:/cvmfs/cms.cern.ch/slc5_amd64_gcc462/cms/coral/CORAL_2_3_21-cms27/slc5_amd64_gcc462/lib:/cvmfs/cms.cern.ch/slc5_amd64_gcc462/external/pyqt/4.8.1/lib/python2.6/site-packages:/cvmfs/cms.cern.ch/slc5_amd64_gcc462/external/py2-scipy/0.8.0/lib/python2.6/site-packages:/cvmfs/cms.cern.ch/slc5_amd64_gcc462/external/py2-matplotlib/1.0.1/lib/python2.6/site-packages:/cvmfs/cms.cern.ch/slc5_amd64_gcc462/external/python-ldap/2.3.5/lib/python2.6/site-packages:/cvmfs/cms.cern.ch/slc5_amd64_gcc462/external/sip/4.11.2/lib/python2.6/site-packages:/cvmfs/cms.cern.ch/slc5_amd64_gcc462/external/py2-pycurl/7.19.0/lib/python2.6/site-packages:/cvmfs/cms.cern.ch/slc5_amd64_gcc462/external/py2-numpy/1.6.1/lib/python2.6/site-packages:/cvmfs/cms.cern.ch/slc5_amd64_gcc462/external/py2-ipython/0.10/lib/python2.6/site-packages:/cvmfs/cms.cern.ch/slc5_amd64_gcc462/external/py2-cx-oracle/5.1-cms11/lib/python2.6/site-packages:/cvmfs/cms.cern.ch/slc5_amd64_gcc462/external/py2-cjson/1.0.5/lib/python2.6/site-packages:/cvmfs/cms.cern.ch/slc5_amd64_gcc462/cms/das-client/1.4.1-cms8/bin:/cvmfs/cms.cern.ch/slc5_amd64_gcc462/external/elementtree/1.2.6/share/lib/python2.6/site-packages:/cvmfs/cms.cern.ch/slc5_amd64_gcc462/external/rivet/1.5.1-cms10/lib/python2.6/site-packages:/cvmfs/cms.cern.ch/slc5_amd64_gcc462/external/pyminuit2/0.0.1-cms34/lib/python2.6/site-packages:/cvmfs/cms.cern.ch/slc5_amd64_gcc462/external/professor/1.0.0-cms35/lib/python2.6/site-packages:/cvmfs/cms.cern.ch/slc5_amd64_gcc462/lcg/root/5.32.00-cms18/lib:/cvmfs/cms.cern.ch/slc5_amd64_gcc462/cms/dbs-client/DBS_2_1_1_patch1_1/lib:/cvmfs/cms.cern.ch/slc5_amd64_gcc462/cms/dbs-client/DBS_2_1_1_patch1_1/lib/DBSAPI:/home/cms067/home_crobe_863131638/CREAM863131638/glide_Mk5245/execute/dir_12779/
241a2a19cb7c5c8751ba22759ab3bdb0
PSETHASH = 241a2a19cb7c5c8751ba22759ab3bdb0
/home/cms067/home_crobe_863131638/CREAM863131638/glide_Mk5245/execute/dir_12779/writeCfg.py pset.py pset.py
Importing .py file
Setting parameters
inputBlocks=/QCD_Pt_170_250_BCtoE_TuneZ2star_8TeV_pythia6/mario-Summer12-stop-pfele-step1-3d176ac8da5e9dff208d057f4733ca91/USER#2481c777-c741-4631-bcfb-4b7233a7fdfe
inputFiles=/store/user/mario/QCD_Pt_170_250_BCtoE_TuneZ2star_8TeV_pythia6/Summer12-stop-pfele-step1/3d176ac8da5e9dff208d057f4733ca91/tuple_4_1_7Aa.root;/store/user/mario/QCD_Pt_170_250_BCtoE_TuneZ2star_8TeV_pythia6/Summer12-stop-pfele-step1/3d176ac8da5e9dff208d057f4733ca91/tuple_8_1_zMn.root;/store/user/mario/QCD_Pt_170_250_BCtoE_TuneZ2star_8TeV_pythia6/Summer12-stop-pfele-step1/3d176ac8da5e9dff208d057f4733ca91/tuple_13_1_UrX.root;/store/user/mario/QCD_Pt_170_250_BCtoE_TuneZ2star_8TeV_pythia6/Summer12-stop-pfele-step1/3d176ac8da5e9dff208d057f4733ca91/tuple_17_1_lst.root
parentFiles=
lumisRange=
>>> Executable cmsRun
/cvmfs/cms.cern.ch/slc5_amd64_gcc462/cms/cmssw/CMSSW_5_3_5/bin/slc5_amd64_gcc462/cmsRun
ok executable found
>>> info for dashboard:
***** Cat /home/cms067/home_crobe_863131638/CREAM863131638/glide_Mk5245/execute/dir_12779/jobreport.txt *****
MonitorJobID=1_https://submit-2.t2.ucsd.edu//121127//17538.0
MonitorID=liis_crab_0_121127_014046_63dm8n
ExeStart=cmsRun
***** End Cat jobreport *****
Parameters sent to Dashboard.
>>> cmsRun started at Tue Nov 27 01:02:46 UTC 2012
>>> cmsRun ended at Tue Nov 27 01:03:56 UTC 2012
>>> info for dashboard:
***** Cat /home/cms067/home_crobe_863131638/CREAM863131638/glide_Mk5245/execute/dir_12779/jobreport.txt *****
MonitorJobID=1_https://submit-2.t2.ucsd.edu//121127//17538.0
MonitorID=liis_crab_0_121127_014046_63dm8n
ExeEnd=cmsRun
***** End Cat jobreport *****
Parameters sent to Dashboard.
TIME_EXE = 70 sec
>>> cmsRun wrote 39 lines of stdout+stderr
>>> START OF printout of 39 lines from stdout+stderr
27-Nov-2012 03:02:56 EET  Initiating request to open file file:/hdfs/cms/store/user/mario/QCD_Pt_170_250_BCtoE_TuneZ2star_8TeV_pythia6/Summer12-stop-pfele-step1/3d176ac8da5e9dff208d057f4733ca91/tuple_4_1_7Aa.root
27-Nov-2012 03:03:02 EET  Successfully opened file file:/hdfs/cms/store/user/mario/QCD_Pt_170_250_BCtoE_TuneZ2star_8TeV_pythia6/Summer12-stop-pfele-step1/3d176ac8da5e9dff208d057f4733ca91/tuple_4_1_7Aa.root
Begin processing the 1st record. Run 1, Event 68025672, LumiSection 2892 at 27-Nov-2012 03:03:10.575 EET
Begin processing the 1001st record. Run 1, Event 91105196, LumiSection 3873 at 27-Nov-2012 03:03:18.042 EET
Begin processing the 2001st record. Run 1, Event 10187828, LumiSection 433 at 27-Nov-2012 03:03:21.220 EET
27-Nov-2012 03:03:22 EET  Closed file file:/hdfs/cms/store/user/mario/QCD_Pt_170_250_BCtoE_TuneZ2star_8TeV_pythia6/Summer12-stop-pfele-step1/3d176ac8da5e9dff208d057f4733ca91/tuple_4_1_7Aa.root
27-Nov-2012 03:03:22 EET  Initiating request to open file file:/hdfs/cms/store/user/mario/QCD_Pt_170_250_BCtoE_TuneZ2star_8TeV_pythia6/Summer12-stop-pfele-step1/3d176ac8da5e9dff208d057f4733ca91/tuple_8_1_zMn.root
27-Nov-2012 03:03:22 EET  Successfully opened file file:/hdfs/cms/store/user/mario/QCD_Pt_170_250_BCtoE_TuneZ2star_8TeV_pythia6/Summer12-stop-pfele-step1/3d176ac8da5e9dff208d057f4733ca91/tuple_8_1_zMn.root
Begin processing the 3001st record. Run 1, Event 41148115, LumiSection 1749 at 27-Nov-2012 03:03:28.057 EET
Begin processing the 4001st record. Run 1, Event 33806714, LumiSection 1437 at 27-Nov-2012 03:03:31.353 EET
27-Nov-2012 03:03:32 EET  Closed file file:/hdfs/cms/store/user/mario/QCD_Pt_170_250_BCtoE_TuneZ2star_8TeV_pythia6/Summer12-stop-pfele-step1/3d176ac8da5e9dff208d057f4733ca91/tuple_8_1_zMn.root
27-Nov-2012 03:03:32 EET  Initiating request to open file file:/hdfs/cms/store/user/mario/QCD_Pt_170_250_BCtoE_TuneZ2star_8TeV_pythia6/Summer12-stop-pfele-step1/3d176ac8da5e9dff208d057f4733ca91/tuple_13_1_UrX.root
27-Nov-2012 03:03:32 EET  Successfully opened file file:/hdfs/cms/store/user/mario/QCD_Pt_170_250_BCtoE_TuneZ2star_8TeV_pythia6/Summer12-stop-pfele-step1/3d176ac8da5e9dff208d057f4733ca91/tuple_13_1_UrX.root
Begin processing the 5001st record. Run 1, Event 95326342, LumiSection 4052 at 27-Nov-2012 03:03:40.712 EET
Begin processing the 6001st record. Run 1, Event 7510160, LumiSection 320 at 27-Nov-2012 03:03:44.100 EET
27-Nov-2012 03:03:45 EET  Closed file file:/hdfs/cms/store/user/mario/QCD_Pt_170_250_BCtoE_TuneZ2star_8TeV_pythia6/Summer12-stop-pfele-step1/3d176ac8da5e9dff208d057f4733ca91/tuple_13_1_UrX.root
27-Nov-2012 03:03:45 EET  Initiating request to open file file:/hdfs/cms/store/user/mario/QCD_Pt_170_250_BCtoE_TuneZ2star_8TeV_pythia6/Summer12-stop-pfele-step1/3d176ac8da5e9dff208d057f4733ca91/tuple_17_1_lst.root
27-Nov-2012 03:03:45 EET  Successfully opened file file:/hdfs/cms/store/user/mario/QCD_Pt_170_250_BCtoE_TuneZ2star_8TeV_pythia6/Summer12-stop-pfele-step1/3d176ac8da5e9dff208d057f4733ca91/tuple_17_1_lst.root
Begin processing the 7001st record. Run 1, Event 90959586, LumiSection 3866 at 27-Nov-2012 03:03:50.650 EET
Begin processing the 8001st record. Run 1, Event 26369677, LumiSection 1121 at 27-Nov-2012 03:03:54.397 EET
27-Nov-2012 03:03:55 EET  Closed file file:/hdfs/cms/store/user/mario/QCD_Pt_170_250_BCtoE_TuneZ2star_8TeV_pythia6/Summer12-stop-pfele-step1/3d176ac8da5e9dff208d057f4733ca91/tuple_17_1_lst.root

=============================================

MessageLogger Summary

 type     category        sev    module        subroutine        count    total
 ---- -------------------- -- ---------------- ----------------  -----    -----
    1 fileAction           -s file_close                             4        4
    2 fileAction           -s file_open                              8        8

 type    category    Examples: run/evt        run/evt          run/evt
 ---- -------------------- ---------------- ---------------- ----------------
    1 fileAction           PostProcessEvent PostProcessEvent PostEndRun
    2 fileAction           pre-events       pre-events       PostProcessEvent

Severity    # Occurrences   Total Occurrences
--------    -------------   -----------------
System                 12                  12
>>> END OF printout of 39 lines from stdout+stderr
>>> Parse FrameworkJobReport crab_fjr.xml
Result of parsing the FrameworkJobReport crab_fjr.xml: Popularity start
lumisRange : 1::433-434,2892,2898,2901,2981,3446,3873,3960-3961,3966::1;1::1119,1121,3307-3308,3399,3863,3866,3869,3939,3945::2;1::1349,1361,1365,1397,1437,1646,1656,1749-1750,2770,3770::3;1::306,308,317,320,324,636,3518,3679,3786,4052-4053::4;
lumisParentRange : 
Basename : /store/user/mario/QCD_Pt_170_250_BCtoE_TuneZ2star_8TeV_pythia6/Summer12-stop-pfele-step1/3d176ac8da5e9dff208d057f4733ca91/tuple_
BasenameParent : 
parentFiles : 
inputBlocks : /QCD_Pt_170_250_BCtoE_TuneZ2star_8TeV_pythia6/mario-Summer12-stop-pfele-step1-3d176ac8da5e9dff208d057f4733ca91/USER#2481c777-c741-4631-bcfb-4b7233a7fdfe
inputFiles : 4_1_7Aa.root::1::EDM::Local::1;17_1_lst.root::1::EDM::Local::2;8_1_zMn.root::1::EDM::Local::3;13_1_UrX.root::1::EDM::Local::4;
Popularity stop
Extracted ExitStatus from FrameworkJobReport parsing output: 0
>>> Executable succeded  0
ExeExitCode=0
EXECUTABLE_EXIT_STATUS = 0
>>> current directory /home/cms067/home_crobe_863131638/CREAM863131638/glide_Mk5245/execute/dir_12779/CMSSW_5_3_5
>>>  (SOFTWARE_DIR): /home/cms067/home_crobe_863131638/CREAM863131638/glide_Mk5245/execute/dir_12779/CMSSW_5_3_5
>>> (WORKING_DIR): 
>>> current directory content:
total 148
drwxr-xr-x 3 cms067 cms  4096 Nov 27 03:02 .SCRAM
-rw-r--r-- 1 cms067 cms 30066 Nov 27 03:02 CMSSW.py.pkl
drwxr-xr-x 3 cms067 cms  4096 Nov 27 03:02 bin
drwxr-xr-x 3 cms067 cms  4096 Nov 27 03:02 cfipython
drwxr-xr-x 5 cms067 cms  4096 Nov 27 03:02 config
-rw-r--r-- 1 cms067 cms    15 Nov 27 03:03 cpu_timing.txt
drwxr-xr-x 2 cms067 cms  4096 Nov 27 03:02 doc
-rw-r--r-- 1 cms067 cms  4250 Nov 27 03:03 executable.out
drwxr-xr-x 2 cms067 cms  4096 Nov 27 03:02 include
drwxrwxrwx 3 cms067 cms  4096 Oct 22 16:38 lib
drwxr-xr-x 3 cms067 cms  4096 Nov 27 03:02 logs
drwxr-xr-x 3 cms067 cms  4096 Nov 27 03:02 objs
-rw-r--r-- 1 cms067 cms 16531 Nov 27 03:03 optHistograms.root
-rw-r--r-- 1 cms067 cms   104 Nov 27 03:02 pset.py
-rw-r--r-- 1 cms067 cms 19316 Nov 27 03:02 pset.py.pkl
-rw-r--r-- 1 cms067 cms   289 Nov 27 03:02 pset.pyc
drwxr-xr-x 2 cms067 cms  4096 Nov 27 03:02 python
-rw-r--r-- 1 cms067 cms   414 Nov 27 03:03 report.log
drwxrwxrwx 4 cms067 cms  4096 Nov 27 03:02 src
drwxr-xr-x 3 cms067 cms  4096 Nov 27 03:02 test
drwxr-xr-x 3 cms067 cms  4096 Nov 27 03:02 tmp
>>> current directory /home/cms067/home_crobe_863131638/CREAM863131638/glide_Mk5245/execute/dir_12779/CMSSW_5_3_5
>>> (SOFTWARE_DIR): /home/cms067/home_crobe_863131638/CREAM863131638/glide_Mk5245/execute/dir_12779/CMSSW_5_3_5
>>> (WORKING_DIR): 
>>> current directory content:
total 128
drwxr-xr-x 3 cms067 cms  4096 Nov 27 03:02 .SCRAM
-rw-r--r-- 1 cms067 cms 30066 Nov 27 03:02 CMSSW.py.pkl
drwxr-xr-x 3 cms067 cms  4096 Nov 27 03:02 bin
drwxr-xr-x 3 cms067 cms  4096 Nov 27 03:02 cfipython
drwxr-xr-x 5 cms067 cms  4096 Nov 27 03:02 config
-rw-r--r-- 1 cms067 cms    15 Nov 27 03:03 cpu_timing.txt
drwxr-xr-x 2 cms067 cms  4096 Nov 27 03:02 doc
-rw-r--r-- 1 cms067 cms  4250 Nov 27 03:03 executable.out
drwxr-xr-x 2 cms067 cms  4096 Nov 27 03:02 include
drwxrwxrwx 3 cms067 cms  4096 Oct 22 16:38 lib
drwxr-xr-x 3 cms067 cms  4096 Nov 27 03:02 logs
drwxr-xr-x 3 cms067 cms  4096 Nov 27 03:02 objs
-rw-r--r-- 1 cms067 cms   104 Nov 27 03:02 pset.py
-rw-r--r-- 1 cms067 cms 19316 Nov 27 03:02 pset.py.pkl
-rw-r--r-- 1 cms067 cms   289 Nov 27 03:02 pset.pyc
drwxr-xr-x 2 cms067 cms  4096 Nov 27 03:02 python
-rw-r--r-- 1 cms067 cms   414 Nov 27 03:03 report.log
drwxrwxrwx 4 cms067 cms  4096 Nov 27 03:02 src
drwxr-xr-x 3 cms067 cms  4096 Nov 27 03:02 test
drwxr-xr-x 3 cms067 cms  4096 Nov 27 03:02 tmp
>>> current directory (RUNTIME_AREA):  /home/cms067/home_crobe_863131638/CREAM863131638/glide_Mk5245/execute/dir_12779
>>> current dir: /home/cms067/home_crobe_863131638/CREAM863131638/glide_Mk5245/execute/dir_12779
>>> current dir content:
total 25748
-rw-rw-rw-  1 cms067 cms     5593 Nov 27 03:02 .job.ad
-rw-rw-rw-  1 cms067 cms    11518 Nov 27 03:02 .machine.ad
-rw-rw-rw-  1 cms067 cms      105 Nov 27 01:41 CMSSW.py
-rw-rw-rw-  1 cms067 cms    30066 Nov 27 01:41 CMSSW.py.pkl
-rwxrw-rw-  1 cms067 cms    23331 Nov 27 03:02 CMSSW.sh
-rw-rw-rw-  1 cms067 cms        0 Nov 27 03:02 CMSSW_1.stderr
-rw-rw-rw-  1 cms067 cms    16287 Nov 27 03:04 CMSSW_1.stdout
drwxr-xr-x 15 cms067 cms     4096 Nov 27 03:04 CMSSW_5_3_5
-rw-r--r--  1 cms067 cms      347 Nov 27 03:02 CacheEnv.sh
-rw-rw-rw-  1 cms067 cms     7291 Jun  9  2010 DashboardAPI.py
-rw-r--r--  1 cms067 cms     6883 Nov 27 03:02 DashboardAPI.pyc
drwxrwxrwx  3 cms067 cms     4096 Nov 27 03:03 IMProv
-rw-rw-rw-  1 cms067 cms     2748 Mar  8  2006 Logger.py
-rw-r--r--  1 cms067 cms     3353 Nov 27 03:02 Logger.pyc
-rw-rw-rw-  1 cms067 cms    24524 Mar 28  2008 ProcInfo.py
-rw-r--r--  1 cms067 cms    23470 Nov 27 03:02 ProcInfo.pyc
drwxrwxrwx  7 cms067 cms     4096 Nov 27 03:02 ProdCommon
drwxrwxrwx  3 cms067 cms     4096 Nov 27 03:02 WMCore
-rw-r--r--  1 cms067 cms     1754 Nov 27 03:03 Watchdog_1.log
-rw-rw-rw-  1 cms067 cms    32895 Mar 28  2008 apmon.py
-rw-r--r--  1 cms067 cms    28874 Nov 27 03:02 apmon.pyc
-rw-rw-rw-  1 cms067 cms    95368 Nov 27 03:02 arguments.xml
-rwxrwxrwx  1 cms067 cms    37427 Sep 13 14:14 cmscp.py
-rwxrwxrwx  1 cms067 cms    23331 Nov 27 03:02 condor_exec.exe
-rw-rw-rw-  1 cms067 cms      541 Nov 27 01:40 crab.cfg
-rwxrwxrwx  1 cms067 cms     9531 Sep 20 21:46 crabWatchdog.sh
-rw-r--r--  1 cms067 cms    26746 Nov 27 03:03 crab_fjr_1.xml
-rw-rw-rw-  1 cms067 cms 25796290 Nov 27 03:02 default.tgz
-rwxrwxrwx  1 cms067 cms     4488 May 12  2012 fillCrabFjr.py
-rw-r--r--  1 cms067 cms      767 Nov 27 03:02 inputsReport.txt
-rw-r--r--  1 cms067 cms      129 Nov 27 03:04 jobreport.txt
lrwxrwxrwx  1 cms067 cms      106 Nov 27 03:04 optHistograms.root -> /home/cms067/home_crobe_863131638/CREAM863131638/glide_Mk5245/execute/dir_12779/optHistograms_1_1_Lt2.root
-rw-r--r--  1 cms067 cms    16531 Nov 27 03:03 optHistograms_1_1_Lt2.root
-rw-rw-rw-  1 cms067 cms    17352 Jan 20  2012 parseCrabFjr.py
-rw-r--r--  1 cms067 cms      282 Nov 27 03:02 report.log
-rwxrwxrwx  1 cms067 cms     1497 May 27  2009 report.py
-rwxrwxrwx  1 cms067 cms     8387 Mar 23  2011 writeCfg.py
-rw-------  1 cms067 cms     8691 Nov 27 03:02 x509up_u1000009
Checking output files:  
will tar file optHistograms_1_1_Lt2.root in  out_files_1
will tar file crab_fjr_1.xml in  out_files_1
will tar file CMSSW_1.stdout in  out_files_1
will tar file CMSSW_1.stderr in  out_files_1
WARNING: output file Watchdog_1.log.gz not found!
>>> padding time: Sleeping the wrapper for 501 seconds
STOPPING WATCHDOG. CrabWatchdog PID is 17026
********** LAST 50 LINES OF WATCHDOG LOG
# RESOURCE USAGE SUMMARY FOR PROCESS ID 16866
USER       PID %CPU %MEM    VSZ   RSS TTY      STAT START   TIME COMMAND
cms067   16866  0.3  0.0   8956  1488 ?        S    03:02   0:00 /bin/sh /home/cms067/home_crobe_863131638/CREAM863131638/glide_Mk5245/execute/dir_12779/condor_exec.exe 1 1
 
# LIMITS USED BY THIS WATCHDOG:
# RSS  (KBytes)  : 2300000
# VSZ  (KBytes)  : 100000000
# DISK (MBytes)  : 19000
# CPU  (seconds) : 171600
# WALL (seconds) : 171600
 
# FOLLOWING PRINTOUT TRACKS MAXIMUM VALUES OF RESOURCES USE
# ONE LINE IS PRINTED EACH TIME A MAXIMUM CHANGES
# IF CHANGE WAS IN RSS OR VSZ ALSO PROCID AND COMMAND ARE PRINTED
# THERE IS NO PRINTOUT FOR CPU/WALL TIME INCREASE
 
# TIME			PID	RSS(KB)	VSZ(KB)	Dsk(MB)	tCPU(s)	tWALL(s)	COMMAND
 Nov 27 03:02:34 EET	1164	3636	5684	0	4	1903	condor_procd -A /home/cms067/home_crobe_863131638/CREAM863131638/glide_Mk5245/log/procd_address.STARTD -L /home/cms067/home_crobe_863131638/CREAM863131638/glide_Mk5245/log/ProcLog.STARTD -R 10000000 -S 60 -C
 Nov 27 03:02:34 EET	5095	3636	8896	0	0	2096	-bash         
 Nov 27 03:02:34 EET	5125	3636	8952	0	0	2096	/bin/sh -l ./CREAM863131638_jobWrapper.sh       
 Nov 27 03:02:34 EET	5187	3636	25504	0	0	2094	perl -e ?use Socket;??sub send_notify {? $cream_url = "193.40.150.124:49152";die "No
 Nov 27 03:02:34 EET	9342	5980	25504	0	1	2084	/home/cms067/home_crobe_863131638/CREAM863131638/glide_Mk5245/main/condor/sbin/condor_master -f -pidfile /home/cms067/home_crobe_863131638/CREAM863131638/glide_Mk5245/condor_master2.pid      
 Nov 27 03:02:34 EET	---	5980	25504	168	----	----	----
 Nov 27 03:03:41 EET	22242	330684	574824	168	35	61	cmsRun -j /home/cms067/home_crobe_863131638/CREAM863131638/glide_Mk5245/execute/dir_12779/crab_fjr_1.xml -p pset.py     
 Nov 27 03:04:47 EET	---	330684	574824	169	----	----	----
********** WATCHDOG LOG ENDED
ZIPPING WATCHDOG LOG
Disk space used:
du -sh /home/cms067/home_crobe_863131638/CREAM863131638/glide_Mk5245/execute/dir_12779
169M	/home/cms067/home_crobe_863131638/CREAM863131638/glide_Mk5245/execute/dir_12779
>>> info for dashboard:
***** Cat /home/cms067/home_crobe_863131638/CREAM863131638/glide_Mk5245/execute/dir_12779/jobreport.txt *****
MonitorJobID=1_https://submit-2.t2.ucsd.edu//121127//17538.0
MonitorID=liis_crab_0_121127_014046_63dm8n
ExeTime=70
ExeExitCode=0
CrabUserCpuTime=38.69
CrabSysCpuTime=4.12
CrabCpuPercentage=61%
CrabWrapperTime=600
CrabStageoutTime=NULL
***** End Cat jobreport *****
Parameters sent to Dashboard.
optHistograms_1_1_Lt2.root
crab_fjr_1.xml
CMSSW_1.stdout
CMSSW_1.stderr
Watchdog_1.log.gz
tar: .BrokerInfo: Cannot stat: No such file or directory
tar: Error exit delayed from previous errors
Total Output dimension: 18404
WARNING: output files size limit is set to: 50000000
Total Output dimension 18404 is fine.
JOB_EXIT_STATUS = 0
>>> info for dashboard:
***** Cat /home/cms067/home_crobe_863131638/CREAM863131638/glide_Mk5245/execute/dir_12779/jobreport.txt *****
MonitorJobID=1_https://submit-2.t2.ucsd.edu//121127//17538.0
MonitorID=liis_crab_0_121127_014046_63dm8n
JobExitCode=0
***** End Cat jobreport *****
Parameters sent to Dashboard.
optHistograms_1_1_Lt2.root
crab_fjr_1.xml
