This script was generated by crab (version 2.8.3).
Running /home/cms078/home_creur_570535695/CREAM570535695/glide_U31247/execute/dir_8308/condor_exec.exe with 2 positional parameters: 73 1
Today is Tue Nov 27 03:03:32 EET 2012
Job submitted on host wn-v-3944.local
Linux wn-v-3944.local 2.6.32-042stab059.7 #1 SMP Tue Jul 24 19:12:01 MSK 2012 x86_64 x86_64 x86_64 GNU/Linux
>>> current directory (RUNTIME_AREA): /home/cms078/home_creur_570535695/CREAM570535695/glide_U31247/execute/dir_8308
>>> current user: uid=11078(cms078) gid=1400(cms) groups=1400(cms)
>>> voms proxy information:
subject   : /DC=ch/DC=cern/OU=Organic Units/OU=Users/CN=liis/CN=663550/CN=Liis Rebane/CN=proxy/CN=limited proxy
issuer    : /DC=ch/DC=cern/OU=Organic Units/OU=Users/CN=liis/CN=663550/CN=Liis Rebane/CN=proxy
identity  : /DC=ch/DC=cern/OU=Organic Units/OU=Users/CN=liis/CN=663550/CN=Liis Rebane/CN=proxy
type      : limited proxy
strength  : 512 bits
path      : /home/cms078/home_creur_570535695/CREAM570535695/glide_U31247/execute/dir_8308/x509up_u1000009
timeleft  : 23:58:34
key usage : Digital Signature, Key Encipherment, Data Encipherment
=== VO cms extension information ===
VO        : cms
subject   : /DC=ch/DC=cern/OU=Organic Units/OU=Users/CN=liis/CN=663550/CN=Liis Rebane
issuer    : /DC=ch/DC=cern/OU=computers/CN=lcg-voms.cern.ch
attribute : /cms/Role=NULL/Capability=NULL
timeleft  : 190:22:05
uri       : lcg-voms.cern.ch:15002
>>> tar xzf /home/cms078/home_creur_570535695/CREAM570535695/glide_U31247/execute/dir_8308/default.tgz :
Successful untar
>>> Include /home/cms078/home_creur_570535695/CREAM570535695/glide_U31247/execute/dir_8308 in PYTHONPATH:
strip arguments
env var CRAB_UNIQUE_JOB_ID set to: liis_crab_0_121127_014046_63dm8n_73_1_roT
out_files_73
>>> list of expected files on output sandbox
output files: optHistograms_73_1_roT.root crab_fjr_73.xml CMSSW_73.stdout CMSSW_73.stderr Watchdog_73.log.gz
>>> GridFlavour discovery: 
GridFlavour=LCG
>>> SyncSite discovery: 
SyncSite=T2_EE_Estonia
>>> SyncCE discovery: 
getting SyncCE from CE_ID
SyncCE=europa.hep.kbfi.ee:8443/cream-pbs-long
>>> info for dashboard:
***** Cat /home/cms078/home_creur_570535695/CREAM570535695/glide_U31247/execute/dir_8308/jobreport.txt *****
MonitorJobID=73_https://submit-2.t2.ucsd.edu//121127//17538.72
SyncGridJobId=https://submit-2.t2.ucsd.edu//121127//17538.72
MonitorID=liis_crab_0_121127_014046_63dm8n
GridFlavour=LCG
SyncSite=T2_EE_Estonia
SyncCE=europa.hep.kbfi.ee:8443/cream-pbs-long
***** End Cat jobreport *****
Parameters sent to Dashboard.
>>> setup environment
set SCRAM ARCH to slc5_amd64_gcc462
SCRAM_ARCH = slc5_amd64_gcc462
>>> setup CMS LCG environment:
set SCRAM ARCH and BUILD_ARCH to slc5_amd64_gcc462 ###
Sourcing environment... 
sourcing /cvmfs/cms.cern.ch/cmsset_default.sh
==> setup cms environment ok
>>> specific cmssw setup environment:
CMSSW_VERSION =  CMSSW_5_3_5
>>> current directory (SOFTWARE_DIR): /home/cms078/home_creur_570535695/CREAM570535695/glide_U31247/execute/dir_8308/CMSSW_5_3_5
PreserveSeeds: <>
IncrementSeeds:<>
{}
WNHostName=wn-v-3944.local
>>> info for dashboard:
***** Cat /home/cms078/home_creur_570535695/CREAM570535695/glide_U31247/execute/dir_8308/jobreport.txt *****
MonitorJobID=73_https://submit-2.t2.ucsd.edu//121127//17538.72
MonitorID=liis_crab_0_121127_014046_63dm8n
WNHostName=wn-v-3944.local
***** End Cat jobreport *****
Parameters sent to Dashboard.
crabWatchdog started as process 18168
>>> moving CMSSW software directories in /home/cms078/home_creur_570535695/CREAM570535695/glide_U31247/execute/dir_8308/CMSSW_5_3_5
mv: cannot stat `/home/cms078/home_creur_570535695/CREAM570535695/glide_U31247/execute/dir_8308/module/': No such file or directory
>>> Include /home/cms078/home_creur_570535695/CREAM570535695/glide_U31247/execute/dir_8308 in PYTHONPATH:
PYTHONPATH=/home/cms078/home_creur_570535695/CREAM570535695/glide_U31247/execute/dir_8308/:/home/cms078/home_creur_570535695/CREAM570535695/glide_U31247/execute/dir_8308/CMSSW_5_3_5/python:/home/cms078/home_creur_570535695/CREAM570535695/glide_U31247/execute/dir_8308/CMSSW_5_3_5/lib/slc5_amd64_gcc462:/cvmfs/cms.cern.ch/slc5_amd64_gcc462/cms/cmssw/CMSSW_5_3_5/python:/cvmfs/cms.cern.ch/slc5_amd64_gcc462/cms/cmssw/CMSSW_5_3_5/lib/slc5_amd64_gcc462:/cvmfs/cms.cern.ch/slc5_amd64_gcc462/cms/coral/CORAL_2_3_21-cms27/slc5_amd64_gcc462/python:/cvmfs/cms.cern.ch/slc5_amd64_gcc462/cms/coral/CORAL_2_3_21-cms27/slc5_amd64_gcc462/lib:/cvmfs/cms.cern.ch/slc5_amd64_gcc462/external/pyqt/4.8.1/lib/python2.6/site-packages:/cvmfs/cms.cern.ch/slc5_amd64_gcc462/external/py2-scipy/0.8.0/lib/python2.6/site-packages:/cvmfs/cms.cern.ch/slc5_amd64_gcc462/external/py2-matplotlib/1.0.1/lib/python2.6/site-packages:/cvmfs/cms.cern.ch/slc5_amd64_gcc462/external/python-ldap/2.3.5/lib/python2.6/site-packages:/cvmfs/cms.cern.ch/slc5_amd64_gcc462/external/sip/4.11.2/lib/python2.6/site-packages:/cvmfs/cms.cern.ch/slc5_amd64_gcc462/external/py2-pycurl/7.19.0/lib/python2.6/site-packages:/cvmfs/cms.cern.ch/slc5_amd64_gcc462/external/py2-numpy/1.6.1/lib/python2.6/site-packages:/cvmfs/cms.cern.ch/slc5_amd64_gcc462/external/py2-ipython/0.10/lib/python2.6/site-packages:/cvmfs/cms.cern.ch/slc5_amd64_gcc462/external/py2-cx-oracle/5.1-cms11/lib/python2.6/site-packages:/cvmfs/cms.cern.ch/slc5_amd64_gcc462/external/py2-cjson/1.0.5/lib/python2.6/site-packages:/cvmfs/cms.cern.ch/slc5_amd64_gcc462/cms/das-client/1.4.1-cms8/bin:/cvmfs/cms.cern.ch/slc5_amd64_gcc462/external/elementtree/1.2.6/share/lib/python2.6/site-packages:/cvmfs/cms.cern.ch/slc5_amd64_gcc462/external/rivet/1.5.1-cms10/lib/python2.6/site-packages:/cvmfs/cms.cern.ch/slc5_amd64_gcc462/external/pyminuit2/0.0.1-cms34/lib/python2.6/site-packages:/cvmfs/cms.cern.ch/slc5_amd64_gcc462/external/professor/1.0.0-cms35/lib/python2.6/site-packages:/cvmfs/cms.cern.ch/slc5_amd64_gcc462/lcg/root/5.32.00-cms18/lib:/cvmfs/cms.cern.ch/slc5_amd64_gcc462/cms/dbs-client/DBS_2_1_1_patch1_1/lib:/cvmfs/cms.cern.ch/slc5_amd64_gcc462/cms/dbs-client/DBS_2_1_1_patch1_1/lib/DBSAPI:/home/cms078/home_creur_570535695/CREAM570535695/glide_U31247/execute/dir_8308/
241a2a19cb7c5c8751ba22759ab3bdb0
PSETHASH = 241a2a19cb7c5c8751ba22759ab3bdb0
/home/cms078/home_creur_570535695/CREAM570535695/glide_U31247/execute/dir_8308/writeCfg.py pset.py pset.py
Importing .py file
Setting parameters
inputBlocks=/QCD_Pt_170_250_BCtoE_TuneZ2star_8TeV_pythia6/mario-Summer12-stop-pfele-step1-3d176ac8da5e9dff208d057f4733ca91/USER#2481c777-c741-4631-bcfb-4b7233a7fdfe
inputFiles=/store/user/mario/QCD_Pt_170_250_BCtoE_TuneZ2star_8TeV_pythia6/Summer12-stop-pfele-step1/3d176ac8da5e9dff208d057f4733ca91/tuple_280_1_jkt.root;/store/user/mario/QCD_Pt_170_250_BCtoE_TuneZ2star_8TeV_pythia6/Summer12-stop-pfele-step1/3d176ac8da5e9dff208d057f4733ca91/tuple_281_1_dGL.root;/store/user/mario/QCD_Pt_170_250_BCtoE_TuneZ2star_8TeV_pythia6/Summer12-stop-pfele-step1/3d176ac8da5e9dff208d057f4733ca91/tuple_307_1_ugK.root;/store/user/mario/QCD_Pt_170_250_BCtoE_TuneZ2star_8TeV_pythia6/Summer12-stop-pfele-step1/3d176ac8da5e9dff208d057f4733ca91/tuple_308_1_RWl.root;/store/user/mario/QCD_Pt_170_250_BCtoE_TuneZ2star_8TeV_pythia6/Summer12-stop-pfele-step1/3d176ac8da5e9dff208d057f4733ca91/tuple_309_1_Sjk.root
parentFiles=
lumisRange=
>>> Executable cmsRun
/cvmfs/cms.cern.ch/slc5_amd64_gcc462/cms/cmssw/CMSSW_5_3_5/bin/slc5_amd64_gcc462/cmsRun
ok executable found
>>> info for dashboard:
***** Cat /home/cms078/home_creur_570535695/CREAM570535695/glide_U31247/execute/dir_8308/jobreport.txt *****
MonitorJobID=73_https://submit-2.t2.ucsd.edu//121127//17538.72
MonitorID=liis_crab_0_121127_014046_63dm8n
ExeStart=cmsRun
***** End Cat jobreport *****
Parameters sent to Dashboard.
>>> cmsRun started at Tue Nov 27 01:03:52 UTC 2012
>>> cmsRun ended at Tue Nov 27 01:05:26 UTC 2012
>>> info for dashboard:
***** Cat /home/cms078/home_creur_570535695/CREAM570535695/glide_U31247/execute/dir_8308/jobreport.txt *****
MonitorJobID=73_https://submit-2.t2.ucsd.edu//121127//17538.72
MonitorID=liis_crab_0_121127_014046_63dm8n
ExeEnd=cmsRun
***** End Cat jobreport *****
Parameters sent to Dashboard.
TIME_EXE = 94 sec
>>> cmsRun wrote 42 lines of stdout+stderr
>>> START OF printout of 42 lines from stdout+stderr
27-Nov-2012 03:04:14 EET  Initiating request to open file file:/hdfs/cms/store/user/mario/QCD_Pt_170_250_BCtoE_TuneZ2star_8TeV_pythia6/Summer12-stop-pfele-step1/3d176ac8da5e9dff208d057f4733ca91/tuple_280_1_jkt.root
27-Nov-2012 03:04:22 EET  Successfully opened file file:/hdfs/cms/store/user/mario/QCD_Pt_170_250_BCtoE_TuneZ2star_8TeV_pythia6/Summer12-stop-pfele-step1/3d176ac8da5e9dff208d057f4733ca91/tuple_280_1_jkt.root
Begin processing the 1st record. Run 1, Event 35560765, LumiSection 1512 at 27-Nov-2012 03:04:30.289 EET
27-Nov-2012 03:04:32 EET  Closed file file:/hdfs/cms/store/user/mario/QCD_Pt_170_250_BCtoE_TuneZ2star_8TeV_pythia6/Summer12-stop-pfele-step1/3d176ac8da5e9dff208d057f4733ca91/tuple_280_1_jkt.root
27-Nov-2012 03:04:32 EET  Initiating request to open file file:/hdfs/cms/store/user/mario/QCD_Pt_170_250_BCtoE_TuneZ2star_8TeV_pythia6/Summer12-stop-pfele-step1/3d176ac8da5e9dff208d057f4733ca91/tuple_281_1_dGL.root
27-Nov-2012 03:04:32 EET  Successfully opened file file:/hdfs/cms/store/user/mario/QCD_Pt_170_250_BCtoE_TuneZ2star_8TeV_pythia6/Summer12-stop-pfele-step1/3d176ac8da5e9dff208d057f4733ca91/tuple_281_1_dGL.root
Begin processing the 1001st record. Run 1, Event 40286282, LumiSection 1713 at 27-Nov-2012 03:04:44.612 EET
Begin processing the 2001st record. Run 1, Event 74778582, LumiSection 3179 at 27-Nov-2012 03:04:48.121 EET
27-Nov-2012 03:04:49 EET  Closed file file:/hdfs/cms/store/user/mario/QCD_Pt_170_250_BCtoE_TuneZ2star_8TeV_pythia6/Summer12-stop-pfele-step1/3d176ac8da5e9dff208d057f4733ca91/tuple_281_1_dGL.root
27-Nov-2012 03:04:49 EET  Initiating request to open file file:/hdfs/cms/store/user/mario/QCD_Pt_170_250_BCtoE_TuneZ2star_8TeV_pythia6/Summer12-stop-pfele-step1/3d176ac8da5e9dff208d057f4733ca91/tuple_307_1_ugK.root
27-Nov-2012 03:04:49 EET  Successfully opened file file:/hdfs/cms/store/user/mario/QCD_Pt_170_250_BCtoE_TuneZ2star_8TeV_pythia6/Summer12-stop-pfele-step1/3d176ac8da5e9dff208d057f4733ca91/tuple_307_1_ugK.root
Begin processing the 3001st record. Run 1, Event 96923739, LumiSection 4120 at 27-Nov-2012 03:04:57.383 EET
Begin processing the 4001st record. Run 1, Event 37087622, LumiSection 1577 at 27-Nov-2012 03:05:00.996 EET
27-Nov-2012 03:05:02 EET  Closed file file:/hdfs/cms/store/user/mario/QCD_Pt_170_250_BCtoE_TuneZ2star_8TeV_pythia6/Summer12-stop-pfele-step1/3d176ac8da5e9dff208d057f4733ca91/tuple_307_1_ugK.root
27-Nov-2012 03:05:02 EET  Initiating request to open file file:/hdfs/cms/store/user/mario/QCD_Pt_170_250_BCtoE_TuneZ2star_8TeV_pythia6/Summer12-stop-pfele-step1/3d176ac8da5e9dff208d057f4733ca91/tuple_308_1_RWl.root
27-Nov-2012 03:05:02 EET  Successfully opened file file:/hdfs/cms/store/user/mario/QCD_Pt_170_250_BCtoE_TuneZ2star_8TeV_pythia6/Summer12-stop-pfele-step1/3d176ac8da5e9dff208d057f4733ca91/tuple_308_1_RWl.root
Begin processing the 5001st record. Run 1, Event 39656531, LumiSection 1686 at 27-Nov-2012 03:05:08.617 EET
Begin processing the 6001st record. Run 1, Event 55556776, LumiSection 2362 at 27-Nov-2012 03:05:12.327 EET
27-Nov-2012 03:05:14 EET  Closed file file:/hdfs/cms/store/user/mario/QCD_Pt_170_250_BCtoE_TuneZ2star_8TeV_pythia6/Summer12-stop-pfele-step1/3d176ac8da5e9dff208d057f4733ca91/tuple_308_1_RWl.root
27-Nov-2012 03:05:14 EET  Initiating request to open file file:/hdfs/cms/store/user/mario/QCD_Pt_170_250_BCtoE_TuneZ2star_8TeV_pythia6/Summer12-stop-pfele-step1/3d176ac8da5e9dff208d057f4733ca91/tuple_309_1_Sjk.root
27-Nov-2012 03:05:14 EET  Successfully opened file file:/hdfs/cms/store/user/mario/QCD_Pt_170_250_BCtoE_TuneZ2star_8TeV_pythia6/Summer12-stop-pfele-step1/3d176ac8da5e9dff208d057f4733ca91/tuple_309_1_Sjk.root
Begin processing the 7001st record. Run 1, Event 35294400, LumiSection 1501 at 27-Nov-2012 03:05:20.443 EET
Begin processing the 8001st record. Run 1, Event 47837041, LumiSection 2034 at 27-Nov-2012 03:05:23.914 EET
27-Nov-2012 03:05:25 EET  Closed file file:/hdfs/cms/store/user/mario/QCD_Pt_170_250_BCtoE_TuneZ2star_8TeV_pythia6/Summer12-stop-pfele-step1/3d176ac8da5e9dff208d057f4733ca91/tuple_309_1_Sjk.root

=============================================

MessageLogger Summary

 type     category        sev    module        subroutine        count    total
 ---- -------------------- -- ---------------- ----------------  -----    -----
    1 fileAction           -s file_close                             5        5
    2 fileAction           -s file_open                             10       10

 type    category    Examples: run/evt        run/evt          run/evt
 ---- -------------------- ---------------- ---------------- ----------------
    1 fileAction           PostProcessEvent PostProcessEvent PostEndRun
    2 fileAction           pre-events       pre-events       PostProcessEvent

Severity    # Occurrences   Total Occurrences
--------    -------------   -----------------
System                 15                  15
>>> END OF printout of 42 lines from stdout+stderr
>>> Parse FrameworkJobReport crab_fjr.xml
Result of parsing the FrameworkJobReport crab_fjr.xml: Popularity start
lumisRange : 1::::1;1::1512,1572,1574-1575,1692,1713,1716,1782,3031,3172,3179,3181::2;1::1340,1556,1567,1570,1577,1582,1592,3612,3630,3954,3962,4120::3;1::1323,1333,1338,1501,1505,1510,1664,1671,2034,2050::4;1::1323,1592,1596,1680,1686,1705,1709,1711,2312,2362,2424::5;
lumisParentRange : 
Basename : /store/user/mario/QCD_Pt_170_250_BCtoE_TuneZ2star_8TeV_pythia6/Summer12-stop-pfele-step1/3d176ac8da5e9dff208d057f4733ca91/tuple_
BasenameParent : 
parentFiles : 
inputBlocks : /QCD_Pt_170_250_BCtoE_TuneZ2star_8TeV_pythia6/mario-Summer12-stop-pfele-step1-3d176ac8da5e9dff208d057f4733ca91/USER#2481c777-c741-4631-bcfb-4b7233a7fdfe
inputFiles : 280_1_jkt.root::1::EDM::Local::1;281_1_dGL.root::1::EDM::Local::2;307_1_ugK.root::1::EDM::Local::3;309_1_Sjk.root::1::EDM::Local::4;308_1_RWl.root::1::EDM::Local::5;
Popularity stop
Extracted ExitStatus from FrameworkJobReport parsing output: 0
>>> Executable succeded  0
ExeExitCode=0
EXECUTABLE_EXIT_STATUS = 0
>>> current directory /home/cms078/home_creur_570535695/CREAM570535695/glide_U31247/execute/dir_8308/CMSSW_5_3_5
>>>  (SOFTWARE_DIR): /home/cms078/home_creur_570535695/CREAM570535695/glide_U31247/execute/dir_8308/CMSSW_5_3_5
>>> (WORKING_DIR): 
>>> current directory content:
total 148
drwxr-xr-x 3 cms078 cms  4096 Nov 27 03:03 .SCRAM
-rw-r--r-- 1 cms078 cms 30066 Nov 27 03:03 CMSSW.py.pkl
drwxr-xr-x 3 cms078 cms  4096 Nov 27 03:03 bin
drwxr-xr-x 3 cms078 cms  4096 Nov 27 03:03 cfipython
drwxr-xr-x 5 cms078 cms  4096 Nov 27 03:03 config
-rw-r--r-- 1 cms078 cms    15 Nov 27 03:05 cpu_timing.txt
drwxr-xr-x 2 cms078 cms  4096 Nov 27 03:03 doc
-rw-r--r-- 1 cms078 cms  4889 Nov 27 03:05 executable.out
drwxr-xr-x 2 cms078 cms  4096 Nov 27 03:03 include
drwxrwxrwx 3 cms078 cms  4096 Oct 22 16:38 lib
drwxr-xr-x 3 cms078 cms  4096 Nov 27 03:03 logs
drwxr-xr-x 3 cms078 cms  4096 Nov 27 03:03 objs
-rw-r--r-- 1 cms078 cms 16623 Nov 27 03:05 optHistograms.root
-rw-r--r-- 1 cms078 cms   104 Nov 27 03:03 pset.py
-rw-r--r-- 1 cms078 cms 19481 Nov 27 03:03 pset.py.pkl
-rw-r--r-- 1 cms078 cms   289 Nov 27 03:03 pset.pyc
drwxr-xr-x 2 cms078 cms  4096 Nov 27 03:03 python
-rw-r--r-- 1 cms078 cms   420 Nov 27 03:05 report.log
drwxrwxrwx 4 cms078 cms  4096 Nov 27 03:03 src
drwxr-xr-x 3 cms078 cms  4096 Nov 27 03:03 test
drwxr-xr-x 3 cms078 cms  4096 Nov 27 03:03 tmp
>>> current directory /home/cms078/home_creur_570535695/CREAM570535695/glide_U31247/execute/dir_8308/CMSSW_5_3_5
>>> (SOFTWARE_DIR): /home/cms078/home_creur_570535695/CREAM570535695/glide_U31247/execute/dir_8308/CMSSW_5_3_5
>>> (WORKING_DIR): 
>>> current directory content:
total 128
drwxr-xr-x 3 cms078 cms  4096 Nov 27 03:03 .SCRAM
-rw-r--r-- 1 cms078 cms 30066 Nov 27 03:03 CMSSW.py.pkl
drwxr-xr-x 3 cms078 cms  4096 Nov 27 03:03 bin
drwxr-xr-x 3 cms078 cms  4096 Nov 27 03:03 cfipython
drwxr-xr-x 5 cms078 cms  4096 Nov 27 03:03 config
-rw-r--r-- 1 cms078 cms    15 Nov 27 03:05 cpu_timing.txt
drwxr-xr-x 2 cms078 cms  4096 Nov 27 03:03 doc
-rw-r--r-- 1 cms078 cms  4889 Nov 27 03:05 executable.out
drwxr-xr-x 2 cms078 cms  4096 Nov 27 03:03 include
drwxrwxrwx 3 cms078 cms  4096 Oct 22 16:38 lib
drwxr-xr-x 3 cms078 cms  4096 Nov 27 03:03 logs
drwxr-xr-x 3 cms078 cms  4096 Nov 27 03:03 objs
-rw-r--r-- 1 cms078 cms   104 Nov 27 03:03 pset.py
-rw-r--r-- 1 cms078 cms 19481 Nov 27 03:03 pset.py.pkl
-rw-r--r-- 1 cms078 cms   289 Nov 27 03:03 pset.pyc
drwxr-xr-x 2 cms078 cms  4096 Nov 27 03:03 python
-rw-r--r-- 1 cms078 cms   420 Nov 27 03:05 report.log
drwxrwxrwx 4 cms078 cms  4096 Nov 27 03:03 src
drwxr-xr-x 3 cms078 cms  4096 Nov 27 03:03 test
drwxr-xr-x 3 cms078 cms  4096 Nov 27 03:03 tmp
>>> current directory (RUNTIME_AREA):  /home/cms078/home_creur_570535695/CREAM570535695/glide_U31247/execute/dir_8308
>>> current dir: /home/cms078/home_creur_570535695/CREAM570535695/glide_U31247/execute/dir_8308
>>> current dir content:
total 25756
-rw-rw-rw-  1 cms078 cms     5580 Nov 27 03:03 .job.ad
-rw-rw-rw-  1 cms078 cms    11339 Nov 27 03:03 .machine.ad
-rw-rw-rw-  1 cms078 cms      105 Nov 27 01:41 CMSSW.py
-rw-rw-rw-  1 cms078 cms    30066 Nov 27 01:41 CMSSW.py.pkl
-rwxrw-rw-  1 cms078 cms    23331 Nov 27 03:03 CMSSW.sh
drwxr-xr-x 15 cms078 cms     4096 Nov 27 03:05 CMSSW_5_3_5
-rw-rw-rw-  1 cms078 cms        0 Nov 27 03:03 CMSSW_73.stderr
-rw-rw-rw-  1 cms078 cms    17132 Nov 27 03:05 CMSSW_73.stdout
-rw-r--r--  1 cms078 cms      346 Nov 27 03:03 CacheEnv.sh
-rw-rw-rw-  1 cms078 cms     7291 Jun  9  2010 DashboardAPI.py
-rw-r--r--  1 cms078 cms     6868 Nov 27 03:03 DashboardAPI.pyc
drwxrwxrwx  3 cms078 cms     4096 Nov 27 03:05 IMProv
-rw-rw-rw-  1 cms078 cms     2748 Mar  8  2006 Logger.py
-rw-r--r--  1 cms078 cms     3348 Nov 27 03:03 Logger.pyc
-rw-rw-rw-  1 cms078 cms    24524 Mar 28  2008 ProcInfo.py
-rw-r--r--  1 cms078 cms    23446 Nov 27 03:03 ProcInfo.pyc
drwxrwxrwx  7 cms078 cms     4096 Nov 27 03:03 ProdCommon
drwxrwxrwx  3 cms078 cms     4096 Nov 27 03:03 WMCore
-rw-r--r--  1 cms078 cms     1745 Nov 27 03:04 Watchdog_73.log
-rw-rw-rw-  1 cms078 cms    32895 Mar 28  2008 apmon.py
-rw-r--r--  1 cms078 cms    28845 Nov 27 03:03 apmon.pyc
-rw-rw-rw-  1 cms078 cms    95368 Nov 27 03:03 arguments.xml
-rwxrwxrwx  1 cms078 cms    37427 Sep 13 14:14 cmscp.py
-rwxrwxrwx  1 cms078 cms    23331 Nov 27 03:03 condor_exec.exe
-rw-rw-rw-  1 cms078 cms      541 Nov 27 01:40 crab.cfg
-rwxrwxrwx  1 cms078 cms     9531 Sep 20 21:46 crabWatchdog.sh
-rw-r--r--  1 cms078 cms    30227 Nov 27 03:05 crab_fjr_73.xml
-rw-rw-rw-  1 cms078 cms 25796290 Nov 27 03:03 default.tgz
-rwxrwxrwx  1 cms078 cms     4488 May 12  2012 fillCrabFjr.py
-rw-r--r--  1 cms078 cms      916 Nov 27 03:03 inputsReport.txt
-rw-r--r--  1 cms078 cms      131 Nov 27 03:05 jobreport.txt
lrwxrwxrwx  1 cms078 cms      106 Nov 27 03:05 optHistograms.root -> /home/cms078/home_creur_570535695/CREAM570535695/glide_U31247/execute/dir_8308/optHistograms_73_1_roT.root
-rw-r--r--  1 cms078 cms    16623 Nov 27 03:05 optHistograms_73_1_roT.root
-rw-rw-rw-  1 cms078 cms    17352 Jan 20  2012 parseCrabFjr.py
-rw-r--r--  1 cms078 cms      285 Nov 27 03:03 report.log
-rwxrwxrwx  1 cms078 cms     1497 May 27  2009 report.py
-rwxrwxrwx  1 cms078 cms     8387 Mar 23  2011 writeCfg.py
-rw-------  1 cms078 cms     8691 Nov 27 03:03 x509up_u1000009
Checking output files:  
will tar file optHistograms_73_1_roT.root in  out_files_73
will tar file crab_fjr_73.xml in  out_files_73
will tar file CMSSW_73.stdout in  out_files_73
will tar file CMSSW_73.stderr in  out_files_73
WARNING: output file Watchdog_73.log.gz not found!
>>> padding time: Sleeping the wrapper for 476 seconds
STOPPING WATCHDOG. CrabWatchdog PID is 18168
********** LAST 50 LINES OF WATCHDOG LOG
# RESOURCE USAGE SUMMARY FOR PROCESS ID 12775
USER       PID %CPU %MEM    VSZ   RSS TTY      STAT START   TIME COMMAND
cms078   12775  0.3  0.0   8956  1488 ?        S    03:03   0:00 /bin/sh /home/cms078/home_creur_570535695/CREAM570535695/glide_U31247/execute/dir_8308/condor_exec.exe 73 1
 
# LIMITS USED BY THIS WATCHDOG:
# RSS  (KBytes)  : 2300000
# VSZ  (KBytes)  : 100000000
# DISK (MBytes)  : 19000
# CPU  (seconds) : 171600
# WALL (seconds) : 171600
 
# FOLLOWING PRINTOUT TRACKS MAXIMUM VALUES OF RESOURCES USE
# ONE LINE IS PRINTED EACH TIME A MAXIMUM CHANGES
# IF CHANGE WAS IN RSS OR VSZ ALSO PROCID AND COMMAND ARE PRINTED
# THERE IS NO PRINTOUT FOR CPU/WALL TIME INCREASE
 
# TIME			PID	RSS(KB)	VSZ(KB)	Dsk(MB)	tCPU(s)	tWALL(s)	COMMAND
 Nov 27 03:03:42 EET	2720	1336	8816	0	0	243	/bin/bash /home/cms078/home_creur_570535695/CREAM570535695/glide_U31247/main/condor_startup.sh glidein_config       
 Nov 27 03:03:42 EET	3571	5936	9644	0	0	241	/home/cms078/home_creur_570535695/CREAM570535695/glide_U31247/main/condor/sbin/condor_master -f -pidfile /home/cms078/home_creur_570535695/CREAM570535695/glide_U31247/condor_master2.pid      
 Nov 27 03:03:42 EET	31194	5936	25504	0	0	258	perl -e ?use Socket;??sub send_notify {? $cream_url = "193.40.150.134:49152";die "No
 Nov 27 03:03:42 EET	---	5936	25504	168	----	----	----
 Nov 27 03:04:47 EET	3571	5960	25504	168	0	305	/home/cms078/home_creur_570535695/CREAM570535695/glide_U31247/main/condor/sbin/condor_master -f -pidfile /home/cms078/home_creur_570535695/CREAM570535695/glide_U31247/condor_master2.pid      
 Nov 27 03:04:47 EET	19433	355988	554856	168	20	56	cmsRun -j /home/cms078/home_creur_570535695/CREAM570535695/glide_U31247/execute/dir_8308/crab_fjr_73.xml -p pset.py     
 Nov 27 03:05:51 EET	---	355988	554856	169	----	----	----
********** WATCHDOG LOG ENDED
ZIPPING WATCHDOG LOG
Disk space used:
du -sh /home/cms078/home_creur_570535695/CREAM570535695/glide_U31247/execute/dir_8308
169M	/home/cms078/home_creur_570535695/CREAM570535695/glide_U31247/execute/dir_8308
>>> info for dashboard:
***** Cat /home/cms078/home_creur_570535695/CREAM570535695/glide_U31247/execute/dir_8308/jobreport.txt *****
MonitorJobID=73_https://submit-2.t2.ucsd.edu//121127//17538.72
MonitorID=liis_crab_0_121127_014046_63dm8n
ExeTime=94
ExeExitCode=0
CrabUserCpuTime=40.49
CrabSysCpuTime=4.77
CrabCpuPercentage=48%
CrabWrapperTime=600
CrabStageoutTime=NULL
***** End Cat jobreport *****
Parameters sent to Dashboard.
optHistograms_73_1_roT.root
crab_fjr_73.xml
CMSSW_73.stdout
CMSSW_73.stderr
Watchdog_73.log.gz
tar: .BrokerInfo: Cannot stat: No such file or directory
tar: Error exit delayed from previous errors
Total Output dimension: 18546
WARNING: output files size limit is set to: 50000000
Total Output dimension 18546 is fine.
JOB_EXIT_STATUS = 0
>>> info for dashboard:
***** Cat /home/cms078/home_creur_570535695/CREAM570535695/glide_U31247/execute/dir_8308/jobreport.txt *****
MonitorJobID=73_https://submit-2.t2.ucsd.edu//121127//17538.72
MonitorID=liis_crab_0_121127_014046_63dm8n
JobExitCode=0
***** End Cat jobreport *****
Parameters sent to Dashboard.
optHistograms_73_1_roT.root
crab_fjr_73.xml
