This script was generated by crab (version 2.8.3).
Running /home/cms078/home_crmrs_652274007/CREAM652274007/glide_Y15620/execute/dir_32398/condor_exec.exe with 2 positional parameters: 40 1
Today is Tue Nov 27 03:02:58 EET 2012
Job submitted on host wn-v-5204.local
Linux wn-v-5204.local 2.6.32-042stab059.7 #1 SMP Tue Jul 24 19:12:01 MSK 2012 x86_64 x86_64 x86_64 GNU/Linux
>>> current directory (RUNTIME_AREA): /home/cms078/home_crmrs_652274007/CREAM652274007/glide_Y15620/execute/dir_32398
>>> current user: uid=11078(cms078) gid=1400(cms) groups=1400(cms)
>>> voms proxy information:
subject   : /DC=ch/DC=cern/OU=Organic Units/OU=Users/CN=liis/CN=663550/CN=Liis Rebane/CN=proxy/CN=limited proxy
issuer    : /DC=ch/DC=cern/OU=Organic Units/OU=Users/CN=liis/CN=663550/CN=Liis Rebane/CN=proxy
identity  : /DC=ch/DC=cern/OU=Organic Units/OU=Users/CN=liis/CN=663550/CN=Liis Rebane/CN=proxy
type      : limited proxy
strength  : 512 bits
path      : /home/cms078/home_crmrs_652274007/CREAM652274007/glide_Y15620/execute/dir_32398/x509up_u1000009
timeleft  : 23:58:50
key usage : Digital Signature, Key Encipherment, Data Encipherment
=== VO cms extension information ===
VO        : cms
subject   : /DC=ch/DC=cern/OU=Organic Units/OU=Users/CN=liis/CN=663550/CN=Liis Rebane
issuer    : /DC=ch/DC=cern/OU=computers/CN=lcg-voms.cern.ch
attribute : /cms/Role=NULL/Capability=NULL
timeleft  : 190:22:39
uri       : lcg-voms.cern.ch:15002
>>> tar xzf /home/cms078/home_crmrs_652274007/CREAM652274007/glide_Y15620/execute/dir_32398/default.tgz :
Successful untar
>>> Include /home/cms078/home_crmrs_652274007/CREAM652274007/glide_Y15620/execute/dir_32398 in PYTHONPATH:
strip arguments
env var CRAB_UNIQUE_JOB_ID set to: liis_crab_0_121127_014046_63dm8n_40_1_wB6
out_files_40
>>> list of expected files on output sandbox
output files: optHistograms_40_1_wB6.root crab_fjr_40.xml CMSSW_40.stdout CMSSW_40.stderr Watchdog_40.log.gz
>>> GridFlavour discovery: 
GridFlavour=LCG
>>> SyncSite discovery: 
SyncSite=T2_EE_Estonia
>>> SyncCE discovery: 
getting SyncCE from CE_ID
SyncCE=mars.hep.kbfi.ee:8443/cream-pbs-long
>>> info for dashboard:
***** Cat /home/cms078/home_crmrs_652274007/CREAM652274007/glide_Y15620/execute/dir_32398/jobreport.txt *****
MonitorJobID=40_https://submit-2.t2.ucsd.edu//121127//17538.39
SyncGridJobId=https://submit-2.t2.ucsd.edu//121127//17538.39
MonitorID=liis_crab_0_121127_014046_63dm8n
GridFlavour=LCG
SyncSite=T2_EE_Estonia
SyncCE=mars.hep.kbfi.ee:8443/cream-pbs-long
***** End Cat jobreport *****
Parameters sent to Dashboard.
>>> setup environment
set SCRAM ARCH to slc5_amd64_gcc462
SCRAM_ARCH = slc5_amd64_gcc462
>>> setup CMS LCG environment:
set SCRAM ARCH and BUILD_ARCH to slc5_amd64_gcc462 ###
Sourcing environment... 
sourcing /cvmfs/cms.cern.ch/cmsset_default.sh
==> setup cms environment ok
>>> specific cmssw setup environment:
CMSSW_VERSION =  CMSSW_5_3_5
>>> current directory (SOFTWARE_DIR): /home/cms078/home_crmrs_652274007/CREAM652274007/glide_Y15620/execute/dir_32398/CMSSW_5_3_5
PreserveSeeds: <>
IncrementSeeds:<>
{}
WNHostName=wn-v-5204.local
>>> info for dashboard:
***** Cat /home/cms078/home_crmrs_652274007/CREAM652274007/glide_Y15620/execute/dir_32398/jobreport.txt *****
MonitorJobID=40_https://submit-2.t2.ucsd.edu//121127//17538.39
MonitorID=liis_crab_0_121127_014046_63dm8n
WNHostName=wn-v-5204.local
***** End Cat jobreport *****
Parameters sent to Dashboard.
crabWatchdog started as process 1362
>>> moving CMSSW software directories in /home/cms078/home_crmrs_652274007/CREAM652274007/glide_Y15620/execute/dir_32398/CMSSW_5_3_5
mv: cannot stat `/home/cms078/home_crmrs_652274007/CREAM652274007/glide_Y15620/execute/dir_32398/module/': No such file or directory
>>> Include /home/cms078/home_crmrs_652274007/CREAM652274007/glide_Y15620/execute/dir_32398 in PYTHONPATH:
PYTHONPATH=/home/cms078/home_crmrs_652274007/CREAM652274007/glide_Y15620/execute/dir_32398/:/home/cms078/home_crmrs_652274007/CREAM652274007/glide_Y15620/execute/dir_32398/CMSSW_5_3_5/python:/home/cms078/home_crmrs_652274007/CREAM652274007/glide_Y15620/execute/dir_32398/CMSSW_5_3_5/lib/slc5_amd64_gcc462:/cvmfs/cms.cern.ch/slc5_amd64_gcc462/cms/cmssw/CMSSW_5_3_5/python:/cvmfs/cms.cern.ch/slc5_amd64_gcc462/cms/cmssw/CMSSW_5_3_5/lib/slc5_amd64_gcc462:/cvmfs/cms.cern.ch/slc5_amd64_gcc462/cms/coral/CORAL_2_3_21-cms27/slc5_amd64_gcc462/python:/cvmfs/cms.cern.ch/slc5_amd64_gcc462/cms/coral/CORAL_2_3_21-cms27/slc5_amd64_gcc462/lib:/cvmfs/cms.cern.ch/slc5_amd64_gcc462/external/pyqt/4.8.1/lib/python2.6/site-packages:/cvmfs/cms.cern.ch/slc5_amd64_gcc462/external/py2-scipy/0.8.0/lib/python2.6/site-packages:/cvmfs/cms.cern.ch/slc5_amd64_gcc462/external/py2-matplotlib/1.0.1/lib/python2.6/site-packages:/cvmfs/cms.cern.ch/slc5_amd64_gcc462/external/python-ldap/2.3.5/lib/python2.6/site-packages:/cvmfs/cms.cern.ch/slc5_amd64_gcc462/external/sip/4.11.2/lib/python2.6/site-packages:/cvmfs/cms.cern.ch/slc5_amd64_gcc462/external/py2-pycurl/7.19.0/lib/python2.6/site-packages:/cvmfs/cms.cern.ch/slc5_amd64_gcc462/external/py2-numpy/1.6.1/lib/python2.6/site-packages:/cvmfs/cms.cern.ch/slc5_amd64_gcc462/external/py2-ipython/0.10/lib/python2.6/site-packages:/cvmfs/cms.cern.ch/slc5_amd64_gcc462/external/py2-cx-oracle/5.1-cms11/lib/python2.6/site-packages:/cvmfs/cms.cern.ch/slc5_amd64_gcc462/external/py2-cjson/1.0.5/lib/python2.6/site-packages:/cvmfs/cms.cern.ch/slc5_amd64_gcc462/cms/das-client/1.4.1-cms8/bin:/cvmfs/cms.cern.ch/slc5_amd64_gcc462/external/elementtree/1.2.6/share/lib/python2.6/site-packages:/cvmfs/cms.cern.ch/slc5_amd64_gcc462/external/rivet/1.5.1-cms10/lib/python2.6/site-packages:/cvmfs/cms.cern.ch/slc5_amd64_gcc462/external/pyminuit2/0.0.1-cms34/lib/python2.6/site-packages:/cvmfs/cms.cern.ch/slc5_amd64_gcc462/external/professor/1.0.0-cms35/lib/python2.6/site-packages:/cvmfs/cms.cern.ch/slc5_amd64_gcc462/lcg/root/5.32.00-cms18/lib:/cvmfs/cms.cern.ch/slc5_amd64_gcc462/cms/dbs-client/DBS_2_1_1_patch1_1/lib:/cvmfs/cms.cern.ch/slc5_amd64_gcc462/cms/dbs-client/DBS_2_1_1_patch1_1/lib/DBSAPI:/home/cms078/home_crmrs_652274007/CREAM652274007/glide_Y15620/execute/dir_32398/
241a2a19cb7c5c8751ba22759ab3bdb0
PSETHASH = 241a2a19cb7c5c8751ba22759ab3bdb0
/home/cms078/home_crmrs_652274007/CREAM652274007/glide_Y15620/execute/dir_32398/writeCfg.py pset.py pset.py
Importing .py file
Setting parameters
inputBlocks=/QCD_Pt_170_250_BCtoE_TuneZ2star_8TeV_pythia6/mario-Summer12-stop-pfele-step1-3d176ac8da5e9dff208d057f4733ca91/USER#2481c777-c741-4631-bcfb-4b7233a7fdfe
inputFiles=/store/user/mario/QCD_Pt_170_250_BCtoE_TuneZ2star_8TeV_pythia6/Summer12-stop-pfele-step1/3d176ac8da5e9dff208d057f4733ca91/tuple_64_1_zI4.root;/store/user/mario/QCD_Pt_170_250_BCtoE_TuneZ2star_8TeV_pythia6/Summer12-stop-pfele-step1/3d176ac8da5e9dff208d057f4733ca91/tuple_58_1_QqD.root;/store/user/mario/QCD_Pt_170_250_BCtoE_TuneZ2star_8TeV_pythia6/Summer12-stop-pfele-step1/3d176ac8da5e9dff208d057f4733ca91/tuple_59_1_Gus.root;/store/user/mario/QCD_Pt_170_250_BCtoE_TuneZ2star_8TeV_pythia6/Summer12-stop-pfele-step1/3d176ac8da5e9dff208d057f4733ca91/tuple_60_2_BQF.root;/store/user/mario/QCD_Pt_170_250_BCtoE_TuneZ2star_8TeV_pythia6/Summer12-stop-pfele-step1/3d176ac8da5e9dff208d057f4733ca91/tuple_67_1_SsT.root
parentFiles=
lumisRange=
>>> Executable cmsRun
/cvmfs/cms.cern.ch/slc5_amd64_gcc462/cms/cmssw/CMSSW_5_3_5/bin/slc5_amd64_gcc462/cmsRun
ok executable found
>>> info for dashboard:
***** Cat /home/cms078/home_crmrs_652274007/CREAM652274007/glide_Y15620/execute/dir_32398/jobreport.txt *****
MonitorJobID=40_https://submit-2.t2.ucsd.edu//121127//17538.39
MonitorID=liis_crab_0_121127_014046_63dm8n
ExeStart=cmsRun
***** End Cat jobreport *****
Parameters sent to Dashboard.
>>> cmsRun started at Tue Nov 27 01:03:16 UTC 2012
>>> cmsRun ended at Tue Nov 27 01:05:03 UTC 2012
>>> info for dashboard:
***** Cat /home/cms078/home_crmrs_652274007/CREAM652274007/glide_Y15620/execute/dir_32398/jobreport.txt *****
MonitorJobID=40_https://submit-2.t2.ucsd.edu//121127//17538.39
MonitorID=liis_crab_0_121127_014046_63dm8n
ExeEnd=cmsRun
***** End Cat jobreport *****
Parameters sent to Dashboard.
TIME_EXE = 107 sec
>>> cmsRun wrote 42 lines of stdout+stderr
>>> START OF printout of 42 lines from stdout+stderr
27-Nov-2012 03:03:37 EET  Initiating request to open file file:/hdfs/cms/store/user/mario/QCD_Pt_170_250_BCtoE_TuneZ2star_8TeV_pythia6/Summer12-stop-pfele-step1/3d176ac8da5e9dff208d057f4733ca91/tuple_64_1_zI4.root
27-Nov-2012 03:03:45 EET  Successfully opened file file:/hdfs/cms/store/user/mario/QCD_Pt_170_250_BCtoE_TuneZ2star_8TeV_pythia6/Summer12-stop-pfele-step1/3d176ac8da5e9dff208d057f4733ca91/tuple_64_1_zI4.root
Begin processing the 1st record. Run 1, Event 52606741, LumiSection 2236 at 27-Nov-2012 03:03:53.043 EET
Begin processing the 1001st record. Run 1, Event 89780435, LumiSection 3816 at 27-Nov-2012 03:04:01.913 EET
27-Nov-2012 03:04:03 EET  Closed file file:/hdfs/cms/store/user/mario/QCD_Pt_170_250_BCtoE_TuneZ2star_8TeV_pythia6/Summer12-stop-pfele-step1/3d176ac8da5e9dff208d057f4733ca91/tuple_64_1_zI4.root
27-Nov-2012 03:04:03 EET  Initiating request to open file file:/hdfs/cms/store/user/mario/QCD_Pt_170_250_BCtoE_TuneZ2star_8TeV_pythia6/Summer12-stop-pfele-step1/3d176ac8da5e9dff208d057f4733ca91/tuple_58_1_QqD.root
27-Nov-2012 03:04:03 EET  Successfully opened file file:/hdfs/cms/store/user/mario/QCD_Pt_170_250_BCtoE_TuneZ2star_8TeV_pythia6/Summer12-stop-pfele-step1/3d176ac8da5e9dff208d057f4733ca91/tuple_58_1_QqD.root
Begin processing the 2001st record. Run 1, Event 14700257, LumiSection 625 at 27-Nov-2012 03:04:18.092 EET
Begin processing the 3001st record. Run 1, Event 16133610, LumiSection 686 at 27-Nov-2012 03:04:21.651 EET
27-Nov-2012 03:04:24 EET  Closed file file:/hdfs/cms/store/user/mario/QCD_Pt_170_250_BCtoE_TuneZ2star_8TeV_pythia6/Summer12-stop-pfele-step1/3d176ac8da5e9dff208d057f4733ca91/tuple_58_1_QqD.root
27-Nov-2012 03:04:24 EET  Initiating request to open file file:/hdfs/cms/store/user/mario/QCD_Pt_170_250_BCtoE_TuneZ2star_8TeV_pythia6/Summer12-stop-pfele-step1/3d176ac8da5e9dff208d057f4733ca91/tuple_59_1_Gus.root
27-Nov-2012 03:04:24 EET  Successfully opened file file:/hdfs/cms/store/user/mario/QCD_Pt_170_250_BCtoE_TuneZ2star_8TeV_pythia6/Summer12-stop-pfele-step1/3d176ac8da5e9dff208d057f4733ca91/tuple_59_1_Gus.root
Begin processing the 4001st record. Run 1, Event 17970054, LumiSection 764 at 27-Nov-2012 03:04:35.542 EET
Begin processing the 5001st record. Run 1, Event 23245432, LumiSection 988 at 27-Nov-2012 03:04:39.387 EET
27-Nov-2012 03:04:41 EET  Closed file file:/hdfs/cms/store/user/mario/QCD_Pt_170_250_BCtoE_TuneZ2star_8TeV_pythia6/Summer12-stop-pfele-step1/3d176ac8da5e9dff208d057f4733ca91/tuple_59_1_Gus.root
27-Nov-2012 03:04:41 EET  Initiating request to open file file:/hdfs/cms/store/user/mario/QCD_Pt_170_250_BCtoE_TuneZ2star_8TeV_pythia6/Summer12-stop-pfele-step1/3d176ac8da5e9dff208d057f4733ca91/tuple_60_2_BQF.root
27-Nov-2012 03:04:42 EET  Successfully opened file file:/hdfs/cms/store/user/mario/QCD_Pt_170_250_BCtoE_TuneZ2star_8TeV_pythia6/Summer12-stop-pfele-step1/3d176ac8da5e9dff208d057f4733ca91/tuple_60_2_BQF.root
Begin processing the 6001st record. Run 1, Event 23955629, LumiSection 1019 at 27-Nov-2012 03:04:47.725 EET
Begin processing the 7001st record. Run 1, Event 60846876, LumiSection 2587 at 27-Nov-2012 03:04:51.471 EET
27-Nov-2012 03:04:53 EET  Closed file file:/hdfs/cms/store/user/mario/QCD_Pt_170_250_BCtoE_TuneZ2star_8TeV_pythia6/Summer12-stop-pfele-step1/3d176ac8da5e9dff208d057f4733ca91/tuple_60_2_BQF.root
27-Nov-2012 03:04:53 EET  Initiating request to open file file:/hdfs/cms/store/user/mario/QCD_Pt_170_250_BCtoE_TuneZ2star_8TeV_pythia6/Summer12-stop-pfele-step1/3d176ac8da5e9dff208d057f4733ca91/tuple_67_1_SsT.root
27-Nov-2012 03:04:54 EET  Successfully opened file file:/hdfs/cms/store/user/mario/QCD_Pt_170_250_BCtoE_TuneZ2star_8TeV_pythia6/Summer12-stop-pfele-step1/3d176ac8da5e9dff208d057f4733ca91/tuple_67_1_SsT.root
Begin processing the 8001st record. Run 1, Event 70651970, LumiSection 3003 at 27-Nov-2012 03:04:58.828 EET
27-Nov-2012 03:05:00 EET  Closed file file:/hdfs/cms/store/user/mario/QCD_Pt_170_250_BCtoE_TuneZ2star_8TeV_pythia6/Summer12-stop-pfele-step1/3d176ac8da5e9dff208d057f4733ca91/tuple_67_1_SsT.root

=============================================

MessageLogger Summary

 type     category        sev    module        subroutine        count    total
 ---- -------------------- -- ---------------- ----------------  -----    -----
    1 fileAction           -s file_close                             5        5
    2 fileAction           -s file_open                             10       10

 type    category    Examples: run/evt        run/evt          run/evt
 ---- -------------------- ---------------- ---------------- ----------------
    1 fileAction           PostProcessEvent PostProcessEvent PostEndRun
    2 fileAction           pre-events       pre-events       PostProcessEvent

Severity    # Occurrences   Total Occurrences
--------    -------------   -----------------
System                 15                  15
>>> END OF printout of 42 lines from stdout+stderr
>>> Parse FrameworkJobReport crab_fjr.xml
Result of parsing the FrameworkJobReport crab_fjr.xml: Popularity start
lumisRange : 1::2236,2603,2606,2642,3156,3816-3817,3906,3910::1;1::1385,3003,3147,3495::2;1::762,764,766,780,787,796,987-988,990,992,994,1007::3;1::1007,1016,1019,1021,1026,2549-2550,2587,2648,2653,2666::4;1::616-618,625,660,680,686,707,795-796,2183,2270::5;
lumisParentRange : 
Basename : /store/user/mario/QCD_Pt_170_250_BCtoE_TuneZ2star_8TeV_pythia6/Summer12-stop-pfele-step1/3d176ac8da5e9dff208d057f4733ca91/tuple_
BasenameParent : 
parentFiles : 
inputBlocks : /QCD_Pt_170_250_BCtoE_TuneZ2star_8TeV_pythia6/mario-Summer12-stop-pfele-step1-3d176ac8da5e9dff208d057f4733ca91/USER#2481c777-c741-4631-bcfb-4b7233a7fdfe
inputFiles : 64_1_zI4.root::1::EDM::Local::1;67_1_SsT.root::1::EDM::Local::2;59_1_Gus.root::1::EDM::Local::3;60_2_BQF.root::1::EDM::Local::4;58_1_QqD.root::1::EDM::Local::5;
Popularity stop
Extracted ExitStatus from FrameworkJobReport parsing output: 0
>>> Executable succeded  0
ExeExitCode=0
EXECUTABLE_EXIT_STATUS = 0
>>> current directory /home/cms078/home_crmrs_652274007/CREAM652274007/glide_Y15620/execute/dir_32398/CMSSW_5_3_5
>>>  (SOFTWARE_DIR): /home/cms078/home_crmrs_652274007/CREAM652274007/glide_Y15620/execute/dir_32398/CMSSW_5_3_5
>>> (WORKING_DIR): 
>>> current directory content:
total 148
drwxr-xr-x 3 cms078 cms  4096 Nov 27 03:03 .SCRAM
-rw-r--r-- 1 cms078 cms 30066 Nov 27 03:03 CMSSW.py.pkl
drwxr-xr-x 3 cms078 cms  4096 Nov 27 03:03 bin
drwxr-xr-x 3 cms078 cms  4096 Nov 27 03:03 cfipython
drwxr-xr-x 5 cms078 cms  4096 Nov 27 03:03 config
-rw-r--r-- 1 cms078 cms    15 Nov 27 03:05 cpu_timing.txt
drwxr-xr-x 2 cms078 cms  4096 Nov 27 03:03 doc
-rw-r--r-- 1 cms078 cms  4870 Nov 27 03:05 executable.out
drwxr-xr-x 2 cms078 cms  4096 Nov 27 03:03 include
drwxrwxrwx 3 cms078 cms  4096 Oct 22 16:38 lib
drwxr-xr-x 3 cms078 cms  4096 Nov 27 03:03 logs
drwxr-xr-x 3 cms078 cms  4096 Nov 27 03:03 objs
-rw-r--r-- 1 cms078 cms 16517 Nov 27 03:05 optHistograms.root
-rw-r--r-- 1 cms078 cms   104 Nov 27 03:03 pset.py
-rw-r--r-- 1 cms078 cms 19475 Nov 27 03:03 pset.py.pkl
-rw-r--r-- 1 cms078 cms   289 Nov 27 03:03 pset.pyc
drwxr-xr-x 2 cms078 cms  4096 Nov 27 03:03 python
-rw-r--r-- 1 cms078 cms   420 Nov 27 03:05 report.log
drwxrwxrwx 4 cms078 cms  4096 Nov 27 03:03 src
drwxr-xr-x 3 cms078 cms  4096 Nov 27 03:03 test
drwxr-xr-x 3 cms078 cms  4096 Nov 27 03:03 tmp
>>> current directory /home/cms078/home_crmrs_652274007/CREAM652274007/glide_Y15620/execute/dir_32398/CMSSW_5_3_5
>>> (SOFTWARE_DIR): /home/cms078/home_crmrs_652274007/CREAM652274007/glide_Y15620/execute/dir_32398/CMSSW_5_3_5
>>> (WORKING_DIR): 
>>> current directory content:
total 128
drwxr-xr-x 3 cms078 cms  4096 Nov 27 03:03 .SCRAM
-rw-r--r-- 1 cms078 cms 30066 Nov 27 03:03 CMSSW.py.pkl
drwxr-xr-x 3 cms078 cms  4096 Nov 27 03:03 bin
drwxr-xr-x 3 cms078 cms  4096 Nov 27 03:03 cfipython
drwxr-xr-x 5 cms078 cms  4096 Nov 27 03:03 config
-rw-r--r-- 1 cms078 cms    15 Nov 27 03:05 cpu_timing.txt
drwxr-xr-x 2 cms078 cms  4096 Nov 27 03:03 doc
-rw-r--r-- 1 cms078 cms  4870 Nov 27 03:05 executable.out
drwxr-xr-x 2 cms078 cms  4096 Nov 27 03:03 include
drwxrwxrwx 3 cms078 cms  4096 Oct 22 16:38 lib
drwxr-xr-x 3 cms078 cms  4096 Nov 27 03:03 logs
drwxr-xr-x 3 cms078 cms  4096 Nov 27 03:03 objs
-rw-r--r-- 1 cms078 cms   104 Nov 27 03:03 pset.py
-rw-r--r-- 1 cms078 cms 19475 Nov 27 03:03 pset.py.pkl
-rw-r--r-- 1 cms078 cms   289 Nov 27 03:03 pset.pyc
drwxr-xr-x 2 cms078 cms  4096 Nov 27 03:03 python
-rw-r--r-- 1 cms078 cms   420 Nov 27 03:05 report.log
drwxrwxrwx 4 cms078 cms  4096 Nov 27 03:03 src
drwxr-xr-x 3 cms078 cms  4096 Nov 27 03:03 test
drwxr-xr-x 3 cms078 cms  4096 Nov 27 03:03 tmp
>>> current directory (RUNTIME_AREA):  /home/cms078/home_crmrs_652274007/CREAM652274007/glide_Y15620/execute/dir_32398
>>> current dir: /home/cms078/home_crmrs_652274007/CREAM652274007/glide_Y15620/execute/dir_32398
>>> current dir content:
total 25756
-rw-rw-rw-  1 cms078 cms     5602 Nov 27 03:02 .job.ad
-rw-rw-rw-  1 cms078 cms    11518 Nov 27 03:02 .machine.ad
-rw-rw-rw-  1 cms078 cms      105 Nov 27 01:41 CMSSW.py
-rw-rw-rw-  1 cms078 cms    30066 Nov 27 01:41 CMSSW.py.pkl
-rwxrw-rw-  1 cms078 cms    23331 Nov 27 03:02 CMSSW.sh
-rw-rw-rw-  1 cms078 cms        0 Nov 27 03:02 CMSSW_40.stderr
-rw-rw-rw-  1 cms078 cms    17112 Nov 27 03:05 CMSSW_40.stdout
drwxr-xr-x 15 cms078 cms     4096 Nov 27 03:05 CMSSW_5_3_5
-rw-r--r--  1 cms078 cms      347 Nov 27 03:03 CacheEnv.sh
-rw-rw-rw-  1 cms078 cms     7291 Jun  9  2010 DashboardAPI.py
-rw-r--r--  1 cms078 cms     6883 Nov 27 03:03 DashboardAPI.pyc
drwxrwxrwx  3 cms078 cms     4096 Nov 27 03:05 IMProv
-rw-rw-rw-  1 cms078 cms     2748 Mar  8  2006 Logger.py
-rw-r--r--  1 cms078 cms     3353 Nov 27 03:03 Logger.pyc
-rw-rw-rw-  1 cms078 cms    24524 Mar 28  2008 ProcInfo.py
-rw-r--r--  1 cms078 cms    23470 Nov 27 03:03 ProcInfo.pyc
drwxrwxrwx  7 cms078 cms     4096 Nov 27 03:03 ProdCommon
drwxrwxrwx  3 cms078 cms     4096 Nov 27 03:03 WMCore
-rw-r--r--  1 cms078 cms     1210 Nov 27 03:04 Watchdog_40.log
-rw-rw-rw-  1 cms078 cms    32895 Mar 28  2008 apmon.py
-rw-r--r--  1 cms078 cms    28874 Nov 27 03:03 apmon.pyc
-rw-rw-rw-  1 cms078 cms    95368 Nov 27 03:02 arguments.xml
-rwxrwxrwx  1 cms078 cms    37427 Sep 13 14:14 cmscp.py
-rwxrwxrwx  1 cms078 cms    23331 Nov 27 03:02 condor_exec.exe
-rw-rw-rw-  1 cms078 cms      541 Nov 27 01:40 crab.cfg
-rwxrwxrwx  1 cms078 cms     9531 Sep 20 21:46 crabWatchdog.sh
-rw-r--r--  1 cms078 cms    30246 Nov 27 03:05 crab_fjr_40.xml
-rw-rw-rw-  1 cms078 cms 25796290 Nov 27 03:02 default.tgz
-rwxrwxrwx  1 cms078 cms     4488 May 12  2012 fillCrabFjr.py
-rw-r--r--  1 cms078 cms      911 Nov 27 03:03 inputsReport.txt
-rw-r--r--  1 cms078 cms      132 Nov 27 03:05 jobreport.txt
lrwxrwxrwx  1 cms078 cms      107 Nov 27 03:05 optHistograms.root -> /home/cms078/home_crmrs_652274007/CREAM652274007/glide_Y15620/execute/dir_32398/optHistograms_40_1_wB6.root
-rw-r--r--  1 cms078 cms    16517 Nov 27 03:05 optHistograms_40_1_wB6.root
-rw-rw-rw-  1 cms078 cms    17352 Jan 20  2012 parseCrabFjr.py
-rw-r--r--  1 cms078 cms      283 Nov 27 03:03 report.log
-rwxrwxrwx  1 cms078 cms     1497 May 27  2009 report.py
-rwxrwxrwx  1 cms078 cms     8387 Mar 23  2011 writeCfg.py
-rw-------  1 cms078 cms     8691 Nov 27 03:02 x509up_u1000009
Checking output files:  
will tar file optHistograms_40_1_wB6.root in  out_files_40
will tar file crab_fjr_40.xml in  out_files_40
will tar file CMSSW_40.stdout in  out_files_40
will tar file CMSSW_40.stderr in  out_files_40
WARNING: output file Watchdog_40.log.gz not found!
>>> padding time: Sleeping the wrapper for 463 seconds
STOPPING WATCHDOG. CrabWatchdog PID is 1362
********** LAST 50 LINES OF WATCHDOG LOG
# RESOURCE USAGE SUMMARY FOR PROCESS ID   679
USER       PID %CPU %MEM    VSZ   RSS TTY      STAT START   TIME COMMAND
cms078     679  0.2  0.0   8956  1488 ?        S    03:02   0:00 /bin/sh /home/cms078/home_crmrs_652274007/CREAM652274007/glide_Y15620/execute/dir_32398/condor_exec.exe 40 1
 
# LIMITS USED BY THIS WATCHDOG:
# RSS  (KBytes)  : 2300000
# VSZ  (KBytes)  : 100000000
# DISK (MBytes)  : 19000
# CPU  (seconds) : 171600
# WALL (seconds) : 171600
 
# FOLLOWING PRINTOUT TRACKS MAXIMUM VALUES OF RESOURCES USE
# ONE LINE IS PRINTED EACH TIME A MAXIMUM CHANGES
# IF CHANGE WAS IN RSS OR VSZ ALSO PROCID AND COMMAND ARE PRINTED
# THERE IS NO PRINTOUT FOR CPU/WALL TIME INCREASE
 
# TIME			PID	RSS(KB)	VSZ(KB)	Dsk(MB)	tCPU(s)	tWALL(s)	COMMAND
 Nov 27 03:03:07 EET	679	1488	8956	0	0	9	/bin/sh /home/cms078/home_crmrs_652274007/CREAM652274007/glide_Y15620/execute/dir_32398/condor_exec.exe 40 1      
 Nov 27 03:03:07 EET	1382	22416	84720	0	0	0	edmConfigHash pset.py        
 Nov 27 03:03:07 EET	---	22416	84720	168	----	----	----
 Nov 27 03:04:11 EET	2766	331496	554344	168	18	56	cmsRun -j /home/cms078/home_crmrs_652274007/CREAM652274007/glide_Y15620/execute/dir_32398/crab_fjr_40.xml -p pset.py     
 Nov 27 03:05:15 EET	---	331496	554344	169	----	----	----
********** WATCHDOG LOG ENDED
ZIPPING WATCHDOG LOG
Disk space used:
du -sh /home/cms078/home_crmrs_652274007/CREAM652274007/glide_Y15620/execute/dir_32398
169M	/home/cms078/home_crmrs_652274007/CREAM652274007/glide_Y15620/execute/dir_32398
>>> info for dashboard:
***** Cat /home/cms078/home_crmrs_652274007/CREAM652274007/glide_Y15620/execute/dir_32398/jobreport.txt *****
MonitorJobID=40_https://submit-2.t2.ucsd.edu//121127//17538.39
MonitorID=liis_crab_0_121127_014046_63dm8n
ExeTime=107
ExeExitCode=0
CrabUserCpuTime=41.90
CrabSysCpuTime=4.38
CrabCpuPercentage=43%
CrabWrapperTime=600
CrabStageoutTime=NULL
***** End Cat jobreport *****
Parameters sent to Dashboard.
optHistograms_40_1_wB6.root
crab_fjr_40.xml
CMSSW_40.stdout
CMSSW_40.stderr
Watchdog_40.log.gz
tar: .BrokerInfo: Cannot stat: No such file or directory
tar: Error exit delayed from previous errors
Total Output dimension: 18204
WARNING: output files size limit is set to: 50000000
Total Output dimension 18204 is fine.
JOB_EXIT_STATUS = 0
>>> info for dashboard:
***** Cat /home/cms078/home_crmrs_652274007/CREAM652274007/glide_Y15620/execute/dir_32398/jobreport.txt *****
MonitorJobID=40_https://submit-2.t2.ucsd.edu//121127//17538.39
MonitorID=liis_crab_0_121127_014046_63dm8n
JobExitCode=0
***** End Cat jobreport *****
Parameters sent to Dashboard.
optHistograms_40_1_wB6.root
crab_fjr_40.xml
