This script was generated by crab (version 2.8.3).
Running /home/cms006/home_crmrs_137323200/CREAM137323200/glide_v21356/execute/dir_29778/condor_exec.exe with 2 positional parameters: 61 1
Today is Tue Nov 27 03:03:29 EET 2012
Job submitted on host wn-v-4124.local
Linux wn-v-4124.local 2.6.32-042stab059.7 #1 SMP Tue Jul 24 19:12:01 MSK 2012 x86_64 x86_64 x86_64 GNU/Linux
>>> current directory (RUNTIME_AREA): /home/cms006/home_crmrs_137323200/CREAM137323200/glide_v21356/execute/dir_29778
>>> current user: uid=11006(cms006) gid=1400(cms) groups=1400(cms)
>>> voms proxy information:
subject   : /DC=ch/DC=cern/OU=Organic Units/OU=Users/CN=liis/CN=663550/CN=Liis Rebane/CN=proxy/CN=limited proxy
issuer    : /DC=ch/DC=cern/OU=Organic Units/OU=Users/CN=liis/CN=663550/CN=Liis Rebane/CN=proxy
identity  : /DC=ch/DC=cern/OU=Organic Units/OU=Users/CN=liis/CN=663550/CN=Liis Rebane/CN=proxy
type      : limited proxy
strength  : 512 bits
path      : /home/cms006/home_crmrs_137323200/CREAM137323200/glide_v21356/execute/dir_29778/x509up_u1000009
timeleft  : 23:58:37
key usage : Digital Signature, Key Encipherment, Data Encipherment
=== VO cms extension information ===
VO        : cms
subject   : /DC=ch/DC=cern/OU=Organic Units/OU=Users/CN=liis/CN=663550/CN=Liis Rebane
issuer    : /DC=ch/DC=cern/OU=computers/CN=lcg-voms.cern.ch
attribute : /cms/Role=NULL/Capability=NULL
timeleft  : 190:22:08
uri       : lcg-voms.cern.ch:15002
>>> tar xzf /home/cms006/home_crmrs_137323200/CREAM137323200/glide_v21356/execute/dir_29778/default.tgz :
Successful untar
>>> Include /home/cms006/home_crmrs_137323200/CREAM137323200/glide_v21356/execute/dir_29778 in PYTHONPATH:
strip arguments
env var CRAB_UNIQUE_JOB_ID set to: liis_crab_0_121127_014046_63dm8n_61_1_KlC
out_files_61
>>> list of expected files on output sandbox
output files: optHistograms_61_1_KlC.root crab_fjr_61.xml CMSSW_61.stdout CMSSW_61.stderr Watchdog_61.log.gz
>>> GridFlavour discovery: 
GridFlavour=LCG
>>> SyncSite discovery: 
SyncSite=T2_EE_Estonia
>>> SyncCE discovery: 
getting SyncCE from CE_ID
SyncCE=mars.hep.kbfi.ee:8443/cream-pbs-long
>>> info for dashboard:
***** Cat /home/cms006/home_crmrs_137323200/CREAM137323200/glide_v21356/execute/dir_29778/jobreport.txt *****
MonitorJobID=61_https://submit-2.t2.ucsd.edu//121127//17538.60
SyncGridJobId=https://submit-2.t2.ucsd.edu//121127//17538.60
MonitorID=liis_crab_0_121127_014046_63dm8n
GridFlavour=LCG
SyncSite=T2_EE_Estonia
SyncCE=mars.hep.kbfi.ee:8443/cream-pbs-long
***** End Cat jobreport *****
Parameters sent to Dashboard.
>>> setup environment
set SCRAM ARCH to slc5_amd64_gcc462
SCRAM_ARCH = slc5_amd64_gcc462
>>> setup CMS LCG environment:
set SCRAM ARCH and BUILD_ARCH to slc5_amd64_gcc462 ###
Sourcing environment... 
sourcing /cvmfs/cms.cern.ch/cmsset_default.sh
==> setup cms environment ok
>>> specific cmssw setup environment:
CMSSW_VERSION =  CMSSW_5_3_5
>>> current directory (SOFTWARE_DIR): /home/cms006/home_crmrs_137323200/CREAM137323200/glide_v21356/execute/dir_29778/CMSSW_5_3_5
PreserveSeeds: <>
IncrementSeeds:<>
{}
WNHostName=wn-v-4124.local
>>> info for dashboard:
***** Cat /home/cms006/home_crmrs_137323200/CREAM137323200/glide_v21356/execute/dir_29778/jobreport.txt *****
MonitorJobID=61_https://submit-2.t2.ucsd.edu//121127//17538.60
MonitorID=liis_crab_0_121127_014046_63dm8n
WNHostName=wn-v-4124.local
***** End Cat jobreport *****
Parameters sent to Dashboard.
crabWatchdog started as process 2272
>>> moving CMSSW software directories in /home/cms006/home_crmrs_137323200/CREAM137323200/glide_v21356/execute/dir_29778/CMSSW_5_3_5
mv: cannot stat `/home/cms006/home_crmrs_137323200/CREAM137323200/glide_v21356/execute/dir_29778/module/': No such file or directory
>>> Include /home/cms006/home_crmrs_137323200/CREAM137323200/glide_v21356/execute/dir_29778 in PYTHONPATH:
PYTHONPATH=/home/cms006/home_crmrs_137323200/CREAM137323200/glide_v21356/execute/dir_29778/:/home/cms006/home_crmrs_137323200/CREAM137323200/glide_v21356/execute/dir_29778/CMSSW_5_3_5/python:/home/cms006/home_crmrs_137323200/CREAM137323200/glide_v21356/execute/dir_29778/CMSSW_5_3_5/lib/slc5_amd64_gcc462:/cvmfs/cms.cern.ch/slc5_amd64_gcc462/cms/cmssw/CMSSW_5_3_5/python:/cvmfs/cms.cern.ch/slc5_amd64_gcc462/cms/cmssw/CMSSW_5_3_5/lib/slc5_amd64_gcc462:/cvmfs/cms.cern.ch/slc5_amd64_gcc462/cms/coral/CORAL_2_3_21-cms27/slc5_amd64_gcc462/python:/cvmfs/cms.cern.ch/slc5_amd64_gcc462/cms/coral/CORAL_2_3_21-cms27/slc5_amd64_gcc462/lib:/cvmfs/cms.cern.ch/slc5_amd64_gcc462/external/pyqt/4.8.1/lib/python2.6/site-packages:/cvmfs/cms.cern.ch/slc5_amd64_gcc462/external/py2-scipy/0.8.0/lib/python2.6/site-packages:/cvmfs/cms.cern.ch/slc5_amd64_gcc462/external/py2-matplotlib/1.0.1/lib/python2.6/site-packages:/cvmfs/cms.cern.ch/slc5_amd64_gcc462/external/python-ldap/2.3.5/lib/python2.6/site-packages:/cvmfs/cms.cern.ch/slc5_amd64_gcc462/external/sip/4.11.2/lib/python2.6/site-packages:/cvmfs/cms.cern.ch/slc5_amd64_gcc462/external/py2-pycurl/7.19.0/lib/python2.6/site-packages:/cvmfs/cms.cern.ch/slc5_amd64_gcc462/external/py2-numpy/1.6.1/lib/python2.6/site-packages:/cvmfs/cms.cern.ch/slc5_amd64_gcc462/external/py2-ipython/0.10/lib/python2.6/site-packages:/cvmfs/cms.cern.ch/slc5_amd64_gcc462/external/py2-cx-oracle/5.1-cms11/lib/python2.6/site-packages:/cvmfs/cms.cern.ch/slc5_amd64_gcc462/external/py2-cjson/1.0.5/lib/python2.6/site-packages:/cvmfs/cms.cern.ch/slc5_amd64_gcc462/cms/das-client/1.4.1-cms8/bin:/cvmfs/cms.cern.ch/slc5_amd64_gcc462/external/elementtree/1.2.6/share/lib/python2.6/site-packages:/cvmfs/cms.cern.ch/slc5_amd64_gcc462/external/rivet/1.5.1-cms10/lib/python2.6/site-packages:/cvmfs/cms.cern.ch/slc5_amd64_gcc462/external/pyminuit2/0.0.1-cms34/lib/python2.6/site-packages:/cvmfs/cms.cern.ch/slc5_amd64_gcc462/external/professor/1.0.0-cms35/lib/python2.6/site-packages:/cvmfs/cms.cern.ch/slc5_amd64_gcc462/lcg/root/5.32.00-cms18/lib:/cvmfs/cms.cern.ch/slc5_amd64_gcc462/cms/dbs-client/DBS_2_1_1_patch1_1/lib:/cvmfs/cms.cern.ch/slc5_amd64_gcc462/cms/dbs-client/DBS_2_1_1_patch1_1/lib/DBSAPI:/home/cms006/home_crmrs_137323200/CREAM137323200/glide_v21356/execute/dir_29778/
241a2a19cb7c5c8751ba22759ab3bdb0
PSETHASH = 241a2a19cb7c5c8751ba22759ab3bdb0
/home/cms006/home_crmrs_137323200/CREAM137323200/glide_v21356/execute/dir_29778/writeCfg.py pset.py pset.py
Importing .py file
Setting parameters
inputBlocks=/QCD_Pt_170_250_BCtoE_TuneZ2star_8TeV_pythia6/mario-Summer12-stop-pfele-step1-3d176ac8da5e9dff208d057f4733ca91/USER#2481c777-c741-4631-bcfb-4b7233a7fdfe
inputFiles=/store/user/mario/QCD_Pt_170_250_BCtoE_TuneZ2star_8TeV_pythia6/Summer12-stop-pfele-step1/3d176ac8da5e9dff208d057f4733ca91/tuple_184_1_Beu.root;/store/user/mario/QCD_Pt_170_250_BCtoE_TuneZ2star_8TeV_pythia6/Summer12-stop-pfele-step1/3d176ac8da5e9dff208d057f4733ca91/tuple_185_1_4pr.root;/store/user/mario/QCD_Pt_170_250_BCtoE_TuneZ2star_8TeV_pythia6/Summer12-stop-pfele-step1/3d176ac8da5e9dff208d057f4733ca91/tuple_186_1_nuq.root;/store/user/mario/QCD_Pt_170_250_BCtoE_TuneZ2star_8TeV_pythia6/Summer12-stop-pfele-step1/3d176ac8da5e9dff208d057f4733ca91/tuple_187_1_Lal.root;/store/user/mario/QCD_Pt_170_250_BCtoE_TuneZ2star_8TeV_pythia6/Summer12-stop-pfele-step1/3d176ac8da5e9dff208d057f4733ca91/tuple_188_1_x9p.root
parentFiles=
lumisRange=
>>> Executable cmsRun
/cvmfs/cms.cern.ch/slc5_amd64_gcc462/cms/cmssw/CMSSW_5_3_5/bin/slc5_amd64_gcc462/cmsRun
ok executable found
>>> info for dashboard:
***** Cat /home/cms006/home_crmrs_137323200/CREAM137323200/glide_v21356/execute/dir_29778/jobreport.txt *****
MonitorJobID=61_https://submit-2.t2.ucsd.edu//121127//17538.60
MonitorID=liis_crab_0_121127_014046_63dm8n
ExeStart=cmsRun
***** End Cat jobreport *****
Parameters sent to Dashboard.
>>> cmsRun started at Tue Nov 27 01:03:58 UTC 2012
>>> cmsRun ended at Tue Nov 27 01:05:37 UTC 2012
>>> info for dashboard:
***** Cat /home/cms006/home_crmrs_137323200/CREAM137323200/glide_v21356/execute/dir_29778/jobreport.txt *****
MonitorJobID=61_https://submit-2.t2.ucsd.edu//121127//17538.60
MonitorID=liis_crab_0_121127_014046_63dm8n
ExeEnd=cmsRun
***** End Cat jobreport *****
Parameters sent to Dashboard.
TIME_EXE = 99 sec
>>> cmsRun wrote 42 lines of stdout+stderr
>>> START OF printout of 42 lines from stdout+stderr
27-Nov-2012 03:04:24 EET  Initiating request to open file file:/hdfs/cms/store/user/mario/QCD_Pt_170_250_BCtoE_TuneZ2star_8TeV_pythia6/Summer12-stop-pfele-step1/3d176ac8da5e9dff208d057f4733ca91/tuple_184_1_Beu.root
27-Nov-2012 03:04:31 EET  Successfully opened file file:/hdfs/cms/store/user/mario/QCD_Pt_170_250_BCtoE_TuneZ2star_8TeV_pythia6/Summer12-stop-pfele-step1/3d176ac8da5e9dff208d057f4733ca91/tuple_184_1_Beu.root
Begin processing the 1st record. Run 1, Event 75943901, LumiSection 3228 at 27-Nov-2012 03:04:38.885 EET
Begin processing the 1001st record. Run 1, Event 78019894, LumiSection 3316 at 27-Nov-2012 03:04:45.642 EET
27-Nov-2012 03:04:48 EET  Closed file file:/hdfs/cms/store/user/mario/QCD_Pt_170_250_BCtoE_TuneZ2star_8TeV_pythia6/Summer12-stop-pfele-step1/3d176ac8da5e9dff208d057f4733ca91/tuple_184_1_Beu.root
27-Nov-2012 03:04:48 EET  Initiating request to open file file:/hdfs/cms/store/user/mario/QCD_Pt_170_250_BCtoE_TuneZ2star_8TeV_pythia6/Summer12-stop-pfele-step1/3d176ac8da5e9dff208d057f4733ca91/tuple_185_1_4pr.root
27-Nov-2012 03:04:49 EET  Successfully opened file file:/hdfs/cms/store/user/mario/QCD_Pt_170_250_BCtoE_TuneZ2star_8TeV_pythia6/Summer12-stop-pfele-step1/3d176ac8da5e9dff208d057f4733ca91/tuple_185_1_4pr.root
Begin processing the 2001st record. Run 1, Event 90420540, LumiSection 3843 at 27-Nov-2012 03:04:54.310 EET
Begin processing the 3001st record. Run 1, Event 44488723, LumiSection 1891 at 27-Nov-2012 03:04:58.623 EET
27-Nov-2012 03:05:03 EET  Closed file file:/hdfs/cms/store/user/mario/QCD_Pt_170_250_BCtoE_TuneZ2star_8TeV_pythia6/Summer12-stop-pfele-step1/3d176ac8da5e9dff208d057f4733ca91/tuple_185_1_4pr.root
27-Nov-2012 03:05:03 EET  Initiating request to open file file:/hdfs/cms/store/user/mario/QCD_Pt_170_250_BCtoE_TuneZ2star_8TeV_pythia6/Summer12-stop-pfele-step1/3d176ac8da5e9dff208d057f4733ca91/tuple_186_1_nuq.root
27-Nov-2012 03:05:04 EET  Successfully opened file file:/hdfs/cms/store/user/mario/QCD_Pt_170_250_BCtoE_TuneZ2star_8TeV_pythia6/Summer12-stop-pfele-step1/3d176ac8da5e9dff208d057f4733ca91/tuple_186_1_nuq.root
Begin processing the 4001st record. Run 1, Event 80156727, LumiSection 3407 at 27-Nov-2012 03:05:10.366 EET
Begin processing the 5001st record. Run 1, Event 89592846, LumiSection 3808 at 27-Nov-2012 03:05:14.033 EET
Begin processing the 6001st record. Run 1, Event 31780657, LumiSection 1351 at 27-Nov-2012 03:05:17.550 EET
27-Nov-2012 03:05:18 EET  Closed file file:/hdfs/cms/store/user/mario/QCD_Pt_170_250_BCtoE_TuneZ2star_8TeV_pythia6/Summer12-stop-pfele-step1/3d176ac8da5e9dff208d057f4733ca91/tuple_186_1_nuq.root
27-Nov-2012 03:05:18 EET  Initiating request to open file file:/hdfs/cms/store/user/mario/QCD_Pt_170_250_BCtoE_TuneZ2star_8TeV_pythia6/Summer12-stop-pfele-step1/3d176ac8da5e9dff208d057f4733ca91/tuple_187_1_Lal.root
27-Nov-2012 03:05:18 EET  Successfully opened file file:/hdfs/cms/store/user/mario/QCD_Pt_170_250_BCtoE_TuneZ2star_8TeV_pythia6/Summer12-stop-pfele-step1/3d176ac8da5e9dff208d057f4733ca91/tuple_187_1_Lal.root
Begin processing the 7001st record. Run 1, Event 76128158, LumiSection 3236 at 27-Nov-2012 03:05:26.905 EET
Begin processing the 8001st record. Run 1, Event 66878588, LumiSection 2843 at 27-Nov-2012 03:05:30.528 EET
27-Nov-2012 03:05:31 EET  Closed file file:/hdfs/cms/store/user/mario/QCD_Pt_170_250_BCtoE_TuneZ2star_8TeV_pythia6/Summer12-stop-pfele-step1/3d176ac8da5e9dff208d057f4733ca91/tuple_187_1_Lal.root
27-Nov-2012 03:05:31 EET  Initiating request to open file file:/hdfs/cms/store/user/mario/QCD_Pt_170_250_BCtoE_TuneZ2star_8TeV_pythia6/Summer12-stop-pfele-step1/3d176ac8da5e9dff208d057f4733ca91/tuple_188_1_x9p.root
27-Nov-2012 03:05:32 EET  Successfully opened file file:/hdfs/cms/store/user/mario/QCD_Pt_170_250_BCtoE_TuneZ2star_8TeV_pythia6/Summer12-stop-pfele-step1/3d176ac8da5e9dff208d057f4733ca91/tuple_188_1_x9p.root
27-Nov-2012 03:05:36 EET  Closed file file:/hdfs/cms/store/user/mario/QCD_Pt_170_250_BCtoE_TuneZ2star_8TeV_pythia6/Summer12-stop-pfele-step1/3d176ac8da5e9dff208d057f4733ca91/tuple_188_1_x9p.root

=============================================

MessageLogger Summary

 type     category        sev    module        subroutine        count    total
 ---- -------------------- -- ---------------- ----------------  -----    -----
    1 fileAction           -s file_close                             5        5
    2 fileAction           -s file_open                             10       10

 type    category    Examples: run/evt        run/evt          run/evt
 ---- -------------------- ---------------- ---------------- ----------------
    1 fileAction           PostProcessEvent PostProcessEvent PostEndRun
    2 fileAction           pre-events       pre-events       PostProcessEvent

Severity    # Occurrences   Total Occurrences
--------    -------------   -----------------
System                 15                  15
>>> END OF printout of 42 lines from stdout+stderr
>>> Parse FrameworkJobReport crab_fjr.xml
Result of parsing the FrameworkJobReport crab_fjr.xml: Popularity start
lumisRange : 1::::1;1::1844,2957,2962,3228-3229,3316,3325,3344-3345,3842-3843::2;1::1299-1300,1310,1351,1486,3407,3464,3534,3551,3715,3808,3812::3;1::622,1363,1662,1889,1891,2946,3087,3239,3407,3843,3952::4;1::1486,1605,1654,2382,2841,2843,3089,3236,3246,3413,3976::5;
lumisParentRange : 
Basename : /store/user/mario/QCD_Pt_170_250_BCtoE_TuneZ2star_8TeV_pythia6/Summer12-stop-pfele-step1/3d176ac8da5e9dff208d057f4733ca91/tuple_18
BasenameParent : 
parentFiles : 
inputBlocks : /QCD_Pt_170_250_BCtoE_TuneZ2star_8TeV_pythia6/mario-Summer12-stop-pfele-step1-3d176ac8da5e9dff208d057f4733ca91/USER#2481c777-c741-4631-bcfb-4b7233a7fdfe
inputFiles : 8_1_x9p.root::1::EDM::Local::1;4_1_Beu.root::1::EDM::Local::2;6_1_nuq.root::1::EDM::Local::3;5_1_4pr.root::1::EDM::Local::4;7_1_Lal.root::1::EDM::Local::5;
Popularity stop
Extracted ExitStatus from FrameworkJobReport parsing output: 0
>>> Executable succeded  0
ExeExitCode=0
EXECUTABLE_EXIT_STATUS = 0
>>> current directory /home/cms006/home_crmrs_137323200/CREAM137323200/glide_v21356/execute/dir_29778/CMSSW_5_3_5
>>>  (SOFTWARE_DIR): /home/cms006/home_crmrs_137323200/CREAM137323200/glide_v21356/execute/dir_29778/CMSSW_5_3_5
>>> (WORKING_DIR): 
>>> current directory content:
total 148
drwxr-xr-x 3 cms006 cms  4096 Nov 27 03:03 .SCRAM
-rw-r--r-- 1 cms006 cms 30066 Nov 27 03:03 CMSSW.py.pkl
drwxr-xr-x 3 cms006 cms  4096 Nov 27 03:03 bin
drwxr-xr-x 3 cms006 cms  4096 Nov 27 03:03 cfipython
drwxr-xr-x 5 cms006 cms  4096 Nov 27 03:03 config
-rw-r--r-- 1 cms006 cms    15 Nov 27 03:05 cpu_timing.txt
drwxr-xr-x 2 cms006 cms  4096 Nov 27 03:03 doc
-rw-r--r-- 1 cms006 cms  4889 Nov 27 03:05 executable.out
drwxr-xr-x 2 cms006 cms  4096 Nov 27 03:03 include
drwxrwxrwx 3 cms006 cms  4096 Oct 22 16:38 lib
drwxr-xr-x 3 cms006 cms  4096 Nov 27 03:03 logs
drwxr-xr-x 3 cms006 cms  4096 Nov 27 03:03 objs
-rw-r--r-- 1 cms006 cms 17081 Nov 27 03:05 optHistograms.root
-rw-r--r-- 1 cms006 cms   104 Nov 27 03:03 pset.py
-rw-r--r-- 1 cms006 cms 19480 Nov 27 03:03 pset.py.pkl
-rw-r--r-- 1 cms006 cms   289 Nov 27 03:03 pset.pyc
drwxr-xr-x 2 cms006 cms  4096 Nov 27 03:03 python
-rw-r--r-- 1 cms006 cms   420 Nov 27 03:05 report.log
drwxrwxrwx 4 cms006 cms  4096 Nov 27 03:03 src
drwxr-xr-x 3 cms006 cms  4096 Nov 27 03:03 test
drwxr-xr-x 3 cms006 cms  4096 Nov 27 03:03 tmp
>>> current directory /home/cms006/home_crmrs_137323200/CREAM137323200/glide_v21356/execute/dir_29778/CMSSW_5_3_5
>>> (SOFTWARE_DIR): /home/cms006/home_crmrs_137323200/CREAM137323200/glide_v21356/execute/dir_29778/CMSSW_5_3_5
>>> (WORKING_DIR): 
>>> current directory content:
total 128
drwxr-xr-x 3 cms006 cms  4096 Nov 27 03:03 .SCRAM
-rw-r--r-- 1 cms006 cms 30066 Nov 27 03:03 CMSSW.py.pkl
drwxr-xr-x 3 cms006 cms  4096 Nov 27 03:03 bin
drwxr-xr-x 3 cms006 cms  4096 Nov 27 03:03 cfipython
drwxr-xr-x 5 cms006 cms  4096 Nov 27 03:03 config
-rw-r--r-- 1 cms006 cms    15 Nov 27 03:05 cpu_timing.txt
drwxr-xr-x 2 cms006 cms  4096 Nov 27 03:03 doc
-rw-r--r-- 1 cms006 cms  4889 Nov 27 03:05 executable.out
drwxr-xr-x 2 cms006 cms  4096 Nov 27 03:03 include
drwxrwxrwx 3 cms006 cms  4096 Oct 22 16:38 lib
drwxr-xr-x 3 cms006 cms  4096 Nov 27 03:03 logs
drwxr-xr-x 3 cms006 cms  4096 Nov 27 03:03 objs
-rw-r--r-- 1 cms006 cms   104 Nov 27 03:03 pset.py
-rw-r--r-- 1 cms006 cms 19480 Nov 27 03:03 pset.py.pkl
-rw-r--r-- 1 cms006 cms   289 Nov 27 03:03 pset.pyc
drwxr-xr-x 2 cms006 cms  4096 Nov 27 03:03 python
-rw-r--r-- 1 cms006 cms   420 Nov 27 03:05 report.log
drwxrwxrwx 4 cms006 cms  4096 Nov 27 03:03 src
drwxr-xr-x 3 cms006 cms  4096 Nov 27 03:03 test
drwxr-xr-x 3 cms006 cms  4096 Nov 27 03:03 tmp
>>> current directory (RUNTIME_AREA):  /home/cms006/home_crmrs_137323200/CREAM137323200/glide_v21356/execute/dir_29778
>>> current dir: /home/cms006/home_crmrs_137323200/CREAM137323200/glide_v21356/execute/dir_29778
>>> current dir content:
total 25756
-rw-rw-rw-  1 cms006 cms     5575 Nov 27 03:03 .job.ad
-rw-rw-rw-  1 cms006 cms    11326 Nov 27 03:03 .machine.ad
-rw-rw-rw-  1 cms006 cms      105 Nov 27 01:41 CMSSW.py
-rw-rw-rw-  1 cms006 cms    30066 Nov 27 01:41 CMSSW.py.pkl
-rwxrw-rw-  1 cms006 cms    23331 Nov 27 03:03 CMSSW.sh
drwxr-xr-x 15 cms006 cms     4096 Nov 27 03:05 CMSSW_5_3_5
-rw-rw-rw-  1 cms006 cms        0 Nov 27 03:03 CMSSW_61.stderr
-rw-rw-rw-  1 cms006 cms    17142 Nov 27 03:05 CMSSW_61.stdout
-rw-r--r--  1 cms006 cms      347 Nov 27 03:03 CacheEnv.sh
-rw-rw-rw-  1 cms006 cms     7291 Jun  9  2010 DashboardAPI.py
-rw-r--r--  1 cms006 cms     6883 Nov 27 03:03 DashboardAPI.pyc
drwxrwxrwx  3 cms006 cms     4096 Nov 27 03:05 IMProv
-rw-rw-rw-  1 cms006 cms     2748 Mar  8  2006 Logger.py
-rw-r--r--  1 cms006 cms     3353 Nov 27 03:03 Logger.pyc
-rw-rw-rw-  1 cms006 cms    24524 Mar 28  2008 ProcInfo.py
-rw-r--r--  1 cms006 cms    23470 Nov 27 03:03 ProcInfo.pyc
drwxrwxrwx  7 cms006 cms     4096 Nov 27 03:03 ProdCommon
drwxrwxrwx  3 cms006 cms     4096 Nov 27 03:03 WMCore
-rw-r--r--  1 cms006 cms     1452 Nov 27 03:04 Watchdog_61.log
-rw-rw-rw-  1 cms006 cms    32895 Mar 28  2008 apmon.py
-rw-r--r--  1 cms006 cms    28874 Nov 27 03:03 apmon.pyc
-rw-rw-rw-  1 cms006 cms    95368 Nov 27 03:03 arguments.xml
-rwxrwxrwx  1 cms006 cms    37427 Sep 13 14:14 cmscp.py
-rwxrwxrwx  1 cms006 cms    23331 Nov 27 03:03 condor_exec.exe
-rw-rw-rw-  1 cms006 cms      541 Nov 27 01:40 crab.cfg
-rwxrwxrwx  1 cms006 cms     9531 Sep 20 21:46 crabWatchdog.sh
-rw-r--r--  1 cms006 cms    30224 Nov 27 03:05 crab_fjr_61.xml
-rw-rw-rw-  1 cms006 cms 25796290 Nov 27 03:03 default.tgz
-rwxrwxrwx  1 cms006 cms     4488 May 12  2012 fillCrabFjr.py
-rw-r--r--  1 cms006 cms      916 Nov 27 03:03 inputsReport.txt
-rw-r--r--  1 cms006 cms      131 Nov 27 03:05 jobreport.txt
lrwxrwxrwx  1 cms006 cms      107 Nov 27 03:05 optHistograms.root -> /home/cms006/home_crmrs_137323200/CREAM137323200/glide_v21356/execute/dir_29778/optHistograms_61_1_KlC.root
-rw-r--r--  1 cms006 cms    17081 Nov 27 03:05 optHistograms_61_1_KlC.root
-rw-rw-rw-  1 cms006 cms    17352 Jan 20  2012 parseCrabFjr.py
-rw-r--r--  1 cms006 cms      283 Nov 27 03:03 report.log
-rwxrwxrwx  1 cms006 cms     1497 May 27  2009 report.py
-rwxrwxrwx  1 cms006 cms     8387 Mar 23  2011 writeCfg.py
-rw-------  1 cms006 cms     8687 Nov 27 03:03 x509up_u1000009
Checking output files:  
will tar file optHistograms_61_1_KlC.root in  out_files_61
will tar file crab_fjr_61.xml in  out_files_61
will tar file CMSSW_61.stdout in  out_files_61
will tar file CMSSW_61.stderr in  out_files_61
WARNING: output file Watchdog_61.log.gz not found!
>>> padding time: Sleeping the wrapper for 455 seconds
STOPPING WATCHDOG. CrabWatchdog PID is 2272
********** LAST 50 LINES OF WATCHDOG LOG
# RESOURCE USAGE SUMMARY FOR PROCESS ID 32432
USER       PID %CPU %MEM    VSZ   RSS TTY      STAT START   TIME COMMAND
cms006   32432  0.2  0.0   8956  1488 ?        S    03:03   0:00 /bin/sh /home/cms006/home_crmrs_137323200/CREAM137323200/glide_v21356/execute/dir_29778/condor_exec.exe 61 1
 
# LIMITS USED BY THIS WATCHDOG:
# RSS  (KBytes)  : 2300000
# VSZ  (KBytes)  : 100000000
# DISK (MBytes)  : 19000
# CPU  (seconds) : 171600
# WALL (seconds) : 171600
 
# FOLLOWING PRINTOUT TRACKS MAXIMUM VALUES OF RESOURCES USE
# ONE LINE IS PRINTED EACH TIME A MAXIMUM CHANGES
# IF CHANGE WAS IN RSS OR VSZ ALSO PROCID AND COMMAND ARE PRINTED
# THERE IS NO PRINTOUT FOR CPU/WALL TIME INCREASE
 
# TIME			PID	RSS(KB)	VSZ(KB)	Dsk(MB)	tCPU(s)	tWALL(s)	COMMAND
 Nov 27 03:03:40 EET	1024	1348	8816	0	0	874	/bin/bash /home/cms006/home_crmrs_137323200/CREAM137323200/glide_v21356/main/condor_startup.sh glidein_config       
 Nov 27 03:03:40 EET	2069	5992	9656	0	0	872	/home/cms006/home_crmrs_137323200/CREAM137323200/glide_v21356/main/condor/sbin/condor_master -f -pidfile /home/cms006/home_crmrs_137323200/CREAM137323200/glide_v21356/condor_master2.pid      
 Nov 27 03:03:40 EET	2343	23360	84796	0	0	2	edmConfigHash pset.py        
 Nov 27 03:03:40 EET	---	23360	84796	168	----	----	----
 Nov 27 03:04:47 EET	10362	309552	469608	168	19	50	cmsRun -j /home/cms006/home_crmrs_137323200/CREAM137323200/glide_v21356/execute/dir_29778/crab_fjr_61.xml -p pset.py     
 Nov 27 03:05:51 EET	---	309552	469608	169	----	----	----
********** WATCHDOG LOG ENDED
ZIPPING WATCHDOG LOG
Disk space used:
du -sh /home/cms006/home_crmrs_137323200/CREAM137323200/glide_v21356/execute/dir_29778
169M	/home/cms006/home_crmrs_137323200/CREAM137323200/glide_v21356/execute/dir_29778
>>> info for dashboard:
***** Cat /home/cms006/home_crmrs_137323200/CREAM137323200/glide_v21356/execute/dir_29778/jobreport.txt *****
MonitorJobID=61_https://submit-2.t2.ucsd.edu//121127//17538.60
MonitorID=liis_crab_0_121127_014046_63dm8n
ExeTime=99
ExeExitCode=0
CrabUserCpuTime=42.12
CrabSysCpuTime=4.84
CrabCpuPercentage=47%
CrabWrapperTime=600
CrabStageoutTime=NULL
***** End Cat jobreport *****
Parameters sent to Dashboard.
optHistograms_61_1_KlC.root
crab_fjr_61.xml
CMSSW_61.stdout
CMSSW_61.stderr
Watchdog_61.log.gz
tar: .BrokerInfo: Cannot stat: No such file or directory
tar: Error exit delayed from previous errors
Total Output dimension: 18989
WARNING: output files size limit is set to: 50000000
Total Output dimension 18989 is fine.
JOB_EXIT_STATUS = 0
>>> info for dashboard:
***** Cat /home/cms006/home_crmrs_137323200/CREAM137323200/glide_v21356/execute/dir_29778/jobreport.txt *****
MonitorJobID=61_https://submit-2.t2.ucsd.edu//121127//17538.60
MonitorID=liis_crab_0_121127_014046_63dm8n
JobExitCode=0
***** End Cat jobreport *****
Parameters sent to Dashboard.
optHistograms_61_1_KlC.root
crab_fjr_61.xml
