This script was generated by crab (version 2.8.3).
Running /home/cms006/home_crobe_482649434/CREAM482649434/glide_n24642/execute/dir_18092/condor_exec.exe with 2 positional parameters: 68 1
Today is Tue Nov 27 03:03:14 EET 2012
Job submitted on host wn-v-6104.local
Linux wn-v-6104.local 2.6.32-042stab059.7 #1 SMP Tue Jul 24 19:12:01 MSK 2012 x86_64 x86_64 x86_64 GNU/Linux
>>> current directory (RUNTIME_AREA): /home/cms006/home_crobe_482649434/CREAM482649434/glide_n24642/execute/dir_18092
>>> current user: uid=11006(cms006) gid=1400(cms) groups=1400(cms)
>>> voms proxy information:
subject   : /DC=ch/DC=cern/OU=Organic Units/OU=Users/CN=liis/CN=663550/CN=Liis Rebane/CN=proxy/CN=limited proxy
issuer    : /DC=ch/DC=cern/OU=Organic Units/OU=Users/CN=liis/CN=663550/CN=Liis Rebane/CN=proxy
identity  : /DC=ch/DC=cern/OU=Organic Units/OU=Users/CN=liis/CN=663550/CN=Liis Rebane/CN=proxy
type      : limited proxy
strength  : 512 bits
path      : /home/cms006/home_crobe_482649434/CREAM482649434/glide_n24642/execute/dir_18092/x509up_u1000009
timeleft  : 23:59:49
key usage : Digital Signature, Key Encipherment, Data Encipherment
=== VO cms extension information ===
VO        : cms
subject   : /DC=ch/DC=cern/OU=Organic Units/OU=Users/CN=liis/CN=663550/CN=Liis Rebane
issuer    : /DC=ch/DC=cern/OU=computers/CN=lcg-voms.cern.ch
attribute : /cms/Role=NULL/Capability=NULL
timeleft  : 190:22:22
uri       : lcg-voms.cern.ch:15002
>>> tar xzf /home/cms006/home_crobe_482649434/CREAM482649434/glide_n24642/execute/dir_18092/default.tgz :
Successful untar
>>> Include /home/cms006/home_crobe_482649434/CREAM482649434/glide_n24642/execute/dir_18092 in PYTHONPATH:
strip arguments
env var CRAB_UNIQUE_JOB_ID set to: liis_crab_0_121127_014046_63dm8n_68_1_z0G
out_files_68
>>> list of expected files on output sandbox
output files: optHistograms_68_1_z0G.root crab_fjr_68.xml CMSSW_68.stdout CMSSW_68.stderr Watchdog_68.log.gz
>>> GridFlavour discovery: 
GridFlavour=LCG
>>> SyncSite discovery: 
SyncSite=T2_EE_Estonia
>>> SyncCE discovery: 
getting SyncCE from CE_ID
SyncCE=oberon.hep.kbfi.ee:8443/cream-pbs-long
>>> info for dashboard:
***** Cat /home/cms006/home_crobe_482649434/CREAM482649434/glide_n24642/execute/dir_18092/jobreport.txt *****
MonitorJobID=68_https://submit-2.t2.ucsd.edu//121127//17538.67
SyncGridJobId=https://submit-2.t2.ucsd.edu//121127//17538.67
MonitorID=liis_crab_0_121127_014046_63dm8n
GridFlavour=LCG
SyncSite=T2_EE_Estonia
SyncCE=oberon.hep.kbfi.ee:8443/cream-pbs-long
***** End Cat jobreport *****
Parameters sent to Dashboard.
>>> setup environment
set SCRAM ARCH to slc5_amd64_gcc462
SCRAM_ARCH = slc5_amd64_gcc462
>>> setup CMS LCG environment:
set SCRAM ARCH and BUILD_ARCH to slc5_amd64_gcc462 ###
Sourcing environment... 
sourcing /cvmfs/cms.cern.ch/cmsset_default.sh
==> setup cms environment ok
>>> specific cmssw setup environment:
CMSSW_VERSION =  CMSSW_5_3_5
>>> current directory (SOFTWARE_DIR): /home/cms006/home_crobe_482649434/CREAM482649434/glide_n24642/execute/dir_18092/CMSSW_5_3_5
PreserveSeeds: <>
IncrementSeeds:<>
{}
WNHostName=wn-v-6104.local
>>> info for dashboard:
***** Cat /home/cms006/home_crobe_482649434/CREAM482649434/glide_n24642/execute/dir_18092/jobreport.txt *****
MonitorJobID=68_https://submit-2.t2.ucsd.edu//121127//17538.67
MonitorID=liis_crab_0_121127_014046_63dm8n
WNHostName=wn-v-6104.local
***** End Cat jobreport *****
Parameters sent to Dashboard.
crabWatchdog started as process 22421
>>> moving CMSSW software directories in /home/cms006/home_crobe_482649434/CREAM482649434/glide_n24642/execute/dir_18092/CMSSW_5_3_5
mv: cannot stat `/home/cms006/home_crobe_482649434/CREAM482649434/glide_n24642/execute/dir_18092/module/': No such file or directory
>>> Include /home/cms006/home_crobe_482649434/CREAM482649434/glide_n24642/execute/dir_18092 in PYTHONPATH:
PYTHONPATH=/home/cms006/home_crobe_482649434/CREAM482649434/glide_n24642/execute/dir_18092/:/home/cms006/home_crobe_482649434/CREAM482649434/glide_n24642/execute/dir_18092/CMSSW_5_3_5/python:/home/cms006/home_crobe_482649434/CREAM482649434/glide_n24642/execute/dir_18092/CMSSW_5_3_5/lib/slc5_amd64_gcc462:/cvmfs/cms.cern.ch/slc5_amd64_gcc462/cms/cmssw/CMSSW_5_3_5/python:/cvmfs/cms.cern.ch/slc5_amd64_gcc462/cms/cmssw/CMSSW_5_3_5/lib/slc5_amd64_gcc462:/cvmfs/cms.cern.ch/slc5_amd64_gcc462/cms/coral/CORAL_2_3_21-cms27/slc5_amd64_gcc462/python:/cvmfs/cms.cern.ch/slc5_amd64_gcc462/cms/coral/CORAL_2_3_21-cms27/slc5_amd64_gcc462/lib:/cvmfs/cms.cern.ch/slc5_amd64_gcc462/external/pyqt/4.8.1/lib/python2.6/site-packages:/cvmfs/cms.cern.ch/slc5_amd64_gcc462/external/py2-scipy/0.8.0/lib/python2.6/site-packages:/cvmfs/cms.cern.ch/slc5_amd64_gcc462/external/py2-matplotlib/1.0.1/lib/python2.6/site-packages:/cvmfs/cms.cern.ch/slc5_amd64_gcc462/external/python-ldap/2.3.5/lib/python2.6/site-packages:/cvmfs/cms.cern.ch/slc5_amd64_gcc462/external/sip/4.11.2/lib/python2.6/site-packages:/cvmfs/cms.cern.ch/slc5_amd64_gcc462/external/py2-pycurl/7.19.0/lib/python2.6/site-packages:/cvmfs/cms.cern.ch/slc5_amd64_gcc462/external/py2-numpy/1.6.1/lib/python2.6/site-packages:/cvmfs/cms.cern.ch/slc5_amd64_gcc462/external/py2-ipython/0.10/lib/python2.6/site-packages:/cvmfs/cms.cern.ch/slc5_amd64_gcc462/external/py2-cx-oracle/5.1-cms11/lib/python2.6/site-packages:/cvmfs/cms.cern.ch/slc5_amd64_gcc462/external/py2-cjson/1.0.5/lib/python2.6/site-packages:/cvmfs/cms.cern.ch/slc5_amd64_gcc462/cms/das-client/1.4.1-cms8/bin:/cvmfs/cms.cern.ch/slc5_amd64_gcc462/external/elementtree/1.2.6/share/lib/python2.6/site-packages:/cvmfs/cms.cern.ch/slc5_amd64_gcc462/external/rivet/1.5.1-cms10/lib/python2.6/site-packages:/cvmfs/cms.cern.ch/slc5_amd64_gcc462/external/pyminuit2/0.0.1-cms34/lib/python2.6/site-packages:/cvmfs/cms.cern.ch/slc5_amd64_gcc462/external/professor/1.0.0-cms35/lib/python2.6/site-packages:/cvmfs/cms.cern.ch/slc5_amd64_gcc462/lcg/root/5.32.00-cms18/lib:/cvmfs/cms.cern.ch/slc5_amd64_gcc462/cms/dbs-client/DBS_2_1_1_patch1_1/lib:/cvmfs/cms.cern.ch/slc5_amd64_gcc462/cms/dbs-client/DBS_2_1_1_patch1_1/lib/DBSAPI:/home/cms006/home_crobe_482649434/CREAM482649434/glide_n24642/execute/dir_18092/
241a2a19cb7c5c8751ba22759ab3bdb0
PSETHASH = 241a2a19cb7c5c8751ba22759ab3bdb0
/home/cms006/home_crobe_482649434/CREAM482649434/glide_n24642/execute/dir_18092/writeCfg.py pset.py pset.py
Importing .py file
Setting parameters
inputBlocks=/QCD_Pt_170_250_BCtoE_TuneZ2star_8TeV_pythia6/mario-Summer12-stop-pfele-step1-3d176ac8da5e9dff208d057f4733ca91/USER#2481c777-c741-4631-bcfb-4b7233a7fdfe
inputFiles=/store/user/mario/QCD_Pt_170_250_BCtoE_TuneZ2star_8TeV_pythia6/Summer12-stop-pfele-step1/3d176ac8da5e9dff208d057f4733ca91/tuple_20_1_oXF.root;/store/user/mario/QCD_Pt_170_250_BCtoE_TuneZ2star_8TeV_pythia6/Summer12-stop-pfele-step1/3d176ac8da5e9dff208d057f4733ca91/tuple_22_1_8lO.root;/store/user/mario/QCD_Pt_170_250_BCtoE_TuneZ2star_8TeV_pythia6/Summer12-stop-pfele-step1/3d176ac8da5e9dff208d057f4733ca91/tuple_23_1_ujN.root;/store/user/mario/QCD_Pt_170_250_BCtoE_TuneZ2star_8TeV_pythia6/Summer12-stop-pfele-step1/3d176ac8da5e9dff208d057f4733ca91/tuple_26_1_Zpj.root;/store/user/mario/QCD_Pt_170_250_BCtoE_TuneZ2star_8TeV_pythia6/Summer12-stop-pfele-step1/3d176ac8da5e9dff208d057f4733ca91/tuple_27_1_1fC.root
parentFiles=
lumisRange=
>>> Executable cmsRun
/cvmfs/cms.cern.ch/slc5_amd64_gcc462/cms/cmssw/CMSSW_5_3_5/bin/slc5_amd64_gcc462/cmsRun
ok executable found
>>> info for dashboard:
***** Cat /home/cms006/home_crobe_482649434/CREAM482649434/glide_n24642/execute/dir_18092/jobreport.txt *****
MonitorJobID=68_https://submit-2.t2.ucsd.edu//121127//17538.67
MonitorID=liis_crab_0_121127_014046_63dm8n
ExeStart=cmsRun
***** End Cat jobreport *****
Parameters sent to Dashboard.
>>> cmsRun started at Tue Nov 27 01:03:36 UTC 2012
>>> cmsRun ended at Tue Nov 27 01:05:01 UTC 2012
>>> info for dashboard:
***** Cat /home/cms006/home_crobe_482649434/CREAM482649434/glide_n24642/execute/dir_18092/jobreport.txt *****
MonitorJobID=68_https://submit-2.t2.ucsd.edu//121127//17538.67
MonitorID=liis_crab_0_121127_014046_63dm8n
ExeEnd=cmsRun
***** End Cat jobreport *****
Parameters sent to Dashboard.
TIME_EXE = 85 sec
>>> cmsRun wrote 42 lines of stdout+stderr
>>> START OF printout of 42 lines from stdout+stderr
27-Nov-2012 03:03:45 EET  Initiating request to open file file:/hdfs/cms/store/user/mario/QCD_Pt_170_250_BCtoE_TuneZ2star_8TeV_pythia6/Summer12-stop-pfele-step1/3d176ac8da5e9dff208d057f4733ca91/tuple_20_1_oXF.root
27-Nov-2012 03:03:52 EET  Successfully opened file file:/hdfs/cms/store/user/mario/QCD_Pt_170_250_BCtoE_TuneZ2star_8TeV_pythia6/Summer12-stop-pfele-step1/3d176ac8da5e9dff208d057f4733ca91/tuple_20_1_oXF.root
Begin processing the 1st record. Run 1, Event 6446559, LumiSection 274 at 27-Nov-2012 03:03:58.582 EET
Begin processing the 1001st record. Run 1, Event 28946189, LumiSection 1231 at 27-Nov-2012 03:04:05.086 EET
27-Nov-2012 03:04:06 EET  Closed file file:/hdfs/cms/store/user/mario/QCD_Pt_170_250_BCtoE_TuneZ2star_8TeV_pythia6/Summer12-stop-pfele-step1/3d176ac8da5e9dff208d057f4733ca91/tuple_20_1_oXF.root
27-Nov-2012 03:04:06 EET  Initiating request to open file file:/hdfs/cms/store/user/mario/QCD_Pt_170_250_BCtoE_TuneZ2star_8TeV_pythia6/Summer12-stop-pfele-step1/3d176ac8da5e9dff208d057f4733ca91/tuple_22_1_8lO.root
27-Nov-2012 03:04:06 EET  Successfully opened file file:/hdfs/cms/store/user/mario/QCD_Pt_170_250_BCtoE_TuneZ2star_8TeV_pythia6/Summer12-stop-pfele-step1/3d176ac8da5e9dff208d057f4733ca91/tuple_22_1_8lO.root
Begin processing the 2001st record. Run 1, Event 51786758, LumiSection 2201 at 27-Nov-2012 03:04:13.393 EET
Begin processing the 3001st record. Run 1, Event 8982652, LumiSection 382 at 27-Nov-2012 03:04:16.698 EET
27-Nov-2012 03:04:18 EET  Closed file file:/hdfs/cms/store/user/mario/QCD_Pt_170_250_BCtoE_TuneZ2star_8TeV_pythia6/Summer12-stop-pfele-step1/3d176ac8da5e9dff208d057f4733ca91/tuple_22_1_8lO.root
27-Nov-2012 03:04:18 EET  Initiating request to open file file:/hdfs/cms/store/user/mario/QCD_Pt_170_250_BCtoE_TuneZ2star_8TeV_pythia6/Summer12-stop-pfele-step1/3d176ac8da5e9dff208d057f4733ca91/tuple_23_1_ujN.root
27-Nov-2012 03:04:18 EET  Successfully opened file file:/hdfs/cms/store/user/mario/QCD_Pt_170_250_BCtoE_TuneZ2star_8TeV_pythia6/Summer12-stop-pfele-step1/3d176ac8da5e9dff208d057f4733ca91/tuple_23_1_ujN.root
Begin processing the 4001st record. Run 1, Event 21851133, LumiSection 929 at 27-Nov-2012 03:04:22.953 EET
Begin processing the 5001st record. Run 1, Event 73495320, LumiSection 3124 at 27-Nov-2012 03:04:26.334 EET
27-Nov-2012 03:04:28 EET  Closed file file:/hdfs/cms/store/user/mario/QCD_Pt_170_250_BCtoE_TuneZ2star_8TeV_pythia6/Summer12-stop-pfele-step1/3d176ac8da5e9dff208d057f4733ca91/tuple_23_1_ujN.root
27-Nov-2012 03:04:28 EET  Initiating request to open file file:/hdfs/cms/store/user/mario/QCD_Pt_170_250_BCtoE_TuneZ2star_8TeV_pythia6/Summer12-stop-pfele-step1/3d176ac8da5e9dff208d057f4733ca91/tuple_26_1_Zpj.root
27-Nov-2012 03:04:28 EET  Successfully opened file file:/hdfs/cms/store/user/mario/QCD_Pt_170_250_BCtoE_TuneZ2star_8TeV_pythia6/Summer12-stop-pfele-step1/3d176ac8da5e9dff208d057f4733ca91/tuple_26_1_Zpj.root
Begin processing the 6001st record. Run 1, Event 93337136, LumiSection 3967 at 27-Nov-2012 03:04:36.570 EET
Begin processing the 7001st record. Run 1, Event 38537595, LumiSection 1638 at 27-Nov-2012 03:04:39.592 EET
27-Nov-2012 03:04:42 EET  Closed file file:/hdfs/cms/store/user/mario/QCD_Pt_170_250_BCtoE_TuneZ2star_8TeV_pythia6/Summer12-stop-pfele-step1/3d176ac8da5e9dff208d057f4733ca91/tuple_26_1_Zpj.root
27-Nov-2012 03:04:43 EET  Initiating request to open file file:/hdfs/cms/store/user/mario/QCD_Pt_170_250_BCtoE_TuneZ2star_8TeV_pythia6/Summer12-stop-pfele-step1/3d176ac8da5e9dff208d057f4733ca91/tuple_27_1_1fC.root
27-Nov-2012 03:04:49 EET  Successfully opened file file:/hdfs/cms/store/user/mario/QCD_Pt_170_250_BCtoE_TuneZ2star_8TeV_pythia6/Summer12-stop-pfele-step1/3d176ac8da5e9dff208d057f4733ca91/tuple_27_1_1fC.root
Begin processing the 8001st record. Run 1, Event 27220648, LumiSection 1157 at 27-Nov-2012 03:04:57.519 EET
27-Nov-2012 03:04:58 EET  Closed file file:/hdfs/cms/store/user/mario/QCD_Pt_170_250_BCtoE_TuneZ2star_8TeV_pythia6/Summer12-stop-pfele-step1/3d176ac8da5e9dff208d057f4733ca91/tuple_27_1_1fC.root

=============================================

MessageLogger Summary

 type     category        sev    module        subroutine        count    total
 ---- -------------------- -- ---------------- ----------------  -----    -----
    1 fileAction           -s file_close                             5        5
    2 fileAction           -s file_open                             10       10

 type    category    Examples: run/evt        run/evt          run/evt
 ---- -------------------- ---------------- ---------------- ----------------
    1 fileAction           PostProcessEvent PostProcessEvent PostEndRun
    2 fileAction           pre-events       pre-events       PostProcessEvent

Severity    # Occurrences   Total Occurrences
--------    -------------   -----------------
System                 15                  15
>>> END OF printout of 42 lines from stdout+stderr
>>> Parse FrameworkJobReport crab_fjr.xml
Result of parsing the FrameworkJobReport crab_fjr.xml: Popularity start
lumisRange : 1::394,404,929-930,932,934,1069,3124,3126,3131,3853::1;1::1156-1157,1634,3286::2;1::382,387,391,394,2144,2201,2204,2514,2562,2574,2845,3305::3;1::274,1143,1181,1192,1211,1222,1228,1231,1244::4;1::245,1154-1156,1471,1473,1531,1638,2409,3619,3633,3967::5;
lumisParentRange : 
Basename : /store/user/mario/QCD_Pt_170_250_BCtoE_TuneZ2star_8TeV_pythia6/Summer12-stop-pfele-step1/3d176ac8da5e9dff208d057f4733ca91/tuple_2
BasenameParent : 
parentFiles : 
inputBlocks : /QCD_Pt_170_250_BCtoE_TuneZ2star_8TeV_pythia6/mario-Summer12-stop-pfele-step1-3d176ac8da5e9dff208d057f4733ca91/USER#2481c777-c741-4631-bcfb-4b7233a7fdfe
inputFiles : 3_1_ujN.root::1::EDM::Local::1;7_1_1fC.root::1::EDM::Local::2;2_1_8lO.root::1::EDM::Local::3;0_1_oXF.root::1::EDM::Local::4;6_1_Zpj.root::1::EDM::Local::5;
Popularity stop
Extracted ExitStatus from FrameworkJobReport parsing output: 0
>>> Executable succeded  0
ExeExitCode=0
EXECUTABLE_EXIT_STATUS = 0
>>> current directory /home/cms006/home_crobe_482649434/CREAM482649434/glide_n24642/execute/dir_18092/CMSSW_5_3_5
>>>  (SOFTWARE_DIR): /home/cms006/home_crobe_482649434/CREAM482649434/glide_n24642/execute/dir_18092/CMSSW_5_3_5
>>> (WORKING_DIR): 
>>> current directory content:
total 148
drwxr-xr-x 3 cms006 cms  4096 Nov 27 03:03 .SCRAM
-rw-r--r-- 1 cms006 cms 30066 Nov 27 03:03 CMSSW.py.pkl
drwxr-xr-x 3 cms006 cms  4096 Nov 27 03:03 bin
drwxr-xr-x 3 cms006 cms  4096 Nov 27 03:03 cfipython
drwxr-xr-x 5 cms006 cms  4096 Nov 27 03:03 config
-rw-r--r-- 1 cms006 cms    15 Nov 27 03:05 cpu_timing.txt
drwxr-xr-x 2 cms006 cms  4096 Nov 27 03:03 doc
-rw-r--r-- 1 cms006 cms  4869 Nov 27 03:04 executable.out
drwxr-xr-x 2 cms006 cms  4096 Nov 27 03:03 include
drwxrwxrwx 3 cms006 cms  4096 Oct 22 16:38 lib
drwxr-xr-x 3 cms006 cms  4096 Nov 27 03:03 logs
drwxr-xr-x 3 cms006 cms  4096 Nov 27 03:03 objs
-rw-r--r-- 1 cms006 cms 16505 Nov 27 03:04 optHistograms.root
-rw-r--r-- 1 cms006 cms   104 Nov 27 03:03 pset.py
-rw-r--r-- 1 cms006 cms 19475 Nov 27 03:03 pset.py.pkl
-rw-r--r-- 1 cms006 cms   289 Nov 27 03:03 pset.pyc
drwxr-xr-x 2 cms006 cms  4096 Nov 27 03:03 python
-rw-r--r-- 1 cms006 cms   420 Nov 27 03:05 report.log
drwxrwxrwx 4 cms006 cms  4096 Nov 27 03:03 src
drwxr-xr-x 3 cms006 cms  4096 Nov 27 03:03 test
drwxr-xr-x 3 cms006 cms  4096 Nov 27 03:03 tmp
>>> current directory /home/cms006/home_crobe_482649434/CREAM482649434/glide_n24642/execute/dir_18092/CMSSW_5_3_5
>>> (SOFTWARE_DIR): /home/cms006/home_crobe_482649434/CREAM482649434/glide_n24642/execute/dir_18092/CMSSW_5_3_5
>>> (WORKING_DIR): 
>>> current directory content:
total 128
drwxr-xr-x 3 cms006 cms  4096 Nov 27 03:03 .SCRAM
-rw-r--r-- 1 cms006 cms 30066 Nov 27 03:03 CMSSW.py.pkl
drwxr-xr-x 3 cms006 cms  4096 Nov 27 03:03 bin
drwxr-xr-x 3 cms006 cms  4096 Nov 27 03:03 cfipython
drwxr-xr-x 5 cms006 cms  4096 Nov 27 03:03 config
-rw-r--r-- 1 cms006 cms    15 Nov 27 03:05 cpu_timing.txt
drwxr-xr-x 2 cms006 cms  4096 Nov 27 03:03 doc
-rw-r--r-- 1 cms006 cms  4869 Nov 27 03:04 executable.out
drwxr-xr-x 2 cms006 cms  4096 Nov 27 03:03 include
drwxrwxrwx 3 cms006 cms  4096 Oct 22 16:38 lib
drwxr-xr-x 3 cms006 cms  4096 Nov 27 03:03 logs
drwxr-xr-x 3 cms006 cms  4096 Nov 27 03:03 objs
-rw-r--r-- 1 cms006 cms   104 Nov 27 03:03 pset.py
-rw-r--r-- 1 cms006 cms 19475 Nov 27 03:03 pset.py.pkl
-rw-r--r-- 1 cms006 cms   289 Nov 27 03:03 pset.pyc
drwxr-xr-x 2 cms006 cms  4096 Nov 27 03:03 python
-rw-r--r-- 1 cms006 cms   420 Nov 27 03:05 report.log
drwxrwxrwx 4 cms006 cms  4096 Nov 27 03:03 src
drwxr-xr-x 3 cms006 cms  4096 Nov 27 03:03 test
drwxr-xr-x 3 cms006 cms  4096 Nov 27 03:03 tmp
>>> current directory (RUNTIME_AREA):  /home/cms006/home_crobe_482649434/CREAM482649434/glide_n24642/execute/dir_18092
>>> current dir: /home/cms006/home_crobe_482649434/CREAM482649434/glide_n24642/execute/dir_18092
>>> current dir content:
total 25756
-rw-rw-rw-  1 cms006 cms     5577 Nov 27 03:03 .job.ad
-rw-rw-rw-  1 cms006 cms    11242 Nov 27 03:03 .machine.ad
-rw-rw-rw-  1 cms006 cms      105 Nov 27 01:41 CMSSW.py
-rw-rw-rw-  1 cms006 cms    30066 Nov 27 01:41 CMSSW.py.pkl
-rwxrw-rw-  1 cms006 cms    23331 Nov 27 03:03 CMSSW.sh
drwxr-xr-x 15 cms006 cms     4096 Nov 27 03:05 CMSSW_5_3_5
-rw-rw-rw-  1 cms006 cms        0 Nov 27 03:03 CMSSW_68.stderr
-rw-rw-rw-  1 cms006 cms    17119 Nov 27 03:05 CMSSW_68.stdout
-rw-r--r--  1 cms006 cms      347 Nov 27 03:03 CacheEnv.sh
-rw-rw-rw-  1 cms006 cms     7291 Jun  9  2010 DashboardAPI.py
-rw-r--r--  1 cms006 cms     6883 Nov 27 03:03 DashboardAPI.pyc
drwxrwxrwx  3 cms006 cms     4096 Nov 27 03:05 IMProv
-rw-rw-rw-  1 cms006 cms     2748 Mar  8  2006 Logger.py
-rw-r--r--  1 cms006 cms     3353 Nov 27 03:03 Logger.pyc
-rw-rw-rw-  1 cms006 cms    24524 Mar 28  2008 ProcInfo.py
-rw-r--r--  1 cms006 cms    23470 Nov 27 03:03 ProcInfo.pyc
drwxrwxrwx  7 cms006 cms     4096 Nov 27 03:03 ProdCommon
drwxrwxrwx  3 cms006 cms     4096 Nov 27 03:03 WMCore
-rw-r--r--  1 cms006 cms     1691 Nov 27 03:04 Watchdog_68.log
-rw-rw-rw-  1 cms006 cms    32895 Mar 28  2008 apmon.py
-rw-r--r--  1 cms006 cms    28874 Nov 27 03:03 apmon.pyc
-rw-rw-rw-  1 cms006 cms    95368 Nov 27 03:03 arguments.xml
-rwxrwxrwx  1 cms006 cms    37427 Sep 13 14:14 cmscp.py
-rwxrwxrwx  1 cms006 cms    23331 Nov 27 03:03 condor_exec.exe
-rw-rw-rw-  1 cms006 cms      541 Nov 27 01:40 crab.cfg
-rwxrwxrwx  1 cms006 cms     9531 Sep 20 21:46 crabWatchdog.sh
-rw-r--r--  1 cms006 cms    30259 Nov 27 03:04 crab_fjr_68.xml
-rw-rw-rw-  1 cms006 cms 25796290 Nov 27 03:03 default.tgz
-rwxrwxrwx  1 cms006 cms     4488 May 12  2012 fillCrabFjr.py
-rw-r--r--  1 cms006 cms      911 Nov 27 03:03 inputsReport.txt
-rw-r--r--  1 cms006 cms      131 Nov 27 03:05 jobreport.txt
lrwxrwxrwx  1 cms006 cms      107 Nov 27 03:05 optHistograms.root -> /home/cms006/home_crobe_482649434/CREAM482649434/glide_n24642/execute/dir_18092/optHistograms_68_1_z0G.root
-rw-r--r--  1 cms006 cms    16505 Nov 27 03:04 optHistograms_68_1_z0G.root
-rw-rw-rw-  1 cms006 cms    17352 Jan 20  2012 parseCrabFjr.py
-rw-r--r--  1 cms006 cms      285 Nov 27 03:03 report.log
-rwxrwxrwx  1 cms006 cms     1497 May 27  2009 report.py
-rwxrwxrwx  1 cms006 cms     8387 Mar 23  2011 writeCfg.py
-rw-------  1 cms006 cms     8691 Nov 27 03:03 x509up_u1000009
Checking output files:  
will tar file optHistograms_68_1_z0G.root in  out_files_68
will tar file crab_fjr_68.xml in  out_files_68
will tar file CMSSW_68.stdout in  out_files_68
will tar file CMSSW_68.stderr in  out_files_68
WARNING: output file Watchdog_68.log.gz not found!
>>> padding time: Sleeping the wrapper for 481 seconds
STOPPING WATCHDOG. CrabWatchdog PID is 22421
********** LAST 50 LINES OF WATCHDOG LOG
# RESOURCE USAGE SUMMARY FOR PROCESS ID 21134
USER       PID %CPU %MEM    VSZ   RSS TTY      STAT START   TIME COMMAND
cms006   21134  0.4  0.0   8956  1484 ?        S    03:03   0:00 /bin/sh /home/cms006/home_crobe_482649434/CREAM482649434/glide_n24642/execute/dir_18092/condor_exec.exe 68 1
 
# LIMITS USED BY THIS WATCHDOG:
# RSS  (KBytes)  : 2300000
# VSZ  (KBytes)  : 100000000
# DISK (MBytes)  : 19000
# CPU  (seconds) : 171600
# WALL (seconds) : 171600
 
# FOLLOWING PRINTOUT TRACKS MAXIMUM VALUES OF RESOURCES USE
# ONE LINE IS PRINTED EACH TIME A MAXIMUM CHANGES
# IF CHANGE WAS IN RSS OR VSZ ALSO PROCID AND COMMAND ARE PRINTED
# THERE IS NO PRINTOUT FOR CPU/WALL TIME INCREASE
 
# TIME			PID	RSS(KB)	VSZ(KB)	Dsk(MB)	tCPU(s)	tWALL(s)	COMMAND
 Nov 27 03:03:22 EET	18061	3548	5636	0	0	22	condor_procd -A /home/cms006/home_crobe_482649434/CREAM482649434/glide_n24642/log/procd_address.STARTD -L /home/cms006/home_crobe_482649434/CREAM482649434/glide_n24642/log/ProcLog.STARTD -R 10000000 -S 60 -C
 Nov 27 03:03:22 EET	18092	5384	9376	0	0	23	condor_starter -f submit-2.t2.ucsd.edu       
 Nov 27 03:03:22 EET	24587	5384	25504	0	0	567	perl -e ?use Socket;??sub send_notify {? $cream_url = "193.40.150.124:49152";die "No
 Nov 27 03:03:22 EET	29401	5992	25504	0	0	554	/home/cms006/home_crobe_482649434/CREAM482649434/glide_n24642/main/condor/sbin/condor_master -f -pidfile /home/cms006/home_crobe_482649434/CREAM482649434/glide_n24642/condor_master2.pid      
 Nov 27 03:03:22 EET	---	5992	25504	168	----	----	----
 Nov 27 03:04:29 EET	28669	341040	555108	168	33	57	cmsRun -j /home/cms006/home_crobe_482649434/CREAM482649434/glide_n24642/execute/dir_18092/crab_fjr_68.xml -p pset.py     
 Nov 27 03:05:34 EET	---	341040	555108	169	----	----	----
********** WATCHDOG LOG ENDED
ZIPPING WATCHDOG LOG
Disk space used:
du -sh /home/cms006/home_crobe_482649434/CREAM482649434/glide_n24642/execute/dir_18092
169M	/home/cms006/home_crobe_482649434/CREAM482649434/glide_n24642/execute/dir_18092
>>> info for dashboard:
***** Cat /home/cms006/home_crobe_482649434/CREAM482649434/glide_n24642/execute/dir_18092/jobreport.txt *****
MonitorJobID=68_https://submit-2.t2.ucsd.edu//121127//17538.67
MonitorID=liis_crab_0_121127_014046_63dm8n
ExeTime=85
ExeExitCode=0
CrabUserCpuTime=38.95
CrabSysCpuTime=4.15
CrabCpuPercentage=50%
CrabWrapperTime=600
CrabStageoutTime=NULL
***** End Cat jobreport *****
Parameters sent to Dashboard.
optHistograms_68_1_z0G.root
crab_fjr_68.xml
CMSSW_68.stdout
CMSSW_68.stderr
Watchdog_68.log.gz
tar: .BrokerInfo: Cannot stat: No such file or directory
tar: Error exit delayed from previous errors
Total Output dimension: 18524
WARNING: output files size limit is set to: 50000000
Total Output dimension 18524 is fine.
JOB_EXIT_STATUS = 0
>>> info for dashboard:
***** Cat /home/cms006/home_crobe_482649434/CREAM482649434/glide_n24642/execute/dir_18092/jobreport.txt *****
MonitorJobID=68_https://submit-2.t2.ucsd.edu//121127//17538.67
MonitorID=liis_crab_0_121127_014046_63dm8n
JobExitCode=0
***** End Cat jobreport *****
Parameters sent to Dashboard.
optHistograms_68_1_z0G.root
crab_fjr_68.xml
