This script was generated by crab (version 2.8.3).
Running /home/cms019/home_crobe_298562111/CREAM298562111/glide_F30401/execute/dir_26255/condor_exec.exe with 2 positional parameters: 49 1
Today is Tue Nov 27 03:15:55 EET 2012
Job submitted on host wn-v-3728.local
Linux wn-v-3728.local 2.6.32-042stab059.7 #1 SMP Tue Jul 24 19:12:01 MSK 2012 x86_64 x86_64 x86_64 GNU/Linux
>>> current directory (RUNTIME_AREA): /home/cms019/home_crobe_298562111/CREAM298562111/glide_F30401/execute/dir_26255
>>> current user: uid=11019(cms019) gid=1400(cms) groups=1400(cms)
>>> voms proxy information:
subject   : /DC=ch/DC=cern/OU=Organic Units/OU=Users/CN=liis/CN=663550/CN=Liis Rebane/CN=proxy/CN=limited proxy
issuer    : /DC=ch/DC=cern/OU=Organic Units/OU=Users/CN=liis/CN=663550/CN=Liis Rebane/CN=proxy
identity  : /DC=ch/DC=cern/OU=Organic Units/OU=Users/CN=liis/CN=663550/CN=Liis Rebane/CN=proxy
type      : limited proxy
strength  : 512 bits
path      : /home/cms019/home_crobe_298562111/CREAM298562111/glide_F30401/execute/dir_26255/x509up_u1000009
timeleft  : 23:59:55
key usage : Digital Signature, Key Encipherment, Data Encipherment
=== VO cms extension information ===
VO        : cms
subject   : /DC=ch/DC=cern/OU=Organic Units/OU=Users/CN=liis/CN=663550/CN=Liis Rebane
issuer    : /DC=ch/DC=cern/OU=computers/CN=lcg-voms.cern.ch
attribute : /cms/Role=NULL/Capability=NULL
timeleft  : 190:09:42
uri       : lcg-voms.cern.ch:15002
>>> tar xzf /home/cms019/home_crobe_298562111/CREAM298562111/glide_F30401/execute/dir_26255/default.tgz :
Successful untar
>>> Include /home/cms019/home_crobe_298562111/CREAM298562111/glide_F30401/execute/dir_26255 in PYTHONPATH:
strip arguments
env var CRAB_UNIQUE_JOB_ID set to: liis_crab_0_121127_014711_7us61f_49_1_Cwx
out_files_49
>>> list of expected files on output sandbox
output files: optHistograms_49_1_Cwx.root crab_fjr_49.xml CMSSW_49.stdout CMSSW_49.stderr Watchdog_49.log.gz
>>> GridFlavour discovery: 
GridFlavour=LCG
>>> SyncSite discovery: 
SyncSite=T2_EE_Estonia
>>> SyncCE discovery: 
getting SyncCE from CE_ID
SyncCE=oberon.hep.kbfi.ee:8443/cream-pbs-long
>>> info for dashboard:
***** Cat /home/cms019/home_crobe_298562111/CREAM298562111/glide_F30401/execute/dir_26255/jobreport.txt *****
MonitorJobID=49_https://submit-2.t2.ucsd.edu//121127//17542.48
SyncGridJobId=https://submit-2.t2.ucsd.edu//121127//17542.48
MonitorID=liis_crab_0_121127_014711_7us61f
GridFlavour=LCG
SyncSite=T2_EE_Estonia
SyncCE=oberon.hep.kbfi.ee:8443/cream-pbs-long
***** End Cat jobreport *****
Parameters sent to Dashboard.
>>> setup environment
set SCRAM ARCH to slc5_amd64_gcc462
SCRAM_ARCH = slc5_amd64_gcc462
>>> setup CMS LCG environment:
set SCRAM ARCH and BUILD_ARCH to slc5_amd64_gcc462 ###
Sourcing environment... 
sourcing /cvmfs/cms.cern.ch/cmsset_default.sh
==> setup cms environment ok
>>> specific cmssw setup environment:
CMSSW_VERSION =  CMSSW_5_3_5
>>> current directory (SOFTWARE_DIR): /home/cms019/home_crobe_298562111/CREAM298562111/glide_F30401/execute/dir_26255/CMSSW_5_3_5
PreserveSeeds: <>
IncrementSeeds:<>
{}
WNHostName=wn-v-3728.local
>>> info for dashboard:
***** Cat /home/cms019/home_crobe_298562111/CREAM298562111/glide_F30401/execute/dir_26255/jobreport.txt *****
MonitorJobID=49_https://submit-2.t2.ucsd.edu//121127//17542.48
MonitorID=liis_crab_0_121127_014711_7us61f
WNHostName=wn-v-3728.local
***** End Cat jobreport *****
Parameters sent to Dashboard.
crabWatchdog started as process 30667
>>> moving CMSSW software directories in /home/cms019/home_crobe_298562111/CREAM298562111/glide_F30401/execute/dir_26255/CMSSW_5_3_5
mv: cannot stat `/home/cms019/home_crobe_298562111/CREAM298562111/glide_F30401/execute/dir_26255/module/': No such file or directory
>>> Include /home/cms019/home_crobe_298562111/CREAM298562111/glide_F30401/execute/dir_26255 in PYTHONPATH:
PYTHONPATH=/home/cms019/home_crobe_298562111/CREAM298562111/glide_F30401/execute/dir_26255/:/home/cms019/home_crobe_298562111/CREAM298562111/glide_F30401/execute/dir_26255/CMSSW_5_3_5/python:/home/cms019/home_crobe_298562111/CREAM298562111/glide_F30401/execute/dir_26255/CMSSW_5_3_5/lib/slc5_amd64_gcc462:/cvmfs/cms.cern.ch/slc5_amd64_gcc462/cms/cmssw/CMSSW_5_3_5/python:/cvmfs/cms.cern.ch/slc5_amd64_gcc462/cms/cmssw/CMSSW_5_3_5/lib/slc5_amd64_gcc462:/cvmfs/cms.cern.ch/slc5_amd64_gcc462/cms/coral/CORAL_2_3_21-cms27/slc5_amd64_gcc462/python:/cvmfs/cms.cern.ch/slc5_amd64_gcc462/cms/coral/CORAL_2_3_21-cms27/slc5_amd64_gcc462/lib:/cvmfs/cms.cern.ch/slc5_amd64_gcc462/external/pyqt/4.8.1/lib/python2.6/site-packages:/cvmfs/cms.cern.ch/slc5_amd64_gcc462/external/py2-scipy/0.8.0/lib/python2.6/site-packages:/cvmfs/cms.cern.ch/slc5_amd64_gcc462/external/py2-matplotlib/1.0.1/lib/python2.6/site-packages:/cvmfs/cms.cern.ch/slc5_amd64_gcc462/external/python-ldap/2.3.5/lib/python2.6/site-packages:/cvmfs/cms.cern.ch/slc5_amd64_gcc462/external/sip/4.11.2/lib/python2.6/site-packages:/cvmfs/cms.cern.ch/slc5_amd64_gcc462/external/py2-pycurl/7.19.0/lib/python2.6/site-packages:/cvmfs/cms.cern.ch/slc5_amd64_gcc462/external/py2-numpy/1.6.1/lib/python2.6/site-packages:/cvmfs/cms.cern.ch/slc5_amd64_gcc462/external/py2-ipython/0.10/lib/python2.6/site-packages:/cvmfs/cms.cern.ch/slc5_amd64_gcc462/external/py2-cx-oracle/5.1-cms11/lib/python2.6/site-packages:/cvmfs/cms.cern.ch/slc5_amd64_gcc462/external/py2-cjson/1.0.5/lib/python2.6/site-packages:/cvmfs/cms.cern.ch/slc5_amd64_gcc462/cms/das-client/1.4.1-cms8/bin:/cvmfs/cms.cern.ch/slc5_amd64_gcc462/external/elementtree/1.2.6/share/lib/python2.6/site-packages:/cvmfs/cms.cern.ch/slc5_amd64_gcc462/external/rivet/1.5.1-cms10/lib/python2.6/site-packages:/cvmfs/cms.cern.ch/slc5_amd64_gcc462/external/pyminuit2/0.0.1-cms34/lib/python2.6/site-packages:/cvmfs/cms.cern.ch/slc5_amd64_gcc462/external/professor/1.0.0-cms35/lib/python2.6/site-packages:/cvmfs/cms.cern.ch/slc5_amd64_gcc462/lcg/root/5.32.00-cms18/lib:/cvmfs/cms.cern.ch/slc5_amd64_gcc462/cms/dbs-client/DBS_2_1_1_patch1_1/lib:/cvmfs/cms.cern.ch/slc5_amd64_gcc462/cms/dbs-client/DBS_2_1_1_patch1_1/lib/DBSAPI:/home/cms019/home_crobe_298562111/CREAM298562111/glide_F30401/execute/dir_26255/
241a2a19cb7c5c8751ba22759ab3bdb0
PSETHASH = 241a2a19cb7c5c8751ba22759ab3bdb0
/home/cms019/home_crobe_298562111/CREAM298562111/glide_F30401/execute/dir_26255/writeCfg.py pset.py pset.py
Importing .py file
Setting parameters
inputBlocks=/Tbar_t-channel_TuneZ2star_8TeV-powheg-tauola/mario-Summer12-stop-pfele-step1-08612d4202e480038f4d455e921715e5/USER#46a619e1-5ef6-4d18-a30c-655e09e9469b
inputFiles=/store/user/mario/Tbar_t-channel_TuneZ2star_8TeV-powheg-tauola/Summer12-stop-pfele-step1/08612d4202e480038f4d455e921715e5/tuple_79_1_zqs.root;/store/user/mario/Tbar_t-channel_TuneZ2star_8TeV-powheg-tauola/Summer12-stop-pfele-step1/08612d4202e480038f4d455e921715e5/tuple_92_1_ogm.root;/store/user/mario/Tbar_t-channel_TuneZ2star_8TeV-powheg-tauola/Summer12-stop-pfele-step1/08612d4202e480038f4d455e921715e5/tuple_95_1_YYw.root;/store/user/mario/Tbar_t-channel_TuneZ2star_8TeV-powheg-tauola/Summer12-stop-pfele-step1/08612d4202e480038f4d455e921715e5/tuple_96_1_zdy.root;/store/user/mario/Tbar_t-channel_TuneZ2star_8TeV-powheg-tauola/Summer12-stop-pfele-step1/08612d4202e480038f4d455e921715e5/tuple_867_2_1cC.root;/store/user/mario/Tbar_t-channel_TuneZ2star_8TeV-powheg-tauola/Summer12-stop-pfele-step1/08612d4202e480038f4d455e921715e5/tuple_843_1_Nle.root;/store/user/mario/Tbar_t-channel_TuneZ2star_8TeV-powheg-tauola/Summer12-stop-pfele-step1/08612d4202e480038f4d455e921715e5/tuple_853_1_yWy.root;/store/user/mario/Tbar_t-channel_TuneZ2star_8TeV-powheg-tauola/Summer12-stop-pfele-step1/08612d4202e480038f4d455e921715e5/tuple_854_1_gbt.root;/store/user/mario/Tbar_t-channel_TuneZ2star_8TeV-powheg-tauola/Summer12-stop-pfele-step1/08612d4202e480038f4d455e921715e5/tuple_869_2_djf.root;/store/user/mario/Tbar_t-channel_TuneZ2star_8TeV-powheg-tauola/Summer12-stop-pfele-step1/08612d4202e480038f4d455e921715e5/tuple_870_2_frz.root;/store/user/mario/Tbar_t-channel_TuneZ2star_8TeV-powheg-tauola/Summer12-stop-pfele-step1/08612d4202e480038f4d455e921715e5/tuple_871_2_ecl.root
parentFiles=
lumisRange=
>>> Executable cmsRun
/cvmfs/cms.cern.ch/slc5_amd64_gcc462/cms/cmssw/CMSSW_5_3_5/bin/slc5_amd64_gcc462/cmsRun
ok executable found
>>> info for dashboard:
***** Cat /home/cms019/home_crobe_298562111/CREAM298562111/glide_F30401/execute/dir_26255/jobreport.txt *****
MonitorJobID=49_https://submit-2.t2.ucsd.edu//121127//17542.48
MonitorID=liis_crab_0_121127_014711_7us61f
ExeStart=cmsRun
***** End Cat jobreport *****
Parameters sent to Dashboard.
>>> cmsRun started at Tue Nov 27 01:16:13 UTC 2012
>>> cmsRun ended at Tue Nov 27 01:18:48 UTC 2012
>>> info for dashboard:
***** Cat /home/cms019/home_crobe_298562111/CREAM298562111/glide_F30401/execute/dir_26255/jobreport.txt *****
MonitorJobID=49_https://submit-2.t2.ucsd.edu//121127//17542.48
MonitorID=liis_crab_0_121127_014711_7us61f
ExeEnd=cmsRun
***** End Cat jobreport *****
Parameters sent to Dashboard.
TIME_EXE = 155 sec
>>> cmsRun wrote 71 lines of stdout+stderr
>>> START OF printout of 71 lines from stdout+stderr
27-Nov-2012 03:16:22 EET  Initiating request to open file file:/hdfs/cms/store/user/mario/Tbar_t-channel_TuneZ2star_8TeV-powheg-tauola/Summer12-stop-pfele-step1/08612d4202e480038f4d455e921715e5/tuple_79_1_zqs.root
27-Nov-2012 03:16:29 EET  Successfully opened file file:/hdfs/cms/store/user/mario/Tbar_t-channel_TuneZ2star_8TeV-powheg-tauola/Summer12-stop-pfele-step1/08612d4202e480038f4d455e921715e5/tuple_79_1_zqs.root
Begin processing the 1st record. Run 1, Event 482326, LumiSection 1608 at 27-Nov-2012 03:16:38.357 EET
27-Nov-2012 03:16:40 EET  Closed file file:/hdfs/cms/store/user/mario/Tbar_t-channel_TuneZ2star_8TeV-powheg-tauola/Summer12-stop-pfele-step1/08612d4202e480038f4d455e921715e5/tuple_79_1_zqs.root
27-Nov-2012 03:16:40 EET  Initiating request to open file file:/hdfs/cms/store/user/mario/Tbar_t-channel_TuneZ2star_8TeV-powheg-tauola/Summer12-stop-pfele-step1/08612d4202e480038f4d455e921715e5/tuple_92_1_ogm.root
27-Nov-2012 03:16:40 EET  Successfully opened file file:/hdfs/cms/store/user/mario/Tbar_t-channel_TuneZ2star_8TeV-powheg-tauola/Summer12-stop-pfele-step1/08612d4202e480038f4d455e921715e5/tuple_92_1_ogm.root
Begin processing the 1001st record. Run 1, Event 581738, LumiSection 1940 at 27-Nov-2012 03:16:47.375 EET
Begin processing the 2001st record. Run 1, Event 661062, LumiSection 2204 at 27-Nov-2012 03:16:50.483 EET
27-Nov-2012 03:16:51 EET  Closed file file:/hdfs/cms/store/user/mario/Tbar_t-channel_TuneZ2star_8TeV-powheg-tauola/Summer12-stop-pfele-step1/08612d4202e480038f4d455e921715e5/tuple_92_1_ogm.root
27-Nov-2012 03:16:51 EET  Initiating request to open file file:/hdfs/cms/store/user/mario/Tbar_t-channel_TuneZ2star_8TeV-powheg-tauola/Summer12-stop-pfele-step1/08612d4202e480038f4d455e921715e5/tuple_95_1_YYw.root
27-Nov-2012 03:16:51 EET  Successfully opened file file:/hdfs/cms/store/user/mario/Tbar_t-channel_TuneZ2star_8TeV-powheg-tauola/Summer12-stop-pfele-step1/08612d4202e480038f4d455e921715e5/tuple_95_1_YYw.root
Begin processing the 3001st record. Run 1, Event 823974, LumiSection 2747 at 27-Nov-2012 03:17:00.178 EET
Begin processing the 4001st record. Run 1, Event 8492, LumiSection 29 at 27-Nov-2012 03:17:03.444 EET
27-Nov-2012 03:17:04 EET  Closed file file:/hdfs/cms/store/user/mario/Tbar_t-channel_TuneZ2star_8TeV-powheg-tauola/Summer12-stop-pfele-step1/08612d4202e480038f4d455e921715e5/tuple_95_1_YYw.root
27-Nov-2012 03:17:04 EET  Initiating request to open file file:/hdfs/cms/store/user/mario/Tbar_t-channel_TuneZ2star_8TeV-powheg-tauola/Summer12-stop-pfele-step1/08612d4202e480038f4d455e921715e5/tuple_96_1_zdy.root
27-Nov-2012 03:17:04 EET  Successfully opened file file:/hdfs/cms/store/user/mario/Tbar_t-channel_TuneZ2star_8TeV-powheg-tauola/Summer12-stop-pfele-step1/08612d4202e480038f4d455e921715e5/tuple_96_1_zdy.root
Begin processing the 5001st record. Run 1, Event 9814, LumiSection 33 at 27-Nov-2012 03:17:11.066 EET
Begin processing the 6001st record. Run 1, Event 21937, LumiSection 74 at 27-Nov-2012 03:17:14.453 EET
27-Nov-2012 03:17:15 EET  Closed file file:/hdfs/cms/store/user/mario/Tbar_t-channel_TuneZ2star_8TeV-powheg-tauola/Summer12-stop-pfele-step1/08612d4202e480038f4d455e921715e5/tuple_96_1_zdy.root
27-Nov-2012 03:17:15 EET  Initiating request to open file file:/hdfs/cms/store/user/mario/Tbar_t-channel_TuneZ2star_8TeV-powheg-tauola/Summer12-stop-pfele-step1/08612d4202e480038f4d455e921715e5/tuple_867_2_1cC.root
27-Nov-2012 03:17:15 EET  Successfully opened file file:/hdfs/cms/store/user/mario/Tbar_t-channel_TuneZ2star_8TeV-powheg-tauola/Summer12-stop-pfele-step1/08612d4202e480038f4d455e921715e5/tuple_867_2_1cC.root
Begin processing the 7001st record. Run 1, Event 1164082, LumiSection 3881 at 27-Nov-2012 03:17:27.607 EET
Begin processing the 8001st record. Run 1, Event 1206502, LumiSection 4023 at 27-Nov-2012 03:17:30.378 EET
27-Nov-2012 03:17:31 EET  Closed file file:/hdfs/cms/store/user/mario/Tbar_t-channel_TuneZ2star_8TeV-powheg-tauola/Summer12-stop-pfele-step1/08612d4202e480038f4d455e921715e5/tuple_867_2_1cC.root
27-Nov-2012 03:17:31 EET  Initiating request to open file file:/hdfs/cms/store/user/mario/Tbar_t-channel_TuneZ2star_8TeV-powheg-tauola/Summer12-stop-pfele-step1/08612d4202e480038f4d455e921715e5/tuple_843_1_Nle.root
27-Nov-2012 03:17:31 EET  Successfully opened file file:/hdfs/cms/store/user/mario/Tbar_t-channel_TuneZ2star_8TeV-powheg-tauola/Summer12-stop-pfele-step1/08612d4202e480038f4d455e921715e5/tuple_843_1_Nle.root
Begin processing the 9001st record. Run 1, Event 1244079, LumiSection 4148 at 27-Nov-2012 03:17:41.409 EET
Begin processing the 10001st record. Run 1, Event 1201889, LumiSection 4007 at 27-Nov-2012 03:17:44.851 EET
27-Nov-2012 03:17:45 EET  Closed file file:/hdfs/cms/store/user/mario/Tbar_t-channel_TuneZ2star_8TeV-powheg-tauola/Summer12-stop-pfele-step1/08612d4202e480038f4d455e921715e5/tuple_843_1_Nle.root
27-Nov-2012 03:17:45 EET  Initiating request to open file file:/hdfs/cms/store/user/mario/Tbar_t-channel_TuneZ2star_8TeV-powheg-tauola/Summer12-stop-pfele-step1/08612d4202e480038f4d455e921715e5/tuple_853_1_yWy.root
27-Nov-2012 03:17:47 EET  Successfully opened file file:/hdfs/cms/store/user/mario/Tbar_t-channel_TuneZ2star_8TeV-powheg-tauola/Summer12-stop-pfele-step1/08612d4202e480038f4d455e921715e5/tuple_853_1_yWy.root
Begin processing the 11001st record. Run 1, Event 1033186, LumiSection 3445 at 27-Nov-2012 03:17:55.365 EET
Begin processing the 12001st record. Run 1, Event 1393011, LumiSection 4645 at 27-Nov-2012 03:17:58.134 EET
27-Nov-2012 03:17:58 EET  Closed file file:/hdfs/cms/store/user/mario/Tbar_t-channel_TuneZ2star_8TeV-powheg-tauola/Summer12-stop-pfele-step1/08612d4202e480038f4d455e921715e5/tuple_853_1_yWy.root
27-Nov-2012 03:17:58 EET  Initiating request to open file file:/hdfs/cms/store/user/mario/Tbar_t-channel_TuneZ2star_8TeV-powheg-tauola/Summer12-stop-pfele-step1/08612d4202e480038f4d455e921715e5/tuple_854_1_gbt.root
27-Nov-2012 03:17:59 EET  Successfully opened file file:/hdfs/cms/store/user/mario/Tbar_t-channel_TuneZ2star_8TeV-powheg-tauola/Summer12-stop-pfele-step1/08612d4202e480038f4d455e921715e5/tuple_854_1_gbt.root
Begin processing the 13001st record. Run 1, Event 1483731, LumiSection 4947 at 27-Nov-2012 03:18:09.514 EET
Begin processing the 14001st record. Run 1, Event 1561165, LumiSection 5205 at 27-Nov-2012 03:18:12.492 EET
27-Nov-2012 03:18:13 EET  Closed file file:/hdfs/cms/store/user/mario/Tbar_t-channel_TuneZ2star_8TeV-powheg-tauola/Summer12-stop-pfele-step1/08612d4202e480038f4d455e921715e5/tuple_854_1_gbt.root
27-Nov-2012 03:18:13 EET  Initiating request to open file file:/hdfs/cms/store/user/mario/Tbar_t-channel_TuneZ2star_8TeV-powheg-tauola/Summer12-stop-pfele-step1/08612d4202e480038f4d455e921715e5/tuple_869_2_djf.root
27-Nov-2012 03:18:13 EET  Successfully opened file file:/hdfs/cms/store/user/mario/Tbar_t-channel_TuneZ2star_8TeV-powheg-tauola/Summer12-stop-pfele-step1/08612d4202e480038f4d455e921715e5/tuple_869_2_djf.root
Begin processing the 15001st record. Run 1, Event 1269251, LumiSection 4232 at 27-Nov-2012 03:18:20.711 EET
Begin processing the 16001st record. Run 1, Event 1754967, LumiSection 5851 at 27-Nov-2012 03:18:23.731 EET
27-Nov-2012 03:18:24 EET  Closed file file:/hdfs/cms/store/user/mario/Tbar_t-channel_TuneZ2star_8TeV-powheg-tauola/Summer12-stop-pfele-step1/08612d4202e480038f4d455e921715e5/tuple_869_2_djf.root
27-Nov-2012 03:18:24 EET  Initiating request to open file file:/hdfs/cms/store/user/mario/Tbar_t-channel_TuneZ2star_8TeV-powheg-tauola/Summer12-stop-pfele-step1/08612d4202e480038f4d455e921715e5/tuple_870_2_frz.root
27-Nov-2012 03:18:24 EET  Successfully opened file file:/hdfs/cms/store/user/mario/Tbar_t-channel_TuneZ2star_8TeV-powheg-tauola/Summer12-stop-pfele-step1/08612d4202e480038f4d455e921715e5/tuple_870_2_frz.root
Begin processing the 17001st record. Run 1, Event 1318693, LumiSection 4397 at 27-Nov-2012 03:18:33.289 EET
Begin processing the 18001st record. Run 1, Event 1343415, LumiSection 4479 at 27-Nov-2012 03:18:36.429 EET
27-Nov-2012 03:18:37 EET  Closed file file:/hdfs/cms/store/user/mario/Tbar_t-channel_TuneZ2star_8TeV-powheg-tauola/Summer12-stop-pfele-step1/08612d4202e480038f4d455e921715e5/tuple_870_2_frz.root
27-Nov-2012 03:18:37 EET  Initiating request to open file file:/hdfs/cms/store/user/mario/Tbar_t-channel_TuneZ2star_8TeV-powheg-tauola/Summer12-stop-pfele-step1/08612d4202e480038f4d455e921715e5/tuple_871_2_ecl.root
27-Nov-2012 03:18:37 EET  Successfully opened file file:/hdfs/cms/store/user/mario/Tbar_t-channel_TuneZ2star_8TeV-powheg-tauola/Summer12-stop-pfele-step1/08612d4202e480038f4d455e921715e5/tuple_871_2_ecl.root
Begin processing the 19001st record. Run 1, Event 1367240, LumiSection 4559 at 27-Nov-2012 03:18:44.946 EET
27-Nov-2012 03:18:46 EET  Closed file file:/hdfs/cms/store/user/mario/Tbar_t-channel_TuneZ2star_8TeV-powheg-tauola/Summer12-stop-pfele-step1/08612d4202e480038f4d455e921715e5/tuple_871_2_ecl.root

=============================================

MessageLogger Summary

 type     category        sev    module        subroutine        count    total
 ---- -------------------- -- ---------------- ----------------  -----    -----
    1 fileAction           -s file_close                            11       11
    2 fileAction           -s file_open                             22       22

 type    category    Examples: run/evt        run/evt          run/evt
 ---- -------------------- ---------------- ---------------- ----------------
    1 fileAction           PostProcessEvent PostProcessEvent PostEndRun
    2 fileAction           pre-events       pre-events       PostProcessEvent

Severity    # Occurrences   Total Occurrences
--------    -------------   -----------------
System                 33                  33
>>> END OF printout of 71 lines from stdout+stderr
>>> Parse FrameworkJobReport crab_fjr.xml
Result of parsing the FrameworkJobReport crab_fjr.xml: Popularity start
lumisRange : 1::1890,1929,1937,1940,2181,2203-2204,2295::1;1::1608,1634::2;1::4485,4495,4528,4559,5103::3;1::2886,2909,3881,3896,3988,4018,4023,5457::4;1::18,20,28-29,2654,2728,2747,2751::5;1::20,30,33,47,74,78,85,126::6;1::4355,4358,4363,4397,4400-4401,4479,4485::7;1::3228,3235,3445,3481,3485,4638,4645::8;1::4645,4665,4946-4948,5201,5205,5209::9;1::4193,4231-4232,4352,4355,5796,5851::10;1::3521,3997,4007-4008,4148,4151,4300::11;
lumisParentRange : 
Basename : /store/user/mario/Tbar_t-channel_TuneZ2star_8TeV-powheg-tauola/Summer12-stop-pfele-step1/08612d4202e480038f4d455e921715e5/tuple_
BasenameParent : 
parentFiles : 
inputBlocks : /Tbar_t-channel_TuneZ2star_8TeV-powheg-tauola/mario-Summer12-stop-pfele-step1-08612d4202e480038f4d455e921715e5/USER#46a619e1-5ef6-4d18-a30c-655e09e9469b
inputFiles : 92_1_ogm.root::1::EDM::Local::1;79_1_zqs.root::1::EDM::Local::2;871_2_ecl.root::1::EDM::Local::3;867_2_1cC.root::1::EDM::Local::4;95_1_YYw.root::1::EDM::Local::5;96_1_zdy.root::1::EDM::Local::6;870_2_frz.root::1::EDM::Local::7;853_1_yWy.root::1::EDM::Local::8;854_1_gbt.root::1::EDM::Local::9;869_2_djf.root::1::EDM::Local::10;843_1_Nle.root::1::EDM::Local::11;
Popularity stop
Extracted ExitStatus from FrameworkJobReport parsing output: 0
>>> Executable succeded  0
ExeExitCode=0
EXECUTABLE_EXIT_STATUS = 0
>>> current directory /home/cms019/home_crobe_298562111/CREAM298562111/glide_F30401/execute/dir_26255/CMSSW_5_3_5
>>>  (SOFTWARE_DIR): /home/cms019/home_crobe_298562111/CREAM298562111/glide_F30401/execute/dir_26255/CMSSW_5_3_5
>>> (WORKING_DIR): 
>>> current directory content:
total 156
drwxr-xr-x 3 cms019 cms  4096 Nov 27 03:15 .SCRAM
-rw-r--r-- 1 cms019 cms 30066 Nov 27 03:16 CMSSW.py.pkl
drwxr-xr-x 3 cms019 cms  4096 Nov 27 03:16 bin
drwxr-xr-x 3 cms019 cms  4096 Nov 27 03:16 cfipython
drwxr-xr-x 5 cms019 cms  4096 Nov 27 03:15 config
-rw-r--r-- 1 cms019 cms    15 Nov 27 03:18 cpu_timing.txt
drwxr-xr-x 2 cms019 cms  4096 Nov 27 03:16 doc
-rw-r--r-- 1 cms019 cms  9745 Nov 27 03:18 executable.out
drwxr-xr-x 2 cms019 cms  4096 Nov 27 03:16 include
drwxrwxrwx 3 cms019 cms  4096 Oct 22 16:38 lib
drwxr-xr-x 3 cms019 cms  4096 Nov 27 03:16 logs
drwxr-xr-x 3 cms019 cms  4096 Nov 27 03:16 objs
-rw-r--r-- 1 cms019 cms 20630 Nov 27 03:18 optHistograms.root
-rw-r--r-- 1 cms019 cms   104 Nov 27 03:16 pset.py
-rw-r--r-- 1 cms019 cms 20390 Nov 27 03:16 pset.py.pkl
-rw-r--r-- 1 cms019 cms   289 Nov 27 03:16 pset.pyc
drwxr-xr-x 2 cms019 cms  4096 Nov 27 03:16 python
-rw-r--r-- 1 cms019 cms   420 Nov 27 03:18 report.log
drwxrwxrwx 4 cms019 cms  4096 Nov 27 03:15 src
drwxr-xr-x 3 cms019 cms  4096 Nov 27 03:16 test
drwxr-xr-x 3 cms019 cms  4096 Nov 27 03:16 tmp
>>> current directory /home/cms019/home_crobe_298562111/CREAM298562111/glide_F30401/execute/dir_26255/CMSSW_5_3_5
>>> (SOFTWARE_DIR): /home/cms019/home_crobe_298562111/CREAM298562111/glide_F30401/execute/dir_26255/CMSSW_5_3_5
>>> (WORKING_DIR): 
>>> current directory content:
total 132
drwxr-xr-x 3 cms019 cms  4096 Nov 27 03:15 .SCRAM
-rw-r--r-- 1 cms019 cms 30066 Nov 27 03:16 CMSSW.py.pkl
drwxr-xr-x 3 cms019 cms  4096 Nov 27 03:16 bin
drwxr-xr-x 3 cms019 cms  4096 Nov 27 03:16 cfipython
drwxr-xr-x 5 cms019 cms  4096 Nov 27 03:15 config
-rw-r--r-- 1 cms019 cms    15 Nov 27 03:18 cpu_timing.txt
drwxr-xr-x 2 cms019 cms  4096 Nov 27 03:16 doc
-rw-r--r-- 1 cms019 cms  9745 Nov 27 03:18 executable.out
drwxr-xr-x 2 cms019 cms  4096 Nov 27 03:16 include
drwxrwxrwx 3 cms019 cms  4096 Oct 22 16:38 lib
drwxr-xr-x 3 cms019 cms  4096 Nov 27 03:16 logs
drwxr-xr-x 3 cms019 cms  4096 Nov 27 03:16 objs
-rw-r--r-- 1 cms019 cms   104 Nov 27 03:16 pset.py
-rw-r--r-- 1 cms019 cms 20390 Nov 27 03:16 pset.py.pkl
-rw-r--r-- 1 cms019 cms   289 Nov 27 03:16 pset.pyc
drwxr-xr-x 2 cms019 cms  4096 Nov 27 03:16 python
-rw-r--r-- 1 cms019 cms   420 Nov 27 03:18 report.log
drwxrwxrwx 4 cms019 cms  4096 Nov 27 03:15 src
drwxr-xr-x 3 cms019 cms  4096 Nov 27 03:16 test
drwxr-xr-x 3 cms019 cms  4096 Nov 27 03:16 tmp
>>> current directory (RUNTIME_AREA):  /home/cms019/home_crobe_298562111/CREAM298562111/glide_F30401/execute/dir_26255
>>> current dir: /home/cms019/home_crobe_298562111/CREAM298562111/glide_F30401/execute/dir_26255
>>> current dir content:
total 25864
-rw-rw-rw-  1 cms019 cms     5580 Nov 27 03:15 .job.ad
-rw-rw-rw-  1 cms019 cms    11426 Nov 27 03:15 .machine.ad
-rw-rw-rw-  1 cms019 cms      105 Nov 27 01:48 CMSSW.py
-rw-rw-rw-  1 cms019 cms    30066 Nov 27 01:48 CMSSW.py.pkl
-rwxrw-rw-  1 cms019 cms    23331 Nov 27 03:15 CMSSW.sh
-rw-rw-rw-  1 cms019 cms        0 Nov 27 03:15 CMSSW_49.stderr
-rw-rw-rw-  1 cms019 cms    23227 Nov 27 03:19 CMSSW_49.stdout
drwxr-xr-x 15 cms019 cms     4096 Nov 27 03:19 CMSSW_5_3_5
-rw-r--r--  1 cms019 cms      347 Nov 27 03:15 CacheEnv.sh
-rw-rw-rw-  1 cms019 cms     7291 Jun  9  2010 DashboardAPI.py
-rw-r--r--  1 cms019 cms     6883 Nov 27 03:16 DashboardAPI.pyc
drwxrwxrwx  3 cms019 cms     4096 Nov 27 03:18 IMProv
-rw-rw-rw-  1 cms019 cms     2748 Mar  8  2006 Logger.py
-rw-r--r--  1 cms019 cms     3353 Nov 27 03:16 Logger.pyc
-rw-rw-rw-  1 cms019 cms    24524 Mar 28  2008 ProcInfo.py
-rw-r--r--  1 cms019 cms    23470 Nov 27 03:16 ProcInfo.pyc
drwxrwxrwx  7 cms019 cms     4096 Nov 27 03:16 ProdCommon
drwxrwxrwx  3 cms019 cms     4096 Nov 27 03:15 WMCore
-rw-r--r--  1 cms019 cms     1938 Nov 27 03:18 Watchdog_49.log
-rw-rw-rw-  1 cms019 cms    32895 Mar 28  2008 apmon.py
-rw-r--r--  1 cms019 cms    28874 Nov 27 03:16 apmon.pyc
-rw-rw-rw-  1 cms019 cms   177706 Nov 27 03:15 arguments.xml
-rwxrwxrwx  1 cms019 cms    37427 Sep 13 14:14 cmscp.py
-rwxrwxrwx  1 cms019 cms    23331 Nov 27 03:15 condor_exec.exe
-rw-rw-rw-  1 cms019 cms      541 Nov 27 01:47 crab.cfg
-rwxrwxrwx  1 cms019 cms     9531 Sep 20 21:46 crabWatchdog.sh
-rw-r--r--  1 cms019 cms    51316 Nov 27 03:18 crab_fjr_49.xml
-rw-rw-rw-  1 cms019 cms 25796231 Nov 27 03:15 default.tgz
-rwxrwxrwx  1 cms019 cms     4488 May 12  2012 fillCrabFjr.py
-rw-r--r--  1 cms019 cms     1770 Nov 27 03:16 inputsReport.txt
-rw-r--r--  1 cms019 cms      132 Nov 27 03:19 jobreport.txt
lrwxrwxrwx  1 cms019 cms      107 Nov 27 03:19 optHistograms.root -> /home/cms019/home_crobe_298562111/CREAM298562111/glide_F30401/execute/dir_26255/optHistograms_49_1_Cwx.root
-rw-r--r--  1 cms019 cms    20630 Nov 27 03:18 optHistograms_49_1_Cwx.root
-rw-rw-rw-  1 cms019 cms    17352 Jan 20  2012 parseCrabFjr.py
-rw-r--r--  1 cms019 cms      285 Nov 27 03:15 report.log
-rwxrwxrwx  1 cms019 cms     1497 May 27  2009 report.py
-rwxrwxrwx  1 cms019 cms     8387 Mar 23  2011 writeCfg.py
-rw-------  1 cms019 cms     8691 Nov 27 03:15 x509up_u1000009
Checking output files:  
will tar file optHistograms_49_1_Cwx.root in  out_files_49
will tar file crab_fjr_49.xml in  out_files_49
will tar file CMSSW_49.stdout in  out_files_49
will tar file CMSSW_49.stderr in  out_files_49
WARNING: output file Watchdog_49.log.gz not found!
>>> padding time: Sleeping the wrapper for 415 seconds
STOPPING WATCHDOG. CrabWatchdog PID is 30667
********** LAST 50 LINES OF WATCHDOG LOG
# RESOURCE USAGE SUMMARY FOR PROCESS ID 29830
USER       PID %CPU %MEM    VSZ   RSS TTY      STAT START   TIME COMMAND
cms019   29830  0.2  0.0   8956  1488 ?        S    03:15   0:00 /bin/sh /home/cms019/home_crobe_298562111/CREAM298562111/glide_F30401/execute/dir_26255/condor_exec.exe 49 1
 
# LIMITS USED BY THIS WATCHDOG:
# RSS  (KBytes)  : 2300000
# VSZ  (KBytes)  : 100000000
# DISK (MBytes)  : 19000
# CPU  (seconds) : 171600
# WALL (seconds) : 171600
 
# FOLLOWING PRINTOUT TRACKS MAXIMUM VALUES OF RESOURCES USE
# ONE LINE IS PRINTED EACH TIME A MAXIMUM CHANGES
# IF CHANGE WAS IN RSS OR VSZ ALSO PROCID AND COMMAND ARE PRINTED
# THERE IS NO PRINTOUT FOR CPU/WALL TIME INCREASE
 
# TIME			PID	RSS(KB)	VSZ(KB)	Dsk(MB)	tCPU(s)	tWALL(s)	COMMAND
 Nov 27 03:16:04 EET	1142	3856	5924	0	8	3942	condor_procd -A /home/cms019/home_crobe_298562111/CREAM298562111/glide_F30401/log/procd_address.STARTD -L /home/cms019/home_crobe_298562111/CREAM298562111/glide_F30401/log/ProcLog.STARTD -R 10000000 -S 60 -C
 Nov 27 03:16:04 EET	5779	3856	8816	0	0	4917	/bin/bash /home/cms019/home_crobe_298562111/CREAM298562111/glide_F30401/main/condor_startup.sh glidein_config       
 Nov 27 03:16:04 EET	6546	6112	9780	0	2	4914	/home/cms019/home_crobe_298562111/CREAM298562111/glide_F30401/main/condor/sbin/condor_master -f -pidfile /home/cms019/home_crobe_298562111/CREAM298562111/glide_F30401/condor_master2.pid      
 Nov 27 03:16:04 EET	30253	6112	25504	0	0	4950	perl -e ?use Socket;??sub send_notify {? $cream_url = "193.40.150.124:49152";die "No
 Nov 27 03:16:04 EET	---	6112	25504	168	----	----	----
 Nov 27 03:17:09 EET	31438	328288	500328	168	33	63	cmsRun -j /home/cms019/home_crobe_298562111/CREAM298562111/glide_F30401/execute/dir_26255/crab_fjr_49.xml -p pset.py     
 Nov 27 03:18:16 EET	31438	352724	552040	168	63	129	cmsRun -j /home/cms019/home_crobe_298562111/CREAM298562111/glide_F30401/execute/dir_26255/crab_fjr_49.xml -p pset.py     
 Nov 27 03:19:22 EET	---	352724	552040	169	----	----	----
********** WATCHDOG LOG ENDED
ZIPPING WATCHDOG LOG
Disk space used:
du -sh /home/cms019/home_crobe_298562111/CREAM298562111/glide_F30401/execute/dir_26255
169M	/home/cms019/home_crobe_298562111/CREAM298562111/glide_F30401/execute/dir_26255
>>> info for dashboard:
***** Cat /home/cms019/home_crobe_298562111/CREAM298562111/glide_F30401/execute/dir_26255/jobreport.txt *****
MonitorJobID=49_https://submit-2.t2.ucsd.edu//121127//17542.48
MonitorID=liis_crab_0_121127_014711_7us61f
ExeTime=155
ExeExitCode=0
CrabUserCpuTime=73.53
CrabSysCpuTime=4.46
CrabCpuPercentage=50%
CrabWrapperTime=600
CrabStageoutTime=NULL
***** End Cat jobreport *****
Parameters sent to Dashboard.
optHistograms_49_1_Cwx.root
crab_fjr_49.xml
CMSSW_49.stdout
CMSSW_49.stderr
Watchdog_49.log.gz
tar: .BrokerInfo: Cannot stat: No such file or directory
tar: Error exit delayed from previous errors
Total Output dimension: 27122
WARNING: output files size limit is set to: 50000000
Total Output dimension 27122 is fine.
JOB_EXIT_STATUS = 0
>>> info for dashboard:
***** Cat /home/cms019/home_crobe_298562111/CREAM298562111/glide_F30401/execute/dir_26255/jobreport.txt *****
MonitorJobID=49_https://submit-2.t2.ucsd.edu//121127//17542.48
MonitorID=liis_crab_0_121127_014711_7us61f
JobExitCode=0
***** End Cat jobreport *****
Parameters sent to Dashboard.
optHistograms_49_1_Cwx.root
crab_fjr_49.xml
