This script was generated by crab (version 2.8.3).
Running /home/cms006/home_crce1_784844589/CREAM784844589/glide_Ig3799/execute/dir_28157/condor_exec.exe with 2 positional parameters: 88 1
Today is Tue Nov 27 03:19:34 EET 2012
Job submitted on host wn-v-2396.local
Linux wn-v-2396.local 2.6.32-042stab059.7 #1 SMP Tue Jul 24 19:12:01 MSK 2012 x86_64 x86_64 x86_64 GNU/Linux
>>> current directory (RUNTIME_AREA): /home/cms006/home_crce1_784844589/CREAM784844589/glide_Ig3799/execute/dir_28157
>>> current user: uid=11006(cms006) gid=1400(cms) groups=1400(cms)
>>> voms proxy information:
subject   : /DC=ch/DC=cern/OU=Organic Units/OU=Users/CN=liis/CN=663550/CN=Liis Rebane/CN=proxy/CN=limited proxy
issuer    : /DC=ch/DC=cern/OU=Organic Units/OU=Users/CN=liis/CN=663550/CN=Liis Rebane/CN=proxy
identity  : /DC=ch/DC=cern/OU=Organic Units/OU=Users/CN=liis/CN=663550/CN=Liis Rebane/CN=proxy
type      : limited proxy
strength  : 512 bits
path      : /home/cms006/home_crce1_784844589/CREAM784844589/glide_Ig3799/execute/dir_28157/x509up_u1000009
timeleft  : 23:59:49
key usage : Digital Signature, Key Encipherment, Data Encipherment
=== VO cms extension information ===
VO        : cms
subject   : /DC=ch/DC=cern/OU=Organic Units/OU=Users/CN=liis/CN=663550/CN=Liis Rebane
issuer    : /DC=ch/DC=cern/OU=computers/CN=lcg-voms.cern.ch
attribute : /cms/Role=NULL/Capability=NULL
timeleft  : 190:06:02
uri       : lcg-voms.cern.ch:15002
>>> tar xzf /home/cms006/home_crce1_784844589/CREAM784844589/glide_Ig3799/execute/dir_28157/default.tgz :
Successful untar
>>> Include /home/cms006/home_crce1_784844589/CREAM784844589/glide_Ig3799/execute/dir_28157 in PYTHONPATH:
strip arguments
env var CRAB_UNIQUE_JOB_ID set to: liis_crab_0_121127_014711_7us61f_88_1_Cry
out_files_88
>>> list of expected files on output sandbox
output files: optHistograms_88_1_Cry.root crab_fjr_88.xml CMSSW_88.stdout CMSSW_88.stderr Watchdog_88.log.gz
>>> GridFlavour discovery: 
GridFlavour=LCG
>>> SyncSite discovery: 
SyncSite=T2_EE_Estonia
>>> SyncCE discovery: 
getting SyncCE from CE_ID
SyncCE=cream1.hep.kbfi.ee:8443/cream-pbs-long
>>> info for dashboard:
***** Cat /home/cms006/home_crce1_784844589/CREAM784844589/glide_Ig3799/execute/dir_28157/jobreport.txt *****
MonitorJobID=88_https://submit-2.t2.ucsd.edu//121127//17542.87
SyncGridJobId=https://submit-2.t2.ucsd.edu//121127//17542.87
MonitorID=liis_crab_0_121127_014711_7us61f
GridFlavour=LCG
SyncSite=T2_EE_Estonia
SyncCE=cream1.hep.kbfi.ee:8443/cream-pbs-long
***** End Cat jobreport *****
Parameters sent to Dashboard.
>>> setup environment
set SCRAM ARCH to slc5_amd64_gcc462
SCRAM_ARCH = slc5_amd64_gcc462
>>> setup CMS LCG environment:
set SCRAM ARCH and BUILD_ARCH to slc5_amd64_gcc462 ###
Sourcing environment... 
sourcing /cvmfs/cms.cern.ch/cmsset_default.sh
==> setup cms environment ok
>>> specific cmssw setup environment:
CMSSW_VERSION =  CMSSW_5_3_5
>>> current directory (SOFTWARE_DIR): /home/cms006/home_crce1_784844589/CREAM784844589/glide_Ig3799/execute/dir_28157/CMSSW_5_3_5
PreserveSeeds: <>
IncrementSeeds:<>
{}
WNHostName=wn-v-2396.local
>>> info for dashboard:
***** Cat /home/cms006/home_crce1_784844589/CREAM784844589/glide_Ig3799/execute/dir_28157/jobreport.txt *****
MonitorJobID=88_https://submit-2.t2.ucsd.edu//121127//17542.87
MonitorID=liis_crab_0_121127_014711_7us61f
WNHostName=wn-v-2396.local
***** End Cat jobreport *****
Parameters sent to Dashboard.
crabWatchdog started as process 30468
>>> moving CMSSW software directories in /home/cms006/home_crce1_784844589/CREAM784844589/glide_Ig3799/execute/dir_28157/CMSSW_5_3_5
mv: cannot stat `/home/cms006/home_crce1_784844589/CREAM784844589/glide_Ig3799/execute/dir_28157/module/': No such file or directory
>>> Include /home/cms006/home_crce1_784844589/CREAM784844589/glide_Ig3799/execute/dir_28157 in PYTHONPATH:
PYTHONPATH=/home/cms006/home_crce1_784844589/CREAM784844589/glide_Ig3799/execute/dir_28157/:/home/cms006/home_crce1_784844589/CREAM784844589/glide_Ig3799/execute/dir_28157/CMSSW_5_3_5/python:/home/cms006/home_crce1_784844589/CREAM784844589/glide_Ig3799/execute/dir_28157/CMSSW_5_3_5/lib/slc5_amd64_gcc462:/cvmfs/cms.cern.ch/slc5_amd64_gcc462/cms/cmssw/CMSSW_5_3_5/python:/cvmfs/cms.cern.ch/slc5_amd64_gcc462/cms/cmssw/CMSSW_5_3_5/lib/slc5_amd64_gcc462:/cvmfs/cms.cern.ch/slc5_amd64_gcc462/cms/coral/CORAL_2_3_21-cms27/slc5_amd64_gcc462/python:/cvmfs/cms.cern.ch/slc5_amd64_gcc462/cms/coral/CORAL_2_3_21-cms27/slc5_amd64_gcc462/lib:/cvmfs/cms.cern.ch/slc5_amd64_gcc462/external/pyqt/4.8.1/lib/python2.6/site-packages:/cvmfs/cms.cern.ch/slc5_amd64_gcc462/external/py2-scipy/0.8.0/lib/python2.6/site-packages:/cvmfs/cms.cern.ch/slc5_amd64_gcc462/external/py2-matplotlib/1.0.1/lib/python2.6/site-packages:/cvmfs/cms.cern.ch/slc5_amd64_gcc462/external/python-ldap/2.3.5/lib/python2.6/site-packages:/cvmfs/cms.cern.ch/slc5_amd64_gcc462/external/sip/4.11.2/lib/python2.6/site-packages:/cvmfs/cms.cern.ch/slc5_amd64_gcc462/external/py2-pycurl/7.19.0/lib/python2.6/site-packages:/cvmfs/cms.cern.ch/slc5_amd64_gcc462/external/py2-numpy/1.6.1/lib/python2.6/site-packages:/cvmfs/cms.cern.ch/slc5_amd64_gcc462/external/py2-ipython/0.10/lib/python2.6/site-packages:/cvmfs/cms.cern.ch/slc5_amd64_gcc462/external/py2-cx-oracle/5.1-cms11/lib/python2.6/site-packages:/cvmfs/cms.cern.ch/slc5_amd64_gcc462/external/py2-cjson/1.0.5/lib/python2.6/site-packages:/cvmfs/cms.cern.ch/slc5_amd64_gcc462/cms/das-client/1.4.1-cms8/bin:/cvmfs/cms.cern.ch/slc5_amd64_gcc462/external/elementtree/1.2.6/share/lib/python2.6/site-packages:/cvmfs/cms.cern.ch/slc5_amd64_gcc462/external/rivet/1.5.1-cms10/lib/python2.6/site-packages:/cvmfs/cms.cern.ch/slc5_amd64_gcc462/external/pyminuit2/0.0.1-cms34/lib/python2.6/site-packages:/cvmfs/cms.cern.ch/slc5_amd64_gcc462/external/professor/1.0.0-cms35/lib/python2.6/site-packages:/cvmfs/cms.cern.ch/slc5_amd64_gcc462/lcg/root/5.32.00-cms18/lib:/cvmfs/cms.cern.ch/slc5_amd64_gcc462/cms/dbs-client/DBS_2_1_1_patch1_1/lib:/cvmfs/cms.cern.ch/slc5_amd64_gcc462/cms/dbs-client/DBS_2_1_1_patch1_1/lib/DBSAPI:/home/cms006/home_crce1_784844589/CREAM784844589/glide_Ig3799/execute/dir_28157/
241a2a19cb7c5c8751ba22759ab3bdb0
PSETHASH = 241a2a19cb7c5c8751ba22759ab3bdb0
/home/cms006/home_crce1_784844589/CREAM784844589/glide_Ig3799/execute/dir_28157/writeCfg.py pset.py pset.py
Importing .py file
Setting parameters
inputBlocks=/Tbar_t-channel_TuneZ2star_8TeV-powheg-tauola/mario-Summer12-stop-pfele-step1-08612d4202e480038f4d455e921715e5/USER#46a619e1-5ef6-4d18-a30c-655e09e9469b
inputFiles=/store/user/mario/Tbar_t-channel_TuneZ2star_8TeV-powheg-tauola/Summer12-stop-pfele-step1/08612d4202e480038f4d455e921715e5/tuple_429_1_gSM.root;/store/user/mario/Tbar_t-channel_TuneZ2star_8TeV-powheg-tauola/Summer12-stop-pfele-step1/08612d4202e480038f4d455e921715e5/tuple_430_1_LwU.root;/store/user/mario/Tbar_t-channel_TuneZ2star_8TeV-powheg-tauola/Summer12-stop-pfele-step1/08612d4202e480038f4d455e921715e5/tuple_431_1_8Vv.root;/store/user/mario/Tbar_t-channel_TuneZ2star_8TeV-powheg-tauola/Summer12-stop-pfele-step1/08612d4202e480038f4d455e921715e5/tuple_234_1_uwJ.root;/store/user/mario/Tbar_t-channel_TuneZ2star_8TeV-powheg-tauola/Summer12-stop-pfele-step1/08612d4202e480038f4d455e921715e5/tuple_226_1_pyR.root;/store/user/mario/Tbar_t-channel_TuneZ2star_8TeV-powheg-tauola/Summer12-stop-pfele-step1/08612d4202e480038f4d455e921715e5/tuple_232_1_p6X.root;/store/user/mario/Tbar_t-channel_TuneZ2star_8TeV-powheg-tauola/Summer12-stop-pfele-step1/08612d4202e480038f4d455e921715e5/tuple_233_1_1YQ.root;/store/user/mario/Tbar_t-channel_TuneZ2star_8TeV-powheg-tauola/Summer12-stop-pfele-step1/08612d4202e480038f4d455e921715e5/tuple_235_1_C13.root;/store/user/mario/Tbar_t-channel_TuneZ2star_8TeV-powheg-tauola/Summer12-stop-pfele-step1/08612d4202e480038f4d455e921715e5/tuple_236_1_vTv.root;/store/user/mario/Tbar_t-channel_TuneZ2star_8TeV-powheg-tauola/Summer12-stop-pfele-step1/08612d4202e480038f4d455e921715e5/tuple_355_2_Te0.root
parentFiles=
lumisRange=
>>> Executable cmsRun
/cvmfs/cms.cern.ch/slc5_amd64_gcc462/cms/cmssw/CMSSW_5_3_5/bin/slc5_amd64_gcc462/cmsRun
ok executable found
>>> info for dashboard:
***** Cat /home/cms006/home_crce1_784844589/CREAM784844589/glide_Ig3799/execute/dir_28157/jobreport.txt *****
MonitorJobID=88_https://submit-2.t2.ucsd.edu//121127//17542.87
MonitorID=liis_crab_0_121127_014711_7us61f
ExeStart=cmsRun
***** End Cat jobreport *****
Parameters sent to Dashboard.
>>> cmsRun started at Tue Nov 27 01:20:22 UTC 2012
>>> cmsRun ended at Tue Nov 27 01:23:03 UTC 2012
>>> info for dashboard:
***** Cat /home/cms006/home_crce1_784844589/CREAM784844589/glide_Ig3799/execute/dir_28157/jobreport.txt *****
MonitorJobID=88_https://submit-2.t2.ucsd.edu//121127//17542.87
MonitorID=liis_crab_0_121127_014711_7us61f
ExeEnd=cmsRun
***** End Cat jobreport *****
Parameters sent to Dashboard.
TIME_EXE = 161 sec
>>> cmsRun wrote 74 lines of stdout+stderr
>>> START OF printout of 74 lines from stdout+stderr
27-Nov-2012 03:20:50 EET  Initiating request to open file file:/hdfs/cms/store/user/mario/Tbar_t-channel_TuneZ2star_8TeV-powheg-tauola/Summer12-stop-pfele-step1/08612d4202e480038f4d455e921715e5/tuple_429_1_gSM.root
27-Nov-2012 03:20:59 EET  Successfully opened file file:/hdfs/cms/store/user/mario/Tbar_t-channel_TuneZ2star_8TeV-powheg-tauola/Summer12-stop-pfele-step1/08612d4202e480038f4d455e921715e5/tuple_429_1_gSM.root
Begin processing the 1st record. Run 1, Event 1852760, LumiSection 6177 at 27-Nov-2012 03:21:09.092 EET
Begin processing the 1001st record. Run 1, Event 1884082, LumiSection 6282 at 27-Nov-2012 03:21:17.860 EET
27-Nov-2012 03:21:19 EET  Closed file file:/hdfs/cms/store/user/mario/Tbar_t-channel_TuneZ2star_8TeV-powheg-tauola/Summer12-stop-pfele-step1/08612d4202e480038f4d455e921715e5/tuple_429_1_gSM.root
27-Nov-2012 03:21:19 EET  Initiating request to open file file:/hdfs/cms/store/user/mario/Tbar_t-channel_TuneZ2star_8TeV-powheg-tauola/Summer12-stop-pfele-step1/08612d4202e480038f4d455e921715e5/tuple_430_1_LwU.root
27-Nov-2012 03:21:20 EET  Successfully opened file file:/hdfs/cms/store/user/mario/Tbar_t-channel_TuneZ2star_8TeV-powheg-tauola/Summer12-stop-pfele-step1/08612d4202e480038f4d455e921715e5/tuple_430_1_LwU.root
Begin processing the 2001st record. Run 1, Event 1897997, LumiSection 6328 at 27-Nov-2012 03:21:25.567 EET
Begin processing the 3001st record. Run 1, Event 1925128, LumiSection 6419 at 27-Nov-2012 03:21:28.675 EET
27-Nov-2012 03:21:30 EET  Closed file file:/hdfs/cms/store/user/mario/Tbar_t-channel_TuneZ2star_8TeV-powheg-tauola/Summer12-stop-pfele-step1/08612d4202e480038f4d455e921715e5/tuple_430_1_LwU.root
27-Nov-2012 03:21:30 EET  Initiating request to open file file:/hdfs/cms/store/user/mario/Tbar_t-channel_TuneZ2star_8TeV-powheg-tauola/Summer12-stop-pfele-step1/08612d4202e480038f4d455e921715e5/tuple_431_1_8Vv.root
27-Nov-2012 03:21:30 EET  Successfully opened file file:/hdfs/cms/store/user/mario/Tbar_t-channel_TuneZ2star_8TeV-powheg-tauola/Summer12-stop-pfele-step1/08612d4202e480038f4d455e921715e5/tuple_431_1_8Vv.root
Begin processing the 4001st record. Run 1, Event 1931548, LumiSection 6440 at 27-Nov-2012 03:21:35.097 EET
Begin processing the 5001st record. Run 1, Event 1955664, LumiSection 6520 at 27-Nov-2012 03:21:38.158 EET
27-Nov-2012 03:21:40 EET  Closed file file:/hdfs/cms/store/user/mario/Tbar_t-channel_TuneZ2star_8TeV-powheg-tauola/Summer12-stop-pfele-step1/08612d4202e480038f4d455e921715e5/tuple_431_1_8Vv.root
27-Nov-2012 03:21:40 EET  Initiating request to open file file:/hdfs/cms/store/user/mario/Tbar_t-channel_TuneZ2star_8TeV-powheg-tauola/Summer12-stop-pfele-step1/08612d4202e480038f4d455e921715e5/tuple_234_1_uwJ.root
27-Nov-2012 03:21:40 EET  Successfully opened file file:/hdfs/cms/store/user/mario/Tbar_t-channel_TuneZ2star_8TeV-powheg-tauola/Summer12-stop-pfele-step1/08612d4202e480038f4d455e921715e5/tuple_234_1_uwJ.root
Begin processing the 6001st record. Run 1, Event 164995, LumiSection 550 at 27-Nov-2012 03:21:51.862 EET
Begin processing the 7001st record. Run 1, Event 203817, LumiSection 680 at 27-Nov-2012 03:21:54.791 EET
27-Nov-2012 03:21:56 EET  Closed file file:/hdfs/cms/store/user/mario/Tbar_t-channel_TuneZ2star_8TeV-powheg-tauola/Summer12-stop-pfele-step1/08612d4202e480038f4d455e921715e5/tuple_234_1_uwJ.root
27-Nov-2012 03:21:56 EET  Initiating request to open file file:/hdfs/cms/store/user/mario/Tbar_t-channel_TuneZ2star_8TeV-powheg-tauola/Summer12-stop-pfele-step1/08612d4202e480038f4d455e921715e5/tuple_226_1_pyR.root
27-Nov-2012 03:21:56 EET  Successfully opened file file:/hdfs/cms/store/user/mario/Tbar_t-channel_TuneZ2star_8TeV-powheg-tauola/Summer12-stop-pfele-step1/08612d4202e480038f4d455e921715e5/tuple_226_1_pyR.root
Begin processing the 8001st record. Run 1, Event 652290, LumiSection 2175 at 27-Nov-2012 03:22:01.783 EET
Begin processing the 9001st record. Run 1, Event 669503, LumiSection 2233 at 27-Nov-2012 03:22:05.263 EET
27-Nov-2012 03:22:07 EET  Closed file file:/hdfs/cms/store/user/mario/Tbar_t-channel_TuneZ2star_8TeV-powheg-tauola/Summer12-stop-pfele-step1/08612d4202e480038f4d455e921715e5/tuple_226_1_pyR.root
27-Nov-2012 03:22:07 EET  Initiating request to open file file:/hdfs/cms/store/user/mario/Tbar_t-channel_TuneZ2star_8TeV-powheg-tauola/Summer12-stop-pfele-step1/08612d4202e480038f4d455e921715e5/tuple_232_1_p6X.root
27-Nov-2012 03:22:07 EET  Successfully opened file file:/hdfs/cms/store/user/mario/Tbar_t-channel_TuneZ2star_8TeV-powheg-tauola/Summer12-stop-pfele-step1/08612d4202e480038f4d455e921715e5/tuple_232_1_p6X.root
Begin processing the 10001st record. Run 1, Event 133321, LumiSection 445 at 27-Nov-2012 03:22:12.659 EET
Begin processing the 11001st record. Run 1, Event 137947, LumiSection 460 at 27-Nov-2012 03:22:15.782 EET
27-Nov-2012 03:22:17 EET  Closed file file:/hdfs/cms/store/user/mario/Tbar_t-channel_TuneZ2star_8TeV-powheg-tauola/Summer12-stop-pfele-step1/08612d4202e480038f4d455e921715e5/tuple_232_1_p6X.root
27-Nov-2012 03:22:17 EET  Initiating request to open file file:/hdfs/cms/store/user/mario/Tbar_t-channel_TuneZ2star_8TeV-powheg-tauola/Summer12-stop-pfele-step1/08612d4202e480038f4d455e921715e5/tuple_233_1_1YQ.root
27-Nov-2012 03:22:17 EET  Successfully opened file file:/hdfs/cms/store/user/mario/Tbar_t-channel_TuneZ2star_8TeV-powheg-tauola/Summer12-stop-pfele-step1/08612d4202e480038f4d455e921715e5/tuple_233_1_1YQ.root
Begin processing the 12001st record. Run 1, Event 157559, LumiSection 526 at 27-Nov-2012 03:22:24.385 EET
Begin processing the 13001st record. Run 1, Event 163074, LumiSection 544 at 27-Nov-2012 03:22:27.851 EET
27-Nov-2012 03:22:30 EET  Closed file file:/hdfs/cms/store/user/mario/Tbar_t-channel_TuneZ2star_8TeV-powheg-tauola/Summer12-stop-pfele-step1/08612d4202e480038f4d455e921715e5/tuple_233_1_1YQ.root
27-Nov-2012 03:22:30 EET  Initiating request to open file file:/hdfs/cms/store/user/mario/Tbar_t-channel_TuneZ2star_8TeV-powheg-tauola/Summer12-stop-pfele-step1/08612d4202e480038f4d455e921715e5/tuple_235_1_C13.root
27-Nov-2012 03:22:30 EET  Successfully opened file file:/hdfs/cms/store/user/mario/Tbar_t-channel_TuneZ2star_8TeV-powheg-tauola/Summer12-stop-pfele-step1/08612d4202e480038f4d455e921715e5/tuple_235_1_C13.root
Begin processing the 14001st record. Run 1, Event 855446, LumiSection 2852 at 27-Nov-2012 03:22:35.653 EET
Begin processing the 15001st record. Run 1, Event 242471, LumiSection 809 at 27-Nov-2012 03:22:38.780 EET
27-Nov-2012 03:22:40 EET  Closed file file:/hdfs/cms/store/user/mario/Tbar_t-channel_TuneZ2star_8TeV-powheg-tauola/Summer12-stop-pfele-step1/08612d4202e480038f4d455e921715e5/tuple_235_1_C13.root
27-Nov-2012 03:22:40 EET  Initiating request to open file file:/hdfs/cms/store/user/mario/Tbar_t-channel_TuneZ2star_8TeV-powheg-tauola/Summer12-stop-pfele-step1/08612d4202e480038f4d455e921715e5/tuple_236_1_vTv.root
27-Nov-2012 03:22:40 EET  Successfully opened file file:/hdfs/cms/store/user/mario/Tbar_t-channel_TuneZ2star_8TeV-powheg-tauola/Summer12-stop-pfele-step1/08612d4202e480038f4d455e921715e5/tuple_236_1_vTv.root
%MSG-w compNuP4:  TopJetPairProducer:topJetPairs 27-Nov-2012 03:22:45 EET  Run: 1 Event: 350239
THREE REAL SOLUTIONS: z1 = 21.7641, z2 = -16.054, z3 = -181.383. Use only z1.
%MSG
Begin processing the 16001st record. Run 1, Event 350291, LumiSection 1168 at 27-Nov-2012 03:22:46.113 EET
Begin processing the 17001st record. Run 1, Event 439507, LumiSection 1466 at 27-Nov-2012 03:22:49.107 EET
27-Nov-2012 03:22:50 EET  Closed file file:/hdfs/cms/store/user/mario/Tbar_t-channel_TuneZ2star_8TeV-powheg-tauola/Summer12-stop-pfele-step1/08612d4202e480038f4d455e921715e5/tuple_236_1_vTv.root
27-Nov-2012 03:22:50 EET  Initiating request to open file file:/hdfs/cms/store/user/mario/Tbar_t-channel_TuneZ2star_8TeV-powheg-tauola/Summer12-stop-pfele-step1/08612d4202e480038f4d455e921715e5/tuple_355_2_Te0.root
27-Nov-2012 03:22:51 EET  Successfully opened file file:/hdfs/cms/store/user/mario/Tbar_t-channel_TuneZ2star_8TeV-powheg-tauola/Summer12-stop-pfele-step1/08612d4202e480038f4d455e921715e5/tuple_355_2_Te0.root
Begin processing the 18001st record. Run 1, Event 1826317, LumiSection 6089 at 27-Nov-2012 03:22:57.515 EET
Begin processing the 19001st record. Run 1, Event 1120641, LumiSection 3737 at 27-Nov-2012 03:23:00.889 EET
27-Nov-2012 03:23:02 EET  Closed file file:/hdfs/cms/store/user/mario/Tbar_t-channel_TuneZ2star_8TeV-powheg-tauola/Summer12-stop-pfele-step1/08612d4202e480038f4d455e921715e5/tuple_355_2_Te0.root

=============================================

MessageLogger Summary

 type     category        sev    module        subroutine        count    total
 ---- -------------------- -- ---------------- ----------------  -----    -----
    1 compNuP4             -w TopJetPairProduc                       1        1
    2 fileAction           -s file_close                            10       10
    3 fileAction           -s file_open                             20       20

 type    category    Examples: run/evt        run/evt          run/evt
 ---- -------------------- ---------------- ---------------- ----------------
    1 compNuP4             1/350239                          
    2 fileAction           PostProcessEvent PostProcessEvent PostEndRun
    3 fileAction           pre-events       pre-events       PostProcessEvent

Severity    # Occurrences   Total Occurrences
--------    -------------   -----------------
Warning                 1                   1
System                 30                  30
>>> END OF printout of 74 lines from stdout+stderr
>>> Parse FrameworkJobReport crab_fjr.xml
Result of parsing the FrameworkJobReport crab_fjr.xml: Popularity start
lumisRange : 1::1141,1168,1429,1438,1466,1468,1495,1497::1;1::526,529,544,556,668,674,696,981::2;1::6436,6440-6441,6502,6520,6575,6593::3;1::6293,6328,6345,6379,6417,6419,6421,6436::4;1::111,2108,2175,2230,2233,2843,3385,3419::5;1::550,667,669,679-680,685,696,782::6;1::782,795,807,809,983,1141,2852,3898::7;1::6177,6281-6282,6284-6285,6289,6293::8;1::3342,3347,3354,3737-3738,6083,6089::9;1::443,445,451,453,460,514,556::10;
lumisParentRange : 
Basename : /store/user/mario/Tbar_t-channel_TuneZ2star_8TeV-powheg-tauola/Summer12-stop-pfele-step1/08612d4202e480038f4d455e921715e5/tuple_
BasenameParent : 
parentFiles : 
inputBlocks : /Tbar_t-channel_TuneZ2star_8TeV-powheg-tauola/mario-Summer12-stop-pfele-step1-08612d4202e480038f4d455e921715e5/USER#46a619e1-5ef6-4d18-a30c-655e09e9469b
inputFiles : 236_1_vTv.root::1::EDM::Local::1;233_1_1YQ.root::1::EDM::Local::2;431_1_8Vv.root::1::EDM::Local::3;430_1_LwU.root::1::EDM::Local::4;226_1_pyR.root::1::EDM::Local::5;234_1_uwJ.root::1::EDM::Local::6;235_1_C13.root::1::EDM::Local::7;429_1_gSM.root::1::EDM::Local::8;355_2_Te0.root::1::EDM::Local::9;232_1_p6X.root::1::EDM::Local::10;
Popularity stop
Extracted ExitStatus from FrameworkJobReport parsing output: 0
>>> Executable succeded  0
ExeExitCode=0
EXECUTABLE_EXIT_STATUS = 0
>>> current directory /home/cms006/home_crce1_784844589/CREAM784844589/glide_Ig3799/execute/dir_28157/CMSSW_5_3_5
>>>  (SOFTWARE_DIR): /home/cms006/home_crce1_784844589/CREAM784844589/glide_Ig3799/execute/dir_28157/CMSSW_5_3_5
>>> (WORKING_DIR): 
>>> current directory content:
total 156
drwxr-xr-x 3 cms006 cms  4096 Nov 27 03:19 .SCRAM
-rw-r--r-- 1 cms006 cms 30066 Nov 27 03:19 CMSSW.py.pkl
drwxr-xr-x 3 cms006 cms  4096 Nov 27 03:19 bin
drwxr-xr-x 3 cms006 cms  4096 Nov 27 03:19 cfipython
drwxr-xr-x 5 cms006 cms  4096 Nov 27 03:19 config
-rw-r--r-- 1 cms006 cms    15 Nov 27 03:23 cpu_timing.txt
drwxr-xr-x 2 cms006 cms  4096 Nov 27 03:19 doc
-rw-r--r-- 1 cms006 cms  9505 Nov 27 03:23 executable.out
drwxr-xr-x 2 cms006 cms  4096 Nov 27 03:19 include
drwxrwxrwx 3 cms006 cms  4096 Oct 22 16:38 lib
drwxr-xr-x 3 cms006 cms  4096 Nov 27 03:19 logs
drwxr-xr-x 3 cms006 cms  4096 Nov 27 03:19 objs
-rw-r--r-- 1 cms006 cms 20863 Nov 27 03:23 optHistograms.root
-rw-r--r-- 1 cms006 cms   104 Nov 27 03:20 pset.py
-rw-r--r-- 1 cms006 cms 20241 Nov 27 03:20 pset.py.pkl
-rw-r--r-- 1 cms006 cms   289 Nov 27 03:20 pset.pyc
drwxr-xr-x 2 cms006 cms  4096 Nov 27 03:19 python
-rw-r--r-- 1 cms006 cms   420 Nov 27 03:23 report.log
drwxrwxrwx 4 cms006 cms  4096 Nov 27 03:19 src
drwxr-xr-x 3 cms006 cms  4096 Nov 27 03:19 test
drwxr-xr-x 3 cms006 cms  4096 Nov 27 03:19 tmp
>>> current directory /home/cms006/home_crce1_784844589/CREAM784844589/glide_Ig3799/execute/dir_28157/CMSSW_5_3_5
>>> (SOFTWARE_DIR): /home/cms006/home_crce1_784844589/CREAM784844589/glide_Ig3799/execute/dir_28157/CMSSW_5_3_5
>>> (WORKING_DIR): 
>>> current directory content:
total 132
drwxr-xr-x 3 cms006 cms  4096 Nov 27 03:19 .SCRAM
-rw-r--r-- 1 cms006 cms 30066 Nov 27 03:19 CMSSW.py.pkl
drwxr-xr-x 3 cms006 cms  4096 Nov 27 03:19 bin
drwxr-xr-x 3 cms006 cms  4096 Nov 27 03:19 cfipython
drwxr-xr-x 5 cms006 cms  4096 Nov 27 03:19 config
-rw-r--r-- 1 cms006 cms    15 Nov 27 03:23 cpu_timing.txt
drwxr-xr-x 2 cms006 cms  4096 Nov 27 03:19 doc
-rw-r--r-- 1 cms006 cms  9505 Nov 27 03:23 executable.out
drwxr-xr-x 2 cms006 cms  4096 Nov 27 03:19 include
drwxrwxrwx 3 cms006 cms  4096 Oct 22 16:38 lib
drwxr-xr-x 3 cms006 cms  4096 Nov 27 03:19 logs
drwxr-xr-x 3 cms006 cms  4096 Nov 27 03:19 objs
-rw-r--r-- 1 cms006 cms   104 Nov 27 03:20 pset.py
-rw-r--r-- 1 cms006 cms 20241 Nov 27 03:20 pset.py.pkl
-rw-r--r-- 1 cms006 cms   289 Nov 27 03:20 pset.pyc
drwxr-xr-x 2 cms006 cms  4096 Nov 27 03:19 python
-rw-r--r-- 1 cms006 cms   420 Nov 27 03:23 report.log
drwxrwxrwx 4 cms006 cms  4096 Nov 27 03:19 src
drwxr-xr-x 3 cms006 cms  4096 Nov 27 03:19 test
drwxr-xr-x 3 cms006 cms  4096 Nov 27 03:19 tmp
>>> current directory (RUNTIME_AREA):  /home/cms006/home_crce1_784844589/CREAM784844589/glide_Ig3799/execute/dir_28157
>>> current dir: /home/cms006/home_crce1_784844589/CREAM784844589/glide_Ig3799/execute/dir_28157
>>> current dir content:
total 25860
-rw-rw-rw-  1 cms006 cms     5593 Nov 27 03:19 .job.ad
-rw-rw-rw-  1 cms006 cms    11381 Nov 27 03:19 .machine.ad
-rw-rw-rw-  1 cms006 cms      105 Nov 27 01:48 CMSSW.py
-rw-rw-rw-  1 cms006 cms    30066 Nov 27 01:48 CMSSW.py.pkl
-rwxrw-rw-  1 cms006 cms    23331 Nov 27 03:19 CMSSW.sh
drwxr-xr-x 15 cms006 cms     4096 Nov 27 03:23 CMSSW_5_3_5
-rw-rw-rw-  1 cms006 cms        0 Nov 27 03:19 CMSSW_88.stderr
-rw-rw-rw-  1 cms006 cms    22810 Nov 27 03:23 CMSSW_88.stdout
-rw-r--r--  1 cms006 cms      347 Nov 27 03:19 CacheEnv.sh
-rw-rw-rw-  1 cms006 cms     7291 Jun  9  2010 DashboardAPI.py
-rw-r--r--  1 cms006 cms     6883 Nov 27 03:19 DashboardAPI.pyc
drwxrwxrwx  3 cms006 cms     4096 Nov 27 03:23 IMProv
-rw-rw-rw-  1 cms006 cms     2748 Mar  8  2006 Logger.py
-rw-r--r--  1 cms006 cms     3353 Nov 27 03:19 Logger.pyc
-rw-rw-rw-  1 cms006 cms    24524 Mar 28  2008 ProcInfo.py
-rw-r--r--  1 cms006 cms    23470 Nov 27 03:19 ProcInfo.pyc
drwxrwxrwx  7 cms006 cms     4096 Nov 27 03:20 ProdCommon
drwxrwxrwx  3 cms006 cms     4096 Nov 27 03:19 WMCore
-rw-r--r--  1 cms006 cms     1671 Nov 27 03:22 Watchdog_88.log
-rw-rw-rw-  1 cms006 cms    32895 Mar 28  2008 apmon.py
-rw-r--r--  1 cms006 cms    28874 Nov 27 03:19 apmon.pyc
-rw-rw-rw-  1 cms006 cms   177706 Nov 27 03:19 arguments.xml
-rwxrwxrwx  1 cms006 cms    37427 Sep 13 14:14 cmscp.py
-rwxrwxrwx  1 cms006 cms    23331 Nov 27 03:19 condor_exec.exe
-rw-rw-rw-  1 cms006 cms      541 Nov 27 01:47 crab.cfg
-rwxrwxrwx  1 cms006 cms     9531 Sep 20 21:46 crabWatchdog.sh
-rw-r--r--  1 cms006 cms    47945 Nov 27 03:23 crab_fjr_88.xml
-rw-rw-rw-  1 cms006 cms 25796231 Nov 27 03:19 default.tgz
-rwxrwxrwx  1 cms006 cms     4488 May 12  2012 fillCrabFjr.py
-rw-r--r--  1 cms006 cms     1631 Nov 27 03:20 inputsReport.txt
-rw-r--r--  1 cms006 cms      132 Nov 27 03:23 jobreport.txt
lrwxrwxrwx  1 cms006 cms      107 Nov 27 03:23 optHistograms.root -> /home/cms006/home_crce1_784844589/CREAM784844589/glide_Ig3799/execute/dir_28157/optHistograms_88_1_Cry.root
-rw-r--r--  1 cms006 cms    20863 Nov 27 03:23 optHistograms_88_1_Cry.root
-rw-rw-rw-  1 cms006 cms    17352 Jan 20  2012 parseCrabFjr.py
-rw-r--r--  1 cms006 cms      285 Nov 27 03:19 report.log
-rwxrwxrwx  1 cms006 cms     1497 May 27  2009 report.py
-rwxrwxrwx  1 cms006 cms     8387 Mar 23  2011 writeCfg.py
-rw-------  1 cms006 cms     8691 Nov 27 03:19 x509up_u1000009
Checking output files:  
will tar file optHistograms_88_1_Cry.root in  out_files_88
will tar file crab_fjr_88.xml in  out_files_88
will tar file CMSSW_88.stdout in  out_files_88
will tar file CMSSW_88.stderr in  out_files_88
WARNING: output file Watchdog_88.log.gz not found!
>>> padding time: Sleeping the wrapper for 377 seconds
STOPPING WATCHDOG. CrabWatchdog PID is 30468
********** LAST 50 LINES OF WATCHDOG LOG
# RESOURCE USAGE SUMMARY FOR PROCESS ID 29613
USER       PID %CPU %MEM    VSZ   RSS TTY      STAT START   TIME COMMAND
cms006   29613  0.1  0.0   8956  1488 ?        S    03:19   0:00 /bin/sh /home/cms006/home_crce1_784844589/CREAM784844589/glide_Ig3799/execute/dir_28157/condor_exec.exe 88 1
 
# LIMITS USED BY THIS WATCHDOG:
# RSS  (KBytes)  : 2300000
# VSZ  (KBytes)  : 100000000
# DISK (MBytes)  : 19000
# CPU  (seconds) : 171600
# WALL (seconds) : 171600
 
# FOLLOWING PRINTOUT TRACKS MAXIMUM VALUES OF RESOURCES USE
# ONE LINE IS PRINTED EACH TIME A MAXIMUM CHANGES
# IF CHANGE WAS IN RSS OR VSZ ALSO PROCID AND COMMAND ARE PRINTED
# THERE IS NO PRINTOUT FOR CPU/WALL TIME INCREASE
 
# TIME			PID	RSS(KB)	VSZ(KB)	Dsk(MB)	tCPU(s)	tWALL(s)	COMMAND
 Nov 27 03:19:55 EET	2681	1320	8896	0	0	512	-bash         
 Nov 27 03:19:55 EET	2767	1488	8952	0	0	513	/bin/sh -l ./CREAM784844589_jobWrapper.sh       
 Nov 27 03:19:55 EET	3560	2680	25504	0	0	511	perl -e ?use Socket;??sub send_notify {? $cream_url = "193.40.150.141:49152";die "No
 Nov 27 03:19:55 EET	9928	5968	25504	0	0	503	/home/cms006/home_crce1_784844589/CREAM784844589/glide_Ig3799/main/condor/sbin/condor_master -f -pidfile /home/cms006/home_crce1_784844589/CREAM784844589/glide_Ig3799/condor_master2.pid      
 Nov 27 03:19:55 EET	---	5968	25504	168	----	----	----
 Nov 27 03:21:09 EET	9391	329372	549476	168	13	48	cmsRun -j /home/cms006/home_crce1_784844589/CREAM784844589/glide_Ig3799/execute/dir_28157/crab_fjr_88.xml -p pset.py     
 Nov 27 03:22:13 EET	9391	333112	549476	168	52	114	cmsRun -j /home/cms006/home_crce1_784844589/CREAM784844589/glide_Ig3799/execute/dir_28157/crab_fjr_88.xml -p pset.py     
 Nov 27 03:23:19 EET	---	333112	549476	169	----	----	----
********** WATCHDOG LOG ENDED
ZIPPING WATCHDOG LOG
Disk space used:
du -sh /home/cms006/home_crce1_784844589/CREAM784844589/glide_Ig3799/execute/dir_28157
169M	/home/cms006/home_crce1_784844589/CREAM784844589/glide_Ig3799/execute/dir_28157
>>> info for dashboard:
***** Cat /home/cms006/home_crce1_784844589/CREAM784844589/glide_Ig3799/execute/dir_28157/jobreport.txt *****
MonitorJobID=88_https://submit-2.t2.ucsd.edu//121127//17542.87
MonitorID=liis_crab_0_121127_014711_7us61f
ExeTime=161
ExeExitCode=0
CrabUserCpuTime=74.41
CrabSysCpuTime=5.92
CrabCpuPercentage=50%
CrabWrapperTime=600
CrabStageoutTime=NULL
***** End Cat jobreport *****
Parameters sent to Dashboard.
optHistograms_88_1_Cry.root
crab_fjr_88.xml
CMSSW_88.stdout
CMSSW_88.stderr
Watchdog_88.log.gz
tar: .BrokerInfo: Cannot stat: No such file or directory
tar: Error exit delayed from previous errors
Total Output dimension: 27973
WARNING: output files size limit is set to: 50000000
Total Output dimension 27973 is fine.
JOB_EXIT_STATUS = 0
>>> info for dashboard:
***** Cat /home/cms006/home_crce1_784844589/CREAM784844589/glide_Ig3799/execute/dir_28157/jobreport.txt *****
MonitorJobID=88_https://submit-2.t2.ucsd.edu//121127//17542.87
MonitorID=liis_crab_0_121127_014711_7us61f
JobExitCode=0
***** End Cat jobreport *****
Parameters sent to Dashboard.
optHistograms_88_1_Cry.root
crab_fjr_88.xml
