This script was generated by crab (version 2.8.3).
Running /home/cms003/home_crce1_302512408/CREAM302512408/glide_T31402/execute/dir_7909/condor_exec.exe with 2 positional parameters: 76 1
Today is Tue Nov 27 03:19:27 EET 2012
Job submitted on host wn-v-6536.local
Linux wn-v-6536.local 2.6.32-042stab059.7 #1 SMP Tue Jul 24 19:12:01 MSK 2012 x86_64 x86_64 x86_64 GNU/Linux
>>> current directory (RUNTIME_AREA): /home/cms003/home_crce1_302512408/CREAM302512408/glide_T31402/execute/dir_7909
>>> current user: uid=11003(cms003) gid=1400(cms) groups=1400(cms)
>>> voms proxy information:
subject   : /DC=ch/DC=cern/OU=Organic Units/OU=Users/CN=liis/CN=663550/CN=Liis Rebane/CN=proxy/CN=limited proxy
issuer    : /DC=ch/DC=cern/OU=Organic Units/OU=Users/CN=liis/CN=663550/CN=Liis Rebane/CN=proxy
identity  : /DC=ch/DC=cern/OU=Organic Units/OU=Users/CN=liis/CN=663550/CN=Liis Rebane/CN=proxy
type      : limited proxy
strength  : 512 bits
path      : /home/cms003/home_crce1_302512408/CREAM302512408/glide_T31402/execute/dir_7909/x509up_u1000009
timeleft  : 23:59:53
key usage : Digital Signature, Key Encipherment, Data Encipherment
=== VO cms extension information ===
VO        : cms
subject   : /DC=ch/DC=cern/OU=Organic Units/OU=Users/CN=liis/CN=663550/CN=Liis Rebane
issuer    : /DC=ch/DC=cern/OU=computers/CN=lcg-voms.cern.ch
attribute : /cms/Role=NULL/Capability=NULL
timeleft  : 190:06:10
uri       : lcg-voms.cern.ch:15002
>>> tar xzf /home/cms003/home_crce1_302512408/CREAM302512408/glide_T31402/execute/dir_7909/default.tgz :
Successful untar
>>> Include /home/cms003/home_crce1_302512408/CREAM302512408/glide_T31402/execute/dir_7909 in PYTHONPATH:
strip arguments
env var CRAB_UNIQUE_JOB_ID set to: liis_crab_0_121127_014711_7us61f_76_1_N51
out_files_76
>>> list of expected files on output sandbox
output files: optHistograms_76_1_N51.root crab_fjr_76.xml CMSSW_76.stdout CMSSW_76.stderr Watchdog_76.log.gz
>>> GridFlavour discovery: 
GridFlavour=LCG
>>> SyncSite discovery: 
SyncSite=T2_EE_Estonia
>>> SyncCE discovery: 
getting SyncCE from CE_ID
SyncCE=cream1.hep.kbfi.ee:8443/cream-pbs-long
>>> info for dashboard:
***** Cat /home/cms003/home_crce1_302512408/CREAM302512408/glide_T31402/execute/dir_7909/jobreport.txt *****
MonitorJobID=76_https://submit-2.t2.ucsd.edu//121127//17542.75
SyncGridJobId=https://submit-2.t2.ucsd.edu//121127//17542.75
MonitorID=liis_crab_0_121127_014711_7us61f
GridFlavour=LCG
SyncSite=T2_EE_Estonia
SyncCE=cream1.hep.kbfi.ee:8443/cream-pbs-long
***** End Cat jobreport *****
Parameters sent to Dashboard.
>>> setup environment
set SCRAM ARCH to slc5_amd64_gcc462
SCRAM_ARCH = slc5_amd64_gcc462
>>> setup CMS LCG environment:
set SCRAM ARCH and BUILD_ARCH to slc5_amd64_gcc462 ###
Sourcing environment... 
sourcing /cvmfs/cms.cern.ch/cmsset_default.sh
==> setup cms environment ok
>>> specific cmssw setup environment:
CMSSW_VERSION =  CMSSW_5_3_5
>>> current directory (SOFTWARE_DIR): /home/cms003/home_crce1_302512408/CREAM302512408/glide_T31402/execute/dir_7909/CMSSW_5_3_5
PreserveSeeds: <>
IncrementSeeds:<>
{}
WNHostName=wn-v-6536.local
>>> info for dashboard:
***** Cat /home/cms003/home_crce1_302512408/CREAM302512408/glide_T31402/execute/dir_7909/jobreport.txt *****
MonitorJobID=76_https://submit-2.t2.ucsd.edu//121127//17542.75
MonitorID=liis_crab_0_121127_014711_7us61f
WNHostName=wn-v-6536.local
***** End Cat jobreport *****
Parameters sent to Dashboard.
crabWatchdog started as process 14619
>>> moving CMSSW software directories in /home/cms003/home_crce1_302512408/CREAM302512408/glide_T31402/execute/dir_7909/CMSSW_5_3_5
mv: cannot stat `/home/cms003/home_crce1_302512408/CREAM302512408/glide_T31402/execute/dir_7909/module/': No such file or directory
>>> Include /home/cms003/home_crce1_302512408/CREAM302512408/glide_T31402/execute/dir_7909 in PYTHONPATH:
PYTHONPATH=/home/cms003/home_crce1_302512408/CREAM302512408/glide_T31402/execute/dir_7909/:/home/cms003/home_crce1_302512408/CREAM302512408/glide_T31402/execute/dir_7909/CMSSW_5_3_5/python:/home/cms003/home_crce1_302512408/CREAM302512408/glide_T31402/execute/dir_7909/CMSSW_5_3_5/lib/slc5_amd64_gcc462:/cvmfs/cms.cern.ch/slc5_amd64_gcc462/cms/cmssw/CMSSW_5_3_5/python:/cvmfs/cms.cern.ch/slc5_amd64_gcc462/cms/cmssw/CMSSW_5_3_5/lib/slc5_amd64_gcc462:/cvmfs/cms.cern.ch/slc5_amd64_gcc462/cms/coral/CORAL_2_3_21-cms27/slc5_amd64_gcc462/python:/cvmfs/cms.cern.ch/slc5_amd64_gcc462/cms/coral/CORAL_2_3_21-cms27/slc5_amd64_gcc462/lib:/cvmfs/cms.cern.ch/slc5_amd64_gcc462/external/pyqt/4.8.1/lib/python2.6/site-packages:/cvmfs/cms.cern.ch/slc5_amd64_gcc462/external/py2-scipy/0.8.0/lib/python2.6/site-packages:/cvmfs/cms.cern.ch/slc5_amd64_gcc462/external/py2-matplotlib/1.0.1/lib/python2.6/site-packages:/cvmfs/cms.cern.ch/slc5_amd64_gcc462/external/python-ldap/2.3.5/lib/python2.6/site-packages:/cvmfs/cms.cern.ch/slc5_amd64_gcc462/external/sip/4.11.2/lib/python2.6/site-packages:/cvmfs/cms.cern.ch/slc5_amd64_gcc462/external/py2-pycurl/7.19.0/lib/python2.6/site-packages:/cvmfs/cms.cern.ch/slc5_amd64_gcc462/external/py2-numpy/1.6.1/lib/python2.6/site-packages:/cvmfs/cms.cern.ch/slc5_amd64_gcc462/external/py2-ipython/0.10/lib/python2.6/site-packages:/cvmfs/cms.cern.ch/slc5_amd64_gcc462/external/py2-cx-oracle/5.1-cms11/lib/python2.6/site-packages:/cvmfs/cms.cern.ch/slc5_amd64_gcc462/external/py2-cjson/1.0.5/lib/python2.6/site-packages:/cvmfs/cms.cern.ch/slc5_amd64_gcc462/cms/das-client/1.4.1-cms8/bin:/cvmfs/cms.cern.ch/slc5_amd64_gcc462/external/elementtree/1.2.6/share/lib/python2.6/site-packages:/cvmfs/cms.cern.ch/slc5_amd64_gcc462/external/rivet/1.5.1-cms10/lib/python2.6/site-packages:/cvmfs/cms.cern.ch/slc5_amd64_gcc462/external/pyminuit2/0.0.1-cms34/lib/python2.6/site-packages:/cvmfs/cms.cern.ch/slc5_amd64_gcc462/external/professor/1.0.0-cms35/lib/python2.6/site-packages:/cvmfs/cms.cern.ch/slc5_amd64_gcc462/lcg/root/5.32.00-cms18/lib:/cvmfs/cms.cern.ch/slc5_amd64_gcc462/cms/dbs-client/DBS_2_1_1_patch1_1/lib:/cvmfs/cms.cern.ch/slc5_amd64_gcc462/cms/dbs-client/DBS_2_1_1_patch1_1/lib/DBSAPI:/home/cms003/home_crce1_302512408/CREAM302512408/glide_T31402/execute/dir_7909/
241a2a19cb7c5c8751ba22759ab3bdb0
PSETHASH = 241a2a19cb7c5c8751ba22759ab3bdb0
/home/cms003/home_crce1_302512408/CREAM302512408/glide_T31402/execute/dir_7909/writeCfg.py pset.py pset.py
Importing .py file
Setting parameters
inputBlocks=/Tbar_t-channel_TuneZ2star_8TeV-powheg-tauola/mario-Summer12-stop-pfele-step1-08612d4202e480038f4d455e921715e5/USER#46a619e1-5ef6-4d18-a30c-655e09e9469b
inputFiles=/store/user/mario/Tbar_t-channel_TuneZ2star_8TeV-powheg-tauola/Summer12-stop-pfele-step1/08612d4202e480038f4d455e921715e5/tuple_140_1_mkz.root;/store/user/mario/Tbar_t-channel_TuneZ2star_8TeV-powheg-tauola/Summer12-stop-pfele-step1/08612d4202e480038f4d455e921715e5/tuple_141_1_nuy.root;/store/user/mario/Tbar_t-channel_TuneZ2star_8TeV-powheg-tauola/Summer12-stop-pfele-step1/08612d4202e480038f4d455e921715e5/tuple_142_1_Ixl.root;/store/user/mario/Tbar_t-channel_TuneZ2star_8TeV-powheg-tauola/Summer12-stop-pfele-step1/08612d4202e480038f4d455e921715e5/tuple_184_1_kSN.root;/store/user/mario/Tbar_t-channel_TuneZ2star_8TeV-powheg-tauola/Summer12-stop-pfele-step1/08612d4202e480038f4d455e921715e5/tuple_589_1_Psc.root;/store/user/mario/Tbar_t-channel_TuneZ2star_8TeV-powheg-tauola/Summer12-stop-pfele-step1/08612d4202e480038f4d455e921715e5/tuple_564_1_mO2.root;/store/user/mario/Tbar_t-channel_TuneZ2star_8TeV-powheg-tauola/Summer12-stop-pfele-step1/08612d4202e480038f4d455e921715e5/tuple_587_1_4J1.root;/store/user/mario/Tbar_t-channel_TuneZ2star_8TeV-powheg-tauola/Summer12-stop-pfele-step1/08612d4202e480038f4d455e921715e5/tuple_588_1_lH1.root;/store/user/mario/Tbar_t-channel_TuneZ2star_8TeV-powheg-tauola/Summer12-stop-pfele-step1/08612d4202e480038f4d455e921715e5/tuple_591_1_89a.root;/store/user/mario/Tbar_t-channel_TuneZ2star_8TeV-powheg-tauola/Summer12-stop-pfele-step1/08612d4202e480038f4d455e921715e5/tuple_595_1_TmB.root
parentFiles=
lumisRange=
>>> Executable cmsRun
/cvmfs/cms.cern.ch/slc5_amd64_gcc462/cms/cmssw/CMSSW_5_3_5/bin/slc5_amd64_gcc462/cmsRun
ok executable found
>>> info for dashboard:
***** Cat /home/cms003/home_crce1_302512408/CREAM302512408/glide_T31402/execute/dir_7909/jobreport.txt *****
MonitorJobID=76_https://submit-2.t2.ucsd.edu//121127//17542.75
MonitorID=liis_crab_0_121127_014711_7us61f
ExeStart=cmsRun
***** End Cat jobreport *****
Parameters sent to Dashboard.
>>> cmsRun started at Tue Nov 27 01:19:43 UTC 2012
>>> cmsRun ended at Tue Nov 27 01:22:16 UTC 2012
>>> info for dashboard:
***** Cat /home/cms003/home_crce1_302512408/CREAM302512408/glide_T31402/execute/dir_7909/jobreport.txt *****
MonitorJobID=76_https://submit-2.t2.ucsd.edu//121127//17542.75
MonitorID=liis_crab_0_121127_014711_7us61f
ExeEnd=cmsRun
***** End Cat jobreport *****
Parameters sent to Dashboard.
TIME_EXE = 153 sec
>>> cmsRun wrote 74 lines of stdout+stderr
>>> START OF printout of 74 lines from stdout+stderr
27-Nov-2012 03:19:56 EET  Initiating request to open file file:/hdfs/cms/store/user/mario/Tbar_t-channel_TuneZ2star_8TeV-powheg-tauola/Summer12-stop-pfele-step1/08612d4202e480038f4d455e921715e5/tuple_140_1_mkz.root
27-Nov-2012 03:20:16 EET  Successfully opened file file:/hdfs/cms/store/user/mario/Tbar_t-channel_TuneZ2star_8TeV-powheg-tauola/Summer12-stop-pfele-step1/08612d4202e480038f4d455e921715e5/tuple_140_1_mkz.root
Begin processing the 1st record. Run 1, Event 857844, LumiSection 2860 at 27-Nov-2012 03:20:26.725 EET
Begin processing the 1001st record. Run 1, Event 917969, LumiSection 3061 at 27-Nov-2012 03:20:36.466 EET
27-Nov-2012 03:20:39 EET  Closed file file:/hdfs/cms/store/user/mario/Tbar_t-channel_TuneZ2star_8TeV-powheg-tauola/Summer12-stop-pfele-step1/08612d4202e480038f4d455e921715e5/tuple_140_1_mkz.root
27-Nov-2012 03:20:39 EET  Initiating request to open file file:/hdfs/cms/store/user/mario/Tbar_t-channel_TuneZ2star_8TeV-powheg-tauola/Summer12-stop-pfele-step1/08612d4202e480038f4d455e921715e5/tuple_141_1_nuy.root
27-Nov-2012 03:20:39 EET  Successfully opened file file:/hdfs/cms/store/user/mario/Tbar_t-channel_TuneZ2star_8TeV-powheg-tauola/Summer12-stop-pfele-step1/08612d4202e480038f4d455e921715e5/tuple_141_1_nuy.root
Begin processing the 2001st record. Run 1, Event 893494, LumiSection 2979 at 27-Nov-2012 03:20:45.776 EET
Begin processing the 3001st record. Run 1, Event 904111, LumiSection 3015 at 27-Nov-2012 03:20:48.905 EET
27-Nov-2012 03:20:52 EET  Closed file file:/hdfs/cms/store/user/mario/Tbar_t-channel_TuneZ2star_8TeV-powheg-tauola/Summer12-stop-pfele-step1/08612d4202e480038f4d455e921715e5/tuple_141_1_nuy.root
27-Nov-2012 03:20:52 EET  Initiating request to open file file:/hdfs/cms/store/user/mario/Tbar_t-channel_TuneZ2star_8TeV-powheg-tauola/Summer12-stop-pfele-step1/08612d4202e480038f4d455e921715e5/tuple_142_1_Ixl.root
27-Nov-2012 03:20:52 EET  Successfully opened file file:/hdfs/cms/store/user/mario/Tbar_t-channel_TuneZ2star_8TeV-powheg-tauola/Summer12-stop-pfele-step1/08612d4202e480038f4d455e921715e5/tuple_142_1_Ixl.root
%MSG-w compNuP4:  TopJetPairProducer:topJetPairs 27-Nov-2012 03:20:56 EET  Run: 1 Event: 1026755
THREE REAL SOLUTIONS: z1 = 126.312, z2 = -109.03, z3 = -147.662. Use only z1.
%MSG
Begin processing the 4001st record. Run 1, Event 1026830, LumiSection 3424 at 27-Nov-2012 03:20:56.423 EET
Begin processing the 5001st record. Run 1, Event 977555, LumiSection 3259 at 27-Nov-2012 03:20:59.200 EET
27-Nov-2012 03:21:01 EET  Closed file file:/hdfs/cms/store/user/mario/Tbar_t-channel_TuneZ2star_8TeV-powheg-tauola/Summer12-stop-pfele-step1/08612d4202e480038f4d455e921715e5/tuple_142_1_Ixl.root
27-Nov-2012 03:21:02 EET  Initiating request to open file file:/hdfs/cms/store/user/mario/Tbar_t-channel_TuneZ2star_8TeV-powheg-tauola/Summer12-stop-pfele-step1/08612d4202e480038f4d455e921715e5/tuple_184_1_kSN.root
27-Nov-2012 03:21:02 EET  Successfully opened file file:/hdfs/cms/store/user/mario/Tbar_t-channel_TuneZ2star_8TeV-powheg-tauola/Summer12-stop-pfele-step1/08612d4202e480038f4d455e921715e5/tuple_184_1_kSN.root
Begin processing the 6001st record. Run 1, Event 800911, LumiSection 2671 at 27-Nov-2012 03:21:08.673 EET
Begin processing the 7001st record. Run 1, Event 798337, LumiSection 2662 at 27-Nov-2012 03:21:11.389 EET
27-Nov-2012 03:21:13 EET  Closed file file:/hdfs/cms/store/user/mario/Tbar_t-channel_TuneZ2star_8TeV-powheg-tauola/Summer12-stop-pfele-step1/08612d4202e480038f4d455e921715e5/tuple_184_1_kSN.root
27-Nov-2012 03:21:13 EET  Initiating request to open file file:/hdfs/cms/store/user/mario/Tbar_t-channel_TuneZ2star_8TeV-powheg-tauola/Summer12-stop-pfele-step1/08612d4202e480038f4d455e921715e5/tuple_589_1_Psc.root
27-Nov-2012 03:21:14 EET  Successfully opened file file:/hdfs/cms/store/user/mario/Tbar_t-channel_TuneZ2star_8TeV-powheg-tauola/Summer12-stop-pfele-step1/08612d4202e480038f4d455e921715e5/tuple_589_1_Psc.root
Begin processing the 8001st record. Run 1, Event 1161112, LumiSection 3872 at 27-Nov-2012 03:21:18.912 EET
Begin processing the 9001st record. Run 1, Event 1508845, LumiSection 5031 at 27-Nov-2012 03:21:21.979 EET
27-Nov-2012 03:21:24 EET  Closed file file:/hdfs/cms/store/user/mario/Tbar_t-channel_TuneZ2star_8TeV-powheg-tauola/Summer12-stop-pfele-step1/08612d4202e480038f4d455e921715e5/tuple_589_1_Psc.root
27-Nov-2012 03:21:24 EET  Initiating request to open file file:/hdfs/cms/store/user/mario/Tbar_t-channel_TuneZ2star_8TeV-powheg-tauola/Summer12-stop-pfele-step1/08612d4202e480038f4d455e921715e5/tuple_564_1_mO2.root
27-Nov-2012 03:21:24 EET  Successfully opened file file:/hdfs/cms/store/user/mario/Tbar_t-channel_TuneZ2star_8TeV-powheg-tauola/Summer12-stop-pfele-step1/08612d4202e480038f4d455e921715e5/tuple_564_1_mO2.root
Begin processing the 10001st record. Run 1, Event 1255614, LumiSection 4187 at 27-Nov-2012 03:21:29.022 EET
Begin processing the 11001st record. Run 1, Event 1266533, LumiSection 4223 at 27-Nov-2012 03:21:31.204 EET
27-Nov-2012 03:21:32 EET  Closed file file:/hdfs/cms/store/user/mario/Tbar_t-channel_TuneZ2star_8TeV-powheg-tauola/Summer12-stop-pfele-step1/08612d4202e480038f4d455e921715e5/tuple_564_1_mO2.root
27-Nov-2012 03:21:32 EET  Initiating request to open file file:/hdfs/cms/store/user/mario/Tbar_t-channel_TuneZ2star_8TeV-powheg-tauola/Summer12-stop-pfele-step1/08612d4202e480038f4d455e921715e5/tuple_587_1_4J1.root
27-Nov-2012 03:21:33 EET  Successfully opened file file:/hdfs/cms/store/user/mario/Tbar_t-channel_TuneZ2star_8TeV-powheg-tauola/Summer12-stop-pfele-step1/08612d4202e480038f4d455e921715e5/tuple_587_1_4J1.root
Begin processing the 12001st record. Run 1, Event 591025, LumiSection 1971 at 27-Nov-2012 03:21:36.622 EET
Begin processing the 13001st record. Run 1, Event 729152, LumiSection 2431 at 27-Nov-2012 03:21:39.849 EET
27-Nov-2012 03:21:42 EET  Closed file file:/hdfs/cms/store/user/mario/Tbar_t-channel_TuneZ2star_8TeV-powheg-tauola/Summer12-stop-pfele-step1/08612d4202e480038f4d455e921715e5/tuple_587_1_4J1.root
27-Nov-2012 03:21:42 EET  Initiating request to open file file:/hdfs/cms/store/user/mario/Tbar_t-channel_TuneZ2star_8TeV-powheg-tauola/Summer12-stop-pfele-step1/08612d4202e480038f4d455e921715e5/tuple_588_1_lH1.root
27-Nov-2012 03:21:42 EET  Successfully opened file file:/hdfs/cms/store/user/mario/Tbar_t-channel_TuneZ2star_8TeV-powheg-tauola/Summer12-stop-pfele-step1/08612d4202e480038f4d455e921715e5/tuple_588_1_lH1.root
Begin processing the 14001st record. Run 1, Event 952176, LumiSection 3175 at 27-Nov-2012 03:21:46.990 EET
Begin processing the 15001st record. Run 1, Event 1011896, LumiSection 3374 at 27-Nov-2012 03:21:50.842 EET
27-Nov-2012 03:21:53 EET  Closed file file:/hdfs/cms/store/user/mario/Tbar_t-channel_TuneZ2star_8TeV-powheg-tauola/Summer12-stop-pfele-step1/08612d4202e480038f4d455e921715e5/tuple_588_1_lH1.root
27-Nov-2012 03:21:53 EET  Initiating request to open file file:/hdfs/cms/store/user/mario/Tbar_t-channel_TuneZ2star_8TeV-powheg-tauola/Summer12-stop-pfele-step1/08612d4202e480038f4d455e921715e5/tuple_591_1_89a.root
27-Nov-2012 03:21:53 EET  Successfully opened file file:/hdfs/cms/store/user/mario/Tbar_t-channel_TuneZ2star_8TeV-powheg-tauola/Summer12-stop-pfele-step1/08612d4202e480038f4d455e921715e5/tuple_591_1_89a.root
Begin processing the 16001st record. Run 1, Event 1955900, LumiSection 6521 at 27-Nov-2012 03:21:59.299 EET
Begin processing the 17001st record. Run 1, Event 644321, LumiSection 2149 at 27-Nov-2012 03:22:02.671 EET
27-Nov-2012 03:22:05 EET  Closed file file:/hdfs/cms/store/user/mario/Tbar_t-channel_TuneZ2star_8TeV-powheg-tauola/Summer12-stop-pfele-step1/08612d4202e480038f4d455e921715e5/tuple_591_1_89a.root
27-Nov-2012 03:22:05 EET  Initiating request to open file file:/hdfs/cms/store/user/mario/Tbar_t-channel_TuneZ2star_8TeV-powheg-tauola/Summer12-stop-pfele-step1/08612d4202e480038f4d455e921715e5/tuple_595_1_TmB.root
27-Nov-2012 03:22:05 EET  Successfully opened file file:/hdfs/cms/store/user/mario/Tbar_t-channel_TuneZ2star_8TeV-powheg-tauola/Summer12-stop-pfele-step1/08612d4202e480038f4d455e921715e5/tuple_595_1_TmB.root
Begin processing the 18001st record. Run 1, Event 24867, LumiSection 83 at 27-Nov-2012 03:22:11.195 EET
Begin processing the 19001st record. Run 1, Event 44187, LumiSection 148 at 27-Nov-2012 03:22:14.336 EET
27-Nov-2012 03:22:15 EET  Closed file file:/hdfs/cms/store/user/mario/Tbar_t-channel_TuneZ2star_8TeV-powheg-tauola/Summer12-stop-pfele-step1/08612d4202e480038f4d455e921715e5/tuple_595_1_TmB.root

=============================================

MessageLogger Summary

 type     category        sev    module        subroutine        count    total
 ---- -------------------- -- ---------------- ----------------  -----    -----
    1 compNuP4             -w TopJetPairProduc                       1        1
    2 fileAction           -s file_close                            10       10
    3 fileAction           -s file_open                             20       20

 type    category    Examples: run/evt        run/evt          run/evt
 ---- -------------------- ---------------- ---------------- ----------------
    1 compNuP4             1/1026755                         
    2 fileAction           PostProcessEvent PostProcessEvent PostEndRun
    3 fileAction           pre-events       pre-events       PostProcessEvent

Severity    # Occurrences   Total Occurrences
--------    -------------   -----------------
Warning                 1                   1
System                 30                  30
>>> END OF printout of 74 lines from stdout+stderr
>>> Parse FrameworkJobReport crab_fjr.xml
Result of parsing the FrameworkJobReport crab_fjr.xml: Popularity start
lumisRange : 1::4106,4187,4198,4223,4265-4266,4268,4289::1;1::2528,2565,2621,2662,2671-2673,2680::2;1::3132,3175,3368-3369,3374,3617,3622,5002::3;1::1970-1971,1981,2429,2431,2434,3053,3132::4;1::1839,2005,2040,2147,2149,6521,6537::5;1::3872-3874,5002,5031,5040,5047,6243::6;1::2860,2921,2967,2979,2999,3002,3061,3122::7;1::83,107,116,118,148,186::8;1::3152,3177,3204,3207,3257,3259,3417,3424::9;1::2979,2988,3011-3012,3015,3049,3417::10;
lumisParentRange : 
Basename : /store/user/mario/Tbar_t-channel_TuneZ2star_8TeV-powheg-tauola/Summer12-stop-pfele-step1/08612d4202e480038f4d455e921715e5/tuple_
BasenameParent : 
parentFiles : 
inputBlocks : /Tbar_t-channel_TuneZ2star_8TeV-powheg-tauola/mario-Summer12-stop-pfele-step1-08612d4202e480038f4d455e921715e5/USER#46a619e1-5ef6-4d18-a30c-655e09e9469b
inputFiles : 564_1_mO2.root::1::EDM::Local::1;184_1_kSN.root::1::EDM::Local::2;588_1_lH1.root::1::EDM::Local::3;587_1_4J1.root::1::EDM::Local::4;591_1_89a.root::1::EDM::Local::5;589_1_Psc.root::1::EDM::Local::6;140_1_mkz.root::1::EDM::Local::7;595_1_TmB.root::1::EDM::Local::8;142_1_Ixl.root::1::EDM::Local::9;141_1_nuy.root::1::EDM::Local::10;
Popularity stop
Extracted ExitStatus from FrameworkJobReport parsing output: 0
>>> Executable succeded  0
ExeExitCode=0
EXECUTABLE_EXIT_STATUS = 0
>>> current directory /home/cms003/home_crce1_302512408/CREAM302512408/glide_T31402/execute/dir_7909/CMSSW_5_3_5
>>>  (SOFTWARE_DIR): /home/cms003/home_crce1_302512408/CREAM302512408/glide_T31402/execute/dir_7909/CMSSW_5_3_5
>>> (WORKING_DIR): 
>>> current directory content:
total 156
drwxr-xr-x 3 cms003 cms  4096 Nov 27 03:19 .SCRAM
-rw-r--r-- 1 cms003 cms 30066 Nov 27 03:19 CMSSW.py.pkl
drwxr-xr-x 3 cms003 cms  4096 Nov 27 03:19 bin
drwxr-xr-x 3 cms003 cms  4096 Nov 27 03:19 cfipython
drwxr-xr-x 5 cms003 cms  4096 Nov 27 03:19 config
-rw-r--r-- 1 cms003 cms    15 Nov 27 03:22 cpu_timing.txt
drwxr-xr-x 2 cms003 cms  4096 Nov 27 03:19 doc
-rw-r--r-- 1 cms003 cms  9507 Nov 27 03:22 executable.out
drwxr-xr-x 2 cms003 cms  4096 Nov 27 03:19 include
drwxrwxrwx 3 cms003 cms  4096 Oct 22 16:38 lib
drwxr-xr-x 3 cms003 cms  4096 Nov 27 03:19 logs
drwxr-xr-x 3 cms003 cms  4096 Nov 27 03:19 objs
-rw-r--r-- 1 cms003 cms 20709 Nov 27 03:22 optHistograms.root
-rw-r--r-- 1 cms003 cms   104 Nov 27 03:19 pset.py
-rw-r--r-- 1 cms003 cms 20241 Nov 27 03:19 pset.py.pkl
-rw-r--r-- 1 cms003 cms   289 Nov 27 03:19 pset.pyc
drwxr-xr-x 2 cms003 cms  4096 Nov 27 03:19 python
-rw-r--r-- 1 cms003 cms   420 Nov 27 03:22 report.log
drwxrwxrwx 4 cms003 cms  4096 Nov 27 03:19 src
drwxr-xr-x 3 cms003 cms  4096 Nov 27 03:19 test
drwxr-xr-x 3 cms003 cms  4096 Nov 27 03:19 tmp
>>> current directory /home/cms003/home_crce1_302512408/CREAM302512408/glide_T31402/execute/dir_7909/CMSSW_5_3_5
>>> (SOFTWARE_DIR): /home/cms003/home_crce1_302512408/CREAM302512408/glide_T31402/execute/dir_7909/CMSSW_5_3_5
>>> (WORKING_DIR): 
>>> current directory content:
total 132
drwxr-xr-x 3 cms003 cms  4096 Nov 27 03:19 .SCRAM
-rw-r--r-- 1 cms003 cms 30066 Nov 27 03:19 CMSSW.py.pkl
drwxr-xr-x 3 cms003 cms  4096 Nov 27 03:19 bin
drwxr-xr-x 3 cms003 cms  4096 Nov 27 03:19 cfipython
drwxr-xr-x 5 cms003 cms  4096 Nov 27 03:19 config
-rw-r--r-- 1 cms003 cms    15 Nov 27 03:22 cpu_timing.txt
drwxr-xr-x 2 cms003 cms  4096 Nov 27 03:19 doc
-rw-r--r-- 1 cms003 cms  9507 Nov 27 03:22 executable.out
drwxr-xr-x 2 cms003 cms  4096 Nov 27 03:19 include
drwxrwxrwx 3 cms003 cms  4096 Oct 22 16:38 lib
drwxr-xr-x 3 cms003 cms  4096 Nov 27 03:19 logs
drwxr-xr-x 3 cms003 cms  4096 Nov 27 03:19 objs
-rw-r--r-- 1 cms003 cms   104 Nov 27 03:19 pset.py
-rw-r--r-- 1 cms003 cms 20241 Nov 27 03:19 pset.py.pkl
-rw-r--r-- 1 cms003 cms   289 Nov 27 03:19 pset.pyc
drwxr-xr-x 2 cms003 cms  4096 Nov 27 03:19 python
-rw-r--r-- 1 cms003 cms   420 Nov 27 03:22 report.log
drwxrwxrwx 4 cms003 cms  4096 Nov 27 03:19 src
drwxr-xr-x 3 cms003 cms  4096 Nov 27 03:19 test
drwxr-xr-x 3 cms003 cms  4096 Nov 27 03:19 tmp
>>> current directory (RUNTIME_AREA):  /home/cms003/home_crce1_302512408/CREAM302512408/glide_T31402/execute/dir_7909
>>> current dir: /home/cms003/home_crce1_302512408/CREAM302512408/glide_T31402/execute/dir_7909
>>> current dir content:
total 25860
-rw-rw-rw-  1 cms003 cms     5592 Nov 27 03:19 .job.ad
-rw-rw-rw-  1 cms003 cms    11382 Nov 27 03:19 .machine.ad
-rw-rw-rw-  1 cms003 cms      105 Nov 27 01:48 CMSSW.py
-rw-rw-rw-  1 cms003 cms    30066 Nov 27 01:48 CMSSW.py.pkl
-rwxrw-rw-  1 cms003 cms    23331 Nov 27 03:19 CMSSW.sh
drwxr-xr-x 15 cms003 cms     4096 Nov 27 03:22 CMSSW_5_3_5
-rw-rw-rw-  1 cms003 cms        0 Nov 27 03:19 CMSSW_76.stderr
-rw-rw-rw-  1 cms003 cms    22800 Nov 27 03:22 CMSSW_76.stdout
-rw-r--r--  1 cms003 cms      346 Nov 27 03:19 CacheEnv.sh
-rw-rw-rw-  1 cms003 cms     7291 Jun  9  2010 DashboardAPI.py
-rw-r--r--  1 cms003 cms     6868 Nov 27 03:19 DashboardAPI.pyc
drwxrwxrwx  3 cms003 cms     4096 Nov 27 03:22 IMProv
-rw-rw-rw-  1 cms003 cms     2748 Mar  8  2006 Logger.py
-rw-r--r--  1 cms003 cms     3348 Nov 27 03:19 Logger.pyc
-rw-rw-rw-  1 cms003 cms    24524 Mar 28  2008 ProcInfo.py
-rw-r--r--  1 cms003 cms    23446 Nov 27 03:19 ProcInfo.pyc
drwxrwxrwx  7 cms003 cms     4096 Nov 27 03:19 ProdCommon
drwxrwxrwx  3 cms003 cms     4096 Nov 27 03:19 WMCore
-rw-r--r--  1 cms003 cms     1804 Nov 27 03:21 Watchdog_76.log
-rw-rw-rw-  1 cms003 cms    32895 Mar 28  2008 apmon.py
-rw-r--r--  1 cms003 cms    28845 Nov 27 03:19 apmon.pyc
-rw-rw-rw-  1 cms003 cms   177706 Nov 27 03:19 arguments.xml
-rwxrwxrwx  1 cms003 cms    37427 Sep 13 14:14 cmscp.py
-rwxrwxrwx  1 cms003 cms    23331 Nov 27 03:19 condor_exec.exe
-rw-rw-rw-  1 cms003 cms      541 Nov 27 01:47 crab.cfg
-rwxrwxrwx  1 cms003 cms     9531 Sep 20 21:46 crabWatchdog.sh
-rw-r--r--  1 cms003 cms    47968 Nov 27 03:22 crab_fjr_76.xml
-rw-rw-rw-  1 cms003 cms 25796231 Nov 27 03:19 default.tgz
-rwxrwxrwx  1 cms003 cms     4488 May 12  2012 fillCrabFjr.py
-rw-r--r--  1 cms003 cms     1631 Nov 27 03:19 inputsReport.txt
-rw-r--r--  1 cms003 cms      132 Nov 27 03:22 jobreport.txt
lrwxrwxrwx  1 cms003 cms      106 Nov 27 03:22 optHistograms.root -> /home/cms003/home_crce1_302512408/CREAM302512408/glide_T31402/execute/dir_7909/optHistograms_76_1_N51.root
-rw-r--r--  1 cms003 cms    20709 Nov 27 03:22 optHistograms_76_1_N51.root
-rw-rw-rw-  1 cms003 cms    17352 Jan 20  2012 parseCrabFjr.py
-rw-r--r--  1 cms003 cms      285 Nov 27 03:19 report.log
-rwxrwxrwx  1 cms003 cms     1497 May 27  2009 report.py
-rwxrwxrwx  1 cms003 cms     8387 Mar 23  2011 writeCfg.py
-rw-------  1 cms003 cms     8691 Nov 27 03:19 x509up_u1000009
Checking output files:  
will tar file optHistograms_76_1_N51.root in  out_files_76
will tar file crab_fjr_76.xml in  out_files_76
will tar file CMSSW_76.stdout in  out_files_76
will tar file CMSSW_76.stderr in  out_files_76
WARNING: output file Watchdog_76.log.gz not found!
>>> padding time: Sleeping the wrapper for 418 seconds
STOPPING WATCHDOG. CrabWatchdog PID is 14619
********** LAST 50 LINES OF WATCHDOG LOG
# RESOURCE USAGE SUMMARY FOR PROCESS ID 13854
USER       PID %CPU %MEM    VSZ   RSS TTY      STAT START   TIME COMMAND
cms003   13854  0.4  0.0   8956  1484 ?        S    03:19   0:00 /bin/sh /home/cms003/home_crce1_302512408/CREAM302512408/glide_T31402/execute/dir_7909/condor_exec.exe 76 1
 
# LIMITS USED BY THIS WATCHDOG:
# RSS  (KBytes)  : 2300000
# VSZ  (KBytes)  : 100000000
# DISK (MBytes)  : 19000
# CPU  (seconds) : 171600
# WALL (seconds) : 171600
 
# FOLLOWING PRINTOUT TRACKS MAXIMUM VALUES OF RESOURCES USE
# ONE LINE IS PRINTED EACH TIME A MAXIMUM CHANGES
# IF CHANGE WAS IN RSS OR VSZ ALSO PROCID AND COMMAND ARE PRINTED
# THERE IS NO PRINTOUT FOR CPU/WALL TIME INCREASE
 
# TIME			PID	RSS(KB)	VSZ(KB)	Dsk(MB)	tCPU(s)	tWALL(s)	COMMAND
 Nov 27 03:19:35 EET	7887	3584	5636	0	0	24	condor_procd -A /home/cms003/home_crce1_302512408/CREAM302512408/glide_T31402/log/procd_address.STARTD -L /home/cms003/home_crce1_302512408/CREAM302512408/glide_T31402/log/ProcLog.STARTD -R 10000000 -S 60 -C
 Nov 27 03:19:35 EET	7909	5380	9380	0	0	25	condor_starter -f submit-2.t2.ucsd.edu       
 Nov 27 03:19:35 EET	10971	5972	9672	0	0	630	/home/cms003/home_crce1_302512408/CREAM302512408/glide_T31402/main/condor/sbin/condor_master -f -pidfile /home/cms003/home_crce1_302512408/CREAM302512408/glide_T31402/condor_master2.pid      
 Nov 27 03:19:35 EET	14629	24056	84828	0	0	2	edmConfigHash pset.py        
 Nov 27 03:19:35 EET	---	24056	84828	168	----	----	----
 Nov 27 03:20:38 EET	15915	327484	496232	168	18	57	cmsRun -j /home/cms003/home_crce1_302512408/CREAM302512408/glide_T31402/execute/dir_7909/crab_fjr_76.xml -p pset.py     
 Nov 27 03:21:42 EET	15915	346132	551528	168	58	123	cmsRun -j /home/cms003/home_crce1_302512408/CREAM302512408/glide_T31402/execute/dir_7909/crab_fjr_76.xml -p pset.py     
 Nov 27 03:22:49 EET	---	346132	551528	169	----	----	----
********** WATCHDOG LOG ENDED
ZIPPING WATCHDOG LOG
Disk space used:
du -sh /home/cms003/home_crce1_302512408/CREAM302512408/glide_T31402/execute/dir_7909
169M	/home/cms003/home_crce1_302512408/CREAM302512408/glide_T31402/execute/dir_7909
>>> info for dashboard:
***** Cat /home/cms003/home_crce1_302512408/CREAM302512408/glide_T31402/execute/dir_7909/jobreport.txt *****
MonitorJobID=76_https://submit-2.t2.ucsd.edu//121127//17542.75
MonitorID=liis_crab_0_121127_014711_7us61f
ExeTime=153
ExeExitCode=0
CrabUserCpuTime=73.29
CrabSysCpuTime=5.37
CrabCpuPercentage=51%
CrabWrapperTime=601
CrabStageoutTime=NULL
***** End Cat jobreport *****
Parameters sent to Dashboard.
optHistograms_76_1_N51.root
crab_fjr_76.xml
CMSSW_76.stdout
CMSSW_76.stderr
Watchdog_76.log.gz
tar: .BrokerInfo: Cannot stat: No such file or directory
tar: Error exit delayed from previous errors
Total Output dimension: 27025
WARNING: output files size limit is set to: 50000000
Total Output dimension 27025 is fine.
JOB_EXIT_STATUS = 0
>>> info for dashboard:
***** Cat /home/cms003/home_crce1_302512408/CREAM302512408/glide_T31402/execute/dir_7909/jobreport.txt *****
MonitorJobID=76_https://submit-2.t2.ucsd.edu//121127//17542.75
MonitorID=liis_crab_0_121127_014711_7us61f
JobExitCode=0
***** End Cat jobreport *****
Parameters sent to Dashboard.
optHistograms_76_1_N51.root
crab_fjr_76.xml
