This script was generated by crab (version 2.8.3).
Running /home/cms006/home_crobe_677261761/CREAM677261761/glide_s24851/execute/dir_20768/condor_exec.exe with 2 positional parameters: 10 1
Today is Tue Nov 27 03:13:51 EET 2012
Job submitted on host wn-v-7035.local
Linux wn-v-7035.local 2.6.32-042stab059.7 #1 SMP Tue Jul 24 19:12:01 MSK 2012 x86_64 x86_64 x86_64 GNU/Linux
>>> current directory (RUNTIME_AREA): /home/cms006/home_crobe_677261761/CREAM677261761/glide_s24851/execute/dir_20768
>>> current user: uid=11006(cms006) gid=1400(cms) groups=1400(cms)
>>> voms proxy information:
subject   : /DC=ch/DC=cern/OU=Organic Units/OU=Users/CN=liis/CN=663550/CN=Liis Rebane/CN=proxy/CN=limited proxy
issuer    : /DC=ch/DC=cern/OU=Organic Units/OU=Users/CN=liis/CN=663550/CN=Liis Rebane/CN=proxy
identity  : /DC=ch/DC=cern/OU=Organic Units/OU=Users/CN=liis/CN=663550/CN=Liis Rebane/CN=proxy
type      : limited proxy
strength  : 512 bits
path      : /home/cms006/home_crobe_677261761/CREAM677261761/glide_s24851/execute/dir_20768/x509up_u1000009
timeleft  : 23:58:54
key usage : Digital Signature, Key Encipherment, Data Encipherment
=== VO cms extension information ===
VO        : cms
subject   : /DC=ch/DC=cern/OU=Organic Units/OU=Users/CN=liis/CN=663550/CN=Liis Rebane
issuer    : /DC=ch/DC=cern/OU=computers/CN=lcg-voms.cern.ch
attribute : /cms/Role=NULL/Capability=NULL
timeleft  : 190:11:46
uri       : lcg-voms.cern.ch:15002
>>> tar xzf /home/cms006/home_crobe_677261761/CREAM677261761/glide_s24851/execute/dir_20768/default.tgz :
Successful untar
>>> Include /home/cms006/home_crobe_677261761/CREAM677261761/glide_s24851/execute/dir_20768 in PYTHONPATH:
strip arguments
env var CRAB_UNIQUE_JOB_ID set to: liis_crab_0_121127_014711_7us61f_10_1_2lV
out_files_10
>>> list of expected files on output sandbox
output files: optHistograms_10_1_2lV.root crab_fjr_10.xml CMSSW_10.stdout CMSSW_10.stderr Watchdog_10.log.gz
>>> GridFlavour discovery: 
GridFlavour=LCG
>>> SyncSite discovery: 
SyncSite=T2_EE_Estonia
>>> SyncCE discovery: 
getting SyncCE from CE_ID
SyncCE=oberon.hep.kbfi.ee:8443/cream-pbs-long
>>> info for dashboard:
***** Cat /home/cms006/home_crobe_677261761/CREAM677261761/glide_s24851/execute/dir_20768/jobreport.txt *****
MonitorJobID=10_https://submit-2.t2.ucsd.edu//121127//17542.9
SyncGridJobId=https://submit-2.t2.ucsd.edu//121127//17542.9
MonitorID=liis_crab_0_121127_014711_7us61f
GridFlavour=LCG
SyncSite=T2_EE_Estonia
SyncCE=oberon.hep.kbfi.ee:8443/cream-pbs-long
***** End Cat jobreport *****
Parameters sent to Dashboard.
>>> setup environment
set SCRAM ARCH to slc5_amd64_gcc462
SCRAM_ARCH = slc5_amd64_gcc462
>>> setup CMS LCG environment:
set SCRAM ARCH and BUILD_ARCH to slc5_amd64_gcc462 ###
Sourcing environment... 
sourcing /cvmfs/cms.cern.ch/cmsset_default.sh
==> setup cms environment ok
>>> specific cmssw setup environment:
CMSSW_VERSION =  CMSSW_5_3_5
>>> current directory (SOFTWARE_DIR): /home/cms006/home_crobe_677261761/CREAM677261761/glide_s24851/execute/dir_20768/CMSSW_5_3_5
PreserveSeeds: <>
IncrementSeeds:<>
{}
WNHostName=wn-v-7035.local
>>> info for dashboard:
***** Cat /home/cms006/home_crobe_677261761/CREAM677261761/glide_s24851/execute/dir_20768/jobreport.txt *****
MonitorJobID=10_https://submit-2.t2.ucsd.edu//121127//17542.9
MonitorID=liis_crab_0_121127_014711_7us61f
WNHostName=wn-v-7035.local
***** End Cat jobreport *****
Parameters sent to Dashboard.
crabWatchdog started as process 22897
>>> moving CMSSW software directories in /home/cms006/home_crobe_677261761/CREAM677261761/glide_s24851/execute/dir_20768/CMSSW_5_3_5
mv: cannot stat `/home/cms006/home_crobe_677261761/CREAM677261761/glide_s24851/execute/dir_20768/module/': No such file or directory
>>> Include /home/cms006/home_crobe_677261761/CREAM677261761/glide_s24851/execute/dir_20768 in PYTHONPATH:
PYTHONPATH=/home/cms006/home_crobe_677261761/CREAM677261761/glide_s24851/execute/dir_20768/:/home/cms006/home_crobe_677261761/CREAM677261761/glide_s24851/execute/dir_20768/CMSSW_5_3_5/python:/home/cms006/home_crobe_677261761/CREAM677261761/glide_s24851/execute/dir_20768/CMSSW_5_3_5/lib/slc5_amd64_gcc462:/cvmfs/cms.cern.ch/slc5_amd64_gcc462/cms/cmssw/CMSSW_5_3_5/python:/cvmfs/cms.cern.ch/slc5_amd64_gcc462/cms/cmssw/CMSSW_5_3_5/lib/slc5_amd64_gcc462:/cvmfs/cms.cern.ch/slc5_amd64_gcc462/cms/coral/CORAL_2_3_21-cms27/slc5_amd64_gcc462/python:/cvmfs/cms.cern.ch/slc5_amd64_gcc462/cms/coral/CORAL_2_3_21-cms27/slc5_amd64_gcc462/lib:/cvmfs/cms.cern.ch/slc5_amd64_gcc462/external/pyqt/4.8.1/lib/python2.6/site-packages:/cvmfs/cms.cern.ch/slc5_amd64_gcc462/external/py2-scipy/0.8.0/lib/python2.6/site-packages:/cvmfs/cms.cern.ch/slc5_amd64_gcc462/external/py2-matplotlib/1.0.1/lib/python2.6/site-packages:/cvmfs/cms.cern.ch/slc5_amd64_gcc462/external/python-ldap/2.3.5/lib/python2.6/site-packages:/cvmfs/cms.cern.ch/slc5_amd64_gcc462/external/sip/4.11.2/lib/python2.6/site-packages:/cvmfs/cms.cern.ch/slc5_amd64_gcc462/external/py2-pycurl/7.19.0/lib/python2.6/site-packages:/cvmfs/cms.cern.ch/slc5_amd64_gcc462/external/py2-numpy/1.6.1/lib/python2.6/site-packages:/cvmfs/cms.cern.ch/slc5_amd64_gcc462/external/py2-ipython/0.10/lib/python2.6/site-packages:/cvmfs/cms.cern.ch/slc5_amd64_gcc462/external/py2-cx-oracle/5.1-cms11/lib/python2.6/site-packages:/cvmfs/cms.cern.ch/slc5_amd64_gcc462/external/py2-cjson/1.0.5/lib/python2.6/site-packages:/cvmfs/cms.cern.ch/slc5_amd64_gcc462/cms/das-client/1.4.1-cms8/bin:/cvmfs/cms.cern.ch/slc5_amd64_gcc462/external/elementtree/1.2.6/share/lib/python2.6/site-packages:/cvmfs/cms.cern.ch/slc5_amd64_gcc462/external/rivet/1.5.1-cms10/lib/python2.6/site-packages:/cvmfs/cms.cern.ch/slc5_amd64_gcc462/external/pyminuit2/0.0.1-cms34/lib/python2.6/site-packages:/cvmfs/cms.cern.ch/slc5_amd64_gcc462/external/professor/1.0.0-cms35/lib/python2.6/site-packages:/cvmfs/cms.cern.ch/slc5_amd64_gcc462/lcg/root/5.32.00-cms18/lib:/cvmfs/cms.cern.ch/slc5_amd64_gcc462/cms/dbs-client/DBS_2_1_1_patch1_1/lib:/cvmfs/cms.cern.ch/slc5_amd64_gcc462/cms/dbs-client/DBS_2_1_1_patch1_1/lib/DBSAPI:/home/cms006/home_crobe_677261761/CREAM677261761/glide_s24851/execute/dir_20768/
241a2a19cb7c5c8751ba22759ab3bdb0
PSETHASH = 241a2a19cb7c5c8751ba22759ab3bdb0
/home/cms006/home_crobe_677261761/CREAM677261761/glide_s24851/execute/dir_20768/writeCfg.py pset.py pset.py
Importing .py file
Setting parameters
inputBlocks=/Tbar_t-channel_TuneZ2star_8TeV-powheg-tauola/mario-Summer12-stop-pfele-step1-08612d4202e480038f4d455e921715e5/USER#46a619e1-5ef6-4d18-a30c-655e09e9469b
inputFiles=/store/user/mario/Tbar_t-channel_TuneZ2star_8TeV-powheg-tauola/Summer12-stop-pfele-step1/08612d4202e480038f4d455e921715e5/tuple_83_1_i2g.root;/store/user/mario/Tbar_t-channel_TuneZ2star_8TeV-powheg-tauola/Summer12-stop-pfele-step1/08612d4202e480038f4d455e921715e5/tuple_84_1_aiR.root;/store/user/mario/Tbar_t-channel_TuneZ2star_8TeV-powheg-tauola/Summer12-stop-pfele-step1/08612d4202e480038f4d455e921715e5/tuple_85_1_VdO.root;/store/user/mario/Tbar_t-channel_TuneZ2star_8TeV-powheg-tauola/Summer12-stop-pfele-step1/08612d4202e480038f4d455e921715e5/tuple_816_1_MJ8.root;/store/user/mario/Tbar_t-channel_TuneZ2star_8TeV-powheg-tauola/Summer12-stop-pfele-step1/08612d4202e480038f4d455e921715e5/tuple_805_1_g8X.root;/store/user/mario/Tbar_t-channel_TuneZ2star_8TeV-powheg-tauola/Summer12-stop-pfele-step1/08612d4202e480038f4d455e921715e5/tuple_806_1_fPK.root;/store/user/mario/Tbar_t-channel_TuneZ2star_8TeV-powheg-tauola/Summer12-stop-pfele-step1/08612d4202e480038f4d455e921715e5/tuple_815_1_MF7.root;/store/user/mario/Tbar_t-channel_TuneZ2star_8TeV-powheg-tauola/Summer12-stop-pfele-step1/08612d4202e480038f4d455e921715e5/tuple_818_1_K1g.root;/store/user/mario/Tbar_t-channel_TuneZ2star_8TeV-powheg-tauola/Summer12-stop-pfele-step1/08612d4202e480038f4d455e921715e5/tuple_834_1_3p0.root;/store/user/mario/Tbar_t-channel_TuneZ2star_8TeV-powheg-tauola/Summer12-stop-pfele-step1/08612d4202e480038f4d455e921715e5/tuple_835_1_Ewk.root
parentFiles=
lumisRange=
>>> Executable cmsRun
/cvmfs/cms.cern.ch/slc5_amd64_gcc462/cms/cmssw/CMSSW_5_3_5/bin/slc5_amd64_gcc462/cmsRun
ok executable found
>>> info for dashboard:
***** Cat /home/cms006/home_crobe_677261761/CREAM677261761/glide_s24851/execute/dir_20768/jobreport.txt *****
MonitorJobID=10_https://submit-2.t2.ucsd.edu//121127//17542.9
MonitorID=liis_crab_0_121127_014711_7us61f
ExeStart=cmsRun
***** End Cat jobreport *****
Parameters sent to Dashboard.
>>> cmsRun started at Tue Nov 27 01:14:31 UTC 2012
>>> cmsRun ended at Tue Nov 27 01:19:08 UTC 2012
>>> info for dashboard:
***** Cat /home/cms006/home_crobe_677261761/CREAM677261761/glide_s24851/execute/dir_20768/jobreport.txt *****
MonitorJobID=10_https://submit-2.t2.ucsd.edu//121127//17542.9
MonitorID=liis_crab_0_121127_014711_7us61f
ExeEnd=cmsRun
***** End Cat jobreport *****
Parameters sent to Dashboard.
TIME_EXE = 277 sec
>>> cmsRun wrote 74 lines of stdout+stderr
>>> START OF printout of 74 lines from stdout+stderr
27-Nov-2012 03:15:21 EET  Initiating request to open file file:/hdfs/cms/store/user/mario/Tbar_t-channel_TuneZ2star_8TeV-powheg-tauola/Summer12-stop-pfele-step1/08612d4202e480038f4d455e921715e5/tuple_83_1_i2g.root
27-Nov-2012 03:15:33 EET  Successfully opened file file:/hdfs/cms/store/user/mario/Tbar_t-channel_TuneZ2star_8TeV-powheg-tauola/Summer12-stop-pfele-step1/08612d4202e480038f4d455e921715e5/tuple_83_1_i2g.root
Begin processing the 1st record. Run 1, Event 1221883, LumiSection 4074 at 27-Nov-2012 03:15:48.451 EET
Begin processing the 1001st record. Run 1, Event 557304, LumiSection 1859 at 27-Nov-2012 03:16:03.573 EET
27-Nov-2012 03:16:06 EET  Closed file file:/hdfs/cms/store/user/mario/Tbar_t-channel_TuneZ2star_8TeV-powheg-tauola/Summer12-stop-pfele-step1/08612d4202e480038f4d455e921715e5/tuple_83_1_i2g.root
27-Nov-2012 03:16:06 EET  Initiating request to open file file:/hdfs/cms/store/user/mario/Tbar_t-channel_TuneZ2star_8TeV-powheg-tauola/Summer12-stop-pfele-step1/08612d4202e480038f4d455e921715e5/tuple_84_1_aiR.root
27-Nov-2012 03:16:06 EET  Successfully opened file file:/hdfs/cms/store/user/mario/Tbar_t-channel_TuneZ2star_8TeV-powheg-tauola/Summer12-stop-pfele-step1/08612d4202e480038f4d455e921715e5/tuple_84_1_aiR.root
Begin processing the 2001st record. Run 1, Event 645926, LumiSection 2154 at 27-Nov-2012 03:16:11.026 EET
Begin processing the 3001st record. Run 1, Event 599550, LumiSection 1999 at 27-Nov-2012 03:16:14.543 EET
27-Nov-2012 03:16:17 EET  Closed file file:/hdfs/cms/store/user/mario/Tbar_t-channel_TuneZ2star_8TeV-powheg-tauola/Summer12-stop-pfele-step1/08612d4202e480038f4d455e921715e5/tuple_84_1_aiR.root
27-Nov-2012 03:16:17 EET  Initiating request to open file file:/hdfs/cms/store/user/mario/Tbar_t-channel_TuneZ2star_8TeV-powheg-tauola/Summer12-stop-pfele-step1/08612d4202e480038f4d455e921715e5/tuple_85_1_VdO.root
27-Nov-2012 03:16:19 EET  Successfully opened file file:/hdfs/cms/store/user/mario/Tbar_t-channel_TuneZ2star_8TeV-powheg-tauola/Summer12-stop-pfele-step1/08612d4202e480038f4d455e921715e5/tuple_85_1_VdO.root
Begin processing the 4001st record. Run 1, Event 668066, LumiSection 2228 at 27-Nov-2012 03:16:40.018 EET
Begin processing the 5001st record. Run 1, Event 670584, LumiSection 2236 at 27-Nov-2012 03:16:43.852 EET
27-Nov-2012 03:16:46 EET  Closed file file:/hdfs/cms/store/user/mario/Tbar_t-channel_TuneZ2star_8TeV-powheg-tauola/Summer12-stop-pfele-step1/08612d4202e480038f4d455e921715e5/tuple_85_1_VdO.root
27-Nov-2012 03:16:46 EET  Initiating request to open file file:/hdfs/cms/store/user/mario/Tbar_t-channel_TuneZ2star_8TeV-powheg-tauola/Summer12-stop-pfele-step1/08612d4202e480038f4d455e921715e5/tuple_816_1_MJ8.root
27-Nov-2012 03:16:47 EET  Successfully opened file file:/hdfs/cms/store/user/mario/Tbar_t-channel_TuneZ2star_8TeV-powheg-tauola/Summer12-stop-pfele-step1/08612d4202e480038f4d455e921715e5/tuple_816_1_MJ8.root
Begin processing the 6001st record. Run 1, Event 380599, LumiSection 1269 at 27-Nov-2012 03:17:06.440 EET
Begin processing the 7001st record. Run 1, Event 471918, LumiSection 1574 at 27-Nov-2012 03:17:09.898 EET
27-Nov-2012 03:17:12 EET  Closed file file:/hdfs/cms/store/user/mario/Tbar_t-channel_TuneZ2star_8TeV-powheg-tauola/Summer12-stop-pfele-step1/08612d4202e480038f4d455e921715e5/tuple_816_1_MJ8.root
27-Nov-2012 03:17:12 EET  Initiating request to open file file:/hdfs/cms/store/user/mario/Tbar_t-channel_TuneZ2star_8TeV-powheg-tauola/Summer12-stop-pfele-step1/08612d4202e480038f4d455e921715e5/tuple_805_1_g8X.root
27-Nov-2012 03:17:13 EET  Successfully opened file file:/hdfs/cms/store/user/mario/Tbar_t-channel_TuneZ2star_8TeV-powheg-tauola/Summer12-stop-pfele-step1/08612d4202e480038f4d455e921715e5/tuple_805_1_g8X.root
Begin processing the 8001st record. Run 1, Event 804434, LumiSection 2682 at 27-Nov-2012 03:17:19.675 EET
Begin processing the 9001st record. Run 1, Event 794661, LumiSection 2650 at 27-Nov-2012 03:17:22.921 EET
27-Nov-2012 03:17:25 EET  Closed file file:/hdfs/cms/store/user/mario/Tbar_t-channel_TuneZ2star_8TeV-powheg-tauola/Summer12-stop-pfele-step1/08612d4202e480038f4d455e921715e5/tuple_805_1_g8X.root
27-Nov-2012 03:17:25 EET  Initiating request to open file file:/hdfs/cms/store/user/mario/Tbar_t-channel_TuneZ2star_8TeV-powheg-tauola/Summer12-stop-pfele-step1/08612d4202e480038f4d455e921715e5/tuple_806_1_fPK.root
27-Nov-2012 03:17:26 EET  Successfully opened file file:/hdfs/cms/store/user/mario/Tbar_t-channel_TuneZ2star_8TeV-powheg-tauola/Summer12-stop-pfele-step1/08612d4202e480038f4d455e921715e5/tuple_806_1_fPK.root
Begin processing the 10001st record. Run 1, Event 1113284, LumiSection 3712 at 27-Nov-2012 03:17:33.934 EET
Begin processing the 11001st record. Run 1, Event 851612, LumiSection 2840 at 27-Nov-2012 03:17:37.353 EET
27-Nov-2012 03:17:40 EET  Closed file file:/hdfs/cms/store/user/mario/Tbar_t-channel_TuneZ2star_8TeV-powheg-tauola/Summer12-stop-pfele-step1/08612d4202e480038f4d455e921715e5/tuple_806_1_fPK.root
27-Nov-2012 03:17:40 EET  Initiating request to open file file:/hdfs/cms/store/user/mario/Tbar_t-channel_TuneZ2star_8TeV-powheg-tauola/Summer12-stop-pfele-step1/08612d4202e480038f4d455e921715e5/tuple_815_1_MF7.root
27-Nov-2012 03:17:41 EET  Successfully opened file file:/hdfs/cms/store/user/mario/Tbar_t-channel_TuneZ2star_8TeV-powheg-tauola/Summer12-stop-pfele-step1/08612d4202e480038f4d455e921715e5/tuple_815_1_MF7.root
Begin processing the 12001st record. Run 1, Event 1913660, LumiSection 6380 at 27-Nov-2012 03:17:57.692 EET
Begin processing the 13001st record. Run 1, Event 130572, LumiSection 436 at 27-Nov-2012 03:18:00.989 EET
27-Nov-2012 03:18:03 EET  Closed file file:/hdfs/cms/store/user/mario/Tbar_t-channel_TuneZ2star_8TeV-powheg-tauola/Summer12-stop-pfele-step1/08612d4202e480038f4d455e921715e5/tuple_815_1_MF7.root
27-Nov-2012 03:18:03 EET  Initiating request to open file file:/hdfs/cms/store/user/mario/Tbar_t-channel_TuneZ2star_8TeV-powheg-tauola/Summer12-stop-pfele-step1/08612d4202e480038f4d455e921715e5/tuple_818_1_K1g.root
27-Nov-2012 03:18:04 EET  Successfully opened file file:/hdfs/cms/store/user/mario/Tbar_t-channel_TuneZ2star_8TeV-powheg-tauola/Summer12-stop-pfele-step1/08612d4202e480038f4d455e921715e5/tuple_818_1_K1g.root
Begin processing the 14001st record. Run 1, Event 814475, LumiSection 2716 at 27-Nov-2012 03:18:18.526 EET
%MSG-w compNuP4:  TopJetPairProducer:topJetPairs 27-Nov-2012 03:18:18 EET  Run: 1 Event: 814534
THREE REAL SOLUTIONS: z1 = -34.17, z2 = -53.0877, z3 = -141.732. Use only z1.
%MSG
Begin processing the 15001st record. Run 1, Event 879699, LumiSection 2933 at 27-Nov-2012 03:18:21.948 EET
27-Nov-2012 03:18:24 EET  Closed file file:/hdfs/cms/store/user/mario/Tbar_t-channel_TuneZ2star_8TeV-powheg-tauola/Summer12-stop-pfele-step1/08612d4202e480038f4d455e921715e5/tuple_818_1_K1g.root
27-Nov-2012 03:18:24 EET  Initiating request to open file file:/hdfs/cms/store/user/mario/Tbar_t-channel_TuneZ2star_8TeV-powheg-tauola/Summer12-stop-pfele-step1/08612d4202e480038f4d455e921715e5/tuple_834_1_3p0.root
27-Nov-2012 03:18:26 EET  Successfully opened file file:/hdfs/cms/store/user/mario/Tbar_t-channel_TuneZ2star_8TeV-powheg-tauola/Summer12-stop-pfele-step1/08612d4202e480038f4d455e921715e5/tuple_834_1_3p0.root
Begin processing the 16001st record. Run 1, Event 1066399, LumiSection 3556 at 27-Nov-2012 03:18:40.334 EET
Begin processing the 17001st record. Run 1, Event 1057826, LumiSection 3527 at 27-Nov-2012 03:18:43.856 EET
27-Nov-2012 03:18:46 EET  Closed file file:/hdfs/cms/store/user/mario/Tbar_t-channel_TuneZ2star_8TeV-powheg-tauola/Summer12-stop-pfele-step1/08612d4202e480038f4d455e921715e5/tuple_834_1_3p0.root
27-Nov-2012 03:18:46 EET  Initiating request to open file file:/hdfs/cms/store/user/mario/Tbar_t-channel_TuneZ2star_8TeV-powheg-tauola/Summer12-stop-pfele-step1/08612d4202e480038f4d455e921715e5/tuple_835_1_Ewk.root
27-Nov-2012 03:18:47 EET  Successfully opened file file:/hdfs/cms/store/user/mario/Tbar_t-channel_TuneZ2star_8TeV-powheg-tauola/Summer12-stop-pfele-step1/08612d4202e480038f4d455e921715e5/tuple_835_1_Ewk.root
Begin processing the 18001st record. Run 1, Event 1081953, LumiSection 3608 at 27-Nov-2012 03:19:01.510 EET
Begin processing the 19001st record. Run 1, Event 1096171, LumiSection 3655 at 27-Nov-2012 03:19:05.240 EET
27-Nov-2012 03:19:06 EET  Closed file file:/hdfs/cms/store/user/mario/Tbar_t-channel_TuneZ2star_8TeV-powheg-tauola/Summer12-stop-pfele-step1/08612d4202e480038f4d455e921715e5/tuple_835_1_Ewk.root

=============================================

MessageLogger Summary

 type     category        sev    module        subroutine        count    total
 ---- -------------------- -- ---------------- ----------------  -----    -----
    1 compNuP4             -w TopJetPairProduc                       1        1
    2 fileAction           -s file_close                            10       10
    3 fileAction           -s file_open                             20       20

 type    category    Examples: run/evt        run/evt          run/evt
 ---- -------------------- ---------------- ---------------- ----------------
    1 compNuP4             1/814534                          
    2 fileAction           PostProcessEvent PostProcessEvent PostEndRun
    3 fileAction           pre-events       pre-events       PostProcessEvent

Severity    # Occurrences   Total Occurrences
--------    -------------   -----------------
Warning                 1                   1
System                 30                  30
>>> END OF printout of 74 lines from stdout+stderr
>>> Parse FrameworkJobReport crab_fjr.xml
Result of parsing the FrameworkJobReport crab_fjr.xml: Popularity start
lumisRange : 1::3586,3608,3651,3654-3655,3836::1;1::1269,1287,1571,1573-1574,1779,1783::2;1::2571,2716,2725,2733,2933,2937,2948,3427::3;1::418,436,512,1204,1269,6380,6442,6444::4;1::2823,2840,2864-2865,2869,2877,3712::5;1::3437,3524,3527,3537,3556,3560,3583,3586::6;1::2057,2228,2236,2242,2336,3435,4421,4621::7;1::1882,1885,1926,1993,1999,2050,2057,2154::8;1::2625-2627,2650,2682,2684,3149,3712::9;1::1853,1855,1859,1864,1882,4074,4117::10;
lumisParentRange : 
Basename : /store/user/mario/Tbar_t-channel_TuneZ2star_8TeV-powheg-tauola/Summer12-stop-pfele-step1/08612d4202e480038f4d455e921715e5/tuple_8
BasenameParent : 
parentFiles : 
inputBlocks : /Tbar_t-channel_TuneZ2star_8TeV-powheg-tauola/mario-Summer12-stop-pfele-step1-08612d4202e480038f4d455e921715e5/USER#46a619e1-5ef6-4d18-a30c-655e09e9469b
inputFiles : 35_1_Ewk.root::1::EDM::Local::1;16_1_MJ8.root::1::EDM::Local::2;18_1_K1g.root::1::EDM::Local::3;15_1_MF7.root::1::EDM::Local::4;06_1_fPK.root::1::EDM::Local::5;34_1_3p0.root::1::EDM::Local::6;5_1_VdO.root::1::EDM::Local::7;4_1_aiR.root::1::EDM::Local::8;05_1_g8X.root::1::EDM::Local::9;3_1_i2g.root::1::EDM::Local::10;
Popularity stop
Extracted ExitStatus from FrameworkJobReport parsing output: 0
>>> Executable succeded  0
ExeExitCode=0
EXECUTABLE_EXIT_STATUS = 0
>>> current directory /home/cms006/home_crobe_677261761/CREAM677261761/glide_s24851/execute/dir_20768/CMSSW_5_3_5
>>>  (SOFTWARE_DIR): /home/cms006/home_crobe_677261761/CREAM677261761/glide_s24851/execute/dir_20768/CMSSW_5_3_5
>>> (WORKING_DIR): 
>>> current directory content:
total 156
drwxr-xr-x 3 cms006 cms  4096 Nov 27 03:13 .SCRAM
-rw-r--r-- 1 cms006 cms 30066 Nov 27 03:13 CMSSW.py.pkl
drwxr-xr-x 3 cms006 cms  4096 Nov 27 03:13 bin
drwxr-xr-x 3 cms006 cms  4096 Nov 27 03:13 cfipython
drwxr-xr-x 5 cms006 cms  4096 Nov 27 03:13 config
-rw-r--r-- 1 cms006 cms    16 Nov 27 03:19 cpu_timing.txt
drwxr-xr-x 2 cms006 cms  4096 Nov 27 03:13 doc
-rw-r--r-- 1 cms006 cms  9501 Nov 27 03:19 executable.out
drwxr-xr-x 2 cms006 cms  4096 Nov 27 03:13 include
drwxrwxrwx 3 cms006 cms  4096 Oct 22 16:38 lib
drwxr-xr-x 3 cms006 cms  4096 Nov 27 03:13 logs
drwxr-xr-x 3 cms006 cms  4096 Nov 27 03:13 objs
-rw-r--r-- 1 cms006 cms 20682 Nov 27 03:19 optHistograms.root
-rw-r--r-- 1 cms006 cms   104 Nov 27 03:14 pset.py
-rw-r--r-- 1 cms006 cms 20238 Nov 27 03:14 pset.py.pkl
-rw-r--r-- 1 cms006 cms   289 Nov 27 03:14 pset.pyc
drwxr-xr-x 2 cms006 cms  4096 Nov 27 03:13 python
-rw-r--r-- 1 cms006 cms   417 Nov 27 03:19 report.log
drwxrwxrwx 4 cms006 cms  4096 Nov 27 03:13 src
drwxr-xr-x 3 cms006 cms  4096 Nov 27 03:13 test
drwxr-xr-x 3 cms006 cms  4096 Nov 27 03:13 tmp
>>> current directory /home/cms006/home_crobe_677261761/CREAM677261761/glide_s24851/execute/dir_20768/CMSSW_5_3_5
>>> (SOFTWARE_DIR): /home/cms006/home_crobe_677261761/CREAM677261761/glide_s24851/execute/dir_20768/CMSSW_5_3_5
>>> (WORKING_DIR): 
>>> current directory content:
total 132
drwxr-xr-x 3 cms006 cms  4096 Nov 27 03:13 .SCRAM
-rw-r--r-- 1 cms006 cms 30066 Nov 27 03:13 CMSSW.py.pkl
drwxr-xr-x 3 cms006 cms  4096 Nov 27 03:13 bin
drwxr-xr-x 3 cms006 cms  4096 Nov 27 03:13 cfipython
drwxr-xr-x 5 cms006 cms  4096 Nov 27 03:13 config
-rw-r--r-- 1 cms006 cms    16 Nov 27 03:19 cpu_timing.txt
drwxr-xr-x 2 cms006 cms  4096 Nov 27 03:13 doc
-rw-r--r-- 1 cms006 cms  9501 Nov 27 03:19 executable.out
drwxr-xr-x 2 cms006 cms  4096 Nov 27 03:13 include
drwxrwxrwx 3 cms006 cms  4096 Oct 22 16:38 lib
drwxr-xr-x 3 cms006 cms  4096 Nov 27 03:13 logs
drwxr-xr-x 3 cms006 cms  4096 Nov 27 03:13 objs
-rw-r--r-- 1 cms006 cms   104 Nov 27 03:14 pset.py
-rw-r--r-- 1 cms006 cms 20238 Nov 27 03:14 pset.py.pkl
-rw-r--r-- 1 cms006 cms   289 Nov 27 03:14 pset.pyc
drwxr-xr-x 2 cms006 cms  4096 Nov 27 03:13 python
-rw-r--r-- 1 cms006 cms   417 Nov 27 03:19 report.log
drwxrwxrwx 4 cms006 cms  4096 Nov 27 03:13 src
drwxr-xr-x 3 cms006 cms  4096 Nov 27 03:13 test
drwxr-xr-x 3 cms006 cms  4096 Nov 27 03:13 tmp
>>> current directory (RUNTIME_AREA):  /home/cms006/home_crobe_677261761/CREAM677261761/glide_s24851/execute/dir_20768
>>> current dir: /home/cms006/home_crobe_677261761/CREAM677261761/glide_s24851/execute/dir_20768
>>> current dir content:
total 25864
-rw-rw-rw-  1 cms006 cms     5598 Nov 27 03:13 .job.ad
-rw-rw-rw-  1 cms006 cms    11432 Nov 27 03:13 .machine.ad
-rw-rw-rw-  1 cms006 cms      105 Nov 27 01:48 CMSSW.py
-rw-rw-rw-  1 cms006 cms    30066 Nov 27 01:48 CMSSW.py.pkl
-rwxrw-rw-  1 cms006 cms    23331 Nov 27 03:13 CMSSW.sh
-rw-rw-rw-  1 cms006 cms        0 Nov 27 03:13 CMSSW_10.stderr
-rw-rw-rw-  1 cms006 cms    22802 Nov 27 03:19 CMSSW_10.stdout
drwxr-xr-x 15 cms006 cms     4096 Nov 27 03:19 CMSSW_5_3_5
-rw-r--r--  1 cms006 cms      347 Nov 27 03:13 CacheEnv.sh
-rw-rw-rw-  1 cms006 cms     7291 Jun  9  2010 DashboardAPI.py
-rw-r--r--  1 cms006 cms     6883 Nov 27 03:13 DashboardAPI.pyc
drwxrwxrwx  3 cms006 cms     4096 Nov 27 03:19 IMProv
-rw-rw-rw-  1 cms006 cms     2748 Mar  8  2006 Logger.py
-rw-r--r--  1 cms006 cms     3353 Nov 27 03:14 Logger.pyc
-rw-rw-rw-  1 cms006 cms    24524 Mar 28  2008 ProcInfo.py
-rw-r--r--  1 cms006 cms    23470 Nov 27 03:14 ProcInfo.pyc
drwxrwxrwx  7 cms006 cms     4096 Nov 27 03:14 ProdCommon
drwxrwxrwx  3 cms006 cms     4096 Nov 27 03:13 WMCore
-rw-r--r--  1 cms006 cms     1572 Nov 27 03:16 Watchdog_10.log
-rw-rw-rw-  1 cms006 cms    32895 Mar 28  2008 apmon.py
-rw-r--r--  1 cms006 cms    28874 Nov 27 03:13 apmon.pyc
-rw-rw-rw-  1 cms006 cms   177706 Nov 27 03:13 arguments.xml
-rwxrwxrwx  1 cms006 cms    37427 Sep 13 14:14 cmscp.py
-rwxrwxrwx  1 cms006 cms    23331 Nov 27 03:13 condor_exec.exe
-rw-rw-rw-  1 cms006 cms      541 Nov 27 01:47 crab.cfg
-rwxrwxrwx  1 cms006 cms     9531 Sep 20 21:46 crabWatchdog.sh
-rw-r--r--  1 cms006 cms    47941 Nov 27 03:19 crab_fjr_10.xml
-rw-rw-rw-  1 cms006 cms 25796231 Nov 27 03:13 default.tgz
-rwxrwxrwx  1 cms006 cms     4488 May 12  2012 fillCrabFjr.py
-rw-r--r--  1 cms006 cms     1628 Nov 27 03:14 inputsReport.txt
-rw-r--r--  1 cms006 cms      131 Nov 27 03:19 jobreport.txt
lrwxrwxrwx  1 cms006 cms      107 Nov 27 03:19 optHistograms.root -> /home/cms006/home_crobe_677261761/CREAM677261761/glide_s24851/execute/dir_20768/optHistograms_10_1_2lV.root
-rw-r--r--  1 cms006 cms    20682 Nov 27 03:19 optHistograms_10_1_2lV.root
-rw-rw-rw-  1 cms006 cms    17352 Jan 20  2012 parseCrabFjr.py
-rw-r--r--  1 cms006 cms      283 Nov 27 03:13 report.log
-rwxrwxrwx  1 cms006 cms     1497 May 27  2009 report.py
-rwxrwxrwx  1 cms006 cms     8387 Mar 23  2011 writeCfg.py
-rw-------  1 cms006 cms     8687 Nov 27 03:13 x509up_u1000009
Checking output files:  
will tar file optHistograms_10_1_2lV.root in  out_files_10
will tar file crab_fjr_10.xml in  out_files_10
will tar file CMSSW_10.stdout in  out_files_10
will tar file CMSSW_10.stderr in  out_files_10
WARNING: output file Watchdog_10.log.gz not found!
>>> padding time: Sleeping the wrapper for 250 seconds
STOPPING WATCHDOG. CrabWatchdog PID is 22897
********** LAST 50 LINES OF WATCHDOG LOG
# RESOURCE USAGE SUMMARY FOR PROCESS ID 21833
USER       PID %CPU %MEM    VSZ   RSS TTY      STAT START   TIME COMMAND
cms006   21833  0.6  0.0   8956  1488 ?        S    03:13   0:00 /bin/sh /home/cms006/home_crobe_677261761/CREAM677261761/glide_s24851/execute/dir_20768/condor_exec.exe 10 1
 
# LIMITS USED BY THIS WATCHDOG:
# RSS  (KBytes)  : 2300000
# VSZ  (KBytes)  : 100000000
# DISK (MBytes)  : 19000
# CPU  (seconds) : 171600
# WALL (seconds) : 171600
 
# FOLLOWING PRINTOUT TRACKS MAXIMUM VALUES OF RESOURCES USE
# ONE LINE IS PRINTED EACH TIME A MAXIMUM CHANGES
# IF CHANGE WAS IN RSS OR VSZ ALSO PROCID AND COMMAND ARE PRINTED
# THERE IS NO PRINTOUT FOR CPU/WALL TIME INCREASE
 
# TIME			PID	RSS(KB)	VSZ(KB)	Dsk(MB)	tCPU(s)	tWALL(s)	COMMAND
 Nov 27 03:14:04 EET	15206	2980	5096	0	1	664	condor_procd -A /home/cms006/home_crobe_677261761/CREAM677261761/glide_s24851/log/procd_address.STARTD -L /home/cms006/home_crobe_677261761/CREAM677261761/glide_s24851/log/ProcLog.STARTD -R 10000000 -S 60 -C
 Nov 27 03:14:04 EET	20768	5304	9292	0	0	25	condor_starter -f submit-2.t2.ucsd.edu       
 Nov 27 03:14:04 EET	22942	22712	82416	0	0	3	edmConfigHash pset.py        
 Nov 27 03:14:04 EET	---	22712	82416	168	----	----	----
 Nov 27 03:15:16 EET	25663	99336	185084	168	12	53	cmsRun -j /home/cms006/home_crobe_677261761/CREAM677261761/glide_s24851/execute/dir_20768/crab_fjr_10.xml -p pset.py     
 Nov 27 03:16:27 EET	25663	331292	551012	168	39	122	cmsRun -j /home/cms006/home_crobe_677261761/CREAM677261761/glide_s24851/execute/dir_20768/crab_fjr_10.xml -p pset.py     
 Nov 27 03:19:49 EET	---	331292	551012	169	----	----	----
********** WATCHDOG LOG ENDED
ZIPPING WATCHDOG LOG
Disk space used:
du -sh /home/cms006/home_crobe_677261761/CREAM677261761/glide_s24851/execute/dir_20768
169M	/home/cms006/home_crobe_677261761/CREAM677261761/glide_s24851/execute/dir_20768
>>> info for dashboard:
***** Cat /home/cms006/home_crobe_677261761/CREAM677261761/glide_s24851/execute/dir_20768/jobreport.txt *****
MonitorJobID=10_https://submit-2.t2.ucsd.edu//121127//17542.9
MonitorID=liis_crab_0_121127_014711_7us61f
ExeTime=277
ExeExitCode=0
CrabUserCpuTime=88.05
CrabSysCpuTime=14.26
CrabCpuPercentage=37%
CrabWrapperTime=600
CrabStageoutTime=NULL
***** End Cat jobreport *****
Parameters sent to Dashboard.
optHistograms_10_1_2lV.root
crab_fjr_10.xml
CMSSW_10.stdout
CMSSW_10.stderr
Watchdog_10.log.gz
tar: .BrokerInfo: Cannot stat: No such file or directory
tar: Error exit delayed from previous errors
Total Output dimension: 27046
WARNING: output files size limit is set to: 50000000
Total Output dimension 27046 is fine.
JOB_EXIT_STATUS = 0
>>> info for dashboard:
***** Cat /home/cms006/home_crobe_677261761/CREAM677261761/glide_s24851/execute/dir_20768/jobreport.txt *****
MonitorJobID=10_https://submit-2.t2.ucsd.edu//121127//17542.9
MonitorID=liis_crab_0_121127_014711_7us61f
JobExitCode=0
***** End Cat jobreport *****
Parameters sent to Dashboard.
optHistograms_10_1_2lV.root
crab_fjr_10.xml
