This script was generated by crab (version 2.8.3).
Running /home/cms003/home_crmrs_100535223/CREAM100535223/glide_c31387/execute/dir_23684/condor_exec.exe with 2 positional parameters: 64 1
Today is Tue Nov 27 03:19:29 EET 2012
Job submitted on host wn-v-6104.local
Linux wn-v-6104.local 2.6.32-042stab059.7 #1 SMP Tue Jul 24 19:12:01 MSK 2012 x86_64 x86_64 x86_64 GNU/Linux
>>> current directory (RUNTIME_AREA): /home/cms003/home_crmrs_100535223/CREAM100535223/glide_c31387/execute/dir_23684
>>> current user: uid=11003(cms003) gid=1400(cms) groups=1400(cms)
>>> voms proxy information:
subject   : /DC=ch/DC=cern/OU=Organic Units/OU=Users/CN=liis/CN=663550/CN=Liis Rebane/CN=proxy/CN=limited proxy
issuer    : /DC=ch/DC=cern/OU=Organic Units/OU=Users/CN=liis/CN=663550/CN=Liis Rebane/CN=proxy
identity  : /DC=ch/DC=cern/OU=Organic Units/OU=Users/CN=liis/CN=663550/CN=Liis Rebane/CN=proxy
type      : limited proxy
strength  : 512 bits
path      : /home/cms003/home_crmrs_100535223/CREAM100535223/glide_c31387/execute/dir_23684/x509up_u1000009
timeleft  : 23:59:49
key usage : Digital Signature, Key Encipherment, Data Encipherment
=== VO cms extension information ===
VO        : cms
subject   : /DC=ch/DC=cern/OU=Organic Units/OU=Users/CN=liis/CN=663550/CN=Liis Rebane
issuer    : /DC=ch/DC=cern/OU=computers/CN=lcg-voms.cern.ch
attribute : /cms/Role=NULL/Capability=NULL
timeleft  : 190:06:08
uri       : lcg-voms.cern.ch:15002
>>> tar xzf /home/cms003/home_crmrs_100535223/CREAM100535223/glide_c31387/execute/dir_23684/default.tgz :
Successful untar
>>> Include /home/cms003/home_crmrs_100535223/CREAM100535223/glide_c31387/execute/dir_23684 in PYTHONPATH:
strip arguments
env var CRAB_UNIQUE_JOB_ID set to: liis_crab_0_121127_014711_7us61f_64_1_CzI
out_files_64
>>> list of expected files on output sandbox
output files: optHistograms_64_1_CzI.root crab_fjr_64.xml CMSSW_64.stdout CMSSW_64.stderr Watchdog_64.log.gz
>>> GridFlavour discovery: 
GridFlavour=LCG
>>> SyncSite discovery: 
SyncSite=T2_EE_Estonia
>>> SyncCE discovery: 
getting SyncCE from CE_ID
SyncCE=mars.hep.kbfi.ee:8443/cream-pbs-long
>>> info for dashboard:
***** Cat /home/cms003/home_crmrs_100535223/CREAM100535223/glide_c31387/execute/dir_23684/jobreport.txt *****
MonitorJobID=64_https://submit-2.t2.ucsd.edu//121127//17542.63
SyncGridJobId=https://submit-2.t2.ucsd.edu//121127//17542.63
MonitorID=liis_crab_0_121127_014711_7us61f
GridFlavour=LCG
SyncSite=T2_EE_Estonia
SyncCE=mars.hep.kbfi.ee:8443/cream-pbs-long
***** End Cat jobreport *****
Parameters sent to Dashboard.
>>> setup environment
set SCRAM ARCH to slc5_amd64_gcc462
SCRAM_ARCH = slc5_amd64_gcc462
>>> setup CMS LCG environment:
set SCRAM ARCH and BUILD_ARCH to slc5_amd64_gcc462 ###
Sourcing environment... 
sourcing /cvmfs/cms.cern.ch/cmsset_default.sh
==> setup cms environment ok
>>> specific cmssw setup environment:
CMSSW_VERSION =  CMSSW_5_3_5
>>> current directory (SOFTWARE_DIR): /home/cms003/home_crmrs_100535223/CREAM100535223/glide_c31387/execute/dir_23684/CMSSW_5_3_5
PreserveSeeds: <>
IncrementSeeds:<>
{}
WNHostName=wn-v-6104.local
>>> info for dashboard:
***** Cat /home/cms003/home_crmrs_100535223/CREAM100535223/glide_c31387/execute/dir_23684/jobreport.txt *****
MonitorJobID=64_https://submit-2.t2.ucsd.edu//121127//17542.63
MonitorID=liis_crab_0_121127_014711_7us61f
WNHostName=wn-v-6104.local
***** End Cat jobreport *****
Parameters sent to Dashboard.
crabWatchdog started as process 29044
>>> moving CMSSW software directories in /home/cms003/home_crmrs_100535223/CREAM100535223/glide_c31387/execute/dir_23684/CMSSW_5_3_5
mv: cannot stat `/home/cms003/home_crmrs_100535223/CREAM100535223/glide_c31387/execute/dir_23684/module/': No such file or directory
>>> Include /home/cms003/home_crmrs_100535223/CREAM100535223/glide_c31387/execute/dir_23684 in PYTHONPATH:
PYTHONPATH=/home/cms003/home_crmrs_100535223/CREAM100535223/glide_c31387/execute/dir_23684/:/home/cms003/home_crmrs_100535223/CREAM100535223/glide_c31387/execute/dir_23684/CMSSW_5_3_5/python:/home/cms003/home_crmrs_100535223/CREAM100535223/glide_c31387/execute/dir_23684/CMSSW_5_3_5/lib/slc5_amd64_gcc462:/cvmfs/cms.cern.ch/slc5_amd64_gcc462/cms/cmssw/CMSSW_5_3_5/python:/cvmfs/cms.cern.ch/slc5_amd64_gcc462/cms/cmssw/CMSSW_5_3_5/lib/slc5_amd64_gcc462:/cvmfs/cms.cern.ch/slc5_amd64_gcc462/cms/coral/CORAL_2_3_21-cms27/slc5_amd64_gcc462/python:/cvmfs/cms.cern.ch/slc5_amd64_gcc462/cms/coral/CORAL_2_3_21-cms27/slc5_amd64_gcc462/lib:/cvmfs/cms.cern.ch/slc5_amd64_gcc462/external/pyqt/4.8.1/lib/python2.6/site-packages:/cvmfs/cms.cern.ch/slc5_amd64_gcc462/external/py2-scipy/0.8.0/lib/python2.6/site-packages:/cvmfs/cms.cern.ch/slc5_amd64_gcc462/external/py2-matplotlib/1.0.1/lib/python2.6/site-packages:/cvmfs/cms.cern.ch/slc5_amd64_gcc462/external/python-ldap/2.3.5/lib/python2.6/site-packages:/cvmfs/cms.cern.ch/slc5_amd64_gcc462/external/sip/4.11.2/lib/python2.6/site-packages:/cvmfs/cms.cern.ch/slc5_amd64_gcc462/external/py2-pycurl/7.19.0/lib/python2.6/site-packages:/cvmfs/cms.cern.ch/slc5_amd64_gcc462/external/py2-numpy/1.6.1/lib/python2.6/site-packages:/cvmfs/cms.cern.ch/slc5_amd64_gcc462/external/py2-ipython/0.10/lib/python2.6/site-packages:/cvmfs/cms.cern.ch/slc5_amd64_gcc462/external/py2-cx-oracle/5.1-cms11/lib/python2.6/site-packages:/cvmfs/cms.cern.ch/slc5_amd64_gcc462/external/py2-cjson/1.0.5/lib/python2.6/site-packages:/cvmfs/cms.cern.ch/slc5_amd64_gcc462/cms/das-client/1.4.1-cms8/bin:/cvmfs/cms.cern.ch/slc5_amd64_gcc462/external/elementtree/1.2.6/share/lib/python2.6/site-packages:/cvmfs/cms.cern.ch/slc5_amd64_gcc462/external/rivet/1.5.1-cms10/lib/python2.6/site-packages:/cvmfs/cms.cern.ch/slc5_amd64_gcc462/external/pyminuit2/0.0.1-cms34/lib/python2.6/site-packages:/cvmfs/cms.cern.ch/slc5_amd64_gcc462/external/professor/1.0.0-cms35/lib/python2.6/site-packages:/cvmfs/cms.cern.ch/slc5_amd64_gcc462/lcg/root/5.32.00-cms18/lib:/cvmfs/cms.cern.ch/slc5_amd64_gcc462/cms/dbs-client/DBS_2_1_1_patch1_1/lib:/cvmfs/cms.cern.ch/slc5_amd64_gcc462/cms/dbs-client/DBS_2_1_1_patch1_1/lib/DBSAPI:/home/cms003/home_crmrs_100535223/CREAM100535223/glide_c31387/execute/dir_23684/
241a2a19cb7c5c8751ba22759ab3bdb0
PSETHASH = 241a2a19cb7c5c8751ba22759ab3bdb0
/home/cms003/home_crmrs_100535223/CREAM100535223/glide_c31387/execute/dir_23684/writeCfg.py pset.py pset.py
Importing .py file
Setting parameters
inputBlocks=/Tbar_t-channel_TuneZ2star_8TeV-powheg-tauola/mario-Summer12-stop-pfele-step1-08612d4202e480038f4d455e921715e5/USER#46a619e1-5ef6-4d18-a30c-655e09e9469b
inputFiles=/store/user/mario/Tbar_t-channel_TuneZ2star_8TeV-powheg-tauola/Summer12-stop-pfele-step1/08612d4202e480038f4d455e921715e5/tuple_557_1_TX5.root;/store/user/mario/Tbar_t-channel_TuneZ2star_8TeV-powheg-tauola/Summer12-stop-pfele-step1/08612d4202e480038f4d455e921715e5/tuple_558_1_Vqq.root;/store/user/mario/Tbar_t-channel_TuneZ2star_8TeV-powheg-tauola/Summer12-stop-pfele-step1/08612d4202e480038f4d455e921715e5/tuple_559_1_hk3.root;/store/user/mario/Tbar_t-channel_TuneZ2star_8TeV-powheg-tauola/Summer12-stop-pfele-step1/08612d4202e480038f4d455e921715e5/tuple_561_1_t25.root;/store/user/mario/Tbar_t-channel_TuneZ2star_8TeV-powheg-tauola/Summer12-stop-pfele-step1/08612d4202e480038f4d455e921715e5/tuple_562_1_I8o.root;/store/user/mario/Tbar_t-channel_TuneZ2star_8TeV-powheg-tauola/Summer12-stop-pfele-step1/08612d4202e480038f4d455e921715e5/tuple_621_1_BbZ.root;/store/user/mario/Tbar_t-channel_TuneZ2star_8TeV-powheg-tauola/Summer12-stop-pfele-step1/08612d4202e480038f4d455e921715e5/tuple_384_1_5Dt.root;/store/user/mario/Tbar_t-channel_TuneZ2star_8TeV-powheg-tauola/Summer12-stop-pfele-step1/08612d4202e480038f4d455e921715e5/tuple_895_1_Lu3.root;/store/user/mario/Tbar_t-channel_TuneZ2star_8TeV-powheg-tauola/Summer12-stop-pfele-step1/08612d4202e480038f4d455e921715e5/tuple_896_1_qQY.root;/store/user/mario/Tbar_t-channel_TuneZ2star_8TeV-powheg-tauola/Summer12-stop-pfele-step1/08612d4202e480038f4d455e921715e5/tuple_897_1_NFq.root;/store/user/mario/Tbar_t-channel_TuneZ2star_8TeV-powheg-tauola/Summer12-stop-pfele-step1/08612d4202e480038f4d455e921715e5/tuple_381_2_4lE.root
parentFiles=
lumisRange=
>>> Executable cmsRun
/cvmfs/cms.cern.ch/slc5_amd64_gcc462/cms/cmssw/CMSSW_5_3_5/bin/slc5_amd64_gcc462/cmsRun
ok executable found
>>> info for dashboard:
***** Cat /home/cms003/home_crmrs_100535223/CREAM100535223/glide_c31387/execute/dir_23684/jobreport.txt *****
MonitorJobID=64_https://submit-2.t2.ucsd.edu//121127//17542.63
MonitorID=liis_crab_0_121127_014711_7us61f
ExeStart=cmsRun
***** End Cat jobreport *****
Parameters sent to Dashboard.
>>> cmsRun started at Tue Nov 27 01:19:43 UTC 2012
>>> cmsRun ended at Tue Nov 27 01:21:58 UTC 2012
>>> info for dashboard:
***** Cat /home/cms003/home_crmrs_100535223/CREAM100535223/glide_c31387/execute/dir_23684/jobreport.txt *****
MonitorJobID=64_https://submit-2.t2.ucsd.edu//121127//17542.63
MonitorID=liis_crab_0_121127_014711_7us61f
ExeEnd=cmsRun
***** End Cat jobreport *****
Parameters sent to Dashboard.
TIME_EXE = 135 sec
>>> cmsRun wrote 71 lines of stdout+stderr
>>> START OF printout of 71 lines from stdout+stderr
27-Nov-2012 03:19:53 EET  Initiating request to open file file:/hdfs/cms/store/user/mario/Tbar_t-channel_TuneZ2star_8TeV-powheg-tauola/Summer12-stop-pfele-step1/08612d4202e480038f4d455e921715e5/tuple_557_1_TX5.root
27-Nov-2012 03:20:00 EET  Successfully opened file file:/hdfs/cms/store/user/mario/Tbar_t-channel_TuneZ2star_8TeV-powheg-tauola/Summer12-stop-pfele-step1/08612d4202e480038f4d455e921715e5/tuple_557_1_TX5.root
Begin processing the 1st record. Run 1, Event 1384749, LumiSection 4617 at 27-Nov-2012 03:20:05.611 EET
27-Nov-2012 03:20:06 EET  Closed file file:/hdfs/cms/store/user/mario/Tbar_t-channel_TuneZ2star_8TeV-powheg-tauola/Summer12-stop-pfele-step1/08612d4202e480038f4d455e921715e5/tuple_557_1_TX5.root
27-Nov-2012 03:20:06 EET  Initiating request to open file file:/hdfs/cms/store/user/mario/Tbar_t-channel_TuneZ2star_8TeV-powheg-tauola/Summer12-stop-pfele-step1/08612d4202e480038f4d455e921715e5/tuple_558_1_Vqq.root
27-Nov-2012 03:20:07 EET  Successfully opened file file:/hdfs/cms/store/user/mario/Tbar_t-channel_TuneZ2star_8TeV-powheg-tauola/Summer12-stop-pfele-step1/08612d4202e480038f4d455e921715e5/tuple_558_1_Vqq.root
Begin processing the 1001st record. Run 1, Event 1561464, LumiSection 5206 at 27-Nov-2012 03:20:20.772 EET
Begin processing the 2001st record. Run 1, Event 1697188, LumiSection 5659 at 27-Nov-2012 03:20:23.669 EET
27-Nov-2012 03:20:23 EET  Closed file file:/hdfs/cms/store/user/mario/Tbar_t-channel_TuneZ2star_8TeV-powheg-tauola/Summer12-stop-pfele-step1/08612d4202e480038f4d455e921715e5/tuple_558_1_Vqq.root
27-Nov-2012 03:20:23 EET  Initiating request to open file file:/hdfs/cms/store/user/mario/Tbar_t-channel_TuneZ2star_8TeV-powheg-tauola/Summer12-stop-pfele-step1/08612d4202e480038f4d455e921715e5/tuple_559_1_hk3.root
27-Nov-2012 03:20:24 EET  Successfully opened file file:/hdfs/cms/store/user/mario/Tbar_t-channel_TuneZ2star_8TeV-powheg-tauola/Summer12-stop-pfele-step1/08612d4202e480038f4d455e921715e5/tuple_559_1_hk3.root
Begin processing the 3001st record. Run 1, Event 1696112, LumiSection 5655 at 27-Nov-2012 03:20:31.170 EET
Begin processing the 4001st record. Run 1, Event 1818033, LumiSection 6062 at 27-Nov-2012 03:20:34.050 EET
27-Nov-2012 03:20:34 EET  Closed file file:/hdfs/cms/store/user/mario/Tbar_t-channel_TuneZ2star_8TeV-powheg-tauola/Summer12-stop-pfele-step1/08612d4202e480038f4d455e921715e5/tuple_559_1_hk3.root
27-Nov-2012 03:20:34 EET  Initiating request to open file file:/hdfs/cms/store/user/mario/Tbar_t-channel_TuneZ2star_8TeV-powheg-tauola/Summer12-stop-pfele-step1/08612d4202e480038f4d455e921715e5/tuple_561_1_t25.root
27-Nov-2012 03:20:37 EET  Successfully opened file file:/hdfs/cms/store/user/mario/Tbar_t-channel_TuneZ2star_8TeV-powheg-tauola/Summer12-stop-pfele-step1/08612d4202e480038f4d455e921715e5/tuple_561_1_t25.root
Begin processing the 5001st record. Run 1, Event 571486, LumiSection 1906 at 27-Nov-2012 03:20:43.768 EET
Begin processing the 6001st record. Run 1, Event 716816, LumiSection 2390 at 27-Nov-2012 03:20:46.686 EET
27-Nov-2012 03:20:46 EET  Closed file file:/hdfs/cms/store/user/mario/Tbar_t-channel_TuneZ2star_8TeV-powheg-tauola/Summer12-stop-pfele-step1/08612d4202e480038f4d455e921715e5/tuple_561_1_t25.root
27-Nov-2012 03:20:46 EET  Initiating request to open file file:/hdfs/cms/store/user/mario/Tbar_t-channel_TuneZ2star_8TeV-powheg-tauola/Summer12-stop-pfele-step1/08612d4202e480038f4d455e921715e5/tuple_562_1_I8o.root
27-Nov-2012 03:20:46 EET  Successfully opened file file:/hdfs/cms/store/user/mario/Tbar_t-channel_TuneZ2star_8TeV-powheg-tauola/Summer12-stop-pfele-step1/08612d4202e480038f4d455e921715e5/tuple_562_1_I8o.root
Begin processing the 7001st record. Run 1, Event 1064842, LumiSection 3551 at 27-Nov-2012 03:20:52.488 EET
Begin processing the 8001st record. Run 1, Event 934864, LumiSection 3117 at 27-Nov-2012 03:20:54.892 EET
27-Nov-2012 03:20:55 EET  Closed file file:/hdfs/cms/store/user/mario/Tbar_t-channel_TuneZ2star_8TeV-powheg-tauola/Summer12-stop-pfele-step1/08612d4202e480038f4d455e921715e5/tuple_562_1_I8o.root
27-Nov-2012 03:20:55 EET  Initiating request to open file file:/hdfs/cms/store/user/mario/Tbar_t-channel_TuneZ2star_8TeV-powheg-tauola/Summer12-stop-pfele-step1/08612d4202e480038f4d455e921715e5/tuple_621_1_BbZ.root
27-Nov-2012 03:20:55 EET  Successfully opened file file:/hdfs/cms/store/user/mario/Tbar_t-channel_TuneZ2star_8TeV-powheg-tauola/Summer12-stop-pfele-step1/08612d4202e480038f4d455e921715e5/tuple_621_1_BbZ.root
Begin processing the 9001st record. Run 1, Event 1865575, LumiSection 6220 at 27-Nov-2012 03:21:01.834 EET
Begin processing the 10001st record. Run 1, Event 1858191, LumiSection 6195 at 27-Nov-2012 03:21:04.985 EET
27-Nov-2012 03:21:05 EET  Closed file file:/hdfs/cms/store/user/mario/Tbar_t-channel_TuneZ2star_8TeV-powheg-tauola/Summer12-stop-pfele-step1/08612d4202e480038f4d455e921715e5/tuple_621_1_BbZ.root
27-Nov-2012 03:21:05 EET  Initiating request to open file file:/hdfs/cms/store/user/mario/Tbar_t-channel_TuneZ2star_8TeV-powheg-tauola/Summer12-stop-pfele-step1/08612d4202e480038f4d455e921715e5/tuple_384_1_5Dt.root
27-Nov-2012 03:21:07 EET  Successfully opened file file:/hdfs/cms/store/user/mario/Tbar_t-channel_TuneZ2star_8TeV-powheg-tauola/Summer12-stop-pfele-step1/08612d4202e480038f4d455e921715e5/tuple_384_1_5Dt.root
Begin processing the 11001st record. Run 1, Event 526292, LumiSection 1755 at 27-Nov-2012 03:21:12.976 EET
Begin processing the 12001st record. Run 1, Event 648813, LumiSection 2164 at 27-Nov-2012 03:21:15.822 EET
27-Nov-2012 03:21:15 EET  Closed file file:/hdfs/cms/store/user/mario/Tbar_t-channel_TuneZ2star_8TeV-powheg-tauola/Summer12-stop-pfele-step1/08612d4202e480038f4d455e921715e5/tuple_384_1_5Dt.root
27-Nov-2012 03:21:15 EET  Initiating request to open file file:/hdfs/cms/store/user/mario/Tbar_t-channel_TuneZ2star_8TeV-powheg-tauola/Summer12-stop-pfele-step1/08612d4202e480038f4d455e921715e5/tuple_895_1_Lu3.root
27-Nov-2012 03:21:16 EET  Successfully opened file file:/hdfs/cms/store/user/mario/Tbar_t-channel_TuneZ2star_8TeV-powheg-tauola/Summer12-stop-pfele-step1/08612d4202e480038f4d455e921715e5/tuple_895_1_Lu3.root
Begin processing the 13001st record. Run 1, Event 1723279, LumiSection 5746 at 27-Nov-2012 03:21:23.900 EET
Begin processing the 14001st record. Run 1, Event 1738993, LumiSection 5798 at 27-Nov-2012 03:21:26.566 EET
27-Nov-2012 03:21:26 EET  Closed file file:/hdfs/cms/store/user/mario/Tbar_t-channel_TuneZ2star_8TeV-powheg-tauola/Summer12-stop-pfele-step1/08612d4202e480038f4d455e921715e5/tuple_895_1_Lu3.root
27-Nov-2012 03:21:26 EET  Initiating request to open file file:/hdfs/cms/store/user/mario/Tbar_t-channel_TuneZ2star_8TeV-powheg-tauola/Summer12-stop-pfele-step1/08612d4202e480038f4d455e921715e5/tuple_896_1_qQY.root
27-Nov-2012 03:21:27 EET  Successfully opened file file:/hdfs/cms/store/user/mario/Tbar_t-channel_TuneZ2star_8TeV-powheg-tauola/Summer12-stop-pfele-step1/08612d4202e480038f4d455e921715e5/tuple_896_1_qQY.root
Begin processing the 15001st record. Run 1, Event 1795813, LumiSection 5988 at 27-Nov-2012 03:21:34.680 EET
Begin processing the 16001st record. Run 1, Event 1803139, LumiSection 6012 at 27-Nov-2012 03:21:37.741 EET
27-Nov-2012 03:21:37 EET  Closed file file:/hdfs/cms/store/user/mario/Tbar_t-channel_TuneZ2star_8TeV-powheg-tauola/Summer12-stop-pfele-step1/08612d4202e480038f4d455e921715e5/tuple_896_1_qQY.root
27-Nov-2012 03:21:37 EET  Initiating request to open file file:/hdfs/cms/store/user/mario/Tbar_t-channel_TuneZ2star_8TeV-powheg-tauola/Summer12-stop-pfele-step1/08612d4202e480038f4d455e921715e5/tuple_897_1_NFq.root
27-Nov-2012 03:21:38 EET  Successfully opened file file:/hdfs/cms/store/user/mario/Tbar_t-channel_TuneZ2star_8TeV-powheg-tauola/Summer12-stop-pfele-step1/08612d4202e480038f4d455e921715e5/tuple_897_1_NFq.root
Begin processing the 17001st record. Run 1, Event 1817063, LumiSection 6058 at 27-Nov-2012 03:21:47.978 EET
Begin processing the 18001st record. Run 1, Event 1870582, LumiSection 6237 at 27-Nov-2012 03:21:50.491 EET
27-Nov-2012 03:21:50 EET  Closed file file:/hdfs/cms/store/user/mario/Tbar_t-channel_TuneZ2star_8TeV-powheg-tauola/Summer12-stop-pfele-step1/08612d4202e480038f4d455e921715e5/tuple_897_1_NFq.root
27-Nov-2012 03:21:50 EET  Initiating request to open file file:/hdfs/cms/store/user/mario/Tbar_t-channel_TuneZ2star_8TeV-powheg-tauola/Summer12-stop-pfele-step1/08612d4202e480038f4d455e921715e5/tuple_381_2_4lE.root
27-Nov-2012 03:21:50 EET  Successfully opened file file:/hdfs/cms/store/user/mario/Tbar_t-channel_TuneZ2star_8TeV-powheg-tauola/Summer12-stop-pfele-step1/08612d4202e480038f4d455e921715e5/tuple_381_2_4lE.root
Begin processing the 19001st record. Run 1, Event 1788066, LumiSection 5962 at 27-Nov-2012 03:21:55.850 EET
27-Nov-2012 03:21:56 EET  Closed file file:/hdfs/cms/store/user/mario/Tbar_t-channel_TuneZ2star_8TeV-powheg-tauola/Summer12-stop-pfele-step1/08612d4202e480038f4d455e921715e5/tuple_381_2_4lE.root

=============================================

MessageLogger Summary

 type     category        sev    module        subroutine        count    total
 ---- -------------------- -- ---------------- ----------------  -----    -----
    1 fileAction           -s file_close                            11       11
    2 fileAction           -s file_open                             22       22

 type    category    Examples: run/evt        run/evt          run/evt
 ---- -------------------- ---------------- ---------------- ----------------
    1 fileAction           PostProcessEvent PostProcessEvent PostEndRun
    2 fileAction           pre-events       pre-events       PostProcessEvent

Severity    # Occurrences   Total Occurrences
--------    -------------   -----------------
System                 33                  33
>>> END OF printout of 71 lines from stdout+stderr
>>> Parse FrameworkJobReport crab_fjr.xml
Result of parsing the FrameworkJobReport crab_fjr.xml: Popularity start
lumisRange : 1::::1;1::6012,6031,6058-6059,6064,6140,6232,6237::2;1::2390,2392,2526,3091,3110,3117,3237,3551::3;1::1690,1697,1710,1748,1906,1915,2376,2390::4;1::4617,4767,5202,5206,5208,5262,5532,5659::5;1::5866,5870,6043,6173,6195,6198,6220,6268::6;1::5616,5648,5655,5659,5661,5665,5715,6062::7;1::5662,5671,5673,5730,5746,5798,5846-5847::8;1::5798,5800,5803,5969,5988,5995,6010,6012::9;1::1085,1096,1209,1755,1831,1949,2004,2164::10;1::5871-5872,5879,5944,5962,6215::11;
lumisParentRange : 
Basename : /store/user/mario/Tbar_t-channel_TuneZ2star_8TeV-powheg-tauola/Summer12-stop-pfele-step1/08612d4202e480038f4d455e921715e5/tuple_
BasenameParent : 
parentFiles : 
inputBlocks : /Tbar_t-channel_TuneZ2star_8TeV-powheg-tauola/mario-Summer12-stop-pfele-step1-08612d4202e480038f4d455e921715e5/USER#46a619e1-5ef6-4d18-a30c-655e09e9469b
inputFiles : 557_1_TX5.root::1::EDM::Local::1;897_1_NFq.root::1::EDM::Local::2;562_1_I8o.root::1::EDM::Local::3;561_1_t25.root::1::EDM::Local::4;558_1_Vqq.root::1::EDM::Local::5;621_1_BbZ.root::1::EDM::Local::6;559_1_hk3.root::1::EDM::Local::7;895_1_Lu3.root::1::EDM::Local::8;896_1_qQY.root::1::EDM::Local::9;384_1_5Dt.root::1::EDM::Local::10;381_2_4lE.root::1::EDM::Local::11;
Popularity stop
Extracted ExitStatus from FrameworkJobReport parsing output: 0
>>> Executable succeded  0
ExeExitCode=0
EXECUTABLE_EXIT_STATUS = 0
>>> current directory /home/cms003/home_crmrs_100535223/CREAM100535223/glide_c31387/execute/dir_23684/CMSSW_5_3_5
>>>  (SOFTWARE_DIR): /home/cms003/home_crmrs_100535223/CREAM100535223/glide_c31387/execute/dir_23684/CMSSW_5_3_5
>>> (WORKING_DIR): 
>>> current directory content:
total 156
drwxr-xr-x 3 cms003 cms  4096 Nov 27 03:19 .SCRAM
-rw-r--r-- 1 cms003 cms 30066 Nov 27 03:19 CMSSW.py.pkl
drwxr-xr-x 3 cms003 cms  4096 Nov 27 03:19 bin
drwxr-xr-x 3 cms003 cms  4096 Nov 27 03:19 cfipython
drwxr-xr-x 5 cms003 cms  4096 Nov 27 03:19 config
-rw-r--r-- 1 cms003 cms    15 Nov 27 03:21 cpu_timing.txt
drwxr-xr-x 2 cms003 cms  4096 Nov 27 03:19 doc
-rw-r--r-- 1 cms003 cms  9770 Nov 27 03:21 executable.out
drwxr-xr-x 2 cms003 cms  4096 Nov 27 03:19 include
drwxrwxrwx 3 cms003 cms  4096 Oct 22 16:38 lib
drwxr-xr-x 3 cms003 cms  4096 Nov 27 03:19 logs
drwxr-xr-x 3 cms003 cms  4096 Nov 27 03:19 objs
-rw-r--r-- 1 cms003 cms 20667 Nov 27 03:21 optHistograms.root
-rw-r--r-- 1 cms003 cms   104 Nov 27 03:19 pset.py
-rw-r--r-- 1 cms003 cms 20394 Nov 27 03:19 pset.py.pkl
-rw-r--r-- 1 cms003 cms   289 Nov 27 03:19 pset.pyc
drwxr-xr-x 2 cms003 cms  4096 Nov 27 03:19 python
-rw-r--r-- 1 cms003 cms   420 Nov 27 03:21 report.log
drwxrwxrwx 4 cms003 cms  4096 Nov 27 03:19 src
drwxr-xr-x 3 cms003 cms  4096 Nov 27 03:19 test
drwxr-xr-x 3 cms003 cms  4096 Nov 27 03:19 tmp
>>> current directory /home/cms003/home_crmrs_100535223/CREAM100535223/glide_c31387/execute/dir_23684/CMSSW_5_3_5
>>> (SOFTWARE_DIR): /home/cms003/home_crmrs_100535223/CREAM100535223/glide_c31387/execute/dir_23684/CMSSW_5_3_5
>>> (WORKING_DIR): 
>>> current directory content:
total 132
drwxr-xr-x 3 cms003 cms  4096 Nov 27 03:19 .SCRAM
-rw-r--r-- 1 cms003 cms 30066 Nov 27 03:19 CMSSW.py.pkl
drwxr-xr-x 3 cms003 cms  4096 Nov 27 03:19 bin
drwxr-xr-x 3 cms003 cms  4096 Nov 27 03:19 cfipython
drwxr-xr-x 5 cms003 cms  4096 Nov 27 03:19 config
-rw-r--r-- 1 cms003 cms    15 Nov 27 03:21 cpu_timing.txt
drwxr-xr-x 2 cms003 cms  4096 Nov 27 03:19 doc
-rw-r--r-- 1 cms003 cms  9770 Nov 27 03:21 executable.out
drwxr-xr-x 2 cms003 cms  4096 Nov 27 03:19 include
drwxrwxrwx 3 cms003 cms  4096 Oct 22 16:38 lib
drwxr-xr-x 3 cms003 cms  4096 Nov 27 03:19 logs
drwxr-xr-x 3 cms003 cms  4096 Nov 27 03:19 objs
-rw-r--r-- 1 cms003 cms   104 Nov 27 03:19 pset.py
-rw-r--r-- 1 cms003 cms 20394 Nov 27 03:19 pset.py.pkl
-rw-r--r-- 1 cms003 cms   289 Nov 27 03:19 pset.pyc
drwxr-xr-x 2 cms003 cms  4096 Nov 27 03:19 python
-rw-r--r-- 1 cms003 cms   420 Nov 27 03:21 report.log
drwxrwxrwx 4 cms003 cms  4096 Nov 27 03:19 src
drwxr-xr-x 3 cms003 cms  4096 Nov 27 03:19 test
drwxr-xr-x 3 cms003 cms  4096 Nov 27 03:19 tmp
>>> current directory (RUNTIME_AREA):  /home/cms003/home_crmrs_100535223/CREAM100535223/glide_c31387/execute/dir_23684
>>> current dir: /home/cms003/home_crmrs_100535223/CREAM100535223/glide_c31387/execute/dir_23684
>>> current dir content:
total 25864
-rw-rw-rw-  1 cms003 cms     5572 Nov 27 03:19 .job.ad
-rw-rw-rw-  1 cms003 cms    11234 Nov 27 03:19 .machine.ad
-rw-rw-rw-  1 cms003 cms      105 Nov 27 01:48 CMSSW.py
-rw-rw-rw-  1 cms003 cms    30066 Nov 27 01:48 CMSSW.py.pkl
-rwxrw-rw-  1 cms003 cms    23331 Nov 27 03:19 CMSSW.sh
drwxr-xr-x 15 cms003 cms     4096 Nov 27 03:22 CMSSW_5_3_5
-rw-rw-rw-  1 cms003 cms        0 Nov 27 03:19 CMSSW_64.stderr
-rw-rw-rw-  1 cms003 cms    23295 Nov 27 03:22 CMSSW_64.stdout
-rw-r--r--  1 cms003 cms      347 Nov 27 03:19 CacheEnv.sh
-rw-rw-rw-  1 cms003 cms     7291 Jun  9  2010 DashboardAPI.py
-rw-r--r--  1 cms003 cms     6883 Nov 27 03:19 DashboardAPI.pyc
drwxrwxrwx  3 cms003 cms     4096 Nov 27 03:22 IMProv
-rw-rw-rw-  1 cms003 cms     2748 Mar  8  2006 Logger.py
-rw-r--r--  1 cms003 cms     3353 Nov 27 03:19 Logger.pyc
-rw-rw-rw-  1 cms003 cms    24524 Mar 28  2008 ProcInfo.py
-rw-r--r--  1 cms003 cms    23470 Nov 27 03:19 ProcInfo.pyc
drwxrwxrwx  7 cms003 cms     4096 Nov 27 03:19 ProdCommon
drwxrwxrwx  3 cms003 cms     4096 Nov 27 03:19 WMCore
-rw-r--r--  1 cms003 cms     1627 Nov 27 03:21 Watchdog_64.log
-rw-rw-rw-  1 cms003 cms    32895 Mar 28  2008 apmon.py
-rw-r--r--  1 cms003 cms    28874 Nov 27 03:19 apmon.pyc
-rw-rw-rw-  1 cms003 cms   177706 Nov 27 03:19 arguments.xml
-rwxrwxrwx  1 cms003 cms    37427 Sep 13 14:14 cmscp.py
-rwxrwxrwx  1 cms003 cms    23331 Nov 27 03:19 condor_exec.exe
-rw-rw-rw-  1 cms003 cms      541 Nov 27 01:47 crab.cfg
-rwxrwxrwx  1 cms003 cms     9531 Sep 20 21:46 crabWatchdog.sh
-rw-r--r--  1 cms003 cms    51439 Nov 27 03:21 crab_fjr_64.xml
-rw-rw-rw-  1 cms003 cms 25796231 Nov 27 03:19 default.tgz
-rwxrwxrwx  1 cms003 cms     4488 May 12  2012 fillCrabFjr.py
-rw-r--r--  1 cms003 cms     1774 Nov 27 03:19 inputsReport.txt
-rw-r--r--  1 cms003 cms      132 Nov 27 03:22 jobreport.txt
lrwxrwxrwx  1 cms003 cms      107 Nov 27 03:22 optHistograms.root -> /home/cms003/home_crmrs_100535223/CREAM100535223/glide_c31387/execute/dir_23684/optHistograms_64_1_CzI.root
-rw-r--r--  1 cms003 cms    20667 Nov 27 03:21 optHistograms_64_1_CzI.root
-rw-rw-rw-  1 cms003 cms    17352 Jan 20  2012 parseCrabFjr.py
-rw-r--r--  1 cms003 cms      283 Nov 27 03:19 report.log
-rwxrwxrwx  1 cms003 cms     1497 May 27  2009 report.py
-rwxrwxrwx  1 cms003 cms     8387 Mar 23  2011 writeCfg.py
-rw-------  1 cms003 cms     8691 Nov 27 03:19 x509up_u1000009
Checking output files:  
will tar file optHistograms_64_1_CzI.root in  out_files_64
will tar file crab_fjr_64.xml in  out_files_64
will tar file CMSSW_64.stdout in  out_files_64
will tar file CMSSW_64.stderr in  out_files_64
WARNING: output file Watchdog_64.log.gz not found!
>>> padding time: Sleeping the wrapper for 436 seconds
STOPPING WATCHDOG. CrabWatchdog PID is 29044
********** LAST 50 LINES OF WATCHDOG LOG
# RESOURCE USAGE SUMMARY FOR PROCESS ID 27603
USER       PID %CPU %MEM    VSZ   RSS TTY      STAT START   TIME COMMAND
cms003   27603  0.3  0.0   8956  1488 ?        S    03:19   0:00 /bin/sh /home/cms003/home_crmrs_100535223/CREAM100535223/glide_c31387/execute/dir_23684/condor_exec.exe 64 1
 
# LIMITS USED BY THIS WATCHDOG:
# RSS  (KBytes)  : 2300000
# VSZ  (KBytes)  : 100000000
# DISK (MBytes)  : 19000
# CPU  (seconds) : 171600
# WALL (seconds) : 171600
 
# FOLLOWING PRINTOUT TRACKS MAXIMUM VALUES OF RESOURCES USE
# ONE LINE IS PRINTED EACH TIME A MAXIMUM CHANGES
# IF CHANGE WAS IN RSS OR VSZ ALSO PROCID AND COMMAND ARE PRINTED
# THERE IS NO PRINTOUT FOR CPU/WALL TIME INCREASE
 
# TIME			PID	RSS(KB)	VSZ(KB)	Dsk(MB)	tCPU(s)	tWALL(s)	COMMAND
 Nov 27 03:19:36 EET	4920	1348	8816	0	0	928	/bin/bash /home/cms003/home_crmrs_100535223/CREAM100535223/glide_c31387/main/condor_startup.sh glidein_config       
 Nov 27 03:19:36 EET	5553	6000	9704	0	0	928	/home/cms003/home_crmrs_100535223/CREAM100535223/glide_c31387/main/condor/sbin/condor_master -f -pidfile /home/cms003/home_crmrs_100535223/CREAM100535223/glide_c31387/condor_master2.pid      
 Nov 27 03:19:36 EET	29055	24168	84864	0	0	1	edmConfigHash pset.py        
 Nov 27 03:19:36 EET	---	24168	84864	168	----	----	----
 Nov 27 03:20:39 EET	31036	344720	551780	168	25	58	cmsRun -j /home/cms003/home_crmrs_100535223/CREAM100535223/glide_c31387/execute/dir_23684/crab_fjr_64.xml -p pset.py     
 Nov 27 03:21:42 EET	31036	344720	554084	168	63	121	cmsRun -j /home/cms003/home_crmrs_100535223/CREAM100535223/glide_c31387/execute/dir_23684/crab_fjr_64.xml -p pset.py     
 Nov 27 03:22:45 EET	---	344720	554084	169	----	----	----
********** WATCHDOG LOG ENDED
ZIPPING WATCHDOG LOG
Disk space used:
du -sh /home/cms003/home_crmrs_100535223/CREAM100535223/glide_c31387/execute/dir_23684
169M	/home/cms003/home_crmrs_100535223/CREAM100535223/glide_c31387/execute/dir_23684
>>> info for dashboard:
***** Cat /home/cms003/home_crmrs_100535223/CREAM100535223/glide_c31387/execute/dir_23684/jobreport.txt *****
MonitorJobID=64_https://submit-2.t2.ucsd.edu//121127//17542.63
MonitorID=liis_crab_0_121127_014711_7us61f
ExeTime=135
ExeExitCode=0
CrabUserCpuTime=70.02
CrabSysCpuTime=4.54
CrabCpuPercentage=55%
CrabWrapperTime=600
CrabStageoutTime=NULL
***** End Cat jobreport *****
Parameters sent to Dashboard.
optHistograms_64_1_CzI.root
crab_fjr_64.xml
CMSSW_64.stdout
CMSSW_64.stderr
Watchdog_64.log.gz
tar: .BrokerInfo: Cannot stat: No such file or directory
tar: Error exit delayed from previous errors
Total Output dimension: 27030
WARNING: output files size limit is set to: 50000000
Total Output dimension 27030 is fine.
JOB_EXIT_STATUS = 0
>>> info for dashboard:
***** Cat /home/cms003/home_crmrs_100535223/CREAM100535223/glide_c31387/execute/dir_23684/jobreport.txt *****
MonitorJobID=64_https://submit-2.t2.ucsd.edu//121127//17542.63
MonitorID=liis_crab_0_121127_014711_7us61f
JobExitCode=0
***** End Cat jobreport *****
Parameters sent to Dashboard.
optHistograms_64_1_CzI.root
crab_fjr_64.xml
