This script was generated by crab (version 2.8.3).
Running /home/cms016/home_crce1_496299620/CREAM496299620/glide_a13675/execute/dir_7411/condor_exec.exe with 2 positional parameters: 34 1
Today is Tue Nov 27 03:14:13 EET 2012
Job submitted on host wn-v-7002.local
Linux wn-v-7002.local 2.6.32-042stab059.7 #1 SMP Tue Jul 24 19:12:01 MSK 2012 x86_64 x86_64 x86_64 GNU/Linux
>>> current directory (RUNTIME_AREA): /home/cms016/home_crce1_496299620/CREAM496299620/glide_a13675/execute/dir_7411
>>> current user: uid=11016(cms016) gid=1400(cms) groups=1400(cms)
>>> voms proxy information:
subject   : /DC=ch/DC=cern/OU=Organic Units/OU=Users/CN=liis/CN=663550/CN=Liis Rebane/CN=proxy/CN=limited proxy
issuer    : /DC=ch/DC=cern/OU=Organic Units/OU=Users/CN=liis/CN=663550/CN=Liis Rebane/CN=proxy
identity  : /DC=ch/DC=cern/OU=Organic Units/OU=Users/CN=liis/CN=663550/CN=Liis Rebane/CN=proxy
type      : limited proxy
strength  : 512 bits
path      : /home/cms016/home_crce1_496299620/CREAM496299620/glide_a13675/execute/dir_7411/x509up_u1000009
timeleft  : 23:58:50
key usage : Digital Signature, Key Encipherment, Data Encipherment
=== VO cms extension information ===
VO        : cms
subject   : /DC=ch/DC=cern/OU=Organic Units/OU=Users/CN=liis/CN=663550/CN=Liis Rebane
issuer    : /DC=ch/DC=cern/OU=computers/CN=lcg-voms.cern.ch
attribute : /cms/Role=NULL/Capability=NULL
timeleft  : 190:11:24
uri       : lcg-voms.cern.ch:15002
>>> tar xzf /home/cms016/home_crce1_496299620/CREAM496299620/glide_a13675/execute/dir_7411/default.tgz :
Successful untar
>>> Include /home/cms016/home_crce1_496299620/CREAM496299620/glide_a13675/execute/dir_7411 in PYTHONPATH:
strip arguments
env var CRAB_UNIQUE_JOB_ID set to: liis_crab_0_121127_014711_7us61f_34_1_emh
out_files_34
>>> list of expected files on output sandbox
output files: optHistograms_34_1_emh.root crab_fjr_34.xml CMSSW_34.stdout CMSSW_34.stderr Watchdog_34.log.gz
>>> GridFlavour discovery: 
GridFlavour=LCG
>>> SyncSite discovery: 
SyncSite=T2_EE_Estonia
>>> SyncCE discovery: 
getting SyncCE from CE_ID
SyncCE=cream1.hep.kbfi.ee:8443/cream-pbs-long
>>> info for dashboard:
***** Cat /home/cms016/home_crce1_496299620/CREAM496299620/glide_a13675/execute/dir_7411/jobreport.txt *****
MonitorJobID=34_https://submit-2.t2.ucsd.edu//121127//17542.33
SyncGridJobId=https://submit-2.t2.ucsd.edu//121127//17542.33
MonitorID=liis_crab_0_121127_014711_7us61f
GridFlavour=LCG
SyncSite=T2_EE_Estonia
SyncCE=cream1.hep.kbfi.ee:8443/cream-pbs-long
***** End Cat jobreport *****
Parameters sent to Dashboard.
>>> setup environment
set SCRAM ARCH to slc5_amd64_gcc462
SCRAM_ARCH = slc5_amd64_gcc462
>>> setup CMS LCG environment:
set SCRAM ARCH and BUILD_ARCH to slc5_amd64_gcc462 ###
Sourcing environment... 
sourcing /cvmfs/cms.cern.ch/cmsset_default.sh
==> setup cms environment ok
>>> specific cmssw setup environment:
CMSSW_VERSION =  CMSSW_5_3_5
>>> current directory (SOFTWARE_DIR): /home/cms016/home_crce1_496299620/CREAM496299620/glide_a13675/execute/dir_7411/CMSSW_5_3_5
PreserveSeeds: <>
IncrementSeeds:<>
{}
WNHostName=wn-v-7002.local
>>> info for dashboard:
***** Cat /home/cms016/home_crce1_496299620/CREAM496299620/glide_a13675/execute/dir_7411/jobreport.txt *****
MonitorJobID=34_https://submit-2.t2.ucsd.edu//121127//17542.33
MonitorID=liis_crab_0_121127_014711_7us61f
WNHostName=wn-v-7002.local
***** End Cat jobreport *****
Parameters sent to Dashboard.
crabWatchdog started as process 11919
>>> moving CMSSW software directories in /home/cms016/home_crce1_496299620/CREAM496299620/glide_a13675/execute/dir_7411/CMSSW_5_3_5
mv: cannot stat `/home/cms016/home_crce1_496299620/CREAM496299620/glide_a13675/execute/dir_7411/module/': No such file or directory
>>> Include /home/cms016/home_crce1_496299620/CREAM496299620/glide_a13675/execute/dir_7411 in PYTHONPATH:
PYTHONPATH=/home/cms016/home_crce1_496299620/CREAM496299620/glide_a13675/execute/dir_7411/:/home/cms016/home_crce1_496299620/CREAM496299620/glide_a13675/execute/dir_7411/CMSSW_5_3_5/python:/home/cms016/home_crce1_496299620/CREAM496299620/glide_a13675/execute/dir_7411/CMSSW_5_3_5/lib/slc5_amd64_gcc462:/cvmfs/cms.cern.ch/slc5_amd64_gcc462/cms/cmssw/CMSSW_5_3_5/python:/cvmfs/cms.cern.ch/slc5_amd64_gcc462/cms/cmssw/CMSSW_5_3_5/lib/slc5_amd64_gcc462:/cvmfs/cms.cern.ch/slc5_amd64_gcc462/cms/coral/CORAL_2_3_21-cms27/slc5_amd64_gcc462/python:/cvmfs/cms.cern.ch/slc5_amd64_gcc462/cms/coral/CORAL_2_3_21-cms27/slc5_amd64_gcc462/lib:/cvmfs/cms.cern.ch/slc5_amd64_gcc462/external/pyqt/4.8.1/lib/python2.6/site-packages:/cvmfs/cms.cern.ch/slc5_amd64_gcc462/external/py2-scipy/0.8.0/lib/python2.6/site-packages:/cvmfs/cms.cern.ch/slc5_amd64_gcc462/external/py2-matplotlib/1.0.1/lib/python2.6/site-packages:/cvmfs/cms.cern.ch/slc5_amd64_gcc462/external/python-ldap/2.3.5/lib/python2.6/site-packages:/cvmfs/cms.cern.ch/slc5_amd64_gcc462/external/sip/4.11.2/lib/python2.6/site-packages:/cvmfs/cms.cern.ch/slc5_amd64_gcc462/external/py2-pycurl/7.19.0/lib/python2.6/site-packages:/cvmfs/cms.cern.ch/slc5_amd64_gcc462/external/py2-numpy/1.6.1/lib/python2.6/site-packages:/cvmfs/cms.cern.ch/slc5_amd64_gcc462/external/py2-ipython/0.10/lib/python2.6/site-packages:/cvmfs/cms.cern.ch/slc5_amd64_gcc462/external/py2-cx-oracle/5.1-cms11/lib/python2.6/site-packages:/cvmfs/cms.cern.ch/slc5_amd64_gcc462/external/py2-cjson/1.0.5/lib/python2.6/site-packages:/cvmfs/cms.cern.ch/slc5_amd64_gcc462/cms/das-client/1.4.1-cms8/bin:/cvmfs/cms.cern.ch/slc5_amd64_gcc462/external/elementtree/1.2.6/share/lib/python2.6/site-packages:/cvmfs/cms.cern.ch/slc5_amd64_gcc462/external/rivet/1.5.1-cms10/lib/python2.6/site-packages:/cvmfs/cms.cern.ch/slc5_amd64_gcc462/external/pyminuit2/0.0.1-cms34/lib/python2.6/site-packages:/cvmfs/cms.cern.ch/slc5_amd64_gcc462/external/professor/1.0.0-cms35/lib/python2.6/site-packages:/cvmfs/cms.cern.ch/slc5_amd64_gcc462/lcg/root/5.32.00-cms18/lib:/cvmfs/cms.cern.ch/slc5_amd64_gcc462/cms/dbs-client/DBS_2_1_1_patch1_1/lib:/cvmfs/cms.cern.ch/slc5_amd64_gcc462/cms/dbs-client/DBS_2_1_1_patch1_1/lib/DBSAPI:/home/cms016/home_crce1_496299620/CREAM496299620/glide_a13675/execute/dir_7411/
241a2a19cb7c5c8751ba22759ab3bdb0
PSETHASH = 241a2a19cb7c5c8751ba22759ab3bdb0
/home/cms016/home_crce1_496299620/CREAM496299620/glide_a13675/execute/dir_7411/writeCfg.py pset.py pset.py
Importing .py file
Setting parameters
inputBlocks=/Tbar_t-channel_TuneZ2star_8TeV-powheg-tauola/mario-Summer12-stop-pfele-step1-08612d4202e480038f4d455e921715e5/USER#46a619e1-5ef6-4d18-a30c-655e09e9469b
inputFiles=/store/user/mario/Tbar_t-channel_TuneZ2star_8TeV-powheg-tauola/Summer12-stop-pfele-step1/08612d4202e480038f4d455e921715e5/tuple_133_1_U2K.root;/store/user/mario/Tbar_t-channel_TuneZ2star_8TeV-powheg-tauola/Summer12-stop-pfele-step1/08612d4202e480038f4d455e921715e5/tuple_134_1_wRP.root;/store/user/mario/Tbar_t-channel_TuneZ2star_8TeV-powheg-tauola/Summer12-stop-pfele-step1/08612d4202e480038f4d455e921715e5/tuple_248_1_zFn.root;/store/user/mario/Tbar_t-channel_TuneZ2star_8TeV-powheg-tauola/Summer12-stop-pfele-step1/08612d4202e480038f4d455e921715e5/tuple_239_1_gmn.root;/store/user/mario/Tbar_t-channel_TuneZ2star_8TeV-powheg-tauola/Summer12-stop-pfele-step1/08612d4202e480038f4d455e921715e5/tuple_240_1_y6B.root;/store/user/mario/Tbar_t-channel_TuneZ2star_8TeV-powheg-tauola/Summer12-stop-pfele-step1/08612d4202e480038f4d455e921715e5/tuple_247_1_evG.root;/store/user/mario/Tbar_t-channel_TuneZ2star_8TeV-powheg-tauola/Summer12-stop-pfele-step1/08612d4202e480038f4d455e921715e5/tuple_249_1_qKF.root;/store/user/mario/Tbar_t-channel_TuneZ2star_8TeV-powheg-tauola/Summer12-stop-pfele-step1/08612d4202e480038f4d455e921715e5/tuple_270_1_KVh.root;/store/user/mario/Tbar_t-channel_TuneZ2star_8TeV-powheg-tauola/Summer12-stop-pfele-step1/08612d4202e480038f4d455e921715e5/tuple_272_1_Ijv.root;/store/user/mario/Tbar_t-channel_TuneZ2star_8TeV-powheg-tauola/Summer12-stop-pfele-step1/08612d4202e480038f4d455e921715e5/tuple_298_1_Y9T.root;/store/user/mario/Tbar_t-channel_TuneZ2star_8TeV-powheg-tauola/Summer12-stop-pfele-step1/08612d4202e480038f4d455e921715e5/tuple_279_1_Hl2.root
parentFiles=
lumisRange=
>>> Executable cmsRun
/cvmfs/cms.cern.ch/slc5_amd64_gcc462/cms/cmssw/CMSSW_5_3_5/bin/slc5_amd64_gcc462/cmsRun
ok executable found
>>> info for dashboard:
***** Cat /home/cms016/home_crce1_496299620/CREAM496299620/glide_a13675/execute/dir_7411/jobreport.txt *****
MonitorJobID=34_https://submit-2.t2.ucsd.edu//121127//17542.33
MonitorID=liis_crab_0_121127_014711_7us61f
ExeStart=cmsRun
***** End Cat jobreport *****
Parameters sent to Dashboard.
>>> cmsRun started at Tue Nov 27 01:14:54 UTC 2012
>>> cmsRun ended at Tue Nov 27 01:19:52 UTC 2012
>>> info for dashboard:
***** Cat /home/cms016/home_crce1_496299620/CREAM496299620/glide_a13675/execute/dir_7411/jobreport.txt *****
MonitorJobID=34_https://submit-2.t2.ucsd.edu//121127//17542.33
MonitorID=liis_crab_0_121127_014711_7us61f
ExeEnd=cmsRun
***** End Cat jobreport *****
Parameters sent to Dashboard.
TIME_EXE = 298 sec
>>> cmsRun wrote 71 lines of stdout+stderr
>>> START OF printout of 71 lines from stdout+stderr
27-Nov-2012 03:15:45 EET  Initiating request to open file file:/hdfs/cms/store/user/mario/Tbar_t-channel_TuneZ2star_8TeV-powheg-tauola/Summer12-stop-pfele-step1/08612d4202e480038f4d455e921715e5/tuple_133_1_U2K.root
27-Nov-2012 03:15:56 EET  Successfully opened file file:/hdfs/cms/store/user/mario/Tbar_t-channel_TuneZ2star_8TeV-powheg-tauola/Summer12-stop-pfele-step1/08612d4202e480038f4d455e921715e5/tuple_133_1_U2K.root
Begin processing the 1st record. Run 1, Event 1101434, LumiSection 3673 at 27-Nov-2012 03:16:10.772 EET
27-Nov-2012 03:16:20 EET  Closed file file:/hdfs/cms/store/user/mario/Tbar_t-channel_TuneZ2star_8TeV-powheg-tauola/Summer12-stop-pfele-step1/08612d4202e480038f4d455e921715e5/tuple_133_1_U2K.root
27-Nov-2012 03:16:20 EET  Initiating request to open file file:/hdfs/cms/store/user/mario/Tbar_t-channel_TuneZ2star_8TeV-powheg-tauola/Summer12-stop-pfele-step1/08612d4202e480038f4d455e921715e5/tuple_134_1_wRP.root
27-Nov-2012 03:16:20 EET  Successfully opened file file:/hdfs/cms/store/user/mario/Tbar_t-channel_TuneZ2star_8TeV-powheg-tauola/Summer12-stop-pfele-step1/08612d4202e480038f4d455e921715e5/tuple_134_1_wRP.root
Begin processing the 1001st record. Run 1, Event 1030466, LumiSection 3436 at 27-Nov-2012 03:16:36.185 EET
Begin processing the 2001st record. Run 1, Event 1051589, LumiSection 3506 at 27-Nov-2012 03:16:39.532 EET
27-Nov-2012 03:16:41 EET  Closed file file:/hdfs/cms/store/user/mario/Tbar_t-channel_TuneZ2star_8TeV-powheg-tauola/Summer12-stop-pfele-step1/08612d4202e480038f4d455e921715e5/tuple_134_1_wRP.root
27-Nov-2012 03:16:41 EET  Initiating request to open file file:/hdfs/cms/store/user/mario/Tbar_t-channel_TuneZ2star_8TeV-powheg-tauola/Summer12-stop-pfele-step1/08612d4202e480038f4d455e921715e5/tuple_248_1_zFn.root
27-Nov-2012 03:16:41 EET  Successfully opened file file:/hdfs/cms/store/user/mario/Tbar_t-channel_TuneZ2star_8TeV-powheg-tauola/Summer12-stop-pfele-step1/08612d4202e480038f4d455e921715e5/tuple_248_1_zFn.root
Begin processing the 3001st record. Run 1, Event 122282, LumiSection 408 at 27-Nov-2012 03:16:47.622 EET
Begin processing the 4001st record. Run 1, Event 142798, LumiSection 476 at 27-Nov-2012 03:16:51.145 EET
27-Nov-2012 03:16:52 EET  Closed file file:/hdfs/cms/store/user/mario/Tbar_t-channel_TuneZ2star_8TeV-powheg-tauola/Summer12-stop-pfele-step1/08612d4202e480038f4d455e921715e5/tuple_248_1_zFn.root
27-Nov-2012 03:16:52 EET  Initiating request to open file file:/hdfs/cms/store/user/mario/Tbar_t-channel_TuneZ2star_8TeV-powheg-tauola/Summer12-stop-pfele-step1/08612d4202e480038f4d455e921715e5/tuple_239_1_gmn.root
27-Nov-2012 03:16:53 EET  Successfully opened file file:/hdfs/cms/store/user/mario/Tbar_t-channel_TuneZ2star_8TeV-powheg-tauola/Summer12-stop-pfele-step1/08612d4202e480038f4d455e921715e5/tuple_239_1_gmn.root
Begin processing the 5001st record. Run 1, Event 1151013, LumiSection 3838 at 27-Nov-2012 03:17:01.208 EET
Begin processing the 6001st record. Run 1, Event 718939, LumiSection 2397 at 27-Nov-2012 03:17:04.656 EET
27-Nov-2012 03:17:06 EET  Closed file file:/hdfs/cms/store/user/mario/Tbar_t-channel_TuneZ2star_8TeV-powheg-tauola/Summer12-stop-pfele-step1/08612d4202e480038f4d455e921715e5/tuple_239_1_gmn.root
27-Nov-2012 03:17:06 EET  Initiating request to open file file:/hdfs/cms/store/user/mario/Tbar_t-channel_TuneZ2star_8TeV-powheg-tauola/Summer12-stop-pfele-step1/08612d4202e480038f4d455e921715e5/tuple_240_1_y6B.root
27-Nov-2012 03:17:08 EET  Successfully opened file file:/hdfs/cms/store/user/mario/Tbar_t-channel_TuneZ2star_8TeV-powheg-tauola/Summer12-stop-pfele-step1/08612d4202e480038f4d455e921715e5/tuple_240_1_y6B.root
Begin processing the 7001st record. Run 1, Event 670154, LumiSection 2235 at 27-Nov-2012 03:17:29.784 EET
Begin processing the 8001st record. Run 1, Event 772880, LumiSection 2577 at 27-Nov-2012 03:17:33.342 EET
27-Nov-2012 03:17:35 EET  Closed file file:/hdfs/cms/store/user/mario/Tbar_t-channel_TuneZ2star_8TeV-powheg-tauola/Summer12-stop-pfele-step1/08612d4202e480038f4d455e921715e5/tuple_240_1_y6B.root
27-Nov-2012 03:17:35 EET  Initiating request to open file file:/hdfs/cms/store/user/mario/Tbar_t-channel_TuneZ2star_8TeV-powheg-tauola/Summer12-stop-pfele-step1/08612d4202e480038f4d455e921715e5/tuple_247_1_evG.root
27-Nov-2012 03:17:35 EET  Successfully opened file file:/hdfs/cms/store/user/mario/Tbar_t-channel_TuneZ2star_8TeV-powheg-tauola/Summer12-stop-pfele-step1/08612d4202e480038f4d455e921715e5/tuple_247_1_evG.root
Begin processing the 9001st record. Run 1, Event 90850, LumiSection 303 at 27-Nov-2012 03:17:52.601 EET
Begin processing the 10001st record. Run 1, Event 70863, LumiSection 237 at 27-Nov-2012 03:17:56.026 EET
27-Nov-2012 03:17:57 EET  Closed file file:/hdfs/cms/store/user/mario/Tbar_t-channel_TuneZ2star_8TeV-powheg-tauola/Summer12-stop-pfele-step1/08612d4202e480038f4d455e921715e5/tuple_247_1_evG.root
27-Nov-2012 03:17:57 EET  Initiating request to open file file:/hdfs/cms/store/user/mario/Tbar_t-channel_TuneZ2star_8TeV-powheg-tauola/Summer12-stop-pfele-step1/08612d4202e480038f4d455e921715e5/tuple_249_1_qKF.root
27-Nov-2012 03:17:58 EET  Successfully opened file file:/hdfs/cms/store/user/mario/Tbar_t-channel_TuneZ2star_8TeV-powheg-tauola/Summer12-stop-pfele-step1/08612d4202e480038f4d455e921715e5/tuple_249_1_qKF.root
Begin processing the 11001st record. Run 1, Event 160316, LumiSection 535 at 27-Nov-2012 03:18:21.985 EET
Begin processing the 12001st record. Run 1, Event 159533, LumiSection 532 at 27-Nov-2012 03:18:25.259 EET
27-Nov-2012 03:18:27 EET  Closed file file:/hdfs/cms/store/user/mario/Tbar_t-channel_TuneZ2star_8TeV-powheg-tauola/Summer12-stop-pfele-step1/08612d4202e480038f4d455e921715e5/tuple_249_1_qKF.root
27-Nov-2012 03:18:27 EET  Initiating request to open file file:/hdfs/cms/store/user/mario/Tbar_t-channel_TuneZ2star_8TeV-powheg-tauola/Summer12-stop-pfele-step1/08612d4202e480038f4d455e921715e5/tuple_270_1_KVh.root
27-Nov-2012 03:18:27 EET  Successfully opened file file:/hdfs/cms/store/user/mario/Tbar_t-channel_TuneZ2star_8TeV-powheg-tauola/Summer12-stop-pfele-step1/08612d4202e480038f4d455e921715e5/tuple_270_1_KVh.root
Begin processing the 13001st record. Run 1, Event 326549, LumiSection 1089 at 27-Nov-2012 03:18:48.111 EET
Begin processing the 14001st record. Run 1, Event 335370, LumiSection 1118 at 27-Nov-2012 03:18:51.585 EET
27-Nov-2012 03:18:53 EET  Closed file file:/hdfs/cms/store/user/mario/Tbar_t-channel_TuneZ2star_8TeV-powheg-tauola/Summer12-stop-pfele-step1/08612d4202e480038f4d455e921715e5/tuple_270_1_KVh.root
27-Nov-2012 03:18:53 EET  Initiating request to open file file:/hdfs/cms/store/user/mario/Tbar_t-channel_TuneZ2star_8TeV-powheg-tauola/Summer12-stop-pfele-step1/08612d4202e480038f4d455e921715e5/tuple_272_1_Ijv.root
27-Nov-2012 03:18:53 EET  Successfully opened file file:/hdfs/cms/store/user/mario/Tbar_t-channel_TuneZ2star_8TeV-powheg-tauola/Summer12-stop-pfele-step1/08612d4202e480038f4d455e921715e5/tuple_272_1_Ijv.root
Begin processing the 15001st record. Run 1, Event 426934, LumiSection 1424 at 27-Nov-2012 03:19:08.541 EET
Begin processing the 16001st record. Run 1, Event 400353, LumiSection 1335 at 27-Nov-2012 03:19:11.796 EET
27-Nov-2012 03:19:13 EET  Closed file file:/hdfs/cms/store/user/mario/Tbar_t-channel_TuneZ2star_8TeV-powheg-tauola/Summer12-stop-pfele-step1/08612d4202e480038f4d455e921715e5/tuple_272_1_Ijv.root
27-Nov-2012 03:19:13 EET  Initiating request to open file file:/hdfs/cms/store/user/mario/Tbar_t-channel_TuneZ2star_8TeV-powheg-tauola/Summer12-stop-pfele-step1/08612d4202e480038f4d455e921715e5/tuple_298_1_Y9T.root
27-Nov-2012 03:19:13 EET  Successfully opened file file:/hdfs/cms/store/user/mario/Tbar_t-channel_TuneZ2star_8TeV-powheg-tauola/Summer12-stop-pfele-step1/08612d4202e480038f4d455e921715e5/tuple_298_1_Y9T.root
Begin processing the 17001st record. Run 1, Event 732523, LumiSection 2443 at 27-Nov-2012 03:19:33.226 EET
Begin processing the 18001st record. Run 1, Event 952555, LumiSection 3176 at 27-Nov-2012 03:19:36.702 EET
27-Nov-2012 03:19:38 EET  Closed file file:/hdfs/cms/store/user/mario/Tbar_t-channel_TuneZ2star_8TeV-powheg-tauola/Summer12-stop-pfele-step1/08612d4202e480038f4d455e921715e5/tuple_298_1_Y9T.root
27-Nov-2012 03:19:38 EET  Initiating request to open file file:/hdfs/cms/store/user/mario/Tbar_t-channel_TuneZ2star_8TeV-powheg-tauola/Summer12-stop-pfele-step1/08612d4202e480038f4d455e921715e5/tuple_279_1_Hl2.root
27-Nov-2012 03:19:38 EET  Successfully opened file file:/hdfs/cms/store/user/mario/Tbar_t-channel_TuneZ2star_8TeV-powheg-tauola/Summer12-stop-pfele-step1/08612d4202e480038f4d455e921715e5/tuple_279_1_Hl2.root
Begin processing the 19001st record. Run 1, Event 1659831, LumiSection 5534 at 27-Nov-2012 03:19:48.907 EET
27-Nov-2012 03:19:50 EET  Closed file file:/hdfs/cms/store/user/mario/Tbar_t-channel_TuneZ2star_8TeV-powheg-tauola/Summer12-stop-pfele-step1/08612d4202e480038f4d455e921715e5/tuple_279_1_Hl2.root

=============================================

MessageLogger Summary

 type     category        sev    module        subroutine        count    total
 ---- -------------------- -- ---------------- ----------------  -----    -----
    1 fileAction           -s file_close                            11       11
    2 fileAction           -s file_open                             22       22

 type    category    Examples: run/evt        run/evt          run/evt
 ---- -------------------- ---------------- ---------------- ----------------
    1 fileAction           PostProcessEvent PostProcessEvent PostEndRun
    2 fileAction           pre-events       pre-events       PostProcessEvent

Severity    # Occurrences   Total Occurrences
--------    -------------   -----------------
System                 33                  33
>>> END OF printout of 71 lines from stdout+stderr
>>> Parse FrameworkJobReport crab_fjr.xml
Result of parsing the FrameworkJobReport crab_fjr.xml: Popularity start
lumisRange : 1::3377,3380,3436,3480,3491,3506,3570,3579::1;1::1303,1325,1330,1335,1415,1424,3664,3668::2;1::1030,1065,1089,1118,1732,1811,1829,2358::3;1::3377,3673::4;1::240,321,408,411-412,476,524-525::5;1::187,237,240,283,303,407,439::6;1::2235,2243,2293,2577,2603,2606,2847,3925::7;1::5534,6317,6559::8;1::519-520,525,532-533,535,541,731::9;1::1532,2422,2443,2746,2800,3176,3311,4889::10;1::1879,2028,2077,2209,2213,2293,2397,3838::11;
lumisParentRange : 
Basename : /store/user/mario/Tbar_t-channel_TuneZ2star_8TeV-powheg-tauola/Summer12-stop-pfele-step1/08612d4202e480038f4d455e921715e5/tuple_
BasenameParent : 
parentFiles : 
inputBlocks : /Tbar_t-channel_TuneZ2star_8TeV-powheg-tauola/mario-Summer12-stop-pfele-step1-08612d4202e480038f4d455e921715e5/USER#46a619e1-5ef6-4d18-a30c-655e09e9469b
inputFiles : 134_1_wRP.root::1::EDM::Local::1;272_1_Ijv.root::1::EDM::Local::2;270_1_KVh.root::1::EDM::Local::3;133_1_U2K.root::1::EDM::Local::4;248_1_zFn.root::1::EDM::Local::5;247_1_evG.root::1::EDM::Local::6;240_1_y6B.root::1::EDM::Local::7;279_1_Hl2.root::1::EDM::Local::8;249_1_qKF.root::1::EDM::Local::9;298_1_Y9T.root::1::EDM::Local::10;239_1_gmn.root::1::EDM::Local::11;
Popularity stop
Extracted ExitStatus from FrameworkJobReport parsing output: 0
>>> Executable succeded  0
ExeExitCode=0
EXECUTABLE_EXIT_STATUS = 0
>>> current directory /home/cms016/home_crce1_496299620/CREAM496299620/glide_a13675/execute/dir_7411/CMSSW_5_3_5
>>>  (SOFTWARE_DIR): /home/cms016/home_crce1_496299620/CREAM496299620/glide_a13675/execute/dir_7411/CMSSW_5_3_5
>>> (WORKING_DIR): 
>>> current directory content:
total 156
drwxr-xr-x 3 cms016 cms  4096 Nov 27 03:14 .SCRAM
-rw-r--r-- 1 cms016 cms 30066 Nov 27 03:14 CMSSW.py.pkl
drwxr-xr-x 3 cms016 cms  4096 Nov 27 03:14 bin
drwxr-xr-x 3 cms016 cms  4096 Nov 27 03:14 cfipython
drwxr-xr-x 5 cms016 cms  4096 Nov 27 03:14 config
-rw-r--r-- 1 cms016 cms    16 Nov 27 03:19 cpu_timing.txt
drwxr-xr-x 2 cms016 cms  4096 Nov 27 03:14 doc
-rw-r--r-- 1 cms016 cms  9752 Nov 27 03:19 executable.out
drwxr-xr-x 2 cms016 cms  4096 Nov 27 03:14 include
drwxrwxrwx 3 cms016 cms  4096 Oct 22 16:38 lib
drwxr-xr-x 3 cms016 cms  4096 Nov 27 03:14 logs
drwxr-xr-x 3 cms016 cms  4096 Nov 27 03:14 objs
-rw-r--r-- 1 cms016 cms 20755 Nov 27 03:19 optHistograms.root
-rw-r--r-- 1 cms016 cms   104 Nov 27 03:14 pset.py
-rw-r--r-- 1 cms016 cms 20394 Nov 27 03:14 pset.py.pkl
-rw-r--r-- 1 cms016 cms   289 Nov 27 03:14 pset.pyc
drwxr-xr-x 2 cms016 cms  4096 Nov 27 03:14 python
-rw-r--r-- 1 cms016 cms   420 Nov 27 03:19 report.log
drwxrwxrwx 4 cms016 cms  4096 Nov 27 03:14 src
drwxr-xr-x 3 cms016 cms  4096 Nov 27 03:14 test
drwxr-xr-x 3 cms016 cms  4096 Nov 27 03:14 tmp
>>> current directory /home/cms016/home_crce1_496299620/CREAM496299620/glide_a13675/execute/dir_7411/CMSSW_5_3_5
>>> (SOFTWARE_DIR): /home/cms016/home_crce1_496299620/CREAM496299620/glide_a13675/execute/dir_7411/CMSSW_5_3_5
>>> (WORKING_DIR): 
>>> current directory content:
total 132
drwxr-xr-x 3 cms016 cms  4096 Nov 27 03:14 .SCRAM
-rw-r--r-- 1 cms016 cms 30066 Nov 27 03:14 CMSSW.py.pkl
drwxr-xr-x 3 cms016 cms  4096 Nov 27 03:14 bin
drwxr-xr-x 3 cms016 cms  4096 Nov 27 03:14 cfipython
drwxr-xr-x 5 cms016 cms  4096 Nov 27 03:14 config
-rw-r--r-- 1 cms016 cms    16 Nov 27 03:19 cpu_timing.txt
drwxr-xr-x 2 cms016 cms  4096 Nov 27 03:14 doc
-rw-r--r-- 1 cms016 cms  9752 Nov 27 03:19 executable.out
drwxr-xr-x 2 cms016 cms  4096 Nov 27 03:14 include
drwxrwxrwx 3 cms016 cms  4096 Oct 22 16:38 lib
drwxr-xr-x 3 cms016 cms  4096 Nov 27 03:14 logs
drwxr-xr-x 3 cms016 cms  4096 Nov 27 03:14 objs
-rw-r--r-- 1 cms016 cms   104 Nov 27 03:14 pset.py
-rw-r--r-- 1 cms016 cms 20394 Nov 27 03:14 pset.py.pkl
-rw-r--r-- 1 cms016 cms   289 Nov 27 03:14 pset.pyc
drwxr-xr-x 2 cms016 cms  4096 Nov 27 03:14 python
-rw-r--r-- 1 cms016 cms   420 Nov 27 03:19 report.log
drwxrwxrwx 4 cms016 cms  4096 Nov 27 03:14 src
drwxr-xr-x 3 cms016 cms  4096 Nov 27 03:14 test
drwxr-xr-x 3 cms016 cms  4096 Nov 27 03:14 tmp
>>> current directory (RUNTIME_AREA):  /home/cms016/home_crce1_496299620/CREAM496299620/glide_a13675/execute/dir_7411
>>> current dir: /home/cms016/home_crce1_496299620/CREAM496299620/glide_a13675/execute/dir_7411
>>> current dir content:
total 25868
-rw-rw-rw-  1 cms016 cms     5600 Nov 27 03:14 .job.ad
-rw-rw-rw-  1 cms016 cms    11431 Nov 27 03:14 .machine.ad
-rw-rw-rw-  1 cms016 cms      105 Nov 27 01:48 CMSSW.py
-rw-rw-rw-  1 cms016 cms    30066 Nov 27 01:48 CMSSW.py.pkl
-rwxrw-rw-  1 cms016 cms    23331 Nov 27 03:14 CMSSW.sh
-rw-rw-rw-  1 cms016 cms        0 Nov 27 03:14 CMSSW_34.stderr
-rw-rw-rw-  1 cms016 cms    23223 Nov 27 03:20 CMSSW_34.stdout
drwxr-xr-x 15 cms016 cms     4096 Nov 27 03:20 CMSSW_5_3_5
-rw-r--r--  1 cms016 cms      346 Nov 27 03:14 CacheEnv.sh
-rw-rw-rw-  1 cms016 cms     7291 Jun  9  2010 DashboardAPI.py
-rw-r--r--  1 cms016 cms     6868 Nov 27 03:14 DashboardAPI.pyc
drwxrwxrwx  3 cms016 cms     4096 Nov 27 03:20 IMProv
-rw-rw-rw-  1 cms016 cms     2748 Mar  8  2006 Logger.py
-rw-r--r--  1 cms016 cms     3348 Nov 27 03:14 Logger.pyc
-rw-rw-rw-  1 cms016 cms    24524 Mar 28  2008 ProcInfo.py
-rw-r--r--  1 cms016 cms    23446 Nov 27 03:14 ProcInfo.pyc
drwxrwxrwx  7 cms016 cms     4096 Nov 27 03:14 ProdCommon
drwxrwxrwx  3 cms016 cms     4096 Nov 27 03:14 WMCore
-rw-r--r--  1 cms016 cms     1546 Nov 27 03:20 Watchdog_34.log
-rw-rw-rw-  1 cms016 cms    32895 Mar 28  2008 apmon.py
-rw-r--r--  1 cms016 cms    28845 Nov 27 03:14 apmon.pyc
-rw-rw-rw-  1 cms016 cms   177706 Nov 27 03:14 arguments.xml
-rwxrwxrwx  1 cms016 cms    37427 Sep 13 14:14 cmscp.py
-rwxrwxrwx  1 cms016 cms    23331 Nov 27 03:14 condor_exec.exe
-rw-rw-rw-  1 cms016 cms      541 Nov 27 01:47 crab.cfg
-rwxrwxrwx  1 cms016 cms     9531 Sep 20 21:46 crabWatchdog.sh
-rw-r--r--  1 cms016 cms    51328 Nov 27 03:19 crab_fjr_34.xml
-rw-rw-rw-  1 cms016 cms 25796231 Nov 27 03:14 default.tgz
-rwxrwxrwx  1 cms016 cms     4488 May 12  2012 fillCrabFjr.py
-rw-r--r--  1 cms016 cms     1774 Nov 27 03:14 inputsReport.txt
-rw-r--r--  1 cms016 cms      132 Nov 27 03:20 jobreport.txt
lrwxrwxrwx  1 cms016 cms      106 Nov 27 03:20 optHistograms.root -> /home/cms016/home_crce1_496299620/CREAM496299620/glide_a13675/execute/dir_7411/optHistograms_34_1_emh.root
-rw-r--r--  1 cms016 cms    20755 Nov 27 03:19 optHistograms_34_1_emh.root
-rw-rw-rw-  1 cms016 cms    17352 Jan 20  2012 parseCrabFjr.py
-rw-r--r--  1 cms016 cms      285 Nov 27 03:14 report.log
-rwxrwxrwx  1 cms016 cms     1497 May 27  2009 report.py
-rwxrwxrwx  1 cms016 cms     8387 Mar 23  2011 writeCfg.py
-rw-------  1 cms016 cms     8691 Nov 27 03:14 x509up_u1000009
Checking output files:  
will tar file optHistograms_34_1_emh.root in  out_files_34
will tar file crab_fjr_34.xml in  out_files_34
will tar file CMSSW_34.stdout in  out_files_34
will tar file CMSSW_34.stderr in  out_files_34
WARNING: output file Watchdog_34.log.gz not found!
>>> padding time: Sleeping the wrapper for 221 seconds
STOPPING WATCHDOG. CrabWatchdog PID is 11919
********** LAST 50 LINES OF WATCHDOG LOG
# RESOURCE USAGE SUMMARY FOR PROCESS ID  9135
USER       PID %CPU %MEM    VSZ   RSS TTY      STAT START   TIME COMMAND
cms016    9135  0.4  0.0   8956  1484 ?        R    03:14   0:00 /bin/sh /home/cms016/home_crce1_496299620/CREAM496299620/glide_a13675/execute/dir_7411/condor_exec.exe 34 1
 
# LIMITS USED BY THIS WATCHDOG:
# RSS  (KBytes)  : 2300000
# VSZ  (KBytes)  : 100000000
# DISK (MBytes)  : 19000
# CPU  (seconds) : 171600
# WALL (seconds) : 171600
 
# FOLLOWING PRINTOUT TRACKS MAXIMUM VALUES OF RESOURCES USE
# ONE LINE IS PRINTED EACH TIME A MAXIMUM CHANGES
# IF CHANGE WAS IN RSS OR VSZ ALSO PROCID AND COMMAND ARE PRINTED
# THERE IS NO PRINTOUT FOR CPU/WALL TIME INCREASE
 
# TIME			PID	RSS(KB)	VSZ(KB)	Dsk(MB)	tCPU(s)	tWALL(s)	COMMAND
 Nov 27 03:14:28 EET	7411	5384	9372	0	0	29	condor_starter -f submit-2.t2.ucsd.edu       
 Nov 27 03:14:28 EET	11930	21956	81860	0	0	2	edmConfigHash pset.py        
 Nov 27 03:14:28 EET	---	21956	81860	168	----	----	----
 Nov 27 03:15:37 EET	18098	42264	112864	168	11	47	cmsRun -j /home/cms016/home_crce1_496299620/CREAM496299620/glide_a13675/execute/dir_7411/crab_fjr_34.xml -p pset.py     
 Nov 27 03:16:44 EET	18098	351892	551016	168	41	115	cmsRun -j /home/cms016/home_crce1_496299620/CREAM496299620/glide_a13675/execute/dir_7411/crab_fjr_34.xml -p pset.py     
 Nov 27 03:17:52 EET	18098	352428	552040	168	66	181	cmsRun -j /home/cms016/home_crce1_496299620/CREAM496299620/glide_a13675/execute/dir_7411/crab_fjr_34.xml -p pset.py     
 Nov 27 03:20:05 EET	---	352428	552040	169	----	----	----
********** WATCHDOG LOG ENDED
ZIPPING WATCHDOG LOG
Disk space used:
du -sh /home/cms016/home_crce1_496299620/CREAM496299620/glide_a13675/execute/dir_7411
169M	/home/cms016/home_crce1_496299620/CREAM496299620/glide_a13675/execute/dir_7411
>>> info for dashboard:
***** Cat /home/cms016/home_crce1_496299620/CREAM496299620/glide_a13675/execute/dir_7411/jobreport.txt *****
MonitorJobID=34_https://submit-2.t2.ucsd.edu//121127//17542.33
MonitorID=liis_crab_0_121127_014711_7us61f
ExeTime=298
ExeExitCode=0
CrabUserCpuTime=89.59
CrabSysCpuTime=15.50
CrabCpuPercentage=35%
CrabWrapperTime=600
CrabStageoutTime=NULL
***** End Cat jobreport *****
Parameters sent to Dashboard.
optHistograms_34_1_emh.root
crab_fjr_34.xml
CMSSW_34.stdout
CMSSW_34.stderr
Watchdog_34.log.gz
tar: .BrokerInfo: Cannot stat: No such file or directory
tar: Error exit delayed from previous errors
Total Output dimension: 26868
WARNING: output files size limit is set to: 50000000
Total Output dimension 26868 is fine.
JOB_EXIT_STATUS = 0
>>> info for dashboard:
***** Cat /home/cms016/home_crce1_496299620/CREAM496299620/glide_a13675/execute/dir_7411/jobreport.txt *****
MonitorJobID=34_https://submit-2.t2.ucsd.edu//121127//17542.33
MonitorID=liis_crab_0_121127_014711_7us61f
JobExitCode=0
***** End Cat jobreport *****
Parameters sent to Dashboard.
optHistograms_34_1_emh.root
crab_fjr_34.xml
