This script was generated by crab (version 2.8.3).
Running /home/cms064/home_crmrs_023094184/CREAM023094184/glide_N25132/execute/dir_13436/condor_exec.exe with 2 positional parameters: 68 1
Today is Tue Nov 27 03:19:31 EET 2012
Job submitted on host wn-v-6140.local
Linux wn-v-6140.local 2.6.32-042stab059.7 #1 SMP Tue Jul 24 19:12:01 MSK 2012 x86_64 x86_64 x86_64 GNU/Linux
>>> current directory (RUNTIME_AREA): /home/cms064/home_crmrs_023094184/CREAM023094184/glide_N25132/execute/dir_13436
>>> current user: uid=11064(cms064) gid=1400(cms) groups=1400(cms)
>>> voms proxy information:
subject   : /DC=ch/DC=cern/OU=Organic Units/OU=Users/CN=liis/CN=663550/CN=Liis Rebane/CN=proxy/CN=limited proxy
issuer    : /DC=ch/DC=cern/OU=Organic Units/OU=Users/CN=liis/CN=663550/CN=Liis Rebane/CN=proxy
identity  : /DC=ch/DC=cern/OU=Organic Units/OU=Users/CN=liis/CN=663550/CN=Liis Rebane/CN=proxy
type      : limited proxy
strength  : 512 bits
path      : /home/cms064/home_crmrs_023094184/CREAM023094184/glide_N25132/execute/dir_13436/x509up_u1000009
timeleft  : 23:59:54
key usage : Digital Signature, Key Encipherment, Data Encipherment
=== VO cms extension information ===
VO        : cms
subject   : /DC=ch/DC=cern/OU=Organic Units/OU=Users/CN=liis/CN=663550/CN=Liis Rebane
issuer    : /DC=ch/DC=cern/OU=computers/CN=lcg-voms.cern.ch
attribute : /cms/Role=NULL/Capability=NULL
timeleft  : 190:06:06
uri       : lcg-voms.cern.ch:15002
>>> tar xzf /home/cms064/home_crmrs_023094184/CREAM023094184/glide_N25132/execute/dir_13436/default.tgz :
Successful untar
>>> Include /home/cms064/home_crmrs_023094184/CREAM023094184/glide_N25132/execute/dir_13436 in PYTHONPATH:
strip arguments
env var CRAB_UNIQUE_JOB_ID set to: liis_crab_0_121127_014711_7us61f_68_1_emV
out_files_68
>>> list of expected files on output sandbox
output files: optHistograms_68_1_emV.root crab_fjr_68.xml CMSSW_68.stdout CMSSW_68.stderr Watchdog_68.log.gz
>>> GridFlavour discovery: 
GridFlavour=LCG
>>> SyncSite discovery: 
SyncSite=T2_EE_Estonia
>>> SyncCE discovery: 
getting SyncCE from CE_ID
SyncCE=mars.hep.kbfi.ee:8443/cream-pbs-long
>>> info for dashboard:
***** Cat /home/cms064/home_crmrs_023094184/CREAM023094184/glide_N25132/execute/dir_13436/jobreport.txt *****
MonitorJobID=68_https://submit-2.t2.ucsd.edu//121127//17542.67
SyncGridJobId=https://submit-2.t2.ucsd.edu//121127//17542.67
MonitorID=liis_crab_0_121127_014711_7us61f
GridFlavour=LCG
SyncSite=T2_EE_Estonia
SyncCE=mars.hep.kbfi.ee:8443/cream-pbs-long
***** End Cat jobreport *****
Parameters sent to Dashboard.
>>> setup environment
set SCRAM ARCH to slc5_amd64_gcc462
SCRAM_ARCH = slc5_amd64_gcc462
>>> setup CMS LCG environment:
set SCRAM ARCH and BUILD_ARCH to slc5_amd64_gcc462 ###
Sourcing environment... 
sourcing /cvmfs/cms.cern.ch/cmsset_default.sh
==> setup cms environment ok
>>> specific cmssw setup environment:
CMSSW_VERSION =  CMSSW_5_3_5
>>> current directory (SOFTWARE_DIR): /home/cms064/home_crmrs_023094184/CREAM023094184/glide_N25132/execute/dir_13436/CMSSW_5_3_5
PreserveSeeds: <>
IncrementSeeds:<>
{}
WNHostName=wn-v-6140.local
>>> info for dashboard:
***** Cat /home/cms064/home_crmrs_023094184/CREAM023094184/glide_N25132/execute/dir_13436/jobreport.txt *****
MonitorJobID=68_https://submit-2.t2.ucsd.edu//121127//17542.67
MonitorID=liis_crab_0_121127_014711_7us61f
WNHostName=wn-v-6140.local
***** End Cat jobreport *****
Parameters sent to Dashboard.
crabWatchdog started as process 21820
>>> moving CMSSW software directories in /home/cms064/home_crmrs_023094184/CREAM023094184/glide_N25132/execute/dir_13436/CMSSW_5_3_5
mv: cannot stat `/home/cms064/home_crmrs_023094184/CREAM023094184/glide_N25132/execute/dir_13436/module/': No such file or directory
>>> Include /home/cms064/home_crmrs_023094184/CREAM023094184/glide_N25132/execute/dir_13436 in PYTHONPATH:
PYTHONPATH=/home/cms064/home_crmrs_023094184/CREAM023094184/glide_N25132/execute/dir_13436/:/home/cms064/home_crmrs_023094184/CREAM023094184/glide_N25132/execute/dir_13436/CMSSW_5_3_5/python:/home/cms064/home_crmrs_023094184/CREAM023094184/glide_N25132/execute/dir_13436/CMSSW_5_3_5/lib/slc5_amd64_gcc462:/cvmfs/cms.cern.ch/slc5_amd64_gcc462/cms/cmssw/CMSSW_5_3_5/python:/cvmfs/cms.cern.ch/slc5_amd64_gcc462/cms/cmssw/CMSSW_5_3_5/lib/slc5_amd64_gcc462:/cvmfs/cms.cern.ch/slc5_amd64_gcc462/cms/coral/CORAL_2_3_21-cms27/slc5_amd64_gcc462/python:/cvmfs/cms.cern.ch/slc5_amd64_gcc462/cms/coral/CORAL_2_3_21-cms27/slc5_amd64_gcc462/lib:/cvmfs/cms.cern.ch/slc5_amd64_gcc462/external/pyqt/4.8.1/lib/python2.6/site-packages:/cvmfs/cms.cern.ch/slc5_amd64_gcc462/external/py2-scipy/0.8.0/lib/python2.6/site-packages:/cvmfs/cms.cern.ch/slc5_amd64_gcc462/external/py2-matplotlib/1.0.1/lib/python2.6/site-packages:/cvmfs/cms.cern.ch/slc5_amd64_gcc462/external/python-ldap/2.3.5/lib/python2.6/site-packages:/cvmfs/cms.cern.ch/slc5_amd64_gcc462/external/sip/4.11.2/lib/python2.6/site-packages:/cvmfs/cms.cern.ch/slc5_amd64_gcc462/external/py2-pycurl/7.19.0/lib/python2.6/site-packages:/cvmfs/cms.cern.ch/slc5_amd64_gcc462/external/py2-numpy/1.6.1/lib/python2.6/site-packages:/cvmfs/cms.cern.ch/slc5_amd64_gcc462/external/py2-ipython/0.10/lib/python2.6/site-packages:/cvmfs/cms.cern.ch/slc5_amd64_gcc462/external/py2-cx-oracle/5.1-cms11/lib/python2.6/site-packages:/cvmfs/cms.cern.ch/slc5_amd64_gcc462/external/py2-cjson/1.0.5/lib/python2.6/site-packages:/cvmfs/cms.cern.ch/slc5_amd64_gcc462/cms/das-client/1.4.1-cms8/bin:/cvmfs/cms.cern.ch/slc5_amd64_gcc462/external/elementtree/1.2.6/share/lib/python2.6/site-packages:/cvmfs/cms.cern.ch/slc5_amd64_gcc462/external/rivet/1.5.1-cms10/lib/python2.6/site-packages:/cvmfs/cms.cern.ch/slc5_amd64_gcc462/external/pyminuit2/0.0.1-cms34/lib/python2.6/site-packages:/cvmfs/cms.cern.ch/slc5_amd64_gcc462/external/professor/1.0.0-cms35/lib/python2.6/site-packages:/cvmfs/cms.cern.ch/slc5_amd64_gcc462/lcg/root/5.32.00-cms18/lib:/cvmfs/cms.cern.ch/slc5_amd64_gcc462/cms/dbs-client/DBS_2_1_1_patch1_1/lib:/cvmfs/cms.cern.ch/slc5_amd64_gcc462/cms/dbs-client/DBS_2_1_1_patch1_1/lib/DBSAPI:/home/cms064/home_crmrs_023094184/CREAM023094184/glide_N25132/execute/dir_13436/
241a2a19cb7c5c8751ba22759ab3bdb0
PSETHASH = 241a2a19cb7c5c8751ba22759ab3bdb0
/home/cms064/home_crmrs_023094184/CREAM023094184/glide_N25132/execute/dir_13436/writeCfg.py pset.py pset.py
Importing .py file
Setting parameters
inputBlocks=/Tbar_t-channel_TuneZ2star_8TeV-powheg-tauola/mario-Summer12-stop-pfele-step1-08612d4202e480038f4d455e921715e5/USER#46a619e1-5ef6-4d18-a30c-655e09e9469b
inputFiles=/store/user/mario/Tbar_t-channel_TuneZ2star_8TeV-powheg-tauola/Summer12-stop-pfele-step1/08612d4202e480038f4d455e921715e5/tuple_932_2_wel.root;/store/user/mario/Tbar_t-channel_TuneZ2star_8TeV-powheg-tauola/Summer12-stop-pfele-step1/08612d4202e480038f4d455e921715e5/tuple_937_1_2p7.root;/store/user/mario/Tbar_t-channel_TuneZ2star_8TeV-powheg-tauola/Summer12-stop-pfele-step1/08612d4202e480038f4d455e921715e5/tuple_938_2_qX2.root;/store/user/mario/Tbar_t-channel_TuneZ2star_8TeV-powheg-tauola/Summer12-stop-pfele-step1/08612d4202e480038f4d455e921715e5/tuple_13_1_Fsx.root;/store/user/mario/Tbar_t-channel_TuneZ2star_8TeV-powheg-tauola/Summer12-stop-pfele-step1/08612d4202e480038f4d455e921715e5/tuple_14_2_ceu.root;/store/user/mario/Tbar_t-channel_TuneZ2star_8TeV-powheg-tauola/Summer12-stop-pfele-step1/08612d4202e480038f4d455e921715e5/tuple_17_2_BHA.root;/store/user/mario/Tbar_t-channel_TuneZ2star_8TeV-powheg-tauola/Summer12-stop-pfele-step1/08612d4202e480038f4d455e921715e5/tuple_18_2_jcb.root;/store/user/mario/Tbar_t-channel_TuneZ2star_8TeV-powheg-tauola/Summer12-stop-pfele-step1/08612d4202e480038f4d455e921715e5/tuple_19_2_vDR.root;/store/user/mario/Tbar_t-channel_TuneZ2star_8TeV-powheg-tauola/Summer12-stop-pfele-step1/08612d4202e480038f4d455e921715e5/tuple_20_1_HeR.root;/store/user/mario/Tbar_t-channel_TuneZ2star_8TeV-powheg-tauola/Summer12-stop-pfele-step1/08612d4202e480038f4d455e921715e5/tuple_944_2_sXQ.root;/store/user/mario/Tbar_t-channel_TuneZ2star_8TeV-powheg-tauola/Summer12-stop-pfele-step1/08612d4202e480038f4d455e921715e5/tuple_941_1_HsW.root
parentFiles=
lumisRange=
>>> Executable cmsRun
/cvmfs/cms.cern.ch/slc5_amd64_gcc462/cms/cmssw/CMSSW_5_3_5/bin/slc5_amd64_gcc462/cmsRun
ok executable found
>>> info for dashboard:
***** Cat /home/cms064/home_crmrs_023094184/CREAM023094184/glide_N25132/execute/dir_13436/jobreport.txt *****
MonitorJobID=68_https://submit-2.t2.ucsd.edu//121127//17542.67
MonitorID=liis_crab_0_121127_014711_7us61f
ExeStart=cmsRun
***** End Cat jobreport *****
Parameters sent to Dashboard.
>>> cmsRun started at Tue Nov 27 01:20:13 UTC 2012
>>> cmsRun ended at Tue Nov 27 01:22:58 UTC 2012
>>> info for dashboard:
***** Cat /home/cms064/home_crmrs_023094184/CREAM023094184/glide_N25132/execute/dir_13436/jobreport.txt *****
MonitorJobID=68_https://submit-2.t2.ucsd.edu//121127//17542.67
MonitorID=liis_crab_0_121127_014711_7us61f
ExeEnd=cmsRun
***** End Cat jobreport *****
Parameters sent to Dashboard.
TIME_EXE = 165 sec
>>> cmsRun wrote 71 lines of stdout+stderr
>>> START OF printout of 71 lines from stdout+stderr
27-Nov-2012 03:20:41 EET  Initiating request to open file file:/hdfs/cms/store/user/mario/Tbar_t-channel_TuneZ2star_8TeV-powheg-tauola/Summer12-stop-pfele-step1/08612d4202e480038f4d455e921715e5/tuple_932_2_wel.root
27-Nov-2012 03:20:49 EET  Successfully opened file file:/hdfs/cms/store/user/mario/Tbar_t-channel_TuneZ2star_8TeV-powheg-tauola/Summer12-stop-pfele-step1/08612d4202e480038f4d455e921715e5/tuple_932_2_wel.root
Begin processing the 1st record. Run 1, Event 1544734, LumiSection 5151 at 27-Nov-2012 03:20:58.259 EET
27-Nov-2012 03:21:06 EET  Closed file file:/hdfs/cms/store/user/mario/Tbar_t-channel_TuneZ2star_8TeV-powheg-tauola/Summer12-stop-pfele-step1/08612d4202e480038f4d455e921715e5/tuple_932_2_wel.root
27-Nov-2012 03:21:06 EET  Initiating request to open file file:/hdfs/cms/store/user/mario/Tbar_t-channel_TuneZ2star_8TeV-powheg-tauola/Summer12-stop-pfele-step1/08612d4202e480038f4d455e921715e5/tuple_937_1_2p7.root
27-Nov-2012 03:21:06 EET  Successfully opened file file:/hdfs/cms/store/user/mario/Tbar_t-channel_TuneZ2star_8TeV-powheg-tauola/Summer12-stop-pfele-step1/08612d4202e480038f4d455e921715e5/tuple_937_1_2p7.root
Begin processing the 1001st record. Run 1, Event 1763006, LumiSection 5878 at 27-Nov-2012 03:21:12.911 EET
Begin processing the 2001st record. Run 1, Event 1778129, LumiSection 5929 at 27-Nov-2012 03:21:15.900 EET
27-Nov-2012 03:21:17 EET  Closed file file:/hdfs/cms/store/user/mario/Tbar_t-channel_TuneZ2star_8TeV-powheg-tauola/Summer12-stop-pfele-step1/08612d4202e480038f4d455e921715e5/tuple_937_1_2p7.root
27-Nov-2012 03:21:17 EET  Initiating request to open file file:/hdfs/cms/store/user/mario/Tbar_t-channel_TuneZ2star_8TeV-powheg-tauola/Summer12-stop-pfele-step1/08612d4202e480038f4d455e921715e5/tuple_938_2_qX2.root
27-Nov-2012 03:21:18 EET  Successfully opened file file:/hdfs/cms/store/user/mario/Tbar_t-channel_TuneZ2star_8TeV-powheg-tauola/Summer12-stop-pfele-step1/08612d4202e480038f4d455e921715e5/tuple_938_2_qX2.root
Begin processing the 3001st record. Run 1, Event 1784248, LumiSection 5949 at 27-Nov-2012 03:21:23.426 EET
Begin processing the 4001st record. Run 1, Event 1809567, LumiSection 6033 at 27-Nov-2012 03:21:26.492 EET
27-Nov-2012 03:21:28 EET  Closed file file:/hdfs/cms/store/user/mario/Tbar_t-channel_TuneZ2star_8TeV-powheg-tauola/Summer12-stop-pfele-step1/08612d4202e480038f4d455e921715e5/tuple_938_2_qX2.root
27-Nov-2012 03:21:28 EET  Initiating request to open file file:/hdfs/cms/store/user/mario/Tbar_t-channel_TuneZ2star_8TeV-powheg-tauola/Summer12-stop-pfele-step1/08612d4202e480038f4d455e921715e5/tuple_13_1_Fsx.root
27-Nov-2012 03:21:28 EET  Successfully opened file file:/hdfs/cms/store/user/mario/Tbar_t-channel_TuneZ2star_8TeV-powheg-tauola/Summer12-stop-pfele-step1/08612d4202e480038f4d455e921715e5/tuple_13_1_Fsx.root
Begin processing the 5001st record. Run 1, Event 940698, LumiSection 3136 at 27-Nov-2012 03:21:33.273 EET
Begin processing the 6001st record. Run 1, Event 1018120, LumiSection 3395 at 27-Nov-2012 03:21:36.703 EET
27-Nov-2012 03:21:38 EET  Closed file file:/hdfs/cms/store/user/mario/Tbar_t-channel_TuneZ2star_8TeV-powheg-tauola/Summer12-stop-pfele-step1/08612d4202e480038f4d455e921715e5/tuple_13_1_Fsx.root
27-Nov-2012 03:21:38 EET  Initiating request to open file file:/hdfs/cms/store/user/mario/Tbar_t-channel_TuneZ2star_8TeV-powheg-tauola/Summer12-stop-pfele-step1/08612d4202e480038f4d455e921715e5/tuple_14_2_ceu.root
27-Nov-2012 03:21:38 EET  Successfully opened file file:/hdfs/cms/store/user/mario/Tbar_t-channel_TuneZ2star_8TeV-powheg-tauola/Summer12-stop-pfele-step1/08612d4202e480038f4d455e921715e5/tuple_14_2_ceu.root
Begin processing the 7001st record. Run 1, Event 1194641, LumiSection 3983 at 27-Nov-2012 03:21:44.808 EET
Begin processing the 8001st record. Run 1, Event 1393968, LumiSection 4648 at 27-Nov-2012 03:21:48.270 EET
27-Nov-2012 03:21:50 EET  Closed file file:/hdfs/cms/store/user/mario/Tbar_t-channel_TuneZ2star_8TeV-powheg-tauola/Summer12-stop-pfele-step1/08612d4202e480038f4d455e921715e5/tuple_14_2_ceu.root
27-Nov-2012 03:21:50 EET  Initiating request to open file file:/hdfs/cms/store/user/mario/Tbar_t-channel_TuneZ2star_8TeV-powheg-tauola/Summer12-stop-pfele-step1/08612d4202e480038f4d455e921715e5/tuple_17_2_BHA.root
27-Nov-2012 03:21:50 EET  Successfully opened file file:/hdfs/cms/store/user/mario/Tbar_t-channel_TuneZ2star_8TeV-powheg-tauola/Summer12-stop-pfele-step1/08612d4202e480038f4d455e921715e5/tuple_17_2_BHA.root
Begin processing the 9001st record. Run 1, Event 1853476, LumiSection 6180 at 27-Nov-2012 03:21:59.885 EET
Begin processing the 10001st record. Run 1, Event 656198, LumiSection 2188 at 27-Nov-2012 03:22:03.158 EET
27-Nov-2012 03:22:04 EET  Closed file file:/hdfs/cms/store/user/mario/Tbar_t-channel_TuneZ2star_8TeV-powheg-tauola/Summer12-stop-pfele-step1/08612d4202e480038f4d455e921715e5/tuple_17_2_BHA.root
27-Nov-2012 03:22:04 EET  Initiating request to open file file:/hdfs/cms/store/user/mario/Tbar_t-channel_TuneZ2star_8TeV-powheg-tauola/Summer12-stop-pfele-step1/08612d4202e480038f4d455e921715e5/tuple_18_2_jcb.root
27-Nov-2012 03:22:05 EET  Successfully opened file file:/hdfs/cms/store/user/mario/Tbar_t-channel_TuneZ2star_8TeV-powheg-tauola/Summer12-stop-pfele-step1/08612d4202e480038f4d455e921715e5/tuple_18_2_jcb.root
Begin processing the 11001st record. Run 1, Event 1241814, LumiSection 4141 at 27-Nov-2012 03:22:09.769 EET
Begin processing the 12001st record. Run 1, Event 1444432, LumiSection 4816 at 27-Nov-2012 03:22:12.966 EET
27-Nov-2012 03:22:14 EET  Closed file file:/hdfs/cms/store/user/mario/Tbar_t-channel_TuneZ2star_8TeV-powheg-tauola/Summer12-stop-pfele-step1/08612d4202e480038f4d455e921715e5/tuple_18_2_jcb.root
27-Nov-2012 03:22:15 EET  Initiating request to open file file:/hdfs/cms/store/user/mario/Tbar_t-channel_TuneZ2star_8TeV-powheg-tauola/Summer12-stop-pfele-step1/08612d4202e480038f4d455e921715e5/tuple_19_2_vDR.root
27-Nov-2012 03:22:15 EET  Successfully opened file file:/hdfs/cms/store/user/mario/Tbar_t-channel_TuneZ2star_8TeV-powheg-tauola/Summer12-stop-pfele-step1/08612d4202e480038f4d455e921715e5/tuple_19_2_vDR.root
Begin processing the 13001st record. Run 1, Event 1617548, LumiSection 5393 at 27-Nov-2012 03:22:22.061 EET
Begin processing the 14001st record. Run 1, Event 1740085, LumiSection 5802 at 27-Nov-2012 03:22:25.288 EET
27-Nov-2012 03:22:27 EET  Closed file file:/hdfs/cms/store/user/mario/Tbar_t-channel_TuneZ2star_8TeV-powheg-tauola/Summer12-stop-pfele-step1/08612d4202e480038f4d455e921715e5/tuple_19_2_vDR.root
27-Nov-2012 03:22:27 EET  Initiating request to open file file:/hdfs/cms/store/user/mario/Tbar_t-channel_TuneZ2star_8TeV-powheg-tauola/Summer12-stop-pfele-step1/08612d4202e480038f4d455e921715e5/tuple_20_1_HeR.root
27-Nov-2012 03:22:27 EET  Successfully opened file file:/hdfs/cms/store/user/mario/Tbar_t-channel_TuneZ2star_8TeV-powheg-tauola/Summer12-stop-pfele-step1/08612d4202e480038f4d455e921715e5/tuple_20_1_HeR.root
Begin processing the 15001st record. Run 1, Event 1754005, LumiSection 5848 at 27-Nov-2012 03:22:33.614 EET
Begin processing the 16001st record. Run 1, Event 1974925, LumiSection 6585 at 27-Nov-2012 03:22:36.931 EET
27-Nov-2012 03:22:38 EET  Closed file file:/hdfs/cms/store/user/mario/Tbar_t-channel_TuneZ2star_8TeV-powheg-tauola/Summer12-stop-pfele-step1/08612d4202e480038f4d455e921715e5/tuple_20_1_HeR.root
27-Nov-2012 03:22:38 EET  Initiating request to open file file:/hdfs/cms/store/user/mario/Tbar_t-channel_TuneZ2star_8TeV-powheg-tauola/Summer12-stop-pfele-step1/08612d4202e480038f4d455e921715e5/tuple_944_2_sXQ.root
27-Nov-2012 03:22:39 EET  Successfully opened file file:/hdfs/cms/store/user/mario/Tbar_t-channel_TuneZ2star_8TeV-powheg-tauola/Summer12-stop-pfele-step1/08612d4202e480038f4d455e921715e5/tuple_944_2_sXQ.root
Begin processing the 17001st record. Run 1, Event 1951596, LumiSection 6507 at 27-Nov-2012 03:22:44.518 EET
Begin processing the 18001st record. Run 1, Event 1980221, LumiSection 6602 at 27-Nov-2012 03:22:47.833 EET
27-Nov-2012 03:22:50 EET  Closed file file:/hdfs/cms/store/user/mario/Tbar_t-channel_TuneZ2star_8TeV-powheg-tauola/Summer12-stop-pfele-step1/08612d4202e480038f4d455e921715e5/tuple_944_2_sXQ.root
27-Nov-2012 03:22:50 EET  Initiating request to open file file:/hdfs/cms/store/user/mario/Tbar_t-channel_TuneZ2star_8TeV-powheg-tauola/Summer12-stop-pfele-step1/08612d4202e480038f4d455e921715e5/tuple_941_1_HsW.root
27-Nov-2012 03:22:50 EET  Successfully opened file file:/hdfs/cms/store/user/mario/Tbar_t-channel_TuneZ2star_8TeV-powheg-tauola/Summer12-stop-pfele-step1/08612d4202e480038f4d455e921715e5/tuple_941_1_HsW.root
Begin processing the 19001st record. Run 1, Event 1895371, LumiSection 6319 at 27-Nov-2012 03:22:55.122 EET
27-Nov-2012 03:22:56 EET  Closed file file:/hdfs/cms/store/user/mario/Tbar_t-channel_TuneZ2star_8TeV-powheg-tauola/Summer12-stop-pfele-step1/08612d4202e480038f4d455e921715e5/tuple_941_1_HsW.root

=============================================

MessageLogger Summary

 type     category        sev    module        subroutine        count    total
 ---- -------------------- -- ---------------- ----------------  -----    -----
    1 fileAction           -s file_close                            11       11
    2 fileAction           -s file_open                             22       22

 type    category    Examples: run/evt        run/evt          run/evt
 ---- -------------------- ---------------- ---------------- ----------------
    1 fileAction           PostProcessEvent PostProcessEvent PostEndRun
    2 fileAction           pre-events       pre-events       PostProcessEvent

Severity    # Occurrences   Total Occurrences
--------    -------------   -----------------
System                 33                  33
>>> END OF printout of 71 lines from stdout+stderr
>>> Parse FrameworkJobReport crab_fjr.xml
Result of parsing the FrameworkJobReport crab_fjr.xml: Popularity start
lumisRange : 1::5875,5878,5921,5924,5926,5929-5930,5932::1;1::6365,6367,6500,6507,6597,6601-6602::2;1::1996,2179,2188,3536,3647,6095,6159,6180::3;1::1067,3172,5827,5848,5855,6578,6581,6585::4;1::6312,6319,6339,6342::5;1::5932,5949,5951,6033-6034,6055-6056::6;1::5147,5151-5152::7;1::3794,3983,4404,4406,4408,4648,4652,4654::8;1::3133,3136,3166,3379,3382,3395,3786,3794::9;1::4838,5393,5416-5417,5799,5802,5805,5827::10;1::3647,4120,4141,4155,4200,4816,4819,4838::11;
lumisParentRange : 
Basename : /store/user/mario/Tbar_t-channel_TuneZ2star_8TeV-powheg-tauola/Summer12-stop-pfele-step1/08612d4202e480038f4d455e921715e5/tuple_
BasenameParent : 
parentFiles : 
inputBlocks : /Tbar_t-channel_TuneZ2star_8TeV-powheg-tauola/mario-Summer12-stop-pfele-step1-08612d4202e480038f4d455e921715e5/USER#46a619e1-5ef6-4d18-a30c-655e09e9469b
inputFiles : 937_1_2p7.root::1::EDM::Local::1;944_2_sXQ.root::1::EDM::Local::2;17_2_BHA.root::1::EDM::Local::3;20_1_HeR.root::1::EDM::Local::4;941_1_HsW.root::1::EDM::Local::5;938_2_qX2.root::1::EDM::Local::6;932_2_wel.root::1::EDM::Local::7;14_2_ceu.root::1::EDM::Local::8;13_1_Fsx.root::1::EDM::Local::9;19_2_vDR.root::1::EDM::Local::10;18_2_jcb.root::1::EDM::Local::11;
Popularity stop
Extracted ExitStatus from FrameworkJobReport parsing output: 0
>>> Executable succeded  0
ExeExitCode=0
EXECUTABLE_EXIT_STATUS = 0
>>> current directory /home/cms064/home_crmrs_023094184/CREAM023094184/glide_N25132/execute/dir_13436/CMSSW_5_3_5
>>>  (SOFTWARE_DIR): /home/cms064/home_crmrs_023094184/CREAM023094184/glide_N25132/execute/dir_13436/CMSSW_5_3_5
>>> (WORKING_DIR): 
>>> current directory content:
total 156
drwxr-xr-x 3 cms064 cms  4096 Nov 27 03:19 .SCRAM
-rw-r--r-- 1 cms064 cms 30066 Nov 27 03:19 CMSSW.py.pkl
drwxr-xr-x 3 cms064 cms  4096 Nov 27 03:19 bin
drwxr-xr-x 3 cms064 cms  4096 Nov 27 03:19 cfipython
drwxr-xr-x 5 cms064 cms  4096 Nov 27 03:19 config
-rw-r--r-- 1 cms064 cms    15 Nov 27 03:22 cpu_timing.txt
drwxr-xr-x 2 cms064 cms  4096 Nov 27 03:19 doc
-rw-r--r-- 1 cms064 cms  9755 Nov 27 03:22 executable.out
drwxr-xr-x 2 cms064 cms  4096 Nov 27 03:19 include
drwxrwxrwx 3 cms064 cms  4096 Oct 22 16:38 lib
drwxr-xr-x 3 cms064 cms  4096 Nov 27 03:19 logs
drwxr-xr-x 3 cms064 cms  4096 Nov 27 03:19 objs
-rw-r--r-- 1 cms064 cms 20721 Nov 27 03:22 optHistograms.root
-rw-r--r-- 1 cms064 cms   104 Nov 27 03:20 pset.py
-rw-r--r-- 1 cms064 cms 20388 Nov 27 03:20 pset.py.pkl
-rw-r--r-- 1 cms064 cms   289 Nov 27 03:20 pset.pyc
drwxr-xr-x 2 cms064 cms  4096 Nov 27 03:19 python
-rw-r--r-- 1 cms064 cms   420 Nov 27 03:23 report.log
drwxrwxrwx 4 cms064 cms  4096 Nov 27 03:19 src
drwxr-xr-x 3 cms064 cms  4096 Nov 27 03:19 test
drwxr-xr-x 3 cms064 cms  4096 Nov 27 03:19 tmp
>>> current directory /home/cms064/home_crmrs_023094184/CREAM023094184/glide_N25132/execute/dir_13436/CMSSW_5_3_5
>>> (SOFTWARE_DIR): /home/cms064/home_crmrs_023094184/CREAM023094184/glide_N25132/execute/dir_13436/CMSSW_5_3_5
>>> (WORKING_DIR): 
>>> current directory content:
total 132
drwxr-xr-x 3 cms064 cms  4096 Nov 27 03:19 .SCRAM
-rw-r--r-- 1 cms064 cms 30066 Nov 27 03:19 CMSSW.py.pkl
drwxr-xr-x 3 cms064 cms  4096 Nov 27 03:19 bin
drwxr-xr-x 3 cms064 cms  4096 Nov 27 03:19 cfipython
drwxr-xr-x 5 cms064 cms  4096 Nov 27 03:19 config
-rw-r--r-- 1 cms064 cms    15 Nov 27 03:22 cpu_timing.txt
drwxr-xr-x 2 cms064 cms  4096 Nov 27 03:19 doc
-rw-r--r-- 1 cms064 cms  9755 Nov 27 03:22 executable.out
drwxr-xr-x 2 cms064 cms  4096 Nov 27 03:19 include
drwxrwxrwx 3 cms064 cms  4096 Oct 22 16:38 lib
drwxr-xr-x 3 cms064 cms  4096 Nov 27 03:19 logs
drwxr-xr-x 3 cms064 cms  4096 Nov 27 03:19 objs
-rw-r--r-- 1 cms064 cms   104 Nov 27 03:20 pset.py
-rw-r--r-- 1 cms064 cms 20388 Nov 27 03:20 pset.py.pkl
-rw-r--r-- 1 cms064 cms   289 Nov 27 03:20 pset.pyc
drwxr-xr-x 2 cms064 cms  4096 Nov 27 03:19 python
-rw-r--r-- 1 cms064 cms   420 Nov 27 03:23 report.log
drwxrwxrwx 4 cms064 cms  4096 Nov 27 03:19 src
drwxr-xr-x 3 cms064 cms  4096 Nov 27 03:19 test
drwxr-xr-x 3 cms064 cms  4096 Nov 27 03:19 tmp
>>> current directory (RUNTIME_AREA):  /home/cms064/home_crmrs_023094184/CREAM023094184/glide_N25132/execute/dir_13436
>>> current dir: /home/cms064/home_crmrs_023094184/CREAM023094184/glide_N25132/execute/dir_13436
>>> current dir content:
total 25864
-rw-rw-rw-  1 cms064 cms     5574 Nov 27 03:19 .job.ad
-rw-rw-rw-  1 cms064 cms    11237 Nov 27 03:19 .machine.ad
-rw-rw-rw-  1 cms064 cms      105 Nov 27 01:48 CMSSW.py
-rw-rw-rw-  1 cms064 cms    30066 Nov 27 01:48 CMSSW.py.pkl
-rwxrw-rw-  1 cms064 cms    23331 Nov 27 03:19 CMSSW.sh
drwxr-xr-x 15 cms064 cms     4096 Nov 27 03:23 CMSSW_5_3_5
-rw-rw-rw-  1 cms064 cms        0 Nov 27 03:19 CMSSW_68.stderr
-rw-rw-rw-  1 cms064 cms    23262 Nov 27 03:23 CMSSW_68.stdout
-rw-r--r--  1 cms064 cms      347 Nov 27 03:19 CacheEnv.sh
-rw-rw-rw-  1 cms064 cms     7291 Jun  9  2010 DashboardAPI.py
-rw-r--r--  1 cms064 cms     6883 Nov 27 03:19 DashboardAPI.pyc
drwxrwxrwx  3 cms064 cms     4096 Nov 27 03:23 IMProv
-rw-rw-rw-  1 cms064 cms     2748 Mar  8  2006 Logger.py
-rw-r--r--  1 cms064 cms     3353 Nov 27 03:19 Logger.pyc
-rw-rw-rw-  1 cms064 cms    24524 Mar 28  2008 ProcInfo.py
-rw-r--r--  1 cms064 cms    23470 Nov 27 03:19 ProcInfo.pyc
drwxrwxrwx  7 cms064 cms     4096 Nov 27 03:20 ProdCommon
drwxrwxrwx  3 cms064 cms     4096 Nov 27 03:19 WMCore
-rw-r--r--  1 cms064 cms     1921 Nov 27 03:22 Watchdog_68.log
-rw-rw-rw-  1 cms064 cms    32895 Mar 28  2008 apmon.py
-rw-r--r--  1 cms064 cms    28874 Nov 27 03:19 apmon.pyc
-rw-rw-rw-  1 cms064 cms   177706 Nov 27 03:19 arguments.xml
-rwxrwxrwx  1 cms064 cms    37427 Sep 13 14:14 cmscp.py
-rwxrwxrwx  1 cms064 cms    23331 Nov 27 03:19 condor_exec.exe
-rw-rw-rw-  1 cms064 cms      541 Nov 27 01:47 crab.cfg
-rwxrwxrwx  1 cms064 cms     9531 Sep 20 21:46 crabWatchdog.sh
-rw-r--r--  1 cms064 cms    51374 Nov 27 03:22 crab_fjr_68.xml
-rw-rw-rw-  1 cms064 cms 25796231 Nov 27 03:19 default.tgz
-rwxrwxrwx  1 cms064 cms     4488 May 12  2012 fillCrabFjr.py
-rw-r--r--  1 cms064 cms     1768 Nov 27 03:20 inputsReport.txt
-rw-r--r--  1 cms064 cms      132 Nov 27 03:23 jobreport.txt
lrwxrwxrwx  1 cms064 cms      107 Nov 27 03:23 optHistograms.root -> /home/cms064/home_crmrs_023094184/CREAM023094184/glide_N25132/execute/dir_13436/optHistograms_68_1_emV.root
-rw-r--r--  1 cms064 cms    20721 Nov 27 03:22 optHistograms_68_1_emV.root
-rw-rw-rw-  1 cms064 cms    17352 Jan 20  2012 parseCrabFjr.py
-rw-r--r--  1 cms064 cms      283 Nov 27 03:19 report.log
-rwxrwxrwx  1 cms064 cms     1497 May 27  2009 report.py
-rwxrwxrwx  1 cms064 cms     8387 Mar 23  2011 writeCfg.py
-rw-------  1 cms064 cms     8691 Nov 27 03:19 x509up_u1000009
Checking output files:  
will tar file optHistograms_68_1_emV.root in  out_files_68
will tar file crab_fjr_68.xml in  out_files_68
will tar file CMSSW_68.stdout in  out_files_68
will tar file CMSSW_68.stderr in  out_files_68
WARNING: output file Watchdog_68.log.gz not found!
>>> padding time: Sleeping the wrapper for 374 seconds
STOPPING WATCHDOG. CrabWatchdog PID is 21820
********** LAST 50 LINES OF WATCHDOG LOG
# RESOURCE USAGE SUMMARY FOR PROCESS ID 16374
USER       PID %CPU %MEM    VSZ   RSS TTY      STAT START   TIME COMMAND
cms064   16374  0.1  0.0   8956  1484 ?        S    03:19   0:00 /bin/sh /home/cms064/home_crmrs_023094184/CREAM023094184/glide_N25132/execute/dir_13436/condor_exec.exe 68 1
 
# LIMITS USED BY THIS WATCHDOG:
# RSS  (KBytes)  : 2300000
# VSZ  (KBytes)  : 100000000
# DISK (MBytes)  : 19000
# CPU  (seconds) : 171600
# WALL (seconds) : 171600
 
# FOLLOWING PRINTOUT TRACKS MAXIMUM VALUES OF RESOURCES USE
# ONE LINE IS PRINTED EACH TIME A MAXIMUM CHANGES
# IF CHANGE WAS IN RSS OR VSZ ALSO PROCID AND COMMAND ARE PRINTED
# THERE IS NO PRINTOUT FOR CPU/WALL TIME INCREASE
 
# TIME			PID	RSS(KB)	VSZ(KB)	Dsk(MB)	tCPU(s)	tWALL(s)	COMMAND
 Nov 27 03:19:55 EET	3957	1348	8816	0	0	877	/bin/bash /home/cms064/home_crmrs_023094184/CREAM023094184/glide_N25132/main/condor_startup.sh glidein_config       
 Nov 27 03:19:55 EET	4587	5964	9624	0	0	877	/home/cms064/home_crmrs_023094184/CREAM023094184/glide_N25132/main/condor/sbin/condor_master -f -pidfile /home/cms064/home_crmrs_023094184/CREAM023094184/glide_N25132/condor_master2.pid      
 Nov 27 03:19:55 EET	24665	5964	25504	0	0	904	perl -e ?use Socket;??sub send_notify {? $cream_url = "193.40.150.251:49152";die "No
 Nov 27 03:19:55 EET	---	5964	25504	168	----	----	----
 Nov 27 03:21:05 EET	4587	5988	25504	168	0	946	/home/cms064/home_crmrs_023094184/CREAM023094184/glide_N25132/main/condor/sbin/condor_master -f -pidfile /home/cms064/home_crmrs_023094184/CREAM023094184/glide_N25132/condor_master2.pid      
 Nov 27 03:21:05 EET	27842	351256	551016	168	18	60	cmsRun -j /home/cms064/home_crmrs_023094184/CREAM023094184/glide_N25132/execute/dir_13436/crab_fjr_68.xml -p pset.py     
 Nov 27 03:22:14 EET	27842	352792	551784	168	58	128	cmsRun -j /home/cms064/home_crmrs_023094184/CREAM023094184/glide_N25132/execute/dir_13436/crab_fjr_68.xml -p pset.py     
 Nov 27 03:23:22 EET	---	352792	551784	169	----	----	----
********** WATCHDOG LOG ENDED
ZIPPING WATCHDOG LOG
Disk space used:
du -sh /home/cms064/home_crmrs_023094184/CREAM023094184/glide_N25132/execute/dir_13436
169M	/home/cms064/home_crmrs_023094184/CREAM023094184/glide_N25132/execute/dir_13436
>>> info for dashboard:
***** Cat /home/cms064/home_crmrs_023094184/CREAM023094184/glide_N25132/execute/dir_13436/jobreport.txt *****
MonitorJobID=68_https://submit-2.t2.ucsd.edu//121127//17542.67
MonitorID=liis_crab_0_121127_014711_7us61f
ExeTime=165
ExeExitCode=0
CrabUserCpuTime=75.49
CrabSysCpuTime=6.31
CrabCpuPercentage=49%
CrabWrapperTime=600
CrabStageoutTime=NULL
***** End Cat jobreport *****
Parameters sent to Dashboard.
optHistograms_68_1_emV.root
crab_fjr_68.xml
CMSSW_68.stdout
CMSSW_68.stderr
Watchdog_68.log.gz
tar: .BrokerInfo: Cannot stat: No such file or directory
tar: Error exit delayed from previous errors
Total Output dimension: 27135
WARNING: output files size limit is set to: 50000000
Total Output dimension 27135 is fine.
JOB_EXIT_STATUS = 0
>>> info for dashboard:
***** Cat /home/cms064/home_crmrs_023094184/CREAM023094184/glide_N25132/execute/dir_13436/jobreport.txt *****
MonitorJobID=68_https://submit-2.t2.ucsd.edu//121127//17542.67
MonitorID=liis_crab_0_121127_014711_7us61f
JobExitCode=0
***** End Cat jobreport *****
Parameters sent to Dashboard.
optHistograms_68_1_emV.root
crab_fjr_68.xml
