This script was generated by crab (version 2.8.3).
Running /home/cms064/home_crmrs_854043220/CREAM854043220/glide_l30409/execute/dir_19377/condor_exec.exe with 2 positional parameters: 97 1
Today is Tue Nov 27 03:19:37 EET 2012
Job submitted on host wn-v-6572.local
Linux wn-v-6572.local 2.6.32-042stab059.7 #1 SMP Tue Jul 24 19:12:01 MSK 2012 x86_64 x86_64 x86_64 GNU/Linux
>>> current directory (RUNTIME_AREA): /home/cms064/home_crmrs_854043220/CREAM854043220/glide_l30409/execute/dir_19377
>>> current user: uid=11064(cms064) gid=1400(cms) groups=1400(cms)
>>> voms proxy information:
subject   : /DC=ch/DC=cern/OU=Organic Units/OU=Users/CN=liis/CN=663550/CN=Liis Rebane/CN=proxy/CN=limited proxy
issuer    : /DC=ch/DC=cern/OU=Organic Units/OU=Users/CN=liis/CN=663550/CN=Liis Rebane/CN=proxy
identity  : /DC=ch/DC=cern/OU=Organic Units/OU=Users/CN=liis/CN=663550/CN=Liis Rebane/CN=proxy
type      : limited proxy
strength  : 512 bits
path      : /home/cms064/home_crmrs_854043220/CREAM854043220/glide_l30409/execute/dir_19377/x509up_u1000009
timeleft  : 23:59:54
key usage : Digital Signature, Key Encipherment, Data Encipherment
=== VO cms extension information ===
VO        : cms
subject   : /DC=ch/DC=cern/OU=Organic Units/OU=Users/CN=liis/CN=663550/CN=Liis Rebane
issuer    : /DC=ch/DC=cern/OU=computers/CN=lcg-voms.cern.ch
attribute : /cms/Role=NULL/Capability=NULL
timeleft  : 190:06:00
uri       : lcg-voms.cern.ch:15002
>>> tar xzf /home/cms064/home_crmrs_854043220/CREAM854043220/glide_l30409/execute/dir_19377/default.tgz :
Successful untar
>>> Include /home/cms064/home_crmrs_854043220/CREAM854043220/glide_l30409/execute/dir_19377 in PYTHONPATH:
strip arguments
env var CRAB_UNIQUE_JOB_ID set to: liis_crab_0_121127_014711_7us61f_97_1_Txe
out_files_97
>>> list of expected files on output sandbox
output files: optHistograms_97_1_Txe.root crab_fjr_97.xml CMSSW_97.stdout CMSSW_97.stderr Watchdog_97.log.gz
>>> GridFlavour discovery: 
GridFlavour=LCG
>>> SyncSite discovery: 
SyncSite=T2_EE_Estonia
>>> SyncCE discovery: 
getting SyncCE from CE_ID
SyncCE=mars.hep.kbfi.ee:8443/cream-pbs-long
>>> info for dashboard:
***** Cat /home/cms064/home_crmrs_854043220/CREAM854043220/glide_l30409/execute/dir_19377/jobreport.txt *****
MonitorJobID=97_https://submit-2.t2.ucsd.edu//121127//17542.96
SyncGridJobId=https://submit-2.t2.ucsd.edu//121127//17542.96
MonitorID=liis_crab_0_121127_014711_7us61f
GridFlavour=LCG
SyncSite=T2_EE_Estonia
SyncCE=mars.hep.kbfi.ee:8443/cream-pbs-long
***** End Cat jobreport *****
Parameters sent to Dashboard.
>>> setup environment
set SCRAM ARCH to slc5_amd64_gcc462
SCRAM_ARCH = slc5_amd64_gcc462
>>> setup CMS LCG environment:
set SCRAM ARCH and BUILD_ARCH to slc5_amd64_gcc462 ###
Sourcing environment... 
sourcing /cvmfs/cms.cern.ch/cmsset_default.sh
==> setup cms environment ok
>>> specific cmssw setup environment:
CMSSW_VERSION =  CMSSW_5_3_5
>>> current directory (SOFTWARE_DIR): /home/cms064/home_crmrs_854043220/CREAM854043220/glide_l30409/execute/dir_19377/CMSSW_5_3_5
PreserveSeeds: <>
IncrementSeeds:<>
{}
WNHostName=wn-v-6572.local
>>> info for dashboard:
***** Cat /home/cms064/home_crmrs_854043220/CREAM854043220/glide_l30409/execute/dir_19377/jobreport.txt *****
MonitorJobID=97_https://submit-2.t2.ucsd.edu//121127//17542.96
MonitorID=liis_crab_0_121127_014711_7us61f
WNHostName=wn-v-6572.local
***** End Cat jobreport *****
Parameters sent to Dashboard.
crabWatchdog started as process 23403
>>> moving CMSSW software directories in /home/cms064/home_crmrs_854043220/CREAM854043220/glide_l30409/execute/dir_19377/CMSSW_5_3_5
mv: cannot stat `/home/cms064/home_crmrs_854043220/CREAM854043220/glide_l30409/execute/dir_19377/module/': No such file or directory
>>> Include /home/cms064/home_crmrs_854043220/CREAM854043220/glide_l30409/execute/dir_19377 in PYTHONPATH:
PYTHONPATH=/home/cms064/home_crmrs_854043220/CREAM854043220/glide_l30409/execute/dir_19377/:/home/cms064/home_crmrs_854043220/CREAM854043220/glide_l30409/execute/dir_19377/CMSSW_5_3_5/python:/home/cms064/home_crmrs_854043220/CREAM854043220/glide_l30409/execute/dir_19377/CMSSW_5_3_5/lib/slc5_amd64_gcc462:/cvmfs/cms.cern.ch/slc5_amd64_gcc462/cms/cmssw/CMSSW_5_3_5/python:/cvmfs/cms.cern.ch/slc5_amd64_gcc462/cms/cmssw/CMSSW_5_3_5/lib/slc5_amd64_gcc462:/cvmfs/cms.cern.ch/slc5_amd64_gcc462/cms/coral/CORAL_2_3_21-cms27/slc5_amd64_gcc462/python:/cvmfs/cms.cern.ch/slc5_amd64_gcc462/cms/coral/CORAL_2_3_21-cms27/slc5_amd64_gcc462/lib:/cvmfs/cms.cern.ch/slc5_amd64_gcc462/external/pyqt/4.8.1/lib/python2.6/site-packages:/cvmfs/cms.cern.ch/slc5_amd64_gcc462/external/py2-scipy/0.8.0/lib/python2.6/site-packages:/cvmfs/cms.cern.ch/slc5_amd64_gcc462/external/py2-matplotlib/1.0.1/lib/python2.6/site-packages:/cvmfs/cms.cern.ch/slc5_amd64_gcc462/external/python-ldap/2.3.5/lib/python2.6/site-packages:/cvmfs/cms.cern.ch/slc5_amd64_gcc462/external/sip/4.11.2/lib/python2.6/site-packages:/cvmfs/cms.cern.ch/slc5_amd64_gcc462/external/py2-pycurl/7.19.0/lib/python2.6/site-packages:/cvmfs/cms.cern.ch/slc5_amd64_gcc462/external/py2-numpy/1.6.1/lib/python2.6/site-packages:/cvmfs/cms.cern.ch/slc5_amd64_gcc462/external/py2-ipython/0.10/lib/python2.6/site-packages:/cvmfs/cms.cern.ch/slc5_amd64_gcc462/external/py2-cx-oracle/5.1-cms11/lib/python2.6/site-packages:/cvmfs/cms.cern.ch/slc5_amd64_gcc462/external/py2-cjson/1.0.5/lib/python2.6/site-packages:/cvmfs/cms.cern.ch/slc5_amd64_gcc462/cms/das-client/1.4.1-cms8/bin:/cvmfs/cms.cern.ch/slc5_amd64_gcc462/external/elementtree/1.2.6/share/lib/python2.6/site-packages:/cvmfs/cms.cern.ch/slc5_amd64_gcc462/external/rivet/1.5.1-cms10/lib/python2.6/site-packages:/cvmfs/cms.cern.ch/slc5_amd64_gcc462/external/pyminuit2/0.0.1-cms34/lib/python2.6/site-packages:/cvmfs/cms.cern.ch/slc5_amd64_gcc462/external/professor/1.0.0-cms35/lib/python2.6/site-packages:/cvmfs/cms.cern.ch/slc5_amd64_gcc462/lcg/root/5.32.00-cms18/lib:/cvmfs/cms.cern.ch/slc5_amd64_gcc462/cms/dbs-client/DBS_2_1_1_patch1_1/lib:/cvmfs/cms.cern.ch/slc5_amd64_gcc462/cms/dbs-client/DBS_2_1_1_patch1_1/lib/DBSAPI:/home/cms064/home_crmrs_854043220/CREAM854043220/glide_l30409/execute/dir_19377/
241a2a19cb7c5c8751ba22759ab3bdb0
PSETHASH = 241a2a19cb7c5c8751ba22759ab3bdb0
/home/cms064/home_crmrs_854043220/CREAM854043220/glide_l30409/execute/dir_19377/writeCfg.py pset.py pset.py
Importing .py file
Setting parameters
inputBlocks=/Tbar_t-channel_TuneZ2star_8TeV-powheg-tauola/mario-Summer12-stop-pfele-step1-08612d4202e480038f4d455e921715e5/USER#46a619e1-5ef6-4d18-a30c-655e09e9469b
inputFiles=/store/user/mario/Tbar_t-channel_TuneZ2star_8TeV-powheg-tauola/Summer12-stop-pfele-step1/08612d4202e480038f4d455e921715e5/tuple_255_1_Jg7.root;/store/user/mario/Tbar_t-channel_TuneZ2star_8TeV-powheg-tauola/Summer12-stop-pfele-step1/08612d4202e480038f4d455e921715e5/tuple_265_1_2hR.root;/store/user/mario/Tbar_t-channel_TuneZ2star_8TeV-powheg-tauola/Summer12-stop-pfele-step1/08612d4202e480038f4d455e921715e5/tuple_266_1_MOk.root;/store/user/mario/Tbar_t-channel_TuneZ2star_8TeV-powheg-tauola/Summer12-stop-pfele-step1/08612d4202e480038f4d455e921715e5/tuple_267_1_yho.root;/store/user/mario/Tbar_t-channel_TuneZ2star_8TeV-powheg-tauola/Summer12-stop-pfele-step1/08612d4202e480038f4d455e921715e5/tuple_268_1_HA0.root;/store/user/mario/Tbar_t-channel_TuneZ2star_8TeV-powheg-tauola/Summer12-stop-pfele-step1/08612d4202e480038f4d455e921715e5/tuple_271_1_hkS.root;/store/user/mario/Tbar_t-channel_TuneZ2star_8TeV-powheg-tauola/Summer12-stop-pfele-step1/08612d4202e480038f4d455e921715e5/tuple_295_1_mUo.root;/store/user/mario/Tbar_t-channel_TuneZ2star_8TeV-powheg-tauola/Summer12-stop-pfele-step1/08612d4202e480038f4d455e921715e5/tuple_304_1_lgU.root;/store/user/mario/Tbar_t-channel_TuneZ2star_8TeV-powheg-tauola/Summer12-stop-pfele-step1/08612d4202e480038f4d455e921715e5/tuple_296_1_kdz.root;/store/user/mario/Tbar_t-channel_TuneZ2star_8TeV-powheg-tauola/Summer12-stop-pfele-step1/08612d4202e480038f4d455e921715e5/tuple_297_1_Feo.root
parentFiles=
lumisRange=
>>> Executable cmsRun
/cvmfs/cms.cern.ch/slc5_amd64_gcc462/cms/cmssw/CMSSW_5_3_5/bin/slc5_amd64_gcc462/cmsRun
ok executable found
>>> info for dashboard:
***** Cat /home/cms064/home_crmrs_854043220/CREAM854043220/glide_l30409/execute/dir_19377/jobreport.txt *****
MonitorJobID=97_https://submit-2.t2.ucsd.edu//121127//17542.96
MonitorID=liis_crab_0_121127_014711_7us61f
ExeStart=cmsRun
***** End Cat jobreport *****
Parameters sent to Dashboard.
>>> cmsRun started at Tue Nov 27 01:20:02 UTC 2012
>>> cmsRun ended at Tue Nov 27 01:22:24 UTC 2012
>>> info for dashboard:
***** Cat /home/cms064/home_crmrs_854043220/CREAM854043220/glide_l30409/execute/dir_19377/jobreport.txt *****
MonitorJobID=97_https://submit-2.t2.ucsd.edu//121127//17542.96
MonitorID=liis_crab_0_121127_014711_7us61f
ExeEnd=cmsRun
***** End Cat jobreport *****
Parameters sent to Dashboard.
TIME_EXE = 142 sec
>>> cmsRun wrote 68 lines of stdout+stderr
>>> START OF printout of 68 lines from stdout+stderr
27-Nov-2012 03:20:18 EET  Initiating request to open file file:/hdfs/cms/store/user/mario/Tbar_t-channel_TuneZ2star_8TeV-powheg-tauola/Summer12-stop-pfele-step1/08612d4202e480038f4d455e921715e5/tuple_255_1_Jg7.root
27-Nov-2012 03:20:24 EET  Successfully opened file file:/hdfs/cms/store/user/mario/Tbar_t-channel_TuneZ2star_8TeV-powheg-tauola/Summer12-stop-pfele-step1/08612d4202e480038f4d455e921715e5/tuple_255_1_Jg7.root
Begin processing the 1st record. Run 1, Event 282453, LumiSection 942 at 27-Nov-2012 03:20:33.341 EET
Begin processing the 1001st record. Run 1, Event 291874, LumiSection 973 at 27-Nov-2012 03:20:40.816 EET
27-Nov-2012 03:20:42 EET  Closed file file:/hdfs/cms/store/user/mario/Tbar_t-channel_TuneZ2star_8TeV-powheg-tauola/Summer12-stop-pfele-step1/08612d4202e480038f4d455e921715e5/tuple_255_1_Jg7.root
27-Nov-2012 03:20:42 EET  Initiating request to open file file:/hdfs/cms/store/user/mario/Tbar_t-channel_TuneZ2star_8TeV-powheg-tauola/Summer12-stop-pfele-step1/08612d4202e480038f4d455e921715e5/tuple_265_1_2hR.root
27-Nov-2012 03:20:42 EET  Successfully opened file file:/hdfs/cms/store/user/mario/Tbar_t-channel_TuneZ2star_8TeV-powheg-tauola/Summer12-stop-pfele-step1/08612d4202e480038f4d455e921715e5/tuple_265_1_2hR.root
Begin processing the 2001st record. Run 1, Event 146286, LumiSection 488 at 27-Nov-2012 03:20:47.095 EET
Begin processing the 3001st record. Run 1, Event 148504, LumiSection 496 at 27-Nov-2012 03:20:50.367 EET
27-Nov-2012 03:20:51 EET  Closed file file:/hdfs/cms/store/user/mario/Tbar_t-channel_TuneZ2star_8TeV-powheg-tauola/Summer12-stop-pfele-step1/08612d4202e480038f4d455e921715e5/tuple_265_1_2hR.root
27-Nov-2012 03:20:51 EET  Initiating request to open file file:/hdfs/cms/store/user/mario/Tbar_t-channel_TuneZ2star_8TeV-powheg-tauola/Summer12-stop-pfele-step1/08612d4202e480038f4d455e921715e5/tuple_266_1_MOk.root
27-Nov-2012 03:20:52 EET  Successfully opened file file:/hdfs/cms/store/user/mario/Tbar_t-channel_TuneZ2star_8TeV-powheg-tauola/Summer12-stop-pfele-step1/08612d4202e480038f4d455e921715e5/tuple_266_1_MOk.root
Begin processing the 4001st record. Run 1, Event 194529, LumiSection 649 at 27-Nov-2012 03:21:00.165 EET
Begin processing the 5001st record. Run 1, Event 209058, LumiSection 697 at 27-Nov-2012 03:21:04.118 EET
27-Nov-2012 03:21:05 EET  Closed file file:/hdfs/cms/store/user/mario/Tbar_t-channel_TuneZ2star_8TeV-powheg-tauola/Summer12-stop-pfele-step1/08612d4202e480038f4d455e921715e5/tuple_266_1_MOk.root
27-Nov-2012 03:21:05 EET  Initiating request to open file file:/hdfs/cms/store/user/mario/Tbar_t-channel_TuneZ2star_8TeV-powheg-tauola/Summer12-stop-pfele-step1/08612d4202e480038f4d455e921715e5/tuple_267_1_yho.root
27-Nov-2012 03:21:06 EET  Successfully opened file file:/hdfs/cms/store/user/mario/Tbar_t-channel_TuneZ2star_8TeV-powheg-tauola/Summer12-stop-pfele-step1/08612d4202e480038f4d455e921715e5/tuple_267_1_yho.root
Begin processing the 6001st record. Run 1, Event 214882, LumiSection 717 at 27-Nov-2012 03:21:14.942 EET
Begin processing the 7001st record. Run 1, Event 221901, LumiSection 740 at 27-Nov-2012 03:21:18.051 EET
27-Nov-2012 03:21:19 EET  Closed file file:/hdfs/cms/store/user/mario/Tbar_t-channel_TuneZ2star_8TeV-powheg-tauola/Summer12-stop-pfele-step1/08612d4202e480038f4d455e921715e5/tuple_267_1_yho.root
27-Nov-2012 03:21:19 EET  Initiating request to open file file:/hdfs/cms/store/user/mario/Tbar_t-channel_TuneZ2star_8TeV-powheg-tauola/Summer12-stop-pfele-step1/08612d4202e480038f4d455e921715e5/tuple_268_1_HA0.root
27-Nov-2012 03:21:19 EET  Successfully opened file file:/hdfs/cms/store/user/mario/Tbar_t-channel_TuneZ2star_8TeV-powheg-tauola/Summer12-stop-pfele-step1/08612d4202e480038f4d455e921715e5/tuple_268_1_HA0.root
Begin processing the 8001st record. Run 1, Event 229515, LumiSection 766 at 27-Nov-2012 03:21:24.726 EET
Begin processing the 9001st record. Run 1, Event 274336, LumiSection 915 at 27-Nov-2012 03:21:26.789 EET
27-Nov-2012 03:21:28 EET  Closed file file:/hdfs/cms/store/user/mario/Tbar_t-channel_TuneZ2star_8TeV-powheg-tauola/Summer12-stop-pfele-step1/08612d4202e480038f4d455e921715e5/tuple_268_1_HA0.root
27-Nov-2012 03:21:28 EET  Initiating request to open file file:/hdfs/cms/store/user/mario/Tbar_t-channel_TuneZ2star_8TeV-powheg-tauola/Summer12-stop-pfele-step1/08612d4202e480038f4d455e921715e5/tuple_271_1_hkS.root
27-Nov-2012 03:21:28 EET  Successfully opened file file:/hdfs/cms/store/user/mario/Tbar_t-channel_TuneZ2star_8TeV-powheg-tauola/Summer12-stop-pfele-step1/08612d4202e480038f4d455e921715e5/tuple_271_1_hkS.root
Begin processing the 10001st record. Run 1, Event 380247, LumiSection 1268 at 27-Nov-2012 03:21:37.098 EET
Begin processing the 11001st record. Run 1, Event 476371, LumiSection 1588 at 27-Nov-2012 03:21:40.178 EET
27-Nov-2012 03:21:41 EET  Closed file file:/hdfs/cms/store/user/mario/Tbar_t-channel_TuneZ2star_8TeV-powheg-tauola/Summer12-stop-pfele-step1/08612d4202e480038f4d455e921715e5/tuple_271_1_hkS.root
27-Nov-2012 03:21:41 EET  Initiating request to open file file:/hdfs/cms/store/user/mario/Tbar_t-channel_TuneZ2star_8TeV-powheg-tauola/Summer12-stop-pfele-step1/08612d4202e480038f4d455e921715e5/tuple_295_1_mUo.root
27-Nov-2012 03:21:41 EET  Successfully opened file file:/hdfs/cms/store/user/mario/Tbar_t-channel_TuneZ2star_8TeV-powheg-tauola/Summer12-stop-pfele-step1/08612d4202e480038f4d455e921715e5/tuple_295_1_mUo.root
Begin processing the 12001st record. Run 1, Event 555151, LumiSection 1851 at 27-Nov-2012 03:21:47.314 EET
Begin processing the 13001st record. Run 1, Event 563673, LumiSection 1880 at 27-Nov-2012 03:21:50.293 EET
27-Nov-2012 03:21:51 EET  Closed file file:/hdfs/cms/store/user/mario/Tbar_t-channel_TuneZ2star_8TeV-powheg-tauola/Summer12-stop-pfele-step1/08612d4202e480038f4d455e921715e5/tuple_295_1_mUo.root
27-Nov-2012 03:21:51 EET  Initiating request to open file file:/hdfs/cms/store/user/mario/Tbar_t-channel_TuneZ2star_8TeV-powheg-tauola/Summer12-stop-pfele-step1/08612d4202e480038f4d455e921715e5/tuple_304_1_lgU.root
27-Nov-2012 03:21:52 EET  Successfully opened file file:/hdfs/cms/store/user/mario/Tbar_t-channel_TuneZ2star_8TeV-powheg-tauola/Summer12-stop-pfele-step1/08612d4202e480038f4d455e921715e5/tuple_304_1_lgU.root
Begin processing the 14001st record. Run 1, Event 131729, LumiSection 440 at 27-Nov-2012 03:21:59.965 EET
Begin processing the 15001st record. Run 1, Event 334356, LumiSection 1115 at 27-Nov-2012 03:22:03.499 EET
27-Nov-2012 03:22:04 EET  Closed file file:/hdfs/cms/store/user/mario/Tbar_t-channel_TuneZ2star_8TeV-powheg-tauola/Summer12-stop-pfele-step1/08612d4202e480038f4d455e921715e5/tuple_304_1_lgU.root
27-Nov-2012 03:22:04 EET  Initiating request to open file file:/hdfs/cms/store/user/mario/Tbar_t-channel_TuneZ2star_8TeV-powheg-tauola/Summer12-stop-pfele-step1/08612d4202e480038f4d455e921715e5/tuple_296_1_kdz.root
27-Nov-2012 03:22:05 EET  Successfully opened file file:/hdfs/cms/store/user/mario/Tbar_t-channel_TuneZ2star_8TeV-powheg-tauola/Summer12-stop-pfele-step1/08612d4202e480038f4d455e921715e5/tuple_296_1_kdz.root
Begin processing the 16001st record. Run 1, Event 663398, LumiSection 2212 at 27-Nov-2012 03:22:09.760 EET
Begin processing the 17001st record. Run 1, Event 587012, LumiSection 1958 at 27-Nov-2012 03:22:12.097 EET
27-Nov-2012 03:22:13 EET  Closed file file:/hdfs/cms/store/user/mario/Tbar_t-channel_TuneZ2star_8TeV-powheg-tauola/Summer12-stop-pfele-step1/08612d4202e480038f4d455e921715e5/tuple_296_1_kdz.root
27-Nov-2012 03:22:13 EET  Initiating request to open file file:/hdfs/cms/store/user/mario/Tbar_t-channel_TuneZ2star_8TeV-powheg-tauola/Summer12-stop-pfele-step1/08612d4202e480038f4d455e921715e5/tuple_297_1_Feo.root
27-Nov-2012 03:22:13 EET  Successfully opened file file:/hdfs/cms/store/user/mario/Tbar_t-channel_TuneZ2star_8TeV-powheg-tauola/Summer12-stop-pfele-step1/08612d4202e480038f4d455e921715e5/tuple_297_1_Feo.root
Begin processing the 18001st record. Run 1, Event 99121, LumiSection 331 at 27-Nov-2012 03:22:18.896 EET
Begin processing the 19001st record. Run 1, Event 285249, LumiSection 951 at 27-Nov-2012 03:22:21.822 EET
27-Nov-2012 03:22:23 EET  Closed file file:/hdfs/cms/store/user/mario/Tbar_t-channel_TuneZ2star_8TeV-powheg-tauola/Summer12-stop-pfele-step1/08612d4202e480038f4d455e921715e5/tuple_297_1_Feo.root

=============================================

MessageLogger Summary

 type     category        sev    module        subroutine        count    total
 ---- -------------------- -- ---------------- ----------------  -----    -----
    1 fileAction           -s file_close                            10       10
    2 fileAction           -s file_open                             20       20

 type    category    Examples: run/evt        run/evt          run/evt
 ---- -------------------- ---------------- ---------------- ----------------
    1 fileAction           PostProcessEvent PostProcessEvent PostEndRun
    2 fileAction           pre-events       pre-events       PostProcessEvent

Severity    # Occurrences   Total Occurrences
--------    -------------   -----------------
System                 30                  30
>>> END OF printout of 68 lines from stdout+stderr
>>> Parse FrameworkJobReport crab_fjr.xml
Result of parsing the FrameworkJobReport crab_fjr.xml: Popularity start
lumisRange : 1::743,753,762,766,913,915,919,925::1;1::1203,1268,1293,1303,1439,1588,1593,1829::2;1::715,717-719,740,742-743,882::3;1::1883,1932,1941,1944,1958-1959,2156,2212::4;1::942,973,1022,1158,1264,1411::5;1::465,479,488,491,494-497::6;1::440,472,724,1115,1120,1344,6544,6549::7;1::1850-1851,1863,1871,1875,1880,1883::8;1::497,501,649,662,697,747,882,3554::9;1::331,378,932,951,1513,1532,1959,1962::10;
lumisParentRange : 
Basename : /store/user/mario/Tbar_t-channel_TuneZ2star_8TeV-powheg-tauola/Summer12-stop-pfele-step1/08612d4202e480038f4d455e921715e5/tuple_
BasenameParent : 
parentFiles : 
inputBlocks : /Tbar_t-channel_TuneZ2star_8TeV-powheg-tauola/mario-Summer12-stop-pfele-step1-08612d4202e480038f4d455e921715e5/USER#46a619e1-5ef6-4d18-a30c-655e09e9469b
inputFiles : 268_1_HA0.root::1::EDM::Local::1;271_1_hkS.root::1::EDM::Local::2;267_1_yho.root::1::EDM::Local::3;296_1_kdz.root::1::EDM::Local::4;255_1_Jg7.root::1::EDM::Local::5;265_1_2hR.root::1::EDM::Local::6;304_1_lgU.root::1::EDM::Local::7;295_1_mUo.root::1::EDM::Local::8;266_1_MOk.root::1::EDM::Local::9;297_1_Feo.root::1::EDM::Local::10;
Popularity stop
Extracted ExitStatus from FrameworkJobReport parsing output: 0
>>> Executable succeded  0
ExeExitCode=0
EXECUTABLE_EXIT_STATUS = 0
>>> current directory /home/cms064/home_crmrs_854043220/CREAM854043220/glide_l30409/execute/dir_19377/CMSSW_5_3_5
>>>  (SOFTWARE_DIR): /home/cms064/home_crmrs_854043220/CREAM854043220/glide_l30409/execute/dir_19377/CMSSW_5_3_5
>>> (WORKING_DIR): 
>>> current directory content:
total 156
drwxr-xr-x 3 cms064 cms  4096 Nov 27 03:19 .SCRAM
-rw-r--r-- 1 cms064 cms 30066 Nov 27 03:19 CMSSW.py.pkl
drwxr-xr-x 3 cms064 cms  4096 Nov 27 03:19 bin
drwxr-xr-x 3 cms064 cms  4096 Nov 27 03:19 cfipython
drwxr-xr-x 5 cms064 cms  4096 Nov 27 03:19 config
-rw-r--r-- 1 cms064 cms    15 Nov 27 03:22 cpu_timing.txt
drwxr-xr-x 2 cms064 cms  4096 Nov 27 03:19 doc
-rw-r--r-- 1 cms064 cms  9123 Nov 27 03:22 executable.out
drwxr-xr-x 2 cms064 cms  4096 Nov 27 03:19 include
drwxrwxrwx 3 cms064 cms  4096 Oct 22 16:38 lib
drwxr-xr-x 3 cms064 cms  4096 Nov 27 03:19 logs
drwxr-xr-x 3 cms064 cms  4096 Nov 27 03:19 objs
-rw-r--r-- 1 cms064 cms 20654 Nov 27 03:22 optHistograms.root
-rw-r--r-- 1 cms064 cms   104 Nov 27 03:19 pset.py
-rw-r--r-- 1 cms064 cms 20241 Nov 27 03:19 pset.py.pkl
-rw-r--r-- 1 cms064 cms   289 Nov 27 03:19 pset.pyc
drwxr-xr-x 2 cms064 cms  4096 Nov 27 03:19 python
-rw-r--r-- 1 cms064 cms   420 Nov 27 03:22 report.log
drwxrwxrwx 4 cms064 cms  4096 Nov 27 03:19 src
drwxr-xr-x 3 cms064 cms  4096 Nov 27 03:19 test
drwxr-xr-x 3 cms064 cms  4096 Nov 27 03:19 tmp
>>> current directory /home/cms064/home_crmrs_854043220/CREAM854043220/glide_l30409/execute/dir_19377/CMSSW_5_3_5
>>> (SOFTWARE_DIR): /home/cms064/home_crmrs_854043220/CREAM854043220/glide_l30409/execute/dir_19377/CMSSW_5_3_5
>>> (WORKING_DIR): 
>>> current directory content:
total 132
drwxr-xr-x 3 cms064 cms  4096 Nov 27 03:19 .SCRAM
-rw-r--r-- 1 cms064 cms 30066 Nov 27 03:19 CMSSW.py.pkl
drwxr-xr-x 3 cms064 cms  4096 Nov 27 03:19 bin
drwxr-xr-x 3 cms064 cms  4096 Nov 27 03:19 cfipython
drwxr-xr-x 5 cms064 cms  4096 Nov 27 03:19 config
-rw-r--r-- 1 cms064 cms    15 Nov 27 03:22 cpu_timing.txt
drwxr-xr-x 2 cms064 cms  4096 Nov 27 03:19 doc
-rw-r--r-- 1 cms064 cms  9123 Nov 27 03:22 executable.out
drwxr-xr-x 2 cms064 cms  4096 Nov 27 03:19 include
drwxrwxrwx 3 cms064 cms  4096 Oct 22 16:38 lib
drwxr-xr-x 3 cms064 cms  4096 Nov 27 03:19 logs
drwxr-xr-x 3 cms064 cms  4096 Nov 27 03:19 objs
-rw-r--r-- 1 cms064 cms   104 Nov 27 03:19 pset.py
-rw-r--r-- 1 cms064 cms 20241 Nov 27 03:19 pset.py.pkl
-rw-r--r-- 1 cms064 cms   289 Nov 27 03:19 pset.pyc
drwxr-xr-x 2 cms064 cms  4096 Nov 27 03:19 python
-rw-r--r-- 1 cms064 cms   420 Nov 27 03:22 report.log
drwxrwxrwx 4 cms064 cms  4096 Nov 27 03:19 src
drwxr-xr-x 3 cms064 cms  4096 Nov 27 03:19 test
drwxr-xr-x 3 cms064 cms  4096 Nov 27 03:19 tmp
>>> current directory (RUNTIME_AREA):  /home/cms064/home_crmrs_854043220/CREAM854043220/glide_l30409/execute/dir_19377
>>> current dir: /home/cms064/home_crmrs_854043220/CREAM854043220/glide_l30409/execute/dir_19377
>>> current dir content:
total 25860
-rw-rw-rw-  1 cms064 cms     5576 Nov 27 03:19 .job.ad
-rw-rw-rw-  1 cms064 cms    11241 Nov 27 03:19 .machine.ad
-rw-rw-rw-  1 cms064 cms      105 Nov 27 01:48 CMSSW.py
-rw-rw-rw-  1 cms064 cms    30066 Nov 27 01:48 CMSSW.py.pkl
-rwxrw-rw-  1 cms064 cms    23331 Nov 27 03:19 CMSSW.sh
drwxr-xr-x 15 cms064 cms     4096 Nov 27 03:22 CMSSW_5_3_5
-rw-rw-rw-  1 cms064 cms        0 Nov 27 03:19 CMSSW_97.stderr
-rw-rw-rw-  1 cms064 cms    22406 Nov 27 03:22 CMSSW_97.stdout
-rw-r--r--  1 cms064 cms      347 Nov 27 03:19 CacheEnv.sh
-rw-rw-rw-  1 cms064 cms     7291 Jun  9  2010 DashboardAPI.py
-rw-r--r--  1 cms064 cms     6883 Nov 27 03:19 DashboardAPI.pyc
drwxrwxrwx  3 cms064 cms     4096 Nov 27 03:22 IMProv
-rw-rw-rw-  1 cms064 cms     2748 Mar  8  2006 Logger.py
-rw-r--r--  1 cms064 cms     3353 Nov 27 03:19 Logger.pyc
-rw-rw-rw-  1 cms064 cms    24524 Mar 28  2008 ProcInfo.py
-rw-r--r--  1 cms064 cms    23470 Nov 27 03:19 ProcInfo.pyc
drwxrwxrwx  7 cms064 cms     4096 Nov 27 03:19 ProdCommon
drwxrwxrwx  3 cms064 cms     4096 Nov 27 03:19 WMCore
-rw-r--r--  1 cms064 cms     1747 Nov 27 03:20 Watchdog_97.log
-rw-rw-rw-  1 cms064 cms    32895 Mar 28  2008 apmon.py
-rw-r--r--  1 cms064 cms    28874 Nov 27 03:19 apmon.pyc
-rw-rw-rw-  1 cms064 cms   177706 Nov 27 03:19 arguments.xml
-rwxrwxrwx  1 cms064 cms    37427 Sep 13 14:14 cmscp.py
-rwxrwxrwx  1 cms064 cms    23331 Nov 27 03:19 condor_exec.exe
-rw-rw-rw-  1 cms064 cms      541 Nov 27 01:47 crab.cfg
-rwxrwxrwx  1 cms064 cms     9531 Sep 20 21:46 crabWatchdog.sh
-rw-r--r--  1 cms064 cms    47969 Nov 27 03:22 crab_fjr_97.xml
-rw-rw-rw-  1 cms064 cms 25796231 Nov 27 03:19 default.tgz
-rwxrwxrwx  1 cms064 cms     4488 May 12  2012 fillCrabFjr.py
-rw-r--r--  1 cms064 cms     1631 Nov 27 03:19 inputsReport.txt
-rw-r--r--  1 cms064 cms      132 Nov 27 03:22 jobreport.txt
lrwxrwxrwx  1 cms064 cms      107 Nov 27 03:22 optHistograms.root -> /home/cms064/home_crmrs_854043220/CREAM854043220/glide_l30409/execute/dir_19377/optHistograms_97_1_Txe.root
-rw-r--r--  1 cms064 cms    20654 Nov 27 03:22 optHistograms_97_1_Txe.root
-rw-rw-rw-  1 cms064 cms    17352 Jan 20  2012 parseCrabFjr.py
-rw-r--r--  1 cms064 cms      283 Nov 27 03:19 report.log
-rwxrwxrwx  1 cms064 cms     1497 May 27  2009 report.py
-rwxrwxrwx  1 cms064 cms     8387 Mar 23  2011 writeCfg.py
-rw-------  1 cms064 cms     8691 Nov 27 03:19 x509up_u1000009
Checking output files:  
will tar file optHistograms_97_1_Txe.root in  out_files_97
will tar file crab_fjr_97.xml in  out_files_97
will tar file CMSSW_97.stdout in  out_files_97
will tar file CMSSW_97.stderr in  out_files_97
WARNING: output file Watchdog_97.log.gz not found!
>>> padding time: Sleeping the wrapper for 422 seconds
STOPPING WATCHDOG. CrabWatchdog PID is 23403
********** LAST 50 LINES OF WATCHDOG LOG
awk: (FILENAME=- FNR=1) warning: error writing standard output (Broken pipe)
# RESOURCE USAGE SUMMARY FOR PROCESS ID 21931
USER       PID %CPU %MEM    VSZ   RSS TTY      STAT START   TIME COMMAND
cms064   21931  0.3  0.0   8956  1488 ?        S    03:19   0:00 /bin/sh /home/cms064/home_crmrs_854043220/CREAM854043220/glide_l30409/execute/dir_19377/condor_exec.exe 97 1
 
# LIMITS USED BY THIS WATCHDOG:
# RSS  (KBytes)  : 2300000
# VSZ  (KBytes)  : 100000000
# DISK (MBytes)  : 19000
# CPU  (seconds) : 171600
# WALL (seconds) : 171600
 
# FOLLOWING PRINTOUT TRACKS MAXIMUM VALUES OF RESOURCES USE
# ONE LINE IS PRINTED EACH TIME A MAXIMUM CHANGES
# IF CHANGE WAS IN RSS OR VSZ ALSO PROCID AND COMMAND ARE PRINTED
# THERE IS NO PRINTOUT FOR CPU/WALL TIME INCREASE
 
# TIME			PID	RSS(KB)	VSZ(KB)	Dsk(MB)	tCPU(s)	tWALL(s)	COMMAND
 Nov 27 03:19:47 EET	2020	1348	8816	0	0	876	/bin/bash /home/cms064/home_crmrs_854043220/CREAM854043220/glide_l30409/main/condor_startup.sh glidein_config       
 Nov 27 03:19:47 EET	2663	5976	9652	0	0	877	/home/cms064/home_crmrs_854043220/CREAM854043220/glide_l30409/main/condor/sbin/condor_master -f -pidfile /home/cms064/home_crmrs_854043220/CREAM854043220/glide_l30409/condor_master2.pid      
 Nov 27 03:19:47 EET	30300	5976	25504	0	0	895	perl -e ?use Socket;??sub send_notify {? $cream_url = "193.40.150.251:49152";die "No
 Nov 27 03:19:47 EET	---	5976	25504	168	----	----	----
 Nov 27 03:20:55 EET	2663	5988	25504	168	0	945	/home/cms064/home_crmrs_854043220/CREAM854043220/glide_l30409/main/condor/sbin/condor_master -f -pidfile /home/cms064/home_crmrs_854043220/CREAM854043220/glide_l30409/condor_master2.pid      
 Nov 27 03:20:55 EET	26977	339692	552040	168	24	56	cmsRun -j /home/cms064/home_crmrs_854043220/CREAM854043220/glide_l30409/execute/dir_19377/crab_fjr_97.xml -p pset.py     
 Nov 27 03:23:08 EET	---	339692	552040	169	----	----	----
********** WATCHDOG LOG ENDED
ZIPPING WATCHDOG LOG
Disk space used:
du -sh /home/cms064/home_crmrs_854043220/CREAM854043220/glide_l30409/execute/dir_19377
169M	/home/cms064/home_crmrs_854043220/CREAM854043220/glide_l30409/execute/dir_19377
>>> info for dashboard:
***** Cat /home/cms064/home_crmrs_854043220/CREAM854043220/glide_l30409/execute/dir_19377/jobreport.txt *****
MonitorJobID=97_https://submit-2.t2.ucsd.edu//121127//17542.96
MonitorID=liis_crab_0_121127_014711_7us61f
ExeTime=142
ExeExitCode=0
CrabUserCpuTime=70.77
CrabSysCpuTime=5.50
CrabCpuPercentage=53%
CrabWrapperTime=600
CrabStageoutTime=NULL
***** End Cat jobreport *****
Parameters sent to Dashboard.
optHistograms_97_1_Txe.root
crab_fjr_97.xml
CMSSW_97.stdout
CMSSW_97.stderr
Watchdog_97.log.gz
tar: .BrokerInfo: Cannot stat: No such file or directory
tar: Error exit delayed from previous errors
Total Output dimension: 26820
WARNING: output files size limit is set to: 50000000
Total Output dimension 26820 is fine.
JOB_EXIT_STATUS = 0
>>> info for dashboard:
***** Cat /home/cms064/home_crmrs_854043220/CREAM854043220/glide_l30409/execute/dir_19377/jobreport.txt *****
MonitorJobID=97_https://submit-2.t2.ucsd.edu//121127//17542.96
MonitorID=liis_crab_0_121127_014711_7us61f
JobExitCode=0
***** End Cat jobreport *****
Parameters sent to Dashboard.
optHistograms_97_1_Txe.root
crab_fjr_97.xml
