This script was generated by crab (version 2.8.3).
Running /home/cms078/home_crobe_166748920/CREAM166748920/glide_H20916/execute/dir_956/condor_exec.exe with 2 positional parameters: 4 1
Today is Tue Nov 27 03:13:49 EET 2012
Job submitted on host wn-v-5708.local
Linux wn-v-5708.local 2.6.32-042stab059.7 #1 SMP Tue Jul 24 19:12:01 MSK 2012 x86_64 x86_64 x86_64 GNU/Linux
>>> current directory (RUNTIME_AREA): /home/cms078/home_crobe_166748920/CREAM166748920/glide_H20916/execute/dir_956
>>> current user: uid=11078(cms078) gid=1400(cms) groups=1400(cms)
>>> voms proxy information:
subject   : /DC=ch/DC=cern/OU=Organic Units/OU=Users/CN=liis/CN=663550/CN=Liis Rebane/CN=proxy/CN=limited proxy
issuer    : /DC=ch/DC=cern/OU=Organic Units/OU=Users/CN=liis/CN=663550/CN=Liis Rebane/CN=proxy
identity  : /DC=ch/DC=cern/OU=Organic Units/OU=Users/CN=liis/CN=663550/CN=Liis Rebane/CN=proxy
type      : limited proxy
strength  : 512 bits
path      : /home/cms078/home_crobe_166748920/CREAM166748920/glide_H20916/execute/dir_956/x509up_u1000009
timeleft  : 23:59:54
key usage : Digital Signature, Key Encipherment, Data Encipherment
=== VO cms extension information ===
VO        : cms
subject   : /DC=ch/DC=cern/OU=Organic Units/OU=Users/CN=liis/CN=663550/CN=Liis Rebane
issuer    : /DC=ch/DC=cern/OU=computers/CN=lcg-voms.cern.ch
attribute : /cms/Role=NULL/Capability=NULL
timeleft  : 190:11:48
uri       : lcg-voms.cern.ch:15002
>>> tar xzf /home/cms078/home_crobe_166748920/CREAM166748920/glide_H20916/execute/dir_956/default.tgz :
Successful untar
>>> Include /home/cms078/home_crobe_166748920/CREAM166748920/glide_H20916/execute/dir_956 in PYTHONPATH:
strip arguments
env var CRAB_UNIQUE_JOB_ID set to: liis_crab_0_121127_014711_7us61f_4_1_UHb
out_files_4
>>> list of expected files on output sandbox
output files: optHistograms_4_1_UHb.root crab_fjr_4.xml CMSSW_4.stdout CMSSW_4.stderr Watchdog_4.log.gz
>>> GridFlavour discovery: 
GridFlavour=LCG
>>> SyncSite discovery: 
SyncSite=T2_EE_Estonia
>>> SyncCE discovery: 
getting SyncCE from CE_ID
SyncCE=oberon.hep.kbfi.ee:8443/cream-pbs-long
>>> info for dashboard:
***** Cat /home/cms078/home_crobe_166748920/CREAM166748920/glide_H20916/execute/dir_956/jobreport.txt *****
MonitorJobID=4_https://submit-2.t2.ucsd.edu//121127//17542.3
SyncGridJobId=https://submit-2.t2.ucsd.edu//121127//17542.3
MonitorID=liis_crab_0_121127_014711_7us61f
GridFlavour=LCG
SyncSite=T2_EE_Estonia
SyncCE=oberon.hep.kbfi.ee:8443/cream-pbs-long
***** End Cat jobreport *****
Parameters sent to Dashboard.
>>> setup environment
set SCRAM ARCH to slc5_amd64_gcc462
SCRAM_ARCH = slc5_amd64_gcc462
>>> setup CMS LCG environment:
set SCRAM ARCH and BUILD_ARCH to slc5_amd64_gcc462 ###
Sourcing environment... 
sourcing /cvmfs/cms.cern.ch/cmsset_default.sh
==> setup cms environment ok
>>> specific cmssw setup environment:
CMSSW_VERSION =  CMSSW_5_3_5
>>> current directory (SOFTWARE_DIR): /home/cms078/home_crobe_166748920/CREAM166748920/glide_H20916/execute/dir_956/CMSSW_5_3_5
PreserveSeeds: <>
IncrementSeeds:<>
{}
WNHostName=wn-v-5708.local
>>> info for dashboard:
***** Cat /home/cms078/home_crobe_166748920/CREAM166748920/glide_H20916/execute/dir_956/jobreport.txt *****
MonitorJobID=4_https://submit-2.t2.ucsd.edu//121127//17542.3
MonitorID=liis_crab_0_121127_014711_7us61f
WNHostName=wn-v-5708.local
***** End Cat jobreport *****
Parameters sent to Dashboard.
crabWatchdog started as process 5556
>>> moving CMSSW software directories in /home/cms078/home_crobe_166748920/CREAM166748920/glide_H20916/execute/dir_956/CMSSW_5_3_5
mv: cannot stat `/home/cms078/home_crobe_166748920/CREAM166748920/glide_H20916/execute/dir_956/module/': No such file or directory
>>> Include /home/cms078/home_crobe_166748920/CREAM166748920/glide_H20916/execute/dir_956 in PYTHONPATH:
PYTHONPATH=/home/cms078/home_crobe_166748920/CREAM166748920/glide_H20916/execute/dir_956/:/home/cms078/home_crobe_166748920/CREAM166748920/glide_H20916/execute/dir_956/CMSSW_5_3_5/python:/home/cms078/home_crobe_166748920/CREAM166748920/glide_H20916/execute/dir_956/CMSSW_5_3_5/lib/slc5_amd64_gcc462:/cvmfs/cms.cern.ch/slc5_amd64_gcc462/cms/cmssw/CMSSW_5_3_5/python:/cvmfs/cms.cern.ch/slc5_amd64_gcc462/cms/cmssw/CMSSW_5_3_5/lib/slc5_amd64_gcc462:/cvmfs/cms.cern.ch/slc5_amd64_gcc462/cms/coral/CORAL_2_3_21-cms27/slc5_amd64_gcc462/python:/cvmfs/cms.cern.ch/slc5_amd64_gcc462/cms/coral/CORAL_2_3_21-cms27/slc5_amd64_gcc462/lib:/cvmfs/cms.cern.ch/slc5_amd64_gcc462/external/pyqt/4.8.1/lib/python2.6/site-packages:/cvmfs/cms.cern.ch/slc5_amd64_gcc462/external/py2-scipy/0.8.0/lib/python2.6/site-packages:/cvmfs/cms.cern.ch/slc5_amd64_gcc462/external/py2-matplotlib/1.0.1/lib/python2.6/site-packages:/cvmfs/cms.cern.ch/slc5_amd64_gcc462/external/python-ldap/2.3.5/lib/python2.6/site-packages:/cvmfs/cms.cern.ch/slc5_amd64_gcc462/external/sip/4.11.2/lib/python2.6/site-packages:/cvmfs/cms.cern.ch/slc5_amd64_gcc462/external/py2-pycurl/7.19.0/lib/python2.6/site-packages:/cvmfs/cms.cern.ch/slc5_amd64_gcc462/external/py2-numpy/1.6.1/lib/python2.6/site-packages:/cvmfs/cms.cern.ch/slc5_amd64_gcc462/external/py2-ipython/0.10/lib/python2.6/site-packages:/cvmfs/cms.cern.ch/slc5_amd64_gcc462/external/py2-cx-oracle/5.1-cms11/lib/python2.6/site-packages:/cvmfs/cms.cern.ch/slc5_amd64_gcc462/external/py2-cjson/1.0.5/lib/python2.6/site-packages:/cvmfs/cms.cern.ch/slc5_amd64_gcc462/cms/das-client/1.4.1-cms8/bin:/cvmfs/cms.cern.ch/slc5_amd64_gcc462/external/elementtree/1.2.6/share/lib/python2.6/site-packages:/cvmfs/cms.cern.ch/slc5_amd64_gcc462/external/rivet/1.5.1-cms10/lib/python2.6/site-packages:/cvmfs/cms.cern.ch/slc5_amd64_gcc462/external/pyminuit2/0.0.1-cms34/lib/python2.6/site-packages:/cvmfs/cms.cern.ch/slc5_amd64_gcc462/external/professor/1.0.0-cms35/lib/python2.6/site-packages:/cvmfs/cms.cern.ch/slc5_amd64_gcc462/lcg/root/5.32.00-cms18/lib:/cvmfs/cms.cern.ch/slc5_amd64_gcc462/cms/dbs-client/DBS_2_1_1_patch1_1/lib:/cvmfs/cms.cern.ch/slc5_amd64_gcc462/cms/dbs-client/DBS_2_1_1_patch1_1/lib/DBSAPI:/home/cms078/home_crobe_166748920/CREAM166748920/glide_H20916/execute/dir_956/
241a2a19cb7c5c8751ba22759ab3bdb0
PSETHASH = 241a2a19cb7c5c8751ba22759ab3bdb0
/home/cms078/home_crobe_166748920/CREAM166748920/glide_H20916/execute/dir_956/writeCfg.py pset.py pset.py
Importing .py file
Setting parameters
inputBlocks=/Tbar_t-channel_TuneZ2star_8TeV-powheg-tauola/mario-Summer12-stop-pfele-step1-08612d4202e480038f4d455e921715e5/USER#46a619e1-5ef6-4d18-a30c-655e09e9469b
inputFiles=/store/user/mario/Tbar_t-channel_TuneZ2star_8TeV-powheg-tauola/Summer12-stop-pfele-step1/08612d4202e480038f4d455e921715e5/tuple_512_2_vp8.root;/store/user/mario/Tbar_t-channel_TuneZ2star_8TeV-powheg-tauola/Summer12-stop-pfele-step1/08612d4202e480038f4d455e921715e5/tuple_514_1_cY4.root;/store/user/mario/Tbar_t-channel_TuneZ2star_8TeV-powheg-tauola/Summer12-stop-pfele-step1/08612d4202e480038f4d455e921715e5/tuple_524_2_eYk.root;/store/user/mario/Tbar_t-channel_TuneZ2star_8TeV-powheg-tauola/Summer12-stop-pfele-step1/08612d4202e480038f4d455e921715e5/tuple_584_1_ttj.root;/store/user/mario/Tbar_t-channel_TuneZ2star_8TeV-powheg-tauola/Summer12-stop-pfele-step1/08612d4202e480038f4d455e921715e5/tuple_574_1_hSM.root;/store/user/mario/Tbar_t-channel_TuneZ2star_8TeV-powheg-tauola/Summer12-stop-pfele-step1/08612d4202e480038f4d455e921715e5/tuple_575_1_mar.root;/store/user/mario/Tbar_t-channel_TuneZ2star_8TeV-powheg-tauola/Summer12-stop-pfele-step1/08612d4202e480038f4d455e921715e5/tuple_583_1_cjW.root;/store/user/mario/Tbar_t-channel_TuneZ2star_8TeV-powheg-tauola/Summer12-stop-pfele-step1/08612d4202e480038f4d455e921715e5/tuple_633_3_N3a.root;/store/user/mario/Tbar_t-channel_TuneZ2star_8TeV-powheg-tauola/Summer12-stop-pfele-step1/08612d4202e480038f4d455e921715e5/tuple_634_1_IGA.root;/store/user/mario/Tbar_t-channel_TuneZ2star_8TeV-powheg-tauola/Summer12-stop-pfele-step1/08612d4202e480038f4d455e921715e5/tuple_635_1_pzZ.root
parentFiles=
lumisRange=
>>> Executable cmsRun
/cvmfs/cms.cern.ch/slc5_amd64_gcc462/cms/cmssw/CMSSW_5_3_5/bin/slc5_amd64_gcc462/cmsRun
ok executable found
>>> info for dashboard:
***** Cat /home/cms078/home_crobe_166748920/CREAM166748920/glide_H20916/execute/dir_956/jobreport.txt *****
MonitorJobID=4_https://submit-2.t2.ucsd.edu//121127//17542.3
MonitorID=liis_crab_0_121127_014711_7us61f
ExeStart=cmsRun
***** End Cat jobreport *****
Parameters sent to Dashboard.
>>> cmsRun started at Tue Nov 27 01:14:08 UTC 2012
>>> cmsRun ended at Tue Nov 27 01:16:34 UTC 2012
>>> info for dashboard:
***** Cat /home/cms078/home_crobe_166748920/CREAM166748920/glide_H20916/execute/dir_956/jobreport.txt *****
MonitorJobID=4_https://submit-2.t2.ucsd.edu//121127//17542.3
MonitorID=liis_crab_0_121127_014711_7us61f
ExeEnd=cmsRun
***** End Cat jobreport *****
Parameters sent to Dashboard.
TIME_EXE = 146 sec
>>> cmsRun wrote 68 lines of stdout+stderr
>>> START OF printout of 68 lines from stdout+stderr
27-Nov-2012 03:14:27 EET  Initiating request to open file file:/hdfs/cms/store/user/mario/Tbar_t-channel_TuneZ2star_8TeV-powheg-tauola/Summer12-stop-pfele-step1/08612d4202e480038f4d455e921715e5/tuple_512_2_vp8.root
27-Nov-2012 03:14:34 EET  Successfully opened file file:/hdfs/cms/store/user/mario/Tbar_t-channel_TuneZ2star_8TeV-powheg-tauola/Summer12-stop-pfele-step1/08612d4202e480038f4d455e921715e5/tuple_512_2_vp8.root
Begin processing the 1st record. Run 1, Event 1238602, LumiSection 4130 at 27-Nov-2012 03:14:41.362 EET
Begin processing the 1001st record. Run 1, Event 1248916, LumiSection 4164 at 27-Nov-2012 03:14:48.261 EET
27-Nov-2012 03:14:51 EET  Closed file file:/hdfs/cms/store/user/mario/Tbar_t-channel_TuneZ2star_8TeV-powheg-tauola/Summer12-stop-pfele-step1/08612d4202e480038f4d455e921715e5/tuple_512_2_vp8.root
27-Nov-2012 03:14:51 EET  Initiating request to open file file:/hdfs/cms/store/user/mario/Tbar_t-channel_TuneZ2star_8TeV-powheg-tauola/Summer12-stop-pfele-step1/08612d4202e480038f4d455e921715e5/tuple_514_1_cY4.root
27-Nov-2012 03:14:51 EET  Successfully opened file file:/hdfs/cms/store/user/mario/Tbar_t-channel_TuneZ2star_8TeV-powheg-tauola/Summer12-stop-pfele-step1/08612d4202e480038f4d455e921715e5/tuple_514_1_cY4.root
Begin processing the 2001st record. Run 1, Event 1264289, LumiSection 4215 at 27-Nov-2012 03:14:56.378 EET
Begin processing the 3001st record. Run 1, Event 1274307, LumiSection 4249 at 27-Nov-2012 03:14:59.427 EET
27-Nov-2012 03:15:01 EET  Closed file file:/hdfs/cms/store/user/mario/Tbar_t-channel_TuneZ2star_8TeV-powheg-tauola/Summer12-stop-pfele-step1/08612d4202e480038f4d455e921715e5/tuple_514_1_cY4.root
27-Nov-2012 03:15:02 EET  Initiating request to open file file:/hdfs/cms/store/user/mario/Tbar_t-channel_TuneZ2star_8TeV-powheg-tauola/Summer12-stop-pfele-step1/08612d4202e480038f4d455e921715e5/tuple_524_2_eYk.root
27-Nov-2012 03:15:02 EET  Successfully opened file file:/hdfs/cms/store/user/mario/Tbar_t-channel_TuneZ2star_8TeV-powheg-tauola/Summer12-stop-pfele-step1/08612d4202e480038f4d455e921715e5/tuple_524_2_eYk.root
Begin processing the 4001st record. Run 1, Event 1283825, LumiSection 4281 at 27-Nov-2012 03:15:09.338 EET
Begin processing the 5001st record. Run 1, Event 1596443, LumiSection 5323 at 27-Nov-2012 03:15:12.570 EET
27-Nov-2012 03:15:15 EET  Closed file file:/hdfs/cms/store/user/mario/Tbar_t-channel_TuneZ2star_8TeV-powheg-tauola/Summer12-stop-pfele-step1/08612d4202e480038f4d455e921715e5/tuple_524_2_eYk.root
27-Nov-2012 03:15:15 EET  Initiating request to open file file:/hdfs/cms/store/user/mario/Tbar_t-channel_TuneZ2star_8TeV-powheg-tauola/Summer12-stop-pfele-step1/08612d4202e480038f4d455e921715e5/tuple_584_1_ttj.root
27-Nov-2012 03:15:15 EET  Successfully opened file file:/hdfs/cms/store/user/mario/Tbar_t-channel_TuneZ2star_8TeV-powheg-tauola/Summer12-stop-pfele-step1/08612d4202e480038f4d455e921715e5/tuple_584_1_ttj.root
Begin processing the 6001st record. Run 1, Event 1359267, LumiSection 4532 at 27-Nov-2012 03:15:25.340 EET
Begin processing the 7001st record. Run 1, Event 1451784, LumiSection 4840 at 27-Nov-2012 03:15:28.860 EET
27-Nov-2012 03:15:31 EET  Closed file file:/hdfs/cms/store/user/mario/Tbar_t-channel_TuneZ2star_8TeV-powheg-tauola/Summer12-stop-pfele-step1/08612d4202e480038f4d455e921715e5/tuple_584_1_ttj.root
27-Nov-2012 03:15:31 EET  Initiating request to open file file:/hdfs/cms/store/user/mario/Tbar_t-channel_TuneZ2star_8TeV-powheg-tauola/Summer12-stop-pfele-step1/08612d4202e480038f4d455e921715e5/tuple_574_1_hSM.root
27-Nov-2012 03:15:31 EET  Successfully opened file file:/hdfs/cms/store/user/mario/Tbar_t-channel_TuneZ2star_8TeV-powheg-tauola/Summer12-stop-pfele-step1/08612d4202e480038f4d455e921715e5/tuple_574_1_hSM.root
Begin processing the 8001st record. Run 1, Event 1906361, LumiSection 6356 at 27-Nov-2012 03:15:35.168 EET
Begin processing the 9001st record. Run 1, Event 1947280, LumiSection 6492 at 27-Nov-2012 03:15:37.648 EET
27-Nov-2012 03:15:39 EET  Closed file file:/hdfs/cms/store/user/mario/Tbar_t-channel_TuneZ2star_8TeV-powheg-tauola/Summer12-stop-pfele-step1/08612d4202e480038f4d455e921715e5/tuple_574_1_hSM.root
27-Nov-2012 03:15:39 EET  Initiating request to open file file:/hdfs/cms/store/user/mario/Tbar_t-channel_TuneZ2star_8TeV-powheg-tauola/Summer12-stop-pfele-step1/08612d4202e480038f4d455e921715e5/tuple_575_1_mar.root
27-Nov-2012 03:15:40 EET  Successfully opened file file:/hdfs/cms/store/user/mario/Tbar_t-channel_TuneZ2star_8TeV-powheg-tauola/Summer12-stop-pfele-step1/08612d4202e480038f4d455e921715e5/tuple_575_1_mar.root
Begin processing the 10001st record. Run 1, Event 1976201, LumiSection 6589 at 27-Nov-2012 03:15:43.039 EET
Begin processing the 11001st record. Run 1, Event 1719, LumiSection 6 at 27-Nov-2012 03:15:46.138 EET
27-Nov-2012 03:15:49 EET  Closed file file:/hdfs/cms/store/user/mario/Tbar_t-channel_TuneZ2star_8TeV-powheg-tauola/Summer12-stop-pfele-step1/08612d4202e480038f4d455e921715e5/tuple_575_1_mar.root
27-Nov-2012 03:15:49 EET  Initiating request to open file file:/hdfs/cms/store/user/mario/Tbar_t-channel_TuneZ2star_8TeV-powheg-tauola/Summer12-stop-pfele-step1/08612d4202e480038f4d455e921715e5/tuple_583_1_cjW.root
27-Nov-2012 03:15:49 EET  Successfully opened file file:/hdfs/cms/store/user/mario/Tbar_t-channel_TuneZ2star_8TeV-powheg-tauola/Summer12-stop-pfele-step1/08612d4202e480038f4d455e921715e5/tuple_583_1_cjW.root
Begin processing the 12001st record. Run 1, Event 1075833, LumiSection 3587 at 27-Nov-2012 03:15:56.234 EET
Begin processing the 13001st record. Run 1, Event 1292550, LumiSection 4310 at 27-Nov-2012 03:15:59.448 EET
27-Nov-2012 03:16:02 EET  Closed file file:/hdfs/cms/store/user/mario/Tbar_t-channel_TuneZ2star_8TeV-powheg-tauola/Summer12-stop-pfele-step1/08612d4202e480038f4d455e921715e5/tuple_583_1_cjW.root
27-Nov-2012 03:16:02 EET  Initiating request to open file file:/hdfs/cms/store/user/mario/Tbar_t-channel_TuneZ2star_8TeV-powheg-tauola/Summer12-stop-pfele-step1/08612d4202e480038f4d455e921715e5/tuple_633_3_N3a.root
27-Nov-2012 03:16:02 EET  Successfully opened file file:/hdfs/cms/store/user/mario/Tbar_t-channel_TuneZ2star_8TeV-powheg-tauola/Summer12-stop-pfele-step1/08612d4202e480038f4d455e921715e5/tuple_633_3_N3a.root
Begin processing the 14001st record. Run 1, Event 1084011, LumiSection 3615 at 27-Nov-2012 03:16:07.557 EET
Begin processing the 15001st record. Run 1, Event 1431820, LumiSection 4774 at 27-Nov-2012 03:16:10.772 EET
27-Nov-2012 03:16:14 EET  Closed file file:/hdfs/cms/store/user/mario/Tbar_t-channel_TuneZ2star_8TeV-powheg-tauola/Summer12-stop-pfele-step1/08612d4202e480038f4d455e921715e5/tuple_633_3_N3a.root
27-Nov-2012 03:16:14 EET  Initiating request to open file file:/hdfs/cms/store/user/mario/Tbar_t-channel_TuneZ2star_8TeV-powheg-tauola/Summer12-stop-pfele-step1/08612d4202e480038f4d455e921715e5/tuple_634_1_IGA.root
27-Nov-2012 03:16:14 EET  Successfully opened file file:/hdfs/cms/store/user/mario/Tbar_t-channel_TuneZ2star_8TeV-powheg-tauola/Summer12-stop-pfele-step1/08612d4202e480038f4d455e921715e5/tuple_634_1_IGA.root
Begin processing the 16001st record. Run 1, Event 1461639, LumiSection 4873 at 27-Nov-2012 03:16:18.023 EET
Begin processing the 17001st record. Run 1, Event 1657257, LumiSection 5526 at 27-Nov-2012 03:16:20.508 EET
27-Nov-2012 03:16:22 EET  Closed file file:/hdfs/cms/store/user/mario/Tbar_t-channel_TuneZ2star_8TeV-powheg-tauola/Summer12-stop-pfele-step1/08612d4202e480038f4d455e921715e5/tuple_634_1_IGA.root
27-Nov-2012 03:16:22 EET  Initiating request to open file file:/hdfs/cms/store/user/mario/Tbar_t-channel_TuneZ2star_8TeV-powheg-tauola/Summer12-stop-pfele-step1/08612d4202e480038f4d455e921715e5/tuple_635_1_pzZ.root
27-Nov-2012 03:16:22 EET  Successfully opened file file:/hdfs/cms/store/user/mario/Tbar_t-channel_TuneZ2star_8TeV-powheg-tauola/Summer12-stop-pfele-step1/08612d4202e480038f4d455e921715e5/tuple_635_1_pzZ.root
Begin processing the 18001st record. Run 1, Event 1668776, LumiSection 5564 at 27-Nov-2012 03:16:29.961 EET
Begin processing the 19001st record. Run 1, Event 1670696, LumiSection 5570 at 27-Nov-2012 03:16:32.163 EET
27-Nov-2012 03:16:32 EET  Closed file file:/hdfs/cms/store/user/mario/Tbar_t-channel_TuneZ2star_8TeV-powheg-tauola/Summer12-stop-pfele-step1/08612d4202e480038f4d455e921715e5/tuple_635_1_pzZ.root

=============================================

MessageLogger Summary

 type     category        sev    module        subroutine        count    total
 ---- -------------------- -- ---------------- ----------------  -----    -----
    1 fileAction           -s file_close                            10       10
    2 fileAction           -s file_open                             20       20

 type    category    Examples: run/evt        run/evt          run/evt
 ---- -------------------- ---------------- ---------------- ----------------
    1 fileAction           PostProcessEvent PostProcessEvent PostEndRun
    2 fileAction           pre-events       pre-events       PostProcessEvent

Severity    # Occurrences   Total Occurrences
--------    -------------   -----------------
System                 30                  30
>>> END OF printout of 68 lines from stdout+stderr
>>> Parse FrameworkJobReport crab_fjr.xml
Result of parsing the FrameworkJobReport crab_fjr.xml: Popularity start
lumisRange : 1::4130,4150,4158,4164,4177,4219,4280::1;1::4873,4939,4999,5519,5526-5527,5551,5564::2;1::3295,3615,3650,3680,4774,4785,4788,4873::3;1::4532,4558,4770,4840,4844,5282,5289,5523::4;1::6,73,117,632,6589,6596,6606::5;1::4215,4248-4250,4284,4496-4497,4537::6;1::3587,3591,3593,4208,4310,4317,4354,4532::7;1::4105,4281,4305,4357,5323,5325,5327,5345::8;1::5563-5564,5570,5582,5710,5719::9;1::6356,6476-6477,6492,6551,6553,6556,6589::10;
lumisParentRange : 
Basename : /store/user/mario/Tbar_t-channel_TuneZ2star_8TeV-powheg-tauola/Summer12-stop-pfele-step1/08612d4202e480038f4d455e921715e5/tuple_
BasenameParent : 
parentFiles : 
inputBlocks : /Tbar_t-channel_TuneZ2star_8TeV-powheg-tauola/mario-Summer12-stop-pfele-step1-08612d4202e480038f4d455e921715e5/USER#46a619e1-5ef6-4d18-a30c-655e09e9469b
inputFiles : 512_2_vp8.root::1::EDM::Local::1;634_1_IGA.root::1::EDM::Local::2;633_3_N3a.root::1::EDM::Local::3;584_1_ttj.root::1::EDM::Local::4;575_1_mar.root::1::EDM::Local::5;514_1_cY4.root::1::EDM::Local::6;583_1_cjW.root::1::EDM::Local::7;524_2_eYk.root::1::EDM::Local::8;635_1_pzZ.root::1::EDM::Local::9;574_1_hSM.root::1::EDM::Local::10;
Popularity stop
Extracted ExitStatus from FrameworkJobReport parsing output: 0
>>> Executable succeded  0
ExeExitCode=0
EXECUTABLE_EXIT_STATUS = 0
>>> current directory /home/cms078/home_crobe_166748920/CREAM166748920/glide_H20916/execute/dir_956/CMSSW_5_3_5
>>>  (SOFTWARE_DIR): /home/cms078/home_crobe_166748920/CREAM166748920/glide_H20916/execute/dir_956/CMSSW_5_3_5
>>> (WORKING_DIR): 
>>> current directory content:
total 156
drwxr-xr-x 3 cms078 cms  4096 Nov 27 03:13 .SCRAM
-rw-r--r-- 1 cms078 cms 30066 Nov 27 03:13 CMSSW.py.pkl
drwxr-xr-x 3 cms078 cms  4096 Nov 27 03:13 bin
drwxr-xr-x 3 cms078 cms  4096 Nov 27 03:13 cfipython
drwxr-xr-x 5 cms078 cms  4096 Nov 27 03:13 config
-rw-r--r-- 1 cms078 cms    15 Nov 27 03:16 cpu_timing.txt
drwxr-xr-x 2 cms078 cms  4096 Nov 27 03:13 doc
-rw-r--r-- 1 cms078 cms  9151 Nov 27 03:16 executable.out
drwxr-xr-x 2 cms078 cms  4096 Nov 27 03:13 include
drwxrwxrwx 3 cms078 cms  4096 Oct 22 16:38 lib
drwxr-xr-x 3 cms078 cms  4096 Nov 27 03:13 logs
drwxr-xr-x 3 cms078 cms  4096 Nov 27 03:13 objs
-rw-r--r-- 1 cms078 cms 20891 Nov 27 03:16 optHistograms.root
-rw-r--r-- 1 cms078 cms   104 Nov 27 03:14 pset.py
-rw-r--r-- 1 cms078 cms 20240 Nov 27 03:14 pset.py.pkl
-rw-r--r-- 1 cms078 cms   289 Nov 27 03:14 pset.pyc
drwxr-xr-x 2 cms078 cms  4096 Nov 27 03:13 python
-rw-r--r-- 1 cms078 cms   414 Nov 27 03:16 report.log
drwxrwxrwx 4 cms078 cms  4096 Nov 27 03:13 src
drwxr-xr-x 3 cms078 cms  4096 Nov 27 03:13 test
drwxr-xr-x 3 cms078 cms  4096 Nov 27 03:13 tmp
>>> current directory /home/cms078/home_crobe_166748920/CREAM166748920/glide_H20916/execute/dir_956/CMSSW_5_3_5
>>> (SOFTWARE_DIR): /home/cms078/home_crobe_166748920/CREAM166748920/glide_H20916/execute/dir_956/CMSSW_5_3_5
>>> (WORKING_DIR): 
>>> current directory content:
total 132
drwxr-xr-x 3 cms078 cms  4096 Nov 27 03:13 .SCRAM
-rw-r--r-- 1 cms078 cms 30066 Nov 27 03:13 CMSSW.py.pkl
drwxr-xr-x 3 cms078 cms  4096 Nov 27 03:13 bin
drwxr-xr-x 3 cms078 cms  4096 Nov 27 03:13 cfipython
drwxr-xr-x 5 cms078 cms  4096 Nov 27 03:13 config
-rw-r--r-- 1 cms078 cms    15 Nov 27 03:16 cpu_timing.txt
drwxr-xr-x 2 cms078 cms  4096 Nov 27 03:13 doc
-rw-r--r-- 1 cms078 cms  9151 Nov 27 03:16 executable.out
drwxr-xr-x 2 cms078 cms  4096 Nov 27 03:13 include
drwxrwxrwx 3 cms078 cms  4096 Oct 22 16:38 lib
drwxr-xr-x 3 cms078 cms  4096 Nov 27 03:13 logs
drwxr-xr-x 3 cms078 cms  4096 Nov 27 03:13 objs
-rw-r--r-- 1 cms078 cms   104 Nov 27 03:14 pset.py
-rw-r--r-- 1 cms078 cms 20240 Nov 27 03:14 pset.py.pkl
-rw-r--r-- 1 cms078 cms   289 Nov 27 03:14 pset.pyc
drwxr-xr-x 2 cms078 cms  4096 Nov 27 03:13 python
-rw-r--r-- 1 cms078 cms   414 Nov 27 03:16 report.log
drwxrwxrwx 4 cms078 cms  4096 Nov 27 03:13 src
drwxr-xr-x 3 cms078 cms  4096 Nov 27 03:13 test
drwxr-xr-x 3 cms078 cms  4096 Nov 27 03:13 tmp
>>> current directory (RUNTIME_AREA):  /home/cms078/home_crobe_166748920/CREAM166748920/glide_H20916/execute/dir_956
>>> current dir: /home/cms078/home_crobe_166748920/CREAM166748920/glide_H20916/execute/dir_956
>>> current dir content:
total 25860
-rw-rw-rw-  1 cms078 cms     5591 Nov 27 03:13 .job.ad
-rw-rw-rw-  1 cms078 cms    11425 Nov 27 03:13 .machine.ad
-rw-rw-rw-  1 cms078 cms      105 Nov 27 01:48 CMSSW.py
-rw-rw-rw-  1 cms078 cms    30066 Nov 27 01:48 CMSSW.py.pkl
-rwxrw-rw-  1 cms078 cms    23331 Nov 27 03:13 CMSSW.sh
-rw-rw-rw-  1 cms078 cms        0 Nov 27 03:13 CMSSW_4.stderr
-rw-rw-rw-  1 cms078 cms    22407 Nov 27 03:16 CMSSW_4.stdout
drwxr-xr-x 15 cms078 cms     4096 Nov 27 03:16 CMSSW_5_3_5
-rw-r--r--  1 cms078 cms      345 Nov 27 03:13 CacheEnv.sh
-rw-rw-rw-  1 cms078 cms     7291 Jun  9  2010 DashboardAPI.py
-rw-r--r--  1 cms078 cms     6853 Nov 27 03:13 DashboardAPI.pyc
drwxrwxrwx  3 cms078 cms     4096 Nov 27 03:16 IMProv
-rw-rw-rw-  1 cms078 cms     2748 Mar  8  2006 Logger.py
-rw-r--r--  1 cms078 cms     3343 Nov 27 03:13 Logger.pyc
-rw-rw-rw-  1 cms078 cms    24524 Mar 28  2008 ProcInfo.py
-rw-r--r--  1 cms078 cms    23422 Nov 27 03:13 ProcInfo.pyc
drwxrwxrwx  7 cms078 cms     4096 Nov 27 03:14 ProdCommon
drwxrwxrwx  3 cms078 cms     4096 Nov 27 03:13 WMCore
-rw-r--r--  1 cms078 cms     1543 Nov 27 03:16 Watchdog_4.log
-rw-rw-rw-  1 cms078 cms    32895 Mar 28  2008 apmon.py
-rw-r--r--  1 cms078 cms    28816 Nov 27 03:13 apmon.pyc
-rw-rw-rw-  1 cms078 cms   177706 Nov 27 03:13 arguments.xml
-rwxrwxrwx  1 cms078 cms    37427 Sep 13 14:14 cmscp.py
-rwxrwxrwx  1 cms078 cms    23331 Nov 27 03:13 condor_exec.exe
-rw-rw-rw-  1 cms078 cms      541 Nov 27 01:47 crab.cfg
-rwxrwxrwx  1 cms078 cms     9531 Sep 20 21:46 crabWatchdog.sh
-rw-r--r--  1 cms078 cms    47972 Nov 27 03:16 crab_fjr_4.xml
-rw-rw-rw-  1 cms078 cms 25796231 Nov 27 03:13 default.tgz
-rwxrwxrwx  1 cms078 cms     4488 May 12  2012 fillCrabFjr.py
-rw-r--r--  1 cms078 cms     1631 Nov 27 03:14 inputsReport.txt
-rw-r--r--  1 cms078 cms      130 Nov 27 03:16 jobreport.txt
lrwxrwxrwx  1 cms078 cms      104 Nov 27 03:16 optHistograms.root -> /home/cms078/home_crobe_166748920/CREAM166748920/glide_H20916/execute/dir_956/optHistograms_4_1_UHb.root
-rw-r--r--  1 cms078 cms    20891 Nov 27 03:16 optHistograms_4_1_UHb.root
-rw-rw-rw-  1 cms078 cms    17352 Jan 20  2012 parseCrabFjr.py
-rw-r--r--  1 cms078 cms      282 Nov 27 03:13 report.log
-rwxrwxrwx  1 cms078 cms     1497 May 27  2009 report.py
-rwxrwxrwx  1 cms078 cms     8387 Mar 23  2011 writeCfg.py
-rw-------  1 cms078 cms     8687 Nov 27 03:13 x509up_u1000009
Checking output files:  
will tar file optHistograms_4_1_UHb.root in  out_files_4
will tar file crab_fjr_4.xml in  out_files_4
will tar file CMSSW_4.stdout in  out_files_4
will tar file CMSSW_4.stderr in  out_files_4
WARNING: output file Watchdog_4.log.gz not found!
>>> padding time: Sleeping the wrapper for 425 seconds
STOPPING WATCHDOG. CrabWatchdog PID is 5556
********** LAST 50 LINES OF WATCHDOG LOG
# RESOURCE USAGE SUMMARY FOR PROCESS ID  3399
USER       PID %CPU %MEM    VSZ   RSS TTY      STAT START   TIME COMMAND
cms078    3399  0.2  0.0   8956  1488 ?        S    03:13   0:00 /bin/sh /home/cms078/home_crobe_166748920/CREAM166748920/glide_H20916/execute/dir_956/condor_exec.exe 4 1
 
# LIMITS USED BY THIS WATCHDOG:
# RSS  (KBytes)  : 2300000
# VSZ  (KBytes)  : 100000000
# DISK (MBytes)  : 19000
# CPU  (seconds) : 171600
# WALL (seconds) : 171600
 
# FOLLOWING PRINTOUT TRACKS MAXIMUM VALUES OF RESOURCES USE
# ONE LINE IS PRINTED EACH TIME A MAXIMUM CHANGES
# IF CHANGE WAS IN RSS OR VSZ ALSO PROCID AND COMMAND ARE PRINTED
# THERE IS NO PRINTOUT FOR CPU/WALL TIME INCREASE
 
# TIME			PID	RSS(KB)	VSZ(KB)	Dsk(MB)	tCPU(s)	tWALL(s)	COMMAND
 Nov 27 03:13:59 EET	956	5312	9296	0	0	20	condor_starter -f submit-2.t2.ucsd.edu       
 Nov 27 03:13:59 EET	2139	5980	9644	0	0	1257	/home/cms078/home_crobe_166748920/CREAM166748920/glide_H20916/main/condor/sbin/condor_master -f -pidfile /home/cms078/home_crobe_166748920/CREAM166748920/glide_H20916/condor_master2.pid      
 Nov 27 03:13:59 EET	5596	23060	84748	0	0	2	edmConfigHash pset.py        
 Nov 27 03:13:59 EET	---	23060	84748	168	----	----	----
 Nov 27 03:15:04 EET	9127	330376	553832	168	26	58	cmsRun -j /home/cms078/home_crobe_166748920/CREAM166748920/glide_H20916/execute/dir_956/crab_fjr_4.xml -p pset.py     
 Nov 27 03:16:10 EET	9127	353112	557416	168	64	125	cmsRun -j /home/cms078/home_crobe_166748920/CREAM166748920/glide_H20916/execute/dir_956/crab_fjr_4.xml -p pset.py     
 Nov 27 03:17:16 EET	---	353112	557416	169	----	----	----
********** WATCHDOG LOG ENDED
ZIPPING WATCHDOG LOG
Disk space used:
du -sh /home/cms078/home_crobe_166748920/CREAM166748920/glide_H20916/execute/dir_956
169M	/home/cms078/home_crobe_166748920/CREAM166748920/glide_H20916/execute/dir_956
>>> info for dashboard:
***** Cat /home/cms078/home_crobe_166748920/CREAM166748920/glide_H20916/execute/dir_956/jobreport.txt *****
MonitorJobID=4_https://submit-2.t2.ucsd.edu//121127//17542.3
MonitorID=liis_crab_0_121127_014711_7us61f
ExeTime=146
ExeExitCode=0
CrabUserCpuTime=69.24
CrabSysCpuTime=5.83
CrabCpuPercentage=51%
CrabWrapperTime=600
CrabStageoutTime=NULL
***** End Cat jobreport *****
Parameters sent to Dashboard.
optHistograms_4_1_UHb.root
crab_fjr_4.xml
CMSSW_4.stdout
CMSSW_4.stderr
Watchdog_4.log.gz
tar: .BrokerInfo: Cannot stat: No such file or directory
tar: Error exit delayed from previous errors
Total Output dimension: 27863
WARNING: output files size limit is set to: 50000000
Total Output dimension 27863 is fine.
JOB_EXIT_STATUS = 0
>>> info for dashboard:
***** Cat /home/cms078/home_crobe_166748920/CREAM166748920/glide_H20916/execute/dir_956/jobreport.txt *****
MonitorJobID=4_https://submit-2.t2.ucsd.edu//121127//17542.3
MonitorID=liis_crab_0_121127_014711_7us61f
JobExitCode=0
***** End Cat jobreport *****
Parameters sent to Dashboard.
optHistograms_4_1_UHb.root
crab_fjr_4.xml
