This script was generated by crab (version 2.8.3).
Running /home/cms078/home_crobe_823122185/CREAM823122185/glide_X27747/execute/dir_14811/condor_exec.exe with 2 positional parameters: 9 1
Today is Tue Nov 27 03:13:52 EET 2012
Job submitted on host wn-v-3872.local
Linux wn-v-3872.local 2.6.32-042stab059.7 #1 SMP Tue Jul 24 19:12:01 MSK 2012 x86_64 x86_64 x86_64 GNU/Linux
>>> current directory (RUNTIME_AREA): /home/cms078/home_crobe_823122185/CREAM823122185/glide_X27747/execute/dir_14811
>>> current user: uid=11078(cms078) gid=1400(cms) groups=1400(cms)
>>> voms proxy information:
subject   : /DC=ch/DC=cern/OU=Organic Units/OU=Users/CN=liis/CN=663550/CN=Liis Rebane/CN=proxy/CN=limited proxy
issuer    : /DC=ch/DC=cern/OU=Organic Units/OU=Users/CN=liis/CN=663550/CN=Liis Rebane/CN=proxy
identity  : /DC=ch/DC=cern/OU=Organic Units/OU=Users/CN=liis/CN=663550/CN=Liis Rebane/CN=proxy
type      : limited proxy
strength  : 512 bits
path      : /home/cms078/home_crobe_823122185/CREAM823122185/glide_X27747/execute/dir_14811/x509up_u1000009
timeleft  : 23:59:53
key usage : Digital Signature, Key Encipherment, Data Encipherment
=== VO cms extension information ===
VO        : cms
subject   : /DC=ch/DC=cern/OU=Organic Units/OU=Users/CN=liis/CN=663550/CN=Liis Rebane
issuer    : /DC=ch/DC=cern/OU=computers/CN=lcg-voms.cern.ch
attribute : /cms/Role=NULL/Capability=NULL
timeleft  : 190:11:45
uri       : lcg-voms.cern.ch:15002
>>> tar xzf /home/cms078/home_crobe_823122185/CREAM823122185/glide_X27747/execute/dir_14811/default.tgz :
Successful untar
>>> Include /home/cms078/home_crobe_823122185/CREAM823122185/glide_X27747/execute/dir_14811 in PYTHONPATH:
strip arguments
env var CRAB_UNIQUE_JOB_ID set to: liis_crab_0_121127_014711_7us61f_9_1_bxQ
out_files_9
>>> list of expected files on output sandbox
output files: optHistograms_9_1_bxQ.root crab_fjr_9.xml CMSSW_9.stdout CMSSW_9.stderr Watchdog_9.log.gz
>>> GridFlavour discovery: 
GridFlavour=LCG
>>> SyncSite discovery: 
SyncSite=T2_EE_Estonia
>>> SyncCE discovery: 
getting SyncCE from CE_ID
SyncCE=oberon.hep.kbfi.ee:8443/cream-pbs-long
>>> info for dashboard:
***** Cat /home/cms078/home_crobe_823122185/CREAM823122185/glide_X27747/execute/dir_14811/jobreport.txt *****
MonitorJobID=9_https://submit-2.t2.ucsd.edu//121127//17542.8
SyncGridJobId=https://submit-2.t2.ucsd.edu//121127//17542.8
MonitorID=liis_crab_0_121127_014711_7us61f
GridFlavour=LCG
SyncSite=T2_EE_Estonia
SyncCE=oberon.hep.kbfi.ee:8443/cream-pbs-long
***** End Cat jobreport *****
Parameters sent to Dashboard.
>>> setup environment
set SCRAM ARCH to slc5_amd64_gcc462
SCRAM_ARCH = slc5_amd64_gcc462
>>> setup CMS LCG environment:
set SCRAM ARCH and BUILD_ARCH to slc5_amd64_gcc462 ###
Sourcing environment... 
sourcing /cvmfs/cms.cern.ch/cmsset_default.sh
==> setup cms environment ok
>>> specific cmssw setup environment:
CMSSW_VERSION =  CMSSW_5_3_5
>>> current directory (SOFTWARE_DIR): /home/cms078/home_crobe_823122185/CREAM823122185/glide_X27747/execute/dir_14811/CMSSW_5_3_5
PreserveSeeds: <>
IncrementSeeds:<>
{}
WNHostName=wn-v-3872.local
>>> info for dashboard:
***** Cat /home/cms078/home_crobe_823122185/CREAM823122185/glide_X27747/execute/dir_14811/jobreport.txt *****
MonitorJobID=9_https://submit-2.t2.ucsd.edu//121127//17542.8
MonitorID=liis_crab_0_121127_014711_7us61f
WNHostName=wn-v-3872.local
***** End Cat jobreport *****
Parameters sent to Dashboard.
crabWatchdog started as process 18307
>>> moving CMSSW software directories in /home/cms078/home_crobe_823122185/CREAM823122185/glide_X27747/execute/dir_14811/CMSSW_5_3_5
mv: cannot stat `/home/cms078/home_crobe_823122185/CREAM823122185/glide_X27747/execute/dir_14811/module/': No such file or directory
>>> Include /home/cms078/home_crobe_823122185/CREAM823122185/glide_X27747/execute/dir_14811 in PYTHONPATH:
PYTHONPATH=/home/cms078/home_crobe_823122185/CREAM823122185/glide_X27747/execute/dir_14811/:/home/cms078/home_crobe_823122185/CREAM823122185/glide_X27747/execute/dir_14811/CMSSW_5_3_5/python:/home/cms078/home_crobe_823122185/CREAM823122185/glide_X27747/execute/dir_14811/CMSSW_5_3_5/lib/slc5_amd64_gcc462:/cvmfs/cms.cern.ch/slc5_amd64_gcc462/cms/cmssw/CMSSW_5_3_5/python:/cvmfs/cms.cern.ch/slc5_amd64_gcc462/cms/cmssw/CMSSW_5_3_5/lib/slc5_amd64_gcc462:/cvmfs/cms.cern.ch/slc5_amd64_gcc462/cms/coral/CORAL_2_3_21-cms27/slc5_amd64_gcc462/python:/cvmfs/cms.cern.ch/slc5_amd64_gcc462/cms/coral/CORAL_2_3_21-cms27/slc5_amd64_gcc462/lib:/cvmfs/cms.cern.ch/slc5_amd64_gcc462/external/pyqt/4.8.1/lib/python2.6/site-packages:/cvmfs/cms.cern.ch/slc5_amd64_gcc462/external/py2-scipy/0.8.0/lib/python2.6/site-packages:/cvmfs/cms.cern.ch/slc5_amd64_gcc462/external/py2-matplotlib/1.0.1/lib/python2.6/site-packages:/cvmfs/cms.cern.ch/slc5_amd64_gcc462/external/python-ldap/2.3.5/lib/python2.6/site-packages:/cvmfs/cms.cern.ch/slc5_amd64_gcc462/external/sip/4.11.2/lib/python2.6/site-packages:/cvmfs/cms.cern.ch/slc5_amd64_gcc462/external/py2-pycurl/7.19.0/lib/python2.6/site-packages:/cvmfs/cms.cern.ch/slc5_amd64_gcc462/external/py2-numpy/1.6.1/lib/python2.6/site-packages:/cvmfs/cms.cern.ch/slc5_amd64_gcc462/external/py2-ipython/0.10/lib/python2.6/site-packages:/cvmfs/cms.cern.ch/slc5_amd64_gcc462/external/py2-cx-oracle/5.1-cms11/lib/python2.6/site-packages:/cvmfs/cms.cern.ch/slc5_amd64_gcc462/external/py2-cjson/1.0.5/lib/python2.6/site-packages:/cvmfs/cms.cern.ch/slc5_amd64_gcc462/cms/das-client/1.4.1-cms8/bin:/cvmfs/cms.cern.ch/slc5_amd64_gcc462/external/elementtree/1.2.6/share/lib/python2.6/site-packages:/cvmfs/cms.cern.ch/slc5_amd64_gcc462/external/rivet/1.5.1-cms10/lib/python2.6/site-packages:/cvmfs/cms.cern.ch/slc5_amd64_gcc462/external/pyminuit2/0.0.1-cms34/lib/python2.6/site-packages:/cvmfs/cms.cern.ch/slc5_amd64_gcc462/external/professor/1.0.0-cms35/lib/python2.6/site-packages:/cvmfs/cms.cern.ch/slc5_amd64_gcc462/lcg/root/5.32.00-cms18/lib:/cvmfs/cms.cern.ch/slc5_amd64_gcc462/cms/dbs-client/DBS_2_1_1_patch1_1/lib:/cvmfs/cms.cern.ch/slc5_amd64_gcc462/cms/dbs-client/DBS_2_1_1_patch1_1/lib/DBSAPI:/home/cms078/home_crobe_823122185/CREAM823122185/glide_X27747/execute/dir_14811/
241a2a19cb7c5c8751ba22759ab3bdb0
PSETHASH = 241a2a19cb7c5c8751ba22759ab3bdb0
/home/cms078/home_crobe_823122185/CREAM823122185/glide_X27747/execute/dir_14811/writeCfg.py pset.py pset.py
Importing .py file
Setting parameters
inputBlocks=/Tbar_t-channel_TuneZ2star_8TeV-powheg-tauola/mario-Summer12-stop-pfele-step1-08612d4202e480038f4d455e921715e5/USER#46a619e1-5ef6-4d18-a30c-655e09e9469b
inputFiles=/store/user/mario/Tbar_t-channel_TuneZ2star_8TeV-powheg-tauola/Summer12-stop-pfele-step1/08612d4202e480038f4d455e921715e5/tuple_67_1_0Wi.root;/store/user/mario/Tbar_t-channel_TuneZ2star_8TeV-powheg-tauola/Summer12-stop-pfele-step1/08612d4202e480038f4d455e921715e5/tuple_68_1_UV5.root;/store/user/mario/Tbar_t-channel_TuneZ2star_8TeV-powheg-tauola/Summer12-stop-pfele-step1/08612d4202e480038f4d455e921715e5/tuple_72_2_Ree.root;/store/user/mario/Tbar_t-channel_TuneZ2star_8TeV-powheg-tauola/Summer12-stop-pfele-step1/08612d4202e480038f4d455e921715e5/tuple_73_1_rew.root;/store/user/mario/Tbar_t-channel_TuneZ2star_8TeV-powheg-tauola/Summer12-stop-pfele-step1/08612d4202e480038f4d455e921715e5/tuple_74_1_TbW.root;/store/user/mario/Tbar_t-channel_TuneZ2star_8TeV-powheg-tauola/Summer12-stop-pfele-step1/08612d4202e480038f4d455e921715e5/tuple_75_1_8WN.root;/store/user/mario/Tbar_t-channel_TuneZ2star_8TeV-powheg-tauola/Summer12-stop-pfele-step1/08612d4202e480038f4d455e921715e5/tuple_76_1_H1y.root;/store/user/mario/Tbar_t-channel_TuneZ2star_8TeV-powheg-tauola/Summer12-stop-pfele-step1/08612d4202e480038f4d455e921715e5/tuple_77_1_Peg.root;/store/user/mario/Tbar_t-channel_TuneZ2star_8TeV-powheg-tauola/Summer12-stop-pfele-step1/08612d4202e480038f4d455e921715e5/tuple_81_1_UAp.root;/store/user/mario/Tbar_t-channel_TuneZ2star_8TeV-powheg-tauola/Summer12-stop-pfele-step1/08612d4202e480038f4d455e921715e5/tuple_82_1_sFG.root;/store/user/mario/Tbar_t-channel_TuneZ2star_8TeV-powheg-tauola/Summer12-stop-pfele-step1/08612d4202e480038f4d455e921715e5/tuple_83_1_i2g.root
parentFiles=
lumisRange=
>>> Executable cmsRun
/cvmfs/cms.cern.ch/slc5_amd64_gcc462/cms/cmssw/CMSSW_5_3_5/bin/slc5_amd64_gcc462/cmsRun
ok executable found
>>> info for dashboard:
***** Cat /home/cms078/home_crobe_823122185/CREAM823122185/glide_X27747/execute/dir_14811/jobreport.txt *****
MonitorJobID=9_https://submit-2.t2.ucsd.edu//121127//17542.8
MonitorID=liis_crab_0_121127_014711_7us61f
ExeStart=cmsRun
***** End Cat jobreport *****
Parameters sent to Dashboard.
>>> cmsRun started at Tue Nov 27 01:14:10 UTC 2012
>>> cmsRun ended at Tue Nov 27 01:16:40 UTC 2012
>>> info for dashboard:
***** Cat /home/cms078/home_crobe_823122185/CREAM823122185/glide_X27747/execute/dir_14811/jobreport.txt *****
MonitorJobID=9_https://submit-2.t2.ucsd.edu//121127//17542.8
MonitorID=liis_crab_0_121127_014711_7us61f
ExeEnd=cmsRun
***** End Cat jobreport *****
Parameters sent to Dashboard.
TIME_EXE = 150 sec
>>> cmsRun wrote 71 lines of stdout+stderr
>>> START OF printout of 71 lines from stdout+stderr
27-Nov-2012 03:14:22 EET  Initiating request to open file file:/hdfs/cms/store/user/mario/Tbar_t-channel_TuneZ2star_8TeV-powheg-tauola/Summer12-stop-pfele-step1/08612d4202e480038f4d455e921715e5/tuple_67_1_0Wi.root
27-Nov-2012 03:14:29 EET  Successfully opened file file:/hdfs/cms/store/user/mario/Tbar_t-channel_TuneZ2star_8TeV-powheg-tauola/Summer12-stop-pfele-step1/08612d4202e480038f4d455e921715e5/tuple_67_1_0Wi.root
Begin processing the 1st record. Run 1, Event 22524, LumiSection 76 at 27-Nov-2012 03:14:38.302 EET
Begin processing the 1001st record. Run 1, Event 77237, LumiSection 258 at 27-Nov-2012 03:14:44.865 EET
27-Nov-2012 03:14:45 EET  Closed file file:/hdfs/cms/store/user/mario/Tbar_t-channel_TuneZ2star_8TeV-powheg-tauola/Summer12-stop-pfele-step1/08612d4202e480038f4d455e921715e5/tuple_67_1_0Wi.root
27-Nov-2012 03:14:45 EET  Initiating request to open file file:/hdfs/cms/store/user/mario/Tbar_t-channel_TuneZ2star_8TeV-powheg-tauola/Summer12-stop-pfele-step1/08612d4202e480038f4d455e921715e5/tuple_68_1_UV5.root
27-Nov-2012 03:14:46 EET  Successfully opened file file:/hdfs/cms/store/user/mario/Tbar_t-channel_TuneZ2star_8TeV-powheg-tauola/Summer12-stop-pfele-step1/08612d4202e480038f4d455e921715e5/tuple_68_1_UV5.root
Begin processing the 2001st record. Run 1, Event 77949, LumiSection 260 at 27-Nov-2012 03:14:55.714 EET
Begin processing the 3001st record. Run 1, Event 83179, LumiSection 278 at 27-Nov-2012 03:14:58.918 EET
27-Nov-2012 03:14:59 EET  Closed file file:/hdfs/cms/store/user/mario/Tbar_t-channel_TuneZ2star_8TeV-powheg-tauola/Summer12-stop-pfele-step1/08612d4202e480038f4d455e921715e5/tuple_68_1_UV5.root
27-Nov-2012 03:14:59 EET  Initiating request to open file file:/hdfs/cms/store/user/mario/Tbar_t-channel_TuneZ2star_8TeV-powheg-tauola/Summer12-stop-pfele-step1/08612d4202e480038f4d455e921715e5/tuple_72_2_Ree.root
27-Nov-2012 03:14:59 EET  Successfully opened file file:/hdfs/cms/store/user/mario/Tbar_t-channel_TuneZ2star_8TeV-powheg-tauola/Summer12-stop-pfele-step1/08612d4202e480038f4d455e921715e5/tuple_72_2_Ree.root
Begin processing the 4001st record. Run 1, Event 146409, LumiSection 489 at 27-Nov-2012 03:15:06.244 EET
Begin processing the 5001st record. Run 1, Event 609943, LumiSection 2034 at 27-Nov-2012 03:15:09.847 EET
27-Nov-2012 03:15:10 EET  Closed file file:/hdfs/cms/store/user/mario/Tbar_t-channel_TuneZ2star_8TeV-powheg-tauola/Summer12-stop-pfele-step1/08612d4202e480038f4d455e921715e5/tuple_72_2_Ree.root
27-Nov-2012 03:15:10 EET  Initiating request to open file file:/hdfs/cms/store/user/mario/Tbar_t-channel_TuneZ2star_8TeV-powheg-tauola/Summer12-stop-pfele-step1/08612d4202e480038f4d455e921715e5/tuple_73_1_rew.root
27-Nov-2012 03:15:10 EET  Successfully opened file file:/hdfs/cms/store/user/mario/Tbar_t-channel_TuneZ2star_8TeV-powheg-tauola/Summer12-stop-pfele-step1/08612d4202e480038f4d455e921715e5/tuple_73_1_rew.root
Begin processing the 6001st record. Run 1, Event 639761, LumiSection 2133 at 27-Nov-2012 03:15:19.924 EET
Begin processing the 7001st record. Run 1, Event 619778, LumiSection 2067 at 27-Nov-2012 03:15:23.494 EET
27-Nov-2012 03:15:24 EET  Closed file file:/hdfs/cms/store/user/mario/Tbar_t-channel_TuneZ2star_8TeV-powheg-tauola/Summer12-stop-pfele-step1/08612d4202e480038f4d455e921715e5/tuple_73_1_rew.root
27-Nov-2012 03:15:24 EET  Initiating request to open file file:/hdfs/cms/store/user/mario/Tbar_t-channel_TuneZ2star_8TeV-powheg-tauola/Summer12-stop-pfele-step1/08612d4202e480038f4d455e921715e5/tuple_74_1_TbW.root
27-Nov-2012 03:15:24 EET  Successfully opened file file:/hdfs/cms/store/user/mario/Tbar_t-channel_TuneZ2star_8TeV-powheg-tauola/Summer12-stop-pfele-step1/08612d4202e480038f4d455e921715e5/tuple_74_1_TbW.root
Begin processing the 8001st record. Run 1, Event 659198, LumiSection 2198 at 27-Nov-2012 03:15:29.303 EET
Begin processing the 9001st record. Run 1, Event 815613, LumiSection 2720 at 27-Nov-2012 03:15:32.440 EET
27-Nov-2012 03:15:33 EET  Closed file file:/hdfs/cms/store/user/mario/Tbar_t-channel_TuneZ2star_8TeV-powheg-tauola/Summer12-stop-pfele-step1/08612d4202e480038f4d455e921715e5/tuple_74_1_TbW.root
27-Nov-2012 03:15:33 EET  Initiating request to open file file:/hdfs/cms/store/user/mario/Tbar_t-channel_TuneZ2star_8TeV-powheg-tauola/Summer12-stop-pfele-step1/08612d4202e480038f4d455e921715e5/tuple_75_1_8WN.root
27-Nov-2012 03:15:33 EET  Successfully opened file file:/hdfs/cms/store/user/mario/Tbar_t-channel_TuneZ2star_8TeV-powheg-tauola/Summer12-stop-pfele-step1/08612d4202e480038f4d455e921715e5/tuple_75_1_8WN.root
Begin processing the 10001st record. Run 1, Event 866125, LumiSection 2888 at 27-Nov-2012 03:15:39.528 EET
Begin processing the 11001st record. Run 1, Event 968545, LumiSection 3229 at 27-Nov-2012 03:15:43.068 EET
27-Nov-2012 03:15:44 EET  Closed file file:/hdfs/cms/store/user/mario/Tbar_t-channel_TuneZ2star_8TeV-powheg-tauola/Summer12-stop-pfele-step1/08612d4202e480038f4d455e921715e5/tuple_75_1_8WN.root
27-Nov-2012 03:15:44 EET  Initiating request to open file file:/hdfs/cms/store/user/mario/Tbar_t-channel_TuneZ2star_8TeV-powheg-tauola/Summer12-stop-pfele-step1/08612d4202e480038f4d455e921715e5/tuple_76_1_H1y.root
27-Nov-2012 03:15:44 EET  Successfully opened file file:/hdfs/cms/store/user/mario/Tbar_t-channel_TuneZ2star_8TeV-powheg-tauola/Summer12-stop-pfele-step1/08612d4202e480038f4d455e921715e5/tuple_76_1_H1y.root
Begin processing the 12001st record. Run 1, Event 1009064, LumiSection 3365 at 27-Nov-2012 03:15:52.062 EET
Begin processing the 13001st record. Run 1, Event 1032580, LumiSection 3443 at 27-Nov-2012 03:15:55.252 EET
27-Nov-2012 03:15:55 EET  Closed file file:/hdfs/cms/store/user/mario/Tbar_t-channel_TuneZ2star_8TeV-powheg-tauola/Summer12-stop-pfele-step1/08612d4202e480038f4d455e921715e5/tuple_76_1_H1y.root
27-Nov-2012 03:15:55 EET  Initiating request to open file file:/hdfs/cms/store/user/mario/Tbar_t-channel_TuneZ2star_8TeV-powheg-tauola/Summer12-stop-pfele-step1/08612d4202e480038f4d455e921715e5/tuple_77_1_Peg.root
27-Nov-2012 03:15:56 EET  Successfully opened file file:/hdfs/cms/store/user/mario/Tbar_t-channel_TuneZ2star_8TeV-powheg-tauola/Summer12-stop-pfele-step1/08612d4202e480038f4d455e921715e5/tuple_77_1_Peg.root
Begin processing the 14001st record. Run 1, Event 1058198, LumiSection 3528 at 27-Nov-2012 03:16:05.527 EET
Begin processing the 15001st record. Run 1, Event 1081714, LumiSection 3607 at 27-Nov-2012 03:16:08.913 EET
27-Nov-2012 03:16:09 EET  Closed file file:/hdfs/cms/store/user/mario/Tbar_t-channel_TuneZ2star_8TeV-powheg-tauola/Summer12-stop-pfele-step1/08612d4202e480038f4d455e921715e5/tuple_77_1_Peg.root
27-Nov-2012 03:16:09 EET  Initiating request to open file file:/hdfs/cms/store/user/mario/Tbar_t-channel_TuneZ2star_8TeV-powheg-tauola/Summer12-stop-pfele-step1/08612d4202e480038f4d455e921715e5/tuple_81_1_UAp.root
27-Nov-2012 03:16:09 EET  Successfully opened file file:/hdfs/cms/store/user/mario/Tbar_t-channel_TuneZ2star_8TeV-powheg-tauola/Summer12-stop-pfele-step1/08612d4202e480038f4d455e921715e5/tuple_81_1_UAp.root
Begin processing the 16001st record. Run 1, Event 525561, LumiSection 1753 at 27-Nov-2012 03:16:17.181 EET
Begin processing the 17001st record. Run 1, Event 532581, LumiSection 1776 at 27-Nov-2012 03:16:20.379 EET
27-Nov-2012 03:16:20 EET  Closed file file:/hdfs/cms/store/user/mario/Tbar_t-channel_TuneZ2star_8TeV-powheg-tauola/Summer12-stop-pfele-step1/08612d4202e480038f4d455e921715e5/tuple_81_1_UAp.root
27-Nov-2012 03:16:20 EET  Initiating request to open file file:/hdfs/cms/store/user/mario/Tbar_t-channel_TuneZ2star_8TeV-powheg-tauola/Summer12-stop-pfele-step1/08612d4202e480038f4d455e921715e5/tuple_82_1_sFG.root
27-Nov-2012 03:16:21 EET  Successfully opened file file:/hdfs/cms/store/user/mario/Tbar_t-channel_TuneZ2star_8TeV-powheg-tauola/Summer12-stop-pfele-step1/08612d4202e480038f4d455e921715e5/tuple_82_1_sFG.root
Begin processing the 18001st record. Run 1, Event 572600, LumiSection 1909 at 27-Nov-2012 03:16:29.215 EET
Begin processing the 19001st record. Run 1, Event 550823, LumiSection 1837 at 27-Nov-2012 03:16:32.335 EET
27-Nov-2012 03:16:32 EET  Closed file file:/hdfs/cms/store/user/mario/Tbar_t-channel_TuneZ2star_8TeV-powheg-tauola/Summer12-stop-pfele-step1/08612d4202e480038f4d455e921715e5/tuple_82_1_sFG.root
27-Nov-2012 03:16:32 EET  Initiating request to open file file:/hdfs/cms/store/user/mario/Tbar_t-channel_TuneZ2star_8TeV-powheg-tauola/Summer12-stop-pfele-step1/08612d4202e480038f4d455e921715e5/tuple_83_1_i2g.root
27-Nov-2012 03:16:33 EET  Successfully opened file file:/hdfs/cms/store/user/mario/Tbar_t-channel_TuneZ2star_8TeV-powheg-tauola/Summer12-stop-pfele-step1/08612d4202e480038f4d455e921715e5/tuple_83_1_i2g.root
27-Nov-2012 03:16:39 EET  Closed file file:/hdfs/cms/store/user/mario/Tbar_t-channel_TuneZ2star_8TeV-powheg-tauola/Summer12-stop-pfele-step1/08612d4202e480038f4d455e921715e5/tuple_83_1_i2g.root

=============================================

MessageLogger Summary

 type     category        sev    module        subroutine        count    total
 ---- -------------------- -- ---------------- ----------------  -----    -----
    1 fileAction           -s file_close                            11       11
    2 fileAction           -s file_open                             22       22

 type    category    Examples: run/evt        run/evt          run/evt
 ---- -------------------- ---------------- ---------------- ----------------
    1 fileAction           PostProcessEvent PostProcessEvent PostEndRun
    2 fileAction           pre-events       pre-events       PostProcessEvent

Severity    # Occurrences   Total Occurrences
--------    -------------   -----------------
System                 33                  33
>>> END OF printout of 71 lines from stdout+stderr
>>> Parse FrameworkJobReport crab_fjr.xml
Result of parsing the FrameworkJobReport crab_fjr.xml: Popularity start
lumisRange : 1::2067,2174,2187,2198,2300,2311,2316,2720::1;1::1759,1792,1837,1902,1909,2815,2870,4074::2;1::::3;1::3490,3528,3538,3597,3605,3607,3627,3640::4;1::3233,3239,3245,3280,3365,3443,3538,3553::5;1::2035,2049,2062-2063,2067,2133,2257::6;1::76,92,102,258,284::7;1::423,433,456,489,492,2032,2034-2035::8;1::2720,2888,2892,2898,3009,3013,3229,3239::9;1::260,264,278,284,295,325,2157::10;1::1683,1723-1724,1728,1753,1759,1776,2405::11;
lumisParentRange : 
Basename : /store/user/mario/Tbar_t-channel_TuneZ2star_8TeV-powheg-tauola/Summer12-stop-pfele-step1/08612d4202e480038f4d455e921715e5/tuple_
BasenameParent : 
parentFiles : 
inputBlocks : /Tbar_t-channel_TuneZ2star_8TeV-powheg-tauola/mario-Summer12-stop-pfele-step1-08612d4202e480038f4d455e921715e5/USER#46a619e1-5ef6-4d18-a30c-655e09e9469b
inputFiles : 74_1_TbW.root::1::EDM::Local::1;82_1_sFG.root::1::EDM::Local::2;83_1_i2g.root::1::EDM::Local::3;77_1_Peg.root::1::EDM::Local::4;76_1_H1y.root::1::EDM::Local::5;73_1_rew.root::1::EDM::Local::6;67_1_0Wi.root::1::EDM::Local::7;72_2_Ree.root::1::EDM::Local::8;75_1_8WN.root::1::EDM::Local::9;68_1_UV5.root::1::EDM::Local::10;81_1_UAp.root::1::EDM::Local::11;
Popularity stop
Extracted ExitStatus from FrameworkJobReport parsing output: 0
>>> Executable succeded  0
ExeExitCode=0
EXECUTABLE_EXIT_STATUS = 0
>>> current directory /home/cms078/home_crobe_823122185/CREAM823122185/glide_X27747/execute/dir_14811/CMSSW_5_3_5
>>>  (SOFTWARE_DIR): /home/cms078/home_crobe_823122185/CREAM823122185/glide_X27747/execute/dir_14811/CMSSW_5_3_5
>>> (WORKING_DIR): 
>>> current directory content:
total 156
drwxr-xr-x 3 cms078 cms  4096 Nov 27 03:13 .SCRAM
-rw-r--r-- 1 cms078 cms 30066 Nov 27 03:13 CMSSW.py.pkl
drwxr-xr-x 3 cms078 cms  4096 Nov 27 03:13 bin
drwxr-xr-x 3 cms078 cms  4096 Nov 27 03:13 cfipython
drwxr-xr-x 5 cms078 cms  4096 Nov 27 03:13 config
-rw-r--r-- 1 cms078 cms    15 Nov 27 03:16 cpu_timing.txt
drwxr-xr-x 2 cms078 cms  4096 Nov 27 03:13 doc
-rw-r--r-- 1 cms078 cms  9716 Nov 27 03:16 executable.out
drwxr-xr-x 2 cms078 cms  4096 Nov 27 03:13 include
drwxrwxrwx 3 cms078 cms  4096 Oct 22 16:38 lib
drwxr-xr-x 3 cms078 cms  4096 Nov 27 03:13 logs
drwxr-xr-x 3 cms078 cms  4096 Nov 27 03:13 objs
-rw-r--r-- 1 cms078 cms 20885 Nov 27 03:16 optHistograms.root
-rw-r--r-- 1 cms078 cms   104 Nov 27 03:14 pset.py
-rw-r--r-- 1 cms078 cms 20382 Nov 27 03:14 pset.py.pkl
-rw-r--r-- 1 cms078 cms   289 Nov 27 03:14 pset.pyc
drwxr-xr-x 2 cms078 cms  4096 Nov 27 03:13 python
-rw-r--r-- 1 cms078 cms   414 Nov 27 03:16 report.log
drwxrwxrwx 4 cms078 cms  4096 Nov 27 03:13 src
drwxr-xr-x 3 cms078 cms  4096 Nov 27 03:13 test
drwxr-xr-x 3 cms078 cms  4096 Nov 27 03:13 tmp
>>> current directory /home/cms078/home_crobe_823122185/CREAM823122185/glide_X27747/execute/dir_14811/CMSSW_5_3_5
>>> (SOFTWARE_DIR): /home/cms078/home_crobe_823122185/CREAM823122185/glide_X27747/execute/dir_14811/CMSSW_5_3_5
>>> (WORKING_DIR): 
>>> current directory content:
total 132
drwxr-xr-x 3 cms078 cms  4096 Nov 27 03:13 .SCRAM
-rw-r--r-- 1 cms078 cms 30066 Nov 27 03:13 CMSSW.py.pkl
drwxr-xr-x 3 cms078 cms  4096 Nov 27 03:13 bin
drwxr-xr-x 3 cms078 cms  4096 Nov 27 03:13 cfipython
drwxr-xr-x 5 cms078 cms  4096 Nov 27 03:13 config
-rw-r--r-- 1 cms078 cms    15 Nov 27 03:16 cpu_timing.txt
drwxr-xr-x 2 cms078 cms  4096 Nov 27 03:13 doc
-rw-r--r-- 1 cms078 cms  9716 Nov 27 03:16 executable.out
drwxr-xr-x 2 cms078 cms  4096 Nov 27 03:13 include
drwxrwxrwx 3 cms078 cms  4096 Oct 22 16:38 lib
drwxr-xr-x 3 cms078 cms  4096 Nov 27 03:13 logs
drwxr-xr-x 3 cms078 cms  4096 Nov 27 03:13 objs
-rw-r--r-- 1 cms078 cms   104 Nov 27 03:14 pset.py
-rw-r--r-- 1 cms078 cms 20382 Nov 27 03:14 pset.py.pkl
-rw-r--r-- 1 cms078 cms   289 Nov 27 03:14 pset.pyc
drwxr-xr-x 2 cms078 cms  4096 Nov 27 03:13 python
-rw-r--r-- 1 cms078 cms   414 Nov 27 03:16 report.log
drwxrwxrwx 4 cms078 cms  4096 Nov 27 03:13 src
drwxr-xr-x 3 cms078 cms  4096 Nov 27 03:13 test
drwxr-xr-x 3 cms078 cms  4096 Nov 27 03:13 tmp
>>> current directory (RUNTIME_AREA):  /home/cms078/home_crobe_823122185/CREAM823122185/glide_X27747/execute/dir_14811
>>> current dir: /home/cms078/home_crobe_823122185/CREAM823122185/glide_X27747/execute/dir_14811
>>> current dir content:
total 25864
-rw-rw-rw-  1 cms078 cms     5590 Nov 27 03:13 .job.ad
-rw-rw-rw-  1 cms078 cms    11424 Nov 27 03:13 .machine.ad
-rw-rw-rw-  1 cms078 cms      105 Nov 27 01:48 CMSSW.py
-rw-rw-rw-  1 cms078 cms    30066 Nov 27 01:48 CMSSW.py.pkl
-rwxrw-rw-  1 cms078 cms    23331 Nov 27 03:13 CMSSW.sh
drwxr-xr-x 15 cms078 cms     4096 Nov 27 03:16 CMSSW_5_3_5
-rw-rw-rw-  1 cms078 cms        0 Nov 27 03:13 CMSSW_9.stderr
-rw-rw-rw-  1 cms078 cms    23173 Nov 27 03:16 CMSSW_9.stdout
-rw-r--r--  1 cms078 cms      347 Nov 27 03:13 CacheEnv.sh
-rw-rw-rw-  1 cms078 cms     7291 Jun  9  2010 DashboardAPI.py
-rw-r--r--  1 cms078 cms     6883 Nov 27 03:13 DashboardAPI.pyc
drwxrwxrwx  3 cms078 cms     4096 Nov 27 03:16 IMProv
-rw-rw-rw-  1 cms078 cms     2748 Mar  8  2006 Logger.py
-rw-r--r--  1 cms078 cms     3353 Nov 27 03:13 Logger.pyc
-rw-rw-rw-  1 cms078 cms    24524 Mar 28  2008 ProcInfo.py
-rw-r--r--  1 cms078 cms    23470 Nov 27 03:13 ProcInfo.pyc
drwxrwxrwx  7 cms078 cms     4096 Nov 27 03:14 ProdCommon
drwxrwxrwx  3 cms078 cms     4096 Nov 27 03:13 WMCore
-rw-r--r--  1 cms078 cms     1453 Nov 27 03:15 Watchdog_9.log
-rw-rw-rw-  1 cms078 cms    32895 Mar 28  2008 apmon.py
-rw-r--r--  1 cms078 cms    28874 Nov 27 03:13 apmon.pyc
-rw-rw-rw-  1 cms078 cms   177706 Nov 27 03:13 arguments.xml
-rwxrwxrwx  1 cms078 cms    37427 Sep 13 14:14 cmscp.py
-rwxrwxrwx  1 cms078 cms    23331 Nov 27 03:13 condor_exec.exe
-rw-rw-rw-  1 cms078 cms      541 Nov 27 01:47 crab.cfg
-rwxrwxrwx  1 cms078 cms     9531 Sep 20 21:46 crabWatchdog.sh
-rw-r--r--  1 cms078 cms    51318 Nov 27 03:16 crab_fjr_9.xml
-rw-rw-rw-  1 cms078 cms 25796231 Nov 27 03:13 default.tgz
-rwxrwxrwx  1 cms078 cms     4488 May 12  2012 fillCrabFjr.py
-rw-r--r--  1 cms078 cms     1763 Nov 27 03:14 inputsReport.txt
-rw-r--r--  1 cms078 cms      130 Nov 27 03:16 jobreport.txt
lrwxrwxrwx  1 cms078 cms      106 Nov 27 03:16 optHistograms.root -> /home/cms078/home_crobe_823122185/CREAM823122185/glide_X27747/execute/dir_14811/optHistograms_9_1_bxQ.root
-rw-r--r--  1 cms078 cms    20885 Nov 27 03:16 optHistograms_9_1_bxQ.root
-rw-rw-rw-  1 cms078 cms    17352 Jan 20  2012 parseCrabFjr.py
-rw-r--r--  1 cms078 cms      282 Nov 27 03:13 report.log
-rwxrwxrwx  1 cms078 cms     1497 May 27  2009 report.py
-rwxrwxrwx  1 cms078 cms     8387 Mar 23  2011 writeCfg.py
-rw-------  1 cms078 cms     8687 Nov 27 03:13 x509up_u1000009
Checking output files:  
will tar file optHistograms_9_1_bxQ.root in  out_files_9
will tar file crab_fjr_9.xml in  out_files_9
will tar file CMSSW_9.stdout in  out_files_9
will tar file CMSSW_9.stderr in  out_files_9
WARNING: output file Watchdog_9.log.gz not found!
>>> padding time: Sleeping the wrapper for 421 seconds
STOPPING WATCHDOG. CrabWatchdog PID is 18307
********** LAST 50 LINES OF WATCHDOG LOG
# RESOURCE USAGE SUMMARY FOR PROCESS ID 15804
USER       PID %CPU %MEM    VSZ   RSS TTY      STAT START   TIME COMMAND
cms078   15804  0.2  0.0   8956  1484 ?        S    03:13   0:00 /bin/sh /home/cms078/home_crobe_823122185/CREAM823122185/glide_X27747/execute/dir_14811/condor_exec.exe 9 1
 
# LIMITS USED BY THIS WATCHDOG:
# RSS  (KBytes)  : 2300000
# VSZ  (KBytes)  : 100000000
# DISK (MBytes)  : 19000
# CPU  (seconds) : 171600
# WALL (seconds) : 171600
 
# FOLLOWING PRINTOUT TRACKS MAXIMUM VALUES OF RESOURCES USE
# ONE LINE IS PRINTED EACH TIME A MAXIMUM CHANGES
# IF CHANGE WAS IN RSS OR VSZ ALSO PROCID AND COMMAND ARE PRINTED
# THERE IS NO PRINTOUT FOR CPU/WALL TIME INCREASE
 
# TIME			PID	RSS(KB)	VSZ(KB)	Dsk(MB)	tCPU(s)	tWALL(s)	COMMAND
 Nov 27 03:14:00 EET	1144	1340	8816	0	0	1273	/bin/bash /home/cms078/home_crobe_823122185/CREAM823122185/glide_X27747/main/condor_startup.sh glidein_config       
 Nov 27 03:14:00 EET	1770	6028	9680	0	0	1272	/home/cms078/home_crobe_823122185/CREAM823122185/glide_X27747/main/condor/sbin/condor_master -f -pidfile /home/cms078/home_crobe_823122185/CREAM823122185/glide_X27747/condor_master2.pid      
 Nov 27 03:14:00 EET	18344	24216	84908	0	0	2	edmConfigHash pset.py        
 Nov 27 03:14:00 EET	---	24216	84908	168	----	----	----
 Nov 27 03:15:05 EET	20282	351308	551272	168	27	57	cmsRun -j /home/cms078/home_crobe_823122185/CREAM823122185/glide_X27747/execute/dir_14811/crab_fjr_9.xml -p pset.py     
 Nov 27 03:17:13 EET	---	351308	551272	169	----	----	----
********** WATCHDOG LOG ENDED
ZIPPING WATCHDOG LOG
Disk space used:
du -sh /home/cms078/home_crobe_823122185/CREAM823122185/glide_X27747/execute/dir_14811
169M	/home/cms078/home_crobe_823122185/CREAM823122185/glide_X27747/execute/dir_14811
>>> info for dashboard:
***** Cat /home/cms078/home_crobe_823122185/CREAM823122185/glide_X27747/execute/dir_14811/jobreport.txt *****
MonitorJobID=9_https://submit-2.t2.ucsd.edu//121127//17542.8
MonitorID=liis_crab_0_121127_014711_7us61f
ExeTime=150
ExeExitCode=0
CrabUserCpuTime=76.90
CrabSysCpuTime=5.03
CrabCpuPercentage=54%
CrabWrapperTime=600
CrabStageoutTime=NULL
***** End Cat jobreport *****
Parameters sent to Dashboard.
optHistograms_9_1_bxQ.root
crab_fjr_9.xml
CMSSW_9.stdout
CMSSW_9.stderr
Watchdog_9.log.gz
tar: .BrokerInfo: Cannot stat: No such file or directory
tar: Error exit delayed from previous errors
Total Output dimension: 27901
WARNING: output files size limit is set to: 50000000
Total Output dimension 27901 is fine.
JOB_EXIT_STATUS = 0
>>> info for dashboard:
***** Cat /home/cms078/home_crobe_823122185/CREAM823122185/glide_X27747/execute/dir_14811/jobreport.txt *****
MonitorJobID=9_https://submit-2.t2.ucsd.edu//121127//17542.8
MonitorID=liis_crab_0_121127_014711_7us61f
JobExitCode=0
***** End Cat jobreport *****
Parameters sent to Dashboard.
optHistograms_9_1_bxQ.root
crab_fjr_9.xml
