This script was generated by crab (version 2.8.3).
Running /home/cms088/home_crobe_170458113/CREAM170458113/glide_M31210/execute/dir_14767/condor_exec.exe with 2 positional parameters: 83 1
Today is Tue Nov 27 03:19:57 EET 2012
Job submitted on host wn-v-5528.local
Linux wn-v-5528.local 2.6.32-042stab059.7 #1 SMP Tue Jul 24 19:12:01 MSK 2012 x86_64 x86_64 x86_64 GNU/Linux
>>> current directory (RUNTIME_AREA): /home/cms088/home_crobe_170458113/CREAM170458113/glide_M31210/execute/dir_14767
>>> current user: uid=11088(cms088) gid=1400(cms) groups=1400(cms)
>>> voms proxy information:
subject   : /DC=ch/DC=cern/OU=Organic Units/OU=Users/CN=liis/CN=663550/CN=Liis Rebane/CN=proxy/CN=limited proxy
issuer    : /DC=ch/DC=cern/OU=Organic Units/OU=Users/CN=liis/CN=663550/CN=Liis Rebane/CN=proxy
identity  : /DC=ch/DC=cern/OU=Organic Units/OU=Users/CN=liis/CN=663550/CN=Liis Rebane/CN=proxy
type      : limited proxy
strength  : 512 bits
path      : /home/cms088/home_crobe_170458113/CREAM170458113/glide_M31210/execute/dir_14767/x509up_u1000009
timeleft  : 23:58:55
key usage : Digital Signature, Key Encipherment, Data Encipherment
=== VO cms extension information ===
VO        : cms
subject   : /DC=ch/DC=cern/OU=Organic Units/OU=Users/CN=liis/CN=663550/CN=Liis Rebane
issuer    : /DC=ch/DC=cern/OU=computers/CN=lcg-voms.cern.ch
attribute : /cms/Role=NULL/Capability=NULL
timeleft  : 190:05:40
uri       : lcg-voms.cern.ch:15002
>>> tar xzf /home/cms088/home_crobe_170458113/CREAM170458113/glide_M31210/execute/dir_14767/default.tgz :
Successful untar
>>> Include /home/cms088/home_crobe_170458113/CREAM170458113/glide_M31210/execute/dir_14767 in PYTHONPATH:
strip arguments
env var CRAB_UNIQUE_JOB_ID set to: liis_crab_0_121127_014711_7us61f_83_1_b7H
out_files_83
>>> list of expected files on output sandbox
output files: optHistograms_83_1_b7H.root crab_fjr_83.xml CMSSW_83.stdout CMSSW_83.stderr Watchdog_83.log.gz
>>> GridFlavour discovery: 
GridFlavour=LCG
>>> SyncSite discovery: 
SyncSite=T2_EE_Estonia
>>> SyncCE discovery: 
getting SyncCE from CE_ID
SyncCE=oberon.hep.kbfi.ee:8443/cream-pbs-long
>>> info for dashboard:
***** Cat /home/cms088/home_crobe_170458113/CREAM170458113/glide_M31210/execute/dir_14767/jobreport.txt *****
MonitorJobID=83_https://submit-2.t2.ucsd.edu//121127//17542.82
SyncGridJobId=https://submit-2.t2.ucsd.edu//121127//17542.82
MonitorID=liis_crab_0_121127_014711_7us61f
GridFlavour=LCG
SyncSite=T2_EE_Estonia
SyncCE=oberon.hep.kbfi.ee:8443/cream-pbs-long
***** End Cat jobreport *****
Parameters sent to Dashboard.
>>> setup environment
set SCRAM ARCH to slc5_amd64_gcc462
SCRAM_ARCH = slc5_amd64_gcc462
>>> setup CMS LCG environment:
set SCRAM ARCH and BUILD_ARCH to slc5_amd64_gcc462 ###
Sourcing environment... 
sourcing /cvmfs/cms.cern.ch/cmsset_default.sh
==> setup cms environment ok
>>> specific cmssw setup environment:
CMSSW_VERSION =  CMSSW_5_3_5
>>> current directory (SOFTWARE_DIR): /home/cms088/home_crobe_170458113/CREAM170458113/glide_M31210/execute/dir_14767/CMSSW_5_3_5
PreserveSeeds: <>
IncrementSeeds:<>
{}
WNHostName=wn-v-5528.local
>>> info for dashboard:
***** Cat /home/cms088/home_crobe_170458113/CREAM170458113/glide_M31210/execute/dir_14767/jobreport.txt *****
MonitorJobID=83_https://submit-2.t2.ucsd.edu//121127//17542.82
MonitorID=liis_crab_0_121127_014711_7us61f
WNHostName=wn-v-5528.local
***** End Cat jobreport *****
Parameters sent to Dashboard.
crabWatchdog started as process 16216
>>> moving CMSSW software directories in /home/cms088/home_crobe_170458113/CREAM170458113/glide_M31210/execute/dir_14767/CMSSW_5_3_5
mv: cannot stat `/home/cms088/home_crobe_170458113/CREAM170458113/glide_M31210/execute/dir_14767/module/': No such file or directory
>>> Include /home/cms088/home_crobe_170458113/CREAM170458113/glide_M31210/execute/dir_14767 in PYTHONPATH:
PYTHONPATH=/home/cms088/home_crobe_170458113/CREAM170458113/glide_M31210/execute/dir_14767/:/home/cms088/home_crobe_170458113/CREAM170458113/glide_M31210/execute/dir_14767/CMSSW_5_3_5/python:/home/cms088/home_crobe_170458113/CREAM170458113/glide_M31210/execute/dir_14767/CMSSW_5_3_5/lib/slc5_amd64_gcc462:/cvmfs/cms.cern.ch/slc5_amd64_gcc462/cms/cmssw/CMSSW_5_3_5/python:/cvmfs/cms.cern.ch/slc5_amd64_gcc462/cms/cmssw/CMSSW_5_3_5/lib/slc5_amd64_gcc462:/cvmfs/cms.cern.ch/slc5_amd64_gcc462/cms/coral/CORAL_2_3_21-cms27/slc5_amd64_gcc462/python:/cvmfs/cms.cern.ch/slc5_amd64_gcc462/cms/coral/CORAL_2_3_21-cms27/slc5_amd64_gcc462/lib:/cvmfs/cms.cern.ch/slc5_amd64_gcc462/external/pyqt/4.8.1/lib/python2.6/site-packages:/cvmfs/cms.cern.ch/slc5_amd64_gcc462/external/py2-scipy/0.8.0/lib/python2.6/site-packages:/cvmfs/cms.cern.ch/slc5_amd64_gcc462/external/py2-matplotlib/1.0.1/lib/python2.6/site-packages:/cvmfs/cms.cern.ch/slc5_amd64_gcc462/external/python-ldap/2.3.5/lib/python2.6/site-packages:/cvmfs/cms.cern.ch/slc5_amd64_gcc462/external/sip/4.11.2/lib/python2.6/site-packages:/cvmfs/cms.cern.ch/slc5_amd64_gcc462/external/py2-pycurl/7.19.0/lib/python2.6/site-packages:/cvmfs/cms.cern.ch/slc5_amd64_gcc462/external/py2-numpy/1.6.1/lib/python2.6/site-packages:/cvmfs/cms.cern.ch/slc5_amd64_gcc462/external/py2-ipython/0.10/lib/python2.6/site-packages:/cvmfs/cms.cern.ch/slc5_amd64_gcc462/external/py2-cx-oracle/5.1-cms11/lib/python2.6/site-packages:/cvmfs/cms.cern.ch/slc5_amd64_gcc462/external/py2-cjson/1.0.5/lib/python2.6/site-packages:/cvmfs/cms.cern.ch/slc5_amd64_gcc462/cms/das-client/1.4.1-cms8/bin:/cvmfs/cms.cern.ch/slc5_amd64_gcc462/external/elementtree/1.2.6/share/lib/python2.6/site-packages:/cvmfs/cms.cern.ch/slc5_amd64_gcc462/external/rivet/1.5.1-cms10/lib/python2.6/site-packages:/cvmfs/cms.cern.ch/slc5_amd64_gcc462/external/pyminuit2/0.0.1-cms34/lib/python2.6/site-packages:/cvmfs/cms.cern.ch/slc5_amd64_gcc462/external/professor/1.0.0-cms35/lib/python2.6/site-packages:/cvmfs/cms.cern.ch/slc5_amd64_gcc462/lcg/root/5.32.00-cms18/lib:/cvmfs/cms.cern.ch/slc5_amd64_gcc462/cms/dbs-client/DBS_2_1_1_patch1_1/lib:/cvmfs/cms.cern.ch/slc5_amd64_gcc462/cms/dbs-client/DBS_2_1_1_patch1_1/lib/DBSAPI:/home/cms088/home_crobe_170458113/CREAM170458113/glide_M31210/execute/dir_14767/
241a2a19cb7c5c8751ba22759ab3bdb0
PSETHASH = 241a2a19cb7c5c8751ba22759ab3bdb0
/home/cms088/home_crobe_170458113/CREAM170458113/glide_M31210/execute/dir_14767/writeCfg.py pset.py pset.py
Importing .py file
Setting parameters
inputBlocks=/Tbar_t-channel_TuneZ2star_8TeV-powheg-tauola/mario-Summer12-stop-pfele-step1-08612d4202e480038f4d455e921715e5/USER#46a619e1-5ef6-4d18-a30c-655e09e9469b
inputFiles=/store/user/mario/Tbar_t-channel_TuneZ2star_8TeV-powheg-tauola/Summer12-stop-pfele-step1/08612d4202e480038f4d455e921715e5/tuple_31_1_Ln6.root;/store/user/mario/Tbar_t-channel_TuneZ2star_8TeV-powheg-tauola/Summer12-stop-pfele-step1/08612d4202e480038f4d455e921715e5/tuple_32_1_zPZ.root;/store/user/mario/Tbar_t-channel_TuneZ2star_8TeV-powheg-tauola/Summer12-stop-pfele-step1/08612d4202e480038f4d455e921715e5/tuple_33_1_YnR.root;/store/user/mario/Tbar_t-channel_TuneZ2star_8TeV-powheg-tauola/Summer12-stop-pfele-step1/08612d4202e480038f4d455e921715e5/tuple_237_1_JG5.root;/store/user/mario/Tbar_t-channel_TuneZ2star_8TeV-powheg-tauola/Summer12-stop-pfele-step1/08612d4202e480038f4d455e921715e5/tuple_241_1_8W3.root;/store/user/mario/Tbar_t-channel_TuneZ2star_8TeV-powheg-tauola/Summer12-stop-pfele-step1/08612d4202e480038f4d455e921715e5/tuple_402_1_UBG.root;/store/user/mario/Tbar_t-channel_TuneZ2star_8TeV-powheg-tauola/Summer12-stop-pfele-step1/08612d4202e480038f4d455e921715e5/tuple_375_1_7RF.root;/store/user/mario/Tbar_t-channel_TuneZ2star_8TeV-powheg-tauola/Summer12-stop-pfele-step1/08612d4202e480038f4d455e921715e5/tuple_386_2_580.root;/store/user/mario/Tbar_t-channel_TuneZ2star_8TeV-powheg-tauola/Summer12-stop-pfele-step1/08612d4202e480038f4d455e921715e5/tuple_387_2_2LK.root;/store/user/mario/Tbar_t-channel_TuneZ2star_8TeV-powheg-tauola/Summer12-stop-pfele-step1/08612d4202e480038f4d455e921715e5/tuple_403_1_Zmi.root;/store/user/mario/Tbar_t-channel_TuneZ2star_8TeV-powheg-tauola/Summer12-stop-pfele-step1/08612d4202e480038f4d455e921715e5/tuple_404_1_DSy.root
parentFiles=
lumisRange=
>>> Executable cmsRun
/cvmfs/cms.cern.ch/slc5_amd64_gcc462/cms/cmssw/CMSSW_5_3_5/bin/slc5_amd64_gcc462/cmsRun
ok executable found
>>> info for dashboard:
***** Cat /home/cms088/home_crobe_170458113/CREAM170458113/glide_M31210/execute/dir_14767/jobreport.txt *****
MonitorJobID=83_https://submit-2.t2.ucsd.edu//121127//17542.82
MonitorID=liis_crab_0_121127_014711_7us61f
ExeStart=cmsRun
***** End Cat jobreport *****
Parameters sent to Dashboard.
>>> cmsRun started at Tue Nov 27 01:20:12 UTC 2012
>>> cmsRun ended at Tue Nov 27 01:22:59 UTC 2012
>>> info for dashboard:
***** Cat /home/cms088/home_crobe_170458113/CREAM170458113/glide_M31210/execute/dir_14767/jobreport.txt *****
MonitorJobID=83_https://submit-2.t2.ucsd.edu//121127//17542.82
MonitorID=liis_crab_0_121127_014711_7us61f
ExeEnd=cmsRun
***** End Cat jobreport *****
Parameters sent to Dashboard.
TIME_EXE = 167 sec
>>> cmsRun wrote 77 lines of stdout+stderr
>>> START OF printout of 77 lines from stdout+stderr
27-Nov-2012 03:20:38 EET  Initiating request to open file file:/hdfs/cms/store/user/mario/Tbar_t-channel_TuneZ2star_8TeV-powheg-tauola/Summer12-stop-pfele-step1/08612d4202e480038f4d455e921715e5/tuple_31_1_Ln6.root
27-Nov-2012 03:20:46 EET  Successfully opened file file:/hdfs/cms/store/user/mario/Tbar_t-channel_TuneZ2star_8TeV-powheg-tauola/Summer12-stop-pfele-step1/08612d4202e480038f4d455e921715e5/tuple_31_1_Ln6.root
Begin processing the 1st record. Run 1, Event 1087573, LumiSection 3626 at 27-Nov-2012 03:20:56.421 EET
27-Nov-2012 03:20:59 EET  Closed file file:/hdfs/cms/store/user/mario/Tbar_t-channel_TuneZ2star_8TeV-powheg-tauola/Summer12-stop-pfele-step1/08612d4202e480038f4d455e921715e5/tuple_31_1_Ln6.root
27-Nov-2012 03:20:59 EET  Initiating request to open file file:/hdfs/cms/store/user/mario/Tbar_t-channel_TuneZ2star_8TeV-powheg-tauola/Summer12-stop-pfele-step1/08612d4202e480038f4d455e921715e5/tuple_32_1_zPZ.root
27-Nov-2012 03:20:59 EET  Successfully opened file file:/hdfs/cms/store/user/mario/Tbar_t-channel_TuneZ2star_8TeV-powheg-tauola/Summer12-stop-pfele-step1/08612d4202e480038f4d455e921715e5/tuple_32_1_zPZ.root
%MSG-w compNuP4:  TopJetPairProducer:topJetPairs 27-Nov-2012 03:21:06 EET  Run: 1 Event: 1071136
THREE REAL SOLUTIONS: z1 = 122.194, z2 = 71.7238, z3 = 43.0402. Use only z1.
%MSG
Begin processing the 1001st record. Run 1, Event 1074793, LumiSection 3584 at 27-Nov-2012 03:21:06.917 EET
Begin processing the 2001st record. Run 1, Event 1177510, LumiSection 3926 at 27-Nov-2012 03:21:09.045 EET
27-Nov-2012 03:21:09 EET  Closed file file:/hdfs/cms/store/user/mario/Tbar_t-channel_TuneZ2star_8TeV-powheg-tauola/Summer12-stop-pfele-step1/08612d4202e480038f4d455e921715e5/tuple_32_1_zPZ.root
27-Nov-2012 03:21:09 EET  Initiating request to open file file:/hdfs/cms/store/user/mario/Tbar_t-channel_TuneZ2star_8TeV-powheg-tauola/Summer12-stop-pfele-step1/08612d4202e480038f4d455e921715e5/tuple_33_1_YnR.root
27-Nov-2012 03:21:10 EET  Successfully opened file file:/hdfs/cms/store/user/mario/Tbar_t-channel_TuneZ2star_8TeV-powheg-tauola/Summer12-stop-pfele-step1/08612d4202e480038f4d455e921715e5/tuple_33_1_YnR.root
Begin processing the 3001st record. Run 1, Event 1185430, LumiSection 3953 at 27-Nov-2012 03:21:17.845 EET
Begin processing the 4001st record. Run 1, Event 1187045, LumiSection 3958 at 27-Nov-2012 03:21:21.787 EET
27-Nov-2012 03:21:22 EET  Closed file file:/hdfs/cms/store/user/mario/Tbar_t-channel_TuneZ2star_8TeV-powheg-tauola/Summer12-stop-pfele-step1/08612d4202e480038f4d455e921715e5/tuple_33_1_YnR.root
27-Nov-2012 03:21:22 EET  Initiating request to open file file:/hdfs/cms/store/user/mario/Tbar_t-channel_TuneZ2star_8TeV-powheg-tauola/Summer12-stop-pfele-step1/08612d4202e480038f4d455e921715e5/tuple_237_1_JG5.root
27-Nov-2012 03:21:23 EET  Successfully opened file file:/hdfs/cms/store/user/mario/Tbar_t-channel_TuneZ2star_8TeV-powheg-tauola/Summer12-stop-pfele-step1/08612d4202e480038f4d455e921715e5/tuple_237_1_JG5.root
Begin processing the 5001st record. Run 1, Event 449780, LumiSection 1500 at 27-Nov-2012 03:21:33.252 EET
Begin processing the 6001st record. Run 1, Event 501405, LumiSection 1672 at 27-Nov-2012 03:21:35.783 EET
27-Nov-2012 03:21:36 EET  Closed file file:/hdfs/cms/store/user/mario/Tbar_t-channel_TuneZ2star_8TeV-powheg-tauola/Summer12-stop-pfele-step1/08612d4202e480038f4d455e921715e5/tuple_237_1_JG5.root
27-Nov-2012 03:21:36 EET  Initiating request to open file file:/hdfs/cms/store/user/mario/Tbar_t-channel_TuneZ2star_8TeV-powheg-tauola/Summer12-stop-pfele-step1/08612d4202e480038f4d455e921715e5/tuple_241_1_8W3.root
27-Nov-2012 03:21:37 EET  Successfully opened file file:/hdfs/cms/store/user/mario/Tbar_t-channel_TuneZ2star_8TeV-powheg-tauola/Summer12-stop-pfele-step1/08612d4202e480038f4d455e921715e5/tuple_241_1_8W3.root
Begin processing the 7001st record. Run 1, Event 1519958, LumiSection 5068 at 27-Nov-2012 03:21:44.464 EET
Begin processing the 8001st record. Run 1, Event 1173384, LumiSection 3912 at 27-Nov-2012 03:21:47.661 EET
27-Nov-2012 03:21:48 EET  Closed file file:/hdfs/cms/store/user/mario/Tbar_t-channel_TuneZ2star_8TeV-powheg-tauola/Summer12-stop-pfele-step1/08612d4202e480038f4d455e921715e5/tuple_241_1_8W3.root
27-Nov-2012 03:21:48 EET  Initiating request to open file file:/hdfs/cms/store/user/mario/Tbar_t-channel_TuneZ2star_8TeV-powheg-tauola/Summer12-stop-pfele-step1/08612d4202e480038f4d455e921715e5/tuple_402_1_UBG.root
27-Nov-2012 03:21:49 EET  Successfully opened file file:/hdfs/cms/store/user/mario/Tbar_t-channel_TuneZ2star_8TeV-powheg-tauola/Summer12-stop-pfele-step1/08612d4202e480038f4d455e921715e5/tuple_402_1_UBG.root
Begin processing the 9001st record. Run 1, Event 1442771, LumiSection 4810 at 27-Nov-2012 03:21:54.016 EET
Begin processing the 10001st record. Run 1, Event 1467187, LumiSection 4892 at 27-Nov-2012 03:21:57.405 EET
27-Nov-2012 03:21:58 EET  Closed file file:/hdfs/cms/store/user/mario/Tbar_t-channel_TuneZ2star_8TeV-powheg-tauola/Summer12-stop-pfele-step1/08612d4202e480038f4d455e921715e5/tuple_402_1_UBG.root
27-Nov-2012 03:21:58 EET  Initiating request to open file file:/hdfs/cms/store/user/mario/Tbar_t-channel_TuneZ2star_8TeV-powheg-tauola/Summer12-stop-pfele-step1/08612d4202e480038f4d455e921715e5/tuple_375_1_7RF.root
27-Nov-2012 03:21:58 EET  Successfully opened file file:/hdfs/cms/store/user/mario/Tbar_t-channel_TuneZ2star_8TeV-powheg-tauola/Summer12-stop-pfele-step1/08612d4202e480038f4d455e921715e5/tuple_375_1_7RF.root
Begin processing the 11001st record. Run 1, Event 884938, LumiSection 2951 at 27-Nov-2012 03:22:07.474 EET
Begin processing the 12001st record. Run 1, Event 388360, LumiSection 1295 at 27-Nov-2012 03:22:09.804 EET
27-Nov-2012 03:22:10 EET  Closed file file:/hdfs/cms/store/user/mario/Tbar_t-channel_TuneZ2star_8TeV-powheg-tauola/Summer12-stop-pfele-step1/08612d4202e480038f4d455e921715e5/tuple_375_1_7RF.root
27-Nov-2012 03:22:10 EET  Initiating request to open file file:/hdfs/cms/store/user/mario/Tbar_t-channel_TuneZ2star_8TeV-powheg-tauola/Summer12-stop-pfele-step1/08612d4202e480038f4d455e921715e5/tuple_386_2_580.root
27-Nov-2012 03:22:11 EET  Successfully opened file file:/hdfs/cms/store/user/mario/Tbar_t-channel_TuneZ2star_8TeV-powheg-tauola/Summer12-stop-pfele-step1/08612d4202e480038f4d455e921715e5/tuple_386_2_580.root
Begin processing the 13001st record. Run 1, Event 1003309, LumiSection 3346 at 27-Nov-2012 03:22:24.486 EET
Begin processing the 14001st record. Run 1, Event 1186131, LumiSection 3955 at 27-Nov-2012 03:22:27.372 EET
27-Nov-2012 03:22:28 EET  Closed file file:/hdfs/cms/store/user/mario/Tbar_t-channel_TuneZ2star_8TeV-powheg-tauola/Summer12-stop-pfele-step1/08612d4202e480038f4d455e921715e5/tuple_386_2_580.root
27-Nov-2012 03:22:28 EET  Initiating request to open file file:/hdfs/cms/store/user/mario/Tbar_t-channel_TuneZ2star_8TeV-powheg-tauola/Summer12-stop-pfele-step1/08612d4202e480038f4d455e921715e5/tuple_387_2_2LK.root
27-Nov-2012 03:22:29 EET  Successfully opened file file:/hdfs/cms/store/user/mario/Tbar_t-channel_TuneZ2star_8TeV-powheg-tauola/Summer12-stop-pfele-step1/08612d4202e480038f4d455e921715e5/tuple_387_2_2LK.root
Begin processing the 15001st record. Run 1, Event 1316157, LumiSection 4388 at 27-Nov-2012 03:22:35.578 EET
Begin processing the 16001st record. Run 1, Event 1441978, LumiSection 4808 at 27-Nov-2012 03:22:38.874 EET
27-Nov-2012 03:22:40 EET  Closed file file:/hdfs/cms/store/user/mario/Tbar_t-channel_TuneZ2star_8TeV-powheg-tauola/Summer12-stop-pfele-step1/08612d4202e480038f4d455e921715e5/tuple_387_2_2LK.root
27-Nov-2012 03:22:40 EET  Initiating request to open file file:/hdfs/cms/store/user/mario/Tbar_t-channel_TuneZ2star_8TeV-powheg-tauola/Summer12-stop-pfele-step1/08612d4202e480038f4d455e921715e5/tuple_403_1_Zmi.root
27-Nov-2012 03:22:40 EET  Successfully opened file file:/hdfs/cms/store/user/mario/Tbar_t-channel_TuneZ2star_8TeV-powheg-tauola/Summer12-stop-pfele-step1/08612d4202e480038f4d455e921715e5/tuple_403_1_Zmi.root
Begin processing the 17001st record. Run 1, Event 1460411, LumiSection 4869 at 27-Nov-2012 03:22:46.153 EET
Begin processing the 18001st record. Run 1, Event 1481838, LumiSection 4941 at 27-Nov-2012 03:22:49.603 EET
27-Nov-2012 03:22:50 EET  Closed file file:/hdfs/cms/store/user/mario/Tbar_t-channel_TuneZ2star_8TeV-powheg-tauola/Summer12-stop-pfele-step1/08612d4202e480038f4d455e921715e5/tuple_403_1_Zmi.root
27-Nov-2012 03:22:50 EET  Initiating request to open file file:/hdfs/cms/store/user/mario/Tbar_t-channel_TuneZ2star_8TeV-powheg-tauola/Summer12-stop-pfele-step1/08612d4202e480038f4d455e921715e5/tuple_404_1_DSy.root
27-Nov-2012 03:22:51 EET  Successfully opened file file:/hdfs/cms/store/user/mario/Tbar_t-channel_TuneZ2star_8TeV-powheg-tauola/Summer12-stop-pfele-step1/08612d4202e480038f4d455e921715e5/tuple_404_1_DSy.root
Begin processing the 19001st record. Run 1, Event 1576666, LumiSection 5257 at 27-Nov-2012 03:22:56.680 EET
27-Nov-2012 03:22:57 EET  Closed file file:/hdfs/cms/store/user/mario/Tbar_t-channel_TuneZ2star_8TeV-powheg-tauola/Summer12-stop-pfele-step1/08612d4202e480038f4d455e921715e5/tuple_404_1_DSy.root

=============================================

MessageLogger Summary

 type     category        sev    module        subroutine        count    total
 ---- -------------------- -- ---------------- ----------------  -----    -----
    1 compNuP4             -w TopJetPairProduc                       1        1
    2 fileAction           -s file_close                            11       11
    3 fileAction           -s file_open                             22       22

 type    category    Examples: run/evt        run/evt          run/evt
 ---- -------------------- ---------------- ---------------- ----------------
    1 compNuP4             1/1071136                         
    2 fileAction           PostProcessEvent PostProcessEvent PostEndRun
    3 fileAction           pre-events       pre-events       PostProcessEvent

Severity    # Occurrences   Total Occurrences
--------    -------------   -----------------
Warning                 1                   1
System                 33                  33
>>> END OF printout of 77 lines from stdout+stderr
>>> Parse FrameworkJobReport crab_fjr.xml
Result of parsing the FrameworkJobReport crab_fjr.xml: Popularity start
lumisRange : 1::4798-4800,4810,4823,4848,4863,4892::1;1::553,732,1070,1288,1295,1298,2951,3169::2;1::3571-3572,3584,3614,3628,3905,3926::3;1::3571,3626,3629::4;1::3980,4385,4388,4390,4534,4669,4806,4808::5;1::4863,4865,4869,4884,4887,4937,4941-4942::6;1::2606,3035,3406,3912,3949,4620,5068,5258::7;1::2912,2923,3345-3346,3352,3941,3955,3980::8;1::4942,5156,5257,5274::9;1::1494,1497,1500,1503,1620,1672,1738::10;1::3628,3630,3632,3953,3958,3975,4080,4327::11;
lumisParentRange : 
Basename : /store/user/mario/Tbar_t-channel_TuneZ2star_8TeV-powheg-tauola/Summer12-stop-pfele-step1/08612d4202e480038f4d455e921715e5/tuple_
BasenameParent : 
parentFiles : 
inputBlocks : /Tbar_t-channel_TuneZ2star_8TeV-powheg-tauola/mario-Summer12-stop-pfele-step1-08612d4202e480038f4d455e921715e5/USER#46a619e1-5ef6-4d18-a30c-655e09e9469b
inputFiles : 402_1_UBG.root::1::EDM::Local::1;375_1_7RF.root::1::EDM::Local::2;32_1_zPZ.root::1::EDM::Local::3;31_1_Ln6.root::1::EDM::Local::4;387_2_2LK.root::1::EDM::Local::5;403_1_Zmi.root::1::EDM::Local::6;241_1_8W3.root::1::EDM::Local::7;386_2_580.root::1::EDM::Local::8;404_1_DSy.root::1::EDM::Local::9;237_1_JG5.root::1::EDM::Local::10;33_1_YnR.root::1::EDM::Local::11;
Popularity stop
Extracted ExitStatus from FrameworkJobReport parsing output: 0
>>> Executable succeded  0
ExeExitCode=0
EXECUTABLE_EXIT_STATUS = 0
>>> current directory /home/cms088/home_crobe_170458113/CREAM170458113/glide_M31210/execute/dir_14767/CMSSW_5_3_5
>>>  (SOFTWARE_DIR): /home/cms088/home_crobe_170458113/CREAM170458113/glide_M31210/execute/dir_14767/CMSSW_5_3_5
>>> (WORKING_DIR): 
>>> current directory content:
total 156
drwxr-xr-x 3 cms088 cms  4096 Nov 27 03:20 .SCRAM
-rw-r--r-- 1 cms088 cms 30066 Nov 27 03:20 CMSSW.py.pkl
drwxr-xr-x 3 cms088 cms  4096 Nov 27 03:20 bin
drwxr-xr-x 3 cms088 cms  4096 Nov 27 03:20 cfipython
drwxr-xr-x 5 cms088 cms  4096 Nov 27 03:20 config
-rw-r--r-- 1 cms088 cms    15 Nov 27 03:22 cpu_timing.txt
drwxr-xr-x 2 cms088 cms  4096 Nov 27 03:20 doc
-rw-r--r-- 1 cms088 cms 10129 Nov 27 03:22 executable.out
drwxr-xr-x 2 cms088 cms  4096 Nov 27 03:20 include
drwxrwxrwx 3 cms088 cms  4096 Oct 22 16:38 lib
drwxr-xr-x 3 cms088 cms  4096 Nov 27 03:20 logs
drwxr-xr-x 3 cms088 cms  4096 Nov 27 03:20 objs
-rw-r--r-- 1 cms088 cms 20712 Nov 27 03:22 optHistograms.root
-rw-r--r-- 1 cms088 cms   104 Nov 27 03:20 pset.py
-rw-r--r-- 1 cms088 cms 20391 Nov 27 03:20 pset.py.pkl
-rw-r--r-- 1 cms088 cms   289 Nov 27 03:20 pset.pyc
drwxr-xr-x 2 cms088 cms  4096 Nov 27 03:20 python
-rw-r--r-- 1 cms088 cms   420 Nov 27 03:23 report.log
drwxrwxrwx 4 cms088 cms  4096 Nov 27 03:19 src
drwxr-xr-x 3 cms088 cms  4096 Nov 27 03:20 test
drwxr-xr-x 3 cms088 cms  4096 Nov 27 03:20 tmp
>>> current directory /home/cms088/home_crobe_170458113/CREAM170458113/glide_M31210/execute/dir_14767/CMSSW_5_3_5
>>> (SOFTWARE_DIR): /home/cms088/home_crobe_170458113/CREAM170458113/glide_M31210/execute/dir_14767/CMSSW_5_3_5
>>> (WORKING_DIR): 
>>> current directory content:
total 132
drwxr-xr-x 3 cms088 cms  4096 Nov 27 03:20 .SCRAM
-rw-r--r-- 1 cms088 cms 30066 Nov 27 03:20 CMSSW.py.pkl
drwxr-xr-x 3 cms088 cms  4096 Nov 27 03:20 bin
drwxr-xr-x 3 cms088 cms  4096 Nov 27 03:20 cfipython
drwxr-xr-x 5 cms088 cms  4096 Nov 27 03:20 config
-rw-r--r-- 1 cms088 cms    15 Nov 27 03:22 cpu_timing.txt
drwxr-xr-x 2 cms088 cms  4096 Nov 27 03:20 doc
-rw-r--r-- 1 cms088 cms 10129 Nov 27 03:22 executable.out
drwxr-xr-x 2 cms088 cms  4096 Nov 27 03:20 include
drwxrwxrwx 3 cms088 cms  4096 Oct 22 16:38 lib
drwxr-xr-x 3 cms088 cms  4096 Nov 27 03:20 logs
drwxr-xr-x 3 cms088 cms  4096 Nov 27 03:20 objs
-rw-r--r-- 1 cms088 cms   104 Nov 27 03:20 pset.py
-rw-r--r-- 1 cms088 cms 20391 Nov 27 03:20 pset.py.pkl
-rw-r--r-- 1 cms088 cms   289 Nov 27 03:20 pset.pyc
drwxr-xr-x 2 cms088 cms  4096 Nov 27 03:20 python
-rw-r--r-- 1 cms088 cms   420 Nov 27 03:23 report.log
drwxrwxrwx 4 cms088 cms  4096 Nov 27 03:19 src
drwxr-xr-x 3 cms088 cms  4096 Nov 27 03:20 test
drwxr-xr-x 3 cms088 cms  4096 Nov 27 03:20 tmp
>>> current directory (RUNTIME_AREA):  /home/cms088/home_crobe_170458113/CREAM170458113/glide_M31210/execute/dir_14767
>>> current dir: /home/cms088/home_crobe_170458113/CREAM170458113/glide_M31210/execute/dir_14767
>>> current dir content:
total 25864
-rw-rw-rw-  1 cms088 cms     5604 Nov 27 03:19 .job.ad
-rw-rw-rw-  1 cms088 cms    11517 Nov 27 03:19 .machine.ad
-rw-rw-rw-  1 cms088 cms      105 Nov 27 01:48 CMSSW.py
-rw-rw-rw-  1 cms088 cms    30066 Nov 27 01:48 CMSSW.py.pkl
-rwxrw-rw-  1 cms088 cms    23331 Nov 27 03:19 CMSSW.sh
drwxr-xr-x 15 cms088 cms     4096 Nov 27 03:23 CMSSW_5_3_5
-rw-rw-rw-  1 cms088 cms        0 Nov 27 03:19 CMSSW_83.stderr
-rw-rw-rw-  1 cms088 cms    23639 Nov 27 03:23 CMSSW_83.stdout
-rw-r--r--  1 cms088 cms      347 Nov 27 03:19 CacheEnv.sh
-rw-rw-rw-  1 cms088 cms     7291 Jun  9  2010 DashboardAPI.py
-rw-r--r--  1 cms088 cms     6883 Nov 27 03:20 DashboardAPI.pyc
drwxrwxrwx  3 cms088 cms     4096 Nov 27 03:23 IMProv
-rw-rw-rw-  1 cms088 cms     2748 Mar  8  2006 Logger.py
-rw-r--r--  1 cms088 cms     3353 Nov 27 03:20 Logger.pyc
-rw-rw-rw-  1 cms088 cms    24524 Mar 28  2008 ProcInfo.py
-rw-r--r--  1 cms088 cms    23470 Nov 27 03:20 ProcInfo.pyc
drwxrwxrwx  7 cms088 cms     4096 Nov 27 03:20 ProdCommon
drwxrwxrwx  3 cms088 cms     4096 Nov 27 03:19 WMCore
-rw-r--r--  1 cms088 cms     1629 Nov 27 03:22 Watchdog_83.log
-rw-rw-rw-  1 cms088 cms    32895 Mar 28  2008 apmon.py
-rw-r--r--  1 cms088 cms    28874 Nov 27 03:20 apmon.pyc
-rw-rw-rw-  1 cms088 cms   177706 Nov 27 03:19 arguments.xml
-rwxrwxrwx  1 cms088 cms    37427 Sep 13 14:14 cmscp.py
-rwxrwxrwx  1 cms088 cms    23331 Nov 27 03:19 condor_exec.exe
-rw-rw-rw-  1 cms088 cms      541 Nov 27 01:47 crab.cfg
-rwxrwxrwx  1 cms088 cms     9531 Sep 20 21:46 crabWatchdog.sh
-rw-r--r--  1 cms088 cms    51373 Nov 27 03:22 crab_fjr_83.xml
-rw-rw-rw-  1 cms088 cms 25796231 Nov 27 03:19 default.tgz
-rwxrwxrwx  1 cms088 cms     4488 May 12  2012 fillCrabFjr.py
-rw-r--r--  1 cms088 cms     1771 Nov 27 03:20 inputsReport.txt
-rw-r--r--  1 cms088 cms      132 Nov 27 03:23 jobreport.txt
lrwxrwxrwx  1 cms088 cms      107 Nov 27 03:23 optHistograms.root -> /home/cms088/home_crobe_170458113/CREAM170458113/glide_M31210/execute/dir_14767/optHistograms_83_1_b7H.root
-rw-r--r--  1 cms088 cms    20712 Nov 27 03:22 optHistograms_83_1_b7H.root
-rw-rw-rw-  1 cms088 cms    17352 Jan 20  2012 parseCrabFjr.py
-rw-r--r--  1 cms088 cms      285 Nov 27 03:19 report.log
-rwxrwxrwx  1 cms088 cms     1497 May 27  2009 report.py
-rwxrwxrwx  1 cms088 cms     8387 Mar 23  2011 writeCfg.py
-rw-------  1 cms088 cms     8687 Nov 27 03:19 x509up_u1000009
Checking output files:  
will tar file optHistograms_83_1_b7H.root in  out_files_83
will tar file crab_fjr_83.xml in  out_files_83
will tar file CMSSW_83.stdout in  out_files_83
will tar file CMSSW_83.stderr in  out_files_83
WARNING: output file Watchdog_83.log.gz not found!
>>> padding time: Sleeping the wrapper for 406 seconds
STOPPING WATCHDOG. CrabWatchdog PID is 16216
********** LAST 50 LINES OF WATCHDOG LOG
# RESOURCE USAGE SUMMARY FOR PROCESS ID 16085
USER       PID %CPU %MEM    VSZ   RSS TTY      STAT START   TIME COMMAND
cms088   16085  0.2  0.0   8956  1484 ?        S    03:19   0:00 /bin/sh /home/cms088/home_crobe_170458113/CREAM170458113/glide_M31210/execute/dir_14767/condor_exec.exe 83 1
 
# LIMITS USED BY THIS WATCHDOG:
# RSS  (KBytes)  : 2300000
# VSZ  (KBytes)  : 100000000
# DISK (MBytes)  : 19000
# CPU  (seconds) : 171600
# WALL (seconds) : 171600
 
# FOLLOWING PRINTOUT TRACKS MAXIMUM VALUES OF RESOURCES USE
# ONE LINE IS PRINTED EACH TIME A MAXIMUM CHANGES
# IF CHANGE WAS IN RSS OR VSZ ALSO PROCID AND COMMAND ARE PRINTED
# THERE IS NO PRINTOUT FOR CPU/WALL TIME INCREASE
 
# TIME			PID	RSS(KB)	VSZ(KB)	Dsk(MB)	tCPU(s)	tWALL(s)	COMMAND
 Nov 27 03:20:04 EET	5503	1340	8816	0	0	2705	/bin/bash /home/cms088/home_crobe_170458113/CREAM170458113/glide_M31210/main/condor_startup.sh glidein_config       
 Nov 27 03:20:04 EET	6144	6076	9788	0	1	2705	/home/cms088/home_crobe_170458113/CREAM170458113/glide_M31210/main/condor/sbin/condor_master -f -pidfile /home/cms088/home_crobe_170458113/CREAM170458113/glide_M31210/condor_master2.pid      
 Nov 27 03:20:04 EET	16233	24132	84820	0	0	2	edmConfigHash pset.py        
 Nov 27 03:20:04 EET	---	24132	84820	168	----	----	----
 Nov 27 03:21:08 EET	18185	313584	495976	168	19	59	cmsRun -j /home/cms088/home_crobe_170458113/CREAM170458113/glide_M31210/execute/dir_14767/crab_fjr_83.xml -p pset.py     
 Nov 27 03:22:13 EET	18185	331948	553576	168	52	123	cmsRun -j /home/cms088/home_crobe_170458113/CREAM170458113/glide_M31210/execute/dir_14767/crab_fjr_83.xml -p pset.py     
 Nov 27 03:23:16 EET	---	331948	553576	169	----	----	----
********** WATCHDOG LOG ENDED
ZIPPING WATCHDOG LOG
Disk space used:
du -sh /home/cms088/home_crobe_170458113/CREAM170458113/glide_M31210/execute/dir_14767
169M	/home/cms088/home_crobe_170458113/CREAM170458113/glide_M31210/execute/dir_14767
>>> info for dashboard:
***** Cat /home/cms088/home_crobe_170458113/CREAM170458113/glide_M31210/execute/dir_14767/jobreport.txt *****
MonitorJobID=83_https://submit-2.t2.ucsd.edu//121127//17542.82
MonitorID=liis_crab_0_121127_014711_7us61f
ExeTime=167
ExeExitCode=0
CrabUserCpuTime=71.76
CrabSysCpuTime=6.61
CrabCpuPercentage=46%
CrabWrapperTime=600
CrabStageoutTime=NULL
***** End Cat jobreport *****
Parameters sent to Dashboard.
optHistograms_83_1_b7H.root
crab_fjr_83.xml
CMSSW_83.stdout
CMSSW_83.stderr
Watchdog_83.log.gz
tar: .BrokerInfo: Cannot stat: No such file or directory
tar: Error exit delayed from previous errors
Total Output dimension: 28155
WARNING: output files size limit is set to: 50000000
Total Output dimension 28155 is fine.
JOB_EXIT_STATUS = 0
>>> info for dashboard:
***** Cat /home/cms088/home_crobe_170458113/CREAM170458113/glide_M31210/execute/dir_14767/jobreport.txt *****
MonitorJobID=83_https://submit-2.t2.ucsd.edu//121127//17542.82
MonitorID=liis_crab_0_121127_014711_7us61f
JobExitCode=0
***** End Cat jobreport *****
Parameters sent to Dashboard.
optHistograms_83_1_b7H.root
crab_fjr_83.xml
