This script was generated by crab (version 2.8.3).
Running /home/cms019/home_creur_860848933/CREAM860848933/glide_Og2556/execute/dir_16201/condor_exec.exe with 2 positional parameters: 47 2
Today is Tue Nov 27 11:50:21 EET 2012
Job submitted on host wn-v-2792.local
Linux wn-v-2792.local 2.6.32-042stab059.7 #1 SMP Tue Jul 24 19:12:01 MSK 2012 x86_64 x86_64 x86_64 GNU/Linux
>>> current directory (RUNTIME_AREA): /home/cms019/home_creur_860848933/CREAM860848933/glide_Og2556/execute/dir_16201
>>> current user: uid=11019(cms019) gid=1400(cms) groups=1400(cms)
>>> voms proxy information:
subject   : /DC=ch/DC=cern/OU=Organic Units/OU=Users/CN=liis/CN=663550/CN=Liis Rebane/CN=proxy/CN=limited proxy
issuer    : /DC=ch/DC=cern/OU=Organic Units/OU=Users/CN=liis/CN=663550/CN=Liis Rebane/CN=proxy
identity  : /DC=ch/DC=cern/OU=Organic Units/OU=Users/CN=liis/CN=663550/CN=Liis Rebane/CN=proxy
type      : limited proxy
strength  : 512 bits
path      : /home/cms019/home_creur_860848933/CREAM860848933/glide_Og2556/execute/dir_16201/x509up_u1000009
timeleft  : 23:58:55
key usage : Digital Signature, Key Encipherment, Data Encipherment
=== VO cms extension information ===
VO        : cms
subject   : /DC=ch/DC=cern/OU=Organic Units/OU=Users/CN=liis/CN=663550/CN=Liis Rebane
issuer    : /DC=ch/DC=cern/OU=computers/CN=lcg-voms.cern.ch
attribute : /cms/Role=NULL/Capability=NULL
timeleft  : 181:35:16
uri       : lcg-voms.cern.ch:15002
>>> tar xzf /home/cms019/home_creur_860848933/CREAM860848933/glide_Og2556/execute/dir_16201/default.tgz :
Successful untar
>>> Include /home/cms019/home_creur_860848933/CREAM860848933/glide_Og2556/execute/dir_16201 in PYTHONPATH:
strip arguments
env var CRAB_UNIQUE_JOB_ID set to: liis_crab_0_121127_012714_evt312_47_2_nmC
out_files_47
>>> list of expected files on output sandbox
output files: optHistograms_47_2_nmC.root crab_fjr_47.xml CMSSW_47.stdout CMSSW_47.stderr Watchdog_47.log.gz
>>> GridFlavour discovery: 
GridFlavour=LCG
>>> SyncSite discovery: 
SyncSite=T2_EE_Estonia
>>> SyncCE discovery: 
getting SyncCE from CE_ID
SyncCE=europa.hep.kbfi.ee:8443/cream-pbs-long
>>> info for dashboard:
***** Cat /home/cms019/home_creur_860848933/CREAM860848933/glide_Og2556/execute/dir_16201/jobreport.txt *****
MonitorJobID=47_https://submit-2.t2.ucsd.edu//121127//17634.3
SyncGridJobId=https://submit-2.t2.ucsd.edu//121127//17634.3
MonitorID=liis_crab_0_121127_012714_evt312
GridFlavour=LCG
SyncSite=T2_EE_Estonia
SyncCE=europa.hep.kbfi.ee:8443/cream-pbs-long
***** End Cat jobreport *****
Parameters sent to Dashboard.
>>> setup environment
set SCRAM ARCH to slc5_amd64_gcc462
SCRAM_ARCH = slc5_amd64_gcc462
>>> setup CMS LCG environment:
set SCRAM ARCH and BUILD_ARCH to slc5_amd64_gcc462 ###
Sourcing environment... 
sourcing /cvmfs/cms.cern.ch/cmsset_default.sh
==> setup cms environment ok
>>> specific cmssw setup environment:
CMSSW_VERSION =  CMSSW_5_3_5
>>> current directory (SOFTWARE_DIR): /home/cms019/home_creur_860848933/CREAM860848933/glide_Og2556/execute/dir_16201/CMSSW_5_3_5
PreserveSeeds: <>
IncrementSeeds:<>
{}
WNHostName=wn-v-2792.local
>>> info for dashboard:
***** Cat /home/cms019/home_creur_860848933/CREAM860848933/glide_Og2556/execute/dir_16201/jobreport.txt *****
MonitorJobID=47_https://submit-2.t2.ucsd.edu//121127//17634.3
MonitorID=liis_crab_0_121127_012714_evt312
WNHostName=wn-v-2792.local
***** End Cat jobreport *****
Parameters sent to Dashboard.
crabWatchdog started as process 5576
>>> moving CMSSW software directories in /home/cms019/home_creur_860848933/CREAM860848933/glide_Og2556/execute/dir_16201/CMSSW_5_3_5
mv: cannot stat `/home/cms019/home_creur_860848933/CREAM860848933/glide_Og2556/execute/dir_16201/module/': No such file or directory
>>> Include /home/cms019/home_creur_860848933/CREAM860848933/glide_Og2556/execute/dir_16201 in PYTHONPATH:
PYTHONPATH=/home/cms019/home_creur_860848933/CREAM860848933/glide_Og2556/execute/dir_16201/:/home/cms019/home_creur_860848933/CREAM860848933/glide_Og2556/execute/dir_16201/CMSSW_5_3_5/python:/home/cms019/home_creur_860848933/CREAM860848933/glide_Og2556/execute/dir_16201/CMSSW_5_3_5/lib/slc5_amd64_gcc462:/cvmfs/cms.cern.ch/slc5_amd64_gcc462/cms/cmssw/CMSSW_5_3_5/python:/cvmfs/cms.cern.ch/slc5_amd64_gcc462/cms/cmssw/CMSSW_5_3_5/lib/slc5_amd64_gcc462:/cvmfs/cms.cern.ch/slc5_amd64_gcc462/cms/coral/CORAL_2_3_21-cms27/slc5_amd64_gcc462/python:/cvmfs/cms.cern.ch/slc5_amd64_gcc462/cms/coral/CORAL_2_3_21-cms27/slc5_amd64_gcc462/lib:/cvmfs/cms.cern.ch/slc5_amd64_gcc462/external/pyqt/4.8.1/lib/python2.6/site-packages:/cvmfs/cms.cern.ch/slc5_amd64_gcc462/external/py2-scipy/0.8.0/lib/python2.6/site-packages:/cvmfs/cms.cern.ch/slc5_amd64_gcc462/external/py2-matplotlib/1.0.1/lib/python2.6/site-packages:/cvmfs/cms.cern.ch/slc5_amd64_gcc462/external/python-ldap/2.3.5/lib/python2.6/site-packages:/cvmfs/cms.cern.ch/slc5_amd64_gcc462/external/sip/4.11.2/lib/python2.6/site-packages:/cvmfs/cms.cern.ch/slc5_amd64_gcc462/external/py2-pycurl/7.19.0/lib/python2.6/site-packages:/cvmfs/cms.cern.ch/slc5_amd64_gcc462/external/py2-numpy/1.6.1/lib/python2.6/site-packages:/cvmfs/cms.cern.ch/slc5_amd64_gcc462/external/py2-ipython/0.10/lib/python2.6/site-packages:/cvmfs/cms.cern.ch/slc5_amd64_gcc462/external/py2-cx-oracle/5.1-cms11/lib/python2.6/site-packages:/cvmfs/cms.cern.ch/slc5_amd64_gcc462/external/py2-cjson/1.0.5/lib/python2.6/site-packages:/cvmfs/cms.cern.ch/slc5_amd64_gcc462/cms/das-client/1.4.1-cms8/bin:/cvmfs/cms.cern.ch/slc5_amd64_gcc462/external/elementtree/1.2.6/share/lib/python2.6/site-packages:/cvmfs/cms.cern.ch/slc5_amd64_gcc462/external/rivet/1.5.1-cms10/lib/python2.6/site-packages:/cvmfs/cms.cern.ch/slc5_amd64_gcc462/external/pyminuit2/0.0.1-cms34/lib/python2.6/site-packages:/cvmfs/cms.cern.ch/slc5_amd64_gcc462/external/professor/1.0.0-cms35/lib/python2.6/site-packages:/cvmfs/cms.cern.ch/slc5_amd64_gcc462/lcg/root/5.32.00-cms18/lib:/cvmfs/cms.cern.ch/slc5_amd64_gcc462/cms/dbs-client/DBS_2_1_1_patch1_1/lib:/cvmfs/cms.cern.ch/slc5_amd64_gcc462/cms/dbs-client/DBS_2_1_1_patch1_1/lib/DBSAPI:/home/cms019/home_creur_860848933/CREAM860848933/glide_Og2556/execute/dir_16201/
241a2a19cb7c5c8751ba22759ab3bdb0
PSETHASH = 241a2a19cb7c5c8751ba22759ab3bdb0
/home/cms019/home_creur_860848933/CREAM860848933/glide_Og2556/execute/dir_16201/writeCfg.py pset.py pset.py
Importing .py file
Setting parameters
inputBlocks=/QCD_Pt_250_350_EMEnriched_TuneZ2star_8TeV_pythia6/mario-Summer12-stop-pfele-step1-3d176ac8da5e9dff208d057f4733ca91/USER#89723d11-1f9b-42cd-94f4-feb0ac97b54e
inputFiles=/store/user/mario/QCD_Pt_250_350_EMEnriched_TuneZ2star_8TeV_pythia6/Summer12-stop-pfele-step1/3d176ac8da5e9dff208d057f4733ca91/tuple_86_6_xmO.root;/store/user/mario/QCD_Pt_250_350_EMEnriched_TuneZ2star_8TeV_pythia6/Summer12-stop-pfele-step1/3d176ac8da5e9dff208d057f4733ca91/tuple_89_9_YQh.root;/store/user/mario/QCD_Pt_250_350_EMEnriched_TuneZ2star_8TeV_pythia6/Summer12-stop-pfele-step1/3d176ac8da5e9dff208d057f4733ca91/tuple_90_4_Rth.root;/store/user/mario/QCD_Pt_250_350_EMEnriched_TuneZ2star_8TeV_pythia6/Summer12-stop-pfele-step1/3d176ac8da5e9dff208d057f4733ca91/tuple_105_9_gsv.root;/store/user/mario/QCD_Pt_250_350_EMEnriched_TuneZ2star_8TeV_pythia6/Summer12-stop-pfele-step1/3d176ac8da5e9dff208d057f4733ca91/tuple_24_8_w2x.root;/store/user/mario/QCD_Pt_250_350_EMEnriched_TuneZ2star_8TeV_pythia6/Summer12-stop-pfele-step1/3d176ac8da5e9dff208d057f4733ca91/tuple_20_10_kP8.root
parentFiles=
lumisRange=
>>> Executable cmsRun
/cvmfs/cms.cern.ch/slc5_amd64_gcc462/cms/cmssw/CMSSW_5_3_5/bin/slc5_amd64_gcc462/cmsRun
ok executable found
>>> info for dashboard:
***** Cat /home/cms019/home_creur_860848933/CREAM860848933/glide_Og2556/execute/dir_16201/jobreport.txt *****
MonitorJobID=47_https://submit-2.t2.ucsd.edu//121127//17634.3
MonitorID=liis_crab_0_121127_012714_evt312
ExeStart=cmsRun
***** End Cat jobreport *****
Parameters sent to Dashboard.
>>> cmsRun started at Tue Nov 27 09:50:55 UTC 2012
>>> cmsRun ended at Tue Nov 27 10:00:27 UTC 2012
>>> info for dashboard:
***** Cat /home/cms019/home_creur_860848933/CREAM860848933/glide_Og2556/execute/dir_16201/jobreport.txt *****
MonitorJobID=47_https://submit-2.t2.ucsd.edu//121127//17634.3
MonitorID=liis_crab_0_121127_012714_evt312
ExeEnd=cmsRun
***** End Cat jobreport *****
Parameters sent to Dashboard.
TIME_EXE = 572 sec
>>> cmsRun wrote 149 lines of stdout+stderr
>>> START OF printout of 149 lines from stdout+stderr
27-Nov-2012 11:51:13 EET  Initiating request to open file file:/hdfs/cms/store/user/mario/QCD_Pt_250_350_EMEnriched_TuneZ2star_8TeV_pythia6/Summer12-stop-pfele-step1/3d176ac8da5e9dff208d057f4733ca91/tuple_86_6_xmO.root
27-Nov-2012 11:51:20 EET  Successfully opened file file:/hdfs/cms/store/user/mario/QCD_Pt_250_350_EMEnriched_TuneZ2star_8TeV_pythia6/Summer12-stop-pfele-step1/3d176ac8da5e9dff208d057f4733ca91/tuple_86_6_xmO.root
Begin processing the 1st record. Run 1, Event 227043702, LumiSection 61967 at 27-Nov-2012 11:51:36.436 EET
Begin processing the 1001st record. Run 1, Event 241991337, LumiSection 66046 at 27-Nov-2012 11:51:42.793 EET
Begin processing the 2001st record. Run 1, Event 159790504, LumiSection 43611 at 27-Nov-2012 11:51:47.430 EET
Begin processing the 3001st record. Run 1, Event 127669688, LumiSection 34845 at 27-Nov-2012 11:51:50.873 EET
Begin processing the 4001st record. Run 1, Event 142946350, LumiSection 39014 at 27-Nov-2012 11:51:56.601 EET
Begin processing the 5001st record. Run 1, Event 157834372, LumiSection 43078 at 27-Nov-2012 11:52:00.344 EET
Begin processing the 6001st record. Run 1, Event 39716376, LumiSection 10840 at 27-Nov-2012 11:52:06.181 EET
Begin processing the 7001st record. Run 1, Event 48108258, LumiSection 13130 at 27-Nov-2012 11:52:09.704 EET
27-Nov-2012 11:52:12 EET  Closed file file:/hdfs/cms/store/user/mario/QCD_Pt_250_350_EMEnriched_TuneZ2star_8TeV_pythia6/Summer12-stop-pfele-step1/3d176ac8da5e9dff208d057f4733ca91/tuple_86_6_xmO.root
27-Nov-2012 11:52:12 EET  Initiating request to open file file:/hdfs/cms/store/user/mario/QCD_Pt_250_350_EMEnriched_TuneZ2star_8TeV_pythia6/Summer12-stop-pfele-step1/3d176ac8da5e9dff208d057f4733ca91/tuple_89_9_YQh.root
27-Nov-2012 11:52:12 EET  Successfully opened file file:/hdfs/cms/store/user/mario/QCD_Pt_250_350_EMEnriched_TuneZ2star_8TeV_pythia6/Summer12-stop-pfele-step1/3d176ac8da5e9dff208d057f4733ca91/tuple_89_9_YQh.root
Begin processing the 8001st record. Run 1, Event 54646717, LumiSection 14915 at 27-Nov-2012 11:52:26.070 EET
Begin processing the 9001st record. Run 1, Event 72573675, LumiSection 19808 at 27-Nov-2012 11:52:29.828 EET
Begin processing the 10001st record. Run 1, Event 157841265, LumiSection 43079 at 27-Nov-2012 11:52:34.293 EET
Begin processing the 11001st record. Run 1, Event 92833065, LumiSection 25337 at 27-Nov-2012 11:52:37.455 EET
Begin processing the 12001st record. Run 1, Event 944737, LumiSection 258 at 27-Nov-2012 11:52:42.526 EET
Begin processing the 13001st record. Run 1, Event 3359773, LumiSection 917 at 27-Nov-2012 11:52:46.107 EET
Begin processing the 14001st record. Run 1, Event 3438532, LumiSection 939 at 27-Nov-2012 11:52:50.709 EET
Begin processing the 15001st record. Run 1, Event 2769709, LumiSection 756 at 27-Nov-2012 11:52:54.532 EET
Begin processing the 16001st record. Run 1, Event 4754095, LumiSection 1298 at 27-Nov-2012 11:53:02.377 EET
Begin processing the 17001st record. Run 1, Event 5108074, LumiSection 1395 at 27-Nov-2012 11:53:07.636 EET
Begin processing the 18001st record. Run 1, Event 5571408, LumiSection 1521 at 27-Nov-2012 11:53:11.169 EET
Begin processing the 19001st record. Run 1, Event 136301327, LumiSection 37201 at 27-Nov-2012 11:53:16.019 EET
Begin processing the 20001st record. Run 1, Event 154785094, LumiSection 42245 at 27-Nov-2012 11:53:18.452 EET
Begin processing the 21001st record. Run 1, Event 173227002, LumiSection 47279 at 27-Nov-2012 11:53:23.263 EET
Begin processing the 22001st record. Run 1, Event 38748, LumiSection 11 at 27-Nov-2012 11:53:26.081 EET
Begin processing the 23001st record. Run 1, Event 581370, LumiSection 159 at 27-Nov-2012 11:53:31.085 EET
Begin processing the 24001st record. Run 1, Event 1080079, LumiSection 295 at 27-Nov-2012 11:53:35.644 EET
Begin processing the 25001st record. Run 1, Event 2740586, LumiSection 748 at 27-Nov-2012 11:53:38.585 EET
Begin processing the 26001st record. Run 1, Event 232972189, LumiSection 63585 at 27-Nov-2012 11:53:43.294 EET
Begin processing the 27001st record. Run 1, Event 237597713, LumiSection 64847 at 27-Nov-2012 11:53:46.848 EET
Begin processing the 28001st record. Run 1, Event 257739630, LumiSection 70344 at 27-Nov-2012 11:53:51.680 EET
Begin processing the 29001st record. Run 1, Event 1048227, LumiSection 287 at 27-Nov-2012 11:53:55.401 EET
Begin processing the 30001st record. Run 1, Event 5498132, LumiSection 1501 at 27-Nov-2012 11:54:01.130 EET
Begin processing the 31001st record. Run 1, Event 3668246, LumiSection 1002 at 27-Nov-2012 11:54:07.175 EET
Begin processing the 32001st record. Run 1, Event 4007509, LumiSection 1094 at 27-Nov-2012 11:54:10.754 EET
Begin processing the 33001st record. Run 1, Event 4728102, LumiSection 1291 at 27-Nov-2012 11:54:15.411 EET
27-Nov-2012 11:54:18 EET  Closed file file:/hdfs/cms/store/user/mario/QCD_Pt_250_350_EMEnriched_TuneZ2star_8TeV_pythia6/Summer12-stop-pfele-step1/3d176ac8da5e9dff208d057f4733ca91/tuple_89_9_YQh.root
27-Nov-2012 11:54:18 EET  Initiating request to open file file:/hdfs/cms/store/user/mario/QCD_Pt_250_350_EMEnriched_TuneZ2star_8TeV_pythia6/Summer12-stop-pfele-step1/3d176ac8da5e9dff208d057f4733ca91/tuple_90_4_Rth.root
27-Nov-2012 11:54:18 EET  Successfully opened file file:/hdfs/cms/store/user/mario/QCD_Pt_250_350_EMEnriched_TuneZ2star_8TeV_pythia6/Summer12-stop-pfele-step1/3d176ac8da5e9dff208d057f4733ca91/tuple_90_4_Rth.root
Begin processing the 34001st record. Run 1, Event 5828240, LumiSection 1591 at 27-Nov-2012 11:54:34.283 EET
Begin processing the 35001st record. Run 1, Event 6753596, LumiSection 1844 at 27-Nov-2012 11:54:37.805 EET
Begin processing the 36001st record. Run 1, Event 8609891, LumiSection 2350 at 27-Nov-2012 11:54:41.834 EET
Begin processing the 37001st record. Run 1, Event 17822408, LumiSection 4865 at 27-Nov-2012 11:54:44.601 EET
Begin processing the 38001st record. Run 1, Event 29890082, LumiSection 8158 at 27-Nov-2012 11:54:48.936 EET
Begin processing the 39001st record. Run 1, Event 1224701, LumiSection 335 at 27-Nov-2012 11:54:52.400 EET
Begin processing the 40001st record. Run 1, Event 6153162, LumiSection 1680 at 27-Nov-2012 11:54:57.013 EET
Begin processing the 41001st record. Run 1, Event 3401878, LumiSection 929 at 27-Nov-2012 11:55:00.906 EET
Begin processing the 42001st record. Run 1, Event 4788352, LumiSection 1307 at 27-Nov-2012 11:55:05.753 EET
Begin processing the 43001st record. Run 1, Event 5288129, LumiSection 1444 at 27-Nov-2012 11:55:09.170 EET
Begin processing the 44001st record. Run 1, Event 5531957, LumiSection 1510 at 27-Nov-2012 11:55:14.252 EET
Begin processing the 45001st record. Run 1, Event 6170772, LumiSection 1685 at 27-Nov-2012 11:55:18.065 EET
Begin processing the 46001st record. Run 1, Event 68661191, LumiSection 18740 at 27-Nov-2012 11:55:21.337 EET
Begin processing the 47001st record. Run 1, Event 58641091, LumiSection 16005 at 27-Nov-2012 11:55:25.426 EET
Begin processing the 48001st record. Run 1, Event 97667686, LumiSection 26657 at 27-Nov-2012 11:55:28.246 EET
Begin processing the 49001st record. Run 1, Event 112121252, LumiSection 30601 at 27-Nov-2012 11:55:34.406 EET
Begin processing the 50001st record. Run 1, Event 60408693, LumiSection 16488 at 27-Nov-2012 11:55:38.000 EET
Begin processing the 51001st record. Run 1, Event 188849734, LumiSection 51542 at 27-Nov-2012 11:55:41.757 EET
Begin processing the 52001st record. Run 1, Event 109991409, LumiSection 30020 at 27-Nov-2012 11:55:46.032 EET
Begin processing the 53001st record. Run 1, Event 92375869, LumiSection 25212 at 27-Nov-2012 11:55:48.700 EET
Begin processing the 54001st record. Run 1, Event 100613553, LumiSection 27461 at 27-Nov-2012 11:55:53.588 EET
Begin processing the 55001st record. Run 1, Event 128535743, LumiSection 35081 at 27-Nov-2012 11:55:57.211 EET
Begin processing the 56001st record. Run 1, Event 159109626, LumiSection 43426 at 27-Nov-2012 11:56:01.983 EET
Begin processing the 57001st record. Run 1, Event 181520319, LumiSection 49542 at 27-Nov-2012 11:56:05.348 EET
Begin processing the 58001st record. Run 1, Event 220063684, LumiSection 60062 at 27-Nov-2012 11:56:09.773 EET
Begin processing the 59001st record. Run 1, Event 177123578, LumiSection 48342 at 27-Nov-2012 11:56:13.330 EET
Begin processing the 60001st record. Run 1, Event 249001928, LumiSection 67960 at 27-Nov-2012 11:56:17.495 EET
27-Nov-2012 11:56:17 EET  Closed file file:/hdfs/cms/store/user/mario/QCD_Pt_250_350_EMEnriched_TuneZ2star_8TeV_pythia6/Summer12-stop-pfele-step1/3d176ac8da5e9dff208d057f4733ca91/tuple_90_4_Rth.root
27-Nov-2012 11:56:17 EET  Initiating request to open file file:/hdfs/cms/store/user/mario/QCD_Pt_250_350_EMEnriched_TuneZ2star_8TeV_pythia6/Summer12-stop-pfele-step1/3d176ac8da5e9dff208d057f4733ca91/tuple_105_9_gsv.root
27-Nov-2012 11:56:17 EET  Successfully opened file file:/hdfs/cms/store/user/mario/QCD_Pt_250_350_EMEnriched_TuneZ2star_8TeV_pythia6/Summer12-stop-pfele-step1/3d176ac8da5e9dff208d057f4733ca91/tuple_105_9_gsv.root
Begin processing the 61001st record. Run 1, Event 12200540, LumiSection 3330 at 27-Nov-2012 11:56:35.708 EET
Begin processing the 62001st record. Run 1, Event 14637333, LumiSection 3995 at 27-Nov-2012 11:56:41.677 EET
Begin processing the 63001st record. Run 1, Event 16508545, LumiSection 4506 at 27-Nov-2012 11:56:45.413 EET
Begin processing the 64001st record. Run 1, Event 18720197, LumiSection 5110 at 27-Nov-2012 11:56:50.707 EET
Begin processing the 65001st record. Run 1, Event 25515527, LumiSection 6964 at 27-Nov-2012 11:56:54.521 EET
Begin processing the 66001st record. Run 1, Event 160514200, LumiSection 43809 at 27-Nov-2012 11:56:58.929 EET
Begin processing the 67001st record. Run 1, Event 161350166, LumiSection 44037 at 27-Nov-2012 11:57:02.254 EET
Begin processing the 68001st record. Run 1, Event 171204106, LumiSection 46727 at 27-Nov-2012 11:57:06.535 EET
Begin processing the 69001st record. Run 1, Event 5503803, LumiSection 1503 at 27-Nov-2012 11:57:09.920 EET
Begin processing the 70001st record. Run 1, Event 6083953, LumiSection 1661 at 27-Nov-2012 11:57:14.304 EET
Begin processing the 71001st record. Run 1, Event 8294020, LumiSection 2264 at 27-Nov-2012 11:57:17.870 EET
Begin processing the 72001st record. Run 1, Event 8399471, LumiSection 2293 at 27-Nov-2012 11:57:23.055 EET
Begin processing the 73001st record. Run 1, Event 27878943, LumiSection 7609 at 27-Nov-2012 11:57:26.711 EET
Begin processing the 74001st record. Run 1, Event 27884760, LumiSection 7611 at 27-Nov-2012 11:57:31.268 EET
Begin processing the 75001st record. Run 1, Event 32115954, LumiSection 8766 at 27-Nov-2012 11:57:34.639 EET
Begin processing the 76001st record. Run 1, Event 52284119, LumiSection 14270 at 27-Nov-2012 11:57:40.071 EET
Begin processing the 77001st record. Run 1, Event 36650441, LumiSection 10003 at 27-Nov-2012 11:57:43.645 EET
Begin processing the 78001st record. Run 1, Event 37586891, LumiSection 10259 at 27-Nov-2012 11:57:48.055 EET
Begin processing the 79001st record. Run 1, Event 29501275, LumiSection 8052 at 27-Nov-2012 11:57:51.667 EET
Begin processing the 80001st record. Run 1, Event 33650281, LumiSection 9185 at 27-Nov-2012 11:57:55.804 EET
Begin processing the 81001st record. Run 1, Event 35861288, LumiSection 9788 at 27-Nov-2012 11:57:58.065 EET
Begin processing the 82001st record. Run 1, Event 36852722, LumiSection 10059 at 27-Nov-2012 11:58:02.516 EET
Begin processing the 83001st record. Run 1, Event 39017885, LumiSection 10649 at 27-Nov-2012 11:58:05.673 EET
Begin processing the 84001st record. Run 1, Event 41212942, LumiSection 11249 at 27-Nov-2012 11:58:10.201 EET
Begin processing the 85001st record. Run 1, Event 50486036, LumiSection 13779 at 27-Nov-2012 11:58:13.582 EET
Begin processing the 86001st record. Run 1, Event 161734282, LumiSection 44142 at 27-Nov-2012 11:58:17.097 EET
27-Nov-2012 11:58:17 EET  Closed file file:/hdfs/cms/store/user/mario/QCD_Pt_250_350_EMEnriched_TuneZ2star_8TeV_pythia6/Summer12-stop-pfele-step1/3d176ac8da5e9dff208d057f4733ca91/tuple_105_9_gsv.root
27-Nov-2012 11:58:17 EET  Initiating request to open file file:/hdfs/cms/store/user/mario/QCD_Pt_250_350_EMEnriched_TuneZ2star_8TeV_pythia6/Summer12-stop-pfele-step1/3d176ac8da5e9dff208d057f4733ca91/tuple_24_8_w2x.root
27-Nov-2012 11:58:17 EET  Successfully opened file file:/hdfs/cms/store/user/mario/QCD_Pt_250_350_EMEnriched_TuneZ2star_8TeV_pythia6/Summer12-stop-pfele-step1/3d176ac8da5e9dff208d057f4733ca91/tuple_24_8_w2x.root
Begin processing the 87001st record. Run 1, Event 231482228, LumiSection 63178 at 27-Nov-2012 11:58:34.953 EET
Begin processing the 88001st record. Run 1, Event 186908363, LumiSection 51013 at 27-Nov-2012 11:58:37.610 EET
Begin processing the 89001st record. Run 1, Event 204533897, LumiSection 55823 at 27-Nov-2012 11:58:41.819 EET
Begin processing the 90001st record. Run 1, Event 215505146, LumiSection 58817 at 27-Nov-2012 11:58:46.168 EET
Begin processing the 91001st record. Run 1, Event 225539607, LumiSection 61556 at 27-Nov-2012 11:58:49.540 EET
Begin processing the 92001st record. Run 1, Event 229035470, LumiSection 62510 at 27-Nov-2012 11:58:53.963 EET
Begin processing the 93001st record. Run 1, Event 233902795, LumiSection 63839 at 27-Nov-2012 11:58:57.416 EET
Begin processing the 94001st record. Run 1, Event 240033366, LumiSection 65512 at 27-Nov-2012 11:59:01.726 EET
Begin processing the 95001st record. Run 1, Event 242749989, LumiSection 66253 at 27-Nov-2012 11:59:05.261 EET
Begin processing the 96001st record. Run 1, Event 132334073, LumiSection 36118 at 27-Nov-2012 11:59:09.665 EET
Begin processing the 97001st record. Run 1, Event 149845929, LumiSection 40897 at 27-Nov-2012 11:59:12.289 EET
Begin processing the 98001st record. Run 1, Event 151888005, LumiSection 41455 at 27-Nov-2012 11:59:16.844 EET
Begin processing the 99001st record. Run 1, Event 169965097, LumiSection 46388 at 27-Nov-2012 11:59:21.290 EET
Begin processing the 100001st record. Run 1, Event 88603426, LumiSection 24183 at 27-Nov-2012 11:59:25.179 EET
Begin processing the 101001st record. Run 1, Event 55082860, LumiSection 15034 at 27-Nov-2012 11:59:31.679 EET
Begin processing the 102001st record. Run 1, Event 84813712, LumiSection 23148 at 27-Nov-2012 11:59:34.491 EET
Begin processing the 103001st record. Run 1, Event 94374650, LumiSection 25758 at 27-Nov-2012 11:59:39.234 EET
Begin processing the 104001st record. Run 1, Event 236188757, LumiSection 64462 at 27-Nov-2012 11:59:42.651 EET
Begin processing the 105001st record. Run 1, Event 111889570, LumiSection 30538 at 27-Nov-2012 11:59:47.128 EET
Begin processing the 106001st record. Run 1, Event 139786933, LumiSection 38152 at 27-Nov-2012 11:59:49.794 EET
Begin processing the 107001st record. Run 1, Event 147382009, LumiSection 40225 at 27-Nov-2012 11:59:53.369 EET
Begin processing the 108001st record. Run 1, Event 214539446, LumiSection 58554 at 27-Nov-2012 11:59:57.932 EET
Begin processing the 109001st record. Run 1, Event 231449497, LumiSection 63169 at 27-Nov-2012 12:00:01.309 EET
Begin processing the 110001st record. Run 1, Event 178073811, LumiSection 48601 at 27-Nov-2012 12:00:05.043 EET
Begin processing the 111001st record. Run 1, Event 204160633, LumiSection 55721 at 27-Nov-2012 12:00:07.552 EET
Begin processing the 112001st record. Run 1, Event 204464691, LumiSection 55804 at 27-Nov-2012 12:00:10.618 EET
27-Nov-2012 12:00:11 EET  Closed file file:/hdfs/cms/store/user/mario/QCD_Pt_250_350_EMEnriched_TuneZ2star_8TeV_pythia6/Summer12-stop-pfele-step1/3d176ac8da5e9dff208d057f4733ca91/tuple_24_8_w2x.root
27-Nov-2012 12:00:11 EET  Initiating request to open file file:/hdfs/cms/store/user/mario/QCD_Pt_250_350_EMEnriched_TuneZ2star_8TeV_pythia6/Summer12-stop-pfele-step1/3d176ac8da5e9dff208d057f4733ca91/tuple_20_10_kP8.root
27-Nov-2012 12:00:11 EET  Successfully opened file file:/hdfs/cms/store/user/mario/QCD_Pt_250_350_EMEnriched_TuneZ2star_8TeV_pythia6/Summer12-stop-pfele-step1/3d176ac8da5e9dff208d057f4733ca91/tuple_20_10_kP8.root
27-Nov-2012 12:00:25 EET  Closed file file:/hdfs/cms/store/user/mario/QCD_Pt_250_350_EMEnriched_TuneZ2star_8TeV_pythia6/Summer12-stop-pfele-step1/3d176ac8da5e9dff208d057f4733ca91/tuple_20_10_kP8.root

=============================================

MessageLogger Summary

 type     category        sev    module        subroutine        count    total
 ---- -------------------- -- ---------------- ----------------  -----    -----
    1 fileAction           -s file_close                             6        6
    2 fileAction           -s file_open                             12       12

 type    category    Examples: run/evt        run/evt          run/evt
 ---- -------------------- ---------------- ---------------- ----------------
    1 fileAction           PostProcessEvent PostProcessEvent PostEndRun
    2 fileAction           pre-events       pre-events       PostProcessEvent

Severity    # Occurrences   Total Occurrences
--------    -------------   -----------------
System                 18                  18
>>> END OF printout of 149 lines from stdout+stderr
>>> Parse FrameworkJobReport crab_fjr.xml
Result of parsing the FrameworkJobReport crab_fjr.xml: Popularity start
lumisRange : 1::4,19,298-299,335,737,744,773,790,900,907,920,929,933,1007,1056,1124,1136,1295,1307,1323,1375,1414,1444,1446,1454,1483,1510,1512-1513,1536,1541,1546,1568,1591,1618,1623,1658,1680,1682,1685,1746,1842,1844,1852,2102,2112,2213,2217,2263,2268,2332,2350,2366,3081,3545,3822,4047-4048,4297,4516,4525,4865,4878,4895,5105,5109,7421,7920,8158,8373,8486,8792,9181,9604,10021,10174,10363,12829,12869,12872,12876,12924,12945,12966,13024,13576,16005,16302,16350,16477,16488,17211,17455,17458,18396,18557,18622,18740,19741,20147,20698,20772,21564,21587,21599,24561,24996,25212,25272,25309,25386,25404,26140,26366,26546,26657,26734,26745,27185,27243,27461,29378,30020,30150,30156,30601,31188,32931,33059,33132,33374,35081,35670,36122,36161,36323,41648,41869,43425-43426,44582-44583,45439,46754,47663,47844,48342,49199,49542,49880,51144,51542,51781,52000,53166,53310,55000,57163,59101,59409,60062,64570,66801,67960,69882,69904,70329,72803::1;1::11977,12129,12190,12316,12887,13503,14478,15032,15034,15928,17000,18802,19062,19172,19469,20162,20165,23148,24183,24607,24636,25562,25758,26531,26918,27168,27413,28754,30253,30538,31332,31782,34446,35041,35091,36064,36118-36119,36153,36172,38152,38227,38583,38788-38789,38978,39551,40225,40270,40518,40897,40966,40968,41021,41099,41173,41180,41254,41300,41455,41981,42322,42354,42367,42605,43142,43146,43341,43678,43720,43725,43892,44341,44836,45352,45369,45423,46161,46388,46532,46590,47191,47661,47674,47678,47686,48057,48601,48905,48994,49792,50563,50677,50727,50837,50839,50842,51013,51153,51211,51883,52076,52922,53494,55721,55739,55742,55792,55794,55804-55805,55823,55825,58493,58554,58611,58652,58654,58689,58817,58867,58936,58938,58976,58979,59777,61047-61048,61556,61635,61645,61689,61777,61792,62510,62547,62742,63169,63178,63287,63363,63429,63472,63597,63606,63839,63969-63970,64012,64462,64611,64661,64704,64724,65280,65512,65674,66253,66255,66282,66560,66694,67980,69820,70304,71002,72428,72639::2;1::4092,4096,4574,4870,6488,10840,12736,12805,12953,12981,13130,13132,13203,13691,14819,15320,16409,20820,22762,28883,29260,31115-31116,33041,34845,35375,35995,36007,37588,37677,39014,39608,39615,40295,41475,41817,43070,43078,43611,61967,62359,63408,63477,64823,64850,66022,66046,67679,68059,69994,71715::3;1::5,7,11,20,26-27,42,98,103,147,149-150,159,165,173,248,258,265,280,287,295,302,314-315,327,331-332,682,684-685,700,739,748,751,756,770,774,781,784,791,895,898-899,908,913,916-917,932,939,979,989,991,996,1002,1044,1058,1064,1075-1076,1092,1094,1119,1128,1130-1131,1263,1266,1270-1271,1275,1285,1287-1288,1291,1298,1301,1335,1354,1382,1394-1397,1409,1422,1452,1501,1514,1517,1519,1521,1541,1561,1600,1604,2020,2090,2392,3075,5087,7620,14915,15239,16716,17426,17430,19453,19483,19808,20239,20779,20867,21232,21447,23892,24143,24975,24986,25174,25188,25337,25893,25914,33490,33996,34349,35071,35380,35499,37201,39059,40767,42057,42245,42449,42559,42623,43079,45171,45680,46193,47279,47971,53341,54238,54278,56603,63140,63196,63230,63583,63585,63814,64362,64643,64669,64847,65979,66107,66226,66260,66540,68609,69733,70344,71023,71932,72231::4;1::71209,71464::5;1::995,1309,1503,1532,1581,1606,1615,1649,1661-1662,1860,2104,2161,2264,2273-2275,2278,2282,2292-2293,2370,2380,2385,2409,2448,2455,3164,3189,3219,3222,3330,3334,3543,3820,3981,3995,4502,4506,4524,4586,5090,5099,5110,5121,5796,6179,6181,6183,6503,6718,6720,6737,6954,6959,6964,6967,6970,6972,7164,7373,7577,7585,7609,7611,7614-7615,8048,8052-8053,8284,8465,8482,8498,8502,8513,8575,8628,8766,8770,8775,8782,8988,9185,9201,9541,9567,9577,9581,9788,9820,9825,9851-9852,9857,9865,9875,9878,9919,9924,9931-9933,9935,9999,10003,10056,10059-10060,10140-10141,10244,10246,10258-10259,10338,10349,10355,10578,10581,10594,10603,10649,10687,10746,10814,10816,10838,10842,10854,11225,11249,11252,11303,12143,13603,13756,13779,13787,14270,14277,14704,14793,16101,16108,33494,34441,35479,35489,36743,37461,37684,37766,38179,38247,43809,43815,43827,44037,44142,45325,45457,45465,45470,46171,46255,46727,46906,48730,49165,51092::6;
lumisParentRange : 
Basename : /store/user/mario/QCD_Pt_250_350_EMEnriched_TuneZ2star_8TeV_pythia6/Summer12-stop-pfele-step1/3d176ac8da5e9dff208d057f4733ca91/tuple_
BasenameParent : 
parentFiles : 
inputBlocks : /QCD_Pt_250_350_EMEnriched_TuneZ2star_8TeV_pythia6/mario-Summer12-stop-pfele-step1-3d176ac8da5e9dff208d057f4733ca91/USER#89723d11-1f9b-42cd-94f4-feb0ac97b54e
inputFiles : 90_4_Rth.root::1::EDM::Local::1;24_8_w2x.root::1::EDM::Local::2;86_6_xmO.root::1::EDM::Local::3;89_9_YQh.root::1::EDM::Local::4;20_10_kP8.root::1::EDM::Local::5;105_9_gsv.root::1::EDM::Local::6;
Popularity stop
Extracted ExitStatus from FrameworkJobReport parsing output: 0
>>> Executable succeded  0
ExeExitCode=0
EXECUTABLE_EXIT_STATUS = 0
>>> current directory /home/cms019/home_creur_860848933/CREAM860848933/glide_Og2556/execute/dir_16201/CMSSW_5_3_5
>>>  (SOFTWARE_DIR): /home/cms019/home_creur_860848933/CREAM860848933/glide_Og2556/execute/dir_16201/CMSSW_5_3_5
>>> (WORKING_DIR): 
>>> current directory content:
total 160
drwxr-xr-x 3 cms019 cms  4096 Nov 27 11:50 .SCRAM
-rw-r--r-- 1 cms019 cms 30066 Nov 27 11:50 CMSSW.py.pkl
drwxr-xr-x 3 cms019 cms  4096 Nov 27 11:50 bin
drwxr-xr-x 3 cms019 cms  4096 Nov 27 11:50 cfipython
drwxr-xr-x 5 cms019 cms  4096 Nov 27 11:50 config
-rw-r--r-- 1 cms019 cms    17 Nov 27 12:00 cpu_timing.txt
drwxr-xr-x 2 cms019 cms  4096 Nov 27 11:50 doc
-rw-r--r-- 1 cms019 cms 17006 Nov 27 12:00 executable.out
drwxr-xr-x 2 cms019 cms  4096 Nov 27 11:50 include
drwxrwxrwx 3 cms019 cms  4096 Oct 22 16:38 lib
drwxr-xr-x 3 cms019 cms  4096 Nov 27 11:50 logs
drwxr-xr-x 3 cms019 cms  4096 Nov 27 11:50 objs
-rw-r--r-- 1 cms019 cms 17427 Nov 27 12:00 optHistograms.root
-rw-r--r-- 1 cms019 cms   104 Nov 27 11:50 pset.py
-rw-r--r-- 1 cms019 cms 19662 Nov 27 11:50 pset.py.pkl
-rw-r--r-- 1 cms019 cms   289 Nov 27 11:50 pset.pyc
drwxr-xr-x 2 cms019 cms  4096 Nov 27 11:50 python
-rw-r--r-- 1 cms019 cms   417 Nov 27 12:00 report.log
drwxrwxrwx 4 cms019 cms  4096 Nov 27 11:50 src
drwxr-xr-x 3 cms019 cms  4096 Nov 27 11:50 test
drwxr-xr-x 3 cms019 cms  4096 Nov 27 11:50 tmp
>>> current directory /home/cms019/home_creur_860848933/CREAM860848933/glide_Og2556/execute/dir_16201/CMSSW_5_3_5
>>> (SOFTWARE_DIR): /home/cms019/home_creur_860848933/CREAM860848933/glide_Og2556/execute/dir_16201/CMSSW_5_3_5
>>> (WORKING_DIR): 
>>> current directory content:
total 140
drwxr-xr-x 3 cms019 cms  4096 Nov 27 11:50 .SCRAM
-rw-r--r-- 1 cms019 cms 30066 Nov 27 11:50 CMSSW.py.pkl
drwxr-xr-x 3 cms019 cms  4096 Nov 27 11:50 bin
drwxr-xr-x 3 cms019 cms  4096 Nov 27 11:50 cfipython
drwxr-xr-x 5 cms019 cms  4096 Nov 27 11:50 config
-rw-r--r-- 1 cms019 cms    17 Nov 27 12:00 cpu_timing.txt
drwxr-xr-x 2 cms019 cms  4096 Nov 27 11:50 doc
-rw-r--r-- 1 cms019 cms 17006 Nov 27 12:00 executable.out
drwxr-xr-x 2 cms019 cms  4096 Nov 27 11:50 include
drwxrwxrwx 3 cms019 cms  4096 Oct 22 16:38 lib
drwxr-xr-x 3 cms019 cms  4096 Nov 27 11:50 logs
drwxr-xr-x 3 cms019 cms  4096 Nov 27 11:50 objs
-rw-r--r-- 1 cms019 cms   104 Nov 27 11:50 pset.py
-rw-r--r-- 1 cms019 cms 19662 Nov 27 11:50 pset.py.pkl
-rw-r--r-- 1 cms019 cms   289 Nov 27 11:50 pset.pyc
drwxr-xr-x 2 cms019 cms  4096 Nov 27 11:50 python
-rw-r--r-- 1 cms019 cms   417 Nov 27 12:00 report.log
drwxrwxrwx 4 cms019 cms  4096 Nov 27 11:50 src
drwxr-xr-x 3 cms019 cms  4096 Nov 27 11:50 test
drwxr-xr-x 3 cms019 cms  4096 Nov 27 11:50 tmp
>>> current directory (RUNTIME_AREA):  /home/cms019/home_creur_860848933/CREAM860848933/glide_Og2556/execute/dir_16201
>>> current dir: /home/cms019/home_creur_860848933/CREAM860848933/glide_Og2556/execute/dir_16201
>>> current dir content:
total 25800
-rw-rw-rw-  1 cms019 cms     5574 Nov 27 11:46 .job.ad
-rw-rw-rw-  1 cms019 cms    11333 Nov 27 11:46 .machine.ad
-rw-rw-rw-  1 cms019 cms      105 Nov 27 01:27 CMSSW.py
-rw-rw-rw-  1 cms019 cms    30066 Nov 27 01:27 CMSSW.py.pkl
-rwxrw-rw-  1 cms019 cms    23341 Nov 27 11:50 CMSSW.sh
-rw-rw-rw-  1 cms019 cms        0 Nov 27 11:50 CMSSW_47.stderr
-rw-rw-rw-  1 cms019 cms    33251 Nov 27 12:00 CMSSW_47.stdout
drwxr-xr-x 15 cms019 cms     4096 Nov 27 12:00 CMSSW_5_3_5
-rw-r--r--  1 cms019 cms      347 Nov 27 11:50 CacheEnv.sh
-rw-rw-rw-  1 cms019 cms     7291 Jun  9  2010 DashboardAPI.py
-rw-r--r--  1 cms019 cms     6883 Nov 27 11:50 DashboardAPI.pyc
drwxrwxrwx  3 cms019 cms     4096 Nov 27 12:00 IMProv
-rw-rw-rw-  1 cms019 cms     2748 Mar  8  2006 Logger.py
-rw-r--r--  1 cms019 cms     3353 Nov 27 11:50 Logger.pyc
-rw-rw-rw-  1 cms019 cms    24524 Mar 28  2008 ProcInfo.py
-rw-r--r--  1 cms019 cms    23470 Nov 27 11:50 ProcInfo.pyc
drwxrwxrwx  7 cms019 cms     4096 Nov 27 11:50 ProdCommon
drwxrwxrwx  3 cms019 cms     4096 Nov 27 11:50 WMCore
-rw-r--r--  1 cms019 cms     2780 Nov 27 11:59 Watchdog_47.log
-rw-rw-rw-  1 cms019 cms    32895 Mar 28  2008 apmon.py
-rw-r--r--  1 cms019 cms    28874 Nov 27 11:50 apmon.pyc
-rw-rw-rw-  1 cms019 cms   105070 Nov 27 11:50 arguments.xml
-rwxrwxrwx  1 cms019 cms    37427 Sep 13 14:14 cmscp.py
-rwxrwxrwx  1 cms019 cms    23341 Nov 27 11:50 condor_exec.exe
-rw-rw-rw-  1 cms019 cms      546 Nov 27 01:27 crab.cfg
-rwxrwxrwx  1 cms019 cms     9531 Sep 20 21:46 crabWatchdog.sh
-rw-r--r--  1 cms019 cms    53179 Nov 27 12:00 crab_fjr_47.xml
-rw-rw-rw-  1 cms019 cms 25796300 Nov 27 11:50 default.tgz
-rwxrwxrwx  1 cms019 cms     4488 May 12  2012 fillCrabFjr.py
-rw-r--r--  1 cms019 cms     1090 Nov 27 11:50 inputsReport.txt
-rw-r--r--  1 cms019 cms      131 Nov 27 12:00 jobreport.txt
lrwxrwxrwx  1 cms019 cms      107 Nov 27 12:00 optHistograms.root -> /home/cms019/home_creur_860848933/CREAM860848933/glide_Og2556/execute/dir_16201/optHistograms_47_2_nmC.root
-rw-r--r--  1 cms019 cms    17427 Nov 27 12:00 optHistograms_47_2_nmC.root
-rw-rw-rw-  1 cms019 cms    17352 Jan 20  2012 parseCrabFjr.py
-rw-r--r--  1 cms019 cms      283 Nov 27 11:50 report.log
-rwxrwxrwx  1 cms019 cms     1497 May 27  2009 report.py
-rwxrwxrwx  1 cms019 cms     8387 Mar 23  2011 writeCfg.py
-rw-------  1 cms019 cms     8687 Nov 27 11:50 x509up_u1000009
Checking output files:  
will tar file optHistograms_47_2_nmC.root in  out_files_47
will tar file crab_fjr_47.xml in  out_files_47
will tar file CMSSW_47.stdout in  out_files_47
will tar file CMSSW_47.stderr in  out_files_47
WARNING: output file Watchdog_47.log.gz not found!
>>> padding time: Wrapper lasting more than 600 seconds. No sleep required.
STOPPING WATCHDOG. CrabWatchdog PID is 5576
********** LAST 50 LINES OF WATCHDOG LOG
# RESOURCE USAGE SUMMARY FOR PROCESS ID 31954
USER       PID %CPU %MEM    VSZ   RSS TTY      STAT START   TIME COMMAND
cms019   31954  0.1  0.0   8956  1484 ?        R    11:50   0:00 /bin/sh /home/cms019/home_creur_860848933/CREAM860848933/glide_Og2556/execute/dir_16201/condor_exec.exe 47 2
 
# LIMITS USED BY THIS WATCHDOG:
# RSS  (KBytes)  : 2300000
# VSZ  (KBytes)  : 100000000
# DISK (MBytes)  : 19000
# CPU  (seconds) : 171600
# WALL (seconds) : 171600
 
# FOLLOWING PRINTOUT TRACKS MAXIMUM VALUES OF RESOURCES USE
# ONE LINE IS PRINTED EACH TIME A MAXIMUM CHANGES
# IF CHANGE WAS IN RSS OR VSZ ALSO PROCID AND COMMAND ARE PRINTED
# THERE IS NO PRINTOUT FOR CPU/WALL TIME INCREASE
 
# TIME			PID	RSS(KB)	VSZ(KB)	Dsk(MB)	tCPU(s)	tWALL(s)	COMMAND
 Nov 27 11:50:41 EET	2410	1316	8896	0	0	489	-bash         
 Nov 27 11:50:41 EET	2439	1484	8952	0	0	490	/bin/sh -l ./CREAM860848933_jobWrapper.sh       
 Nov 27 11:50:41 EET	2502	2680	25504	0	0	490	perl -e ?use Socket;??sub send_notify {? $cream_url = "193.40.150.134:49152";die "No
 Nov 27 11:50:41 EET	7196	5864	25504	0	0	484	/home/cms019/home_creur_860848933/CREAM860848933/glide_Og2556/main/condor/sbin/condor_master -f -pidfile /home/cms019/home_creur_860848933/CREAM860848933/glide_Og2556/condor_master2.pid      
 Nov 27 11:50:41 EET	---	5864	25504	168	----	----	----
 Nov 27 11:51:49 EET	7196	5880	25504	168	0	549	/home/cms019/home_creur_860848933/CREAM860848933/glide_Og2556/main/condor/sbin/condor_master -f -pidfile /home/cms019/home_creur_860848933/CREAM860848933/glide_Og2556/condor_master2.pid      
 Nov 27 11:51:49 EET	9902	360328	564584	168	26	58	cmsRun -j /home/cms019/home_creur_860848933/CREAM860848933/glide_Og2556/execute/dir_16201/crab_fjr_47.xml -p pset.py     
 Nov 27 11:52:54 EET	9902	365764	565352	168	66	123	cmsRun -j /home/cms019/home_creur_860848933/CREAM860848933/glide_Og2556/execute/dir_16201/crab_fjr_47.xml -p pset.py     
 Nov 27 11:53:59 EET	9902	365816	565352	168	116	187	cmsRun -j /home/cms019/home_creur_860848933/CREAM860848933/glide_Og2556/execute/dir_16201/crab_fjr_47.xml -p pset.py     
 Nov 27 11:55:03 EET	9902	367052	565608	168	159	252	cmsRun -j /home/cms019/home_creur_860848933/CREAM860848933/glide_Og2556/execute/dir_16201/crab_fjr_47.xml -p pset.py     
 Nov 27 11:56:08 EET	9902	367116	565608	168	210	316	cmsRun -j /home/cms019/home_creur_860848933/CREAM860848933/glide_Og2556/execute/dir_16201/crab_fjr_47.xml -p pset.py     
 Nov 27 11:57:12 EET	9902	367116	566632	168	252	380	cmsRun -j /home/cms019/home_creur_860848933/CREAM860848933/glide_Og2556/execute/dir_16201/crab_fjr_47.xml -p pset.py     
 Nov 27 11:59:18 EET	9902	367364	566632	168	348	506	cmsRun -j /home/cms019/home_creur_860848933/CREAM860848933/glide_Og2556/execute/dir_16201/crab_fjr_47.xml -p pset.py     
********** WATCHDOG LOG ENDED
ZIPPING WATCHDOG LOG
Disk space used:
du -sh /home/cms019/home_creur_860848933/CREAM860848933/glide_Og2556/execute/dir_16201
169M	/home/cms019/home_creur_860848933/CREAM860848933/glide_Og2556/execute/dir_16201
>>> info for dashboard:
***** Cat /home/cms019/home_creur_860848933/CREAM860848933/glide_Og2556/execute/dir_16201/jobreport.txt *****
MonitorJobID=47_https://submit-2.t2.ucsd.edu//121127//17634.3
MonitorID=liis_crab_0_121127_012714_evt312
ExeTime=572
ExeExitCode=0
CrabUserCpuTime=379.41
CrabSysCpuTime=10.77
CrabCpuPercentage=68%
CrabWrapperTime=620
CrabStageoutTime=NULL
***** End Cat jobreport *****
Parameters sent to Dashboard.
optHistograms_47_2_nmC.root
crab_fjr_47.xml
CMSSW_47.stdout
CMSSW_47.stderr
Watchdog_47.log.gz
tar: .BrokerInfo: Cannot stat: No such file or directory
tar: Error exit delayed from previous errors
Total Output dimension: 29817
WARNING: output files size limit is set to: 50000000
Total Output dimension 29817 is fine.
JOB_EXIT_STATUS = 0
>>> info for dashboard:
***** Cat /home/cms019/home_creur_860848933/CREAM860848933/glide_Og2556/execute/dir_16201/jobreport.txt *****
MonitorJobID=47_https://submit-2.t2.ucsd.edu//121127//17634.3
MonitorID=liis_crab_0_121127_012714_evt312
JobExitCode=0
***** End Cat jobreport *****
Parameters sent to Dashboard.
optHistograms_47_2_nmC.root
crab_fjr_47.xml
