This script was generated by crab (version 2.8.3).
Running /home/cms064/home_crmrs_852173274/CREAM852173274/glide_b18622/execute/dir_7420/condor_exec.exe with 2 positional parameters: 101 2
Today is Tue Nov 27 11:50:30 EET 2012
Job submitted on host wn-v-2540.local
Linux wn-v-2540.local 2.6.32-042stab059.7 #1 SMP Tue Jul 24 19:12:01 MSK 2012 x86_64 x86_64 x86_64 GNU/Linux
>>> current directory (RUNTIME_AREA): /home/cms064/home_crmrs_852173274/CREAM852173274/glide_b18622/execute/dir_7420
>>> current user: uid=11064(cms064) gid=1400(cms) groups=1400(cms)
>>> voms proxy information:
subject   : /DC=ch/DC=cern/OU=Organic Units/OU=Users/CN=liis/CN=663550/CN=Liis Rebane/CN=proxy/CN=limited proxy
issuer    : /DC=ch/DC=cern/OU=Organic Units/OU=Users/CN=liis/CN=663550/CN=Liis Rebane/CN=proxy
identity  : /DC=ch/DC=cern/OU=Organic Units/OU=Users/CN=liis/CN=663550/CN=Liis Rebane/CN=proxy
type      : limited proxy
strength  : 512 bits
path      : /home/cms064/home_crmrs_852173274/CREAM852173274/glide_b18622/execute/dir_7420/x509up_u1000009
timeleft  : 23:59:54
key usage : Digital Signature, Key Encipherment, Data Encipherment
=== VO cms extension information ===
VO        : cms
subject   : /DC=ch/DC=cern/OU=Organic Units/OU=Users/CN=liis/CN=663550/CN=Liis Rebane
issuer    : /DC=ch/DC=cern/OU=computers/CN=lcg-voms.cern.ch
attribute : /cms/Role=NULL/Capability=NULL
timeleft  : 181:35:07
uri       : lcg-voms.cern.ch:15002
>>> tar xzf /home/cms064/home_crmrs_852173274/CREAM852173274/glide_b18622/execute/dir_7420/default.tgz :
Successful untar
>>> Include /home/cms064/home_crmrs_852173274/CREAM852173274/glide_b18622/execute/dir_7420 in PYTHONPATH:
strip arguments
env var CRAB_UNIQUE_JOB_ID set to: liis_crab_0_121127_012714_evt312_101_2_sPm
out_files_101
>>> list of expected files on output sandbox
output files: optHistograms_101_2_sPm.root crab_fjr_101.xml CMSSW_101.stdout CMSSW_101.stderr Watchdog_101.log.gz
>>> GridFlavour discovery: 
GridFlavour=LCG
>>> SyncSite discovery: 
SyncSite=T2_EE_Estonia
>>> SyncCE discovery: 
getting SyncCE from CE_ID
SyncCE=mars.hep.kbfi.ee:8443/cream-pbs-long
>>> info for dashboard:
***** Cat /home/cms064/home_crmrs_852173274/CREAM852173274/glide_b18622/execute/dir_7420/jobreport.txt *****
MonitorJobID=101_https://submit-2.t2.ucsd.edu//121127//17634.11
SyncGridJobId=https://submit-2.t2.ucsd.edu//121127//17634.11
MonitorID=liis_crab_0_121127_012714_evt312
GridFlavour=LCG
SyncSite=T2_EE_Estonia
SyncCE=mars.hep.kbfi.ee:8443/cream-pbs-long
***** End Cat jobreport *****
Parameters sent to Dashboard.
>>> setup environment
set SCRAM ARCH to slc5_amd64_gcc462
SCRAM_ARCH = slc5_amd64_gcc462
>>> setup CMS LCG environment:
set SCRAM ARCH and BUILD_ARCH to slc5_amd64_gcc462 ###
Sourcing environment... 
sourcing /cvmfs/cms.cern.ch/cmsset_default.sh
==> setup cms environment ok
>>> specific cmssw setup environment:
CMSSW_VERSION =  CMSSW_5_3_5
>>> current directory (SOFTWARE_DIR): /home/cms064/home_crmrs_852173274/CREAM852173274/glide_b18622/execute/dir_7420/CMSSW_5_3_5
PreserveSeeds: <>
IncrementSeeds:<>
{}
WNHostName=wn-v-2540.local
>>> info for dashboard:
***** Cat /home/cms064/home_crmrs_852173274/CREAM852173274/glide_b18622/execute/dir_7420/jobreport.txt *****
MonitorJobID=101_https://submit-2.t2.ucsd.edu//121127//17634.11
MonitorID=liis_crab_0_121127_012714_evt312
WNHostName=wn-v-2540.local
***** End Cat jobreport *****
Parameters sent to Dashboard.
crabWatchdog started as process 24749
>>> moving CMSSW software directories in /home/cms064/home_crmrs_852173274/CREAM852173274/glide_b18622/execute/dir_7420/CMSSW_5_3_5
mv: cannot stat `/home/cms064/home_crmrs_852173274/CREAM852173274/glide_b18622/execute/dir_7420/module/': No such file or directory
>>> Include /home/cms064/home_crmrs_852173274/CREAM852173274/glide_b18622/execute/dir_7420 in PYTHONPATH:
PYTHONPATH=/home/cms064/home_crmrs_852173274/CREAM852173274/glide_b18622/execute/dir_7420/:/home/cms064/home_crmrs_852173274/CREAM852173274/glide_b18622/execute/dir_7420/CMSSW_5_3_5/python:/home/cms064/home_crmrs_852173274/CREAM852173274/glide_b18622/execute/dir_7420/CMSSW_5_3_5/lib/slc5_amd64_gcc462:/cvmfs/cms.cern.ch/slc5_amd64_gcc462/cms/cmssw/CMSSW_5_3_5/python:/cvmfs/cms.cern.ch/slc5_amd64_gcc462/cms/cmssw/CMSSW_5_3_5/lib/slc5_amd64_gcc462:/cvmfs/cms.cern.ch/slc5_amd64_gcc462/cms/coral/CORAL_2_3_21-cms27/slc5_amd64_gcc462/python:/cvmfs/cms.cern.ch/slc5_amd64_gcc462/cms/coral/CORAL_2_3_21-cms27/slc5_amd64_gcc462/lib:/cvmfs/cms.cern.ch/slc5_amd64_gcc462/external/pyqt/4.8.1/lib/python2.6/site-packages:/cvmfs/cms.cern.ch/slc5_amd64_gcc462/external/py2-scipy/0.8.0/lib/python2.6/site-packages:/cvmfs/cms.cern.ch/slc5_amd64_gcc462/external/py2-matplotlib/1.0.1/lib/python2.6/site-packages:/cvmfs/cms.cern.ch/slc5_amd64_gcc462/external/python-ldap/2.3.5/lib/python2.6/site-packages:/cvmfs/cms.cern.ch/slc5_amd64_gcc462/external/sip/4.11.2/lib/python2.6/site-packages:/cvmfs/cms.cern.ch/slc5_amd64_gcc462/external/py2-pycurl/7.19.0/lib/python2.6/site-packages:/cvmfs/cms.cern.ch/slc5_amd64_gcc462/external/py2-numpy/1.6.1/lib/python2.6/site-packages:/cvmfs/cms.cern.ch/slc5_amd64_gcc462/external/py2-ipython/0.10/lib/python2.6/site-packages:/cvmfs/cms.cern.ch/slc5_amd64_gcc462/external/py2-cx-oracle/5.1-cms11/lib/python2.6/site-packages:/cvmfs/cms.cern.ch/slc5_amd64_gcc462/external/py2-cjson/1.0.5/lib/python2.6/site-packages:/cvmfs/cms.cern.ch/slc5_amd64_gcc462/cms/das-client/1.4.1-cms8/bin:/cvmfs/cms.cern.ch/slc5_amd64_gcc462/external/elementtree/1.2.6/share/lib/python2.6/site-packages:/cvmfs/cms.cern.ch/slc5_amd64_gcc462/external/rivet/1.5.1-cms10/lib/python2.6/site-packages:/cvmfs/cms.cern.ch/slc5_amd64_gcc462/external/pyminuit2/0.0.1-cms34/lib/python2.6/site-packages:/cvmfs/cms.cern.ch/slc5_amd64_gcc462/external/professor/1.0.0-cms35/lib/python2.6/site-packages:/cvmfs/cms.cern.ch/slc5_amd64_gcc462/lcg/root/5.32.00-cms18/lib:/cvmfs/cms.cern.ch/slc5_amd64_gcc462/cms/dbs-client/DBS_2_1_1_patch1_1/lib:/cvmfs/cms.cern.ch/slc5_amd64_gcc462/cms/dbs-client/DBS_2_1_1_patch1_1/lib/DBSAPI:/home/cms064/home_crmrs_852173274/CREAM852173274/glide_b18622/execute/dir_7420/
241a2a19cb7c5c8751ba22759ab3bdb0
PSETHASH = 241a2a19cb7c5c8751ba22759ab3bdb0
/home/cms064/home_crmrs_852173274/CREAM852173274/glide_b18622/execute/dir_7420/writeCfg.py pset.py pset.py
Importing .py file
Setting parameters
inputBlocks=/QCD_Pt_250_350_EMEnriched_TuneZ2star_8TeV_pythia6/mario-Summer12-stop-pfele-step1-3d176ac8da5e9dff208d057f4733ca91/USER#89723d11-1f9b-42cd-94f4-feb0ac97b54e
inputFiles=/store/user/mario/QCD_Pt_250_350_EMEnriched_TuneZ2star_8TeV_pythia6/Summer12-stop-pfele-step1/3d176ac8da5e9dff208d057f4733ca91/tuple_152_8_U1X.root;/store/user/mario/QCD_Pt_250_350_EMEnriched_TuneZ2star_8TeV_pythia6/Summer12-stop-pfele-step1/3d176ac8da5e9dff208d057f4733ca91/tuple_156_5_3dd.root
parentFiles=
lumisRange=
>>> Executable cmsRun
/cvmfs/cms.cern.ch/slc5_amd64_gcc462/cms/cmssw/CMSSW_5_3_5/bin/slc5_amd64_gcc462/cmsRun
ok executable found
>>> info for dashboard:
***** Cat /home/cms064/home_crmrs_852173274/CREAM852173274/glide_b18622/execute/dir_7420/jobreport.txt *****
MonitorJobID=101_https://submit-2.t2.ucsd.edu//121127//17634.11
MonitorID=liis_crab_0_121127_012714_evt312
ExeStart=cmsRun
***** End Cat jobreport *****
Parameters sent to Dashboard.
>>> cmsRun started at Tue Nov 27 09:50:48 UTC 2012
>>> cmsRun ended at Tue Nov 27 09:54:13 UTC 2012
>>> info for dashboard:
***** Cat /home/cms064/home_crmrs_852173274/CREAM852173274/glide_b18622/execute/dir_7420/jobreport.txt *****
MonitorJobID=101_https://submit-2.t2.ucsd.edu//121127//17634.11
MonitorID=liis_crab_0_121127_012714_evt312
ExeEnd=cmsRun
***** End Cat jobreport *****
Parameters sent to Dashboard.
TIME_EXE = 205 sec
>>> cmsRun wrote 59 lines of stdout+stderr
>>> START OF printout of 59 lines from stdout+stderr
27-Nov-2012 11:51:01 EET  Initiating request to open file file:/hdfs/cms/store/user/mario/QCD_Pt_250_350_EMEnriched_TuneZ2star_8TeV_pythia6/Summer12-stop-pfele-step1/3d176ac8da5e9dff208d057f4733ca91/tuple_152_8_U1X.root
27-Nov-2012 11:51:08 EET  Successfully opened file file:/hdfs/cms/store/user/mario/QCD_Pt_250_350_EMEnriched_TuneZ2star_8TeV_pythia6/Summer12-stop-pfele-step1/3d176ac8da5e9dff208d057f4733ca91/tuple_152_8_U1X.root
Begin processing the 1st record. Run 1, Event 145890472, LumiSection 39818 at 27-Nov-2012 11:51:27.654 EET
Begin processing the 1001st record. Run 1, Event 163915446, LumiSection 44737 at 27-Nov-2012 11:51:34.770 EET
Begin processing the 2001st record. Run 1, Event 183028890, LumiSection 49954 at 27-Nov-2012 11:51:37.392 EET
Begin processing the 3001st record. Run 1, Event 191011028, LumiSection 52132 at 27-Nov-2012 11:51:41.809 EET
Begin processing the 4001st record. Run 1, Event 222127557, LumiSection 60625 at 27-Nov-2012 11:51:46.106 EET
Begin processing the 5001st record. Run 1, Event 1456772, LumiSection 398 at 27-Nov-2012 11:51:48.948 EET
Begin processing the 6001st record. Run 1, Event 55355152, LumiSection 15108 at 27-Nov-2012 11:51:53.643 EET
Begin processing the 7001st record. Run 1, Event 58895072, LumiSection 16074 at 27-Nov-2012 11:51:57.108 EET
Begin processing the 8001st record. Run 1, Event 88631876, LumiSection 24190 at 27-Nov-2012 11:52:03.898 EET
27-Nov-2012 11:52:05 EET  Closed file file:/hdfs/cms/store/user/mario/QCD_Pt_250_350_EMEnriched_TuneZ2star_8TeV_pythia6/Summer12-stop-pfele-step1/3d176ac8da5e9dff208d057f4733ca91/tuple_152_8_U1X.root
27-Nov-2012 11:52:05 EET  Initiating request to open file file:/hdfs/cms/store/user/mario/QCD_Pt_250_350_EMEnriched_TuneZ2star_8TeV_pythia6/Summer12-stop-pfele-step1/3d176ac8da5e9dff208d057f4733ca91/tuple_156_5_3dd.root
27-Nov-2012 11:52:05 EET  Successfully opened file file:/hdfs/cms/store/user/mario/QCD_Pt_250_350_EMEnriched_TuneZ2star_8TeV_pythia6/Summer12-stop-pfele-step1/3d176ac8da5e9dff208d057f4733ca91/tuple_156_5_3dd.root
Begin processing the 9001st record. Run 1, Event 178308385, LumiSection 48665 at 27-Nov-2012 11:52:25.917 EET
Begin processing the 10001st record. Run 1, Event 191042860, LumiSection 52141 at 27-Nov-2012 11:52:29.532 EET
Begin processing the 11001st record. Run 1, Event 194191903, LumiSection 53000 at 27-Nov-2012 11:52:34.385 EET
Begin processing the 12001st record. Run 1, Event 201698582, LumiSection 55049 at 27-Nov-2012 11:52:37.830 EET
Begin processing the 13001st record. Run 1, Event 241847337, LumiSection 66007 at 27-Nov-2012 11:52:42.393 EET
Begin processing the 14001st record. Run 1, Event 254556001, LumiSection 69475 at 27-Nov-2012 11:52:45.814 EET
Begin processing the 15001st record. Run 1, Event 81738625, LumiSection 22309 at 27-Nov-2012 11:52:50.321 EET
Begin processing the 16001st record. Run 1, Event 143078309, LumiSection 39050 at 27-Nov-2012 11:52:54.732 EET
Begin processing the 17001st record. Run 1, Event 145043058, LumiSection 39586 at 27-Nov-2012 11:52:57.449 EET
Begin processing the 18001st record. Run 1, Event 147228511, LumiSection 40183 at 27-Nov-2012 11:53:03.136 EET
Begin processing the 19001st record. Run 1, Event 160184711, LumiSection 43719 at 27-Nov-2012 11:53:05.822 EET
Begin processing the 20001st record. Run 1, Event 159016967, LumiSection 43400 at 27-Nov-2012 11:53:10.070 EET
Begin processing the 21001st record. Run 1, Event 45830494, LumiSection 12509 at 27-Nov-2012 11:53:13.390 EET
Begin processing the 22001st record. Run 1, Event 116196458, LumiSection 31714 at 27-Nov-2012 11:53:19.094 EET
Begin processing the 23001st record. Run 1, Event 118327401, LumiSection 32295 at 27-Nov-2012 11:53:22.415 EET
Begin processing the 24001st record. Run 1, Event 155306551, LumiSection 42388 at 27-Nov-2012 11:53:28.765 EET
Begin processing the 25001st record. Run 1, Event 35407927, LumiSection 9664 at 27-Nov-2012 11:53:32.224 EET
Begin processing the 26001st record. Run 1, Event 37840667, LumiSection 10328 at 27-Nov-2012 11:53:36.006 EET
Begin processing the 27001st record. Run 1, Event 59445472, LumiSection 16225 at 27-Nov-2012 11:53:40.993 EET
Begin processing the 28001st record. Run 1, Event 116206242, LumiSection 31716 at 27-Nov-2012 11:53:44.471 EET
Begin processing the 29001st record. Run 1, Event 127105071, LumiSection 34691 at 27-Nov-2012 11:53:49.541 EET
Begin processing the 30001st record. Run 1, Event 184197713, LumiSection 50273 at 27-Nov-2012 11:53:53.065 EET
Begin processing the 31001st record. Run 1, Event 189229530, LumiSection 51646 at 27-Nov-2012 11:53:57.942 EET
Begin processing the 32001st record. Run 1, Event 14082150, LumiSection 3844 at 27-Nov-2012 11:54:00.594 EET
Begin processing the 33001st record. Run 1, Event 28629559, LumiSection 7814 at 27-Nov-2012 11:54:07.521 EET
Begin processing the 34001st record. Run 1, Event 34436017, LumiSection 9399 at 27-Nov-2012 11:54:10.933 EET
27-Nov-2012 11:54:12 EET  Closed file file:/hdfs/cms/store/user/mario/QCD_Pt_250_350_EMEnriched_TuneZ2star_8TeV_pythia6/Summer12-stop-pfele-step1/3d176ac8da5e9dff208d057f4733ca91/tuple_156_5_3dd.root

=============================================

MessageLogger Summary

 type     category        sev    module        subroutine        count    total
 ---- -------------------- -- ---------------- ----------------  -----    -----
    1 fileAction           -s file_close                             2        2
    2 fileAction           -s file_open                              4        4

 type    category    Examples: run/evt        run/evt          run/evt
 ---- -------------------- ---------------- ---------------- ----------------
    1 fileAction           PostProcessEvent PostEndRun       
    2 fileAction           pre-events       pre-events       PostProcessEvent

Severity    # Occurrences   Total Occurrences
--------    -------------   -----------------
System                  6                   6
>>> END OF printout of 59 lines from stdout+stderr
>>> Parse FrameworkJobReport crab_fjr.xml
Result of parsing the FrameworkJobReport crab_fjr.xml: Popularity start
lumisRange : 1::398,8823,11092,11447,13922-13923,15108,15402,15410,15935,15984,16074,19508-19509,19515-19516,24190,24306,30771,39818,40823,43871,44338,44431,44737,44970,45180,45386,46598,48282,48966,49054,49394-49395,49608,49954,50508,50864,51309,51923,52132,53407,54498,57411,60625,63895,64796,64804,66882,68524,69011,69181,69608,70262::1;1::77,1798,3641,3653,3844,4133,4326,4392,5251,6279,6419,6601,6764,6888,7741,7814,8203,8404,8828,8855,9088,9399,9664,9674,9690,9705,10233,10328,10415,10573,12329,12509,14225,14405,14433,15619,15812,16197,16220,16225,17834,17840,17851,17857,18092,18120,18175,18321,19012,19099,19312,22013,22309,23940,24164,24205,28118,28919,31714,31716,32295,32441,32671,33140,33188,33811,34392,34691,35213,35683,36686,38361,38480,38967,39050,39228,39304,39460,39505,39582,39586,39588,39773,39843,40021,40180,40183,40259,40334,40507,40598-40599,40626,41146,41277,41374,41444,42063,42116,42388,42443,42535,42652,42664,42721,42844,43005,43029,43127,43400,43719,44296,44304,44531,45096,46632,47244,48010,48306,48503,48665,48950,49006,49589,50273,50541,50545,50828,51040,51176,51180,51604,51646,51676,51756,52035,52137,52141,53000,53812,53919,54014,54241,54661,54918,54954,55047,55049,55188,55253,55316,55322,55351,55373,56220,57316,58263,61388,64792,64857,66007,66551,67680,67718,69186,69475,69745,72335::2;
lumisParentRange : 
Basename : /store/user/mario/QCD_Pt_250_350_EMEnriched_TuneZ2star_8TeV_pythia6/Summer12-stop-pfele-step1/3d176ac8da5e9dff208d057f4733ca91/tuple_15
BasenameParent : 
parentFiles : 
inputBlocks : /QCD_Pt_250_350_EMEnriched_TuneZ2star_8TeV_pythia6/mario-Summer12-stop-pfele-step1-3d176ac8da5e9dff208d057f4733ca91/USER#89723d11-1f9b-42cd-94f4-feb0ac97b54e
inputFiles : 2_8_U1X.root::1::EDM::Local::1;6_5_3dd.root::1::EDM::Local::2;
Popularity stop
Extracted ExitStatus from FrameworkJobReport parsing output: 0
>>> Executable succeded  0
ExeExitCode=0
EXECUTABLE_EXIT_STATUS = 0
>>> current directory /home/cms064/home_crmrs_852173274/CREAM852173274/glide_b18622/execute/dir_7420/CMSSW_5_3_5
>>>  (SOFTWARE_DIR): /home/cms064/home_crmrs_852173274/CREAM852173274/glide_b18622/execute/dir_7420/CMSSW_5_3_5
>>> (WORKING_DIR): 
>>> current directory content:
total 148
drwxr-xr-x 3 cms064 cms  4096 Nov 27 11:50 .SCRAM
-rw-r--r-- 1 cms064 cms 30066 Nov 27 11:50 CMSSW.py.pkl
drwxr-xr-x 3 cms064 cms  4096 Nov 27 11:50 bin
drwxr-xr-x 3 cms064 cms  4096 Nov 27 11:50 cfipython
drwxr-xr-x 5 cms064 cms  4096 Nov 27 11:50 config
-rw-r--r-- 1 cms064 cms    16 Nov 27 11:54 cpu_timing.txt
drwxr-xr-x 2 cms064 cms  4096 Nov 27 11:50 doc
-rw-r--r-- 1 cms064 cms  5939 Nov 27 11:54 executable.out
drwxr-xr-x 2 cms064 cms  4096 Nov 27 11:50 include
drwxrwxrwx 3 cms064 cms  4096 Oct 22 16:38 lib
drwxr-xr-x 3 cms064 cms  4096 Nov 27 11:50 logs
drwxr-xr-x 3 cms064 cms  4096 Nov 27 11:50 objs
-rw-r--r-- 1 cms064 cms 17596 Nov 27 11:54 optHistograms.root
-rw-r--r-- 1 cms064 cms   104 Nov 27 11:50 pset.py
-rw-r--r-- 1 cms064 cms 19037 Nov 27 11:50 pset.py.pkl
-rw-r--r-- 1 cms064 cms   289 Nov 27 11:50 pset.pyc
drwxr-xr-x 2 cms064 cms  4096 Nov 27 11:50 python
-rw-r--r-- 1 cms064 cms   423 Nov 27 11:54 report.log
drwxrwxrwx 4 cms064 cms  4096 Nov 27 11:50 src
drwxr-xr-x 3 cms064 cms  4096 Nov 27 11:50 test
drwxr-xr-x 3 cms064 cms  4096 Nov 27 11:50 tmp
>>> current directory /home/cms064/home_crmrs_852173274/CREAM852173274/glide_b18622/execute/dir_7420/CMSSW_5_3_5
>>> (SOFTWARE_DIR): /home/cms064/home_crmrs_852173274/CREAM852173274/glide_b18622/execute/dir_7420/CMSSW_5_3_5
>>> (WORKING_DIR): 
>>> current directory content:
total 128
drwxr-xr-x 3 cms064 cms  4096 Nov 27 11:50 .SCRAM
-rw-r--r-- 1 cms064 cms 30066 Nov 27 11:50 CMSSW.py.pkl
drwxr-xr-x 3 cms064 cms  4096 Nov 27 11:50 bin
drwxr-xr-x 3 cms064 cms  4096 Nov 27 11:50 cfipython
drwxr-xr-x 5 cms064 cms  4096 Nov 27 11:50 config
-rw-r--r-- 1 cms064 cms    16 Nov 27 11:54 cpu_timing.txt
drwxr-xr-x 2 cms064 cms  4096 Nov 27 11:50 doc
-rw-r--r-- 1 cms064 cms  5939 Nov 27 11:54 executable.out
drwxr-xr-x 2 cms064 cms  4096 Nov 27 11:50 include
drwxrwxrwx 3 cms064 cms  4096 Oct 22 16:38 lib
drwxr-xr-x 3 cms064 cms  4096 Nov 27 11:50 logs
drwxr-xr-x 3 cms064 cms  4096 Nov 27 11:50 objs
-rw-r--r-- 1 cms064 cms   104 Nov 27 11:50 pset.py
-rw-r--r-- 1 cms064 cms 19037 Nov 27 11:50 pset.py.pkl
-rw-r--r-- 1 cms064 cms   289 Nov 27 11:50 pset.pyc
drwxr-xr-x 2 cms064 cms  4096 Nov 27 11:50 python
-rw-r--r-- 1 cms064 cms   423 Nov 27 11:54 report.log
drwxrwxrwx 4 cms064 cms  4096 Nov 27 11:50 src
drwxr-xr-x 3 cms064 cms  4096 Nov 27 11:50 test
drwxr-xr-x 3 cms064 cms  4096 Nov 27 11:50 tmp
>>> current directory (RUNTIME_AREA):  /home/cms064/home_crmrs_852173274/CREAM852173274/glide_b18622/execute/dir_7420
>>> current dir: /home/cms064/home_crmrs_852173274/CREAM852173274/glide_b18622/execute/dir_7420
>>> current dir content:
total 25760
-rw-rw-rw-  1 cms064 cms     5583 Nov 27 11:46 .job.ad
-rw-rw-rw-  1 cms064 cms    11336 Nov 27 11:46 .machine.ad
-rw-rw-rw-  1 cms064 cms      105 Nov 27 01:27 CMSSW.py
-rw-rw-rw-  1 cms064 cms    30066 Nov 27 01:27 CMSSW.py.pkl
-rwxrw-rw-  1 cms064 cms    23341 Nov 27 11:50 CMSSW.sh
-rw-rw-rw-  1 cms064 cms        0 Nov 27 11:50 CMSSW_101.stderr
-rw-rw-rw-  1 cms064 cms    18743 Nov 27 11:54 CMSSW_101.stdout
drwxr-xr-x 15 cms064 cms     4096 Nov 27 11:54 CMSSW_5_3_5
-rw-r--r--  1 cms064 cms      346 Nov 27 11:50 CacheEnv.sh
-rw-rw-rw-  1 cms064 cms     7291 Jun  9  2010 DashboardAPI.py
-rw-r--r--  1 cms064 cms     6868 Nov 27 11:50 DashboardAPI.pyc
drwxrwxrwx  3 cms064 cms     4096 Nov 27 11:54 IMProv
-rw-rw-rw-  1 cms064 cms     2748 Mar  8  2006 Logger.py
-rw-r--r--  1 cms064 cms     3348 Nov 27 11:50 Logger.pyc
-rw-rw-rw-  1 cms064 cms    24524 Mar 28  2008 ProcInfo.py
-rw-r--r--  1 cms064 cms    23446 Nov 27 11:50 ProcInfo.pyc
drwxrwxrwx  7 cms064 cms     4096 Nov 27 11:50 ProdCommon
drwxrwxrwx  3 cms064 cms     4096 Nov 27 11:50 WMCore
-rw-r--r--  1 cms064 cms     2280 Nov 27 11:53 Watchdog_101.log
-rw-rw-rw-  1 cms064 cms    32895 Mar 28  2008 apmon.py
-rw-r--r--  1 cms064 cms    28845 Nov 27 11:50 apmon.pyc
-rw-rw-rw-  1 cms064 cms   105070 Nov 27 11:50 arguments.xml
-rwxrwxrwx  1 cms064 cms    37427 Sep 13 14:14 cmscp.py
-rwxrwxrwx  1 cms064 cms    23341 Nov 27 11:50 condor_exec.exe
-rw-rw-rw-  1 cms064 cms      546 Nov 27 01:27 crab.cfg
-rwxrwxrwx  1 cms064 cms     9531 Sep 20 21:46 crabWatchdog.sh
-rw-r--r--  1 cms064 cms    25254 Nov 27 11:54 crab_fjr_101.xml
-rw-rw-rw-  1 cms064 cms 25796300 Nov 27 11:50 default.tgz
-rwxrwxrwx  1 cms064 cms     4488 May 12  2012 fillCrabFjr.py
-rw-r--r--  1 cms064 cms      502 Nov 27 11:50 inputsReport.txt
-rw-r--r--  1 cms064 cms      133 Nov 27 11:54 jobreport.txt
lrwxrwxrwx  1 cms064 cms      107 Nov 27 11:54 optHistograms.root -> /home/cms064/home_crmrs_852173274/CREAM852173274/glide_b18622/execute/dir_7420/optHistograms_101_2_sPm.root
-rw-r--r--  1 cms064 cms    17596 Nov 27 11:54 optHistograms_101_2_sPm.root
-rw-rw-rw-  1 cms064 cms    17352 Jan 20  2012 parseCrabFjr.py
-rw-r--r--  1 cms064 cms      284 Nov 27 11:50 report.log
-rwxrwxrwx  1 cms064 cms     1497 May 27  2009 report.py
-rwxrwxrwx  1 cms064 cms     8387 Mar 23  2011 writeCfg.py
-rw-------  1 cms064 cms     8687 Nov 27 11:50 x509up_u1000009
Checking output files:  
will tar file optHistograms_101_2_sPm.root in  out_files_101
will tar file crab_fjr_101.xml in  out_files_101
will tar file CMSSW_101.stdout in  out_files_101
will tar file CMSSW_101.stderr in  out_files_101
WARNING: output file Watchdog_101.log.gz not found!
>>> padding time: Sleeping the wrapper for 365 seconds
STOPPING WATCHDOG. CrabWatchdog PID is 24749
********** LAST 50 LINES OF WATCHDOG LOG
# RESOURCE USAGE SUMMARY FOR PROCESS ID 23528
USER       PID %CPU %MEM    VSZ   RSS TTY      STAT START   TIME COMMAND
cms064   23528  0.2  0.0   8956  1488 ?        S    11:50   0:00 /bin/sh /home/cms064/home_crmrs_852173274/CREAM852173274/glide_b18622/execute/dir_7420/condor_exec.exe 101 2
 
# LIMITS USED BY THIS WATCHDOG:
# RSS  (KBytes)  : 2300000
# VSZ  (KBytes)  : 100000000
# DISK (MBytes)  : 19000
# CPU  (seconds) : 171600
# WALL (seconds) : 171600
 
# FOLLOWING PRINTOUT TRACKS MAXIMUM VALUES OF RESOURCES USE
# ONE LINE IS PRINTED EACH TIME A MAXIMUM CHANGES
# IF CHANGE WAS IN RSS OR VSZ ALSO PROCID AND COMMAND ARE PRINTED
# THERE IS NO PRINTOUT FOR CPU/WALL TIME INCREASE
 
# TIME			PID	RSS(KB)	VSZ(KB)	Dsk(MB)	tCPU(s)	tWALL(s)	COMMAND
 Nov 27 11:50:41 EET	7419	3360	5512	0	0	269	condor_procd -A /home/cms064/home_crmrs_852173274/CREAM852173274/glide_b18622/log/procd_address.STARTD -L /home/cms064/home_crmrs_852173274/CREAM852173274/glide_b18622/log/ProcLog.STARTD -R 10000000 -S 60 -C
 Nov 27 11:50:41 EET	7420	5416	9504	0	0	269	condor_starter -f submit-2.t2.ucsd.edu       
 Nov 27 11:50:41 EET	18553	5416	25504	0	0	710	perl -e ?use Socket;??sub send_notify {? $cream_url = "193.40.150.251:49152";die "No
 Nov 27 11:50:41 EET	23742	5860	25504	0	0	697	/home/cms064/home_crmrs_852173274/CREAM852173274/glide_b18622/main/condor/sbin/condor_master -f -pidfile /home/cms064/home_crmrs_852173274/CREAM852173274/glide_b18622/condor_master2.pid      
 Nov 27 11:50:41 EET	---	5860	25504	168	----	----	----
 Nov 27 11:51:44 EET	23742	5876	25504	168	0	760	/home/cms064/home_crmrs_852173274/CREAM852173274/glide_b18622/main/condor/sbin/condor_master -f -pidfile /home/cms064/home_crmrs_852173274/CREAM852173274/glide_b18622/condor_master2.pid      
 Nov 27 11:51:44 EET	27509	359536	561768	168	26	59	cmsRun -j /home/cms064/home_crmrs_852173274/CREAM852173274/glide_b18622/execute/dir_7420/crab_fjr_101.xml -p pset.py     
 Nov 27 11:52:47 EET	27509	363852	563816	168	62	121	cmsRun -j /home/cms064/home_crmrs_852173274/CREAM852173274/glide_b18622/execute/dir_7420/crab_fjr_101.xml -p pset.py     
 Nov 27 11:53:49 EET	27509	364104	563816	168	111	184	cmsRun -j /home/cms064/home_crmrs_852173274/CREAM852173274/glide_b18622/execute/dir_7420/crab_fjr_101.xml -p pset.py     
 Nov 27 11:54:52 EET	---	364104	563816	169	----	----	----
********** WATCHDOG LOG ENDED
ZIPPING WATCHDOG LOG
Disk space used:
du -sh /home/cms064/home_crmrs_852173274/CREAM852173274/glide_b18622/execute/dir_7420
169M	/home/cms064/home_crmrs_852173274/CREAM852173274/glide_b18622/execute/dir_7420
>>> info for dashboard:
***** Cat /home/cms064/home_crmrs_852173274/CREAM852173274/glide_b18622/execute/dir_7420/jobreport.txt *****
MonitorJobID=101_https://submit-2.t2.ucsd.edu//121127//17634.11
MonitorID=liis_crab_0_121127_012714_evt312
ExeTime=205
ExeExitCode=0
CrabUserCpuTime=120.82
CrabSysCpuTime=4.95
CrabCpuPercentage=61%
CrabWrapperTime=600
CrabStageoutTime=NULL
***** End Cat jobreport *****
Parameters sent to Dashboard.
optHistograms_101_2_sPm.root
crab_fjr_101.xml
CMSSW_101.stdout
CMSSW_101.stderr
Watchdog_101.log.gz
tar: .BrokerInfo: Cannot stat: No such file or directory
tar: Error exit delayed from previous errors
Total Output dimension: 22563
WARNING: output files size limit is set to: 50000000
Total Output dimension 22563 is fine.
JOB_EXIT_STATUS = 0
>>> info for dashboard:
***** Cat /home/cms064/home_crmrs_852173274/CREAM852173274/glide_b18622/execute/dir_7420/jobreport.txt *****
MonitorJobID=101_https://submit-2.t2.ucsd.edu//121127//17634.11
MonitorID=liis_crab_0_121127_012714_evt312
JobExitCode=0
***** End Cat jobreport *****
Parameters sent to Dashboard.
optHistograms_101_2_sPm.root
crab_fjr_101.xml
