This script was generated by crab (version 2.8.3).
Running /home/cms030/home_crmrs_102826990/CREAM102826990/glide_K11919/execute/dir_13134/condor_exec.exe with 2 positional parameters: 83 1
Today is Tue Nov 27 02:18:19 EET 2012
Job submitted on host wn-v-4376.local
Linux wn-v-4376.local 2.6.32-042stab059.7 #1 SMP Tue Jul 24 19:12:01 MSK 2012 x86_64 x86_64 x86_64 GNU/Linux
>>> current directory (RUNTIME_AREA): /home/cms030/home_crmrs_102826990/CREAM102826990/glide_K11919/execute/dir_13134
>>> current user: uid=11030(cms030) gid=1400(cms) groups=1400(cms)
>>> voms proxy information:
subject   : /DC=ch/DC=cern/OU=Organic Units/OU=Users/CN=liis/CN=663550/CN=Liis Rebane/CN=proxy/CN=limited proxy
issuer    : /DC=ch/DC=cern/OU=Organic Units/OU=Users/CN=liis/CN=663550/CN=Liis Rebane/CN=proxy
identity  : /DC=ch/DC=cern/OU=Organic Units/OU=Users/CN=liis/CN=663550/CN=Liis Rebane/CN=proxy
type      : limited proxy
strength  : 512 bits
path      : /home/cms030/home_crmrs_102826990/CREAM102826990/glide_K11919/execute/dir_13134/x509up_u1000009
timeleft  : 23:59:54
key usage : Digital Signature, Key Encipherment, Data Encipherment
=== VO cms extension information ===
VO        : cms
subject   : /DC=ch/DC=cern/OU=Organic Units/OU=Users/CN=liis/CN=663550/CN=Liis Rebane
issuer    : /DC=ch/DC=cern/OU=computers/CN=lcg-voms.cern.ch
attribute : /cms/Role=NULL/Capability=NULL
timeleft  : 191:07:18
uri       : lcg-voms.cern.ch:15002
>>> tar xzf /home/cms030/home_crmrs_102826990/CREAM102826990/glide_K11919/execute/dir_13134/default.tgz :
Successful untar
>>> Include /home/cms030/home_crmrs_102826990/CREAM102826990/glide_K11919/execute/dir_13134 in PYTHONPATH:
strip arguments
env var CRAB_UNIQUE_JOB_ID set to: liis_crab_0_121127_012714_evt312_83_1_krr
out_files_83
>>> list of expected files on output sandbox
output files: optHistograms_83_1_krr.root crab_fjr_83.xml CMSSW_83.stdout CMSSW_83.stderr Watchdog_83.log.gz
>>> GridFlavour discovery: 
GridFlavour=LCG
>>> SyncSite discovery: 
SyncSite=T2_EE_Estonia
>>> SyncCE discovery: 
getting SyncCE from CE_ID
SyncCE=mars.hep.kbfi.ee:8443/cream-pbs-long
>>> info for dashboard:
***** Cat /home/cms030/home_crmrs_102826990/CREAM102826990/glide_K11919/execute/dir_13134/jobreport.txt *****
MonitorJobID=83_https://submit-2.t2.ucsd.edu//121127//17529.82
SyncGridJobId=https://submit-2.t2.ucsd.edu//121127//17529.82
MonitorID=liis_crab_0_121127_012714_evt312
GridFlavour=LCG
SyncSite=T2_EE_Estonia
SyncCE=mars.hep.kbfi.ee:8443/cream-pbs-long
***** End Cat jobreport *****
Parameters sent to Dashboard.
>>> setup environment
set SCRAM ARCH to slc5_amd64_gcc462
SCRAM_ARCH = slc5_amd64_gcc462
>>> setup CMS LCG environment:
set SCRAM ARCH and BUILD_ARCH to slc5_amd64_gcc462 ###
Sourcing environment... 
sourcing /cvmfs/cms.cern.ch/cmsset_default.sh
==> setup cms environment ok
>>> specific cmssw setup environment:
CMSSW_VERSION =  CMSSW_5_3_5
>>> current directory (SOFTWARE_DIR): /home/cms030/home_crmrs_102826990/CREAM102826990/glide_K11919/execute/dir_13134/CMSSW_5_3_5
PreserveSeeds: <>
IncrementSeeds:<>
{}
WNHostName=wn-v-4376.local
>>> info for dashboard:
***** Cat /home/cms030/home_crmrs_102826990/CREAM102826990/glide_K11919/execute/dir_13134/jobreport.txt *****
MonitorJobID=83_https://submit-2.t2.ucsd.edu//121127//17529.82
MonitorID=liis_crab_0_121127_012714_evt312
WNHostName=wn-v-4376.local
***** End Cat jobreport *****
Parameters sent to Dashboard.
crabWatchdog started as process 19515
>>> moving CMSSW software directories in /home/cms030/home_crmrs_102826990/CREAM102826990/glide_K11919/execute/dir_13134/CMSSW_5_3_5
mv: cannot stat `/home/cms030/home_crmrs_102826990/CREAM102826990/glide_K11919/execute/dir_13134/module/': No such file or directory
>>> Include /home/cms030/home_crmrs_102826990/CREAM102826990/glide_K11919/execute/dir_13134 in PYTHONPATH:
PYTHONPATH=/home/cms030/home_crmrs_102826990/CREAM102826990/glide_K11919/execute/dir_13134/:/home/cms030/home_crmrs_102826990/CREAM102826990/glide_K11919/execute/dir_13134/CMSSW_5_3_5/python:/home/cms030/home_crmrs_102826990/CREAM102826990/glide_K11919/execute/dir_13134/CMSSW_5_3_5/lib/slc5_amd64_gcc462:/cvmfs/cms.cern.ch/slc5_amd64_gcc462/cms/cmssw/CMSSW_5_3_5/python:/cvmfs/cms.cern.ch/slc5_amd64_gcc462/cms/cmssw/CMSSW_5_3_5/lib/slc5_amd64_gcc462:/cvmfs/cms.cern.ch/slc5_amd64_gcc462/cms/coral/CORAL_2_3_21-cms27/slc5_amd64_gcc462/python:/cvmfs/cms.cern.ch/slc5_amd64_gcc462/cms/coral/CORAL_2_3_21-cms27/slc5_amd64_gcc462/lib:/cvmfs/cms.cern.ch/slc5_amd64_gcc462/external/pyqt/4.8.1/lib/python2.6/site-packages:/cvmfs/cms.cern.ch/slc5_amd64_gcc462/external/py2-scipy/0.8.0/lib/python2.6/site-packages:/cvmfs/cms.cern.ch/slc5_amd64_gcc462/external/py2-matplotlib/1.0.1/lib/python2.6/site-packages:/cvmfs/cms.cern.ch/slc5_amd64_gcc462/external/python-ldap/2.3.5/lib/python2.6/site-packages:/cvmfs/cms.cern.ch/slc5_amd64_gcc462/external/sip/4.11.2/lib/python2.6/site-packages:/cvmfs/cms.cern.ch/slc5_amd64_gcc462/external/py2-pycurl/7.19.0/lib/python2.6/site-packages:/cvmfs/cms.cern.ch/slc5_amd64_gcc462/external/py2-numpy/1.6.1/lib/python2.6/site-packages:/cvmfs/cms.cern.ch/slc5_amd64_gcc462/external/py2-ipython/0.10/lib/python2.6/site-packages:/cvmfs/cms.cern.ch/slc5_amd64_gcc462/external/py2-cx-oracle/5.1-cms11/lib/python2.6/site-packages:/cvmfs/cms.cern.ch/slc5_amd64_gcc462/external/py2-cjson/1.0.5/lib/python2.6/site-packages:/cvmfs/cms.cern.ch/slc5_amd64_gcc462/cms/das-client/1.4.1-cms8/bin:/cvmfs/cms.cern.ch/slc5_amd64_gcc462/external/elementtree/1.2.6/share/lib/python2.6/site-packages:/cvmfs/cms.cern.ch/slc5_amd64_gcc462/external/rivet/1.5.1-cms10/lib/python2.6/site-packages:/cvmfs/cms.cern.ch/slc5_amd64_gcc462/external/pyminuit2/0.0.1-cms34/lib/python2.6/site-packages:/cvmfs/cms.cern.ch/slc5_amd64_gcc462/external/professor/1.0.0-cms35/lib/python2.6/site-packages:/cvmfs/cms.cern.ch/slc5_amd64_gcc462/lcg/root/5.32.00-cms18/lib:/cvmfs/cms.cern.ch/slc5_amd64_gcc462/cms/dbs-client/DBS_2_1_1_patch1_1/lib:/cvmfs/cms.cern.ch/slc5_amd64_gcc462/cms/dbs-client/DBS_2_1_1_patch1_1/lib/DBSAPI:/home/cms030/home_crmrs_102826990/CREAM102826990/glide_K11919/execute/dir_13134/
241a2a19cb7c5c8751ba22759ab3bdb0
PSETHASH = 241a2a19cb7c5c8751ba22759ab3bdb0
/home/cms030/home_crmrs_102826990/CREAM102826990/glide_K11919/execute/dir_13134/writeCfg.py pset.py pset.py
Importing .py file
Setting parameters
inputBlocks=/QCD_Pt_250_350_EMEnriched_TuneZ2star_8TeV_pythia6/mario-Summer12-stop-pfele-step1-3d176ac8da5e9dff208d057f4733ca91/USER#89723d11-1f9b-42cd-94f4-feb0ac97b54e
inputFiles=/store/user/mario/QCD_Pt_250_350_EMEnriched_TuneZ2star_8TeV_pythia6/Summer12-stop-pfele-step1/3d176ac8da5e9dff208d057f4733ca91/tuple_161_8_jME.root;/store/user/mario/QCD_Pt_250_350_EMEnriched_TuneZ2star_8TeV_pythia6/Summer12-stop-pfele-step1/3d176ac8da5e9dff208d057f4733ca91/tuple_55_8_uNs.root;/store/user/mario/QCD_Pt_250_350_EMEnriched_TuneZ2star_8TeV_pythia6/Summer12-stop-pfele-step1/3d176ac8da5e9dff208d057f4733ca91/tuple_65_10_2A5.root;/store/user/mario/QCD_Pt_250_350_EMEnriched_TuneZ2star_8TeV_pythia6/Summer12-stop-pfele-step1/3d176ac8da5e9dff208d057f4733ca91/tuple_157_3_qRn.root;/store/user/mario/QCD_Pt_250_350_EMEnriched_TuneZ2star_8TeV_pythia6/Summer12-stop-pfele-step1/3d176ac8da5e9dff208d057f4733ca91/tuple_158_3_CHj.root;/store/user/mario/QCD_Pt_250_350_EMEnriched_TuneZ2star_8TeV_pythia6/Summer12-stop-pfele-step1/3d176ac8da5e9dff208d057f4733ca91/tuple_159_8_J3z.root
parentFiles=
lumisRange=
>>> Executable cmsRun
/cvmfs/cms.cern.ch/slc5_amd64_gcc462/cms/cmssw/CMSSW_5_3_5/bin/slc5_amd64_gcc462/cmsRun
ok executable found
>>> info for dashboard:
***** Cat /home/cms030/home_crmrs_102826990/CREAM102826990/glide_K11919/execute/dir_13134/jobreport.txt *****
MonitorJobID=83_https://submit-2.t2.ucsd.edu//121127//17529.82
MonitorID=liis_crab_0_121127_012714_evt312
ExeStart=cmsRun
***** End Cat jobreport *****
Parameters sent to Dashboard.
>>> cmsRun started at Tue Nov 27 00:18:41 UTC 2012
>>> cmsRun ended at Tue Nov 27 00:30:56 UTC 2012
>>> info for dashboard:
***** Cat /home/cms030/home_crmrs_102826990/CREAM102826990/glide_K11919/execute/dir_13134/jobreport.txt *****
MonitorJobID=83_https://submit-2.t2.ucsd.edu//121127//17529.82
MonitorID=liis_crab_0_121127_012714_evt312
ExeEnd=cmsRun
***** End Cat jobreport *****
Parameters sent to Dashboard.
TIME_EXE = 735 sec
>>> cmsRun wrote 149 lines of stdout+stderr
>>> START OF printout of 149 lines from stdout+stderr
27-Nov-2012 02:18:56 EET  Initiating request to open file file:/hdfs/cms/store/user/mario/QCD_Pt_250_350_EMEnriched_TuneZ2star_8TeV_pythia6/Summer12-stop-pfele-step1/3d176ac8da5e9dff208d057f4733ca91/tuple_161_8_jME.root
27-Nov-2012 02:19:05 EET  Successfully opened file file:/hdfs/cms/store/user/mario/QCD_Pt_250_350_EMEnriched_TuneZ2star_8TeV_pythia6/Summer12-stop-pfele-step1/3d176ac8da5e9dff208d057f4733ca91/tuple_161_8_jME.root
Begin processing the 1st record. Run 1, Event 37216505, LumiSection 10158 at 27-Nov-2012 02:19:28.074 EET
Begin processing the 1001st record. Run 1, Event 66211842, LumiSection 18071 at 27-Nov-2012 02:19:38.210 EET
Begin processing the 2001st record. Run 1, Event 92264051, LumiSection 25182 at 27-Nov-2012 02:19:45.769 EET
Begin processing the 3001st record. Run 1, Event 91236927, LumiSection 24901 at 27-Nov-2012 02:19:50.061 EET
Begin processing the 4001st record. Run 1, Event 115585117, LumiSection 31547 at 27-Nov-2012 02:19:57.681 EET
Begin processing the 5001st record. Run 1, Event 127121335, LumiSection 34695 at 27-Nov-2012 02:20:01.081 EET
Begin processing the 6001st record. Run 1, Event 153122478, LumiSection 41792 at 27-Nov-2012 02:20:06.306 EET
Begin processing the 7001st record. Run 1, Event 158011001, LumiSection 43126 at 27-Nov-2012 02:20:10.293 EET
Begin processing the 8001st record. Run 1, Event 183915860, LumiSection 50196 at 27-Nov-2012 02:20:16.125 EET
Begin processing the 9001st record. Run 1, Event 209165747, LumiSection 57087 at 27-Nov-2012 02:20:19.609 EET
Begin processing the 10001st record. Run 1, Event 187052439, LumiSection 51052 at 27-Nov-2012 02:20:25.338 EET
Begin processing the 11001st record. Run 1, Event 201705232, LumiSection 55051 at 27-Nov-2012 02:20:29.363 EET
Begin processing the 12001st record. Run 1, Event 205274660, LumiSection 56025 at 27-Nov-2012 02:20:33.808 EET
Begin processing the 13001st record. Run 1, Event 113254267, LumiSection 30911 at 27-Nov-2012 02:20:39.430 EET
Begin processing the 14001st record. Run 1, Event 127112787, LumiSection 34693 at 27-Nov-2012 02:20:43.273 EET
Begin processing the 15001st record. Run 1, Event 158031414, LumiSection 43131 at 27-Nov-2012 02:20:48.661 EET
27-Nov-2012 02:20:49 EET  Closed file file:/hdfs/cms/store/user/mario/QCD_Pt_250_350_EMEnriched_TuneZ2star_8TeV_pythia6/Summer12-stop-pfele-step1/3d176ac8da5e9dff208d057f4733ca91/tuple_161_8_jME.root
27-Nov-2012 02:20:49 EET  Initiating request to open file file:/hdfs/cms/store/user/mario/QCD_Pt_250_350_EMEnriched_TuneZ2star_8TeV_pythia6/Summer12-stop-pfele-step1/3d176ac8da5e9dff208d057f4733ca91/tuple_55_8_uNs.root
27-Nov-2012 02:20:49 EET  Successfully opened file file:/hdfs/cms/store/user/mario/QCD_Pt_250_350_EMEnriched_TuneZ2star_8TeV_pythia6/Summer12-stop-pfele-step1/3d176ac8da5e9dff208d057f4733ca91/tuple_55_8_uNs.root
Begin processing the 16001st record. Run 1, Event 210861885, LumiSection 57550 at 27-Nov-2012 02:21:19.576 EET
Begin processing the 17001st record. Run 1, Event 237206602, LumiSection 64740 at 27-Nov-2012 02:21:23.269 EET
Begin processing the 18001st record. Run 1, Event 155907654, LumiSection 42552 at 27-Nov-2012 02:21:28.868 EET
Begin processing the 19001st record. Run 1, Event 218469077, LumiSection 59626 at 27-Nov-2012 02:21:35.421 EET
Begin processing the 20001st record. Run 1, Event 174128865, LumiSection 47525 at 27-Nov-2012 02:21:39.116 EET
Begin processing the 21001st record. Run 1, Event 210252127, LumiSection 57384 at 27-Nov-2012 02:21:45.295 EET
Begin processing the 22001st record. Run 1, Event 13390185, LumiSection 3655 at 27-Nov-2012 02:21:48.844 EET
Begin processing the 23001st record. Run 1, Event 169586758, LumiSection 46285 at 27-Nov-2012 02:21:56.252 EET
Begin processing the 24001st record. Run 1, Event 22708993, LumiSection 6198 at 27-Nov-2012 02:21:59.672 EET
Begin processing the 25001st record. Run 1, Event 205012416, LumiSection 55954 at 27-Nov-2012 02:22:06.475 EET
Begin processing the 26001st record. Run 1, Event 205600757, LumiSection 56114 at 27-Nov-2012 02:22:12.978 EET
Begin processing the 27001st record. Run 1, Event 208870889, LumiSection 57007 at 27-Nov-2012 02:22:16.810 EET
Begin processing the 28001st record. Run 1, Event 259893111, LumiSection 70932 at 27-Nov-2012 02:22:25.101 EET
Begin processing the 29001st record. Run 1, Event 14300224, LumiSection 3903 at 27-Nov-2012 02:22:29.028 EET
Begin processing the 30001st record. Run 1, Event 31366410, LumiSection 8561 at 27-Nov-2012 02:22:35.647 EET
Begin processing the 31001st record. Run 1, Event 49626176, LumiSection 13545 at 27-Nov-2012 02:22:39.206 EET
Begin processing the 32001st record. Run 1, Event 62979055, LumiSection 17189 at 27-Nov-2012 02:22:45.023 EET
Begin processing the 33001st record. Run 1, Event 73598149, LumiSection 20087 at 27-Nov-2012 02:22:48.448 EET
Begin processing the 34001st record. Run 1, Event 87978851, LumiSection 24012 at 27-Nov-2012 02:22:54.025 EET
Begin processing the 35001st record. Run 1, Event 100189071, LumiSection 27345 at 27-Nov-2012 02:23:03.204 EET
Begin processing the 36001st record. Run 1, Event 129620636, LumiSection 35377 at 27-Nov-2012 02:23:07.467 EET
Begin processing the 37001st record. Run 1, Event 148810479, LumiSection 40615 at 27-Nov-2012 02:23:15.010 EET
Begin processing the 38001st record. Run 1, Event 234788303, LumiSection 64080 at 27-Nov-2012 02:23:18.291 EET
Begin processing the 39001st record. Run 1, Event 179884636, LumiSection 49096 at 27-Nov-2012 02:23:23.355 EET
Begin processing the 40001st record. Run 1, Event 187236149, LumiSection 51102 at 27-Nov-2012 02:23:26.690 EET
Begin processing the 41001st record. Run 1, Event 195549521, LumiSection 53371 at 27-Nov-2012 02:23:30.758 EET
27-Nov-2012 02:23:31 EET  Closed file file:/hdfs/cms/store/user/mario/QCD_Pt_250_350_EMEnriched_TuneZ2star_8TeV_pythia6/Summer12-stop-pfele-step1/3d176ac8da5e9dff208d057f4733ca91/tuple_55_8_uNs.root
27-Nov-2012 02:23:31 EET  Initiating request to open file file:/hdfs/cms/store/user/mario/QCD_Pt_250_350_EMEnriched_TuneZ2star_8TeV_pythia6/Summer12-stop-pfele-step1/3d176ac8da5e9dff208d057f4733ca91/tuple_65_10_2A5.root
27-Nov-2012 02:23:32 EET  Successfully opened file file:/hdfs/cms/store/user/mario/QCD_Pt_250_350_EMEnriched_TuneZ2star_8TeV_pythia6/Summer12-stop-pfele-step1/3d176ac8da5e9dff208d057f4733ca91/tuple_65_10_2A5.root
Begin processing the 42001st record. Run 1, Event 97571278, LumiSection 26630 at 27-Nov-2012 02:23:50.510 EET
Begin processing the 43001st record. Run 1, Event 72492417, LumiSection 19786 at 27-Nov-2012 02:23:54.044 EET
Begin processing the 44001st record. Run 1, Event 93884574, LumiSection 25624 at 27-Nov-2012 02:23:59.511 EET
Begin processing the 45001st record. Run 1, Event 153831828, LumiSection 41985 at 27-Nov-2012 02:24:04.431 EET
Begin processing the 46001st record. Run 1, Event 174209386, LumiSection 47547 at 27-Nov-2012 02:24:08.073 EET
Begin processing the 47001st record. Run 1, Event 147808463, LumiSection 40341 at 27-Nov-2012 02:24:14.259 EET
Begin processing the 48001st record. Run 1, Event 162217371, LumiSection 44274 at 27-Nov-2012 02:24:18.748 EET
Begin processing the 49001st record. Run 1, Event 174999741, LumiSection 47762 at 27-Nov-2012 02:24:23.138 EET
27-Nov-2012 02:24:24 EET  Closed file file:/hdfs/cms/store/user/mario/QCD_Pt_250_350_EMEnriched_TuneZ2star_8TeV_pythia6/Summer12-stop-pfele-step1/3d176ac8da5e9dff208d057f4733ca91/tuple_65_10_2A5.root
27-Nov-2012 02:24:24 EET  Initiating request to open file file:/hdfs/cms/store/user/mario/QCD_Pt_250_350_EMEnriched_TuneZ2star_8TeV_pythia6/Summer12-stop-pfele-step1/3d176ac8da5e9dff208d057f4733ca91/tuple_157_3_qRn.root
27-Nov-2012 02:24:24 EET  Successfully opened file file:/hdfs/cms/store/user/mario/QCD_Pt_250_350_EMEnriched_TuneZ2star_8TeV_pythia6/Summer12-stop-pfele-step1/3d176ac8da5e9dff208d057f4733ca91/tuple_157_3_qRn.root
Begin processing the 50001st record. Run 1, Event 48170119, LumiSection 13147 at 27-Nov-2012 02:24:54.292 EET
Begin processing the 51001st record. Run 1, Event 78138720, LumiSection 21327 at 27-Nov-2012 02:24:58.000 EET
Begin processing the 52001st record. Run 1, Event 86464985, LumiSection 23599 at 27-Nov-2012 02:25:06.117 EET
Begin processing the 53001st record. Run 1, Event 114628663, LumiSection 31286 at 27-Nov-2012 02:25:10.727 EET
Begin processing the 54001st record. Run 1, Event 150830417, LumiSection 41166 at 27-Nov-2012 02:25:19.280 EET
Begin processing the 55001st record. Run 1, Event 156966534, LumiSection 42841 at 27-Nov-2012 02:25:26.100 EET
Begin processing the 56001st record. Run 1, Event 209953789, LumiSection 57302 at 27-Nov-2012 02:25:31.257 EET
Begin processing the 57001st record. Run 1, Event 120013002, LumiSection 32755 at 27-Nov-2012 02:25:37.526 EET
Begin processing the 58001st record. Run 1, Event 190917791, LumiSection 52107 at 27-Nov-2012 02:25:42.324 EET
Begin processing the 59001st record. Run 1, Event 198493075, LumiSection 54174 at 27-Nov-2012 02:25:48.494 EET
Begin processing the 60001st record. Run 1, Event 203186961, LumiSection 55455 at 27-Nov-2012 02:25:50.904 EET
Begin processing the 61001st record. Run 1, Event 205293587, LumiSection 56030 at 27-Nov-2012 02:25:56.949 EET
Begin processing the 62001st record. Run 1, Event 210684809, LumiSection 57502 at 27-Nov-2012 02:26:01.367 EET
Begin processing the 63001st record. Run 1, Event 228156523, LumiSection 62270 at 27-Nov-2012 02:26:05.278 EET
Begin processing the 64001st record. Run 1, Event 203842590, LumiSection 55634 at 27-Nov-2012 02:26:10.240 EET
Begin processing the 65001st record. Run 1, Event 206032903, LumiSection 56232 at 27-Nov-2012 02:26:13.942 EET
Begin processing the 66001st record. Run 1, Event 217838024, LumiSection 59454 at 27-Nov-2012 02:26:19.286 EET
Begin processing the 67001st record. Run 1, Event 258605875, LumiSection 70581 at 27-Nov-2012 02:26:23.144 EET
Begin processing the 68001st record. Run 1, Event 255261346, LumiSection 69668 at 27-Nov-2012 02:26:28.316 EET
Begin processing the 69001st record. Run 1, Event 172059594, LumiSection 46960 at 27-Nov-2012 02:26:31.548 EET
Begin processing the 70001st record. Run 1, Event 173002552, LumiSection 47217 at 27-Nov-2012 02:26:37.993 EET
Begin processing the 71001st record. Run 1, Event 202714810, LumiSection 55327 at 27-Nov-2012 02:26:42.733 EET
Begin processing the 72001st record. Run 1, Event 178955166, LumiSection 48842 at 27-Nov-2012 02:26:46.867 EET
Begin processing the 73001st record. Run 1, Event 163516280, LumiSection 44628 at 27-Nov-2012 02:26:53.044 EET
Begin processing the 74001st record. Run 1, Event 163910759, LumiSection 44736 at 27-Nov-2012 02:26:56.670 EET
Begin processing the 75001st record. Run 1, Event 164860813, LumiSection 44995 at 27-Nov-2012 02:27:01.714 EET
27-Nov-2012 02:27:02 EET  Closed file file:/hdfs/cms/store/user/mario/QCD_Pt_250_350_EMEnriched_TuneZ2star_8TeV_pythia6/Summer12-stop-pfele-step1/3d176ac8da5e9dff208d057f4733ca91/tuple_157_3_qRn.root
27-Nov-2012 02:27:02 EET  Initiating request to open file file:/hdfs/cms/store/user/mario/QCD_Pt_250_350_EMEnriched_TuneZ2star_8TeV_pythia6/Summer12-stop-pfele-step1/3d176ac8da5e9dff208d057f4733ca91/tuple_158_3_CHj.root
27-Nov-2012 02:27:03 EET  Successfully opened file file:/hdfs/cms/store/user/mario/QCD_Pt_250_350_EMEnriched_TuneZ2star_8TeV_pythia6/Summer12-stop-pfele-step1/3d176ac8da5e9dff208d057f4733ca91/tuple_158_3_CHj.root
Begin processing the 76001st record. Run 1, Event 182149681, LumiSection 49714 at 27-Nov-2012 02:27:31.602 EET
Begin processing the 77001st record. Run 1, Event 187456036, LumiSection 51162 at 27-Nov-2012 02:27:35.953 EET
Begin processing the 78001st record. Run 1, Event 194206078, LumiSection 53004 at 27-Nov-2012 02:27:41.681 EET
Begin processing the 79001st record. Run 1, Event 143101998, LumiSection 39057 at 27-Nov-2012 02:27:46.966 EET
Begin processing the 80001st record. Run 1, Event 144878994, LumiSection 39542 at 27-Nov-2012 02:27:51.953 EET
Begin processing the 81001st record. Run 1, Event 143429214, LumiSection 39146 at 27-Nov-2012 02:27:57.641 EET
Begin processing the 82001st record. Run 1, Event 147080384, LumiSection 40143 at 27-Nov-2012 02:28:01.173 EET
Begin processing the 83001st record. Run 1, Event 28329289, LumiSection 7732 at 27-Nov-2012 02:28:07.120 EET
Begin processing the 84001st record. Run 1, Event 62075483, LumiSection 16942 at 27-Nov-2012 02:28:10.533 EET
Begin processing the 85001st record. Run 1, Event 133107578, LumiSection 36329 at 27-Nov-2012 02:28:17.867 EET
Begin processing the 86001st record. Run 1, Event 128432254, LumiSection 35053 at 27-Nov-2012 02:28:21.514 EET
Begin processing the 87001st record. Run 1, Event 144474621, LumiSection 39431 at 27-Nov-2012 02:28:26.417 EET
Begin processing the 88001st record. Run 1, Event 148742736, LumiSection 40596 at 27-Nov-2012 02:28:30.735 EET
Begin processing the 89001st record. Run 1, Event 156984784, LumiSection 42846 at 27-Nov-2012 02:28:35.918 EET
Begin processing the 90001st record. Run 1, Event 181250343, LumiSection 49468 at 27-Nov-2012 02:28:40.891 EET
Begin processing the 91001st record. Run 1, Event 183146508, LumiSection 49986 at 27-Nov-2012 02:28:46.184 EET
Begin processing the 92001st record. Run 1, Event 201289424, LumiSection 54938 at 27-Nov-2012 02:28:53.249 EET
Begin processing the 93001st record. Run 1, Event 198382096, LumiSection 54144 at 27-Nov-2012 02:28:58.130 EET
Begin processing the 94001st record. Run 1, Event 57961420, LumiSection 15820 at 27-Nov-2012 02:29:06.132 EET
Begin processing the 95001st record. Run 1, Event 93075381, LumiSection 25403 at 27-Nov-2012 02:29:09.687 EET
Begin processing the 96001st record. Run 1, Event 201336747, LumiSection 54950 at 27-Nov-2012 02:29:15.489 EET
Begin processing the 97001st record. Run 1, Event 201598182, LumiSection 55022 at 27-Nov-2012 02:29:18.967 EET
Begin processing the 98001st record. Run 1, Event 202197249, LumiSection 55185 at 27-Nov-2012 02:29:24.342 EET
Begin processing the 99001st record. Run 1, Event 234254398, LumiSection 63935 at 27-Nov-2012 02:29:30.253 EET
Begin processing the 100001st record. Run 1, Event 32497370, LumiSection 8870 at 27-Nov-2012 02:29:33.732 EET
Begin processing the 101001st record. Run 1, Event 84154382, LumiSection 22968 at 27-Nov-2012 02:29:37.756 EET
27-Nov-2012 02:29:39 EET  Closed file file:/hdfs/cms/store/user/mario/QCD_Pt_250_350_EMEnriched_TuneZ2star_8TeV_pythia6/Summer12-stop-pfele-step1/3d176ac8da5e9dff208d057f4733ca91/tuple_158_3_CHj.root
27-Nov-2012 02:29:39 EET  Initiating request to open file file:/hdfs/cms/store/user/mario/QCD_Pt_250_350_EMEnriched_TuneZ2star_8TeV_pythia6/Summer12-stop-pfele-step1/3d176ac8da5e9dff208d057f4733ca91/tuple_159_8_J3z.root
27-Nov-2012 02:29:39 EET  Successfully opened file file:/hdfs/cms/store/user/mario/QCD_Pt_250_350_EMEnriched_TuneZ2star_8TeV_pythia6/Summer12-stop-pfele-step1/3d176ac8da5e9dff208d057f4733ca91/tuple_159_8_J3z.root
Begin processing the 102001st record. Run 1, Event 144176169, LumiSection 39350 at 27-Nov-2012 02:30:02.293 EET
Begin processing the 103001st record. Run 1, Event 187592907, LumiSection 51199 at 27-Nov-2012 02:30:05.758 EET
Begin processing the 104001st record. Run 1, Event 174700509, LumiSection 47681 at 27-Nov-2012 02:30:12.159 EET
Begin processing the 105001st record. Run 1, Event 176020950, LumiSection 48041 at 27-Nov-2012 02:30:15.681 EET
Begin processing the 106001st record. Run 1, Event 183376312, LumiSection 50049 at 27-Nov-2012 02:30:21.445 EET
Begin processing the 107001st record. Run 1, Event 185956660, LumiSection 50753 at 27-Nov-2012 02:30:28.579 EET
Begin processing the 108001st record. Run 1, Event 188855752, LumiSection 51544 at 27-Nov-2012 02:30:32.228 EET
Begin processing the 109001st record. Run 1, Event 198954840, LumiSection 54300 at 27-Nov-2012 02:30:38.851 EET
Begin processing the 110001st record. Run 1, Event 195632378, LumiSection 53394 at 27-Nov-2012 02:30:40.922 EET
Begin processing the 111001st record. Run 1, Event 264250302, LumiSection 72121 at 27-Nov-2012 02:30:46.295 EET
Begin processing the 112001st record. Run 1, Event 199485829, LumiSection 54445 at 27-Nov-2012 02:30:50.303 EET
27-Nov-2012 02:30:55 EET  Closed file file:/hdfs/cms/store/user/mario/QCD_Pt_250_350_EMEnriched_TuneZ2star_8TeV_pythia6/Summer12-stop-pfele-step1/3d176ac8da5e9dff208d057f4733ca91/tuple_159_8_J3z.root

=============================================

MessageLogger Summary

 type     category        sev    module        subroutine        count    total
 ---- -------------------- -- ---------------- ----------------  -----    -----
    1 fileAction           -s file_close                             6        6
    2 fileAction           -s file_open                             12       12

 type    category    Examples: run/evt        run/evt          run/evt
 ---- -------------------- ---------------- ---------------- ----------------
    1 fileAction           PostProcessEvent PostProcessEvent PostEndRun
    2 fileAction           pre-events       pre-events       PostProcessEvent

Severity    # Occurrences   Total Occurrences
--------    -------------   -----------------
System                 18                  18
>>> END OF printout of 149 lines from stdout+stderr
>>> Parse FrameworkJobReport crab_fjr.xml
Result of parsing the FrameworkJobReport crab_fjr.xml: Popularity start
lumisRange : 1::457,1914,2306,2317,3450,3475,3655,3662,3688,3903,3990,3994,3996,4171,4407,4414,4694,5236,5777,5894,5961,6027,6039,6198,6245,7033,7922,8561,8568,8670,8808,9092,9460,9464,10896,13489,13545,13873,14351,14893,15277,16526,16678,16684,17189,17582,17619,19253,19817,20087,21064,21730,21736,22455,23818,24012,24635,25078,25453,26790,26813,27345,27432,28084,29704,30529,31452,35377,35496,35578,36155,36173,37976,39801,40615,41371,41925,42500,42552,42557,42862,42903,44035,45103,45438,46216,46258,46285,46564,47306,47420,47525,47530,47872,48619,48627,48825,49096,49190,49540,50098,50293,50456,50459,51102,51127,51593,51618,51710,51718,52408,53305,53371,54541,55954,56062,56088,56114,56139,56194,56208,56223,56248,56375,56410,56457,56573,56683,56781,56808,57007,57075,57119,57152,57190,57215,57308,57340,57384,57447,57550,57724,58399,59152,59499,59626,59950,60157,61339,61588,61947,62725,63453,63818,64080,64696,64740,66252,67383,67625,69949,70038,70296,70398,70502,70760,70792,70932,71540::1;1::34068,36966,37153,37498,39350,39421,40166,47102,47239,47312,47314,47580,47669,47681,47697,47786,47815,48041,48229,48296,48451,48466,48480,48698,48792,49713,49772,50049,50134,50139,50324,50377,50440,50660,50753,51029,51199,51225,51242,51317,51531,51544,51933,51951,51955,52418,52566,53394,53428,53463,53467,53802,53918,54032,54034,54049,54288,54300,54303,54445,54473,54497,54502,54838,54959,55028,55295,58252,72121,72595::2;1::1984,3438,4220,6624,6883,7730,7732,7752,7953,8408,8870,9178,9291,9686,11017,12606,13080,14117,14223,14233,14779,15820,16543,16688,16942,16945,17383,17790,17821,20961,21992,22143,22145,22968,23942,25312-25313,25384,25403,27599,27632,28264,30345,30508,32920,33350,33773,33817,34068,34867,34963,35053,35225,36329,36507,36574,36685,38084,38448,38580,38608,38610,38652,38734,39012,39057,39143,39146,39169,39186,39195,39219,39349,39385,39431,39454,39504,39536,39541-39542,40143,40292,40440,40594,40596,40617,41248,41580,41627,41974,42117,42197,42471,42594,42846,42885,42891,45191,46982,47016,48012,48037,48122,49424,49468,49473,49568,49616,49714,49796,49884,49908-49909,49913,49986,50041,50145,50397,50484,50499,50746,50934,51162,51327,51380,51537,51553,52162,52785,52866,53004,53077,53175,53293,53469,53862,54144,54164,54744,54836,54849,54938,54950,54955,54966,54970,54972,55007,55009-55010,55022,55024,55034-55035,55054,55095,55155,55185,55221-55222,55275,55321,58101,58154,58432,63933,63935,70642::3;1::10158,10161,11825,13909-13910,14507,18071,18268,18552,19524,20482,21288,22362,23822,24383,24440,24442,24901,25147,25182,25658,29916,30010,30309,30330,30911,31547,31572,31750,31804,32012,32036,32180,34693,34695,34998,35111,35125-35127,35298,35509,38356,38899,38947,40816,40894,41593,41792,41952,41954,42561,42724,43064,43126,43131,43133,43768,44043,44987,48288,48659,49723,50021,50157,50174,50187,50196,50476,51052,51066,52234,52245-52246,54440,54553,55003,55011,55051,55061,55312,55362,55443,55447,55450,56025,56128,56195,56198,56607,57087,58133,58248,58329,58459,58484,60066::4;1::14447,17218,17642,18038,19366,19775,19786,19807,20188,21135,21150,22459,25038,25575,25624,26630,28390,28959,31658,37881,37990,40108,40195,40311,40341,40753,40789,40916,40937,41219,41349,41985,42313,42687,42761,43511,43750,43828,44274,44281,44709,44824,44828,45188,45302,47052,47231,47547,47762,47780,48384,49005,55507,61924::5;1::10573,12441,13138,13147,15382,15877,16459,19314,21285,21327,21495,21550,22675-22676,22971,23599,26070,26078,26082,29818-29820,31286,31423-31424,31590,31728,31731,31878,32147-32148,32755,32904,35000,35292,35820,36688,41166,41980,42528,42635,42802-42803,42817,42841,42959,43012,43284,43305,43417,43560,43846,44311-44312,44406,44496,44499,44628,44725,44736,44839,44857,44963,44995,45191,45301,45343,45870,46003,46859,46960,46973,47164,47217,47489,47592,47720,47766,48005,48016,48096,48146,48202,48276,48307,48412,48474,48842,50152,50160,50480,50659,51489,51506,52107,52769,53011,53971,54053,54174,54875,54915,55230,55237,55287,55327,55454-55455,55463,55467,55488-55489,55497,55500,55623,55634,56029-56030,56054,56064,56076,56090,56206,56232,56647,56740,56743,56745,56803,57077,57086,57302,57319,57345,57502,59042,59047,59054,59168,59228,59306,59454,59902,59999-60000,60435,60508,60696,61185,61496-61497,62193,62270,62371,62391,62443,64777,65046,65077,66897,69010,69668,70057,70060-70061,70581,70740::6;
lumisParentRange : 
Basename : /store/user/mario/QCD_Pt_250_350_EMEnriched_TuneZ2star_8TeV_pythia6/Summer12-stop-pfele-step1/3d176ac8da5e9dff208d057f4733ca91/tuple_
BasenameParent : 
parentFiles : 
inputBlocks : /QCD_Pt_250_350_EMEnriched_TuneZ2star_8TeV_pythia6/mario-Summer12-stop-pfele-step1-3d176ac8da5e9dff208d057f4733ca91/USER#89723d11-1f9b-42cd-94f4-feb0ac97b54e
inputFiles : 55_8_uNs.root::1::EDM::Local::1;159_8_J3z.root::1::EDM::Local::2;158_3_CHj.root::1::EDM::Local::3;161_8_jME.root::1::EDM::Local::4;65_10_2A5.root::1::EDM::Local::5;157_3_qRn.root::1::EDM::Local::6;
Popularity stop
Extracted ExitStatus from FrameworkJobReport parsing output: 0
>>> Executable succeded  0
ExeExitCode=0
EXECUTABLE_EXIT_STATUS = 0
>>> current directory /home/cms030/home_crmrs_102826990/CREAM102826990/glide_K11919/execute/dir_13134/CMSSW_5_3_5
>>>  (SOFTWARE_DIR): /home/cms030/home_crmrs_102826990/CREAM102826990/glide_K11919/execute/dir_13134/CMSSW_5_3_5
>>> (WORKING_DIR): 
>>> current directory content:
total 164
drwxr-xr-x 3 cms030 cms  4096 Nov 27 02:18 .SCRAM
-rw-r--r-- 1 cms030 cms 30066 Nov 27 02:18 CMSSW.py.pkl
drwxr-xr-x 3 cms030 cms  4096 Nov 27 02:18 bin
drwxr-xr-x 3 cms030 cms  4096 Nov 27 02:18 cfipython
drwxr-xr-x 5 cms030 cms  4096 Nov 27 02:18 config
-rw-r--r-- 1 cms030 cms    17 Nov 27 02:30 cpu_timing.txt
drwxr-xr-x 2 cms030 cms  4096 Nov 27 02:18 doc
-rw-r--r-- 1 cms030 cms 17138 Nov 27 02:30 executable.out
drwxr-xr-x 2 cms030 cms  4096 Nov 27 02:18 include
drwxrwxrwx 3 cms030 cms  4096 Oct 22 16:38 lib
drwxr-xr-x 3 cms030 cms  4096 Nov 27 02:18 logs
drwxr-xr-x 3 cms030 cms  4096 Nov 27 02:18 objs
-rw-r--r-- 1 cms030 cms 18158 Nov 27 02:30 optHistograms.root
-rw-r--r-- 1 cms030 cms   104 Nov 27 02:18 pset.py
-rw-r--r-- 1 cms030 cms 19665 Nov 27 02:18 pset.py.pkl
-rw-r--r-- 1 cms030 cms   289 Nov 27 02:18 pset.pyc
drwxr-xr-x 2 cms030 cms  4096 Nov 27 02:18 python
-rw-r--r-- 1 cms030 cms   420 Nov 27 02:30 report.log
drwxrwxrwx 4 cms030 cms  4096 Nov 27 02:18 src
drwxr-xr-x 3 cms030 cms  4096 Nov 27 02:18 test
drwxr-xr-x 3 cms030 cms  4096 Nov 27 02:18 tmp
>>> current directory /home/cms030/home_crmrs_102826990/CREAM102826990/glide_K11919/execute/dir_13134/CMSSW_5_3_5
>>> (SOFTWARE_DIR): /home/cms030/home_crmrs_102826990/CREAM102826990/glide_K11919/execute/dir_13134/CMSSW_5_3_5
>>> (WORKING_DIR): 
>>> current directory content:
total 144
drwxr-xr-x 3 cms030 cms  4096 Nov 27 02:18 .SCRAM
-rw-r--r-- 1 cms030 cms 30066 Nov 27 02:18 CMSSW.py.pkl
drwxr-xr-x 3 cms030 cms  4096 Nov 27 02:18 bin
drwxr-xr-x 3 cms030 cms  4096 Nov 27 02:18 cfipython
drwxr-xr-x 5 cms030 cms  4096 Nov 27 02:18 config
-rw-r--r-- 1 cms030 cms    17 Nov 27 02:30 cpu_timing.txt
drwxr-xr-x 2 cms030 cms  4096 Nov 27 02:18 doc
-rw-r--r-- 1 cms030 cms 17138 Nov 27 02:30 executable.out
drwxr-xr-x 2 cms030 cms  4096 Nov 27 02:18 include
drwxrwxrwx 3 cms030 cms  4096 Oct 22 16:38 lib
drwxr-xr-x 3 cms030 cms  4096 Nov 27 02:18 logs
drwxr-xr-x 3 cms030 cms  4096 Nov 27 02:18 objs
-rw-r--r-- 1 cms030 cms   104 Nov 27 02:18 pset.py
-rw-r--r-- 1 cms030 cms 19665 Nov 27 02:18 pset.py.pkl
-rw-r--r-- 1 cms030 cms   289 Nov 27 02:18 pset.pyc
drwxr-xr-x 2 cms030 cms  4096 Nov 27 02:18 python
-rw-r--r-- 1 cms030 cms   420 Nov 27 02:30 report.log
drwxrwxrwx 4 cms030 cms  4096 Nov 27 02:18 src
drwxr-xr-x 3 cms030 cms  4096 Nov 27 02:18 test
drwxr-xr-x 3 cms030 cms  4096 Nov 27 02:18 tmp
>>> current directory (RUNTIME_AREA):  /home/cms030/home_crmrs_102826990/CREAM102826990/glide_K11919/execute/dir_13134
>>> current dir: /home/cms030/home_crmrs_102826990/CREAM102826990/glide_K11919/execute/dir_13134
>>> current dir content:
total 25808
-rw-rw-rw-  1 cms030 cms     5599 Nov 27 02:18 .job.ad
-rw-rw-rw-  1 cms030 cms    11431 Nov 27 02:18 .machine.ad
-rw-rw-rw-  1 cms030 cms      105 Nov 27 01:27 CMSSW.py
-rw-rw-rw-  1 cms030 cms    30066 Nov 27 01:27 CMSSW.py.pkl
-rwxrw-rw-  1 cms030 cms    23341 Nov 27 02:18 CMSSW.sh
drwxr-xr-x 15 cms030 cms     4096 Nov 27 02:31 CMSSW_5_3_5
-rw-rw-rw-  1 cms030 cms        0 Nov 27 02:18 CMSSW_83.stderr
-rw-rw-rw-  1 cms030 cms    33693 Nov 27 02:31 CMSSW_83.stdout
-rw-r--r--  1 cms030 cms      347 Nov 27 02:18 CacheEnv.sh
-rw-rw-rw-  1 cms030 cms     7291 Jun  9  2010 DashboardAPI.py
-rw-r--r--  1 cms030 cms     6883 Nov 27 02:18 DashboardAPI.pyc
drwxrwxrwx  3 cms030 cms     4096 Nov 27 02:31 IMProv
-rw-rw-rw-  1 cms030 cms     2748 Mar  8  2006 Logger.py
-rw-r--r--  1 cms030 cms     3353 Nov 27 02:18 Logger.pyc
-rw-rw-rw-  1 cms030 cms    24524 Mar 28  2008 ProcInfo.py
-rw-r--r--  1 cms030 cms    23470 Nov 27 02:18 ProcInfo.pyc
drwxrwxrwx  7 cms030 cms     4096 Nov 27 02:18 ProdCommon
drwxrwxrwx  3 cms030 cms     4096 Nov 27 02:18 WMCore
-rw-r--r--  1 cms030 cms     2472 Nov 27 02:28 Watchdog_83.log
-rw-rw-rw-  1 cms030 cms    32895 Mar 28  2008 apmon.py
-rw-r--r--  1 cms030 cms    28874 Nov 27 02:18 apmon.pyc
-rw-rw-rw-  1 cms030 cms   105070 Nov 27 02:18 arguments.xml
-rwxrwxrwx  1 cms030 cms    37427 Sep 13 14:14 cmscp.py
-rwxrwxrwx  1 cms030 cms    23341 Nov 27 02:18 condor_exec.exe
-rw-rw-rw-  1 cms030 cms      546 Nov 27 01:27 crab.cfg
-rwxrwxrwx  1 cms030 cms     9531 Sep 20 21:46 crabWatchdog.sh
-rw-r--r--  1 cms030 cms    53388 Nov 27 02:30 crab_fjr_83.xml
-rw-rw-rw-  1 cms030 cms 25796300 Nov 27 02:18 default.tgz
-rwxrwxrwx  1 cms030 cms     4488 May 12  2012 fillCrabFjr.py
-rw-r--r--  1 cms030 cms     1093 Nov 27 02:18 inputsReport.txt
-rw-r--r--  1 cms030 cms      132 Nov 27 02:31 jobreport.txt
lrwxrwxrwx  1 cms030 cms      107 Nov 27 02:31 optHistograms.root -> /home/cms030/home_crmrs_102826990/CREAM102826990/glide_K11919/execute/dir_13134/optHistograms_83_1_krr.root
-rw-r--r--  1 cms030 cms    18158 Nov 27 02:30 optHistograms_83_1_krr.root
-rw-rw-rw-  1 cms030 cms    17352 Jan 20  2012 parseCrabFjr.py
-rw-r--r--  1 cms030 cms      283 Nov 27 02:18 report.log
-rwxrwxrwx  1 cms030 cms     1497 May 27  2009 report.py
-rwxrwxrwx  1 cms030 cms     8387 Mar 23  2011 writeCfg.py
-rw-------  1 cms030 cms     8691 Nov 27 02:28 x509up_u1000009
Checking output files:  
will tar file optHistograms_83_1_krr.root in  out_files_83
will tar file crab_fjr_83.xml in  out_files_83
will tar file CMSSW_83.stdout in  out_files_83
will tar file CMSSW_83.stderr in  out_files_83
WARNING: output file Watchdog_83.log.gz not found!
>>> padding time: Wrapper lasting more than 600 seconds. No sleep required.
STOPPING WATCHDOG. CrabWatchdog PID is 19515
********** LAST 50 LINES OF WATCHDOG LOG
# RESOURCE USAGE SUMMARY FOR PROCESS ID 13794
USER       PID %CPU %MEM    VSZ   RSS TTY      STAT START   TIME COMMAND
cms030   13794  0.1  0.0   8956  1488 ?        S    02:18   0:00 /bin/sh /home/cms030/home_crmrs_102826990/CREAM102826990/glide_K11919/execute/dir_13134/condor_exec.exe 83 1
 
# LIMITS USED BY THIS WATCHDOG:
# RSS  (KBytes)  : 2300000
# VSZ  (KBytes)  : 100000000
# DISK (MBytes)  : 19000
# CPU  (seconds) : 171600
# WALL (seconds) : 171600
 
# FOLLOWING PRINTOUT TRACKS MAXIMUM VALUES OF RESOURCES USE
# ONE LINE IS PRINTED EACH TIME A MAXIMUM CHANGES
# IF CHANGE WAS IN RSS OR VSZ ALSO PROCID AND COMMAND ARE PRINTED
# THERE IS NO PRINTOUT FOR CPU/WALL TIME INCREASE
 
# TIME			PID	RSS(KB)	VSZ(KB)	Dsk(MB)	tCPU(s)	tWALL(s)	COMMAND
 Nov 27 02:18:32 EET	10374	1320	8896	0	0	2378	-bash         
 Nov 27 02:18:32 EET	10577	1488	8952	0	0	2378	/bin/sh -l ./CREAM102826990_jobWrapper.sh       
 Nov 27 02:18:32 EET	11649	2680	25504	0	0	2376	perl -e ?use Socket;??sub send_notify {? $cream_url = "193.40.150.251:49152";die "No
 Nov 27 02:18:32 EET	13134	5308	25504	0	0	26	condor_starter -f submit-2.t2.ucsd.edu       
 Nov 27 02:18:32 EET	18624	6120	25504	0	1	2361	/home/cms030/home_crmrs_102826990/CREAM102826990/glide_K11919/main/condor/sbin/condor_master -f -pidfile /home/cms030/home_crmrs_102826990/CREAM102826990/glide_K11919/condor_master2.pid      
 Nov 27 02:18:32 EET	---	6120	25504	168	----	----	----
 Nov 27 02:19:36 EET	20920	360432	563812	168	20	61	cmsRun -j /home/cms030/home_crmrs_102826990/CREAM102826990/glide_K11919/execute/dir_13134/crab_fjr_83.xml -p pset.py     
 Nov 27 02:21:50 EET	20920	366116	565348	168	94	194	cmsRun -j /home/cms030/home_crmrs_102826990/CREAM102826990/glide_K11919/execute/dir_13134/crab_fjr_83.xml -p pset.py     
 Nov 27 02:22:56 EET	20920	366164	565348	168	138	264	cmsRun -j /home/cms030/home_crmrs_102826990/CREAM102826990/glide_K11919/execute/dir_13134/crab_fjr_83.xml -p pset.py     
 Nov 27 02:25:13 EET	20920	366164	565604	168	204	397	cmsRun -j /home/cms030/home_crmrs_102826990/CREAM102826990/glide_K11919/execute/dir_13134/crab_fjr_83.xml -p pset.py     
 Nov 27 02:27:28 EET	20920	366456	565860	168	282	533	cmsRun -j /home/cms030/home_crmrs_102826990/CREAM102826990/glide_K11919/execute/dir_13134/crab_fjr_83.xml -p pset.py     
 Nov 27 02:28:34 EET	20920	367144	566372	168	328	598	cmsRun -j /home/cms030/home_crmrs_102826990/CREAM102826990/glide_K11919/execute/dir_13134/crab_fjr_83.xml -p pset.py     
********** WATCHDOG LOG ENDED
ZIPPING WATCHDOG LOG
Disk space used:
du -sh /home/cms030/home_crmrs_102826990/CREAM102826990/glide_K11919/execute/dir_13134
169M	/home/cms030/home_crmrs_102826990/CREAM102826990/glide_K11919/execute/dir_13134
>>> info for dashboard:
***** Cat /home/cms030/home_crmrs_102826990/CREAM102826990/glide_K11919/execute/dir_13134/jobreport.txt *****
MonitorJobID=83_https://submit-2.t2.ucsd.edu//121127//17529.82
MonitorID=liis_crab_0_121127_012714_evt312
ExeTime=735
ExeExitCode=0
CrabUserCpuTime=394.66
CrabSysCpuTime=11.28
CrabCpuPercentage=55%
CrabWrapperTime=776
CrabStageoutTime=NULL
***** End Cat jobreport *****
Parameters sent to Dashboard.
optHistograms_83_1_krr.root
crab_fjr_83.xml
CMSSW_83.stdout
CMSSW_83.stderr
Watchdog_83.log.gz
tar: .BrokerInfo: Cannot stat: No such file or directory
tar: Error exit delayed from previous errors
Total Output dimension: 30766
WARNING: output files size limit is set to: 50000000
Total Output dimension 30766 is fine.
JOB_EXIT_STATUS = 0
>>> info for dashboard:
***** Cat /home/cms030/home_crmrs_102826990/CREAM102826990/glide_K11919/execute/dir_13134/jobreport.txt *****
MonitorJobID=83_https://submit-2.t2.ucsd.edu//121127//17529.82
MonitorID=liis_crab_0_121127_012714_evt312
JobExitCode=0
***** End Cat jobreport *****
Parameters sent to Dashboard.
optHistograms_83_1_krr.root
crab_fjr_83.xml
