This script was generated by crab (version 2.8.3).
Running /home/cms064/home_crobe_198012686/CREAM198012686/glide_G16315/execute/dir_1825/condor_exec.exe with 2 positional parameters: 32 1
Today is Tue Nov 27 02:05:46 EET 2012
Job submitted on host wn-v-3008.local
Linux wn-v-3008.local 2.6.32-042stab059.7 #1 SMP Tue Jul 24 19:12:01 MSK 2012 x86_64 x86_64 x86_64 GNU/Linux
>>> current directory (RUNTIME_AREA): /home/cms064/home_crobe_198012686/CREAM198012686/glide_G16315/execute/dir_1825
>>> current user: uid=11064(cms064) gid=1400(cms) groups=1400(cms)
>>> voms proxy information:
subject   : /DC=ch/DC=cern/OU=Organic Units/OU=Users/CN=liis/CN=663550/CN=Liis Rebane/CN=proxy/CN=limited proxy
issuer    : /DC=ch/DC=cern/OU=Organic Units/OU=Users/CN=liis/CN=663550/CN=Liis Rebane/CN=proxy
identity  : /DC=ch/DC=cern/OU=Organic Units/OU=Users/CN=liis/CN=663550/CN=Liis Rebane/CN=proxy
type      : limited proxy
strength  : 512 bits
path      : /home/cms064/home_crobe_198012686/CREAM198012686/glide_G16315/execute/dir_1825/x509up_u1000009
timeleft  : 23:59:54
key usage : Digital Signature, Key Encipherment, Data Encipherment
=== VO cms extension information ===
VO        : cms
subject   : /DC=ch/DC=cern/OU=Organic Units/OU=Users/CN=liis/CN=663550/CN=Liis Rebane
issuer    : /DC=ch/DC=cern/OU=computers/CN=lcg-voms.cern.ch
attribute : /cms/Role=NULL/Capability=NULL
timeleft  : 191:19:51
uri       : lcg-voms.cern.ch:15002
>>> tar xzf /home/cms064/home_crobe_198012686/CREAM198012686/glide_G16315/execute/dir_1825/default.tgz :
Successful untar
>>> Include /home/cms064/home_crobe_198012686/CREAM198012686/glide_G16315/execute/dir_1825 in PYTHONPATH:
strip arguments
env var CRAB_UNIQUE_JOB_ID set to: liis_crab_0_121127_012714_evt312_32_1_Uel
out_files_32
>>> list of expected files on output sandbox
output files: optHistograms_32_1_Uel.root crab_fjr_32.xml CMSSW_32.stdout CMSSW_32.stderr Watchdog_32.log.gz
>>> GridFlavour discovery: 
GridFlavour=LCG
>>> SyncSite discovery: 
SyncSite=T2_EE_Estonia
>>> SyncCE discovery: 
getting SyncCE from CE_ID
SyncCE=oberon.hep.kbfi.ee:8443/cream-pbs-long
>>> info for dashboard:
***** Cat /home/cms064/home_crobe_198012686/CREAM198012686/glide_G16315/execute/dir_1825/jobreport.txt *****
MonitorJobID=32_https://submit-2.t2.ucsd.edu//121127//17529.31
SyncGridJobId=https://submit-2.t2.ucsd.edu//121127//17529.31
MonitorID=liis_crab_0_121127_012714_evt312
GridFlavour=LCG
SyncSite=T2_EE_Estonia
SyncCE=oberon.hep.kbfi.ee:8443/cream-pbs-long
***** End Cat jobreport *****
Parameters sent to Dashboard.
>>> setup environment
set SCRAM ARCH to slc5_amd64_gcc462
SCRAM_ARCH = slc5_amd64_gcc462
>>> setup CMS LCG environment:
set SCRAM ARCH and BUILD_ARCH to slc5_amd64_gcc462 ###
Sourcing environment... 
sourcing /cvmfs/cms.cern.ch/cmsset_default.sh
==> setup cms environment ok
>>> specific cmssw setup environment:
CMSSW_VERSION =  CMSSW_5_3_5
>>> current directory (SOFTWARE_DIR): /home/cms064/home_crobe_198012686/CREAM198012686/glide_G16315/execute/dir_1825/CMSSW_5_3_5
PreserveSeeds: <>
IncrementSeeds:<>
{}
WNHostName=wn-v-3008.local
>>> info for dashboard:
***** Cat /home/cms064/home_crobe_198012686/CREAM198012686/glide_G16315/execute/dir_1825/jobreport.txt *****
MonitorJobID=32_https://submit-2.t2.ucsd.edu//121127//17529.31
MonitorID=liis_crab_0_121127_012714_evt312
WNHostName=wn-v-3008.local
***** End Cat jobreport *****
Parameters sent to Dashboard.
crabWatchdog started as process 9573
>>> moving CMSSW software directories in /home/cms064/home_crobe_198012686/CREAM198012686/glide_G16315/execute/dir_1825/CMSSW_5_3_5
mv: cannot stat `/home/cms064/home_crobe_198012686/CREAM198012686/glide_G16315/execute/dir_1825/module/': No such file or directory
>>> Include /home/cms064/home_crobe_198012686/CREAM198012686/glide_G16315/execute/dir_1825 in PYTHONPATH:
PYTHONPATH=/home/cms064/home_crobe_198012686/CREAM198012686/glide_G16315/execute/dir_1825/:/home/cms064/home_crobe_198012686/CREAM198012686/glide_G16315/execute/dir_1825/CMSSW_5_3_5/python:/home/cms064/home_crobe_198012686/CREAM198012686/glide_G16315/execute/dir_1825/CMSSW_5_3_5/lib/slc5_amd64_gcc462:/cvmfs/cms.cern.ch/slc5_amd64_gcc462/cms/cmssw/CMSSW_5_3_5/python:/cvmfs/cms.cern.ch/slc5_amd64_gcc462/cms/cmssw/CMSSW_5_3_5/lib/slc5_amd64_gcc462:/cvmfs/cms.cern.ch/slc5_amd64_gcc462/cms/coral/CORAL_2_3_21-cms27/slc5_amd64_gcc462/python:/cvmfs/cms.cern.ch/slc5_amd64_gcc462/cms/coral/CORAL_2_3_21-cms27/slc5_amd64_gcc462/lib:/cvmfs/cms.cern.ch/slc5_amd64_gcc462/external/pyqt/4.8.1/lib/python2.6/site-packages:/cvmfs/cms.cern.ch/slc5_amd64_gcc462/external/py2-scipy/0.8.0/lib/python2.6/site-packages:/cvmfs/cms.cern.ch/slc5_amd64_gcc462/external/py2-matplotlib/1.0.1/lib/python2.6/site-packages:/cvmfs/cms.cern.ch/slc5_amd64_gcc462/external/python-ldap/2.3.5/lib/python2.6/site-packages:/cvmfs/cms.cern.ch/slc5_amd64_gcc462/external/sip/4.11.2/lib/python2.6/site-packages:/cvmfs/cms.cern.ch/slc5_amd64_gcc462/external/py2-pycurl/7.19.0/lib/python2.6/site-packages:/cvmfs/cms.cern.ch/slc5_amd64_gcc462/external/py2-numpy/1.6.1/lib/python2.6/site-packages:/cvmfs/cms.cern.ch/slc5_amd64_gcc462/external/py2-ipython/0.10/lib/python2.6/site-packages:/cvmfs/cms.cern.ch/slc5_amd64_gcc462/external/py2-cx-oracle/5.1-cms11/lib/python2.6/site-packages:/cvmfs/cms.cern.ch/slc5_amd64_gcc462/external/py2-cjson/1.0.5/lib/python2.6/site-packages:/cvmfs/cms.cern.ch/slc5_amd64_gcc462/cms/das-client/1.4.1-cms8/bin:/cvmfs/cms.cern.ch/slc5_amd64_gcc462/external/elementtree/1.2.6/share/lib/python2.6/site-packages:/cvmfs/cms.cern.ch/slc5_amd64_gcc462/external/rivet/1.5.1-cms10/lib/python2.6/site-packages:/cvmfs/cms.cern.ch/slc5_amd64_gcc462/external/pyminuit2/0.0.1-cms34/lib/python2.6/site-packages:/cvmfs/cms.cern.ch/slc5_amd64_gcc462/external/professor/1.0.0-cms35/lib/python2.6/site-packages:/cvmfs/cms.cern.ch/slc5_amd64_gcc462/lcg/root/5.32.00-cms18/lib:/cvmfs/cms.cern.ch/slc5_amd64_gcc462/cms/dbs-client/DBS_2_1_1_patch1_1/lib:/cvmfs/cms.cern.ch/slc5_amd64_gcc462/cms/dbs-client/DBS_2_1_1_patch1_1/lib/DBSAPI:/home/cms064/home_crobe_198012686/CREAM198012686/glide_G16315/execute/dir_1825/
241a2a19cb7c5c8751ba22759ab3bdb0
PSETHASH = 241a2a19cb7c5c8751ba22759ab3bdb0
/home/cms064/home_crobe_198012686/CREAM198012686/glide_G16315/execute/dir_1825/writeCfg.py pset.py pset.py
Importing .py file
Setting parameters
inputBlocks=/QCD_Pt_250_350_EMEnriched_TuneZ2star_8TeV_pythia6/mario-Summer12-stop-pfele-step1-3d176ac8da5e9dff208d057f4733ca91/USER#89723d11-1f9b-42cd-94f4-feb0ac97b54e
inputFiles=/store/user/mario/QCD_Pt_250_350_EMEnriched_TuneZ2star_8TeV_pythia6/Summer12-stop-pfele-step1/3d176ac8da5e9dff208d057f4733ca91/tuple_350_11_jRA.root;/store/user/mario/QCD_Pt_250_350_EMEnriched_TuneZ2star_8TeV_pythia6/Summer12-stop-pfele-step1/3d176ac8da5e9dff208d057f4733ca91/tuple_351_8_lfd.root;/store/user/mario/QCD_Pt_250_350_EMEnriched_TuneZ2star_8TeV_pythia6/Summer12-stop-pfele-step1/3d176ac8da5e9dff208d057f4733ca91/tuple_352_9_NGQ.root;/store/user/mario/QCD_Pt_250_350_EMEnriched_TuneZ2star_8TeV_pythia6/Summer12-stop-pfele-step1/3d176ac8da5e9dff208d057f4733ca91/tuple_357_7_J8S.root;/store/user/mario/QCD_Pt_250_350_EMEnriched_TuneZ2star_8TeV_pythia6/Summer12-stop-pfele-step1/3d176ac8da5e9dff208d057f4733ca91/tuple_353_13_nen.root
parentFiles=
lumisRange=
>>> Executable cmsRun
/cvmfs/cms.cern.ch/slc5_amd64_gcc462/cms/cmssw/CMSSW_5_3_5/bin/slc5_amd64_gcc462/cmsRun
ok executable found
>>> info for dashboard:
***** Cat /home/cms064/home_crobe_198012686/CREAM198012686/glide_G16315/execute/dir_1825/jobreport.txt *****
MonitorJobID=32_https://submit-2.t2.ucsd.edu//121127//17529.31
MonitorID=liis_crab_0_121127_012714_evt312
ExeStart=cmsRun
***** End Cat jobreport *****
Parameters sent to Dashboard.
>>> cmsRun started at Tue Nov 27 00:06:12 UTC 2012
>>> cmsRun ended at Tue Nov 27 00:19:44 UTC 2012
>>> info for dashboard:
***** Cat /home/cms064/home_crobe_198012686/CREAM198012686/glide_G16315/execute/dir_1825/jobreport.txt *****
MonitorJobID=32_https://submit-2.t2.ucsd.edu//121127//17529.31
MonitorID=liis_crab_0_121127_012714_evt312
ExeEnd=cmsRun
***** End Cat jobreport *****
Parameters sent to Dashboard.
TIME_EXE = 812 sec
>>> cmsRun wrote 146 lines of stdout+stderr
>>> START OF printout of 146 lines from stdout+stderr
27-Nov-2012 02:06:28 EET  Initiating request to open file file:/hdfs/cms/store/user/mario/QCD_Pt_250_350_EMEnriched_TuneZ2star_8TeV_pythia6/Summer12-stop-pfele-step1/3d176ac8da5e9dff208d057f4733ca91/tuple_350_11_jRA.root
27-Nov-2012 02:06:36 EET  Successfully opened file file:/hdfs/cms/store/user/mario/QCD_Pt_250_350_EMEnriched_TuneZ2star_8TeV_pythia6/Summer12-stop-pfele-step1/3d176ac8da5e9dff208d057f4733ca91/tuple_350_11_jRA.root
Begin processing the 1st record. Run 1, Event 190010762, LumiSection 51859 at 27-Nov-2012 02:07:06.172 EET
Begin processing the 1001st record. Run 1, Event 193831060, LumiSection 52902 at 27-Nov-2012 02:07:18.447 EET
Begin processing the 2001st record. Run 1, Event 199929701, LumiSection 54566 at 27-Nov-2012 02:07:25.924 EET
Begin processing the 3001st record. Run 1, Event 215265824, LumiSection 58752 at 27-Nov-2012 02:07:30.629 EET
Begin processing the 4001st record. Run 1, Event 224909670, LumiSection 61384 at 27-Nov-2012 02:07:36.202 EET
Begin processing the 5001st record. Run 1, Event 251860138, LumiSection 68740 at 27-Nov-2012 02:07:40.321 EET
Begin processing the 6001st record. Run 1, Event 254145242, LumiSection 69363 at 27-Nov-2012 02:07:47.850 EET
Begin processing the 7001st record. Run 1, Event 260738243, LumiSection 71163 at 27-Nov-2012 02:07:51.250 EET
Begin processing the 8001st record. Run 1, Event 266046694, LumiSection 72611 at 27-Nov-2012 02:07:59.540 EET
Begin processing the 9001st record. Run 1, Event 35322142, LumiSection 9641 at 27-Nov-2012 02:08:04.176 EET
Begin processing the 10001st record. Run 1, Event 74510577, LumiSection 20336 at 27-Nov-2012 02:08:10.168 EET
Begin processing the 11001st record. Run 1, Event 116751279, LumiSection 31865 at 27-Nov-2012 02:08:15.589 EET
Begin processing the 12001st record. Run 1, Event 141493057, LumiSection 38618 at 27-Nov-2012 02:08:20.500 EET
Begin processing the 13001st record. Run 1, Event 141131769, LumiSection 38519 at 27-Nov-2012 02:08:28.702 EET
Begin processing the 14001st record. Run 1, Event 148033479, LumiSection 40403 at 27-Nov-2012 02:08:33.883 EET
Begin processing the 15001st record. Run 1, Event 72842171, LumiSection 19881 at 27-Nov-2012 02:08:40.480 EET
Begin processing the 16001st record. Run 1, Event 89335013, LumiSection 24382 at 27-Nov-2012 02:08:44.049 EET
Begin processing the 17001st record. Run 1, Event 140063940, LumiSection 38228 at 27-Nov-2012 02:08:49.928 EET
Begin processing the 18001st record. Run 1, Event 245384479, LumiSection 66972 at 27-Nov-2012 02:08:54.426 EET
Begin processing the 19001st record. Run 1, Event 228387896, LumiSection 62333 at 27-Nov-2012 02:09:00.503 EET
Begin processing the 20001st record. Run 1, Event 230209494, LumiSection 62831 at 27-Nov-2012 02:09:06.095 EET
27-Nov-2012 02:09:09 EET  Closed file file:/hdfs/cms/store/user/mario/QCD_Pt_250_350_EMEnriched_TuneZ2star_8TeV_pythia6/Summer12-stop-pfele-step1/3d176ac8da5e9dff208d057f4733ca91/tuple_350_11_jRA.root
27-Nov-2012 02:09:09 EET  Initiating request to open file file:/hdfs/cms/store/user/mario/QCD_Pt_250_350_EMEnriched_TuneZ2star_8TeV_pythia6/Summer12-stop-pfele-step1/3d176ac8da5e9dff208d057f4733ca91/tuple_351_8_lfd.root
27-Nov-2012 02:09:10 EET  Successfully opened file file:/hdfs/cms/store/user/mario/QCD_Pt_250_350_EMEnriched_TuneZ2star_8TeV_pythia6/Summer12-stop-pfele-step1/3d176ac8da5e9dff208d057f4733ca91/tuple_351_8_lfd.root
Begin processing the 21001st record. Run 1, Event 243005679, LumiSection 66323 at 27-Nov-2012 02:09:44.636 EET
Begin processing the 22001st record. Run 1, Event 232765734, LumiSection 63528 at 27-Nov-2012 02:09:48.976 EET
Begin processing the 23001st record. Run 1, Event 255814009, LumiSection 69819 at 27-Nov-2012 02:09:56.196 EET
Begin processing the 24001st record. Run 1, Event 260203980, LumiSection 71017 at 27-Nov-2012 02:10:00.494 EET
Begin processing the 25001st record. Run 1, Event 204756461, LumiSection 55884 at 27-Nov-2012 02:10:08.478 EET
Begin processing the 26001st record. Run 1, Event 208177667, LumiSection 56818 at 27-Nov-2012 02:10:13.108 EET
Begin processing the 27001st record. Run 1, Event 211055035, LumiSection 57603 at 27-Nov-2012 02:10:23.598 EET
Begin processing the 28001st record. Run 1, Event 232441430, LumiSection 63440 at 27-Nov-2012 02:10:25.864 EET
Begin processing the 29001st record. Run 1, Event 244746877, LumiSection 66798 at 27-Nov-2012 02:10:31.615 EET
Begin processing the 30001st record. Run 1, Event 258702434, LumiSection 70607 at 27-Nov-2012 02:10:35.810 EET
Begin processing the 31001st record. Run 1, Event 209965912, LumiSection 57306 at 27-Nov-2012 02:10:44.350 EET
Begin processing the 32001st record. Run 1, Event 218080508, LumiSection 59520 at 27-Nov-2012 02:10:50.869 EET
Begin processing the 33001st record. Run 1, Event 228168155, LumiSection 62273 at 27-Nov-2012 02:10:56.428 EET
Begin processing the 34001st record. Run 1, Event 249180572, LumiSection 68008 at 27-Nov-2012 02:10:59.565 EET
Begin processing the 35001st record. Run 1, Event 262271585, LumiSection 71581 at 27-Nov-2012 02:11:07.791 EET
Begin processing the 36001st record. Run 1, Event 11435393, LumiSection 3122 at 27-Nov-2012 02:11:15.648 EET
Begin processing the 37001st record. Run 1, Event 45248517, LumiSection 12350 at 27-Nov-2012 02:11:19.925 EET
Begin processing the 38001st record. Run 1, Event 114917919, LumiSection 31365 at 27-Nov-2012 02:11:26.786 EET
Begin processing the 39001st record. Run 1, Event 93986619, LumiSection 25652 at 27-Nov-2012 02:11:31.037 EET
Begin processing the 40001st record. Run 1, Event 133639326, LumiSection 36474 at 27-Nov-2012 02:11:39.247 EET
Begin processing the 41001st record. Run 1, Event 186578894, LumiSection 50923 at 27-Nov-2012 02:11:43.315 EET
Begin processing the 42001st record. Run 1, Event 204387983, LumiSection 55783 at 27-Nov-2012 02:11:52.848 EET
Begin processing the 43001st record. Run 1, Event 7812437, LumiSection 2133 at 27-Nov-2012 02:11:57.216 EET
Begin processing the 44001st record. Run 1, Event 13829550, LumiSection 3775 at 27-Nov-2012 02:12:03.833 EET
Begin processing the 45001st record. Run 1, Event 34280479, LumiSection 9357 at 27-Nov-2012 02:12:07.420 EET
Begin processing the 46001st record. Run 1, Event 218827579, LumiSection 59724 at 27-Nov-2012 02:12:13.932 EET
27-Nov-2012 02:12:17 EET  Closed file file:/hdfs/cms/store/user/mario/QCD_Pt_250_350_EMEnriched_TuneZ2star_8TeV_pythia6/Summer12-stop-pfele-step1/3d176ac8da5e9dff208d057f4733ca91/tuple_351_8_lfd.root
27-Nov-2012 02:12:17 EET  Initiating request to open file file:/hdfs/cms/store/user/mario/QCD_Pt_250_350_EMEnriched_TuneZ2star_8TeV_pythia6/Summer12-stop-pfele-step1/3d176ac8da5e9dff208d057f4733ca91/tuple_352_9_NGQ.root
27-Nov-2012 02:12:17 EET  Successfully opened file file:/hdfs/cms/store/user/mario/QCD_Pt_250_350_EMEnriched_TuneZ2star_8TeV_pythia6/Summer12-stop-pfele-step1/3d176ac8da5e9dff208d057f4733ca91/tuple_352_9_NGQ.root
Begin processing the 47001st record. Run 1, Event 228980755, LumiSection 62495 at 27-Nov-2012 02:12:36.916 EET
Begin processing the 48001st record. Run 1, Event 232992814, LumiSection 63590 at 27-Nov-2012 02:12:40.696 EET
Begin processing the 49001st record. Run 1, Event 143322645, LumiSection 39117 at 27-Nov-2012 02:12:46.772 EET
Begin processing the 50001st record. Run 1, Event 151736460, LumiSection 41413 at 27-Nov-2012 02:12:49.907 EET
Begin processing the 51001st record. Run 1, Event 170469279, LumiSection 46526 at 27-Nov-2012 02:12:55.946 EET
Begin processing the 52001st record. Run 1, Event 174623153, LumiSection 47660 at 27-Nov-2012 02:13:01.453 EET
Begin processing the 53001st record. Run 1, Event 133056702, LumiSection 36315 at 27-Nov-2012 02:13:07.926 EET
Begin processing the 54001st record. Run 1, Event 141759987, LumiSection 38690 at 27-Nov-2012 02:13:11.680 EET
Begin processing the 55001st record. Run 1, Event 147286883, LumiSection 40199 at 27-Nov-2012 02:13:17.890 EET
Begin processing the 56001st record. Run 1, Event 156174831, LumiSection 42625 at 27-Nov-2012 02:13:22.732 EET
Begin processing the 57001st record. Run 1, Event 157968391, LumiSection 43114 at 27-Nov-2012 02:13:25.031 EET
Begin processing the 58001st record. Run 1, Event 204865103, LumiSection 55913 at 27-Nov-2012 02:13:31.092 EET
Begin processing the 59001st record. Run 1, Event 210969979, LumiSection 57580 at 27-Nov-2012 02:13:34.921 EET
Begin processing the 60001st record. Run 1, Event 105997902, LumiSection 28930 at 27-Nov-2012 02:13:41.766 EET
Begin processing the 61001st record. Run 1, Event 56434125, LumiSection 15403 at 27-Nov-2012 02:13:45.854 EET
Begin processing the 62001st record. Run 1, Event 36338054, LumiSection 9918 at 27-Nov-2012 02:13:50.964 EET
Begin processing the 63001st record. Run 1, Event 88262396, LumiSection 24090 at 27-Nov-2012 02:13:54.963 EET
Begin processing the 64001st record. Run 1, Event 45626587, LumiSection 12453 at 27-Nov-2012 02:14:00.152 EET
Begin processing the 65001st record. Run 1, Event 67835875, LumiSection 18515 at 27-Nov-2012 02:14:03.733 EET
Begin processing the 66001st record. Run 1, Event 87865279, LumiSection 23981 at 27-Nov-2012 02:14:14.390 EET
Begin processing the 67001st record. Run 1, Event 200253148, LumiSection 54655 at 27-Nov-2012 02:14:23.024 EET
Begin processing the 68001st record. Run 1, Event 218717932, LumiSection 59694 at 27-Nov-2012 02:14:26.915 EET
Begin processing the 69001st record. Run 1, Event 230378196, LumiSection 62877 at 27-Nov-2012 02:14:34.108 EET
Begin processing the 70001st record. Run 1, Event 204415509, LumiSection 55791 at 27-Nov-2012 02:14:38.705 EET
Begin processing the 71001st record. Run 1, Event 228746074, LumiSection 62431 at 27-Nov-2012 02:14:45.591 EET
Begin processing the 72001st record. Run 1, Event 264027567, LumiSection 72060 at 27-Nov-2012 02:14:49.363 EET
27-Nov-2012 02:14:53 EET  Closed file file:/hdfs/cms/store/user/mario/QCD_Pt_250_350_EMEnriched_TuneZ2star_8TeV_pythia6/Summer12-stop-pfele-step1/3d176ac8da5e9dff208d057f4733ca91/tuple_352_9_NGQ.root
27-Nov-2012 02:14:53 EET  Initiating request to open file file:/hdfs/cms/store/user/mario/QCD_Pt_250_350_EMEnriched_TuneZ2star_8TeV_pythia6/Summer12-stop-pfele-step1/3d176ac8da5e9dff208d057f4733ca91/tuple_357_7_J8S.root
27-Nov-2012 02:14:54 EET  Successfully opened file file:/hdfs/cms/store/user/mario/QCD_Pt_250_350_EMEnriched_TuneZ2star_8TeV_pythia6/Summer12-stop-pfele-step1/3d176ac8da5e9dff208d057f4733ca91/tuple_357_7_J8S.root
Begin processing the 73001st record. Run 1, Event 115557483, LumiSection 31539 at 27-Nov-2012 02:15:23.854 EET
Begin processing the 74001st record. Run 1, Event 264309467, LumiSection 72137 at 27-Nov-2012 02:15:27.783 EET
Begin processing the 75001st record. Run 1, Event 149916541, LumiSection 40917 at 27-Nov-2012 02:15:33.602 EET
Begin processing the 76001st record. Run 1, Event 194945877, LumiSection 53206 at 27-Nov-2012 02:15:37.529 EET
Begin processing the 77001st record. Run 1, Event 231685470, LumiSection 63233 at 27-Nov-2012 02:15:45.643 EET
Begin processing the 78001st record. Run 1, Event 10847024, LumiSection 2961 at 27-Nov-2012 02:15:49.736 EET
Begin processing the 79001st record. Run 1, Event 20132956, LumiSection 5495 at 27-Nov-2012 02:15:55.983 EET
Begin processing the 80001st record. Run 1, Event 37735765, LumiSection 10300 at 27-Nov-2012 02:16:00.631 EET
Begin processing the 81001st record. Run 1, Event 36246051, LumiSection 9893 at 27-Nov-2012 02:16:07.479 EET
Begin processing the 82001st record. Run 1, Event 47319758, LumiSection 12915 at 27-Nov-2012 02:16:13.759 EET
Begin processing the 83001st record. Run 1, Event 54612774, LumiSection 14906 at 27-Nov-2012 02:16:17.773 EET
Begin processing the 84001st record. Run 1, Event 71575642, LumiSection 19535 at 27-Nov-2012 02:16:24.759 EET
Begin processing the 85001st record. Run 1, Event 74124034, LumiSection 20231 at 27-Nov-2012 02:16:28.609 EET
Begin processing the 86001st record. Run 1, Event 87935485, LumiSection 24000 at 27-Nov-2012 02:16:37.188 EET
Begin processing the 87001st record. Run 1, Event 118451652, LumiSection 32329 at 27-Nov-2012 02:16:41.246 EET
Begin processing the 88001st record. Run 1, Event 154497258, LumiSection 42167 at 27-Nov-2012 02:16:46.471 EET
Begin processing the 89001st record. Run 1, Event 193827976, LumiSection 52901 at 27-Nov-2012 02:16:51.072 EET
Begin processing the 90001st record. Run 1, Event 228813233, LumiSection 62450 at 27-Nov-2012 02:16:58.083 EET
Begin processing the 91001st record. Run 1, Event 232117512, LumiSection 63351 at 27-Nov-2012 02:17:05.704 EET
Begin processing the 92001st record. Run 1, Event 39186824, LumiSection 10696 at 27-Nov-2012 02:17:09.694 EET
Begin processing the 93001st record. Run 1, Event 36955861, LumiSection 10087 at 27-Nov-2012 02:17:16.516 EET
Begin processing the 94001st record. Run 1, Event 41471641, LumiSection 11319 at 27-Nov-2012 02:17:20.310 EET
Begin processing the 95001st record. Run 1, Event 141816076, LumiSection 38706 at 27-Nov-2012 02:17:28.743 EET
Begin processing the 96001st record. Run 1, Event 164037400, LumiSection 44771 at 27-Nov-2012 02:17:32.493 EET
Begin processing the 97001st record. Run 1, Event 193798505, LumiSection 52893 at 27-Nov-2012 02:17:39.982 EET
Begin processing the 98001st record. Run 1, Event 218981609, LumiSection 59766 at 27-Nov-2012 02:17:44.867 EET
27-Nov-2012 02:17:49 EET  Closed file file:/hdfs/cms/store/user/mario/QCD_Pt_250_350_EMEnriched_TuneZ2star_8TeV_pythia6/Summer12-stop-pfele-step1/3d176ac8da5e9dff208d057f4733ca91/tuple_357_7_J8S.root
27-Nov-2012 02:17:49 EET  Initiating request to open file file:/hdfs/cms/store/user/mario/QCD_Pt_250_350_EMEnriched_TuneZ2star_8TeV_pythia6/Summer12-stop-pfele-step1/3d176ac8da5e9dff208d057f4733ca91/tuple_353_13_nen.root
27-Nov-2012 02:17:49 EET  Successfully opened file file:/hdfs/cms/store/user/mario/QCD_Pt_250_350_EMEnriched_TuneZ2star_8TeV_pythia6/Summer12-stop-pfele-step1/3d176ac8da5e9dff208d057f4733ca91/tuple_353_13_nen.root
Begin processing the 99001st record. Run 1, Event 107725729, LumiSection 29402 at 27-Nov-2012 02:18:16.584 EET
Begin processing the 100001st record. Run 1, Event 113924038, LumiSection 31093 at 27-Nov-2012 02:18:20.729 EET
Begin processing the 101001st record. Run 1, Event 125744371, LumiSection 34319 at 27-Nov-2012 02:18:26.168 EET
Begin processing the 102001st record. Run 1, Event 168002998, LumiSection 45853 at 27-Nov-2012 02:18:30.187 EET
Begin processing the 103001st record. Run 1, Event 146750958, LumiSection 40053 at 27-Nov-2012 02:18:37.272 EET
Begin processing the 104001st record. Run 1, Event 161525391, LumiSection 44085 at 27-Nov-2012 02:18:41.132 EET
Begin processing the 105001st record. Run 1, Event 182917265, LumiSection 49923 at 27-Nov-2012 02:18:49.395 EET
Begin processing the 106001st record. Run 1, Event 115713146, LumiSection 31582 at 27-Nov-2012 02:18:56.650 EET
Begin processing the 107001st record. Run 1, Event 129792369, LumiSection 35424 at 27-Nov-2012 02:19:04.082 EET
Begin processing the 108001st record. Run 1, Event 137258072, LumiSection 37462 at 27-Nov-2012 02:19:09.197 EET
Begin processing the 109001st record. Run 1, Event 16742924, LumiSection 4570 at 27-Nov-2012 02:19:18.911 EET
Begin processing the 110001st record. Run 1, Event 31739991, LumiSection 8663 at 27-Nov-2012 02:19:22.700 EET
Begin processing the 111001st record. Run 1, Event 44008286, LumiSection 12011 at 27-Nov-2012 02:19:31.636 EET
Begin processing the 112001st record. Run 1, Event 134015466, LumiSection 36577 at 27-Nov-2012 02:19:41.149 EET
27-Nov-2012 02:19:42 EET  Closed file file:/hdfs/cms/store/user/mario/QCD_Pt_250_350_EMEnriched_TuneZ2star_8TeV_pythia6/Summer12-stop-pfele-step1/3d176ac8da5e9dff208d057f4733ca91/tuple_353_13_nen.root

=============================================

MessageLogger Summary

 type     category        sev    module        subroutine        count    total
 ---- -------------------- -- ---------------- ----------------  -----    -----
    1 fileAction           -s file_close                             5        5
    2 fileAction           -s file_open                             10       10

 type    category    Examples: run/evt        run/evt          run/evt
 ---- -------------------- ---------------- ---------------- ----------------
    1 fileAction           PostProcessEvent PostProcessEvent PostEndRun
    2 fileAction           pre-events       pre-events       PostProcessEvent

Severity    # Occurrences   Total Occurrences
--------    -------------   -----------------
System                 15                  15
>>> END OF printout of 146 lines from stdout+stderr
>>> Parse FrameworkJobReport crab_fjr.xml
Result of parsing the FrameworkJobReport crab_fjr.xml: Popularity start
lumisRange : 1::2554,3572,5130,5570,6758,8639,9641,9646,9982,16373,16847,18498,19724,19734,19881,20336,22658,24002,24194,24207,24328,24382,24430,24479,24547,24597,26073,28588,29532,30055,31545,31865,32704,33836,36300,36533,37838,38160,38163,38178,38207,38228,38516,38519,38542,38618,38758,38801,38846,38983,39116,39328,39389,40119,40149,40156,40231,40403,41098,41253,44542,44814,45504,51859,52039-52040,52145,52284,52445,52638,52804,52891,52895,52898,52902,52949,54566,54674,54820,55673,55686,55692,55698,58752,60148,60176,60292,60336,60587,60859,61054,61384,61875,62171,62258,62312,62333,62438,62577,62636,62717,62831,62858,63003,63107,63143,63214,63243,63296,63680,65849,65853,66323,66521,66972,67049,68339,68393,68431,68740,68876,69363,69433,70299,71039,71155,71163,71254,71472,72070,72184,72194,72212-72213,72269,72504,72611::1;1::1369,1781,1792,2961,4942,4949,5287,5495,5498,5641,6310,6312,6327,6429,6544,6638-6639,6780,6921,7005-7006,7145-7146,8125,8346,8349-8350,8654,9053,9361,9496,9637,9643-9644,9893,10087,10123,10300,10498,10543,10545,10667,10696,11319,12256,12915,13993,14000,14292,14449,14861,14906,16599,16901,18501,18986,19072,19199,19535,19717,20036,20175-20177,20231,20234,23016-23017,23209,23348,23619,23947,24000-24001,24132,25807,27139,28274,29975,30497,31040,31539,31542,31711,31920,32312,32329,33256,33264,34412,36208,36602,36831,37305,37823,38706,39315,39326,39730,39911,39918,40035,40101,40226,40695,40852,40857,40917,42167,42479,43976,44019,44760,44771,45631,46646,48799,49384,49485,49931,50029,50069,50591,50963,51068,51335,51657,52047,52887,52893,52901,53206,54625,55544-55545,55989,56347,59235,59666,59668,59764,59766,59792,59891,59921,59925,59981,60142,60175,60451,60483-60484,62149,62220,62450,62520,62541-62542,62598,62622,62951,63233,63350-63351,65328,66227,67140,71896,72137::2;1::1921,3690,4143,4570,4670,4682,4918,7117,8663,9175,9479,11501,12008,12011,12014,12465,13276,16976,28814,29139,29313,29402,29408,29415,29768,29823,29855,30037,30197,30949,31091,31093,31307,31562,31582,31605,31793,32031,32311,32880,32882,33545,33976,34033,34319,34630,34753,35019,35336,35341,35424,35845,36254,36391,36577,36640,36707,36779,37000,37247,37333,37462,37619,37837,37929,38549,38617,39032,39554,40053,40233,40818,40876,41936,42403,42835,43852,44085,44089,44207,44318,44430,44761,45847,45853,46883,49923::3;1::305,1371,3102,3108,4144,5294,5667,5680,6095,6971,9096,9918,10725,11282-11283,11293,11471,11693,11775,11799,12012,12099,12109,12453,12511,12809,15403,16533,18243,18515,20457,20488,21113,21207,23981,24089-24090,25480,26039,27071,28439,28451,28930,28936,29139,30109,32365,33261,34203,34794,35729,35822,36256,36315,37418,38001,38384,38386,38474,38690,38843,39117,39319,39757,39791,39868,40111,40114,40199,40347,40465,40608,40763,41104,41352,41413,41572,41603,41757,41957,42059,42463,42625,42698,42781,42868,42993,43055,43105,43107,43114,43223,43299,45436,46526,46563,47227,47660,50757,50841,50941,50943,51784,52200,52366,54655,54753,55730,55753,55784,55791,55913,56252,56350,56545,57203,57213,57352,57392,57557,57580,58447,58565,58592,58646,58778,58907,59468,59489,59508,59518,59560,59694,59897,60263,60592,61549,61585,61718,62148,62431,62492,62495,62557,62877,62883,62928,63271,63455,63527,63561,63590,63636,63657,63676-63677,64027,64033,65251,65255,65625,66021,69673,71259,71939,72060,72217,72245,72569::4;1::145,1775,1785,1791,2009,2133,2190,2245-2246,2656,3112,3120,3122,3133,3285,3775,4720,5280-5281,5434,6632,6636,7093,7336,7759-7760,7994,9357,9462,9710,10617,12264,12350,13775,14862,16463,18574,18586,19145,19176,19187,19883,19885,20265,23749,25652,26604,28049,30224,31365,32688,36474,38202,38985,40480,42179,47121,48743,50902,50923,52390,52409,54464,54483,55727,55783,55884,55896,55998,56083,56403,56540,56552,56756,56818,56952,57019,57064,57066,57112,57189,57306,57533,57603,57617,57704,58334,58877,58927,58955,59319,59415,59520,59650,59723-59724,59759,59765,59819,59856,59884,59890,60074,60144,60273,61366,62091,62273,62310,62336,62376,62490,62492,63396,63409,63440,63468,63528,63564,64190,64273,64879,66323,66541,66729-66730,66765,66798,67045,67050-67051,67792,67922,67956,68008,68030,68365,68439,68741,68872,69143,69145,69544,69781,69819,70210,70220,70401,70539,70607,70820,70830,70862,71012,71017,71207,71369,71506,71558,71581,71770,71987,72040,72091,72499,72608,72882,72910::5;
lumisParentRange : 
Basename : /store/user/mario/QCD_Pt_250_350_EMEnriched_TuneZ2star_8TeV_pythia6/Summer12-stop-pfele-step1/3d176ac8da5e9dff208d057f4733ca91/tuple_35
BasenameParent : 
parentFiles : 
inputBlocks : /QCD_Pt_250_350_EMEnriched_TuneZ2star_8TeV_pythia6/mario-Summer12-stop-pfele-step1-3d176ac8da5e9dff208d057f4733ca91/USER#89723d11-1f9b-42cd-94f4-feb0ac97b54e
inputFiles : 0_11_jRA.root::1::EDM::Local::1;7_7_J8S.root::1::EDM::Local::2;3_13_nen.root::1::EDM::Local::3;2_9_NGQ.root::1::EDM::Local::4;1_8_lfd.root::1::EDM::Local::5;
Popularity stop
Extracted ExitStatus from FrameworkJobReport parsing output: 0
>>> Executable succeded  0
ExeExitCode=0
EXECUTABLE_EXIT_STATUS = 0
>>> current directory /home/cms064/home_crobe_198012686/CREAM198012686/glide_G16315/execute/dir_1825/CMSSW_5_3_5
>>>  (SOFTWARE_DIR): /home/cms064/home_crobe_198012686/CREAM198012686/glide_G16315/execute/dir_1825/CMSSW_5_3_5
>>> (WORKING_DIR): 
>>> current directory content:
total 160
drwxr-xr-x 3 cms064 cms  4096 Nov 27 02:05 .SCRAM
-rw-r--r-- 1 cms064 cms 30066 Nov 27 02:05 CMSSW.py.pkl
drwxr-xr-x 3 cms064 cms  4096 Nov 27 02:05 bin
drwxr-xr-x 3 cms064 cms  4096 Nov 27 02:05 cfipython
drwxr-xr-x 5 cms064 cms  4096 Nov 27 02:05 config
-rw-r--r-- 1 cms064 cms    17 Nov 27 02:19 cpu_timing.txt
drwxr-xr-x 2 cms064 cms  4096 Nov 27 02:05 doc
-rw-r--r-- 1 cms064 cms 16501 Nov 27 02:19 executable.out
drwxr-xr-x 2 cms064 cms  4096 Nov 27 02:05 include
drwxrwxrwx 3 cms064 cms  4096 Oct 22 16:38 lib
drwxr-xr-x 3 cms064 cms  4096 Nov 27 02:05 logs
drwxr-xr-x 3 cms064 cms  4096 Nov 27 02:05 objs
-rw-r--r-- 1 cms064 cms 17918 Nov 27 02:19 optHistograms.root
-rw-r--r-- 1 cms064 cms   104 Nov 27 02:06 pset.py
-rw-r--r-- 1 cms064 cms 19510 Nov 27 02:06 pset.py.pkl
-rw-r--r-- 1 cms064 cms   289 Nov 27 02:06 pset.pyc
drwxr-xr-x 2 cms064 cms  4096 Nov 27 02:05 python
-rw-r--r-- 1 cms064 cms   420 Nov 27 02:19 report.log
drwxrwxrwx 4 cms064 cms  4096 Nov 27 02:05 src
drwxr-xr-x 3 cms064 cms  4096 Nov 27 02:05 test
drwxr-xr-x 3 cms064 cms  4096 Nov 27 02:05 tmp
>>> current directory /home/cms064/home_crobe_198012686/CREAM198012686/glide_G16315/execute/dir_1825/CMSSW_5_3_5
>>> (SOFTWARE_DIR): /home/cms064/home_crobe_198012686/CREAM198012686/glide_G16315/execute/dir_1825/CMSSW_5_3_5
>>> (WORKING_DIR): 
>>> current directory content:
total 140
drwxr-xr-x 3 cms064 cms  4096 Nov 27 02:05 .SCRAM
-rw-r--r-- 1 cms064 cms 30066 Nov 27 02:05 CMSSW.py.pkl
drwxr-xr-x 3 cms064 cms  4096 Nov 27 02:05 bin
drwxr-xr-x 3 cms064 cms  4096 Nov 27 02:05 cfipython
drwxr-xr-x 5 cms064 cms  4096 Nov 27 02:05 config
-rw-r--r-- 1 cms064 cms    17 Nov 27 02:19 cpu_timing.txt
drwxr-xr-x 2 cms064 cms  4096 Nov 27 02:05 doc
-rw-r--r-- 1 cms064 cms 16501 Nov 27 02:19 executable.out
drwxr-xr-x 2 cms064 cms  4096 Nov 27 02:05 include
drwxrwxrwx 3 cms064 cms  4096 Oct 22 16:38 lib
drwxr-xr-x 3 cms064 cms  4096 Nov 27 02:05 logs
drwxr-xr-x 3 cms064 cms  4096 Nov 27 02:05 objs
-rw-r--r-- 1 cms064 cms   104 Nov 27 02:06 pset.py
-rw-r--r-- 1 cms064 cms 19510 Nov 27 02:06 pset.py.pkl
-rw-r--r-- 1 cms064 cms   289 Nov 27 02:06 pset.pyc
drwxr-xr-x 2 cms064 cms  4096 Nov 27 02:05 python
-rw-r--r-- 1 cms064 cms   420 Nov 27 02:19 report.log
drwxrwxrwx 4 cms064 cms  4096 Nov 27 02:05 src
drwxr-xr-x 3 cms064 cms  4096 Nov 27 02:05 test
drwxr-xr-x 3 cms064 cms  4096 Nov 27 02:05 tmp
>>> current directory (RUNTIME_AREA):  /home/cms064/home_crobe_198012686/CREAM198012686/glide_G16315/execute/dir_1825
>>> current dir: /home/cms064/home_crobe_198012686/CREAM198012686/glide_G16315/execute/dir_1825
>>> current dir content:
total 25804
-rw-rw-rw-  1 cms064 cms     5604 Nov 27 02:05 .job.ad
-rw-rw-rw-  1 cms064 cms    11437 Nov 27 02:05 .machine.ad
-rw-rw-rw-  1 cms064 cms      105 Nov 27 01:27 CMSSW.py
-rw-rw-rw-  1 cms064 cms    30066 Nov 27 01:27 CMSSW.py.pkl
-rwxrw-rw-  1 cms064 cms    23341 Nov 27 02:05 CMSSW.sh
-rw-rw-rw-  1 cms064 cms        0 Nov 27 02:05 CMSSW_32.stderr
-rw-rw-rw-  1 cms064 cms    32832 Nov 27 02:20 CMSSW_32.stdout
drwxr-xr-x 15 cms064 cms     4096 Nov 27 02:20 CMSSW_5_3_5
-rw-r--r--  1 cms064 cms      346 Nov 27 02:05 CacheEnv.sh
-rw-rw-rw-  1 cms064 cms     7291 Jun  9  2010 DashboardAPI.py
-rw-r--r--  1 cms064 cms     6868 Nov 27 02:05 DashboardAPI.pyc
drwxrwxrwx  3 cms064 cms     4096 Nov 27 02:19 IMProv
-rw-rw-rw-  1 cms064 cms     2748 Mar  8  2006 Logger.py
-rw-r--r--  1 cms064 cms     3348 Nov 27 02:06 Logger.pyc
-rw-rw-rw-  1 cms064 cms    24524 Mar 28  2008 ProcInfo.py
-rw-r--r--  1 cms064 cms    23446 Nov 27 02:06 ProcInfo.pyc
drwxrwxrwx  7 cms064 cms     4096 Nov 27 02:06 ProdCommon
drwxrwxrwx  3 cms064 cms     4096 Nov 27 02:05 WMCore
-rw-r--r--  1 cms064 cms     2417 Nov 27 02:20 Watchdog_32.log
-rw-rw-rw-  1 cms064 cms    32895 Mar 28  2008 apmon.py
-rw-r--r--  1 cms064 cms    28845 Nov 27 02:05 apmon.pyc
-rw-rw-rw-  1 cms064 cms   105070 Nov 27 02:05 arguments.xml
-rwxrwxrwx  1 cms064 cms    37427 Sep 13 14:14 cmscp.py
-rwxrwxrwx  1 cms064 cms    23341 Nov 27 02:05 condor_exec.exe
-rw-rw-rw-  1 cms064 cms      546 Nov 27 01:27 crab.cfg
-rwxrwxrwx  1 cms064 cms     9531 Sep 20 21:46 crabWatchdog.sh
-rw-r--r--  1 cms064 cms    50097 Nov 27 02:19 crab_fjr_32.xml
-rw-rw-rw-  1 cms064 cms 25796300 Nov 27 02:05 default.tgz
-rwxrwxrwx  1 cms064 cms     4488 May 12  2012 fillCrabFjr.py
-rw-r--r--  1 cms064 cms      948 Nov 27 02:06 inputsReport.txt
-rw-r--r--  1 cms064 cms      132 Nov 27 02:20 jobreport.txt
lrwxrwxrwx  1 cms064 cms      106 Nov 27 02:20 optHistograms.root -> /home/cms064/home_crobe_198012686/CREAM198012686/glide_G16315/execute/dir_1825/optHistograms_32_1_Uel.root
-rw-r--r--  1 cms064 cms    17918 Nov 27 02:19 optHistograms_32_1_Uel.root
-rw-rw-rw-  1 cms064 cms    17352 Jan 20  2012 parseCrabFjr.py
-rw-r--r--  1 cms064 cms      285 Nov 27 02:05 report.log
-rwxrwxrwx  1 cms064 cms     1497 May 27  2009 report.py
-rwxrwxrwx  1 cms064 cms     8387 Mar 23  2011 writeCfg.py
-rw-------  1 cms064 cms     8687 Nov 27 02:05 x509up_u1000009
Checking output files:  
will tar file optHistograms_32_1_Uel.root in  out_files_32
will tar file crab_fjr_32.xml in  out_files_32
will tar file CMSSW_32.stdout in  out_files_32
will tar file CMSSW_32.stderr in  out_files_32
WARNING: output file Watchdog_32.log.gz not found!
>>> padding time: Wrapper lasting more than 600 seconds. No sleep required.
STOPPING WATCHDOG. CrabWatchdog PID is 9573
********** LAST 50 LINES OF WATCHDOG LOG
# RESOURCE USAGE SUMMARY FOR PROCESS ID  2383
USER       PID %CPU %MEM    VSZ   RSS TTY      STAT START   TIME COMMAND
cms064    2383  0.1  0.0   8956  1484 ?        R    02:05   0:00 /bin/sh /home/cms064/home_crobe_198012686/CREAM198012686/glide_G16315/execute/dir_1825/condor_exec.exe 32 1
 
# LIMITS USED BY THIS WATCHDOG:
# RSS  (KBytes)  : 2300000
# VSZ  (KBytes)  : 100000000
# DISK (MBytes)  : 19000
# CPU  (seconds) : 171600
# WALL (seconds) : 171600
 
# FOLLOWING PRINTOUT TRACKS MAXIMUM VALUES OF RESOURCES USE
# ONE LINE IS PRINTED EACH TIME A MAXIMUM CHANGES
# IF CHANGE WAS IN RSS OR VSZ ALSO PROCID AND COMMAND ARE PRINTED
# THERE IS NO PRINTOUT FOR CPU/WALL TIME INCREASE
 
# TIME			PID	RSS(KB)	VSZ(KB)	Dsk(MB)	tCPU(s)	tWALL(s)	COMMAND
 Nov 27 02:06:03 EET	1825	5228	9216	0	0	28	condor_starter -f submit-2.t2.ucsd.edu       
 Nov 27 02:06:03 EET	9667	22848	84728	0	0	2	edmConfigHash pset.py        
 Nov 27 02:06:03 EET	---	22848	84728	168	----	----	----
 Nov 27 02:07:08 EET	11271	351864	581944	168	12	58	cmsRun -j /home/cms064/home_crobe_198012686/CREAM198012686/glide_G16315/execute/dir_1825/crab_fjr_32.xml -p pset.py     
 Nov 27 02:08:16 EET	11271	360536	581944	168	55	127	cmsRun -j /home/cms064/home_crobe_198012686/CREAM198012686/glide_G16315/execute/dir_1825/crab_fjr_32.xml -p pset.py     
 Nov 27 02:10:36 EET	11271	364328	581944	168	121	266	cmsRun -j /home/cms064/home_crobe_198012686/CREAM198012686/glide_G16315/execute/dir_1825/crab_fjr_32.xml -p pset.py     
 Nov 27 02:11:45 EET	11271	364668	581944	168	161	335	cmsRun -j /home/cms064/home_crobe_198012686/CREAM198012686/glide_G16315/execute/dir_1825/crab_fjr_32.xml -p pset.py     
 Nov 27 02:12:54 EET	11271	365924	581944	168	196	403	cmsRun -j /home/cms064/home_crobe_198012686/CREAM198012686/glide_G16315/execute/dir_1825/crab_fjr_32.xml -p pset.py     
 Nov 27 02:14:03 EET	11271	366040	581944	168	244	473	cmsRun -j /home/cms064/home_crobe_198012686/CREAM198012686/glide_G16315/execute/dir_1825/crab_fjr_32.xml -p pset.py     
 Nov 27 02:16:23 EET	11271	366812	581944	168	312	611	cmsRun -j /home/cms064/home_crobe_198012686/CREAM198012686/glide_G16315/execute/dir_1825/crab_fjr_32.xml -p pset.py     
 Nov 27 02:17:32 EET	11271	367104	581944	168	357	682	cmsRun -j /home/cms064/home_crobe_198012686/CREAM198012686/glide_G16315/execute/dir_1825/crab_fjr_32.xml -p pset.py     
 Nov 27 02:19:50 EET	---	367104	581944	169	----	----	----
********** WATCHDOG LOG ENDED
ZIPPING WATCHDOG LOG
Disk space used:
du -sh /home/cms064/home_crobe_198012686/CREAM198012686/glide_G16315/execute/dir_1825
169M	/home/cms064/home_crobe_198012686/CREAM198012686/glide_G16315/execute/dir_1825
>>> info for dashboard:
***** Cat /home/cms064/home_crobe_198012686/CREAM198012686/glide_G16315/execute/dir_1825/jobreport.txt *****
MonitorJobID=32_https://submit-2.t2.ucsd.edu//121127//17529.31
MonitorID=liis_crab_0_121127_012714_evt312
ExeTime=812
ExeExitCode=0
CrabUserCpuTime=406.46
CrabSysCpuTime=10.62
CrabCpuPercentage=51%
CrabWrapperTime=863
CrabStageoutTime=NULL
***** End Cat jobreport *****
Parameters sent to Dashboard.
optHistograms_32_1_Uel.root
crab_fjr_32.xml
CMSSW_32.stdout
CMSSW_32.stderr
Watchdog_32.log.gz
tar: .BrokerInfo: Cannot stat: No such file or directory
tar: Error exit delayed from previous errors
Total Output dimension: 29973
WARNING: output files size limit is set to: 50000000
Total Output dimension 29973 is fine.
JOB_EXIT_STATUS = 0
>>> info for dashboard:
***** Cat /home/cms064/home_crobe_198012686/CREAM198012686/glide_G16315/execute/dir_1825/jobreport.txt *****
MonitorJobID=32_https://submit-2.t2.ucsd.edu//121127//17529.31
MonitorID=liis_crab_0_121127_012714_evt312
JobExitCode=0
***** End Cat jobreport *****
Parameters sent to Dashboard.
optHistograms_32_1_Uel.root
crab_fjr_32.xml
