This script was generated by crab (version 2.8.3).
Running /home/cms064/home_creur_361655988/CREAM361655988/glide_t17037/execute/dir_18194/condor_exec.exe with 2 positional parameters: 54 2
Today is Tue Nov 27 11:50:36 EET 2012
Job submitted on host wn-v-4592.local
Linux wn-v-4592.local 2.6.32-042stab059.7 #1 SMP Tue Jul 24 19:12:01 MSK 2012 x86_64 x86_64 x86_64 GNU/Linux
>>> current directory (RUNTIME_AREA): /home/cms064/home_creur_361655988/CREAM361655988/glide_t17037/execute/dir_18194
>>> current user: uid=11064(cms064) gid=1400(cms) groups=1400(cms)
>>> voms proxy information:
subject   : /DC=ch/DC=cern/OU=Organic Units/OU=Users/CN=liis/CN=663550/CN=Liis Rebane/CN=proxy/CN=limited proxy
issuer    : /DC=ch/DC=cern/OU=Organic Units/OU=Users/CN=liis/CN=663550/CN=Liis Rebane/CN=proxy
identity  : /DC=ch/DC=cern/OU=Organic Units/OU=Users/CN=liis/CN=663550/CN=Liis Rebane/CN=proxy
type      : limited proxy
strength  : 512 bits
path      : /home/cms064/home_creur_361655988/CREAM361655988/glide_t17037/execute/dir_18194/x509up_u1000009
timeleft  : 23:59:54
key usage : Digital Signature, Key Encipherment, Data Encipherment
=== VO cms extension information ===
VO        : cms
subject   : /DC=ch/DC=cern/OU=Organic Units/OU=Users/CN=liis/CN=663550/CN=Liis Rebane
issuer    : /DC=ch/DC=cern/OU=computers/CN=lcg-voms.cern.ch
attribute : /cms/Role=NULL/Capability=NULL
timeleft  : 181:35:01
uri       : lcg-voms.cern.ch:15002
>>> tar xzf /home/cms064/home_creur_361655988/CREAM361655988/glide_t17037/execute/dir_18194/default.tgz :
Successful untar
>>> Include /home/cms064/home_creur_361655988/CREAM361655988/glide_t17037/execute/dir_18194 in PYTHONPATH:
strip arguments
env var CRAB_UNIQUE_JOB_ID set to: liis_crab_0_121127_012714_evt312_54_2_AwD
out_files_54
>>> list of expected files on output sandbox
output files: optHistograms_54_2_AwD.root crab_fjr_54.xml CMSSW_54.stdout CMSSW_54.stderr Watchdog_54.log.gz
>>> GridFlavour discovery: 
GridFlavour=LCG
>>> SyncSite discovery: 
SyncSite=T2_EE_Estonia
>>> SyncCE discovery: 
getting SyncCE from CE_ID
SyncCE=europa.hep.kbfi.ee:8443/cream-pbs-long
>>> info for dashboard:
***** Cat /home/cms064/home_creur_361655988/CREAM361655988/glide_t17037/execute/dir_18194/jobreport.txt *****
MonitorJobID=54_https://submit-2.t2.ucsd.edu//121127//17634.7
SyncGridJobId=https://submit-2.t2.ucsd.edu//121127//17634.7
MonitorID=liis_crab_0_121127_012714_evt312
GridFlavour=LCG
SyncSite=T2_EE_Estonia
SyncCE=europa.hep.kbfi.ee:8443/cream-pbs-long
***** End Cat jobreport *****
Parameters sent to Dashboard.
>>> setup environment
set SCRAM ARCH to slc5_amd64_gcc462
SCRAM_ARCH = slc5_amd64_gcc462
>>> setup CMS LCG environment:
set SCRAM ARCH and BUILD_ARCH to slc5_amd64_gcc462 ###
Sourcing environment... 
sourcing /cvmfs/cms.cern.ch/cmsset_default.sh
==> setup cms environment ok
>>> specific cmssw setup environment:
CMSSW_VERSION =  CMSSW_5_3_5
>>> current directory (SOFTWARE_DIR): /home/cms064/home_creur_361655988/CREAM361655988/glide_t17037/execute/dir_18194/CMSSW_5_3_5
PreserveSeeds: <>
IncrementSeeds:<>
{}
WNHostName=wn-v-4592.local
>>> info for dashboard:
***** Cat /home/cms064/home_creur_361655988/CREAM361655988/glide_t17037/execute/dir_18194/jobreport.txt *****
MonitorJobID=54_https://submit-2.t2.ucsd.edu//121127//17634.7
MonitorID=liis_crab_0_121127_012714_evt312
WNHostName=wn-v-4592.local
***** End Cat jobreport *****
Parameters sent to Dashboard.
crabWatchdog started as process 28176
>>> moving CMSSW software directories in /home/cms064/home_creur_361655988/CREAM361655988/glide_t17037/execute/dir_18194/CMSSW_5_3_5
mv: cannot stat `/home/cms064/home_creur_361655988/CREAM361655988/glide_t17037/execute/dir_18194/module/': No such file or directory
>>> Include /home/cms064/home_creur_361655988/CREAM361655988/glide_t17037/execute/dir_18194 in PYTHONPATH:
PYTHONPATH=/home/cms064/home_creur_361655988/CREAM361655988/glide_t17037/execute/dir_18194/:/home/cms064/home_creur_361655988/CREAM361655988/glide_t17037/execute/dir_18194/CMSSW_5_3_5/python:/home/cms064/home_creur_361655988/CREAM361655988/glide_t17037/execute/dir_18194/CMSSW_5_3_5/lib/slc5_amd64_gcc462:/cvmfs/cms.cern.ch/slc5_amd64_gcc462/cms/cmssw/CMSSW_5_3_5/python:/cvmfs/cms.cern.ch/slc5_amd64_gcc462/cms/cmssw/CMSSW_5_3_5/lib/slc5_amd64_gcc462:/cvmfs/cms.cern.ch/slc5_amd64_gcc462/cms/coral/CORAL_2_3_21-cms27/slc5_amd64_gcc462/python:/cvmfs/cms.cern.ch/slc5_amd64_gcc462/cms/coral/CORAL_2_3_21-cms27/slc5_amd64_gcc462/lib:/cvmfs/cms.cern.ch/slc5_amd64_gcc462/external/pyqt/4.8.1/lib/python2.6/site-packages:/cvmfs/cms.cern.ch/slc5_amd64_gcc462/external/py2-scipy/0.8.0/lib/python2.6/site-packages:/cvmfs/cms.cern.ch/slc5_amd64_gcc462/external/py2-matplotlib/1.0.1/lib/python2.6/site-packages:/cvmfs/cms.cern.ch/slc5_amd64_gcc462/external/python-ldap/2.3.5/lib/python2.6/site-packages:/cvmfs/cms.cern.ch/slc5_amd64_gcc462/external/sip/4.11.2/lib/python2.6/site-packages:/cvmfs/cms.cern.ch/slc5_amd64_gcc462/external/py2-pycurl/7.19.0/lib/python2.6/site-packages:/cvmfs/cms.cern.ch/slc5_amd64_gcc462/external/py2-numpy/1.6.1/lib/python2.6/site-packages:/cvmfs/cms.cern.ch/slc5_amd64_gcc462/external/py2-ipython/0.10/lib/python2.6/site-packages:/cvmfs/cms.cern.ch/slc5_amd64_gcc462/external/py2-cx-oracle/5.1-cms11/lib/python2.6/site-packages:/cvmfs/cms.cern.ch/slc5_amd64_gcc462/external/py2-cjson/1.0.5/lib/python2.6/site-packages:/cvmfs/cms.cern.ch/slc5_amd64_gcc462/cms/das-client/1.4.1-cms8/bin:/cvmfs/cms.cern.ch/slc5_amd64_gcc462/external/elementtree/1.2.6/share/lib/python2.6/site-packages:/cvmfs/cms.cern.ch/slc5_amd64_gcc462/external/rivet/1.5.1-cms10/lib/python2.6/site-packages:/cvmfs/cms.cern.ch/slc5_amd64_gcc462/external/pyminuit2/0.0.1-cms34/lib/python2.6/site-packages:/cvmfs/cms.cern.ch/slc5_amd64_gcc462/external/professor/1.0.0-cms35/lib/python2.6/site-packages:/cvmfs/cms.cern.ch/slc5_amd64_gcc462/lcg/root/5.32.00-cms18/lib:/cvmfs/cms.cern.ch/slc5_amd64_gcc462/cms/dbs-client/DBS_2_1_1_patch1_1/lib:/cvmfs/cms.cern.ch/slc5_amd64_gcc462/cms/dbs-client/DBS_2_1_1_patch1_1/lib/DBSAPI:/home/cms064/home_creur_361655988/CREAM361655988/glide_t17037/execute/dir_18194/
241a2a19cb7c5c8751ba22759ab3bdb0
PSETHASH = 241a2a19cb7c5c8751ba22759ab3bdb0
/home/cms064/home_creur_361655988/CREAM361655988/glide_t17037/execute/dir_18194/writeCfg.py pset.py pset.py
Importing .py file
Setting parameters
inputBlocks=/QCD_Pt_250_350_EMEnriched_TuneZ2star_8TeV_pythia6/mario-Summer12-stop-pfele-step1-3d176ac8da5e9dff208d057f4733ca91/USER#89723d11-1f9b-42cd-94f4-feb0ac97b54e
inputFiles=/store/user/mario/QCD_Pt_250_350_EMEnriched_TuneZ2star_8TeV_pythia6/Summer12-stop-pfele-step1/3d176ac8da5e9dff208d057f4733ca91/tuple_257_8_y4K.root;/store/user/mario/QCD_Pt_250_350_EMEnriched_TuneZ2star_8TeV_pythia6/Summer12-stop-pfele-step1/3d176ac8da5e9dff208d057f4733ca91/tuple_260_10_aKF.root;/store/user/mario/QCD_Pt_250_350_EMEnriched_TuneZ2star_8TeV_pythia6/Summer12-stop-pfele-step1/3d176ac8da5e9dff208d057f4733ca91/tuple_280_6_h2g.root;/store/user/mario/QCD_Pt_250_350_EMEnriched_TuneZ2star_8TeV_pythia6/Summer12-stop-pfele-step1/3d176ac8da5e9dff208d057f4733ca91/tuple_281_8_1cC.root;/store/user/mario/QCD_Pt_250_350_EMEnriched_TuneZ2star_8TeV_pythia6/Summer12-stop-pfele-step1/3d176ac8da5e9dff208d057f4733ca91/tuple_216_7_2Ru.root;/store/user/mario/QCD_Pt_250_350_EMEnriched_TuneZ2star_8TeV_pythia6/Summer12-stop-pfele-step1/3d176ac8da5e9dff208d057f4733ca91/tuple_151_7_Pa4.root
parentFiles=
lumisRange=
>>> Executable cmsRun
/cvmfs/cms.cern.ch/slc5_amd64_gcc462/cms/cmssw/CMSSW_5_3_5/bin/slc5_amd64_gcc462/cmsRun
ok executable found
>>> info for dashboard:
***** Cat /home/cms064/home_creur_361655988/CREAM361655988/glide_t17037/execute/dir_18194/jobreport.txt *****
MonitorJobID=54_https://submit-2.t2.ucsd.edu//121127//17634.7
MonitorID=liis_crab_0_121127_012714_evt312
ExeStart=cmsRun
***** End Cat jobreport *****
Parameters sent to Dashboard.
>>> cmsRun started at Tue Nov 27 09:50:58 UTC 2012
>>> cmsRun ended at Tue Nov 27 10:00:58 UTC 2012
>>> info for dashboard:
***** Cat /home/cms064/home_creur_361655988/CREAM361655988/glide_t17037/execute/dir_18194/jobreport.txt *****
MonitorJobID=54_https://submit-2.t2.ucsd.edu//121127//17634.7
MonitorID=liis_crab_0_121127_012714_evt312
ExeEnd=cmsRun
***** End Cat jobreport *****
Parameters sent to Dashboard.
TIME_EXE = 600 sec
>>> cmsRun wrote 149 lines of stdout+stderr
>>> START OF printout of 149 lines from stdout+stderr
27-Nov-2012 11:51:17 EET  Initiating request to open file file:/hdfs/cms/store/user/mario/QCD_Pt_250_350_EMEnriched_TuneZ2star_8TeV_pythia6/Summer12-stop-pfele-step1/3d176ac8da5e9dff208d057f4733ca91/tuple_257_8_y4K.root
27-Nov-2012 11:51:24 EET  Successfully opened file file:/hdfs/cms/store/user/mario/QCD_Pt_250_350_EMEnriched_TuneZ2star_8TeV_pythia6/Summer12-stop-pfele-step1/3d176ac8da5e9dff208d057f4733ca91/tuple_257_8_y4K.root
Begin processing the 1st record. Run 1, Event 170879186, LumiSection 46638 at 27-Nov-2012 11:51:45.809 EET
Begin processing the 1001st record. Run 1, Event 214809068, LumiSection 58627 at 27-Nov-2012 11:51:51.334 EET
Begin processing the 2001st record. Run 1, Event 227535220, LumiSection 62101 at 27-Nov-2012 11:51:55.855 EET
Begin processing the 3001st record. Run 1, Event 230537879, LumiSection 62920 at 27-Nov-2012 11:51:59.299 EET
Begin processing the 4001st record. Run 1, Event 17493023, LumiSection 4775 at 27-Nov-2012 11:52:03.459 EET
27-Nov-2012 11:52:05 EET  Closed file file:/hdfs/cms/store/user/mario/QCD_Pt_250_350_EMEnriched_TuneZ2star_8TeV_pythia6/Summer12-stop-pfele-step1/3d176ac8da5e9dff208d057f4733ca91/tuple_257_8_y4K.root
27-Nov-2012 11:52:05 EET  Initiating request to open file file:/hdfs/cms/store/user/mario/QCD_Pt_250_350_EMEnriched_TuneZ2star_8TeV_pythia6/Summer12-stop-pfele-step1/3d176ac8da5e9dff208d057f4733ca91/tuple_260_10_aKF.root
27-Nov-2012 11:52:05 EET  Successfully opened file file:/hdfs/cms/store/user/mario/QCD_Pt_250_350_EMEnriched_TuneZ2star_8TeV_pythia6/Summer12-stop-pfele-step1/3d176ac8da5e9dff208d057f4733ca91/tuple_260_10_aKF.root
Begin processing the 5001st record. Run 1, Event 4335913, LumiSection 1184 at 27-Nov-2012 11:52:19.927 EET
Begin processing the 6001st record. Run 1, Event 16675852, LumiSection 4552 at 27-Nov-2012 11:52:23.076 EET
Begin processing the 7001st record. Run 1, Event 35117970, LumiSection 9585 at 27-Nov-2012 11:52:28.275 EET
Begin processing the 8001st record. Run 1, Event 71711294, LumiSection 19572 at 27-Nov-2012 11:52:31.720 EET
Begin processing the 9001st record. Run 1, Event 2958303, LumiSection 808 at 27-Nov-2012 11:52:35.943 EET
Begin processing the 10001st record. Run 1, Event 9982833, LumiSection 2725 at 27-Nov-2012 11:52:38.712 EET
Begin processing the 11001st record. Run 1, Event 57147450, LumiSection 15598 at 27-Nov-2012 11:52:43.048 EET
Begin processing the 12001st record. Run 1, Event 227663132, LumiSection 62136 at 27-Nov-2012 11:52:46.404 EET
Begin processing the 13001st record. Run 1, Event 237060199, LumiSection 64700 at 27-Nov-2012 11:52:50.820 EET
Begin processing the 14001st record. Run 1, Event 252663313, LumiSection 68959 at 27-Nov-2012 11:52:55.796 EET
Begin processing the 15001st record. Run 1, Event 254829412, LumiSection 69550 at 27-Nov-2012 11:52:58.608 EET
Begin processing the 16001st record. Run 1, Event 105156560, LumiSection 28700 at 27-Nov-2012 11:53:02.637 EET
Begin processing the 17001st record. Run 1, Event 112269415, LumiSection 30642 at 27-Nov-2012 11:53:06.355 EET
Begin processing the 18001st record. Run 1, Event 120119811, LumiSection 32784 at 27-Nov-2012 11:53:11.313 EET
Begin processing the 19001st record. Run 1, Event 92805346, LumiSection 25329 at 27-Nov-2012 11:53:14.876 EET
Begin processing the 20001st record. Run 1, Event 86573294, LumiSection 23629 at 27-Nov-2012 11:53:20.662 EET
Begin processing the 21001st record. Run 1, Event 108701721, LumiSection 29668 at 27-Nov-2012 11:53:24.175 EET
Begin processing the 22001st record. Run 1, Event 128502177, LumiSection 35072 at 27-Nov-2012 11:53:28.706 EET
Begin processing the 23001st record. Run 1, Event 185581191, LumiSection 50650 at 27-Nov-2012 11:53:31.510 EET
Begin processing the 24001st record. Run 1, Event 230774064, LumiSection 62985 at 27-Nov-2012 11:53:36.015 EET
Begin processing the 25001st record. Run 1, Event 117513530, LumiSection 32073 at 27-Nov-2012 11:53:40.567 EET
Begin processing the 26001st record. Run 1, Event 207198374, LumiSection 56550 at 27-Nov-2012 11:53:43.872 EET
Begin processing the 27001st record. Run 1, Event 164306727, LumiSection 44844 at 27-Nov-2012 11:53:50.418 EET
Begin processing the 28001st record. Run 1, Event 64309483, LumiSection 17552 at 27-Nov-2012 11:53:53.757 EET
Begin processing the 29001st record. Run 1, Event 92108592, LumiSection 25139 at 27-Nov-2012 11:53:58.050 EET
Begin processing the 30001st record. Run 1, Event 87643803, LumiSection 23921 at 27-Nov-2012 11:54:01.589 EET
27-Nov-2012 11:54:04 EET  Closed file file:/hdfs/cms/store/user/mario/QCD_Pt_250_350_EMEnriched_TuneZ2star_8TeV_pythia6/Summer12-stop-pfele-step1/3d176ac8da5e9dff208d057f4733ca91/tuple_260_10_aKF.root
27-Nov-2012 11:54:04 EET  Initiating request to open file file:/hdfs/cms/store/user/mario/QCD_Pt_250_350_EMEnriched_TuneZ2star_8TeV_pythia6/Summer12-stop-pfele-step1/3d176ac8da5e9dff208d057f4733ca91/tuple_280_6_h2g.root
27-Nov-2012 11:54:04 EET  Successfully opened file file:/hdfs/cms/store/user/mario/QCD_Pt_250_350_EMEnriched_TuneZ2star_8TeV_pythia6/Summer12-stop-pfele-step1/3d176ac8da5e9dff208d057f4733ca91/tuple_280_6_h2g.root
Begin processing the 31001st record. Run 1, Event 172011507, LumiSection 46947 at 27-Nov-2012 11:54:19.974 EET
Begin processing the 32001st record. Run 1, Event 226932691, LumiSection 61936 at 27-Nov-2012 11:54:23.296 EET
Begin processing the 33001st record. Run 1, Event 236864569, LumiSection 64647 at 27-Nov-2012 11:54:28.062 EET
Begin processing the 34001st record. Run 1, Event 260788486, LumiSection 71176 at 27-Nov-2012 11:54:31.590 EET
Begin processing the 35001st record. Run 1, Event 29041888, LumiSection 7927 at 27-Nov-2012 11:54:36.534 EET
Begin processing the 36001st record. Run 1, Event 95292084, LumiSection 26008 at 27-Nov-2012 11:54:39.917 EET
Begin processing the 37001st record. Run 1, Event 208800756, LumiSection 56988 at 27-Nov-2012 11:54:45.002 EET
Begin processing the 38001st record. Run 1, Event 7198251, LumiSection 1965 at 27-Nov-2012 11:54:48.193 EET
Begin processing the 39001st record. Run 1, Event 59733833, LumiSection 16303 at 27-Nov-2012 11:54:52.616 EET
Begin processing the 40001st record. Run 1, Event 122415551, LumiSection 33411 at 27-Nov-2012 11:54:55.488 EET
Begin processing the 41001st record. Run 1, Event 188603901, LumiSection 51475 at 27-Nov-2012 11:54:59.947 EET
Begin processing the 42001st record. Run 1, Event 61482852, LumiSection 16781 at 27-Nov-2012 11:55:04.381 EET
Begin processing the 43001st record. Run 1, Event 187628360, LumiSection 51209 at 27-Nov-2012 11:55:07.966 EET
Begin processing the 44001st record. Run 1, Event 205876090, LumiSection 56189 at 27-Nov-2012 11:55:13.395 EET
Begin processing the 45001st record. Run 1, Event 10556046, LumiSection 2882 at 27-Nov-2012 11:55:16.471 EET
Begin processing the 46001st record. Run 1, Event 49697148, LumiSection 13564 at 27-Nov-2012 11:55:21.220 EET
Begin processing the 47001st record. Run 1, Event 54303091, LumiSection 14821 at 27-Nov-2012 11:55:24.575 EET
Begin processing the 48001st record. Run 1, Event 67576126, LumiSection 18444 at 27-Nov-2012 11:55:29.783 EET
Begin processing the 49001st record. Run 1, Event 71789405, LumiSection 19594 at 27-Nov-2012 11:55:33.313 EET
Begin processing the 50001st record. Run 1, Event 86318963, LumiSection 23559 at 27-Nov-2012 11:55:37.811 EET
Begin processing the 51001st record. Run 1, Event 86779173, LumiSection 23685 at 27-Nov-2012 11:55:41.160 EET
Begin processing the 52001st record. Run 1, Event 87648534, LumiSection 23922 at 27-Nov-2012 11:55:45.420 EET
Begin processing the 53001st record. Run 1, Event 90401331, LumiSection 24673 at 27-Nov-2012 11:55:48.772 EET
Begin processing the 54001st record. Run 1, Event 106344473, LumiSection 29025 at 27-Nov-2012 11:55:55.239 EET
Begin processing the 55001st record. Run 1, Event 109680065, LumiSection 29935 at 27-Nov-2012 11:56:00.416 EET
Begin processing the 56001st record. Run 1, Event 116360801, LumiSection 31758 at 27-Nov-2012 11:56:03.594 EET
Begin processing the 57001st record. Run 1, Event 117714127, LumiSection 32128 at 27-Nov-2012 11:56:07.616 EET
27-Nov-2012 11:56:07 EET  Closed file file:/hdfs/cms/store/user/mario/QCD_Pt_250_350_EMEnriched_TuneZ2star_8TeV_pythia6/Summer12-stop-pfele-step1/3d176ac8da5e9dff208d057f4733ca91/tuple_280_6_h2g.root
27-Nov-2012 11:56:07 EET  Initiating request to open file file:/hdfs/cms/store/user/mario/QCD_Pt_250_350_EMEnriched_TuneZ2star_8TeV_pythia6/Summer12-stop-pfele-step1/3d176ac8da5e9dff208d057f4733ca91/tuple_281_8_1cC.root
27-Nov-2012 11:56:07 EET  Successfully opened file file:/hdfs/cms/store/user/mario/QCD_Pt_250_350_EMEnriched_TuneZ2star_8TeV_pythia6/Summer12-stop-pfele-step1/3d176ac8da5e9dff208d057f4733ca91/tuple_281_8_1cC.root
Begin processing the 58001st record. Run 1, Event 119694997, LumiSection 32668 at 27-Nov-2012 11:56:32.197 EET
Begin processing the 59001st record. Run 1, Event 123636095, LumiSection 33744 at 27-Nov-2012 11:56:39.447 EET
Begin processing the 60001st record. Run 1, Event 129115231, LumiSection 35239 at 27-Nov-2012 11:56:43.407 EET
Begin processing the 61001st record. Run 1, Event 155590923, LumiSection 42465 at 27-Nov-2012 11:56:49.349 EET
Begin processing the 62001st record. Run 1, Event 194646304, LumiSection 53124 at 27-Nov-2012 11:56:52.719 EET
Begin processing the 63001st record. Run 1, Event 215118593, LumiSection 58712 at 27-Nov-2012 11:56:58.055 EET
Begin processing the 64001st record. Run 1, Event 262283831, LumiSection 71585 at 27-Nov-2012 11:57:01.386 EET
Begin processing the 65001st record. Run 1, Event 250162309, LumiSection 68276 at 27-Nov-2012 11:57:06.354 EET
Begin processing the 66001st record. Run 1, Event 259090172, LumiSection 70713 at 27-Nov-2012 11:57:09.367 EET
Begin processing the 67001st record. Run 1, Event 264639909, LumiSection 72228 at 27-Nov-2012 11:57:14.851 EET
Begin processing the 68001st record. Run 1, Event 126386912, LumiSection 34495 at 27-Nov-2012 11:57:18.061 EET
Begin processing the 69001st record. Run 1, Event 78288094, LumiSection 21367 at 27-Nov-2012 11:57:21.911 EET
Begin processing the 70001st record. Run 1, Event 88013311, LumiSection 24022 at 27-Nov-2012 11:57:24.926 EET
Begin processing the 71001st record. Run 1, Event 106689708, LumiSection 29119 at 27-Nov-2012 11:57:30.691 EET
Begin processing the 72001st record. Run 1, Event 109864090, LumiSection 29985 at 27-Nov-2012 11:57:34.239 EET
Begin processing the 73001st record. Run 1, Event 115500865, LumiSection 31524 at 27-Nov-2012 11:57:41.462 EET
Begin processing the 74001st record. Run 1, Event 122551012, LumiSection 33448 at 27-Nov-2012 11:57:44.837 EET
Begin processing the 75001st record. Run 1, Event 146134442, LumiSection 39884 at 27-Nov-2012 11:57:49.896 EET
Begin processing the 76001st record. Run 1, Event 164797040, LumiSection 44978 at 27-Nov-2012 11:57:53.383 EET
Begin processing the 77001st record. Run 1, Event 181712842, LumiSection 49595 at 27-Nov-2012 11:57:58.077 EET
Begin processing the 78001st record. Run 1, Event 198495970, LumiSection 54175 at 27-Nov-2012 11:58:03.085 EET
Begin processing the 79001st record. Run 1, Event 207017729, LumiSection 56501 at 27-Nov-2012 11:58:06.702 EET
Begin processing the 80001st record. Run 1, Event 210327814, LumiSection 57404 at 27-Nov-2012 11:58:16.929 EET
Begin processing the 81001st record. Run 1, Event 227388386, LumiSection 62061 at 27-Nov-2012 11:58:20.286 EET
Begin processing the 82001st record. Run 1, Event 22532824, LumiSection 6150 at 27-Nov-2012 11:58:24.888 EET
27-Nov-2012 11:58:27 EET  Closed file file:/hdfs/cms/store/user/mario/QCD_Pt_250_350_EMEnriched_TuneZ2star_8TeV_pythia6/Summer12-stop-pfele-step1/3d176ac8da5e9dff208d057f4733ca91/tuple_281_8_1cC.root
27-Nov-2012 11:58:27 EET  Initiating request to open file file:/hdfs/cms/store/user/mario/QCD_Pt_250_350_EMEnriched_TuneZ2star_8TeV_pythia6/Summer12-stop-pfele-step1/3d176ac8da5e9dff208d057f4733ca91/tuple_216_7_2Ru.root
27-Nov-2012 11:58:27 EET  Successfully opened file file:/hdfs/cms/store/user/mario/QCD_Pt_250_350_EMEnriched_TuneZ2star_8TeV_pythia6/Summer12-stop-pfele-step1/3d176ac8da5e9dff208d057f4733ca91/tuple_216_7_2Ru.root
Begin processing the 83001st record. Run 1, Event 234078407, LumiSection 63887 at 27-Nov-2012 11:58:42.671 EET
Begin processing the 84001st record. Run 1, Event 235934168, LumiSection 64393 at 27-Nov-2012 11:58:46.210 EET
Begin processing the 85001st record. Run 1, Event 15655941, LumiSection 4273 at 27-Nov-2012 11:58:52.775 EET
Begin processing the 86001st record. Run 1, Event 81876507, LumiSection 22347 at 27-Nov-2012 11:58:56.345 EET
Begin processing the 87001st record. Run 1, Event 239709577, LumiSection 65423 at 27-Nov-2012 11:59:01.095 EET
Begin processing the 88001st record. Run 1, Event 161513734, LumiSection 44082 at 27-Nov-2012 11:59:04.584 EET
Begin processing the 89001st record. Run 1, Event 174745323, LumiSection 47693 at 27-Nov-2012 11:59:09.741 EET
Begin processing the 90001st record. Run 1, Event 203279050, LumiSection 55481 at 27-Nov-2012 11:59:13.050 EET
Begin processing the 91001st record. Run 1, Event 213137342, LumiSection 58171 at 27-Nov-2012 11:59:17.803 EET
Begin processing the 92001st record. Run 1, Event 48813728, LumiSection 13323 at 27-Nov-2012 11:59:20.549 EET
Begin processing the 93001st record. Run 1, Event 67772510, LumiSection 18497 at 27-Nov-2012 11:59:26.181 EET
Begin processing the 94001st record. Run 1, Event 71482313, LumiSection 19510 at 27-Nov-2012 11:59:31.349 EET
Begin processing the 95001st record. Run 1, Event 222220766, LumiSection 60650 at 27-Nov-2012 11:59:34.021 EET
Begin processing the 96001st record. Run 1, Event 239255538, LumiSection 65300 at 27-Nov-2012 11:59:39.116 EET
Begin processing the 97001st record. Run 1, Event 249732642, LumiSection 68159 at 27-Nov-2012 11:59:42.276 EET
Begin processing the 98001st record. Run 1, Event 9292265, LumiSection 2537 at 27-Nov-2012 11:59:46.452 EET
Begin processing the 99001st record. Run 1, Event 20615748, LumiSection 5627 at 27-Nov-2012 11:59:50.008 EET
Begin processing the 100001st record. Run 1, Event 52592654, LumiSection 14354 at 27-Nov-2012 11:59:54.687 EET
Begin processing the 101001st record. Run 1, Event 75016523, LumiSection 20474 at 27-Nov-2012 11:59:58.217 EET
Begin processing the 102001st record. Run 1, Event 22319465, LumiSection 6092 at 27-Nov-2012 12:00:02.408 EET
Begin processing the 103001st record. Run 1, Event 29373598, LumiSection 8017 at 27-Nov-2012 12:00:07.298 EET
Begin processing the 104001st record. Run 1, Event 35706792, LumiSection 9746 at 27-Nov-2012 12:00:10.279 EET
Begin processing the 105001st record. Run 1, Event 261414352, LumiSection 71347 at 27-Nov-2012 12:00:14.945 EET
Begin processing the 106001st record. Run 1, Event 263146427, LumiSection 71820 at 27-Nov-2012 12:00:18.064 EET
Begin processing the 107001st record. Run 1, Event 218880324, LumiSection 59739 at 27-Nov-2012 12:00:22.429 EET
Begin processing the 108001st record. Run 1, Event 221424026, LumiSection 60433 at 27-Nov-2012 12:00:25.871 EET
27-Nov-2012 12:00:29 EET  Closed file file:/hdfs/cms/store/user/mario/QCD_Pt_250_350_EMEnriched_TuneZ2star_8TeV_pythia6/Summer12-stop-pfele-step1/3d176ac8da5e9dff208d057f4733ca91/tuple_216_7_2Ru.root
27-Nov-2012 12:00:29 EET  Initiating request to open file file:/hdfs/cms/store/user/mario/QCD_Pt_250_350_EMEnriched_TuneZ2star_8TeV_pythia6/Summer12-stop-pfele-step1/3d176ac8da5e9dff208d057f4733ca91/tuple_151_7_Pa4.root
27-Nov-2012 12:00:29 EET  Successfully opened file file:/hdfs/cms/store/user/mario/QCD_Pt_250_350_EMEnriched_TuneZ2star_8TeV_pythia6/Summer12-stop-pfele-step1/3d176ac8da5e9dff208d057f4733ca91/tuple_151_7_Pa4.root
Begin processing the 109001st record. Run 1, Event 259031628, LumiSection 70697 at 27-Nov-2012 12:00:44.604 EET
Begin processing the 110001st record. Run 1, Event 14108933, LumiSection 3851 at 27-Nov-2012 12:00:48.004 EET
Begin processing the 111001st record. Run 1, Event 69243467, LumiSection 18899 at 27-Nov-2012 12:00:52.419 EET
Begin processing the 112001st record. Run 1, Event 110614165, LumiSection 30190 at 27-Nov-2012 12:00:55.830 EET
27-Nov-2012 12:00:56 EET  Closed file file:/hdfs/cms/store/user/mario/QCD_Pt_250_350_EMEnriched_TuneZ2star_8TeV_pythia6/Summer12-stop-pfele-step1/3d176ac8da5e9dff208d057f4733ca91/tuple_151_7_Pa4.root

=============================================

MessageLogger Summary

 type     category        sev    module        subroutine        count    total
 ---- -------------------- -- ---------------- ----------------  -----    -----
    1 fileAction           -s file_close                             6        6
    2 fileAction           -s file_open                             12       12

 type    category    Examples: run/evt        run/evt          run/evt
 ---- -------------------- ---------------- ---------------- ----------------
    1 fileAction           PostProcessEvent PostProcessEvent PostEndRun
    2 fileAction           pre-events       pre-events       PostProcessEvent

Severity    # Occurrences   Total Occurrences
--------    -------------   -----------------
System                 18                  18
>>> END OF printout of 149 lines from stdout+stderr
>>> Parse FrameworkJobReport crab_fjr.xml
Result of parsing the FrameworkJobReport crab_fjr.xml: Popularity start
lumisRange : 1::207,783,807-808,1008,1015-1016,1098,1184,1186,1188,2708,2725,3073,3894,3942,4166,4552,5259,5270,5795,6236,6802,7476,8961,9585,9808,10145,11259,13069,14822,14934,15582,15598,15649,16078,16257,16450-16451,16642,17532,17552,19412,19463,19553,19570,19572,19589,19604,19608,21535,21717,21741,21754,21765,23136,23142,23145,23312,23384,23629-23630,23730,23849,23876,23921,25139,25329,25708,25727,26634,27094,27331,27402,28198,28204,28340,28521,28700,28938,28981,29011,29146,29668,29718,29753,29756,29799,29850,30009,30251,30623,30642,30671,31067,31083,31122,31347,31834,31841,32071,32073,32774,32780,32784,32835,33210,33349,33368,33648,33898,33932,33980,34028,34415,34968,35072,35291,38941,41377,41669,42512,44370,44823,44844,46371,46762,46831,48093,48269,49020,50650,51007,56550,59725,60947,61638,61880,62094,62114,62136,62380,62528,62985,63063,63457,63800,63804,64700,64883,65205,65835,67396,67722,67791,67900,67910,68124,68955,68959,68994,69151,69354,69517,69528,69550::1;1::4364,5515,5534,5553,6150,13615,13647,16258,20621,20623,21359,21367,21399,21555,21603,21606,21633,21766,21828,22076,24022,24172,24230,24741,28998,29119,29356,29466,29550,29815,29888,29985,30071,30088,30154,30162,31426,31501,31521,31524,31743,31982,32041,32128,32175,32273,32278,32361,32368,32483,32668,32922,32953-32954,33011,33018,33316,33390,33448,33466,33617,33622,33744,33756,33764,33942,33951,34012,34209,34495,34511-34512,35239,35486,38269,38312,38605,39037,39368,39879,39884,40055,40076,41585,42157,42159,42465,44974,44978,45106,45595,46492,46516,46580,47060,48485,49463,49595,51215,51501,51602,51620,52030,52950,53124,53725,53797,53968,53982,54161,54175,54909,55241,55689,55911,55934,55938,56501,56693,56698,56750,57050,57085,57221,57223,57310,57395,57404,57417,58409,58712-58713,58813,59237,60067,61028,61469,62061,62667,63703,63706,64742,64759,65078,65412,66010,66310,66577,66581,66851,67992,68276,68372,69355,69606,69864,69867,69870,70713,70804,71088,71401,71476,71548,71585,72203,72228,72279,72308::2;1::3851,4338,4731,4834,9307,18241,18899,18972,23980,24148,24472,24530,30190,31839,32809,34326,69535,70697,71854,72191,72226,72277,72659::3;1::746,2515,2537,2546,2825,2875,3527,4241,4273,4285,4633,5143,5381,5428,5435,5442,5516,5607,5627,5631,6076,6092,6094,6119,6122,6126,6272,6669,6896,7309,7652,8017-8018,8039,8221,8235,8242,8443,8901,9403,9746,10224,10503,10723,10778,10964,11872,11947,11969,12156,12469,12588,12604,13323,14290,14354,14640,14669,15576-15577,17544,17978,17981,18015,18497,18520,18522,19336,19493,19510-19511,19669,20171,20358,20474,22347,24436,25750,25799,39110,39738,43746,44060,44082,44171,45036,45978,47328,47445,47447,47693,50272,50306,51543,52293,55234,55481,55487,55879-55880,56080,57540,58170-58171,59192,59739,60025,60107,60120,60226,60377,60386,60433,60609,60611,60623-60624,60650,60911,61003,61112,61872,62658,63887,63913,64300,64303,64342,64354,64375,64388,64390,64393,64405,64407-64408,64693,65300-65301,65423,65767,66609,67347,67685,68080,68140,68159-68160,68288,68313,71001,71186,71347,71386,71567,71623,71764,71818,71820,71916,72273,72497,72548,72575,72638,72660,72801-72802,72867::4;1::4017,4019,4775,5412,5525,5646,6291,46638,51017,57906,58072,58627,58834,59504,59550-59551,59579,59585,60051,61171,61475,62078,62101,62576,62854,62920,63164,63615,63689,64007,65711::5;1::897,1336,1873,1965,2548,2550,2841,2882,3074,4288,4368,5802,5829,6016,6029,7475,7666,7695,7894,7927,11973,12142,13171,13238,13564,13589,13773,14280,14820-14821,15165,15191,15519,16053,16135,16162,16303,16353,16537,16616,16621,16781,17309,17352,18227,18348-18349,18444,18514,19380,19554,19561,19591,19594,19813,20135,20201,20434,21422,23510,23559,23566,23570,23572,23634,23662,23664,23684-23685,23731,23848,23874,23922,24054,24111,24285,24291,24348,24393,24447-24448,24456,24587,24644,24673,24681,25281,25550,25724,26008,27053,27383,27417,28338,28343,28567,29025,29221,29414,29520,29567,29856,29935,29941,31646,31683,31685,31758,31825,31833,31907,31957,31960,31966,32062,32128,32901,32989,33064,33411,34351,36127,37784,37896,46927,46947,47644,47880,51209,51227,51245,51469,51472,51475,51606,51706,51899,51907,53859,54282,56189,56217,56396,56401,56465,56845,56988,56997,57005,57459,61768,61936,62206,62259,63027,63033,63218,63293,64647,66237,66240,68256,68643,69482,69964,70593,71176,71543::6;
lumisParentRange : 
Basename : /store/user/mario/QCD_Pt_250_350_EMEnriched_TuneZ2star_8TeV_pythia6/Summer12-stop-pfele-step1/3d176ac8da5e9dff208d057f4733ca91/tuple_
BasenameParent : 
parentFiles : 
inputBlocks : /QCD_Pt_250_350_EMEnriched_TuneZ2star_8TeV_pythia6/mario-Summer12-stop-pfele-step1-3d176ac8da5e9dff208d057f4733ca91/USER#89723d11-1f9b-42cd-94f4-feb0ac97b54e
inputFiles : 260_10_aKF.root::1::EDM::Local::1;281_8_1cC.root::1::EDM::Local::2;151_7_Pa4.root::1::EDM::Local::3;216_7_2Ru.root::1::EDM::Local::4;257_8_y4K.root::1::EDM::Local::5;280_6_h2g.root::1::EDM::Local::6;
Popularity stop
Extracted ExitStatus from FrameworkJobReport parsing output: 0
>>> Executable succeded  0
ExeExitCode=0
EXECUTABLE_EXIT_STATUS = 0
>>> current directory /home/cms064/home_creur_361655988/CREAM361655988/glide_t17037/execute/dir_18194/CMSSW_5_3_5
>>>  (SOFTWARE_DIR): /home/cms064/home_creur_361655988/CREAM361655988/glide_t17037/execute/dir_18194/CMSSW_5_3_5
>>> (WORKING_DIR): 
>>> current directory content:
total 160
drwxr-xr-x 3 cms064 cms  4096 Nov 27 11:50 .SCRAM
-rw-r--r-- 1 cms064 cms 30066 Nov 27 11:50 CMSSW.py.pkl
drwxr-xr-x 3 cms064 cms  4096 Nov 27 11:50 bin
drwxr-xr-x 3 cms064 cms  4096 Nov 27 11:50 cfipython
drwxr-xr-x 5 cms064 cms  4096 Nov 27 11:50 config
-rw-r--r-- 1 cms064 cms    17 Nov 27 12:00 cpu_timing.txt
drwxr-xr-x 2 cms064 cms  4096 Nov 27 11:50 doc
-rw-r--r-- 1 cms064 cms 17107 Nov 27 12:00 executable.out
drwxr-xr-x 2 cms064 cms  4096 Nov 27 11:50 include
drwxrwxrwx 3 cms064 cms  4096 Oct 22 16:38 lib
drwxr-xr-x 3 cms064 cms  4096 Nov 27 11:50 logs
drwxr-xr-x 3 cms064 cms  4096 Nov 27 11:50 objs
-rw-r--r-- 1 cms064 cms 18228 Nov 27 12:00 optHistograms.root
-rw-r--r-- 1 cms064 cms   104 Nov 27 11:50 pset.py
-rw-r--r-- 1 cms064 cms 19650 Nov 27 11:50 pset.py.pkl
-rw-r--r-- 1 cms064 cms   289 Nov 27 11:50 pset.pyc
drwxr-xr-x 2 cms064 cms  4096 Nov 27 11:50 python
-rw-r--r-- 1 cms064 cms   417 Nov 27 12:01 report.log
drwxrwxrwx 4 cms064 cms  4096 Nov 27 11:50 src
drwxr-xr-x 3 cms064 cms  4096 Nov 27 11:50 test
drwxr-xr-x 3 cms064 cms  4096 Nov 27 11:50 tmp
>>> current directory /home/cms064/home_creur_361655988/CREAM361655988/glide_t17037/execute/dir_18194/CMSSW_5_3_5
>>> (SOFTWARE_DIR): /home/cms064/home_creur_361655988/CREAM361655988/glide_t17037/execute/dir_18194/CMSSW_5_3_5
>>> (WORKING_DIR): 
>>> current directory content:
total 140
drwxr-xr-x 3 cms064 cms  4096 Nov 27 11:50 .SCRAM
-rw-r--r-- 1 cms064 cms 30066 Nov 27 11:50 CMSSW.py.pkl
drwxr-xr-x 3 cms064 cms  4096 Nov 27 11:50 bin
drwxr-xr-x 3 cms064 cms  4096 Nov 27 11:50 cfipython
drwxr-xr-x 5 cms064 cms  4096 Nov 27 11:50 config
-rw-r--r-- 1 cms064 cms    17 Nov 27 12:00 cpu_timing.txt
drwxr-xr-x 2 cms064 cms  4096 Nov 27 11:50 doc
-rw-r--r-- 1 cms064 cms 17107 Nov 27 12:00 executable.out
drwxr-xr-x 2 cms064 cms  4096 Nov 27 11:50 include
drwxrwxrwx 3 cms064 cms  4096 Oct 22 16:38 lib
drwxr-xr-x 3 cms064 cms  4096 Nov 27 11:50 logs
drwxr-xr-x 3 cms064 cms  4096 Nov 27 11:50 objs
-rw-r--r-- 1 cms064 cms   104 Nov 27 11:50 pset.py
-rw-r--r-- 1 cms064 cms 19650 Nov 27 11:50 pset.py.pkl
-rw-r--r-- 1 cms064 cms   289 Nov 27 11:50 pset.pyc
drwxr-xr-x 2 cms064 cms  4096 Nov 27 11:50 python
-rw-r--r-- 1 cms064 cms   417 Nov 27 12:01 report.log
drwxrwxrwx 4 cms064 cms  4096 Nov 27 11:50 src
drwxr-xr-x 3 cms064 cms  4096 Nov 27 11:50 test
drwxr-xr-x 3 cms064 cms  4096 Nov 27 11:50 tmp
>>> current directory (RUNTIME_AREA):  /home/cms064/home_creur_361655988/CREAM361655988/glide_t17037/execute/dir_18194
>>> current dir: /home/cms064/home_creur_361655988/CREAM361655988/glide_t17037/execute/dir_18194
>>> current dir content:
total 25808
-rw-rw-rw-  1 cms064 cms     5575 Nov 27 11:46 .job.ad
-rw-rw-rw-  1 cms064 cms    11339 Nov 27 11:46 .machine.ad
-rw-rw-rw-  1 cms064 cms      105 Nov 27 01:27 CMSSW.py
-rw-rw-rw-  1 cms064 cms    30066 Nov 27 01:27 CMSSW.py.pkl
-rwxrw-rw-  1 cms064 cms    23341 Nov 27 11:50 CMSSW.sh
-rw-rw-rw-  1 cms064 cms        0 Nov 27 11:50 CMSSW_54.stderr
-rw-rw-rw-  1 cms064 cms    33621 Nov 27 12:01 CMSSW_54.stdout
drwxr-xr-x 15 cms064 cms     4096 Nov 27 12:01 CMSSW_5_3_5
-rw-r--r--  1 cms064 cms      347 Nov 27 11:50 CacheEnv.sh
-rw-rw-rw-  1 cms064 cms     7291 Jun  9  2010 DashboardAPI.py
-rw-r--r--  1 cms064 cms     6883 Nov 27 11:50 DashboardAPI.pyc
drwxrwxrwx  3 cms064 cms     4096 Nov 27 12:01 IMProv
-rw-rw-rw-  1 cms064 cms     2748 Mar  8  2006 Logger.py
-rw-r--r--  1 cms064 cms     3353 Nov 27 11:50 Logger.pyc
-rw-rw-rw-  1 cms064 cms    24524 Mar 28  2008 ProcInfo.py
-rw-r--r--  1 cms064 cms    23470 Nov 27 11:50 ProcInfo.pyc
drwxrwxrwx  7 cms064 cms     4096 Nov 27 11:50 ProdCommon
drwxrwxrwx  3 cms064 cms     4096 Nov 27 11:50 WMCore
-rw-r--r--  1 cms064 cms     2902 Nov 27 11:59 Watchdog_54.log
-rw-rw-rw-  1 cms064 cms    32895 Mar 28  2008 apmon.py
-rw-r--r--  1 cms064 cms    28874 Nov 27 11:50 apmon.pyc
-rw-rw-rw-  1 cms064 cms   105070 Nov 27 11:50 arguments.xml
-rwxrwxrwx  1 cms064 cms    37427 Sep 13 14:14 cmscp.py
-rwxrwxrwx  1 cms064 cms    23341 Nov 27 11:50 condor_exec.exe
-rw-rw-rw-  1 cms064 cms      546 Nov 27 01:27 crab.cfg
-rwxrwxrwx  1 cms064 cms     9531 Sep 20 21:46 crabWatchdog.sh
-rw-r--r--  1 cms064 cms    53356 Nov 27 12:00 crab_fjr_54.xml
-rw-rw-rw-  1 cms064 cms 25796300 Nov 27 11:50 default.tgz
-rwxrwxrwx  1 cms064 cms     4488 May 12  2012 fillCrabFjr.py
-rw-r--r--  1 cms064 cms     1095 Nov 27 11:50 inputsReport.txt
-rw-r--r--  1 cms064 cms      131 Nov 27 12:01 jobreport.txt
lrwxrwxrwx  1 cms064 cms      107 Nov 27 12:01 optHistograms.root -> /home/cms064/home_creur_361655988/CREAM361655988/glide_t17037/execute/dir_18194/optHistograms_54_2_AwD.root
-rw-r--r--  1 cms064 cms    18228 Nov 27 12:00 optHistograms_54_2_AwD.root
-rw-rw-rw-  1 cms064 cms    17352 Jan 20  2012 parseCrabFjr.py
-rw-r--r--  1 cms064 cms      283 Nov 27 11:50 report.log
-rwxrwxrwx  1 cms064 cms     1497 May 27  2009 report.py
-rwxrwxrwx  1 cms064 cms     8387 Mar 23  2011 writeCfg.py
-rw-------  1 cms064 cms     8687 Nov 27 11:50 x509up_u1000009
Checking output files:  
will tar file optHistograms_54_2_AwD.root in  out_files_54
will tar file crab_fjr_54.xml in  out_files_54
will tar file CMSSW_54.stdout in  out_files_54
will tar file CMSSW_54.stderr in  out_files_54
WARNING: output file Watchdog_54.log.gz not found!
>>> padding time: Wrapper lasting more than 600 seconds. No sleep required.
STOPPING WATCHDOG. CrabWatchdog PID is 28176
********** LAST 50 LINES OF WATCHDOG LOG
# RESOURCE USAGE SUMMARY FOR PROCESS ID 26277
USER       PID %CPU %MEM    VSZ   RSS TTY      STAT START   TIME COMMAND
cms064   26277  0.2  0.0   8956  1488 ?        S    11:50   0:00 /bin/sh /home/cms064/home_creur_361655988/CREAM361655988/glide_t17037/execute/dir_18194/condor_exec.exe 54 2
 
# LIMITS USED BY THIS WATCHDOG:
# RSS  (KBytes)  : 2300000
# VSZ  (KBytes)  : 100000000
# DISK (MBytes)  : 19000
# CPU  (seconds) : 171600
# WALL (seconds) : 171600
 
# FOLLOWING PRINTOUT TRACKS MAXIMUM VALUES OF RESOURCES USE
# ONE LINE IS PRINTED EACH TIME A MAXIMUM CHANGES
# IF CHANGE WAS IN RSS OR VSZ ALSO PROCID AND COMMAND ARE PRINTED
# THERE IS NO PRINTOUT FOR CPU/WALL TIME INCREASE
 
# TIME			PID	RSS(KB)	VSZ(KB)	Dsk(MB)	tCPU(s)	tWALL(s)	COMMAND
 Nov 27 11:50:49 EET	16407	1320	8896	0	0	1076	-bash         
 Nov 27 11:50:49 EET	16436	1488	8952	0	0	1077	/bin/sh -l ./CREAM361655988_jobWrapper.sh       
 Nov 27 11:50:49 EET	16904	2676	25504	0	0	1076	perl -e ?use Socket;??sub send_notify {? $cream_url = "193.40.150.134:49152";die "No
 Nov 27 11:50:49 EET	18175	3280	25504	0	0	280	condor_procd -A /home/cms064/home_creur_361655988/CREAM361655988/glide_t17037/log/procd_address.STARTD -L /home/cms064/home_creur_361655988/CREAM361655988/glide_t17037/log/ProcLog.STARTD -R 10000000 -S 60 -C
 Nov 27 11:50:49 EET	18194	5424	25504	0	0	280	condor_starter -f submit-2.t2.ucsd.edu       
 Nov 27 11:50:49 EET	21802	5784	25504	0	0	1068	/home/cms064/home_creur_361655988/CREAM361655988/glide_t17037/main/condor/sbin/condor_master -f -pidfile /home/cms064/home_creur_361655988/CREAM361655988/glide_t17037/condor_master2.pid      
 Nov 27 11:50:49 EET	---	5784	25504	168	----	----	----
 Nov 27 11:51:53 EET	29391	359940	563048	168	20	59	cmsRun -j /home/cms064/home_creur_361655988/CREAM361655988/glide_t17037/execute/dir_18194/crab_fjr_54.xml -p pset.py     
 Nov 27 11:52:57 EET	29391	365416	565352	168	64	122	cmsRun -j /home/cms064/home_creur_361655988/CREAM361655988/glide_t17037/execute/dir_18194/crab_fjr_54.xml -p pset.py     
 Nov 27 11:54:00 EET	29391	365600	565352	168	115	186	cmsRun -j /home/cms064/home_creur_361655988/CREAM361655988/glide_t17037/execute/dir_18194/crab_fjr_54.xml -p pset.py     
 Nov 27 11:55:04 EET	29391	365796	565608	168	155	248	cmsRun -j /home/cms064/home_creur_361655988/CREAM361655988/glide_t17037/execute/dir_18194/crab_fjr_54.xml -p pset.py     
 Nov 27 11:57:09 EET	29391	366712	565864	168	237	374	cmsRun -j /home/cms064/home_creur_361655988/CREAM361655988/glide_t17037/execute/dir_18194/crab_fjr_54.xml -p pset.py     
 Nov 27 11:58:12 EET	29391	367084	565864	168	280	436	cmsRun -j /home/cms064/home_creur_361655988/CREAM361655988/glide_t17037/execute/dir_18194/crab_fjr_54.xml -p pset.py     
 Nov 27 11:59:14 EET	29391	367084	566120	168	319	499	cmsRun -j /home/cms064/home_creur_361655988/CREAM361655988/glide_t17037/execute/dir_18194/crab_fjr_54.xml -p pset.py     
********** WATCHDOG LOG ENDED
ZIPPING WATCHDOG LOG
Disk space used:
du -sh /home/cms064/home_creur_361655988/CREAM361655988/glide_t17037/execute/dir_18194
169M	/home/cms064/home_creur_361655988/CREAM361655988/glide_t17037/execute/dir_18194
>>> info for dashboard:
***** Cat /home/cms064/home_creur_361655988/CREAM361655988/glide_t17037/execute/dir_18194/jobreport.txt *****
MonitorJobID=54_https://submit-2.t2.ucsd.edu//121127//17634.7
MonitorID=liis_crab_0_121127_012714_evt312
ExeTime=600
ExeExitCode=0
CrabUserCpuTime=379.42
CrabSysCpuTime=10.22
CrabCpuPercentage=64%
CrabWrapperTime=636
CrabStageoutTime=NULL
***** End Cat jobreport *****
Parameters sent to Dashboard.
optHistograms_54_2_AwD.root
crab_fjr_54.xml
CMSSW_54.stdout
CMSSW_54.stderr
Watchdog_54.log.gz
tar: .BrokerInfo: Cannot stat: No such file or directory
tar: Error exit delayed from previous errors
Total Output dimension: 31064
WARNING: output files size limit is set to: 50000000
Total Output dimension 31064 is fine.
JOB_EXIT_STATUS = 0
>>> info for dashboard:
***** Cat /home/cms064/home_creur_361655988/CREAM361655988/glide_t17037/execute/dir_18194/jobreport.txt *****
MonitorJobID=54_https://submit-2.t2.ucsd.edu//121127//17634.7
MonitorID=liis_crab_0_121127_012714_evt312
JobExitCode=0
***** End Cat jobreport *****
Parameters sent to Dashboard.
optHistograms_54_2_AwD.root
crab_fjr_54.xml
