This script was generated by crab (version 2.8.3).
Running /home/cms097/home_crce1_015976306/CREAM015976306/glide_t21141/execute/dir_9335/condor_exec.exe with 2 positional parameters: 77 1
Today is Tue Nov 27 02:10:32 EET 2012
Job submitted on host wn-v-5312.local
Linux wn-v-5312.local 2.6.32-042stab059.7 #1 SMP Tue Jul 24 19:12:01 MSK 2012 x86_64 x86_64 x86_64 GNU/Linux
>>> current directory (RUNTIME_AREA): /home/cms097/home_crce1_015976306/CREAM015976306/glide_t21141/execute/dir_9335
>>> current user: uid=11097(cms097) gid=1400(cms) groups=1400(cms)
>>> voms proxy information:
subject   : /DC=ch/DC=cern/OU=Organic Units/OU=Users/CN=liis/CN=663550/CN=Liis Rebane/CN=proxy/CN=limited proxy
issuer    : /DC=ch/DC=cern/OU=Organic Units/OU=Users/CN=liis/CN=663550/CN=Liis Rebane/CN=proxy
identity  : /DC=ch/DC=cern/OU=Organic Units/OU=Users/CN=liis/CN=663550/CN=Liis Rebane/CN=proxy
type      : limited proxy
strength  : 512 bits
path      : /home/cms097/home_crce1_015976306/CREAM015976306/glide_t21141/execute/dir_9335/x509up_u1000009
timeleft  : 23:59:54
key usage : Digital Signature, Key Encipherment, Data Encipherment
=== VO cms extension information ===
VO        : cms
subject   : /DC=ch/DC=cern/OU=Organic Units/OU=Users/CN=liis/CN=663550/CN=Liis Rebane
issuer    : /DC=ch/DC=cern/OU=computers/CN=lcg-voms.cern.ch
attribute : /cms/Role=NULL/Capability=NULL
timeleft  : 191:15:05
uri       : lcg-voms.cern.ch:15002
>>> tar xzf /home/cms097/home_crce1_015976306/CREAM015976306/glide_t21141/execute/dir_9335/default.tgz :
Successful untar
>>> Include /home/cms097/home_crce1_015976306/CREAM015976306/glide_t21141/execute/dir_9335 in PYTHONPATH:
strip arguments
env var CRAB_UNIQUE_JOB_ID set to: liis_crab_0_121127_012714_evt312_77_1_Ct9
out_files_77
>>> list of expected files on output sandbox
output files: optHistograms_77_1_Ct9.root crab_fjr_77.xml CMSSW_77.stdout CMSSW_77.stderr Watchdog_77.log.gz
>>> GridFlavour discovery: 
GridFlavour=LCG
>>> SyncSite discovery: 
SyncSite=T2_EE_Estonia
>>> SyncCE discovery: 
getting SyncCE from CE_ID
SyncCE=cream1.hep.kbfi.ee:8443/cream-pbs-long
>>> info for dashboard:
***** Cat /home/cms097/home_crce1_015976306/CREAM015976306/glide_t21141/execute/dir_9335/jobreport.txt *****
MonitorJobID=77_https://submit-2.t2.ucsd.edu//121127//17529.76
SyncGridJobId=https://submit-2.t2.ucsd.edu//121127//17529.76
MonitorID=liis_crab_0_121127_012714_evt312
GridFlavour=LCG
SyncSite=T2_EE_Estonia
SyncCE=cream1.hep.kbfi.ee:8443/cream-pbs-long
***** End Cat jobreport *****
Parameters sent to Dashboard.
>>> setup environment
set SCRAM ARCH to slc5_amd64_gcc462
SCRAM_ARCH = slc5_amd64_gcc462
>>> setup CMS LCG environment:
set SCRAM ARCH and BUILD_ARCH to slc5_amd64_gcc462 ###
Sourcing environment... 
sourcing /cvmfs/cms.cern.ch/cmsset_default.sh
==> setup cms environment ok
>>> specific cmssw setup environment:
CMSSW_VERSION =  CMSSW_5_3_5
>>> current directory (SOFTWARE_DIR): /home/cms097/home_crce1_015976306/CREAM015976306/glide_t21141/execute/dir_9335/CMSSW_5_3_5
PreserveSeeds: <>
IncrementSeeds:<>
{}
WNHostName=wn-v-5312.local
>>> info for dashboard:
***** Cat /home/cms097/home_crce1_015976306/CREAM015976306/glide_t21141/execute/dir_9335/jobreport.txt *****
MonitorJobID=77_https://submit-2.t2.ucsd.edu//121127//17529.76
MonitorID=liis_crab_0_121127_012714_evt312
WNHostName=wn-v-5312.local
***** End Cat jobreport *****
Parameters sent to Dashboard.
crabWatchdog started as process 11678
>>> moving CMSSW software directories in /home/cms097/home_crce1_015976306/CREAM015976306/glide_t21141/execute/dir_9335/CMSSW_5_3_5
mv: cannot stat `/home/cms097/home_crce1_015976306/CREAM015976306/glide_t21141/execute/dir_9335/module/': No such file or directory
>>> Include /home/cms097/home_crce1_015976306/CREAM015976306/glide_t21141/execute/dir_9335 in PYTHONPATH:
PYTHONPATH=/home/cms097/home_crce1_015976306/CREAM015976306/glide_t21141/execute/dir_9335/:/home/cms097/home_crce1_015976306/CREAM015976306/glide_t21141/execute/dir_9335/CMSSW_5_3_5/python:/home/cms097/home_crce1_015976306/CREAM015976306/glide_t21141/execute/dir_9335/CMSSW_5_3_5/lib/slc5_amd64_gcc462:/cvmfs/cms.cern.ch/slc5_amd64_gcc462/cms/cmssw/CMSSW_5_3_5/python:/cvmfs/cms.cern.ch/slc5_amd64_gcc462/cms/cmssw/CMSSW_5_3_5/lib/slc5_amd64_gcc462:/cvmfs/cms.cern.ch/slc5_amd64_gcc462/cms/coral/CORAL_2_3_21-cms27/slc5_amd64_gcc462/python:/cvmfs/cms.cern.ch/slc5_amd64_gcc462/cms/coral/CORAL_2_3_21-cms27/slc5_amd64_gcc462/lib:/cvmfs/cms.cern.ch/slc5_amd64_gcc462/external/pyqt/4.8.1/lib/python2.6/site-packages:/cvmfs/cms.cern.ch/slc5_amd64_gcc462/external/py2-scipy/0.8.0/lib/python2.6/site-packages:/cvmfs/cms.cern.ch/slc5_amd64_gcc462/external/py2-matplotlib/1.0.1/lib/python2.6/site-packages:/cvmfs/cms.cern.ch/slc5_amd64_gcc462/external/python-ldap/2.3.5/lib/python2.6/site-packages:/cvmfs/cms.cern.ch/slc5_amd64_gcc462/external/sip/4.11.2/lib/python2.6/site-packages:/cvmfs/cms.cern.ch/slc5_amd64_gcc462/external/py2-pycurl/7.19.0/lib/python2.6/site-packages:/cvmfs/cms.cern.ch/slc5_amd64_gcc462/external/py2-numpy/1.6.1/lib/python2.6/site-packages:/cvmfs/cms.cern.ch/slc5_amd64_gcc462/external/py2-ipython/0.10/lib/python2.6/site-packages:/cvmfs/cms.cern.ch/slc5_amd64_gcc462/external/py2-cx-oracle/5.1-cms11/lib/python2.6/site-packages:/cvmfs/cms.cern.ch/slc5_amd64_gcc462/external/py2-cjson/1.0.5/lib/python2.6/site-packages:/cvmfs/cms.cern.ch/slc5_amd64_gcc462/cms/das-client/1.4.1-cms8/bin:/cvmfs/cms.cern.ch/slc5_amd64_gcc462/external/elementtree/1.2.6/share/lib/python2.6/site-packages:/cvmfs/cms.cern.ch/slc5_amd64_gcc462/external/rivet/1.5.1-cms10/lib/python2.6/site-packages:/cvmfs/cms.cern.ch/slc5_amd64_gcc462/external/pyminuit2/0.0.1-cms34/lib/python2.6/site-packages:/cvmfs/cms.cern.ch/slc5_amd64_gcc462/external/professor/1.0.0-cms35/lib/python2.6/site-packages:/cvmfs/cms.cern.ch/slc5_amd64_gcc462/lcg/root/5.32.00-cms18/lib:/cvmfs/cms.cern.ch/slc5_amd64_gcc462/cms/dbs-client/DBS_2_1_1_patch1_1/lib:/cvmfs/cms.cern.ch/slc5_amd64_gcc462/cms/dbs-client/DBS_2_1_1_patch1_1/lib/DBSAPI:/home/cms097/home_crce1_015976306/CREAM015976306/glide_t21141/execute/dir_9335/
241a2a19cb7c5c8751ba22759ab3bdb0
PSETHASH = 241a2a19cb7c5c8751ba22759ab3bdb0
/home/cms097/home_crce1_015976306/CREAM015976306/glide_t21141/execute/dir_9335/writeCfg.py pset.py pset.py
Importing .py file
Setting parameters
inputBlocks=/QCD_Pt_250_350_EMEnriched_TuneZ2star_8TeV_pythia6/mario-Summer12-stop-pfele-step1-3d176ac8da5e9dff208d057f4733ca91/USER#89723d11-1f9b-42cd-94f4-feb0ac97b54e
inputFiles=/store/user/mario/QCD_Pt_250_350_EMEnriched_TuneZ2star_8TeV_pythia6/Summer12-stop-pfele-step1/3d176ac8da5e9dff208d057f4733ca91/tuple_410_11_BbY.root;/store/user/mario/QCD_Pt_250_350_EMEnriched_TuneZ2star_8TeV_pythia6/Summer12-stop-pfele-step1/3d176ac8da5e9dff208d057f4733ca91/tuple_411_9_Zdq.root;/store/user/mario/QCD_Pt_250_350_EMEnriched_TuneZ2star_8TeV_pythia6/Summer12-stop-pfele-step1/3d176ac8da5e9dff208d057f4733ca91/tuple_413_10_t7B.root;/store/user/mario/QCD_Pt_250_350_EMEnriched_TuneZ2star_8TeV_pythia6/Summer12-stop-pfele-step1/3d176ac8da5e9dff208d057f4733ca91/tuple_414_8_gqc.root;/store/user/mario/QCD_Pt_250_350_EMEnriched_TuneZ2star_8TeV_pythia6/Summer12-stop-pfele-step1/3d176ac8da5e9dff208d057f4733ca91/tuple_415_7_MBn.root
parentFiles=
lumisRange=
>>> Executable cmsRun
/cvmfs/cms.cern.ch/slc5_amd64_gcc462/cms/cmssw/CMSSW_5_3_5/bin/slc5_amd64_gcc462/cmsRun
ok executable found
>>> info for dashboard:
***** Cat /home/cms097/home_crce1_015976306/CREAM015976306/glide_t21141/execute/dir_9335/jobreport.txt *****
MonitorJobID=77_https://submit-2.t2.ucsd.edu//121127//17529.76
MonitorID=liis_crab_0_121127_012714_evt312
ExeStart=cmsRun
***** End Cat jobreport *****
Parameters sent to Dashboard.
>>> cmsRun started at Tue Nov 27 00:11:08 UTC 2012
>>> cmsRun ended at Tue Nov 27 00:24:27 UTC 2012
>>> info for dashboard:
***** Cat /home/cms097/home_crce1_015976306/CREAM015976306/glide_t21141/execute/dir_9335/jobreport.txt *****
MonitorJobID=77_https://submit-2.t2.ucsd.edu//121127//17529.76
MonitorID=liis_crab_0_121127_012714_evt312
ExeEnd=cmsRun
***** End Cat jobreport *****
Parameters sent to Dashboard.
TIME_EXE = 799 sec
>>> cmsRun wrote 152 lines of stdout+stderr
>>> START OF printout of 152 lines from stdout+stderr
27-Nov-2012 02:11:23 EET  Initiating request to open file file:/hdfs/cms/store/user/mario/QCD_Pt_250_350_EMEnriched_TuneZ2star_8TeV_pythia6/Summer12-stop-pfele-step1/3d176ac8da5e9dff208d057f4733ca91/tuple_410_11_BbY.root
27-Nov-2012 02:11:32 EET  Successfully opened file file:/hdfs/cms/store/user/mario/QCD_Pt_250_350_EMEnriched_TuneZ2star_8TeV_pythia6/Summer12-stop-pfele-step1/3d176ac8da5e9dff208d057f4733ca91/tuple_410_11_BbY.root
Begin processing the 1st record. Run 1, Event 47358796, LumiSection 12926 at 27-Nov-2012 02:12:00.851 EET
Begin processing the 1001st record. Run 1, Event 47741612, LumiSection 13030 at 27-Nov-2012 02:12:11.127 EET
Begin processing the 2001st record. Run 1, Event 48077926, LumiSection 13122 at 27-Nov-2012 02:12:17.890 EET
Begin processing the 3001st record. Run 1, Event 52901830, LumiSection 14439 at 27-Nov-2012 02:12:24.646 EET
Begin processing the 4001st record. Run 1, Event 55218770, LumiSection 15071 at 27-Nov-2012 02:12:32.312 EET
Begin processing the 5001st record. Run 1, Event 61964364, LumiSection 16912 at 27-Nov-2012 02:12:35.913 EET
Begin processing the 6001st record. Run 1, Event 63258404, LumiSection 17265 at 27-Nov-2012 02:12:40.899 EET
Begin processing the 7001st record. Run 1, Event 138708904, LumiSection 37858 at 27-Nov-2012 02:12:45.702 EET
Begin processing the 8001st record. Run 1, Event 193835805, LumiSection 52903 at 27-Nov-2012 02:12:51.094 EET
Begin processing the 9001st record. Run 1, Event 166928725, LumiSection 45560 at 27-Nov-2012 02:12:55.324 EET
Begin processing the 10001st record. Run 1, Event 173213727, LumiSection 47275 at 27-Nov-2012 02:13:02.069 EET
27-Nov-2012 02:13:03 EET  Closed file file:/hdfs/cms/store/user/mario/QCD_Pt_250_350_EMEnriched_TuneZ2star_8TeV_pythia6/Summer12-stop-pfele-step1/3d176ac8da5e9dff208d057f4733ca91/tuple_410_11_BbY.root
27-Nov-2012 02:13:03 EET  Initiating request to open file file:/hdfs/cms/store/user/mario/QCD_Pt_250_350_EMEnriched_TuneZ2star_8TeV_pythia6/Summer12-stop-pfele-step1/3d176ac8da5e9dff208d057f4733ca91/tuple_411_9_Zdq.root
27-Nov-2012 02:13:04 EET  Successfully opened file file:/hdfs/cms/store/user/mario/QCD_Pt_250_350_EMEnriched_TuneZ2star_8TeV_pythia6/Summer12-stop-pfele-step1/3d176ac8da5e9dff208d057f4733ca91/tuple_411_9_Zdq.root
Begin processing the 11001st record. Run 1, Event 173921322, LumiSection 47468 at 27-Nov-2012 02:13:33.736 EET
Begin processing the 12001st record. Run 1, Event 188134487, LumiSection 51347 at 27-Nov-2012 02:13:38.471 EET
Begin processing the 13001st record. Run 1, Event 197291377, LumiSection 53846 at 27-Nov-2012 02:13:45.819 EET
Begin processing the 14001st record. Run 1, Event 200077791, LumiSection 54607 at 27-Nov-2012 02:13:50.726 EET
Begin processing the 15001st record. Run 1, Event 236939178, LumiSection 64667 at 27-Nov-2012 02:13:56.966 EET
Begin processing the 16001st record. Run 1, Event 257899318, LumiSection 70388 at 27-Nov-2012 02:14:03.019 EET
Begin processing the 17001st record. Run 1, Event 201700354, LumiSection 55050 at 27-Nov-2012 02:14:06.826 EET
Begin processing the 18001st record. Run 1, Event 248215403, LumiSection 67745 at 27-Nov-2012 02:14:11.705 EET
Begin processing the 19001st record. Run 1, Event 153033504, LumiSection 41767 at 27-Nov-2012 02:14:16.027 EET
Begin processing the 20001st record. Run 1, Event 244811641, LumiSection 66816 at 27-Nov-2012 02:14:22.067 EET
Begin processing the 21001st record. Run 1, Event 253939746, LumiSection 69307 at 27-Nov-2012 02:14:25.698 EET
Begin processing the 22001st record. Run 1, Event 100343035, LumiSection 27387 at 27-Nov-2012 02:14:31.275 EET
Begin processing the 23001st record. Run 1, Event 105243800, LumiSection 28724 at 27-Nov-2012 02:14:35.547 EET
Begin processing the 24001st record. Run 1, Event 111638460, LumiSection 30470 at 27-Nov-2012 02:14:42.692 EET
Begin processing the 25001st record. Run 1, Event 120665479, LumiSection 32933 at 27-Nov-2012 02:14:46.647 EET
Begin processing the 26001st record. Run 1, Event 21112326, LumiSection 5763 at 27-Nov-2012 02:14:53.935 EET
%MSG-w compNuP4:  TopJetPairProducer:topJetPairs 27-Nov-2012 02:15:06 EET  Run: 1 Event: 34538037
THREE REAL SOLUTIONS: z1 = 155.223, z2 = 91.1822, z3 = -42.9247. Use only z1.
%MSG
Begin processing the 27001st record. Run 1, Event 34538733, LumiSection 9427 at 27-Nov-2012 02:15:06.705 EET
Begin processing the 28001st record. Run 1, Event 63333362, LumiSection 17286 at 27-Nov-2012 02:15:11.886 EET
Begin processing the 29001st record. Run 1, Event 87828446, LumiSection 23971 at 27-Nov-2012 02:15:17.303 EET
Begin processing the 30001st record. Run 1, Event 111882777, LumiSection 30536 at 27-Nov-2012 02:15:21.060 EET
Begin processing the 31001st record. Run 1, Event 124173874, LumiSection 33891 at 27-Nov-2012 02:15:29.440 EET
Begin processing the 32001st record. Run 1, Event 4201515, LumiSection 1147 at 27-Nov-2012 02:15:34.290 EET
Begin processing the 33001st record. Run 1, Event 16672137, LumiSection 4551 at 27-Nov-2012 02:15:41.438 EET
Begin processing the 34001st record. Run 1, Event 28020460, LumiSection 7648 at 27-Nov-2012 02:15:45.545 EET
Begin processing the 35001st record. Run 1, Event 40969480, LumiSection 11182 at 27-Nov-2012 02:15:52.614 EET
Begin processing the 36001st record. Run 1, Event 167712199, LumiSection 45773 at 27-Nov-2012 02:15:56.895 EET
27-Nov-2012 02:16:01 EET  Closed file file:/hdfs/cms/store/user/mario/QCD_Pt_250_350_EMEnriched_TuneZ2star_8TeV_pythia6/Summer12-stop-pfele-step1/3d176ac8da5e9dff208d057f4733ca91/tuple_411_9_Zdq.root
27-Nov-2012 02:16:01 EET  Initiating request to open file file:/hdfs/cms/store/user/mario/QCD_Pt_250_350_EMEnriched_TuneZ2star_8TeV_pythia6/Summer12-stop-pfele-step1/3d176ac8da5e9dff208d057f4733ca91/tuple_413_10_t7B.root
27-Nov-2012 02:16:02 EET  Successfully opened file file:/hdfs/cms/store/user/mario/QCD_Pt_250_350_EMEnriched_TuneZ2star_8TeV_pythia6/Summer12-stop-pfele-step1/3d176ac8da5e9dff208d057f4733ca91/tuple_413_10_t7B.root
Begin processing the 37001st record. Run 1, Event 94905597, LumiSection 25903 at 27-Nov-2012 02:16:33.677 EET
Begin processing the 38001st record. Run 1, Event 107857666, LumiSection 29438 at 27-Nov-2012 02:16:38.821 EET
Begin processing the 39001st record. Run 1, Event 113446519, LumiSection 30963 at 27-Nov-2012 02:16:44.259 EET
Begin processing the 40001st record. Run 1, Event 119108915, LumiSection 32508 at 27-Nov-2012 02:16:47.965 EET
Begin processing the 41001st record. Run 1, Event 139079285, LumiSection 37959 at 27-Nov-2012 02:16:53.987 EET
Begin processing the 42001st record. Run 1, Event 142414780, LumiSection 38869 at 27-Nov-2012 02:16:58.249 EET
Begin processing the 43001st record. Run 1, Event 146872815, LumiSection 40086 at 27-Nov-2012 02:17:04.369 EET
Begin processing the 44001st record. Run 1, Event 155441120, LumiSection 42424 at 27-Nov-2012 02:17:11.075 EET
Begin processing the 45001st record. Run 1, Event 174800439, LumiSection 47708 at 27-Nov-2012 02:17:15.808 EET
Begin processing the 46001st record. Run 1, Event 161916572, LumiSection 44192 at 27-Nov-2012 02:17:22.109 EET
Begin processing the 47001st record. Run 1, Event 139277218, LumiSection 38013 at 27-Nov-2012 02:17:28.340 EET
Begin processing the 48001st record. Run 1, Event 162934180, LumiSection 44469 at 27-Nov-2012 02:17:35.857 EET
Begin processing the 49001st record. Run 1, Event 170527719, LumiSection 46542 at 27-Nov-2012 02:17:42.578 EET
Begin processing the 50001st record. Run 1, Event 176128290, LumiSection 48070 at 27-Nov-2012 02:17:49.676 EET
Begin processing the 51001st record. Run 1, Event 177828024, LumiSection 48534 at 27-Nov-2012 02:17:53.203 EET
Begin processing the 52001st record. Run 1, Event 202899835, LumiSection 55377 at 27-Nov-2012 02:17:58.947 EET
Begin processing the 53001st record. Run 1, Event 243296320, LumiSection 66402 at 27-Nov-2012 02:18:06.052 EET
Begin processing the 54001st record. Run 1, Event 90878707, LumiSection 24804 at 27-Nov-2012 02:18:10.422 EET
Begin processing the 55001st record. Run 1, Event 52752209, LumiSection 14398 at 27-Nov-2012 02:18:17.243 EET
Begin processing the 56001st record. Run 1, Event 65112664, LumiSection 17771 at 27-Nov-2012 02:18:21.346 EET
Begin processing the 57001st record. Run 1, Event 138668044, LumiSection 37847 at 27-Nov-2012 02:18:30.056 EET
Begin processing the 58001st record. Run 1, Event 106833743, LumiSection 29158 at 27-Nov-2012 02:18:34.555 EET
Begin processing the 59001st record. Run 1, Event 111361635, LumiSection 30394 at 27-Nov-2012 02:18:40.417 EET
Begin processing the 60001st record. Run 1, Event 129683457, LumiSection 35394 at 27-Nov-2012 02:18:45.243 EET
Begin processing the 61001st record. Run 1, Event 63681773, LumiSection 17381 at 27-Nov-2012 02:18:52.394 EET
Begin processing the 62001st record. Run 1, Event 77913534, LumiSection 21265 at 27-Nov-2012 02:19:00.976 EET
27-Nov-2012 02:19:03 EET  Closed file file:/hdfs/cms/store/user/mario/QCD_Pt_250_350_EMEnriched_TuneZ2star_8TeV_pythia6/Summer12-stop-pfele-step1/3d176ac8da5e9dff208d057f4733ca91/tuple_413_10_t7B.root
27-Nov-2012 02:19:03 EET  Initiating request to open file file:/hdfs/cms/store/user/mario/QCD_Pt_250_350_EMEnriched_TuneZ2star_8TeV_pythia6/Summer12-stop-pfele-step1/3d176ac8da5e9dff208d057f4733ca91/tuple_414_8_gqc.root
27-Nov-2012 02:19:03 EET  Successfully opened file file:/hdfs/cms/store/user/mario/QCD_Pt_250_350_EMEnriched_TuneZ2star_8TeV_pythia6/Summer12-stop-pfele-step1/3d176ac8da5e9dff208d057f4733ca91/tuple_414_8_gqc.root
Begin processing the 63001st record. Run 1, Event 96541483, LumiSection 26349 at 27-Nov-2012 02:19:23.067 EET
Begin processing the 64001st record. Run 1, Event 106424609, LumiSection 29047 at 27-Nov-2012 02:19:28.516 EET
Begin processing the 65001st record. Run 1, Event 255721772, LumiSection 69794 at 27-Nov-2012 02:19:36.204 EET
Begin processing the 66001st record. Run 1, Event 259373584, LumiSection 70790 at 27-Nov-2012 02:19:40.733 EET
Begin processing the 67001st record. Run 1, Event 136486784, LumiSection 37251 at 27-Nov-2012 02:19:47.960 EET
Begin processing the 68001st record. Run 1, Event 148202132, LumiSection 40449 at 27-Nov-2012 02:19:51.191 EET
Begin processing the 69001st record. Run 1, Event 177816565, LumiSection 48531 at 27-Nov-2012 02:19:56.805 EET
Begin processing the 70001st record. Run 1, Event 24865896, LumiSection 6787 at 27-Nov-2012 02:20:00.846 EET
Begin processing the 71001st record. Run 1, Event 55512527, LumiSection 15151 at 27-Nov-2012 02:20:08.725 EET
Begin processing the 72001st record. Run 1, Event 85528765, LumiSection 23344 at 27-Nov-2012 02:20:16.561 EET
Begin processing the 73001st record. Run 1, Event 94432785, LumiSection 25774 at 27-Nov-2012 02:20:21.161 EET
Begin processing the 74001st record. Run 1, Event 107571866, LumiSection 29360 at 27-Nov-2012 02:20:26.467 EET
Begin processing the 75001st record. Run 1, Event 109397646, LumiSection 29858 at 27-Nov-2012 02:20:31.706 EET
Begin processing the 76001st record. Run 1, Event 111220180, LumiSection 30355 at 27-Nov-2012 02:20:38.654 EET
Begin processing the 77001st record. Run 1, Event 111573847, LumiSection 30452 at 27-Nov-2012 02:20:43.209 EET
Begin processing the 78001st record. Run 1, Event 113003314, LumiSection 30842 at 27-Nov-2012 02:20:49.961 EET
Begin processing the 79001st record. Run 1, Event 126876949, LumiSection 34628 at 27-Nov-2012 02:20:54.229 EET
Begin processing the 80001st record. Run 1, Event 858564, LumiSection 235 at 27-Nov-2012 02:20:59.587 EET
Begin processing the 81001st record. Run 1, Event 36470586, LumiSection 9954 at 27-Nov-2012 02:21:03.825 EET
Begin processing the 82001st record. Run 1, Event 77303387, LumiSection 21099 at 27-Nov-2012 02:21:09.116 EET
Begin processing the 83001st record. Run 1, Event 82713038, LumiSection 22575 at 27-Nov-2012 02:21:14.028 EET
Begin processing the 84001st record. Run 1, Event 131361395, LumiSection 35852 at 27-Nov-2012 02:21:17.901 EET
Begin processing the 85001st record. Run 1, Event 134056143, LumiSection 36588 at 27-Nov-2012 02:21:24.711 EET
Begin processing the 86001st record. Run 1, Event 133452558, LumiSection 36423 at 27-Nov-2012 02:21:29.781 EET
Begin processing the 87001st record. Run 1, Event 82479675, LumiSection 22511 at 27-Nov-2012 02:21:36.867 EET
Begin processing the 88001st record. Run 1, Event 79131488, LumiSection 21598 at 27-Nov-2012 02:21:40.645 EET
27-Nov-2012 02:21:43 EET  Closed file file:/hdfs/cms/store/user/mario/QCD_Pt_250_350_EMEnriched_TuneZ2star_8TeV_pythia6/Summer12-stop-pfele-step1/3d176ac8da5e9dff208d057f4733ca91/tuple_414_8_gqc.root
27-Nov-2012 02:21:43 EET  Initiating request to open file file:/hdfs/cms/store/user/mario/QCD_Pt_250_350_EMEnriched_TuneZ2star_8TeV_pythia6/Summer12-stop-pfele-step1/3d176ac8da5e9dff208d057f4733ca91/tuple_415_7_MBn.root
27-Nov-2012 02:21:43 EET  Successfully opened file file:/hdfs/cms/store/user/mario/QCD_Pt_250_350_EMEnriched_TuneZ2star_8TeV_pythia6/Summer12-stop-pfele-step1/3d176ac8da5e9dff208d057f4733ca91/tuple_415_7_MBn.root
Begin processing the 89001st record. Run 1, Event 92542165, LumiSection 25258 at 27-Nov-2012 02:22:04.503 EET
Begin processing the 90001st record. Run 1, Event 98632779, LumiSection 26920 at 27-Nov-2012 02:22:09.399 EET
Begin processing the 91001st record. Run 1, Event 175754352, LumiSection 47968 at 27-Nov-2012 02:22:15.805 EET
Begin processing the 92001st record. Run 1, Event 260047366, LumiSection 70974 at 27-Nov-2012 02:22:20.350 EET
Begin processing the 93001st record. Run 1, Event 91494486, LumiSection 24972 at 27-Nov-2012 02:22:25.849 EET
Begin processing the 94001st record. Run 1, Event 93400398, LumiSection 25492 at 27-Nov-2012 02:22:30.152 EET
Begin processing the 95001st record. Run 1, Event 100403513, LumiSection 27403 at 27-Nov-2012 02:22:40.986 EET
Begin processing the 96001st record. Run 1, Event 26065245, LumiSection 7114 at 27-Nov-2012 02:22:49.347 EET
Begin processing the 97001st record. Run 1, Event 62794104, LumiSection 17139 at 27-Nov-2012 02:22:54.383 EET
Begin processing the 98001st record. Run 1, Event 77619559, LumiSection 21185 at 27-Nov-2012 02:23:01.870 EET
Begin processing the 99001st record. Run 1, Event 94500988, LumiSection 25792 at 27-Nov-2012 02:23:06.253 EET
Begin processing the 100001st record. Run 1, Event 146847635, LumiSection 40079 at 27-Nov-2012 02:23:12.602 EET
Begin processing the 101001st record. Run 1, Event 169598817, LumiSection 46288 at 27-Nov-2012 02:23:17.686 EET
Begin processing the 102001st record. Run 1, Event 180744939, LumiSection 49330 at 27-Nov-2012 02:23:24.321 EET
Begin processing the 103001st record. Run 1, Event 178485350, LumiSection 48714 at 27-Nov-2012 02:23:31.339 EET
Begin processing the 104001st record. Run 1, Event 185535905, LumiSection 50638 at 27-Nov-2012 02:23:36.320 EET
Begin processing the 105001st record. Run 1, Event 191722145, LumiSection 52326 at 27-Nov-2012 02:23:42.254 EET
Begin processing the 106001st record. Run 1, Event 187445605, LumiSection 51159 at 27-Nov-2012 02:23:46.593 EET
Begin processing the 107001st record. Run 1, Event 191778611, LumiSection 52342 at 27-Nov-2012 02:23:53.901 EET
Begin processing the 108001st record. Run 1, Event 240701237, LumiSection 65694 at 27-Nov-2012 02:24:00.220 EET
Begin processing the 109001st record. Run 1, Event 258546813, LumiSection 70565 at 27-Nov-2012 02:24:06.647 EET
Begin processing the 110001st record. Run 1, Event 131901661, LumiSection 36000 at 27-Nov-2012 02:24:09.356 EET
Begin processing the 111001st record. Run 1, Event 78569141, LumiSection 21444 at 27-Nov-2012 02:24:16.135 EET
Begin processing the 112001st record. Run 1, Event 85122131, LumiSection 23233 at 27-Nov-2012 02:24:20.272 EET
27-Nov-2012 02:24:24 EET  Closed file file:/hdfs/cms/store/user/mario/QCD_Pt_250_350_EMEnriched_TuneZ2star_8TeV_pythia6/Summer12-stop-pfele-step1/3d176ac8da5e9dff208d057f4733ca91/tuple_415_7_MBn.root

=============================================

MessageLogger Summary

 type     category        sev    module        subroutine        count    total
 ---- -------------------- -- ---------------- ----------------  -----    -----
    1 compNuP4             -w TopJetPairProduc                       1        1
    2 fileAction           -s file_close                             5        5
    3 fileAction           -s file_open                             10       10

 type    category    Examples: run/evt        run/evt          run/evt
 ---- -------------------- ---------------- ---------------- ----------------
    1 compNuP4             1/34538037                        
    2 fileAction           PostProcessEvent PostProcessEvent PostEndRun
    3 fileAction           pre-events       pre-events       PostProcessEvent

Severity    # Occurrences   Total Occurrences
--------    -------------   -----------------
Warning                 1                   1
System                 15                  15
>>> END OF printout of 152 lines from stdout+stderr
>>> Parse FrameworkJobReport crab_fjr.xml
Result of parsing the FrameworkJobReport crab_fjr.xml: Popularity start
lumisRange : 1::12926,12950,12961,13020,13030,13044,13085,13101,13107,13122,13133,13139,13143,13426,13878,13885,14322,14408,14421,14428,14439,14451,14460,14771,14877,14879,15071,16057,16120,16216,16230,16912,17196,17240,17255,17265,17267-17268,17509,17762,34447,35494,35870,35881,37552,37858,37944,38133,38243,40070,41623,42391,42423,42584,43576,44420,45560,45657,46487,46961-46962,47226,47275,47397,48158,48470,52903::1;1::235,237,4968,4975,4977,5776,6787,8238,8534,9124,9954,12976,14964,14967,15151,16308,16766,17550,17560,17624,19088,19815,19974,20082,21036,21099,21213,21234,21258,21274,21389,21413,21426,21478,21598,21663,22511,22513,22575,23344,23407,23669,24324,24486,24809,24829,25428,25772,25774,26227,26349,26385,26506,27118,28268,28417,28625,28737,28949,29037,29047,29157,29360,29425-29426,29702,29858,29860,29862,30194,30354-30355,30359,30361-30362,30407,30415,30449,30452,30457-30458,30461-30463,30841-30842,30924,31444,31894,33710,33886,34107,34430,34587,34628,34807,34809,34811,35275,35360,35464,35554,35636,35748,35852,35862,35888,35902,35907,35921,35927,35940,35955,35961,35965,35970,35973,35977,36415,36423,36513,36588,36591,36655,36718,36720,36734,37130,37250-37251,37362,38135,38145,39336,39392,40447,40449,43779,45551,45750,46034,46036,46043,48529,48531,49262,49753-49754,52610,60204,66787,66837,67173,67604,67833,67870,68821,68932,69794,69970,70021,70652,70790,70880,71061,71333,71380::2;1::3082,7114,9428,11563,11592,14874,14881,17139,17289,17307,20014,20173,20290,20687,20692,21185,21391,21416,21424,21444,21572,22333,22614,22859,22866,23179,23233-23234,23360,23366,23410,23506,23514,24141,24533-24535,24829,24972,25085,25089,25155,25258,25472,25490,25492,25522,25555,25583,25693,25792,25911,25922,25968,25981,26015,26213,26320,26667,26687,26920,27227,27403,29257,29770,29963,32550,36000,36053,37383,37401,37794,37878,38310,40079-40080,41913,43772,43938,44112,44782,44785,45444,46139-46140,46145,46251,46288,46298,46458,47034,47101,47537,47637,47968,48714,49119,49153,49167,49201,49274,49321,49330,49426,49701,50075,50287,50290,50522,50625,50638,50819,51081,51159,51492,51576,51696,51799,51820,51853,51876,52159,52185,52191,52204,52227,52230,52326,52342,52384,52847,53140,54106,54814,60955,60992,65689,65694,66462,66695,66760,66973,68486,69554,69840,70093,70313,70565,70882,70974,71515,71587::3;1::6763,11789,12022,13462,13888,14395,14398,14907,16009,17183,17353,17381,17447,17459,17675,17771,18173,19630,19664,19812,21179,21265,21273,21722,22406,22449,23004,23238,24804,24977,25840,25903,26159,26227,26351,26388,26405,26646,26795,27552,28092,29055,29158,29287,29438,30135,30364,30366,30376,30394,30398,30455,30483,30485,30928-30929,30943,30963,31024,31111,31157,32453,32508,32511,32975,33258,33785,35394,35638,35853,35875,35884,36008,37366,37449,37651,37762,37847,37959,38013,38318,38342,38358,38401,38414,38534,38644-38645,38869,39235,39376,39455,40034,40073,40086,40147,40224,42204,42287,42294,42404,42424,42432,42580,42600,42962-42963,43252,43313,43424,43775,44129,44192,44366,44392,44469,44471,44585,44613,44988,45119,45121,45169,45561,45650,45653,45752,45937,46130,46141,46542,46732,47035,47179,47581,47708,47740,48069-48070,48102,48133,48169,48359,48534,48539,49767,49978-49979,50830,51879,54237,54717,55348,55377,57323,59988,60005,60110-60111,60768,66402,66463,66500,66986,67301,67468,68149,68352,70055::4;1::864,1147,1175,2068,2194,2525,3390,3533,3887,4055,4157,4551,4765,5018,5164,5763,6470,6943,7251,7648,8007,8369,9427,10291,10862,10923,11180,11182,11422,11683,11981-11982,13521,14751,14757,17286-17287,18088,23103,23971,24532,27339,27387,27410,27606,27637,28304,28520,28632,28724,28991,29175,29375,29437,29801,29894,30177,30227,30470-30471,30482,30487,30490,30494,30536,30738,31437,31439,32101,32395,32933,33119,33512,33604,33891,34133,34149,34438,34611,35035,35741,36448-36449,37412,41767,43297,45286-45287,45432,45656,45769,45773,46143,46148,46894,47397,47400,47468,47582,47623,47665,47753,47846,48856,49043,49809,51347,51766,51957,51961,52064,52453,53739,53846,53912,53989,54057,54060,54086,54186,54249,54348,54450,54480,54607,54617,54627,54630,55043,55050,55508,55528,56784,63466,63619,64646,64667,66014,66018,66398,66816,66955-66956,67138,67160,67730,67745,67748,67768,67770,67783,67835,68293,68536,68894,69056,69071,69307,69311,69508,69996,70066,70388,70661,71114,71714,72482,72487,72669::5;
lumisParentRange : 
Basename : /store/user/mario/QCD_Pt_250_350_EMEnriched_TuneZ2star_8TeV_pythia6/Summer12-stop-pfele-step1/3d176ac8da5e9dff208d057f4733ca91/tuple_41
BasenameParent : 
parentFiles : 
inputBlocks : /QCD_Pt_250_350_EMEnriched_TuneZ2star_8TeV_pythia6/mario-Summer12-stop-pfele-step1-3d176ac8da5e9dff208d057f4733ca91/USER#89723d11-1f9b-42cd-94f4-feb0ac97b54e
inputFiles : 0_11_BbY.root::1::EDM::Local::1;4_8_gqc.root::1::EDM::Local::2;5_7_MBn.root::1::EDM::Local::3;3_10_t7B.root::1::EDM::Local::4;1_9_Zdq.root::1::EDM::Local::5;
Popularity stop
Extracted ExitStatus from FrameworkJobReport parsing output: 0
>>> Executable succeded  0
ExeExitCode=0
EXECUTABLE_EXIT_STATUS = 0
>>> current directory /home/cms097/home_crce1_015976306/CREAM015976306/glide_t21141/execute/dir_9335/CMSSW_5_3_5
>>>  (SOFTWARE_DIR): /home/cms097/home_crce1_015976306/CREAM015976306/glide_t21141/execute/dir_9335/CMSSW_5_3_5
>>> (WORKING_DIR): 
>>> current directory content:
total 160
drwxr-xr-x 3 cms097 cms  4096 Nov 27 02:10 .SCRAM
-rw-r--r-- 1 cms097 cms 30066 Nov 27 02:10 CMSSW.py.pkl
drwxr-xr-x 3 cms097 cms  4096 Nov 27 02:10 bin
drwxr-xr-x 3 cms097 cms  4096 Nov 27 02:10 cfipython
drwxr-xr-x 5 cms097 cms  4096 Nov 27 02:10 config
-rw-r--r-- 1 cms097 cms    17 Nov 27 02:24 cpu_timing.txt
drwxr-xr-x 2 cms097 cms  4096 Nov 27 02:10 doc
-rw-r--r-- 1 cms097 cms 16858 Nov 27 02:24 executable.out
drwxr-xr-x 2 cms097 cms  4096 Nov 27 02:10 include
drwxrwxrwx 3 cms097 cms  4096 Oct 22 16:38 lib
drwxr-xr-x 3 cms097 cms  4096 Nov 27 02:10 logs
drwxr-xr-x 3 cms097 cms  4096 Nov 27 02:10 objs
-rw-r--r-- 1 cms097 cms 18033 Nov 27 02:24 optHistograms.root
-rw-r--r-- 1 cms097 cms   104 Nov 27 02:11 pset.py
-rw-r--r-- 1 cms097 cms 19511 Nov 27 02:11 pset.py.pkl
-rw-r--r-- 1 cms097 cms   289 Nov 27 02:11 pset.pyc
drwxr-xr-x 2 cms097 cms  4096 Nov 27 02:10 python
-rw-r--r-- 1 cms097 cms   420 Nov 27 02:24 report.log
drwxrwxrwx 4 cms097 cms  4096 Nov 27 02:10 src
drwxr-xr-x 3 cms097 cms  4096 Nov 27 02:10 test
drwxr-xr-x 3 cms097 cms  4096 Nov 27 02:10 tmp
>>> current directory /home/cms097/home_crce1_015976306/CREAM015976306/glide_t21141/execute/dir_9335/CMSSW_5_3_5
>>> (SOFTWARE_DIR): /home/cms097/home_crce1_015976306/CREAM015976306/glide_t21141/execute/dir_9335/CMSSW_5_3_5
>>> (WORKING_DIR): 
>>> current directory content:
total 140
drwxr-xr-x 3 cms097 cms  4096 Nov 27 02:10 .SCRAM
-rw-r--r-- 1 cms097 cms 30066 Nov 27 02:10 CMSSW.py.pkl
drwxr-xr-x 3 cms097 cms  4096 Nov 27 02:10 bin
drwxr-xr-x 3 cms097 cms  4096 Nov 27 02:10 cfipython
drwxr-xr-x 5 cms097 cms  4096 Nov 27 02:10 config
-rw-r--r-- 1 cms097 cms    17 Nov 27 02:24 cpu_timing.txt
drwxr-xr-x 2 cms097 cms  4096 Nov 27 02:10 doc
-rw-r--r-- 1 cms097 cms 16858 Nov 27 02:24 executable.out
drwxr-xr-x 2 cms097 cms  4096 Nov 27 02:10 include
drwxrwxrwx 3 cms097 cms  4096 Oct 22 16:38 lib
drwxr-xr-x 3 cms097 cms  4096 Nov 27 02:10 logs
drwxr-xr-x 3 cms097 cms  4096 Nov 27 02:10 objs
-rw-r--r-- 1 cms097 cms   104 Nov 27 02:11 pset.py
-rw-r--r-- 1 cms097 cms 19511 Nov 27 02:11 pset.py.pkl
-rw-r--r-- 1 cms097 cms   289 Nov 27 02:11 pset.pyc
drwxr-xr-x 2 cms097 cms  4096 Nov 27 02:10 python
-rw-r--r-- 1 cms097 cms   420 Nov 27 02:24 report.log
drwxrwxrwx 4 cms097 cms  4096 Nov 27 02:10 src
drwxr-xr-x 3 cms097 cms  4096 Nov 27 02:10 test
drwxr-xr-x 3 cms097 cms  4096 Nov 27 02:10 tmp
>>> current directory (RUNTIME_AREA):  /home/cms097/home_crce1_015976306/CREAM015976306/glide_t21141/execute/dir_9335
>>> current dir: /home/cms097/home_crce1_015976306/CREAM015976306/glide_t21141/execute/dir_9335
>>> current dir content:
total 25804
-rw-rw-rw-  1 cms097 cms     5580 Nov 27 02:10 .job.ad
-rw-rw-rw-  1 cms097 cms    11247 Nov 27 02:10 .machine.ad
-rw-rw-rw-  1 cms097 cms      105 Nov 27 01:27 CMSSW.py
-rw-rw-rw-  1 cms097 cms    30066 Nov 27 01:27 CMSSW.py.pkl
-rwxrw-rw-  1 cms097 cms    23341 Nov 27 02:10 CMSSW.sh
drwxr-xr-x 15 cms097 cms     4096 Nov 27 02:24 CMSSW_5_3_5
-rw-rw-rw-  1 cms097 cms        0 Nov 27 02:10 CMSSW_77.stderr
-rw-rw-rw-  1 cms097 cms    33206 Nov 27 02:24 CMSSW_77.stdout
-rw-r--r--  1 cms097 cms      346 Nov 27 02:10 CacheEnv.sh
-rw-rw-rw-  1 cms097 cms     7291 Jun  9  2010 DashboardAPI.py
-rw-r--r--  1 cms097 cms     6868 Nov 27 02:10 DashboardAPI.pyc
drwxrwxrwx  3 cms097 cms     4096 Nov 27 02:24 IMProv
-rw-rw-rw-  1 cms097 cms     2748 Mar  8  2006 Logger.py
-rw-r--r--  1 cms097 cms     3348 Nov 27 02:10 Logger.pyc
-rw-rw-rw-  1 cms097 cms    24524 Mar 28  2008 ProcInfo.py
-rw-r--r--  1 cms097 cms    23446 Nov 27 02:10 ProcInfo.pyc
drwxrwxrwx  7 cms097 cms     4096 Nov 27 02:10 ProdCommon
drwxrwxrwx  3 cms097 cms     4096 Nov 27 02:10 WMCore
-rw-r--r--  1 cms097 cms     2682 Nov 27 02:23 Watchdog_77.log
-rw-rw-rw-  1 cms097 cms    32895 Mar 28  2008 apmon.py
-rw-r--r--  1 cms097 cms    28845 Nov 27 02:10 apmon.pyc
-rw-rw-rw-  1 cms097 cms   105070 Nov 27 02:10 arguments.xml
-rwxrwxrwx  1 cms097 cms    37427 Sep 13 14:14 cmscp.py
-rwxrwxrwx  1 cms097 cms    23341 Nov 27 02:10 condor_exec.exe
-rw-rw-rw-  1 cms097 cms      546 Nov 27 01:27 crab.cfg
-rwxrwxrwx  1 cms097 cms     9531 Sep 20 21:46 crabWatchdog.sh
-rw-r--r--  1 cms097 cms    49982 Nov 27 02:24 crab_fjr_77.xml
-rw-rw-rw-  1 cms097 cms 25796300 Nov 27 02:10 default.tgz
-rwxrwxrwx  1 cms097 cms     4488 May 12  2012 fillCrabFjr.py
-rw-r--r--  1 cms097 cms      948 Nov 27 02:11 inputsReport.txt
-rw-r--r--  1 cms097 cms      132 Nov 27 02:24 jobreport.txt
lrwxrwxrwx  1 cms097 cms      106 Nov 27 02:24 optHistograms.root -> /home/cms097/home_crce1_015976306/CREAM015976306/glide_t21141/execute/dir_9335/optHistograms_77_1_Ct9.root
-rw-r--r--  1 cms097 cms    18033 Nov 27 02:24 optHistograms_77_1_Ct9.root
-rw-rw-rw-  1 cms097 cms    17352 Jan 20  2012 parseCrabFjr.py
-rw-r--r--  1 cms097 cms      285 Nov 27 02:10 report.log
-rwxrwxrwx  1 cms097 cms     1497 May 27  2009 report.py
-rwxrwxrwx  1 cms097 cms     8387 Mar 23  2011 writeCfg.py
-rw-------  1 cms097 cms     8691 Nov 27 02:20 x509up_u1000009
Checking output files:  
will tar file optHistograms_77_1_Ct9.root in  out_files_77
will tar file crab_fjr_77.xml in  out_files_77
will tar file CMSSW_77.stdout in  out_files_77
will tar file CMSSW_77.stderr in  out_files_77
WARNING: output file Watchdog_77.log.gz not found!
>>> padding time: Wrapper lasting more than 600 seconds. No sleep required.
STOPPING WATCHDOG. CrabWatchdog PID is 11678
********** LAST 50 LINES OF WATCHDOG LOG
# RESOURCE USAGE SUMMARY FOR PROCESS ID 11133
USER       PID %CPU %MEM    VSZ   RSS TTY      STAT START   TIME COMMAND
cms097   11133  0.1  0.0   8956  1484 ?        S    02:10   0:00 /bin/sh /home/cms097/home_crce1_015976306/CREAM015976306/glide_t21141/execute/dir_9335/condor_exec.exe 77 1
 
# LIMITS USED BY THIS WATCHDOG:
# RSS  (KBytes)  : 2300000
# VSZ  (KBytes)  : 100000000
# DISK (MBytes)  : 19000
# CPU  (seconds) : 171600
# WALL (seconds) : 171600
 
# FOLLOWING PRINTOUT TRACKS MAXIMUM VALUES OF RESOURCES USE
# ONE LINE IS PRINTED EACH TIME A MAXIMUM CHANGES
# IF CHANGE WAS IN RSS OR VSZ ALSO PROCID AND COMMAND ARE PRINTED
# THERE IS NO PRINTOUT FOR CPU/WALL TIME INCREASE
 
# TIME			PID	RSS(KB)	VSZ(KB)	Dsk(MB)	tCPU(s)	tWALL(s)	COMMAND
 Nov 27 02:10:45 EET	4102	6136	9796	0	0	1408	/home/cms097/home_crce1_015976306/CREAM015976306/glide_t21141/main/condor/sbin/condor_master -f -pidfile /home/cms097/home_crce1_015976306/CREAM015976306/glide_t21141/condor_master2.pid      
 Nov 27 02:10:45 EET	11695	24180	84868	0	0	3	edmConfigHash pset.py        
 Nov 27 02:10:45 EET	---	24180	84868	168	----	----	----
 Nov 27 02:11:56 EET	27290	341676	563560	168	13	56	cmsRun -j /home/cms097/home_crce1_015976306/CREAM015976306/glide_t21141/execute/dir_9335/crab_fjr_77.xml -p pset.py     
 Nov 27 02:14:11 EET	27290	365092	564840	168	87	191	cmsRun -j /home/cms097/home_crce1_015976306/CREAM015976306/glide_t21141/execute/dir_9335/crab_fjr_77.xml -p pset.py     
 Nov 27 02:15:20 EET	27290	365532	564840	168	128	258	cmsRun -j /home/cms097/home_crce1_015976306/CREAM015976306/glide_t21141/execute/dir_9335/crab_fjr_77.xml -p pset.py     
 Nov 27 02:16:28 EET	27290	366316	565864	168	155	327	cmsRun -j /home/cms097/home_crce1_015976306/CREAM015976306/glide_t21141/execute/dir_9335/crab_fjr_77.xml -p pset.py     
 Nov 27 02:17:37 EET	27290	366836	566120	168	199	394	cmsRun -j /home/cms097/home_crce1_015976306/CREAM015976306/glide_t21141/execute/dir_9335/crab_fjr_77.xml -p pset.py     
 Nov 27 02:18:43 EET	27290	367112	566376	168	246	471	cmsRun -j /home/cms097/home_crce1_015976306/CREAM015976306/glide_t21141/execute/dir_9335/crab_fjr_77.xml -p pset.py     
 Nov 27 02:20:00 EET	27290	367276	566376	168	284	544	cmsRun -j /home/cms097/home_crce1_015976306/CREAM015976306/glide_t21141/execute/dir_9335/crab_fjr_77.xml -p pset.py     
 Nov 27 02:21:14 EET	27290	367380	566376	168	336	619	cmsRun -j /home/cms097/home_crce1_015976306/CREAM015976306/glide_t21141/execute/dir_9335/crab_fjr_77.xml -p pset.py     
 Nov 27 02:23:41 EET	27290	367640	566376	168	419	765	cmsRun -j /home/cms097/home_crce1_015976306/CREAM015976306/glide_t21141/execute/dir_9335/crab_fjr_77.xml -p pset.py     
********** WATCHDOG LOG ENDED
ZIPPING WATCHDOG LOG
Disk space used:
du -sh /home/cms097/home_crce1_015976306/CREAM015976306/glide_t21141/execute/dir_9335
169M	/home/cms097/home_crce1_015976306/CREAM015976306/glide_t21141/execute/dir_9335
>>> info for dashboard:
***** Cat /home/cms097/home_crce1_015976306/CREAM015976306/glide_t21141/execute/dir_9335/jobreport.txt *****
MonitorJobID=77_https://submit-2.t2.ucsd.edu//121127//17529.76
MonitorID=liis_crab_0_121127_012714_evt312
ExeTime=799
ExeExitCode=0
CrabUserCpuTime=428.19
CrabSysCpuTime=11.40
CrabCpuPercentage=55%
CrabWrapperTime=853
CrabStageoutTime=NULL
***** End Cat jobreport *****
Parameters sent to Dashboard.
optHistograms_77_1_Ct9.root
crab_fjr_77.xml
CMSSW_77.stdout
CMSSW_77.stderr
Watchdog_77.log.gz
tar: .BrokerInfo: Cannot stat: No such file or directory
tar: Error exit delayed from previous errors
Total Output dimension: 30386
WARNING: output files size limit is set to: 50000000
Total Output dimension 30386 is fine.
JOB_EXIT_STATUS = 0
>>> info for dashboard:
***** Cat /home/cms097/home_crce1_015976306/CREAM015976306/glide_t21141/execute/dir_9335/jobreport.txt *****
MonitorJobID=77_https://submit-2.t2.ucsd.edu//121127//17529.76
MonitorID=liis_crab_0_121127_012714_evt312
JobExitCode=0
***** End Cat jobreport *****
Parameters sent to Dashboard.
optHistograms_77_1_Ct9.root
crab_fjr_77.xml
