This script was generated by crab (version 2.8.3).
Running /home/cms067/home_crmrs_971283869/CREAM971283869/glide_EL7055/execute/dir_6256/condor_exec.exe with 2 positional parameters: 43 2
Today is Tue Nov 27 11:50:28 EET 2012
Job submitted on host wn-v-7009.local
Linux wn-v-7009.local 2.6.32-042stab059.7 #1 SMP Tue Jul 24 19:12:01 MSK 2012 x86_64 x86_64 x86_64 GNU/Linux
>>> current directory (RUNTIME_AREA): /home/cms067/home_crmrs_971283869/CREAM971283869/glide_EL7055/execute/dir_6256
>>> current user: uid=11067(cms067) gid=1400(cms) groups=1400(cms)
>>> voms proxy information:
subject   : /DC=ch/DC=cern/OU=Organic Units/OU=Users/CN=liis/CN=663550/CN=Liis Rebane/CN=proxy/CN=limited proxy
issuer    : /DC=ch/DC=cern/OU=Organic Units/OU=Users/CN=liis/CN=663550/CN=Liis Rebane/CN=proxy
identity  : /DC=ch/DC=cern/OU=Organic Units/OU=Users/CN=liis/CN=663550/CN=Liis Rebane/CN=proxy
type      : limited proxy
strength  : 512 bits
path      : /home/cms067/home_crmrs_971283869/CREAM971283869/glide_EL7055/execute/dir_6256/x509up_u1000009
timeleft  : 23:59:49
key usage : Digital Signature, Key Encipherment, Data Encipherment
=== VO cms extension information ===
VO        : cms
subject   : /DC=ch/DC=cern/OU=Organic Units/OU=Users/CN=liis/CN=663550/CN=Liis Rebane
issuer    : /DC=ch/DC=cern/OU=computers/CN=lcg-voms.cern.ch
attribute : /cms/Role=NULL/Capability=NULL
timeleft  : 181:35:09
uri       : lcg-voms.cern.ch:15002
>>> tar xzf /home/cms067/home_crmrs_971283869/CREAM971283869/glide_EL7055/execute/dir_6256/default.tgz :
Successful untar
>>> Include /home/cms067/home_crmrs_971283869/CREAM971283869/glide_EL7055/execute/dir_6256 in PYTHONPATH:
strip arguments
env var CRAB_UNIQUE_JOB_ID set to: liis_crab_0_121127_012714_evt312_43_2_tmN
out_files_43
>>> list of expected files on output sandbox
output files: optHistograms_43_2_tmN.root crab_fjr_43.xml CMSSW_43.stdout CMSSW_43.stderr Watchdog_43.log.gz
>>> GridFlavour discovery: 
GridFlavour=LCG
>>> SyncSite discovery: 
SyncSite=T2_EE_Estonia
>>> SyncCE discovery: 
getting SyncCE from CE_ID
SyncCE=mars.hep.kbfi.ee:8443/cream-pbs-long
>>> info for dashboard:
***** Cat /home/cms067/home_crmrs_971283869/CREAM971283869/glide_EL7055/execute/dir_6256/jobreport.txt *****
MonitorJobID=43_https://submit-2.t2.ucsd.edu//121127//17634.1
SyncGridJobId=https://submit-2.t2.ucsd.edu//121127//17634.1
MonitorID=liis_crab_0_121127_012714_evt312
GridFlavour=LCG
SyncSite=T2_EE_Estonia
SyncCE=mars.hep.kbfi.ee:8443/cream-pbs-long
***** End Cat jobreport *****
Parameters sent to Dashboard.
>>> setup environment
set SCRAM ARCH to slc5_amd64_gcc462
SCRAM_ARCH = slc5_amd64_gcc462
>>> setup CMS LCG environment:
set SCRAM ARCH and BUILD_ARCH to slc5_amd64_gcc462 ###
Sourcing environment... 
sourcing /cvmfs/cms.cern.ch/cmsset_default.sh
==> setup cms environment ok
>>> specific cmssw setup environment:
CMSSW_VERSION =  CMSSW_5_3_5
>>> current directory (SOFTWARE_DIR): /home/cms067/home_crmrs_971283869/CREAM971283869/glide_EL7055/execute/dir_6256/CMSSW_5_3_5
PreserveSeeds: <>
IncrementSeeds:<>
{}
WNHostName=wn-v-7009.local
>>> info for dashboard:
***** Cat /home/cms067/home_crmrs_971283869/CREAM971283869/glide_EL7055/execute/dir_6256/jobreport.txt *****
MonitorJobID=43_https://submit-2.t2.ucsd.edu//121127//17634.1
MonitorID=liis_crab_0_121127_012714_evt312
WNHostName=wn-v-7009.local
***** End Cat jobreport *****
Parameters sent to Dashboard.
crabWatchdog started as process 13177
>>> moving CMSSW software directories in /home/cms067/home_crmrs_971283869/CREAM971283869/glide_EL7055/execute/dir_6256/CMSSW_5_3_5
mv: cannot stat `/home/cms067/home_crmrs_971283869/CREAM971283869/glide_EL7055/execute/dir_6256/module/': No such file or directory
>>> Include /home/cms067/home_crmrs_971283869/CREAM971283869/glide_EL7055/execute/dir_6256 in PYTHONPATH:
PYTHONPATH=/home/cms067/home_crmrs_971283869/CREAM971283869/glide_EL7055/execute/dir_6256/:/home/cms067/home_crmrs_971283869/CREAM971283869/glide_EL7055/execute/dir_6256/CMSSW_5_3_5/python:/home/cms067/home_crmrs_971283869/CREAM971283869/glide_EL7055/execute/dir_6256/CMSSW_5_3_5/lib/slc5_amd64_gcc462:/cvmfs/cms.cern.ch/slc5_amd64_gcc462/cms/cmssw/CMSSW_5_3_5/python:/cvmfs/cms.cern.ch/slc5_amd64_gcc462/cms/cmssw/CMSSW_5_3_5/lib/slc5_amd64_gcc462:/cvmfs/cms.cern.ch/slc5_amd64_gcc462/cms/coral/CORAL_2_3_21-cms27/slc5_amd64_gcc462/python:/cvmfs/cms.cern.ch/slc5_amd64_gcc462/cms/coral/CORAL_2_3_21-cms27/slc5_amd64_gcc462/lib:/cvmfs/cms.cern.ch/slc5_amd64_gcc462/external/pyqt/4.8.1/lib/python2.6/site-packages:/cvmfs/cms.cern.ch/slc5_amd64_gcc462/external/py2-scipy/0.8.0/lib/python2.6/site-packages:/cvmfs/cms.cern.ch/slc5_amd64_gcc462/external/py2-matplotlib/1.0.1/lib/python2.6/site-packages:/cvmfs/cms.cern.ch/slc5_amd64_gcc462/external/python-ldap/2.3.5/lib/python2.6/site-packages:/cvmfs/cms.cern.ch/slc5_amd64_gcc462/external/sip/4.11.2/lib/python2.6/site-packages:/cvmfs/cms.cern.ch/slc5_amd64_gcc462/external/py2-pycurl/7.19.0/lib/python2.6/site-packages:/cvmfs/cms.cern.ch/slc5_amd64_gcc462/external/py2-numpy/1.6.1/lib/python2.6/site-packages:/cvmfs/cms.cern.ch/slc5_amd64_gcc462/external/py2-ipython/0.10/lib/python2.6/site-packages:/cvmfs/cms.cern.ch/slc5_amd64_gcc462/external/py2-cx-oracle/5.1-cms11/lib/python2.6/site-packages:/cvmfs/cms.cern.ch/slc5_amd64_gcc462/external/py2-cjson/1.0.5/lib/python2.6/site-packages:/cvmfs/cms.cern.ch/slc5_amd64_gcc462/cms/das-client/1.4.1-cms8/bin:/cvmfs/cms.cern.ch/slc5_amd64_gcc462/external/elementtree/1.2.6/share/lib/python2.6/site-packages:/cvmfs/cms.cern.ch/slc5_amd64_gcc462/external/rivet/1.5.1-cms10/lib/python2.6/site-packages:/cvmfs/cms.cern.ch/slc5_amd64_gcc462/external/pyminuit2/0.0.1-cms34/lib/python2.6/site-packages:/cvmfs/cms.cern.ch/slc5_amd64_gcc462/external/professor/1.0.0-cms35/lib/python2.6/site-packages:/cvmfs/cms.cern.ch/slc5_amd64_gcc462/lcg/root/5.32.00-cms18/lib:/cvmfs/cms.cern.ch/slc5_amd64_gcc462/cms/dbs-client/DBS_2_1_1_patch1_1/lib:/cvmfs/cms.cern.ch/slc5_amd64_gcc462/cms/dbs-client/DBS_2_1_1_patch1_1/lib/DBSAPI:/home/cms067/home_crmrs_971283869/CREAM971283869/glide_EL7055/execute/dir_6256/
241a2a19cb7c5c8751ba22759ab3bdb0
PSETHASH = 241a2a19cb7c5c8751ba22759ab3bdb0
/home/cms067/home_crmrs_971283869/CREAM971283869/glide_EL7055/execute/dir_6256/writeCfg.py pset.py pset.py
Importing .py file
Setting parameters
inputBlocks=/QCD_Pt_250_350_EMEnriched_TuneZ2star_8TeV_pythia6/mario-Summer12-stop-pfele-step1-3d176ac8da5e9dff208d057f4733ca91/USER#89723d11-1f9b-42cd-94f4-feb0ac97b54e
inputFiles=/store/user/mario/QCD_Pt_250_350_EMEnriched_TuneZ2star_8TeV_pythia6/Summer12-stop-pfele-step1/3d176ac8da5e9dff208d057f4733ca91/tuple_94_3_P05.root;/store/user/mario/QCD_Pt_250_350_EMEnriched_TuneZ2star_8TeV_pythia6/Summer12-stop-pfele-step1/3d176ac8da5e9dff208d057f4733ca91/tuple_96_3_m1M.root;/store/user/mario/QCD_Pt_250_350_EMEnriched_TuneZ2star_8TeV_pythia6/Summer12-stop-pfele-step1/3d176ac8da5e9dff208d057f4733ca91/tuple_100_9_Yf7.root;/store/user/mario/QCD_Pt_250_350_EMEnriched_TuneZ2star_8TeV_pythia6/Summer12-stop-pfele-step1/3d176ac8da5e9dff208d057f4733ca91/tuple_102_10_IGq.root;/store/user/mario/QCD_Pt_250_350_EMEnriched_TuneZ2star_8TeV_pythia6/Summer12-stop-pfele-step1/3d176ac8da5e9dff208d057f4733ca91/tuple_186_9_9xE.root
parentFiles=
lumisRange=
>>> Executable cmsRun
/cvmfs/cms.cern.ch/slc5_amd64_gcc462/cms/cmssw/CMSSW_5_3_5/bin/slc5_amd64_gcc462/cmsRun
ok executable found
>>> info for dashboard:
***** Cat /home/cms067/home_crmrs_971283869/CREAM971283869/glide_EL7055/execute/dir_6256/jobreport.txt *****
MonitorJobID=43_https://submit-2.t2.ucsd.edu//121127//17634.1
MonitorID=liis_crab_0_121127_012714_evt312
ExeStart=cmsRun
***** End Cat jobreport *****
Parameters sent to Dashboard.
>>> cmsRun started at Tue Nov 27 09:51:00 UTC 2012
>>> cmsRun ended at Tue Nov 27 10:09:04 UTC 2012
>>> info for dashboard:
***** Cat /home/cms067/home_crmrs_971283869/CREAM971283869/glide_EL7055/execute/dir_6256/jobreport.txt *****
MonitorJobID=43_https://submit-2.t2.ucsd.edu//121127//17634.1
MonitorID=liis_crab_0_121127_012714_evt312
ExeEnd=cmsRun
***** End Cat jobreport *****
Parameters sent to Dashboard.
TIME_EXE = 1083 sec
>>> cmsRun wrote 146 lines of stdout+stderr
>>> START OF printout of 146 lines from stdout+stderr
27-Nov-2012 11:51:31 EET  Initiating request to open file file:/hdfs/cms/store/user/mario/QCD_Pt_250_350_EMEnriched_TuneZ2star_8TeV_pythia6/Summer12-stop-pfele-step1/3d176ac8da5e9dff208d057f4733ca91/tuple_94_3_P05.root
27-Nov-2012 11:51:44 EET  Successfully opened file file:/hdfs/cms/store/user/mario/QCD_Pt_250_350_EMEnriched_TuneZ2star_8TeV_pythia6/Summer12-stop-pfele-step1/3d176ac8da5e9dff208d057f4733ca91/tuple_94_3_P05.root
Begin processing the 1st record. Run 1, Event 247161398, LumiSection 67457 at 27-Nov-2012 11:52:16.373 EET
Begin processing the 1001st record. Run 1, Event 198479037, LumiSection 54171 at 27-Nov-2012 11:52:27.087 EET
Begin processing the 2001st record. Run 1, Event 252122789, LumiSection 68811 at 27-Nov-2012 11:52:34.746 EET
Begin processing the 3001st record. Run 1, Event 190887522, LumiSection 52099 at 27-Nov-2012 11:52:38.597 EET
Begin processing the 4001st record. Run 1, Event 199221525, LumiSection 54373 at 27-Nov-2012 11:52:50.234 EET
Begin processing the 5001st record. Run 1, Event 1648368, LumiSection 450 at 27-Nov-2012 11:52:54.402 EET
Begin processing the 6001st record. Run 1, Event 15685837, LumiSection 4282 at 27-Nov-2012 11:53:04.797 EET
Begin processing the 7001st record. Run 1, Event 13513943, LumiSection 3689 at 27-Nov-2012 11:53:08.994 EET
Begin processing the 8001st record. Run 1, Event 36525872, LumiSection 9969 at 27-Nov-2012 11:53:15.865 EET
Begin processing the 9001st record. Run 1, Event 72130454, LumiSection 19687 at 27-Nov-2012 11:53:19.628 EET
Begin processing the 10001st record. Run 1, Event 76687076, LumiSection 20930 at 27-Nov-2012 11:53:27.789 EET
Begin processing the 11001st record. Run 1, Event 81892734, LumiSection 22351 at 27-Nov-2012 11:53:36.342 EET
Begin processing the 12001st record. Run 1, Event 104896684, LumiSection 28630 at 27-Nov-2012 11:53:40.387 EET
Begin processing the 13001st record. Run 1, Event 108073502, LumiSection 29497 at 27-Nov-2012 11:53:48.593 EET
Begin processing the 14001st record. Run 1, Event 111624985, LumiSection 30466 at 27-Nov-2012 11:53:52.383 EET
27-Nov-2012 11:53:56 EET  Closed file file:/hdfs/cms/store/user/mario/QCD_Pt_250_350_EMEnriched_TuneZ2star_8TeV_pythia6/Summer12-stop-pfele-step1/3d176ac8da5e9dff208d057f4733ca91/tuple_94_3_P05.root
27-Nov-2012 11:53:56 EET  Initiating request to open file file:/hdfs/cms/store/user/mario/QCD_Pt_250_350_EMEnriched_TuneZ2star_8TeV_pythia6/Summer12-stop-pfele-step1/3d176ac8da5e9dff208d057f4733ca91/tuple_96_3_m1M.root
27-Nov-2012 11:53:56 EET  Successfully opened file file:/hdfs/cms/store/user/mario/QCD_Pt_250_350_EMEnriched_TuneZ2star_8TeV_pythia6/Summer12-stop-pfele-step1/3d176ac8da5e9dff208d057f4733ca91/tuple_96_3_m1M.root
Begin processing the 15001st record. Run 1, Event 101396288, LumiSection 27674 at 27-Nov-2012 11:54:55.318 EET
Begin processing the 16001st record. Run 1, Event 100920654, LumiSection 27544 at 27-Nov-2012 11:54:59.562 EET
Begin processing the 17001st record. Run 1, Event 220052912, LumiSection 60059 at 27-Nov-2012 11:55:12.012 EET
Begin processing the 18001st record. Run 1, Event 221381216, LumiSection 60421 at 27-Nov-2012 11:55:16.075 EET
Begin processing the 19001st record. Run 1, Event 223555812, LumiSection 61015 at 27-Nov-2012 11:55:23.600 EET
Begin processing the 20001st record. Run 1, Event 127748117, LumiSection 34866 at 27-Nov-2012 11:55:27.627 EET
Begin processing the 21001st record. Run 1, Event 212718679, LumiSection 58057 at 27-Nov-2012 11:55:33.498 EET
Begin processing the 22001st record. Run 1, Event 168098026, LumiSection 45879 at 27-Nov-2012 11:55:37.524 EET
Begin processing the 23001st record. Run 1, Event 209509904, LumiSection 57181 at 27-Nov-2012 11:55:47.394 EET
Begin processing the 24001st record. Run 1, Event 212856105, LumiSection 58094 at 27-Nov-2012 11:55:51.313 EET
Begin processing the 25001st record. Run 1, Event 221820072, LumiSection 60541 at 27-Nov-2012 11:56:03.298 EET
Begin processing the 26001st record. Run 1, Event 225290223, LumiSection 61488 at 27-Nov-2012 11:56:14.169 EET
Begin processing the 27001st record. Run 1, Event 14645458, LumiSection 3998 at 27-Nov-2012 11:56:18.410 EET
Begin processing the 28001st record. Run 1, Event 54357915, LumiSection 14836 at 27-Nov-2012 11:56:29.294 EET
Begin processing the 29001st record. Run 1, Event 96869107, LumiSection 26439 at 27-Nov-2012 11:56:33.316 EET
Begin processing the 30001st record. Run 1, Event 244027884, LumiSection 66602 at 27-Nov-2012 11:56:41.741 EET
Begin processing the 31001st record. Run 1, Event 212640047, LumiSection 58035 at 27-Nov-2012 11:56:45.820 EET
Begin processing the 32001st record. Run 1, Event 214821940, LumiSection 58631 at 27-Nov-2012 11:56:54.909 EET
Begin processing the 33001st record. Run 1, Event 223403897, LumiSection 60973 at 27-Nov-2012 11:56:59.068 EET
Begin processing the 34001st record. Run 1, Event 112343121, LumiSection 30662 at 27-Nov-2012 11:57:08.799 EET
Begin processing the 35001st record. Run 1, Event 149245484, LumiSection 40733 at 27-Nov-2012 11:57:13.030 EET
Begin processing the 36001st record. Run 1, Event 212598529, LumiSection 58024 at 27-Nov-2012 11:57:19.135 EET
Begin processing the 37001st record. Run 1, Event 240713023, LumiSection 65697 at 27-Nov-2012 11:57:25.329 EET
Begin processing the 38001st record. Run 1, Event 248779413, LumiSection 67899 at 27-Nov-2012 11:57:29.364 EET
Begin processing the 39001st record. Run 1, Event 259504764, LumiSection 70826 at 27-Nov-2012 11:57:35.538 EET
Begin processing the 40001st record. Run 1, Event 104046327, LumiSection 28397 at 27-Nov-2012 11:57:39.574 EET
27-Nov-2012 11:57:43 EET  Closed file file:/hdfs/cms/store/user/mario/QCD_Pt_250_350_EMEnriched_TuneZ2star_8TeV_pythia6/Summer12-stop-pfele-step1/3d176ac8da5e9dff208d057f4733ca91/tuple_96_3_m1M.root
27-Nov-2012 11:57:43 EET  Initiating request to open file file:/hdfs/cms/store/user/mario/QCD_Pt_250_350_EMEnriched_TuneZ2star_8TeV_pythia6/Summer12-stop-pfele-step1/3d176ac8da5e9dff208d057f4733ca91/tuple_100_9_Yf7.root
27-Nov-2012 11:57:43 EET  Successfully opened file file:/hdfs/cms/store/user/mario/QCD_Pt_250_350_EMEnriched_TuneZ2star_8TeV_pythia6/Summer12-stop-pfele-step1/3d176ac8da5e9dff208d057f4733ca91/tuple_100_9_Yf7.root
Begin processing the 41001st record. Run 1, Event 114403163, LumiSection 31224 at 27-Nov-2012 11:58:45.888 EET
Begin processing the 42001st record. Run 1, Event 137913609, LumiSection 37641 at 27-Nov-2012 11:58:50.007 EET
Begin processing the 43001st record. Run 1, Event 5691715, LumiSection 1554 at 27-Nov-2012 11:58:56.521 EET
Begin processing the 44001st record. Run 1, Event 7897294, LumiSection 2156 at 27-Nov-2012 11:59:00.542 EET
Begin processing the 45001st record. Run 1, Event 13738413, LumiSection 3750 at 27-Nov-2012 11:59:06.323 EET
Begin processing the 46001st record. Run 1, Event 13981813, LumiSection 3816 at 27-Nov-2012 11:59:10.330 EET
Begin processing the 47001st record. Run 1, Event 27868693, LumiSection 7607 at 27-Nov-2012 11:59:20.778 EET
Begin processing the 48001st record. Run 1, Event 23861661, LumiSection 6513 at 27-Nov-2012 11:59:24.868 EET
Begin processing the 49001st record. Run 1, Event 32164963, LumiSection 8779 at 27-Nov-2012 11:59:38.124 EET
Begin processing the 50001st record. Run 1, Event 36840975, LumiSection 10055 at 27-Nov-2012 11:59:44.743 EET
Begin processing the 51001st record. Run 1, Event 39609119, LumiSection 10811 at 27-Nov-2012 11:59:48.740 EET
Begin processing the 52001st record. Run 1, Event 39666615, LumiSection 10827 at 27-Nov-2012 12:00:03.394 EET
Begin processing the 53001st record. Run 1, Event 21120639, LumiSection 5765 at 27-Nov-2012 12:00:07.336 EET
Begin processing the 54001st record. Run 1, Event 11675440, LumiSection 3187 at 27-Nov-2012 12:00:16.640 EET
Begin processing the 55001st record. Run 1, Event 11742830, LumiSection 3205 at 27-Nov-2012 12:00:20.576 EET
Begin processing the 56001st record. Run 1, Event 14655913, LumiSection 4000 at 27-Nov-2012 12:00:30.145 EET
Begin processing the 57001st record. Run 1, Event 33922668, LumiSection 9259 at 27-Nov-2012 12:00:40.182 EET
Begin processing the 58001st record. Run 1, Event 35971927, LumiSection 9818 at 27-Nov-2012 12:00:44.182 EET
Begin processing the 59001st record. Run 1, Event 36760355, LumiSection 10033 at 27-Nov-2012 12:00:58.012 EET
Begin processing the 60001st record. Run 1, Event 1733807, LumiSection 474 at 27-Nov-2012 12:01:02.020 EET
Begin processing the 61001st record. Run 1, Event 13767686, LumiSection 3758 at 27-Nov-2012 12:01:08.150 EET
Begin processing the 62001st record. Run 1, Event 25486274, LumiSection 6956 at 27-Nov-2012 12:01:12.177 EET
Begin processing the 63001st record. Run 1, Event 29544123, LumiSection 8064 at 27-Nov-2012 12:01:21.290 EET
Begin processing the 64001st record. Run 1, Event 34967123, LumiSection 9544 at 27-Nov-2012 12:01:25.240 EET
Begin processing the 65001st record. Run 1, Event 36898654, LumiSection 10071 at 27-Nov-2012 12:01:40.311 EET
Begin processing the 66001st record. Run 1, Event 37976136, LumiSection 10365 at 27-Nov-2012 12:01:44.252 EET
27-Nov-2012 12:01:55 EET  Closed file file:/hdfs/cms/store/user/mario/QCD_Pt_250_350_EMEnriched_TuneZ2star_8TeV_pythia6/Summer12-stop-pfele-step1/3d176ac8da5e9dff208d057f4733ca91/tuple_100_9_Yf7.root
27-Nov-2012 12:01:55 EET  Initiating request to open file file:/hdfs/cms/store/user/mario/QCD_Pt_250_350_EMEnriched_TuneZ2star_8TeV_pythia6/Summer12-stop-pfele-step1/3d176ac8da5e9dff208d057f4733ca91/tuple_102_10_IGq.root
27-Nov-2012 12:01:55 EET  Successfully opened file file:/hdfs/cms/store/user/mario/QCD_Pt_250_350_EMEnriched_TuneZ2star_8TeV_pythia6/Summer12-stop-pfele-step1/3d176ac8da5e9dff208d057f4733ca91/tuple_102_10_IGq.root
Begin processing the 67001st record. Run 1, Event 81764531, LumiSection 22316 at 27-Nov-2012 12:02:42.167 EET
Begin processing the 68001st record. Run 1, Event 85451461, LumiSection 23322 at 27-Nov-2012 12:02:50.375 EET
Begin processing the 69001st record. Run 1, Event 97214553, LumiSection 26533 at 27-Nov-2012 12:02:57.991 EET
Begin processing the 70001st record. Run 1, Event 131119288, LumiSection 35786 at 27-Nov-2012 12:03:02.189 EET
Begin processing the 71001st record. Run 1, Event 1779678, LumiSection 486 at 27-Nov-2012 12:03:07.516 EET
Begin processing the 72001st record. Run 1, Event 6060076, LumiSection 1654 at 27-Nov-2012 12:03:11.287 EET
Begin processing the 73001st record. Run 1, Event 6020839, LumiSection 1644 at 27-Nov-2012 12:03:24.308 EET
Begin processing the 74001st record. Run 1, Event 6134966, LumiSection 1675 at 27-Nov-2012 12:03:28.105 EET
Begin processing the 75001st record. Run 1, Event 21103762, LumiSection 5760 at 27-Nov-2012 12:03:37.141 EET
Begin processing the 76001st record. Run 1, Event 38198000, LumiSection 10426 at 27-Nov-2012 12:03:41.143 EET
Begin processing the 77001st record. Run 1, Event 93522045, LumiSection 25525 at 27-Nov-2012 12:03:50.204 EET
Begin processing the 78001st record. Run 1, Event 91917827, LumiSection 25087 at 27-Nov-2012 12:03:57.023 EET
Begin processing the 79001st record. Run 1, Event 98030546, LumiSection 26756 at 27-Nov-2012 12:04:00.919 EET
Begin processing the 80001st record. Run 1, Event 135056667, LumiSection 36861 at 27-Nov-2012 12:04:09.359 EET
Begin processing the 81001st record. Run 1, Event 164351766, LumiSection 44856 at 27-Nov-2012 12:04:13.149 EET
Begin processing the 82001st record. Run 1, Event 17918376, LumiSection 4891 at 27-Nov-2012 12:04:24.573 EET
Begin processing the 83001st record. Run 1, Event 18657110, LumiSection 5093 at 27-Nov-2012 12:04:28.626 EET
Begin processing the 84001st record. Run 1, Event 27776556, LumiSection 7581 at 27-Nov-2012 12:04:41.085 EET
Begin processing the 85001st record. Run 1, Event 33870983, LumiSection 9245 at 27-Nov-2012 12:04:44.977 EET
Begin processing the 86001st record. Run 1, Event 26277818, LumiSection 7172 at 27-Nov-2012 12:04:52.915 EET
Begin processing the 87001st record. Run 1, Event 36044738, LumiSection 9838 at 27-Nov-2012 12:05:04.491 EET
Begin processing the 88001st record. Run 1, Event 5909054, LumiSection 1613 at 27-Nov-2012 12:05:08.520 EET
Begin processing the 89001st record. Run 1, Event 7432400, LumiSection 2029 at 27-Nov-2012 12:05:19.726 EET
Begin processing the 90001st record. Run 1, Event 6143995, LumiSection 1677 at 27-Nov-2012 12:05:23.710 EET
Begin processing the 91001st record. Run 1, Event 8128398, LumiSection 2219 at 27-Nov-2012 12:05:29.247 EET
Begin processing the 92001st record. Run 1, Event 92122849, LumiSection 25143 at 27-Nov-2012 12:05:32.948 EET
27-Nov-2012 12:05:37 EET  Closed file file:/hdfs/cms/store/user/mario/QCD_Pt_250_350_EMEnriched_TuneZ2star_8TeV_pythia6/Summer12-stop-pfele-step1/3d176ac8da5e9dff208d057f4733ca91/tuple_102_10_IGq.root
27-Nov-2012 12:05:37 EET  Initiating request to open file file:/hdfs/cms/store/user/mario/QCD_Pt_250_350_EMEnriched_TuneZ2star_8TeV_pythia6/Summer12-stop-pfele-step1/3d176ac8da5e9dff208d057f4733ca91/tuple_186_9_9xE.root
27-Nov-2012 12:05:37 EET  Successfully opened file file:/hdfs/cms/store/user/mario/QCD_Pt_250_350_EMEnriched_TuneZ2star_8TeV_pythia6/Summer12-stop-pfele-step1/3d176ac8da5e9dff208d057f4733ca91/tuple_186_9_9xE.root
Begin processing the 93001st record. Run 1, Event 122568261, LumiSection 33453 at 27-Nov-2012 12:06:28.940 EET
Begin processing the 94001st record. Run 1, Event 144252180, LumiSection 39371 at 27-Nov-2012 12:06:32.869 EET
Begin processing the 95001st record. Run 1, Event 69408862, LumiSection 18944 at 27-Nov-2012 12:06:41.786 EET
Begin processing the 96001st record. Run 1, Event 88006484, LumiSection 24020 at 27-Nov-2012 12:06:45.572 EET
Begin processing the 97001st record. Run 1, Event 166642512, LumiSection 45482 at 27-Nov-2012 12:06:54.936 EET
Begin processing the 98001st record. Run 1, Event 16919525, LumiSection 4618 at 27-Nov-2012 12:06:58.676 EET
Begin processing the 99001st record. Run 1, Event 26935016, LumiSection 7352 at 27-Nov-2012 12:07:11.947 EET
Begin processing the 100001st record. Run 1, Event 35454473, LumiSection 9677 at 27-Nov-2012 12:07:16.083 EET
Begin processing the 101001st record. Run 1, Event 72429822, LumiSection 19768 at 27-Nov-2012 12:07:24.753 EET
Begin processing the 102001st record. Run 1, Event 101801793, LumiSection 27785 at 27-Nov-2012 12:07:37.412 EET
Begin processing the 103001st record. Run 1, Event 108585626, LumiSection 29636 at 27-Nov-2012 12:07:41.450 EET
Begin processing the 104001st record. Run 1, Event 153126610, LumiSection 41793 at 27-Nov-2012 12:07:46.576 EET
Begin processing the 105001st record. Run 1, Event 195139819, LumiSection 53259 at 27-Nov-2012 12:07:50.682 EET
Begin processing the 106001st record. Run 1, Event 201982153, LumiSection 55127 at 27-Nov-2012 12:08:04.180 EET
Begin processing the 107001st record. Run 1, Event 224673870, LumiSection 61320 at 27-Nov-2012 12:08:08.182 EET
Begin processing the 108001st record. Run 1, Event 10891628, LumiSection 2973 at 27-Nov-2012 12:08:21.352 EET
Begin processing the 109001st record. Run 1, Event 19499130, LumiSection 5322 at 27-Nov-2012 12:08:25.272 EET
Begin processing the 110001st record. Run 1, Event 47574210, LumiSection 12985 at 27-Nov-2012 12:08:41.857 EET
Begin processing the 111001st record. Run 1, Event 56574301, LumiSection 15441 at 27-Nov-2012 12:08:45.741 EET
Begin processing the 112001st record. Run 1, Event 61037890, LumiSection 16659 at 27-Nov-2012 12:09:00.587 EET
27-Nov-2012 12:09:02 EET  Closed file file:/hdfs/cms/store/user/mario/QCD_Pt_250_350_EMEnriched_TuneZ2star_8TeV_pythia6/Summer12-stop-pfele-step1/3d176ac8da5e9dff208d057f4733ca91/tuple_186_9_9xE.root

=============================================

MessageLogger Summary

 type     category        sev    module        subroutine        count    total
 ---- -------------------- -- ---------------- ----------------  -----    -----
    1 fileAction           -s file_close                             5        5
    2 fileAction           -s file_open                             10       10

 type    category    Examples: run/evt        run/evt          run/evt
 ---- -------------------- ---------------- ---------------- ----------------
    1 fileAction           PostProcessEvent PostProcessEvent PostEndRun
    2 fileAction           pre-events       pre-events       PostProcessEvent

Severity    # Occurrences   Total Occurrences
--------    -------------   -----------------
System                 15                  15
>>> END OF printout of 146 lines from stdout+stderr
>>> Parse FrameworkJobReport crab_fjr.xml
Result of parsing the FrameworkJobReport crab_fjr.xml: Popularity start
lumisRange : 1::101,450,493,519,1112,1250,1947,2077,3436,3534,3540,3689,3807,4282,4742,6828,8519,8716,9035,9969,16408,16545,16747,16823,17706,18488,18628,19687,19949,20323,20326,20412,20930,20946,22054,22215,22317,22351,22908,23072,24474,27482,28058,28416,28480,28630,28643,28653,29114,29497,30001,30089,30268,30466,30468,30559,30727,30744,30749,30774,31800,34372,35702,41677,51442,51445,52079,52099,53587-53588,53700,53926,53941-53942,53967,53980,53991,54171,54181,54372-54373,66620,66648,67457,67476,67486,68386,68811,68832,69147,69353,69684,70700,70791,70851,70857::1;1::451,470,474,500,657,720,1548,1554,1557,1562,1642,1845,1885,1923,2083,2088,2152,2156,2301,2375,2388,2404,2416,2493,3019,3030,3032,3161,3171,3187,3205,3211,3231,3261,3750,3753,3758,3770,3810,3816,3944,3992,4000,4030,4033,4036,4041,4043,4147,4293,4295,4499,4512,4521,4685,4693,4703,5084,5092,5102,5765,6164,6171,6178,6368,6513-6514,6724,6733,6956-6957,7366,7607,7610,7622,7820,7826,8064,8463,8471,8477,8510,8779,9193,9205,9243-9244,9252,9254-9255,9259-9260,9527-9528,9537,9544-9545,9549,9556,9818,9831,9870,9927,9942,10002,10015,10022,10025,10027,10033,10037,10041,10055,10071,10074,10131,10151,10153,10252,10260-10262,10357,10360-10361,10365,10428,10431,10440,10448,10506,10585,10597,10659,10745,10802,10806,10811,10813,10821,10823,10826-10829,10844,10943,11238,11246,11263,13175,13652,13834,20881,31224,32718-32719,32788,32792,34355,35660,36090,37641,44075,46035::2;1::679,1474,3378,3982,3998,10028,10257,14424,14445,14731,14836,24860,24925,24935,24967,25397,25468,26243,26439,26443-26444,26450,26485,26491,26496,26629,26749,26771,26990,27125,27478,27504,27513,27524,27543-27544,27628,27674,27981,27999,28042,28243,28272,28397,30129,30662,31222,32085,33096,34250,34866,34950,35765,37319,37972,38273,38463,40381,40524,40659,40733,41204,41607,41642,41675,41917,42102,43457,43460-43461,43467,43883-43884,44569,44608,45645,45879,46365,46477,46705,47393-47394,48599,56118,56721,57100,57181-57182,57204,57210,57219,57632,57644,58011,58024,58035,58050,58053,58057,58063,58071,58094,58317,58332,58344,58393,58594,58626,58630-58631,58718,58720,58843-58844,58959,60042,60044,60059,60113,60185,60205,60232,60239,60317,60404,60421,60432,60539,60541,60685,60821,60824,60878,60888,60973,60995-60996,61000,61015-61016,61019,61049,61063,61078,61109,61114,61196,61488,61493,64075,64089,64124,64164,64561,65697,66602,66746,66918,67847,67899,69373,69775,69821,69823,69863,70268,70826,70918,71871::3;1::88,196,2973-2974,3308-3309,4095,4149,4426,4590,4618,5032,5309,5314,5322,5985,6028,6035,6593,6665,7306,7314,7318,7352,7491,7565,7852,8748,8859,9142,9662,9677,9744,10966,11388,12523-12524,12985,12988,14120,14137,14184,14567,15432-15433,15441,15493,15659,16387-16388,16460,16482,16602,16659,16862-16863,18541,18582,18944,19768,20357,20810,22498,23520,23832,24020,24144,25538,27785,28002,28727,28780,28782,29386-29387,29488,29636,30004,31073,31586,31733,31803,32935,33217,33236,33453,33661,35309,35510,35691,38075,38807,38852,38896,39175,39199,39371,41793,42725,44623,45482,48987,50405,51246,53080,53259,53308,53330,54403,54865,54874,54898,55127,55171,55949,56622,57385,57846,58972,58996,59814,61320,61853,61873,65062::4;1::469,486,1490,1538,1560,1573,1601,1608,1613,1620,1632-1635,1638-1641,1644-1645,1653-1654,1665,1667,1670,1673,1675,1677,1681,1821,1823,1858,1865,2029,2035,2200,2219,2297,2450,2483,2485,3008,3026,3195,3198,3220,3246,3329,3338,3341,3756,4026,4044,4292,4379,4497,4690,4868,4891,5093,5114,5120,5246,5760,5857,6184,6364,6366-6367,6379,6722,6870,6952,6973,7172,7367,7375,7410-7411,7581,7839,8058,8282,8497,8531,8688,9245,9546,9552,9838,9840-9841,10038,10044,10426,11637,12946,13031,14379,14402,14765,14887,14898,20761,20874,21546,21551,21718,21731,22316,22720,22933,22995,23055,23322,23479,23564,23571,23688,23975,24955,25023,25047,25053,25057,25066,25087,25143,25220,25225,25231,25437-25438,25450,25525,25933,25949,25961,26533,26661,26744,26756,26767,27238,27577,28427,28541,30682,30690,31235,33031,33370,33741,35786,36230,36861,36871,37160,37165,42861,43913,43916,44856,48353,48590,50268,50703,51529::5;
lumisParentRange : 
Basename : /store/user/mario/QCD_Pt_250_350_EMEnriched_TuneZ2star_8TeV_pythia6/Summer12-stop-pfele-step1/3d176ac8da5e9dff208d057f4733ca91/tuple_
BasenameParent : 
parentFiles : 
inputBlocks : /QCD_Pt_250_350_EMEnriched_TuneZ2star_8TeV_pythia6/mario-Summer12-stop-pfele-step1-3d176ac8da5e9dff208d057f4733ca91/USER#89723d11-1f9b-42cd-94f4-feb0ac97b54e
inputFiles : 94_3_P05.root::1::EDM::Local::1;100_9_Yf7.root::1::EDM::Local::2;96_3_m1M.root::1::EDM::Local::3;186_9_9xE.root::1::EDM::Local::4;102_10_IGq.root::1::EDM::Local::5;
Popularity stop
Extracted ExitStatus from FrameworkJobReport parsing output: 0
>>> Executable succeded  0
ExeExitCode=0
EXECUTABLE_EXIT_STATUS = 0
>>> current directory /home/cms067/home_crmrs_971283869/CREAM971283869/glide_EL7055/execute/dir_6256/CMSSW_5_3_5
>>>  (SOFTWARE_DIR): /home/cms067/home_crmrs_971283869/CREAM971283869/glide_EL7055/execute/dir_6256/CMSSW_5_3_5
>>> (WORKING_DIR): 
>>> current directory content:
total 160
drwxr-xr-x 3 cms067 cms  4096 Nov 27 11:50 .SCRAM
-rw-r--r-- 1 cms067 cms 30066 Nov 27 11:50 CMSSW.py.pkl
drwxr-xr-x 3 cms067 cms  4096 Nov 27 11:50 bin
drwxr-xr-x 3 cms067 cms  4096 Nov 27 11:50 cfipython
drwxr-xr-x 5 cms067 cms  4096 Nov 27 11:50 config
-rw-r--r-- 1 cms067 cms    17 Nov 27 12:09 cpu_timing.txt
drwxr-xr-x 2 cms067 cms  4096 Nov 27 11:50 doc
-rw-r--r-- 1 cms067 cms 16409 Nov 27 12:09 executable.out
drwxr-xr-x 2 cms067 cms  4096 Nov 27 11:50 include
drwxrwxrwx 3 cms067 cms  4096 Oct 22 16:38 lib
drwxr-xr-x 3 cms067 cms  4096 Nov 27 11:50 logs
drwxr-xr-x 3 cms067 cms  4096 Nov 27 11:50 objs
-rw-r--r-- 1 cms067 cms 18127 Nov 27 12:09 optHistograms.root
-rw-r--r-- 1 cms067 cms   104 Nov 27 11:50 pset.py
-rw-r--r-- 1 cms067 cms 19508 Nov 27 11:50 pset.py.pkl
-rw-r--r-- 1 cms067 cms   289 Nov 27 11:50 pset.pyc
drwxr-xr-x 2 cms067 cms  4096 Nov 27 11:50 python
-rw-r--r-- 1 cms067 cms   417 Nov 27 12:09 report.log
drwxrwxrwx 4 cms067 cms  4096 Nov 27 11:50 src
drwxr-xr-x 3 cms067 cms  4096 Nov 27 11:50 test
drwxr-xr-x 3 cms067 cms  4096 Nov 27 11:50 tmp
>>> current directory /home/cms067/home_crmrs_971283869/CREAM971283869/glide_EL7055/execute/dir_6256/CMSSW_5_3_5
>>> (SOFTWARE_DIR): /home/cms067/home_crmrs_971283869/CREAM971283869/glide_EL7055/execute/dir_6256/CMSSW_5_3_5
>>> (WORKING_DIR): 
>>> current directory content:
total 140
drwxr-xr-x 3 cms067 cms  4096 Nov 27 11:50 .SCRAM
-rw-r--r-- 1 cms067 cms 30066 Nov 27 11:50 CMSSW.py.pkl
drwxr-xr-x 3 cms067 cms  4096 Nov 27 11:50 bin
drwxr-xr-x 3 cms067 cms  4096 Nov 27 11:50 cfipython
drwxr-xr-x 5 cms067 cms  4096 Nov 27 11:50 config
-rw-r--r-- 1 cms067 cms    17 Nov 27 12:09 cpu_timing.txt
drwxr-xr-x 2 cms067 cms  4096 Nov 27 11:50 doc
-rw-r--r-- 1 cms067 cms 16409 Nov 27 12:09 executable.out
drwxr-xr-x 2 cms067 cms  4096 Nov 27 11:50 include
drwxrwxrwx 3 cms067 cms  4096 Oct 22 16:38 lib
drwxr-xr-x 3 cms067 cms  4096 Nov 27 11:50 logs
drwxr-xr-x 3 cms067 cms  4096 Nov 27 11:50 objs
-rw-r--r-- 1 cms067 cms   104 Nov 27 11:50 pset.py
-rw-r--r-- 1 cms067 cms 19508 Nov 27 11:50 pset.py.pkl
-rw-r--r-- 1 cms067 cms   289 Nov 27 11:50 pset.pyc
drwxr-xr-x 2 cms067 cms  4096 Nov 27 11:50 python
-rw-r--r-- 1 cms067 cms   417 Nov 27 12:09 report.log
drwxrwxrwx 4 cms067 cms  4096 Nov 27 11:50 src
drwxr-xr-x 3 cms067 cms  4096 Nov 27 11:50 test
drwxr-xr-x 3 cms067 cms  4096 Nov 27 11:50 tmp
>>> current directory (RUNTIME_AREA):  /home/cms067/home_crmrs_971283869/CREAM971283869/glide_EL7055/execute/dir_6256
>>> current dir: /home/cms067/home_crmrs_971283869/CREAM971283869/glide_EL7055/execute/dir_6256
>>> current dir content:
total 25800
-rw-rw-rw-  1 cms067 cms     5569 Nov 27 11:46 .job.ad
-rw-rw-rw-  1 cms067 cms    11331 Nov 27 11:46 .machine.ad
-rw-rw-rw-  1 cms067 cms      105 Nov 27 01:27 CMSSW.py
-rw-rw-rw-  1 cms067 cms    30066 Nov 27 01:27 CMSSW.py.pkl
-rwxrw-rw-  1 cms067 cms    23341 Nov 27 11:50 CMSSW.sh
-rw-rw-rw-  1 cms067 cms        0 Nov 27 11:50 CMSSW_43.stderr
-rw-rw-rw-  1 cms067 cms    32490 Nov 27 12:09 CMSSW_43.stdout
drwxr-xr-x 15 cms067 cms     4096 Nov 27 12:09 CMSSW_5_3_5
-rw-r--r--  1 cms067 cms      346 Nov 27 11:50 CacheEnv.sh
-rw-rw-rw-  1 cms067 cms     7291 Jun  9  2010 DashboardAPI.py
-rw-r--r--  1 cms067 cms     6868 Nov 27 11:50 DashboardAPI.pyc
drwxrwxrwx  3 cms067 cms     4096 Nov 27 12:09 IMProv
-rw-rw-rw-  1 cms067 cms     2748 Mar  8  2006 Logger.py
-rw-r--r--  1 cms067 cms     3348 Nov 27 11:50 Logger.pyc
-rw-rw-rw-  1 cms067 cms    24524 Mar 28  2008 ProcInfo.py
-rw-r--r--  1 cms067 cms    23446 Nov 27 11:50 ProcInfo.pyc
drwxrwxrwx  7 cms067 cms     4096 Nov 27 11:50 ProdCommon
drwxrwxrwx  3 cms067 cms     4096 Nov 27 11:50 WMCore
-rw-r--r--  1 cms067 cms     2976 Nov 27 12:00 Watchdog_43.log
-rw-rw-rw-  1 cms067 cms    32895 Mar 28  2008 apmon.py
-rw-r--r--  1 cms067 cms    28845 Nov 27 11:50 apmon.pyc
-rw-rw-rw-  1 cms067 cms   105070 Nov 27 11:50 arguments.xml
-rwxrwxrwx  1 cms067 cms    37427 Sep 13 14:14 cmscp.py
-rwxrwxrwx  1 cms067 cms    23341 Nov 27 11:50 condor_exec.exe
-rw-rw-rw-  1 cms067 cms      546 Nov 27 01:27 crab.cfg
-rwxrwxrwx  1 cms067 cms     9531 Sep 20 21:46 crabWatchdog.sh
-rw-r--r--  1 cms067 cms    49725 Nov 27 12:09 crab_fjr_43.xml
-rw-rw-rw-  1 cms067 cms 25796300 Nov 27 11:50 default.tgz
-rwxrwxrwx  1 cms067 cms     4488 May 12  2012 fillCrabFjr.py
-rw-r--r--  1 cms067 cms      945 Nov 27 11:50 inputsReport.txt
-rw-r--r--  1 cms067 cms      132 Nov 27 12:09 jobreport.txt
lrwxrwxrwx  1 cms067 cms      106 Nov 27 12:09 optHistograms.root -> /home/cms067/home_crmrs_971283869/CREAM971283869/glide_EL7055/execute/dir_6256/optHistograms_43_2_tmN.root
-rw-r--r--  1 cms067 cms    18127 Nov 27 12:09 optHistograms_43_2_tmN.root
-rw-rw-rw-  1 cms067 cms    17352 Jan 20  2012 parseCrabFjr.py
-rw-r--r--  1 cms067 cms      281 Nov 27 11:50 report.log
-rwxrwxrwx  1 cms067 cms     1497 May 27  2009 report.py
-rwxrwxrwx  1 cms067 cms     8387 Mar 23  2011 writeCfg.py
-rw-------  1 cms067 cms     8687 Nov 27 11:50 x509up_u1000009
Checking output files:  
will tar file optHistograms_43_2_tmN.root in  out_files_43
will tar file crab_fjr_43.xml in  out_files_43
will tar file CMSSW_43.stdout in  out_files_43
will tar file CMSSW_43.stderr in  out_files_43
WARNING: output file Watchdog_43.log.gz not found!
>>> padding time: Wrapper lasting more than 600 seconds. No sleep required.
STOPPING WATCHDOG. CrabWatchdog PID is 13177
********** LAST 50 LINES OF WATCHDOG LOG
# RESOURCE USAGE SUMMARY FOR PROCESS ID  9253
USER       PID %CPU %MEM    VSZ   RSS TTY      STAT START   TIME COMMAND
cms067    9253  0.3  0.0   8956  1488 ?        S    11:50   0:00 /bin/sh /home/cms067/home_crmrs_971283869/CREAM971283869/glide_EL7055/execute/dir_6256/condor_exec.exe 43 2
 
# LIMITS USED BY THIS WATCHDOG:
# RSS  (KBytes)  : 2300000
# VSZ  (KBytes)  : 100000000
# DISK (MBytes)  : 19000
# CPU  (seconds) : 171600
# WALL (seconds) : 171600
 
# FOLLOWING PRINTOUT TRACKS MAXIMUM VALUES OF RESOURCES USE
# ONE LINE IS PRINTED EACH TIME A MAXIMUM CHANGES
# IF CHANGE WAS IN RSS OR VSZ ALSO PROCID AND COMMAND ARE PRINTED
# THERE IS NO PRINTOUT FOR CPU/WALL TIME INCREASE
 
# TIME			PID	RSS(KB)	VSZ(KB)	Dsk(MB)	tCPU(s)	tWALL(s)	COMMAND
 Nov 27 11:50:43 EET	6251	2532	4584	0	0	274	condor_procd -A /home/cms067/home_crmrs_971283869/CREAM971283869/glide_EL7055/log/procd_address.STARTD -L /home/cms067/home_crmrs_971283869/CREAM971283869/glide_EL7055/log/ProcLog.STARTD -R 10000000 -S 60 -C
 Nov 27 11:50:43 EET	6256	5420	9504	0	0	274	condor_starter -f submit-2.t2.ucsd.edu       
 Nov 27 11:50:43 EET	6957	5420	25504	0	0	715	perl -e ?use Socket;??sub send_notify {? $cream_url = "193.40.150.251:49152";die "No
 Nov 27 11:50:43 EET	13652	5464	25504	0	0	702	/home/cms067/home_crmrs_971283869/CREAM971283869/glide_EL7055/main/condor/sbin/condor_master -f -pidfile /home/cms067/home_crmrs_971283869/CREAM971283869/glide_EL7055/condor_master2.pid      
 Nov 27 11:50:43 EET	13654	5728	25504	0	0	700	condor_startd -f        
 Nov 27 11:50:43 EET	---	5728	25504	168	----	----	----
 Nov 27 11:51:50 EET	15088	250636	384896	168	17	56	cmsRun -j /home/cms067/home_crmrs_971283869/CREAM971283869/glide_EL7055/execute/dir_6256/crab_fjr_43.xml -p pset.py     
 Nov 27 11:52:57 EET	15088	360360	563560	168	49	124	cmsRun -j /home/cms067/home_crmrs_971283869/CREAM971283869/glide_EL7055/execute/dir_6256/crab_fjr_43.xml -p pset.py     
 Nov 27 11:55:16 EET	15088	365632	565352	168	104	264	cmsRun -j /home/cms067/home_crmrs_971283869/CREAM971283869/glide_EL7055/execute/dir_6256/crab_fjr_43.xml -p pset.py     
 Nov 27 11:56:26 EET	15088	366080	565352	168	143	332	cmsRun -j /home/cms067/home_crmrs_971283869/CREAM971283869/glide_EL7055/execute/dir_6256/crab_fjr_43.xml -p pset.py     
 Nov 27 11:57:33 EET	15088	366116	565352	168	190	400	cmsRun -j /home/cms067/home_crmrs_971283869/CREAM971283869/glide_EL7055/execute/dir_6256/crab_fjr_43.xml -p pset.py     
 Nov 27 11:58:41 EET	15088	366468	566632	168	196	466	cmsRun -j /home/cms067/home_crmrs_971283869/CREAM971283869/glide_EL7055/execute/dir_6256/crab_fjr_43.xml -p pset.py     
 Nov 27 11:59:47 EET	15088	366916	566888	168	238	532	cmsRun -j /home/cms067/home_crmrs_971283869/CREAM971283869/glide_EL7055/execute/dir_6256/crab_fjr_43.xml -p pset.py     
 Nov 27 12:00:53 EET	15088	367348	567144	168	269	598	cmsRun -j /home/cms067/home_crmrs_971283869/CREAM971283869/glide_EL7055/execute/dir_6256/crab_fjr_43.xml -p pset.py     
********** WATCHDOG LOG ENDED
ZIPPING WATCHDOG LOG
Disk space used:
du -sh /home/cms067/home_crmrs_971283869/CREAM971283869/glide_EL7055/execute/dir_6256
169M	/home/cms067/home_crmrs_971283869/CREAM971283869/glide_EL7055/execute/dir_6256
>>> info for dashboard:
***** Cat /home/cms067/home_crmrs_971283869/CREAM971283869/glide_EL7055/execute/dir_6256/jobreport.txt *****
MonitorJobID=43_https://submit-2.t2.ucsd.edu//121127//17634.1
MonitorID=liis_crab_0_121127_012714_evt312
ExeTime=1083
ExeExitCode=0
CrabUserCpuTime=466.38
CrabSysCpuTime=18.74
CrabCpuPercentage=44%
CrabWrapperTime=1149
CrabStageoutTime=NULL
***** End Cat jobreport *****
Parameters sent to Dashboard.
optHistograms_43_2_tmN.root
crab_fjr_43.xml
CMSSW_43.stdout
CMSSW_43.stderr
Watchdog_43.log.gz
tar: .BrokerInfo: Cannot stat: No such file or directory
tar: Error exit delayed from previous errors
Total Output dimension: 30217
WARNING: output files size limit is set to: 50000000
Total Output dimension 30217 is fine.
JOB_EXIT_STATUS = 0
>>> info for dashboard:
***** Cat /home/cms067/home_crmrs_971283869/CREAM971283869/glide_EL7055/execute/dir_6256/jobreport.txt *****
MonitorJobID=43_https://submit-2.t2.ucsd.edu//121127//17634.1
MonitorID=liis_crab_0_121127_012714_evt312
JobExitCode=0
***** End Cat jobreport *****
Parameters sent to Dashboard.
optHistograms_43_2_tmN.root
crab_fjr_43.xml
