This script was generated by crab (version 2.8.3).
Running /home/cms078/home_creur_188025732/CREAM188025732/glide_l12750/execute/dir_16141/condor_exec.exe with 2 positional parameters: 89 1
Today is Tue Nov 27 02:18:42 EET 2012
Job submitted on host wn-v-4592.local
Linux wn-v-4592.local 2.6.32-042stab059.7 #1 SMP Tue Jul 24 19:12:01 MSK 2012 x86_64 x86_64 x86_64 GNU/Linux
>>> current directory (RUNTIME_AREA): /home/cms078/home_creur_188025732/CREAM188025732/glide_l12750/execute/dir_16141
>>> current user: uid=11078(cms078) gid=1400(cms) groups=1400(cms)
>>> voms proxy information:
subject   : /DC=ch/DC=cern/OU=Organic Units/OU=Users/CN=liis/CN=663550/CN=Liis Rebane/CN=proxy/CN=limited proxy
issuer    : /DC=ch/DC=cern/OU=Organic Units/OU=Users/CN=liis/CN=663550/CN=Liis Rebane/CN=proxy
identity  : /DC=ch/DC=cern/OU=Organic Units/OU=Users/CN=liis/CN=663550/CN=Liis Rebane/CN=proxy
type      : limited proxy
strength  : 512 bits
path      : /home/cms078/home_creur_188025732/CREAM188025732/glide_l12750/execute/dir_16141/x509up_u1000009
timeleft  : 23:58:55
key usage : Digital Signature, Key Encipherment, Data Encipherment
=== VO cms extension information ===
VO        : cms
subject   : /DC=ch/DC=cern/OU=Organic Units/OU=Users/CN=liis/CN=663550/CN=Liis Rebane
issuer    : /DC=ch/DC=cern/OU=computers/CN=lcg-voms.cern.ch
attribute : /cms/Role=NULL/Capability=NULL
timeleft  : 191:06:55
uri       : lcg-voms.cern.ch:15002
>>> tar xzf /home/cms078/home_creur_188025732/CREAM188025732/glide_l12750/execute/dir_16141/default.tgz :
Successful untar
>>> Include /home/cms078/home_creur_188025732/CREAM188025732/glide_l12750/execute/dir_16141 in PYTHONPATH:
strip arguments
env var CRAB_UNIQUE_JOB_ID set to: liis_crab_0_121127_012714_evt312_89_1_UBR
out_files_89
>>> list of expected files on output sandbox
output files: optHistograms_89_1_UBR.root crab_fjr_89.xml CMSSW_89.stdout CMSSW_89.stderr Watchdog_89.log.gz
>>> GridFlavour discovery: 
GridFlavour=LCG
>>> SyncSite discovery: 
SyncSite=T2_EE_Estonia
>>> SyncCE discovery: 
getting SyncCE from CE_ID
SyncCE=europa.hep.kbfi.ee:8443/cream-pbs-long
>>> info for dashboard:
***** Cat /home/cms078/home_creur_188025732/CREAM188025732/glide_l12750/execute/dir_16141/jobreport.txt *****
MonitorJobID=89_https://submit-2.t2.ucsd.edu//121127//17529.88
SyncGridJobId=https://submit-2.t2.ucsd.edu//121127//17529.88
MonitorID=liis_crab_0_121127_012714_evt312
GridFlavour=LCG
SyncSite=T2_EE_Estonia
SyncCE=europa.hep.kbfi.ee:8443/cream-pbs-long
***** End Cat jobreport *****
Parameters sent to Dashboard.
>>> setup environment
set SCRAM ARCH to slc5_amd64_gcc462
SCRAM_ARCH = slc5_amd64_gcc462
>>> setup CMS LCG environment:
set SCRAM ARCH and BUILD_ARCH to slc5_amd64_gcc462 ###
Sourcing environment... 
sourcing /cvmfs/cms.cern.ch/cmsset_default.sh
==> setup cms environment ok
>>> specific cmssw setup environment:
CMSSW_VERSION =  CMSSW_5_3_5
>>> current directory (SOFTWARE_DIR): /home/cms078/home_creur_188025732/CREAM188025732/glide_l12750/execute/dir_16141/CMSSW_5_3_5
PreserveSeeds: <>
IncrementSeeds:<>
{}
WNHostName=wn-v-4592.local
>>> info for dashboard:
***** Cat /home/cms078/home_creur_188025732/CREAM188025732/glide_l12750/execute/dir_16141/jobreport.txt *****
MonitorJobID=89_https://submit-2.t2.ucsd.edu//121127//17529.88
MonitorID=liis_crab_0_121127_012714_evt312
WNHostName=wn-v-4592.local
***** End Cat jobreport *****
Parameters sent to Dashboard.
crabWatchdog started as process 18124
>>> moving CMSSW software directories in /home/cms078/home_creur_188025732/CREAM188025732/glide_l12750/execute/dir_16141/CMSSW_5_3_5
mv: cannot stat `/home/cms078/home_creur_188025732/CREAM188025732/glide_l12750/execute/dir_16141/module/': No such file or directory
>>> Include /home/cms078/home_creur_188025732/CREAM188025732/glide_l12750/execute/dir_16141 in PYTHONPATH:
PYTHONPATH=/home/cms078/home_creur_188025732/CREAM188025732/glide_l12750/execute/dir_16141/:/home/cms078/home_creur_188025732/CREAM188025732/glide_l12750/execute/dir_16141/CMSSW_5_3_5/python:/home/cms078/home_creur_188025732/CREAM188025732/glide_l12750/execute/dir_16141/CMSSW_5_3_5/lib/slc5_amd64_gcc462:/cvmfs/cms.cern.ch/slc5_amd64_gcc462/cms/cmssw/CMSSW_5_3_5/python:/cvmfs/cms.cern.ch/slc5_amd64_gcc462/cms/cmssw/CMSSW_5_3_5/lib/slc5_amd64_gcc462:/cvmfs/cms.cern.ch/slc5_amd64_gcc462/cms/coral/CORAL_2_3_21-cms27/slc5_amd64_gcc462/python:/cvmfs/cms.cern.ch/slc5_amd64_gcc462/cms/coral/CORAL_2_3_21-cms27/slc5_amd64_gcc462/lib:/cvmfs/cms.cern.ch/slc5_amd64_gcc462/external/pyqt/4.8.1/lib/python2.6/site-packages:/cvmfs/cms.cern.ch/slc5_amd64_gcc462/external/py2-scipy/0.8.0/lib/python2.6/site-packages:/cvmfs/cms.cern.ch/slc5_amd64_gcc462/external/py2-matplotlib/1.0.1/lib/python2.6/site-packages:/cvmfs/cms.cern.ch/slc5_amd64_gcc462/external/python-ldap/2.3.5/lib/python2.6/site-packages:/cvmfs/cms.cern.ch/slc5_amd64_gcc462/external/sip/4.11.2/lib/python2.6/site-packages:/cvmfs/cms.cern.ch/slc5_amd64_gcc462/external/py2-pycurl/7.19.0/lib/python2.6/site-packages:/cvmfs/cms.cern.ch/slc5_amd64_gcc462/external/py2-numpy/1.6.1/lib/python2.6/site-packages:/cvmfs/cms.cern.ch/slc5_amd64_gcc462/external/py2-ipython/0.10/lib/python2.6/site-packages:/cvmfs/cms.cern.ch/slc5_amd64_gcc462/external/py2-cx-oracle/5.1-cms11/lib/python2.6/site-packages:/cvmfs/cms.cern.ch/slc5_amd64_gcc462/external/py2-cjson/1.0.5/lib/python2.6/site-packages:/cvmfs/cms.cern.ch/slc5_amd64_gcc462/cms/das-client/1.4.1-cms8/bin:/cvmfs/cms.cern.ch/slc5_amd64_gcc462/external/elementtree/1.2.6/share/lib/python2.6/site-packages:/cvmfs/cms.cern.ch/slc5_amd64_gcc462/external/rivet/1.5.1-cms10/lib/python2.6/site-packages:/cvmfs/cms.cern.ch/slc5_amd64_gcc462/external/pyminuit2/0.0.1-cms34/lib/python2.6/site-packages:/cvmfs/cms.cern.ch/slc5_amd64_gcc462/external/professor/1.0.0-cms35/lib/python2.6/site-packages:/cvmfs/cms.cern.ch/slc5_amd64_gcc462/lcg/root/5.32.00-cms18/lib:/cvmfs/cms.cern.ch/slc5_amd64_gcc462/cms/dbs-client/DBS_2_1_1_patch1_1/lib:/cvmfs/cms.cern.ch/slc5_amd64_gcc462/cms/dbs-client/DBS_2_1_1_patch1_1/lib/DBSAPI:/home/cms078/home_creur_188025732/CREAM188025732/glide_l12750/execute/dir_16141/
241a2a19cb7c5c8751ba22759ab3bdb0
PSETHASH = 241a2a19cb7c5c8751ba22759ab3bdb0
/home/cms078/home_creur_188025732/CREAM188025732/glide_l12750/execute/dir_16141/writeCfg.py pset.py pset.py
Importing .py file
Setting parameters
inputBlocks=/QCD_Pt_250_350_EMEnriched_TuneZ2star_8TeV_pythia6/mario-Summer12-stop-pfele-step1-3d176ac8da5e9dff208d057f4733ca91/USER#89723d11-1f9b-42cd-94f4-feb0ac97b54e
inputFiles=/store/user/mario/QCD_Pt_250_350_EMEnriched_TuneZ2star_8TeV_pythia6/Summer12-stop-pfele-step1/3d176ac8da5e9dff208d057f4733ca91/tuple_211_9_UL7.root;/store/user/mario/QCD_Pt_250_350_EMEnriched_TuneZ2star_8TeV_pythia6/Summer12-stop-pfele-step1/3d176ac8da5e9dff208d057f4733ca91/tuple_197_6_Sv0.root;/store/user/mario/QCD_Pt_250_350_EMEnriched_TuneZ2star_8TeV_pythia6/Summer12-stop-pfele-step1/3d176ac8da5e9dff208d057f4733ca91/tuple_206_8_ofD.root;/store/user/mario/QCD_Pt_250_350_EMEnriched_TuneZ2star_8TeV_pythia6/Summer12-stop-pfele-step1/3d176ac8da5e9dff208d057f4733ca91/tuple_210_3_H8M.root;/store/user/mario/QCD_Pt_250_350_EMEnriched_TuneZ2star_8TeV_pythia6/Summer12-stop-pfele-step1/3d176ac8da5e9dff208d057f4733ca91/tuple_145_4_g8J.root;/store/user/mario/QCD_Pt_250_350_EMEnriched_TuneZ2star_8TeV_pythia6/Summer12-stop-pfele-step1/3d176ac8da5e9dff208d057f4733ca91/tuple_214_7_Wj6.root
parentFiles=
lumisRange=
>>> Executable cmsRun
/cvmfs/cms.cern.ch/slc5_amd64_gcc462/cms/cmssw/CMSSW_5_3_5/bin/slc5_amd64_gcc462/cmsRun
ok executable found
>>> info for dashboard:
***** Cat /home/cms078/home_creur_188025732/CREAM188025732/glide_l12750/execute/dir_16141/jobreport.txt *****
MonitorJobID=89_https://submit-2.t2.ucsd.edu//121127//17529.88
MonitorID=liis_crab_0_121127_012714_evt312
ExeStart=cmsRun
***** End Cat jobreport *****
Parameters sent to Dashboard.
>>> cmsRun started at Tue Nov 27 00:19:11 UTC 2012
>>> cmsRun ended at Tue Nov 27 00:31:12 UTC 2012
>>> info for dashboard:
***** Cat /home/cms078/home_creur_188025732/CREAM188025732/glide_l12750/execute/dir_16141/jobreport.txt *****
MonitorJobID=89_https://submit-2.t2.ucsd.edu//121127//17529.88
MonitorID=liis_crab_0_121127_012714_evt312
ExeEnd=cmsRun
***** End Cat jobreport *****
Parameters sent to Dashboard.
TIME_EXE = 721 sec
>>> cmsRun wrote 149 lines of stdout+stderr
>>> START OF printout of 149 lines from stdout+stderr
27-Nov-2012 02:19:23 EET  Initiating request to open file file:/hdfs/cms/store/user/mario/QCD_Pt_250_350_EMEnriched_TuneZ2star_8TeV_pythia6/Summer12-stop-pfele-step1/3d176ac8da5e9dff208d057f4733ca91/tuple_211_9_UL7.root
27-Nov-2012 02:19:31 EET  Successfully opened file file:/hdfs/cms/store/user/mario/QCD_Pt_250_350_EMEnriched_TuneZ2star_8TeV_pythia6/Summer12-stop-pfele-step1/3d176ac8da5e9dff208d057f4733ca91/tuple_211_9_UL7.root
Begin processing the 1st record. Run 1, Event 201329957, LumiSection 54949 at 27-Nov-2012 02:19:58.881 EET
27-Nov-2012 02:20:04 EET  Closed file file:/hdfs/cms/store/user/mario/QCD_Pt_250_350_EMEnriched_TuneZ2star_8TeV_pythia6/Summer12-stop-pfele-step1/3d176ac8da5e9dff208d057f4733ca91/tuple_211_9_UL7.root
27-Nov-2012 02:20:04 EET  Initiating request to open file file:/hdfs/cms/store/user/mario/QCD_Pt_250_350_EMEnriched_TuneZ2star_8TeV_pythia6/Summer12-stop-pfele-step1/3d176ac8da5e9dff208d057f4733ca91/tuple_197_6_Sv0.root
27-Nov-2012 02:20:04 EET  Successfully opened file file:/hdfs/cms/store/user/mario/QCD_Pt_250_350_EMEnriched_TuneZ2star_8TeV_pythia6/Summer12-stop-pfele-step1/3d176ac8da5e9dff208d057f4733ca91/tuple_197_6_Sv0.root
Begin processing the 1001st record. Run 1, Event 259074609, LumiSection 70709 at 27-Nov-2012 02:20:27.169 EET
Begin processing the 2001st record. Run 1, Event 150992519, LumiSection 41210 at 27-Nov-2012 02:20:30.864 EET
Begin processing the 3001st record. Run 1, Event 157460631, LumiSection 42976 at 27-Nov-2012 02:20:35.558 EET
Begin processing the 4001st record. Run 1, Event 167226614, LumiSection 45641 at 27-Nov-2012 02:20:40.163 EET
Begin processing the 5001st record. Run 1, Event 141635228, LumiSection 38656 at 27-Nov-2012 02:20:46.295 EET
Begin processing the 6001st record. Run 1, Event 147797591, LumiSection 40338 at 27-Nov-2012 02:20:50.494 EET
Begin processing the 7001st record. Run 1, Event 162246882, LumiSection 44282 at 27-Nov-2012 02:20:56.903 EET
Begin processing the 8001st record. Run 1, Event 153781186, LumiSection 41971 at 27-Nov-2012 02:21:03.458 EET
Begin processing the 9001st record. Run 1, Event 156314867, LumiSection 42663 at 27-Nov-2012 02:21:07.685 EET
Begin processing the 10001st record. Run 1, Event 158738391, LumiSection 43324 at 27-Nov-2012 02:21:13.855 EET
Begin processing the 11001st record. Run 1, Event 168031536, LumiSection 45861 at 27-Nov-2012 02:21:18.600 EET
Begin processing the 12001st record. Run 1, Event 145685129, LumiSection 39762 at 27-Nov-2012 02:21:25.266 EET
Begin processing the 13001st record. Run 1, Event 153696737, LumiSection 41948 at 27-Nov-2012 02:21:28.865 EET
Begin processing the 14001st record. Run 1, Event 159248378, LumiSection 43463 at 27-Nov-2012 02:21:36.323 EET
Begin processing the 15001st record. Run 1, Event 237621732, LumiSection 64854 at 27-Nov-2012 02:21:41.432 EET
Begin processing the 16001st record. Run 1, Event 239681809, LumiSection 65416 at 27-Nov-2012 02:21:45.246 EET
Begin processing the 17001st record. Run 1, Event 246823177, LumiSection 67365 at 27-Nov-2012 02:21:51.693 EET
Begin processing the 18001st record. Run 1, Event 43459564, LumiSection 11862 at 27-Nov-2012 02:21:55.465 EET
Begin processing the 19001st record. Run 1, Event 60787786, LumiSection 16591 at 27-Nov-2012 02:22:00.315 EET
Begin processing the 20001st record. Run 1, Event 65991749, LumiSection 18011 at 27-Nov-2012 02:22:03.976 EET
Begin processing the 21001st record. Run 1, Event 81149807, LumiSection 22148 at 27-Nov-2012 02:22:08.965 EET
Begin processing the 22001st record. Run 1, Event 155625990, LumiSection 42475 at 27-Nov-2012 02:22:13.753 EET
Begin processing the 23001st record. Run 1, Event 187372636, LumiSection 51139 at 27-Nov-2012 02:22:17.109 EET
Begin processing the 24001st record. Run 1, Event 204736628, LumiSection 55878 at 27-Nov-2012 02:22:22.238 EET
Begin processing the 25001st record. Run 1, Event 173459957, LumiSection 47342 at 27-Nov-2012 02:22:26.733 EET
Begin processing the 26001st record. Run 1, Event 183443229, LumiSection 50067 at 27-Nov-2012 02:22:33.157 EET
27-Nov-2012 02:22:36 EET  Closed file file:/hdfs/cms/store/user/mario/QCD_Pt_250_350_EMEnriched_TuneZ2star_8TeV_pythia6/Summer12-stop-pfele-step1/3d176ac8da5e9dff208d057f4733ca91/tuple_197_6_Sv0.root
27-Nov-2012 02:22:36 EET  Initiating request to open file file:/hdfs/cms/store/user/mario/QCD_Pt_250_350_EMEnriched_TuneZ2star_8TeV_pythia6/Summer12-stop-pfele-step1/3d176ac8da5e9dff208d057f4733ca91/tuple_206_8_ofD.root
27-Nov-2012 02:22:36 EET  Successfully opened file file:/hdfs/cms/store/user/mario/QCD_Pt_250_350_EMEnriched_TuneZ2star_8TeV_pythia6/Summer12-stop-pfele-step1/3d176ac8da5e9dff208d057f4733ca91/tuple_206_8_ofD.root
Begin processing the 27001st record. Run 1, Event 155252016, LumiSection 42373 at 27-Nov-2012 02:23:01.948 EET
Begin processing the 28001st record. Run 1, Event 196539757, LumiSection 53641 at 27-Nov-2012 02:23:06.415 EET
Begin processing the 29001st record. Run 1, Event 216315355, LumiSection 59039 at 27-Nov-2012 02:23:13.153 EET
Begin processing the 30001st record. Run 1, Event 244298236, LumiSection 66676 at 27-Nov-2012 02:23:16.968 EET
Begin processing the 31001st record. Run 1, Event 260882398, LumiSection 71202 at 27-Nov-2012 02:23:21.666 EET
Begin processing the 32001st record. Run 1, Event 37214274, LumiSection 10157 at 27-Nov-2012 02:23:25.591 EET
Begin processing the 33001st record. Run 1, Event 36394722, LumiSection 9934 at 27-Nov-2012 02:23:34.174 EET
Begin processing the 34001st record. Run 1, Event 54872084, LumiSection 14977 at 27-Nov-2012 02:23:38.739 EET
Begin processing the 35001st record. Run 1, Event 69444926, LumiSection 18954 at 27-Nov-2012 02:23:44.818 EET
Begin processing the 36001st record. Run 1, Event 85472074, LumiSection 23328 at 27-Nov-2012 02:23:53.518 EET
Begin processing the 37001st record. Run 1, Event 113554920, LumiSection 30993 at 27-Nov-2012 02:23:57.872 EET
Begin processing the 38001st record. Run 1, Event 144344445, LumiSection 39396 at 27-Nov-2012 02:24:04.743 EET
Begin processing the 39001st record. Run 1, Event 258519804, LumiSection 70557 at 27-Nov-2012 02:24:08.289 EET
Begin processing the 40001st record. Run 1, Event 260746181, LumiSection 71165 at 27-Nov-2012 02:24:13.616 EET
Begin processing the 41001st record. Run 1, Event 264649987, LumiSection 72230 at 27-Nov-2012 02:24:16.976 EET
Begin processing the 42001st record. Run 1, Event 26912848, LumiSection 7346 at 27-Nov-2012 02:24:24.638 EET
Begin processing the 43001st record. Run 1, Event 58193155, LumiSection 15883 at 27-Nov-2012 02:24:28.528 EET
Begin processing the 44001st record. Run 1, Event 103102023, LumiSection 28140 at 27-Nov-2012 02:24:33.665 EET
Begin processing the 45001st record. Run 1, Event 464252, LumiSection 127 at 27-Nov-2012 02:24:37.123 EET
Begin processing the 46001st record. Run 1, Event 8152570, LumiSection 2226 at 27-Nov-2012 02:24:43.807 EET
Begin processing the 47001st record. Run 1, Event 10568479, LumiSection 2885 at 27-Nov-2012 02:24:49.248 EET
Begin processing the 48001st record. Run 1, Event 17506044, LumiSection 4778 at 27-Nov-2012 02:24:53.424 EET
Begin processing the 49001st record. Run 1, Event 20295819, LumiSection 5540 at 27-Nov-2012 02:24:59.815 EET
Begin processing the 50001st record. Run 1, Event 20712524, LumiSection 5653 at 27-Nov-2012 02:25:03.872 EET
Begin processing the 51001st record. Run 1, Event 55359890, LumiSection 15110 at 27-Nov-2012 02:25:08.287 EET
Begin processing the 52001st record. Run 1, Event 246533815, LumiSection 67286 at 27-Nov-2012 02:25:11.633 EET
27-Nov-2012 02:25:14 EET  Closed file file:/hdfs/cms/store/user/mario/QCD_Pt_250_350_EMEnriched_TuneZ2star_8TeV_pythia6/Summer12-stop-pfele-step1/3d176ac8da5e9dff208d057f4733ca91/tuple_206_8_ofD.root
27-Nov-2012 02:25:14 EET  Initiating request to open file file:/hdfs/cms/store/user/mario/QCD_Pt_250_350_EMEnriched_TuneZ2star_8TeV_pythia6/Summer12-stop-pfele-step1/3d176ac8da5e9dff208d057f4733ca91/tuple_210_3_H8M.root
27-Nov-2012 02:25:14 EET  Successfully opened file file:/hdfs/cms/store/user/mario/QCD_Pt_250_350_EMEnriched_TuneZ2star_8TeV_pythia6/Summer12-stop-pfele-step1/3d176ac8da5e9dff208d057f4733ca91/tuple_210_3_H8M.root
Begin processing the 53001st record. Run 1, Event 69399466, LumiSection 18941 at 27-Nov-2012 02:25:35.002 EET
Begin processing the 54001st record. Run 1, Event 29236327, LumiSection 7980 at 27-Nov-2012 02:25:38.487 EET
Begin processing the 55001st record. Run 1, Event 57501708, LumiSection 15694 at 27-Nov-2012 02:25:42.794 EET
Begin processing the 56001st record. Run 1, Event 65614252, LumiSection 17908 at 27-Nov-2012 02:25:46.282 EET
Begin processing the 57001st record. Run 1, Event 80642197, LumiSection 22010 at 27-Nov-2012 02:25:52.795 EET
Begin processing the 58001st record. Run 1, Event 188398296, LumiSection 51419 at 27-Nov-2012 02:25:56.798 EET
Begin processing the 59001st record. Run 1, Event 178654256, LumiSection 48760 at 27-Nov-2012 02:26:03.062 EET
Begin processing the 60001st record. Run 1, Event 164332972, LumiSection 44851 at 27-Nov-2012 02:26:07.239 EET
Begin processing the 61001st record. Run 1, Event 188109707, LumiSection 51340 at 27-Nov-2012 02:26:12.378 EET
Begin processing the 62001st record. Run 1, Event 238418655, LumiSection 65071 at 27-Nov-2012 02:26:17.128 EET
Begin processing the 63001st record. Run 1, Event 15539216, LumiSection 4242 at 27-Nov-2012 02:26:21.242 EET
Begin processing the 64001st record. Run 1, Event 18517449, LumiSection 5054 at 27-Nov-2012 02:26:27.146 EET
Begin processing the 65001st record. Run 1, Event 21681107, LumiSection 5918 at 27-Nov-2012 02:26:30.798 EET
Begin processing the 66001st record. Run 1, Event 27695237, LumiSection 7559 at 27-Nov-2012 02:26:36.696 EET
Begin processing the 67001st record. Run 1, Event 8039212, LumiSection 2195 at 27-Nov-2012 02:26:40.350 EET
Begin processing the 68001st record. Run 1, Event 15287621, LumiSection 4173 at 27-Nov-2012 02:26:47.332 EET
Begin processing the 69001st record. Run 1, Event 16999249, LumiSection 4640 at 27-Nov-2012 02:26:51.183 EET
Begin processing the 70001st record. Run 1, Event 19820670, LumiSection 5410 at 27-Nov-2012 02:26:58.636 EET
Begin processing the 71001st record. Run 1, Event 25241862, LumiSection 6890 at 27-Nov-2012 02:27:05.050 EET
Begin processing the 72001st record. Run 1, Event 27682360, LumiSection 7556 at 27-Nov-2012 02:27:10.710 EET
Begin processing the 73001st record. Run 1, Event 107268170, LumiSection 29277 at 27-Nov-2012 02:27:16.927 EET
Begin processing the 74001st record. Run 1, Event 141359270, LumiSection 38581 at 27-Nov-2012 02:27:20.486 EET
Begin processing the 75001st record. Run 1, Event 144293372, LumiSection 39382 at 27-Nov-2012 02:27:25.114 EET
Begin processing the 76001st record. Run 1, Event 148716941, LumiSection 40589 at 27-Nov-2012 02:27:28.839 EET
Begin processing the 77001st record. Run 1, Event 48365094, LumiSection 13201 at 27-Nov-2012 02:27:34.228 EET
Begin processing the 78001st record. Run 1, Event 69115726, LumiSection 18864 at 27-Nov-2012 02:27:37.755 EET
27-Nov-2012 02:27:41 EET  Closed file file:/hdfs/cms/store/user/mario/QCD_Pt_250_350_EMEnriched_TuneZ2star_8TeV_pythia6/Summer12-stop-pfele-step1/3d176ac8da5e9dff208d057f4733ca91/tuple_210_3_H8M.root
27-Nov-2012 02:27:41 EET  Initiating request to open file file:/hdfs/cms/store/user/mario/QCD_Pt_250_350_EMEnriched_TuneZ2star_8TeV_pythia6/Summer12-stop-pfele-step1/3d176ac8da5e9dff208d057f4733ca91/tuple_145_4_g8J.root
27-Nov-2012 02:27:42 EET  Successfully opened file file:/hdfs/cms/store/user/mario/QCD_Pt_250_350_EMEnriched_TuneZ2star_8TeV_pythia6/Summer12-stop-pfele-step1/3d176ac8da5e9dff208d057f4733ca91/tuple_145_4_g8J.root
Begin processing the 79001st record. Run 1, Event 193151759, LumiSection 52717 at 27-Nov-2012 02:28:06.095 EET
Begin processing the 80001st record. Run 1, Event 210106542, LumiSection 57344 at 27-Nov-2012 02:28:10.694 EET
Begin processing the 81001st record. Run 1, Event 159915696, LumiSection 43646 at 27-Nov-2012 02:28:18.526 EET
Begin processing the 82001st record. Run 1, Event 174631033, LumiSection 47662 at 27-Nov-2012 02:28:23.237 EET
Begin processing the 83001st record. Run 1, Event 179015136, LumiSection 48858 at 27-Nov-2012 02:28:29.284 EET
Begin processing the 84001st record. Run 1, Event 201584359, LumiSection 55018 at 27-Nov-2012 02:28:33.427 EET
Begin processing the 85001st record. Run 1, Event 116998998, LumiSection 31933 at 27-Nov-2012 02:28:40.012 EET
Begin processing the 86001st record. Run 1, Event 129087509, LumiSection 35232 at 27-Nov-2012 02:28:43.847 EET
Begin processing the 87001st record. Run 1, Event 150988379, LumiSection 41209 at 27-Nov-2012 02:28:48.197 EET
Begin processing the 88001st record. Run 1, Event 159922422, LumiSection 43647 at 27-Nov-2012 02:28:53.575 EET
Begin processing the 89001st record. Run 1, Event 181161237, LumiSection 49444 at 27-Nov-2012 02:28:57.595 EET
Begin processing the 90001st record. Run 1, Event 176662965, LumiSection 48216 at 27-Nov-2012 02:29:02.841 EET
Begin processing the 91001st record. Run 1, Event 178170462, LumiSection 48628 at 27-Nov-2012 02:29:07.046 EET
Begin processing the 92001st record. Run 1, Event 215174200, LumiSection 58727 at 27-Nov-2012 02:29:14.779 EET
Begin processing the 93001st record. Run 1, Event 234022136, LumiSection 63871 at 27-Nov-2012 02:29:19.908 EET
Begin processing the 94001st record. Run 1, Event 236505408, LumiSection 64549 at 27-Nov-2012 02:29:27.258 EET
Begin processing the 95001st record. Run 1, Event 259695375, LumiSection 70878 at 27-Nov-2012 02:29:31.329 EET
Begin processing the 96001st record. Run 1, Event 265530386, LumiSection 72471 at 27-Nov-2012 02:29:37.683 EET
Begin processing the 97001st record. Run 1, Event 242554974, LumiSection 66200 at 27-Nov-2012 02:29:42.700 EET
Begin processing the 98001st record. Run 1, Event 245784254, LumiSection 67081 at 27-Nov-2012 02:29:46.544 EET
Begin processing the 99001st record. Run 1, Event 252911296, LumiSection 69027 at 27-Nov-2012 02:29:51.740 EET
Begin processing the 100001st record. Run 1, Event 257450121, LumiSection 70265 at 27-Nov-2012 02:29:55.679 EET
Begin processing the 101001st record. Run 1, Event 145450040, LumiSection 39698 at 27-Nov-2012 02:30:00.463 EET
Begin processing the 102001st record. Run 1, Event 170838324, LumiSection 46627 at 27-Nov-2012 02:30:03.918 EET
Begin processing the 103001st record. Run 1, Event 177419750, LumiSection 48423 at 27-Nov-2012 02:30:09.755 EET
Begin processing the 104001st record. Run 1, Event 180897511, LumiSection 49372 at 27-Nov-2012 02:30:13.345 EET
27-Nov-2012 02:30:18 EET  Closed file file:/hdfs/cms/store/user/mario/QCD_Pt_250_350_EMEnriched_TuneZ2star_8TeV_pythia6/Summer12-stop-pfele-step1/3d176ac8da5e9dff208d057f4733ca91/tuple_145_4_g8J.root
27-Nov-2012 02:30:18 EET  Initiating request to open file file:/hdfs/cms/store/user/mario/QCD_Pt_250_350_EMEnriched_TuneZ2star_8TeV_pythia6/Summer12-stop-pfele-step1/3d176ac8da5e9dff208d057f4733ca91/tuple_214_7_Wj6.root
27-Nov-2012 02:30:18 EET  Successfully opened file file:/hdfs/cms/store/user/mario/QCD_Pt_250_350_EMEnriched_TuneZ2star_8TeV_pythia6/Summer12-stop-pfele-step1/3d176ac8da5e9dff208d057f4733ca91/tuple_214_7_Wj6.root
Begin processing the 105001st record. Run 1, Event 205085105, LumiSection 55974 at 27-Nov-2012 02:30:38.180 EET
Begin processing the 106001st record. Run 1, Event 250369785, LumiSection 68333 at 27-Nov-2012 02:30:41.634 EET
Begin processing the 107001st record. Run 1, Event 251976456, LumiSection 68771 at 27-Nov-2012 02:30:46.905 EET
Begin processing the 108001st record. Run 1, Event 258393767, LumiSection 70523 at 27-Nov-2012 02:30:50.383 EET
Begin processing the 109001st record. Run 1, Event 247857330, LumiSection 67647 at 27-Nov-2012 02:30:56.051 EET
Begin processing the 110001st record. Run 1, Event 196459946, LumiSection 53619 at 27-Nov-2012 02:30:59.488 EET
Begin processing the 111001st record. Run 1, Event 142951835, LumiSection 39016 at 27-Nov-2012 02:31:04.668 EET
Begin processing the 112001st record. Run 1, Event 183297966, LumiSection 50027 at 27-Nov-2012 02:31:08.237 EET
27-Nov-2012 02:31:10 EET  Closed file file:/hdfs/cms/store/user/mario/QCD_Pt_250_350_EMEnriched_TuneZ2star_8TeV_pythia6/Summer12-stop-pfele-step1/3d176ac8da5e9dff208d057f4733ca91/tuple_214_7_Wj6.root

=============================================

MessageLogger Summary

 type     category        sev    module        subroutine        count    total
 ---- -------------------- -- ---------------- ----------------  -----    -----
    1 fileAction           -s file_close                             6        6
    2 fileAction           -s file_open                             12       12

 type    category    Examples: run/evt        run/evt          run/evt
 ---- -------------------- ---------------- ---------------- ----------------
    1 fileAction           PostProcessEvent PostProcessEvent PostEndRun
    2 fileAction           pre-events       pre-events       PostProcessEvent

Severity    # Occurrences   Total Occurrences
--------    -------------   -----------------
System                 18                  18
>>> END OF printout of 149 lines from stdout+stderr
>>> Parse FrameworkJobReport crab_fjr.xml
Result of parsing the FrameworkJobReport crab_fjr.xml: Popularity start
lumisRange : 1::27471,31207,31776,31933,32345-32346,33921,34361,34515,34683,35232,35801,38720,39584,39697-39698,39772,39988,40115,40145,40206,40579,41159,41209,43006-43007,43290,43504,43645-43648,44208,44226-44227,44747,45365-45366,45868,45938,46237,46249,46589,46627-46628,46976-46977,47073,47466-47467,47474,47486,47634,47662,48087,48215-48216,48301-48302,48346,48383,48393,48423-48424,48430-48431,48438-48439,48441,48443,48628,48857-48858,49040,49166,49267,49285,49372,49444,49470,49605-49606,50096-50097,50198,50477,50535,50781,51420,52717,52915,53019,53106,53198,53441,53836,54114,54446,55018-55019,56463,57344,57863,58273,58411,58600,58727,58787,58811,58984,59021,59834-59835,59871,59951,60283,60663,63848,63854,63857,63867,63871,63922,63927,63940,63943,64549,64564-64565,64580,66199-66200,66698,67059-67060,67062-67063,67080-67081,67083-67084,68168-68169,68375-68376,69027-69028,69036-69037,69174,70010-70011,70265,70308,70600,70696,70878,70909,72049,72119,72276,72356,72361,72468,72471,72591,72622,72664,72696::1;1::127-128,225,2170,2173,2176,2226,2230,2603,2842,2844,2885,2918,2920,3610,4009,4013,4361,4778,5444,5507,5529,5538,5540,5560,5596,5604,5621,5625,5649,5653,5657,6652,6903,6908,7346,7768,8013,8237,8446,8734,8903,9218,9370,9720,9767,9769,9934,10157,10297,10334,10391,10471,10533,10781,10801,10990,11258,11564,11866,11890,11901,11903,13613,14664,14977,15008,15110,15883,16428,16576,16676,17983,18814,18954,19569,19599,20004,20954,21243,23328-23329,23691,24510,24618,24712,27062,28140,28568,28621,28811,29225,29302,29407,30993,31514,31950,34311,34344,35827,36518,38078,39225,39396,42373,42383,42419,52781-52782,53348,53641,53857,53999-54000,54389,54526,55299,55365,55624,55626,56597,58935,59038-59039,59111,59332-59333,59349,61864,66568,66585,66625,66643,66675-66676,66680,67286,67332,67570,67917,67945,67982,67998,69120,69488,69581-69582,70557,70729,70799,70840,71009,71138,71165,71202,71301,71480-71481,71662,71741,72230,72324,72383,72456,72613,72758::2;1::47092,47333,47702,54949::3;1::142-143,726,1731,1751,1757,2195,2695,2714,3723,4173,4227,4242,4449,4628,4630,4632,4639-4641,4811,5054,5354-5356,5359,5363,5367,5369,5372,5379,5385,5387-5388,5394,5397,5399,5410-5411,5426,5785,5918,6017,6282,6619,6890,7085,7269,7525,7556-7557,7559,7724,7744,7980,8227,8417-8418,8428,8582,8587,8590,8735,8877,9340,9344,11094,12436,12547,12579,12615,12624,13201,14191,14211,15117,15639,15694,15735,15744,15747,15760,15764,15791,15815,15830,15865,16319,16944,17750,17855,17870,17908,17927,18365-18366,18864,18941,19101,19872,19874,20396,22010,22078,22082,22624,24737,24915,29277,30343,31062,34884,35030,35108,35978,38048,38090,38444,38478,38581,38647,38699,38763,38851,38904,39159,39382,40335,40509,40589,40679,41016,41404,41581,42454,42799-42800,43989,44161,44692,44851,46841,47442,47899,48192,48642,48760,51004,51126,51340,51405,51419,51847,51858,52436,55208,55223,56111,56536,57360,57486,58419,58423,65071,65176,66183-66184,66520::4;1::11862,13402,14534,14537,14560,15018,16591,16613,16916,17689,17943,18011,18458,19410,19573,22140,22148,22569,22719,23431,24180,25715,35590,38446,38656,39380,39426,39503,39576,39585,39649,39762,39848,39938,40025,40097,40133,40168,40248,40338,40540,40561,40667-40668,40810,41210,41346,41591,41684,41711,41948,41950,41971,42072,42107,42142,42199,42433-42434,42440,42474-42475,42532,42649,42663,42669,42717-42718,42852,42883,42893,42954,42976,43021,43025,43268,43317,43323-43324,43328,43330-43331,43349,43358,43361,43371-43372,43462-43463,43545,43586-43587,44179,44282,44309,44423,44521,44630,45218,45357,45641,45861,46757,47276,47321,47331,47342-47343,47544,47671,48011,48912,49195,49612,49748,49794,50001,50032,50067,50319,50351,50708,50921,51139,51156,53551,53749,54583,55596,55598,55877-55878,56537,60101,60660,64319,64323,64854-64855,65295-65296,65310-65311,65313-65314,65317-65318,65416,65763,66567,66640,66737,66740,66947-66948,67277,67365,67495,67499,67793,68020,68218,68591,68629,70573,70709,71749,71786::5;1::27287,27390,29906,30259,30287,30296,31271,31535,34875,35104,35200,35299,35325,39016,40442,40678,41463,42110,45522,49396,50027,50061,52495,53322,53619,55974,67230,67550,67572,67647,67693,67990,68333,68710,68731,68770-68771,68828,69340,70094,70124,70194,70425,70523,70614,71501,71949,72344::6;
lumisParentRange : 
Basename : /store/user/mario/QCD_Pt_250_350_EMEnriched_TuneZ2star_8TeV_pythia6/Summer12-stop-pfele-step1/3d176ac8da5e9dff208d057f4733ca91/tuple_
BasenameParent : 
parentFiles : 
inputBlocks : /QCD_Pt_250_350_EMEnriched_TuneZ2star_8TeV_pythia6/mario-Summer12-stop-pfele-step1-3d176ac8da5e9dff208d057f4733ca91/USER#89723d11-1f9b-42cd-94f4-feb0ac97b54e
inputFiles : 145_4_g8J.root::1::EDM::Local::1;206_8_ofD.root::1::EDM::Local::2;211_9_UL7.root::1::EDM::Local::3;210_3_H8M.root::1::EDM::Local::4;197_6_Sv0.root::1::EDM::Local::5;214_7_Wj6.root::1::EDM::Local::6;
Popularity stop
Extracted ExitStatus from FrameworkJobReport parsing output: 0
>>> Executable succeded  0
ExeExitCode=0
EXECUTABLE_EXIT_STATUS = 0
>>> current directory /home/cms078/home_creur_188025732/CREAM188025732/glide_l12750/execute/dir_16141/CMSSW_5_3_5
>>>  (SOFTWARE_DIR): /home/cms078/home_creur_188025732/CREAM188025732/glide_l12750/execute/dir_16141/CMSSW_5_3_5
>>> (WORKING_DIR): 
>>> current directory content:
total 160
drwxr-xr-x 3 cms078 cms  4096 Nov 27 02:18 .SCRAM
-rw-r--r-- 1 cms078 cms 30066 Nov 27 02:18 CMSSW.py.pkl
drwxr-xr-x 3 cms078 cms  4096 Nov 27 02:18 bin
drwxr-xr-x 3 cms078 cms  4096 Nov 27 02:18 cfipython
drwxr-xr-x 5 cms078 cms  4096 Nov 27 02:18 config
-rw-r--r-- 1 cms078 cms    17 Nov 27 02:31 cpu_timing.txt
drwxr-xr-x 2 cms078 cms  4096 Nov 27 02:18 doc
-rw-r--r-- 1 cms078 cms 17112 Nov 27 02:31 executable.out
drwxr-xr-x 2 cms078 cms  4096 Nov 27 02:18 include
drwxrwxrwx 3 cms078 cms  4096 Oct 22 16:38 lib
drwxr-xr-x 3 cms078 cms  4096 Nov 27 02:18 logs
drwxr-xr-x 3 cms078 cms  4096 Nov 27 02:18 objs
-rw-r--r-- 1 cms078 cms 17639 Nov 27 02:31 optHistograms.root
-rw-r--r-- 1 cms078 cms   104 Nov 27 02:19 pset.py
-rw-r--r-- 1 cms078 cms 19666 Nov 27 02:19 pset.py.pkl
-rw-r--r-- 1 cms078 cms   289 Nov 27 02:19 pset.pyc
drwxr-xr-x 2 cms078 cms  4096 Nov 27 02:18 python
-rw-r--r-- 1 cms078 cms   420 Nov 27 02:31 report.log
drwxrwxrwx 4 cms078 cms  4096 Nov 27 02:18 src
drwxr-xr-x 3 cms078 cms  4096 Nov 27 02:18 test
drwxr-xr-x 3 cms078 cms  4096 Nov 27 02:18 tmp
>>> current directory /home/cms078/home_creur_188025732/CREAM188025732/glide_l12750/execute/dir_16141/CMSSW_5_3_5
>>> (SOFTWARE_DIR): /home/cms078/home_creur_188025732/CREAM188025732/glide_l12750/execute/dir_16141/CMSSW_5_3_5
>>> (WORKING_DIR): 
>>> current directory content:
total 140
drwxr-xr-x 3 cms078 cms  4096 Nov 27 02:18 .SCRAM
-rw-r--r-- 1 cms078 cms 30066 Nov 27 02:18 CMSSW.py.pkl
drwxr-xr-x 3 cms078 cms  4096 Nov 27 02:18 bin
drwxr-xr-x 3 cms078 cms  4096 Nov 27 02:18 cfipython
drwxr-xr-x 5 cms078 cms  4096 Nov 27 02:18 config
-rw-r--r-- 1 cms078 cms    17 Nov 27 02:31 cpu_timing.txt
drwxr-xr-x 2 cms078 cms  4096 Nov 27 02:18 doc
-rw-r--r-- 1 cms078 cms 17112 Nov 27 02:31 executable.out
drwxr-xr-x 2 cms078 cms  4096 Nov 27 02:18 include
drwxrwxrwx 3 cms078 cms  4096 Oct 22 16:38 lib
drwxr-xr-x 3 cms078 cms  4096 Nov 27 02:18 logs
drwxr-xr-x 3 cms078 cms  4096 Nov 27 02:18 objs
-rw-r--r-- 1 cms078 cms   104 Nov 27 02:19 pset.py
-rw-r--r-- 1 cms078 cms 19666 Nov 27 02:19 pset.py.pkl
-rw-r--r-- 1 cms078 cms   289 Nov 27 02:19 pset.pyc
drwxr-xr-x 2 cms078 cms  4096 Nov 27 02:18 python
-rw-r--r-- 1 cms078 cms   420 Nov 27 02:31 report.log
drwxrwxrwx 4 cms078 cms  4096 Nov 27 02:18 src
drwxr-xr-x 3 cms078 cms  4096 Nov 27 02:18 test
drwxr-xr-x 3 cms078 cms  4096 Nov 27 02:18 tmp
>>> current directory (RUNTIME_AREA):  /home/cms078/home_creur_188025732/CREAM188025732/glide_l12750/execute/dir_16141
>>> current dir: /home/cms078/home_creur_188025732/CREAM188025732/glide_l12750/execute/dir_16141
>>> current dir content:
total 25808
-rw-rw-rw-  1 cms078 cms     5604 Nov 27 02:18 .job.ad
-rw-rw-rw-  1 cms078 cms    11527 Nov 27 02:18 .machine.ad
-rw-rw-rw-  1 cms078 cms      105 Nov 27 01:27 CMSSW.py
-rw-rw-rw-  1 cms078 cms    30066 Nov 27 01:27 CMSSW.py.pkl
-rwxrw-rw-  1 cms078 cms    23341 Nov 27 02:18 CMSSW.sh
drwxr-xr-x 15 cms078 cms     4096 Nov 27 02:31 CMSSW_5_3_5
-rw-rw-rw-  1 cms078 cms        0 Nov 27 02:18 CMSSW_89.stderr
-rw-rw-rw-  1 cms078 cms    33580 Nov 27 02:31 CMSSW_89.stdout
-rw-r--r--  1 cms078 cms      347 Nov 27 02:18 CacheEnv.sh
-rw-rw-rw-  1 cms078 cms     7291 Jun  9  2010 DashboardAPI.py
-rw-r--r--  1 cms078 cms     6883 Nov 27 02:18 DashboardAPI.pyc
drwxrwxrwx  3 cms078 cms     4096 Nov 27 02:31 IMProv
-rw-rw-rw-  1 cms078 cms     2748 Mar  8  2006 Logger.py
-rw-r--r--  1 cms078 cms     3353 Nov 27 02:18 Logger.pyc
-rw-rw-rw-  1 cms078 cms    24524 Mar 28  2008 ProcInfo.py
-rw-r--r--  1 cms078 cms    23470 Nov 27 02:18 ProcInfo.pyc
drwxrwxrwx  7 cms078 cms     4096 Nov 27 02:19 ProdCommon
drwxrwxrwx  3 cms078 cms     4096 Nov 27 02:18 WMCore
-rw-r--r--  1 cms078 cms     2822 Nov 27 02:29 Watchdog_89.log
-rw-rw-rw-  1 cms078 cms    32895 Mar 28  2008 apmon.py
-rw-r--r--  1 cms078 cms    28874 Nov 27 02:18 apmon.pyc
-rw-rw-rw-  1 cms078 cms   105070 Nov 27 02:18 arguments.xml
-rwxrwxrwx  1 cms078 cms    37427 Sep 13 14:14 cmscp.py
-rwxrwxrwx  1 cms078 cms    23341 Nov 27 02:18 condor_exec.exe
-rw-rw-rw-  1 cms078 cms      546 Nov 27 01:27 crab.cfg
-rwxrwxrwx  1 cms078 cms     9531 Sep 20 21:46 crabWatchdog.sh
-rw-r--r--  1 cms078 cms    53252 Nov 27 02:31 crab_fjr_89.xml
-rw-rw-rw-  1 cms078 cms 25796300 Nov 27 02:18 default.tgz
-rwxrwxrwx  1 cms078 cms     4488 May 12  2012 fillCrabFjr.py
-rw-r--r--  1 cms078 cms     1094 Nov 27 02:19 inputsReport.txt
-rw-r--r--  1 cms078 cms      132 Nov 27 02:31 jobreport.txt
lrwxrwxrwx  1 cms078 cms      107 Nov 27 02:31 optHistograms.root -> /home/cms078/home_creur_188025732/CREAM188025732/glide_l12750/execute/dir_16141/optHistograms_89_1_UBR.root
-rw-r--r--  1 cms078 cms    17639 Nov 27 02:31 optHistograms_89_1_UBR.root
-rw-rw-rw-  1 cms078 cms    17352 Jan 20  2012 parseCrabFjr.py
-rw-r--r--  1 cms078 cms      285 Nov 27 02:18 report.log
-rwxrwxrwx  1 cms078 cms     1497 May 27  2009 report.py
-rwxrwxrwx  1 cms078 cms     8387 Mar 23  2011 writeCfg.py
-rw-------  1 cms078 cms     8691 Nov 27 02:28 x509up_u1000009
Checking output files:  
will tar file optHistograms_89_1_UBR.root in  out_files_89
will tar file crab_fjr_89.xml in  out_files_89
will tar file CMSSW_89.stdout in  out_files_89
will tar file CMSSW_89.stderr in  out_files_89
WARNING: output file Watchdog_89.log.gz not found!
>>> padding time: Wrapper lasting more than 600 seconds. No sleep required.
STOPPING WATCHDOG. CrabWatchdog PID is 18124
********** LAST 50 LINES OF WATCHDOG LOG
# RESOURCE USAGE SUMMARY FOR PROCESS ID 16161
USER       PID %CPU %MEM    VSZ   RSS TTY      STAT START   TIME COMMAND
cms078   16161  0.2  0.0   8956  1484 ?        S    02:18   0:00 /bin/sh /home/cms078/home_creur_188025732/CREAM188025732/glide_l12750/execute/dir_16141/condor_exec.exe 89 1
 
# LIMITS USED BY THIS WATCHDOG:
# RSS  (KBytes)  : 2300000
# VSZ  (KBytes)  : 100000000
# DISK (MBytes)  : 19000
# CPU  (seconds) : 171600
# WALL (seconds) : 171600
 
# FOLLOWING PRINTOUT TRACKS MAXIMUM VALUES OF RESOURCES USE
# ONE LINE IS PRINTED EACH TIME A MAXIMUM CHANGES
# IF CHANGE WAS IN RSS OR VSZ ALSO PROCID AND COMMAND ARE PRINTED
# THERE IS NO PRINTOUT FOR CPU/WALL TIME INCREASE
 
# TIME			PID	RSS(KB)	VSZ(KB)	Dsk(MB)	tCPU(s)	tWALL(s)	COMMAND
 Nov 27 02:18:55 EET	11812	1320	8896	0	0	2918	-bash         
 Nov 27 02:18:55 EET	11926	1484	8952	0	0	2920	/bin/sh -l ./CREAM188025732_jobWrapper.sh       
 Nov 27 02:18:55 EET	12437	2676	25504	0	0	2918	perl -e ?use Socket;??sub send_notify {? $cream_url = "193.40.150.134:49152";die "No
 Nov 27 02:18:55 EET	16141	5304	25504	0	0	27	condor_starter -f submit-2.t2.ucsd.edu       
 Nov 27 02:18:55 EET	24012	6064	25504	0	1	2901	/home/cms078/home_creur_188025732/CREAM188025732/glide_l12750/main/condor/sbin/condor_master -f -pidfile /home/cms078/home_creur_188025732/CREAM188025732/glide_l12750/condor_master2.pid      
 Nov 27 02:18:55 EET	---	6064	25504	168	----	----	----
 Nov 27 02:20:05 EET	25964	334372	502628	168	15	61	cmsRun -j /home/cms078/home_creur_188025732/CREAM188025732/glide_l12750/execute/dir_16141/crab_fjr_89.xml -p pset.py     
 Nov 27 02:21:14 EET	25964	366160	565348	168	55	129	cmsRun -j /home/cms078/home_creur_188025732/CREAM188025732/glide_l12750/execute/dir_16141/crab_fjr_89.xml -p pset.py     
 Nov 27 02:22:22 EET	25964	366304	565348	168	105	198	cmsRun -j /home/cms078/home_creur_188025732/CREAM188025732/glide_l12750/execute/dir_16141/crab_fjr_89.xml -p pset.py     
 Nov 27 02:23:30 EET	25964	366304	566116	168	138	269	cmsRun -j /home/cms078/home_creur_188025732/CREAM188025732/glide_l12750/execute/dir_16141/crab_fjr_89.xml -p pset.py     
 Nov 27 02:25:51 EET	25964	366408	566372	168	225	407	cmsRun -j /home/cms078/home_creur_188025732/CREAM188025732/glide_l12750/execute/dir_16141/crab_fjr_89.xml -p pset.py     
 Nov 27 02:27:00 EET	25964	366576	566372	168	271	473	cmsRun -j /home/cms078/home_creur_188025732/CREAM188025732/glide_l12750/execute/dir_16141/crab_fjr_89.xml -p pset.py     
 Nov 27 02:28:06 EET	25964	366576	566628	168	307	541	cmsRun -j /home/cms078/home_creur_188025732/CREAM188025732/glide_l12750/execute/dir_16141/crab_fjr_89.xml -p pset.py     
 Nov 27 02:29:14 EET	25964	366576	566884	168	351	607	cmsRun -j /home/cms078/home_creur_188025732/CREAM188025732/glide_l12750/execute/dir_16141/crab_fjr_89.xml -p pset.py     
 Nov 27 02:31:24 EET	---	366576	566884	169	----	----	----
********** WATCHDOG LOG ENDED
ZIPPING WATCHDOG LOG
Disk space used:
du -sh /home/cms078/home_creur_188025732/CREAM188025732/glide_l12750/execute/dir_16141
169M	/home/cms078/home_creur_188025732/CREAM188025732/glide_l12750/execute/dir_16141
>>> info for dashboard:
***** Cat /home/cms078/home_creur_188025732/CREAM188025732/glide_l12750/execute/dir_16141/jobreport.txt *****
MonitorJobID=89_https://submit-2.t2.ucsd.edu//121127//17529.88
MonitorID=liis_crab_0_121127_012714_evt312
ExeTime=721
ExeExitCode=0
CrabUserCpuTime=411.26
CrabSysCpuTime=11.28
CrabCpuPercentage=58%
CrabWrapperTime=765
CrabStageoutTime=NULL
***** End Cat jobreport *****
Parameters sent to Dashboard.
optHistograms_89_1_UBR.root
crab_fjr_89.xml
CMSSW_89.stdout
CMSSW_89.stderr
Watchdog_89.log.gz
tar: .BrokerInfo: Cannot stat: No such file or directory
tar: Error exit delayed from previous errors
Total Output dimension: 30298
WARNING: output files size limit is set to: 50000000
Total Output dimension 30298 is fine.
JOB_EXIT_STATUS = 0
>>> info for dashboard:
***** Cat /home/cms078/home_creur_188025732/CREAM188025732/glide_l12750/execute/dir_16141/jobreport.txt *****
MonitorJobID=89_https://submit-2.t2.ucsd.edu//121127//17529.88
MonitorID=liis_crab_0_121127_012714_evt312
JobExitCode=0
***** End Cat jobreport *****
Parameters sent to Dashboard.
optHistograms_89_1_UBR.root
crab_fjr_89.xml
