This script was generated by crab (version 2.8.3).
Running /home/cms030/home_creur_861434289/CREAM861434289/glide_Q30493/execute/dir_23738/condor_exec.exe with 2 positional parameters: 57 1
Today is Tue Nov 27 02:08:42 EET 2012
Job submitted on host wn-v-7012.local
Linux wn-v-7012.local 2.6.32-042stab059.7 #1 SMP Tue Jul 24 19:12:01 MSK 2012 x86_64 x86_64 x86_64 GNU/Linux
>>> current directory (RUNTIME_AREA): /home/cms030/home_creur_861434289/CREAM861434289/glide_Q30493/execute/dir_23738
>>> current user: uid=11030(cms030) gid=1400(cms) groups=1400(cms)
>>> voms proxy information:
subject   : /DC=ch/DC=cern/OU=Organic Units/OU=Users/CN=liis/CN=663550/CN=Liis Rebane/CN=proxy/CN=limited proxy
issuer    : /DC=ch/DC=cern/OU=Organic Units/OU=Users/CN=liis/CN=663550/CN=Liis Rebane/CN=proxy
identity  : /DC=ch/DC=cern/OU=Organic Units/OU=Users/CN=liis/CN=663550/CN=Liis Rebane/CN=proxy
type      : limited proxy
strength  : 512 bits
path      : /home/cms030/home_creur_861434289/CREAM861434289/glide_Q30493/execute/dir_23738/x509up_u1000009
timeleft  : 23:58:54
key usage : Digital Signature, Key Encipherment, Data Encipherment
=== VO cms extension information ===
VO        : cms
subject   : /DC=ch/DC=cern/OU=Organic Units/OU=Users/CN=liis/CN=663550/CN=Liis Rebane
issuer    : /DC=ch/DC=cern/OU=computers/CN=lcg-voms.cern.ch
attribute : /cms/Role=NULL/Capability=NULL
timeleft  : 191:16:54
uri       : lcg-voms.cern.ch:15002
>>> tar xzf /home/cms030/home_creur_861434289/CREAM861434289/glide_Q30493/execute/dir_23738/default.tgz :
Successful untar
>>> Include /home/cms030/home_creur_861434289/CREAM861434289/glide_Q30493/execute/dir_23738 in PYTHONPATH:
strip arguments
env var CRAB_UNIQUE_JOB_ID set to: liis_crab_0_121127_012714_evt312_57_1_WvN
out_files_57
>>> list of expected files on output sandbox
output files: optHistograms_57_1_WvN.root crab_fjr_57.xml CMSSW_57.stdout CMSSW_57.stderr Watchdog_57.log.gz
>>> GridFlavour discovery: 
GridFlavour=LCG
>>> SyncSite discovery: 
SyncSite=T2_EE_Estonia
>>> SyncCE discovery: 
getting SyncCE from CE_ID
SyncCE=europa.hep.kbfi.ee:8443/cream-pbs-long
>>> info for dashboard:
***** Cat /home/cms030/home_creur_861434289/CREAM861434289/glide_Q30493/execute/dir_23738/jobreport.txt *****
MonitorJobID=57_https://submit-2.t2.ucsd.edu//121127//17529.56
SyncGridJobId=https://submit-2.t2.ucsd.edu//121127//17529.56
MonitorID=liis_crab_0_121127_012714_evt312
GridFlavour=LCG
SyncSite=T2_EE_Estonia
SyncCE=europa.hep.kbfi.ee:8443/cream-pbs-long
***** End Cat jobreport *****
Parameters sent to Dashboard.
>>> setup environment
set SCRAM ARCH to slc5_amd64_gcc462
SCRAM_ARCH = slc5_amd64_gcc462
>>> setup CMS LCG environment:
set SCRAM ARCH and BUILD_ARCH to slc5_amd64_gcc462 ###
Sourcing environment... 
sourcing /cvmfs/cms.cern.ch/cmsset_default.sh
==> setup cms environment ok
>>> specific cmssw setup environment:
CMSSW_VERSION =  CMSSW_5_3_5
>>> current directory (SOFTWARE_DIR): /home/cms030/home_creur_861434289/CREAM861434289/glide_Q30493/execute/dir_23738/CMSSW_5_3_5
PreserveSeeds: <>
IncrementSeeds:<>
{}
WNHostName=wn-v-7012.local
>>> info for dashboard:
***** Cat /home/cms030/home_creur_861434289/CREAM861434289/glide_Q30493/execute/dir_23738/jobreport.txt *****
MonitorJobID=57_https://submit-2.t2.ucsd.edu//121127//17529.56
MonitorID=liis_crab_0_121127_012714_evt312
WNHostName=wn-v-7012.local
***** End Cat jobreport *****
Parameters sent to Dashboard.
crabWatchdog started as process 27066
>>> moving CMSSW software directories in /home/cms030/home_creur_861434289/CREAM861434289/glide_Q30493/execute/dir_23738/CMSSW_5_3_5
mv: cannot stat `/home/cms030/home_creur_861434289/CREAM861434289/glide_Q30493/execute/dir_23738/module/': No such file or directory
>>> Include /home/cms030/home_creur_861434289/CREAM861434289/glide_Q30493/execute/dir_23738 in PYTHONPATH:
PYTHONPATH=/home/cms030/home_creur_861434289/CREAM861434289/glide_Q30493/execute/dir_23738/:/home/cms030/home_creur_861434289/CREAM861434289/glide_Q30493/execute/dir_23738/CMSSW_5_3_5/python:/home/cms030/home_creur_861434289/CREAM861434289/glide_Q30493/execute/dir_23738/CMSSW_5_3_5/lib/slc5_amd64_gcc462:/cvmfs/cms.cern.ch/slc5_amd64_gcc462/cms/cmssw/CMSSW_5_3_5/python:/cvmfs/cms.cern.ch/slc5_amd64_gcc462/cms/cmssw/CMSSW_5_3_5/lib/slc5_amd64_gcc462:/cvmfs/cms.cern.ch/slc5_amd64_gcc462/cms/coral/CORAL_2_3_21-cms27/slc5_amd64_gcc462/python:/cvmfs/cms.cern.ch/slc5_amd64_gcc462/cms/coral/CORAL_2_3_21-cms27/slc5_amd64_gcc462/lib:/cvmfs/cms.cern.ch/slc5_amd64_gcc462/external/pyqt/4.8.1/lib/python2.6/site-packages:/cvmfs/cms.cern.ch/slc5_amd64_gcc462/external/py2-scipy/0.8.0/lib/python2.6/site-packages:/cvmfs/cms.cern.ch/slc5_amd64_gcc462/external/py2-matplotlib/1.0.1/lib/python2.6/site-packages:/cvmfs/cms.cern.ch/slc5_amd64_gcc462/external/python-ldap/2.3.5/lib/python2.6/site-packages:/cvmfs/cms.cern.ch/slc5_amd64_gcc462/external/sip/4.11.2/lib/python2.6/site-packages:/cvmfs/cms.cern.ch/slc5_amd64_gcc462/external/py2-pycurl/7.19.0/lib/python2.6/site-packages:/cvmfs/cms.cern.ch/slc5_amd64_gcc462/external/py2-numpy/1.6.1/lib/python2.6/site-packages:/cvmfs/cms.cern.ch/slc5_amd64_gcc462/external/py2-ipython/0.10/lib/python2.6/site-packages:/cvmfs/cms.cern.ch/slc5_amd64_gcc462/external/py2-cx-oracle/5.1-cms11/lib/python2.6/site-packages:/cvmfs/cms.cern.ch/slc5_amd64_gcc462/external/py2-cjson/1.0.5/lib/python2.6/site-packages:/cvmfs/cms.cern.ch/slc5_amd64_gcc462/cms/das-client/1.4.1-cms8/bin:/cvmfs/cms.cern.ch/slc5_amd64_gcc462/external/elementtree/1.2.6/share/lib/python2.6/site-packages:/cvmfs/cms.cern.ch/slc5_amd64_gcc462/external/rivet/1.5.1-cms10/lib/python2.6/site-packages:/cvmfs/cms.cern.ch/slc5_amd64_gcc462/external/pyminuit2/0.0.1-cms34/lib/python2.6/site-packages:/cvmfs/cms.cern.ch/slc5_amd64_gcc462/external/professor/1.0.0-cms35/lib/python2.6/site-packages:/cvmfs/cms.cern.ch/slc5_amd64_gcc462/lcg/root/5.32.00-cms18/lib:/cvmfs/cms.cern.ch/slc5_amd64_gcc462/cms/dbs-client/DBS_2_1_1_patch1_1/lib:/cvmfs/cms.cern.ch/slc5_amd64_gcc462/cms/dbs-client/DBS_2_1_1_patch1_1/lib/DBSAPI:/home/cms030/home_creur_861434289/CREAM861434289/glide_Q30493/execute/dir_23738/
241a2a19cb7c5c8751ba22759ab3bdb0
PSETHASH = 241a2a19cb7c5c8751ba22759ab3bdb0
/home/cms030/home_creur_861434289/CREAM861434289/glide_Q30493/execute/dir_23738/writeCfg.py pset.py pset.py
Importing .py file
Setting parameters
inputBlocks=/QCD_Pt_250_350_EMEnriched_TuneZ2star_8TeV_pythia6/mario-Summer12-stop-pfele-step1-3d176ac8da5e9dff208d057f4733ca91/USER#89723d11-1f9b-42cd-94f4-feb0ac97b54e
inputFiles=/store/user/mario/QCD_Pt_250_350_EMEnriched_TuneZ2star_8TeV_pythia6/Summer12-stop-pfele-step1/3d176ac8da5e9dff208d057f4733ca91/tuple_221_3_ziO.root;/store/user/mario/QCD_Pt_250_350_EMEnriched_TuneZ2star_8TeV_pythia6/Summer12-stop-pfele-step1/3d176ac8da5e9dff208d057f4733ca91/tuple_222_11_qXA.root;/store/user/mario/QCD_Pt_250_350_EMEnriched_TuneZ2star_8TeV_pythia6/Summer12-stop-pfele-step1/3d176ac8da5e9dff208d057f4733ca91/tuple_224_9_vzv.root;/store/user/mario/QCD_Pt_250_350_EMEnriched_TuneZ2star_8TeV_pythia6/Summer12-stop-pfele-step1/3d176ac8da5e9dff208d057f4733ca91/tuple_226_9_FbK.root;/store/user/mario/QCD_Pt_250_350_EMEnriched_TuneZ2star_8TeV_pythia6/Summer12-stop-pfele-step1/3d176ac8da5e9dff208d057f4733ca91/tuple_227_3_RTm.root;/store/user/mario/QCD_Pt_250_350_EMEnriched_TuneZ2star_8TeV_pythia6/Summer12-stop-pfele-step1/3d176ac8da5e9dff208d057f4733ca91/tuple_230_8_SQi.root
parentFiles=
lumisRange=
>>> Executable cmsRun
/cvmfs/cms.cern.ch/slc5_amd64_gcc462/cms/cmssw/CMSSW_5_3_5/bin/slc5_amd64_gcc462/cmsRun
ok executable found
>>> info for dashboard:
***** Cat /home/cms030/home_creur_861434289/CREAM861434289/glide_Q30493/execute/dir_23738/jobreport.txt *****
MonitorJobID=57_https://submit-2.t2.ucsd.edu//121127//17529.56
MonitorID=liis_crab_0_121127_012714_evt312
ExeStart=cmsRun
***** End Cat jobreport *****
Parameters sent to Dashboard.
>>> cmsRun started at Tue Nov 27 00:09:14 UTC 2012
>>> cmsRun ended at Tue Nov 27 00:25:46 UTC 2012
>>> info for dashboard:
***** Cat /home/cms030/home_creur_861434289/CREAM861434289/glide_Q30493/execute/dir_23738/jobreport.txt *****
MonitorJobID=57_https://submit-2.t2.ucsd.edu//121127//17529.56
MonitorID=liis_crab_0_121127_012714_evt312
ExeEnd=cmsRun
***** End Cat jobreport *****
Parameters sent to Dashboard.
TIME_EXE = 992 sec
>>> cmsRun wrote 149 lines of stdout+stderr
>>> START OF printout of 149 lines from stdout+stderr
27-Nov-2012 02:09:50 EET  Initiating request to open file file:/hdfs/cms/store/user/mario/QCD_Pt_250_350_EMEnriched_TuneZ2star_8TeV_pythia6/Summer12-stop-pfele-step1/3d176ac8da5e9dff208d057f4733ca91/tuple_221_3_ziO.root
27-Nov-2012 02:10:01 EET  Successfully opened file file:/hdfs/cms/store/user/mario/QCD_Pt_250_350_EMEnriched_TuneZ2star_8TeV_pythia6/Summer12-stop-pfele-step1/3d176ac8da5e9dff208d057f4733ca91/tuple_221_3_ziO.root
Begin processing the 1st record. Run 1, Event 170720882, LumiSection 46595 at 27-Nov-2012 02:10:26.106 EET
Begin processing the 1001st record. Run 1, Event 22345107, LumiSection 6099 at 27-Nov-2012 02:10:37.909 EET
Begin processing the 2001st record. Run 1, Event 30176216, LumiSection 8236 at 27-Nov-2012 02:10:44.845 EET
Begin processing the 3001st record. Run 1, Event 31558613, LumiSection 8614 at 27-Nov-2012 02:10:48.784 EET
Begin processing the 4001st record. Run 1, Event 35638370, LumiSection 9727 at 27-Nov-2012 02:10:55.220 EET
Begin processing the 5001st record. Run 1, Event 43795101, LumiSection 11953 at 27-Nov-2012 02:11:00.444 EET
Begin processing the 6001st record. Run 1, Event 53678083, LumiSection 14651 at 27-Nov-2012 02:11:08.637 EET
Begin processing the 7001st record. Run 1, Event 88689736, LumiSection 24206 at 27-Nov-2012 02:11:13.004 EET
27-Nov-2012 02:11:13 EET  Closed file file:/hdfs/cms/store/user/mario/QCD_Pt_250_350_EMEnriched_TuneZ2star_8TeV_pythia6/Summer12-stop-pfele-step1/3d176ac8da5e9dff208d057f4733ca91/tuple_221_3_ziO.root
27-Nov-2012 02:11:13 EET  Initiating request to open file file:/hdfs/cms/store/user/mario/QCD_Pt_250_350_EMEnriched_TuneZ2star_8TeV_pythia6/Summer12-stop-pfele-step1/3d176ac8da5e9dff208d057f4733ca91/tuple_222_11_qXA.root
27-Nov-2012 02:11:13 EET  Successfully opened file file:/hdfs/cms/store/user/mario/QCD_Pt_250_350_EMEnriched_TuneZ2star_8TeV_pythia6/Summer12-stop-pfele-step1/3d176ac8da5e9dff208d057f4733ca91/tuple_222_11_qXA.root
Begin processing the 8001st record. Run 1, Event 144908708, LumiSection 39550 at 27-Nov-2012 02:11:49.736 EET
Begin processing the 9001st record. Run 1, Event 151720983, LumiSection 41409 at 27-Nov-2012 02:11:56.943 EET
Begin processing the 10001st record. Run 1, Event 155643088, LumiSection 42480 at 27-Nov-2012 02:12:01.443 EET
Begin processing the 11001st record. Run 1, Event 173828782, LumiSection 47443 at 27-Nov-2012 02:12:08.943 EET
Begin processing the 12001st record. Run 1, Event 196544109, LumiSection 53642 at 27-Nov-2012 02:12:13.311 EET
Begin processing the 13001st record. Run 1, Event 213458828, LumiSection 58259 at 27-Nov-2012 02:12:21.198 EET
Begin processing the 14001st record. Run 1, Event 234851061, LumiSection 64097 at 27-Nov-2012 02:12:25.738 EET
Begin processing the 15001st record. Run 1, Event 251593591, LumiSection 68667 at 27-Nov-2012 02:12:33.238 EET
Begin processing the 16001st record. Run 1, Event 254101435, LumiSection 69351 at 27-Nov-2012 02:12:37.784 EET
Begin processing the 17001st record. Run 1, Event 260507777, LumiSection 71100 at 27-Nov-2012 02:12:47.677 EET
Begin processing the 18001st record. Run 1, Event 57867604, LumiSection 15794 at 27-Nov-2012 02:12:52.101 EET
Begin processing the 19001st record. Run 1, Event 85020286, LumiSection 23205 at 27-Nov-2012 02:13:02.427 EET
Begin processing the 20001st record. Run 1, Event 139411319, LumiSection 38049 at 27-Nov-2012 02:13:10.785 EET
Begin processing the 21001st record. Run 1, Event 117528608, LumiSection 32077 at 27-Nov-2012 02:13:15.105 EET
Begin processing the 22001st record. Run 1, Event 140791873, LumiSection 38426 at 27-Nov-2012 02:13:24.356 EET
Begin processing the 23001st record. Run 1, Event 158901838, LumiSection 43369 at 27-Nov-2012 02:13:29.700 EET
Begin processing the 24001st record. Run 1, Event 178524440, LumiSection 48724 at 27-Nov-2012 02:13:37.297 EET
Begin processing the 25001st record. Run 1, Event 80107862, LumiSection 21864 at 27-Nov-2012 02:13:41.823 EET
Begin processing the 26001st record. Run 1, Event 85865667, LumiSection 23435 at 27-Nov-2012 02:13:50.057 EET
Begin processing the 27001st record. Run 1, Event 84937453, LumiSection 23182 at 27-Nov-2012 02:13:54.472 EET
Begin processing the 28001st record. Run 1, Event 206975881, LumiSection 56490 at 27-Nov-2012 02:14:03.197 EET
Begin processing the 29001st record. Run 1, Event 226692947, LumiSection 61871 at 27-Nov-2012 02:14:11.899 EET
Begin processing the 30001st record. Run 1, Event 244794731, LumiSection 66811 at 27-Nov-2012 02:14:16.125 EET
Begin processing the 31001st record. Run 1, Event 249672041, LumiSection 68142 at 27-Nov-2012 02:14:25.063 EET
Begin processing the 32001st record. Run 1, Event 65253792, LumiSection 17810 at 27-Nov-2012 02:14:29.537 EET
Begin processing the 33001st record. Run 1, Event 64851874, LumiSection 17700 at 27-Nov-2012 02:14:35.139 EET
27-Nov-2012 02:14:35 EET  Closed file file:/hdfs/cms/store/user/mario/QCD_Pt_250_350_EMEnriched_TuneZ2star_8TeV_pythia6/Summer12-stop-pfele-step1/3d176ac8da5e9dff208d057f4733ca91/tuple_222_11_qXA.root
27-Nov-2012 02:14:35 EET  Initiating request to open file file:/hdfs/cms/store/user/mario/QCD_Pt_250_350_EMEnriched_TuneZ2star_8TeV_pythia6/Summer12-stop-pfele-step1/3d176ac8da5e9dff208d057f4733ca91/tuple_224_9_vzv.root
27-Nov-2012 02:14:36 EET  Successfully opened file file:/hdfs/cms/store/user/mario/QCD_Pt_250_350_EMEnriched_TuneZ2star_8TeV_pythia6/Summer12-stop-pfele-step1/3d176ac8da5e9dff208d057f4733ca91/tuple_224_9_vzv.root
Begin processing the 34001st record. Run 1, Event 261464139, LumiSection 71361 at 27-Nov-2012 02:15:18.774 EET
Begin processing the 35001st record. Run 1, Event 264874037, LumiSection 72291 at 27-Nov-2012 02:15:23.485 EET
Begin processing the 36001st record. Run 1, Event 104125749, LumiSection 28419 at 27-Nov-2012 02:15:31.295 EET
Begin processing the 37001st record. Run 1, Event 142747258, LumiSection 38960 at 27-Nov-2012 02:15:38.942 EET
Begin processing the 38001st record. Run 1, Event 167597237, LumiSection 45742 at 27-Nov-2012 02:15:43.680 EET
Begin processing the 39001st record. Run 1, Event 184961923, LumiSection 50481 at 27-Nov-2012 02:15:53.732 EET
Begin processing the 40001st record. Run 1, Event 106941766, LumiSection 29188 at 27-Nov-2012 02:16:01.440 EET
Begin processing the 41001st record. Run 1, Event 125839738, LumiSection 34345 at 27-Nov-2012 02:16:08.967 EET
Begin processing the 42001st record. Run 1, Event 163945919, LumiSection 44746 at 27-Nov-2012 02:16:13.483 EET
Begin processing the 43001st record. Run 1, Event 1249160, LumiSection 341 at 27-Nov-2012 02:16:21.271 EET
Begin processing the 44001st record. Run 1, Event 35655509, LumiSection 9732 at 27-Nov-2012 02:16:31.332 EET
Begin processing the 45001st record. Run 1, Event 50070593, LumiSection 13666 at 27-Nov-2012 02:16:36.273 EET
Begin processing the 46001st record. Run 1, Event 53604276, LumiSection 14630 at 27-Nov-2012 02:16:44.484 EET
Begin processing the 47001st record. Run 1, Event 141715165, LumiSection 38678 at 27-Nov-2012 02:16:49.122 EET
Begin processing the 48001st record. Run 1, Event 182838711, LumiSection 49902 at 27-Nov-2012 02:16:56.952 EET
Begin processing the 49001st record. Run 1, Event 196757327, LumiSection 53701 at 27-Nov-2012 02:17:02.016 EET
Begin processing the 50001st record. Run 1, Event 198246143, LumiSection 54107 at 27-Nov-2012 02:17:09.581 EET
Begin processing the 51001st record. Run 1, Event 203699989, LumiSection 55595 at 27-Nov-2012 02:17:18.008 EET
Begin processing the 52001st record. Run 1, Event 248157129, LumiSection 67729 at 27-Nov-2012 02:17:22.579 EET
Begin processing the 53001st record. Run 1, Event 106680454, LumiSection 29116 at 27-Nov-2012 02:17:31.298 EET
Begin processing the 54001st record. Run 1, Event 71129457, LumiSection 19414 at 27-Nov-2012 02:17:37.951 EET
Begin processing the 55001st record. Run 1, Event 81720173, LumiSection 22304 at 27-Nov-2012 02:17:47.025 EET
Begin processing the 56001st record. Run 1, Event 120630712, LumiSection 32924 at 27-Nov-2012 02:17:51.373 EET
Begin processing the 57001st record. Run 1, Event 238396281, LumiSection 65065 at 27-Nov-2012 02:18:03.319 EET
Begin processing the 58001st record. Run 1, Event 251782836, LumiSection 68719 at 27-Nov-2012 02:18:07.399 EET
Begin processing the 59001st record. Run 1, Event 257805988, LumiSection 70362 at 27-Nov-2012 02:18:16.463 EET
27-Nov-2012 02:18:16 EET  Closed file file:/hdfs/cms/store/user/mario/QCD_Pt_250_350_EMEnriched_TuneZ2star_8TeV_pythia6/Summer12-stop-pfele-step1/3d176ac8da5e9dff208d057f4733ca91/tuple_224_9_vzv.root
27-Nov-2012 02:18:16 EET  Initiating request to open file file:/hdfs/cms/store/user/mario/QCD_Pt_250_350_EMEnriched_TuneZ2star_8TeV_pythia6/Summer12-stop-pfele-step1/3d176ac8da5e9dff208d057f4733ca91/tuple_226_9_FbK.root
27-Nov-2012 02:18:17 EET  Successfully opened file file:/hdfs/cms/store/user/mario/QCD_Pt_250_350_EMEnriched_TuneZ2star_8TeV_pythia6/Summer12-stop-pfele-step1/3d176ac8da5e9dff208d057f4733ca91/tuple_226_9_FbK.root
Begin processing the 60001st record. Run 1, Event 265676747, LumiSection 72511 at 27-Nov-2012 02:18:56.399 EET
Begin processing the 61001st record. Run 1, Event 146485525, LumiSection 39980 at 27-Nov-2012 02:19:01.452 EET
Begin processing the 62001st record. Run 1, Event 158867400, LumiSection 43360 at 27-Nov-2012 02:19:08.202 EET
Begin processing the 63001st record. Run 1, Event 178750395, LumiSection 48786 at 27-Nov-2012 02:19:16.698 EET
Begin processing the 64001st record. Run 1, Event 250935419, LumiSection 68487 at 27-Nov-2012 02:19:21.757 EET
Begin processing the 65001st record. Run 1, Event 258696240, LumiSection 70605 at 27-Nov-2012 02:19:29.416 EET
Begin processing the 66001st record. Run 1, Event 263012748, LumiSection 71783 at 27-Nov-2012 02:19:33.702 EET
Begin processing the 67001st record. Run 1, Event 126068390, LumiSection 34408 at 27-Nov-2012 02:19:42.327 EET
Begin processing the 68001st record. Run 1, Event 140754626, LumiSection 38416 at 27-Nov-2012 02:19:47.164 EET
Begin processing the 69001st record. Run 1, Event 147366862, LumiSection 40221 at 27-Nov-2012 02:19:58.146 EET
Begin processing the 70001st record. Run 1, Event 182549670, LumiSection 49823 at 27-Nov-2012 02:20:05.516 EET
Begin processing the 71001st record. Run 1, Event 20690736, LumiSection 5648 at 27-Nov-2012 02:20:09.935 EET
Begin processing the 72001st record. Run 1, Event 13176496, LumiSection 3597 at 27-Nov-2012 02:20:16.753 EET
Begin processing the 73001st record. Run 1, Event 14683255, LumiSection 4008 at 27-Nov-2012 02:20:21.112 EET
Begin processing the 74001st record. Run 1, Event 44624301, LumiSection 12180 at 27-Nov-2012 02:20:28.949 EET
Begin processing the 75001st record. Run 1, Event 85174443, LumiSection 23247 at 27-Nov-2012 02:20:33.715 EET
Begin processing the 76001st record. Run 1, Event 94292193, LumiSection 25735 at 27-Nov-2012 02:20:43.493 EET
Begin processing the 77001st record. Run 1, Event 115159948, LumiSection 31431 at 27-Nov-2012 02:20:47.775 EET
Begin processing the 78001st record. Run 1, Event 152717841, LumiSection 41681 at 27-Nov-2012 02:20:55.762 EET
Begin processing the 79001st record. Run 1, Event 223858998, LumiSection 61097 at 27-Nov-2012 02:21:04.567 EET
Begin processing the 80001st record. Run 1, Event 244719954, LumiSection 66791 at 27-Nov-2012 02:21:08.697 EET
Begin processing the 81001st record. Run 1, Event 260681620, LumiSection 71147 at 27-Nov-2012 02:21:18.094 EET
Begin processing the 82001st record. Run 1, Event 87082040, LumiSection 23767 at 27-Nov-2012 02:21:22.575 EET
Begin processing the 83001st record. Run 1, Event 116691317, LumiSection 31849 at 27-Nov-2012 02:21:32.407 EET
Begin processing the 84001st record. Run 1, Event 130496905, LumiSection 35616 at 27-Nov-2012 02:21:36.771 EET
Begin processing the 85001st record. Run 1, Event 143736247, LumiSection 39230 at 27-Nov-2012 02:21:43.216 EET
27-Nov-2012 02:21:44 EET  Closed file file:/hdfs/cms/store/user/mario/QCD_Pt_250_350_EMEnriched_TuneZ2star_8TeV_pythia6/Summer12-stop-pfele-step1/3d176ac8da5e9dff208d057f4733ca91/tuple_226_9_FbK.root
27-Nov-2012 02:21:44 EET  Initiating request to open file file:/hdfs/cms/store/user/mario/QCD_Pt_250_350_EMEnriched_TuneZ2star_8TeV_pythia6/Summer12-stop-pfele-step1/3d176ac8da5e9dff208d057f4733ca91/tuple_227_3_RTm.root
27-Nov-2012 02:21:45 EET  Successfully opened file file:/hdfs/cms/store/user/mario/QCD_Pt_250_350_EMEnriched_TuneZ2star_8TeV_pythia6/Summer12-stop-pfele-step1/3d176ac8da5e9dff208d057f4733ca91/tuple_227_3_RTm.root
Begin processing the 86001st record. Run 1, Event 145935774, LumiSection 39830 at 27-Nov-2012 02:22:20.163 EET
Begin processing the 87001st record. Run 1, Event 154455693, LumiSection 42155 at 27-Nov-2012 02:22:24.503 EET
Begin processing the 88001st record. Run 1, Event 163105254, LumiSection 44516 at 27-Nov-2012 02:22:31.364 EET
Begin processing the 89001st record. Run 1, Event 203899072, LumiSection 55650 at 27-Nov-2012 02:22:39.976 EET
Begin processing the 90001st record. Run 1, Event 211956886, LumiSection 57849 at 27-Nov-2012 02:22:44.163 EET
Begin processing the 91001st record. Run 1, Event 243744782, LumiSection 66525 at 27-Nov-2012 02:22:52.973 EET
Begin processing the 92001st record. Run 1, Event 251392302, LumiSection 68612 at 27-Nov-2012 02:22:57.280 EET
Begin processing the 93001st record. Run 1, Event 253270289, LumiSection 69124 at 27-Nov-2012 02:23:08.502 EET
Begin processing the 94001st record. Run 1, Event 263183177, LumiSection 71830 at 27-Nov-2012 02:23:12.527 EET
Begin processing the 95001st record. Run 1, Event 64061208, LumiSection 17484 at 27-Nov-2012 02:23:19.414 EET
Begin processing the 96001st record. Run 1, Event 80012314, LumiSection 21838 at 27-Nov-2012 02:23:24.011 EET
Begin processing the 97001st record. Run 1, Event 89393752, LumiSection 24398 at 27-Nov-2012 02:23:30.829 EET
Begin processing the 98001st record. Run 1, Event 183363727, LumiSection 50045 at 27-Nov-2012 02:23:38.500 EET
Begin processing the 99001st record. Run 1, Event 211999039, LumiSection 57860 at 27-Nov-2012 02:23:42.676 EET
Begin processing the 100001st record. Run 1, Event 228103600, LumiSection 62256 at 27-Nov-2012 02:23:51.232 EET
Begin processing the 101001st record. Run 1, Event 236983981, LumiSection 64680 at 27-Nov-2012 02:23:55.348 EET
Begin processing the 102001st record. Run 1, Event 6908100, LumiSection 1886 at 27-Nov-2012 02:24:05.256 EET
Begin processing the 103001st record. Run 1, Event 62096506, LumiSection 16948 at 27-Nov-2012 02:24:09.309 EET
Begin processing the 104001st record. Run 1, Event 64178227, LumiSection 17516 at 27-Nov-2012 02:24:16.362 EET
Begin processing the 105001st record. Run 1, Event 231155916, LumiSection 63089 at 27-Nov-2012 02:24:20.487 EET
Begin processing the 106001st record. Run 1, Event 255611441, LumiSection 69763 at 27-Nov-2012 02:24:28.706 EET
Begin processing the 107001st record. Run 1, Event 266597460, LumiSection 72762 at 27-Nov-2012 02:24:37.301 EET
Begin processing the 108001st record. Run 1, Event 62144275, LumiSection 16961 at 27-Nov-2012 02:24:42.660 EET
Begin processing the 109001st record. Run 1, Event 95371106, LumiSection 26030 at 27-Nov-2012 02:24:50.065 EET
Begin processing the 110001st record. Run 1, Event 115074905, LumiSection 31407 at 27-Nov-2012 02:24:54.351 EET
Begin processing the 111001st record. Run 1, Event 232540308, LumiSection 63467 at 27-Nov-2012 02:25:00.027 EET
27-Nov-2012 02:25:01 EET  Closed file file:/hdfs/cms/store/user/mario/QCD_Pt_250_350_EMEnriched_TuneZ2star_8TeV_pythia6/Summer12-stop-pfele-step1/3d176ac8da5e9dff208d057f4733ca91/tuple_227_3_RTm.root
27-Nov-2012 02:25:01 EET  Initiating request to open file file:/hdfs/cms/store/user/mario/QCD_Pt_250_350_EMEnriched_TuneZ2star_8TeV_pythia6/Summer12-stop-pfele-step1/3d176ac8da5e9dff208d057f4733ca91/tuple_230_8_SQi.root
27-Nov-2012 02:25:02 EET  Successfully opened file file:/hdfs/cms/store/user/mario/QCD_Pt_250_350_EMEnriched_TuneZ2star_8TeV_pythia6/Summer12-stop-pfele-step1/3d176ac8da5e9dff208d057f4733ca91/tuple_230_8_SQi.root
Begin processing the 112001st record. Run 1, Event 167043441, LumiSection 45591 at 27-Nov-2012 02:25:42.826 EET
27-Nov-2012 02:25:44 EET  Closed file file:/hdfs/cms/store/user/mario/QCD_Pt_250_350_EMEnriched_TuneZ2star_8TeV_pythia6/Summer12-stop-pfele-step1/3d176ac8da5e9dff208d057f4733ca91/tuple_230_8_SQi.root

=============================================

MessageLogger Summary

 type     category        sev    module        subroutine        count    total
 ---- -------------------- -- ---------------- ----------------  -----    -----
    1 fileAction           -s file_close                             6        6
    2 fileAction           -s file_open                             12       12

 type    category    Examples: run/evt        run/evt          run/evt
 ---- -------------------- ---------------- ---------------- ----------------
    1 fileAction           PostProcessEvent PostBeginLumi    PostEndRun
    2 fileAction           pre-events       pre-events       PostProcessEvent

Severity    # Occurrences   Total Occurrences
--------    -------------   -----------------
System                 18                  18
>>> END OF printout of 149 lines from stdout+stderr
>>> Parse FrameworkJobReport crab_fjr.xml
Result of parsing the FrameworkJobReport crab_fjr.xml: Popularity start
lumisRange : 1::229,2171,2852,3265-3267,3294,3398,3597-3598,3883,4005,4008,4012,4476,5533,5542,5545,5547,5556,5648,5654,12180,16323,16462,17336,17919,17928,18072,18076,20955,23247,23460,23476,23686,23767,24553,24611,25735,27052,27059,27228,27343,28036,28135,28313,29214,29907,30040,31431,31849,32010,32422,32657,33865,33876,33963,34338,34405,34408,34826,35616,36226,38012,38416,38450,38606,38660,38703,38786,38827,38868,38874,38963,38971,39047,39095,39153,39200,39230,39579,39601,39652,39767,39836,39979-39980,40221,40261,40627,40805,40809,40912,41681,41979,42012,42172,42209,42356,43076,43360,43552,44246,44361,45372,45968,46862,47110,47707,48246,48280,48786,49823,50059,50506,52199,52880,52960,55174,61097,62440,65408,66641-66642,66654,66656,66739,66791,67287,67369,67856,67894,68022,68079,68196,68267,68362,68487,68602,68608,69217,69222,69542,69739,69764,69897,69981,70311,70349,70382,70413,70602,70605,70698-70699,71093,71147,71274,71302,71484,71547,71591,71593-71594,71783,72304,72511::1;1::374,1883,1886,2454,7322,8592,8743,10535,14401,14620,14652,16584,16927,16937-16938,16948,16953,16961,17155,17193,17261,17347,17369,17442,17484,17516-17517,17662,17729,17743,17752,17760,17914,18057,18073,18121,18128,19489,21335,21825,21838,21844,22895,22942-22943,23034,23537,23605,24398,24613,26030,26718,27073,27191,27195,27576,27589,29576,29630,30167,30695,31106,31407,31477,33053,33211,38093,39461,39501,39784-39785,39830,39833-39834,41339,41639,41727,42155,42207,42431,42472,43015-43016,43402,44516,45873,46640,50045,50193,50370,50387,50496,50506,50598,51231,52224,52728,52783,54762,54998,55650,55655,55994,56032,56629,57237,57849,57860,58274,58562,59169,59184,59806,60699,60921,61257,61382,61490,62256,62699,62896,62999,63089,63261,63386,63467,63610,63877,64544,64680,64831,65059,65069,66151-66152,66525,66570,67724-67725,67970,68005,68021,68025,68028,68612-68613,68626,68759,69110,69124,69237,69402,69416,69763,69893,70239,70260,70512,70558,70727,70818,71321,71811,71830-71831,72201,72596,72646,72762,72895::2;1::294,341,814,2872,3408,3428,5063,9732,9946,10698,10718,11938,11959,12369,13394,13557,13666,14592,14630,16970-16971,18177,18322,18615,19414,19534,22267,22304,22330,22539,23117,23541,24492,26101,27688,28000,28419,29116,29188,29273,29418,30013,30174,30285,30305,30979-30980,31565,31775,31884,32793,32924,33068,33135,33137,34345,34742,35417,36281,37741,37925,38018,38430,38678,38960,39027,39156,39252,39419,42195,42265,42357,42389-42390,42833,43128,43130,43259,43623-43624,44746,45742,45931,46507,47077,48190,48453,49029,49902,50133,50321,50373,50481,51001,52786,52794,52797,53016,53095,53505,53654,53656,53701,53835,53856,53913,54008,54107,54120,54133,54803,55318,55368,55426,55445,55595,55604,55607,55610,55613,55637,55641,55649,56024,56031,56141,57351,57480,58703,58755-58756,59002,59221,60727,65065,65948,67219,67275,67449,67729,68358,68589,68719,69095,69352,69943,70277-70278,70283,70362,70426,70522,70707,71159,71339,71361,71363,71945-71946,72037,72047,72147,72176,72179,72291,72448,72458,72614,72678::3;1::44401,45591,46920,54037,55364,55382,55588,55591::4;1::10647,11096,11099,11116,12349,12878,14162,15601,15725,15758,15794,15829,16567,16718-16719,16721,16966,17700,17810,17812,17847,18311,18545,18806,18933,19289,21080,21814,21864,21871,21879,21885,21905,21918,21931,21936,21960,22037,23149,23182,23205,23271,23435-23436,23493,23497,23773,24206,24962,28525,28989,29191,31358,31482,31578,31784,32077,32233,32659,33470,33538,33623,34191,36753,37796,38049,38055,38068,38426,38526,38613,38822,39550,40685,40822,40965,41156,41158,41189,41409,41446,41801,42203,42394,42466,42480,42646,43369,43403,43405,45997,47082,47133,47180,47346,47371,47443,48059,48273,48284,48724-48726,50010,50558,51861,52879,53185,53506,53642,55163,55236,55470-55471,56070,56098,56212,56490,56589,56752,56965,57259,57313,57376,58259,58270,58515,59283,60090,61855,61871,62355,63881,63888,64097,64365,65978,66101-66102,66502,66708,66811,66904,67663,67676,67780,67857,68142,68342,68380,68407,68588,68603,68667,68684,68772,68899,69219,69245,69351,69720,69852,69939,70037,70496,70650,71100,71158,71577,71731::5;1::3777,4262,5066,5445,6069,6099,6645,6904,7347,8236,8249,8611,8614,8751,8895,9402,9713-9714,9727,9735,9742,9754,10882,11850,11873,11946,11951,11953,11964,12372,13900-13901,14495,14512,14516,14543,14546,14631,14651,14675,14681,16465,22394,24206,46595::6;
lumisParentRange : 
Basename : /store/user/mario/QCD_Pt_250_350_EMEnriched_TuneZ2star_8TeV_pythia6/Summer12-stop-pfele-step1/3d176ac8da5e9dff208d057f4733ca91/tuple_2
BasenameParent : 
parentFiles : 
inputBlocks : /QCD_Pt_250_350_EMEnriched_TuneZ2star_8TeV_pythia6/mario-Summer12-stop-pfele-step1-3d176ac8da5e9dff208d057f4733ca91/USER#89723d11-1f9b-42cd-94f4-feb0ac97b54e
inputFiles : 26_9_FbK.root::1::EDM::Local::1;27_3_RTm.root::1::EDM::Local::2;24_9_vzv.root::1::EDM::Local::3;30_8_SQi.root::1::EDM::Local::4;22_11_qXA.root::1::EDM::Local::5;21_3_ziO.root::1::EDM::Local::6;
Popularity stop
Extracted ExitStatus from FrameworkJobReport parsing output: 0
>>> Executable succeded  0
ExeExitCode=0
EXECUTABLE_EXIT_STATUS = 0
>>> current directory /home/cms030/home_creur_861434289/CREAM861434289/glide_Q30493/execute/dir_23738/CMSSW_5_3_5
>>>  (SOFTWARE_DIR): /home/cms030/home_creur_861434289/CREAM861434289/glide_Q30493/execute/dir_23738/CMSSW_5_3_5
>>> (WORKING_DIR): 
>>> current directory content:
total 160
drwxr-xr-x 3 cms030 cms  4096 Nov 27 02:08 .SCRAM
-rw-r--r-- 1 cms030 cms 30066 Nov 27 02:08 CMSSW.py.pkl
drwxr-xr-x 3 cms030 cms  4096 Nov 27 02:08 bin
drwxr-xr-x 3 cms030 cms  4096 Nov 27 02:08 cfipython
drwxr-xr-x 5 cms030 cms  4096 Nov 27 02:08 config
-rw-r--r-- 1 cms030 cms    17 Nov 27 02:25 cpu_timing.txt
drwxr-xr-x 2 cms030 cms  4096 Nov 27 02:08 doc
-rw-r--r-- 1 cms030 cms 17126 Nov 27 02:25 executable.out
drwxr-xr-x 2 cms030 cms  4096 Nov 27 02:08 include
drwxrwxrwx 3 cms030 cms  4096 Oct 22 16:38 lib
drwxr-xr-x 3 cms030 cms  4096 Nov 27 02:08 logs
drwxr-xr-x 3 cms030 cms  4096 Nov 27 02:08 objs
-rw-r--r-- 1 cms030 cms 17501 Nov 27 02:25 optHistograms.root
-rw-r--r-- 1 cms030 cms   104 Nov 27 02:09 pset.py
-rw-r--r-- 1 cms030 cms 19667 Nov 27 02:09 pset.py.pkl
-rw-r--r-- 1 cms030 cms   289 Nov 27 02:09 pset.pyc
drwxr-xr-x 2 cms030 cms  4096 Nov 27 02:08 python
-rw-r--r-- 1 cms030 cms   420 Nov 27 02:25 report.log
drwxrwxrwx 4 cms030 cms  4096 Nov 27 02:08 src
drwxr-xr-x 3 cms030 cms  4096 Nov 27 02:08 test
drwxr-xr-x 3 cms030 cms  4096 Nov 27 02:08 tmp
>>> current directory /home/cms030/home_creur_861434289/CREAM861434289/glide_Q30493/execute/dir_23738/CMSSW_5_3_5
>>> (SOFTWARE_DIR): /home/cms030/home_creur_861434289/CREAM861434289/glide_Q30493/execute/dir_23738/CMSSW_5_3_5
>>> (WORKING_DIR): 
>>> current directory content:
total 140
drwxr-xr-x 3 cms030 cms  4096 Nov 27 02:08 .SCRAM
-rw-r--r-- 1 cms030 cms 30066 Nov 27 02:08 CMSSW.py.pkl
drwxr-xr-x 3 cms030 cms  4096 Nov 27 02:08 bin
drwxr-xr-x 3 cms030 cms  4096 Nov 27 02:08 cfipython
drwxr-xr-x 5 cms030 cms  4096 Nov 27 02:08 config
-rw-r--r-- 1 cms030 cms    17 Nov 27 02:25 cpu_timing.txt
drwxr-xr-x 2 cms030 cms  4096 Nov 27 02:08 doc
-rw-r--r-- 1 cms030 cms 17126 Nov 27 02:25 executable.out
drwxr-xr-x 2 cms030 cms  4096 Nov 27 02:08 include
drwxrwxrwx 3 cms030 cms  4096 Oct 22 16:38 lib
drwxr-xr-x 3 cms030 cms  4096 Nov 27 02:08 logs
drwxr-xr-x 3 cms030 cms  4096 Nov 27 02:08 objs
-rw-r--r-- 1 cms030 cms   104 Nov 27 02:09 pset.py
-rw-r--r-- 1 cms030 cms 19667 Nov 27 02:09 pset.py.pkl
-rw-r--r-- 1 cms030 cms   289 Nov 27 02:09 pset.pyc
drwxr-xr-x 2 cms030 cms  4096 Nov 27 02:08 python
-rw-r--r-- 1 cms030 cms   420 Nov 27 02:25 report.log
drwxrwxrwx 4 cms030 cms  4096 Nov 27 02:08 src
drwxr-xr-x 3 cms030 cms  4096 Nov 27 02:08 test
drwxr-xr-x 3 cms030 cms  4096 Nov 27 02:08 tmp
>>> current directory (RUNTIME_AREA):  /home/cms030/home_creur_861434289/CREAM861434289/glide_Q30493/execute/dir_23738
>>> current dir: /home/cms030/home_creur_861434289/CREAM861434289/glide_Q30493/execute/dir_23738
>>> current dir content:
total 25808
-rw-rw-rw-  1 cms030 cms     5603 Nov 27 02:08 .job.ad
-rw-rw-rw-  1 cms030 cms    11525 Nov 27 02:08 .machine.ad
-rw-rw-rw-  1 cms030 cms      105 Nov 27 01:27 CMSSW.py
-rw-rw-rw-  1 cms030 cms    30066 Nov 27 01:27 CMSSW.py.pkl
-rwxrw-rw-  1 cms030 cms    23341 Nov 27 02:08 CMSSW.sh
-rw-rw-rw-  1 cms030 cms        0 Nov 27 02:08 CMSSW_57.stderr
-rw-rw-rw-  1 cms030 cms    33693 Nov 27 02:26 CMSSW_57.stdout
drwxr-xr-x 15 cms030 cms     4096 Nov 27 02:26 CMSSW_5_3_5
-rw-r--r--  1 cms030 cms      347 Nov 27 02:08 CacheEnv.sh
-rw-rw-rw-  1 cms030 cms     7291 Jun  9  2010 DashboardAPI.py
-rw-r--r--  1 cms030 cms     6883 Nov 27 02:08 DashboardAPI.pyc
drwxrwxrwx  3 cms030 cms     4096 Nov 27 02:25 IMProv
-rw-rw-rw-  1 cms030 cms     2748 Mar  8  2006 Logger.py
-rw-r--r--  1 cms030 cms     3353 Nov 27 02:08 Logger.pyc
-rw-rw-rw-  1 cms030 cms    24524 Mar 28  2008 ProcInfo.py
-rw-r--r--  1 cms030 cms    23470 Nov 27 02:08 ProcInfo.pyc
drwxrwxrwx  7 cms030 cms     4096 Nov 27 02:09 ProdCommon
drwxrwxrwx  3 cms030 cms     4096 Nov 27 02:08 WMCore
-rw-r--r--  1 cms030 cms     2223 Nov 27 02:22 Watchdog_57.log
-rw-rw-rw-  1 cms030 cms    32895 Mar 28  2008 apmon.py
-rw-r--r--  1 cms030 cms    28874 Nov 27 02:08 apmon.pyc
-rw-rw-rw-  1 cms030 cms   105070 Nov 27 02:08 arguments.xml
-rwxrwxrwx  1 cms030 cms    37427 Sep 13 14:14 cmscp.py
-rwxrwxrwx  1 cms030 cms    23341 Nov 27 02:08 condor_exec.exe
-rw-rw-rw-  1 cms030 cms      546 Nov 27 01:27 crab.cfg
-rwxrwxrwx  1 cms030 cms     9531 Sep 20 21:46 crabWatchdog.sh
-rw-r--r--  1 cms030 cms    53492 Nov 27 02:25 crab_fjr_57.xml
-rw-rw-rw-  1 cms030 cms 25796300 Nov 27 02:08 default.tgz
-rwxrwxrwx  1 cms030 cms     4488 May 12  2012 fillCrabFjr.py
-rw-r--r--  1 cms030 cms     1095 Nov 27 02:09 inputsReport.txt
-rw-r--r--  1 cms030 cms      132 Nov 27 02:26 jobreport.txt
lrwxrwxrwx  1 cms030 cms      107 Nov 27 02:26 optHistograms.root -> /home/cms030/home_creur_861434289/CREAM861434289/glide_Q30493/execute/dir_23738/optHistograms_57_1_WvN.root
-rw-r--r--  1 cms030 cms    17501 Nov 27 02:25 optHistograms_57_1_WvN.root
-rw-rw-rw-  1 cms030 cms    17352 Jan 20  2012 parseCrabFjr.py
-rw-r--r--  1 cms030 cms      285 Nov 27 02:08 report.log
-rwxrwxrwx  1 cms030 cms     1497 May 27  2009 report.py
-rwxrwxrwx  1 cms030 cms     8387 Mar 23  2011 writeCfg.py
-rw-------  1 cms030 cms     8687 Nov 27 02:18 x509up_u1000009
Checking output files:  
will tar file optHistograms_57_1_WvN.root in  out_files_57
will tar file crab_fjr_57.xml in  out_files_57
will tar file CMSSW_57.stdout in  out_files_57
will tar file CMSSW_57.stderr in  out_files_57
WARNING: output file Watchdog_57.log.gz not found!
>>> padding time: Wrapper lasting more than 600 seconds. No sleep required.
STOPPING WATCHDOG. CrabWatchdog PID is 27066
********** LAST 50 LINES OF WATCHDOG LOG
cut: write error: Broken pipe
# RESOURCE USAGE SUMMARY FOR PROCESS ID 25347
USER       PID %CPU %MEM    VSZ   RSS TTY      STAT START   TIME COMMAND
cms030   25347  0.2  0.0   8956  1488 ?        S    02:08   0:00 /bin/sh /home/cms030/home_creur_861434289/CREAM861434289/glide_Q30493/execute/dir_23738/condor_exec.exe 57 1
 
# LIMITS USED BY THIS WATCHDOG:
# RSS  (KBytes)  : 2300000
# VSZ  (KBytes)  : 100000000
# DISK (MBytes)  : 19000
# CPU  (seconds) : 171600
# WALL (seconds) : 171600
 
# FOLLOWING PRINTOUT TRACKS MAXIMUM VALUES OF RESOURCES USE
# ONE LINE IS PRINTED EACH TIME A MAXIMUM CHANGES
# IF CHANGE WAS IN RSS OR VSZ ALSO PROCID AND COMMAND ARE PRINTED
# THERE IS NO PRINTOUT FOR CPU/WALL TIME INCREASE
 
# TIME			PID	RSS(KB)	VSZ(KB)	Dsk(MB)	tCPU(s)	tWALL(s)	COMMAND
 Nov 27 02:08:57 EET	1485	1340	8816	0	0	2102	/bin/bash /home/cms030/home_creur_861434289/CREAM861434289/glide_Q30493/main/condor_startup.sh glidein_config       
 Nov 27 02:08:57 EET	2127	5776	9448	0	0	2101	/home/cms030/home_creur_861434289/CREAM861434289/glide_Q30493/main/condor/sbin/condor_master -f -pidfile /home/cms030/home_creur_861434289/CREAM861434289/glide_Q30493/condor_master2.pid      
 Nov 27 02:08:57 EET	2406	5776	9620	0	1	2100	condor_startd -f        
 Nov 27 02:08:57 EET	27123	23812	83356	0	0	5	edmConfigHash pset.py        
 Nov 27 02:08:57 EET	---	23812	83356	168	----	----	----
 Nov 27 02:10:05 EET	28689	250472	384640	168	10	58	cmsRun -j /home/cms030/home_creur_861434289/CREAM861434289/glide_Q30493/execute/dir_23738/crab_fjr_57.xml -p pset.py     
 Nov 27 02:11:19 EET	28689	335004	503400	168	45	131	cmsRun -j /home/cms030/home_creur_861434289/CREAM861434289/glide_Q30493/execute/dir_23738/crab_fjr_57.xml -p pset.py     
 Nov 27 02:12:31 EET	28689	366672	565608	168	83	204	cmsRun -j /home/cms030/home_creur_861434289/CREAM861434289/glide_Q30493/execute/dir_23738/crab_fjr_57.xml -p pset.py     
 Nov 27 02:13:46 EET	28689	366888	565864	168	128	278	cmsRun -j /home/cms030/home_creur_861434289/CREAM861434289/glide_Q30493/execute/dir_23738/crab_fjr_57.xml -p pset.py     
 Nov 27 02:22:49 EET	28689	366888	566376	168	401	816	cmsRun -j /home/cms030/home_creur_861434289/CREAM861434289/glide_Q30493/execute/dir_23738/crab_fjr_57.xml -p pset.py     
********** WATCHDOG LOG ENDED
ZIPPING WATCHDOG LOG
Disk space used:
du -sh /home/cms030/home_creur_861434289/CREAM861434289/glide_Q30493/execute/dir_23738
169M	/home/cms030/home_creur_861434289/CREAM861434289/glide_Q30493/execute/dir_23738
>>> info for dashboard:
***** Cat /home/cms030/home_creur_861434289/CREAM861434289/glide_Q30493/execute/dir_23738/jobreport.txt *****
MonitorJobID=57_https://submit-2.t2.ucsd.edu//121127//17529.56
MonitorID=liis_crab_0_121127_012714_evt312
ExeTime=992
ExeExitCode=0
CrabUserCpuTime=479.55
CrabSysCpuTime=12.81
CrabCpuPercentage=49%
CrabWrapperTime=1044
CrabStageoutTime=NULL
***** End Cat jobreport *****
Parameters sent to Dashboard.
optHistograms_57_1_WvN.root
crab_fjr_57.xml
CMSSW_57.stdout
CMSSW_57.stderr
Watchdog_57.log.gz
tar: .BrokerInfo: Cannot stat: No such file or directory
tar: Error exit delayed from previous errors
Total Output dimension: 30030
WARNING: output files size limit is set to: 50000000
Total Output dimension 30030 is fine.
JOB_EXIT_STATUS = 0
>>> info for dashboard:
***** Cat /home/cms030/home_creur_861434289/CREAM861434289/glide_Q30493/execute/dir_23738/jobreport.txt *****
MonitorJobID=57_https://submit-2.t2.ucsd.edu//121127//17529.56
MonitorID=liis_crab_0_121127_012714_evt312
JobExitCode=0
***** End Cat jobreport *****
Parameters sent to Dashboard.
optHistograms_57_1_WvN.root
crab_fjr_57.xml
