This script was generated by crab (version 2.8.3).
Running /home/cms019/home_crobe_139658788/CREAM139658788/glide_KS1822/execute/dir_1490/condor_exec.exe with 2 positional parameters: 70 1
Today is Tue Nov 27 02:10:32 EET 2012
Job submitted on host wn-v-2036.local
Linux wn-v-2036.local 2.6.32-042stab059.7 #1 SMP Tue Jul 24 19:12:01 MSK 2012 x86_64 x86_64 x86_64 GNU/Linux
>>> current directory (RUNTIME_AREA): /home/cms019/home_crobe_139658788/CREAM139658788/glide_KS1822/execute/dir_1490
>>> current user: uid=11019(cms019) gid=1400(cms) groups=1400(cms)
>>> voms proxy information:
subject   : /DC=ch/DC=cern/OU=Organic Units/OU=Users/CN=liis/CN=663550/CN=Liis Rebane/CN=proxy/CN=limited proxy
issuer    : /DC=ch/DC=cern/OU=Organic Units/OU=Users/CN=liis/CN=663550/CN=Liis Rebane/CN=proxy
identity  : /DC=ch/DC=cern/OU=Organic Units/OU=Users/CN=liis/CN=663550/CN=Liis Rebane/CN=proxy
type      : limited proxy
strength  : 512 bits
path      : /home/cms019/home_crobe_139658788/CREAM139658788/glide_KS1822/execute/dir_1490/x509up_u1000009
timeleft  : 23:59:53
key usage : Digital Signature, Key Encipherment, Data Encipherment
=== VO cms extension information ===
VO        : cms
subject   : /DC=ch/DC=cern/OU=Organic Units/OU=Users/CN=liis/CN=663550/CN=Liis Rebane
issuer    : /DC=ch/DC=cern/OU=computers/CN=lcg-voms.cern.ch
attribute : /cms/Role=NULL/Capability=NULL
timeleft  : 191:15:05
uri       : lcg-voms.cern.ch:15002
>>> tar xzf /home/cms019/home_crobe_139658788/CREAM139658788/glide_KS1822/execute/dir_1490/default.tgz :
Successful untar
>>> Include /home/cms019/home_crobe_139658788/CREAM139658788/glide_KS1822/execute/dir_1490 in PYTHONPATH:
strip arguments
env var CRAB_UNIQUE_JOB_ID set to: liis_crab_0_121127_012714_evt312_70_1_s40
out_files_70
>>> list of expected files on output sandbox
output files: optHistograms_70_1_s40.root crab_fjr_70.xml CMSSW_70.stdout CMSSW_70.stderr Watchdog_70.log.gz
>>> GridFlavour discovery: 
GridFlavour=LCG
>>> SyncSite discovery: 
SyncSite=T2_EE_Estonia
>>> SyncCE discovery: 
getting SyncCE from CE_ID
SyncCE=oberon.hep.kbfi.ee:8443/cream-pbs-long
>>> info for dashboard:
***** Cat /home/cms019/home_crobe_139658788/CREAM139658788/glide_KS1822/execute/dir_1490/jobreport.txt *****
MonitorJobID=70_https://submit-2.t2.ucsd.edu//121127//17529.69
SyncGridJobId=https://submit-2.t2.ucsd.edu//121127//17529.69
MonitorID=liis_crab_0_121127_012714_evt312
GridFlavour=LCG
SyncSite=T2_EE_Estonia
SyncCE=oberon.hep.kbfi.ee:8443/cream-pbs-long
***** End Cat jobreport *****
Parameters sent to Dashboard.
>>> setup environment
set SCRAM ARCH to slc5_amd64_gcc462
SCRAM_ARCH = slc5_amd64_gcc462
>>> setup CMS LCG environment:
set SCRAM ARCH and BUILD_ARCH to slc5_amd64_gcc462 ###
Sourcing environment... 
sourcing /cvmfs/cms.cern.ch/cmsset_default.sh
==> setup cms environment ok
>>> specific cmssw setup environment:
CMSSW_VERSION =  CMSSW_5_3_5
>>> current directory (SOFTWARE_DIR): /home/cms019/home_crobe_139658788/CREAM139658788/glide_KS1822/execute/dir_1490/CMSSW_5_3_5
PreserveSeeds: <>
IncrementSeeds:<>
{}
WNHostName=wn-v-2036.local
>>> info for dashboard:
***** Cat /home/cms019/home_crobe_139658788/CREAM139658788/glide_KS1822/execute/dir_1490/jobreport.txt *****
MonitorJobID=70_https://submit-2.t2.ucsd.edu//121127//17529.69
MonitorID=liis_crab_0_121127_012714_evt312
WNHostName=wn-v-2036.local
***** End Cat jobreport *****
Parameters sent to Dashboard.
crabWatchdog started as process 2445
>>> moving CMSSW software directories in /home/cms019/home_crobe_139658788/CREAM139658788/glide_KS1822/execute/dir_1490/CMSSW_5_3_5
mv: cannot stat `/home/cms019/home_crobe_139658788/CREAM139658788/glide_KS1822/execute/dir_1490/module/': No such file or directory
>>> Include /home/cms019/home_crobe_139658788/CREAM139658788/glide_KS1822/execute/dir_1490 in PYTHONPATH:
PYTHONPATH=/home/cms019/home_crobe_139658788/CREAM139658788/glide_KS1822/execute/dir_1490/:/home/cms019/home_crobe_139658788/CREAM139658788/glide_KS1822/execute/dir_1490/CMSSW_5_3_5/python:/home/cms019/home_crobe_139658788/CREAM139658788/glide_KS1822/execute/dir_1490/CMSSW_5_3_5/lib/slc5_amd64_gcc462:/cvmfs/cms.cern.ch/slc5_amd64_gcc462/cms/cmssw/CMSSW_5_3_5/python:/cvmfs/cms.cern.ch/slc5_amd64_gcc462/cms/cmssw/CMSSW_5_3_5/lib/slc5_amd64_gcc462:/cvmfs/cms.cern.ch/slc5_amd64_gcc462/cms/coral/CORAL_2_3_21-cms27/slc5_amd64_gcc462/python:/cvmfs/cms.cern.ch/slc5_amd64_gcc462/cms/coral/CORAL_2_3_21-cms27/slc5_amd64_gcc462/lib:/cvmfs/cms.cern.ch/slc5_amd64_gcc462/external/pyqt/4.8.1/lib/python2.6/site-packages:/cvmfs/cms.cern.ch/slc5_amd64_gcc462/external/py2-scipy/0.8.0/lib/python2.6/site-packages:/cvmfs/cms.cern.ch/slc5_amd64_gcc462/external/py2-matplotlib/1.0.1/lib/python2.6/site-packages:/cvmfs/cms.cern.ch/slc5_amd64_gcc462/external/python-ldap/2.3.5/lib/python2.6/site-packages:/cvmfs/cms.cern.ch/slc5_amd64_gcc462/external/sip/4.11.2/lib/python2.6/site-packages:/cvmfs/cms.cern.ch/slc5_amd64_gcc462/external/py2-pycurl/7.19.0/lib/python2.6/site-packages:/cvmfs/cms.cern.ch/slc5_amd64_gcc462/external/py2-numpy/1.6.1/lib/python2.6/site-packages:/cvmfs/cms.cern.ch/slc5_amd64_gcc462/external/py2-ipython/0.10/lib/python2.6/site-packages:/cvmfs/cms.cern.ch/slc5_amd64_gcc462/external/py2-cx-oracle/5.1-cms11/lib/python2.6/site-packages:/cvmfs/cms.cern.ch/slc5_amd64_gcc462/external/py2-cjson/1.0.5/lib/python2.6/site-packages:/cvmfs/cms.cern.ch/slc5_amd64_gcc462/cms/das-client/1.4.1-cms8/bin:/cvmfs/cms.cern.ch/slc5_amd64_gcc462/external/elementtree/1.2.6/share/lib/python2.6/site-packages:/cvmfs/cms.cern.ch/slc5_amd64_gcc462/external/rivet/1.5.1-cms10/lib/python2.6/site-packages:/cvmfs/cms.cern.ch/slc5_amd64_gcc462/external/pyminuit2/0.0.1-cms34/lib/python2.6/site-packages:/cvmfs/cms.cern.ch/slc5_amd64_gcc462/external/professor/1.0.0-cms35/lib/python2.6/site-packages:/cvmfs/cms.cern.ch/slc5_amd64_gcc462/lcg/root/5.32.00-cms18/lib:/cvmfs/cms.cern.ch/slc5_amd64_gcc462/cms/dbs-client/DBS_2_1_1_patch1_1/lib:/cvmfs/cms.cern.ch/slc5_amd64_gcc462/cms/dbs-client/DBS_2_1_1_patch1_1/lib/DBSAPI:/home/cms019/home_crobe_139658788/CREAM139658788/glide_KS1822/execute/dir_1490/
241a2a19cb7c5c8751ba22759ab3bdb0
PSETHASH = 241a2a19cb7c5c8751ba22759ab3bdb0
/home/cms019/home_crobe_139658788/CREAM139658788/glide_KS1822/execute/dir_1490/writeCfg.py pset.py pset.py
Importing .py file
Setting parameters
inputBlocks=/QCD_Pt_250_350_EMEnriched_TuneZ2star_8TeV_pythia6/mario-Summer12-stop-pfele-step1-3d176ac8da5e9dff208d057f4733ca91/USER#89723d11-1f9b-42cd-94f4-feb0ac97b54e
inputFiles=/store/user/mario/QCD_Pt_250_350_EMEnriched_TuneZ2star_8TeV_pythia6/Summer12-stop-pfele-step1/3d176ac8da5e9dff208d057f4733ca91/tuple_324_9_mkx.root;/store/user/mario/QCD_Pt_250_350_EMEnriched_TuneZ2star_8TeV_pythia6/Summer12-stop-pfele-step1/3d176ac8da5e9dff208d057f4733ca91/tuple_325_8_A0w.root;/store/user/mario/QCD_Pt_250_350_EMEnriched_TuneZ2star_8TeV_pythia6/Summer12-stop-pfele-step1/3d176ac8da5e9dff208d057f4733ca91/tuple_328_7_U7H.root;/store/user/mario/QCD_Pt_250_350_EMEnriched_TuneZ2star_8TeV_pythia6/Summer12-stop-pfele-step1/3d176ac8da5e9dff208d057f4733ca91/tuple_329_7_Q3q.root;/store/user/mario/QCD_Pt_250_350_EMEnriched_TuneZ2star_8TeV_pythia6/Summer12-stop-pfele-step1/3d176ac8da5e9dff208d057f4733ca91/tuple_331_9_y5E.root
parentFiles=
lumisRange=
>>> Executable cmsRun
/cvmfs/cms.cern.ch/slc5_amd64_gcc462/cms/cmssw/CMSSW_5_3_5/bin/slc5_amd64_gcc462/cmsRun
ok executable found
>>> info for dashboard:
***** Cat /home/cms019/home_crobe_139658788/CREAM139658788/glide_KS1822/execute/dir_1490/jobreport.txt *****
MonitorJobID=70_https://submit-2.t2.ucsd.edu//121127//17529.69
MonitorID=liis_crab_0_121127_012714_evt312
ExeStart=cmsRun
***** End Cat jobreport *****
Parameters sent to Dashboard.
>>> cmsRun started at Tue Nov 27 00:10:56 UTC 2012
>>> cmsRun ended at Tue Nov 27 00:23:12 UTC 2012
>>> info for dashboard:
***** Cat /home/cms019/home_crobe_139658788/CREAM139658788/glide_KS1822/execute/dir_1490/jobreport.txt *****
MonitorJobID=70_https://submit-2.t2.ucsd.edu//121127//17529.69
MonitorID=liis_crab_0_121127_012714_evt312
ExeEnd=cmsRun
***** End Cat jobreport *****
Parameters sent to Dashboard.
TIME_EXE = 736 sec
>>> cmsRun wrote 146 lines of stdout+stderr
>>> START OF printout of 146 lines from stdout+stderr
27-Nov-2012 02:11:32 EET  Initiating request to open file file:/hdfs/cms/store/user/mario/QCD_Pt_250_350_EMEnriched_TuneZ2star_8TeV_pythia6/Summer12-stop-pfele-step1/3d176ac8da5e9dff208d057f4733ca91/tuple_324_9_mkx.root
27-Nov-2012 02:11:45 EET  Successfully opened file file:/hdfs/cms/store/user/mario/QCD_Pt_250_350_EMEnriched_TuneZ2star_8TeV_pythia6/Summer12-stop-pfele-step1/3d176ac8da5e9dff208d057f4733ca91/tuple_324_9_mkx.root
Begin processing the 1st record. Run 1, Event 82976576, LumiSection 22647 at 27-Nov-2012 02:12:09.042 EET
Begin processing the 1001st record. Run 1, Event 94373045, LumiSection 25757 at 27-Nov-2012 02:12:16.663 EET
Begin processing the 2001st record. Run 1, Event 116274757, LumiSection 31735 at 27-Nov-2012 02:12:23.633 EET
Begin processing the 3001st record. Run 1, Event 195069735, LumiSection 53240 at 27-Nov-2012 02:12:27.409 EET
Begin processing the 4001st record. Run 1, Event 218872553, LumiSection 59736 at 27-Nov-2012 02:12:33.750 EET
Begin processing the 5001st record. Run 1, Event 220098020, LumiSection 60071 at 27-Nov-2012 02:12:37.576 EET
Begin processing the 6001st record. Run 1, Event 231724730, LumiSection 63244 at 27-Nov-2012 02:12:42.901 EET
Begin processing the 7001st record. Run 1, Event 75340046, LumiSection 20563 at 27-Nov-2012 02:12:46.401 EET
Begin processing the 8001st record. Run 1, Event 75275528, LumiSection 20545 at 27-Nov-2012 02:12:51.785 EET
Begin processing the 9001st record. Run 1, Event 91750326, LumiSection 25042 at 27-Nov-2012 02:12:55.235 EET
Begin processing the 10001st record. Run 1, Event 91124762, LumiSection 24871 at 27-Nov-2012 02:13:01.663 EET
Begin processing the 11001st record. Run 1, Event 91052964, LumiSection 24851 at 27-Nov-2012 02:13:07.196 EET
Begin processing the 12001st record. Run 1, Event 117650702, LumiSection 32110 at 27-Nov-2012 02:13:11.885 EET
Begin processing the 13001st record. Run 1, Event 4061935, LumiSection 1109 at 27-Nov-2012 02:13:20.546 EET
Begin processing the 14001st record. Run 1, Event 10949498, LumiSection 2989 at 27-Nov-2012 02:13:23.726 EET
27-Nov-2012 02:13:24 EET  Closed file file:/hdfs/cms/store/user/mario/QCD_Pt_250_350_EMEnriched_TuneZ2star_8TeV_pythia6/Summer12-stop-pfele-step1/3d176ac8da5e9dff208d057f4733ca91/tuple_324_9_mkx.root
27-Nov-2012 02:13:24 EET  Initiating request to open file file:/hdfs/cms/store/user/mario/QCD_Pt_250_350_EMEnriched_TuneZ2star_8TeV_pythia6/Summer12-stop-pfele-step1/3d176ac8da5e9dff208d057f4733ca91/tuple_325_8_A0w.root
27-Nov-2012 02:13:24 EET  Successfully opened file file:/hdfs/cms/store/user/mario/QCD_Pt_250_350_EMEnriched_TuneZ2star_8TeV_pythia6/Summer12-stop-pfele-step1/3d176ac8da5e9dff208d057f4733ca91/tuple_325_8_A0w.root
Begin processing the 15001st record. Run 1, Event 23174237, LumiSection 6325 at 27-Nov-2012 02:13:55.531 EET
Begin processing the 16001st record. Run 1, Event 45621830, LumiSection 12452 at 27-Nov-2012 02:13:59.066 EET
Begin processing the 17001st record. Run 1, Event 44256221, LumiSection 12079 at 27-Nov-2012 02:14:04.243 EET
Begin processing the 18001st record. Run 1, Event 25359617, LumiSection 6922 at 27-Nov-2012 02:14:10.996 EET
Begin processing the 19001st record. Run 1, Event 29747528, LumiSection 8119 at 27-Nov-2012 02:14:15.368 EET
Begin processing the 20001st record. Run 1, Event 204562785, LumiSection 55831 at 27-Nov-2012 02:14:21.705 EET
Begin processing the 21001st record. Run 1, Event 234454502, LumiSection 63989 at 27-Nov-2012 02:14:25.147 EET
Begin processing the 22001st record. Run 1, Event 233093964, LumiSection 63618 at 27-Nov-2012 02:14:30.041 EET
Begin processing the 23001st record. Run 1, Event 246813199, LumiSection 67362 at 27-Nov-2012 02:14:33.156 EET
Begin processing the 24001st record. Run 1, Event 49394889, LumiSection 13482 at 27-Nov-2012 02:14:40.016 EET
Begin processing the 25001st record. Run 1, Event 60334625, LumiSection 16467 at 27-Nov-2012 02:14:44.148 EET
Begin processing the 26001st record. Run 1, Event 66853737, LumiSection 18247 at 27-Nov-2012 02:14:50.343 EET
Begin processing the 27001st record. Run 1, Event 8178812, LumiSection 2233 at 27-Nov-2012 02:14:57.623 EET
Begin processing the 28001st record. Run 1, Event 49245959, LumiSection 13441 at 27-Nov-2012 02:15:01.542 EET
Begin processing the 29001st record. Run 1, Event 20448951, LumiSection 5582 at 27-Nov-2012 02:15:06.479 EET
Begin processing the 30001st record. Run 1, Event 151455287, LumiSection 41337 at 27-Nov-2012 02:15:09.973 EET
Begin processing the 31001st record. Run 1, Event 156770872, LumiSection 42787 at 27-Nov-2012 02:15:15.968 EET
Begin processing the 32001st record. Run 1, Event 207819491, LumiSection 56720 at 27-Nov-2012 02:15:19.806 EET
Begin processing the 33001st record. Run 1, Event 217153692, LumiSection 59267 at 27-Nov-2012 02:15:24.784 EET
Begin processing the 34001st record. Run 1, Event 13058488, LumiSection 3564 at 27-Nov-2012 02:15:28.121 EET
Begin processing the 35001st record. Run 1, Event 21858398, LumiSection 5966 at 27-Nov-2012 02:15:32.890 EET
Begin processing the 36001st record. Run 1, Event 27113340, LumiSection 7400 at 27-Nov-2012 02:15:36.744 EET
Begin processing the 37001st record. Run 1, Event 34522509, LumiSection 9423 at 27-Nov-2012 02:15:44.924 EET
Begin processing the 38001st record. Run 1, Event 124068181, LumiSection 33862 at 27-Nov-2012 02:15:50.533 EET
Begin processing the 39001st record. Run 1, Event 45270766, LumiSection 12356 at 27-Nov-2012 02:15:54.792 EET
Begin processing the 40001st record. Run 1, Event 56696276, LumiSection 15474 at 27-Nov-2012 02:16:00.041 EET
27-Nov-2012 02:16:01 EET  Closed file file:/hdfs/cms/store/user/mario/QCD_Pt_250_350_EMEnriched_TuneZ2star_8TeV_pythia6/Summer12-stop-pfele-step1/3d176ac8da5e9dff208d057f4733ca91/tuple_325_8_A0w.root
27-Nov-2012 02:16:01 EET  Initiating request to open file file:/hdfs/cms/store/user/mario/QCD_Pt_250_350_EMEnriched_TuneZ2star_8TeV_pythia6/Summer12-stop-pfele-step1/3d176ac8da5e9dff208d057f4733ca91/tuple_328_7_U7H.root
27-Nov-2012 02:16:01 EET  Successfully opened file file:/hdfs/cms/store/user/mario/QCD_Pt_250_350_EMEnriched_TuneZ2star_8TeV_pythia6/Summer12-stop-pfele-step1/3d176ac8da5e9dff208d057f4733ca91/tuple_328_7_U7H.root
Begin processing the 41001st record. Run 1, Event 41042408, LumiSection 11202 at 27-Nov-2012 02:16:30.206 EET
Begin processing the 42001st record. Run 1, Event 89249807, LumiSection 24359 at 27-Nov-2012 02:16:33.898 EET
Begin processing the 43001st record. Run 1, Event 66193073, LumiSection 18066 at 27-Nov-2012 02:16:39.253 EET
Begin processing the 44001st record. Run 1, Event 216121256, LumiSection 58986 at 27-Nov-2012 02:16:44.037 EET
Begin processing the 45001st record. Run 1, Event 222168599, LumiSection 60636 at 27-Nov-2012 02:16:48.335 EET
Begin processing the 46001st record. Run 1, Event 228457986, LumiSection 62353 at 27-Nov-2012 02:16:55.049 EET
Begin processing the 47001st record. Run 1, Event 83200798, LumiSection 22708 at 27-Nov-2012 02:16:58.375 EET
Begin processing the 48001st record. Run 1, Event 95655796, LumiSection 26107 at 27-Nov-2012 02:17:03.399 EET
Begin processing the 49001st record. Run 1, Event 127453142, LumiSection 34786 at 27-Nov-2012 02:17:07.428 EET
Begin processing the 50001st record. Run 1, Event 133288385, LumiSection 36378 at 27-Nov-2012 02:17:11.989 EET
Begin processing the 51001st record. Run 1, Event 171750408, LumiSection 46876 at 27-Nov-2012 02:17:15.575 EET
Begin processing the 52001st record. Run 1, Event 171521188, LumiSection 46813 at 27-Nov-2012 02:17:20.416 EET
Begin processing the 53001st record. Run 1, Event 208281746, LumiSection 56846 at 27-Nov-2012 02:17:24.653 EET
Begin processing the 54001st record. Run 1, Event 172189184, LumiSection 46995 at 27-Nov-2012 02:17:30.263 EET
Begin processing the 55001st record. Run 1, Event 189277846, LumiSection 51659 at 27-Nov-2012 02:17:35.232 EET
Begin processing the 56001st record. Run 1, Event 192847460, LumiSection 52634 at 27-Nov-2012 02:17:38.966 EET
Begin processing the 57001st record. Run 1, Event 219079144, LumiSection 59793 at 27-Nov-2012 02:17:45.976 EET
Begin processing the 58001st record. Run 1, Event 89620302, LumiSection 24460 at 27-Nov-2012 02:17:49.399 EET
Begin processing the 59001st record. Run 1, Event 23196264, LumiSection 6331 at 27-Nov-2012 02:17:56.347 EET
Begin processing the 60001st record. Run 1, Event 32741626, LumiSection 8937 at 27-Nov-2012 02:18:00.261 EET
Begin processing the 61001st record. Run 1, Event 35908716, LumiSection 9801 at 27-Nov-2012 02:18:06.975 EET
Begin processing the 62001st record. Run 1, Event 40258850, LumiSection 10988 at 27-Nov-2012 02:18:11.357 EET
Begin processing the 63001st record. Run 1, Event 84994994, LumiSection 23198 at 27-Nov-2012 02:18:19.157 EET
Begin processing the 64001st record. Run 1, Event 116888243, LumiSection 31902 at 27-Nov-2012 02:18:25.598 EET
Begin processing the 65001st record. Run 1, Event 146640825, LumiSection 40023 at 27-Nov-2012 02:18:29.777 EET
Begin processing the 66001st record. Run 1, Event 163162501, LumiSection 44532 at 27-Nov-2012 02:18:36.294 EET
27-Nov-2012 02:18:38 EET  Closed file file:/hdfs/cms/store/user/mario/QCD_Pt_250_350_EMEnriched_TuneZ2star_8TeV_pythia6/Summer12-stop-pfele-step1/3d176ac8da5e9dff208d057f4733ca91/tuple_328_7_U7H.root
27-Nov-2012 02:18:38 EET  Initiating request to open file file:/hdfs/cms/store/user/mario/QCD_Pt_250_350_EMEnriched_TuneZ2star_8TeV_pythia6/Summer12-stop-pfele-step1/3d176ac8da5e9dff208d057f4733ca91/tuple_329_7_Q3q.root
27-Nov-2012 02:18:39 EET  Successfully opened file file:/hdfs/cms/store/user/mario/QCD_Pt_250_350_EMEnriched_TuneZ2star_8TeV_pythia6/Summer12-stop-pfele-step1/3d176ac8da5e9dff208d057f4733ca91/tuple_329_7_Q3q.root
Begin processing the 67001st record. Run 1, Event 192831246, LumiSection 52629 at 27-Nov-2012 02:19:03.971 EET
Begin processing the 68001st record. Run 1, Event 125320838, LumiSection 34204 at 27-Nov-2012 02:19:07.321 EET
Begin processing the 69001st record. Run 1, Event 44700355, LumiSection 12200 at 27-Nov-2012 02:19:11.358 EET
Begin processing the 70001st record. Run 1, Event 135184251, LumiSection 36896 at 27-Nov-2012 02:19:15.158 EET
Begin processing the 71001st record. Run 1, Event 106378913, LumiSection 29034 at 27-Nov-2012 02:19:20.802 EET
Begin processing the 72001st record. Run 1, Event 76210067, LumiSection 20800 at 27-Nov-2012 02:19:24.818 EET
Begin processing the 73001st record. Run 1, Event 88969689, LumiSection 24283 at 27-Nov-2012 02:19:31.039 EET
Begin processing the 74001st record. Run 1, Event 113600813, LumiSection 31005 at 27-Nov-2012 02:19:36.771 EET
Begin processing the 75001st record. Run 1, Event 116162316, LumiSection 31704 at 27-Nov-2012 02:19:40.412 EET
Begin processing the 76001st record. Run 1, Event 122883764, LumiSection 33539 at 27-Nov-2012 02:19:47.547 EET
Begin processing the 77001st record. Run 1, Event 127183237, LumiSection 34712 at 27-Nov-2012 02:19:51.427 EET
Begin processing the 78001st record. Run 1, Event 129881974, LumiSection 35449 at 27-Nov-2012 02:19:57.264 EET
Begin processing the 79001st record. Run 1, Event 136826700, LumiSection 37344 at 27-Nov-2012 02:20:00.635 EET
Begin processing the 80001st record. Run 1, Event 144225167, LumiSection 39363 at 27-Nov-2012 02:20:07.070 EET
Begin processing the 81001st record. Run 1, Event 166999488, LumiSection 45579 at 27-Nov-2012 02:20:10.671 EET
Begin processing the 82001st record. Run 1, Event 223820481, LumiSection 61087 at 27-Nov-2012 02:20:17.751 EET
Begin processing the 83001st record. Run 1, Event 231248907, LumiSection 63114 at 27-Nov-2012 02:20:21.465 EET
Begin processing the 84001st record. Run 1, Event 252304141, LumiSection 68861 at 27-Nov-2012 02:20:28.716 EET
Begin processing the 85001st record. Run 1, Event 74504948, LumiSection 20335 at 27-Nov-2012 02:20:37.437 EET
Begin processing the 86001st record. Run 1, Event 95376082, LumiSection 26031 at 27-Nov-2012 02:20:41.191 EET
Begin processing the 87001st record. Run 1, Event 119744420, LumiSection 32682 at 27-Nov-2012 02:20:46.620 EET
Begin processing the 88001st record. Run 1, Event 144026628, LumiSection 39309 at 27-Nov-2012 02:20:50.597 EET
Begin processing the 89001st record. Run 1, Event 148146878, LumiSection 40434 at 27-Nov-2012 02:20:56.508 EET
Begin processing the 90001st record. Run 1, Event 170091747, LumiSection 46423 at 27-Nov-2012 02:21:00.124 EET
Begin processing the 91001st record. Run 1, Event 178366043, LumiSection 48681 at 27-Nov-2012 02:21:05.635 EET
Begin processing the 92001st record. Run 1, Event 123748831, LumiSection 33775 at 27-Nov-2012 02:21:09.903 EET
27-Nov-2012 02:21:12 EET  Closed file file:/hdfs/cms/store/user/mario/QCD_Pt_250_350_EMEnriched_TuneZ2star_8TeV_pythia6/Summer12-stop-pfele-step1/3d176ac8da5e9dff208d057f4733ca91/tuple_329_7_Q3q.root
27-Nov-2012 02:21:12 EET  Initiating request to open file file:/hdfs/cms/store/user/mario/QCD_Pt_250_350_EMEnriched_TuneZ2star_8TeV_pythia6/Summer12-stop-pfele-step1/3d176ac8da5e9dff208d057f4733ca91/tuple_331_9_y5E.root
27-Nov-2012 02:21:12 EET  Successfully opened file file:/hdfs/cms/store/user/mario/QCD_Pt_250_350_EMEnriched_TuneZ2star_8TeV_pythia6/Summer12-stop-pfele-step1/3d176ac8da5e9dff208d057f4733ca91/tuple_331_9_y5E.root
Begin processing the 93001st record. Run 1, Event 212317566, LumiSection 57947 at 27-Nov-2012 02:21:39.567 EET
Begin processing the 94001st record. Run 1, Event 231518485, LumiSection 63188 at 27-Nov-2012 02:21:43.171 EET
Begin processing the 95001st record. Run 1, Event 251855914, LumiSection 68738 at 27-Nov-2012 02:21:48.101 EET
Begin processing the 96001st record. Run 1, Event 165635908, LumiSection 45207 at 27-Nov-2012 02:21:51.693 EET
Begin processing the 97001st record. Run 1, Event 193018788, LumiSection 52680 at 27-Nov-2012 02:21:56.661 EET
Begin processing the 98001st record. Run 1, Event 211347782, LumiSection 57683 at 27-Nov-2012 02:22:00.448 EET
Begin processing the 99001st record. Run 1, Event 264855491, LumiSection 72286 at 27-Nov-2012 02:22:05.794 EET
Begin processing the 100001st record. Run 1, Event 229676598, LumiSection 62685 at 27-Nov-2012 02:22:09.737 EET
Begin processing the 101001st record. Run 1, Event 240377766, LumiSection 65606 at 27-Nov-2012 02:22:15.191 EET
Begin processing the 102001st record. Run 1, Event 245611659, LumiSection 67034 at 27-Nov-2012 02:22:20.751 EET
Begin processing the 103001st record. Run 1, Event 132828303, LumiSection 36253 at 27-Nov-2012 02:22:24.277 EET
Begin processing the 104001st record. Run 1, Event 141385825, LumiSection 38588 at 27-Nov-2012 02:22:30.363 EET
Begin processing the 105001st record. Run 1, Event 147670952, LumiSection 40304 at 27-Nov-2012 02:22:33.896 EET
Begin processing the 106001st record. Run 1, Event 216691073, LumiSection 59141 at 27-Nov-2012 02:22:38.915 EET
Begin processing the 107001st record. Run 1, Event 156749630, LumiSection 42782 at 27-Nov-2012 02:22:42.909 EET
Begin processing the 108001st record. Run 1, Event 245621336, LumiSection 67037 at 27-Nov-2012 02:22:48.870 EET
Begin processing the 109001st record. Run 1, Event 188769052, LumiSection 51520 at 27-Nov-2012 02:22:53.180 EET
Begin processing the 110001st record. Run 1, Event 6588767, LumiSection 1799 at 27-Nov-2012 02:23:00.951 EET
Begin processing the 111001st record. Run 1, Event 9704494, LumiSection 2649 at 27-Nov-2012 02:23:04.530 EET
Begin processing the 112001st record. Run 1, Event 67007467, LumiSection 18289 at 27-Nov-2012 02:23:09.894 EET
27-Nov-2012 02:23:11 EET  Closed file file:/hdfs/cms/store/user/mario/QCD_Pt_250_350_EMEnriched_TuneZ2star_8TeV_pythia6/Summer12-stop-pfele-step1/3d176ac8da5e9dff208d057f4733ca91/tuple_331_9_y5E.root

=============================================

MessageLogger Summary

 type     category        sev    module        subroutine        count    total
 ---- -------------------- -- ---------------- ----------------  -----    -----
    1 fileAction           -s file_close                             5        5
    2 fileAction           -s file_open                             10       10

 type    category    Examples: run/evt        run/evt          run/evt
 ---- -------------------- ---------------- ---------------- ----------------
    1 fileAction           PostProcessEvent PostProcessEvent PostEndRun
    2 fileAction           pre-events       pre-events       PostProcessEvent

Severity    # Occurrences   Total Occurrences
--------    -------------   -----------------
System                 15                  15
>>> END OF printout of 146 lines from stdout+stderr
>>> Parse FrameworkJobReport crab_fjr.xml
Result of parsing the FrameworkJobReport crab_fjr.xml: Popularity start
lumisRange : 1::195,220,222,624,662,2232-2233,2248,3312,3316,3389,3564,3705,4215,4596,4716,4754,5008,5286,5462,5464-5465,5582,5623,5687,5690,5701,5707,5710,5715,5860,5903,5908,5966,6148,6229,6325,6328,6454,6456,6543,6679,6681,6920,6922,7238,7241,7398,7400,7458-7459,7594-7595,7597,7775,7786,7806,7875,7884,8115,8119-8120,8122,8345,8932,8941,9173,9419,9423,9636,10116,10478,10646,10784,10880,11195,11198,11297,11731,12039,12079,12213,12225,12356,12365,12379,12452,12454,12507,13375,13441,13482,13813,13846,14440,14951,15062,15180,15260,15469,15474,15965,15993,16330,16467,17018,17030,17033,17057,18184,18244,18247,18397,19045,22644,24320,26914,29389,32033,32807,33862,34032,41337,41507,42707,42764,42787,42789,43002,43041,51174,55546,55568,55828,55831,55890,55892,56262,56295,56720,57518,57975,58371,58638,58859,59015,59017,59075,59267,59985,60797,61361,61390,61586,61738,61779,61993,62387,63469,63586,63618,63989,64990,65822,66365,66700,67362,68177,72847::1;1::187,634,1054,1787,3110,4487,5675,5981,6331,6948,8029,8276,8372,8937,8981,9171,9415,9586,9801,10085,10120,10128,10542,10704,10786,10988,11202,11204,11206,11917,12271,12378,12535,12908,13204,13971,15043,15130,15259,15475,16541,16866,18066,18414,19396,20420,20542,20979,21576,22708,22712,22716,23198,23202,23346,23616,24003,24359,24460,25489,26099,26107,28127,29129,29942,29948,29951,30195,31902,32075,32341,32751,34755,34786,35156,35255,35550,35552,35622,36378,36383,36899,36989,36992,37114,39289,39958,40005,40023,40125,40474,42830,43756,43972,44262,44532,44580,45257,45827,45851,46654,46804,46813,46876,46995-46996,47008,47151,47257,47356,47595,47709,47723,48025,48243,48329,48795,48877,49128,49142,49217,49232,49311,49378,49631,49840,49848,51659,52582,52634,56449,56541,56846,57003,57382,57921,57949,57952,57978,58956,58986,59208,59274,59427,59430,59651,59692,59793,59955,59982,60174,60636,60707,60900,61368,61415,61892,61941,62308,62353,62552,62631,62654-62655,62791,64322,65406::2;1::664,1109,1173,2506,2895,2897,2989,4189,5460,5462,18398,19022,19026,19632,19708,19722,20046,20544-20545,20563,20569,20592,20612,20619,20651,20839,20983,22647,22654,23084,23161,23452,23702,23835,23960-23961,24259,24265,24334,24817,24845,24851,24871,24883,25042,25757,25771,26110,26265,26326,27149,30006-30007,30617,31071,31334,31416,31505,31669,31735,31794,31808,31819,32110,34248,34804,35003,35350,35628,36739,53237,53240,55812-55813,56701,57514,58584,58724,58762,58764,58879,59736,59973,60071,60085,60146,62125,62228,62230,62265,63244,63385::3;1::10812,11290,11749,12006,12083,12200,12451,12503,15042,18189,18258,19231,19548,20117,20202,20235-20236,20263,20335,20774,20800,21069,23948,24115,24152,24167,24176,24283,24431,24713,24739,25026,25045,25699,26031,27141,28261,28790,29030,29034,29560,30099,30103,30918,31002,31005-31006,31042,31446,31512,31606,31704,31764,31856,31874,31938,31972,32355,32429,32491,32682,32868,33007,33255,33528,33539,33679-33680,33775,33954,34204,34391,34709,34712,34735,34803,34919,34925,34994,35010,35122,35133,35143,35159,35247,35264,35338,35347,35357,35449,35459,35545,35716,35847,36213,36218,36837,36896,36990,37344,37438,38559,38568,38620,38624,38717,38769,38836,38883,39068,39309,39363,39523,40434,40491,40901,40921,44552,44642,44687,44756,44774,44934,45002,45124,45149,45579,46423,47357,47598,48026,48036,48233,48329,48677,48681,48776,52426,52629,52632,52743,53336,55715,55750,59715,59753,59816,60585,60997,61087,62396,62430,62620,62767,62989,63045,63114,63299,65170,66994-66995,67013,67033,68776,68861,72289,72318,72649::4;1::1799,1803,1806,2082,2132,2649,2653,3103,4182,8015,9846,12038,18270,18289,19700,28234,35491,35507,35821,36253,38339,38456,38521,38546,38588,38844,38933,39033,39317,39869,40019,40274,40304,40575,41321,41414,41458,42169,42249,42780,42782-42783,42834,43108,45207,47324,47752,47797,48177,48187,48390,48817,51286,51520,51836,51956,51991,52198,52369,52680,52692,54651,55720,55725,55743,55763,55787,57006,57011,57040,57205,57680,57683,57947,57962,57971,57982,57998,58313,59141,59174,59636,59677,59752,60173,61169,61837,62127,62327,62444,62471,62539,62685,62739,62793,62885,62909,62972,63188,63538,63640,65596,65606,65851,65858,65865,65874,65887,65908,66535,66655,66826,66981,67034,67037,67041,68309,68722-68723,68738,68946,70030,70519,70586,70889,71105,71161,71340,72286::5;
lumisParentRange : 
Basename : /store/user/mario/QCD_Pt_250_350_EMEnriched_TuneZ2star_8TeV_pythia6/Summer12-stop-pfele-step1/3d176ac8da5e9dff208d057f4733ca91/tuple_3
BasenameParent : 
parentFiles : 
inputBlocks : /QCD_Pt_250_350_EMEnriched_TuneZ2star_8TeV_pythia6/mario-Summer12-stop-pfele-step1-3d176ac8da5e9dff208d057f4733ca91/USER#89723d11-1f9b-42cd-94f4-feb0ac97b54e
inputFiles : 25_8_A0w.root::1::EDM::Local::1;28_7_U7H.root::1::EDM::Local::2;24_9_mkx.root::1::EDM::Local::3;29_7_Q3q.root::1::EDM::Local::4;31_9_y5E.root::1::EDM::Local::5;
Popularity stop
Extracted ExitStatus from FrameworkJobReport parsing output: 0
>>> Executable succeded  0
ExeExitCode=0
EXECUTABLE_EXIT_STATUS = 0
>>> current directory /home/cms019/home_crobe_139658788/CREAM139658788/glide_KS1822/execute/dir_1490/CMSSW_5_3_5
>>>  (SOFTWARE_DIR): /home/cms019/home_crobe_139658788/CREAM139658788/glide_KS1822/execute/dir_1490/CMSSW_5_3_5
>>> (WORKING_DIR): 
>>> current directory content:
total 160
drwxr-xr-x 3 cms019 cms  4096 Nov 27 02:10 .SCRAM
-rw-r--r-- 1 cms019 cms 30066 Nov 27 02:10 CMSSW.py.pkl
drwxr-xr-x 3 cms019 cms  4096 Nov 27 02:10 bin
drwxr-xr-x 3 cms019 cms  4096 Nov 27 02:10 cfipython
drwxr-xr-x 5 cms019 cms  4096 Nov 27 02:10 config
-rw-r--r-- 1 cms019 cms    17 Nov 27 02:23 cpu_timing.txt
drwxr-xr-x 2 cms019 cms  4096 Nov 27 02:10 doc
-rw-r--r-- 1 cms019 cms 16473 Nov 27 02:23 executable.out
drwxr-xr-x 2 cms019 cms  4096 Nov 27 02:10 include
drwxrwxrwx 3 cms019 cms  4096 Oct 22 16:38 lib
drwxr-xr-x 3 cms019 cms  4096 Nov 27 02:10 logs
drwxr-xr-x 3 cms019 cms  4096 Nov 27 02:10 objs
-rw-r--r-- 1 cms019 cms 17976 Nov 27 02:23 optHistograms.root
-rw-r--r-- 1 cms019 cms   104 Nov 27 02:10 pset.py
-rw-r--r-- 1 cms019 cms 19509 Nov 27 02:10 pset.py.pkl
-rw-r--r-- 1 cms019 cms   289 Nov 27 02:10 pset.pyc
drwxr-xr-x 2 cms019 cms  4096 Nov 27 02:10 python
-rw-r--r-- 1 cms019 cms   420 Nov 27 02:23 report.log
drwxrwxrwx 4 cms019 cms  4096 Nov 27 02:10 src
drwxr-xr-x 3 cms019 cms  4096 Nov 27 02:10 test
drwxr-xr-x 3 cms019 cms  4096 Nov 27 02:10 tmp
>>> current directory /home/cms019/home_crobe_139658788/CREAM139658788/glide_KS1822/execute/dir_1490/CMSSW_5_3_5
>>> (SOFTWARE_DIR): /home/cms019/home_crobe_139658788/CREAM139658788/glide_KS1822/execute/dir_1490/CMSSW_5_3_5
>>> (WORKING_DIR): 
>>> current directory content:
total 140
drwxr-xr-x 3 cms019 cms  4096 Nov 27 02:10 .SCRAM
-rw-r--r-- 1 cms019 cms 30066 Nov 27 02:10 CMSSW.py.pkl
drwxr-xr-x 3 cms019 cms  4096 Nov 27 02:10 bin
drwxr-xr-x 3 cms019 cms  4096 Nov 27 02:10 cfipython
drwxr-xr-x 5 cms019 cms  4096 Nov 27 02:10 config
-rw-r--r-- 1 cms019 cms    17 Nov 27 02:23 cpu_timing.txt
drwxr-xr-x 2 cms019 cms  4096 Nov 27 02:10 doc
-rw-r--r-- 1 cms019 cms 16473 Nov 27 02:23 executable.out
drwxr-xr-x 2 cms019 cms  4096 Nov 27 02:10 include
drwxrwxrwx 3 cms019 cms  4096 Oct 22 16:38 lib
drwxr-xr-x 3 cms019 cms  4096 Nov 27 02:10 logs
drwxr-xr-x 3 cms019 cms  4096 Nov 27 02:10 objs
-rw-r--r-- 1 cms019 cms   104 Nov 27 02:10 pset.py
-rw-r--r-- 1 cms019 cms 19509 Nov 27 02:10 pset.py.pkl
-rw-r--r-- 1 cms019 cms   289 Nov 27 02:10 pset.pyc
drwxr-xr-x 2 cms019 cms  4096 Nov 27 02:10 python
-rw-r--r-- 1 cms019 cms   420 Nov 27 02:23 report.log
drwxrwxrwx 4 cms019 cms  4096 Nov 27 02:10 src
drwxr-xr-x 3 cms019 cms  4096 Nov 27 02:10 test
drwxr-xr-x 3 cms019 cms  4096 Nov 27 02:10 tmp
>>> current directory (RUNTIME_AREA):  /home/cms019/home_crobe_139658788/CREAM139658788/glide_KS1822/execute/dir_1490
>>> current dir: /home/cms019/home_crobe_139658788/CREAM139658788/glide_KS1822/execute/dir_1490
>>> current dir content:
total 25800
-rw-rw-rw-  1 cms019 cms     5577 Nov 27 02:10 .job.ad
-rw-rw-rw-  1 cms019 cms    11242 Nov 27 02:10 .machine.ad
-rw-rw-rw-  1 cms019 cms      105 Nov 27 01:27 CMSSW.py
-rw-rw-rw-  1 cms019 cms    30066 Nov 27 01:27 CMSSW.py.pkl
-rwxrw-rw-  1 cms019 cms    23341 Nov 27 02:10 CMSSW.sh
drwxr-xr-x 15 cms019 cms     4096 Nov 27 02:23 CMSSW_5_3_5
-rw-rw-rw-  1 cms019 cms        0 Nov 27 02:10 CMSSW_70.stderr
-rw-rw-rw-  1 cms019 cms    32761 Nov 27 02:23 CMSSW_70.stdout
-rw-r--r--  1 cms019 cms      346 Nov 27 02:10 CacheEnv.sh
-rw-rw-rw-  1 cms019 cms     7291 Jun  9  2010 DashboardAPI.py
-rw-r--r--  1 cms019 cms     6868 Nov 27 02:10 DashboardAPI.pyc
drwxrwxrwx  3 cms019 cms     4096 Nov 27 02:23 IMProv
-rw-rw-rw-  1 cms019 cms     2748 Mar  8  2006 Logger.py
-rw-r--r--  1 cms019 cms     3348 Nov 27 02:10 Logger.pyc
-rw-rw-rw-  1 cms019 cms    24524 Mar 28  2008 ProcInfo.py
-rw-r--r--  1 cms019 cms    23446 Nov 27 02:10 ProcInfo.pyc
drwxrwxrwx  7 cms019 cms     4096 Nov 27 02:10 ProdCommon
drwxrwxrwx  3 cms019 cms     4096 Nov 27 02:10 WMCore
-rw-r--r--  1 cms019 cms     3219 Nov 27 02:21 Watchdog_70.log
-rw-rw-rw-  1 cms019 cms    32895 Mar 28  2008 apmon.py
-rw-r--r--  1 cms019 cms    28845 Nov 27 02:10 apmon.pyc
-rw-rw-rw-  1 cms019 cms   105070 Nov 27 02:10 arguments.xml
-rwxrwxrwx  1 cms019 cms    37427 Sep 13 14:14 cmscp.py
-rwxrwxrwx  1 cms019 cms    23341 Nov 27 02:10 condor_exec.exe
-rw-rw-rw-  1 cms019 cms      546 Nov 27 01:27 crab.cfg
-rwxrwxrwx  1 cms019 cms     9531 Sep 20 21:46 crabWatchdog.sh
-rw-r--r--  1 cms019 cms    49927 Nov 27 02:23 crab_fjr_70.xml
-rw-rw-rw-  1 cms019 cms 25796300 Nov 27 02:10 default.tgz
-rwxrwxrwx  1 cms019 cms     4488 May 12  2012 fillCrabFjr.py
-rw-r--r--  1 cms019 cms      946 Nov 27 02:10 inputsReport.txt
-rw-r--r--  1 cms019 cms      132 Nov 27 02:23 jobreport.txt
lrwxrwxrwx  1 cms019 cms      106 Nov 27 02:23 optHistograms.root -> /home/cms019/home_crobe_139658788/CREAM139658788/glide_KS1822/execute/dir_1490/optHistograms_70_1_s40.root
-rw-r--r--  1 cms019 cms    17976 Nov 27 02:23 optHistograms_70_1_s40.root
-rw-rw-rw-  1 cms019 cms    17352 Jan 20  2012 parseCrabFjr.py
-rw-r--r--  1 cms019 cms      285 Nov 27 02:10 report.log
-rwxrwxrwx  1 cms019 cms     1497 May 27  2009 report.py
-rwxrwxrwx  1 cms019 cms     8387 Mar 23  2011 writeCfg.py
-rw-------  1 cms019 cms     8687 Nov 27 02:20 x509up_u1000009
Checking output files:  
will tar file optHistograms_70_1_s40.root in  out_files_70
will tar file crab_fjr_70.xml in  out_files_70
will tar file CMSSW_70.stdout in  out_files_70
will tar file CMSSW_70.stderr in  out_files_70
WARNING: output file Watchdog_70.log.gz not found!
>>> padding time: Wrapper lasting more than 600 seconds. No sleep required.
STOPPING WATCHDOG. CrabWatchdog PID is 2445
********** LAST 50 LINES OF WATCHDOG LOG
# RESOURCE USAGE SUMMARY FOR PROCESS ID  2178
USER       PID %CPU %MEM    VSZ   RSS TTY      STAT START   TIME COMMAND
cms019    2178  0.1  0.0   8956  1484 ?        S    02:10   0:00 /bin/sh /home/cms019/home_crobe_139658788/CREAM139658788/glide_KS1822/execute/dir_1490/condor_exec.exe 70 1
 
# LIMITS USED BY THIS WATCHDOG:
# RSS  (KBytes)  : 2300000
# VSZ  (KBytes)  : 100000000
# DISK (MBytes)  : 19000
# CPU  (seconds) : 171600
# WALL (seconds) : 171600
 
# FOLLOWING PRINTOUT TRACKS MAXIMUM VALUES OF RESOURCES USE
# ONE LINE IS PRINTED EACH TIME A MAXIMUM CHANGES
# IF CHANGE WAS IN RSS OR VSZ ALSO PROCID AND COMMAND ARE PRINTED
# THERE IS NO PRINTOUT FOR CPU/WALL TIME INCREASE
 
# TIME			PID	RSS(KB)	VSZ(KB)	Dsk(MB)	tCPU(s)	tWALL(s)	COMMAND
 Nov 27 02:10:44 EET	1341	1328	8896	0	0	986	-bash         
 Nov 27 02:10:44 EET	1436	1488	8952	0	0	987	/bin/sh -l ./CREAM139658788_jobWrapper.sh       
 Nov 27 02:10:44 EET	1488	3644	8952	0	0	24	condor_procd -A /home/cms019/home_crobe_139658788/CREAM139658788/glide_KS1822/log/procd_address.STARTD -L /home/cms019/home_crobe_139658788/CREAM139658788/glide_KS1822/log/ProcLog.STARTD -R 10000000 -S 60 -C
 Nov 27 02:10:44 EET	1490	5384	9372	0	0	25	condor_starter -f submit-2.t2.ucsd.edu       
 Nov 27 02:10:44 EET	1734	5384	25504	0	0	986	perl -e ?use Socket;??sub send_notify {? $cream_url = "193.40.150.124:49152";die "No
 Nov 27 02:10:44 EET	10455	6048	25504	0	0	974	/home/cms019/home_crobe_139658788/CREAM139658788/glide_KS1822/main/condor/sbin/condor_master -f -pidfile /home/cms019/home_crobe_139658788/CREAM139658788/glide_KS1822/condor_master2.pid      
 Nov 27 02:10:44 EET	---	6048	25504	168	----	----	----
 Nov 27 02:11:51 EET	4263	250496	384892	168	10	58	cmsRun -j /home/cms019/home_crobe_139658788/CREAM139658788/glide_KS1822/execute/dir_1490/crab_fjr_70.xml -p pset.py     
 Nov 27 02:12:55 EET	4263	360408	563812	168	48	124	cmsRun -j /home/cms019/home_crobe_139658788/CREAM139658788/glide_KS1822/execute/dir_1490/crab_fjr_70.xml -p pset.py     
 Nov 27 02:14:02 EET	4263	365008	564836	168	77	190	cmsRun -j /home/cms019/home_crobe_139658788/CREAM139658788/glide_KS1822/execute/dir_1490/crab_fjr_70.xml -p pset.py     
 Nov 27 02:15:07 EET	4263	365844	565092	168	123	255	cmsRun -j /home/cms019/home_crobe_139658788/CREAM139658788/glide_KS1822/execute/dir_1490/crab_fjr_70.xml -p pset.py     
 Nov 27 02:17:21 EET	4263	365912	565604	168	206	389	cmsRun -j /home/cms019/home_crobe_139658788/CREAM139658788/glide_KS1822/execute/dir_1490/crab_fjr_70.xml -p pset.py     
 Nov 27 02:18:27 EET	4263	366036	565604	168	252	456	cmsRun -j /home/cms019/home_crobe_139658788/CREAM139658788/glide_KS1822/execute/dir_1490/crab_fjr_70.xml -p pset.py     
 Nov 27 02:19:34 EET	4263	366164	566372	168	285	523	cmsRun -j /home/cms019/home_crobe_139658788/CREAM139658788/glide_KS1822/execute/dir_1490/crab_fjr_70.xml -p pset.py     
 Nov 27 02:20:41 EET	4263	366800	566884	168	329	590	cmsRun -j /home/cms019/home_crobe_139658788/CREAM139658788/glide_KS1822/execute/dir_1490/crab_fjr_70.xml -p pset.py     
 Nov 27 02:21:48 EET	4263	366800	567140	168	363	656	cmsRun -j /home/cms019/home_crobe_139658788/CREAM139658788/glide_KS1822/execute/dir_1490/crab_fjr_70.xml -p pset.py     
********** WATCHDOG LOG ENDED
ZIPPING WATCHDOG LOG
Disk space used:
du -sh /home/cms019/home_crobe_139658788/CREAM139658788/glide_KS1822/execute/dir_1490
169M	/home/cms019/home_crobe_139658788/CREAM139658788/glide_KS1822/execute/dir_1490
>>> info for dashboard:
***** Cat /home/cms019/home_crobe_139658788/CREAM139658788/glide_KS1822/execute/dir_1490/jobreport.txt *****
MonitorJobID=70_https://submit-2.t2.ucsd.edu//121127//17529.69
MonitorID=liis_crab_0_121127_012714_evt312
ExeTime=736
ExeExitCode=0
CrabUserCpuTime=409.07
CrabSysCpuTime=12.27
CrabCpuPercentage=57%
CrabWrapperTime=777
CrabStageoutTime=NULL
***** End Cat jobreport *****
Parameters sent to Dashboard.
optHistograms_70_1_s40.root
crab_fjr_70.xml
CMSSW_70.stdout
CMSSW_70.stderr
Watchdog_70.log.gz
tar: .BrokerInfo: Cannot stat: No such file or directory
tar: Error exit delayed from previous errors
Total Output dimension: 30423
WARNING: output files size limit is set to: 50000000
Total Output dimension 30423 is fine.
JOB_EXIT_STATUS = 0
>>> info for dashboard:
***** Cat /home/cms019/home_crobe_139658788/CREAM139658788/glide_KS1822/execute/dir_1490/jobreport.txt *****
MonitorJobID=70_https://submit-2.t2.ucsd.edu//121127//17529.69
MonitorID=liis_crab_0_121127_012714_evt312
JobExitCode=0
***** End Cat jobreport *****
Parameters sent to Dashboard.
optHistograms_70_1_s40.root
crab_fjr_70.xml
