This script was generated by crab (version 2.8.3).
Running /home/cms030/home_crobe_102690812/CREAM102690812/glide_e11309/execute/dir_19741/condor_exec.exe with 2 positional parameters: 66 1
Today is Tue Nov 27 02:09:55 EET 2012
Job submitted on host wn-v-7037.local
Linux wn-v-7037.local 2.6.32-042stab059.7 #1 SMP Tue Jul 24 19:12:01 MSK 2012 x86_64 x86_64 x86_64 GNU/Linux
>>> current directory (RUNTIME_AREA): /home/cms030/home_crobe_102690812/CREAM102690812/glide_e11309/execute/dir_19741
>>> current user: uid=11030(cms030) gid=1400(cms) groups=1400(cms)
>>> voms proxy information:
subject   : /DC=ch/DC=cern/OU=Organic Units/OU=Users/CN=liis/CN=663550/CN=Liis Rebane/CN=proxy/CN=limited proxy
issuer    : /DC=ch/DC=cern/OU=Organic Units/OU=Users/CN=liis/CN=663550/CN=Liis Rebane/CN=proxy
identity  : /DC=ch/DC=cern/OU=Organic Units/OU=Users/CN=liis/CN=663550/CN=Liis Rebane/CN=proxy
type      : limited proxy
strength  : 512 bits
path      : /home/cms030/home_crobe_102690812/CREAM102690812/glide_e11309/execute/dir_19741/x509up_u1000009
timeleft  : 23:59:54
key usage : Digital Signature, Key Encipherment, Data Encipherment
=== VO cms extension information ===
VO        : cms
subject   : /DC=ch/DC=cern/OU=Organic Units/OU=Users/CN=liis/CN=663550/CN=Liis Rebane
issuer    : /DC=ch/DC=cern/OU=computers/CN=lcg-voms.cern.ch
attribute : /cms/Role=NULL/Capability=NULL
timeleft  : 191:15:42
uri       : lcg-voms.cern.ch:15002
>>> tar xzf /home/cms030/home_crobe_102690812/CREAM102690812/glide_e11309/execute/dir_19741/default.tgz :
Successful untar
>>> Include /home/cms030/home_crobe_102690812/CREAM102690812/glide_e11309/execute/dir_19741 in PYTHONPATH:
strip arguments
env var CRAB_UNIQUE_JOB_ID set to: liis_crab_0_121127_012714_evt312_66_1_siL
out_files_66
>>> list of expected files on output sandbox
output files: optHistograms_66_1_siL.root crab_fjr_66.xml CMSSW_66.stdout CMSSW_66.stderr Watchdog_66.log.gz
>>> GridFlavour discovery: 
GridFlavour=LCG
>>> SyncSite discovery: 
SyncSite=T2_EE_Estonia
>>> SyncCE discovery: 
getting SyncCE from CE_ID
SyncCE=oberon.hep.kbfi.ee:8443/cream-pbs-long
>>> info for dashboard:
***** Cat /home/cms030/home_crobe_102690812/CREAM102690812/glide_e11309/execute/dir_19741/jobreport.txt *****
MonitorJobID=66_https://submit-2.t2.ucsd.edu//121127//17529.65
SyncGridJobId=https://submit-2.t2.ucsd.edu//121127//17529.65
MonitorID=liis_crab_0_121127_012714_evt312
GridFlavour=LCG
SyncSite=T2_EE_Estonia
SyncCE=oberon.hep.kbfi.ee:8443/cream-pbs-long
***** End Cat jobreport *****
Parameters sent to Dashboard.
>>> setup environment
set SCRAM ARCH to slc5_amd64_gcc462
SCRAM_ARCH = slc5_amd64_gcc462
>>> setup CMS LCG environment:
set SCRAM ARCH and BUILD_ARCH to slc5_amd64_gcc462 ###
Sourcing environment... 
sourcing /cvmfs/cms.cern.ch/cmsset_default.sh
==> setup cms environment ok
>>> specific cmssw setup environment:
CMSSW_VERSION =  CMSSW_5_3_5
>>> current directory (SOFTWARE_DIR): /home/cms030/home_crobe_102690812/CREAM102690812/glide_e11309/execute/dir_19741/CMSSW_5_3_5
PreserveSeeds: <>
IncrementSeeds:<>
{}
WNHostName=wn-v-7037.local
>>> info for dashboard:
***** Cat /home/cms030/home_crobe_102690812/CREAM102690812/glide_e11309/execute/dir_19741/jobreport.txt *****
MonitorJobID=66_https://submit-2.t2.ucsd.edu//121127//17529.65
MonitorID=liis_crab_0_121127_012714_evt312
WNHostName=wn-v-7037.local
***** End Cat jobreport *****
Parameters sent to Dashboard.
crabWatchdog started as process 22449
>>> moving CMSSW software directories in /home/cms030/home_crobe_102690812/CREAM102690812/glide_e11309/execute/dir_19741/CMSSW_5_3_5
mv: cannot stat `/home/cms030/home_crobe_102690812/CREAM102690812/glide_e11309/execute/dir_19741/module/': No such file or directory
>>> Include /home/cms030/home_crobe_102690812/CREAM102690812/glide_e11309/execute/dir_19741 in PYTHONPATH:
PYTHONPATH=/home/cms030/home_crobe_102690812/CREAM102690812/glide_e11309/execute/dir_19741/:/home/cms030/home_crobe_102690812/CREAM102690812/glide_e11309/execute/dir_19741/CMSSW_5_3_5/python:/home/cms030/home_crobe_102690812/CREAM102690812/glide_e11309/execute/dir_19741/CMSSW_5_3_5/lib/slc5_amd64_gcc462:/cvmfs/cms.cern.ch/slc5_amd64_gcc462/cms/cmssw/CMSSW_5_3_5/python:/cvmfs/cms.cern.ch/slc5_amd64_gcc462/cms/cmssw/CMSSW_5_3_5/lib/slc5_amd64_gcc462:/cvmfs/cms.cern.ch/slc5_amd64_gcc462/cms/coral/CORAL_2_3_21-cms27/slc5_amd64_gcc462/python:/cvmfs/cms.cern.ch/slc5_amd64_gcc462/cms/coral/CORAL_2_3_21-cms27/slc5_amd64_gcc462/lib:/cvmfs/cms.cern.ch/slc5_amd64_gcc462/external/pyqt/4.8.1/lib/python2.6/site-packages:/cvmfs/cms.cern.ch/slc5_amd64_gcc462/external/py2-scipy/0.8.0/lib/python2.6/site-packages:/cvmfs/cms.cern.ch/slc5_amd64_gcc462/external/py2-matplotlib/1.0.1/lib/python2.6/site-packages:/cvmfs/cms.cern.ch/slc5_amd64_gcc462/external/python-ldap/2.3.5/lib/python2.6/site-packages:/cvmfs/cms.cern.ch/slc5_amd64_gcc462/external/sip/4.11.2/lib/python2.6/site-packages:/cvmfs/cms.cern.ch/slc5_amd64_gcc462/external/py2-pycurl/7.19.0/lib/python2.6/site-packages:/cvmfs/cms.cern.ch/slc5_amd64_gcc462/external/py2-numpy/1.6.1/lib/python2.6/site-packages:/cvmfs/cms.cern.ch/slc5_amd64_gcc462/external/py2-ipython/0.10/lib/python2.6/site-packages:/cvmfs/cms.cern.ch/slc5_amd64_gcc462/external/py2-cx-oracle/5.1-cms11/lib/python2.6/site-packages:/cvmfs/cms.cern.ch/slc5_amd64_gcc462/external/py2-cjson/1.0.5/lib/python2.6/site-packages:/cvmfs/cms.cern.ch/slc5_amd64_gcc462/cms/das-client/1.4.1-cms8/bin:/cvmfs/cms.cern.ch/slc5_amd64_gcc462/external/elementtree/1.2.6/share/lib/python2.6/site-packages:/cvmfs/cms.cern.ch/slc5_amd64_gcc462/external/rivet/1.5.1-cms10/lib/python2.6/site-packages:/cvmfs/cms.cern.ch/slc5_amd64_gcc462/external/pyminuit2/0.0.1-cms34/lib/python2.6/site-packages:/cvmfs/cms.cern.ch/slc5_amd64_gcc462/external/professor/1.0.0-cms35/lib/python2.6/site-packages:/cvmfs/cms.cern.ch/slc5_amd64_gcc462/lcg/root/5.32.00-cms18/lib:/cvmfs/cms.cern.ch/slc5_amd64_gcc462/cms/dbs-client/DBS_2_1_1_patch1_1/lib:/cvmfs/cms.cern.ch/slc5_amd64_gcc462/cms/dbs-client/DBS_2_1_1_patch1_1/lib/DBSAPI:/home/cms030/home_crobe_102690812/CREAM102690812/glide_e11309/execute/dir_19741/
241a2a19cb7c5c8751ba22759ab3bdb0
PSETHASH = 241a2a19cb7c5c8751ba22759ab3bdb0
/home/cms030/home_crobe_102690812/CREAM102690812/glide_e11309/execute/dir_19741/writeCfg.py pset.py pset.py
Importing .py file
Setting parameters
inputBlocks=/QCD_Pt_250_350_EMEnriched_TuneZ2star_8TeV_pythia6/mario-Summer12-stop-pfele-step1-3d176ac8da5e9dff208d057f4733ca91/USER#89723d11-1f9b-42cd-94f4-feb0ac97b54e
inputFiles=/store/user/mario/QCD_Pt_250_350_EMEnriched_TuneZ2star_8TeV_pythia6/Summer12-stop-pfele-step1/3d176ac8da5e9dff208d057f4733ca91/tuple_302_6_Ilk.root;/store/user/mario/QCD_Pt_250_350_EMEnriched_TuneZ2star_8TeV_pythia6/Summer12-stop-pfele-step1/3d176ac8da5e9dff208d057f4733ca91/tuple_303_6_ROU.root;/store/user/mario/QCD_Pt_250_350_EMEnriched_TuneZ2star_8TeV_pythia6/Summer12-stop-pfele-step1/3d176ac8da5e9dff208d057f4733ca91/tuple_305_6_ox7.root;/store/user/mario/QCD_Pt_250_350_EMEnriched_TuneZ2star_8TeV_pythia6/Summer12-stop-pfele-step1/3d176ac8da5e9dff208d057f4733ca91/tuple_306_7_Ayo.root;/store/user/mario/QCD_Pt_250_350_EMEnriched_TuneZ2star_8TeV_pythia6/Summer12-stop-pfele-step1/3d176ac8da5e9dff208d057f4733ca91/tuple_307_6_rxL.root
parentFiles=
lumisRange=
>>> Executable cmsRun
/cvmfs/cms.cern.ch/slc5_amd64_gcc462/cms/cmssw/CMSSW_5_3_5/bin/slc5_amd64_gcc462/cmsRun
ok executable found
>>> info for dashboard:
***** Cat /home/cms030/home_crobe_102690812/CREAM102690812/glide_e11309/execute/dir_19741/jobreport.txt *****
MonitorJobID=66_https://submit-2.t2.ucsd.edu//121127//17529.65
MonitorID=liis_crab_0_121127_012714_evt312
ExeStart=cmsRun
***** End Cat jobreport *****
Parameters sent to Dashboard.
>>> cmsRun started at Tue Nov 27 00:10:29 UTC 2012
>>> cmsRun ended at Tue Nov 27 00:26:37 UTC 2012
>>> info for dashboard:
***** Cat /home/cms030/home_crobe_102690812/CREAM102690812/glide_e11309/execute/dir_19741/jobreport.txt *****
MonitorJobID=66_https://submit-2.t2.ucsd.edu//121127//17529.65
MonitorID=liis_crab_0_121127_012714_evt312
ExeEnd=cmsRun
***** End Cat jobreport *****
Parameters sent to Dashboard.
TIME_EXE = 968 sec
>>> cmsRun wrote 146 lines of stdout+stderr
>>> START OF printout of 146 lines from stdout+stderr
27-Nov-2012 02:11:00 EET  Initiating request to open file file:/hdfs/cms/store/user/mario/QCD_Pt_250_350_EMEnriched_TuneZ2star_8TeV_pythia6/Summer12-stop-pfele-step1/3d176ac8da5e9dff208d057f4733ca91/tuple_302_6_Ilk.root
27-Nov-2012 02:11:09 EET  Successfully opened file file:/hdfs/cms/store/user/mario/QCD_Pt_250_350_EMEnriched_TuneZ2star_8TeV_pythia6/Summer12-stop-pfele-step1/3d176ac8da5e9dff208d057f4733ca91/tuple_302_6_Ilk.root
Begin processing the 1st record. Run 1, Event 224867578, LumiSection 61373 at 27-Nov-2012 02:11:46.685 EET
Begin processing the 1001st record. Run 1, Event 230196166, LumiSection 62827 at 27-Nov-2012 02:11:57.672 EET
Begin processing the 2001st record. Run 1, Event 259904850, LumiSection 70935 at 27-Nov-2012 02:12:04.745 EET
Begin processing the 3001st record. Run 1, Event 256890018, LumiSection 70112 at 27-Nov-2012 02:12:09.090 EET
Begin processing the 4001st record. Run 1, Event 265667084, LumiSection 72508 at 27-Nov-2012 02:12:16.133 EET
Begin processing the 5001st record. Run 1, Event 224585029, LumiSection 61296 at 27-Nov-2012 02:12:20.970 EET
Begin processing the 6001st record. Run 1, Event 225090588, LumiSection 61434 at 27-Nov-2012 02:12:29.816 EET
Begin processing the 7001st record. Run 1, Event 227942910, LumiSection 62212 at 27-Nov-2012 02:12:34.501 EET
Begin processing the 8001st record. Run 1, Event 243618878, LumiSection 66490 at 27-Nov-2012 02:12:43.475 EET
Begin processing the 9001st record. Run 1, Event 227345835, LumiSection 62049 at 27-Nov-2012 02:12:48.299 EET
Begin processing the 10001st record. Run 1, Event 229335312, LumiSection 62592 at 27-Nov-2012 02:12:57.793 EET
Begin processing the 11001st record. Run 1, Event 18506065, LumiSection 5051 at 27-Nov-2012 02:13:02.473 EET
Begin processing the 12001st record. Run 1, Event 45811814, LumiSection 12504 at 27-Nov-2012 02:13:10.313 EET
Begin processing the 13001st record. Run 1, Event 113578275, LumiSection 30999 at 27-Nov-2012 02:13:16.700 EET
27-Nov-2012 02:13:20 EET  Closed file file:/hdfs/cms/store/user/mario/QCD_Pt_250_350_EMEnriched_TuneZ2star_8TeV_pythia6/Summer12-stop-pfele-step1/3d176ac8da5e9dff208d057f4733ca91/tuple_302_6_Ilk.root
27-Nov-2012 02:13:20 EET  Initiating request to open file file:/hdfs/cms/store/user/mario/QCD_Pt_250_350_EMEnriched_TuneZ2star_8TeV_pythia6/Summer12-stop-pfele-step1/3d176ac8da5e9dff208d057f4733ca91/tuple_303_6_ROU.root
27-Nov-2012 02:13:21 EET  Successfully opened file file:/hdfs/cms/store/user/mario/QCD_Pt_250_350_EMEnriched_TuneZ2star_8TeV_pythia6/Summer12-stop-pfele-step1/3d176ac8da5e9dff208d057f4733ca91/tuple_303_6_ROU.root
Begin processing the 14001st record. Run 1, Event 123691925, LumiSection 33759 at 27-Nov-2012 02:13:49.389 EET
Begin processing the 15001st record. Run 1, Event 115437175, LumiSection 31506 at 27-Nov-2012 02:13:59.288 EET
Begin processing the 16001st record. Run 1, Event 133922428, LumiSection 36551 at 27-Nov-2012 02:14:10.657 EET
Begin processing the 17001st record. Run 1, Event 138148953, LumiSection 37705 at 27-Nov-2012 02:14:15.397 EET
Begin processing the 18001st record. Run 1, Event 231101671, LumiSection 63074 at 27-Nov-2012 02:14:24.510 EET
Begin processing the 19001st record. Run 1, Event 233177062, LumiSection 63641 at 27-Nov-2012 02:14:28.866 EET
Begin processing the 20001st record. Run 1, Event 236882570, LumiSection 64652 at 27-Nov-2012 02:14:37.800 EET
Begin processing the 21001st record. Run 1, Event 250187648, LumiSection 68283 at 27-Nov-2012 02:14:42.348 EET
Begin processing the 22001st record. Run 1, Event 61222820, LumiSection 16710 at 27-Nov-2012 02:14:51.486 EET
Begin processing the 23001st record. Run 1, Event 122236735, LumiSection 33362 at 27-Nov-2012 02:15:00.286 EET
Begin processing the 24001st record. Run 1, Event 127092973, LumiSection 34687 at 27-Nov-2012 02:15:05.741 EET
Begin processing the 25001st record. Run 1, Event 137629427, LumiSection 37563 at 27-Nov-2012 02:15:14.709 EET
Begin processing the 26001st record. Run 1, Event 145962901, LumiSection 39838 at 27-Nov-2012 02:15:19.583 EET
Begin processing the 27001st record. Run 1, Event 150720810, LumiSection 41136 at 27-Nov-2012 02:15:29.051 EET
Begin processing the 28001st record. Run 1, Event 225490482, LumiSection 61543 at 27-Nov-2012 02:15:33.325 EET
Begin processing the 29001st record. Run 1, Event 228050199, LumiSection 62241 at 27-Nov-2012 02:15:41.969 EET
Begin processing the 30001st record. Run 1, Event 231170336, LumiSection 63093 at 27-Nov-2012 02:15:46.697 EET
Begin processing the 31001st record. Run 1, Event 231751201, LumiSection 63251 at 27-Nov-2012 02:15:55.381 EET
Begin processing the 32001st record. Run 1, Event 208464234, LumiSection 56896 at 27-Nov-2012 02:16:04.073 EET
Begin processing the 33001st record. Run 1, Event 233387526, LumiSection 63698 at 27-Nov-2012 02:16:08.285 EET
Begin processing the 34001st record. Run 1, Event 92032742, LumiSection 25119 at 27-Nov-2012 02:16:17.619 EET
Begin processing the 35001st record. Run 1, Event 143037182, LumiSection 39039 at 27-Nov-2012 02:16:22.515 EET
Begin processing the 36001st record. Run 1, Event 180503302, LumiSection 49265 at 27-Nov-2012 02:16:32.539 EET
Begin processing the 37001st record. Run 1, Event 30251611, LumiSection 8257 at 27-Nov-2012 02:16:37.609 EET
Begin processing the 38001st record. Run 1, Event 74681770, LumiSection 20383 at 27-Nov-2012 02:16:50.230 EET
Begin processing the 39001st record. Run 1, Event 98587891, LumiSection 26908 at 27-Nov-2012 02:16:57.665 EET
Begin processing the 40001st record. Run 1, Event 147711943, LumiSection 40315 at 27-Nov-2012 02:17:01.951 EET
27-Nov-2012 02:17:02 EET  Closed file file:/hdfs/cms/store/user/mario/QCD_Pt_250_350_EMEnriched_TuneZ2star_8TeV_pythia6/Summer12-stop-pfele-step1/3d176ac8da5e9dff208d057f4733ca91/tuple_303_6_ROU.root
27-Nov-2012 02:17:02 EET  Initiating request to open file file:/hdfs/cms/store/user/mario/QCD_Pt_250_350_EMEnriched_TuneZ2star_8TeV_pythia6/Summer12-stop-pfele-step1/3d176ac8da5e9dff208d057f4733ca91/tuple_305_6_ox7.root
27-Nov-2012 02:17:03 EET  Successfully opened file file:/hdfs/cms/store/user/mario/QCD_Pt_250_350_EMEnriched_TuneZ2star_8TeV_pythia6/Summer12-stop-pfele-step1/3d176ac8da5e9dff208d057f4733ca91/tuple_305_6_ox7.root
Begin processing the 41001st record. Run 1, Event 87176276, LumiSection 23793 at 27-Nov-2012 02:17:40.040 EET
Begin processing the 42001st record. Run 1, Event 90763564, LumiSection 24772 at 27-Nov-2012 02:17:48.377 EET
Begin processing the 43001st record. Run 1, Event 106592712, LumiSection 29092 at 27-Nov-2012 02:17:52.865 EET
Begin processing the 44001st record. Run 1, Event 115634080, LumiSection 31560 at 27-Nov-2012 02:18:02.457 EET
Begin processing the 45001st record. Run 1, Event 118307224, LumiSection 32290 at 27-Nov-2012 02:18:06.667 EET
Begin processing the 46001st record. Run 1, Event 118990166, LumiSection 32476 at 27-Nov-2012 02:18:14.366 EET
Begin processing the 47001st record. Run 1, Event 123439931, LumiSection 33690 at 27-Nov-2012 02:18:18.910 EET
Begin processing the 48001st record. Run 1, Event 161857792, LumiSection 44176 at 27-Nov-2012 02:18:28.538 EET
Begin processing the 49001st record. Run 1, Event 185076041, LumiSection 50513 at 27-Nov-2012 02:18:32.658 EET
Begin processing the 50001st record. Run 1, Event 210378453, LumiSection 57418 at 27-Nov-2012 02:18:44.594 EET
Begin processing the 51001st record. Run 1, Event 227193040, LumiSection 62007 at 27-Nov-2012 02:18:48.865 EET
Begin processing the 52001st record. Run 1, Event 242980033, LumiSection 66316 at 27-Nov-2012 02:18:55.399 EET
Begin processing the 53001st record. Run 1, Event 260562041, LumiSection 71115 at 27-Nov-2012 02:18:59.580 EET
Begin processing the 54001st record. Run 1, Event 257545273, LumiSection 70291 at 27-Nov-2012 02:19:10.240 EET
Begin processing the 55001st record. Run 1, Event 148586631, LumiSection 40554 at 27-Nov-2012 02:19:19.468 EET
Begin processing the 56001st record. Run 1, Event 149372861, LumiSection 40768 at 27-Nov-2012 02:19:23.915 EET
Begin processing the 57001st record. Run 1, Event 262016899, LumiSection 71512 at 27-Nov-2012 02:19:31.103 EET
Begin processing the 58001st record. Run 1, Event 234553445, LumiSection 64016 at 27-Nov-2012 02:19:35.067 EET
Begin processing the 59001st record. Run 1, Event 163005298, LumiSection 44489 at 27-Nov-2012 02:19:41.820 EET
Begin processing the 60001st record. Run 1, Event 166495577, LumiSection 45441 at 27-Nov-2012 02:19:46.094 EET
Begin processing the 61001st record. Run 1, Event 215558424, LumiSection 58832 at 27-Nov-2012 02:19:54.910 EET
Begin processing the 62001st record. Run 1, Event 226521871, LumiSection 61824 at 27-Nov-2012 02:20:00.035 EET
Begin processing the 63001st record. Run 1, Event 222452504, LumiSection 60714 at 27-Nov-2012 02:20:07.565 EET
Begin processing the 64001st record. Run 1, Event 228073467, LumiSection 62248 at 27-Nov-2012 02:20:11.628 EET
Begin processing the 65001st record. Run 1, Event 228409346, LumiSection 62339 at 27-Nov-2012 02:20:21.341 EET
Begin processing the 66001st record. Run 1, Event 229237964, LumiSection 62565 at 27-Nov-2012 02:20:25.480 EET
27-Nov-2012 02:20:25 EET  Closed file file:/hdfs/cms/store/user/mario/QCD_Pt_250_350_EMEnriched_TuneZ2star_8TeV_pythia6/Summer12-stop-pfele-step1/3d176ac8da5e9dff208d057f4733ca91/tuple_305_6_ox7.root
27-Nov-2012 02:20:25 EET  Initiating request to open file file:/hdfs/cms/store/user/mario/QCD_Pt_250_350_EMEnriched_TuneZ2star_8TeV_pythia6/Summer12-stop-pfele-step1/3d176ac8da5e9dff208d057f4733ca91/tuple_306_7_Ayo.root
27-Nov-2012 02:20:26 EET  Successfully opened file file:/hdfs/cms/store/user/mario/QCD_Pt_250_350_EMEnriched_TuneZ2star_8TeV_pythia6/Summer12-stop-pfele-step1/3d176ac8da5e9dff208d057f4733ca91/tuple_306_7_Ayo.root
Begin processing the 67001st record. Run 1, Event 232997557, LumiSection 63592 at 27-Nov-2012 02:21:02.889 EET
Begin processing the 68001st record. Run 1, Event 23757031, LumiSection 6484 at 27-Nov-2012 02:21:11.372 EET
Begin processing the 69001st record. Run 1, Event 42972559, LumiSection 11729 at 27-Nov-2012 02:21:16.171 EET
Begin processing the 70001st record. Run 1, Event 59049151, LumiSection 16117 at 27-Nov-2012 02:21:22.897 EET
Begin processing the 71001st record. Run 1, Event 191570803, LumiSection 52285 at 27-Nov-2012 02:21:27.319 EET
Begin processing the 72001st record. Run 1, Event 218242005, LumiSection 59564 at 27-Nov-2012 02:21:37.980 EET
Begin processing the 73001st record. Run 1, Event 217560825, LumiSection 59378 at 27-Nov-2012 02:21:42.137 EET
Begin processing the 74001st record. Run 1, Event 227648938, LumiSection 62132 at 27-Nov-2012 02:21:48.895 EET
Begin processing the 75001st record. Run 1, Event 228672426, LumiSection 62411 at 27-Nov-2012 02:21:53.346 EET
Begin processing the 76001st record. Run 1, Event 231281645, LumiSection 63123 at 27-Nov-2012 02:21:59.667 EET
Begin processing the 77001st record. Run 1, Event 237530073, LumiSection 64829 at 27-Nov-2012 02:22:04.115 EET
Begin processing the 78001st record. Run 1, Event 225792436, LumiSection 61625 at 27-Nov-2012 02:22:12.850 EET
Begin processing the 79001st record. Run 1, Event 227593587, LumiSection 62117 at 27-Nov-2012 02:22:19.099 EET
Begin processing the 80001st record. Run 1, Event 228986335, LumiSection 62497 at 27-Nov-2012 02:22:23.430 EET
Begin processing the 81001st record. Run 1, Event 170308783, LumiSection 46482 at 27-Nov-2012 02:22:31.911 EET
Begin processing the 82001st record. Run 1, Event 176506252, LumiSection 48174 at 27-Nov-2012 02:22:36.492 EET
Begin processing the 83001st record. Run 1, Event 185605839, LumiSection 50657 at 27-Nov-2012 02:22:47.471 EET
Begin processing the 84001st record. Run 1, Event 206909011, LumiSection 56471 at 27-Nov-2012 02:22:51.720 EET
Begin processing the 85001st record. Run 1, Event 33964626, LumiSection 9270 at 27-Nov-2012 02:23:04.990 EET
Begin processing the 86001st record. Run 1, Event 59681995, LumiSection 16289 at 27-Nov-2012 02:23:09.167 EET
Begin processing the 87001st record. Run 1, Event 134634352, LumiSection 36746 at 27-Nov-2012 02:23:17.881 EET
Begin processing the 88001st record. Run 1, Event 177567161, LumiSection 48463 at 27-Nov-2012 02:23:22.328 EET
Begin processing the 89001st record. Run 1, Event 182401483, LumiSection 49783 at 27-Nov-2012 02:23:29.431 EET
Begin processing the 90001st record. Run 1, Event 188622871, LumiSection 51481 at 27-Nov-2012 02:23:34.407 EET
Begin processing the 91001st record. Run 1, Event 199260621, LumiSection 54384 at 27-Nov-2012 02:23:44.002 EET
27-Nov-2012 02:23:48 EET  Closed file file:/hdfs/cms/store/user/mario/QCD_Pt_250_350_EMEnriched_TuneZ2star_8TeV_pythia6/Summer12-stop-pfele-step1/3d176ac8da5e9dff208d057f4733ca91/tuple_306_7_Ayo.root
27-Nov-2012 02:23:48 EET  Initiating request to open file file:/hdfs/cms/store/user/mario/QCD_Pt_250_350_EMEnriched_TuneZ2star_8TeV_pythia6/Summer12-stop-pfele-step1/3d176ac8da5e9dff208d057f4733ca91/tuple_307_6_rxL.root
27-Nov-2012 02:23:48 EET  Successfully opened file file:/hdfs/cms/store/user/mario/QCD_Pt_250_350_EMEnriched_TuneZ2star_8TeV_pythia6/Summer12-stop-pfele-step1/3d176ac8da5e9dff208d057f4733ca91/tuple_307_6_rxL.root
Begin processing the 92001st record. Run 1, Event 151445924, LumiSection 41334 at 27-Nov-2012 02:24:16.433 EET
Begin processing the 93001st record. Run 1, Event 210450343, LumiSection 57438 at 27-Nov-2012 02:24:24.603 EET
Begin processing the 94001st record. Run 1, Event 167374755, LumiSection 45681 at 27-Nov-2012 02:24:39.940 EET
Begin processing the 95001st record. Run 1, Event 3595293, LumiSection 982 at 27-Nov-2012 02:24:44.114 EET
Begin processing the 96001st record. Run 1, Event 30722677, LumiSection 8386 at 27-Nov-2012 02:24:53.262 EET
Begin processing the 97001st record. Run 1, Event 42211418, LumiSection 11521 at 27-Nov-2012 02:24:57.344 EET
Begin processing the 98001st record. Run 1, Event 94040114, LumiSection 25666 at 27-Nov-2012 02:25:06.141 EET
Begin processing the 99001st record. Run 1, Event 145620444, LumiSection 39744 at 27-Nov-2012 02:25:10.236 EET
Begin processing the 100001st record. Run 1, Event 146790276, LumiSection 40063 at 27-Nov-2012 02:25:19.553 EET
Begin processing the 101001st record. Run 1, Event 149381250, LumiSection 40770 at 27-Nov-2012 02:25:23.520 EET
Begin processing the 102001st record. Run 1, Event 234357552, LumiSection 63963 at 27-Nov-2012 02:25:33.322 EET
Begin processing the 103001st record. Run 1, Event 227833769, LumiSection 62182 at 27-Nov-2012 02:25:37.214 EET
Begin processing the 104001st record. Run 1, Event 229288013, LumiSection 62579 at 27-Nov-2012 02:25:46.002 EET
Begin processing the 105001st record. Run 1, Event 231161357, LumiSection 63090 at 27-Nov-2012 02:25:50.145 EET
Begin processing the 106001st record. Run 1, Event 22526401, LumiSection 6149 at 27-Nov-2012 02:25:58.474 EET
Begin processing the 107001st record. Run 1, Event 117538003, LumiSection 32080 at 27-Nov-2012 02:26:02.848 EET
Begin processing the 108001st record. Run 1, Event 123984531, LumiSection 33839 at 27-Nov-2012 02:26:10.494 EET
Begin processing the 109001st record. Run 1, Event 160668134, LumiSection 43851 at 27-Nov-2012 02:26:14.598 EET
Begin processing the 110001st record. Run 1, Event 174618426, LumiSection 47658 at 27-Nov-2012 02:26:22.045 EET
Begin processing the 111001st record. Run 1, Event 171590045, LumiSection 46832 at 27-Nov-2012 02:26:30.339 EET
Begin processing the 112001st record. Run 1, Event 185992009, LumiSection 50763 at 27-Nov-2012 02:26:34.369 EET
27-Nov-2012 02:26:35 EET  Closed file file:/hdfs/cms/store/user/mario/QCD_Pt_250_350_EMEnriched_TuneZ2star_8TeV_pythia6/Summer12-stop-pfele-step1/3d176ac8da5e9dff208d057f4733ca91/tuple_307_6_rxL.root

=============================================

MessageLogger Summary

 type     category        sev    module        subroutine        count    total
 ---- -------------------- -- ---------------- ----------------  -----    -----
    1 fileAction           -s file_close                             5        5
    2 fileAction           -s file_open                             10       10

 type    category    Examples: run/evt        run/evt          run/evt
 ---- -------------------- ---------------- ---------------- ----------------
    1 fileAction           PostProcessEvent PostProcessEvent PostEndRun
    2 fileAction           pre-events       pre-events       PostProcessEvent

Severity    # Occurrences   Total Occurrences
--------    -------------   -----------------
System                 15                  15
>>> END OF printout of 146 lines from stdout+stderr
>>> Parse FrameworkJobReport crab_fjr.xml
Result of parsing the FrameworkJobReport crab_fjr.xml: Popularity start
lumisRange : 1::4636,5051,5595,5614,7987,9773,11887,12504,13050,14978,17242,20487,24525,24624,27555,28576,29748,30999,33759,40121,60152-60153,60487,60492,60848,60938,61160-61161,61218,61296-61297,61303,61331,61333,61356,61367,61373,61434,61630,61632,61683,61735-61736,61782,61933,61982,62048-62050,62096,62115,62153,62156,62159,62176,62181,62203,62212,62243,62458,62470,62527,62592,62680,62704,62727,62827,62833,62917,62938,63536,63568,63596,66490,69166,69643,69992,70016,70091,70111-70112,70150,70508,70551,70685,70887,70935,71059,71085,71236,72508::1;1::23066,23631,23663,23696,23793,24462,24568,24629,24709,24715,24772,25716,25729,27063,28020,28023,29092,29475,29498,29661,29676,30021,30112,30188,31560,31742,31999-32000,32112,32290,32366,32372,32427,32471,32476,33005,33163,33312,33379,33442,33531,33543,33690,33868,33870,33964,35117,36882,37211,37818,38449,38577,39611,39691,39810,39813,40308,40354,40554,40644,40710,40768,40793,40932,40935,41034,41070,41299,41932,42083,42125,42129,44176,44180,44384,44394,44489,44697,44702,45201,45315,45441,45463,45584,46787,46840,48292,48744,49570,49662,50431,50513,52646,52749,53449,54459,54789,54825,55907,56151,57418,57912,58832,59123,59181,59301,59356,59460,59492,59700,59788,59799,60102,60341,60445,60714,60866,60937,61275,61288,61824,61923,61975,62007,62016,62068,62151,62248,62291,62301,62339,62341,62363,62401,62436,62498,62511,62565,62567,62649,62957,62981,63370,63432,63789,63801,63810,64016,64591,64748,66313-66314,66316,66408,66658,66793,68014,68054,69275,69686,69883,70291,70598,71115,71261,71512,71784,72357::2;1::285,912,982,1283,2061,2744,2796-2797,3476,3480,4553,4555,5311,5990,6149,7427,8189,8201,8386,9279,10754,10991,11521,12168,12295,13438,14334,15408,16364,19540,23875,25666,31502,31932,32080,33839,33844,34063,34378,35229,35572,36150,36335,36983,37093,38956,39076,39744,39807,39878,39929,40063,40085,40099,40106,40611,40711,40770,40786-40787,40982,41027,41334,41384,41485,41670,41802,41857,41859,42024,42453,43045,43524,43851,44184,44601,44607,44706,44871,44972,45208,45370,45585,45681,45687,45691,45782,45793,45930,46586,46832,47658,49034,49281,49462,49594,50719,50763,54517,56013,56253,56671,56972,57438,57534,58277,59196,59400,59457,60082,60254,61439-61440,61968,62178,62182,62314,62316,62434,62579,62639,62802,62835,62850,62942,62975,63058,63090,63253,63707,63963,65688::3;1::998,1039,1325,1733,3078,3422,5897,6044,6361,6484,7407,8798,9078-9079,9086,9270,11523,11559,11729,11744,12053,12147,12655,13006,14981,16112,16117,16289,16315,16326,16548,16674,16888,17202,17262,23048,24537,27477,28360,28613,29346,29349,36746,38010,40278,40461,40993,41031,41334,42044,46482,46485,46763,46933,47542,47667,47979,47982,48174,48262,48463,48907,49183,49333,49349,49495,49777,49783,50296,50300,50334,50657,50794,50925,50997,51200,51481,51500,51719,52277,52280,52283,52285,52650,52927,53163,54198,54384,54544,54699,56471,56493,56843,57269,57876,57895,59299,59327-59328,59377-59378,59564,59570,59698,59874,60649,60771,61317,61344,61370,61625,61731-61732,61739,62117,62132,62144,62183,62224,62242,62302,62319,62340,62343,62404,62411,62414,62435,62454-62455,62497,62503,62545,62567,62582,62612,62624,62695,62777,62820,62822,62829,62887,62897,62982,63024,63031,63061,63123,63175,63202-63203,63294,63511,63592,63643,63996,64004,64543,64829-64830,64909,66410,66712,67720,68101,68137,72597::4;1::921,1425,2980,3842,5167,5740,6492,6769,7893,8257,14305,14970,16593,16643,16708,16710,19367,20383,21165,21820,22749,23029,24014,25119,25189,26879,26908,28386,28574,29184,29613,29889,30778,30814-30815,31162,31270,31425,31458,31467,31506,33362,33381,33720,33759,33789,34458,34523,34687,34983,34992,35045,36245,36551,36684,36744,37068,37073,37184,37212,37292,37424,37563,37705,37790,37877,38100,38254,38389,38420,38768,38958,39039,39097,39250,39298,39676,39804,39838,39844,40315,40655,40718,41048,41136,41142,41232,42488,42684,42989,44375,44711,45237,46547,47233,47527,47772,48258,48769,48810,49208,49258,49265,49692,49866,50361,51905,52102,53499,53682,53970,56380,56896,56908,57386,57410,57571,59568,59740,61536,61543,62135,62152,62198,62205,62241,62400,62676,62715,62792,62864-62865,62879,62895,62965,62998,63012,63074-63075,63092-63094,63130,63132,63158,63201,63251,63400,63417,63433,63529,63534,63612,63641,63665,63698,63704,64572,64652,64858,65298-65299,66236,66247,66380-66381,68062,68283,70250::5;
lumisParentRange : 
Basename : /store/user/mario/QCD_Pt_250_350_EMEnriched_TuneZ2star_8TeV_pythia6/Summer12-stop-pfele-step1/3d176ac8da5e9dff208d057f4733ca91/tuple_30
BasenameParent : 
parentFiles : 
inputBlocks : /QCD_Pt_250_350_EMEnriched_TuneZ2star_8TeV_pythia6/mario-Summer12-stop-pfele-step1-3d176ac8da5e9dff208d057f4733ca91/USER#89723d11-1f9b-42cd-94f4-feb0ac97b54e
inputFiles : 2_6_Ilk.root::1::EDM::Local::1;5_6_ox7.root::1::EDM::Local::2;7_6_rxL.root::1::EDM::Local::3;6_7_Ayo.root::1::EDM::Local::4;3_6_ROU.root::1::EDM::Local::5;
Popularity stop
Extracted ExitStatus from FrameworkJobReport parsing output: 0
>>> Executable succeded  0
ExeExitCode=0
EXECUTABLE_EXIT_STATUS = 0
>>> current directory /home/cms030/home_crobe_102690812/CREAM102690812/glide_e11309/execute/dir_19741/CMSSW_5_3_5
>>>  (SOFTWARE_DIR): /home/cms030/home_crobe_102690812/CREAM102690812/glide_e11309/execute/dir_19741/CMSSW_5_3_5
>>> (WORKING_DIR): 
>>> current directory content:
total 164
drwxr-xr-x 3 cms030 cms  4096 Nov 27 02:10 .SCRAM
-rw-r--r-- 1 cms030 cms 30066 Nov 27 02:10 CMSSW.py.pkl
drwxr-xr-x 3 cms030 cms  4096 Nov 27 02:10 bin
drwxr-xr-x 3 cms030 cms  4096 Nov 27 02:10 cfipython
drwxr-xr-x 5 cms030 cms  4096 Nov 27 02:10 config
-rw-r--r-- 1 cms030 cms    17 Nov 27 02:26 cpu_timing.txt
drwxr-xr-x 2 cms030 cms  4096 Nov 27 02:10 doc
-rw-r--r-- 1 cms030 cms 16510 Nov 27 02:26 executable.out
drwxr-xr-x 2 cms030 cms  4096 Nov 27 02:10 include
drwxrwxrwx 3 cms030 cms  4096 Oct 22 16:38 lib
drwxr-xr-x 3 cms030 cms  4096 Nov 27 02:10 logs
drwxr-xr-x 3 cms030 cms  4096 Nov 27 02:10 objs
-rw-r--r-- 1 cms030 cms 18022 Nov 27 02:26 optHistograms.root
-rw-r--r-- 1 cms030 cms   104 Nov 27 02:10 pset.py
-rw-r--r-- 1 cms030 cms 19509 Nov 27 02:10 pset.py.pkl
-rw-r--r-- 1 cms030 cms   289 Nov 27 02:10 pset.pyc
drwxr-xr-x 2 cms030 cms  4096 Nov 27 02:10 python
-rw-r--r-- 1 cms030 cms   420 Nov 27 02:26 report.log
drwxrwxrwx 4 cms030 cms  4096 Nov 27 02:09 src
drwxr-xr-x 3 cms030 cms  4096 Nov 27 02:10 test
drwxr-xr-x 3 cms030 cms  4096 Nov 27 02:10 tmp
>>> current directory /home/cms030/home_crobe_102690812/CREAM102690812/glide_e11309/execute/dir_19741/CMSSW_5_3_5
>>> (SOFTWARE_DIR): /home/cms030/home_crobe_102690812/CREAM102690812/glide_e11309/execute/dir_19741/CMSSW_5_3_5
>>> (WORKING_DIR): 
>>> current directory content:
total 144
drwxr-xr-x 3 cms030 cms  4096 Nov 27 02:10 .SCRAM
-rw-r--r-- 1 cms030 cms 30066 Nov 27 02:10 CMSSW.py.pkl
drwxr-xr-x 3 cms030 cms  4096 Nov 27 02:10 bin
drwxr-xr-x 3 cms030 cms  4096 Nov 27 02:10 cfipython
drwxr-xr-x 5 cms030 cms  4096 Nov 27 02:10 config
-rw-r--r-- 1 cms030 cms    17 Nov 27 02:26 cpu_timing.txt
drwxr-xr-x 2 cms030 cms  4096 Nov 27 02:10 doc
-rw-r--r-- 1 cms030 cms 16510 Nov 27 02:26 executable.out
drwxr-xr-x 2 cms030 cms  4096 Nov 27 02:10 include
drwxrwxrwx 3 cms030 cms  4096 Oct 22 16:38 lib
drwxr-xr-x 3 cms030 cms  4096 Nov 27 02:10 logs
drwxr-xr-x 3 cms030 cms  4096 Nov 27 02:10 objs
-rw-r--r-- 1 cms030 cms   104 Nov 27 02:10 pset.py
-rw-r--r-- 1 cms030 cms 19509 Nov 27 02:10 pset.py.pkl
-rw-r--r-- 1 cms030 cms   289 Nov 27 02:10 pset.pyc
drwxr-xr-x 2 cms030 cms  4096 Nov 27 02:10 python
-rw-r--r-- 1 cms030 cms   420 Nov 27 02:26 report.log
drwxrwxrwx 4 cms030 cms  4096 Nov 27 02:09 src
drwxr-xr-x 3 cms030 cms  4096 Nov 27 02:10 test
drwxr-xr-x 3 cms030 cms  4096 Nov 27 02:10 tmp
>>> current directory (RUNTIME_AREA):  /home/cms030/home_crobe_102690812/CREAM102690812/glide_e11309/execute/dir_19741
>>> current dir: /home/cms030/home_crobe_102690812/CREAM102690812/glide_e11309/execute/dir_19741
>>> current dir content:
total 25804
-rw-rw-rw-  1 cms030 cms     5603 Nov 27 02:09 .job.ad
-rw-rw-rw-  1 cms030 cms    11528 Nov 27 02:09 .machine.ad
-rw-rw-rw-  1 cms030 cms      105 Nov 27 01:27 CMSSW.py
-rw-rw-rw-  1 cms030 cms    30066 Nov 27 01:27 CMSSW.py.pkl
-rwxrw-rw-  1 cms030 cms    23341 Nov 27 02:09 CMSSW.sh
drwxr-xr-x 15 cms030 cms     4096 Nov 27 02:27 CMSSW_5_3_5
-rw-rw-rw-  1 cms030 cms        0 Nov 27 02:09 CMSSW_66.stderr
-rw-rw-rw-  1 cms030 cms    32886 Nov 27 02:27 CMSSW_66.stdout
-rw-r--r--  1 cms030 cms      347 Nov 27 02:09 CacheEnv.sh
-rw-rw-rw-  1 cms030 cms     7291 Jun  9  2010 DashboardAPI.py
-rw-r--r--  1 cms030 cms     6883 Nov 27 02:10 DashboardAPI.pyc
drwxrwxrwx  3 cms030 cms     4096 Nov 27 02:26 IMProv
-rw-rw-rw-  1 cms030 cms     2748 Mar  8  2006 Logger.py
-rw-r--r--  1 cms030 cms     3353 Nov 27 02:10 Logger.pyc
-rw-rw-rw-  1 cms030 cms    24524 Mar 28  2008 ProcInfo.py
-rw-r--r--  1 cms030 cms    23470 Nov 27 02:10 ProcInfo.pyc
drwxrwxrwx  7 cms030 cms     4096 Nov 27 02:10 ProdCommon
drwxrwxrwx  3 cms030 cms     4096 Nov 27 02:09 WMCore
-rw-r--r--  1 cms030 cms     2613 Nov 27 02:26 Watchdog_66.log
-rw-rw-rw-  1 cms030 cms    32895 Mar 28  2008 apmon.py
-rw-r--r--  1 cms030 cms    28874 Nov 27 02:10 apmon.pyc
-rw-rw-rw-  1 cms030 cms   105070 Nov 27 02:09 arguments.xml
-rwxrwxrwx  1 cms030 cms    37427 Sep 13 14:14 cmscp.py
-rwxrwxrwx  1 cms030 cms    23341 Nov 27 02:09 condor_exec.exe
-rw-rw-rw-  1 cms030 cms      546 Nov 27 01:27 crab.cfg
-rwxrwxrwx  1 cms030 cms     9531 Sep 20 21:46 crabWatchdog.sh
-rw-r--r--  1 cms030 cms    50080 Nov 27 02:26 crab_fjr_66.xml
-rw-rw-rw-  1 cms030 cms 25796300 Nov 27 02:09 default.tgz
-rwxrwxrwx  1 cms030 cms     4488 May 12  2012 fillCrabFjr.py
-rw-r--r--  1 cms030 cms      946 Nov 27 02:10 inputsReport.txt
-rw-r--r--  1 cms030 cms      132 Nov 27 02:27 jobreport.txt
lrwxrwxrwx  1 cms030 cms      107 Nov 27 02:27 optHistograms.root -> /home/cms030/home_crobe_102690812/CREAM102690812/glide_e11309/execute/dir_19741/optHistograms_66_1_siL.root
-rw-r--r--  1 cms030 cms    18022 Nov 27 02:26 optHistograms_66_1_siL.root
-rw-rw-rw-  1 cms030 cms    17352 Jan 20  2012 parseCrabFjr.py
-rw-r--r--  1 cms030 cms      285 Nov 27 02:09 report.log
-rwxrwxrwx  1 cms030 cms     1497 May 27  2009 report.py
-rwxrwxrwx  1 cms030 cms     8387 Mar 23  2011 writeCfg.py
-rw-------  1 cms030 cms     8687 Nov 27 02:19 x509up_u1000009
Checking output files:  
will tar file optHistograms_66_1_siL.root in  out_files_66
will tar file crab_fjr_66.xml in  out_files_66
will tar file CMSSW_66.stdout in  out_files_66
will tar file CMSSW_66.stderr in  out_files_66
WARNING: output file Watchdog_66.log.gz not found!
>>> padding time: Wrapper lasting more than 600 seconds. No sleep required.
STOPPING WATCHDOG. CrabWatchdog PID is 22449
********** LAST 50 LINES OF WATCHDOG LOG
# RESOURCE USAGE SUMMARY FOR PROCESS ID 20474
USER       PID %CPU %MEM    VSZ   RSS TTY      STAT START   TIME COMMAND
cms030   20474  0.2  0.0   8956  1488 ?        S    02:09   0:00 /bin/sh /home/cms030/home_crobe_102690812/CREAM102690812/glide_e11309/execute/dir_19741/condor_exec.exe 66 1
 
# LIMITS USED BY THIS WATCHDOG:
# RSS  (KBytes)  : 2300000
# VSZ  (KBytes)  : 100000000
# DISK (MBytes)  : 19000
# CPU  (seconds) : 171600
# WALL (seconds) : 171600
 
# FOLLOWING PRINTOUT TRACKS MAXIMUM VALUES OF RESOURCES USE
# ONE LINE IS PRINTED EACH TIME A MAXIMUM CHANGES
# IF CHANGE WAS IN RSS OR VSZ ALSO PROCID AND COMMAND ARE PRINTED
# THERE IS NO PRINTOUT FOR CPU/WALL TIME INCREASE
 
# TIME			PID	RSS(KB)	VSZ(KB)	Dsk(MB)	tCPU(s)	tWALL(s)	COMMAND
 Nov 27 02:10:08 EET	11161	1320	8896	0	0	1787	-bash         
 Nov 27 02:10:08 EET	11192	1488	8952	0	0	1788	/bin/sh -l ./CREAM102690812_jobWrapper.sh       
 Nov 27 02:10:08 EET	11256	2672	25504	0	0	1787	perl -e ?use Socket;??sub send_notify {? $cream_url = "193.40.150.124:49152";die "No
 Nov 27 02:10:08 EET	15383	5748	25504	0	0	1777	/home/cms030/home_crobe_102690812/CREAM102690812/glide_e11309/main/condor/sbin/condor_master -f -pidfile /home/cms030/home_crobe_102690812/CREAM102690812/glide_e11309/condor_master2.pid      
 Nov 27 02:10:08 EET	---	5748	25504	168	----	----	----
 Nov 27 02:11:19 EET	27946	250424	384636	168	10	58	cmsRun -j /home/cms030/home_crobe_102690812/CREAM102690812/glide_e11309/execute/dir_19741/crab_fjr_66.xml -p pset.py     
 Nov 27 02:12:29 EET	27946	360940	563812	168	49	132	cmsRun -j /home/cms030/home_crobe_102690812/CREAM102690812/glide_e11309/execute/dir_19741/crab_fjr_66.xml -p pset.py     
 Nov 27 02:13:44 EET	27946	360940	564580	168	78	205	cmsRun -j /home/cms030/home_crobe_102690812/CREAM102690812/glide_e11309/execute/dir_19741/crab_fjr_66.xml -p pset.py     
 Nov 27 02:14:57 EET	27946	364568	565348	168	125	280	cmsRun -j /home/cms030/home_crobe_102690812/CREAM102690812/glide_e11309/execute/dir_19741/crab_fjr_66.xml -p pset.py     
 Nov 27 02:16:11 EET	27946	364848	565348	168	170	354	cmsRun -j /home/cms030/home_crobe_102690812/CREAM102690812/glide_e11309/execute/dir_19741/crab_fjr_66.xml -p pset.py     
 Nov 27 02:24:29 EET	27946	366700	566628	168	428	846	cmsRun -j /home/cms030/home_crobe_102690812/CREAM102690812/glide_e11309/execute/dir_19741/crab_fjr_66.xml -p pset.py     
 Nov 27 02:25:37 EET	27946	367092	566628	168	467	913	cmsRun -j /home/cms030/home_crobe_102690812/CREAM102690812/glide_e11309/execute/dir_19741/crab_fjr_66.xml -p pset.py     
 Nov 27 02:26:43 EET	---	367092	566628	169	----	----	----
********** WATCHDOG LOG ENDED
ZIPPING WATCHDOG LOG
Disk space used:
du -sh /home/cms030/home_crobe_102690812/CREAM102690812/glide_e11309/execute/dir_19741
169M	/home/cms030/home_crobe_102690812/CREAM102690812/glide_e11309/execute/dir_19741
>>> info for dashboard:
***** Cat /home/cms030/home_crobe_102690812/CREAM102690812/glide_e11309/execute/dir_19741/jobreport.txt *****
MonitorJobID=66_https://submit-2.t2.ucsd.edu//121127//17529.65
MonitorID=liis_crab_0_121127_012714_evt312
ExeTime=968
ExeExitCode=0
CrabUserCpuTime=491.92
CrabSysCpuTime=14.29
CrabCpuPercentage=52%
CrabWrapperTime=1039
CrabStageoutTime=NULL
***** End Cat jobreport *****
Parameters sent to Dashboard.
optHistograms_66_1_siL.root
crab_fjr_66.xml
CMSSW_66.stdout
CMSSW_66.stderr
Watchdog_66.log.gz
tar: .BrokerInfo: Cannot stat: No such file or directory
tar: Error exit delayed from previous errors
Total Output dimension: 30578
WARNING: output files size limit is set to: 50000000
Total Output dimension 30578 is fine.
JOB_EXIT_STATUS = 0
>>> info for dashboard:
***** Cat /home/cms030/home_crobe_102690812/CREAM102690812/glide_e11309/execute/dir_19741/jobreport.txt *****
MonitorJobID=66_https://submit-2.t2.ucsd.edu//121127//17529.65
MonitorID=liis_crab_0_121127_012714_evt312
JobExitCode=0
***** End Cat jobreport *****
Parameters sent to Dashboard.
optHistograms_66_1_siL.root
crab_fjr_66.xml
