This script was generated by crab (version 2.8.3).
Running /home/cms019/home_crobe_272320223/CREAM272320223/glide_D21008/execute/dir_24110/condor_exec.exe with 2 positional parameters: 82 1
Today is Tue Nov 27 02:10:41 EET 2012
Job submitted on host wn-v-2612.local
Linux wn-v-2612.local 2.6.32-042stab059.7 #1 SMP Tue Jul 24 19:12:01 MSK 2012 x86_64 x86_64 x86_64 GNU/Linux
>>> current directory (RUNTIME_AREA): /home/cms019/home_crobe_272320223/CREAM272320223/glide_D21008/execute/dir_24110
>>> current user: uid=11019(cms019) gid=1400(cms) groups=1400(cms)
>>> voms proxy information:
subject   : /DC=ch/DC=cern/OU=Organic Units/OU=Users/CN=liis/CN=663550/CN=Liis Rebane/CN=proxy/CN=limited proxy
issuer    : /DC=ch/DC=cern/OU=Organic Units/OU=Users/CN=liis/CN=663550/CN=Liis Rebane/CN=proxy
identity  : /DC=ch/DC=cern/OU=Organic Units/OU=Users/CN=liis/CN=663550/CN=Liis Rebane/CN=proxy
type      : limited proxy
strength  : 512 bits
path      : /home/cms019/home_crobe_272320223/CREAM272320223/glide_D21008/execute/dir_24110/x509up_u1000009
timeleft  : 23:59:45
key usage : Digital Signature, Key Encipherment, Data Encipherment
=== VO cms extension information ===
VO        : cms
subject   : /DC=ch/DC=cern/OU=Organic Units/OU=Users/CN=liis/CN=663550/CN=Liis Rebane
issuer    : /DC=ch/DC=cern/OU=computers/CN=lcg-voms.cern.ch
attribute : /cms/Role=NULL/Capability=NULL
timeleft  : 191:14:56
uri       : lcg-voms.cern.ch:15002
>>> tar xzf /home/cms019/home_crobe_272320223/CREAM272320223/glide_D21008/execute/dir_24110/default.tgz :
Successful untar
>>> Include /home/cms019/home_crobe_272320223/CREAM272320223/glide_D21008/execute/dir_24110 in PYTHONPATH:
strip arguments
env var CRAB_UNIQUE_JOB_ID set to: liis_crab_0_121127_012714_evt312_82_1_mSb
out_files_82
>>> list of expected files on output sandbox
output files: optHistograms_82_1_mSb.root crab_fjr_82.xml CMSSW_82.stdout CMSSW_82.stderr Watchdog_82.log.gz
>>> GridFlavour discovery: 
GridFlavour=LCG
>>> SyncSite discovery: 
SyncSite=T2_EE_Estonia
>>> SyncCE discovery: 
getting SyncCE from CE_ID
SyncCE=oberon.hep.kbfi.ee:8443/cream-pbs-long
>>> info for dashboard:
***** Cat /home/cms019/home_crobe_272320223/CREAM272320223/glide_D21008/execute/dir_24110/jobreport.txt *****
MonitorJobID=82_https://submit-2.t2.ucsd.edu//121127//17529.81
SyncGridJobId=https://submit-2.t2.ucsd.edu//121127//17529.81
MonitorID=liis_crab_0_121127_012714_evt312
GridFlavour=LCG
SyncSite=T2_EE_Estonia
SyncCE=oberon.hep.kbfi.ee:8443/cream-pbs-long
***** End Cat jobreport *****
Parameters sent to Dashboard.
>>> setup environment
set SCRAM ARCH to slc5_amd64_gcc462
SCRAM_ARCH = slc5_amd64_gcc462
>>> setup CMS LCG environment:
set SCRAM ARCH and BUILD_ARCH to slc5_amd64_gcc462 ###
Sourcing environment... 
sourcing /cvmfs/cms.cern.ch/cmsset_default.sh
==> setup cms environment ok
>>> specific cmssw setup environment:
CMSSW_VERSION =  CMSSW_5_3_5
>>> current directory (SOFTWARE_DIR): /home/cms019/home_crobe_272320223/CREAM272320223/glide_D21008/execute/dir_24110/CMSSW_5_3_5
PreserveSeeds: <>
IncrementSeeds:<>
{}
WNHostName=wn-v-2612.local
>>> info for dashboard:
***** Cat /home/cms019/home_crobe_272320223/CREAM272320223/glide_D21008/execute/dir_24110/jobreport.txt *****
MonitorJobID=82_https://submit-2.t2.ucsd.edu//121127//17529.81
MonitorID=liis_crab_0_121127_012714_evt312
WNHostName=wn-v-2612.local
***** End Cat jobreport *****
Parameters sent to Dashboard.
crabWatchdog started as process 31378
>>> moving CMSSW software directories in /home/cms019/home_crobe_272320223/CREAM272320223/glide_D21008/execute/dir_24110/CMSSW_5_3_5
mv: cannot stat `/home/cms019/home_crobe_272320223/CREAM272320223/glide_D21008/execute/dir_24110/module/': No such file or directory
>>> Include /home/cms019/home_crobe_272320223/CREAM272320223/glide_D21008/execute/dir_24110 in PYTHONPATH:
PYTHONPATH=/home/cms019/home_crobe_272320223/CREAM272320223/glide_D21008/execute/dir_24110/:/home/cms019/home_crobe_272320223/CREAM272320223/glide_D21008/execute/dir_24110/CMSSW_5_3_5/python:/home/cms019/home_crobe_272320223/CREAM272320223/glide_D21008/execute/dir_24110/CMSSW_5_3_5/lib/slc5_amd64_gcc462:/cvmfs/cms.cern.ch/slc5_amd64_gcc462/cms/cmssw/CMSSW_5_3_5/python:/cvmfs/cms.cern.ch/slc5_amd64_gcc462/cms/cmssw/CMSSW_5_3_5/lib/slc5_amd64_gcc462:/cvmfs/cms.cern.ch/slc5_amd64_gcc462/cms/coral/CORAL_2_3_21-cms27/slc5_amd64_gcc462/python:/cvmfs/cms.cern.ch/slc5_amd64_gcc462/cms/coral/CORAL_2_3_21-cms27/slc5_amd64_gcc462/lib:/cvmfs/cms.cern.ch/slc5_amd64_gcc462/external/pyqt/4.8.1/lib/python2.6/site-packages:/cvmfs/cms.cern.ch/slc5_amd64_gcc462/external/py2-scipy/0.8.0/lib/python2.6/site-packages:/cvmfs/cms.cern.ch/slc5_amd64_gcc462/external/py2-matplotlib/1.0.1/lib/python2.6/site-packages:/cvmfs/cms.cern.ch/slc5_amd64_gcc462/external/python-ldap/2.3.5/lib/python2.6/site-packages:/cvmfs/cms.cern.ch/slc5_amd64_gcc462/external/sip/4.11.2/lib/python2.6/site-packages:/cvmfs/cms.cern.ch/slc5_amd64_gcc462/external/py2-pycurl/7.19.0/lib/python2.6/site-packages:/cvmfs/cms.cern.ch/slc5_amd64_gcc462/external/py2-numpy/1.6.1/lib/python2.6/site-packages:/cvmfs/cms.cern.ch/slc5_amd64_gcc462/external/py2-ipython/0.10/lib/python2.6/site-packages:/cvmfs/cms.cern.ch/slc5_amd64_gcc462/external/py2-cx-oracle/5.1-cms11/lib/python2.6/site-packages:/cvmfs/cms.cern.ch/slc5_amd64_gcc462/external/py2-cjson/1.0.5/lib/python2.6/site-packages:/cvmfs/cms.cern.ch/slc5_amd64_gcc462/cms/das-client/1.4.1-cms8/bin:/cvmfs/cms.cern.ch/slc5_amd64_gcc462/external/elementtree/1.2.6/share/lib/python2.6/site-packages:/cvmfs/cms.cern.ch/slc5_amd64_gcc462/external/rivet/1.5.1-cms10/lib/python2.6/site-packages:/cvmfs/cms.cern.ch/slc5_amd64_gcc462/external/pyminuit2/0.0.1-cms34/lib/python2.6/site-packages:/cvmfs/cms.cern.ch/slc5_amd64_gcc462/external/professor/1.0.0-cms35/lib/python2.6/site-packages:/cvmfs/cms.cern.ch/slc5_amd64_gcc462/lcg/root/5.32.00-cms18/lib:/cvmfs/cms.cern.ch/slc5_amd64_gcc462/cms/dbs-client/DBS_2_1_1_patch1_1/lib:/cvmfs/cms.cern.ch/slc5_amd64_gcc462/cms/dbs-client/DBS_2_1_1_patch1_1/lib/DBSAPI:/home/cms019/home_crobe_272320223/CREAM272320223/glide_D21008/execute/dir_24110/
241a2a19cb7c5c8751ba22759ab3bdb0
PSETHASH = 241a2a19cb7c5c8751ba22759ab3bdb0
/home/cms019/home_crobe_272320223/CREAM272320223/glide_D21008/execute/dir_24110/writeCfg.py pset.py pset.py
Importing .py file
Setting parameters
inputBlocks=/QCD_Pt_250_350_EMEnriched_TuneZ2star_8TeV_pythia6/mario-Summer12-stop-pfele-step1-3d176ac8da5e9dff208d057f4733ca91/USER#89723d11-1f9b-42cd-94f4-feb0ac97b54e
inputFiles=/store/user/mario/QCD_Pt_250_350_EMEnriched_TuneZ2star_8TeV_pythia6/Summer12-stop-pfele-step1/3d176ac8da5e9dff208d057f4733ca91/tuple_62_7_k1c.root;/store/user/mario/QCD_Pt_250_350_EMEnriched_TuneZ2star_8TeV_pythia6/Summer12-stop-pfele-step1/3d176ac8da5e9dff208d057f4733ca91/tuple_64_11_1RQ.root;/store/user/mario/QCD_Pt_250_350_EMEnriched_TuneZ2star_8TeV_pythia6/Summer12-stop-pfele-step1/3d176ac8da5e9dff208d057f4733ca91/tuple_114_9_ok9.root;/store/user/mario/QCD_Pt_250_350_EMEnriched_TuneZ2star_8TeV_pythia6/Summer12-stop-pfele-step1/3d176ac8da5e9dff208d057f4733ca91/tuple_135_6_mbs.root;/store/user/mario/QCD_Pt_250_350_EMEnriched_TuneZ2star_8TeV_pythia6/Summer12-stop-pfele-step1/3d176ac8da5e9dff208d057f4733ca91/tuple_161_8_jME.root
parentFiles=
lumisRange=
>>> Executable cmsRun
/cvmfs/cms.cern.ch/slc5_amd64_gcc462/cms/cmssw/CMSSW_5_3_5/bin/slc5_amd64_gcc462/cmsRun
ok executable found
>>> info for dashboard:
***** Cat /home/cms019/home_crobe_272320223/CREAM272320223/glide_D21008/execute/dir_24110/jobreport.txt *****
MonitorJobID=82_https://submit-2.t2.ucsd.edu//121127//17529.81
MonitorID=liis_crab_0_121127_012714_evt312
ExeStart=cmsRun
***** End Cat jobreport *****
Parameters sent to Dashboard.
>>> cmsRun started at Tue Nov 27 00:11:16 UTC 2012
>>> cmsRun ended at Tue Nov 27 00:23:38 UTC 2012
>>> info for dashboard:
***** Cat /home/cms019/home_crobe_272320223/CREAM272320223/glide_D21008/execute/dir_24110/jobreport.txt *****
MonitorJobID=82_https://submit-2.t2.ucsd.edu//121127//17529.81
MonitorID=liis_crab_0_121127_012714_evt312
ExeEnd=cmsRun
***** End Cat jobreport *****
Parameters sent to Dashboard.
TIME_EXE = 742 sec
>>> cmsRun wrote 146 lines of stdout+stderr
>>> START OF printout of 146 lines from stdout+stderr
27-Nov-2012 02:11:33 EET  Initiating request to open file file:/hdfs/cms/store/user/mario/QCD_Pt_250_350_EMEnriched_TuneZ2star_8TeV_pythia6/Summer12-stop-pfele-step1/3d176ac8da5e9dff208d057f4733ca91/tuple_62_7_k1c.root
27-Nov-2012 02:11:43 EET  Successfully opened file file:/hdfs/cms/store/user/mario/QCD_Pt_250_350_EMEnriched_TuneZ2star_8TeV_pythia6/Summer12-stop-pfele-step1/3d176ac8da5e9dff208d057f4733ca91/tuple_62_7_k1c.root
Begin processing the 1st record. Run 1, Event 222200097, LumiSection 60645 at 27-Nov-2012 02:12:08.876 EET
Begin processing the 1001st record. Run 1, Event 225630901, LumiSection 61581 at 27-Nov-2012 02:12:19.691 EET
Begin processing the 2001st record. Run 1, Event 226482298, LumiSection 61813 at 27-Nov-2012 02:12:26.230 EET
Begin processing the 3001st record. Run 1, Event 6638825, LumiSection 1812 at 27-Nov-2012 02:12:30.486 EET
Begin processing the 4001st record. Run 1, Event 26066778, LumiSection 7115 at 27-Nov-2012 02:12:36.743 EET
Begin processing the 5001st record. Run 1, Event 38984035, LumiSection 10640 at 27-Nov-2012 02:12:40.709 EET
Begin processing the 6001st record. Run 1, Event 160602145, LumiSection 43833 at 27-Nov-2012 02:12:46.898 EET
Begin processing the 7001st record. Run 1, Event 173115608, LumiSection 47248 at 27-Nov-2012 02:12:50.497 EET
Begin processing the 8001st record. Run 1, Event 195822365, LumiSection 53445 at 27-Nov-2012 02:12:57.180 EET
Begin processing the 9001st record. Run 1, Event 205471137, LumiSection 56079 at 27-Nov-2012 02:13:00.771 EET
Begin processing the 10001st record. Run 1, Event 215910033, LumiSection 58928 at 27-Nov-2012 02:13:06.786 EET
Begin processing the 11001st record. Run 1, Event 217735402, LumiSection 59426 at 27-Nov-2012 02:13:11.622 EET
Begin processing the 12001st record. Run 1, Event 221598099, LumiSection 60480 at 27-Nov-2012 02:13:18.939 EET
Begin processing the 13001st record. Run 1, Event 235016400, LumiSection 64143 at 27-Nov-2012 02:13:25.621 EET
Begin processing the 14001st record. Run 1, Event 260695748, LumiSection 71151 at 27-Nov-2012 02:13:29.818 EET
Begin processing the 15001st record. Run 1, Event 92531161, LumiSection 25255 at 27-Nov-2012 02:13:34.414 EET
Begin processing the 16001st record. Run 1, Event 130303578, LumiSection 35564 at 27-Nov-2012 02:13:38.414 EET
Begin processing the 17001st record. Run 1, Event 139951232, LumiSection 38197 at 27-Nov-2012 02:13:43.557 EET
Begin processing the 18001st record. Run 1, Event 231145470, LumiSection 63086 at 27-Nov-2012 02:13:47.217 EET
Begin processing the 19001st record. Run 1, Event 236892294, LumiSection 64655 at 27-Nov-2012 02:13:53.789 EET
Begin processing the 20001st record. Run 1, Event 260043009, LumiSection 70973 at 27-Nov-2012 02:13:58.602 EET
Begin processing the 21001st record. Run 1, Event 227955258, LumiSection 62215 at 27-Nov-2012 02:14:07.391 EET
Begin processing the 22001st record. Run 1, Event 228811593, LumiSection 62449 at 27-Nov-2012 02:14:11.255 EET
Begin processing the 23001st record. Run 1, Event 230732028, LumiSection 62973 at 27-Nov-2012 02:14:16.120 EET
27-Nov-2012 02:14:16 EET  Closed file file:/hdfs/cms/store/user/mario/QCD_Pt_250_350_EMEnriched_TuneZ2star_8TeV_pythia6/Summer12-stop-pfele-step1/3d176ac8da5e9dff208d057f4733ca91/tuple_62_7_k1c.root
27-Nov-2012 02:14:17 EET  Initiating request to open file file:/hdfs/cms/store/user/mario/QCD_Pt_250_350_EMEnriched_TuneZ2star_8TeV_pythia6/Summer12-stop-pfele-step1/3d176ac8da5e9dff208d057f4733ca91/tuple_64_11_1RQ.root
27-Nov-2012 02:14:17 EET  Successfully opened file file:/hdfs/cms/store/user/mario/QCD_Pt_250_350_EMEnriched_TuneZ2star_8TeV_pythia6/Summer12-stop-pfele-step1/3d176ac8da5e9dff208d057f4733ca91/tuple_64_11_1RQ.root
Begin processing the 24001st record. Run 1, Event 160042264, LumiSection 43680 at 27-Nov-2012 02:14:38.091 EET
Begin processing the 25001st record. Run 1, Event 28146924, LumiSection 7683 at 27-Nov-2012 02:14:42.045 EET
Begin processing the 26001st record. Run 1, Event 33392877, LumiSection 9114 at 27-Nov-2012 02:14:49.370 EET
Begin processing the 27001st record. Run 1, Event 165947307, LumiSection 45292 at 27-Nov-2012 02:14:55.564 EET
Begin processing the 28001st record. Run 1, Event 55799686, LumiSection 15230 at 27-Nov-2012 02:14:59.626 EET
Begin processing the 29001st record. Run 1, Event 100160749, LumiSection 27337 at 27-Nov-2012 02:15:06.447 EET
Begin processing the 30001st record. Run 1, Event 23991452, LumiSection 6548 at 27-Nov-2012 02:15:10.820 EET
Begin processing the 31001st record. Run 1, Event 27532685, LumiSection 7515 at 27-Nov-2012 02:15:20.119 EET
Begin processing the 32001st record. Run 1, Event 175138191, LumiSection 47800 at 27-Nov-2012 02:15:24.497 EET
Begin processing the 33001st record. Run 1, Event 179832281, LumiSection 49081 at 27-Nov-2012 02:15:30.336 EET
Begin processing the 34001st record. Run 1, Event 197139457, LumiSection 53805 at 27-Nov-2012 02:15:35.237 EET
Begin processing the 35001st record. Run 1, Event 233618132, LumiSection 63761 at 27-Nov-2012 02:15:40.314 EET
Begin processing the 36001st record. Run 1, Event 192032755, LumiSection 52411 at 27-Nov-2012 02:15:45.186 EET
Begin processing the 37001st record. Run 1, Event 207401658, LumiSection 56606 at 27-Nov-2012 02:15:49.829 EET
Begin processing the 38001st record. Run 1, Event 229062455, LumiSection 62518 at 27-Nov-2012 02:15:55.842 EET
Begin processing the 39001st record. Run 1, Event 236706963, LumiSection 64604 at 27-Nov-2012 02:15:59.816 EET
Begin processing the 40001st record. Run 1, Event 259384318, LumiSection 70793 at 27-Nov-2012 02:16:05.427 EET
Begin processing the 41001st record. Run 1, Event 259256889, LumiSection 70758 at 27-Nov-2012 02:16:09.633 EET
Begin processing the 42001st record. Run 1, Event 237124224, LumiSection 64718 at 27-Nov-2012 02:16:17.277 EET
Begin processing the 43001st record. Run 1, Event 260014058, LumiSection 70965 at 27-Nov-2012 02:16:21.464 EET
Begin processing the 44001st record. Run 1, Event 49335528, LumiSection 13465 at 27-Nov-2012 02:16:27.374 EET
Begin processing the 45001st record. Run 1, Event 67919365, LumiSection 18537 at 27-Nov-2012 02:16:32.031 EET
Begin processing the 46001st record. Run 1, Event 110797622, LumiSection 30240 at 27-Nov-2012 02:16:37.250 EET
Begin processing the 47001st record. Run 1, Event 117962293, LumiSection 32195 at 27-Nov-2012 02:16:43.704 EET
Begin processing the 48001st record. Run 1, Event 256928954, LumiSection 70123 at 27-Nov-2012 02:16:47.896 EET
Begin processing the 49001st record. Run 1, Event 59378032, LumiSection 16206 at 27-Nov-2012 02:16:51.968 EET
27-Nov-2012 02:16:52 EET  Closed file file:/hdfs/cms/store/user/mario/QCD_Pt_250_350_EMEnriched_TuneZ2star_8TeV_pythia6/Summer12-stop-pfele-step1/3d176ac8da5e9dff208d057f4733ca91/tuple_64_11_1RQ.root
27-Nov-2012 02:16:53 EET  Initiating request to open file file:/hdfs/cms/store/user/mario/QCD_Pt_250_350_EMEnriched_TuneZ2star_8TeV_pythia6/Summer12-stop-pfele-step1/3d176ac8da5e9dff208d057f4733ca91/tuple_114_9_ok9.root
27-Nov-2012 02:16:53 EET  Successfully opened file file:/hdfs/cms/store/user/mario/QCD_Pt_250_350_EMEnriched_TuneZ2star_8TeV_pythia6/Summer12-stop-pfele-step1/3d176ac8da5e9dff208d057f4733ca91/tuple_114_9_ok9.root
Begin processing the 50001st record. Run 1, Event 164086431, LumiSection 44784 at 27-Nov-2012 02:17:29.870 EET
Begin processing the 51001st record. Run 1, Event 112232923, LumiSection 30632 at 27-Nov-2012 02:17:36.006 EET
Begin processing the 52001st record. Run 1, Event 123311440, LumiSection 33655 at 27-Nov-2012 02:17:41.372 EET
Begin processing the 53001st record. Run 1, Event 247058302, LumiSection 67429 at 27-Nov-2012 02:17:46.822 EET
Begin processing the 54001st record. Run 1, Event 91772627, LumiSection 25048 at 27-Nov-2012 02:17:52.192 EET
Begin processing the 55001st record. Run 1, Event 115309072, LumiSection 31471 at 27-Nov-2012 02:17:59.425 EET
Begin processing the 56001st record. Run 1, Event 178940055, LumiSection 48838 at 27-Nov-2012 02:18:03.865 EET
Begin processing the 57001st record. Run 1, Event 184144638, LumiSection 50258 at 27-Nov-2012 02:18:10.115 EET
Begin processing the 58001st record. Run 1, Event 55753277, LumiSection 15217 at 27-Nov-2012 02:18:14.259 EET
Begin processing the 59001st record. Run 1, Event 50434675, LumiSection 13765 at 27-Nov-2012 02:18:19.325 EET
Begin processing the 60001st record. Run 1, Event 54319368, LumiSection 14826 at 27-Nov-2012 02:18:23.588 EET
Begin processing the 61001st record. Run 1, Event 55456628, LumiSection 15136 at 27-Nov-2012 02:18:29.424 EET
Begin processing the 62001st record. Run 1, Event 58671589, LumiSection 16013 at 27-Nov-2012 02:18:35.095 EET
Begin processing the 63001st record. Run 1, Event 67621204, LumiSection 18456 at 27-Nov-2012 02:18:39.464 EET
Begin processing the 64001st record. Run 1, Event 84231547, LumiSection 22989 at 27-Nov-2012 02:18:47.276 EET
Begin processing the 65001st record. Run 1, Event 74201435, LumiSection 20252 at 27-Nov-2012 02:18:51.349 EET
Begin processing the 66001st record. Run 1, Event 85695750, LumiSection 23389 at 27-Nov-2012 02:18:57.295 EET
Begin processing the 67001st record. Run 1, Event 109460078, LumiSection 29875 at 27-Nov-2012 02:19:01.428 EET
Begin processing the 68001st record. Run 1, Event 112217100, LumiSection 30627 at 27-Nov-2012 02:19:08.545 EET
Begin processing the 69001st record. Run 1, Event 170506091, LumiSection 46536 at 27-Nov-2012 02:19:14.016 EET
Begin processing the 70001st record. Run 1, Event 164708566, LumiSection 44954 at 27-Nov-2012 02:19:20.598 EET
Begin processing the 71001st record. Run 1, Event 184019963, LumiSection 50224 at 27-Nov-2012 02:19:25.093 EET
Begin processing the 72001st record. Run 1, Event 50090384, LumiSection 13671 at 27-Nov-2012 02:19:32.486 EET
Begin processing the 73001st record. Run 1, Event 52261807, LumiSection 14264 at 27-Nov-2012 02:19:37.544 EET
Begin processing the 74001st record. Run 1, Event 54245356, LumiSection 14805 at 27-Nov-2012 02:19:41.535 EET
Begin processing the 75001st record. Run 1, Event 59712783, LumiSection 16298 at 27-Nov-2012 02:19:46.235 EET
27-Nov-2012 02:19:47 EET  Closed file file:/hdfs/cms/store/user/mario/QCD_Pt_250_350_EMEnriched_TuneZ2star_8TeV_pythia6/Summer12-stop-pfele-step1/3d176ac8da5e9dff208d057f4733ca91/tuple_114_9_ok9.root
27-Nov-2012 02:19:47 EET  Initiating request to open file file:/hdfs/cms/store/user/mario/QCD_Pt_250_350_EMEnriched_TuneZ2star_8TeV_pythia6/Summer12-stop-pfele-step1/3d176ac8da5e9dff208d057f4733ca91/tuple_135_6_mbs.root
27-Nov-2012 02:19:47 EET  Successfully opened file file:/hdfs/cms/store/user/mario/QCD_Pt_250_350_EMEnriched_TuneZ2star_8TeV_pythia6/Summer12-stop-pfele-step1/3d176ac8da5e9dff208d057f4733ca91/tuple_135_6_mbs.root
Begin processing the 76001st record. Run 1, Event 246440129, LumiSection 67260 at 27-Nov-2012 02:20:12.041 EET
Begin processing the 77001st record. Run 1, Event 249665456, LumiSection 68141 at 27-Nov-2012 02:20:16.639 EET
Begin processing the 78001st record. Run 1, Event 264717554, LumiSection 72249 at 27-Nov-2012 02:20:23.069 EET
Begin processing the 79001st record. Run 1, Event 78538058, LumiSection 21436 at 27-Nov-2012 02:20:29.768 EET
Begin processing the 80001st record. Run 1, Event 88621693, LumiSection 24188 at 27-Nov-2012 02:20:33.548 EET
Begin processing the 81001st record. Run 1, Event 92755761, LumiSection 25316 at 27-Nov-2012 02:20:39.700 EET
Begin processing the 82001st record. Run 1, Event 120141798, LumiSection 32790 at 27-Nov-2012 02:20:43.011 EET
Begin processing the 83001st record. Run 1, Event 14289602, LumiSection 3901 at 27-Nov-2012 02:20:50.000 EET
Begin processing the 84001st record. Run 1, Event 13427290, LumiSection 3665 at 27-Nov-2012 02:20:54.724 EET
Begin processing the 85001st record. Run 1, Event 16854347, LumiSection 4600 at 27-Nov-2012 02:20:59.840 EET
Begin processing the 86001st record. Run 1, Event 136804262, LumiSection 37338 at 27-Nov-2012 02:21:03.575 EET
Begin processing the 87001st record. Run 1, Event 160928403, LumiSection 43922 at 27-Nov-2012 02:21:09.312 EET
Begin processing the 88001st record. Run 1, Event 147310747, LumiSection 40205 at 27-Nov-2012 02:21:16.736 EET
Begin processing the 89001st record. Run 1, Event 171268662, LumiSection 46744 at 27-Nov-2012 02:21:21.101 EET
Begin processing the 90001st record. Run 1, Event 178238524, LumiSection 48646 at 27-Nov-2012 02:21:26.427 EET
Begin processing the 91001st record. Run 1, Event 199254740, LumiSection 54382 at 27-Nov-2012 02:21:29.869 EET
Begin processing the 92001st record. Run 1, Event 242130874, LumiSection 66084 at 27-Nov-2012 02:21:36.182 EET
Begin processing the 93001st record. Run 1, Event 98355971, LumiSection 26844 at 27-Nov-2012 02:21:40.837 EET
Begin processing the 94001st record. Run 1, Event 98620207, LumiSection 26916 at 27-Nov-2012 02:21:48.003 EET
Begin processing the 95001st record. Run 1, Event 109064291, LumiSection 29767 at 27-Nov-2012 02:21:52.846 EET
Begin processing the 96001st record. Run 1, Event 246447768, LumiSection 67262 at 27-Nov-2012 02:21:56.756 EET
Begin processing the 97001st record. Run 1, Event 250195026, LumiSection 68285 at 27-Nov-2012 02:22:02.242 EET
Begin processing the 98001st record. Run 1, Event 255161239, LumiSection 69641 at 27-Nov-2012 02:22:06.150 EET
Begin processing the 99001st record. Run 1, Event 262644338, LumiSection 71683 at 27-Nov-2012 02:22:13.339 EET
Begin processing the 100001st record. Run 1, Event 104544214, LumiSection 28533 at 27-Nov-2012 02:22:19.053 EET
Begin processing the 101001st record. Run 1, Event 57618581, LumiSection 15726 at 27-Nov-2012 02:22:26.621 EET
27-Nov-2012 02:22:28 EET  Closed file file:/hdfs/cms/store/user/mario/QCD_Pt_250_350_EMEnriched_TuneZ2star_8TeV_pythia6/Summer12-stop-pfele-step1/3d176ac8da5e9dff208d057f4733ca91/tuple_135_6_mbs.root
27-Nov-2012 02:22:28 EET  Initiating request to open file file:/hdfs/cms/store/user/mario/QCD_Pt_250_350_EMEnriched_TuneZ2star_8TeV_pythia6/Summer12-stop-pfele-step1/3d176ac8da5e9dff208d057f4733ca91/tuple_161_8_jME.root
27-Nov-2012 02:22:28 EET  Successfully opened file file:/hdfs/cms/store/user/mario/QCD_Pt_250_350_EMEnriched_TuneZ2star_8TeV_pythia6/Summer12-stop-pfele-step1/3d176ac8da5e9dff208d057f4733ca91/tuple_161_8_jME.root
Begin processing the 102001st record. Run 1, Event 77111921, LumiSection 21046 at 27-Nov-2012 02:22:47.143 EET
Begin processing the 103001st record. Run 1, Event 114627138, LumiSection 31285 at 27-Nov-2012 02:22:51.430 EET
Begin processing the 104001st record. Run 1, Event 148640439, LumiSection 40568 at 27-Nov-2012 02:22:56.175 EET
Begin processing the 105001st record. Run 1, Event 12562682, LumiSection 3429 at 27-Nov-2012 02:23:02.029 EET
Begin processing the 106001st record. Run 1, Event 19446090, LumiSection 5308 at 27-Nov-2012 02:23:05.477 EET
Begin processing the 107001st record. Run 1, Event 52005087, LumiSection 14194 at 27-Nov-2012 02:23:09.952 EET
Begin processing the 108001st record. Run 1, Event 43831189, LumiSection 11963 at 27-Nov-2012 02:23:13.532 EET
Begin processing the 109001st record. Run 1, Event 65325793, LumiSection 17830 at 27-Nov-2012 02:23:18.023 EET
Begin processing the 110001st record. Run 1, Event 69217763, LumiSection 18892 at 27-Nov-2012 02:23:22.167 EET
Begin processing the 111001st record. Run 1, Event 102514143, LumiSection 27979 at 27-Nov-2012 02:23:28.647 EET
Begin processing the 112001st record. Run 1, Event 13318687, LumiSection 3636 at 27-Nov-2012 02:23:33.871 EET
27-Nov-2012 02:23:36 EET  Closed file file:/hdfs/cms/store/user/mario/QCD_Pt_250_350_EMEnriched_TuneZ2star_8TeV_pythia6/Summer12-stop-pfele-step1/3d176ac8da5e9dff208d057f4733ca91/tuple_161_8_jME.root

=============================================

MessageLogger Summary

 type     category        sev    module        subroutine        count    total
 ---- -------------------- -- ---------------- ----------------  -----    -----
    1 fileAction           -s file_close                             5        5
    2 fileAction           -s file_open                             10       10

 type    category    Examples: run/evt        run/evt          run/evt
 ---- -------------------- ---------------- ---------------- ----------------
    1 fileAction           PostProcessEvent PostProcessEvent PostEndRun
    2 fileAction           pre-events       pre-events       PostProcessEvent

Severity    # Occurrences   Total Occurrences
--------    -------------   -----------------
System                 15                  15
>>> END OF printout of 146 lines from stdout+stderr
>>> Parse FrameworkJobReport crab_fjr.xml
Result of parsing the FrameworkJobReport crab_fjr.xml: Popularity start
lumisRange : 1::12652,13499,13560,13570,13575,13582,13585,13594,13597,13599,13670-13671,13735,13750-13751,13758,13765,13778,13789,13794,14264,14306,14349,14691,14700,14705,14711,14801,14804-14805,14810,14812-14813,14826,14830-14831,14833,14988,14990,14996,15001,15006,15009,15014,15017,15022,15136,15217,15274,15334,15354,15510,16013,16027,16251,16298,16505,16751,17278,17321,18145,18432,18437,18440,18445,18449,18456,18791,18961,19163,19350-19351,19564,19710,19903,20252,20255,21642,22989,23068,23222,23389,23414,23474,24995,25048,25068,25242,25515,26427,26500,27512,27557,27612,28318,28535,28849,28954,29444,29631,29633,29875,30501,30598,30627,30632-30633,30673,31230,31238,31242,31464,31469-31471,32350,32449,32525,32698,33405,33655,33889,34706,34836,34956,35563,37893,39094,39098,39719,40277,43799,44374,44483,44784,44794,44831,44954,44956,45050,45158,45701,46289,46356,46456,46536,46903,47389,47503,48382,48606,48838,49246,49975,50224,50230,50255-50256,50258,50879,51624,53659,57049,57358,66616,67429,67517,69379,69494,70591::1;1::205,352,1587,1918,2536,2630,2748,3137,3429,3451,3636,4405,4598,5308,7090,8427,9315-9316,9689,9698,10158,10496,10571,11035,11883,11963,14194,14636,15656,15710,15879,17818,17823,17825,17829-17831,18112,18136,18191,18235,18661,18892,19218,21046,21049,21372,23204,23274,23958,27786,27792,27979,28223,28546,28548,28781,29915,31178,31285,31971,34074,38573,40402,40568,42941,43458,45935,55072,61032,71404,71847::2;1::109,111,4394,4875,5004,5782,6033,6256,6548,6573,6822,7492,7512,7515,7683,7707,8156,8164,8188,8194,9072,9110,9114,9127,9523,10301,10494,10756,11183,11377,11483,11515,11549,11609,11686,11699,12026,12770,12847,12906,12971,13036,13140,13382,13465,14001,14008,14027,14040,14044,14061,14065,14307,14886,15230-15231,16195,16206,17176,17215,17218,18537,19077,20891,25317,25569,27337,30240,30602,30612,30645,31352,32195,38341,41884,42948,43138,43476,43677,43680,43718,43737,44749,45235,45292,45415,46133,46534,47794,47800,47997,48263,48584,48751,48834,49081,49442,49552,49763,49972,50102,50423,52070,52411,52530,53488,53623,53805,55806,55885,55915,55961,56606,56610,56712,57347,57746,58007,58326,59061,59179,61481,61882,62518,63312-63313,63496,63709,63738,63759,63761,63805,64125,64604,64705,64718,64731,64733,64752,64930,66328,66330,67426,67890,68324,69362,69690,69779,69810,70123,70293,70301,70449,70725-70726,70753,70756,70758,70771,70793,70855,70955,70965,71043,71344,71418,71433,72641::3;1::82,528,533,1242,1866,1904,3310,3639,3646,3657,3665,3901,3923,3947,3960,4094,4150,4172,4600,4608,4788,4828,4847,4993,5002,5321,5350,5353,6876,14231,15641,15726,17843,20540,20579,21081,21196,21428,21436,21472,21482,21710,21727,22005,24162,24188,25233,25243,25274,25294,25299,25316,25563,26552,26598,26602,26763,26766,26777,26791,26819,26844,26886,26906,26912,26916,26975,28094,28187,28533,28903,29296,29767,29837,30153,30183,31702,32479,32790,36957,36960,37012,37078,37269,37278,37327,37338,37491,38161,38165,38169,38287,38290,38345,38988,38990,40056,40205,41383,41604,43922,44503,44958,45675,45741,46195,46553,46557,46744,46771,46845,46921,47977,48646,48936,49023,49449,53706,54152,54154,54382,54434,54455,54756,54817,61502,66084,67242,67244,67260-67262,67266,67326,67853,67906,67939-67940,67983,68000,68042,68141,68277-68278,68285,68308,68395,68488,68634,68637,68764-68765,69026,69639,69641,69700,69832,70345,70452,70837,71040,71215,71271,71683,72249,72525,72587,72617::4;1::489,654,1768,1808,1812,1988,4337,5651,5727,5925,6431,7115,8166,9360,10570,10639-10640,11534,12076,13705,19212,22668,22972,23906,24091,25255,25946,31581,33218,34048,34058,35564,36927,37388,37463,37675,38170,38197,40708,40790,41547,43833,44283,44822,44936,45452,45917,46243,47248,47528,48828,48915,50450,50524,53382,53445,55531,55543,55572,55576,55930,55932,56079,56285,57263,58547,58580,58675,58692,58696,58928,58974,59051,59287,59290,59386,59426,59488,59553,59598,59818,60147,60480,60645,60720,60817,61037,61138,61148,61581,61618,61653,61672-61673,61813-61814,62170,62173,62215,62298,62311,62335,62392-62393,62395,62427,62449,62524,62558,62584,62586,62637,62771,62844,62870,62969,62973,63007,63067,63085-63086,63119,63126,63213,63258,63316,63365,63526,63562,63589,63675,64143-64144,64655,64741,64878,65095,65187,65459,65569,66813,66839,69459,69923,70823,70973,71096,71151,71857::5;
lumisParentRange : 
Basename : /store/user/mario/QCD_Pt_250_350_EMEnriched_TuneZ2star_8TeV_pythia6/Summer12-stop-pfele-step1/3d176ac8da5e9dff208d057f4733ca91/tuple_
BasenameParent : 
parentFiles : 
inputBlocks : /QCD_Pt_250_350_EMEnriched_TuneZ2star_8TeV_pythia6/mario-Summer12-stop-pfele-step1-3d176ac8da5e9dff208d057f4733ca91/USER#89723d11-1f9b-42cd-94f4-feb0ac97b54e
inputFiles : 114_9_ok9.root::1::EDM::Local::1;161_8_jME.root::1::EDM::Local::2;64_11_1RQ.root::1::EDM::Local::3;135_6_mbs.root::1::EDM::Local::4;62_7_k1c.root::1::EDM::Local::5;
Popularity stop
Extracted ExitStatus from FrameworkJobReport parsing output: 0
>>> Executable succeded  0
ExeExitCode=0
EXECUTABLE_EXIT_STATUS = 0
>>> current directory /home/cms019/home_crobe_272320223/CREAM272320223/glide_D21008/execute/dir_24110/CMSSW_5_3_5
>>>  (SOFTWARE_DIR): /home/cms019/home_crobe_272320223/CREAM272320223/glide_D21008/execute/dir_24110/CMSSW_5_3_5
>>> (WORKING_DIR): 
>>> current directory content:
total 160
drwxr-xr-x 3 cms019 cms  4096 Nov 27 02:10 .SCRAM
-rw-r--r-- 1 cms019 cms 30066 Nov 27 02:10 CMSSW.py.pkl
drwxr-xr-x 3 cms019 cms  4096 Nov 27 02:10 bin
drwxr-xr-x 3 cms019 cms  4096 Nov 27 02:10 cfipython
drwxr-xr-x 5 cms019 cms  4096 Nov 27 02:10 config
-rw-r--r-- 1 cms019 cms    17 Nov 27 02:23 cpu_timing.txt
drwxr-xr-x 2 cms019 cms  4096 Nov 27 02:10 doc
-rw-r--r-- 1 cms019 cms 16479 Nov 27 02:23 executable.out
drwxr-xr-x 2 cms019 cms  4096 Nov 27 02:10 include
drwxrwxrwx 3 cms019 cms  4096 Oct 22 16:38 lib
drwxr-xr-x 3 cms019 cms  4096 Nov 27 02:10 logs
drwxr-xr-x 3 cms019 cms  4096 Nov 27 02:10 objs
-rw-r--r-- 1 cms019 cms 17994 Nov 27 02:23 optHistograms.root
-rw-r--r-- 1 cms019 cms   104 Nov 27 02:11 pset.py
-rw-r--r-- 1 cms019 cms 19490 Nov 27 02:11 pset.py.pkl
-rw-r--r-- 1 cms019 cms   289 Nov 27 02:11 pset.pyc
drwxr-xr-x 2 cms019 cms  4096 Nov 27 02:10 python
-rw-r--r-- 1 cms019 cms   420 Nov 27 02:23 report.log
drwxrwxrwx 4 cms019 cms  4096 Nov 27 02:10 src
drwxr-xr-x 3 cms019 cms  4096 Nov 27 02:10 test
drwxr-xr-x 3 cms019 cms  4096 Nov 27 02:10 tmp
>>> current directory /home/cms019/home_crobe_272320223/CREAM272320223/glide_D21008/execute/dir_24110/CMSSW_5_3_5
>>> (SOFTWARE_DIR): /home/cms019/home_crobe_272320223/CREAM272320223/glide_D21008/execute/dir_24110/CMSSW_5_3_5
>>> (WORKING_DIR): 
>>> current directory content:
total 140
drwxr-xr-x 3 cms019 cms  4096 Nov 27 02:10 .SCRAM
-rw-r--r-- 1 cms019 cms 30066 Nov 27 02:10 CMSSW.py.pkl
drwxr-xr-x 3 cms019 cms  4096 Nov 27 02:10 bin
drwxr-xr-x 3 cms019 cms  4096 Nov 27 02:10 cfipython
drwxr-xr-x 5 cms019 cms  4096 Nov 27 02:10 config
-rw-r--r-- 1 cms019 cms    17 Nov 27 02:23 cpu_timing.txt
drwxr-xr-x 2 cms019 cms  4096 Nov 27 02:10 doc
-rw-r--r-- 1 cms019 cms 16479 Nov 27 02:23 executable.out
drwxr-xr-x 2 cms019 cms  4096 Nov 27 02:10 include
drwxrwxrwx 3 cms019 cms  4096 Oct 22 16:38 lib
drwxr-xr-x 3 cms019 cms  4096 Nov 27 02:10 logs
drwxr-xr-x 3 cms019 cms  4096 Nov 27 02:10 objs
-rw-r--r-- 1 cms019 cms   104 Nov 27 02:11 pset.py
-rw-r--r-- 1 cms019 cms 19490 Nov 27 02:11 pset.py.pkl
-rw-r--r-- 1 cms019 cms   289 Nov 27 02:11 pset.pyc
drwxr-xr-x 2 cms019 cms  4096 Nov 27 02:10 python
-rw-r--r-- 1 cms019 cms   420 Nov 27 02:23 report.log
drwxrwxrwx 4 cms019 cms  4096 Nov 27 02:10 src
drwxr-xr-x 3 cms019 cms  4096 Nov 27 02:10 test
drwxr-xr-x 3 cms019 cms  4096 Nov 27 02:10 tmp
>>> current directory (RUNTIME_AREA):  /home/cms019/home_crobe_272320223/CREAM272320223/glide_D21008/execute/dir_24110
>>> current dir: /home/cms019/home_crobe_272320223/CREAM272320223/glide_D21008/execute/dir_24110
>>> current dir content:
total 25804
-rw-rw-rw-  1 cms019 cms     5581 Nov 27 02:10 .job.ad
-rw-rw-rw-  1 cms019 cms    11242 Nov 27 02:10 .machine.ad
-rw-rw-rw-  1 cms019 cms      105 Nov 27 01:27 CMSSW.py
-rw-rw-rw-  1 cms019 cms    30066 Nov 27 01:27 CMSSW.py.pkl
-rwxrw-rw-  1 cms019 cms    23341 Nov 27 02:10 CMSSW.sh
drwxr-xr-x 15 cms019 cms     4096 Nov 27 02:23 CMSSW_5_3_5
-rw-rw-rw-  1 cms019 cms        0 Nov 27 02:10 CMSSW_82.stderr
-rw-rw-rw-  1 cms019 cms    32808 Nov 27 02:23 CMSSW_82.stdout
-rw-r--r--  1 cms019 cms      347 Nov 27 02:10 CacheEnv.sh
-rw-rw-rw-  1 cms019 cms     7291 Jun  9  2010 DashboardAPI.py
-rw-r--r--  1 cms019 cms     6883 Nov 27 02:10 DashboardAPI.pyc
drwxrwxrwx  3 cms019 cms     4096 Nov 27 02:23 IMProv
-rw-rw-rw-  1 cms019 cms     2748 Mar  8  2006 Logger.py
-rw-r--r--  1 cms019 cms     3353 Nov 27 02:10 Logger.pyc
-rw-rw-rw-  1 cms019 cms    24524 Mar 28  2008 ProcInfo.py
-rw-r--r--  1 cms019 cms    23470 Nov 27 02:10 ProcInfo.pyc
drwxrwxrwx  7 cms019 cms     4096 Nov 27 02:11 ProdCommon
drwxrwxrwx  3 cms019 cms     4096 Nov 27 02:10 WMCore
-rw-r--r--  1 cms019 cms     3066 Nov 27 02:22 Watchdog_82.log
-rw-rw-rw-  1 cms019 cms    32895 Mar 28  2008 apmon.py
-rw-r--r--  1 cms019 cms    28874 Nov 27 02:10 apmon.pyc
-rw-rw-rw-  1 cms019 cms   105070 Nov 27 02:10 arguments.xml
-rwxrwxrwx  1 cms019 cms    37427 Sep 13 14:14 cmscp.py
-rwxrwxrwx  1 cms019 cms    23341 Nov 27 02:10 condor_exec.exe
-rw-rw-rw-  1 cms019 cms      546 Nov 27 01:27 crab.cfg
-rwxrwxrwx  1 cms019 cms     9531 Sep 20 21:46 crabWatchdog.sh
-rw-r--r--  1 cms019 cms    50005 Nov 27 02:23 crab_fjr_82.xml
-rw-rw-rw-  1 cms019 cms 25796300 Nov 27 02:10 default.tgz
-rwxrwxrwx  1 cms019 cms     4488 May 12  2012 fillCrabFjr.py
-rw-r--r--  1 cms019 cms      945 Nov 27 02:11 inputsReport.txt
-rw-r--r--  1 cms019 cms      132 Nov 27 02:23 jobreport.txt
lrwxrwxrwx  1 cms019 cms      107 Nov 27 02:23 optHistograms.root -> /home/cms019/home_crobe_272320223/CREAM272320223/glide_D21008/execute/dir_24110/optHistograms_82_1_mSb.root
-rw-r--r--  1 cms019 cms    17994 Nov 27 02:23 optHistograms_82_1_mSb.root
-rw-rw-rw-  1 cms019 cms    17352 Jan 20  2012 parseCrabFjr.py
-rw-r--r--  1 cms019 cms      285 Nov 27 02:10 report.log
-rwxrwxrwx  1 cms019 cms     1497 May 27  2009 report.py
-rwxrwxrwx  1 cms019 cms     8387 Mar 23  2011 writeCfg.py
-rw-------  1 cms019 cms     8691 Nov 27 02:20 x509up_u1000009
Checking output files:  
will tar file optHistograms_82_1_mSb.root in  out_files_82
will tar file crab_fjr_82.xml in  out_files_82
will tar file CMSSW_82.stdout in  out_files_82
will tar file CMSSW_82.stderr in  out_files_82
WARNING: output file Watchdog_82.log.gz not found!
>>> padding time: Wrapper lasting more than 600 seconds. No sleep required.
STOPPING WATCHDOG. CrabWatchdog PID is 31378
********** LAST 50 LINES OF WATCHDOG LOG
# RESOURCE USAGE SUMMARY FOR PROCESS ID 30795
USER       PID %CPU %MEM    VSZ   RSS TTY      STAT START   TIME COMMAND
cms019   30795  0.1  0.0   8956  1484 ?        S    02:10   0:00 /bin/sh /home/cms019/home_crobe_272320223/CREAM272320223/glide_D21008/execute/dir_24110/condor_exec.exe 82 1
 
# LIMITS USED BY THIS WATCHDOG:
# RSS  (KBytes)  : 2300000
# VSZ  (KBytes)  : 100000000
# DISK (MBytes)  : 19000
# CPU  (seconds) : 171600
# WALL (seconds) : 171600
 
# FOLLOWING PRINTOUT TRACKS MAXIMUM VALUES OF RESOURCES USE
# ONE LINE IS PRINTED EACH TIME A MAXIMUM CHANGES
# IF CHANGE WAS IN RSS OR VSZ ALSO PROCID AND COMMAND ARE PRINTED
# THERE IS NO PRINTOUT FOR CPU/WALL TIME INCREASE
 
# TIME			PID	RSS(KB)	VSZ(KB)	Dsk(MB)	tCPU(s)	tWALL(s)	COMMAND
 Nov 27 02:10:59 EET	20864	1320	8896	0	0	1001	-bash         
 Nov 27 02:10:59 EET	20894	1488	8952	0	0	1002	/bin/sh -l ./CREAM272320223_jobWrapper.sh       
 Nov 27 02:10:59 EET	20954	2680	25504	0	0	1001	perl -e ?use Socket;??sub send_notify {? $cream_url = "193.40.150.124:49152";die "No
 Nov 27 02:10:59 EET	24109	3748	25504	0	0	43	condor_procd -A /home/cms019/home_crobe_272320223/CREAM272320223/glide_D21008/log/procd_address.STARTD -L /home/cms019/home_crobe_272320223/CREAM272320223/glide_D21008/log/ProcLog.STARTD -R 10000000 -S 60 -C
 Nov 27 02:10:59 EET	24110	5344	25504	0	0	43	condor_starter -f submit-2.t2.ucsd.edu       
 Nov 27 02:10:59 EET	25035	6060	25504	0	0	979	/home/cms019/home_crobe_272320223/CREAM272320223/glide_D21008/main/condor/sbin/condor_master -f -pidfile /home/cms019/home_crobe_272320223/CREAM272320223/glide_D21008/condor_master2.pid      
 Nov 27 02:10:59 EET	---	6060	25504	168	----	----	----
 Nov 27 02:12:08 EET	1838	314112	525324	168	11	52	cmsRun -j /home/cms019/home_crobe_272320223/CREAM272320223/glide_D21008/execute/dir_24110/crab_fjr_82.xml -p pset.py     
 Nov 27 02:13:16 EET	1838	361036	563556	168	53	120	cmsRun -j /home/cms019/home_crobe_272320223/CREAM272320223/glide_D21008/execute/dir_24110/crab_fjr_82.xml -p pset.py     
 Nov 27 02:15:29 EET	1838	365056	565348	168	130	252	cmsRun -j /home/cms019/home_crobe_272320223/CREAM272320223/glide_D21008/execute/dir_24110/crab_fjr_82.xml -p pset.py     
 Nov 27 02:16:34 EET	1838	365168	565348	168	175	318	cmsRun -j /home/cms019/home_crobe_272320223/CREAM272320223/glide_D21008/execute/dir_24110/crab_fjr_82.xml -p pset.py     
 Nov 27 02:17:42 EET	1838	365516	565604	168	200	386	cmsRun -j /home/cms019/home_crobe_272320223/CREAM272320223/glide_D21008/execute/dir_24110/crab_fjr_82.xml -p pset.py     
 Nov 27 02:18:47 EET	1838	365544	565604	168	243	451	cmsRun -j /home/cms019/home_crobe_272320223/CREAM272320223/glide_D21008/execute/dir_24110/crab_fjr_82.xml -p pset.py     
 Nov 27 02:21:03 EET	1838	366712	566884	168	323	587	cmsRun -j /home/cms019/home_crobe_272320223/CREAM272320223/glide_D21008/execute/dir_24110/crab_fjr_82.xml -p pset.py     
 Nov 27 02:22:10 EET	1838	367160	567140	168	367	654	cmsRun -j /home/cms019/home_crobe_272320223/CREAM272320223/glide_D21008/execute/dir_24110/crab_fjr_82.xml -p pset.py     
********** WATCHDOG LOG ENDED
ZIPPING WATCHDOG LOG
Disk space used:
du -sh /home/cms019/home_crobe_272320223/CREAM272320223/glide_D21008/execute/dir_24110
169M	/home/cms019/home_crobe_272320223/CREAM272320223/glide_D21008/execute/dir_24110
>>> info for dashboard:
***** Cat /home/cms019/home_crobe_272320223/CREAM272320223/glide_D21008/execute/dir_24110/jobreport.txt *****
MonitorJobID=82_https://submit-2.t2.ucsd.edu//121127//17529.81
MonitorID=liis_crab_0_121127_012714_evt312
ExeTime=742
ExeExitCode=0
CrabUserCpuTime=407.39
CrabSysCpuTime=11.03
CrabCpuPercentage=56%
CrabWrapperTime=790
CrabStageoutTime=NULL
***** End Cat jobreport *****
Parameters sent to Dashboard.
optHistograms_82_1_mSb.root
crab_fjr_82.xml
CMSSW_82.stdout
CMSSW_82.stderr
Watchdog_82.log.gz
tar: .BrokerInfo: Cannot stat: No such file or directory
tar: Error exit delayed from previous errors
Total Output dimension: 30715
WARNING: output files size limit is set to: 50000000
Total Output dimension 30715 is fine.
JOB_EXIT_STATUS = 0
>>> info for dashboard:
***** Cat /home/cms019/home_crobe_272320223/CREAM272320223/glide_D21008/execute/dir_24110/jobreport.txt *****
MonitorJobID=82_https://submit-2.t2.ucsd.edu//121127//17529.81
MonitorID=liis_crab_0_121127_012714_evt312
JobExitCode=0
***** End Cat jobreport *****
Parameters sent to Dashboard.
optHistograms_82_1_mSb.root
crab_fjr_82.xml
