This script was generated by crab (version 2.8.3).
Running /home/cms030/home_crmrs_102826990/CREAM102826990/glide_K11919/execute/dir_9423/condor_exec.exe with 2 positional parameters: 19 1
Today is Tue Nov 27 02:04:42 EET 2012
Job submitted on host wn-v-4376.local
Linux wn-v-4376.local 2.6.32-042stab059.7 #1 SMP Tue Jul 24 19:12:01 MSK 2012 x86_64 x86_64 x86_64 GNU/Linux
>>> current directory (RUNTIME_AREA): /home/cms030/home_crmrs_102826990/CREAM102826990/glide_K11919/execute/dir_9423
>>> current user: uid=11030(cms030) gid=1400(cms) groups=1400(cms)
>>> voms proxy information:
subject   : /DC=ch/DC=cern/OU=Organic Units/OU=Users/CN=liis/CN=663550/CN=Liis Rebane/CN=proxy/CN=limited proxy
issuer    : /DC=ch/DC=cern/OU=Organic Units/OU=Users/CN=liis/CN=663550/CN=Liis Rebane/CN=proxy
identity  : /DC=ch/DC=cern/OU=Organic Units/OU=Users/CN=liis/CN=663550/CN=Liis Rebane/CN=proxy
type      : limited proxy
strength  : 512 bits
path      : /home/cms030/home_crmrs_102826990/CREAM102826990/glide_K11919/execute/dir_9423/x509up_u1000009
timeleft  : 23:59:54
key usage : Digital Signature, Key Encipherment, Data Encipherment
=== VO cms extension information ===
VO        : cms
subject   : /DC=ch/DC=cern/OU=Organic Units/OU=Users/CN=liis/CN=663550/CN=Liis Rebane
issuer    : /DC=ch/DC=cern/OU=computers/CN=lcg-voms.cern.ch
attribute : /cms/Role=NULL/Capability=NULL
timeleft  : 191:20:55
uri       : lcg-voms.cern.ch:15002
>>> tar xzf /home/cms030/home_crmrs_102826990/CREAM102826990/glide_K11919/execute/dir_9423/default.tgz :
Successful untar
>>> Include /home/cms030/home_crmrs_102826990/CREAM102826990/glide_K11919/execute/dir_9423 in PYTHONPATH:
strip arguments
env var CRAB_UNIQUE_JOB_ID set to: liis_crab_0_121127_012714_evt312_19_1_N9A
out_files_19
>>> list of expected files on output sandbox
output files: optHistograms_19_1_N9A.root crab_fjr_19.xml CMSSW_19.stdout CMSSW_19.stderr Watchdog_19.log.gz
>>> GridFlavour discovery: 
GridFlavour=LCG
>>> SyncSite discovery: 
SyncSite=T2_EE_Estonia
>>> SyncCE discovery: 
getting SyncCE from CE_ID
SyncCE=mars.hep.kbfi.ee:8443/cream-pbs-long
>>> info for dashboard:
***** Cat /home/cms030/home_crmrs_102826990/CREAM102826990/glide_K11919/execute/dir_9423/jobreport.txt *****
MonitorJobID=19_https://submit-2.t2.ucsd.edu//121127//17529.18
SyncGridJobId=https://submit-2.t2.ucsd.edu//121127//17529.18
MonitorID=liis_crab_0_121127_012714_evt312
GridFlavour=LCG
SyncSite=T2_EE_Estonia
SyncCE=mars.hep.kbfi.ee:8443/cream-pbs-long
***** End Cat jobreport *****
Parameters sent to Dashboard.
>>> setup environment
set SCRAM ARCH to slc5_amd64_gcc462
SCRAM_ARCH = slc5_amd64_gcc462
>>> setup CMS LCG environment:
set SCRAM ARCH and BUILD_ARCH to slc5_amd64_gcc462 ###
Sourcing environment... 
sourcing /cvmfs/cms.cern.ch/cmsset_default.sh
==> setup cms environment ok
>>> specific cmssw setup environment:
CMSSW_VERSION =  CMSSW_5_3_5
>>> current directory (SOFTWARE_DIR): /home/cms030/home_crmrs_102826990/CREAM102826990/glide_K11919/execute/dir_9423/CMSSW_5_3_5
PreserveSeeds: <>
IncrementSeeds:<>
{}
WNHostName=wn-v-4376.local
>>> info for dashboard:
***** Cat /home/cms030/home_crmrs_102826990/CREAM102826990/glide_K11919/execute/dir_9423/jobreport.txt *****
MonitorJobID=19_https://submit-2.t2.ucsd.edu//121127//17529.18
MonitorID=liis_crab_0_121127_012714_evt312
WNHostName=wn-v-4376.local
***** End Cat jobreport *****
Parameters sent to Dashboard.
crabWatchdog started as process 11178
>>> moving CMSSW software directories in /home/cms030/home_crmrs_102826990/CREAM102826990/glide_K11919/execute/dir_9423/CMSSW_5_3_5
mv: cannot stat `/home/cms030/home_crmrs_102826990/CREAM102826990/glide_K11919/execute/dir_9423/module/': No such file or directory
>>> Include /home/cms030/home_crmrs_102826990/CREAM102826990/glide_K11919/execute/dir_9423 in PYTHONPATH:
PYTHONPATH=/home/cms030/home_crmrs_102826990/CREAM102826990/glide_K11919/execute/dir_9423/:/home/cms030/home_crmrs_102826990/CREAM102826990/glide_K11919/execute/dir_9423/CMSSW_5_3_5/python:/home/cms030/home_crmrs_102826990/CREAM102826990/glide_K11919/execute/dir_9423/CMSSW_5_3_5/lib/slc5_amd64_gcc462:/cvmfs/cms.cern.ch/slc5_amd64_gcc462/cms/cmssw/CMSSW_5_3_5/python:/cvmfs/cms.cern.ch/slc5_amd64_gcc462/cms/cmssw/CMSSW_5_3_5/lib/slc5_amd64_gcc462:/cvmfs/cms.cern.ch/slc5_amd64_gcc462/cms/coral/CORAL_2_3_21-cms27/slc5_amd64_gcc462/python:/cvmfs/cms.cern.ch/slc5_amd64_gcc462/cms/coral/CORAL_2_3_21-cms27/slc5_amd64_gcc462/lib:/cvmfs/cms.cern.ch/slc5_amd64_gcc462/external/pyqt/4.8.1/lib/python2.6/site-packages:/cvmfs/cms.cern.ch/slc5_amd64_gcc462/external/py2-scipy/0.8.0/lib/python2.6/site-packages:/cvmfs/cms.cern.ch/slc5_amd64_gcc462/external/py2-matplotlib/1.0.1/lib/python2.6/site-packages:/cvmfs/cms.cern.ch/slc5_amd64_gcc462/external/python-ldap/2.3.5/lib/python2.6/site-packages:/cvmfs/cms.cern.ch/slc5_amd64_gcc462/external/sip/4.11.2/lib/python2.6/site-packages:/cvmfs/cms.cern.ch/slc5_amd64_gcc462/external/py2-pycurl/7.19.0/lib/python2.6/site-packages:/cvmfs/cms.cern.ch/slc5_amd64_gcc462/external/py2-numpy/1.6.1/lib/python2.6/site-packages:/cvmfs/cms.cern.ch/slc5_amd64_gcc462/external/py2-ipython/0.10/lib/python2.6/site-packages:/cvmfs/cms.cern.ch/slc5_amd64_gcc462/external/py2-cx-oracle/5.1-cms11/lib/python2.6/site-packages:/cvmfs/cms.cern.ch/slc5_amd64_gcc462/external/py2-cjson/1.0.5/lib/python2.6/site-packages:/cvmfs/cms.cern.ch/slc5_amd64_gcc462/cms/das-client/1.4.1-cms8/bin:/cvmfs/cms.cern.ch/slc5_amd64_gcc462/external/elementtree/1.2.6/share/lib/python2.6/site-packages:/cvmfs/cms.cern.ch/slc5_amd64_gcc462/external/rivet/1.5.1-cms10/lib/python2.6/site-packages:/cvmfs/cms.cern.ch/slc5_amd64_gcc462/external/pyminuit2/0.0.1-cms34/lib/python2.6/site-packages:/cvmfs/cms.cern.ch/slc5_amd64_gcc462/external/professor/1.0.0-cms35/lib/python2.6/site-packages:/cvmfs/cms.cern.ch/slc5_amd64_gcc462/lcg/root/5.32.00-cms18/lib:/cvmfs/cms.cern.ch/slc5_amd64_gcc462/cms/dbs-client/DBS_2_1_1_patch1_1/lib:/cvmfs/cms.cern.ch/slc5_amd64_gcc462/cms/dbs-client/DBS_2_1_1_patch1_1/lib/DBSAPI:/home/cms030/home_crmrs_102826990/CREAM102826990/glide_K11919/execute/dir_9423/
241a2a19cb7c5c8751ba22759ab3bdb0
PSETHASH = 241a2a19cb7c5c8751ba22759ab3bdb0
/home/cms030/home_crmrs_102826990/CREAM102826990/glide_K11919/execute/dir_9423/writeCfg.py pset.py pset.py
Importing .py file
Setting parameters
inputBlocks=/QCD_Pt_250_350_EMEnriched_TuneZ2star_8TeV_pythia6/mario-Summer12-stop-pfele-step1-3d176ac8da5e9dff208d057f4733ca91/USER#f9c5db47-a204-4405-bd52-f3e3a6e2b678
inputFiles=/store/user/mario/QCD_Pt_250_350_EMEnriched_TuneZ2star_8TeV_pythia6/Summer12-stop-pfele-step1/3d176ac8da5e9dff208d057f4733ca91/tuple_225_10_Q4p.root;/store/user/mario/QCD_Pt_250_350_EMEnriched_TuneZ2star_8TeV_pythia6/Summer12-stop-pfele-step1/3d176ac8da5e9dff208d057f4733ca91/tuple_229_10_Si3.root;/store/user/mario/QCD_Pt_250_350_EMEnriched_TuneZ2star_8TeV_pythia6/Summer12-stop-pfele-step1/3d176ac8da5e9dff208d057f4733ca91/tuple_248_10_C6i.root;/store/user/mario/QCD_Pt_250_350_EMEnriched_TuneZ2star_8TeV_pythia6/Summer12-stop-pfele-step1/3d176ac8da5e9dff208d057f4733ca91/tuple_87_11_nxI.root;/store/user/mario/QCD_Pt_250_350_EMEnriched_TuneZ2star_8TeV_pythia6/Summer12-stop-pfele-step1/3d176ac8da5e9dff208d057f4733ca91/tuple_93_11_ynj.root
parentFiles=
lumisRange=
>>> Executable cmsRun
/cvmfs/cms.cern.ch/slc5_amd64_gcc462/cms/cmssw/CMSSW_5_3_5/bin/slc5_amd64_gcc462/cmsRun
ok executable found
>>> info for dashboard:
***** Cat /home/cms030/home_crmrs_102826990/CREAM102826990/glide_K11919/execute/dir_9423/jobreport.txt *****
MonitorJobID=19_https://submit-2.t2.ucsd.edu//121127//17529.18
MonitorID=liis_crab_0_121127_012714_evt312
ExeStart=cmsRun
***** End Cat jobreport *****
Parameters sent to Dashboard.
>>> cmsRun started at Tue Nov 27 00:05:03 UTC 2012
>>> cmsRun ended at Tue Nov 27 00:17:31 UTC 2012
>>> info for dashboard:
***** Cat /home/cms030/home_crmrs_102826990/CREAM102826990/glide_K11919/execute/dir_9423/jobreport.txt *****
MonitorJobID=19_https://submit-2.t2.ucsd.edu//121127//17529.18
MonitorID=liis_crab_0_121127_012714_evt312
ExeEnd=cmsRun
***** End Cat jobreport *****
Parameters sent to Dashboard.
TIME_EXE = 748 sec
>>> cmsRun wrote 146 lines of stdout+stderr
>>> START OF printout of 146 lines from stdout+stderr
27-Nov-2012 02:05:22 EET  Initiating request to open file file:/hdfs/cms/store/user/mario/QCD_Pt_250_350_EMEnriched_TuneZ2star_8TeV_pythia6/Summer12-stop-pfele-step1/3d176ac8da5e9dff208d057f4733ca91/tuple_225_10_Q4p.root
27-Nov-2012 02:05:32 EET  Successfully opened file file:/hdfs/cms/store/user/mario/QCD_Pt_250_350_EMEnriched_TuneZ2star_8TeV_pythia6/Summer12-stop-pfele-step1/3d176ac8da5e9dff208d057f4733ca91/tuple_225_10_Q4p.root
Begin processing the 1st record. Run 1, Event 245042379, LumiSection 66879 at 27-Nov-2012 02:05:59.802 EET
Begin processing the 1001st record. Run 1, Event 249975301, LumiSection 68225 at 27-Nov-2012 02:06:07.989 EET
Begin processing the 2001st record. Run 1, Event 29327836, LumiSection 8005 at 27-Nov-2012 02:06:15.774 EET
Begin processing the 3001st record. Run 1, Event 116147490, LumiSection 31700 at 27-Nov-2012 02:06:19.239 EET
Begin processing the 4001st record. Run 1, Event 144551994, LumiSection 39452 at 27-Nov-2012 02:06:25.339 EET
Begin processing the 5001st record. Run 1, Event 14232041, LumiSection 3885 at 27-Nov-2012 02:06:29.616 EET
Begin processing the 6001st record. Run 1, Event 20168572, LumiSection 5505 at 27-Nov-2012 02:06:34.748 EET
Begin processing the 7001st record. Run 1, Event 20548104, LumiSection 5609 at 27-Nov-2012 02:06:39.513 EET
Begin processing the 8001st record. Run 1, Event 151951606, LumiSection 41472 at 27-Nov-2012 02:06:47.764 EET
Begin processing the 9001st record. Run 1, Event 157450003, LumiSection 42973 at 27-Nov-2012 02:06:53.944 EET
Begin processing the 10001st record. Run 1, Event 160980631, LumiSection 43936 at 27-Nov-2012 02:06:59.061 EET
Begin processing the 11001st record. Run 1, Event 187020124, LumiSection 51043 at 27-Nov-2012 02:07:01.324 EET
Begin processing the 12001st record. Run 1, Event 203902177, LumiSection 55651 at 27-Nov-2012 02:07:07.335 EET
Begin processing the 13001st record. Run 1, Event 248769993, LumiSection 67896 at 27-Nov-2012 02:07:11.229 EET
27-Nov-2012 02:07:11 EET  Closed file file:/hdfs/cms/store/user/mario/QCD_Pt_250_350_EMEnriched_TuneZ2star_8TeV_pythia6/Summer12-stop-pfele-step1/3d176ac8da5e9dff208d057f4733ca91/tuple_225_10_Q4p.root
27-Nov-2012 02:07:11 EET  Initiating request to open file file:/hdfs/cms/store/user/mario/QCD_Pt_250_350_EMEnriched_TuneZ2star_8TeV_pythia6/Summer12-stop-pfele-step1/3d176ac8da5e9dff208d057f4733ca91/tuple_229_10_Si3.root
27-Nov-2012 02:07:11 EET  Successfully opened file file:/hdfs/cms/store/user/mario/QCD_Pt_250_350_EMEnriched_TuneZ2star_8TeV_pythia6/Summer12-stop-pfele-step1/3d176ac8da5e9dff208d057f4733ca91/tuple_229_10_Si3.root
Begin processing the 14001st record. Run 1, Event 180306241, LumiSection 49211 at 27-Nov-2012 02:07:41.191 EET
Begin processing the 15001st record. Run 1, Event 126703479, LumiSection 34581 at 27-Nov-2012 02:07:47.502 EET
Begin processing the 16001st record. Run 1, Event 1707648, LumiSection 467 at 27-Nov-2012 02:07:51.632 EET
Begin processing the 17001st record. Run 1, Event 13092299, LumiSection 3574 at 27-Nov-2012 02:07:57.034 EET
Begin processing the 18001st record. Run 1, Event 30105204, LumiSection 8217 at 27-Nov-2012 02:08:02.180 EET
Begin processing the 19001st record. Run 1, Event 58787876, LumiSection 16045 at 27-Nov-2012 02:08:10.355 EET
Begin processing the 20001st record. Run 1, Event 117712604, LumiSection 32127 at 27-Nov-2012 02:08:15.169 EET
Begin processing the 21001st record. Run 1, Event 141335667, LumiSection 38575 at 27-Nov-2012 02:08:21.005 EET
Begin processing the 22001st record. Run 1, Event 149218904, LumiSection 40726 at 27-Nov-2012 02:08:23.281 EET
Begin processing the 23001st record. Run 1, Event 214571786, LumiSection 58563 at 27-Nov-2012 02:08:28.074 EET
Begin processing the 24001st record. Run 1, Event 234387958, LumiSection 63971 at 27-Nov-2012 02:08:31.611 EET
Begin processing the 25001st record. Run 1, Event 214562909, LumiSection 58560 at 27-Nov-2012 02:08:37.758 EET
Begin processing the 26001st record. Run 1, Event 227740600, LumiSection 62157 at 27-Nov-2012 02:08:41.167 EET
Begin processing the 27001st record. Run 1, Event 183682857, LumiSection 50132 at 27-Nov-2012 02:08:46.219 EET
Begin processing the 28001st record. Run 1, Event 182186040, LumiSection 49724 at 27-Nov-2012 02:08:49.866 EET
Begin processing the 29001st record. Run 1, Event 187485473, LumiSection 51170 at 27-Nov-2012 02:08:56.453 EET
Begin processing the 30001st record. Run 1, Event 2414412, LumiSection 659 at 27-Nov-2012 02:09:03.669 EET
Begin processing the 31001st record. Run 1, Event 15628778, LumiSection 4266 at 27-Nov-2012 02:09:08.047 EET
Begin processing the 32001st record. Run 1, Event 34155833, LumiSection 9323 at 27-Nov-2012 02:09:16.725 EET
Begin processing the 33001st record. Run 1, Event 66165860, LumiSection 18059 at 27-Nov-2012 02:09:20.102 EET
Begin processing the 34001st record. Run 1, Event 78856007, LumiSection 21522 at 27-Nov-2012 02:09:25.137 EET
Begin processing the 35001st record. Run 1, Event 105520445, LumiSection 28800 at 27-Nov-2012 02:09:28.617 EET
Begin processing the 36001st record. Run 1, Event 141190443, LumiSection 38535 at 27-Nov-2012 02:09:34.713 EET
Begin processing the 37001st record. Run 1, Event 184628344, LumiSection 50390 at 27-Nov-2012 02:09:38.307 EET
Begin processing the 38001st record. Run 1, Event 192175027, LumiSection 52450 at 27-Nov-2012 02:09:43.914 EET
Begin processing the 39001st record. Run 1, Event 202421304, LumiSection 55246 at 27-Nov-2012 02:09:49.316 EET
27-Nov-2012 02:09:49 EET  Closed file file:/hdfs/cms/store/user/mario/QCD_Pt_250_350_EMEnriched_TuneZ2star_8TeV_pythia6/Summer12-stop-pfele-step1/3d176ac8da5e9dff208d057f4733ca91/tuple_229_10_Si3.root
27-Nov-2012 02:09:49 EET  Initiating request to open file file:/hdfs/cms/store/user/mario/QCD_Pt_250_350_EMEnriched_TuneZ2star_8TeV_pythia6/Summer12-stop-pfele-step1/3d176ac8da5e9dff208d057f4733ca91/tuple_248_10_C6i.root
27-Nov-2012 02:09:50 EET  Successfully opened file file:/hdfs/cms/store/user/mario/QCD_Pt_250_350_EMEnriched_TuneZ2star_8TeV_pythia6/Summer12-stop-pfele-step1/3d176ac8da5e9dff208d057f4733ca91/tuple_248_10_C6i.root
Begin processing the 40001st record. Run 1, Event 201035527, LumiSection 54868 at 27-Nov-2012 02:10:13.621 EET
Begin processing the 41001st record. Run 1, Event 234438793, LumiSection 63985 at 27-Nov-2012 02:10:19.675 EET
Begin processing the 42001st record. Run 1, Event 247330640, LumiSection 67503 at 27-Nov-2012 02:10:25.450 EET
Begin processing the 43001st record. Run 1, Event 58943286, LumiSection 16088 at 27-Nov-2012 02:10:28.818 EET
Begin processing the 44001st record. Run 1, Event 67891833, LumiSection 18530 at 27-Nov-2012 02:10:36.720 EET
Begin processing the 45001st record. Run 1, Event 71457897, LumiSection 19503 at 27-Nov-2012 02:10:42.247 EET
Begin processing the 46001st record. Run 1, Event 76397993, LumiSection 20851 at 27-Nov-2012 02:10:46.746 EET
Begin processing the 47001st record. Run 1, Event 176883562, LumiSection 48277 at 27-Nov-2012 02:10:53.027 EET
Begin processing the 48001st record. Run 1, Event 110862382, LumiSection 30258 at 27-Nov-2012 02:10:57.084 EET
Begin processing the 49001st record. Run 1, Event 140538758, LumiSection 38357 at 27-Nov-2012 02:11:03.283 EET
Begin processing the 50001st record. Run 1, Event 248616300, LumiSection 67854 at 27-Nov-2012 02:11:07.439 EET
Begin processing the 51001st record. Run 1, Event 158986499, LumiSection 43392 at 27-Nov-2012 02:11:14.816 EET
Begin processing the 52001st record. Run 1, Event 183808659, LumiSection 50167 at 27-Nov-2012 02:11:18.743 EET
Begin processing the 53001st record. Run 1, Event 43730221, LumiSection 11936 at 27-Nov-2012 02:11:24.985 EET
Begin processing the 54001st record. Run 1, Event 68456781, LumiSection 18684 at 27-Nov-2012 02:11:32.719 EET
Begin processing the 55001st record. Run 1, Event 116341681, LumiSection 31753 at 27-Nov-2012 02:11:36.185 EET
Begin processing the 56001st record. Run 1, Event 156459808, LumiSection 42702 at 27-Nov-2012 02:11:42.094 EET
Begin processing the 57001st record. Run 1, Event 171165136, LumiSection 46716 at 27-Nov-2012 02:11:45.855 EET
Begin processing the 58001st record. Run 1, Event 202449517, LumiSection 55254 at 27-Nov-2012 02:11:52.162 EET
Begin processing the 59001st record. Run 1, Event 203773384, LumiSection 55616 at 27-Nov-2012 02:11:56.204 EET
Begin processing the 60001st record. Run 1, Event 35601554, LumiSection 9717 at 27-Nov-2012 02:12:02.320 EET
Begin processing the 61001st record. Run 1, Event 34229817, LumiSection 9343 at 27-Nov-2012 02:12:06.781 EET
Begin processing the 62001st record. Run 1, Event 35773081, LumiSection 9764 at 27-Nov-2012 02:12:13.880 EET
Begin processing the 63001st record. Run 1, Event 53367970, LumiSection 14566 at 27-Nov-2012 02:12:20.154 EET
Begin processing the 64001st record. Run 1, Event 56534785, LumiSection 15430 at 27-Nov-2012 02:12:23.915 EET
Begin processing the 65001st record. Run 1, Event 82001169, LumiSection 22381 at 27-Nov-2012 02:12:28.089 EET
27-Nov-2012 02:12:29 EET  Closed file file:/hdfs/cms/store/user/mario/QCD_Pt_250_350_EMEnriched_TuneZ2star_8TeV_pythia6/Summer12-stop-pfele-step1/3d176ac8da5e9dff208d057f4733ca91/tuple_248_10_C6i.root
27-Nov-2012 02:12:29 EET  Initiating request to open file file:/hdfs/cms/store/user/mario/QCD_Pt_250_350_EMEnriched_TuneZ2star_8TeV_pythia6/Summer12-stop-pfele-step1/3d176ac8da5e9dff208d057f4733ca91/tuple_87_11_nxI.root
27-Nov-2012 02:12:29 EET  Successfully opened file file:/hdfs/cms/store/user/mario/QCD_Pt_250_350_EMEnriched_TuneZ2star_8TeV_pythia6/Summer12-stop-pfele-step1/3d176ac8da5e9dff208d057f4733ca91/tuple_87_11_nxI.root
Begin processing the 66001st record. Run 1, Event 63100280, LumiSection 17222 at 27-Nov-2012 02:12:53.518 EET
Begin processing the 67001st record. Run 1, Event 1528082, LumiSection 418 at 27-Nov-2012 02:12:57.457 EET
Begin processing the 68001st record. Run 1, Event 3651716, LumiSection 997 at 27-Nov-2012 02:13:03.190 EET
Begin processing the 69001st record. Run 1, Event 7742225, LumiSection 2114 at 27-Nov-2012 02:13:08.378 EET
Begin processing the 70001st record. Run 1, Event 27893876, LumiSection 7613 at 27-Nov-2012 02:13:15.060 EET
Begin processing the 71001st record. Run 1, Event 26719054, LumiSection 7293 at 27-Nov-2012 02:13:22.837 EET
Begin processing the 72001st record. Run 1, Event 50427391, LumiSection 13763 at 27-Nov-2012 02:13:26.762 EET
Begin processing the 73001st record. Run 1, Event 153476561, LumiSection 41888 at 27-Nov-2012 02:13:33.939 EET
Begin processing the 74001st record. Run 1, Event 160278057, LumiSection 43745 at 27-Nov-2012 02:13:37.940 EET
Begin processing the 75001st record. Run 1, Event 165056374, LumiSection 45049 at 27-Nov-2012 02:13:46.053 EET
Begin processing the 76001st record. Run 1, Event 227006987, LumiSection 61957 at 27-Nov-2012 02:13:49.796 EET
Begin processing the 77001st record. Run 1, Event 6050975, LumiSection 1652 at 27-Nov-2012 02:13:57.421 EET
Begin processing the 78001st record. Run 1, Event 13729049, LumiSection 3748 at 27-Nov-2012 02:14:02.188 EET
Begin processing the 79001st record. Run 1, Event 29957978, LumiSection 8177 at 27-Nov-2012 02:14:10.324 EET
Begin processing the 80001st record. Run 1, Event 18630033, LumiSection 5085 at 27-Nov-2012 02:14:14.930 EET
Begin processing the 81001st record. Run 1, Event 8112020, LumiSection 2214 at 27-Nov-2012 02:14:21.516 EET
Begin processing the 82001st record. Run 1, Event 9018402, LumiSection 2462 at 27-Nov-2012 02:14:28.077 EET
Begin processing the 83001st record. Run 1, Event 11950995, LumiSection 3262 at 27-Nov-2012 02:14:31.633 EET
Begin processing the 84001st record. Run 1, Event 63753451, LumiSection 17400 at 27-Nov-2012 02:14:36.757 EET
Begin processing the 85001st record. Run 1, Event 115314007, LumiSection 31473 at 27-Nov-2012 02:14:40.274 EET
Begin processing the 86001st record. Run 1, Event 199910690, LumiSection 54561 at 27-Nov-2012 02:14:45.839 EET
Begin processing the 87001st record. Run 1, Event 9121051, LumiSection 2490 at 27-Nov-2012 02:14:49.471 EET
Begin processing the 88001st record. Run 1, Event 11811891, LumiSection 3224 at 27-Nov-2012 02:14:59.149 EET
Begin processing the 89001st record. Run 1, Event 16453424, LumiSection 4491 at 27-Nov-2012 02:15:04.237 EET
Begin processing the 90001st record. Run 1, Event 19375768, LumiSection 5289 at 27-Nov-2012 02:15:13.371 EET
Begin processing the 91001st record. Run 1, Event 161691301, LumiSection 44130 at 27-Nov-2012 02:15:17.294 EET
27-Nov-2012 02:15:19 EET  Closed file file:/hdfs/cms/store/user/mario/QCD_Pt_250_350_EMEnriched_TuneZ2star_8TeV_pythia6/Summer12-stop-pfele-step1/3d176ac8da5e9dff208d057f4733ca91/tuple_87_11_nxI.root
27-Nov-2012 02:15:19 EET  Initiating request to open file file:/hdfs/cms/store/user/mario/QCD_Pt_250_350_EMEnriched_TuneZ2star_8TeV_pythia6/Summer12-stop-pfele-step1/3d176ac8da5e9dff208d057f4733ca91/tuple_93_11_ynj.root
27-Nov-2012 02:15:19 EET  Successfully opened file file:/hdfs/cms/store/user/mario/QCD_Pt_250_350_EMEnriched_TuneZ2star_8TeV_pythia6/Summer12-stop-pfele-step1/3d176ac8da5e9dff208d057f4733ca91/tuple_93_11_ynj.root
Begin processing the 92001st record. Run 1, Event 105232231, LumiSection 28721 at 27-Nov-2012 02:15:44.703 EET
Begin processing the 93001st record. Run 1, Event 112676155, LumiSection 30753 at 27-Nov-2012 02:15:48.172 EET
Begin processing the 94001st record. Run 1, Event 101769430, LumiSection 27776 at 27-Nov-2012 02:15:54.839 EET
Begin processing the 95001st record. Run 1, Event 105639598, LumiSection 28832 at 27-Nov-2012 02:15:58.350 EET
Begin processing the 96001st record. Run 1, Event 114170240, LumiSection 31160 at 27-Nov-2012 02:16:04.269 EET
Begin processing the 97001st record. Run 1, Event 131741254, LumiSection 35956 at 27-Nov-2012 02:16:09.491 EET
Begin processing the 98001st record. Run 1, Event 44443994, LumiSection 12130 at 27-Nov-2012 02:16:14.878 EET
Begin processing the 99001st record. Run 1, Event 54964561, LumiSection 15002 at 27-Nov-2012 02:16:22.307 EET
Begin processing the 100001st record. Run 1, Event 125907088, LumiSection 34364 at 27-Nov-2012 02:16:25.873 EET
Begin processing the 101001st record. Run 1, Event 67761956, LumiSection 18494 at 27-Nov-2012 02:16:34.046 EET
Begin processing the 102001st record. Run 1, Event 81369481, LumiSection 22208 at 27-Nov-2012 02:16:37.816 EET
Begin processing the 103001st record. Run 1, Event 95488699, LumiSection 26062 at 27-Nov-2012 02:16:43.306 EET
Begin processing the 104001st record. Run 1, Event 100933817, LumiSection 27548 at 27-Nov-2012 02:16:46.391 EET
Begin processing the 105001st record. Run 1, Event 101645126, LumiSection 27742 at 27-Nov-2012 02:16:51.961 EET
Begin processing the 106001st record. Run 1, Event 101720159, LumiSection 27763 at 27-Nov-2012 02:16:55.521 EET
Begin processing the 107001st record. Run 1, Event 160766639, LumiSection 43878 at 27-Nov-2012 02:17:02.397 EET
Begin processing the 108001st record. Run 1, Event 112710746, LumiSection 30762 at 27-Nov-2012 02:17:08.271 EET
Begin processing the 109001st record. Run 1, Event 194999016, LumiSection 53221 at 27-Nov-2012 02:17:11.447 EET
Begin processing the 110001st record. Run 1, Event 132862014, LumiSection 36262 at 27-Nov-2012 02:17:19.001 EET
Begin processing the 111001st record. Run 1, Event 146845255, LumiSection 40078 at 27-Nov-2012 02:17:23.036 EET
Begin processing the 112001st record. Run 1, Event 154636929, LumiSection 42205 at 27-Nov-2012 02:17:28.675 EET
27-Nov-2012 02:17:29 EET  Closed file file:/hdfs/cms/store/user/mario/QCD_Pt_250_350_EMEnriched_TuneZ2star_8TeV_pythia6/Summer12-stop-pfele-step1/3d176ac8da5e9dff208d057f4733ca91/tuple_93_11_ynj.root

=============================================

MessageLogger Summary

 type     category        sev    module        subroutine        count    total
 ---- -------------------- -- ---------------- ----------------  -----    -----
    1 fileAction           -s file_close                             5        5
    2 fileAction           -s file_open                             10       10

 type    category    Examples: run/evt        run/evt          run/evt
 ---- -------------------- ---------------- ---------------- ----------------
    1 fileAction           PostProcessEvent PostProcessEvent PostEndRun
    2 fileAction           pre-events       pre-events       PostProcessEvent

Severity    # Occurrences   Total Occurrences
--------    -------------   -----------------
System                 15                  15
>>> END OF printout of 146 lines from stdout+stderr
>>> Parse FrameworkJobReport crab_fjr.xml
Result of parsing the FrameworkJobReport crab_fjr.xml: Popularity start
lumisRange : 1::3884-3885,4270,5504-5505,5518,5526,5531,5537,5539,5584,5588-5589,5593,5599,5609,5618-5619,5624,6074,6078,6120,6674,7351,7767,8005,13588,21837,23626,24767,29280,29943,31700,32432,32879,35233,38814,38876,39132,39452,39963-39964,41472,42009,42069,42662,42884,42894,42898,42973,43032,43236,43357,43364,43858,43936,45621,45819,46438,46687,50409,50473,50584,51043,51385,51535,53084,54027,55642,55651,57258,59659,65074,66428,66879-66880,67677,67894,67896,67987,68066,68171,68200,68225,68259,69740::1;1::6906,7098,7573,8610,8613,8753,8909,9343,9717,9723,9747,9763-9764,9766,11146,11843,11857,11864,11869-11870,11904,11936,12374,12442,12581,13865,14545,14566,14584,14587,14596,14600,14619,14650,14678,15430-15431,15752,15792,16014,16088-16089,16200,17895,17962,17969,18236,18312,18484,18530,18677,18684,18756,18813,18815,18907,18940,19390,19503-19504,19760-19761,20105,20313,20851,20853-20854,20856,20902-20903,21147,21161,22381,24039,24120,24505,26098,27020,28788,29281,29736,30258,30837,31753,31815,31916,35560,35576-35577,36223,36265,38357,38467,38659,38733,39341,39481,39713,39926,40246,40859,42258,42329,42634,42702-42703,42795,43160,43166,43224,43392,43583,44084,45719,45966,46634,46716,47165,47225,47340,48277,48963,49228,50156,50163,50167,50716,50999,51023,51108,51410,52706,53985,54866,54868,54994,55122,55145-55146,55218,55254,55349,55391,55616,55630,55662,56562,58025,58233,58507,58809,59086,60021,60026,61070,62769,63985,64334,64781,64783,67278,67497,67503,67854,68082,69741,71712::2;1::226,467,653,659,906,963,2008,2699,2705,3574,4006,4266,4269,4275,4929,5303,5326,5408,5499,7075,7446,7874,8217-8218,8429,9323,11212,11835,12490,12866,13512,13681,14100,15033,16045,16061,16479,16610,16854,17373,17553,17788,18059,18075,18080,19228,21522,21968,21974,22044,23562,23721,23836,24765,24921,26010,26028,26035-26036,27456,27650,28322,28430,28800,29132,29570,30008,30041,31167,31778,32119,32127,32298,33352,33807,34069,34468,34528,34581,34730,34947,35308,36611,36808,38016,38041,38351,38535,38575,38615,38662,38866,38892,39040,39054,39342,40726,41133,41330,41496,41714,42071,42153,42254,42460,42513,43423,44848,48121,48128,48964,48982,49027,49211,49225,49455,49615,49724,49726,49728,49800,49829,49835,49921,49944,49948,50017,50019,50033,50132,50390,50492,50500,50586,50671,51056,51064,51098,51170-51171,51212,51300,52450,52628,52881,53391,54945,54988,55148,55246,55364,57853,57862,57915,58560,58563,58586-58587,59352,59419,59617,61374,61379,62157,62476,62863,63290,63971::3;1::11482,12044,12118,12130-12131,12463,13568,13749,13826,14688,15002,15377,15394,16959,17476,18159-18160,18218,18293,18493-18494,18704,19460,19582,20142,20351,20379,20479-20480,22208,23714,23728,24588,25841,26062,27468,27476,27507,27519,27548,27553,27562,27631,27633,27655,27670,27678,27691,27714,27742,27746,27760-27761,27763,27768,27773,27776,27780,28089,28214,28536,28544,28649,28718,28721,28832,29232,29315,29324,30000,30123,30168,30220,30408,30416,30450,30726,30728,30730,30737,30746-30747,30750,30752-30754,30761-30762,30766,30783,30789,30812,31022,31160,31175,31234,31249,31380,31428,31486-31487,31530,32968,34259,34261,34364,34898-34899,35503,35781,35950,35956,36067,36089,36262,36271,36298,36800,37815,39340,39344,39695,39824,39985,39987,40078,42191,42205,42248,43878,45486,46032,53221,53979,65692::4;1::156,160,297,304,418,785,918,936,984,997,1012,1059,1120,1256,1296-1297,1419,1482,1524,1534,1579,1652,1830,2093,2114,2182,2198,2209,2214,2220,2237,2266,2367,2417,2419,2423,2436,2441,2445,2462,2474,2486,2490,2859,2948,3034,3064-3065,3080,3173-3174,3190,3193,3201-3202,3224,3236,3244,3252,3254,3258,3262,3333,3337,3748,3763,3809,3980,3988,3991,3999,4491,4687,4798,4864,4876-4877,4888,4998,5085,5094,5108,5218,5239,5289,5791,6014,6471,6830,6855,7173,7293,7613,7828,8177,8283,8453,8826,9268,9812-9813,10079,10154,10892,11438,11443,13035,13045,13048,13128,13763,16299,16409,16585,16826,16877,17206,17222,17270,17351,17400,21411,21438,25013,25973,25992,26576,31473,32522,36121,36170,36456,36799,37174,37178,37468,41888,41939,42275,42554,43574,43577,43745,43915,44038,44130,44527,44778,45044,45049,45157,45902,47891,48334,49306,51633,51777,52323,54561,56353,56503,56970,60256,61244,61957,63065,63361,66460,67568::5;
lumisParentRange : 
Basename : /store/user/mario/QCD_Pt_250_350_EMEnriched_TuneZ2star_8TeV_pythia6/Summer12-stop-pfele-step1/3d176ac8da5e9dff208d057f4733ca91/tuple_
BasenameParent : 
parentFiles : 
inputBlocks : /QCD_Pt_250_350_EMEnriched_TuneZ2star_8TeV_pythia6/mario-Summer12-stop-pfele-step1-3d176ac8da5e9dff208d057f4733ca91/USER#f9c5db47-a204-4405-bd52-f3e3a6e2b678
inputFiles : 225_10_Q4p.root::1::EDM::Local::1;248_10_C6i.root::1::EDM::Local::2;229_10_Si3.root::1::EDM::Local::3;93_11_ynj.root::1::EDM::Local::4;87_11_nxI.root::1::EDM::Local::5;
Popularity stop
Extracted ExitStatus from FrameworkJobReport parsing output: 0
>>> Executable succeded  0
ExeExitCode=0
EXECUTABLE_EXIT_STATUS = 0
>>> current directory /home/cms030/home_crmrs_102826990/CREAM102826990/glide_K11919/execute/dir_9423/CMSSW_5_3_5
>>>  (SOFTWARE_DIR): /home/cms030/home_crmrs_102826990/CREAM102826990/glide_K11919/execute/dir_9423/CMSSW_5_3_5
>>> (WORKING_DIR): 
>>> current directory content:
total 164
drwxr-xr-x 3 cms030 cms  4096 Nov 27 02:04 .SCRAM
-rw-r--r-- 1 cms030 cms 30066 Nov 27 02:04 CMSSW.py.pkl
drwxr-xr-x 3 cms030 cms  4096 Nov 27 02:04 bin
drwxr-xr-x 3 cms030 cms  4096 Nov 27 02:04 cfipython
drwxr-xr-x 5 cms030 cms  4096 Nov 27 02:04 config
-rw-r--r-- 1 cms030 cms    17 Nov 27 02:17 cpu_timing.txt
drwxr-xr-x 2 cms030 cms  4096 Nov 27 02:04 doc
-rw-r--r-- 1 cms030 cms 16456 Nov 27 02:17 executable.out
drwxr-xr-x 2 cms030 cms  4096 Nov 27 02:04 include
drwxrwxrwx 3 cms030 cms  4096 Oct 22 16:38 lib
drwxr-xr-x 3 cms030 cms  4096 Nov 27 02:04 logs
drwxr-xr-x 3 cms030 cms  4096 Nov 27 02:04 objs
-rw-r--r-- 1 cms030 cms 17858 Nov 27 02:17 optHistograms.root
-rw-r--r-- 1 cms030 cms   104 Nov 27 02:05 pset.py
-rw-r--r-- 1 cms030 cms 19512 Nov 27 02:05 pset.py.pkl
-rw-r--r-- 1 cms030 cms   289 Nov 27 02:05 pset.pyc
drwxr-xr-x 2 cms030 cms  4096 Nov 27 02:04 python
-rw-r--r-- 1 cms030 cms   420 Nov 27 02:17 report.log
drwxrwxrwx 4 cms030 cms  4096 Nov 27 02:04 src
drwxr-xr-x 3 cms030 cms  4096 Nov 27 02:04 test
drwxr-xr-x 3 cms030 cms  4096 Nov 27 02:04 tmp
>>> current directory /home/cms030/home_crmrs_102826990/CREAM102826990/glide_K11919/execute/dir_9423/CMSSW_5_3_5
>>> (SOFTWARE_DIR): /home/cms030/home_crmrs_102826990/CREAM102826990/glide_K11919/execute/dir_9423/CMSSW_5_3_5
>>> (WORKING_DIR): 
>>> current directory content:
total 144
drwxr-xr-x 3 cms030 cms  4096 Nov 27 02:04 .SCRAM
-rw-r--r-- 1 cms030 cms 30066 Nov 27 02:04 CMSSW.py.pkl
drwxr-xr-x 3 cms030 cms  4096 Nov 27 02:04 bin
drwxr-xr-x 3 cms030 cms  4096 Nov 27 02:04 cfipython
drwxr-xr-x 5 cms030 cms  4096 Nov 27 02:04 config
-rw-r--r-- 1 cms030 cms    17 Nov 27 02:17 cpu_timing.txt
drwxr-xr-x 2 cms030 cms  4096 Nov 27 02:04 doc
-rw-r--r-- 1 cms030 cms 16456 Nov 27 02:17 executable.out
drwxr-xr-x 2 cms030 cms  4096 Nov 27 02:04 include
drwxrwxrwx 3 cms030 cms  4096 Oct 22 16:38 lib
drwxr-xr-x 3 cms030 cms  4096 Nov 27 02:04 logs
drwxr-xr-x 3 cms030 cms  4096 Nov 27 02:04 objs
-rw-r--r-- 1 cms030 cms   104 Nov 27 02:05 pset.py
-rw-r--r-- 1 cms030 cms 19512 Nov 27 02:05 pset.py.pkl
-rw-r--r-- 1 cms030 cms   289 Nov 27 02:05 pset.pyc
drwxr-xr-x 2 cms030 cms  4096 Nov 27 02:04 python
-rw-r--r-- 1 cms030 cms   420 Nov 27 02:17 report.log
drwxrwxrwx 4 cms030 cms  4096 Nov 27 02:04 src
drwxr-xr-x 3 cms030 cms  4096 Nov 27 02:04 test
drwxr-xr-x 3 cms030 cms  4096 Nov 27 02:04 tmp
>>> current directory (RUNTIME_AREA):  /home/cms030/home_crmrs_102826990/CREAM102826990/glide_K11919/execute/dir_9423
>>> current dir: /home/cms030/home_crmrs_102826990/CREAM102826990/glide_K11919/execute/dir_9423
>>> current dir content:
total 25800
-rw-rw-rw-  1 cms030 cms     5598 Nov 27 02:04 .job.ad
-rw-rw-rw-  1 cms030 cms    11432 Nov 27 02:04 .machine.ad
-rw-rw-rw-  1 cms030 cms      105 Nov 27 01:27 CMSSW.py
-rw-rw-rw-  1 cms030 cms    30066 Nov 27 01:27 CMSSW.py.pkl
-rwxrw-rw-  1 cms030 cms    23341 Nov 27 02:04 CMSSW.sh
-rw-rw-rw-  1 cms030 cms        0 Nov 27 02:04 CMSSW_19.stderr
-rw-rw-rw-  1 cms030 cms    32680 Nov 27 02:17 CMSSW_19.stdout
drwxr-xr-x 15 cms030 cms     4096 Nov 27 02:17 CMSSW_5_3_5
-rw-r--r--  1 cms030 cms      346 Nov 27 02:04 CacheEnv.sh
-rw-rw-rw-  1 cms030 cms     7291 Jun  9  2010 DashboardAPI.py
-rw-r--r--  1 cms030 cms     6868 Nov 27 02:04 DashboardAPI.pyc
drwxrwxrwx  3 cms030 cms     4096 Nov 27 02:17 IMProv
-rw-rw-rw-  1 cms030 cms     2748 Mar  8  2006 Logger.py
-rw-r--r--  1 cms030 cms     3348 Nov 27 02:04 Logger.pyc
-rw-rw-rw-  1 cms030 cms    24524 Mar 28  2008 ProcInfo.py
-rw-r--r--  1 cms030 cms    23446 Nov 27 02:04 ProcInfo.pyc
drwxrwxrwx  7 cms030 cms     4096 Nov 27 02:05 ProdCommon
drwxrwxrwx  3 cms030 cms     4096 Nov 27 02:04 WMCore
-rw-r--r--  1 cms030 cms     2011 Nov 27 02:11 Watchdog_19.log
-rw-rw-rw-  1 cms030 cms    32895 Mar 28  2008 apmon.py
-rw-r--r--  1 cms030 cms    28845 Nov 27 02:04 apmon.pyc
-rw-rw-rw-  1 cms030 cms   105070 Nov 27 02:04 arguments.xml
-rwxrwxrwx  1 cms030 cms    37427 Sep 13 14:14 cmscp.py
-rwxrwxrwx  1 cms030 cms    23341 Nov 27 02:04 condor_exec.exe
-rw-rw-rw-  1 cms030 cms      546 Nov 27 01:27 crab.cfg
-rwxrwxrwx  1 cms030 cms     9531 Sep 20 21:46 crabWatchdog.sh
-rw-r--r--  1 cms030 cms    49873 Nov 27 02:17 crab_fjr_19.xml
-rw-rw-rw-  1 cms030 cms 25796300 Nov 27 02:04 default.tgz
-rwxrwxrwx  1 cms030 cms     4488 May 12  2012 fillCrabFjr.py
-rw-r--r--  1 cms030 cms      949 Nov 27 02:05 inputsReport.txt
-rw-r--r--  1 cms030 cms      132 Nov 27 02:17 jobreport.txt
lrwxrwxrwx  1 cms030 cms      106 Nov 27 02:17 optHistograms.root -> /home/cms030/home_crmrs_102826990/CREAM102826990/glide_K11919/execute/dir_9423/optHistograms_19_1_N9A.root
-rw-r--r--  1 cms030 cms    17858 Nov 27 02:17 optHistograms_19_1_N9A.root
-rw-rw-rw-  1 cms030 cms    17352 Jan 20  2012 parseCrabFjr.py
-rw-r--r--  1 cms030 cms      283 Nov 27 02:04 report.log
-rwxrwxrwx  1 cms030 cms     1497 May 27  2009 report.py
-rwxrwxrwx  1 cms030 cms     8387 Mar 23  2011 writeCfg.py
-rw-------  1 cms030 cms     8687 Nov 27 02:04 x509up_u1000009
Checking output files:  
will tar file optHistograms_19_1_N9A.root in  out_files_19
will tar file crab_fjr_19.xml in  out_files_19
will tar file CMSSW_19.stdout in  out_files_19
will tar file CMSSW_19.stderr in  out_files_19
WARNING: output file Watchdog_19.log.gz not found!
>>> padding time: Wrapper lasting more than 600 seconds. No sleep required.
STOPPING WATCHDOG. CrabWatchdog PID is 11178
********** LAST 50 LINES OF WATCHDOG LOG
# RESOURCE USAGE SUMMARY FOR PROCESS ID  9709
USER       PID %CPU %MEM    VSZ   RSS TTY      STAT START   TIME COMMAND
cms030    9709  0.1  0.0   8956  1484 ?        S    02:04   0:00 /bin/sh /home/cms030/home_crmrs_102826990/CREAM102826990/glide_K11919/execute/dir_9423/condor_exec.exe 19 1
 
# LIMITS USED BY THIS WATCHDOG:
# RSS  (KBytes)  : 2300000
# VSZ  (KBytes)  : 100000000
# DISK (MBytes)  : 19000
# CPU  (seconds) : 171600
# WALL (seconds) : 171600
 
# FOLLOWING PRINTOUT TRACKS MAXIMUM VALUES OF RESOURCES USE
# ONE LINE IS PRINTED EACH TIME A MAXIMUM CHANGES
# IF CHANGE WAS IN RSS OR VSZ ALSO PROCID AND COMMAND ARE PRINTED
# THERE IS NO PRINTOUT FOR CPU/WALL TIME INCREASE
 
# TIME			PID	RSS(KB)	VSZ(KB)	Dsk(MB)	tCPU(s)	tWALL(s)	COMMAND
 Nov 27 02:04:55 EET	9423	5392	9376	0	0	23	condor_starter -f submit-2.t2.ucsd.edu       
 Nov 27 02:04:55 EET	11263	24172	84860	0	0	2	edmConfigHash pset.py        
 Nov 27 02:04:55 EET	---	24172	84860	168	----	----	----
 Nov 27 02:05:59 EET	13350	342012	563556	168	13	60	cmsRun -j /home/cms030/home_crmrs_102826990/CREAM102826990/glide_K11919/execute/dir_9423/crab_fjr_19.xml -p pset.py     
 Nov 27 02:07:04 EET	13350	360824	564324	168	55	126	cmsRun -j /home/cms030/home_crmrs_102826990/CREAM102826990/glide_K11919/execute/dir_9423/crab_fjr_19.xml -p pset.py     
 Nov 27 02:08:10 EET	13350	364256	564324	168	84	192	cmsRun -j /home/cms030/home_crmrs_102826990/CREAM102826990/glide_K11919/execute/dir_9423/crab_fjr_19.xml -p pset.py     
 Nov 27 02:09:18 EET	13350	364580	564324	168	129	257	cmsRun -j /home/cms030/home_crmrs_102826990/CREAM102826990/glide_K11919/execute/dir_9423/crab_fjr_19.xml -p pset.py     
 Nov 27 02:10:22 EET	13350	367196	566116	168	162	323	cmsRun -j /home/cms030/home_crmrs_102826990/CREAM102826990/glide_K11919/execute/dir_9423/crab_fjr_19.xml -p pset.py     
 Nov 27 02:11:28 EET	13350	367568	566372	168	206	392	cmsRun -j /home/cms030/home_crmrs_102826990/CREAM102826990/glide_K11919/execute/dir_9423/crab_fjr_19.xml -p pset.py     
********** WATCHDOG LOG ENDED
ZIPPING WATCHDOG LOG
Disk space used:
du -sh /home/cms030/home_crmrs_102826990/CREAM102826990/glide_K11919/execute/dir_9423
169M	/home/cms030/home_crmrs_102826990/CREAM102826990/glide_K11919/execute/dir_9423
>>> info for dashboard:
***** Cat /home/cms030/home_crmrs_102826990/CREAM102826990/glide_K11919/execute/dir_9423/jobreport.txt *****
MonitorJobID=19_https://submit-2.t2.ucsd.edu//121127//17529.18
MonitorID=liis_crab_0_121127_012714_evt312
ExeTime=748
ExeExitCode=0
CrabUserCpuTime=400.43
CrabSysCpuTime=11.36
CrabCpuPercentage=55%
CrabWrapperTime=786
CrabStageoutTime=NULL
***** End Cat jobreport *****
Parameters sent to Dashboard.
optHistograms_19_1_N9A.root
crab_fjr_19.xml
CMSSW_19.stdout
CMSSW_19.stderr
Watchdog_19.log.gz
tar: .BrokerInfo: Cannot stat: No such file or directory
tar: Error exit delayed from previous errors
Total Output dimension: 29942
WARNING: output files size limit is set to: 50000000
Total Output dimension 29942 is fine.
JOB_EXIT_STATUS = 0
>>> info for dashboard:
***** Cat /home/cms030/home_crmrs_102826990/CREAM102826990/glide_K11919/execute/dir_9423/jobreport.txt *****
MonitorJobID=19_https://submit-2.t2.ucsd.edu//121127//17529.18
MonitorID=liis_crab_0_121127_012714_evt312
JobExitCode=0
***** End Cat jobreport *****
Parameters sent to Dashboard.
optHistograms_19_1_N9A.root
crab_fjr_19.xml
