This script was generated by crab (version 2.8.3).
Running /home/cms006/home_crce1_143474731/CREAM143474731/glide_M13733/execute/dir_24587/condor_exec.exe with 2 positional parameters: 86 1
Today is Tue Nov 27 02:18:33 EET 2012
Job submitted on host wn-v-3800.local
Linux wn-v-3800.local 2.6.32-042stab059.7 #1 SMP Tue Jul 24 19:12:01 MSK 2012 x86_64 x86_64 x86_64 GNU/Linux
>>> current directory (RUNTIME_AREA): /home/cms006/home_crce1_143474731/CREAM143474731/glide_M13733/execute/dir_24587
>>> current user: uid=11006(cms006) gid=1400(cms) groups=1400(cms)
>>> voms proxy information:
subject   : /DC=ch/DC=cern/OU=Organic Units/OU=Users/CN=liis/CN=663550/CN=Liis Rebane/CN=proxy/CN=limited proxy
issuer    : /DC=ch/DC=cern/OU=Organic Units/OU=Users/CN=liis/CN=663550/CN=Liis Rebane/CN=proxy
identity  : /DC=ch/DC=cern/OU=Organic Units/OU=Users/CN=liis/CN=663550/CN=Liis Rebane/CN=proxy
type      : limited proxy
strength  : 512 bits
path      : /home/cms006/home_crce1_143474731/CREAM143474731/glide_M13733/execute/dir_24587/x509up_u1000009
timeleft  : 23:59:55
key usage : Digital Signature, Key Encipherment, Data Encipherment
=== VO cms extension information ===
VO        : cms
subject   : /DC=ch/DC=cern/OU=Organic Units/OU=Users/CN=liis/CN=663550/CN=Liis Rebane
issuer    : /DC=ch/DC=cern/OU=computers/CN=lcg-voms.cern.ch
attribute : /cms/Role=NULL/Capability=NULL
timeleft  : 191:07:04
uri       : lcg-voms.cern.ch:15002
>>> tar xzf /home/cms006/home_crce1_143474731/CREAM143474731/glide_M13733/execute/dir_24587/default.tgz :
Successful untar
>>> Include /home/cms006/home_crce1_143474731/CREAM143474731/glide_M13733/execute/dir_24587 in PYTHONPATH:
strip arguments
env var CRAB_UNIQUE_JOB_ID set to: liis_crab_0_121127_012714_evt312_86_1_L64
out_files_86
>>> list of expected files on output sandbox
output files: optHistograms_86_1_L64.root crab_fjr_86.xml CMSSW_86.stdout CMSSW_86.stderr Watchdog_86.log.gz
>>> GridFlavour discovery: 
GridFlavour=LCG
>>> SyncSite discovery: 
SyncSite=T2_EE_Estonia
>>> SyncCE discovery: 
getting SyncCE from CE_ID
SyncCE=cream1.hep.kbfi.ee:8443/cream-pbs-long
>>> info for dashboard:
***** Cat /home/cms006/home_crce1_143474731/CREAM143474731/glide_M13733/execute/dir_24587/jobreport.txt *****
MonitorJobID=86_https://submit-2.t2.ucsd.edu//121127//17529.85
SyncGridJobId=https://submit-2.t2.ucsd.edu//121127//17529.85
MonitorID=liis_crab_0_121127_012714_evt312
GridFlavour=LCG
SyncSite=T2_EE_Estonia
SyncCE=cream1.hep.kbfi.ee:8443/cream-pbs-long
***** End Cat jobreport *****
Parameters sent to Dashboard.
>>> setup environment
set SCRAM ARCH to slc5_amd64_gcc462
SCRAM_ARCH = slc5_amd64_gcc462
>>> setup CMS LCG environment:
set SCRAM ARCH and BUILD_ARCH to slc5_amd64_gcc462 ###
Sourcing environment... 
sourcing /cvmfs/cms.cern.ch/cmsset_default.sh
==> setup cms environment ok
>>> specific cmssw setup environment:
CMSSW_VERSION =  CMSSW_5_3_5
>>> current directory (SOFTWARE_DIR): /home/cms006/home_crce1_143474731/CREAM143474731/glide_M13733/execute/dir_24587/CMSSW_5_3_5
PreserveSeeds: <>
IncrementSeeds:<>
{}
WNHostName=wn-v-3800.local
>>> info for dashboard:
***** Cat /home/cms006/home_crce1_143474731/CREAM143474731/glide_M13733/execute/dir_24587/jobreport.txt *****
MonitorJobID=86_https://submit-2.t2.ucsd.edu//121127//17529.85
MonitorID=liis_crab_0_121127_012714_evt312
WNHostName=wn-v-3800.local
***** End Cat jobreport *****
Parameters sent to Dashboard.
crabWatchdog started as process 27928
>>> moving CMSSW software directories in /home/cms006/home_crce1_143474731/CREAM143474731/glide_M13733/execute/dir_24587/CMSSW_5_3_5
mv: cannot stat `/home/cms006/home_crce1_143474731/CREAM143474731/glide_M13733/execute/dir_24587/module/': No such file or directory
>>> Include /home/cms006/home_crce1_143474731/CREAM143474731/glide_M13733/execute/dir_24587 in PYTHONPATH:
PYTHONPATH=/home/cms006/home_crce1_143474731/CREAM143474731/glide_M13733/execute/dir_24587/:/home/cms006/home_crce1_143474731/CREAM143474731/glide_M13733/execute/dir_24587/CMSSW_5_3_5/python:/home/cms006/home_crce1_143474731/CREAM143474731/glide_M13733/execute/dir_24587/CMSSW_5_3_5/lib/slc5_amd64_gcc462:/cvmfs/cms.cern.ch/slc5_amd64_gcc462/cms/cmssw/CMSSW_5_3_5/python:/cvmfs/cms.cern.ch/slc5_amd64_gcc462/cms/cmssw/CMSSW_5_3_5/lib/slc5_amd64_gcc462:/cvmfs/cms.cern.ch/slc5_amd64_gcc462/cms/coral/CORAL_2_3_21-cms27/slc5_amd64_gcc462/python:/cvmfs/cms.cern.ch/slc5_amd64_gcc462/cms/coral/CORAL_2_3_21-cms27/slc5_amd64_gcc462/lib:/cvmfs/cms.cern.ch/slc5_amd64_gcc462/external/pyqt/4.8.1/lib/python2.6/site-packages:/cvmfs/cms.cern.ch/slc5_amd64_gcc462/external/py2-scipy/0.8.0/lib/python2.6/site-packages:/cvmfs/cms.cern.ch/slc5_amd64_gcc462/external/py2-matplotlib/1.0.1/lib/python2.6/site-packages:/cvmfs/cms.cern.ch/slc5_amd64_gcc462/external/python-ldap/2.3.5/lib/python2.6/site-packages:/cvmfs/cms.cern.ch/slc5_amd64_gcc462/external/sip/4.11.2/lib/python2.6/site-packages:/cvmfs/cms.cern.ch/slc5_amd64_gcc462/external/py2-pycurl/7.19.0/lib/python2.6/site-packages:/cvmfs/cms.cern.ch/slc5_amd64_gcc462/external/py2-numpy/1.6.1/lib/python2.6/site-packages:/cvmfs/cms.cern.ch/slc5_amd64_gcc462/external/py2-ipython/0.10/lib/python2.6/site-packages:/cvmfs/cms.cern.ch/slc5_amd64_gcc462/external/py2-cx-oracle/5.1-cms11/lib/python2.6/site-packages:/cvmfs/cms.cern.ch/slc5_amd64_gcc462/external/py2-cjson/1.0.5/lib/python2.6/site-packages:/cvmfs/cms.cern.ch/slc5_amd64_gcc462/cms/das-client/1.4.1-cms8/bin:/cvmfs/cms.cern.ch/slc5_amd64_gcc462/external/elementtree/1.2.6/share/lib/python2.6/site-packages:/cvmfs/cms.cern.ch/slc5_amd64_gcc462/external/rivet/1.5.1-cms10/lib/python2.6/site-packages:/cvmfs/cms.cern.ch/slc5_amd64_gcc462/external/pyminuit2/0.0.1-cms34/lib/python2.6/site-packages:/cvmfs/cms.cern.ch/slc5_amd64_gcc462/external/professor/1.0.0-cms35/lib/python2.6/site-packages:/cvmfs/cms.cern.ch/slc5_amd64_gcc462/lcg/root/5.32.00-cms18/lib:/cvmfs/cms.cern.ch/slc5_amd64_gcc462/cms/dbs-client/DBS_2_1_1_patch1_1/lib:/cvmfs/cms.cern.ch/slc5_amd64_gcc462/cms/dbs-client/DBS_2_1_1_patch1_1/lib/DBSAPI:/home/cms006/home_crce1_143474731/CREAM143474731/glide_M13733/execute/dir_24587/
241a2a19cb7c5c8751ba22759ab3bdb0
PSETHASH = 241a2a19cb7c5c8751ba22759ab3bdb0
/home/cms006/home_crce1_143474731/CREAM143474731/glide_M13733/execute/dir_24587/writeCfg.py pset.py pset.py
Importing .py file
Setting parameters
inputBlocks=/QCD_Pt_250_350_EMEnriched_TuneZ2star_8TeV_pythia6/mario-Summer12-stop-pfele-step1-3d176ac8da5e9dff208d057f4733ca91/USER#89723d11-1f9b-42cd-94f4-feb0ac97b54e
inputFiles=/store/user/mario/QCD_Pt_250_350_EMEnriched_TuneZ2star_8TeV_pythia6/Summer12-stop-pfele-step1/3d176ac8da5e9dff208d057f4733ca91/tuple_171_3_m72.root;/store/user/mario/QCD_Pt_250_350_EMEnriched_TuneZ2star_8TeV_pythia6/Summer12-stop-pfele-step1/3d176ac8da5e9dff208d057f4733ca91/tuple_172_8_o49.root;/store/user/mario/QCD_Pt_250_350_EMEnriched_TuneZ2star_8TeV_pythia6/Summer12-stop-pfele-step1/3d176ac8da5e9dff208d057f4733ca91/tuple_173_8_DQE.root;/store/user/mario/QCD_Pt_250_350_EMEnriched_TuneZ2star_8TeV_pythia6/Summer12-stop-pfele-step1/3d176ac8da5e9dff208d057f4733ca91/tuple_175_6_Wde.root;/store/user/mario/QCD_Pt_250_350_EMEnriched_TuneZ2star_8TeV_pythia6/Summer12-stop-pfele-step1/3d176ac8da5e9dff208d057f4733ca91/tuple_176_8_b36.root
parentFiles=
lumisRange=
>>> Executable cmsRun
/cvmfs/cms.cern.ch/slc5_amd64_gcc462/cms/cmssw/CMSSW_5_3_5/bin/slc5_amd64_gcc462/cmsRun
ok executable found
>>> info for dashboard:
***** Cat /home/cms006/home_crce1_143474731/CREAM143474731/glide_M13733/execute/dir_24587/jobreport.txt *****
MonitorJobID=86_https://submit-2.t2.ucsd.edu//121127//17529.85
MonitorID=liis_crab_0_121127_012714_evt312
ExeStart=cmsRun
***** End Cat jobreport *****
Parameters sent to Dashboard.
>>> cmsRun started at Tue Nov 27 00:18:58 UTC 2012
>>> cmsRun ended at Tue Nov 27 00:31:07 UTC 2012
>>> info for dashboard:
***** Cat /home/cms006/home_crce1_143474731/CREAM143474731/glide_M13733/execute/dir_24587/jobreport.txt *****
MonitorJobID=86_https://submit-2.t2.ucsd.edu//121127//17529.85
MonitorID=liis_crab_0_121127_012714_evt312
ExeEnd=cmsRun
***** End Cat jobreport *****
Parameters sent to Dashboard.
TIME_EXE = 729 sec
>>> cmsRun wrote 146 lines of stdout+stderr
>>> START OF printout of 146 lines from stdout+stderr
27-Nov-2012 02:19:24 EET  Initiating request to open file file:/hdfs/cms/store/user/mario/QCD_Pt_250_350_EMEnriched_TuneZ2star_8TeV_pythia6/Summer12-stop-pfele-step1/3d176ac8da5e9dff208d057f4733ca91/tuple_171_3_m72.root
27-Nov-2012 02:19:29 EET  Successfully opened file file:/hdfs/cms/store/user/mario/QCD_Pt_250_350_EMEnriched_TuneZ2star_8TeV_pythia6/Summer12-stop-pfele-step1/3d176ac8da5e9dff208d057f4733ca91/tuple_171_3_m72.root
Begin processing the 1st record. Run 1, Event 57466327, LumiSection 15685 at 27-Nov-2012 02:19:52.027 EET
Begin processing the 1001st record. Run 1, Event 47387744, LumiSection 12934 at 27-Nov-2012 02:19:59.373 EET
Begin processing the 2001st record. Run 1, Event 60007889, LumiSection 16378 at 27-Nov-2012 02:20:04.406 EET
Begin processing the 3001st record. Run 1, Event 64663594, LumiSection 17649 at 27-Nov-2012 02:20:09.559 EET
Begin processing the 4001st record. Run 1, Event 96296946, LumiSection 26282 at 27-Nov-2012 02:20:15.386 EET
Begin processing the 5001st record. Run 1, Event 76722672, LumiSection 20940 at 27-Nov-2012 02:20:19.112 EET
Begin processing the 6001st record. Run 1, Event 42945137, LumiSection 11721 at 27-Nov-2012 02:20:26.211 EET
Begin processing the 7001st record. Run 1, Event 61494478, LumiSection 16784 at 27-Nov-2012 02:20:33.664 EET
Begin processing the 8001st record. Run 1, Event 92494501, LumiSection 25245 at 27-Nov-2012 02:20:39.105 EET
Begin processing the 9001st record. Run 1, Event 103326568, LumiSection 28201 at 27-Nov-2012 02:20:42.918 EET
Begin processing the 10001st record. Run 1, Event 112254011, LumiSection 30638 at 27-Nov-2012 02:20:48.808 EET
Begin processing the 11001st record. Run 1, Event 63784573, LumiSection 17409 at 27-Nov-2012 02:20:52.894 EET
Begin processing the 12001st record. Run 1, Event 69887335, LumiSection 19075 at 27-Nov-2012 02:21:00.632 EET
Begin processing the 13001st record. Run 1, Event 78800489, LumiSection 21507 at 27-Nov-2012 02:21:06.472 EET
Begin processing the 14001st record. Run 1, Event 96077795, LumiSection 26223 at 27-Nov-2012 02:21:10.702 EET
Begin processing the 15001st record. Run 1, Event 17259297, LumiSection 4711 at 27-Nov-2012 02:21:16.408 EET
Begin processing the 16001st record. Run 1, Event 29219602, LumiSection 7975 at 27-Nov-2012 02:21:20.631 EET
Begin processing the 17001st record. Run 1, Event 43295050, LumiSection 11817 at 27-Nov-2012 02:21:27.168 EET
Begin processing the 18001st record. Run 1, Event 57938885, LumiSection 15814 at 27-Nov-2012 02:21:31.243 EET
Begin processing the 19001st record. Run 1, Event 99010612, LumiSection 27023 at 27-Nov-2012 02:21:37.642 EET
Begin processing the 20001st record. Run 1, Event 81191980, LumiSection 22160 at 27-Nov-2012 02:21:41.329 EET
Begin processing the 21001st record. Run 1, Event 86058216, LumiSection 23488 at 27-Nov-2012 02:21:47.651 EET
Begin processing the 22001st record. Run 1, Event 100385594, LumiSection 27398 at 27-Nov-2012 02:21:51.615 EET
Begin processing the 23001st record. Run 1, Event 111045416, LumiSection 30308 at 27-Nov-2012 02:21:58.830 EET
Begin processing the 24001st record. Run 1, Event 117311821, LumiSection 32018 at 27-Nov-2012 02:22:04.080 EET
Begin processing the 25001st record. Run 1, Event 166795224, LumiSection 45523 at 27-Nov-2012 02:22:08.039 EET
27-Nov-2012 02:22:08 EET  Closed file file:/hdfs/cms/store/user/mario/QCD_Pt_250_350_EMEnriched_TuneZ2star_8TeV_pythia6/Summer12-stop-pfele-step1/3d176ac8da5e9dff208d057f4733ca91/tuple_171_3_m72.root
27-Nov-2012 02:22:08 EET  Initiating request to open file file:/hdfs/cms/store/user/mario/QCD_Pt_250_350_EMEnriched_TuneZ2star_8TeV_pythia6/Summer12-stop-pfele-step1/3d176ac8da5e9dff208d057f4733ca91/tuple_172_8_o49.root
27-Nov-2012 02:22:08 EET  Successfully opened file file:/hdfs/cms/store/user/mario/QCD_Pt_250_350_EMEnriched_TuneZ2star_8TeV_pythia6/Summer12-stop-pfele-step1/3d176ac8da5e9dff208d057f4733ca91/tuple_172_8_o49.root
Begin processing the 26001st record. Run 1, Event 165778847, LumiSection 45246 at 27-Nov-2012 02:22:31.307 EET
Begin processing the 27001st record. Run 1, Event 171063798, LumiSection 46688 at 27-Nov-2012 02:22:35.308 EET
Begin processing the 28001st record. Run 1, Event 178462191, LumiSection 48707 at 27-Nov-2012 02:22:42.425 EET
Begin processing the 29001st record. Run 1, Event 242008895, LumiSection 66051 at 27-Nov-2012 02:22:47.514 EET
Begin processing the 30001st record. Run 1, Event 256257430, LumiSection 69940 at 27-Nov-2012 02:22:54.637 EET
Begin processing the 31001st record. Run 1, Event 200855195, LumiSection 54819 at 27-Nov-2012 02:23:01.641 EET
Begin processing the 32001st record. Run 1, Event 250612613, LumiSection 68399 at 27-Nov-2012 02:23:04.779 EET
Begin processing the 33001st record. Run 1, Event 264141583, LumiSection 72092 at 27-Nov-2012 02:23:09.853 EET
Begin processing the 34001st record. Run 1, Event 9322244, LumiSection 2545 at 27-Nov-2012 02:23:13.713 EET
Begin processing the 35001st record. Run 1, Event 45868964, LumiSection 12519 at 27-Nov-2012 02:23:18.651 EET
Begin processing the 36001st record. Run 1, Event 103550109, LumiSection 28262 at 27-Nov-2012 02:23:22.125 EET
Begin processing the 37001st record. Run 1, Event 183858709, LumiSection 50180 at 27-Nov-2012 02:23:29.194 EET
Begin processing the 38001st record. Run 1, Event 242516757, LumiSection 66190 at 27-Nov-2012 02:23:32.924 EET
Begin processing the 39001st record. Run 1, Event 262370708, LumiSection 71608 at 27-Nov-2012 02:23:37.670 EET
Begin processing the 40001st record. Run 1, Event 1443200, LumiSection 394 at 27-Nov-2012 02:23:42.435 EET
Begin processing the 41001st record. Run 1, Event 34430749, LumiSection 9398 at 27-Nov-2012 02:23:46.282 EET
Begin processing the 42001st record. Run 1, Event 53082738, LumiSection 14488 at 27-Nov-2012 02:23:51.967 EET
Begin processing the 43001st record. Run 1, Event 57829198, LumiSection 15784 at 27-Nov-2012 02:23:54.716 EET
Begin processing the 44001st record. Run 1, Event 70471234, LumiSection 19234 at 27-Nov-2012 02:24:02.273 EET
Begin processing the 45001st record. Run 1, Event 103562098, LumiSection 28265 at 27-Nov-2012 02:24:09.005 EET
Begin processing the 46001st record. Run 1, Event 100332919, LumiSection 27384 at 27-Nov-2012 02:24:16.005 EET
Begin processing the 47001st record. Run 1, Event 118323551, LumiSection 32294 at 27-Nov-2012 02:24:19.641 EET
Begin processing the 48001st record. Run 1, Event 157588397, LumiSection 43010 at 27-Nov-2012 02:24:24.758 EET
Begin processing the 49001st record. Run 1, Event 195028516, LumiSection 53229 at 27-Nov-2012 02:24:30.299 EET
Begin processing the 50001st record. Run 1, Event 65746224, LumiSection 17944 at 27-Nov-2012 02:24:34.018 EET
Begin processing the 51001st record. Run 1, Event 77212253, LumiSection 21074 at 27-Nov-2012 02:24:39.350 EET
27-Nov-2012 02:24:40 EET  Closed file file:/hdfs/cms/store/user/mario/QCD_Pt_250_350_EMEnriched_TuneZ2star_8TeV_pythia6/Summer12-stop-pfele-step1/3d176ac8da5e9dff208d057f4733ca91/tuple_172_8_o49.root
27-Nov-2012 02:24:40 EET  Initiating request to open file file:/hdfs/cms/store/user/mario/QCD_Pt_250_350_EMEnriched_TuneZ2star_8TeV_pythia6/Summer12-stop-pfele-step1/3d176ac8da5e9dff208d057f4733ca91/tuple_173_8_DQE.root
27-Nov-2012 02:24:40 EET  Successfully opened file file:/hdfs/cms/store/user/mario/QCD_Pt_250_350_EMEnriched_TuneZ2star_8TeV_pythia6/Summer12-stop-pfele-step1/3d176ac8da5e9dff208d057f4733ca91/tuple_173_8_DQE.root
Begin processing the 52001st record. Run 1, Event 85116311, LumiSection 23231 at 27-Nov-2012 02:24:58.781 EET
Begin processing the 53001st record. Run 1, Event 179568415, LumiSection 49009 at 27-Nov-2012 02:25:02.519 EET
Begin processing the 54001st record. Run 1, Event 199542063, LumiSection 54461 at 27-Nov-2012 02:25:08.115 EET
Begin processing the 55001st record. Run 1, Event 226961393, LumiSection 61944 at 27-Nov-2012 02:25:12.108 EET
Begin processing the 56001st record. Run 1, Event 145106288, LumiSection 39604 at 27-Nov-2012 02:25:18.775 EET
Begin processing the 57001st record. Run 1, Event 167122265, LumiSection 45612 at 27-Nov-2012 02:25:25.781 EET
Begin processing the 58001st record. Run 1, Event 175844485, LumiSection 47993 at 27-Nov-2012 02:25:29.845 EET
Begin processing the 59001st record. Run 1, Event 212911257, LumiSection 58109 at 27-Nov-2012 02:25:36.253 EET
Begin processing the 60001st record. Run 1, Event 238473775, LumiSection 65086 at 27-Nov-2012 02:25:40.838 EET
Begin processing the 61001st record. Run 1, Event 250829690, LumiSection 68458 at 27-Nov-2012 02:25:45.952 EET
Begin processing the 62001st record. Run 1, Event 260542902, LumiSection 71109 at 27-Nov-2012 02:25:49.481 EET
Begin processing the 63001st record. Run 1, Event 88324986, LumiSection 24107 at 27-Nov-2012 02:25:54.584 EET
Begin processing the 64001st record. Run 1, Event 61169278, LumiSection 16695 at 27-Nov-2012 02:25:58.428 EET
Begin processing the 65001st record. Run 1, Event 44283142, LumiSection 12087 at 27-Nov-2012 02:26:03.537 EET
Begin processing the 66001st record. Run 1, Event 76409856, LumiSection 20855 at 27-Nov-2012 02:26:09.515 EET
Begin processing the 67001st record. Run 1, Event 78041109, LumiSection 21300 at 27-Nov-2012 02:26:13.574 EET
Begin processing the 68001st record. Run 1, Event 79833313, LumiSection 21789 at 27-Nov-2012 02:26:19.211 EET
Begin processing the 69001st record. Run 1, Event 97271949, LumiSection 26549 at 27-Nov-2012 02:26:23.949 EET
Begin processing the 70001st record. Run 1, Event 247522974, LumiSection 67556 at 27-Nov-2012 02:26:29.813 EET
Begin processing the 71001st record. Run 1, Event 175716131, LumiSection 47958 at 27-Nov-2012 02:26:34.264 EET
Begin processing the 72001st record. Run 1, Event 177304255, LumiSection 48391 at 27-Nov-2012 02:26:40.772 EET
Begin processing the 73001st record. Run 1, Event 221692278, LumiSection 60506 at 27-Nov-2012 02:26:47.362 EET
Begin processing the 74001st record. Run 1, Event 243658741, LumiSection 66501 at 27-Nov-2012 02:26:53.790 EET
Begin processing the 75001st record. Run 1, Event 98742019, LumiSection 26950 at 27-Nov-2012 02:26:57.482 EET
Begin processing the 76001st record. Run 1, Event 137485873, LumiSection 37524 at 27-Nov-2012 02:27:02.839 EET
Begin processing the 77001st record. Run 1, Event 119794530, LumiSection 32696 at 27-Nov-2012 02:27:08.083 EET
27-Nov-2012 02:27:10 EET  Closed file file:/hdfs/cms/store/user/mario/QCD_Pt_250_350_EMEnriched_TuneZ2star_8TeV_pythia6/Summer12-stop-pfele-step1/3d176ac8da5e9dff208d057f4733ca91/tuple_173_8_DQE.root
27-Nov-2012 02:27:10 EET  Initiating request to open file file:/hdfs/cms/store/user/mario/QCD_Pt_250_350_EMEnriched_TuneZ2star_8TeV_pythia6/Summer12-stop-pfele-step1/3d176ac8da5e9dff208d057f4733ca91/tuple_175_6_Wde.root
27-Nov-2012 02:27:11 EET  Successfully opened file file:/hdfs/cms/store/user/mario/QCD_Pt_250_350_EMEnriched_TuneZ2star_8TeV_pythia6/Summer12-stop-pfele-step1/3d176ac8da5e9dff208d057f4733ca91/tuple_175_6_Wde.root
Begin processing the 78001st record. Run 1, Event 127328164, LumiSection 34752 at 27-Nov-2012 02:27:31.590 EET
Begin processing the 79001st record. Run 1, Event 54504780, LumiSection 14876 at 27-Nov-2012 02:27:35.235 EET
Begin processing the 80001st record. Run 1, Event 64201568, LumiSection 17523 at 27-Nov-2012 02:27:42.106 EET
Begin processing the 81001st record. Run 1, Event 67956617, LumiSection 18548 at 27-Nov-2012 02:27:45.549 EET
Begin processing the 82001st record. Run 1, Event 4054345, LumiSection 1107 at 27-Nov-2012 02:27:51.823 EET
Begin processing the 83001st record. Run 1, Event 12347727, LumiSection 3371 at 27-Nov-2012 02:27:57.228 EET
Begin processing the 84001st record. Run 1, Event 15049655, LumiSection 4108 at 27-Nov-2012 02:28:04.840 EET
Begin processing the 85001st record. Run 1, Event 21279917, LumiSection 5808 at 27-Nov-2012 02:28:12.200 EET
Begin processing the 86001st record. Run 1, Event 63907739, LumiSection 17443 at 27-Nov-2012 02:28:15.885 EET
Begin processing the 87001st record. Run 1, Event 64250433, LumiSection 17536 at 27-Nov-2012 02:28:22.081 EET
Begin processing the 88001st record. Run 1, Event 78696757, LumiSection 21479 at 27-Nov-2012 02:28:25.980 EET
Begin processing the 89001st record. Run 1, Event 3934526, LumiSection 1074 at 27-Nov-2012 02:28:31.648 EET
Begin processing the 90001st record. Run 1, Event 14308100, LumiSection 3906 at 27-Nov-2012 02:28:35.375 EET
Begin processing the 91001st record. Run 1, Event 14414468, LumiSection 3935 at 27-Nov-2012 02:28:43.695 EET
Begin processing the 92001st record. Run 1, Event 31797580, LumiSection 8679 at 27-Nov-2012 02:28:47.572 EET
Begin processing the 93001st record. Run 1, Event 38633092, LumiSection 10544 at 27-Nov-2012 02:28:53.738 EET
Begin processing the 94001st record. Run 1, Event 51586251, LumiSection 14080 at 27-Nov-2012 02:28:59.266 EET
Begin processing the 95001st record. Run 1, Event 66188465, LumiSection 18065 at 27-Nov-2012 02:29:03.843 EET
Begin processing the 96001st record. Run 1, Event 123304172, LumiSection 33653 at 27-Nov-2012 02:29:11.767 EET
Begin processing the 97001st record. Run 1, Event 110742689, LumiSection 30225 at 27-Nov-2012 02:29:17.182 EET
Begin processing the 98001st record. Run 1, Event 135164884, LumiSection 36890 at 27-Nov-2012 02:29:26.006 EET
Begin processing the 99001st record. Run 1, Event 161729713, LumiSection 44141 at 27-Nov-2012 02:29:31.177 EET
Begin processing the 100001st record. Run 1, Event 47909766, LumiSection 13076 at 27-Nov-2012 02:29:37.474 EET
Begin processing the 101001st record. Run 1, Event 12666432, LumiSection 3457 at 27-Nov-2012 02:29:42.027 EET
Begin processing the 102001st record. Run 1, Event 16116601, LumiSection 4399 at 27-Nov-2012 02:29:49.463 EET
Begin processing the 103001st record. Run 1, Event 148132726, LumiSection 40430 at 27-Nov-2012 02:29:55.134 EET
27-Nov-2012 02:29:59 EET  Closed file file:/hdfs/cms/store/user/mario/QCD_Pt_250_350_EMEnriched_TuneZ2star_8TeV_pythia6/Summer12-stop-pfele-step1/3d176ac8da5e9dff208d057f4733ca91/tuple_175_6_Wde.root
27-Nov-2012 02:29:59 EET  Initiating request to open file file:/hdfs/cms/store/user/mario/QCD_Pt_250_350_EMEnriched_TuneZ2star_8TeV_pythia6/Summer12-stop-pfele-step1/3d176ac8da5e9dff208d057f4733ca91/tuple_176_8_b36.root
27-Nov-2012 02:29:59 EET  Successfully opened file file:/hdfs/cms/store/user/mario/QCD_Pt_250_350_EMEnriched_TuneZ2star_8TeV_pythia6/Summer12-stop-pfele-step1/3d176ac8da5e9dff208d057f4733ca91/tuple_176_8_b36.root
Begin processing the 104001st record. Run 1, Event 164907761, LumiSection 45008 at 27-Nov-2012 02:30:20.606 EET
Begin processing the 105001st record. Run 1, Event 232009003, LumiSection 63322 at 27-Nov-2012 02:30:26.331 EET
Begin processing the 106001st record. Run 1, Event 258219899, LumiSection 70475 at 27-Nov-2012 02:30:32.692 EET
Begin processing the 107001st record. Run 1, Event 48031882, LumiSection 13110 at 27-Nov-2012 02:30:36.867 EET
Begin processing the 108001st record. Run 1, Event 54488597, LumiSection 14872 at 27-Nov-2012 02:30:43.668 EET
Begin processing the 109001st record. Run 1, Event 59786896, LumiSection 16318 at 27-Nov-2012 02:30:48.379 EET
Begin processing the 110001st record. Run 1, Event 64657775, LumiSection 17647 at 27-Nov-2012 02:30:54.107 EET
Begin processing the 111001st record. Run 1, Event 70950565, LumiSection 19365 at 27-Nov-2012 02:31:00.686 EET
Begin processing the 112001st record. Run 1, Event 79537569, LumiSection 21708 at 27-Nov-2012 02:31:04.691 EET
27-Nov-2012 02:31:06 EET  Closed file file:/hdfs/cms/store/user/mario/QCD_Pt_250_350_EMEnriched_TuneZ2star_8TeV_pythia6/Summer12-stop-pfele-step1/3d176ac8da5e9dff208d057f4733ca91/tuple_176_8_b36.root

=============================================

MessageLogger Summary

 type     category        sev    module        subroutine        count    total
 ---- -------------------- -- ---------------- ----------------  -----    -----
    1 fileAction           -s file_close                             5        5
    2 fileAction           -s file_open                             10       10

 type    category    Examples: run/evt        run/evt          run/evt
 ---- -------------------- ---------------- ---------------- ----------------
    1 fileAction           PostProcessEvent PostProcessEvent PostEndRun
    2 fileAction           pre-events       pre-events       PostProcessEvent

Severity    # Occurrences   Total Occurrences
--------    -------------   -----------------
System                 15                  15
>>> END OF printout of 146 lines from stdout+stderr
>>> Parse FrameworkJobReport crab_fjr.xml
Result of parsing the FrameworkJobReport crab_fjr.xml: Popularity start
lumisRange : 1::479,1074,1107,1891,1929,1934,1977,2241,2747,3089,3141,3367,3371,3409,3426,3431,3449,3454,3457,3465,3661,3695,3790,3824-3825,3893,3906,3935,4076,4081,4087,4106,4108-4109,4114-4115,4124,4156,4161,4399,4406,4575,4582,4944,5231,5755,5788,5808,5915,5970,6024,6481,6633,6746,7275,8121,8123,8127,8278,8679,8821,8938,10313,10544,11644,11709,11712,11791,11793,12893,13076,14080,14381,14386-14387,14875-14876,14924,15104,16118,16127,16170,16172,16211,16568,16986,17028,17225,17228,17266,17299,17326,17328,17387,17437,17443,17445,17464,17510,17519,17523,17526,17536,17538,17545,17555,17574,17612,17628,17716,17854,18065,18169,18229,18548,18936,19249,19429,19431,19488,19546,19732,19800,21479,21513,21580,21610,21777,25059,26547,29130,29670,29672,29832,30225,30950,30952,31770,32213,32363,32747,33603,33653,34417,34752,34848,35330,35427,35568,35776,36082,36493,36890,36901,37352,38150,38604,40430,40476,41770,42674,42741,43156,43186,43757,43818,44141,46158,51399::1;1::6950,11496,11577,12459,13013,13110,14415,14437,14871-14872,14900,15317,15955,15978,16006,16261,16318,17226,17561,17594,17622,17647,18108,18528,18563,18569-18570,19365,20237,20888,21202,21271,21280,21414,21653,21680,21708,23369,23523,25010,29330,43757,44320,45008,45865,46924,47436,49769,50340,59088,60613,61785,61834,62948,63322,70394,70475::2;1::381,384,386-388,390,394,1031,2166,2528,2530,2545,2547,3500,3716,3826-3827,6542,7076,7328,8888,9332,9339,9398,11150,11161,11164,11814,11818,12341,12519,12611-12613,12619,12625,12858,13216,13390,13808-13809,13902-13903,14240,14245,14488,15527-15528,15765,15784,15806,15828,17826,17841,17911,17944,17947-17948,18060,18776,18943,19234,20152,21074-21075,22053,22165,22230,23491,23799,23988,24529,24707,25755,25974,26137,26976,27096,27384,28262,28265,30087,30273,31912,32011,32045,32133,32294,32296,33787,34201,34452,34685,35819,40165,43010,43042,43118-43119,43270-43271,43670-43671,44574,45246-45247,46434-46435,46685,46688,46690,46889,47015,47123,47156,47261,48283,48400,48707-48708,49332,49709,50180-50181,51197,53229,54430,54456,54520,54533,54576,54673,54819,55384,55422,57511,66051-66052,66190-66193,67212,67510,68099,68150,68153,68295,68305,68310,68399,68441,68482,68484,68717,68800,68858,69235,69578,69896,69940,70115,70396,70937,71299,71322,71608,72092::3;1::104,382,1247,1249,4711,7078,7740,7975,8085,8229,8571,9002,9125,9328,9947,10223,10753,10885,11147,11156,11450-11451,11508,11721,11817,12205,12483,12621,12934,12964,12991,13298,13301,13381,13388,13942,15114,15146,15161,15579,15685,15712,15810,15814,15839,15850,15855,16060,16134,16147,16164,16221,16244,16378,16784,17214,17358,17408-17409,17417,17444,17448,17520,17546,17626,17649,17764,17776,18049,18573,18851,19075,19089,19333,19622,19709,20035,20127,20179,20186,20328,20421,20780,20940,21133,21507,21562,21738,22060,22072,22077,22099,22110,22160,22229,22240,22409,22627,22867,22936,22940,23118,23488,23668,23800,23872,23937,23989,23993,24987,25217,25226,25245,25261,25285,25305,25631,26217,26223,26282-26283,26626,26994,27023,27398,28027,28066-28067,28151,28154,28201,28610,29665,29675,29749,29759,29866,30024,30308,30311,30594,30638,30684,30703,30760,30965,30968,31310,31625,31848,32018-32019,32184,33260,33852,34381,34394,35704,35979,37239,40165,45523,50457,52696::4;1::974,1123,3674,3679,4113,4145,10212,10309,10312,10884,11589,11595,12087,12898,12973,13145,13886,16695,20855,21115,21128,21282,21300,21310,21537,21543,21575,21640,21789,22053,22068,22100,22108,23213,23231,23264,23443,23697,23815,24107,24147,24222,25219,26549,26931,26950,27171,28736,28892,28968,29651,29836,29843,29947,30192,30266,30972,31620,32482,32664,32696,32864,33063,33129,33367,33859,34230,37472,37524,38189,39604,39792,39873,40646,41891,43563,43748,43810,45435,45512,45612,46170,46281,46283,46304,46474,46494,46572,46748,46761,47427,47430,47653,47683,47868,47958,47993,48115,48228,48391,48809,48867,48981,49009,49017,49118,49151,49170,50301,50663,50865,51179,51379,51556,51585,51652,52486,52828,54461,54731,58109,58159,59849,59904,60284,60506,60509,60738,60979,61056,61233,61284,61524,61894,61944,62106,65086,65181,65186,65207,66055,66062,66473,66501,67361,67534,67556,68100,68214,68414,68418,68436,68458,68802,69107,69432,70017,70429,70686,70688,70873,71109,71135,71137,71240,72067,72186,72883::5;
lumisParentRange : 
Basename : /store/user/mario/QCD_Pt_250_350_EMEnriched_TuneZ2star_8TeV_pythia6/Summer12-stop-pfele-step1/3d176ac8da5e9dff208d057f4733ca91/tuple_17
BasenameParent : 
parentFiles : 
inputBlocks : /QCD_Pt_250_350_EMEnriched_TuneZ2star_8TeV_pythia6/mario-Summer12-stop-pfele-step1-3d176ac8da5e9dff208d057f4733ca91/USER#89723d11-1f9b-42cd-94f4-feb0ac97b54e
inputFiles : 5_6_Wde.root::1::EDM::Local::1;6_8_b36.root::1::EDM::Local::2;2_8_o49.root::1::EDM::Local::3;1_3_m72.root::1::EDM::Local::4;3_8_DQE.root::1::EDM::Local::5;
Popularity stop
Extracted ExitStatus from FrameworkJobReport parsing output: 0
>>> Executable succeded  0
ExeExitCode=0
EXECUTABLE_EXIT_STATUS = 0
>>> current directory /home/cms006/home_crce1_143474731/CREAM143474731/glide_M13733/execute/dir_24587/CMSSW_5_3_5
>>>  (SOFTWARE_DIR): /home/cms006/home_crce1_143474731/CREAM143474731/glide_M13733/execute/dir_24587/CMSSW_5_3_5
>>> (WORKING_DIR): 
>>> current directory content:
total 160
drwxr-xr-x 3 cms006 cms  4096 Nov 27 02:18 .SCRAM
-rw-r--r-- 1 cms006 cms 30066 Nov 27 02:18 CMSSW.py.pkl
drwxr-xr-x 3 cms006 cms  4096 Nov 27 02:18 bin
drwxr-xr-x 3 cms006 cms  4096 Nov 27 02:18 cfipython
drwxr-xr-x 5 cms006 cms  4096 Nov 27 02:18 config
-rw-r--r-- 1 cms006 cms    17 Nov 27 02:31 cpu_timing.txt
drwxr-xr-x 2 cms006 cms  4096 Nov 27 02:18 doc
-rw-r--r-- 1 cms006 cms 16454 Nov 27 02:31 executable.out
drwxr-xr-x 2 cms006 cms  4096 Nov 27 02:18 include
drwxrwxrwx 3 cms006 cms  4096 Oct 22 16:38 lib
drwxr-xr-x 3 cms006 cms  4096 Nov 27 02:18 logs
drwxr-xr-x 3 cms006 cms  4096 Nov 27 02:18 objs
-rw-r--r-- 1 cms006 cms 18180 Nov 27 02:31 optHistograms.root
-rw-r--r-- 1 cms006 cms   104 Nov 27 02:18 pset.py
-rw-r--r-- 1 cms006 cms 19507 Nov 27 02:18 pset.py.pkl
-rw-r--r-- 1 cms006 cms   289 Nov 27 02:18 pset.pyc
drwxr-xr-x 2 cms006 cms  4096 Nov 27 02:18 python
-rw-r--r-- 1 cms006 cms   420 Nov 27 02:31 report.log
drwxrwxrwx 4 cms006 cms  4096 Nov 27 02:18 src
drwxr-xr-x 3 cms006 cms  4096 Nov 27 02:18 test
drwxr-xr-x 3 cms006 cms  4096 Nov 27 02:18 tmp
>>> current directory /home/cms006/home_crce1_143474731/CREAM143474731/glide_M13733/execute/dir_24587/CMSSW_5_3_5
>>> (SOFTWARE_DIR): /home/cms006/home_crce1_143474731/CREAM143474731/glide_M13733/execute/dir_24587/CMSSW_5_3_5
>>> (WORKING_DIR): 
>>> current directory content:
total 140
drwxr-xr-x 3 cms006 cms  4096 Nov 27 02:18 .SCRAM
-rw-r--r-- 1 cms006 cms 30066 Nov 27 02:18 CMSSW.py.pkl
drwxr-xr-x 3 cms006 cms  4096 Nov 27 02:18 bin
drwxr-xr-x 3 cms006 cms  4096 Nov 27 02:18 cfipython
drwxr-xr-x 5 cms006 cms  4096 Nov 27 02:18 config
-rw-r--r-- 1 cms006 cms    17 Nov 27 02:31 cpu_timing.txt
drwxr-xr-x 2 cms006 cms  4096 Nov 27 02:18 doc
-rw-r--r-- 1 cms006 cms 16454 Nov 27 02:31 executable.out
drwxr-xr-x 2 cms006 cms  4096 Nov 27 02:18 include
drwxrwxrwx 3 cms006 cms  4096 Oct 22 16:38 lib
drwxr-xr-x 3 cms006 cms  4096 Nov 27 02:18 logs
drwxr-xr-x 3 cms006 cms  4096 Nov 27 02:18 objs
-rw-r--r-- 1 cms006 cms   104 Nov 27 02:18 pset.py
-rw-r--r-- 1 cms006 cms 19507 Nov 27 02:18 pset.py.pkl
-rw-r--r-- 1 cms006 cms   289 Nov 27 02:18 pset.pyc
drwxr-xr-x 2 cms006 cms  4096 Nov 27 02:18 python
-rw-r--r-- 1 cms006 cms   420 Nov 27 02:31 report.log
drwxrwxrwx 4 cms006 cms  4096 Nov 27 02:18 src
drwxr-xr-x 3 cms006 cms  4096 Nov 27 02:18 test
drwxr-xr-x 3 cms006 cms  4096 Nov 27 02:18 tmp
>>> current directory (RUNTIME_AREA):  /home/cms006/home_crce1_143474731/CREAM143474731/glide_M13733/execute/dir_24587
>>> current dir: /home/cms006/home_crce1_143474731/CREAM143474731/glide_M13733/execute/dir_24587
>>> current dir content:
total 25800
-rw-rw-rw-  1 cms006 cms     5669 Nov 27 02:18 .job.ad
-rw-rw-rw-  1 cms006 cms    11425 Nov 27 02:18 .machine.ad
-rw-rw-rw-  1 cms006 cms      105 Nov 27 01:27 CMSSW.py
-rw-rw-rw-  1 cms006 cms    30066 Nov 27 01:27 CMSSW.py.pkl
-rwxrw-rw-  1 cms006 cms    23341 Nov 27 02:18 CMSSW.sh
drwxr-xr-x 15 cms006 cms     4096 Nov 27 02:31 CMSSW_5_3_5
-rw-rw-rw-  1 cms006 cms        0 Nov 27 02:18 CMSSW_86.stderr
-rw-rw-rw-  1 cms006 cms    32746 Nov 27 02:31 CMSSW_86.stdout
-rw-r--r--  1 cms006 cms      347 Nov 27 02:18 CacheEnv.sh
-rw-rw-rw-  1 cms006 cms     7291 Jun  9  2010 DashboardAPI.py
-rw-r--r--  1 cms006 cms     6883 Nov 27 02:18 DashboardAPI.pyc
drwxrwxrwx  3 cms006 cms     4096 Nov 27 02:31 IMProv
-rw-rw-rw-  1 cms006 cms     2748 Mar  8  2006 Logger.py
-rw-r--r--  1 cms006 cms     3353 Nov 27 02:18 Logger.pyc
-rw-rw-rw-  1 cms006 cms    24524 Mar 28  2008 ProcInfo.py
-rw-r--r--  1 cms006 cms    23470 Nov 27 02:18 ProcInfo.pyc
drwxrwxrwx  7 cms006 cms     4096 Nov 27 02:18 ProdCommon
drwxrwxrwx  3 cms006 cms     4096 Nov 27 02:18 WMCore
-rw-r--r--  1 cms006 cms     2906 Nov 27 02:30 Watchdog_86.log
-rw-rw-rw-  1 cms006 cms    32895 Mar 28  2008 apmon.py
-rw-r--r--  1 cms006 cms    28874 Nov 27 02:18 apmon.pyc
-rw-rw-rw-  1 cms006 cms   105070 Nov 27 02:18 arguments.xml
-rwxrwxrwx  1 cms006 cms    37427 Sep 13 14:14 cmscp.py
-rwxrwxrwx  1 cms006 cms    23341 Nov 27 02:18 condor_exec.exe
-rw-rw-rw-  1 cms006 cms      546 Nov 27 01:27 crab.cfg
-rwxrwxrwx  1 cms006 cms     9531 Sep 20 21:46 crabWatchdog.sh
-rw-r--r--  1 cms006 cms    49955 Nov 27 02:31 crab_fjr_86.xml
-rw-rw-rw-  1 cms006 cms 25796300 Nov 27 02:18 default.tgz
-rwxrwxrwx  1 cms006 cms     4488 May 12  2012 fillCrabFjr.py
-rw-r--r--  1 cms006 cms      946 Nov 27 02:18 inputsReport.txt
-rw-r--r--  1 cms006 cms      132 Nov 27 02:31 jobreport.txt
lrwxrwxrwx  1 cms006 cms      107 Nov 27 02:31 optHistograms.root -> /home/cms006/home_crce1_143474731/CREAM143474731/glide_M13733/execute/dir_24587/optHistograms_86_1_L64.root
-rw-r--r--  1 cms006 cms    18180 Nov 27 02:31 optHistograms_86_1_L64.root
-rw-rw-rw-  1 cms006 cms    17352 Jan 20  2012 parseCrabFjr.py
-rw-r--r--  1 cms006 cms      285 Nov 27 02:18 report.log
-rwxrwxrwx  1 cms006 cms     1497 May 27  2009 report.py
-rwxrwxrwx  1 cms006 cms     8387 Mar 23  2011 writeCfg.py
-rw-------  1 cms006 cms     8691 Nov 27 02:28 x509up_u1000009
Checking output files:  
will tar file optHistograms_86_1_L64.root in  out_files_86
will tar file crab_fjr_86.xml in  out_files_86
will tar file CMSSW_86.stdout in  out_files_86
will tar file CMSSW_86.stderr in  out_files_86
WARNING: output file Watchdog_86.log.gz not found!
>>> padding time: Wrapper lasting more than 600 seconds. No sleep required.
STOPPING WATCHDOG. CrabWatchdog PID is 27928
********** LAST 50 LINES OF WATCHDOG LOG
# RESOURCE USAGE SUMMARY FOR PROCESS ID 24591
USER       PID %CPU %MEM    VSZ   RSS TTY      STAT START   TIME COMMAND
cms006   24591  0.2  0.0   8956  1488 ?        S    02:18   0:00 /bin/sh /home/cms006/home_crce1_143474731/CREAM143474731/glide_M13733/execute/dir_24587/condor_exec.exe 86 1
 
# LIMITS USED BY THIS WATCHDOG:
# RSS  (KBytes)  : 2300000
# VSZ  (KBytes)  : 100000000
# DISK (MBytes)  : 19000
# CPU  (seconds) : 171600
# WALL (seconds) : 171600
 
# FOLLOWING PRINTOUT TRACKS MAXIMUM VALUES OF RESOURCES USE
# ONE LINE IS PRINTED EACH TIME A MAXIMUM CHANGES
# IF CHANGE WAS IN RSS OR VSZ ALSO PROCID AND COMMAND ARE PRINTED
# THERE IS NO PRINTOUT FOR CPU/WALL TIME INCREASE
 
# TIME			PID	RSS(KB)	VSZ(KB)	Dsk(MB)	tCPU(s)	tWALL(s)	COMMAND
 Nov 27 02:18:45 EET	13029	1320	8896	0	0	2032	-bash         
 Nov 27 02:18:45 EET	13137	1484	8952	0	0	2033	/bin/sh -l ./CREAM143474731_jobWrapper.sh       
 Nov 27 02:18:45 EET	13643	2680	25504	0	0	2032	perl -e ?use Socket;??sub send_notify {? $cream_url = "193.40.150.141:49152";die "No
 Nov 27 02:18:45 EET	23980	6064	25504	0	1	2012	/home/cms006/home_crce1_143474731/CREAM143474731/glide_M13733/main/condor/sbin/condor_master -f -pidfile /home/cms006/home_crce1_143474731/CREAM143474731/glide_M13733/condor_master2.pid      
 Nov 27 02:18:45 EET	---	6064	25504	168	----	----	----
 Nov 27 02:19:50 EET	30370	351852	564584	168	13	57	cmsRun -j /home/cms006/home_crce1_143474731/CREAM143474731/glide_M13733/execute/dir_24587/crab_fjr_86.xml -p pset.py     
 Nov 27 02:20:55 EET	30370	361072	564584	168	55	121	cmsRun -j /home/cms006/home_crce1_143474731/CREAM143474731/glide_M13733/execute/dir_24587/crab_fjr_86.xml -p pset.py     
 Nov 27 02:21:59 EET	30370	361220	564584	168	102	188	cmsRun -j /home/cms006/home_crce1_143474731/CREAM143474731/glide_M13733/execute/dir_24587/crab_fjr_86.xml -p pset.py     
 Nov 27 02:23:06 EET	30370	366452	565352	168	136	254	cmsRun -j /home/cms006/home_crce1_143474731/CREAM143474731/glide_M13733/execute/dir_24587/crab_fjr_86.xml -p pset.py     
 Nov 27 02:24:12 EET	30370	366468	565352	168	184	322	cmsRun -j /home/cms006/home_crce1_143474731/CREAM143474731/glide_M13733/execute/dir_24587/crab_fjr_86.xml -p pset.py     
 Nov 27 02:25:21 EET	30370	366468	565864	168	227	397	cmsRun -j /home/cms006/home_crce1_143474731/CREAM143474731/glide_M13733/execute/dir_24587/crab_fjr_86.xml -p pset.py     
 Nov 27 02:27:49 EET	30370	366588	565864	168	320	543	cmsRun -j /home/cms006/home_crce1_143474731/CREAM143474731/glide_M13733/execute/dir_24587/crab_fjr_86.xml -p pset.py     
 Nov 27 02:29:01 EET	30370	367092	565864	168	369	616	cmsRun -j /home/cms006/home_crce1_143474731/CREAM143474731/glide_M13733/execute/dir_24587/crab_fjr_86.xml -p pset.py     
 Nov 27 02:30:15 EET	30370	367092	566120	168	404	689	cmsRun -j /home/cms006/home_crce1_143474731/CREAM143474731/glide_M13733/execute/dir_24587/crab_fjr_86.xml -p pset.py     
********** WATCHDOG LOG ENDED
ZIPPING WATCHDOG LOG
Disk space used:
du -sh /home/cms006/home_crce1_143474731/CREAM143474731/glide_M13733/execute/dir_24587
169M	/home/cms006/home_crce1_143474731/CREAM143474731/glide_M13733/execute/dir_24587
>>> info for dashboard:
***** Cat /home/cms006/home_crce1_143474731/CREAM143474731/glide_M13733/execute/dir_24587/jobreport.txt *****
MonitorJobID=86_https://submit-2.t2.ucsd.edu//121127//17529.85
MonitorID=liis_crab_0_121127_012714_evt312
ExeTime=729
ExeExitCode=0
CrabUserCpuTime=420.93
CrabSysCpuTime=10.76
CrabCpuPercentage=59%
CrabWrapperTime=767
CrabStageoutTime=NULL
***** End Cat jobreport *****
Parameters sent to Dashboard.
optHistograms_86_1_L64.root
crab_fjr_86.xml
CMSSW_86.stdout
CMSSW_86.stderr
Watchdog_86.log.gz
tar: .BrokerInfo: Cannot stat: No such file or directory
tar: Error exit delayed from previous errors
Total Output dimension: 30595
WARNING: output files size limit is set to: 50000000
Total Output dimension 30595 is fine.
JOB_EXIT_STATUS = 0
>>> info for dashboard:
***** Cat /home/cms006/home_crce1_143474731/CREAM143474731/glide_M13733/execute/dir_24587/jobreport.txt *****
MonitorJobID=86_https://submit-2.t2.ucsd.edu//121127//17529.85
MonitorID=liis_crab_0_121127_012714_evt312
JobExitCode=0
***** End Cat jobreport *****
Parameters sent to Dashboard.
optHistograms_86_1_L64.root
crab_fjr_86.xml
