This script was generated by crab (version 2.8.3).
Running /home/cms030/home_creur_152525700/CREAM152525700/glide_i21901/execute/dir_20703/condor_exec.exe with 2 positional parameters: 93 1
Today is Tue Nov 27 02:18:46 EET 2012
Job submitted on host wn-v-6464.local
Linux wn-v-6464.local 2.6.32-042stab059.7 #1 SMP Tue Jul 24 19:12:01 MSK 2012 x86_64 x86_64 x86_64 GNU/Linux
>>> current directory (RUNTIME_AREA): /home/cms030/home_creur_152525700/CREAM152525700/glide_i21901/execute/dir_20703
>>> current user: uid=11030(cms030) gid=1400(cms) groups=1400(cms)
>>> voms proxy information:
subject   : /DC=ch/DC=cern/OU=Organic Units/OU=Users/CN=liis/CN=663550/CN=Liis Rebane/CN=proxy/CN=limited proxy
issuer    : /DC=ch/DC=cern/OU=Organic Units/OU=Users/CN=liis/CN=663550/CN=Liis Rebane/CN=proxy
identity  : /DC=ch/DC=cern/OU=Organic Units/OU=Users/CN=liis/CN=663550/CN=Liis Rebane/CN=proxy
type      : limited proxy
strength  : 512 bits
path      : /home/cms030/home_creur_152525700/CREAM152525700/glide_i21901/execute/dir_20703/x509up_u1000009
timeleft  : 23:59:54
key usage : Digital Signature, Key Encipherment, Data Encipherment
=== VO cms extension information ===
VO        : cms
subject   : /DC=ch/DC=cern/OU=Organic Units/OU=Users/CN=liis/CN=663550/CN=Liis Rebane
issuer    : /DC=ch/DC=cern/OU=computers/CN=lcg-voms.cern.ch
attribute : /cms/Role=NULL/Capability=NULL
timeleft  : 191:06:51
uri       : lcg-voms.cern.ch:15002
>>> tar xzf /home/cms030/home_creur_152525700/CREAM152525700/glide_i21901/execute/dir_20703/default.tgz :
Successful untar
>>> Include /home/cms030/home_creur_152525700/CREAM152525700/glide_i21901/execute/dir_20703 in PYTHONPATH:
strip arguments
env var CRAB_UNIQUE_JOB_ID set to: liis_crab_0_121127_012714_evt312_93_1_HQS
out_files_93
>>> list of expected files on output sandbox
output files: optHistograms_93_1_HQS.root crab_fjr_93.xml CMSSW_93.stdout CMSSW_93.stderr Watchdog_93.log.gz
>>> GridFlavour discovery: 
GridFlavour=LCG
>>> SyncSite discovery: 
SyncSite=T2_EE_Estonia
>>> SyncCE discovery: 
getting SyncCE from CE_ID
SyncCE=europa.hep.kbfi.ee:8443/cream-pbs-long
>>> info for dashboard:
***** Cat /home/cms030/home_creur_152525700/CREAM152525700/glide_i21901/execute/dir_20703/jobreport.txt *****
MonitorJobID=93_https://submit-2.t2.ucsd.edu//121127//17529.92
SyncGridJobId=https://submit-2.t2.ucsd.edu//121127//17529.92
MonitorID=liis_crab_0_121127_012714_evt312
GridFlavour=LCG
SyncSite=T2_EE_Estonia
SyncCE=europa.hep.kbfi.ee:8443/cream-pbs-long
***** End Cat jobreport *****
Parameters sent to Dashboard.
>>> setup environment
set SCRAM ARCH to slc5_amd64_gcc462
SCRAM_ARCH = slc5_amd64_gcc462
>>> setup CMS LCG environment:
set SCRAM ARCH and BUILD_ARCH to slc5_amd64_gcc462 ###
Sourcing environment... 
sourcing /cvmfs/cms.cern.ch/cmsset_default.sh
==> setup cms environment ok
>>> specific cmssw setup environment:
CMSSW_VERSION =  CMSSW_5_3_5
>>> current directory (SOFTWARE_DIR): /home/cms030/home_creur_152525700/CREAM152525700/glide_i21901/execute/dir_20703/CMSSW_5_3_5
PreserveSeeds: <>
IncrementSeeds:<>
{}
WNHostName=wn-v-6464.local
>>> info for dashboard:
***** Cat /home/cms030/home_creur_152525700/CREAM152525700/glide_i21901/execute/dir_20703/jobreport.txt *****
MonitorJobID=93_https://submit-2.t2.ucsd.edu//121127//17529.92
MonitorID=liis_crab_0_121127_012714_evt312
WNHostName=wn-v-6464.local
***** End Cat jobreport *****
Parameters sent to Dashboard.
crabWatchdog started as process 26115
>>> moving CMSSW software directories in /home/cms030/home_creur_152525700/CREAM152525700/glide_i21901/execute/dir_20703/CMSSW_5_3_5
mv: cannot stat `/home/cms030/home_creur_152525700/CREAM152525700/glide_i21901/execute/dir_20703/module/': No such file or directory
>>> Include /home/cms030/home_creur_152525700/CREAM152525700/glide_i21901/execute/dir_20703 in PYTHONPATH:
PYTHONPATH=/home/cms030/home_creur_152525700/CREAM152525700/glide_i21901/execute/dir_20703/:/home/cms030/home_creur_152525700/CREAM152525700/glide_i21901/execute/dir_20703/CMSSW_5_3_5/python:/home/cms030/home_creur_152525700/CREAM152525700/glide_i21901/execute/dir_20703/CMSSW_5_3_5/lib/slc5_amd64_gcc462:/cvmfs/cms.cern.ch/slc5_amd64_gcc462/cms/cmssw/CMSSW_5_3_5/python:/cvmfs/cms.cern.ch/slc5_amd64_gcc462/cms/cmssw/CMSSW_5_3_5/lib/slc5_amd64_gcc462:/cvmfs/cms.cern.ch/slc5_amd64_gcc462/cms/coral/CORAL_2_3_21-cms27/slc5_amd64_gcc462/python:/cvmfs/cms.cern.ch/slc5_amd64_gcc462/cms/coral/CORAL_2_3_21-cms27/slc5_amd64_gcc462/lib:/cvmfs/cms.cern.ch/slc5_amd64_gcc462/external/pyqt/4.8.1/lib/python2.6/site-packages:/cvmfs/cms.cern.ch/slc5_amd64_gcc462/external/py2-scipy/0.8.0/lib/python2.6/site-packages:/cvmfs/cms.cern.ch/slc5_amd64_gcc462/external/py2-matplotlib/1.0.1/lib/python2.6/site-packages:/cvmfs/cms.cern.ch/slc5_amd64_gcc462/external/python-ldap/2.3.5/lib/python2.6/site-packages:/cvmfs/cms.cern.ch/slc5_amd64_gcc462/external/sip/4.11.2/lib/python2.6/site-packages:/cvmfs/cms.cern.ch/slc5_amd64_gcc462/external/py2-pycurl/7.19.0/lib/python2.6/site-packages:/cvmfs/cms.cern.ch/slc5_amd64_gcc462/external/py2-numpy/1.6.1/lib/python2.6/site-packages:/cvmfs/cms.cern.ch/slc5_amd64_gcc462/external/py2-ipython/0.10/lib/python2.6/site-packages:/cvmfs/cms.cern.ch/slc5_amd64_gcc462/external/py2-cx-oracle/5.1-cms11/lib/python2.6/site-packages:/cvmfs/cms.cern.ch/slc5_amd64_gcc462/external/py2-cjson/1.0.5/lib/python2.6/site-packages:/cvmfs/cms.cern.ch/slc5_amd64_gcc462/cms/das-client/1.4.1-cms8/bin:/cvmfs/cms.cern.ch/slc5_amd64_gcc462/external/elementtree/1.2.6/share/lib/python2.6/site-packages:/cvmfs/cms.cern.ch/slc5_amd64_gcc462/external/rivet/1.5.1-cms10/lib/python2.6/site-packages:/cvmfs/cms.cern.ch/slc5_amd64_gcc462/external/pyminuit2/0.0.1-cms34/lib/python2.6/site-packages:/cvmfs/cms.cern.ch/slc5_amd64_gcc462/external/professor/1.0.0-cms35/lib/python2.6/site-packages:/cvmfs/cms.cern.ch/slc5_amd64_gcc462/lcg/root/5.32.00-cms18/lib:/cvmfs/cms.cern.ch/slc5_amd64_gcc462/cms/dbs-client/DBS_2_1_1_patch1_1/lib:/cvmfs/cms.cern.ch/slc5_amd64_gcc462/cms/dbs-client/DBS_2_1_1_patch1_1/lib/DBSAPI:/home/cms030/home_creur_152525700/CREAM152525700/glide_i21901/execute/dir_20703/
241a2a19cb7c5c8751ba22759ab3bdb0
PSETHASH = 241a2a19cb7c5c8751ba22759ab3bdb0
/home/cms030/home_creur_152525700/CREAM152525700/glide_i21901/execute/dir_20703/writeCfg.py pset.py pset.py
Importing .py file
Setting parameters
inputBlocks=/QCD_Pt_250_350_EMEnriched_TuneZ2star_8TeV_pythia6/mario-Summer12-stop-pfele-step1-3d176ac8da5e9dff208d057f4733ca91/USER#89723d11-1f9b-42cd-94f4-feb0ac97b54e
inputFiles=/store/user/mario/QCD_Pt_250_350_EMEnriched_TuneZ2star_8TeV_pythia6/Summer12-stop-pfele-step1/3d176ac8da5e9dff208d057f4733ca91/tuple_32_11_20O.root;/store/user/mario/QCD_Pt_250_350_EMEnriched_TuneZ2star_8TeV_pythia6/Summer12-stop-pfele-step1/3d176ac8da5e9dff208d057f4733ca91/tuple_3_9_uCt.root;/store/user/mario/QCD_Pt_250_350_EMEnriched_TuneZ2star_8TeV_pythia6/Summer12-stop-pfele-step1/3d176ac8da5e9dff208d057f4733ca91/tuple_8_10_Vcb.root;/store/user/mario/QCD_Pt_250_350_EMEnriched_TuneZ2star_8TeV_pythia6/Summer12-stop-pfele-step1/3d176ac8da5e9dff208d057f4733ca91/tuple_11_7_Anu.root;/store/user/mario/QCD_Pt_250_350_EMEnriched_TuneZ2star_8TeV_pythia6/Summer12-stop-pfele-step1/3d176ac8da5e9dff208d057f4733ca91/tuple_19_11_GL4.root
parentFiles=
lumisRange=
>>> Executable cmsRun
/cvmfs/cms.cern.ch/slc5_amd64_gcc462/cms/cmssw/CMSSW_5_3_5/bin/slc5_amd64_gcc462/cmsRun
ok executable found
>>> info for dashboard:
***** Cat /home/cms030/home_creur_152525700/CREAM152525700/glide_i21901/execute/dir_20703/jobreport.txt *****
MonitorJobID=93_https://submit-2.t2.ucsd.edu//121127//17529.92
MonitorID=liis_crab_0_121127_012714_evt312
ExeStart=cmsRun
***** End Cat jobreport *****
Parameters sent to Dashboard.
>>> cmsRun started at Tue Nov 27 00:19:11 UTC 2012
>>> cmsRun ended at Tue Nov 27 00:32:00 UTC 2012
>>> info for dashboard:
***** Cat /home/cms030/home_creur_152525700/CREAM152525700/glide_i21901/execute/dir_20703/jobreport.txt *****
MonitorJobID=93_https://submit-2.t2.ucsd.edu//121127//17529.92
MonitorID=liis_crab_0_121127_012714_evt312
ExeEnd=cmsRun
***** End Cat jobreport *****
Parameters sent to Dashboard.
TIME_EXE = 769 sec
>>> cmsRun wrote 146 lines of stdout+stderr
>>> START OF printout of 146 lines from stdout+stderr
27-Nov-2012 02:19:40 EET  Initiating request to open file file:/hdfs/cms/store/user/mario/QCD_Pt_250_350_EMEnriched_TuneZ2star_8TeV_pythia6/Summer12-stop-pfele-step1/3d176ac8da5e9dff208d057f4733ca91/tuple_32_11_20O.root
27-Nov-2012 02:19:49 EET  Successfully opened file file:/hdfs/cms/store/user/mario/QCD_Pt_250_350_EMEnriched_TuneZ2star_8TeV_pythia6/Summer12-stop-pfele-step1/3d176ac8da5e9dff208d057f4733ca91/tuple_32_11_20O.root
Begin processing the 1st record. Run 1, Event 137269137, LumiSection 37465 at 27-Nov-2012 02:20:20.400 EET
Begin processing the 1001st record. Run 1, Event 128894451, LumiSection 35179 at 27-Nov-2012 02:20:28.517 EET
Begin processing the 2001st record. Run 1, Event 183607222, LumiSection 50112 at 27-Nov-2012 02:20:36.218 EET
Begin processing the 3001st record. Run 1, Event 195601666, LumiSection 53385 at 27-Nov-2012 02:20:40.108 EET
Begin processing the 4001st record. Run 1, Event 205605061, LumiSection 56115 at 27-Nov-2012 02:20:47.667 EET
Begin processing the 5001st record. Run 1, Event 217416999, LumiSection 59339 at 27-Nov-2012 02:20:52.381 EET
Begin processing the 6001st record. Run 1, Event 221941651, LumiSection 60574 at 27-Nov-2012 02:20:59.596 EET
Begin processing the 7001st record. Run 1, Event 221071224, LumiSection 60337 at 27-Nov-2012 02:21:03.976 EET
Begin processing the 8001st record. Run 1, Event 6234806, LumiSection 1702 at 27-Nov-2012 02:21:09.121 EET
Begin processing the 9001st record. Run 1, Event 44330930, LumiSection 12100 at 27-Nov-2012 02:21:12.669 EET
Begin processing the 10001st record. Run 1, Event 72222501, LumiSection 19712 at 27-Nov-2012 02:21:21.003 EET
Begin processing the 11001st record. Run 1, Event 92019847, LumiSection 25115 at 27-Nov-2012 02:21:25.367 EET
Begin processing the 12001st record. Run 1, Event 98811701, LumiSection 26969 at 27-Nov-2012 02:21:30.865 EET
Begin processing the 13001st record. Run 1, Event 109505110, LumiSection 29887 at 27-Nov-2012 02:21:36.628 EET
Begin processing the 14001st record. Run 1, Event 127719522, LumiSection 34858 at 27-Nov-2012 02:21:40.715 EET
Begin processing the 15001st record. Run 1, Event 133568194, LumiSection 36455 at 27-Nov-2012 02:21:47.871 EET
Begin processing the 16001st record. Run 1, Event 147976010, LumiSection 40387 at 27-Nov-2012 02:21:51.944 EET
Begin processing the 17001st record. Run 1, Event 151381543, LumiSection 41316 at 27-Nov-2012 02:21:58.980 EET
Begin processing the 18001st record. Run 1, Event 225898335, LumiSection 61654 at 27-Nov-2012 02:22:02.776 EET
Begin processing the 19001st record. Run 1, Event 238088411, LumiSection 64981 at 27-Nov-2012 02:22:10.334 EET
Begin processing the 20001st record. Run 1, Event 241597632, LumiSection 65939 at 27-Nov-2012 02:22:14.804 EET
27-Nov-2012 02:22:19 EET  Closed file file:/hdfs/cms/store/user/mario/QCD_Pt_250_350_EMEnriched_TuneZ2star_8TeV_pythia6/Summer12-stop-pfele-step1/3d176ac8da5e9dff208d057f4733ca91/tuple_32_11_20O.root
27-Nov-2012 02:22:19 EET  Initiating request to open file file:/hdfs/cms/store/user/mario/QCD_Pt_250_350_EMEnriched_TuneZ2star_8TeV_pythia6/Summer12-stop-pfele-step1/3d176ac8da5e9dff208d057f4733ca91/tuple_3_9_uCt.root
27-Nov-2012 02:22:19 EET  Successfully opened file file:/hdfs/cms/store/user/mario/QCD_Pt_250_350_EMEnriched_TuneZ2star_8TeV_pythia6/Summer12-stop-pfele-step1/3d176ac8da5e9dff208d057f4733ca91/tuple_3_9_uCt.root
Begin processing the 21001st record. Run 1, Event 255307841, LumiSection 69681 at 27-Nov-2012 02:22:50.656 EET
Begin processing the 22001st record. Run 1, Event 259491646, LumiSection 70822 at 27-Nov-2012 02:22:54.366 EET
Begin processing the 23001st record. Run 1, Event 260222468, LumiSection 71022 at 27-Nov-2012 02:22:59.897 EET
Begin processing the 24001st record. Run 1, Event 205575437, LumiSection 56107 at 27-Nov-2012 02:23:04.020 EET
Begin processing the 25001st record. Run 1, Event 211230788, LumiSection 57651 at 27-Nov-2012 02:23:10.835 EET
Begin processing the 26001st record. Run 1, Event 231404703, LumiSection 63157 at 27-Nov-2012 02:23:15.060 EET
Begin processing the 27001st record. Run 1, Event 216608850, LumiSection 59119 at 27-Nov-2012 02:23:21.126 EET
Begin processing the 28001st record. Run 1, Event 191880719, LumiSection 52370 at 27-Nov-2012 02:23:25.544 EET
Begin processing the 29001st record. Run 1, Event 207666322, LumiSection 56678 at 27-Nov-2012 02:23:35.078 EET
Begin processing the 30001st record. Run 1, Event 212896361, LumiSection 58105 at 27-Nov-2012 02:23:41.189 EET
Begin processing the 31001st record. Run 1, Event 260005259, LumiSection 70963 at 27-Nov-2012 02:23:45.083 EET
Begin processing the 32001st record. Run 1, Event 265513873, LumiSection 72466 at 27-Nov-2012 02:23:49.015 EET
Begin processing the 33001st record. Run 1, Event 8917947, LumiSection 2434 at 27-Nov-2012 02:23:52.229 EET
Begin processing the 34001st record. Run 1, Event 19086779, LumiSection 5210 at 27-Nov-2012 02:23:56.827 EET
Begin processing the 35001st record. Run 1, Event 48429777, LumiSection 13218 at 27-Nov-2012 02:24:00.757 EET
Begin processing the 36001st record. Run 1, Event 118747587, LumiSection 32410 at 27-Nov-2012 02:24:07.620 EET
Begin processing the 37001st record. Run 1, Event 154605887, LumiSection 42196 at 27-Nov-2012 02:24:11.446 EET
Begin processing the 38001st record. Run 1, Event 165915769, LumiSection 45283 at 27-Nov-2012 02:24:18.603 EET
Begin processing the 39001st record. Run 1, Event 194785350, LumiSection 53162 at 27-Nov-2012 02:24:27.821 EET
Begin processing the 40001st record. Run 1, Event 45657885, LumiSection 12462 at 27-Nov-2012 02:24:31.861 EET
Begin processing the 41001st record. Run 1, Event 50423015, LumiSection 13762 at 27-Nov-2012 02:24:40.634 EET
Begin processing the 42001st record. Run 1, Event 54971095, LumiSection 15004 at 27-Nov-2012 02:24:45.097 EET
Begin processing the 43001st record. Run 1, Event 69653933, LumiSection 19011 at 27-Nov-2012 02:24:50.959 EET
Begin processing the 44001st record. Run 1, Event 51511929, LumiSection 14059 at 27-Nov-2012 02:24:54.654 EET
Begin processing the 45001st record. Run 1, Event 59588941, LumiSection 16264 at 27-Nov-2012 02:24:59.811 EET
Begin processing the 46001st record. Run 1, Event 67144520, LumiSection 18326 at 27-Nov-2012 02:25:04.420 EET
Begin processing the 47001st record. Run 1, Event 219282254, LumiSection 59848 at 27-Nov-2012 02:25:08.354 EET
27-Nov-2012 02:25:08 EET  Closed file file:/hdfs/cms/store/user/mario/QCD_Pt_250_350_EMEnriched_TuneZ2star_8TeV_pythia6/Summer12-stop-pfele-step1/3d176ac8da5e9dff208d057f4733ca91/tuple_3_9_uCt.root
27-Nov-2012 02:25:08 EET  Initiating request to open file file:/hdfs/cms/store/user/mario/QCD_Pt_250_350_EMEnriched_TuneZ2star_8TeV_pythia6/Summer12-stop-pfele-step1/3d176ac8da5e9dff208d057f4733ca91/tuple_8_10_Vcb.root
27-Nov-2012 02:25:08 EET  Successfully opened file file:/hdfs/cms/store/user/mario/QCD_Pt_250_350_EMEnriched_TuneZ2star_8TeV_pythia6/Summer12-stop-pfele-step1/3d176ac8da5e9dff208d057f4733ca91/tuple_8_10_Vcb.root
Begin processing the 48001st record. Run 1, Event 140211839, LumiSection 38268 at 27-Nov-2012 02:25:30.927 EET
Begin processing the 49001st record. Run 1, Event 190532741, LumiSection 52002 at 27-Nov-2012 02:25:34.816 EET
Begin processing the 50001st record. Run 1, Event 8297425, LumiSection 2265 at 27-Nov-2012 02:25:40.725 EET
Begin processing the 51001st record. Run 1, Event 30714914, LumiSection 8383 at 27-Nov-2012 02:25:46.861 EET
Begin processing the 52001st record. Run 1, Event 150664301, LumiSection 41121 at 27-Nov-2012 02:25:51.594 EET
Begin processing the 53001st record. Run 1, Event 154216861, LumiSection 42090 at 27-Nov-2012 02:25:57.176 EET
Begin processing the 54001st record. Run 1, Event 209895586, LumiSection 57286 at 27-Nov-2012 02:26:01.282 EET
Begin processing the 55001st record. Run 1, Event 145858661, LumiSection 39809 at 27-Nov-2012 02:26:07.045 EET
Begin processing the 56001st record. Run 1, Event 151413712, LumiSection 41325 at 27-Nov-2012 02:26:10.866 EET
Begin processing the 57001st record. Run 1, Event 223072594, LumiSection 60883 at 27-Nov-2012 02:26:15.880 EET
Begin processing the 58001st record. Run 1, Event 183547853, LumiSection 50095 at 27-Nov-2012 02:26:19.816 EET
Begin processing the 59001st record. Run 1, Event 168153529, LumiSection 45894 at 27-Nov-2012 02:26:26.252 EET
Begin processing the 60001st record. Run 1, Event 182385405, LumiSection 49778 at 27-Nov-2012 02:26:32.016 EET
Begin processing the 61001st record. Run 1, Event 178115072, LumiSection 48613 at 27-Nov-2012 02:26:35.794 EET
Begin processing the 62001st record. Run 1, Event 181107332, LumiSection 49429 at 27-Nov-2012 02:26:43.610 EET
Begin processing the 63001st record. Run 1, Event 185264417, LumiSection 50564 at 27-Nov-2012 02:26:49.712 EET
Begin processing the 64001st record. Run 1, Event 184829784, LumiSection 50445 at 27-Nov-2012 02:26:56.872 EET
Begin processing the 65001st record. Run 1, Event 187919009, LumiSection 51288 at 27-Nov-2012 02:27:00.715 EET
Begin processing the 66001st record. Run 1, Event 189843876, LumiSection 51814 at 27-Nov-2012 02:27:05.774 EET
Begin processing the 67001st record. Run 1, Event 192202700, LumiSection 52458 at 27-Nov-2012 02:27:10.913 EET
Begin processing the 68001st record. Run 1, Event 193940244, LumiSection 52932 at 27-Nov-2012 02:27:14.536 EET
Begin processing the 69001st record. Run 1, Event 206186294, LumiSection 56274 at 27-Nov-2012 02:27:20.487 EET
Begin processing the 70001st record. Run 1, Event 208051060, LumiSection 56783 at 27-Nov-2012 02:27:24.483 EET
Begin processing the 71001st record. Run 1, Event 208825441, LumiSection 56994 at 27-Nov-2012 02:27:30.685 EET
Begin processing the 72001st record. Run 1, Event 212696364, LumiSection 58051 at 27-Nov-2012 02:27:35.148 EET
Begin processing the 73001st record. Run 1, Event 236766862, LumiSection 64620 at 27-Nov-2012 02:27:40.844 EET
27-Nov-2012 02:27:40 EET  Closed file file:/hdfs/cms/store/user/mario/QCD_Pt_250_350_EMEnriched_TuneZ2star_8TeV_pythia6/Summer12-stop-pfele-step1/3d176ac8da5e9dff208d057f4733ca91/tuple_8_10_Vcb.root
27-Nov-2012 02:27:40 EET  Initiating request to open file file:/hdfs/cms/store/user/mario/QCD_Pt_250_350_EMEnriched_TuneZ2star_8TeV_pythia6/Summer12-stop-pfele-step1/3d176ac8da5e9dff208d057f4733ca91/tuple_11_7_Anu.root
27-Nov-2012 02:27:41 EET  Successfully opened file file:/hdfs/cms/store/user/mario/QCD_Pt_250_350_EMEnriched_TuneZ2star_8TeV_pythia6/Summer12-stop-pfele-step1/3d176ac8da5e9dff208d057f4733ca91/tuple_11_7_Anu.root
Begin processing the 74001st record. Run 1, Event 106097452, LumiSection 28957 at 27-Nov-2012 02:28:09.834 EET
Begin processing the 75001st record. Run 1, Event 119428425, LumiSection 32596 at 27-Nov-2012 02:28:15.976 EET
Begin processing the 76001st record. Run 1, Event 160148561, LumiSection 43709 at 27-Nov-2012 02:28:20.047 EET
Begin processing the 77001st record. Run 1, Event 191574148, LumiSection 52286 at 27-Nov-2012 02:28:25.656 EET
Begin processing the 78001st record. Run 1, Event 259850057, LumiSection 70920 at 27-Nov-2012 02:28:29.769 EET
Begin processing the 79001st record. Run 1, Event 86963188, LumiSection 23735 at 27-Nov-2012 02:28:37.721 EET
Begin processing the 80001st record. Run 1, Event 110714621, LumiSection 30217 at 27-Nov-2012 02:28:41.654 EET
Begin processing the 81001st record. Run 1, Event 119480636, LumiSection 32610 at 27-Nov-2012 02:28:47.594 EET
Begin processing the 82001st record. Run 1, Event 160134483, LumiSection 43705 at 27-Nov-2012 02:28:51.890 EET
Begin processing the 83001st record. Run 1, Event 226409553, LumiSection 61794 at 27-Nov-2012 02:28:58.579 EET
Begin processing the 84001st record. Run 1, Event 264495245, LumiSection 72188 at 27-Nov-2012 02:29:02.431 EET
Begin processing the 85001st record. Run 1, Event 46958091, LumiSection 12817 at 27-Nov-2012 02:29:11.012 EET
Begin processing the 86001st record. Run 1, Event 45705902, LumiSection 12475 at 27-Nov-2012 02:29:20.349 EET
Begin processing the 87001st record. Run 1, Event 53530232, LumiSection 14610 at 27-Nov-2012 02:29:24.170 EET
Begin processing the 88001st record. Run 1, Event 82755932, LumiSection 22587 at 27-Nov-2012 02:29:30.509 EET
Begin processing the 89001st record. Run 1, Event 6183092, LumiSection 1688 at 27-Nov-2012 02:29:35.093 EET
Begin processing the 90001st record. Run 1, Event 10965229, LumiSection 2993 at 27-Nov-2012 02:29:40.816 EET
Begin processing the 91001st record. Run 1, Event 18998935, LumiSection 5186 at 27-Nov-2012 02:29:44.934 EET
Begin processing the 92001st record. Run 1, Event 33185358, LumiSection 9058 at 27-Nov-2012 02:29:51.163 EET
Begin processing the 93001st record. Run 1, Event 40222940, LumiSection 10978 at 27-Nov-2012 02:29:54.927 EET
Begin processing the 94001st record. Run 1, Event 53520483, LumiSection 14608 at 27-Nov-2012 02:30:00.710 EET
Begin processing the 95001st record. Run 1, Event 107844232, LumiSection 29434 at 27-Nov-2012 02:30:04.695 EET
Begin processing the 96001st record. Run 1, Event 160020867, LumiSection 43674 at 27-Nov-2012 02:30:10.634 EET
Begin processing the 97001st record. Run 1, Event 191529498, LumiSection 52274 at 27-Nov-2012 02:30:16.986 EET
Begin processing the 98001st record. Run 1, Event 237198456, LumiSection 64738 at 27-Nov-2012 02:30:21.020 EET
Begin processing the 99001st record. Run 1, Event 49602907, LumiSection 13538 at 27-Nov-2012 02:30:27.505 EET
27-Nov-2012 02:30:28 EET  Closed file file:/hdfs/cms/store/user/mario/QCD_Pt_250_350_EMEnriched_TuneZ2star_8TeV_pythia6/Summer12-stop-pfele-step1/3d176ac8da5e9dff208d057f4733ca91/tuple_11_7_Anu.root
27-Nov-2012 02:30:28 EET  Initiating request to open file file:/hdfs/cms/store/user/mario/QCD_Pt_250_350_EMEnriched_TuneZ2star_8TeV_pythia6/Summer12-stop-pfele-step1/3d176ac8da5e9dff208d057f4733ca91/tuple_19_11_GL4.root
27-Nov-2012 02:30:28 EET  Successfully opened file file:/hdfs/cms/store/user/mario/QCD_Pt_250_350_EMEnriched_TuneZ2star_8TeV_pythia6/Summer12-stop-pfele-step1/3d176ac8da5e9dff208d057f4733ca91/tuple_19_11_GL4.root
Begin processing the 100001st record. Run 1, Event 266528501, LumiSection 72743 at 27-Nov-2012 02:30:55.422 EET
Begin processing the 101001st record. Run 1, Event 16725783, LumiSection 4565 at 27-Nov-2012 02:30:58.737 EET
Begin processing the 102001st record. Run 1, Event 69041943, LumiSection 18844 at 27-Nov-2012 02:31:03.545 EET
Begin processing the 103001st record. Run 1, Event 69048389, LumiSection 18846 at 27-Nov-2012 02:31:06.786 EET
Begin processing the 104001st record. Run 1, Event 118148687, LumiSection 32246 at 27-Nov-2012 02:31:13.229 EET
Begin processing the 105001st record. Run 1, Event 151323934, LumiSection 41301 at 27-Nov-2012 02:31:20.775 EET
Begin processing the 106001st record. Run 1, Event 156111098, LumiSection 42607 at 27-Nov-2012 02:31:25.357 EET
Begin processing the 107001st record. Run 1, Event 159119635, LumiSection 43428 at 27-Nov-2012 02:31:31.063 EET
Begin processing the 108001st record. Run 1, Event 160993041, LumiSection 43940 at 27-Nov-2012 02:31:34.643 EET
Begin processing the 109001st record. Run 1, Event 198645991, LumiSection 54216 at 27-Nov-2012 02:31:41.961 EET
Begin processing the 110001st record. Run 1, Event 215842106, LumiSection 58909 at 27-Nov-2012 02:31:45.825 EET
Begin processing the 111001st record. Run 1, Event 216620497, LumiSection 59122 at 27-Nov-2012 02:31:51.800 EET
Begin processing the 112001st record. Run 1, Event 218175806, LumiSection 59546 at 27-Nov-2012 02:31:55.205 EET
27-Nov-2012 02:31:58 EET  Closed file file:/hdfs/cms/store/user/mario/QCD_Pt_250_350_EMEnriched_TuneZ2star_8TeV_pythia6/Summer12-stop-pfele-step1/3d176ac8da5e9dff208d057f4733ca91/tuple_19_11_GL4.root

=============================================

MessageLogger Summary

 type     category        sev    module        subroutine        count    total
 ---- -------------------- -- ---------------- ----------------  -----    -----
    1 fileAction           -s file_close                             5        5
    2 fileAction           -s file_open                             10       10

 type    category    Examples: run/evt        run/evt          run/evt
 ---- -------------------- ---------------- ---------------- ----------------
    1 fileAction           PostProcessEvent PostProcessEvent PostEndRun
    2 fileAction           pre-events       pre-events       PostProcessEvent

Severity    # Occurrences   Total Occurrences
--------    -------------   -----------------
System                 15                  15
>>> END OF printout of 146 lines from stdout+stderr
>>> Parse FrameworkJobReport crab_fjr.xml
Result of parsing the FrameworkJobReport crab_fjr.xml: Popularity start
lumisRange : 1::2398,2434,3125,3731,3739,4856,5209-5210,6135,6528,7019,9062,9067,9816,9974,10097,10409,11281,12462,13218,13610,13631,13697,13762,13994,13997,14017,14019,14052,14059,14344,14502,14712,14722,14829,15004,15080,15089,15310,15369,16239,16264,16499,16515,16822,16882,17112,17964,17972,17990,18326,18762-18763,18766,19011,22427,22558,22588,22613,22619,27090,28017,32410,33595,38372,38492,39755,39800,41160,42196,42387,42405,42733,42773,42938,45283,45880,45897,46769,47858,51021,51607,51994,52317,52327,52357,52368,52370,53162,53450,54704,54751,55988,56018,56107,56301,56321,56341,56417,56678,56787,56964,57102,57126,57142,57146,57162,57337,57559,57610,57651,57655,58105,58132,58378,58969,59119,59479,59485,59848,60394,60628,60875,61412,62968,63097,63157,63393,63670,64192,64219,64957,64975,65809,65866,66779,68997,69156,69500,69525,69681,69693,69732,69734,69778,69784,69826,69875,70822,70827,70856,70859,70861,70963,71022,71049,71268,71417,71495,71668,72414,72425,72434,72466,72542,72637,72912,72917::1;1::1711,2126,4474-4475,4565,7196,9379,9898,10493,10611,11277,12192,12455,13102,13534,18024,18760,18844,18846,27795,29646,31898,32098,32246,34659,38230,38540,39064,39359,39672,39680,41301,41872,42016,42385,42485,42607,42732,42744,42778,42984,43092,43428-43429,43513,43801,43918,43940,50249,50259,51270,52578,53284,54216,54273,57970,58150,58161,58542,58649,58909,59010,59057,59122,59137,59162,59353,59449,59546,59928,60137,60474,60522,60545,63701,63752,69044,70811,72285,72370,72492,72516,72566,72743,72909::2;1::1702,1726,4357,5876,5892,6457,8911,12100,14094,15176,19024,19712,19755,20860,20917,22851,23511,24662,25115,26503,26747,26758,26949,26969,27151,27958,27988,28674,29784,29882,29887,30615,30640,31046,31143,31269,31638,33430,33728,34614,34858,34862,35048,35179,36116,36147,36163,36451,36455,37465,38210,38366,39434,39709,40310,40387,40451,40775,41081,41316,41423,41553,42184,43903,44480,45182,45898,47067,48813,49001,49178,49348,50101,50112,50283,50723,50844,51972,53132,53385,54454,54690,55536,55571,56103,56115,56135,56142,56179,56284,58525,59053,59339,59342,59361,59447,59486,59490,59528-59529,59644,59693,59758,59760,59763,59889,60337,60458,60574,60577,60709,61292,61295,61338,61654,61795,62634,64198,64277,64452,64478,64517,64981,65838,65884,65914,65939,66743,66764,67407,67520,69561,70532,70679,70721,70724::3;1::33,71,554-555,716,1688,1703,2074,2184,2926,2993,3184,4067,4069-4070,4988,5186,5196,6142,6815,7110,7386,7719,8045,8627,8665,9058,9105,10051,10207,10380,10630,10793,10796,10935,10978,11233,11434,11821,11955,12299,12475,12657,12817,12833,13072,13372,13493,13538,13730,14070-14071,14458,14508,14525,14573,14608,14610,14661,14674,14682,14715-14716,15135,15143,17986,17999,18034,22429,22584,22587,22924,23132,23735,24057,24997,25208,27798,27807,27813,27885,27891,27905,28396,28734,28957,29050,29434,29534,29538,30217,30816,30850,31289,31388,32028,32536,32543,32588,32596,32607,32610-32611,32629,34346,35761,36443,36726,37259,41789,42352-42353,42840,43123,43674,43690,43695,43705,43709,43726,43899,44710,45035,45555,46706,46901,47185,47319,48250,48999,50113,51431,52267,52274,52282,52286,52288,52308,53280,57193,57398,58360,60235,60313,60538,60606,60916,61099,61646,61715,61794,62349,62448,64425,64738,65136,66302,66589,67553,67656,70774,70920,71297,71306,71445,72188,72710,72835,72896::4;1::2265,2589,2967,3243,4740,8383,8683,10465,14696,14730,17471,18016,18442,18711,23232,23472,24185,29182,32455,37163,37477,37685,37690,37800,37879,37884,38096,38208,38268,38307,38336,39560,39693,39809,40318,40355,40699-40700,40705,40712,40719,41026,41121,41318,41325,41366,41832,42084,42090,42177,42311,43057,43206,43378,43723,43927,44285,45088,45303,45305,45316,45454,45582,45676,45787,45894,45912,46215,46230,46948,47204,47380,47538,47981,48090,48613,48694,48975,49014,49094,49263,49429,49521,49535,49539,49549,49689,49698,49705,49778,50004,50095,50294,50330-50331,50443,50445,50564,50643,51271,51278,51288,51296,51302,51488,51504,51521,51584,51594,51616,51814,51909,52002,52089,52330,52346,52458,52470,52477,52593,52613,52615,52675,52932,52935-52936,53041,53233,53379,53448,54782,55888,55908,56060,56177,56270,56274,56322,56338-56339,56352,56388,56405,56478,56783,56844,56852,56991,56994,57153,57286,57322,57325,57327,58010,58039,58051,58079,60212,60883,64173,64427,64586,64620,65376,65696,68075,69513::5;
lumisParentRange : 
Basename : /store/user/mario/QCD_Pt_250_350_EMEnriched_TuneZ2star_8TeV_pythia6/Summer12-stop-pfele-step1/3d176ac8da5e9dff208d057f4733ca91/tuple_
BasenameParent : 
parentFiles : 
inputBlocks : /QCD_Pt_250_350_EMEnriched_TuneZ2star_8TeV_pythia6/mario-Summer12-stop-pfele-step1-3d176ac8da5e9dff208d057f4733ca91/USER#89723d11-1f9b-42cd-94f4-feb0ac97b54e
inputFiles : 3_9_uCt.root::1::EDM::Local::1;19_11_GL4.root::1::EDM::Local::2;32_11_20O.root::1::EDM::Local::3;11_7_Anu.root::1::EDM::Local::4;8_10_Vcb.root::1::EDM::Local::5;
Popularity stop
Extracted ExitStatus from FrameworkJobReport parsing output: 0
>>> Executable succeded  0
ExeExitCode=0
EXECUTABLE_EXIT_STATUS = 0
>>> current directory /home/cms030/home_creur_152525700/CREAM152525700/glide_i21901/execute/dir_20703/CMSSW_5_3_5
>>>  (SOFTWARE_DIR): /home/cms030/home_creur_152525700/CREAM152525700/glide_i21901/execute/dir_20703/CMSSW_5_3_5
>>> (WORKING_DIR): 
>>> current directory content:
total 164
drwxr-xr-x 3 cms030 cms  4096 Nov 27 02:18 .SCRAM
-rw-r--r-- 1 cms030 cms 30066 Nov 27 02:18 CMSSW.py.pkl
drwxr-xr-x 3 cms030 cms  4096 Nov 27 02:18 bin
drwxr-xr-x 3 cms030 cms  4096 Nov 27 02:18 cfipython
drwxr-xr-x 5 cms030 cms  4096 Nov 27 02:18 config
-rw-r--r-- 1 cms030 cms    17 Nov 27 02:32 cpu_timing.txt
drwxr-xr-x 2 cms030 cms  4096 Nov 27 02:18 doc
-rw-r--r-- 1 cms030 cms 16480 Nov 27 02:31 executable.out
drwxr-xr-x 2 cms030 cms  4096 Nov 27 02:18 include
drwxrwxrwx 3 cms030 cms  4096 Oct 22 16:38 lib
drwxr-xr-x 3 cms030 cms  4096 Nov 27 02:18 logs
drwxr-xr-x 3 cms030 cms  4096 Nov 27 02:18 objs
-rw-r--r-- 1 cms030 cms 17421 Nov 27 02:31 optHistograms.root
-rw-r--r-- 1 cms030 cms   104 Nov 27 02:19 pset.py
-rw-r--r-- 1 cms030 cms 19504 Nov 27 02:19 pset.py.pkl
-rw-r--r-- 1 cms030 cms   289 Nov 27 02:19 pset.pyc
drwxr-xr-x 2 cms030 cms  4096 Nov 27 02:18 python
-rw-r--r-- 1 cms030 cms   420 Nov 27 02:32 report.log
drwxrwxrwx 4 cms030 cms  4096 Nov 27 02:18 src
drwxr-xr-x 3 cms030 cms  4096 Nov 27 02:18 test
drwxr-xr-x 3 cms030 cms  4096 Nov 27 02:18 tmp
>>> current directory /home/cms030/home_creur_152525700/CREAM152525700/glide_i21901/execute/dir_20703/CMSSW_5_3_5
>>> (SOFTWARE_DIR): /home/cms030/home_creur_152525700/CREAM152525700/glide_i21901/execute/dir_20703/CMSSW_5_3_5
>>> (WORKING_DIR): 
>>> current directory content:
total 144
drwxr-xr-x 3 cms030 cms  4096 Nov 27 02:18 .SCRAM
-rw-r--r-- 1 cms030 cms 30066 Nov 27 02:18 CMSSW.py.pkl
drwxr-xr-x 3 cms030 cms  4096 Nov 27 02:18 bin
drwxr-xr-x 3 cms030 cms  4096 Nov 27 02:18 cfipython
drwxr-xr-x 5 cms030 cms  4096 Nov 27 02:18 config
-rw-r--r-- 1 cms030 cms    17 Nov 27 02:32 cpu_timing.txt
drwxr-xr-x 2 cms030 cms  4096 Nov 27 02:18 doc
-rw-r--r-- 1 cms030 cms 16480 Nov 27 02:31 executable.out
drwxr-xr-x 2 cms030 cms  4096 Nov 27 02:18 include
drwxrwxrwx 3 cms030 cms  4096 Oct 22 16:38 lib
drwxr-xr-x 3 cms030 cms  4096 Nov 27 02:18 logs
drwxr-xr-x 3 cms030 cms  4096 Nov 27 02:18 objs
-rw-r--r-- 1 cms030 cms   104 Nov 27 02:19 pset.py
-rw-r--r-- 1 cms030 cms 19504 Nov 27 02:19 pset.py.pkl
-rw-r--r-- 1 cms030 cms   289 Nov 27 02:19 pset.pyc
drwxr-xr-x 2 cms030 cms  4096 Nov 27 02:18 python
-rw-r--r-- 1 cms030 cms   420 Nov 27 02:32 report.log
drwxrwxrwx 4 cms030 cms  4096 Nov 27 02:18 src
drwxr-xr-x 3 cms030 cms  4096 Nov 27 02:18 test
drwxr-xr-x 3 cms030 cms  4096 Nov 27 02:18 tmp
>>> current directory (RUNTIME_AREA):  /home/cms030/home_creur_152525700/CREAM152525700/glide_i21901/execute/dir_20703
>>> current dir: /home/cms030/home_creur_152525700/CREAM152525700/glide_i21901/execute/dir_20703
>>> current dir content:
total 25804
-rw-rw-rw-  1 cms030 cms     5605 Nov 27 02:18 .job.ad
-rw-rw-rw-  1 cms030 cms    11523 Nov 27 02:18 .machine.ad
-rw-rw-rw-  1 cms030 cms      105 Nov 27 01:27 CMSSW.py
-rw-rw-rw-  1 cms030 cms    30066 Nov 27 01:27 CMSSW.py.pkl
-rwxrw-rw-  1 cms030 cms    23341 Nov 27 02:18 CMSSW.sh
drwxr-xr-x 15 cms030 cms     4096 Nov 27 02:32 CMSSW_5_3_5
-rw-rw-rw-  1 cms030 cms        0 Nov 27 02:18 CMSSW_93.stderr
-rw-rw-rw-  1 cms030 cms    32841 Nov 27 02:32 CMSSW_93.stdout
-rw-r--r--  1 cms030 cms      347 Nov 27 02:18 CacheEnv.sh
-rw-rw-rw-  1 cms030 cms     7291 Jun  9  2010 DashboardAPI.py
-rw-r--r--  1 cms030 cms     6883 Nov 27 02:18 DashboardAPI.pyc
drwxrwxrwx  3 cms030 cms     4096 Nov 27 02:32 IMProv
-rw-rw-rw-  1 cms030 cms     2748 Mar  8  2006 Logger.py
-rw-r--r--  1 cms030 cms     3353 Nov 27 02:18 Logger.pyc
-rw-rw-rw-  1 cms030 cms    24524 Mar 28  2008 ProcInfo.py
-rw-r--r--  1 cms030 cms    23470 Nov 27 02:18 ProcInfo.pyc
drwxrwxrwx  7 cms030 cms     4096 Nov 27 02:19 ProdCommon
drwxrwxrwx  3 cms030 cms     4096 Nov 27 02:18 WMCore
-rw-r--r--  1 cms030 cms     2989 Nov 27 02:31 Watchdog_93.log
-rw-rw-rw-  1 cms030 cms    32895 Mar 28  2008 apmon.py
-rw-r--r--  1 cms030 cms    28874 Nov 27 02:18 apmon.pyc
-rw-rw-rw-  1 cms030 cms   105070 Nov 27 02:18 arguments.xml
-rwxrwxrwx  1 cms030 cms    37427 Sep 13 14:14 cmscp.py
-rwxrwxrwx  1 cms030 cms    23341 Nov 27 02:18 condor_exec.exe
-rw-rw-rw-  1 cms030 cms      546 Nov 27 01:27 crab.cfg
-rwxrwxrwx  1 cms030 cms     9531 Sep 20 21:46 crabWatchdog.sh
-rw-r--r--  1 cms030 cms    49994 Nov 27 02:31 crab_fjr_93.xml
-rw-rw-rw-  1 cms030 cms 25796300 Nov 27 02:18 default.tgz
-rwxrwxrwx  1 cms030 cms     4488 May 12  2012 fillCrabFjr.py
-rw-r--r--  1 cms030 cms      942 Nov 27 02:19 inputsReport.txt
-rw-r--r--  1 cms030 cms      132 Nov 27 02:32 jobreport.txt
lrwxrwxrwx  1 cms030 cms      107 Nov 27 02:32 optHistograms.root -> /home/cms030/home_creur_152525700/CREAM152525700/glide_i21901/execute/dir_20703/optHistograms_93_1_HQS.root
-rw-r--r--  1 cms030 cms    17421 Nov 27 02:31 optHistograms_93_1_HQS.root
-rw-rw-rw-  1 cms030 cms    17352 Jan 20  2012 parseCrabFjr.py
-rw-r--r--  1 cms030 cms      285 Nov 27 02:18 report.log
-rwxrwxrwx  1 cms030 cms     1497 May 27  2009 report.py
-rwxrwxrwx  1 cms030 cms     8387 Mar 23  2011 writeCfg.py
-rw-------  1 cms030 cms     8687 Nov 27 02:28 x509up_u1000009
Checking output files:  
will tar file optHistograms_93_1_HQS.root in  out_files_93
will tar file crab_fjr_93.xml in  out_files_93
will tar file CMSSW_93.stdout in  out_files_93
will tar file CMSSW_93.stderr in  out_files_93
WARNING: output file Watchdog_93.log.gz not found!
>>> padding time: Wrapper lasting more than 600 seconds. No sleep required.
STOPPING WATCHDOG. CrabWatchdog PID is 26115
********** LAST 50 LINES OF WATCHDOG LOG
# RESOURCE USAGE SUMMARY FOR PROCESS ID 25258
USER       PID %CPU %MEM    VSZ   RSS TTY      STAT START   TIME COMMAND
cms030   25258  0.1  0.0   8956  1488 ?        S    02:18   0:00 /bin/sh /home/cms030/home_creur_152525700/CREAM152525700/glide_i21901/execute/dir_20703/condor_exec.exe 93 1
 
# LIMITS USED BY THIS WATCHDOG:
# RSS  (KBytes)  : 2300000
# VSZ  (KBytes)  : 100000000
# DISK (MBytes)  : 19000
# CPU  (seconds) : 171600
# WALL (seconds) : 171600
 
# FOLLOWING PRINTOUT TRACKS MAXIMUM VALUES OF RESOURCES USE
# ONE LINE IS PRINTED EACH TIME A MAXIMUM CHANGES
# IF CHANGE WAS IN RSS OR VSZ ALSO PROCID AND COMMAND ARE PRINTED
# THERE IS NO PRINTOUT FOR CPU/WALL TIME INCREASE
 
# TIME			PID	RSS(KB)	VSZ(KB)	Dsk(MB)	tCPU(s)	tWALL(s)	COMMAND
 Nov 27 02:18:58 EET	3314	3808	5872	0	3	1910	condor_procd -A /home/cms030/home_creur_152525700/CREAM152525700/glide_i21901/log/procd_address.STARTD -L /home/cms030/home_creur_152525700/CREAM152525700/glide_i21901/log/ProcLog.STARTD -R 10000000 -S 60 -C
 Nov 27 02:18:58 EET	9546	3808	8816	0	0	2601	/bin/bash /home/cms030/home_creur_152525700/CREAM152525700/glide_i21901/main/condor_startup.sh glidein_config       
 Nov 27 02:18:58 EET	11627	6048	9712	0	1	2600	/home/cms030/home_creur_152525700/CREAM152525700/glide_i21901/main/condor/sbin/condor_master -f -pidfile /home/cms030/home_creur_152525700/CREAM152525700/glide_i21901/condor_master2.pid      
 Nov 27 02:18:58 EET	21461	6048	25504	0	0	2650	perl -e ?use Socket;??sub send_notify {? $cream_url = "193.40.150.134:49152";die "No
 Nov 27 02:18:58 EET	---	6048	25504	168	----	----	----
 Nov 27 02:20:04 EET	29426	264904	433032	168	11	60	cmsRun -j /home/cms030/home_creur_152525700/CREAM152525700/glide_i21901/execute/dir_20703/crab_fjr_93.xml -p pset.py     
 Nov 27 02:21:11 EET	29426	361148	564072	168	50	128	cmsRun -j /home/cms030/home_creur_152525700/CREAM152525700/glide_i21901/execute/dir_20703/crab_fjr_93.xml -p pset.py     
 Nov 27 02:23:28 EET	29426	366032	565608	168	123	264	cmsRun -j /home/cms030/home_creur_152525700/CREAM152525700/glide_i21901/execute/dir_20703/crab_fjr_93.xml -p pset.py     
 Nov 27 02:24:35 EET	29426	366060	565608	168	167	330	cmsRun -j /home/cms030/home_creur_152525700/CREAM152525700/glide_i21901/execute/dir_20703/crab_fjr_93.xml -p pset.py     
 Nov 27 02:25:41 EET	29426	366672	565864	168	207	398	cmsRun -j /home/cms030/home_creur_152525700/CREAM152525700/glide_i21901/execute/dir_20703/crab_fjr_93.xml -p pset.py     
 Nov 27 02:26:49 EET	29426	366904	565864	168	254	466	cmsRun -j /home/cms030/home_creur_152525700/CREAM152525700/glide_i21901/execute/dir_20703/crab_fjr_93.xml -p pset.py     
 Nov 27 02:29:11 EET	29426	366904	566120	168	339	611	cmsRun -j /home/cms030/home_creur_152525700/CREAM152525700/glide_i21901/execute/dir_20703/crab_fjr_93.xml -p pset.py     
 Nov 27 02:31:34 EET	29426	367036	566888	168	427	754	cmsRun -j /home/cms030/home_creur_152525700/CREAM152525700/glide_i21901/execute/dir_20703/crab_fjr_93.xml -p pset.py     
********** WATCHDOG LOG ENDED
ZIPPING WATCHDOG LOG
Disk space used:
du -sh /home/cms030/home_creur_152525700/CREAM152525700/glide_i21901/execute/dir_20703
169M	/home/cms030/home_creur_152525700/CREAM152525700/glide_i21901/execute/dir_20703
>>> info for dashboard:
***** Cat /home/cms030/home_creur_152525700/CREAM152525700/glide_i21901/execute/dir_20703/jobreport.txt *****
MonitorJobID=93_https://submit-2.t2.ucsd.edu//121127//17529.92
MonitorID=liis_crab_0_121127_012714_evt312
ExeTime=769
ExeExitCode=0
CrabUserCpuTime=423.51
CrabSysCpuTime=13.06
CrabCpuPercentage=56%
CrabWrapperTime=812
CrabStageoutTime=NULL
***** End Cat jobreport *****
Parameters sent to Dashboard.
optHistograms_93_1_HQS.root
crab_fjr_93.xml
CMSSW_93.stdout
CMSSW_93.stderr
Watchdog_93.log.gz
tar: .BrokerInfo: Cannot stat: No such file or directory
tar: Error exit delayed from previous errors
Total Output dimension: 30052
WARNING: output files size limit is set to: 50000000
Total Output dimension 30052 is fine.
JOB_EXIT_STATUS = 0
>>> info for dashboard:
***** Cat /home/cms030/home_creur_152525700/CREAM152525700/glide_i21901/execute/dir_20703/jobreport.txt *****
MonitorJobID=93_https://submit-2.t2.ucsd.edu//121127//17529.92
MonitorID=liis_crab_0_121127_012714_evt312
JobExitCode=0
***** End Cat jobreport *****
Parameters sent to Dashboard.
optHistograms_93_1_HQS.root
crab_fjr_93.xml
