This script was generated by crab (version 2.8.3).
Running /home/cms006/home_crce1_559416474/CREAM559416474/glide_t32285/execute/dir_28807/condor_exec.exe with 2 positional parameters: 76 1
Today is Tue Nov 27 02:17:25 EET 2012
Job submitted on host wn-v-4340.local
Linux wn-v-4340.local 2.6.32-042stab059.7 #1 SMP Tue Jul 24 19:12:01 MSK 2012 x86_64 x86_64 x86_64 GNU/Linux
>>> current directory (RUNTIME_AREA): /home/cms006/home_crce1_559416474/CREAM559416474/glide_t32285/execute/dir_28807
>>> current user: uid=11006(cms006) gid=1400(cms) groups=1400(cms)
>>> voms proxy information:
subject   : /DC=ch/DC=cern/OU=Organic Units/OU=Users/CN=liis/CN=663550/CN=Liis Rebane/CN=proxy/CN=limited proxy
issuer    : /DC=ch/DC=cern/OU=Organic Units/OU=Users/CN=liis/CN=663550/CN=Liis Rebane/CN=proxy
identity  : /DC=ch/DC=cern/OU=Organic Units/OU=Users/CN=liis/CN=663550/CN=Liis Rebane/CN=proxy
type      : limited proxy
strength  : 512 bits
path      : /home/cms006/home_crce1_559416474/CREAM559416474/glide_t32285/execute/dir_28807/x509up_u1000009
timeleft  : 23:59:54
key usage : Digital Signature, Key Encipherment, Data Encipherment
=== VO cms extension information ===
VO        : cms
subject   : /DC=ch/DC=cern/OU=Organic Units/OU=Users/CN=liis/CN=663550/CN=Liis Rebane
issuer    : /DC=ch/DC=cern/OU=computers/CN=lcg-voms.cern.ch
attribute : /cms/Role=NULL/Capability=NULL
timeleft  : 191:08:11
uri       : lcg-voms.cern.ch:15002
>>> tar xzf /home/cms006/home_crce1_559416474/CREAM559416474/glide_t32285/execute/dir_28807/default.tgz :
Successful untar
>>> Include /home/cms006/home_crce1_559416474/CREAM559416474/glide_t32285/execute/dir_28807 in PYTHONPATH:
strip arguments
env var CRAB_UNIQUE_JOB_ID set to: liis_crab_0_121127_012714_evt312_76_1_wkp
out_files_76
>>> list of expected files on output sandbox
output files: optHistograms_76_1_wkp.root crab_fjr_76.xml CMSSW_76.stdout CMSSW_76.stderr Watchdog_76.log.gz
>>> GridFlavour discovery: 
GridFlavour=LCG
>>> SyncSite discovery: 
SyncSite=T2_EE_Estonia
>>> SyncCE discovery: 
getting SyncCE from CE_ID
SyncCE=cream1.hep.kbfi.ee:8443/cream-pbs-long
>>> info for dashboard:
***** Cat /home/cms006/home_crce1_559416474/CREAM559416474/glide_t32285/execute/dir_28807/jobreport.txt *****
MonitorJobID=76_https://submit-2.t2.ucsd.edu//121127//17529.75
SyncGridJobId=https://submit-2.t2.ucsd.edu//121127//17529.75
MonitorID=liis_crab_0_121127_012714_evt312
GridFlavour=LCG
SyncSite=T2_EE_Estonia
SyncCE=cream1.hep.kbfi.ee:8443/cream-pbs-long
***** End Cat jobreport *****
Parameters sent to Dashboard.
>>> setup environment
set SCRAM ARCH to slc5_amd64_gcc462
SCRAM_ARCH = slc5_amd64_gcc462
>>> setup CMS LCG environment:
set SCRAM ARCH and BUILD_ARCH to slc5_amd64_gcc462 ###
Sourcing environment... 
sourcing /cvmfs/cms.cern.ch/cmsset_default.sh
==> setup cms environment ok
>>> specific cmssw setup environment:
CMSSW_VERSION =  CMSSW_5_3_5
>>> current directory (SOFTWARE_DIR): /home/cms006/home_crce1_559416474/CREAM559416474/glide_t32285/execute/dir_28807/CMSSW_5_3_5
PreserveSeeds: <>
IncrementSeeds:<>
{}
WNHostName=wn-v-4340.local
>>> info for dashboard:
***** Cat /home/cms006/home_crce1_559416474/CREAM559416474/glide_t32285/execute/dir_28807/jobreport.txt *****
MonitorJobID=76_https://submit-2.t2.ucsd.edu//121127//17529.75
MonitorID=liis_crab_0_121127_012714_evt312
WNHostName=wn-v-4340.local
***** End Cat jobreport *****
Parameters sent to Dashboard.
crabWatchdog started as process 5990
>>> moving CMSSW software directories in /home/cms006/home_crce1_559416474/CREAM559416474/glide_t32285/execute/dir_28807/CMSSW_5_3_5
mv: cannot stat `/home/cms006/home_crce1_559416474/CREAM559416474/glide_t32285/execute/dir_28807/module/': No such file or directory
>>> Include /home/cms006/home_crce1_559416474/CREAM559416474/glide_t32285/execute/dir_28807 in PYTHONPATH:
PYTHONPATH=/home/cms006/home_crce1_559416474/CREAM559416474/glide_t32285/execute/dir_28807/:/home/cms006/home_crce1_559416474/CREAM559416474/glide_t32285/execute/dir_28807/CMSSW_5_3_5/python:/home/cms006/home_crce1_559416474/CREAM559416474/glide_t32285/execute/dir_28807/CMSSW_5_3_5/lib/slc5_amd64_gcc462:/cvmfs/cms.cern.ch/slc5_amd64_gcc462/cms/cmssw/CMSSW_5_3_5/python:/cvmfs/cms.cern.ch/slc5_amd64_gcc462/cms/cmssw/CMSSW_5_3_5/lib/slc5_amd64_gcc462:/cvmfs/cms.cern.ch/slc5_amd64_gcc462/cms/coral/CORAL_2_3_21-cms27/slc5_amd64_gcc462/python:/cvmfs/cms.cern.ch/slc5_amd64_gcc462/cms/coral/CORAL_2_3_21-cms27/slc5_amd64_gcc462/lib:/cvmfs/cms.cern.ch/slc5_amd64_gcc462/external/pyqt/4.8.1/lib/python2.6/site-packages:/cvmfs/cms.cern.ch/slc5_amd64_gcc462/external/py2-scipy/0.8.0/lib/python2.6/site-packages:/cvmfs/cms.cern.ch/slc5_amd64_gcc462/external/py2-matplotlib/1.0.1/lib/python2.6/site-packages:/cvmfs/cms.cern.ch/slc5_amd64_gcc462/external/python-ldap/2.3.5/lib/python2.6/site-packages:/cvmfs/cms.cern.ch/slc5_amd64_gcc462/external/sip/4.11.2/lib/python2.6/site-packages:/cvmfs/cms.cern.ch/slc5_amd64_gcc462/external/py2-pycurl/7.19.0/lib/python2.6/site-packages:/cvmfs/cms.cern.ch/slc5_amd64_gcc462/external/py2-numpy/1.6.1/lib/python2.6/site-packages:/cvmfs/cms.cern.ch/slc5_amd64_gcc462/external/py2-ipython/0.10/lib/python2.6/site-packages:/cvmfs/cms.cern.ch/slc5_amd64_gcc462/external/py2-cx-oracle/5.1-cms11/lib/python2.6/site-packages:/cvmfs/cms.cern.ch/slc5_amd64_gcc462/external/py2-cjson/1.0.5/lib/python2.6/site-packages:/cvmfs/cms.cern.ch/slc5_amd64_gcc462/cms/das-client/1.4.1-cms8/bin:/cvmfs/cms.cern.ch/slc5_amd64_gcc462/external/elementtree/1.2.6/share/lib/python2.6/site-packages:/cvmfs/cms.cern.ch/slc5_amd64_gcc462/external/rivet/1.5.1-cms10/lib/python2.6/site-packages:/cvmfs/cms.cern.ch/slc5_amd64_gcc462/external/pyminuit2/0.0.1-cms34/lib/python2.6/site-packages:/cvmfs/cms.cern.ch/slc5_amd64_gcc462/external/professor/1.0.0-cms35/lib/python2.6/site-packages:/cvmfs/cms.cern.ch/slc5_amd64_gcc462/lcg/root/5.32.00-cms18/lib:/cvmfs/cms.cern.ch/slc5_amd64_gcc462/cms/dbs-client/DBS_2_1_1_patch1_1/lib:/cvmfs/cms.cern.ch/slc5_amd64_gcc462/cms/dbs-client/DBS_2_1_1_patch1_1/lib/DBSAPI:/home/cms006/home_crce1_559416474/CREAM559416474/glide_t32285/execute/dir_28807/
241a2a19cb7c5c8751ba22759ab3bdb0
PSETHASH = 241a2a19cb7c5c8751ba22759ab3bdb0
/home/cms006/home_crce1_559416474/CREAM559416474/glide_t32285/execute/dir_28807/writeCfg.py pset.py pset.py
Importing .py file
Setting parameters
inputBlocks=/QCD_Pt_250_350_EMEnriched_TuneZ2star_8TeV_pythia6/mario-Summer12-stop-pfele-step1-3d176ac8da5e9dff208d057f4733ca91/USER#89723d11-1f9b-42cd-94f4-feb0ac97b54e
inputFiles=/store/user/mario/QCD_Pt_250_350_EMEnriched_TuneZ2star_8TeV_pythia6/Summer12-stop-pfele-step1/3d176ac8da5e9dff208d057f4733ca91/tuple_404_7_wMj.root;/store/user/mario/QCD_Pt_250_350_EMEnriched_TuneZ2star_8TeV_pythia6/Summer12-stop-pfele-step1/3d176ac8da5e9dff208d057f4733ca91/tuple_405_9_lJD.root;/store/user/mario/QCD_Pt_250_350_EMEnriched_TuneZ2star_8TeV_pythia6/Summer12-stop-pfele-step1/3d176ac8da5e9dff208d057f4733ca91/tuple_406_11_nae.root;/store/user/mario/QCD_Pt_250_350_EMEnriched_TuneZ2star_8TeV_pythia6/Summer12-stop-pfele-step1/3d176ac8da5e9dff208d057f4733ca91/tuple_408_9_iEK.root;/store/user/mario/QCD_Pt_250_350_EMEnriched_TuneZ2star_8TeV_pythia6/Summer12-stop-pfele-step1/3d176ac8da5e9dff208d057f4733ca91/tuple_410_11_BbY.root
parentFiles=
lumisRange=
>>> Executable cmsRun
/cvmfs/cms.cern.ch/slc5_amd64_gcc462/cms/cmssw/CMSSW_5_3_5/bin/slc5_amd64_gcc462/cmsRun
ok executable found
>>> info for dashboard:
***** Cat /home/cms006/home_crce1_559416474/CREAM559416474/glide_t32285/execute/dir_28807/jobreport.txt *****
MonitorJobID=76_https://submit-2.t2.ucsd.edu//121127//17529.75
MonitorID=liis_crab_0_121127_012714_evt312
ExeStart=cmsRun
***** End Cat jobreport *****
Parameters sent to Dashboard.
>>> cmsRun started at Tue Nov 27 00:17:48 UTC 2012
>>> cmsRun ended at Tue Nov 27 00:29:50 UTC 2012
>>> info for dashboard:
***** Cat /home/cms006/home_crce1_559416474/CREAM559416474/glide_t32285/execute/dir_28807/jobreport.txt *****
MonitorJobID=76_https://submit-2.t2.ucsd.edu//121127//17529.75
MonitorID=liis_crab_0_121127_012714_evt312
ExeEnd=cmsRun
***** End Cat jobreport *****
Parameters sent to Dashboard.
TIME_EXE = 722 sec
>>> cmsRun wrote 146 lines of stdout+stderr
>>> START OF printout of 146 lines from stdout+stderr
27-Nov-2012 02:18:01 EET  Initiating request to open file file:/hdfs/cms/store/user/mario/QCD_Pt_250_350_EMEnriched_TuneZ2star_8TeV_pythia6/Summer12-stop-pfele-step1/3d176ac8da5e9dff208d057f4733ca91/tuple_404_7_wMj.root
27-Nov-2012 02:18:09 EET  Successfully opened file file:/hdfs/cms/store/user/mario/QCD_Pt_250_350_EMEnriched_TuneZ2star_8TeV_pythia6/Summer12-stop-pfele-step1/3d176ac8da5e9dff208d057f4733ca91/tuple_404_7_wMj.root
Begin processing the 1st record. Run 1, Event 41641400, LumiSection 11366 at 27-Nov-2012 02:18:36.372 EET
Begin processing the 1001st record. Run 1, Event 46614663, LumiSection 12723 at 27-Nov-2012 02:18:44.548 EET
Begin processing the 2001st record. Run 1, Event 73527659, LumiSection 20068 at 27-Nov-2012 02:18:50.231 EET
Begin processing the 3001st record. Run 1, Event 70660713, LumiSection 19286 at 27-Nov-2012 02:18:52.964 EET
Begin processing the 4001st record. Run 1, Event 210150103, LumiSection 57356 at 27-Nov-2012 02:18:59.568 EET
Begin processing the 5001st record. Run 1, Event 246063589, LumiSection 67158 at 27-Nov-2012 02:19:03.314 EET
Begin processing the 6001st record. Run 1, Event 16659224, LumiSection 4547 at 27-Nov-2012 02:19:10.337 EET
Begin processing the 7001st record. Run 1, Event 19291426, LumiSection 5266 at 27-Nov-2012 02:19:13.789 EET
Begin processing the 8001st record. Run 1, Event 22828833, LumiSection 6231 at 27-Nov-2012 02:19:20.890 EET
Begin processing the 9001st record. Run 1, Event 41559903, LumiSection 11343 at 27-Nov-2012 02:19:24.445 EET
Begin processing the 10001st record. Run 1, Event 36968917, LumiSection 10090 at 27-Nov-2012 02:19:31.799 EET
Begin processing the 11001st record. Run 1, Event 40173491, LumiSection 10965 at 27-Nov-2012 02:19:36.803 EET
Begin processing the 12001st record. Run 1, Event 42512857, LumiSection 11603 at 27-Nov-2012 02:19:40.267 EET
Begin processing the 13001st record. Run 1, Event 46475146, LumiSection 12685 at 27-Nov-2012 02:19:45.272 EET
Begin processing the 14001st record. Run 1, Event 46564606, LumiSection 12709 at 27-Nov-2012 02:19:49.069 EET
Begin processing the 15001st record. Run 1, Event 58624272, LumiSection 16001 at 27-Nov-2012 02:19:57.672 EET
Begin processing the 16001st record. Run 1, Event 61945205, LumiSection 16907 at 27-Nov-2012 02:20:02.595 EET
Begin processing the 17001st record. Run 1, Event 62572956, LumiSection 17078 at 27-Nov-2012 02:20:08.945 EET
Begin processing the 18001st record. Run 1, Event 74289627, LumiSection 20276 at 27-Nov-2012 02:20:12.372 EET
27-Nov-2012 02:20:17 EET  Closed file file:/hdfs/cms/store/user/mario/QCD_Pt_250_350_EMEnriched_TuneZ2star_8TeV_pythia6/Summer12-stop-pfele-step1/3d176ac8da5e9dff208d057f4733ca91/tuple_404_7_wMj.root
27-Nov-2012 02:20:17 EET  Initiating request to open file file:/hdfs/cms/store/user/mario/QCD_Pt_250_350_EMEnriched_TuneZ2star_8TeV_pythia6/Summer12-stop-pfele-step1/3d176ac8da5e9dff208d057f4733ca91/tuple_405_9_lJD.root
27-Nov-2012 02:20:17 EET  Successfully opened file file:/hdfs/cms/store/user/mario/QCD_Pt_250_350_EMEnriched_TuneZ2star_8TeV_pythia6/Summer12-stop-pfele-step1/3d176ac8da5e9dff208d057f4733ca91/tuple_405_9_lJD.root
Begin processing the 19001st record. Run 1, Event 75724483, LumiSection 20668 at 27-Nov-2012 02:20:43.525 EET
Begin processing the 20001st record. Run 1, Event 87766656, LumiSection 23954 at 27-Nov-2012 02:20:46.961 EET
Begin processing the 21001st record. Run 1, Event 94762644, LumiSection 25864 at 27-Nov-2012 02:20:53.133 EET
Begin processing the 22001st record. Run 1, Event 102787228, LumiSection 28054 at 27-Nov-2012 02:20:56.316 EET
Begin processing the 23001st record. Run 1, Event 109133770, LumiSection 29786 at 27-Nov-2012 02:21:02.811 EET
Begin processing the 24001st record. Run 1, Event 118903309, LumiSection 32452 at 27-Nov-2012 02:21:06.302 EET
Begin processing the 25001st record. Run 1, Event 162542689, LumiSection 44363 at 27-Nov-2012 02:21:12.161 EET
Begin processing the 26001st record. Run 1, Event 171547954, LumiSection 46820 at 27-Nov-2012 02:21:19.242 EET
Begin processing the 27001st record. Run 1, Event 79890843, LumiSection 21805 at 27-Nov-2012 02:21:22.672 EET
Begin processing the 28001st record. Run 1, Event 90821988, LumiSection 24788 at 27-Nov-2012 02:21:27.858 EET
Begin processing the 29001st record. Run 1, Event 91823351, LumiSection 25061 at 27-Nov-2012 02:21:31.450 EET
Begin processing the 30001st record. Run 1, Event 100886637, LumiSection 27535 at 27-Nov-2012 02:21:38.064 EET
Begin processing the 31001st record. Run 1, Event 96392580, LumiSection 26309 at 27-Nov-2012 02:21:40.188 EET
Begin processing the 32001st record. Run 1, Event 101685352, LumiSection 27753 at 27-Nov-2012 02:21:47.492 EET
Begin processing the 33001st record. Run 1, Event 111272545, LumiSection 30370 at 27-Nov-2012 02:21:51.076 EET
Begin processing the 34001st record. Run 1, Event 128081580, LumiSection 34957 at 27-Nov-2012 02:21:57.643 EET
Begin processing the 35001st record. Run 1, Event 131574384, LumiSection 35911 at 27-Nov-2012 02:22:01.693 EET
Begin processing the 36001st record. Run 1, Event 136211524, LumiSection 37176 at 27-Nov-2012 02:22:10.432 EET
Begin processing the 37001st record. Run 1, Event 93315838, LumiSection 25469 at 27-Nov-2012 02:22:18.420 EET
Begin processing the 38001st record. Run 1, Event 146660601, LumiSection 40028 at 27-Nov-2012 02:22:22.464 EET
Begin processing the 39001st record. Run 1, Event 95333512, LumiSection 26019 at 27-Nov-2012 02:22:29.167 EET
Begin processing the 40001st record. Run 1, Event 45943832, LumiSection 12540 at 27-Nov-2012 02:22:32.581 EET
Begin processing the 41001st record. Run 1, Event 167637249, LumiSection 45753 at 27-Nov-2012 02:22:37.765 EET
Begin processing the 42001st record. Run 1, Event 96567030, LumiSection 26356 at 27-Nov-2012 02:22:41.722 EET
Begin processing the 43001st record. Run 1, Event 79226590, LumiSection 21623 at 27-Nov-2012 02:22:47.538 EET
Begin processing the 44001st record. Run 1, Event 131573109, LumiSection 35910 at 27-Nov-2012 02:22:51.134 EET
27-Nov-2012 02:22:53 EET  Closed file file:/hdfs/cms/store/user/mario/QCD_Pt_250_350_EMEnriched_TuneZ2star_8TeV_pythia6/Summer12-stop-pfele-step1/3d176ac8da5e9dff208d057f4733ca91/tuple_405_9_lJD.root
27-Nov-2012 02:22:53 EET  Initiating request to open file file:/hdfs/cms/store/user/mario/QCD_Pt_250_350_EMEnriched_TuneZ2star_8TeV_pythia6/Summer12-stop-pfele-step1/3d176ac8da5e9dff208d057f4733ca91/tuple_406_11_nae.root
27-Nov-2012 02:22:54 EET  Successfully opened file file:/hdfs/cms/store/user/mario/QCD_Pt_250_350_EMEnriched_TuneZ2star_8TeV_pythia6/Summer12-stop-pfele-step1/3d176ac8da5e9dff208d057f4733ca91/tuple_406_11_nae.root
Begin processing the 45001st record. Run 1, Event 160798416, LumiSection 43887 at 27-Nov-2012 02:23:20.889 EET
Begin processing the 46001st record. Run 1, Event 136034743, LumiSection 37128 at 27-Nov-2012 02:23:24.343 EET
Begin processing the 47001st record. Run 1, Event 101987391, LumiSection 27835 at 27-Nov-2012 02:23:31.629 EET
Begin processing the 48001st record. Run 1, Event 144325953, LumiSection 39391 at 27-Nov-2012 02:23:34.993 EET
Begin processing the 49001st record. Run 1, Event 119533056, LumiSection 32624 at 27-Nov-2012 02:23:41.453 EET
Begin processing the 50001st record. Run 1, Event 145009663, LumiSection 39577 at 27-Nov-2012 02:23:45.007 EET
Begin processing the 51001st record. Run 1, Event 259045989, LumiSection 70701 at 27-Nov-2012 02:23:51.639 EET
Begin processing the 52001st record. Run 1, Event 82814326, LumiSection 22603 at 27-Nov-2012 02:24:00.109 EET
Begin processing the 53001st record. Run 1, Event 203504178, LumiSection 55542 at 27-Nov-2012 02:24:03.756 EET
Begin processing the 54001st record. Run 1, Event 260698241, LumiSection 71152 at 27-Nov-2012 02:24:11.130 EET
Begin processing the 55001st record. Run 1, Event 11650690, LumiSection 3180 at 27-Nov-2012 02:24:14.863 EET
Begin processing the 56001st record. Run 1, Event 15103521, LumiSection 4123 at 27-Nov-2012 02:24:21.730 EET
Begin processing the 57001st record. Run 1, Event 31634211, LumiSection 8634 at 27-Nov-2012 02:24:24.946 EET
Begin processing the 58001st record. Run 1, Event 42049860, LumiSection 11477 at 27-Nov-2012 02:24:30.229 EET
Begin processing the 59001st record. Run 1, Event 47295868, LumiSection 12909 at 27-Nov-2012 02:24:34.726 EET
Begin processing the 60001st record. Run 1, Event 103630966, LumiSection 28284 at 27-Nov-2012 02:24:42.005 EET
Begin processing the 61001st record. Run 1, Event 104457021, LumiSection 28510 at 27-Nov-2012 02:24:47.036 EET
Begin processing the 62001st record. Run 1, Event 168769164, LumiSection 46062 at 27-Nov-2012 02:24:52.135 EET
Begin processing the 63001st record. Run 1, Event 188171967, LumiSection 51357 at 27-Nov-2012 02:25:00.646 EET
Begin processing the 64001st record. Run 1, Event 199708958, LumiSection 54506 at 27-Nov-2012 02:25:03.711 EET
Begin processing the 65001st record. Run 1, Event 246077964, LumiSection 67162 at 27-Nov-2012 02:25:09.436 EET
Begin processing the 66001st record. Run 1, Event 202133748, LumiSection 55168 at 27-Nov-2012 02:25:12.917 EET
Begin processing the 67001st record. Run 1, Event 242648319, LumiSection 66225 at 27-Nov-2012 02:25:19.558 EET
Begin processing the 68001st record. Run 1, Event 119129555, LumiSection 32514 at 27-Nov-2012 02:25:23.284 EET
Begin processing the 69001st record. Run 1, Event 131918399, LumiSection 36004 at 27-Nov-2012 02:25:29.187 EET
Begin processing the 70001st record. Run 1, Event 134589054, LumiSection 36733 at 27-Nov-2012 02:25:33.058 EET
27-Nov-2012 02:25:36 EET  Closed file file:/hdfs/cms/store/user/mario/QCD_Pt_250_350_EMEnriched_TuneZ2star_8TeV_pythia6/Summer12-stop-pfele-step1/3d176ac8da5e9dff208d057f4733ca91/tuple_406_11_nae.root
27-Nov-2012 02:25:36 EET  Initiating request to open file file:/hdfs/cms/store/user/mario/QCD_Pt_250_350_EMEnriched_TuneZ2star_8TeV_pythia6/Summer12-stop-pfele-step1/3d176ac8da5e9dff208d057f4733ca91/tuple_408_9_iEK.root
27-Nov-2012 02:25:36 EET  Successfully opened file file:/hdfs/cms/store/user/mario/QCD_Pt_250_350_EMEnriched_TuneZ2star_8TeV_pythia6/Summer12-stop-pfele-step1/3d176ac8da5e9dff208d057f4733ca91/tuple_408_9_iEK.root
Begin processing the 71001st record. Run 1, Event 84142097, LumiSection 22965 at 27-Nov-2012 02:26:01.156 EET
Begin processing the 72001st record. Run 1, Event 104753995, LumiSection 28591 at 27-Nov-2012 02:26:04.526 EET
Begin processing the 73001st record. Run 1, Event 53316998, LumiSection 14552 at 27-Nov-2012 02:26:09.911 EET
Begin processing the 74001st record. Run 1, Event 82826039, LumiSection 22606 at 27-Nov-2012 02:26:13.597 EET
Begin processing the 75001st record. Run 1, Event 248206057, LumiSection 67742 at 27-Nov-2012 02:26:18.593 EET
Begin processing the 76001st record. Run 1, Event 171156783, LumiSection 46714 at 27-Nov-2012 02:26:22.393 EET
Begin processing the 77001st record. Run 1, Event 200085677, LumiSection 54609 at 27-Nov-2012 02:26:28.545 EET
Begin processing the 78001st record. Run 1, Event 253090048, LumiSection 69075 at 27-Nov-2012 02:26:32.376 EET
Begin processing the 79001st record. Run 1, Event 69137953, LumiSection 18870 at 27-Nov-2012 02:26:38.876 EET
Begin processing the 80001st record. Run 1, Event 102602798, LumiSection 28003 at 27-Nov-2012 02:26:44.415 EET
Begin processing the 81001st record. Run 1, Event 200108100, LumiSection 54615 at 27-Nov-2012 02:26:48.109 EET
Begin processing the 82001st record. Run 1, Event 112949864, LumiSection 30827 at 27-Nov-2012 02:26:53.974 EET
Begin processing the 83001st record. Run 1, Event 120185328, LumiSection 32802 at 27-Nov-2012 02:26:58.316 EET
Begin processing the 84001st record. Run 1, Event 53121663, LumiSection 14499 at 27-Nov-2012 02:27:05.774 EET
Begin processing the 85001st record. Run 1, Event 69996373, LumiSection 19104 at 27-Nov-2012 02:27:10.390 EET
Begin processing the 86001st record. Run 1, Event 82880949, LumiSection 22621 at 27-Nov-2012 02:27:17.419 EET
Begin processing the 87001st record. Run 1, Event 102177562, LumiSection 27887 at 27-Nov-2012 02:27:21.013 EET
Begin processing the 88001st record. Run 1, Event 28478161, LumiSection 7773 at 27-Nov-2012 02:27:25.865 EET
Begin processing the 89001st record. Run 1, Event 38516116, LumiSection 10513 at 27-Nov-2012 02:27:29.583 EET
Begin processing the 90001st record. Run 1, Event 53518342, LumiSection 14607 at 27-Nov-2012 02:27:36.774 EET
Begin processing the 91001st record. Run 1, Event 82502355, LumiSection 22518 at 27-Nov-2012 02:27:40.691 EET
Begin processing the 92001st record. Run 1, Event 82900655, LumiSection 22626 at 27-Nov-2012 02:27:45.869 EET
Begin processing the 93001st record. Run 1, Event 82914760, LumiSection 22630 at 27-Nov-2012 02:27:49.762 EET
Begin processing the 94001st record. Run 1, Event 113108307, LumiSection 30871 at 27-Nov-2012 02:27:55.157 EET
Begin processing the 95001st record. Run 1, Event 119646910, LumiSection 32655 at 27-Nov-2012 02:28:01.072 EET
Begin processing the 96001st record. Run 1, Event 141691201, LumiSection 38672 at 27-Nov-2012 02:28:04.719 EET
27-Nov-2012 02:28:06 EET  Closed file file:/hdfs/cms/store/user/mario/QCD_Pt_250_350_EMEnriched_TuneZ2star_8TeV_pythia6/Summer12-stop-pfele-step1/3d176ac8da5e9dff208d057f4733ca91/tuple_408_9_iEK.root
27-Nov-2012 02:28:06 EET  Initiating request to open file file:/hdfs/cms/store/user/mario/QCD_Pt_250_350_EMEnriched_TuneZ2star_8TeV_pythia6/Summer12-stop-pfele-step1/3d176ac8da5e9dff208d057f4733ca91/tuple_410_11_BbY.root
27-Nov-2012 02:28:07 EET  Successfully opened file file:/hdfs/cms/store/user/mario/QCD_Pt_250_350_EMEnriched_TuneZ2star_8TeV_pythia6/Summer12-stop-pfele-step1/3d176ac8da5e9dff208d057f4733ca91/tuple_410_11_BbY.root
Begin processing the 97001st record. Run 1, Event 256550994, LumiSection 70020 at 27-Nov-2012 02:28:33.111 EET
Begin processing the 98001st record. Run 1, Event 190548342, LumiSection 52006 at 27-Nov-2012 02:28:36.568 EET
Begin processing the 99001st record. Run 1, Event 196090027, LumiSection 53519 at 27-Nov-2012 02:28:45.037 EET
Begin processing the 100001st record. Run 1, Event 197094457, LumiSection 53793 at 27-Nov-2012 02:28:48.607 EET
Begin processing the 101001st record. Run 1, Event 200452032, LumiSection 54709 at 27-Nov-2012 02:28:53.933 EET
Begin processing the 102001st record. Run 1, Event 175808715, LumiSection 47983 at 27-Nov-2012 02:28:57.478 EET
Begin processing the 103001st record. Run 1, Event 198462068, LumiSection 54166 at 27-Nov-2012 02:29:02.307 EET
Begin processing the 104001st record. Run 1, Event 200369556, LumiSection 54687 at 27-Nov-2012 02:29:07.255 EET
Begin processing the 105001st record. Run 1, Event 21154409, LumiSection 5774 at 27-Nov-2012 02:29:11.985 EET
Begin processing the 106001st record. Run 1, Event 72344528, LumiSection 19745 at 27-Nov-2012 02:29:17.622 EET
Begin processing the 107001st record. Run 1, Event 28574491, LumiSection 7799 at 27-Nov-2012 02:29:21.353 EET
Begin processing the 108001st record. Run 1, Event 32365171, LumiSection 8834 at 27-Nov-2012 02:29:27.651 EET
Begin processing the 109001st record. Run 1, Event 33967939, LumiSection 9271 at 27-Nov-2012 02:29:31.812 EET
Begin processing the 110001st record. Run 1, Event 42583897, LumiSection 11623 at 27-Nov-2012 02:29:38.898 EET
Begin processing the 111001st record. Run 1, Event 45088422, LumiSection 12306 at 27-Nov-2012 02:29:42.289 EET
Begin processing the 112001st record. Run 1, Event 46951214, LumiSection 12815 at 27-Nov-2012 02:29:47.050 EET
27-Nov-2012 02:29:48 EET  Closed file file:/hdfs/cms/store/user/mario/QCD_Pt_250_350_EMEnriched_TuneZ2star_8TeV_pythia6/Summer12-stop-pfele-step1/3d176ac8da5e9dff208d057f4733ca91/tuple_410_11_BbY.root

=============================================

MessageLogger Summary

 type     category        sev    module        subroutine        count    total
 ---- -------------------- -- ---------------- ----------------  -----    -----
    1 fileAction           -s file_close                             5        5
    2 fileAction           -s file_open                             10       10

 type    category    Examples: run/evt        run/evt          run/evt
 ---- -------------------- ---------------- ---------------- ----------------
    1 fileAction           PostProcessEvent PostProcessEvent PostEndRun
    2 fileAction           pre-events       pre-events       PostProcessEvent

Severity    # Occurrences   Total Occurrences
--------    -------------   -----------------
System                 15                  15
>>> END OF printout of 146 lines from stdout+stderr
>>> Parse FrameworkJobReport crab_fjr.xml
Result of parsing the FrameworkJobReport crab_fjr.xml: Popularity start
lumisRange : 1::4547,4771,4961,4964,5262,5266,5732-5734,5739,5741-5742,6231,6235,6442,6448,6450,6835,7466,7885,7887,7890,8128,8132-8133,9649,10090,10201,10315,10620,10965,10986,11342-11344,11363,11365-11366,11603,12005,12278,12283,12286,12416-12417,12664,12669,12671,12685-12686,12695,12699,12704,12708-12709,12717,12721-12723,12820,13355,13437,13863,13870,14952,16001,16004,16550,16779,16902-16903,16907,17067,17072,17076,17078-17080,17083,17085,17107,17138,17141,18109,18161,18164,18296,18423,18643,18807,18855,19083,19202,19286,19543,20066-20068,20276,20437,23525,24087,50003,50792,50796,51892,56374,57356,57777,57789,57816,57819,58364,58404,67158,67180,70784,71030,71032,72881::1;1::2594,3474,3969,4101,4116,4971,4982,5126,5267,5773-5774,5850,6199,6452,6520,6856,7025,7290,7799,8834,8839,9082-9083,9112,9271,10981,11489,11565,11615,11623,11697,11705,11727,11747,11753,11797,11802,12306,12317,12322,12429,12758,12772,12815,12859,12926,13690,15106,19745,23881,44107,44798,45758,46815,47079,47237,47983,48375,48484,48990,48992,49242,49290,49469,49566,49585,49644,49716,50713,51263,51771,52006,53519-53520,53541,53668,53671,53696,53770,53793,53864,54065,54071,54166,54169,54176,54183,54205-54206,54318,54611,54636,54684,54687,54709,54749,54807,55013,55358,66459,66532,70020::2;1::206,800,3520,5439,6082,6129,6299,6302,7773,8750,8951-8952,9389,9397,10390,10513,11169,11961,13803,14499,14552,14571,14599,14607,14613,14618,14641,14657,14683,14786,15118,15181,17967,18002,18020,18028,18039,18181,18240,18323,18670,18870,19104,19213,19492,20057,20773,21247,21348,21554,22380,22385,22396-22397,22414,22416-22417,22420,22474,22489,22496,22518,22528,22545,22589,22595,22600,22606-22607,22617,22621,22626,22630,22632,22871,22926,22930,22965,23196,23448,23680-23681,25900,26314,26379,26404,27803,27811,27821,27856,27860,27887,27892,27917,27972,27978,27980,27991,28003,28242,28591,28655,30532,30797,30824,30827,30831,30866,30871-30872,30876,30883,30893,30896,30990,32552,32577-32578,32601,32655,32702,32802-32803,33147,33229,33301,33519,33943,34302,34484,34661,34665,34913,35313,35988,36590,38391,38393,38672,38809,38859,39397,44042,45046,46446,46714,46818,46900,51350,51970,52173,53662,54095,54388,54588,54609,54615,54618,54645,67514,67587,67608,67741-67742,67750,67817,67878,68086,68181,68544,69075,71934::3;1::12540,12752,13410,15152,17632,17670,19206,20115,20660,20665,20668,20690,21205,21318,21387,21485,21508,21532,21623,21664,21674-21676,21712,21805,22321,22328,22861,23005,23081,23358,23525,23653,23840,23871,23954,23968,24139,24500,24777,24788,24803,24850,24856,24983,25005,25061,25109,25159,25210,25301,25303,25338,25369,25424,25427,25433,25445,25447,25469,25485,25516,25520,25577,25635,25653,25656,25845,25847,25857,25864,25868-25869,25976,25982,25987,26017,26019-26020,26063,26295,26309,26323,26356,26376,26566,26589,26712,27145,27421,27534-27536,27648,27753,28040,28054,28062,28111,28114,28172-28173,28275,28424,28604,28651,29320,29337,29424,29449,29786,29791,30048,30370,30399,30420-30421,31117,31119,31438,32442-32443,32452,32820,33290,33403,33409,33501,33657,33725,33736,33901,34010,34056,34262,34269,34957,35276,35643,35745,35896,35899,35910-35911,35915,35929,35960,36463,36912,36925,37149,37176,37196,37442,37459,37765,37797,37846,38364,39241,40028,43886,44363,45331,45753,46713,46820,47023::4;1::3180,3486,3560,3643,4120,4123,4162,5024,5730,6533,6790,7906,8516,8634,9087,9140,10267,11409,11475,11477,11494,11529,11605,11619,11626,11653,11691,12297,12909,12914,13851,13887,14104,14684,20750,22603,23421,24794,25796,26662,27835,27876,28009,28238,28284,28510,28679,28890,29595,29796,30230,30624,30660,31925,32510,32514,32587,32624,32636,32654,32797,32854,32857,33030,33303,33413,33599,34525,35023,35656,35792,36004,36013,36054,36463,36600,36733,36911,36924,36926,37029,37055,37128,37147,37268,37377,37460,37548,37557,37657,37855,37962,38346,38902,39172,39329,39331,39338,39391,39577,41564,41594,43887,44012,44470,46062,46074,47616,49068,49657,49660,51357,52057,52729,53031,53728,53746,54072,54178,54263,54266,54279,54506,55020,55074,55139,55156,55159,55168,55194,55242,55542,55549,57778,57793,59938,60196,60760,61067,66225,66452,66715,66768,66812,67162,67309,67367,67398,67512,67733,67913,67915,67935,68207,68561,69471,69683,70701,70991,71152,71206,71787,71837,71862,71892,72310,72337,72632,72634::5;
lumisParentRange : 
Basename : /store/user/mario/QCD_Pt_250_350_EMEnriched_TuneZ2star_8TeV_pythia6/Summer12-stop-pfele-step1/3d176ac8da5e9dff208d057f4733ca91/tuple_4
BasenameParent : 
parentFiles : 
inputBlocks : /QCD_Pt_250_350_EMEnriched_TuneZ2star_8TeV_pythia6/mario-Summer12-stop-pfele-step1-3d176ac8da5e9dff208d057f4733ca91/USER#89723d11-1f9b-42cd-94f4-feb0ac97b54e
inputFiles : 04_7_wMj.root::1::EDM::Local::1;10_11_BbY.root::1::EDM::Local::2;08_9_iEK.root::1::EDM::Local::3;05_9_lJD.root::1::EDM::Local::4;06_11_nae.root::1::EDM::Local::5;
Popularity stop
Extracted ExitStatus from FrameworkJobReport parsing output: 0
>>> Executable succeded  0
ExeExitCode=0
EXECUTABLE_EXIT_STATUS = 0
>>> current directory /home/cms006/home_crce1_559416474/CREAM559416474/glide_t32285/execute/dir_28807/CMSSW_5_3_5
>>>  (SOFTWARE_DIR): /home/cms006/home_crce1_559416474/CREAM559416474/glide_t32285/execute/dir_28807/CMSSW_5_3_5
>>> (WORKING_DIR): 
>>> current directory content:
total 160
drwxr-xr-x 3 cms006 cms  4096 Nov 27 02:17 .SCRAM
-rw-r--r-- 1 cms006 cms 30066 Nov 27 02:17 CMSSW.py.pkl
drwxr-xr-x 3 cms006 cms  4096 Nov 27 02:17 bin
drwxr-xr-x 3 cms006 cms  4096 Nov 27 02:17 cfipython
drwxr-xr-x 5 cms006 cms  4096 Nov 27 02:17 config
-rw-r--r-- 1 cms006 cms    17 Nov 27 02:29 cpu_timing.txt
drwxr-xr-x 2 cms006 cms  4096 Nov 27 02:17 doc
-rw-r--r-- 1 cms006 cms 16477 Nov 27 02:29 executable.out
drwxr-xr-x 2 cms006 cms  4096 Nov 27 02:17 include
drwxrwxrwx 3 cms006 cms  4096 Oct 22 16:38 lib
drwxr-xr-x 3 cms006 cms  4096 Nov 27 02:17 logs
drwxr-xr-x 3 cms006 cms  4096 Nov 27 02:17 objs
-rw-r--r-- 1 cms006 cms 17949 Nov 27 02:29 optHistograms.root
-rw-r--r-- 1 cms006 cms   104 Nov 27 02:17 pset.py
-rw-r--r-- 1 cms006 cms 19510 Nov 27 02:17 pset.py.pkl
-rw-r--r-- 1 cms006 cms   289 Nov 27 02:17 pset.pyc
drwxr-xr-x 2 cms006 cms  4096 Nov 27 02:17 python
-rw-r--r-- 1 cms006 cms   420 Nov 27 02:29 report.log
drwxrwxrwx 4 cms006 cms  4096 Nov 27 02:17 src
drwxr-xr-x 3 cms006 cms  4096 Nov 27 02:17 test
drwxr-xr-x 3 cms006 cms  4096 Nov 27 02:17 tmp
>>> current directory /home/cms006/home_crce1_559416474/CREAM559416474/glide_t32285/execute/dir_28807/CMSSW_5_3_5
>>> (SOFTWARE_DIR): /home/cms006/home_crce1_559416474/CREAM559416474/glide_t32285/execute/dir_28807/CMSSW_5_3_5
>>> (WORKING_DIR): 
>>> current directory content:
total 140
drwxr-xr-x 3 cms006 cms  4096 Nov 27 02:17 .SCRAM
-rw-r--r-- 1 cms006 cms 30066 Nov 27 02:17 CMSSW.py.pkl
drwxr-xr-x 3 cms006 cms  4096 Nov 27 02:17 bin
drwxr-xr-x 3 cms006 cms  4096 Nov 27 02:17 cfipython
drwxr-xr-x 5 cms006 cms  4096 Nov 27 02:17 config
-rw-r--r-- 1 cms006 cms    17 Nov 27 02:29 cpu_timing.txt
drwxr-xr-x 2 cms006 cms  4096 Nov 27 02:17 doc
-rw-r--r-- 1 cms006 cms 16477 Nov 27 02:29 executable.out
drwxr-xr-x 2 cms006 cms  4096 Nov 27 02:17 include
drwxrwxrwx 3 cms006 cms  4096 Oct 22 16:38 lib
drwxr-xr-x 3 cms006 cms  4096 Nov 27 02:17 logs
drwxr-xr-x 3 cms006 cms  4096 Nov 27 02:17 objs
-rw-r--r-- 1 cms006 cms   104 Nov 27 02:17 pset.py
-rw-r--r-- 1 cms006 cms 19510 Nov 27 02:17 pset.py.pkl
-rw-r--r-- 1 cms006 cms   289 Nov 27 02:17 pset.pyc
drwxr-xr-x 2 cms006 cms  4096 Nov 27 02:17 python
-rw-r--r-- 1 cms006 cms   420 Nov 27 02:29 report.log
drwxrwxrwx 4 cms006 cms  4096 Nov 27 02:17 src
drwxr-xr-x 3 cms006 cms  4096 Nov 27 02:17 test
drwxr-xr-x 3 cms006 cms  4096 Nov 27 02:17 tmp
>>> current directory (RUNTIME_AREA):  /home/cms006/home_crce1_559416474/CREAM559416474/glide_t32285/execute/dir_28807
>>> current dir: /home/cms006/home_crce1_559416474/CREAM559416474/glide_t32285/execute/dir_28807
>>> current dir content:
total 25804
-rw-rw-rw-  1 cms006 cms     5602 Nov 27 02:17 .job.ad
-rw-rw-rw-  1 cms006 cms    11427 Nov 27 02:17 .machine.ad
-rw-rw-rw-  1 cms006 cms      105 Nov 27 01:27 CMSSW.py
-rw-rw-rw-  1 cms006 cms    30066 Nov 27 01:27 CMSSW.py.pkl
-rwxrw-rw-  1 cms006 cms    23341 Nov 27 02:17 CMSSW.sh
drwxr-xr-x 15 cms006 cms     4096 Nov 27 02:30 CMSSW_5_3_5
-rw-rw-rw-  1 cms006 cms        0 Nov 27 02:17 CMSSW_76.stderr
-rw-rw-rw-  1 cms006 cms    32823 Nov 27 02:30 CMSSW_76.stdout
-rw-r--r--  1 cms006 cms      347 Nov 27 02:17 CacheEnv.sh
-rw-rw-rw-  1 cms006 cms     7291 Jun  9  2010 DashboardAPI.py
-rw-r--r--  1 cms006 cms     6883 Nov 27 02:17 DashboardAPI.pyc
drwxrwxrwx  3 cms006 cms     4096 Nov 27 02:29 IMProv
-rw-rw-rw-  1 cms006 cms     2748 Mar  8  2006 Logger.py
-rw-r--r--  1 cms006 cms     3353 Nov 27 02:17 Logger.pyc
-rw-rw-rw-  1 cms006 cms    24524 Mar 28  2008 ProcInfo.py
-rw-r--r--  1 cms006 cms    23470 Nov 27 02:17 ProcInfo.pyc
drwxrwxrwx  7 cms006 cms     4096 Nov 27 02:17 ProdCommon
drwxrwxrwx  3 cms006 cms     4096 Nov 27 02:17 WMCore
-rw-r--r--  1 cms006 cms     2379 Nov 27 02:30 Watchdog_76.log
-rw-rw-rw-  1 cms006 cms    32895 Mar 28  2008 apmon.py
-rw-r--r--  1 cms006 cms    28874 Nov 27 02:17 apmon.pyc
-rw-rw-rw-  1 cms006 cms   105070 Nov 27 02:17 arguments.xml
-rwxrwxrwx  1 cms006 cms    37427 Sep 13 14:14 cmscp.py
-rwxrwxrwx  1 cms006 cms    23341 Nov 27 02:17 condor_exec.exe
-rw-rw-rw-  1 cms006 cms      546 Nov 27 01:27 crab.cfg
-rwxrwxrwx  1 cms006 cms     9531 Sep 20 21:46 crabWatchdog.sh
-rw-r--r--  1 cms006 cms    50142 Nov 27 02:29 crab_fjr_76.xml
-rw-rw-rw-  1 cms006 cms 25796300 Nov 27 02:17 default.tgz
-rwxrwxrwx  1 cms006 cms     4488 May 12  2012 fillCrabFjr.py
-rw-r--r--  1 cms006 cms      948 Nov 27 02:17 inputsReport.txt
-rw-r--r--  1 cms006 cms      132 Nov 27 02:30 jobreport.txt
lrwxrwxrwx  1 cms006 cms      107 Nov 27 02:30 optHistograms.root -> /home/cms006/home_crce1_559416474/CREAM559416474/glide_t32285/execute/dir_28807/optHistograms_76_1_wkp.root
-rw-r--r--  1 cms006 cms    17949 Nov 27 02:29 optHistograms_76_1_wkp.root
-rw-rw-rw-  1 cms006 cms    17352 Jan 20  2012 parseCrabFjr.py
-rw-r--r--  1 cms006 cms      285 Nov 27 02:17 report.log
-rwxrwxrwx  1 cms006 cms     1497 May 27  2009 report.py
-rwxrwxrwx  1 cms006 cms     8387 Mar 23  2011 writeCfg.py
-rw-------  1 cms006 cms     8687 Nov 27 02:27 x509up_u1000009
Checking output files:  
will tar file optHistograms_76_1_wkp.root in  out_files_76
will tar file crab_fjr_76.xml in  out_files_76
will tar file CMSSW_76.stdout in  out_files_76
will tar file CMSSW_76.stderr in  out_files_76
WARNING: output file Watchdog_76.log.gz not found!
>>> padding time: Wrapper lasting more than 600 seconds. No sleep required.
STOPPING WATCHDOG. CrabWatchdog PID is 5990
********** LAST 50 LINES OF WATCHDOG LOG
# RESOURCE USAGE SUMMARY FOR PROCESS ID 29610
USER       PID %CPU %MEM    VSZ   RSS TTY      STAT START   TIME COMMAND
cms006   29610  0.2  0.0   8956  1488 ?        S    02:17   0:00 /bin/sh /home/cms006/home_crce1_559416474/CREAM559416474/glide_t32285/execute/dir_28807/condor_exec.exe 76 1
 
# LIMITS USED BY THIS WATCHDOG:
# RSS  (KBytes)  : 2300000
# VSZ  (KBytes)  : 100000000
# DISK (MBytes)  : 19000
# CPU  (seconds) : 171600
# WALL (seconds) : 171600
 
# FOLLOWING PRINTOUT TRACKS MAXIMUM VALUES OF RESOURCES USE
# ONE LINE IS PRINTED EACH TIME A MAXIMUM CHANGES
# IF CHANGE WAS IN RSS OR VSZ ALSO PROCID AND COMMAND ARE PRINTED
# THERE IS NO PRINTOUT FOR CPU/WALL TIME INCREASE
 
# TIME			PID	RSS(KB)	VSZ(KB)	Dsk(MB)	tCPU(s)	tWALL(s)	COMMAND
 Nov 27 02:17:40 EET	3655	1340	8816	0	0	1955	/bin/bash /home/cms006/home_crce1_559416474/CREAM559416474/glide_t32285/main/condor_startup.sh glidein_config       
 Nov 27 02:17:40 EET	4281	5980	9648	0	1	1954	/home/cms006/home_crce1_559416474/CREAM559416474/glide_t32285/main/condor/sbin/condor_master -f -pidfile /home/cms006/home_crce1_559416474/CREAM559416474/glide_t32285/condor_master2.pid      
 Nov 27 02:17:40 EET	6001	23064	84752	0	0	0	edmConfigHash pset.py        
 Nov 27 02:17:40 EET	---	23064	84752	168	----	----	----
 Nov 27 02:18:43 EET	6596	359776	564324	168	18	58	cmsRun -j /home/cms006/home_crce1_559416474/CREAM559416474/glide_t32285/execute/dir_28807/crab_fjr_76.xml -p pset.py     
 Nov 27 02:19:50 EET	6596	361832	564324	168	64	125	cmsRun -j /home/cms006/home_crce1_559416474/CREAM559416474/glide_t32285/execute/dir_28807/crab_fjr_76.xml -p pset.py     
 Nov 27 02:20:58 EET	6596	365432	565348	168	95	195	cmsRun -j /home/cms006/home_crce1_559416474/CREAM559416474/glide_t32285/execute/dir_28807/crab_fjr_76.xml -p pset.py     
 Nov 27 02:22:10 EET	6596	365512	565348	168	142	266	cmsRun -j /home/cms006/home_crce1_559416474/CREAM559416474/glide_t32285/execute/dir_28807/crab_fjr_76.xml -p pset.py     
 Nov 27 02:24:31 EET	6596	365796	565348	168	220	404	cmsRun -j /home/cms006/home_crce1_559416474/CREAM559416474/glide_t32285/execute/dir_28807/crab_fjr_76.xml -p pset.py     
 Nov 27 02:28:49 EET	6596	366228	566116	168	373	662	cmsRun -j /home/cms006/home_crce1_559416474/CREAM559416474/glide_t32285/execute/dir_28807/crab_fjr_76.xml -p pset.py     
 Nov 27 02:29:54 EET	---	366228	566116	169	----	----	----
********** WATCHDOG LOG ENDED
ZIPPING WATCHDOG LOG
Disk space used:
du -sh /home/cms006/home_crce1_559416474/CREAM559416474/glide_t32285/execute/dir_28807
169M	/home/cms006/home_crce1_559416474/CREAM559416474/glide_t32285/execute/dir_28807
>>> info for dashboard:
***** Cat /home/cms006/home_crce1_559416474/CREAM559416474/glide_t32285/execute/dir_28807/jobreport.txt *****
MonitorJobID=76_https://submit-2.t2.ucsd.edu//121127//17529.75
MonitorID=liis_crab_0_121127_012714_evt312
ExeTime=722
ExeExitCode=0
CrabUserCpuTime=405.99
CrabSysCpuTime=11.46
CrabCpuPercentage=57%
CrabWrapperTime=757
CrabStageoutTime=NULL
***** End Cat jobreport *****
Parameters sent to Dashboard.
optHistograms_76_1_wkp.root
crab_fjr_76.xml
CMSSW_76.stdout
CMSSW_76.stderr
Watchdog_76.log.gz
tar: .BrokerInfo: Cannot stat: No such file or directory
tar: Error exit delayed from previous errors
Total Output dimension: 30033
WARNING: output files size limit is set to: 50000000
Total Output dimension 30033 is fine.
JOB_EXIT_STATUS = 0
>>> info for dashboard:
***** Cat /home/cms006/home_crce1_559416474/CREAM559416474/glide_t32285/execute/dir_28807/jobreport.txt *****
MonitorJobID=76_https://submit-2.t2.ucsd.edu//121127//17529.75
MonitorID=liis_crab_0_121127_012714_evt312
JobExitCode=0
***** End Cat jobreport *****
Parameters sent to Dashboard.
optHistograms_76_1_wkp.root
crab_fjr_76.xml
