This script was generated by crab (version 2.8.3).
Running /home/cms006/home_crobe_192862900/CREAM192862900/glide_N13462/execute/dir_12665/condor_exec.exe with 2 positional parameters: 87 1
Today is Tue Nov 27 02:30:47 EET 2012
Job submitted on host wn-v-5492.local
Linux wn-v-5492.local 2.6.32-042stab059.7 #1 SMP Tue Jul 24 19:12:01 MSK 2012 x86_64 x86_64 x86_64 GNU/Linux
>>> current directory (RUNTIME_AREA): /home/cms006/home_crobe_192862900/CREAM192862900/glide_N13462/execute/dir_12665
>>> current user: uid=11006(cms006) gid=1400(cms) groups=1400(cms)
>>> voms proxy information:
subject   : /DC=ch/DC=cern/OU=Organic Units/OU=Users/CN=liis/CN=663550/CN=Liis Rebane/CN=proxy/CN=limited proxy
issuer    : /DC=ch/DC=cern/OU=Organic Units/OU=Users/CN=liis/CN=663550/CN=Liis Rebane/CN=proxy
identity  : /DC=ch/DC=cern/OU=Organic Units/OU=Users/CN=liis/CN=663550/CN=Liis Rebane/CN=proxy
type      : limited proxy
strength  : 512 bits
path      : /home/cms006/home_crobe_192862900/CREAM192862900/glide_N13462/execute/dir_12665/x509up_u1000009
timeleft  : 23:59:54
key usage : Digital Signature, Key Encipherment, Data Encipherment
=== VO cms extension information ===
VO        : cms
subject   : /DC=ch/DC=cern/OU=Organic Units/OU=Users/CN=liis/CN=663550/CN=Liis Rebane
issuer    : /DC=ch/DC=cern/OU=computers/CN=lcg-voms.cern.ch
attribute : /cms/Role=NULL/Capability=NULL
timeleft  : 190:54:50
uri       : lcg-voms.cern.ch:15002
>>> tar xzf /home/cms006/home_crobe_192862900/CREAM192862900/glide_N13462/execute/dir_12665/default.tgz :
Successful untar
>>> Include /home/cms006/home_crobe_192862900/CREAM192862900/glide_N13462/execute/dir_12665 in PYTHONPATH:
strip arguments
env var CRAB_UNIQUE_JOB_ID set to: liis_crab_0_121127_012908_ngk079_87_1_1hs
out_files_87
>>> list of expected files on output sandbox
output files: optHistograms_87_1_1hs.root crab_fjr_87.xml CMSSW_87.stdout CMSSW_87.stderr Watchdog_87.log.gz
>>> GridFlavour discovery: 
GridFlavour=LCG
>>> SyncSite discovery: 
SyncSite=T2_EE_Estonia
>>> SyncCE discovery: 
getting SyncCE from CE_ID
SyncCE=oberon.hep.kbfi.ee:8443/cream-pbs-long
>>> info for dashboard:
***** Cat /home/cms006/home_crobe_192862900/CREAM192862900/glide_N13462/execute/dir_12665/jobreport.txt *****
MonitorJobID=87_https://submit-2.t2.ucsd.edu//121127//17530.86
SyncGridJobId=https://submit-2.t2.ucsd.edu//121127//17530.86
MonitorID=liis_crab_0_121127_012908_ngk079
GridFlavour=LCG
SyncSite=T2_EE_Estonia
SyncCE=oberon.hep.kbfi.ee:8443/cream-pbs-long
***** End Cat jobreport *****
Parameters sent to Dashboard.
>>> setup environment
set SCRAM ARCH to slc5_amd64_gcc462
SCRAM_ARCH = slc5_amd64_gcc462
>>> setup CMS LCG environment:
set SCRAM ARCH and BUILD_ARCH to slc5_amd64_gcc462 ###
Sourcing environment... 
sourcing /cvmfs/cms.cern.ch/cmsset_default.sh
==> setup cms environment ok
>>> specific cmssw setup environment:
CMSSW_VERSION =  CMSSW_5_3_5
>>> current directory (SOFTWARE_DIR): /home/cms006/home_crobe_192862900/CREAM192862900/glide_N13462/execute/dir_12665/CMSSW_5_3_5
PreserveSeeds: <>
IncrementSeeds:<>
{}
WNHostName=wn-v-5492.local
>>> info for dashboard:
***** Cat /home/cms006/home_crobe_192862900/CREAM192862900/glide_N13462/execute/dir_12665/jobreport.txt *****
MonitorJobID=87_https://submit-2.t2.ucsd.edu//121127//17530.86
MonitorID=liis_crab_0_121127_012908_ngk079
WNHostName=wn-v-5492.local
***** End Cat jobreport *****
Parameters sent to Dashboard.
crabWatchdog started as process 13892
>>> moving CMSSW software directories in /home/cms006/home_crobe_192862900/CREAM192862900/glide_N13462/execute/dir_12665/CMSSW_5_3_5
mv: cannot stat `/home/cms006/home_crobe_192862900/CREAM192862900/glide_N13462/execute/dir_12665/module/': No such file or directory
>>> Include /home/cms006/home_crobe_192862900/CREAM192862900/glide_N13462/execute/dir_12665 in PYTHONPATH:
PYTHONPATH=/home/cms006/home_crobe_192862900/CREAM192862900/glide_N13462/execute/dir_12665/:/home/cms006/home_crobe_192862900/CREAM192862900/glide_N13462/execute/dir_12665/CMSSW_5_3_5/python:/home/cms006/home_crobe_192862900/CREAM192862900/glide_N13462/execute/dir_12665/CMSSW_5_3_5/lib/slc5_amd64_gcc462:/cvmfs/cms.cern.ch/slc5_amd64_gcc462/cms/cmssw/CMSSW_5_3_5/python:/cvmfs/cms.cern.ch/slc5_amd64_gcc462/cms/cmssw/CMSSW_5_3_5/lib/slc5_amd64_gcc462:/cvmfs/cms.cern.ch/slc5_amd64_gcc462/cms/coral/CORAL_2_3_21-cms27/slc5_amd64_gcc462/python:/cvmfs/cms.cern.ch/slc5_amd64_gcc462/cms/coral/CORAL_2_3_21-cms27/slc5_amd64_gcc462/lib:/cvmfs/cms.cern.ch/slc5_amd64_gcc462/external/pyqt/4.8.1/lib/python2.6/site-packages:/cvmfs/cms.cern.ch/slc5_amd64_gcc462/external/py2-scipy/0.8.0/lib/python2.6/site-packages:/cvmfs/cms.cern.ch/slc5_amd64_gcc462/external/py2-matplotlib/1.0.1/lib/python2.6/site-packages:/cvmfs/cms.cern.ch/slc5_amd64_gcc462/external/python-ldap/2.3.5/lib/python2.6/site-packages:/cvmfs/cms.cern.ch/slc5_amd64_gcc462/external/sip/4.11.2/lib/python2.6/site-packages:/cvmfs/cms.cern.ch/slc5_amd64_gcc462/external/py2-pycurl/7.19.0/lib/python2.6/site-packages:/cvmfs/cms.cern.ch/slc5_amd64_gcc462/external/py2-numpy/1.6.1/lib/python2.6/site-packages:/cvmfs/cms.cern.ch/slc5_amd64_gcc462/external/py2-ipython/0.10/lib/python2.6/site-packages:/cvmfs/cms.cern.ch/slc5_amd64_gcc462/external/py2-cx-oracle/5.1-cms11/lib/python2.6/site-packages:/cvmfs/cms.cern.ch/slc5_amd64_gcc462/external/py2-cjson/1.0.5/lib/python2.6/site-packages:/cvmfs/cms.cern.ch/slc5_amd64_gcc462/cms/das-client/1.4.1-cms8/bin:/cvmfs/cms.cern.ch/slc5_amd64_gcc462/external/elementtree/1.2.6/share/lib/python2.6/site-packages:/cvmfs/cms.cern.ch/slc5_amd64_gcc462/external/rivet/1.5.1-cms10/lib/python2.6/site-packages:/cvmfs/cms.cern.ch/slc5_amd64_gcc462/external/pyminuit2/0.0.1-cms34/lib/python2.6/site-packages:/cvmfs/cms.cern.ch/slc5_amd64_gcc462/external/professor/1.0.0-cms35/lib/python2.6/site-packages:/cvmfs/cms.cern.ch/slc5_amd64_gcc462/lcg/root/5.32.00-cms18/lib:/cvmfs/cms.cern.ch/slc5_amd64_gcc462/cms/dbs-client/DBS_2_1_1_patch1_1/lib:/cvmfs/cms.cern.ch/slc5_amd64_gcc462/cms/dbs-client/DBS_2_1_1_patch1_1/lib/DBSAPI:/home/cms006/home_crobe_192862900/CREAM192862900/glide_N13462/execute/dir_12665/
241a2a19cb7c5c8751ba22759ab3bdb0
PSETHASH = 241a2a19cb7c5c8751ba22759ab3bdb0
/home/cms006/home_crobe_192862900/CREAM192862900/glide_N13462/execute/dir_12665/writeCfg.py pset.py pset.py
Importing .py file
Setting parameters
inputBlocks=/QCD_Pt_170_250_EMEnriched_TuneZ2star_8TeV_pythia6/mario-Summer12-stop-pfele-step1-3d176ac8da5e9dff208d057f4733ca91/USER#130d237e-abcb-4916-a790-d17c846c5c04
inputFiles=/store/user/mario/QCD_Pt_170_250_EMEnriched_TuneZ2star_8TeV_pythia6/Summer12-stop-pfele-step1/3d176ac8da5e9dff208d057f4733ca91/tuple_54_5_1LB.root;/store/user/mario/QCD_Pt_170_250_EMEnriched_TuneZ2star_8TeV_pythia6/Summer12-stop-pfele-step1/3d176ac8da5e9dff208d057f4733ca91/tuple_55_5_y9Z.root;/store/user/mario/QCD_Pt_170_250_EMEnriched_TuneZ2star_8TeV_pythia6/Summer12-stop-pfele-step1/3d176ac8da5e9dff208d057f4733ca91/tuple_56_3_qtK.root;/store/user/mario/QCD_Pt_170_250_EMEnriched_TuneZ2star_8TeV_pythia6/Summer12-stop-pfele-step1/3d176ac8da5e9dff208d057f4733ca91/tuple_57_5_dID.root;/store/user/mario/QCD_Pt_170_250_EMEnriched_TuneZ2star_8TeV_pythia6/Summer12-stop-pfele-step1/3d176ac8da5e9dff208d057f4733ca91/tuple_58_8_bQ7.root
parentFiles=
lumisRange=
>>> Executable cmsRun
/cvmfs/cms.cern.ch/slc5_amd64_gcc462/cms/cmssw/CMSSW_5_3_5/bin/slc5_amd64_gcc462/cmsRun
ok executable found
>>> info for dashboard:
***** Cat /home/cms006/home_crobe_192862900/CREAM192862900/glide_N13462/execute/dir_12665/jobreport.txt *****
MonitorJobID=87_https://submit-2.t2.ucsd.edu//121127//17530.86
MonitorID=liis_crab_0_121127_012908_ngk079
ExeStart=cmsRun
***** End Cat jobreport *****
Parameters sent to Dashboard.
>>> cmsRun started at Tue Nov 27 00:31:26 UTC 2012
>>> cmsRun ended at Tue Nov 27 00:41:15 UTC 2012
>>> info for dashboard:
***** Cat /home/cms006/home_crobe_192862900/CREAM192862900/glide_N13462/execute/dir_12665/jobreport.txt *****
MonitorJobID=87_https://submit-2.t2.ucsd.edu//121127//17530.86
MonitorID=liis_crab_0_121127_012908_ngk079
ExeEnd=cmsRun
***** End Cat jobreport *****
Parameters sent to Dashboard.
TIME_EXE = 589 sec
>>> cmsRun wrote 119 lines of stdout+stderr
>>> START OF printout of 119 lines from stdout+stderr
27-Nov-2012 02:31:43 EET  Initiating request to open file file:/hdfs/cms/store/user/mario/QCD_Pt_170_250_EMEnriched_TuneZ2star_8TeV_pythia6/Summer12-stop-pfele-step1/3d176ac8da5e9dff208d057f4733ca91/tuple_54_5_1LB.root
27-Nov-2012 02:31:51 EET  Successfully opened file file:/hdfs/cms/store/user/mario/QCD_Pt_170_250_EMEnriched_TuneZ2star_8TeV_pythia6/Summer12-stop-pfele-step1/3d176ac8da5e9dff208d057f4733ca91/tuple_54_5_1LB.root
Begin processing the 1st record. Run 1, Event 138458554, LumiSection 42695 at 27-Nov-2012 02:32:17.410 EET
Begin processing the 1001st record. Run 1, Event 139599765, LumiSection 43047 at 27-Nov-2012 02:32:27.853 EET
Begin processing the 2001st record. Run 1, Event 142969133, LumiSection 44086 at 27-Nov-2012 02:32:32.308 EET
Begin processing the 3001st record. Run 1, Event 149916293, LumiSection 46228 at 27-Nov-2012 02:32:39.657 EET
Begin processing the 4001st record. Run 1, Event 108746274, LumiSection 33533 at 27-Nov-2012 02:32:45.419 EET
Begin processing the 5001st record. Run 1, Event 134368265, LumiSection 41434 at 27-Nov-2012 02:32:50.598 EET
Begin processing the 6001st record. Run 1, Event 136199017, LumiSection 41998 at 27-Nov-2012 02:32:53.819 EET
Begin processing the 7001st record. Run 1, Event 139788521, LumiSection 43105 at 27-Nov-2012 02:32:59.654 EET
Begin processing the 8001st record. Run 1, Event 140294307, LumiSection 43261 at 27-Nov-2012 02:33:03.212 EET
Begin processing the 9001st record. Run 1, Event 141434007, LumiSection 43613 at 27-Nov-2012 02:33:08.510 EET
Begin processing the 10001st record. Run 1, Event 140150120, LumiSection 43217 at 27-Nov-2012 02:33:12.108 EET
Begin processing the 11001st record. Run 1, Event 140756048, LumiSection 43404 at 27-Nov-2012 02:33:17.811 EET
27-Nov-2012 02:33:21 EET  Closed file file:/hdfs/cms/store/user/mario/QCD_Pt_170_250_EMEnriched_TuneZ2star_8TeV_pythia6/Summer12-stop-pfele-step1/3d176ac8da5e9dff208d057f4733ca91/tuple_54_5_1LB.root
27-Nov-2012 02:33:21 EET  Initiating request to open file file:/hdfs/cms/store/user/mario/QCD_Pt_170_250_EMEnriched_TuneZ2star_8TeV_pythia6/Summer12-stop-pfele-step1/3d176ac8da5e9dff208d057f4733ca91/tuple_55_5_y9Z.root
27-Nov-2012 02:33:21 EET  Successfully opened file file:/hdfs/cms/store/user/mario/QCD_Pt_170_250_EMEnriched_TuneZ2star_8TeV_pythia6/Summer12-stop-pfele-step1/3d176ac8da5e9dff208d057f4733ca91/tuple_55_5_y9Z.root
Begin processing the 12001st record. Run 1, Event 142236996, LumiSection 43860 at 27-Nov-2012 02:33:41.156 EET
Begin processing the 13001st record. Run 1, Event 146293563, LumiSection 45111 at 27-Nov-2012 02:33:45.794 EET
Begin processing the 14001st record. Run 1, Event 147343248, LumiSection 45435 at 27-Nov-2012 02:33:51.975 EET
Begin processing the 15001st record. Run 1, Event 149270726, LumiSection 46029 at 27-Nov-2012 02:33:57.407 EET
Begin processing the 16001st record. Run 1, Event 135114870, LumiSection 41664 at 27-Nov-2012 02:34:05.635 EET
Begin processing the 17001st record. Run 1, Event 142585178, LumiSection 43968 at 27-Nov-2012 02:34:09.418 EET
Begin processing the 18001st record. Run 1, Event 145992727, LumiSection 45018 at 27-Nov-2012 02:34:15.044 EET
Begin processing the 19001st record. Run 1, Event 147286031, LumiSection 45417 at 27-Nov-2012 02:34:19.176 EET
Begin processing the 20001st record. Run 1, Event 148723495, LumiSection 45860 at 27-Nov-2012 02:34:22.738 EET
Begin processing the 21001st record. Run 1, Event 143598524, LumiSection 44280 at 27-Nov-2012 02:34:27.482 EET
Begin processing the 22001st record. Run 1, Event 145242051, LumiSection 44787 at 27-Nov-2012 02:34:31.287 EET
Begin processing the 23001st record. Run 1, Event 145680058, LumiSection 44922 at 27-Nov-2012 02:34:39.199 EET
Begin processing the 24001st record. Run 1, Event 148082474, LumiSection 45663 at 27-Nov-2012 02:34:42.773 EET
Begin processing the 25001st record. Run 1, Event 149064738, LumiSection 45966 at 27-Nov-2012 02:34:50.177 EET
Begin processing the 26001st record. Run 1, Event 140746390, LumiSection 43401 at 27-Nov-2012 02:34:54.062 EET
Begin processing the 27001st record. Run 1, Event 143413593, LumiSection 44223 at 27-Nov-2012 02:35:00.931 EET
Begin processing the 28001st record. Run 1, Event 144963526, LumiSection 44701 at 27-Nov-2012 02:35:05.605 EET
Begin processing the 29001st record. Run 1, Event 146843410, LumiSection 45281 at 27-Nov-2012 02:35:15.655 EET
Begin processing the 30001st record. Run 1, Event 147668511, LumiSection 45535 at 27-Nov-2012 02:35:19.799 EET
Begin processing the 31001st record. Run 1, Event 148276898, LumiSection 45723 at 27-Nov-2012 02:35:29.357 EET
Begin processing the 32001st record. Run 1, Event 149035101, LumiSection 45956 at 27-Nov-2012 02:35:34.432 EET
Begin processing the 33001st record. Run 1, Event 149372010, LumiSection 46060 at 27-Nov-2012 02:35:40.037 EET
27-Nov-2012 02:35:42 EET  Closed file file:/hdfs/cms/store/user/mario/QCD_Pt_170_250_EMEnriched_TuneZ2star_8TeV_pythia6/Summer12-stop-pfele-step1/3d176ac8da5e9dff208d057f4733ca91/tuple_55_5_y9Z.root
27-Nov-2012 02:35:42 EET  Initiating request to open file file:/hdfs/cms/store/user/mario/QCD_Pt_170_250_EMEnriched_TuneZ2star_8TeV_pythia6/Summer12-stop-pfele-step1/3d176ac8da5e9dff208d057f4733ca91/tuple_56_3_qtK.root
27-Nov-2012 02:35:42 EET  Successfully opened file file:/hdfs/cms/store/user/mario/QCD_Pt_170_250_EMEnriched_TuneZ2star_8TeV_pythia6/Summer12-stop-pfele-step1/3d176ac8da5e9dff208d057f4733ca91/tuple_56_3_qtK.root
Begin processing the 34001st record. Run 1, Event 140170211, LumiSection 43223 at 27-Nov-2012 02:36:01.154 EET
Begin processing the 35001st record. Run 1, Event 141111229, LumiSection 43513 at 27-Nov-2012 02:36:05.009 EET
Begin processing the 36001st record. Run 1, Event 142848739, LumiSection 44049 at 27-Nov-2012 02:36:11.672 EET
Begin processing the 37001st record. Run 1, Event 139497318, LumiSection 43015 at 27-Nov-2012 02:36:16.792 EET
Begin processing the 38001st record. Run 1, Event 142366509, LumiSection 43900 at 27-Nov-2012 02:36:24.905 EET
Begin processing the 39001st record. Run 1, Event 145413118, LumiSection 44840 at 27-Nov-2012 02:36:28.665 EET
Begin processing the 40001st record. Run 1, Event 145912599, LumiSection 44994 at 27-Nov-2012 02:36:34.608 EET
Begin processing the 41001st record. Run 1, Event 146825270, LumiSection 45275 at 27-Nov-2012 02:36:38.479 EET
Begin processing the 42001st record. Run 1, Event 146880417, LumiSection 45292 at 27-Nov-2012 02:36:44.511 EET
Begin processing the 43001st record. Run 1, Event 147576139, LumiSection 45507 at 27-Nov-2012 02:36:47.530 EET
Begin processing the 44001st record. Run 1, Event 148412865, LumiSection 45765 at 27-Nov-2012 02:36:53.445 EET
Begin processing the 45001st record. Run 1, Event 144784567, LumiSection 44646 at 27-Nov-2012 02:36:57.305 EET
Begin processing the 46001st record. Run 1, Event 145880626, LumiSection 44984 at 27-Nov-2012 02:37:02.890 EET
Begin processing the 47001st record. Run 1, Event 147252836, LumiSection 45407 at 27-Nov-2012 02:37:06.705 EET
Begin processing the 48001st record. Run 1, Event 127754052, LumiSection 39394 at 27-Nov-2012 02:37:11.781 EET
Begin processing the 49001st record. Run 1, Event 136436445, LumiSection 42072 at 27-Nov-2012 02:37:15.586 EET
Begin processing the 50001st record. Run 1, Event 137232532, LumiSection 42317 at 27-Nov-2012 02:37:22.003 EET
Begin processing the 51001st record. Run 1, Event 135220994, LumiSection 41697 at 27-Nov-2012 02:37:25.636 EET
Begin processing the 52001st record. Run 1, Event 141103979, LumiSection 43511 at 27-Nov-2012 02:37:33.415 EET
Begin processing the 53001st record. Run 1, Event 135701150, LumiSection 41845 at 27-Nov-2012 02:37:40.813 EET
Begin processing the 54001st record. Run 1, Event 141153391, LumiSection 43526 at 27-Nov-2012 02:37:47.394 EET
Begin processing the 55001st record. Run 1, Event 142042186, LumiSection 43800 at 27-Nov-2012 02:37:51.605 EET
27-Nov-2012 02:37:51 EET  Closed file file:/hdfs/cms/store/user/mario/QCD_Pt_170_250_EMEnriched_TuneZ2star_8TeV_pythia6/Summer12-stop-pfele-step1/3d176ac8da5e9dff208d057f4733ca91/tuple_56_3_qtK.root
27-Nov-2012 02:37:51 EET  Initiating request to open file file:/hdfs/cms/store/user/mario/QCD_Pt_170_250_EMEnriched_TuneZ2star_8TeV_pythia6/Summer12-stop-pfele-step1/3d176ac8da5e9dff208d057f4733ca91/tuple_57_5_dID.root
27-Nov-2012 02:37:52 EET  Successfully opened file file:/hdfs/cms/store/user/mario/QCD_Pt_170_250_EMEnriched_TuneZ2star_8TeV_pythia6/Summer12-stop-pfele-step1/3d176ac8da5e9dff208d057f4733ca91/tuple_57_5_dID.root
Begin processing the 56001st record. Run 1, Event 139561652, LumiSection 43035 at 27-Nov-2012 02:38:18.259 EET
Begin processing the 57001st record. Run 1, Event 141464943, LumiSection 43622 at 27-Nov-2012 02:38:22.722 EET
Begin processing the 58001st record. Run 1, Event 149876395, LumiSection 46216 at 27-Nov-2012 02:38:28.028 EET
Begin processing the 59001st record. Run 1, Event 135590321, LumiSection 41811 at 27-Nov-2012 02:38:31.276 EET
Begin processing the 60001st record. Run 1, Event 144977254, LumiSection 44705 at 27-Nov-2012 02:38:36.308 EET
Begin processing the 61001st record. Run 1, Event 142747028, LumiSection 44017 at 27-Nov-2012 02:38:39.891 EET
Begin processing the 62001st record. Run 1, Event 145587841, LumiSection 44893 at 27-Nov-2012 02:38:46.076 EET
Begin processing the 63001st record. Run 1, Event 147063630, LumiSection 45349 at 27-Nov-2012 02:38:51.651 EET
Begin processing the 64001st record. Run 1, Event 135346152, LumiSection 41735 at 27-Nov-2012 02:38:58.694 EET
Begin processing the 65001st record. Run 1, Event 139854472, LumiSection 43126 at 27-Nov-2012 02:39:03.073 EET
Begin processing the 66001st record. Run 1, Event 148406305, LumiSection 45763 at 27-Nov-2012 02:39:08.710 EET
Begin processing the 67001st record. Run 1, Event 139619228, LumiSection 43053 at 27-Nov-2012 02:39:12.421 EET
Begin processing the 68001st record. Run 1, Event 140559394, LumiSection 43343 at 27-Nov-2012 02:39:18.681 EET
Begin processing the 69001st record. Run 1, Event 142418549, LumiSection 43916 at 27-Nov-2012 02:39:22.361 EET
Begin processing the 70001st record. Run 1, Event 145903147, LumiSection 44991 at 27-Nov-2012 02:39:27.968 EET
Begin processing the 71001st record. Run 1, Event 148837301, LumiSection 45895 at 27-Nov-2012 02:39:32.396 EET
Begin processing the 72001st record. Run 1, Event 138947754, LumiSection 42846 at 27-Nov-2012 02:39:37.966 EET
Begin processing the 73001st record. Run 1, Event 145389849, LumiSection 44832 at 27-Nov-2012 02:39:42.128 EET
Begin processing the 74001st record. Run 1, Event 149244012, LumiSection 46021 at 27-Nov-2012 02:39:48.315 EET
Begin processing the 75001st record. Run 1, Event 139442401, LumiSection 42998 at 27-Nov-2012 02:39:52.417 EET
Begin processing the 76001st record. Run 1, Event 146468340, LumiSection 45165 at 27-Nov-2012 02:39:58.246 EET
27-Nov-2012 02:40:01 EET  Closed file file:/hdfs/cms/store/user/mario/QCD_Pt_170_250_EMEnriched_TuneZ2star_8TeV_pythia6/Summer12-stop-pfele-step1/3d176ac8da5e9dff208d057f4733ca91/tuple_57_5_dID.root
27-Nov-2012 02:40:01 EET  Initiating request to open file file:/hdfs/cms/store/user/mario/QCD_Pt_170_250_EMEnriched_TuneZ2star_8TeV_pythia6/Summer12-stop-pfele-step1/3d176ac8da5e9dff208d057f4733ca91/tuple_58_8_bQ7.root
27-Nov-2012 02:40:02 EET  Successfully opened file file:/hdfs/cms/store/user/mario/QCD_Pt_170_250_EMEnriched_TuneZ2star_8TeV_pythia6/Summer12-stop-pfele-step1/3d176ac8da5e9dff208d057f4733ca91/tuple_58_8_bQ7.root
Begin processing the 77001st record. Run 1, Event 149779295, LumiSection 46186 at 27-Nov-2012 02:40:28.672 EET
Begin processing the 78001st record. Run 1, Event 142575093, LumiSection 43964 at 27-Nov-2012 02:40:32.898 EET
Begin processing the 79001st record. Run 1, Event 149755280, LumiSection 46179 at 27-Nov-2012 02:40:40.146 EET
Begin processing the 80001st record. Run 1, Event 136885946, LumiSection 42210 at 27-Nov-2012 02:40:44.322 EET
Begin processing the 81001st record. Run 1, Event 137863228, LumiSection 42512 at 27-Nov-2012 02:40:49.929 EET
Begin processing the 82001st record. Run 1, Event 139675609, LumiSection 43070 at 27-Nov-2012 02:40:53.353 EET
Begin processing the 83001st record. Run 1, Event 139067974, LumiSection 42883 at 27-Nov-2012 02:41:00.787 EET
Begin processing the 84001st record. Run 1, Event 139981009, LumiSection 43165 at 27-Nov-2012 02:41:04.634 EET
Begin processing the 85001st record. Run 1, Event 140240122, LumiSection 43244 at 27-Nov-2012 02:41:08.944 EET
27-Nov-2012 02:41:12 EET  Closed file file:/hdfs/cms/store/user/mario/QCD_Pt_170_250_EMEnriched_TuneZ2star_8TeV_pythia6/Summer12-stop-pfele-step1/3d176ac8da5e9dff208d057f4733ca91/tuple_58_8_bQ7.root

=============================================

MessageLogger Summary

 type     category        sev    module        subroutine        count    total
 ---- -------------------- -- ---------------- ----------------  -----    -----
    1 fileAction           -s file_close                             5        5
    2 fileAction           -s file_open                             10       10

 type    category    Examples: run/evt        run/evt          run/evt
 ---- -------------------- ---------------- ---------------- ----------------
    1 fileAction           PostProcessEvent PostProcessEvent PostEndRun
    2 fileAction           pre-events       pre-events       PostProcessEvent

Severity    # Occurrences   Total Occurrences
--------    -------------   -----------------
System                 15                  15
>>> END OF printout of 119 lines from stdout+stderr
>>> Parse FrameworkJobReport crab_fjr.xml
Result of parsing the FrameworkJobReport crab_fjr.xml: Popularity start
lumisRange : 1::33533,34028,41079,41113,41221,41226,41230,41270,41434,41446,41533,41537,41863,41868,41939,41943,41949,41998,42019,42047,42158,42162,42695,42864-42865,42997,43005,43007,43013,43045,43047,43099,43101,43104-43105,43154,43158,43168-43169,43217-43218,43253-43254,43258-43261,43304-43305,43334-43335,43404,43407,43413,43416,43423,43427,43548,43551,43575-43576,43602-43603,43613-43614,43694,43697,43732,43739,43808,43810,43832-43833,43856,43858,43896,43898,44052,44084,44086,46192-46193,46213-46214,46219-46220,46228-46229,46233-46234,46239-46242::1;1::34420,35280,35544,36070,39950,39953,40626,40848,41049,41474,41596,41632,41636,41655,41735-41736,41809,41811,41886,41903,42082,42094,42255-42256,42700,42702,42800,42846,42981,42996,42998,43028,43033,43035,43037-43038,43051-43053,43058,43124,43126,43146,43150,43203,43205,43325-43326,43340,43343-43344,43351-43353,43365,43378,43527,43529,43607-43610,43620,43622,43686-43687,43700,43704,43761-43762,43916-43917,43924,43933,43988,43990,44017,44021,44066-44067,44159,44174,44339,44352,44463,44469,44555,44558,44560,44673,44681,44705,44722,44742,44802-44803,44825,44829,44832-44833,44866,44870,44893,44895,44983,44985,44991,44993,45006-45007,45026,45028,45050,45052,45119,45121,45164-45165,45219-45220,45232-45233,45310-45311,45313,45346,45349-45350,45379,45381,45423-45424,45558-45559,45602-45603,45733,45736,45752,45763,45893,45895,45915-45916,45945,45947,45953-45954,46002-46003,46014-46015,46021-46022,46091-46092,46154-46155,46162-46163,46210-46212,46215-46216,46222,46247-46248::2;1::41577,41580,41663-41664,42244,42246,42319,42321,42378,42388,43318-43319,43369-43370,43401,43405,43478,43480,43553,43562,43856,43860,43965,43968,43996,43998,44201-44202,44207,44223,44280,44286,44364,44373,44474-44475,44564-44565,44579,44581,44641,44645,44648,44657,44694,44701,44755,44758,44764,44767-44768,44787-44788,44823,44826,44830,44841,44848-44849,44906,44909,44911,44922-44923,44974,44977,45014,45017-45018,45022,45036,45038,45087,45102,45104,45110-45113,45158-45159,45202,45269,45273,45279,45281,45295-45296,45304-45305,45340,45370,45374,45394,45399,45401,45411-45412,45417-45419,45421,45434-45435,45467,45469,45535,45538,45571,45574,45581-45582,45585-45586,45622-45623,45652,45654,45663-45664,45683,45685,45700-45701,45709-45710,45723-45724,45788,45790,45829,45834,45840-45841,45860,45867,45882,45894,45934,45937,45951-45952,45955-45956,45961-45962,45966,45970,45972,45977,45994-45995,46028-46029,46039-46040,46049-46050,46059-46060,46070,46125,46200-46201,46206-46207,46230-46231,46235-46236::3;1::40467,40667,41793,41808,41900,41929,42054,42058,42210,42234,42243,42346,42452,42454,42474,42486,42512,42516,42704,42708,42808,42814,42831-42832,42840,42843,42869,42883,42893,42897,42938,42943,42991,42994,43034,43066,43069-43070,43162-43163,43165-43166,43197,43200,43211-43212,43244,43250,43330,43333,43415,43424,43466,43516,43963-43964,44845,44853,45565,45568,45959-45960,46015,46089-46090,46178-46179,46186-46187::4;1::35039,35117,35204,35693,36377,37535,37672,37682,39394,39398,39987,39991,40322,40337,41584,41629,41677,41697,41782,41785,41844-41845,41852,41897,42072,42079,42103,42130,42173,42181,42246,42250,42257,42312,42317,42396,42409,42433,42441,42589-42590,42592-42593,42717-42718,42940,42955,42962-42963,43015-43016,43018,43027,43207,43223,43232,43235,43262-43263,43273,43275,43435,43439,43501,43504,43506,43511-43513,43521,43526,43530,43532,43585-43586,43674,43677,43714-43715,43775,43781,43795,43800,43900,43908,43920,43923,43928-43929,43934,43940,43972,43974,44048-44049,44375,44380,44463,44525-44526,44644,44646,44840,44844,44846-44847,44863-44864,44873-44874,44912-44913,44961-44962,44966-44967,44981,44984,44994-44995,45001,45005,45070-45071,45166-45167,45199-45200,45249-45250,45272,45275,45291-45292,45329,45332,45337-45338,45371-45372,45402,45407,45433,45436,45439-45440,45506-45507,45520-45521,45533-45534,45610,45612,45653,45656,45761,45765,45793-45794,45838-45839,46194-46197,46243-46246::5;
lumisParentRange : 
Basename : /store/user/mario/QCD_Pt_170_250_EMEnriched_TuneZ2star_8TeV_pythia6/Summer12-stop-pfele-step1/3d176ac8da5e9dff208d057f4733ca91/tuple_5
BasenameParent : 
parentFiles : 
inputBlocks : /QCD_Pt_170_250_EMEnriched_TuneZ2star_8TeV_pythia6/mario-Summer12-stop-pfele-step1-3d176ac8da5e9dff208d057f4733ca91/USER#130d237e-abcb-4916-a790-d17c846c5c04
inputFiles : 4_5_1LB.root::1::EDM::Local::1;7_5_dID.root::1::EDM::Local::2;5_5_y9Z.root::1::EDM::Local::3;8_8_bQ7.root::1::EDM::Local::4;6_3_qtK.root::1::EDM::Local::5;
Popularity stop
Extracted ExitStatus from FrameworkJobReport parsing output: 0
>>> Executable succeded  0
ExeExitCode=0
EXECUTABLE_EXIT_STATUS = 0
>>> current directory /home/cms006/home_crobe_192862900/CREAM192862900/glide_N13462/execute/dir_12665/CMSSW_5_3_5
>>>  (SOFTWARE_DIR): /home/cms006/home_crobe_192862900/CREAM192862900/glide_N13462/execute/dir_12665/CMSSW_5_3_5
>>> (WORKING_DIR): 
>>> current directory content:
total 156
drwxr-xr-x 3 cms006 cms  4096 Nov 27 02:30 .SCRAM
-rw-r--r-- 1 cms006 cms 30066 Nov 27 02:30 CMSSW.py.pkl
drwxr-xr-x 3 cms006 cms  4096 Nov 27 02:30 bin
drwxr-xr-x 3 cms006 cms  4096 Nov 27 02:30 cfipython
drwxr-xr-x 5 cms006 cms  4096 Nov 27 02:30 config
-rw-r--r-- 1 cms006 cms    16 Nov 27 02:41 cpu_timing.txt
drwxr-xr-x 2 cms006 cms  4096 Nov 27 02:30 doc
-rw-r--r-- 1 cms006 cms 13513 Nov 27 02:41 executable.out
drwxr-xr-x 2 cms006 cms  4096 Nov 27 02:30 include
drwxrwxrwx 3 cms006 cms  4096 Oct 22 16:38 lib
drwxr-xr-x 3 cms006 cms  4096 Nov 27 02:30 logs
drwxr-xr-x 3 cms006 cms  4096 Nov 27 02:30 objs
-rw-r--r-- 1 cms006 cms 17823 Nov 27 02:41 optHistograms.root
-rw-r--r-- 1 cms006 cms   104 Nov 27 02:31 pset.py
-rw-r--r-- 1 cms006 cms 19502 Nov 27 02:31 pset.py.pkl
-rw-r--r-- 1 cms006 cms   289 Nov 27 02:31 pset.pyc
drwxr-xr-x 2 cms006 cms  4096 Nov 27 02:30 python
-rw-r--r-- 1 cms006 cms   420 Nov 27 02:41 report.log
drwxrwxrwx 4 cms006 cms  4096 Nov 27 02:30 src
drwxr-xr-x 3 cms006 cms  4096 Nov 27 02:30 test
drwxr-xr-x 3 cms006 cms  4096 Nov 27 02:30 tmp
>>> current directory /home/cms006/home_crobe_192862900/CREAM192862900/glide_N13462/execute/dir_12665/CMSSW_5_3_5
>>> (SOFTWARE_DIR): /home/cms006/home_crobe_192862900/CREAM192862900/glide_N13462/execute/dir_12665/CMSSW_5_3_5
>>> (WORKING_DIR): 
>>> current directory content:
total 136
drwxr-xr-x 3 cms006 cms  4096 Nov 27 02:30 .SCRAM
-rw-r--r-- 1 cms006 cms 30066 Nov 27 02:30 CMSSW.py.pkl
drwxr-xr-x 3 cms006 cms  4096 Nov 27 02:30 bin
drwxr-xr-x 3 cms006 cms  4096 Nov 27 02:30 cfipython
drwxr-xr-x 5 cms006 cms  4096 Nov 27 02:30 config
-rw-r--r-- 1 cms006 cms    16 Nov 27 02:41 cpu_timing.txt
drwxr-xr-x 2 cms006 cms  4096 Nov 27 02:30 doc
-rw-r--r-- 1 cms006 cms 13513 Nov 27 02:41 executable.out
drwxr-xr-x 2 cms006 cms  4096 Nov 27 02:30 include
drwxrwxrwx 3 cms006 cms  4096 Oct 22 16:38 lib
drwxr-xr-x 3 cms006 cms  4096 Nov 27 02:30 logs
drwxr-xr-x 3 cms006 cms  4096 Nov 27 02:30 objs
-rw-r--r-- 1 cms006 cms   104 Nov 27 02:31 pset.py
-rw-r--r-- 1 cms006 cms 19502 Nov 27 02:31 pset.py.pkl
-rw-r--r-- 1 cms006 cms   289 Nov 27 02:31 pset.pyc
drwxr-xr-x 2 cms006 cms  4096 Nov 27 02:30 python
-rw-r--r-- 1 cms006 cms   420 Nov 27 02:41 report.log
drwxrwxrwx 4 cms006 cms  4096 Nov 27 02:30 src
drwxr-xr-x 3 cms006 cms  4096 Nov 27 02:30 test
drwxr-xr-x 3 cms006 cms  4096 Nov 27 02:30 tmp
>>> current directory (RUNTIME_AREA):  /home/cms006/home_crobe_192862900/CREAM192862900/glide_N13462/execute/dir_12665
>>> current dir: /home/cms006/home_crobe_192862900/CREAM192862900/glide_N13462/execute/dir_12665
>>> current dir content:
total 25792
-rw-rw-rw-  1 cms006 cms     5606 Nov 27 02:30 .job.ad
-rw-rw-rw-  1 cms006 cms    11528 Nov 27 02:30 .machine.ad
-rw-rw-rw-  1 cms006 cms      105 Nov 27 01:29 CMSSW.py
-rw-rw-rw-  1 cms006 cms    30066 Nov 27 01:29 CMSSW.py.pkl
-rwxrw-rw-  1 cms006 cms    23341 Nov 27 02:30 CMSSW.sh
drwxr-xr-x 15 cms006 cms     4096 Nov 27 02:41 CMSSW_5_3_5
-rw-rw-rw-  1 cms006 cms        0 Nov 27 02:30 CMSSW_87.stderr
-rw-rw-rw-  1 cms006 cms    29508 Nov 27 02:41 CMSSW_87.stdout
-rw-r--r--  1 cms006 cms      347 Nov 27 02:30 CacheEnv.sh
-rw-rw-rw-  1 cms006 cms     7291 Jun  9  2010 DashboardAPI.py
-rw-r--r--  1 cms006 cms     6883 Nov 27 02:31 DashboardAPI.pyc
drwxrwxrwx  3 cms006 cms     4096 Nov 27 02:41 IMProv
-rw-rw-rw-  1 cms006 cms     2748 Mar  8  2006 Logger.py
-rw-r--r--  1 cms006 cms     3353 Nov 27 02:31 Logger.pyc
-rw-rw-rw-  1 cms006 cms    24524 Mar 28  2008 ProcInfo.py
-rw-r--r--  1 cms006 cms    23470 Nov 27 02:31 ProcInfo.pyc
drwxrwxrwx  7 cms006 cms     4096 Nov 27 02:31 ProdCommon
drwxrwxrwx  3 cms006 cms     4096 Nov 27 02:30 WMCore
-rw-r--r--  1 cms006 cms     2375 Nov 27 02:39 Watchdog_87.log
-rw-rw-rw-  1 cms006 cms    32895 Mar 28  2008 apmon.py
-rw-r--r--  1 cms006 cms    28874 Nov 27 02:31 apmon.pyc
-rw-rw-rw-  1 cms006 cms   100215 Nov 27 02:30 arguments.xml
-rwxrwxrwx  1 cms006 cms    37427 Sep 13 14:14 cmscp.py
-rwxrwxrwx  1 cms006 cms    23341 Nov 27 02:30 condor_exec.exe
-rw-rw-rw-  1 cms006 cms      546 Nov 27 01:29 crab.cfg
-rwxrwxrwx  1 cms006 cms     9531 Sep 20 21:46 crabWatchdog.sh
-rw-r--r--  1 cms006 cms    48451 Nov 27 02:41 crab_fjr_87.xml
-rw-rw-rw-  1 cms006 cms 25796303 Nov 27 02:30 default.tgz
-rwxrwxrwx  1 cms006 cms     4488 May 12  2012 fillCrabFjr.py
-rw-r--r--  1 cms006 cms      941 Nov 27 02:31 inputsReport.txt
-rw-r--r--  1 cms006 cms      132 Nov 27 02:41 jobreport.txt
lrwxrwxrwx  1 cms006 cms      107 Nov 27 02:41 optHistograms.root -> /home/cms006/home_crobe_192862900/CREAM192862900/glide_N13462/execute/dir_12665/optHistograms_87_1_1hs.root
-rw-r--r--  1 cms006 cms    17823 Nov 27 02:41 optHistograms_87_1_1hs.root
-rw-rw-rw-  1 cms006 cms    17352 Jan 20  2012 parseCrabFjr.py
-rw-r--r--  1 cms006 cms      285 Nov 27 02:30 report.log
-rwxrwxrwx  1 cms006 cms     1497 May 27  2009 report.py
-rwxrwxrwx  1 cms006 cms     8387 Mar 23  2011 writeCfg.py
-rw-------  1 cms006 cms     8691 Nov 27 02:30 x509up_u1000009
Checking output files:  
will tar file optHistograms_87_1_1hs.root in  out_files_87
will tar file crab_fjr_87.xml in  out_files_87
will tar file CMSSW_87.stdout in  out_files_87
will tar file CMSSW_87.stderr in  out_files_87
WARNING: output file Watchdog_87.log.gz not found!
>>> padding time: Wrapper lasting more than 600 seconds. No sleep required.
STOPPING WATCHDOG. CrabWatchdog PID is 13892
********** LAST 50 LINES OF WATCHDOG LOG
# RESOURCE USAGE SUMMARY FOR PROCESS ID 12669
USER       PID %CPU %MEM    VSZ   RSS TTY      STAT START   TIME COMMAND
cms006   12669  0.1  0.0   8956  1484 ?        S    02:30   0:00 /bin/sh /home/cms006/home_crobe_192862900/CREAM192862900/glide_N13462/execute/dir_12665/condor_exec.exe 87 1
 
# LIMITS USED BY THIS WATCHDOG:
# RSS  (KBytes)  : 2300000
# VSZ  (KBytes)  : 100000000
# DISK (MBytes)  : 19000
# CPU  (seconds) : 171600
# WALL (seconds) : 171600
 
# FOLLOWING PRINTOUT TRACKS MAXIMUM VALUES OF RESOURCES USE
# ONE LINE IS PRINTED EACH TIME A MAXIMUM CHANGES
# IF CHANGE WAS IN RSS OR VSZ ALSO PROCID AND COMMAND ARE PRINTED
# THERE IS NO PRINTOUT FOR CPU/WALL TIME INCREASE
 
# TIME			PID	RSS(KB)	VSZ(KB)	Dsk(MB)	tCPU(s)	tWALL(s)	COMMAND
 Nov 27 02:31:02 EET	12564	1320	8896	0	0	3041	-bash         
 Nov 27 02:31:02 EET	12665	5308	9296	0	0	26	condor_starter -f submit-2.t2.ucsd.edu       
 Nov 27 02:31:02 EET	13282	5308	25504	0	0	3041	perl -e ?use Socket;??sub send_notify {? $cream_url = "193.40.150.124:49152";die "No
 Nov 27 02:31:02 EET	24903	6036	25504	0	1	3020	/home/cms006/home_crobe_192862900/CREAM192862900/glide_N13462/main/condor/sbin/condor_master -f -pidfile /home/cms006/home_crobe_192862900/CREAM192862900/glide_N13462/condor_master2.pid      
 Nov 27 02:31:02 EET	---	6036	25504	168	----	----	----
 Nov 27 02:32:12 EET	29126	312140	523108	168	12	52	cmsRun -j /home/cms006/home_crobe_192862900/CREAM192862900/glide_N13462/execute/dir_12665/crab_fjr_87.xml -p pset.py     
 Nov 27 02:33:19 EET	29126	332108	523108	168	54	119	cmsRun -j /home/cms006/home_crobe_192862900/CREAM192862900/glide_N13462/execute/dir_12665/crab_fjr_87.xml -p pset.py     
 Nov 27 02:34:25 EET	29126	363452	562276	168	91	187	cmsRun -j /home/cms006/home_crobe_192862900/CREAM192862900/glide_N13462/execute/dir_12665/crab_fjr_87.xml -p pset.py     
 Nov 27 02:35:33 EET	29126	363776	562532	168	131	254	cmsRun -j /home/cms006/home_crobe_192862900/CREAM192862900/glide_N13462/execute/dir_12665/crab_fjr_87.xml -p pset.py     
 Nov 27 02:36:41 EET	29126	363792	563044	168	169	322	cmsRun -j /home/cms006/home_crobe_192862900/CREAM192862900/glide_N13462/execute/dir_12665/crab_fjr_87.xml -p pset.py     
 Nov 27 02:38:55 EET	29126	364568	563812	168	248	457	cmsRun -j /home/cms006/home_crobe_192862900/CREAM192862900/glide_N13462/execute/dir_12665/crab_fjr_87.xml -p pset.py     
********** WATCHDOG LOG ENDED
ZIPPING WATCHDOG LOG
Disk space used:
du -sh /home/cms006/home_crobe_192862900/CREAM192862900/glide_N13462/execute/dir_12665
169M	/home/cms006/home_crobe_192862900/CREAM192862900/glide_N13462/execute/dir_12665
>>> info for dashboard:
***** Cat /home/cms006/home_crobe_192862900/CREAM192862900/glide_N13462/execute/dir_12665/jobreport.txt *****
MonitorJobID=87_https://submit-2.t2.ucsd.edu//121127//17530.86
MonitorID=liis_crab_0_121127_012908_ngk079
ExeTime=589
ExeExitCode=0
CrabUserCpuTime=314.86
CrabSysCpuTime=9.64
CrabCpuPercentage=55%
CrabWrapperTime=656
CrabStageoutTime=NULL
***** End Cat jobreport *****
Parameters sent to Dashboard.
optHistograms_87_1_1hs.root
crab_fjr_87.xml
CMSSW_87.stdout
CMSSW_87.stderr
Watchdog_87.log.gz
tar: .BrokerInfo: Cannot stat: No such file or directory
tar: Error exit delayed from previous errors
Total Output dimension: 28054
WARNING: output files size limit is set to: 50000000
Total Output dimension 28054 is fine.
JOB_EXIT_STATUS = 0
>>> info for dashboard:
***** Cat /home/cms006/home_crobe_192862900/CREAM192862900/glide_N13462/execute/dir_12665/jobreport.txt *****
MonitorJobID=87_https://submit-2.t2.ucsd.edu//121127//17530.86
MonitorID=liis_crab_0_121127_012908_ngk079
JobExitCode=0
***** End Cat jobreport *****
Parameters sent to Dashboard.
optHistograms_87_1_1hs.root
crab_fjr_87.xml
