This script was generated by crab (version 2.8.3).
Running /home/cms016/home_crobe_729538591/CREAM729538591/glide_E20973/execute/dir_13379/condor_exec.exe with 2 positional parameters: 81 1
Today is Tue Nov 27 02:30:26 EET 2012
Job submitted on host wn-v-6104.local
Linux wn-v-6104.local 2.6.32-042stab059.7 #1 SMP Tue Jul 24 19:12:01 MSK 2012 x86_64 x86_64 x86_64 GNU/Linux
>>> current directory (RUNTIME_AREA): /home/cms016/home_crobe_729538591/CREAM729538591/glide_E20973/execute/dir_13379
>>> current user: uid=11016(cms016) gid=1400(cms) groups=1400(cms)
>>> voms proxy information:
subject   : /DC=ch/DC=cern/OU=Organic Units/OU=Users/CN=liis/CN=663550/CN=Liis Rebane/CN=proxy/CN=limited proxy
issuer    : /DC=ch/DC=cern/OU=Organic Units/OU=Users/CN=liis/CN=663550/CN=Liis Rebane/CN=proxy
identity  : /DC=ch/DC=cern/OU=Organic Units/OU=Users/CN=liis/CN=663550/CN=Liis Rebane/CN=proxy
type      : limited proxy
strength  : 512 bits
path      : /home/cms016/home_crobe_729538591/CREAM729538591/glide_E20973/execute/dir_13379/x509up_u1000009
timeleft  : 23:59:55
key usage : Digital Signature, Key Encipherment, Data Encipherment
=== VO cms extension information ===
VO        : cms
subject   : /DC=ch/DC=cern/OU=Organic Units/OU=Users/CN=liis/CN=663550/CN=Liis Rebane
issuer    : /DC=ch/DC=cern/OU=computers/CN=lcg-voms.cern.ch
attribute : /cms/Role=NULL/Capability=NULL
timeleft  : 190:55:11
uri       : lcg-voms.cern.ch:15002
>>> tar xzf /home/cms016/home_crobe_729538591/CREAM729538591/glide_E20973/execute/dir_13379/default.tgz :
Successful untar
>>> Include /home/cms016/home_crobe_729538591/CREAM729538591/glide_E20973/execute/dir_13379 in PYTHONPATH:
strip arguments
env var CRAB_UNIQUE_JOB_ID set to: liis_crab_0_121127_012908_ngk079_81_1_3Xw
out_files_81
>>> list of expected files on output sandbox
output files: optHistograms_81_1_3Xw.root crab_fjr_81.xml CMSSW_81.stdout CMSSW_81.stderr Watchdog_81.log.gz
>>> GridFlavour discovery: 
GridFlavour=LCG
>>> SyncSite discovery: 
SyncSite=T2_EE_Estonia
>>> SyncCE discovery: 
getting SyncCE from CE_ID
SyncCE=oberon.hep.kbfi.ee:8443/cream-pbs-long
>>> info for dashboard:
***** Cat /home/cms016/home_crobe_729538591/CREAM729538591/glide_E20973/execute/dir_13379/jobreport.txt *****
MonitorJobID=81_https://submit-2.t2.ucsd.edu//121127//17530.80
SyncGridJobId=https://submit-2.t2.ucsd.edu//121127//17530.80
MonitorID=liis_crab_0_121127_012908_ngk079
GridFlavour=LCG
SyncSite=T2_EE_Estonia
SyncCE=oberon.hep.kbfi.ee:8443/cream-pbs-long
***** End Cat jobreport *****
Parameters sent to Dashboard.
>>> setup environment
set SCRAM ARCH to slc5_amd64_gcc462
SCRAM_ARCH = slc5_amd64_gcc462
>>> setup CMS LCG environment:
set SCRAM ARCH and BUILD_ARCH to slc5_amd64_gcc462 ###
Sourcing environment... 
sourcing /cvmfs/cms.cern.ch/cmsset_default.sh
==> setup cms environment ok
>>> specific cmssw setup environment:
CMSSW_VERSION =  CMSSW_5_3_5
>>> current directory (SOFTWARE_DIR): /home/cms016/home_crobe_729538591/CREAM729538591/glide_E20973/execute/dir_13379/CMSSW_5_3_5
PreserveSeeds: <>
IncrementSeeds:<>
{}
WNHostName=wn-v-6104.local
>>> info for dashboard:
***** Cat /home/cms016/home_crobe_729538591/CREAM729538591/glide_E20973/execute/dir_13379/jobreport.txt *****
MonitorJobID=81_https://submit-2.t2.ucsd.edu//121127//17530.80
MonitorID=liis_crab_0_121127_012908_ngk079
WNHostName=wn-v-6104.local
***** End Cat jobreport *****
Parameters sent to Dashboard.
crabWatchdog started as process 16000
>>> moving CMSSW software directories in /home/cms016/home_crobe_729538591/CREAM729538591/glide_E20973/execute/dir_13379/CMSSW_5_3_5
mv: cannot stat `/home/cms016/home_crobe_729538591/CREAM729538591/glide_E20973/execute/dir_13379/module/': No such file or directory
>>> Include /home/cms016/home_crobe_729538591/CREAM729538591/glide_E20973/execute/dir_13379 in PYTHONPATH:
PYTHONPATH=/home/cms016/home_crobe_729538591/CREAM729538591/glide_E20973/execute/dir_13379/:/home/cms016/home_crobe_729538591/CREAM729538591/glide_E20973/execute/dir_13379/CMSSW_5_3_5/python:/home/cms016/home_crobe_729538591/CREAM729538591/glide_E20973/execute/dir_13379/CMSSW_5_3_5/lib/slc5_amd64_gcc462:/cvmfs/cms.cern.ch/slc5_amd64_gcc462/cms/cmssw/CMSSW_5_3_5/python:/cvmfs/cms.cern.ch/slc5_amd64_gcc462/cms/cmssw/CMSSW_5_3_5/lib/slc5_amd64_gcc462:/cvmfs/cms.cern.ch/slc5_amd64_gcc462/cms/coral/CORAL_2_3_21-cms27/slc5_amd64_gcc462/python:/cvmfs/cms.cern.ch/slc5_amd64_gcc462/cms/coral/CORAL_2_3_21-cms27/slc5_amd64_gcc462/lib:/cvmfs/cms.cern.ch/slc5_amd64_gcc462/external/pyqt/4.8.1/lib/python2.6/site-packages:/cvmfs/cms.cern.ch/slc5_amd64_gcc462/external/py2-scipy/0.8.0/lib/python2.6/site-packages:/cvmfs/cms.cern.ch/slc5_amd64_gcc462/external/py2-matplotlib/1.0.1/lib/python2.6/site-packages:/cvmfs/cms.cern.ch/slc5_amd64_gcc462/external/python-ldap/2.3.5/lib/python2.6/site-packages:/cvmfs/cms.cern.ch/slc5_amd64_gcc462/external/sip/4.11.2/lib/python2.6/site-packages:/cvmfs/cms.cern.ch/slc5_amd64_gcc462/external/py2-pycurl/7.19.0/lib/python2.6/site-packages:/cvmfs/cms.cern.ch/slc5_amd64_gcc462/external/py2-numpy/1.6.1/lib/python2.6/site-packages:/cvmfs/cms.cern.ch/slc5_amd64_gcc462/external/py2-ipython/0.10/lib/python2.6/site-packages:/cvmfs/cms.cern.ch/slc5_amd64_gcc462/external/py2-cx-oracle/5.1-cms11/lib/python2.6/site-packages:/cvmfs/cms.cern.ch/slc5_amd64_gcc462/external/py2-cjson/1.0.5/lib/python2.6/site-packages:/cvmfs/cms.cern.ch/slc5_amd64_gcc462/cms/das-client/1.4.1-cms8/bin:/cvmfs/cms.cern.ch/slc5_amd64_gcc462/external/elementtree/1.2.6/share/lib/python2.6/site-packages:/cvmfs/cms.cern.ch/slc5_amd64_gcc462/external/rivet/1.5.1-cms10/lib/python2.6/site-packages:/cvmfs/cms.cern.ch/slc5_amd64_gcc462/external/pyminuit2/0.0.1-cms34/lib/python2.6/site-packages:/cvmfs/cms.cern.ch/slc5_amd64_gcc462/external/professor/1.0.0-cms35/lib/python2.6/site-packages:/cvmfs/cms.cern.ch/slc5_amd64_gcc462/lcg/root/5.32.00-cms18/lib:/cvmfs/cms.cern.ch/slc5_amd64_gcc462/cms/dbs-client/DBS_2_1_1_patch1_1/lib:/cvmfs/cms.cern.ch/slc5_amd64_gcc462/cms/dbs-client/DBS_2_1_1_patch1_1/lib/DBSAPI:/home/cms016/home_crobe_729538591/CREAM729538591/glide_E20973/execute/dir_13379/
241a2a19cb7c5c8751ba22759ab3bdb0
PSETHASH = 241a2a19cb7c5c8751ba22759ab3bdb0
/home/cms016/home_crobe_729538591/CREAM729538591/glide_E20973/execute/dir_13379/writeCfg.py pset.py pset.py
Importing .py file
Setting parameters
inputBlocks=/QCD_Pt_170_250_EMEnriched_TuneZ2star_8TeV_pythia6/mario-Summer12-stop-pfele-step1-3d176ac8da5e9dff208d057f4733ca91/USER#130d237e-abcb-4916-a790-d17c846c5c04
inputFiles=/store/user/mario/QCD_Pt_170_250_EMEnriched_TuneZ2star_8TeV_pythia6/Summer12-stop-pfele-step1/3d176ac8da5e9dff208d057f4733ca91/tuple_29_9_P0N.root;/store/user/mario/QCD_Pt_170_250_EMEnriched_TuneZ2star_8TeV_pythia6/Summer12-stop-pfele-step1/3d176ac8da5e9dff208d057f4733ca91/tuple_30_3_JY5.root;/store/user/mario/QCD_Pt_170_250_EMEnriched_TuneZ2star_8TeV_pythia6/Summer12-stop-pfele-step1/3d176ac8da5e9dff208d057f4733ca91/tuple_31_7_glp.root;/store/user/mario/QCD_Pt_170_250_EMEnriched_TuneZ2star_8TeV_pythia6/Summer12-stop-pfele-step1/3d176ac8da5e9dff208d057f4733ca91/tuple_32_4_QzE.root;/store/user/mario/QCD_Pt_170_250_EMEnriched_TuneZ2star_8TeV_pythia6/Summer12-stop-pfele-step1/3d176ac8da5e9dff208d057f4733ca91/tuple_33_5_wM6.root
parentFiles=
lumisRange=
>>> Executable cmsRun
/cvmfs/cms.cern.ch/slc5_amd64_gcc462/cms/cmssw/CMSSW_5_3_5/bin/slc5_amd64_gcc462/cmsRun
ok executable found
>>> info for dashboard:
***** Cat /home/cms016/home_crobe_729538591/CREAM729538591/glide_E20973/execute/dir_13379/jobreport.txt *****
MonitorJobID=81_https://submit-2.t2.ucsd.edu//121127//17530.80
MonitorID=liis_crab_0_121127_012908_ngk079
ExeStart=cmsRun
***** End Cat jobreport *****
Parameters sent to Dashboard.
>>> cmsRun started at Tue Nov 27 00:30:47 UTC 2012
>>> cmsRun ended at Tue Nov 27 00:39:20 UTC 2012
>>> info for dashboard:
***** Cat /home/cms016/home_crobe_729538591/CREAM729538591/glide_E20973/execute/dir_13379/jobreport.txt *****
MonitorJobID=81_https://submit-2.t2.ucsd.edu//121127//17530.80
MonitorID=liis_crab_0_121127_012908_ngk079
ExeEnd=cmsRun
***** End Cat jobreport *****
Parameters sent to Dashboard.
TIME_EXE = 513 sec
>>> cmsRun wrote 119 lines of stdout+stderr
>>> START OF printout of 119 lines from stdout+stderr
27-Nov-2012 02:31:08 EET  Initiating request to open file file:/hdfs/cms/store/user/mario/QCD_Pt_170_250_EMEnriched_TuneZ2star_8TeV_pythia6/Summer12-stop-pfele-step1/3d176ac8da5e9dff208d057f4733ca91/tuple_29_9_P0N.root
27-Nov-2012 02:31:17 EET  Successfully opened file file:/hdfs/cms/store/user/mario/QCD_Pt_170_250_EMEnriched_TuneZ2star_8TeV_pythia6/Summer12-stop-pfele-step1/3d176ac8da5e9dff208d057f4733ca91/tuple_29_9_P0N.root
Begin processing the 1st record. Run 1, Event 43278195, LumiSection 13346 at 27-Nov-2012 02:31:40.078 EET
Begin processing the 1001st record. Run 1, Event 45900789, LumiSection 14154 at 27-Nov-2012 02:31:47.647 EET
Begin processing the 2001st record. Run 1, Event 187345926, LumiSection 57770 at 27-Nov-2012 02:31:50.902 EET
Begin processing the 3001st record. Run 1, Event 188456099, LumiSection 58112 at 27-Nov-2012 02:31:57.289 EET
Begin processing the 4001st record. Run 1, Event 188697644, LumiSection 58187 at 27-Nov-2012 02:32:01.010 EET
Begin processing the 5001st record. Run 1, Event 192553953, LumiSection 59376 at 27-Nov-2012 02:32:06.669 EET
Begin processing the 6001st record. Run 1, Event 195680549, LumiSection 60340 at 27-Nov-2012 02:32:09.922 EET
Begin processing the 7001st record. Run 1, Event 199537501, LumiSection 61529 at 27-Nov-2012 02:32:16.393 EET
Begin processing the 8001st record. Run 1, Event 26359463, LumiSection 8129 at 27-Nov-2012 02:32:19.638 EET
Begin processing the 9001st record. Run 1, Event 27174350, LumiSection 8380 at 27-Nov-2012 02:32:24.571 EET
Begin processing the 10001st record. Run 1, Event 30834195, LumiSection 9508 at 27-Nov-2012 02:32:27.841 EET
Begin processing the 11001st record. Run 1, Event 30457152, LumiSection 9392 at 27-Nov-2012 02:32:34.190 EET
Begin processing the 12001st record. Run 1, Event 31058961, LumiSection 9578 at 27-Nov-2012 02:32:37.044 EET
27-Nov-2012 02:32:37 EET  Closed file file:/hdfs/cms/store/user/mario/QCD_Pt_170_250_EMEnriched_TuneZ2star_8TeV_pythia6/Summer12-stop-pfele-step1/3d176ac8da5e9dff208d057f4733ca91/tuple_29_9_P0N.root
27-Nov-2012 02:32:37 EET  Initiating request to open file file:/hdfs/cms/store/user/mario/QCD_Pt_170_250_EMEnriched_TuneZ2star_8TeV_pythia6/Summer12-stop-pfele-step1/3d176ac8da5e9dff208d057f4733ca91/tuple_30_3_JY5.root
27-Nov-2012 02:32:38 EET  Successfully opened file file:/hdfs/cms/store/user/mario/QCD_Pt_170_250_EMEnriched_TuneZ2star_8TeV_pythia6/Summer12-stop-pfele-step1/3d176ac8da5e9dff208d057f4733ca91/tuple_30_3_JY5.root
Begin processing the 13001st record. Run 1, Event 178490279, LumiSection 55039 at 27-Nov-2012 02:32:55.907 EET
Begin processing the 14001st record. Run 1, Event 192135904, LumiSection 59247 at 27-Nov-2012 02:32:59.410 EET
Begin processing the 15001st record. Run 1, Event 193030779, LumiSection 59523 at 27-Nov-2012 02:33:06.326 EET
Begin processing the 16001st record. Run 1, Event 196996825, LumiSection 60746 at 27-Nov-2012 02:33:09.920 EET
Begin processing the 17001st record. Run 1, Event 45752528, LumiSection 14109 at 27-Nov-2012 02:33:14.492 EET
Begin processing the 18001st record. Run 1, Event 170032736, LumiSection 52431 at 27-Nov-2012 02:33:18.620 EET
Begin processing the 19001st record. Run 1, Event 185119939, LumiSection 57083 at 27-Nov-2012 02:33:24.089 EET
Begin processing the 20001st record. Run 1, Event 189294284, LumiSection 58371 at 27-Nov-2012 02:33:27.384 EET
Begin processing the 21001st record. Run 1, Event 189251680, LumiSection 58357 at 27-Nov-2012 02:33:31.130 EET
Begin processing the 22001st record. Run 1, Event 189701469, LumiSection 58496 at 27-Nov-2012 02:33:34.834 EET
Begin processing the 23001st record. Run 1, Event 190598147, LumiSection 58773 at 27-Nov-2012 02:33:41.128 EET
Begin processing the 24001st record. Run 1, Event 191007520, LumiSection 58899 at 27-Nov-2012 02:33:44.354 EET
Begin processing the 25001st record. Run 1, Event 191816139, LumiSection 59148 at 27-Nov-2012 02:33:51.488 EET
Begin processing the 26001st record. Run 1, Event 191019282, LumiSection 58903 at 27-Nov-2012 02:33:55.356 EET
Begin processing the 27001st record. Run 1, Event 191099935, LumiSection 58927 at 27-Nov-2012 02:34:00.225 EET
Begin processing the 28001st record. Run 1, Event 2606256, LumiSection 804 at 27-Nov-2012 02:34:03.491 EET
Begin processing the 29001st record. Run 1, Event 25127454, LumiSection 7749 at 27-Nov-2012 02:34:08.518 EET
Begin processing the 30001st record. Run 1, Event 27379846, LumiSection 8443 at 27-Nov-2012 02:34:11.914 EET
Begin processing the 31001st record. Run 1, Event 30711646, LumiSection 9471 at 27-Nov-2012 02:34:16.765 EET
Begin processing the 32001st record. Run 1, Event 31148750, LumiSection 9605 at 27-Nov-2012 02:34:20.725 EET
Begin processing the 33001st record. Run 1, Event 184851765, LumiSection 57001 at 27-Nov-2012 02:34:25.827 EET
Begin processing the 34001st record. Run 1, Event 188258569, LumiSection 58051 at 27-Nov-2012 02:34:29.677 EET
27-Nov-2012 02:34:29 EET  Closed file file:/hdfs/cms/store/user/mario/QCD_Pt_170_250_EMEnriched_TuneZ2star_8TeV_pythia6/Summer12-stop-pfele-step1/3d176ac8da5e9dff208d057f4733ca91/tuple_30_3_JY5.root
27-Nov-2012 02:34:29 EET  Initiating request to open file file:/hdfs/cms/store/user/mario/QCD_Pt_170_250_EMEnriched_TuneZ2star_8TeV_pythia6/Summer12-stop-pfele-step1/3d176ac8da5e9dff208d057f4733ca91/tuple_31_7_glp.root
27-Nov-2012 02:34:30 EET  Successfully opened file file:/hdfs/cms/store/user/mario/QCD_Pt_170_250_EMEnriched_TuneZ2star_8TeV_pythia6/Summer12-stop-pfele-step1/3d176ac8da5e9dff208d057f4733ca91/tuple_31_7_glp.root
Begin processing the 35001st record. Run 1, Event 188536507, LumiSection 58137 at 27-Nov-2012 02:34:54.749 EET
Begin processing the 36001st record. Run 1, Event 188941069, LumiSection 58262 at 27-Nov-2012 02:34:58.594 EET
Begin processing the 37001st record. Run 1, Event 190442114, LumiSection 58725 at 27-Nov-2012 02:35:05.232 EET
Begin processing the 38001st record. Run 1, Event 190830824, LumiSection 58844 at 27-Nov-2012 02:35:08.914 EET
Begin processing the 39001st record. Run 1, Event 191105292, LumiSection 58929 at 27-Nov-2012 02:35:13.531 EET
Begin processing the 40001st record. Run 1, Event 197048432, LumiSection 60762 at 27-Nov-2012 02:35:16.938 EET
Begin processing the 41001st record. Run 1, Event 199233251, LumiSection 61435 at 27-Nov-2012 02:35:23.775 EET
Begin processing the 42001st record. Run 1, Event 200405448, LumiSection 61797 at 27-Nov-2012 02:35:27.338 EET
Begin processing the 43001st record. Run 1, Event 187340497, LumiSection 57768 at 27-Nov-2012 02:35:34.706 EET
Begin processing the 44001st record. Run 1, Event 188019809, LumiSection 57978 at 27-Nov-2012 02:35:37.162 EET
Begin processing the 45001st record. Run 1, Event 188297751, LumiSection 58063 at 27-Nov-2012 02:35:41.960 EET
Begin processing the 46001st record. Run 1, Event 190950947, LumiSection 58881 at 27-Nov-2012 02:35:45.848 EET
Begin processing the 47001st record. Run 1, Event 191599079, LumiSection 59081 at 27-Nov-2012 02:35:50.652 EET
Begin processing the 48001st record. Run 1, Event 192483513, LumiSection 59354 at 27-Nov-2012 02:35:54.194 EET
Begin processing the 49001st record. Run 1, Event 193284907, LumiSection 59601 at 27-Nov-2012 02:36:00.529 EET
Begin processing the 50001st record. Run 1, Event 200807253, LumiSection 61921 at 27-Nov-2012 02:36:04.244 EET
Begin processing the 51001st record. Run 1, Event 186196543, LumiSection 57415 at 27-Nov-2012 02:36:12.732 EET
Begin processing the 52001st record. Run 1, Event 186831983, LumiSection 57611 at 27-Nov-2012 02:36:16.178 EET
Begin processing the 53001st record. Run 1, Event 188235170, LumiSection 58044 at 27-Nov-2012 02:36:20.563 EET
Begin processing the 54001st record. Run 1, Event 29229996, LumiSection 9014 at 27-Nov-2012 02:36:23.524 EET
Begin processing the 55001st record. Run 1, Event 30865319, LumiSection 9518 at 27-Nov-2012 02:36:27.670 EET
27-Nov-2012 02:36:30 EET  Closed file file:/hdfs/cms/store/user/mario/QCD_Pt_170_250_EMEnriched_TuneZ2star_8TeV_pythia6/Summer12-stop-pfele-step1/3d176ac8da5e9dff208d057f4733ca91/tuple_31_7_glp.root
27-Nov-2012 02:36:30 EET  Initiating request to open file file:/hdfs/cms/store/user/mario/QCD_Pt_170_250_EMEnriched_TuneZ2star_8TeV_pythia6/Summer12-stop-pfele-step1/3d176ac8da5e9dff208d057f4733ca91/tuple_32_4_QzE.root
27-Nov-2012 02:36:30 EET  Successfully opened file file:/hdfs/cms/store/user/mario/QCD_Pt_170_250_EMEnriched_TuneZ2star_8TeV_pythia6/Summer12-stop-pfele-step1/3d176ac8da5e9dff208d057f4733ca91/tuple_32_4_QzE.root
Begin processing the 56001st record. Run 1, Event 185925539, LumiSection 57332 at 27-Nov-2012 02:36:48.597 EET
Begin processing the 57001st record. Run 1, Event 188836561, LumiSection 58229 at 27-Nov-2012 02:36:52.625 EET
Begin processing the 58001st record. Run 1, Event 189408158, LumiSection 58406 at 27-Nov-2012 02:36:56.933 EET
Begin processing the 59001st record. Run 1, Event 189711317, LumiSection 58499 at 27-Nov-2012 02:37:01.282 EET
Begin processing the 60001st record. Run 1, Event 189515891, LumiSection 58439 at 27-Nov-2012 02:37:06.756 EET
Begin processing the 61001st record. Run 1, Event 189966555, LumiSection 58578 at 27-Nov-2012 02:37:10.079 EET
Begin processing the 62001st record. Run 1, Event 190538434, LumiSection 58754 at 27-Nov-2012 02:37:15.933 EET
Begin processing the 63001st record. Run 1, Event 190743463, LumiSection 58817 at 27-Nov-2012 02:37:20.844 EET
Begin processing the 64001st record. Run 1, Event 191298201, LumiSection 58989 at 27-Nov-2012 02:37:27.982 EET
Begin processing the 65001st record. Run 1, Event 191546746, LumiSection 59065 at 27-Nov-2012 02:37:32.184 EET
Begin processing the 66001st record. Run 1, Event 189131712, LumiSection 58320 at 27-Nov-2012 02:37:35.685 EET
Begin processing the 67001st record. Run 1, Event 189674914, LumiSection 58488 at 27-Nov-2012 02:37:43.533 EET
Begin processing the 68001st record. Run 1, Event 189956419, LumiSection 58575 at 27-Nov-2012 02:37:46.943 EET
Begin processing the 69001st record. Run 1, Event 189979825, LumiSection 58582 at 27-Nov-2012 02:37:51.604 EET
Begin processing the 70001st record. Run 1, Event 190692437, LumiSection 58802 at 27-Nov-2012 02:37:55.280 EET
Begin processing the 71001st record. Run 1, Event 190850933, LumiSection 58851 at 27-Nov-2012 02:38:00.751 EET
Begin processing the 72001st record. Run 1, Event 25756297, LumiSection 7943 at 27-Nov-2012 02:38:04.269 EET
Begin processing the 73001st record. Run 1, Event 35204293, LumiSection 10856 at 27-Nov-2012 02:38:12.311 EET
Begin processing the 74001st record. Run 1, Event 39986754, LumiSection 12331 at 27-Nov-2012 02:38:15.096 EET
Begin processing the 75001st record. Run 1, Event 192076646, LumiSection 59229 at 27-Nov-2012 02:38:22.412 EET
Begin processing the 76001st record. Run 1, Event 192774292, LumiSection 59444 at 27-Nov-2012 02:38:25.978 EET
Begin processing the 77001st record. Run 1, Event 193188754, LumiSection 59572 at 27-Nov-2012 02:38:30.438 EET
27-Nov-2012 02:38:31 EET  Closed file file:/hdfs/cms/store/user/mario/QCD_Pt_170_250_EMEnriched_TuneZ2star_8TeV_pythia6/Summer12-stop-pfele-step1/3d176ac8da5e9dff208d057f4733ca91/tuple_32_4_QzE.root
27-Nov-2012 02:38:31 EET  Initiating request to open file file:/hdfs/cms/store/user/mario/QCD_Pt_170_250_EMEnriched_TuneZ2star_8TeV_pythia6/Summer12-stop-pfele-step1/3d176ac8da5e9dff208d057f4733ca91/tuple_33_5_wM6.root
27-Nov-2012 02:38:32 EET  Successfully opened file file:/hdfs/cms/store/user/mario/QCD_Pt_170_250_EMEnriched_TuneZ2star_8TeV_pythia6/Summer12-stop-pfele-step1/3d176ac8da5e9dff208d057f4733ca91/tuple_33_5_wM6.root
Begin processing the 78001st record. Run 1, Event 192678747, LumiSection 59414 at 27-Nov-2012 02:38:47.545 EET
Begin processing the 79001st record. Run 1, Event 192917675, LumiSection 59488 at 27-Nov-2012 02:38:50.978 EET
Begin processing the 80001st record. Run 1, Event 193560373, LumiSection 59686 at 27-Nov-2012 02:38:55.419 EET
Begin processing the 81001st record. Run 1, Event 187864043, LumiSection 57930 at 27-Nov-2012 02:38:58.836 EET
Begin processing the 82001st record. Run 1, Event 188385057, LumiSection 58090 at 27-Nov-2012 02:39:03.682 EET
Begin processing the 83001st record. Run 1, Event 191434870, LumiSection 59031 at 27-Nov-2012 02:39:07.102 EET
Begin processing the 84001st record. Run 1, Event 191883415, LumiSection 59169 at 27-Nov-2012 02:39:12.422 EET
Begin processing the 85001st record. Run 1, Event 192048662, LumiSection 59220 at 27-Nov-2012 02:39:16.013 EET
27-Nov-2012 02:39:18 EET  Closed file file:/hdfs/cms/store/user/mario/QCD_Pt_170_250_EMEnriched_TuneZ2star_8TeV_pythia6/Summer12-stop-pfele-step1/3d176ac8da5e9dff208d057f4733ca91/tuple_33_5_wM6.root

=============================================

MessageLogger Summary

 type     category        sev    module        subroutine        count    total
 ---- -------------------- -- ---------------- ----------------  -----    -----
    1 fileAction           -s file_close                             5        5
    2 fileAction           -s file_open                             10       10

 type    category    Examples: run/evt        run/evt          run/evt
 ---- -------------------- ---------------- ---------------- ----------------
    1 fileAction           PostProcessEvent PostProcessEvent PostEndRun
    2 fileAction           pre-events       pre-events       PostProcessEvent

Severity    # Occurrences   Total Occurrences
--------    -------------   -----------------
System                 15                  15
>>> END OF printout of 119 lines from stdout+stderr
>>> Parse FrameworkJobReport crab_fjr.xml
Result of parsing the FrameworkJobReport crab_fjr.xml: Popularity start
lumisRange : 1::24,89,7509,7519,7852,7943,8579,8645,8933,8989,9176,9227,10856,10871,11062,11095,11112,11209,11335,11555,12331,12387,13213,13312,57332,57335,57490,57532,57545,57720,58172,58223-58224,58227,58229,58248,58304,58316,58320,58322,58354,58361,58389,58391,58398-58399,58406,58421,58436,58438-58439,58442,58450,58456-58457,58470-58471,58477,58487-58488,58499,58505-58506,58510,58514,58522-58523,58525,58531-58532,58535,58542,58544-58545,58547,58553,58564,58571,58574-58580,58582-58583,58587,58601,58616,58622,58685,58697,58704,58719,58722,58734,58745,58750,58754,58758,58776,58783,58789-58790,58793,58797,58802-58804,58814,58817,58821,58824,58826,58831,58835,58845-58846,58848,58851,58853-58854,58865,58887,58921,58924,58957,58961,58964,58989,59002,59005,59013,59025,59065,59067,59073,59078-59080,59085,59089,59091,59110,59120,59168,59174,59227,59229,59233,59236,59260,59262,59390,59402,59412,59429,59444,59457,59461,59465,59489,59491,59568,59571-59572,59590::1;1::8563,8759,8777,8809,8815,9014,9462,9468,9518,9528,9700,9705,9729,9735,13213,57415,57424,57453,57465,57491,57505,57597,57599,57611,57613,57685,57723,57740,57742,57744,57750,57768,57816,57830,57856,57931-57932,57936,57941-57942,57961,57966,57969,57978,57981,57995,57998,58006,58008,58028,58036,58044,58051,58056,58060,58063,58067-58068,58079,58083,58086-58087,58116,58120-58121,58129,58137,58152,58157,58166,58195,58205,58238,58244,58257,58259,58262,58271,58309,58419,58662,58665,58673,58700,58714,58721,58725,58755,58840,58844,58847,58855,58863-58864,58873,58876,58879,58881,58891,58896,58908,58912-58913,58920,58929,58936,58940,58942,58960,58986,59019,59022,59027,59064,59066,59081,59094,59119,59154,59180,59211,59239,59342,59354,59366,59416,59484,59495,59499,59533,59552,59601,60452,60459,60648,60668,60697,60745,60749-60750,60762,60792,61257,61318,61375-61376,61402,61407,61417,61435,61476,61492,61522,61552,61660-61661,61677,61723,61797,61921,62105,62114,62147,62213,62969,63074,64125,66172::2;1::57811,57821,57851,57873,57898,57921,57930,57944,57958,57980,58005,58012,58054,58085,58090,58111,58156,58161,58165,58171,58273,58285,59031,59051,59074,59086,59126,59132,59153,59169,59178,59181,59196,59200,59204,59208,59213,59220,59232,59236,59240,59314,59316,59333,59341,59345,59357,59367,59395,59414,59428,59443,59451,59464,59472-59473,59487-59488,59494,59497-59498,59502,59574,59686::3;1::804,1317,7253,7258,7536,7588,7601,7749,7846,7856,8117,8233,8244,8376,8443,8556,8625,8658,8747,9004,9038,9372,9430,9471,9513,9517,9523,9532,9581,9591,9605,9631,9680,9683,9689,9721,9750,9820,9870,9885,10599,10669,10896,10936,11316,11438,13127,13149,14109,14143,51200,52246,52399,52431,52436,52620,53213,53716,53738,54762,55039,56035,57001,57009,57024,57051,57067,57083,57116,57186,57201,57353,57364,58048,58051,58139,58203,58208,58232,58250,58254,58269,58321,58325-58326,58350-58351,58353,58357,58370-58371,58383,58402,58417,58452-58453,58473,58478,58496,58504,58546,58581,58689,58691,58724,58735,58751,58757,58768,58773,58780,58784-58786,58795,58810,58812,58822,58833,58852,58871,58899,58901,58903,58906-58907,58914-58916,58927,58932,58948,58955-58956,58977,58983,58991,59023,59095,59098,59141,59144,59147-59148,59191,59206,59215,59221,59228,59237,59247,59250,59266,59340,59377,59396,59475,59483,59523,59527,59908,59936,60554,60558,60564,60656,60746,61450::4;1::7281,7622,7715,7966,8015,8129,8174,8203,8368,8380,8382,8384,8414,8445,8520,8690,8714,8821,8890,8927,8955,8958,8983,9020,9052,9116,9209,9323,9392,9451,9490,9508,9555,9563,9578,9622,9680,13346,13423,13572,13607,13631,13687,14138,14154,14195,14206,57654,57667,57751,57762,57769-57770,57822,57829,57903-57904,57952,57971,58112,58117,58125,58127,58134,58173,58176,58187,58193,58207,59199,59201,59272,59282,59301,59310,59376,59397,59563,59592,59765,59767,59771,59801,60340,60402,60662,60747,60754,60870,60888,61529,61581,61896::5;
lumisParentRange : 
Basename : /store/user/mario/QCD_Pt_170_250_EMEnriched_TuneZ2star_8TeV_pythia6/Summer12-stop-pfele-step1/3d176ac8da5e9dff208d057f4733ca91/tuple_
BasenameParent : 
parentFiles : 
inputBlocks : /QCD_Pt_170_250_EMEnriched_TuneZ2star_8TeV_pythia6/mario-Summer12-stop-pfele-step1-3d176ac8da5e9dff208d057f4733ca91/USER#130d237e-abcb-4916-a790-d17c846c5c04
inputFiles : 32_4_QzE.root::1::EDM::Local::1;31_7_glp.root::1::EDM::Local::2;33_5_wM6.root::1::EDM::Local::3;30_3_JY5.root::1::EDM::Local::4;29_9_P0N.root::1::EDM::Local::5;
Popularity stop
Extracted ExitStatus from FrameworkJobReport parsing output: 0
>>> Executable succeded  0
ExeExitCode=0
EXECUTABLE_EXIT_STATUS = 0
>>> current directory /home/cms016/home_crobe_729538591/CREAM729538591/glide_E20973/execute/dir_13379/CMSSW_5_3_5
>>>  (SOFTWARE_DIR): /home/cms016/home_crobe_729538591/CREAM729538591/glide_E20973/execute/dir_13379/CMSSW_5_3_5
>>> (WORKING_DIR): 
>>> current directory content:
total 156
drwxr-xr-x 3 cms016 cms  4096 Nov 27 02:30 .SCRAM
-rw-r--r-- 1 cms016 cms 30066 Nov 27 02:30 CMSSW.py.pkl
drwxr-xr-x 3 cms016 cms  4096 Nov 27 02:30 bin
drwxr-xr-x 3 cms016 cms  4096 Nov 27 02:30 cfipython
drwxr-xr-x 5 cms016 cms  4096 Nov 27 02:30 config
-rw-r--r-- 1 cms016 cms    17 Nov 27 02:39 cpu_timing.txt
drwxr-xr-x 2 cms016 cms  4096 Nov 27 02:30 doc
-rw-r--r-- 1 cms016 cms 13480 Nov 27 02:39 executable.out
drwxr-xr-x 2 cms016 cms  4096 Nov 27 02:30 include
drwxrwxrwx 3 cms016 cms  4096 Oct 22 16:38 lib
drwxr-xr-x 3 cms016 cms  4096 Nov 27 02:30 logs
drwxr-xr-x 3 cms016 cms  4096 Nov 27 02:30 objs
-rw-r--r-- 1 cms016 cms 17256 Nov 27 02:39 optHistograms.root
-rw-r--r-- 1 cms016 cms   104 Nov 27 02:30 pset.py
-rw-r--r-- 1 cms016 cms 19502 Nov 27 02:30 pset.py.pkl
-rw-r--r-- 1 cms016 cms   289 Nov 27 02:30 pset.pyc
drwxr-xr-x 2 cms016 cms  4096 Nov 27 02:30 python
-rw-r--r-- 1 cms016 cms   420 Nov 27 02:39 report.log
drwxrwxrwx 4 cms016 cms  4096 Nov 27 02:30 src
drwxr-xr-x 3 cms016 cms  4096 Nov 27 02:30 test
drwxr-xr-x 3 cms016 cms  4096 Nov 27 02:30 tmp
>>> current directory /home/cms016/home_crobe_729538591/CREAM729538591/glide_E20973/execute/dir_13379/CMSSW_5_3_5
>>> (SOFTWARE_DIR): /home/cms016/home_crobe_729538591/CREAM729538591/glide_E20973/execute/dir_13379/CMSSW_5_3_5
>>> (WORKING_DIR): 
>>> current directory content:
total 136
drwxr-xr-x 3 cms016 cms  4096 Nov 27 02:30 .SCRAM
-rw-r--r-- 1 cms016 cms 30066 Nov 27 02:30 CMSSW.py.pkl
drwxr-xr-x 3 cms016 cms  4096 Nov 27 02:30 bin
drwxr-xr-x 3 cms016 cms  4096 Nov 27 02:30 cfipython
drwxr-xr-x 5 cms016 cms  4096 Nov 27 02:30 config
-rw-r--r-- 1 cms016 cms    17 Nov 27 02:39 cpu_timing.txt
drwxr-xr-x 2 cms016 cms  4096 Nov 27 02:30 doc
-rw-r--r-- 1 cms016 cms 13480 Nov 27 02:39 executable.out
drwxr-xr-x 2 cms016 cms  4096 Nov 27 02:30 include
drwxrwxrwx 3 cms016 cms  4096 Oct 22 16:38 lib
drwxr-xr-x 3 cms016 cms  4096 Nov 27 02:30 logs
drwxr-xr-x 3 cms016 cms  4096 Nov 27 02:30 objs
-rw-r--r-- 1 cms016 cms   104 Nov 27 02:30 pset.py
-rw-r--r-- 1 cms016 cms 19502 Nov 27 02:30 pset.py.pkl
-rw-r--r-- 1 cms016 cms   289 Nov 27 02:30 pset.pyc
drwxr-xr-x 2 cms016 cms  4096 Nov 27 02:30 python
-rw-r--r-- 1 cms016 cms   420 Nov 27 02:39 report.log
drwxrwxrwx 4 cms016 cms  4096 Nov 27 02:30 src
drwxr-xr-x 3 cms016 cms  4096 Nov 27 02:30 test
drwxr-xr-x 3 cms016 cms  4096 Nov 27 02:30 tmp
>>> current directory (RUNTIME_AREA):  /home/cms016/home_crobe_729538591/CREAM729538591/glide_E20973/execute/dir_13379
>>> current dir: /home/cms016/home_crobe_729538591/CREAM729538591/glide_E20973/execute/dir_13379
>>> current dir content:
total 25792
-rw-rw-rw-  1 cms016 cms     5601 Nov 27 02:30 .job.ad
-rw-rw-rw-  1 cms016 cms    11521 Nov 27 02:30 .machine.ad
-rw-rw-rw-  1 cms016 cms      105 Nov 27 01:29 CMSSW.py
-rw-rw-rw-  1 cms016 cms    30066 Nov 27 01:29 CMSSW.py.pkl
-rwxrw-rw-  1 cms016 cms    23341 Nov 27 02:30 CMSSW.sh
drwxr-xr-x 15 cms016 cms     4096 Nov 27 02:39 CMSSW_5_3_5
-rw-rw-rw-  1 cms016 cms        0 Nov 27 02:30 CMSSW_81.stderr
-rw-rw-rw-  1 cms016 cms    29359 Nov 27 02:39 CMSSW_81.stdout
-rw-r--r--  1 cms016 cms      347 Nov 27 02:30 CacheEnv.sh
-rw-rw-rw-  1 cms016 cms     7291 Jun  9  2010 DashboardAPI.py
-rw-r--r--  1 cms016 cms     6883 Nov 27 02:30 DashboardAPI.pyc
drwxrwxrwx  3 cms016 cms     4096 Nov 27 02:39 IMProv
-rw-rw-rw-  1 cms016 cms     2748 Mar  8  2006 Logger.py
-rw-r--r--  1 cms016 cms     3353 Nov 27 02:30 Logger.pyc
-rw-rw-rw-  1 cms016 cms    24524 Mar 28  2008 ProcInfo.py
-rw-r--r--  1 cms016 cms    23470 Nov 27 02:30 ProcInfo.pyc
drwxrwxrwx  7 cms016 cms     4096 Nov 27 02:30 ProdCommon
drwxrwxrwx  3 cms016 cms     4096 Nov 27 02:30 WMCore
-rw-r--r--  1 cms016 cms     2618 Nov 27 02:39 Watchdog_81.log
-rw-rw-rw-  1 cms016 cms    32895 Mar 28  2008 apmon.py
-rw-r--r--  1 cms016 cms    28874 Nov 27 02:30 apmon.pyc
-rw-rw-rw-  1 cms016 cms   100215 Nov 27 02:30 arguments.xml
-rwxrwxrwx  1 cms016 cms    37427 Sep 13 14:14 cmscp.py
-rwxrwxrwx  1 cms016 cms    23341 Nov 27 02:30 condor_exec.exe
-rw-rw-rw-  1 cms016 cms      546 Nov 27 01:29 crab.cfg
-rwxrwxrwx  1 cms016 cms     9531 Sep 20 21:46 crabWatchdog.sh
-rw-r--r--  1 cms016 cms    48065 Nov 27 02:39 crab_fjr_81.xml
-rw-rw-rw-  1 cms016 cms 25796303 Nov 27 02:30 default.tgz
-rwxrwxrwx  1 cms016 cms     4488 May 12  2012 fillCrabFjr.py
-rw-r--r--  1 cms016 cms      941 Nov 27 02:30 inputsReport.txt
-rw-r--r--  1 cms016 cms      132 Nov 27 02:39 jobreport.txt
lrwxrwxrwx  1 cms016 cms      107 Nov 27 02:39 optHistograms.root -> /home/cms016/home_crobe_729538591/CREAM729538591/glide_E20973/execute/dir_13379/optHistograms_81_1_3Xw.root
-rw-r--r--  1 cms016 cms    17256 Nov 27 02:39 optHistograms_81_1_3Xw.root
-rw-rw-rw-  1 cms016 cms    17352 Jan 20  2012 parseCrabFjr.py
-rw-r--r--  1 cms016 cms      285 Nov 27 02:30 report.log
-rwxrwxrwx  1 cms016 cms     1497 May 27  2009 report.py
-rwxrwxrwx  1 cms016 cms     8387 Mar 23  2011 writeCfg.py
-rw-------  1 cms016 cms     8691 Nov 27 02:30 x509up_u1000009
Checking output files:  
will tar file optHistograms_81_1_3Xw.root in  out_files_81
will tar file crab_fjr_81.xml in  out_files_81
will tar file CMSSW_81.stdout in  out_files_81
will tar file CMSSW_81.stderr in  out_files_81
WARNING: output file Watchdog_81.log.gz not found!
>>> padding time: Sleeping the wrapper for 48 seconds
STOPPING WATCHDOG. CrabWatchdog PID is 16000
********** LAST 50 LINES OF WATCHDOG LOG
# RESOURCE USAGE SUMMARY FOR PROCESS ID 14158
USER       PID %CPU %MEM    VSZ   RSS TTY      STAT START   TIME COMMAND
cms016   14158  0.3  0.0   8956  1488 ?        S    02:30   0:00 /bin/sh /home/cms016/home_crobe_729538591/CREAM729538591/glide_E20973/execute/dir_13379/condor_exec.exe 81 1
 
# LIMITS USED BY THIS WATCHDOG:
# RSS  (KBytes)  : 2300000
# VSZ  (KBytes)  : 100000000
# DISK (MBytes)  : 19000
# CPU  (seconds) : 171600
# WALL (seconds) : 171600
 
# FOLLOWING PRINTOUT TRACKS MAXIMUM VALUES OF RESOURCES USE
# ONE LINE IS PRINTED EACH TIME A MAXIMUM CHANGES
# IF CHANGE WAS IN RSS OR VSZ ALSO PROCID AND COMMAND ARE PRINTED
# THERE IS NO PRINTOUT FOR CPU/WALL TIME INCREASE
 
# TIME			PID	RSS(KB)	VSZ(KB)	Dsk(MB)	tCPU(s)	tWALL(s)	COMMAND
 Nov 27 02:30:35 EET	1876	1340	8816	0	0	3102	/bin/bash /home/cms016/home_crobe_729538591/CREAM729538591/glide_E20973/main/condor_startup.sh glidein_config       
 Nov 27 02:30:35 EET	2945	6160	9820	0	1	3101	/home/cms016/home_crobe_729538591/CREAM729538591/glide_E20973/main/condor/sbin/condor_master -f -pidfile /home/cms016/home_crobe_729538591/CREAM729538591/glide_E20973/condor_master2.pid      
 Nov 27 02:30:35 EET	20801	6160	25504	0	0	3142	perl -e ?use Socket;??sub send_notify {? $cream_url = "193.40.150.124:49152";die "No
 Nov 27 02:30:35 EET	---	6160	25504	168	----	----	----
 Nov 27 02:31:43 EET	17200	357780	560740	168	16	59	cmsRun -j /home/cms016/home_crobe_729538591/CREAM729538591/glide_E20973/execute/dir_13379/crab_fjr_81.xml -p pset.py     
 Nov 27 02:32:48 EET	17200	357780	562020	168	55	124	cmsRun -j /home/cms016/home_crobe_729538591/CREAM729538591/glide_E20973/execute/dir_13379/crab_fjr_81.xml -p pset.py     
 Nov 27 02:33:53 EET	17200	363820	562276	168	102	189	cmsRun -j /home/cms016/home_crobe_729538591/CREAM729538591/glide_E20973/execute/dir_13379/crab_fjr_81.xml -p pset.py     
 Nov 27 02:34:58 EET	17200	363820	562532	168	138	255	cmsRun -j /home/cms016/home_crobe_729538591/CREAM729538591/glide_E20973/execute/dir_13379/crab_fjr_81.xml -p pset.py     
 Nov 27 02:36:04 EET	17200	363820	562788	168	187	321	cmsRun -j /home/cms016/home_crobe_729538591/CREAM729538591/glide_E20973/execute/dir_13379/crab_fjr_81.xml -p pset.py     
 Nov 27 02:37:11 EET	17200	364052	563300	168	227	389	cmsRun -j /home/cms016/home_crobe_729538591/CREAM729538591/glide_E20973/execute/dir_13379/crab_fjr_81.xml -p pset.py     
 Nov 27 02:38:19 EET	17200	364208	563300	168	272	456	cmsRun -j /home/cms016/home_crobe_729538591/CREAM729538591/glide_E20973/execute/dir_13379/crab_fjr_81.xml -p pset.py     
 Nov 27 02:39:26 EET	---	364208	563300	169	----	----	----
********** WATCHDOG LOG ENDED
ZIPPING WATCHDOG LOG
Disk space used:
du -sh /home/cms016/home_crobe_729538591/CREAM729538591/glide_E20973/execute/dir_13379
169M	/home/cms016/home_crobe_729538591/CREAM729538591/glide_E20973/execute/dir_13379
>>> info for dashboard:
***** Cat /home/cms016/home_crobe_729538591/CREAM729538591/glide_E20973/execute/dir_13379/jobreport.txt *****
MonitorJobID=81_https://submit-2.t2.ucsd.edu//121127//17530.80
MonitorID=liis_crab_0_121127_012908_ngk079
ExeTime=513
ExeExitCode=0
CrabUserCpuTime=298.88
CrabSysCpuTime=10.38
CrabCpuPercentage=60%
CrabWrapperTime=600
CrabStageoutTime=NULL
***** End Cat jobreport *****
Parameters sent to Dashboard.
optHistograms_81_1_3Xw.root
crab_fjr_81.xml
CMSSW_81.stdout
CMSSW_81.stderr
Watchdog_81.log.gz
tar: .BrokerInfo: Cannot stat: No such file or directory
tar: Error exit delayed from previous errors
Total Output dimension: 27662
WARNING: output files size limit is set to: 50000000
Total Output dimension 27662 is fine.
JOB_EXIT_STATUS = 0
>>> info for dashboard:
***** Cat /home/cms016/home_crobe_729538591/CREAM729538591/glide_E20973/execute/dir_13379/jobreport.txt *****
MonitorJobID=81_https://submit-2.t2.ucsd.edu//121127//17530.80
MonitorID=liis_crab_0_121127_012908_ngk079
JobExitCode=0
***** End Cat jobreport *****
Parameters sent to Dashboard.
optHistograms_81_1_3Xw.root
crab_fjr_81.xml
