This script was generated by crab (version 2.8.3).
Running /home/cms003/home_crobe_874081815/CREAM874081815/glide_WF6439/execute/dir_16290/condor_exec.exe with 2 positional parameters: 76 1
Today is Tue Nov 27 02:29:54 EET 2012
Job submitted on host wn-v-3836.local
Linux wn-v-3836.local 2.6.32-042stab059.7 #1 SMP Tue Jul 24 19:12:01 MSK 2012 x86_64 x86_64 x86_64 GNU/Linux
>>> current directory (RUNTIME_AREA): /home/cms003/home_crobe_874081815/CREAM874081815/glide_WF6439/execute/dir_16290
>>> current user: uid=11003(cms003) gid=1400(cms) groups=1400(cms)
>>> voms proxy information:
subject   : /DC=ch/DC=cern/OU=Organic Units/OU=Users/CN=liis/CN=663550/CN=Liis Rebane/CN=proxy/CN=limited proxy
issuer    : /DC=ch/DC=cern/OU=Organic Units/OU=Users/CN=liis/CN=663550/CN=Liis Rebane/CN=proxy
identity  : /DC=ch/DC=cern/OU=Organic Units/OU=Users/CN=liis/CN=663550/CN=Liis Rebane/CN=proxy
type      : limited proxy
strength  : 512 bits
path      : /home/cms003/home_crobe_874081815/CREAM874081815/glide_WF6439/execute/dir_16290/x509up_u1000009
timeleft  : 23:59:54
key usage : Digital Signature, Key Encipherment, Data Encipherment
=== VO cms extension information ===
VO        : cms
subject   : /DC=ch/DC=cern/OU=Organic Units/OU=Users/CN=liis/CN=663550/CN=Liis Rebane
issuer    : /DC=ch/DC=cern/OU=computers/CN=lcg-voms.cern.ch
attribute : /cms/Role=NULL/Capability=NULL
timeleft  : 190:55:43
uri       : lcg-voms.cern.ch:15002
>>> tar xzf /home/cms003/home_crobe_874081815/CREAM874081815/glide_WF6439/execute/dir_16290/default.tgz :
Successful untar
>>> Include /home/cms003/home_crobe_874081815/CREAM874081815/glide_WF6439/execute/dir_16290 in PYTHONPATH:
strip arguments
env var CRAB_UNIQUE_JOB_ID set to: liis_crab_0_121127_012908_ngk079_76_1_kl6
out_files_76
>>> list of expected files on output sandbox
output files: optHistograms_76_1_kl6.root crab_fjr_76.xml CMSSW_76.stdout CMSSW_76.stderr Watchdog_76.log.gz
>>> GridFlavour discovery: 
GridFlavour=LCG
>>> SyncSite discovery: 
SyncSite=T2_EE_Estonia
>>> SyncCE discovery: 
getting SyncCE from CE_ID
SyncCE=oberon.hep.kbfi.ee:8443/cream-pbs-long
>>> info for dashboard:
***** Cat /home/cms003/home_crobe_874081815/CREAM874081815/glide_WF6439/execute/dir_16290/jobreport.txt *****
MonitorJobID=76_https://submit-2.t2.ucsd.edu//121127//17530.75
SyncGridJobId=https://submit-2.t2.ucsd.edu//121127//17530.75
MonitorID=liis_crab_0_121127_012908_ngk079
GridFlavour=LCG
SyncSite=T2_EE_Estonia
SyncCE=oberon.hep.kbfi.ee:8443/cream-pbs-long
***** End Cat jobreport *****
Parameters sent to Dashboard.
>>> setup environment
set SCRAM ARCH to slc5_amd64_gcc462
SCRAM_ARCH = slc5_amd64_gcc462
>>> setup CMS LCG environment:
set SCRAM ARCH and BUILD_ARCH to slc5_amd64_gcc462 ###
Sourcing environment... 
sourcing /cvmfs/cms.cern.ch/cmsset_default.sh
==> setup cms environment ok
>>> specific cmssw setup environment:
CMSSW_VERSION =  CMSSW_5_3_5
>>> current directory (SOFTWARE_DIR): /home/cms003/home_crobe_874081815/CREAM874081815/glide_WF6439/execute/dir_16290/CMSSW_5_3_5
PreserveSeeds: <>
IncrementSeeds:<>
{}
WNHostName=wn-v-3836.local
>>> info for dashboard:
***** Cat /home/cms003/home_crobe_874081815/CREAM874081815/glide_WF6439/execute/dir_16290/jobreport.txt *****
MonitorJobID=76_https://submit-2.t2.ucsd.edu//121127//17530.75
MonitorID=liis_crab_0_121127_012908_ngk079
WNHostName=wn-v-3836.local
***** End Cat jobreport *****
Parameters sent to Dashboard.
crabWatchdog started as process 21913
>>> moving CMSSW software directories in /home/cms003/home_crobe_874081815/CREAM874081815/glide_WF6439/execute/dir_16290/CMSSW_5_3_5
mv: cannot stat `/home/cms003/home_crobe_874081815/CREAM874081815/glide_WF6439/execute/dir_16290/module/': No such file or directory
>>> Include /home/cms003/home_crobe_874081815/CREAM874081815/glide_WF6439/execute/dir_16290 in PYTHONPATH:
PYTHONPATH=/home/cms003/home_crobe_874081815/CREAM874081815/glide_WF6439/execute/dir_16290/:/home/cms003/home_crobe_874081815/CREAM874081815/glide_WF6439/execute/dir_16290/CMSSW_5_3_5/python:/home/cms003/home_crobe_874081815/CREAM874081815/glide_WF6439/execute/dir_16290/CMSSW_5_3_5/lib/slc5_amd64_gcc462:/cvmfs/cms.cern.ch/slc5_amd64_gcc462/cms/cmssw/CMSSW_5_3_5/python:/cvmfs/cms.cern.ch/slc5_amd64_gcc462/cms/cmssw/CMSSW_5_3_5/lib/slc5_amd64_gcc462:/cvmfs/cms.cern.ch/slc5_amd64_gcc462/cms/coral/CORAL_2_3_21-cms27/slc5_amd64_gcc462/python:/cvmfs/cms.cern.ch/slc5_amd64_gcc462/cms/coral/CORAL_2_3_21-cms27/slc5_amd64_gcc462/lib:/cvmfs/cms.cern.ch/slc5_amd64_gcc462/external/pyqt/4.8.1/lib/python2.6/site-packages:/cvmfs/cms.cern.ch/slc5_amd64_gcc462/external/py2-scipy/0.8.0/lib/python2.6/site-packages:/cvmfs/cms.cern.ch/slc5_amd64_gcc462/external/py2-matplotlib/1.0.1/lib/python2.6/site-packages:/cvmfs/cms.cern.ch/slc5_amd64_gcc462/external/python-ldap/2.3.5/lib/python2.6/site-packages:/cvmfs/cms.cern.ch/slc5_amd64_gcc462/external/sip/4.11.2/lib/python2.6/site-packages:/cvmfs/cms.cern.ch/slc5_amd64_gcc462/external/py2-pycurl/7.19.0/lib/python2.6/site-packages:/cvmfs/cms.cern.ch/slc5_amd64_gcc462/external/py2-numpy/1.6.1/lib/python2.6/site-packages:/cvmfs/cms.cern.ch/slc5_amd64_gcc462/external/py2-ipython/0.10/lib/python2.6/site-packages:/cvmfs/cms.cern.ch/slc5_amd64_gcc462/external/py2-cx-oracle/5.1-cms11/lib/python2.6/site-packages:/cvmfs/cms.cern.ch/slc5_amd64_gcc462/external/py2-cjson/1.0.5/lib/python2.6/site-packages:/cvmfs/cms.cern.ch/slc5_amd64_gcc462/cms/das-client/1.4.1-cms8/bin:/cvmfs/cms.cern.ch/slc5_amd64_gcc462/external/elementtree/1.2.6/share/lib/python2.6/site-packages:/cvmfs/cms.cern.ch/slc5_amd64_gcc462/external/rivet/1.5.1-cms10/lib/python2.6/site-packages:/cvmfs/cms.cern.ch/slc5_amd64_gcc462/external/pyminuit2/0.0.1-cms34/lib/python2.6/site-packages:/cvmfs/cms.cern.ch/slc5_amd64_gcc462/external/professor/1.0.0-cms35/lib/python2.6/site-packages:/cvmfs/cms.cern.ch/slc5_amd64_gcc462/lcg/root/5.32.00-cms18/lib:/cvmfs/cms.cern.ch/slc5_amd64_gcc462/cms/dbs-client/DBS_2_1_1_patch1_1/lib:/cvmfs/cms.cern.ch/slc5_amd64_gcc462/cms/dbs-client/DBS_2_1_1_patch1_1/lib/DBSAPI:/home/cms003/home_crobe_874081815/CREAM874081815/glide_WF6439/execute/dir_16290/
241a2a19cb7c5c8751ba22759ab3bdb0
PSETHASH = 241a2a19cb7c5c8751ba22759ab3bdb0
/home/cms003/home_crobe_874081815/CREAM874081815/glide_WF6439/execute/dir_16290/writeCfg.py pset.py pset.py
Importing .py file
Setting parameters
inputBlocks=/QCD_Pt_170_250_EMEnriched_TuneZ2star_8TeV_pythia6/mario-Summer12-stop-pfele-step1-3d176ac8da5e9dff208d057f4733ca91/USER#130d237e-abcb-4916-a790-d17c846c5c04
inputFiles=/store/user/mario/QCD_Pt_170_250_EMEnriched_TuneZ2star_8TeV_pythia6/Summer12-stop-pfele-step1/3d176ac8da5e9dff208d057f4733ca91/tuple_403_9_Lp8.root;/store/user/mario/QCD_Pt_170_250_EMEnriched_TuneZ2star_8TeV_pythia6/Summer12-stop-pfele-step1/3d176ac8da5e9dff208d057f4733ca91/tuple_404_6_8Df.root;/store/user/mario/QCD_Pt_170_250_EMEnriched_TuneZ2star_8TeV_pythia6/Summer12-stop-pfele-step1/3d176ac8da5e9dff208d057f4733ca91/tuple_405_10_s05.root;/store/user/mario/QCD_Pt_170_250_EMEnriched_TuneZ2star_8TeV_pythia6/Summer12-stop-pfele-step1/3d176ac8da5e9dff208d057f4733ca91/tuple_406_2_fDY.root;/store/user/mario/QCD_Pt_170_250_EMEnriched_TuneZ2star_8TeV_pythia6/Summer12-stop-pfele-step1/3d176ac8da5e9dff208d057f4733ca91/tuple_14_10_uPp.root;/store/user/mario/QCD_Pt_170_250_EMEnriched_TuneZ2star_8TeV_pythia6/Summer12-stop-pfele-step1/3d176ac8da5e9dff208d057f4733ca91/tuple_11_10_nKB.root
parentFiles=
lumisRange=
>>> Executable cmsRun
/cvmfs/cms.cern.ch/slc5_amd64_gcc462/cms/cmssw/CMSSW_5_3_5/bin/slc5_amd64_gcc462/cmsRun
ok executable found
>>> info for dashboard:
***** Cat /home/cms003/home_crobe_874081815/CREAM874081815/glide_WF6439/execute/dir_16290/jobreport.txt *****
MonitorJobID=76_https://submit-2.t2.ucsd.edu//121127//17530.75
MonitorID=liis_crab_0_121127_012908_ngk079
ExeStart=cmsRun
***** End Cat jobreport *****
Parameters sent to Dashboard.
>>> cmsRun started at Tue Nov 27 00:30:18 UTC 2012
>>> cmsRun ended at Tue Nov 27 00:39:19 UTC 2012
>>> info for dashboard:
***** Cat /home/cms003/home_crobe_874081815/CREAM874081815/glide_WF6439/execute/dir_16290/jobreport.txt *****
MonitorJobID=76_https://submit-2.t2.ucsd.edu//121127//17530.75
MonitorID=liis_crab_0_121127_012908_ngk079
ExeEnd=cmsRun
***** End Cat jobreport *****
Parameters sent to Dashboard.
TIME_EXE = 541 sec
>>> cmsRun wrote 122 lines of stdout+stderr
>>> START OF printout of 122 lines from stdout+stderr
27-Nov-2012 02:30:34 EET  Initiating request to open file file:/hdfs/cms/store/user/mario/QCD_Pt_170_250_EMEnriched_TuneZ2star_8TeV_pythia6/Summer12-stop-pfele-step1/3d176ac8da5e9dff208d057f4733ca91/tuple_403_9_Lp8.root
27-Nov-2012 02:30:41 EET  Successfully opened file file:/hdfs/cms/store/user/mario/QCD_Pt_170_250_EMEnriched_TuneZ2star_8TeV_pythia6/Summer12-stop-pfele-step1/3d176ac8da5e9dff208d057f4733ca91/tuple_403_9_Lp8.root
Begin processing the 1st record. Run 1, Event 104578016, LumiSection 32248 at 27-Nov-2012 02:31:03.227 EET
Begin processing the 1001st record. Run 1, Event 108152881, LumiSection 33350 at 27-Nov-2012 02:31:10.443 EET
Begin processing the 2001st record. Run 1, Event 183409537, LumiSection 56556 at 27-Nov-2012 02:31:14.096 EET
Begin processing the 3001st record. Run 1, Event 99469534, LumiSection 30673 at 27-Nov-2012 02:31:19.393 EET
Begin processing the 4001st record. Run 1, Event 100791778, LumiSection 31080 at 27-Nov-2012 02:31:23.271 EET
Begin processing the 5001st record. Run 1, Event 150714756, LumiSection 46474 at 27-Nov-2012 02:31:28.023 EET
Begin processing the 6001st record. Run 1, Event 171063725, LumiSection 52749 at 27-Nov-2012 02:31:31.505 EET
Begin processing the 7001st record. Run 1, Event 104402409, LumiSection 32194 at 27-Nov-2012 02:31:37.315 EET
27-Nov-2012 02:31:40 EET  Closed file file:/hdfs/cms/store/user/mario/QCD_Pt_170_250_EMEnriched_TuneZ2star_8TeV_pythia6/Summer12-stop-pfele-step1/3d176ac8da5e9dff208d057f4733ca91/tuple_403_9_Lp8.root
27-Nov-2012 02:31:40 EET  Initiating request to open file file:/hdfs/cms/store/user/mario/QCD_Pt_170_250_EMEnriched_TuneZ2star_8TeV_pythia6/Summer12-stop-pfele-step1/3d176ac8da5e9dff208d057f4733ca91/tuple_404_6_8Df.root
27-Nov-2012 02:31:40 EET  Successfully opened file file:/hdfs/cms/store/user/mario/QCD_Pt_170_250_EMEnriched_TuneZ2star_8TeV_pythia6/Summer12-stop-pfele-step1/3d176ac8da5e9dff208d057f4733ca91/tuple_404_6_8Df.root
Begin processing the 8001st record. Run 1, Event 108371716, LumiSection 33418 at 27-Nov-2012 02:31:59.009 EET
Begin processing the 9001st record. Run 1, Event 153744022, LumiSection 47408 at 27-Nov-2012 02:32:03.452 EET
Begin processing the 10001st record. Run 1, Event 97298797, LumiSection 30003 at 27-Nov-2012 02:32:08.659 EET
Begin processing the 11001st record. Run 1, Event 100001211, LumiSection 30837 at 27-Nov-2012 02:32:12.356 EET
Begin processing the 12001st record. Run 1, Event 100592765, LumiSection 31019 at 27-Nov-2012 02:32:18.218 EET
Begin processing the 13001st record. Run 1, Event 105989414, LumiSection 32683 at 27-Nov-2012 02:32:21.693 EET
Begin processing the 14001st record. Run 1, Event 107598622, LumiSection 33179 at 27-Nov-2012 02:32:26.589 EET
Begin processing the 15001st record. Run 1, Event 154714689, LumiSection 47708 at 27-Nov-2012 02:32:30.265 EET
Begin processing the 16001st record. Run 1, Event 103560174, LumiSection 31934 at 27-Nov-2012 02:32:35.040 EET
Begin processing the 17001st record. Run 1, Event 104476004, LumiSection 32216 at 27-Nov-2012 02:32:37.865 EET
Begin processing the 18001st record. Run 1, Event 106673714, LumiSection 32894 at 27-Nov-2012 02:32:45.715 EET
Begin processing the 19001st record. Run 1, Event 153902913, LumiSection 47457 at 27-Nov-2012 02:32:49.541 EET
Begin processing the 20001st record. Run 1, Event 181100814, LumiSection 55844 at 27-Nov-2012 02:32:54.812 EET
Begin processing the 21001st record. Run 1, Event 163801941, LumiSection 50510 at 27-Nov-2012 02:32:58.226 EET
Begin processing the 22001st record. Run 1, Event 169938826, LumiSection 52402 at 27-Nov-2012 02:33:03.639 EET
Begin processing the 23001st record. Run 1, Event 106430367, LumiSection 32819 at 27-Nov-2012 02:33:07.248 EET
Begin processing the 24001st record. Run 1, Event 173717026, LumiSection 53567 at 27-Nov-2012 02:33:10.910 EET
Begin processing the 25001st record. Run 1, Event 170454255, LumiSection 52561 at 27-Nov-2012 02:33:14.204 EET
Begin processing the 26001st record. Run 1, Event 108454384, LumiSection 33443 at 27-Nov-2012 02:33:19.453 EET
Begin processing the 27001st record. Run 1, Event 165986708, LumiSection 51184 at 27-Nov-2012 02:33:22.960 EET
Begin processing the 28001st record. Run 1, Event 184573307, LumiSection 56915 at 27-Nov-2012 02:33:30.183 EET
Begin processing the 29001st record. Run 1, Event 170409607, LumiSection 52547 at 27-Nov-2012 02:33:33.833 EET
27-Nov-2012 02:33:35 EET  Closed file file:/hdfs/cms/store/user/mario/QCD_Pt_170_250_EMEnriched_TuneZ2star_8TeV_pythia6/Summer12-stop-pfele-step1/3d176ac8da5e9dff208d057f4733ca91/tuple_404_6_8Df.root
27-Nov-2012 02:33:35 EET  Initiating request to open file file:/hdfs/cms/store/user/mario/QCD_Pt_170_250_EMEnriched_TuneZ2star_8TeV_pythia6/Summer12-stop-pfele-step1/3d176ac8da5e9dff208d057f4733ca91/tuple_405_10_s05.root
27-Nov-2012 02:33:35 EET  Successfully opened file file:/hdfs/cms/store/user/mario/QCD_Pt_170_250_EMEnriched_TuneZ2star_8TeV_pythia6/Summer12-stop-pfele-step1/3d176ac8da5e9dff208d057f4733ca91/tuple_405_10_s05.root
Begin processing the 30001st record. Run 1, Event 184096951, LumiSection 56768 at 27-Nov-2012 02:33:57.211 EET
Begin processing the 31001st record. Run 1, Event 169790545, LumiSection 52357 at 27-Nov-2012 02:34:00.157 EET
Begin processing the 32001st record. Run 1, Event 183344675, LumiSection 56536 at 27-Nov-2012 02:34:05.773 EET
Begin processing the 33001st record. Run 1, Event 89559897, LumiSection 27617 at 27-Nov-2012 02:34:09.627 EET
Begin processing the 34001st record. Run 1, Event 95263001, LumiSection 29375 at 27-Nov-2012 02:34:17.009 EET
Begin processing the 35001st record. Run 1, Event 100990788, LumiSection 31142 at 27-Nov-2012 02:34:20.838 EET
Begin processing the 36001st record. Run 1, Event 93159118, LumiSection 28727 at 27-Nov-2012 02:34:25.730 EET
Begin processing the 37001st record. Run 1, Event 98862583, LumiSection 30485 at 27-Nov-2012 02:34:29.265 EET
Begin processing the 38001st record. Run 1, Event 106596790, LumiSection 32870 at 27-Nov-2012 02:34:34.195 EET
Begin processing the 39001st record. Run 1, Event 173139245, LumiSection 53389 at 27-Nov-2012 02:34:38.341 EET
Begin processing the 40001st record. Run 1, Event 102930000, LumiSection 31740 at 27-Nov-2012 02:34:48.583 EET
Begin processing the 41001st record. Run 1, Event 154884964, LumiSection 47760 at 27-Nov-2012 02:34:52.147 EET
Begin processing the 42001st record. Run 1, Event 169595767, LumiSection 52296 at 27-Nov-2012 02:34:57.143 EET
Begin processing the 43001st record. Run 1, Event 94519481, LumiSection 29146 at 27-Nov-2012 02:35:00.564 EET
Begin processing the 44001st record. Run 1, Event 100547265, LumiSection 31005 at 27-Nov-2012 02:35:05.526 EET
Begin processing the 45001st record. Run 1, Event 169834417, LumiSection 52370 at 27-Nov-2012 02:35:08.843 EET
Begin processing the 46001st record. Run 1, Event 102596568, LumiSection 31637 at 27-Nov-2012 02:35:13.566 EET
Begin processing the 47001st record. Run 1, Event 154009581, LumiSection 47490 at 27-Nov-2012 02:35:16.776 EET
Begin processing the 48001st record. Run 1, Event 154599639, LumiSection 47672 at 27-Nov-2012 02:35:21.569 EET
27-Nov-2012 02:35:22 EET  Closed file file:/hdfs/cms/store/user/mario/QCD_Pt_170_250_EMEnriched_TuneZ2star_8TeV_pythia6/Summer12-stop-pfele-step1/3d176ac8da5e9dff208d057f4733ca91/tuple_405_10_s05.root
27-Nov-2012 02:35:22 EET  Initiating request to open file file:/hdfs/cms/store/user/mario/QCD_Pt_170_250_EMEnriched_TuneZ2star_8TeV_pythia6/Summer12-stop-pfele-step1/3d176ac8da5e9dff208d057f4733ca91/tuple_406_2_fDY.root
27-Nov-2012 02:35:23 EET  Successfully opened file file:/hdfs/cms/store/user/mario/QCD_Pt_170_250_EMEnriched_TuneZ2star_8TeV_pythia6/Summer12-stop-pfele-step1/3d176ac8da5e9dff208d057f4733ca91/tuple_406_2_fDY.root
Begin processing the 49001st record. Run 1, Event 145689902, LumiSection 44925 at 27-Nov-2012 02:35:32.007 EET
27-Nov-2012 02:35:34 EET  Closed file file:/hdfs/cms/store/user/mario/QCD_Pt_170_250_EMEnriched_TuneZ2star_8TeV_pythia6/Summer12-stop-pfele-step1/3d176ac8da5e9dff208d057f4733ca91/tuple_406_2_fDY.root
27-Nov-2012 02:35:34 EET  Initiating request to open file file:/hdfs/cms/store/user/mario/QCD_Pt_170_250_EMEnriched_TuneZ2star_8TeV_pythia6/Summer12-stop-pfele-step1/3d176ac8da5e9dff208d057f4733ca91/tuple_14_10_uPp.root
27-Nov-2012 02:35:36 EET  Successfully opened file file:/hdfs/cms/store/user/mario/QCD_Pt_170_250_EMEnriched_TuneZ2star_8TeV_pythia6/Summer12-stop-pfele-step1/3d176ac8da5e9dff208d057f4733ca91/tuple_14_10_uPp.root
Begin processing the 50001st record. Run 1, Event 155855765, LumiSection 48060 at 27-Nov-2012 02:36:04.956 EET
Begin processing the 51001st record. Run 1, Event 194805212, LumiSection 60070 at 27-Nov-2012 02:36:08.457 EET
Begin processing the 52001st record. Run 1, Event 198245189, LumiSection 61131 at 27-Nov-2012 02:36:13.348 EET
Begin processing the 53001st record. Run 1, Event 19281514, LumiSection 5946 at 27-Nov-2012 02:36:17.458 EET
Begin processing the 54001st record. Run 1, Event 19880345, LumiSection 6131 at 27-Nov-2012 02:36:23.456 EET
Begin processing the 55001st record. Run 1, Event 20936427, LumiSection 6456 at 27-Nov-2012 02:36:28.907 EET
Begin processing the 56001st record. Run 1, Event 81771418, LumiSection 25215 at 27-Nov-2012 02:36:35.805 EET
Begin processing the 57001st record. Run 1, Event 193955563, LumiSection 59808 at 27-Nov-2012 02:36:39.699 EET
Begin processing the 58001st record. Run 1, Event 195313504, LumiSection 60227 at 27-Nov-2012 02:36:43.165 EET
Begin processing the 59001st record. Run 1, Event 10939078, LumiSection 3374 at 27-Nov-2012 02:36:49.533 EET
Begin processing the 60001st record. Run 1, Event 15454928, LumiSection 4766 at 27-Nov-2012 02:36:53.379 EET
Begin processing the 61001st record. Run 1, Event 21521439, LumiSection 6637 at 27-Nov-2012 02:37:00.771 EET
Begin processing the 62001st record. Run 1, Event 22795710, LumiSection 7030 at 27-Nov-2012 02:37:04.255 EET
Begin processing the 63001st record. Run 1, Event 22970269, LumiSection 7084 at 27-Nov-2012 02:37:11.815 EET
Begin processing the 64001st record. Run 1, Event 20912906, LumiSection 6449 at 27-Nov-2012 02:37:15.713 EET
Begin processing the 65001st record. Run 1, Event 21871064, LumiSection 6745 at 27-Nov-2012 02:37:21.110 EET
Begin processing the 66001st record. Run 1, Event 22116041, LumiSection 6820 at 27-Nov-2012 02:37:24.662 EET
Begin processing the 67001st record. Run 1, Event 22362924, LumiSection 6896 at 27-Nov-2012 02:37:32.232 EET
Begin processing the 68001st record. Run 1, Event 22712928, LumiSection 7004 at 27-Nov-2012 02:37:36.342 EET
Begin processing the 69001st record. Run 1, Event 23082075, LumiSection 7118 at 27-Nov-2012 02:37:40.584 EET
Begin processing the 70001st record. Run 1, Event 25199085, LumiSection 7771 at 27-Nov-2012 02:37:43.990 EET
Begin processing the 71001st record. Run 1, Event 25415878, LumiSection 7838 at 27-Nov-2012 02:37:47.912 EET
27-Nov-2012 02:37:49 EET  Closed file file:/hdfs/cms/store/user/mario/QCD_Pt_170_250_EMEnriched_TuneZ2star_8TeV_pythia6/Summer12-stop-pfele-step1/3d176ac8da5e9dff208d057f4733ca91/tuple_14_10_uPp.root
27-Nov-2012 02:37:49 EET  Initiating request to open file file:/hdfs/cms/store/user/mario/QCD_Pt_170_250_EMEnriched_TuneZ2star_8TeV_pythia6/Summer12-stop-pfele-step1/3d176ac8da5e9dff208d057f4733ca91/tuple_11_10_nKB.root
27-Nov-2012 02:37:50 EET  Successfully opened file file:/hdfs/cms/store/user/mario/QCD_Pt_170_250_EMEnriched_TuneZ2star_8TeV_pythia6/Summer12-stop-pfele-step1/3d176ac8da5e9dff208d057f4733ca91/tuple_11_10_nKB.root
Begin processing the 72001st record. Run 1, Event 195253239, LumiSection 60208 at 27-Nov-2012 02:38:14.785 EET
Begin processing the 73001st record. Run 1, Event 198171423, LumiSection 61108 at 27-Nov-2012 02:38:18.168 EET
Begin processing the 74001st record. Run 1, Event 200850126, LumiSection 61934 at 27-Nov-2012 02:38:23.971 EET
Begin processing the 75001st record. Run 1, Event 202279408, LumiSection 62375 at 27-Nov-2012 02:38:27.442 EET
Begin processing the 76001st record. Run 1, Event 202798581, LumiSection 62535 at 27-Nov-2012 02:38:34.907 EET
Begin processing the 77001st record. Run 1, Event 203161162, LumiSection 62647 at 27-Nov-2012 02:38:38.825 EET
Begin processing the 78001st record. Run 1, Event 204084298, LumiSection 62931 at 27-Nov-2012 02:38:46.316 EET
Begin processing the 79001st record. Run 1, Event 200424232, LumiSection 61803 at 27-Nov-2012 02:38:49.812 EET
Begin processing the 80001st record. Run 1, Event 201067341, LumiSection 62001 at 27-Nov-2012 02:38:54.243 EET
Begin processing the 81001st record. Run 1, Event 203873411, LumiSection 62866 at 27-Nov-2012 02:38:57.634 EET
Begin processing the 82001st record. Run 1, Event 202015974, LumiSection 62293 at 27-Nov-2012 02:39:03.452 EET
Begin processing the 83001st record. Run 1, Event 202357650, LumiSection 62399 at 27-Nov-2012 02:39:07.004 EET
Begin processing the 84001st record. Run 1, Event 203154104, LumiSection 62644 at 27-Nov-2012 02:39:11.866 EET
Begin processing the 85001st record. Run 1, Event 25472829, LumiSection 7855 at 27-Nov-2012 02:39:16.003 EET
27-Nov-2012 02:39:18 EET  Closed file file:/hdfs/cms/store/user/mario/QCD_Pt_170_250_EMEnriched_TuneZ2star_8TeV_pythia6/Summer12-stop-pfele-step1/3d176ac8da5e9dff208d057f4733ca91/tuple_11_10_nKB.root

=============================================

MessageLogger Summary

 type     category        sev    module        subroutine        count    total
 ---- -------------------- -- ---------------- ----------------  -----    -----
    1 fileAction           -s file_close                             6        6
    2 fileAction           -s file_open                             12       12

 type    category    Examples: run/evt        run/evt          run/evt
 ---- -------------------- ---------------- ---------------- ----------------
    1 fileAction           PostProcessEvent PostProcessEvent PostEndRun
    2 fileAction           pre-events       pre-events       PostProcessEvent

Severity    # Occurrences   Total Occurrences
--------    -------------   -----------------
System                 18                  18
>>> END OF printout of 122 lines from stdout+stderr
>>> Parse FrameworkJobReport crab_fjr.xml
Result of parsing the FrameworkJobReport crab_fjr.xml: Popularity start
lumisRange : 1::28938,28949,29138,29202,29515,29969,29991,30003,30073,30325,30373,30490,30552,30588,30628,30686,30698,30837,30870,30884,30891,30898,30934-30935,30980,30990,31019,31250,31316,31362,31830,31846,31934-31935,31977-31978,31981,31996,31998,32104,32119,32216,32218,32240,32368,32591,32600,32634,32642,32661,32683,32717,32724,32805,32807,32819,32841,32855,32859,32864,32894,33115,33127,33179,33210,33385,33411,33418,33443,33460,33492,33513,33517,33662,33704,33738,33740,33776,33789-33790,33855,33952,34016,34025,34029,34042,34056,34059,34204-34205,47408,47457,47515,47526,47540,47546-47547,47670,47690,47695,47708,47817,49963,50302,50420,50431,50443,50450,50490,50499,50510,50523,50569,50574,50649,50663,50742,50826,50828,50910,50957,50972,50979-50980,50991,51018,51056,51091,51144,51184,51207,52363,52402,52432,52444,52547,52556,52561,52594,52616,52668,52690,52694,52757,52957,53210,53217,53301,53305,53331,53384-53385,53442,53448,53567,53827,55589,55597,55844,56377,56392,56738,56915,56922,56987,56990,62341,62779::1;1::29578,29988,30433,30436,30547,30613,30673,30717,31015,31028,31053,31065,31073,31080,31093,31115,31124,31215,31260,31263,31355,31360,31438,31484,31942,32194,32238,32241,32248,32269,32314,32479,32488,32493,32498,32518,32529,32746,32839,33115,33240,33350,33841,33856,46474,46488,47830,47881,48224,48227,48357,48378,52749,52785,53586,53801,53809,53818,56542,56556,56799,56884::2;1::21241,27054,27419,27617,27636,27729,27785,27805,27970,28082,28218,28266,28448,28464,28551,28559,28684,28722,28727,28844,29146,29295,29375,29397,29764,29929,30142,30144,30226,30383,30485,30533,30549,30564,30584,30589,30599,30756,30788,30797,30845,30851,30910,30979,31005-31006,31026,31134,31142,31152,31183,31277,31287,31405,31470,31483,31637,31640,31706,31740,31758,31801,32014,32559,32609,32865,32870,33018,33134,33320,33862,33886,33918,33923,47392,47443,47464,47487,47490,47495,47528,47548,47593,47595,47606,47637,47639,47641,47653,47669,47672,47686,47760,47773,47792,47802,48008,48029,48260-48261,48483,48649,48723,48995,50659,50693,51099,51139,52105,52296,52300,52352,52357,52370,52400,52586,52613,52738,52744,52885,52907,53124,53351,53359,53382,53387,53389,53400,53412,53436,54773,54871,54966,56383,56392,56490,56524,56536,56561,56719,56768,56791,56844,56861-56862,56914,56920,56999::3;1::7628,7679,7728,7855,7988,8073,8317,8347,8921,60136,60170,60203,60208,60218,60258,60284,60290,60292-60293,60295,60316,60320,61108,61121,61292,61317,61705,61717,61768,61793,61803,61828,61847,61878,61891,61910,61913,61934,61980,61982,62001,62017,62020,62041,62091,62099,62126,62131,62136,62150,62162,62203,62233,62241,62250,62261,62263,62274,62293,62326,62353,62374-62375,62380,62385,62390,62392,62398-62399,62402,62426,62433,62440,62449,62522,62528,62535,62538,62562,62571-62572,62574,62576,62583,62586,62603,62607,62642,62644-62648,62658,62660,62667,62677-62678,62697,62717,62722,62726,62732,62740,62781,62866,62931,63199,63263,63386::4;1::645,660,685,702,2962,3002,3374,3449,3589,3615,4470,4619,4766,4986,5069,5155,5213,5416,5434,5502,5506,5626,5693,5824,5946,5984,6064,6075-6076,6078,6124,6131,6151,6182,6288,6341,6362,6412,6449,6456,6498,6533,6543,6581,6593,6637,6653,6671,6675,6680,6723,6745,6780,6790,6793,6801,6814,6818,6820,6832,6872,6876,6889,6896,6911-6912,6930,6953-6954,6959,6964,6974,6979-6980,6993,6996,6998-6999,7001,7004,7006-7007,7011,7015-7017,7030-7031,7045,7053,7084,7103-7104,7107,7118,7123-7124,7139,7158,7180,7182,7188,7203,7205,7213,7246,7514,7545,7619,7737,7771,7783,7797,7799,7805,7807,7809,7838,7857,7945,8004,8266,9164,21688,21837,24374,24390,25215,25223,46925,47291,47788,47883,47902,47942,47989,48060,48854,57785,57805,59808,59830,59841,59866,59889,59970,59974,60001-60002,60070,60083,60095-60096,60200,60227,60249,60550,60617,60627,60659,60869,61131,61201,61274,61293,61628::5;1::43707,43711,44619,44624,44925-44926,45497-45498,46000-46001::6;
lumisParentRange : 
Basename : /store/user/mario/QCD_Pt_170_250_EMEnriched_TuneZ2star_8TeV_pythia6/Summer12-stop-pfele-step1/3d176ac8da5e9dff208d057f4733ca91/tuple_
BasenameParent : 
parentFiles : 
inputBlocks : /QCD_Pt_170_250_EMEnriched_TuneZ2star_8TeV_pythia6/mario-Summer12-stop-pfele-step1-3d176ac8da5e9dff208d057f4733ca91/USER#130d237e-abcb-4916-a790-d17c846c5c04
inputFiles : 404_6_8Df.root::1::EDM::Local::1;403_9_Lp8.root::1::EDM::Local::2;405_10_s05.root::1::EDM::Local::3;11_10_nKB.root::1::EDM::Local::4;14_10_uPp.root::1::EDM::Local::5;406_2_fDY.root::1::EDM::Local::6;
Popularity stop
Extracted ExitStatus from FrameworkJobReport parsing output: 0
>>> Executable succeded  0
ExeExitCode=0
EXECUTABLE_EXIT_STATUS = 0
>>> current directory /home/cms003/home_crobe_874081815/CREAM874081815/glide_WF6439/execute/dir_16290/CMSSW_5_3_5
>>>  (SOFTWARE_DIR): /home/cms003/home_crobe_874081815/CREAM874081815/glide_WF6439/execute/dir_16290/CMSSW_5_3_5
>>> (WORKING_DIR): 
>>> current directory content:
total 156
drwxr-xr-x 3 cms003 cms  4096 Nov 27 02:30 .SCRAM
-rw-r--r-- 1 cms003 cms 30066 Nov 27 02:30 CMSSW.py.pkl
drwxr-xr-x 3 cms003 cms  4096 Nov 27 02:30 bin
drwxr-xr-x 3 cms003 cms  4096 Nov 27 02:30 cfipython
drwxr-xr-x 5 cms003 cms  4096 Nov 27 02:30 config
-rw-r--r-- 1 cms003 cms    16 Nov 27 02:39 cpu_timing.txt
drwxr-xr-x 2 cms003 cms  4096 Nov 27 02:30 doc
-rw-r--r-- 1 cms003 cms 14122 Nov 27 02:39 executable.out
drwxr-xr-x 2 cms003 cms  4096 Nov 27 02:30 include
drwxrwxrwx 3 cms003 cms  4096 Oct 22 16:38 lib
drwxr-xr-x 3 cms003 cms  4096 Nov 27 02:30 logs
drwxr-xr-x 3 cms003 cms  4096 Nov 27 02:30 objs
-rw-r--r-- 1 cms003 cms 17118 Nov 27 02:39 optHistograms.root
-rw-r--r-- 1 cms003 cms   104 Nov 27 02:30 pset.py
-rw-r--r-- 1 cms003 cms 19666 Nov 27 02:30 pset.py.pkl
-rw-r--r-- 1 cms003 cms   289 Nov 27 02:30 pset.pyc
drwxr-xr-x 2 cms003 cms  4096 Nov 27 02:30 python
-rw-r--r-- 1 cms003 cms   420 Nov 27 02:39 report.log
drwxrwxrwx 4 cms003 cms  4096 Nov 27 02:29 src
drwxr-xr-x 3 cms003 cms  4096 Nov 27 02:30 test
drwxr-xr-x 3 cms003 cms  4096 Nov 27 02:30 tmp
>>> current directory /home/cms003/home_crobe_874081815/CREAM874081815/glide_WF6439/execute/dir_16290/CMSSW_5_3_5
>>> (SOFTWARE_DIR): /home/cms003/home_crobe_874081815/CREAM874081815/glide_WF6439/execute/dir_16290/CMSSW_5_3_5
>>> (WORKING_DIR): 
>>> current directory content:
total 136
drwxr-xr-x 3 cms003 cms  4096 Nov 27 02:30 .SCRAM
-rw-r--r-- 1 cms003 cms 30066 Nov 27 02:30 CMSSW.py.pkl
drwxr-xr-x 3 cms003 cms  4096 Nov 27 02:30 bin
drwxr-xr-x 3 cms003 cms  4096 Nov 27 02:30 cfipython
drwxr-xr-x 5 cms003 cms  4096 Nov 27 02:30 config
-rw-r--r-- 1 cms003 cms    16 Nov 27 02:39 cpu_timing.txt
drwxr-xr-x 2 cms003 cms  4096 Nov 27 02:30 doc
-rw-r--r-- 1 cms003 cms 14122 Nov 27 02:39 executable.out
drwxr-xr-x 2 cms003 cms  4096 Nov 27 02:30 include
drwxrwxrwx 3 cms003 cms  4096 Oct 22 16:38 lib
drwxr-xr-x 3 cms003 cms  4096 Nov 27 02:30 logs
drwxr-xr-x 3 cms003 cms  4096 Nov 27 02:30 objs
-rw-r--r-- 1 cms003 cms   104 Nov 27 02:30 pset.py
-rw-r--r-- 1 cms003 cms 19666 Nov 27 02:30 pset.py.pkl
-rw-r--r-- 1 cms003 cms   289 Nov 27 02:30 pset.pyc
drwxr-xr-x 2 cms003 cms  4096 Nov 27 02:30 python
-rw-r--r-- 1 cms003 cms   420 Nov 27 02:39 report.log
drwxrwxrwx 4 cms003 cms  4096 Nov 27 02:29 src
drwxr-xr-x 3 cms003 cms  4096 Nov 27 02:30 test
drwxr-xr-x 3 cms003 cms  4096 Nov 27 02:30 tmp
>>> current directory (RUNTIME_AREA):  /home/cms003/home_crobe_874081815/CREAM874081815/glide_WF6439/execute/dir_16290
>>> current dir: /home/cms003/home_crobe_874081815/CREAM874081815/glide_WF6439/execute/dir_16290
>>> current dir content:
total 25792
-rw-rw-rw-  1 cms003 cms     5604 Nov 27 02:29 .job.ad
-rw-rw-rw-  1 cms003 cms    11530 Nov 27 02:29 .machine.ad
-rw-rw-rw-  1 cms003 cms      105 Nov 27 01:29 CMSSW.py
-rw-rw-rw-  1 cms003 cms    30066 Nov 27 01:29 CMSSW.py.pkl
-rwxrw-rw-  1 cms003 cms    23341 Nov 27 02:29 CMSSW.sh
drwxr-xr-x 15 cms003 cms     4096 Nov 27 02:39 CMSSW_5_3_5
-rw-rw-rw-  1 cms003 cms        0 Nov 27 02:29 CMSSW_76.stderr
-rw-rw-rw-  1 cms003 cms    30221 Nov 27 02:39 CMSSW_76.stdout
-rw-r--r--  1 cms003 cms      347 Nov 27 02:29 CacheEnv.sh
-rw-rw-rw-  1 cms003 cms     7291 Jun  9  2010 DashboardAPI.py
-rw-r--r--  1 cms003 cms     6883 Nov 27 02:30 DashboardAPI.pyc
drwxrwxrwx  3 cms003 cms     4096 Nov 27 02:39 IMProv
-rw-rw-rw-  1 cms003 cms     2748 Mar  8  2006 Logger.py
-rw-r--r--  1 cms003 cms     3353 Nov 27 02:30 Logger.pyc
-rw-rw-rw-  1 cms003 cms    24524 Mar 28  2008 ProcInfo.py
-rw-r--r--  1 cms003 cms    23470 Nov 27 02:30 ProcInfo.pyc
drwxrwxrwx  7 cms003 cms     4096 Nov 27 02:30 ProdCommon
drwxrwxrwx  3 cms003 cms     4096 Nov 27 02:29 WMCore
-rw-r--r--  1 cms003 cms     2203 Nov 27 02:39 Watchdog_76.log
-rw-rw-rw-  1 cms003 cms    32895 Mar 28  2008 apmon.py
-rw-r--r--  1 cms003 cms    28874 Nov 27 02:30 apmon.pyc
-rw-rw-rw-  1 cms003 cms   100215 Nov 27 02:29 arguments.xml
-rwxrwxrwx  1 cms003 cms    37427 Sep 13 14:14 cmscp.py
-rwxrwxrwx  1 cms003 cms    23341 Nov 27 02:29 condor_exec.exe
-rw-rw-rw-  1 cms003 cms      546 Nov 27 01:29 crab.cfg
-rwxrwxrwx  1 cms003 cms     9531 Sep 20 21:46 crabWatchdog.sh
-rw-r--r--  1 cms003 cms    51524 Nov 27 02:39 crab_fjr_76.xml
-rw-rw-rw-  1 cms003 cms 25796303 Nov 27 02:29 default.tgz
-rwxrwxrwx  1 cms003 cms     4488 May 12  2012 fillCrabFjr.py
-rw-r--r--  1 cms003 cms     1095 Nov 27 02:30 inputsReport.txt
-rw-r--r--  1 cms003 cms      132 Nov 27 02:39 jobreport.txt
lrwxrwxrwx  1 cms003 cms      107 Nov 27 02:39 optHistograms.root -> /home/cms003/home_crobe_874081815/CREAM874081815/glide_WF6439/execute/dir_16290/optHistograms_76_1_kl6.root
-rw-r--r--  1 cms003 cms    17118 Nov 27 02:39 optHistograms_76_1_kl6.root
-rw-rw-rw-  1 cms003 cms    17352 Jan 20  2012 parseCrabFjr.py
-rw-r--r--  1 cms003 cms      285 Nov 27 02:29 report.log
-rwxrwxrwx  1 cms003 cms     1497 May 27  2009 report.py
-rwxrwxrwx  1 cms003 cms     8387 Mar 23  2011 writeCfg.py
-rw-------  1 cms003 cms     8691 Nov 27 02:29 x509up_u1000009
Checking output files:  
will tar file optHistograms_76_1_kl6.root in  out_files_76
will tar file crab_fjr_76.xml in  out_files_76
will tar file CMSSW_76.stdout in  out_files_76
will tar file CMSSW_76.stderr in  out_files_76
WARNING: output file Watchdog_76.log.gz not found!
>>> padding time: Sleeping the wrapper for 22 seconds
STOPPING WATCHDOG. CrabWatchdog PID is 21913
********** LAST 50 LINES OF WATCHDOG LOG
# RESOURCE USAGE SUMMARY FOR PROCESS ID 19724
USER       PID %CPU %MEM    VSZ   RSS TTY      STAT START   TIME COMMAND
cms003   19724  0.1  0.0   8956  1488 ?        S    02:29   0:00 /bin/sh /home/cms003/home_crobe_874081815/CREAM874081815/glide_WF6439/execute/dir_16290/condor_exec.exe 76 1
 
# LIMITS USED BY THIS WATCHDOG:
# RSS  (KBytes)  : 2300000
# VSZ  (KBytes)  : 100000000
# DISK (MBytes)  : 19000
# CPU  (seconds) : 171600
# WALL (seconds) : 171600
 
# FOLLOWING PRINTOUT TRACKS MAXIMUM VALUES OF RESOURCES USE
# ONE LINE IS PRINTED EACH TIME A MAXIMUM CHANGES
# IF CHANGE WAS IN RSS OR VSZ ALSO PROCID AND COMMAND ARE PRINTED
# THERE IS NO PRINTOUT FOR CPU/WALL TIME INCREASE
 
# TIME			PID	RSS(KB)	VSZ(KB)	Dsk(MB)	tCPU(s)	tWALL(s)	COMMAND
 Nov 27 02:30:08 EET	6135	1324	8896	0	0	3183	-bash         
 Nov 27 02:30:08 EET	6208	1488	8952	0	0	3183	/bin/sh -l ./CREAM874081815_jobWrapper.sh       
 Nov 27 02:30:08 EET	6385	2676	25504	0	0	3182	perl -e ?use Socket;??sub send_notify {? $cream_url = "193.40.150.124:49152";die "No
 Nov 27 02:30:08 EET	13797	5988	25504	0	1	3153	/home/cms003/home_crobe_874081815/CREAM874081815/glide_WF6439/main/condor/sbin/condor_master -f -pidfile /home/cms003/home_crobe_874081815/CREAM874081815/glide_WF6439/condor_master2.pid      
 Nov 27 02:30:08 EET	---	5988	25504	168	----	----	----
 Nov 27 02:31:12 EET	22474	358540	560740	168	20	58	cmsRun -j /home/cms003/home_crobe_874081815/CREAM874081815/glide_WF6439/execute/dir_16290/crab_fjr_76.xml -p pset.py     
 Nov 27 02:32:16 EET	22474	362604	562276	168	60	126	cmsRun -j /home/cms003/home_crobe_874081815/CREAM874081815/glide_WF6439/execute/dir_16290/crab_fjr_76.xml -p pset.py     
 Nov 27 02:33:24 EET	22474	363020	562532	168	107	192	cmsRun -j /home/cms003/home_crobe_874081815/CREAM874081815/glide_WF6439/execute/dir_16290/crab_fjr_76.xml -p pset.py     
 Nov 27 02:36:42 EET	22474	364236	563556	168	212	390	cmsRun -j /home/cms003/home_crobe_874081815/CREAM874081815/glide_WF6439/execute/dir_16290/crab_fjr_76.xml -p pset.py     
 Nov 27 02:38:54 EET	22474	364636	563556	168	292	523	cmsRun -j /home/cms003/home_crobe_874081815/CREAM874081815/glide_WF6439/execute/dir_16290/crab_fjr_76.xml -p pset.py     
********** WATCHDOG LOG ENDED
ZIPPING WATCHDOG LOG
Disk space used:
du -sh /home/cms003/home_crobe_874081815/CREAM874081815/glide_WF6439/execute/dir_16290
169M	/home/cms003/home_crobe_874081815/CREAM874081815/glide_WF6439/execute/dir_16290
>>> info for dashboard:
***** Cat /home/cms003/home_crobe_874081815/CREAM874081815/glide_WF6439/execute/dir_16290/jobreport.txt *****
MonitorJobID=76_https://submit-2.t2.ucsd.edu//121127//17530.75
MonitorID=liis_crab_0_121127_012908_ngk079
ExeTime=541
ExeExitCode=0
CrabUserCpuTime=296.97
CrabSysCpuTime=9.57
CrabCpuPercentage=56%
CrabWrapperTime=600
CrabStageoutTime=NULL
***** End Cat jobreport *****
Parameters sent to Dashboard.
optHistograms_76_1_kl6.root
crab_fjr_76.xml
CMSSW_76.stdout
CMSSW_76.stderr
Watchdog_76.log.gz
tar: .BrokerInfo: Cannot stat: No such file or directory
tar: Error exit delayed from previous errors
Total Output dimension: 27455
WARNING: output files size limit is set to: 50000000
Total Output dimension 27455 is fine.
JOB_EXIT_STATUS = 0
>>> info for dashboard:
***** Cat /home/cms003/home_crobe_874081815/CREAM874081815/glide_WF6439/execute/dir_16290/jobreport.txt *****
MonitorJobID=76_https://submit-2.t2.ucsd.edu//121127//17530.75
MonitorID=liis_crab_0_121127_012908_ngk079
JobExitCode=0
***** End Cat jobreport *****
Parameters sent to Dashboard.
optHistograms_76_1_kl6.root
crab_fjr_76.xml
