This script was generated by crab (version 2.8.3).
Running /home/cms016/home_creur_328375685/CREAM328375685/glide_H17604/execute/dir_17252/condor_exec.exe with 2 positional parameters: 54 1
Today is Tue Nov 27 02:27:05 EET 2012
Job submitted on host wn-v-7014.local
Linux wn-v-7014.local 2.6.32-042stab059.7 #1 SMP Tue Jul 24 19:12:01 MSK 2012 x86_64 x86_64 x86_64 GNU/Linux
>>> current directory (RUNTIME_AREA): /home/cms016/home_creur_328375685/CREAM328375685/glide_H17604/execute/dir_17252
>>> current user: uid=11016(cms016) gid=1400(cms) groups=1400(cms)
>>> voms proxy information:
subject   : /DC=ch/DC=cern/OU=Organic Units/OU=Users/CN=liis/CN=663550/CN=Liis Rebane/CN=proxy/CN=limited proxy
issuer    : /DC=ch/DC=cern/OU=Organic Units/OU=Users/CN=liis/CN=663550/CN=Liis Rebane/CN=proxy
identity  : /DC=ch/DC=cern/OU=Organic Units/OU=Users/CN=liis/CN=663550/CN=Liis Rebane/CN=proxy
type      : limited proxy
strength  : 512 bits
path      : /home/cms016/home_creur_328375685/CREAM328375685/glide_H17604/execute/dir_17252/x509up_u1000009
timeleft  : 23:59:54
key usage : Digital Signature, Key Encipherment, Data Encipherment
=== VO cms extension information ===
VO        : cms
subject   : /DC=ch/DC=cern/OU=Organic Units/OU=Users/CN=liis/CN=663550/CN=Liis Rebane
issuer    : /DC=ch/DC=cern/OU=computers/CN=lcg-voms.cern.ch
attribute : /cms/Role=NULL/Capability=NULL
timeleft  : 190:58:32
uri       : lcg-voms.cern.ch:15002
>>> tar xzf /home/cms016/home_creur_328375685/CREAM328375685/glide_H17604/execute/dir_17252/default.tgz :
Successful untar
>>> Include /home/cms016/home_creur_328375685/CREAM328375685/glide_H17604/execute/dir_17252 in PYTHONPATH:
strip arguments
env var CRAB_UNIQUE_JOB_ID set to: liis_crab_0_121127_012908_ngk079_54_1_XjI
out_files_54
>>> list of expected files on output sandbox
output files: optHistograms_54_1_XjI.root crab_fjr_54.xml CMSSW_54.stdout CMSSW_54.stderr Watchdog_54.log.gz
>>> GridFlavour discovery: 
GridFlavour=LCG
>>> SyncSite discovery: 
SyncSite=T2_EE_Estonia
>>> SyncCE discovery: 
getting SyncCE from CE_ID
SyncCE=europa.hep.kbfi.ee:8443/cream-pbs-long
>>> info for dashboard:
***** Cat /home/cms016/home_creur_328375685/CREAM328375685/glide_H17604/execute/dir_17252/jobreport.txt *****
MonitorJobID=54_https://submit-2.t2.ucsd.edu//121127//17530.53
SyncGridJobId=https://submit-2.t2.ucsd.edu//121127//17530.53
MonitorID=liis_crab_0_121127_012908_ngk079
GridFlavour=LCG
SyncSite=T2_EE_Estonia
SyncCE=europa.hep.kbfi.ee:8443/cream-pbs-long
***** End Cat jobreport *****
Parameters sent to Dashboard.
>>> setup environment
set SCRAM ARCH to slc5_amd64_gcc462
SCRAM_ARCH = slc5_amd64_gcc462
>>> setup CMS LCG environment:
set SCRAM ARCH and BUILD_ARCH to slc5_amd64_gcc462 ###
Sourcing environment... 
sourcing /cvmfs/cms.cern.ch/cmsset_default.sh
==> setup cms environment ok
>>> specific cmssw setup environment:
CMSSW_VERSION =  CMSSW_5_3_5
>>> current directory (SOFTWARE_DIR): /home/cms016/home_creur_328375685/CREAM328375685/glide_H17604/execute/dir_17252/CMSSW_5_3_5
PreserveSeeds: <>
IncrementSeeds:<>
{}
WNHostName=wn-v-7014.local
>>> info for dashboard:
***** Cat /home/cms016/home_creur_328375685/CREAM328375685/glide_H17604/execute/dir_17252/jobreport.txt *****
MonitorJobID=54_https://submit-2.t2.ucsd.edu//121127//17530.53
MonitorID=liis_crab_0_121127_012908_ngk079
WNHostName=wn-v-7014.local
***** End Cat jobreport *****
Parameters sent to Dashboard.
crabWatchdog started as process 18006
>>> moving CMSSW software directories in /home/cms016/home_creur_328375685/CREAM328375685/glide_H17604/execute/dir_17252/CMSSW_5_3_5
mv: cannot stat `/home/cms016/home_creur_328375685/CREAM328375685/glide_H17604/execute/dir_17252/module/': No such file or directory
>>> Include /home/cms016/home_creur_328375685/CREAM328375685/glide_H17604/execute/dir_17252 in PYTHONPATH:
PYTHONPATH=/home/cms016/home_creur_328375685/CREAM328375685/glide_H17604/execute/dir_17252/:/home/cms016/home_creur_328375685/CREAM328375685/glide_H17604/execute/dir_17252/CMSSW_5_3_5/python:/home/cms016/home_creur_328375685/CREAM328375685/glide_H17604/execute/dir_17252/CMSSW_5_3_5/lib/slc5_amd64_gcc462:/cvmfs/cms.cern.ch/slc5_amd64_gcc462/cms/cmssw/CMSSW_5_3_5/python:/cvmfs/cms.cern.ch/slc5_amd64_gcc462/cms/cmssw/CMSSW_5_3_5/lib/slc5_amd64_gcc462:/cvmfs/cms.cern.ch/slc5_amd64_gcc462/cms/coral/CORAL_2_3_21-cms27/slc5_amd64_gcc462/python:/cvmfs/cms.cern.ch/slc5_amd64_gcc462/cms/coral/CORAL_2_3_21-cms27/slc5_amd64_gcc462/lib:/cvmfs/cms.cern.ch/slc5_amd64_gcc462/external/pyqt/4.8.1/lib/python2.6/site-packages:/cvmfs/cms.cern.ch/slc5_amd64_gcc462/external/py2-scipy/0.8.0/lib/python2.6/site-packages:/cvmfs/cms.cern.ch/slc5_amd64_gcc462/external/py2-matplotlib/1.0.1/lib/python2.6/site-packages:/cvmfs/cms.cern.ch/slc5_amd64_gcc462/external/python-ldap/2.3.5/lib/python2.6/site-packages:/cvmfs/cms.cern.ch/slc5_amd64_gcc462/external/sip/4.11.2/lib/python2.6/site-packages:/cvmfs/cms.cern.ch/slc5_amd64_gcc462/external/py2-pycurl/7.19.0/lib/python2.6/site-packages:/cvmfs/cms.cern.ch/slc5_amd64_gcc462/external/py2-numpy/1.6.1/lib/python2.6/site-packages:/cvmfs/cms.cern.ch/slc5_amd64_gcc462/external/py2-ipython/0.10/lib/python2.6/site-packages:/cvmfs/cms.cern.ch/slc5_amd64_gcc462/external/py2-cx-oracle/5.1-cms11/lib/python2.6/site-packages:/cvmfs/cms.cern.ch/slc5_amd64_gcc462/external/py2-cjson/1.0.5/lib/python2.6/site-packages:/cvmfs/cms.cern.ch/slc5_amd64_gcc462/cms/das-client/1.4.1-cms8/bin:/cvmfs/cms.cern.ch/slc5_amd64_gcc462/external/elementtree/1.2.6/share/lib/python2.6/site-packages:/cvmfs/cms.cern.ch/slc5_amd64_gcc462/external/rivet/1.5.1-cms10/lib/python2.6/site-packages:/cvmfs/cms.cern.ch/slc5_amd64_gcc462/external/pyminuit2/0.0.1-cms34/lib/python2.6/site-packages:/cvmfs/cms.cern.ch/slc5_amd64_gcc462/external/professor/1.0.0-cms35/lib/python2.6/site-packages:/cvmfs/cms.cern.ch/slc5_amd64_gcc462/lcg/root/5.32.00-cms18/lib:/cvmfs/cms.cern.ch/slc5_amd64_gcc462/cms/dbs-client/DBS_2_1_1_patch1_1/lib:/cvmfs/cms.cern.ch/slc5_amd64_gcc462/cms/dbs-client/DBS_2_1_1_patch1_1/lib/DBSAPI:/home/cms016/home_creur_328375685/CREAM328375685/glide_H17604/execute/dir_17252/
241a2a19cb7c5c8751ba22759ab3bdb0
PSETHASH = 241a2a19cb7c5c8751ba22759ab3bdb0
/home/cms016/home_creur_328375685/CREAM328375685/glide_H17604/execute/dir_17252/writeCfg.py pset.py pset.py
Importing .py file
Setting parameters
inputBlocks=/QCD_Pt_170_250_EMEnriched_TuneZ2star_8TeV_pythia6/mario-Summer12-stop-pfele-step1-3d176ac8da5e9dff208d057f4733ca91/USER#130d237e-abcb-4916-a790-d17c846c5c04
inputFiles=/store/user/mario/QCD_Pt_170_250_EMEnriched_TuneZ2star_8TeV_pythia6/Summer12-stop-pfele-step1/3d176ac8da5e9dff208d057f4733ca91/tuple_382_8_3xe.root;/store/user/mario/QCD_Pt_170_250_EMEnriched_TuneZ2star_8TeV_pythia6/Summer12-stop-pfele-step1/3d176ac8da5e9dff208d057f4733ca91/tuple_383_6_kjJ.root;/store/user/mario/QCD_Pt_170_250_EMEnriched_TuneZ2star_8TeV_pythia6/Summer12-stop-pfele-step1/3d176ac8da5e9dff208d057f4733ca91/tuple_268_4_vLs.root;/store/user/mario/QCD_Pt_170_250_EMEnriched_TuneZ2star_8TeV_pythia6/Summer12-stop-pfele-step1/3d176ac8da5e9dff208d057f4733ca91/tuple_265_8_lhL.root;/store/user/mario/QCD_Pt_170_250_EMEnriched_TuneZ2star_8TeV_pythia6/Summer12-stop-pfele-step1/3d176ac8da5e9dff208d057f4733ca91/tuple_266_4_PIV.root
parentFiles=
lumisRange=
>>> Executable cmsRun
/cvmfs/cms.cern.ch/slc5_amd64_gcc462/cms/cmssw/CMSSW_5_3_5/bin/slc5_amd64_gcc462/cmsRun
ok executable found
>>> info for dashboard:
***** Cat /home/cms016/home_creur_328375685/CREAM328375685/glide_H17604/execute/dir_17252/jobreport.txt *****
MonitorJobID=54_https://submit-2.t2.ucsd.edu//121127//17530.53
MonitorID=liis_crab_0_121127_012908_ngk079
ExeStart=cmsRun
***** End Cat jobreport *****
Parameters sent to Dashboard.
>>> cmsRun started at Tue Nov 27 00:27:29 UTC 2012
>>> cmsRun ended at Tue Nov 27 00:38:39 UTC 2012
>>> info for dashboard:
***** Cat /home/cms016/home_creur_328375685/CREAM328375685/glide_H17604/execute/dir_17252/jobreport.txt *****
MonitorJobID=54_https://submit-2.t2.ucsd.edu//121127//17530.53
MonitorID=liis_crab_0_121127_012908_ngk079
ExeEnd=cmsRun
***** End Cat jobreport *****
Parameters sent to Dashboard.
TIME_EXE = 670 sec
>>> cmsRun wrote 119 lines of stdout+stderr
>>> START OF printout of 119 lines from stdout+stderr
27-Nov-2012 02:27:48 EET  Initiating request to open file file:/hdfs/cms/store/user/mario/QCD_Pt_170_250_EMEnriched_TuneZ2star_8TeV_pythia6/Summer12-stop-pfele-step1/3d176ac8da5e9dff208d057f4733ca91/tuple_382_8_3xe.root
27-Nov-2012 02:27:57 EET  Successfully opened file file:/hdfs/cms/store/user/mario/QCD_Pt_170_250_EMEnriched_TuneZ2star_8TeV_pythia6/Summer12-stop-pfele-step1/3d176ac8da5e9dff208d057f4733ca91/tuple_382_8_3xe.root
Begin processing the 1st record. Run 1, Event 88685372, LumiSection 27347 at 27-Nov-2012 02:28:26.757 EET
Begin processing the 1001st record. Run 1, Event 90473609, LumiSection 27899 at 27-Nov-2012 02:28:37.580 EET
Begin processing the 2001st record. Run 1, Event 90843700, LumiSection 28013 at 27-Nov-2012 02:28:41.370 EET
Begin processing the 3001st record. Run 1, Event 92150167, LumiSection 28416 at 27-Nov-2012 02:28:50.316 EET
Begin processing the 4001st record. Run 1, Event 97478734, LumiSection 30059 at 27-Nov-2012 02:28:55.395 EET
Begin processing the 5001st record. Run 1, Event 75916025, LumiSection 23410 at 27-Nov-2012 02:29:03.048 EET
27-Nov-2012 02:29:05 EET  Closed file file:/hdfs/cms/store/user/mario/QCD_Pt_170_250_EMEnriched_TuneZ2star_8TeV_pythia6/Summer12-stop-pfele-step1/3d176ac8da5e9dff208d057f4733ca91/tuple_382_8_3xe.root
27-Nov-2012 02:29:05 EET  Initiating request to open file file:/hdfs/cms/store/user/mario/QCD_Pt_170_250_EMEnriched_TuneZ2star_8TeV_pythia6/Summer12-stop-pfele-step1/3d176ac8da5e9dff208d057f4733ca91/tuple_383_6_kjJ.root
27-Nov-2012 02:29:06 EET  Successfully opened file file:/hdfs/cms/store/user/mario/QCD_Pt_170_250_EMEnriched_TuneZ2star_8TeV_pythia6/Summer12-stop-pfele-step1/3d176ac8da5e9dff208d057f4733ca91/tuple_383_6_kjJ.root
Begin processing the 6001st record. Run 1, Event 86957149, LumiSection 26814 at 27-Nov-2012 02:29:34.570 EET
Begin processing the 7001st record. Run 1, Event 89186349, LumiSection 27502 at 27-Nov-2012 02:29:38.389 EET
Begin processing the 8001st record. Run 1, Event 90071670, LumiSection 27775 at 27-Nov-2012 02:29:46.117 EET
Begin processing the 9001st record. Run 1, Event 91488256, LumiSection 28211 at 27-Nov-2012 02:29:50.224 EET
Begin processing the 10001st record. Run 1, Event 92719119, LumiSection 28591 at 27-Nov-2012 02:30:00.413 EET
Begin processing the 11001st record. Run 1, Event 95571807, LumiSection 29471 at 27-Nov-2012 02:30:04.818 EET
Begin processing the 12001st record. Run 1, Event 102444716, LumiSection 31590 at 27-Nov-2012 02:30:10.908 EET
Begin processing the 13001st record. Run 1, Event 134879781, LumiSection 41592 at 27-Nov-2012 02:30:15.417 EET
Begin processing the 14001st record. Run 1, Event 170902564, LumiSection 52699 at 27-Nov-2012 02:30:23.477 EET
Begin processing the 15001st record. Run 1, Event 182657241, LumiSection 56324 at 27-Nov-2012 02:30:27.502 EET
Begin processing the 16001st record. Run 1, Event 93925020, LumiSection 28963 at 27-Nov-2012 02:30:34.969 EET
Begin processing the 17001st record. Run 1, Event 96723554, LumiSection 29826 at 27-Nov-2012 02:30:38.765 EET
Begin processing the 18001st record. Run 1, Event 101982633, LumiSection 31448 at 27-Nov-2012 02:30:42.742 EET
Begin processing the 19001st record. Run 1, Event 173055512, LumiSection 53363 at 27-Nov-2012 02:30:50.329 EET
Begin processing the 20001st record. Run 1, Event 174004260, LumiSection 53656 at 27-Nov-2012 02:30:55.037 EET
Begin processing the 21001st record. Run 1, Event 177881594, LumiSection 54851 at 27-Nov-2012 02:31:02.910 EET
Begin processing the 22001st record. Run 1, Event 76391109, LumiSection 23556 at 27-Nov-2012 02:31:07.914 EET
Begin processing the 23001st record. Run 1, Event 84778976, LumiSection 26143 at 27-Nov-2012 02:31:16.581 EET
Begin processing the 24001st record. Run 1, Event 90375279, LumiSection 27868 at 27-Nov-2012 02:31:20.350 EET
Begin processing the 25001st record. Run 1, Event 90748360, LumiSection 27983 at 27-Nov-2012 02:31:28.594 EET
Begin processing the 26001st record. Run 1, Event 92244986, LumiSection 28445 at 27-Nov-2012 02:31:32.782 EET
Begin processing the 27001st record. Run 1, Event 92471654, LumiSection 28515 at 27-Nov-2012 02:31:39.073 EET
27-Nov-2012 02:31:40 EET  Closed file file:/hdfs/cms/store/user/mario/QCD_Pt_170_250_EMEnriched_TuneZ2star_8TeV_pythia6/Summer12-stop-pfele-step1/3d176ac8da5e9dff208d057f4733ca91/tuple_383_6_kjJ.root
27-Nov-2012 02:31:40 EET  Initiating request to open file file:/hdfs/cms/store/user/mario/QCD_Pt_170_250_EMEnriched_TuneZ2star_8TeV_pythia6/Summer12-stop-pfele-step1/3d176ac8da5e9dff208d057f4733ca91/tuple_268_4_vLs.root
27-Nov-2012 02:31:42 EET  Successfully opened file file:/hdfs/cms/store/user/mario/QCD_Pt_170_250_EMEnriched_TuneZ2star_8TeV_pythia6/Summer12-stop-pfele-step1/3d176ac8da5e9dff208d057f4733ca91/tuple_268_4_vLs.root
Begin processing the 28001st record. Run 1, Event 75939868, LumiSection 23417 at 27-Nov-2012 02:32:15.438 EET
Begin processing the 29001st record. Run 1, Event 76456243, LumiSection 23576 at 27-Nov-2012 02:32:19.279 EET
Begin processing the 30001st record. Run 1, Event 78050735, LumiSection 24068 at 27-Nov-2012 02:32:25.079 EET
Begin processing the 31001st record. Run 1, Event 72625727, LumiSection 22395 at 27-Nov-2012 02:32:28.768 EET
Begin processing the 32001st record. Run 1, Event 73478365, LumiSection 22658 at 27-Nov-2012 02:32:35.599 EET
Begin processing the 33001st record. Run 1, Event 73760355, LumiSection 22745 at 27-Nov-2012 02:32:39.318 EET
Begin processing the 34001st record. Run 1, Event 70225102, LumiSection 21655 at 27-Nov-2012 02:32:50.521 EET
Begin processing the 35001st record. Run 1, Event 62945061, LumiSection 19410 at 27-Nov-2012 02:32:54.565 EET
Begin processing the 36001st record. Run 1, Event 63525318, LumiSection 19589 at 27-Nov-2012 02:33:02.623 EET
Begin processing the 37001st record. Run 1, Event 64202632, LumiSection 19798 at 27-Nov-2012 02:33:06.550 EET
Begin processing the 38001st record. Run 1, Event 66793296, LumiSection 20597 at 27-Nov-2012 02:33:12.636 EET
Begin processing the 39001st record. Run 1, Event 68158641, LumiSection 21018 at 27-Nov-2012 02:33:16.377 EET
Begin processing the 40001st record. Run 1, Event 71535649, LumiSection 22059 at 27-Nov-2012 02:33:24.985 EET
Begin processing the 41001st record. Run 1, Event 72227152, LumiSection 22272 at 27-Nov-2012 02:33:28.777 EET
Begin processing the 42001st record. Run 1, Event 72638056, LumiSection 22399 at 27-Nov-2012 02:33:35.281 EET
Begin processing the 43001st record. Run 1, Event 73269890, LumiSection 22594 at 27-Nov-2012 02:33:39.656 EET
Begin processing the 44001st record. Run 1, Event 74008228, LumiSection 22821 at 27-Nov-2012 02:33:47.171 EET
Begin processing the 45001st record. Run 1, Event 75602168, LumiSection 23313 at 27-Nov-2012 02:33:51.146 EET
Begin processing the 46001st record. Run 1, Event 74429953, LumiSection 22951 at 27-Nov-2012 02:33:58.750 EET
Begin processing the 47001st record. Run 1, Event 74769143, LumiSection 23056 at 27-Nov-2012 02:34:02.885 EET
Begin processing the 48001st record. Run 1, Event 75326526, LumiSection 23228 at 27-Nov-2012 02:34:09.477 EET
Begin processing the 49001st record. Run 1, Event 76336963, LumiSection 23539 at 27-Nov-2012 02:34:13.444 EET
27-Nov-2012 02:34:13 EET  Closed file file:/hdfs/cms/store/user/mario/QCD_Pt_170_250_EMEnriched_TuneZ2star_8TeV_pythia6/Summer12-stop-pfele-step1/3d176ac8da5e9dff208d057f4733ca91/tuple_268_4_vLs.root
27-Nov-2012 02:34:13 EET  Initiating request to open file file:/hdfs/cms/store/user/mario/QCD_Pt_170_250_EMEnriched_TuneZ2star_8TeV_pythia6/Summer12-stop-pfele-step1/3d176ac8da5e9dff208d057f4733ca91/tuple_265_8_lhL.root
27-Nov-2012 02:34:15 EET  Successfully opened file file:/hdfs/cms/store/user/mario/QCD_Pt_170_250_EMEnriched_TuneZ2star_8TeV_pythia6/Summer12-stop-pfele-step1/3d176ac8da5e9dff208d057f4733ca91/tuple_265_8_lhL.root
Begin processing the 50001st record. Run 1, Event 40477504, LumiSection 12482 at 27-Nov-2012 02:34:44.757 EET
Begin processing the 51001st record. Run 1, Event 41051766, LumiSection 12659 at 27-Nov-2012 02:34:48.613 EET
Begin processing the 52001st record. Run 1, Event 41598900, LumiSection 12828 at 27-Nov-2012 02:34:55.140 EET
Begin processing the 53001st record. Run 1, Event 4031253, LumiSection 1244 at 27-Nov-2012 02:34:58.800 EET
Begin processing the 54001st record. Run 1, Event 31775940, LumiSection 9799 at 27-Nov-2012 02:35:06.840 EET
Begin processing the 55001st record. Run 1, Event 34705946, LumiSection 10702 at 27-Nov-2012 02:35:10.749 EET
Begin processing the 56001st record. Run 1, Event 41631238, LumiSection 12838 at 27-Nov-2012 02:35:17.775 EET
Begin processing the 57001st record. Run 1, Event 42907289, LumiSection 13231 at 27-Nov-2012 02:35:22.390 EET
Begin processing the 58001st record. Run 1, Event 45046836, LumiSection 13891 at 27-Nov-2012 02:35:27.888 EET
Begin processing the 59001st record. Run 1, Event 39805535, LumiSection 12275 at 27-Nov-2012 02:35:31.657 EET
Begin processing the 60001st record. Run 1, Event 42337782, LumiSection 13056 at 27-Nov-2012 02:35:42.182 EET
Begin processing the 61001st record. Run 1, Event 43731401, LumiSection 13485 at 27-Nov-2012 02:35:45.922 EET
Begin processing the 62001st record. Run 1, Event 193996463, LumiSection 59821 at 27-Nov-2012 02:35:53.549 EET
Begin processing the 63001st record. Run 1, Event 198403400, LumiSection 61179 at 27-Nov-2012 02:35:57.293 EET
Begin processing the 64001st record. Run 1, Event 41049794, LumiSection 12658 at 27-Nov-2012 02:36:03.769 EET
Begin processing the 65001st record. Run 1, Event 41727605, LumiSection 12867 at 27-Nov-2012 02:36:07.538 EET
Begin processing the 66001st record. Run 1, Event 42839050, LumiSection 13210 at 27-Nov-2012 02:36:15.847 EET
Begin processing the 67001st record. Run 1, Event 45658986, LumiSection 14080 at 27-Nov-2012 02:36:20.053 EET
Begin processing the 68001st record. Run 1, Event 46115836, LumiSection 14221 at 27-Nov-2012 02:36:28.410 EET
Begin processing the 69001st record. Run 1, Event 47205439, LumiSection 14557 at 27-Nov-2012 02:36:32.655 EET
Begin processing the 70001st record. Run 1, Event 45622771, LumiSection 14069 at 27-Nov-2012 02:36:38.368 EET
27-Nov-2012 02:36:41 EET  Closed file file:/hdfs/cms/store/user/mario/QCD_Pt_170_250_EMEnriched_TuneZ2star_8TeV_pythia6/Summer12-stop-pfele-step1/3d176ac8da5e9dff208d057f4733ca91/tuple_265_8_lhL.root
27-Nov-2012 02:36:41 EET  Initiating request to open file file:/hdfs/cms/store/user/mario/QCD_Pt_170_250_EMEnriched_TuneZ2star_8TeV_pythia6/Summer12-stop-pfele-step1/3d176ac8da5e9dff208d057f4733ca91/tuple_266_4_PIV.root
27-Nov-2012 02:36:41 EET  Successfully opened file file:/hdfs/cms/store/user/mario/QCD_Pt_170_250_EMEnriched_TuneZ2star_8TeV_pythia6/Summer12-stop-pfele-step1/3d176ac8da5e9dff208d057f4733ca91/tuple_266_4_PIV.root
Begin processing the 71001st record. Run 1, Event 46004418, LumiSection 14186 at 27-Nov-2012 02:37:11.232 EET
Begin processing the 72001st record. Run 1, Event 56926705, LumiSection 17554 at 27-Nov-2012 02:37:15.339 EET
Begin processing the 73001st record. Run 1, Event 43351238, LumiSection 13368 at 27-Nov-2012 02:37:23.295 EET
Begin processing the 74001st record. Run 1, Event 45387459, LumiSection 13996 at 27-Nov-2012 02:37:27.265 EET
Begin processing the 75001st record. Run 1, Event 193780513, LumiSection 59754 at 27-Nov-2012 02:37:33.677 EET
Begin processing the 76001st record. Run 1, Event 40533058, LumiSection 12499 at 27-Nov-2012 02:37:37.756 EET
Begin processing the 77001st record. Run 1, Event 40794696, LumiSection 12580 at 27-Nov-2012 02:37:44.596 EET
Begin processing the 78001st record. Run 1, Event 36202264, LumiSection 11164 at 27-Nov-2012 02:37:48.768 EET
Begin processing the 79001st record. Run 1, Event 37987082, LumiSection 11714 at 27-Nov-2012 02:37:57.405 EET
Begin processing the 80001st record. Run 1, Event 39280728, LumiSection 12113 at 27-Nov-2012 02:38:01.342 EET
Begin processing the 81001st record. Run 1, Event 40820077, LumiSection 12588 at 27-Nov-2012 02:38:05.329 EET
Begin processing the 82001st record. Run 1, Event 41762207, LumiSection 12878 at 27-Nov-2012 02:38:13.446 EET
Begin processing the 83001st record. Run 1, Event 42257516, LumiSection 13031 at 27-Nov-2012 02:38:17.281 EET
Begin processing the 84001st record. Run 1, Event 193793144, LumiSection 59758 at 27-Nov-2012 02:38:26.977 EET
Begin processing the 85001st record. Run 1, Event 194039366, LumiSection 59834 at 27-Nov-2012 02:38:30.746 EET
27-Nov-2012 02:38:37 EET  Closed file file:/hdfs/cms/store/user/mario/QCD_Pt_170_250_EMEnriched_TuneZ2star_8TeV_pythia6/Summer12-stop-pfele-step1/3d176ac8da5e9dff208d057f4733ca91/tuple_266_4_PIV.root

=============================================

MessageLogger Summary

 type     category        sev    module        subroutine        count    total
 ---- -------------------- -- ---------------- ----------------  -----    -----
    1 fileAction           -s file_close                             5        5
    2 fileAction           -s file_open                             10       10

 type    category    Examples: run/evt        run/evt          run/evt
 ---- -------------------- ---------------- ---------------- ----------------
    1 fileAction           PostProcessEvent PostProcessEvent PostEndRun
    2 fileAction           pre-events       pre-events       PostProcessEvent

Severity    # Occurrences   Total Occurrences
--------    -------------   -----------------
System                 15                  15
>>> END OF printout of 119 lines from stdout+stderr
>>> Parse FrameworkJobReport crab_fjr.xml
Result of parsing the FrameworkJobReport crab_fjr.xml: Popularity start
lumisRange : 1::11164,11268,11390,11432,11560,11574,11671,11714,11871,11908,11966,11989,12003,12012,12028,12050,12054,12088,12113,12179,12234,12244,12378,12425,12433,12437,12492,12499,12502,12513,12522,12532,12538,12551,12553,12555,12572,12580,12588,12665,12694,12697,12708,12748,12763,12775,12816,12842,12878,12928,12930-12931,12942,12945,12948,12963,13007,13031,13073,13203,13219,13234,13251,13253,13260,13328,13368,13450,13457-13458,13481,13624,13646,13704-13705,13754,13834,13996,14076,14089,14145,14152,14186,14308,14381,14389,14418,14420,14441,14456,17554,19515,19746,20215,20281,20572,20590,20604,23075,23373,59752-59754,59758,59766,59773,59777,59809-59810,59826,59832,59834,59836,59851,59962,60018,60776::1;1::563,588,1244,1290,1380,1460,2028,2370,9759,9799,10210,10519,10526,10543,10667,10702,10735,10815,10861,10893,11064,11109,11664-11665,11667,11683,11736,11821,11835,12194,12229,12240,12275,12316,12344,12482,12561,12569,12579,12597,12605,12631,12636,12658-12659,12669,12674,12679,12687,12695,12731-12732,12738,12750,12766-12767,12770,12779,12791,12828,12830,12833,12838,12845,12859,12867,12875-12876,12938,12955-12956,12961,12964,12981,12983,12987,13023,13027,13029,13045,13056,13103,13129,13132,13157,13169-13170,13179,13198,13210,13231,13284,13340,13352,13358,13371,13378,13382,13387,13397,13403,13427,13430,13442,13472,13485,13490,13551,13567,13582,13597,13605-13606,13620,13668,13744,13787,13791,13891,13955-13957,13983,13997,14014,14018,14069,14076,14080,14093,14107,14129,14157,14164,14179,14208,14212,14221,14225,14295,14347,14354,14357,14534,14537,14557,20311,20382,24030,24032,59751,59770,59800,59805,59813,59821,59864,59896,59906,59949,60056,60129,61179,61311,61727,64653,64725,66752,66777::2;1::2500,16566,17278,17286,17440,18590,18593,18615,18654,19361,19374,19410,19445,19510,19520,19540,19580,19589,19598,19603,19621,19632,19669,19694,19703,19798,20084,20329,20352,20360,20385,20465,20581,20597,20821,20934,20962,21018,21022,21040,21120,21163,21188,21259,21339,21494,21501,21651,21655,21663,21706,22018,22059,22186,22205,22231,22236,22249,22272,22289,22325,22327-22328,22370,22395,22398-22399,22411,22457,22483,22491,22502-22503,22510,22512,22517,22537,22580,22594,22624,22631,22639,22644,22646,22657-22658,22691,22697,22707-22708,22711,22726,22734-22735,22737,22745,22754,22760,22763-22764,22769,22780,22799,22821-22822,22829,22859,22886,22898,22912,22916,22920,22951-22952,22963-22964,22970,22982,23000,23009,23016,23031,23055-23056,23078,23144,23159,23169,23175,23199,23216,23228,23236,23252,23271,23294,23299,23310,23313-23315,23336,23378,23404,23414,23417,23425,23489,23513,23530,23534,23539,23545,23554,23576,23630,23632,23651,23812,23860,23886,23923,24037,24068,24081,24140-24141,24270,25046::3;1::23410,25346,25759,25905,26636,26845,26870,26972,27301,27336,27347,27521,27571,27771,27796,27813,27823,27899,27934,27938,27992,28013,28044,28048,28124,28199,28245,28333,28357,28365,28416,28690,28946,28954,29253,29288,30054,30059,31291,31620,31651,34594,46333,46374,50081,50276::4;1::22723,23556,24214,24398,24876,25273,25357,25421,26143,26338,26392,26447,26452,26510,26546,26582,26814,26903,26977,27027,27105,27210,27237,27308,27311,27336,27360,27407,27502,27536,27564,27585,27613,27620,27625,27775,27789,27839,27850,27855,27868,27912,27916,27931,27951,27965,27977,27983,28032,28042,28058-28059,28066,28115,28121,28127,28138,28211,28263,28276,28300,28315,28408,28413,28433,28435,28441,28445,28451,28453,28515,28564,28591,28616,28692,28746,28751,28773,28798,28884,28910,28963,29009,29034,29047,29080,29121,29198,29276,29285,29303,29357,29365,29471,29609,29660,29664,29705,29717,29826,30014,30163,30398,30476,30718,31012,31153,31187,31269,31339,31382,31448,31590,31698,32067,32091,32186,32221,34000,34044,41348,41369,41592,41594,49017,49771,50764,50880,52555,52558,52675,52699,53358,53363,53373,53401,53432,53434-53435,53454,53499-53500,53514,53520,53644,53656,53678,53690,53744,53757,54250,54266,54851,54881,55133,55255,55314,55439,55450,55791,56311,56324,56905,56919,63996,64848,65182,65235::5;
lumisParentRange : 
Basename : /store/user/mario/QCD_Pt_170_250_EMEnriched_TuneZ2star_8TeV_pythia6/Summer12-stop-pfele-step1/3d176ac8da5e9dff208d057f4733ca91/tuple_
BasenameParent : 
parentFiles : 
inputBlocks : /QCD_Pt_170_250_EMEnriched_TuneZ2star_8TeV_pythia6/mario-Summer12-stop-pfele-step1-3d176ac8da5e9dff208d057f4733ca91/USER#130d237e-abcb-4916-a790-d17c846c5c04
inputFiles : 266_4_PIV.root::1::EDM::Local::1;265_8_lhL.root::1::EDM::Local::2;268_4_vLs.root::1::EDM::Local::3;382_8_3xe.root::1::EDM::Local::4;383_6_kjJ.root::1::EDM::Local::5;
Popularity stop
Extracted ExitStatus from FrameworkJobReport parsing output: 0
>>> Executable succeded  0
ExeExitCode=0
EXECUTABLE_EXIT_STATUS = 0
>>> current directory /home/cms016/home_creur_328375685/CREAM328375685/glide_H17604/execute/dir_17252/CMSSW_5_3_5
>>>  (SOFTWARE_DIR): /home/cms016/home_creur_328375685/CREAM328375685/glide_H17604/execute/dir_17252/CMSSW_5_3_5
>>> (WORKING_DIR): 
>>> current directory content:
total 156
drwxr-xr-x 3 cms016 cms  4096 Nov 27 02:27 .SCRAM
-rw-r--r-- 1 cms016 cms 30066 Nov 27 02:27 CMSSW.py.pkl
drwxr-xr-x 3 cms016 cms  4096 Nov 27 02:27 bin
drwxr-xr-x 3 cms016 cms  4096 Nov 27 02:27 cfipython
drwxr-xr-x 5 cms016 cms  4096 Nov 27 02:27 config
-rw-r--r-- 1 cms016 cms    16 Nov 27 02:38 cpu_timing.txt
drwxr-xr-x 2 cms016 cms  4096 Nov 27 02:27 doc
-rw-r--r-- 1 cms016 cms 13452 Nov 27 02:38 executable.out
drwxr-xr-x 2 cms016 cms  4096 Nov 27 02:27 include
drwxrwxrwx 3 cms016 cms  4096 Oct 22 16:38 lib
drwxr-xr-x 3 cms016 cms  4096 Nov 27 02:27 logs
drwxr-xr-x 3 cms016 cms  4096 Nov 27 02:27 objs
-rw-r--r-- 1 cms016 cms 17200 Nov 27 02:38 optHistograms.root
-rw-r--r-- 1 cms016 cms   104 Nov 27 02:27 pset.py
-rw-r--r-- 1 cms016 cms 19508 Nov 27 02:27 pset.py.pkl
-rw-r--r-- 1 cms016 cms   289 Nov 27 02:27 pset.pyc
drwxr-xr-x 2 cms016 cms  4096 Nov 27 02:27 python
-rw-r--r-- 1 cms016 cms   420 Nov 27 02:38 report.log
drwxrwxrwx 4 cms016 cms  4096 Nov 27 02:27 src
drwxr-xr-x 3 cms016 cms  4096 Nov 27 02:27 test
drwxr-xr-x 3 cms016 cms  4096 Nov 27 02:27 tmp
>>> current directory /home/cms016/home_creur_328375685/CREAM328375685/glide_H17604/execute/dir_17252/CMSSW_5_3_5
>>> (SOFTWARE_DIR): /home/cms016/home_creur_328375685/CREAM328375685/glide_H17604/execute/dir_17252/CMSSW_5_3_5
>>> (WORKING_DIR): 
>>> current directory content:
total 136
drwxr-xr-x 3 cms016 cms  4096 Nov 27 02:27 .SCRAM
-rw-r--r-- 1 cms016 cms 30066 Nov 27 02:27 CMSSW.py.pkl
drwxr-xr-x 3 cms016 cms  4096 Nov 27 02:27 bin
drwxr-xr-x 3 cms016 cms  4096 Nov 27 02:27 cfipython
drwxr-xr-x 5 cms016 cms  4096 Nov 27 02:27 config
-rw-r--r-- 1 cms016 cms    16 Nov 27 02:38 cpu_timing.txt
drwxr-xr-x 2 cms016 cms  4096 Nov 27 02:27 doc
-rw-r--r-- 1 cms016 cms 13452 Nov 27 02:38 executable.out
drwxr-xr-x 2 cms016 cms  4096 Nov 27 02:27 include
drwxrwxrwx 3 cms016 cms  4096 Oct 22 16:38 lib
drwxr-xr-x 3 cms016 cms  4096 Nov 27 02:27 logs
drwxr-xr-x 3 cms016 cms  4096 Nov 27 02:27 objs
-rw-r--r-- 1 cms016 cms   104 Nov 27 02:27 pset.py
-rw-r--r-- 1 cms016 cms 19508 Nov 27 02:27 pset.py.pkl
-rw-r--r-- 1 cms016 cms   289 Nov 27 02:27 pset.pyc
drwxr-xr-x 2 cms016 cms  4096 Nov 27 02:27 python
-rw-r--r-- 1 cms016 cms   420 Nov 27 02:38 report.log
drwxrwxrwx 4 cms016 cms  4096 Nov 27 02:27 src
drwxr-xr-x 3 cms016 cms  4096 Nov 27 02:27 test
drwxr-xr-x 3 cms016 cms  4096 Nov 27 02:27 tmp
>>> current directory (RUNTIME_AREA):  /home/cms016/home_creur_328375685/CREAM328375685/glide_H17604/execute/dir_17252
>>> current dir: /home/cms016/home_creur_328375685/CREAM328375685/glide_H17604/execute/dir_17252
>>> current dir content:
total 25792
-rw-rw-rw-  1 cms016 cms     5604 Nov 27 02:26 .job.ad
-rw-rw-rw-  1 cms016 cms    11530 Nov 27 02:26 .machine.ad
-rw-rw-rw-  1 cms016 cms      105 Nov 27 01:29 CMSSW.py
-rw-rw-rw-  1 cms016 cms    30066 Nov 27 01:29 CMSSW.py.pkl
-rwxrw-rw-  1 cms016 cms    23341 Nov 27 02:27 CMSSW.sh
-rw-rw-rw-  1 cms016 cms        0 Nov 27 02:27 CMSSW_54.stderr
-rw-rw-rw-  1 cms016 cms    29520 Nov 27 02:39 CMSSW_54.stdout
drwxr-xr-x 15 cms016 cms     4096 Nov 27 02:39 CMSSW_5_3_5
-rw-r--r--  1 cms016 cms      347 Nov 27 02:27 CacheEnv.sh
-rw-rw-rw-  1 cms016 cms     7291 Jun  9  2010 DashboardAPI.py
-rw-r--r--  1 cms016 cms     6883 Nov 27 02:27 DashboardAPI.pyc
drwxrwxrwx  3 cms016 cms     4096 Nov 27 02:38 IMProv
-rw-rw-rw-  1 cms016 cms     2748 Mar  8  2006 Logger.py
-rw-r--r--  1 cms016 cms     3353 Nov 27 02:27 Logger.pyc
-rw-rw-rw-  1 cms016 cms    24524 Mar 28  2008 ProcInfo.py
-rw-r--r--  1 cms016 cms    23470 Nov 27 02:27 ProcInfo.pyc
drwxrwxrwx  7 cms016 cms     4096 Nov 27 02:27 ProdCommon
drwxrwxrwx  3 cms016 cms     4096 Nov 27 02:27 WMCore
-rw-r--r--  1 cms016 cms     2512 Nov 27 02:38 Watchdog_54.log
-rw-rw-rw-  1 cms016 cms    32895 Mar 28  2008 apmon.py
-rw-r--r--  1 cms016 cms    28874 Nov 27 02:27 apmon.pyc
-rw-rw-rw-  1 cms016 cms   100215 Nov 27 02:27 arguments.xml
-rwxrwxrwx  1 cms016 cms    37427 Sep 13 14:14 cmscp.py
-rwxrwxrwx  1 cms016 cms    23341 Nov 27 02:27 condor_exec.exe
-rw-rw-rw-  1 cms016 cms      546 Nov 27 01:29 crab.cfg
-rwxrwxrwx  1 cms016 cms     9531 Sep 20 21:46 crabWatchdog.sh
-rw-r--r--  1 cms016 cms    48400 Nov 27 02:38 crab_fjr_54.xml
-rw-rw-rw-  1 cms016 cms 25796303 Nov 27 02:27 default.tgz
-rwxrwxrwx  1 cms016 cms     4488 May 12  2012 fillCrabFjr.py
-rw-r--r--  1 cms016 cms      946 Nov 27 02:27 inputsReport.txt
-rw-r--r--  1 cms016 cms      132 Nov 27 02:39 jobreport.txt
lrwxrwxrwx  1 cms016 cms      107 Nov 27 02:39 optHistograms.root -> /home/cms016/home_creur_328375685/CREAM328375685/glide_H17604/execute/dir_17252/optHistograms_54_1_XjI.root
-rw-r--r--  1 cms016 cms    17200 Nov 27 02:38 optHistograms_54_1_XjI.root
-rw-rw-rw-  1 cms016 cms    17352 Jan 20  2012 parseCrabFjr.py
-rw-r--r--  1 cms016 cms      285 Nov 27 02:27 report.log
-rwxrwxrwx  1 cms016 cms     1497 May 27  2009 report.py
-rwxrwxrwx  1 cms016 cms     8387 Mar 23  2011 writeCfg.py
-rw-------  1 cms016 cms     8687 Nov 27 02:27 x509up_u1000009
Checking output files:  
will tar file optHistograms_54_1_XjI.root in  out_files_54
will tar file crab_fjr_54.xml in  out_files_54
will tar file CMSSW_54.stdout in  out_files_54
will tar file CMSSW_54.stderr in  out_files_54
WARNING: output file Watchdog_54.log.gz not found!
>>> padding time: Wrapper lasting more than 600 seconds. No sleep required.
STOPPING WATCHDOG. CrabWatchdog PID is 18006
********** LAST 50 LINES OF WATCHDOG LOG
# RESOURCE USAGE SUMMARY FOR PROCESS ID 17907
USER       PID %CPU %MEM    VSZ   RSS TTY      STAT START   TIME COMMAND
cms016   17907  0.7  0.0   8956  1488 ?        S    02:27   0:00 /bin/sh /home/cms016/home_creur_328375685/CREAM328375685/glide_H17604/execute/dir_17252/condor_exec.exe 54 1
 
# LIMITS USED BY THIS WATCHDOG:
# RSS  (KBytes)  : 2300000
# VSZ  (KBytes)  : 100000000
# DISK (MBytes)  : 19000
# CPU  (seconds) : 171600
# WALL (seconds) : 171600
 
# FOLLOWING PRINTOUT TRACKS MAXIMUM VALUES OF RESOURCES USE
# ONE LINE IS PRINTED EACH TIME A MAXIMUM CHANGES
# IF CHANGE WAS IN RSS OR VSZ ALSO PROCID AND COMMAND ARE PRINTED
# THERE IS NO PRINTOUT FOR CPU/WALL TIME INCREASE
 
# TIME			PID	RSS(KB)	VSZ(KB)	Dsk(MB)	tCPU(s)	tWALL(s)	COMMAND
 Nov 27 02:27:12 EET	13280	3288	5372	0	3	2404	condor_procd -A /home/cms016/home_creur_328375685/CREAM328375685/glide_H17604/log/procd_address.STARTD -L /home/cms016/home_creur_328375685/CREAM328375685/glide_H17604/log/ProcLog.STARTD -R 10000000 -S 60 -C
 Nov 27 02:27:12 EET	17212	3288	8896	0	0	3210	-bash         
 Nov 27 02:27:12 EET	17252	5284	9292	0	0	17	condor_starter -f submit-2.t2.ucsd.edu       
 Nov 27 02:27:12 EET	17514	5284	25504	0	0	3210	perl -e ?use Socket;??sub send_notify {? $cream_url = "193.40.150.134:49152";die "No
 Nov 27 02:27:12 EET	26174	5844	25504	0	1	3155	/home/cms016/home_creur_328375685/CREAM328375685/glide_H17604/main/condor/sbin/condor_master -f -pidfile /home/cms016/home_creur_328375685/CREAM328375685/glide_H17604/condor_master2.pid      
 Nov 27 02:27:12 EET	---	5844	25504	168	----	----	----
 Nov 27 02:28:19 EET	19949	310840	523108	168	13	59	cmsRun -j /home/cms016/home_creur_328375685/CREAM328375685/glide_H17604/execute/dir_17252/crab_fjr_54.xml -p pset.py     
 Nov 27 02:29:30 EET	19949	362464	562532	168	42	129	cmsRun -j /home/cms016/home_creur_328375685/CREAM328375685/glide_H17604/execute/dir_17252/crab_fjr_54.xml -p pset.py     
 Nov 27 02:30:39 EET	19949	363500	563044	168	89	199	cmsRun -j /home/cms016/home_creur_328375685/CREAM328375685/glide_H17604/execute/dir_17252/crab_fjr_54.xml -p pset.py     
 Nov 27 02:32:56 EET	19949	364384	563044	168	158	331	cmsRun -j /home/cms016/home_creur_328375685/CREAM328375685/glide_H17604/execute/dir_17252/crab_fjr_54.xml -p pset.py     
 Nov 27 02:34:01 EET	19949	364476	563044	168	208	402	cmsRun -j /home/cms016/home_creur_328375685/CREAM328375685/glide_H17604/execute/dir_17252/crab_fjr_54.xml -p pset.py     
 Nov 27 02:38:49 EET	---	364476	563044	169	----	----	----
********** WATCHDOG LOG ENDED
ZIPPING WATCHDOG LOG
Disk space used:
du -sh /home/cms016/home_creur_328375685/CREAM328375685/glide_H17604/execute/dir_17252
169M	/home/cms016/home_creur_328375685/CREAM328375685/glide_H17604/execute/dir_17252
>>> info for dashboard:
***** Cat /home/cms016/home_creur_328375685/CREAM328375685/glide_H17604/execute/dir_17252/jobreport.txt *****
MonitorJobID=54_https://submit-2.t2.ucsd.edu//121127//17530.53
MonitorID=liis_crab_0_121127_012908_ngk079
ExeTime=670
ExeExitCode=0
CrabUserCpuTime=347.98
CrabSysCpuTime=9.74
CrabCpuPercentage=53%
CrabWrapperTime=722
CrabStageoutTime=NULL
***** End Cat jobreport *****
Parameters sent to Dashboard.
optHistograms_54_1_XjI.root
crab_fjr_54.xml
CMSSW_54.stdout
CMSSW_54.stderr
Watchdog_54.log.gz
tar: .BrokerInfo: Cannot stat: No such file or directory
tar: Error exit delayed from previous errors
Total Output dimension: 27928
WARNING: output files size limit is set to: 50000000
Total Output dimension 27928 is fine.
JOB_EXIT_STATUS = 0
>>> info for dashboard:
***** Cat /home/cms016/home_creur_328375685/CREAM328375685/glide_H17604/execute/dir_17252/jobreport.txt *****
MonitorJobID=54_https://submit-2.t2.ucsd.edu//121127//17530.53
MonitorID=liis_crab_0_121127_012908_ngk079
JobExitCode=0
***** End Cat jobreport *****
Parameters sent to Dashboard.
optHistograms_54_1_XjI.root
crab_fjr_54.xml
