This script was generated by crab (version 2.8.3).
Running /home/cms030/home_crce1_514596162/CREAM514596162/glide_z30077/execute/dir_12826/condor_exec.exe with 2 positional parameters: 91 1
Today is Tue Nov 27 02:31:15 EET 2012
Job submitted on host wn-v-5420.local
Linux wn-v-5420.local 2.6.32-042stab059.7 #1 SMP Tue Jul 24 19:12:01 MSK 2012 x86_64 x86_64 x86_64 GNU/Linux
>>> current directory (RUNTIME_AREA): /home/cms030/home_crce1_514596162/CREAM514596162/glide_z30077/execute/dir_12826
>>> current user: uid=11030(cms030) gid=1400(cms) groups=1400(cms)
>>> voms proxy information:
subject   : /DC=ch/DC=cern/OU=Organic Units/OU=Users/CN=liis/CN=663550/CN=Liis Rebane/CN=proxy/CN=limited proxy
issuer    : /DC=ch/DC=cern/OU=Organic Units/OU=Users/CN=liis/CN=663550/CN=Liis Rebane/CN=proxy
identity  : /DC=ch/DC=cern/OU=Organic Units/OU=Users/CN=liis/CN=663550/CN=Liis Rebane/CN=proxy
type      : limited proxy
strength  : 512 bits
path      : /home/cms030/home_crce1_514596162/CREAM514596162/glide_z30077/execute/dir_12826/x509up_u1000009
timeleft  : 23:59:40
key usage : Digital Signature, Key Encipherment, Data Encipherment
=== VO cms extension information ===
VO        : cms
subject   : /DC=ch/DC=cern/OU=Organic Units/OU=Users/CN=liis/CN=663550/CN=Liis Rebane
issuer    : /DC=ch/DC=cern/OU=computers/CN=lcg-voms.cern.ch
attribute : /cms/Role=NULL/Capability=NULL
timeleft  : 190:54:22
uri       : lcg-voms.cern.ch:15002
>>> tar xzf /home/cms030/home_crce1_514596162/CREAM514596162/glide_z30077/execute/dir_12826/default.tgz :
Successful untar
>>> Include /home/cms030/home_crce1_514596162/CREAM514596162/glide_z30077/execute/dir_12826 in PYTHONPATH:
strip arguments
env var CRAB_UNIQUE_JOB_ID set to: liis_crab_0_121127_012908_ngk079_91_1_9fW
out_files_91
>>> list of expected files on output sandbox
output files: optHistograms_91_1_9fW.root crab_fjr_91.xml CMSSW_91.stdout CMSSW_91.stderr Watchdog_91.log.gz
>>> GridFlavour discovery: 
GridFlavour=LCG
>>> SyncSite discovery: 
SyncSite=T2_EE_Estonia
>>> SyncCE discovery: 
getting SyncCE from CE_ID
SyncCE=cream1.hep.kbfi.ee:8443/cream-pbs-long
>>> info for dashboard:
***** Cat /home/cms030/home_crce1_514596162/CREAM514596162/glide_z30077/execute/dir_12826/jobreport.txt *****
MonitorJobID=91_https://submit-2.t2.ucsd.edu//121127//17530.90
SyncGridJobId=https://submit-2.t2.ucsd.edu//121127//17530.90
MonitorID=liis_crab_0_121127_012908_ngk079
GridFlavour=LCG
SyncSite=T2_EE_Estonia
SyncCE=cream1.hep.kbfi.ee:8443/cream-pbs-long
***** End Cat jobreport *****
Parameters sent to Dashboard.
>>> setup environment
set SCRAM ARCH to slc5_amd64_gcc462
SCRAM_ARCH = slc5_amd64_gcc462
>>> setup CMS LCG environment:
set SCRAM ARCH and BUILD_ARCH to slc5_amd64_gcc462 ###
Sourcing environment... 
sourcing /cvmfs/cms.cern.ch/cmsset_default.sh
==> setup cms environment ok
>>> specific cmssw setup environment:
CMSSW_VERSION =  CMSSW_5_3_5
>>> current directory (SOFTWARE_DIR): /home/cms030/home_crce1_514596162/CREAM514596162/glide_z30077/execute/dir_12826/CMSSW_5_3_5
PreserveSeeds: <>
IncrementSeeds:<>
{}
WNHostName=wn-v-5420.local
>>> info for dashboard:
***** Cat /home/cms030/home_crce1_514596162/CREAM514596162/glide_z30077/execute/dir_12826/jobreport.txt *****
MonitorJobID=91_https://submit-2.t2.ucsd.edu//121127//17530.90
MonitorID=liis_crab_0_121127_012908_ngk079
WNHostName=wn-v-5420.local
***** End Cat jobreport *****
Parameters sent to Dashboard.
crabWatchdog started as process 18150
>>> moving CMSSW software directories in /home/cms030/home_crce1_514596162/CREAM514596162/glide_z30077/execute/dir_12826/CMSSW_5_3_5
mv: cannot stat `/home/cms030/home_crce1_514596162/CREAM514596162/glide_z30077/execute/dir_12826/module/': No such file or directory
>>> Include /home/cms030/home_crce1_514596162/CREAM514596162/glide_z30077/execute/dir_12826 in PYTHONPATH:
PYTHONPATH=/home/cms030/home_crce1_514596162/CREAM514596162/glide_z30077/execute/dir_12826/:/home/cms030/home_crce1_514596162/CREAM514596162/glide_z30077/execute/dir_12826/CMSSW_5_3_5/python:/home/cms030/home_crce1_514596162/CREAM514596162/glide_z30077/execute/dir_12826/CMSSW_5_3_5/lib/slc5_amd64_gcc462:/cvmfs/cms.cern.ch/slc5_amd64_gcc462/cms/cmssw/CMSSW_5_3_5/python:/cvmfs/cms.cern.ch/slc5_amd64_gcc462/cms/cmssw/CMSSW_5_3_5/lib/slc5_amd64_gcc462:/cvmfs/cms.cern.ch/slc5_amd64_gcc462/cms/coral/CORAL_2_3_21-cms27/slc5_amd64_gcc462/python:/cvmfs/cms.cern.ch/slc5_amd64_gcc462/cms/coral/CORAL_2_3_21-cms27/slc5_amd64_gcc462/lib:/cvmfs/cms.cern.ch/slc5_amd64_gcc462/external/pyqt/4.8.1/lib/python2.6/site-packages:/cvmfs/cms.cern.ch/slc5_amd64_gcc462/external/py2-scipy/0.8.0/lib/python2.6/site-packages:/cvmfs/cms.cern.ch/slc5_amd64_gcc462/external/py2-matplotlib/1.0.1/lib/python2.6/site-packages:/cvmfs/cms.cern.ch/slc5_amd64_gcc462/external/python-ldap/2.3.5/lib/python2.6/site-packages:/cvmfs/cms.cern.ch/slc5_amd64_gcc462/external/sip/4.11.2/lib/python2.6/site-packages:/cvmfs/cms.cern.ch/slc5_amd64_gcc462/external/py2-pycurl/7.19.0/lib/python2.6/site-packages:/cvmfs/cms.cern.ch/slc5_amd64_gcc462/external/py2-numpy/1.6.1/lib/python2.6/site-packages:/cvmfs/cms.cern.ch/slc5_amd64_gcc462/external/py2-ipython/0.10/lib/python2.6/site-packages:/cvmfs/cms.cern.ch/slc5_amd64_gcc462/external/py2-cx-oracle/5.1-cms11/lib/python2.6/site-packages:/cvmfs/cms.cern.ch/slc5_amd64_gcc462/external/py2-cjson/1.0.5/lib/python2.6/site-packages:/cvmfs/cms.cern.ch/slc5_amd64_gcc462/cms/das-client/1.4.1-cms8/bin:/cvmfs/cms.cern.ch/slc5_amd64_gcc462/external/elementtree/1.2.6/share/lib/python2.6/site-packages:/cvmfs/cms.cern.ch/slc5_amd64_gcc462/external/rivet/1.5.1-cms10/lib/python2.6/site-packages:/cvmfs/cms.cern.ch/slc5_amd64_gcc462/external/pyminuit2/0.0.1-cms34/lib/python2.6/site-packages:/cvmfs/cms.cern.ch/slc5_amd64_gcc462/external/professor/1.0.0-cms35/lib/python2.6/site-packages:/cvmfs/cms.cern.ch/slc5_amd64_gcc462/lcg/root/5.32.00-cms18/lib:/cvmfs/cms.cern.ch/slc5_amd64_gcc462/cms/dbs-client/DBS_2_1_1_patch1_1/lib:/cvmfs/cms.cern.ch/slc5_amd64_gcc462/cms/dbs-client/DBS_2_1_1_patch1_1/lib/DBSAPI:/home/cms030/home_crce1_514596162/CREAM514596162/glide_z30077/execute/dir_12826/
241a2a19cb7c5c8751ba22759ab3bdb0
PSETHASH = 241a2a19cb7c5c8751ba22759ab3bdb0
/home/cms030/home_crce1_514596162/CREAM514596162/glide_z30077/execute/dir_12826/writeCfg.py pset.py pset.py
Importing .py file
Setting parameters
inputBlocks=/QCD_Pt_170_250_EMEnriched_TuneZ2star_8TeV_pythia6/mario-Summer12-stop-pfele-step1-3d176ac8da5e9dff208d057f4733ca91/USER#130d237e-abcb-4916-a790-d17c846c5c04
inputFiles=/store/user/mario/QCD_Pt_170_250_EMEnriched_TuneZ2star_8TeV_pythia6/Summer12-stop-pfele-step1/3d176ac8da5e9dff208d057f4733ca91/tuple_71_8_GQ3.root;/store/user/mario/QCD_Pt_170_250_EMEnriched_TuneZ2star_8TeV_pythia6/Summer12-stop-pfele-step1/3d176ac8da5e9dff208d057f4733ca91/tuple_72_8_TYQ.root;/store/user/mario/QCD_Pt_170_250_EMEnriched_TuneZ2star_8TeV_pythia6/Summer12-stop-pfele-step1/3d176ac8da5e9dff208d057f4733ca91/tuple_89_5_vA5.root;/store/user/mario/QCD_Pt_170_250_EMEnriched_TuneZ2star_8TeV_pythia6/Summer12-stop-pfele-step1/3d176ac8da5e9dff208d057f4733ca91/tuple_90_8_G0Q.root;/store/user/mario/QCD_Pt_170_250_EMEnriched_TuneZ2star_8TeV_pythia6/Summer12-stop-pfele-step1/3d176ac8da5e9dff208d057f4733ca91/tuple_91_5_UYv.root
parentFiles=
lumisRange=
>>> Executable cmsRun
/cvmfs/cms.cern.ch/slc5_amd64_gcc462/cms/cmssw/CMSSW_5_3_5/bin/slc5_amd64_gcc462/cmsRun
ok executable found
>>> info for dashboard:
***** Cat /home/cms030/home_crce1_514596162/CREAM514596162/glide_z30077/execute/dir_12826/jobreport.txt *****
MonitorJobID=91_https://submit-2.t2.ucsd.edu//121127//17530.90
MonitorID=liis_crab_0_121127_012908_ngk079
ExeStart=cmsRun
***** End Cat jobreport *****
Parameters sent to Dashboard.
>>> cmsRun started at Tue Nov 27 00:31:42 UTC 2012
>>> cmsRun ended at Tue Nov 27 00:40:22 UTC 2012
>>> info for dashboard:
***** Cat /home/cms030/home_crce1_514596162/CREAM514596162/glide_z30077/execute/dir_12826/jobreport.txt *****
MonitorJobID=91_https://submit-2.t2.ucsd.edu//121127//17530.90
MonitorID=liis_crab_0_121127_012908_ngk079
ExeEnd=cmsRun
***** End Cat jobreport *****
Parameters sent to Dashboard.
TIME_EXE = 520 sec
>>> cmsRun wrote 119 lines of stdout+stderr
>>> START OF printout of 119 lines from stdout+stderr
27-Nov-2012 02:32:09 EET  Initiating request to open file file:/hdfs/cms/store/user/mario/QCD_Pt_170_250_EMEnriched_TuneZ2star_8TeV_pythia6/Summer12-stop-pfele-step1/3d176ac8da5e9dff208d057f4733ca91/tuple_71_8_GQ3.root
27-Nov-2012 02:32:16 EET  Successfully opened file file:/hdfs/cms/store/user/mario/QCD_Pt_170_250_EMEnriched_TuneZ2star_8TeV_pythia6/Summer12-stop-pfele-step1/3d176ac8da5e9dff208d057f4733ca91/tuple_71_8_GQ3.root
Begin processing the 1st record. Run 1, Event 157305210, LumiSection 48507 at 27-Nov-2012 02:32:39.225 EET
Begin processing the 1001st record. Run 1, Event 158234656, LumiSection 48793 at 27-Nov-2012 02:32:50.402 EET
Begin processing the 2001st record. Run 1, Event 158506711, LumiSection 48877 at 27-Nov-2012 02:32:54.343 EET
Begin processing the 3001st record. Run 1, Event 124103738, LumiSection 38269 at 27-Nov-2012 02:33:01.735 EET
Begin processing the 4001st record. Run 1, Event 126982793, LumiSection 39156 at 27-Nov-2012 02:33:05.204 EET
Begin processing the 5001st record. Run 1, Event 125696657, LumiSection 38760 at 27-Nov-2012 02:33:09.172 EET
Begin processing the 6001st record. Run 1, Event 127835982, LumiSection 39420 at 27-Nov-2012 02:33:12.671 EET
Begin processing the 7001st record. Run 1, Event 127874044, LumiSection 39431 at 27-Nov-2012 02:33:17.980 EET
Begin processing the 8001st record. Run 1, Event 128130136, LumiSection 39510 at 27-Nov-2012 02:33:21.334 EET
27-Nov-2012 02:33:24 EET  Closed file file:/hdfs/cms/store/user/mario/QCD_Pt_170_250_EMEnriched_TuneZ2star_8TeV_pythia6/Summer12-stop-pfele-step1/3d176ac8da5e9dff208d057f4733ca91/tuple_71_8_GQ3.root
27-Nov-2012 02:33:24 EET  Initiating request to open file file:/hdfs/cms/store/user/mario/QCD_Pt_170_250_EMEnriched_TuneZ2star_8TeV_pythia6/Summer12-stop-pfele-step1/3d176ac8da5e9dff208d057f4733ca91/tuple_72_8_TYQ.root
27-Nov-2012 02:33:25 EET  Successfully opened file file:/hdfs/cms/store/user/mario/QCD_Pt_170_250_EMEnriched_TuneZ2star_8TeV_pythia6/Summer12-stop-pfele-step1/3d176ac8da5e9dff208d057f4733ca91/tuple_72_8_TYQ.root
Begin processing the 9001st record. Run 1, Event 142808068, LumiSection 44036 at 27-Nov-2012 02:33:52.905 EET
Begin processing the 10001st record. Run 1, Event 166665227, LumiSection 51393 at 27-Nov-2012 02:33:56.794 EET
Begin processing the 11001st record. Run 1, Event 118136899, LumiSection 36429 at 27-Nov-2012 02:34:01.829 EET
Begin processing the 12001st record. Run 1, Event 125272707, LumiSection 38629 at 27-Nov-2012 02:34:05.307 EET
Begin processing the 13001st record. Run 1, Event 126802358, LumiSection 39101 at 27-Nov-2012 02:34:12.465 EET
Begin processing the 14001st record. Run 1, Event 215057017, LumiSection 66315 at 27-Nov-2012 02:34:15.932 EET
Begin processing the 15001st record. Run 1, Event 215592312, LumiSection 66480 at 27-Nov-2012 02:34:22.810 EET
Begin processing the 16001st record. Run 1, Event 216740043, LumiSection 66834 at 27-Nov-2012 02:34:26.215 EET
Begin processing the 17001st record. Run 1, Event 129734232, LumiSection 40005 at 27-Nov-2012 02:34:31.546 EET
Begin processing the 18001st record. Run 1, Event 130552116, LumiSection 40257 at 27-Nov-2012 02:34:35.203 EET
Begin processing the 19001st record. Run 1, Event 130781490, LumiSection 40328 at 27-Nov-2012 02:34:41.131 EET
Begin processing the 20001st record. Run 1, Event 128516544, LumiSection 39629 at 27-Nov-2012 02:34:44.320 EET
Begin processing the 21001st record. Run 1, Event 128926173, LumiSection 39756 at 27-Nov-2012 02:34:50.315 EET
Begin processing the 22001st record. Run 1, Event 129157825, LumiSection 39827 at 27-Nov-2012 02:34:53.836 EET
Begin processing the 23001st record. Run 1, Event 177800449, LumiSection 54826 at 27-Nov-2012 02:34:59.887 EET
Begin processing the 24001st record. Run 1, Event 206776913, LumiSection 63761 at 27-Nov-2012 02:35:03.313 EET
Begin processing the 25001st record. Run 1, Event 217128758, LumiSection 66954 at 27-Nov-2012 02:35:09.971 EET
Begin processing the 26001st record. Run 1, Event 167715753, LumiSection 51717 at 27-Nov-2012 02:35:13.603 EET
Begin processing the 27001st record. Run 1, Event 172586665, LumiSection 53219 at 27-Nov-2012 02:35:18.167 EET
Begin processing the 28001st record. Run 1, Event 181990997, LumiSection 56119 at 27-Nov-2012 02:35:21.402 EET
Begin processing the 29001st record. Run 1, Event 157900157, LumiSection 48690 at 27-Nov-2012 02:35:25.910 EET
Begin processing the 30001st record. Run 1, Event 158310168, LumiSection 48816 at 27-Nov-2012 02:35:29.650 EET
27-Nov-2012 02:35:31 EET  Closed file file:/hdfs/cms/store/user/mario/QCD_Pt_170_250_EMEnriched_TuneZ2star_8TeV_pythia6/Summer12-stop-pfele-step1/3d176ac8da5e9dff208d057f4733ca91/tuple_72_8_TYQ.root
27-Nov-2012 02:35:31 EET  Initiating request to open file file:/hdfs/cms/store/user/mario/QCD_Pt_170_250_EMEnriched_TuneZ2star_8TeV_pythia6/Summer12-stop-pfele-step1/3d176ac8da5e9dff208d057f4733ca91/tuple_89_5_vA5.root
27-Nov-2012 02:35:31 EET  Successfully opened file file:/hdfs/cms/store/user/mario/QCD_Pt_170_250_EMEnriched_TuneZ2star_8TeV_pythia6/Summer12-stop-pfele-step1/3d176ac8da5e9dff208d057f4733ca91/tuple_89_5_vA5.root
Begin processing the 31001st record. Run 1, Event 181196491, LumiSection 55874 at 27-Nov-2012 02:35:53.334 EET
Begin processing the 32001st record. Run 1, Event 205948430, LumiSection 63506 at 27-Nov-2012 02:35:56.734 EET
Begin processing the 33001st record. Run 1, Event 120434685, LumiSection 37137 at 27-Nov-2012 02:36:01.902 EET
Begin processing the 34001st record. Run 1, Event 137577567, LumiSection 42423 at 27-Nov-2012 02:36:05.763 EET
Begin processing the 35001st record. Run 1, Event 156406911, LumiSection 48230 at 27-Nov-2012 02:36:12.545 EET
Begin processing the 36001st record. Run 1, Event 133762148, LumiSection 41247 at 27-Nov-2012 02:36:16.347 EET
Begin processing the 37001st record. Run 1, Event 137443179, LumiSection 42382 at 27-Nov-2012 02:36:21.331 EET
Begin processing the 38001st record. Run 1, Event 188741174, LumiSection 58200 at 27-Nov-2012 02:36:25.310 EET
Begin processing the 39001st record. Run 1, Event 150878821, LumiSection 46525 at 27-Nov-2012 02:36:30.809 EET
Begin processing the 40001st record. Run 1, Event 165236115, LumiSection 50952 at 27-Nov-2012 02:36:34.970 EET
Begin processing the 41001st record. Run 1, Event 210957137, LumiSection 65050 at 27-Nov-2012 02:36:40.084 EET
Begin processing the 42001st record. Run 1, Event 211665040, LumiSection 65269 at 27-Nov-2012 02:36:43.569 EET
Begin processing the 43001st record. Run 1, Event 211935410, LumiSection 65352 at 27-Nov-2012 02:36:48.572 EET
Begin processing the 44001st record. Run 1, Event 124415178, LumiSection 38365 at 27-Nov-2012 02:36:52.068 EET
Begin processing the 45001st record. Run 1, Event 125776802, LumiSection 38785 at 27-Nov-2012 02:36:56.844 EET
Begin processing the 46001st record. Run 1, Event 126429293, LumiSection 38986 at 27-Nov-2012 02:37:00.004 EET
Begin processing the 47001st record. Run 1, Event 169279669, LumiSection 52199 at 27-Nov-2012 02:37:04.708 EET
Begin processing the 48001st record. Run 1, Event 175394093, LumiSection 54084 at 27-Nov-2012 02:37:08.770 EET
Begin processing the 49001st record. Run 1, Event 178884180, LumiSection 55161 at 27-Nov-2012 02:37:15.061 EET
Begin processing the 50001st record. Run 1, Event 118672316, LumiSection 36594 at 27-Nov-2012 02:37:18.502 EET
Begin processing the 51001st record. Run 1, Event 119064400, LumiSection 36715 at 27-Nov-2012 02:37:23.487 EET
Begin processing the 52001st record. Run 1, Event 119397932, LumiSection 36818 at 27-Nov-2012 02:37:27.052 EET
27-Nov-2012 02:37:27 EET  Closed file file:/hdfs/cms/store/user/mario/QCD_Pt_170_250_EMEnriched_TuneZ2star_8TeV_pythia6/Summer12-stop-pfele-step1/3d176ac8da5e9dff208d057f4733ca91/tuple_89_5_vA5.root
27-Nov-2012 02:37:27 EET  Initiating request to open file file:/hdfs/cms/store/user/mario/QCD_Pt_170_250_EMEnriched_TuneZ2star_8TeV_pythia6/Summer12-stop-pfele-step1/3d176ac8da5e9dff208d057f4733ca91/tuple_90_8_G0Q.root
27-Nov-2012 02:37:27 EET  Successfully opened file file:/hdfs/cms/store/user/mario/QCD_Pt_170_250_EMEnriched_TuneZ2star_8TeV_pythia6/Summer12-stop-pfele-step1/3d176ac8da5e9dff208d057f4733ca91/tuple_90_8_G0Q.root
Begin processing the 53001st record. Run 1, Event 127633433, LumiSection 39357 at 27-Nov-2012 02:37:53.227 EET
Begin processing the 54001st record. Run 1, Event 129024860, LumiSection 39786 at 27-Nov-2012 02:37:56.560 EET
Begin processing the 55001st record. Run 1, Event 131556810, LumiSection 40567 at 27-Nov-2012 02:38:01.647 EET
Begin processing the 56001st record. Run 1, Event 130822941, LumiSection 40341 at 27-Nov-2012 02:38:05.117 EET
Begin processing the 57001st record. Run 1, Event 131428970, LumiSection 40527 at 27-Nov-2012 02:38:11.179 EET
Begin processing the 58001st record. Run 1, Event 132696507, LumiSection 40918 at 27-Nov-2012 02:38:14.753 EET
Begin processing the 59001st record. Run 1, Event 125575849, LumiSection 38723 at 27-Nov-2012 02:38:20.899 EET
Begin processing the 60001st record. Run 1, Event 127908885, LumiSection 39442 at 27-Nov-2012 02:38:26.197 EET
Begin processing the 61001st record. Run 1, Event 129648940, LumiSection 39979 at 27-Nov-2012 02:38:31.027 EET
Begin processing the 62001st record. Run 1, Event 132881498, LumiSection 40975 at 27-Nov-2012 02:38:34.503 EET
Begin processing the 63001st record. Run 1, Event 133658725, LumiSection 41215 at 27-Nov-2012 02:38:39.573 EET
Begin processing the 64001st record. Run 1, Event 134394525, LumiSection 41442 at 27-Nov-2012 02:38:42.972 EET
Begin processing the 65001st record. Run 1, Event 149993312, LumiSection 46252 at 27-Nov-2012 02:38:46.912 EET
Begin processing the 66001st record. Run 1, Event 150679903, LumiSection 46464 at 27-Nov-2012 02:38:50.339 EET
Begin processing the 67001st record. Run 1, Event 151177945, LumiSection 46617 at 27-Nov-2012 02:38:54.183 EET
Begin processing the 68001st record. Run 1, Event 55290285, LumiSection 17050 at 27-Nov-2012 02:38:57.277 EET
Begin processing the 69001st record. Run 1, Event 130150538, LumiSection 40133 at 27-Nov-2012 02:39:00.905 EET
Begin processing the 70001st record. Run 1, Event 133013646, LumiSection 41016 at 27-Nov-2012 02:39:03.953 EET
Begin processing the 71001st record. Run 1, Event 133576815, LumiSection 41190 at 27-Nov-2012 02:39:08.248 EET
Begin processing the 72001st record. Run 1, Event 134337702, LumiSection 41424 at 27-Nov-2012 02:39:11.684 EET
Begin processing the 73001st record. Run 1, Event 21557768, LumiSection 6648 at 27-Nov-2012 02:39:15.266 EET
27-Nov-2012 02:39:18 EET  Closed file file:/hdfs/cms/store/user/mario/QCD_Pt_170_250_EMEnriched_TuneZ2star_8TeV_pythia6/Summer12-stop-pfele-step1/3d176ac8da5e9dff208d057f4733ca91/tuple_90_8_G0Q.root
27-Nov-2012 02:39:18 EET  Initiating request to open file file:/hdfs/cms/store/user/mario/QCD_Pt_170_250_EMEnriched_TuneZ2star_8TeV_pythia6/Summer12-stop-pfele-step1/3d176ac8da5e9dff208d057f4733ca91/tuple_91_5_UYv.root
27-Nov-2012 02:39:18 EET  Successfully opened file file:/hdfs/cms/store/user/mario/QCD_Pt_170_250_EMEnriched_TuneZ2star_8TeV_pythia6/Summer12-stop-pfele-step1/3d176ac8da5e9dff208d057f4733ca91/tuple_91_5_UYv.root
Begin processing the 74001st record. Run 1, Event 132658292, LumiSection 40907 at 27-Nov-2012 02:39:34.426 EET
Begin processing the 75001st record. Run 1, Event 134453054, LumiSection 41460 at 27-Nov-2012 02:39:37.941 EET
Begin processing the 76001st record. Run 1, Event 123432429, LumiSection 38062 at 27-Nov-2012 02:39:42.803 EET
Begin processing the 77001st record. Run 1, Event 133519829, LumiSection 41172 at 27-Nov-2012 02:39:46.261 EET
Begin processing the 78001st record. Run 1, Event 150483986, LumiSection 46403 at 27-Nov-2012 02:39:50.514 EET
Begin processing the 79001st record. Run 1, Event 210474311, LumiSection 64902 at 27-Nov-2012 02:39:53.800 EET
Begin processing the 80001st record. Run 1, Event 215448068, LumiSection 66435 at 27-Nov-2012 02:39:59.275 EET
Begin processing the 81001st record. Run 1, Event 133622225, LumiSection 41204 at 27-Nov-2012 02:40:02.657 EET
Begin processing the 82001st record. Run 1, Event 134173631, LumiSection 41374 at 27-Nov-2012 02:40:07.094 EET
Begin processing the 83001st record. Run 1, Event 151072088, LumiSection 46585 at 27-Nov-2012 02:40:10.226 EET
Begin processing the 84001st record. Run 1, Event 152334512, LumiSection 46974 at 27-Nov-2012 02:40:15.472 EET
Begin processing the 85001st record. Run 1, Event 155928515, LumiSection 48082 at 27-Nov-2012 02:40:18.749 EET
27-Nov-2012 02:40:20 EET  Closed file file:/hdfs/cms/store/user/mario/QCD_Pt_170_250_EMEnriched_TuneZ2star_8TeV_pythia6/Summer12-stop-pfele-step1/3d176ac8da5e9dff208d057f4733ca91/tuple_91_5_UYv.root

=============================================

MessageLogger Summary

 type     category        sev    module        subroutine        count    total
 ---- -------------------- -- ---------------- ----------------  -----    -----
    1 fileAction           -s file_close                             5        5
    2 fileAction           -s file_open                             10       10

 type    category    Examples: run/evt        run/evt          run/evt
 ---- -------------------- ---------------- ---------------- ----------------
    1 fileAction           PostProcessEvent PostProcessEvent PostEndRun
    2 fileAction           pre-events       pre-events       PostProcessEvent

Severity    # Occurrences   Total Occurrences
--------    -------------   -----------------
System                 15                  15
>>> END OF printout of 119 lines from stdout+stderr
>>> Parse FrameworkJobReport crab_fjr.xml
Result of parsing the FrameworkJobReport crab_fjr.xml: Popularity start
lumisRange : 1::4727,4740,6604,6648,11298,11548,16998,17001,17016,17050,17083,17097,36818,36829,36853,36857,36928,37809,37966,38448,38723,38815,38845,38958,39030,39076,39090,39095,39118,39134,39170,39262,39282,39286,39316,39357,39364,39371,39438,39442,39448,39454,39502,39515,39542,39562,39601,39606,39620,39684,39786,39933,39976,39979,39982-39983,39992,40087-40088,40100,40117,40133,40135,40143,40151,40219,40223,40264,40340-40342,40344,40357-40360,40401-40403,40503,40505,40511,40527,40532,40565,40567,40594,40605,40693-40694,40711,40713,40715,40818,40918,40933,40943,40945,40975,40980,40992,41013,41016,41021-41023,41036,41043,41080-41081,41115,41118,41143,41147,41152,41162,41170,41182,41188,41190,41210,41215,41228-41229,41233,41243,41245,41252,41263,41283,41303,41336,41399,41417,41424,41428,41442,41481,41485,41532,41534,41548,41575,41587,41595,41665,41842,41846,46252,46257-46258,46260,46264,46291,46296-46297,46317,46345,46464,46471,46475,46477,46481,46493,46518,46617,49352-49353::1;1::38151,38184,38215,38269,38458,38479,38532,38552,38568,38628,38644,38650,38692,38727,38731,38757,38760,38784,38826,38832,38913,39156,39206,39223,39236,39304,39334,39342,39380,39386,39418,39420,39431,39462,39475-39476,39492,39495,39509-39510,39587,39604,39673,39708,40513,40682,41194,41295,42549-42550,48495,48504,48507,48592,48607-48608,48614,48793,48837,48839-48841,48867,48877,48882,48898,48916,48939,48946::2;1::36429,36458,38020,38103,38404,38476,38496,38519,38553,38572,38629,38695,38901,38960,39022,39101,39164,39168,39191,39197,39247,39326,39532,39554,39573,39613,39629,39654,39686,39729-39730,39742,39753,39756-39757,39784,39815,39823,39827,39852,39920,39972,40004-40005,40032-40033,40040-40041,40048,40134,40171,40224,40249,40253,40257,40277-40278,40283,40286-40287,40291,40325,40328-40329,40350,41097,42550,44036-44037,46641,47640,48450,48492,48597,48623,48683,48690,48698,48702-48703,48710,48735,48763,48767,48789-48790,48816,48874,48878,48887,48978,48988,50694,50696,50698-50699,51393-51394,51463-51464,51716-51717,51794-51795,52025,52046-52047,52108,52947-52948,52971-52972,53071,53074-53075,53077,53215,53219,53242-53243,54144,54826,55024,55041,55052,55055,55926,56006,56011,56021,56085,56119,57060,58123,63179,63524,63761,63830,64014,64163,65490,65927,66225,66236-66237,66260,66302,66315,66331,66341,66428,66447,66480,66518,66526,66539,66560,66595,66763,66770,66779,66781,66788,66834,66844,66856,66954,66956,66979::3;1::33283,33788,38062,38599,40209,40216,40481,40530,40565,40882,40907,40919,40958,41060,41105,41124,41172,41180,41183,41201,41204,41206,41208,41220,41227,41249,41305-41306,41308,41320,41325,41351,41374,41382,41409,41437-41438,41440,41450,41460,41465,41473,41477,41495,41517,42478-42479,46265,46270,46277,46289,46363,46379,46402-46403,46585,46589,46637,46695,46704,46732,46747,46762,46807,46812,46823,46846,46974,47151,47281,47295,47340,47995,48041,48076,48080-48083,48103,64743,64887,64891,64902,65172,65344,65375,65436,65687,65703,66435,66940::4;1::27525,27630,27732,27748,27924,27927,27994,28423,28781,29098,34600,34932,35324,36594,36621,36638,36657,36683,36715,36772-36773,36781,36790,36801,36818,36827,37106,37115,37137,37364,37489,37542,37593,38365,38559,38627,38680,38686,38724,38750,38785-38786,38798,38824,38864,38884,38902,38965,38986,38999,39088,39135,39561,39911,39952,39971,39999,41006,41247,42142,42144,42370-42371,42379-42383,42385-42386,42391,42403-42404,42419-42421,42423,42591,42595,46457,46525,46754,46787,47373,47425,47434,47479,47822,48026,48229-48230,48615,48628,48819,48845,49089-49090,50891,50952,51351-51352,52199,52201,52829-52830,53079-53080,53810,53814,54032,54084,54845,54876,54929,54942,54972,54974,54995,55018,55070,55161,55786,55803,55810,55826,55869,55874,56016,56052,58057,58200,58333,58558,63299,63314,63337,63461,63506,63526,63550,63672,63735,64888,65050,65054,65085,65122,65143,65156,65165,65168,65171,65269,65282,65299,65316,65329,65338,65352,65373,65392,65409-65410,65454,65559,65680,65688,65795,66110::5;
lumisParentRange : 
Basename : /store/user/mario/QCD_Pt_170_250_EMEnriched_TuneZ2star_8TeV_pythia6/Summer12-stop-pfele-step1/3d176ac8da5e9dff208d057f4733ca91/tuple_
BasenameParent : 
parentFiles : 
inputBlocks : /QCD_Pt_170_250_EMEnriched_TuneZ2star_8TeV_pythia6/mario-Summer12-stop-pfele-step1-3d176ac8da5e9dff208d057f4733ca91/USER#130d237e-abcb-4916-a790-d17c846c5c04
inputFiles : 90_8_G0Q.root::1::EDM::Local::1;71_8_GQ3.root::1::EDM::Local::2;72_8_TYQ.root::1::EDM::Local::3;91_5_UYv.root::1::EDM::Local::4;89_5_vA5.root::1::EDM::Local::5;
Popularity stop
Extracted ExitStatus from FrameworkJobReport parsing output: 0
>>> Executable succeded  0
ExeExitCode=0
EXECUTABLE_EXIT_STATUS = 0
>>> current directory /home/cms030/home_crce1_514596162/CREAM514596162/glide_z30077/execute/dir_12826/CMSSW_5_3_5
>>>  (SOFTWARE_DIR): /home/cms030/home_crce1_514596162/CREAM514596162/glide_z30077/execute/dir_12826/CMSSW_5_3_5
>>> (WORKING_DIR): 
>>> current directory content:
total 156
drwxr-xr-x 3 cms030 cms  4096 Nov 27 02:31 .SCRAM
-rw-r--r-- 1 cms030 cms 30066 Nov 27 02:31 CMSSW.py.pkl
drwxr-xr-x 3 cms030 cms  4096 Nov 27 02:31 bin
drwxr-xr-x 3 cms030 cms  4096 Nov 27 02:31 cfipython
drwxr-xr-x 5 cms030 cms  4096 Nov 27 02:31 config
-rw-r--r-- 1 cms030 cms    16 Nov 27 02:40 cpu_timing.txt
drwxr-xr-x 2 cms030 cms  4096 Nov 27 02:31 doc
-rw-r--r-- 1 cms030 cms 13510 Nov 27 02:40 executable.out
drwxr-xr-x 2 cms030 cms  4096 Nov 27 02:31 include
drwxrwxrwx 3 cms030 cms  4096 Oct 22 16:38 lib
drwxr-xr-x 3 cms030 cms  4096 Nov 27 02:31 logs
drwxr-xr-x 3 cms030 cms  4096 Nov 27 02:31 objs
-rw-r--r-- 1 cms030 cms 17785 Nov 27 02:40 optHistograms.root
-rw-r--r-- 1 cms030 cms   104 Nov 27 02:31 pset.py
-rw-r--r-- 1 cms030 cms 19503 Nov 27 02:31 pset.py.pkl
-rw-r--r-- 1 cms030 cms   289 Nov 27 02:31 pset.pyc
drwxr-xr-x 2 cms030 cms  4096 Nov 27 02:31 python
-rw-r--r-- 1 cms030 cms   420 Nov 27 02:40 report.log
drwxrwxrwx 4 cms030 cms  4096 Nov 27 02:31 src
drwxr-xr-x 3 cms030 cms  4096 Nov 27 02:31 test
drwxr-xr-x 3 cms030 cms  4096 Nov 27 02:31 tmp
>>> current directory /home/cms030/home_crce1_514596162/CREAM514596162/glide_z30077/execute/dir_12826/CMSSW_5_3_5
>>> (SOFTWARE_DIR): /home/cms030/home_crce1_514596162/CREAM514596162/glide_z30077/execute/dir_12826/CMSSW_5_3_5
>>> (WORKING_DIR): 
>>> current directory content:
total 136
drwxr-xr-x 3 cms030 cms  4096 Nov 27 02:31 .SCRAM
-rw-r--r-- 1 cms030 cms 30066 Nov 27 02:31 CMSSW.py.pkl
drwxr-xr-x 3 cms030 cms  4096 Nov 27 02:31 bin
drwxr-xr-x 3 cms030 cms  4096 Nov 27 02:31 cfipython
drwxr-xr-x 5 cms030 cms  4096 Nov 27 02:31 config
-rw-r--r-- 1 cms030 cms    16 Nov 27 02:40 cpu_timing.txt
drwxr-xr-x 2 cms030 cms  4096 Nov 27 02:31 doc
-rw-r--r-- 1 cms030 cms 13510 Nov 27 02:40 executable.out
drwxr-xr-x 2 cms030 cms  4096 Nov 27 02:31 include
drwxrwxrwx 3 cms030 cms  4096 Oct 22 16:38 lib
drwxr-xr-x 3 cms030 cms  4096 Nov 27 02:31 logs
drwxr-xr-x 3 cms030 cms  4096 Nov 27 02:31 objs
-rw-r--r-- 1 cms030 cms   104 Nov 27 02:31 pset.py
-rw-r--r-- 1 cms030 cms 19503 Nov 27 02:31 pset.py.pkl
-rw-r--r-- 1 cms030 cms   289 Nov 27 02:31 pset.pyc
drwxr-xr-x 2 cms030 cms  4096 Nov 27 02:31 python
-rw-r--r-- 1 cms030 cms   420 Nov 27 02:40 report.log
drwxrwxrwx 4 cms030 cms  4096 Nov 27 02:31 src
drwxr-xr-x 3 cms030 cms  4096 Nov 27 02:31 test
drwxr-xr-x 3 cms030 cms  4096 Nov 27 02:31 tmp
>>> current directory (RUNTIME_AREA):  /home/cms030/home_crce1_514596162/CREAM514596162/glide_z30077/execute/dir_12826
>>> current dir: /home/cms030/home_crce1_514596162/CREAM514596162/glide_z30077/execute/dir_12826
>>> current dir content:
total 25792
-rw-rw-rw-  1 cms030 cms     5580 Nov 27 02:30 .job.ad
-rw-rw-rw-  1 cms030 cms    11337 Nov 27 02:30 .machine.ad
-rw-rw-rw-  1 cms030 cms      105 Nov 27 01:29 CMSSW.py
-rw-rw-rw-  1 cms030 cms    30066 Nov 27 01:29 CMSSW.py.pkl
-rwxrw-rw-  1 cms030 cms    23341 Nov 27 02:31 CMSSW.sh
drwxr-xr-x 15 cms030 cms     4096 Nov 27 02:40 CMSSW_5_3_5
-rw-rw-rw-  1 cms030 cms        0 Nov 27 02:31 CMSSW_91.stderr
-rw-rw-rw-  1 cms030 cms    29511 Nov 27 02:40 CMSSW_91.stdout
-rw-r--r--  1 cms030 cms      347 Nov 27 02:31 CacheEnv.sh
-rw-rw-rw-  1 cms030 cms     7291 Jun  9  2010 DashboardAPI.py
-rw-r--r--  1 cms030 cms     6883 Nov 27 02:31 DashboardAPI.pyc
drwxrwxrwx  3 cms030 cms     4096 Nov 27 02:40 IMProv
-rw-rw-rw-  1 cms030 cms     2748 Mar  8  2006 Logger.py
-rw-r--r--  1 cms030 cms     3353 Nov 27 02:31 Logger.pyc
-rw-rw-rw-  1 cms030 cms    24524 Mar 28  2008 ProcInfo.py
-rw-r--r--  1 cms030 cms    23470 Nov 27 02:31 ProcInfo.pyc
drwxrwxrwx  7 cms030 cms     4096 Nov 27 02:31 ProdCommon
drwxrwxrwx  3 cms030 cms     4096 Nov 27 02:31 WMCore
-rw-r--r--  1 cms030 cms     2678 Nov 27 02:40 Watchdog_91.log
-rw-rw-rw-  1 cms030 cms    32895 Mar 28  2008 apmon.py
-rw-r--r--  1 cms030 cms    28874 Nov 27 02:31 apmon.pyc
-rw-rw-rw-  1 cms030 cms   100215 Nov 27 02:31 arguments.xml
-rwxrwxrwx  1 cms030 cms    37427 Sep 13 14:14 cmscp.py
-rwxrwxrwx  1 cms030 cms    23341 Nov 27 02:31 condor_exec.exe
-rw-rw-rw-  1 cms030 cms      546 Nov 27 01:29 crab.cfg
-rwxrwxrwx  1 cms030 cms     9531 Sep 20 21:46 crabWatchdog.sh
-rw-r--r--  1 cms030 cms    48325 Nov 27 02:40 crab_fjr_91.xml
-rw-rw-rw-  1 cms030 cms 25796303 Nov 27 02:31 default.tgz
-rwxrwxrwx  1 cms030 cms     4488 May 12  2012 fillCrabFjr.py
-rw-r--r--  1 cms030 cms      941 Nov 27 02:31 inputsReport.txt
-rw-r--r--  1 cms030 cms      132 Nov 27 02:40 jobreport.txt
lrwxrwxrwx  1 cms030 cms      107 Nov 27 02:40 optHistograms.root -> /home/cms030/home_crce1_514596162/CREAM514596162/glide_z30077/execute/dir_12826/optHistograms_91_1_9fW.root
-rw-r--r--  1 cms030 cms    17785 Nov 27 02:40 optHistograms_91_1_9fW.root
-rw-rw-rw-  1 cms030 cms    17352 Jan 20  2012 parseCrabFjr.py
-rw-r--r--  1 cms030 cms      285 Nov 27 02:31 report.log
-rwxrwxrwx  1 cms030 cms     1497 May 27  2009 report.py
-rwxrwxrwx  1 cms030 cms     8387 Mar 23  2011 writeCfg.py
-rw-------  1 cms030 cms     8691 Nov 27 02:30 x509up_u1000009
Checking output files:  
will tar file optHistograms_91_1_9fW.root in  out_files_91
will tar file crab_fjr_91.xml in  out_files_91
will tar file CMSSW_91.stdout in  out_files_91
will tar file CMSSW_91.stderr in  out_files_91
WARNING: output file Watchdog_91.log.gz not found!
>>> padding time: Sleeping the wrapper for 39 seconds
STOPPING WATCHDOG. CrabWatchdog PID is 18150
********** LAST 50 LINES OF WATCHDOG LOG
# RESOURCE USAGE SUMMARY FOR PROCESS ID 14458
USER       PID %CPU %MEM    VSZ   RSS TTY      STAT START   TIME COMMAND
cms030   14458  0.1  0.0   8956  1488 ?        S    02:31   0:00 /bin/sh /home/cms030/home_crce1_514596162/CREAM514596162/glide_z30077/execute/dir_12826/condor_exec.exe 91 1
 
# LIMITS USED BY THIS WATCHDOG:
# RSS  (KBytes)  : 2300000
# VSZ  (KBytes)  : 100000000
# DISK (MBytes)  : 19000
# CPU  (seconds) : 171600
# WALL (seconds) : 171600
 
# FOLLOWING PRINTOUT TRACKS MAXIMUM VALUES OF RESOURCES USE
# ONE LINE IS PRINTED EACH TIME A MAXIMUM CHANGES
# IF CHANGE WAS IN RSS OR VSZ ALSO PROCID AND COMMAND ARE PRINTED
# THERE IS NO PRINTOUT FOR CPU/WALL TIME INCREASE
 
# TIME			PID	RSS(KB)	VSZ(KB)	Dsk(MB)	tCPU(s)	tWALL(s)	COMMAND
 Nov 27 02:31:30 EET	3577	1344	8816	0	0	780	/bin/bash /home/cms030/home_crce1_514596162/CREAM514596162/glide_z30077/main/condor_startup.sh glidein_config       
 Nov 27 02:31:30 EET	4234	5972	9704	0	0	780	/home/cms030/home_crce1_514596162/CREAM514596162/glide_z30077/main/condor/sbin/condor_master -f -pidfile /home/cms030/home_crce1_514596162/CREAM514596162/glide_z30077/condor_master2.pid      
 Nov 27 02:31:30 EET	30017	5972	25504	0	0	816	perl -e ?use Socket;??sub send_notify {? $cream_url = "193.40.150.141:49152";die "No
 Nov 27 02:31:30 EET	---	5972	25504	168	----	----	----
 Nov 27 02:32:37 EET	4234	6008	25504	168	0	846	/home/cms030/home_crce1_514596162/CREAM514596162/glide_z30077/main/condor/sbin/condor_master -f -pidfile /home/cms030/home_crce1_514596162/CREAM514596162/glide_z30077/condor_master2.pid      
 Nov 27 02:32:37 EET	21276	311220	525696	168	13	58	cmsRun -j /home/cms030/home_crce1_514596162/CREAM514596162/glide_z30077/execute/dir_12826/crab_fjr_91.xml -p pset.py     
 Nov 27 02:33:43 EET	21276	327376	536932	168	44	126	cmsRun -j /home/cms030/home_crce1_514596162/CREAM514596162/glide_z30077/execute/dir_12826/crab_fjr_91.xml -p pset.py     
 Nov 27 02:34:51 EET	21276	363716	562788	168	91	193	cmsRun -j /home/cms030/home_crce1_514596162/CREAM514596162/glide_z30077/execute/dir_12826/crab_fjr_91.xml -p pset.py     
 Nov 27 02:35:58 EET	21276	363720	562788	168	129	261	cmsRun -j /home/cms030/home_crce1_514596162/CREAM514596162/glide_z30077/execute/dir_12826/crab_fjr_91.xml -p pset.py     
 Nov 27 02:37:08 EET	21276	363932	562788	168	183	331	cmsRun -j /home/cms030/home_crce1_514596162/CREAM514596162/glide_z30077/execute/dir_12826/crab_fjr_91.xml -p pset.py     
 Nov 27 02:38:17 EET	21276	364668	563044	168	219	399	cmsRun -j /home/cms030/home_crce1_514596162/CREAM514596162/glide_z30077/execute/dir_12826/crab_fjr_91.xml -p pset.py     
 Nov 27 02:40:31 EET	---	364668	563044	169	----	----	----
********** WATCHDOG LOG ENDED
ZIPPING WATCHDOG LOG
Disk space used:
du -sh /home/cms030/home_crce1_514596162/CREAM514596162/glide_z30077/execute/dir_12826
169M	/home/cms030/home_crce1_514596162/CREAM514596162/glide_z30077/execute/dir_12826
>>> info for dashboard:
***** Cat /home/cms030/home_crce1_514596162/CREAM514596162/glide_z30077/execute/dir_12826/jobreport.txt *****
MonitorJobID=91_https://submit-2.t2.ucsd.edu//121127//17530.90
MonitorID=liis_crab_0_121127_012908_ngk079
ExeTime=520
ExeExitCode=0
CrabUserCpuTime=297.46
CrabSysCpuTime=9.79
CrabCpuPercentage=59%
CrabWrapperTime=600
CrabStageoutTime=NULL
***** End Cat jobreport *****
Parameters sent to Dashboard.
optHistograms_91_1_9fW.root
crab_fjr_91.xml
CMSSW_91.stdout
CMSSW_91.stderr
Watchdog_91.log.gz
tar: .BrokerInfo: Cannot stat: No such file or directory
tar: Error exit delayed from previous errors
Total Output dimension: 28237
WARNING: output files size limit is set to: 50000000
Total Output dimension 28237 is fine.
JOB_EXIT_STATUS = 0
>>> info for dashboard:
***** Cat /home/cms030/home_crce1_514596162/CREAM514596162/glide_z30077/execute/dir_12826/jobreport.txt *****
MonitorJobID=91_https://submit-2.t2.ucsd.edu//121127//17530.90
MonitorID=liis_crab_0_121127_012908_ngk079
JobExitCode=0
***** End Cat jobreport *****
Parameters sent to Dashboard.
optHistograms_91_1_9fW.root
crab_fjr_91.xml
