This script was generated by crab (version 2.8.3).
Running /home/cms006/home_crce1_909063810/CREAM909063810/glide_a13836/execute/dir_5208/condor_exec.exe with 2 positional parameters: 28 1
Today is Tue Nov 27 02:21:16 EET 2012
Job submitted on host wn-v-3800.local
Linux wn-v-3800.local 2.6.32-042stab059.7 #1 SMP Tue Jul 24 19:12:01 MSK 2012 x86_64 x86_64 x86_64 GNU/Linux
>>> current directory (RUNTIME_AREA): /home/cms006/home_crce1_909063810/CREAM909063810/glide_a13836/execute/dir_5208
>>> current user: uid=11006(cms006) gid=1400(cms) groups=1400(cms)
>>> voms proxy information:
subject   : /DC=ch/DC=cern/OU=Organic Units/OU=Users/CN=liis/CN=663550/CN=Liis Rebane/CN=proxy/CN=limited proxy
issuer    : /DC=ch/DC=cern/OU=Organic Units/OU=Users/CN=liis/CN=663550/CN=Liis Rebane/CN=proxy
identity  : /DC=ch/DC=cern/OU=Organic Units/OU=Users/CN=liis/CN=663550/CN=Liis Rebane/CN=proxy
type      : limited proxy
strength  : 512 bits
path      : /home/cms006/home_crce1_909063810/CREAM909063810/glide_a13836/execute/dir_5208/x509up_u1000009
timeleft  : 23:59:54
key usage : Digital Signature, Key Encipherment, Data Encipherment
=== VO cms extension information ===
VO        : cms
subject   : /DC=ch/DC=cern/OU=Organic Units/OU=Users/CN=liis/CN=663550/CN=Liis Rebane
issuer    : /DC=ch/DC=cern/OU=computers/CN=lcg-voms.cern.ch
attribute : /cms/Role=NULL/Capability=NULL
timeleft  : 191:04:21
uri       : lcg-voms.cern.ch:15002
>>> tar xzf /home/cms006/home_crce1_909063810/CREAM909063810/glide_a13836/execute/dir_5208/default.tgz :
Successful untar
>>> Include /home/cms006/home_crce1_909063810/CREAM909063810/glide_a13836/execute/dir_5208 in PYTHONPATH:
strip arguments
env var CRAB_UNIQUE_JOB_ID set to: liis_crab_0_121127_012908_ngk079_28_1_qV6
out_files_28
>>> list of expected files on output sandbox
output files: optHistograms_28_1_qV6.root crab_fjr_28.xml CMSSW_28.stdout CMSSW_28.stderr Watchdog_28.log.gz
>>> GridFlavour discovery: 
GridFlavour=LCG
>>> SyncSite discovery: 
SyncSite=T2_EE_Estonia
>>> SyncCE discovery: 
getting SyncCE from CE_ID
SyncCE=cream1.hep.kbfi.ee:8443/cream-pbs-long
>>> info for dashboard:
***** Cat /home/cms006/home_crce1_909063810/CREAM909063810/glide_a13836/execute/dir_5208/jobreport.txt *****
MonitorJobID=28_https://submit-2.t2.ucsd.edu//121127//17530.27
SyncGridJobId=https://submit-2.t2.ucsd.edu//121127//17530.27
MonitorID=liis_crab_0_121127_012908_ngk079
GridFlavour=LCG
SyncSite=T2_EE_Estonia
SyncCE=cream1.hep.kbfi.ee:8443/cream-pbs-long
***** End Cat jobreport *****
Parameters sent to Dashboard.
>>> setup environment
set SCRAM ARCH to slc5_amd64_gcc462
SCRAM_ARCH = slc5_amd64_gcc462
>>> setup CMS LCG environment:
set SCRAM ARCH and BUILD_ARCH to slc5_amd64_gcc462 ###
Sourcing environment... 
sourcing /cvmfs/cms.cern.ch/cmsset_default.sh
==> setup cms environment ok
>>> specific cmssw setup environment:
CMSSW_VERSION =  CMSSW_5_3_5
>>> current directory (SOFTWARE_DIR): /home/cms006/home_crce1_909063810/CREAM909063810/glide_a13836/execute/dir_5208/CMSSW_5_3_5
PreserveSeeds: <>
IncrementSeeds:<>
{}
WNHostName=wn-v-3800.local
>>> info for dashboard:
***** Cat /home/cms006/home_crce1_909063810/CREAM909063810/glide_a13836/execute/dir_5208/jobreport.txt *****
MonitorJobID=28_https://submit-2.t2.ucsd.edu//121127//17530.27
MonitorID=liis_crab_0_121127_012908_ngk079
WNHostName=wn-v-3800.local
***** End Cat jobreport *****
Parameters sent to Dashboard.
crabWatchdog started as process 5818
>>> moving CMSSW software directories in /home/cms006/home_crce1_909063810/CREAM909063810/glide_a13836/execute/dir_5208/CMSSW_5_3_5
mv: cannot stat `/home/cms006/home_crce1_909063810/CREAM909063810/glide_a13836/execute/dir_5208/module/': No such file or directory
>>> Include /home/cms006/home_crce1_909063810/CREAM909063810/glide_a13836/execute/dir_5208 in PYTHONPATH:
PYTHONPATH=/home/cms006/home_crce1_909063810/CREAM909063810/glide_a13836/execute/dir_5208/:/home/cms006/home_crce1_909063810/CREAM909063810/glide_a13836/execute/dir_5208/CMSSW_5_3_5/python:/home/cms006/home_crce1_909063810/CREAM909063810/glide_a13836/execute/dir_5208/CMSSW_5_3_5/lib/slc5_amd64_gcc462:/cvmfs/cms.cern.ch/slc5_amd64_gcc462/cms/cmssw/CMSSW_5_3_5/python:/cvmfs/cms.cern.ch/slc5_amd64_gcc462/cms/cmssw/CMSSW_5_3_5/lib/slc5_amd64_gcc462:/cvmfs/cms.cern.ch/slc5_amd64_gcc462/cms/coral/CORAL_2_3_21-cms27/slc5_amd64_gcc462/python:/cvmfs/cms.cern.ch/slc5_amd64_gcc462/cms/coral/CORAL_2_3_21-cms27/slc5_amd64_gcc462/lib:/cvmfs/cms.cern.ch/slc5_amd64_gcc462/external/pyqt/4.8.1/lib/python2.6/site-packages:/cvmfs/cms.cern.ch/slc5_amd64_gcc462/external/py2-scipy/0.8.0/lib/python2.6/site-packages:/cvmfs/cms.cern.ch/slc5_amd64_gcc462/external/py2-matplotlib/1.0.1/lib/python2.6/site-packages:/cvmfs/cms.cern.ch/slc5_amd64_gcc462/external/python-ldap/2.3.5/lib/python2.6/site-packages:/cvmfs/cms.cern.ch/slc5_amd64_gcc462/external/sip/4.11.2/lib/python2.6/site-packages:/cvmfs/cms.cern.ch/slc5_amd64_gcc462/external/py2-pycurl/7.19.0/lib/python2.6/site-packages:/cvmfs/cms.cern.ch/slc5_amd64_gcc462/external/py2-numpy/1.6.1/lib/python2.6/site-packages:/cvmfs/cms.cern.ch/slc5_amd64_gcc462/external/py2-ipython/0.10/lib/python2.6/site-packages:/cvmfs/cms.cern.ch/slc5_amd64_gcc462/external/py2-cx-oracle/5.1-cms11/lib/python2.6/site-packages:/cvmfs/cms.cern.ch/slc5_amd64_gcc462/external/py2-cjson/1.0.5/lib/python2.6/site-packages:/cvmfs/cms.cern.ch/slc5_amd64_gcc462/cms/das-client/1.4.1-cms8/bin:/cvmfs/cms.cern.ch/slc5_amd64_gcc462/external/elementtree/1.2.6/share/lib/python2.6/site-packages:/cvmfs/cms.cern.ch/slc5_amd64_gcc462/external/rivet/1.5.1-cms10/lib/python2.6/site-packages:/cvmfs/cms.cern.ch/slc5_amd64_gcc462/external/pyminuit2/0.0.1-cms34/lib/python2.6/site-packages:/cvmfs/cms.cern.ch/slc5_amd64_gcc462/external/professor/1.0.0-cms35/lib/python2.6/site-packages:/cvmfs/cms.cern.ch/slc5_amd64_gcc462/lcg/root/5.32.00-cms18/lib:/cvmfs/cms.cern.ch/slc5_amd64_gcc462/cms/dbs-client/DBS_2_1_1_patch1_1/lib:/cvmfs/cms.cern.ch/slc5_amd64_gcc462/cms/dbs-client/DBS_2_1_1_patch1_1/lib/DBSAPI:/home/cms006/home_crce1_909063810/CREAM909063810/glide_a13836/execute/dir_5208/
241a2a19cb7c5c8751ba22759ab3bdb0
PSETHASH = 241a2a19cb7c5c8751ba22759ab3bdb0
/home/cms006/home_crce1_909063810/CREAM909063810/glide_a13836/execute/dir_5208/writeCfg.py pset.py pset.py
Importing .py file
Setting parameters
inputBlocks=/QCD_Pt_170_250_EMEnriched_TuneZ2star_8TeV_pythia6/mario-Summer12-stop-pfele-step1-3d176ac8da5e9dff208d057f4733ca91/USER#130d237e-abcb-4916-a790-d17c846c5c04
inputFiles=/store/user/mario/QCD_Pt_170_250_EMEnriched_TuneZ2star_8TeV_pythia6/Summer12-stop-pfele-step1/3d176ac8da5e9dff208d057f4733ca91/tuple_246_9_uld.root;/store/user/mario/QCD_Pt_170_250_EMEnriched_TuneZ2star_8TeV_pythia6/Summer12-stop-pfele-step1/3d176ac8da5e9dff208d057f4733ca91/tuple_247_6_HrH.root;/store/user/mario/QCD_Pt_170_250_EMEnriched_TuneZ2star_8TeV_pythia6/Summer12-stop-pfele-step1/3d176ac8da5e9dff208d057f4733ca91/tuple_248_7_wuP.root;/store/user/mario/QCD_Pt_170_250_EMEnriched_TuneZ2star_8TeV_pythia6/Summer12-stop-pfele-step1/3d176ac8da5e9dff208d057f4733ca91/tuple_338_7_O0e.root
parentFiles=
lumisRange=
>>> Executable cmsRun
/cvmfs/cms.cern.ch/slc5_amd64_gcc462/cms/cmssw/CMSSW_5_3_5/bin/slc5_amd64_gcc462/cmsRun
ok executable found
>>> info for dashboard:
***** Cat /home/cms006/home_crce1_909063810/CREAM909063810/glide_a13836/execute/dir_5208/jobreport.txt *****
MonitorJobID=28_https://submit-2.t2.ucsd.edu//121127//17530.27
MonitorID=liis_crab_0_121127_012908_ngk079
ExeStart=cmsRun
***** End Cat jobreport *****
Parameters sent to Dashboard.
>>> cmsRun started at Tue Nov 27 00:21:37 UTC 2012
>>> cmsRun ended at Tue Nov 27 00:30:49 UTC 2012
>>> info for dashboard:
***** Cat /home/cms006/home_crce1_909063810/CREAM909063810/glide_a13836/execute/dir_5208/jobreport.txt *****
MonitorJobID=28_https://submit-2.t2.ucsd.edu//121127//17530.27
MonitorID=liis_crab_0_121127_012908_ngk079
ExeEnd=cmsRun
***** End Cat jobreport *****
Parameters sent to Dashboard.
TIME_EXE = 552 sec
>>> cmsRun wrote 116 lines of stdout+stderr
>>> START OF printout of 116 lines from stdout+stderr
27-Nov-2012 02:21:55 EET  Initiating request to open file file:/hdfs/cms/store/user/mario/QCD_Pt_170_250_EMEnriched_TuneZ2star_8TeV_pythia6/Summer12-stop-pfele-step1/3d176ac8da5e9dff208d057f4733ca91/tuple_246_9_uld.root
27-Nov-2012 02:22:04 EET  Successfully opened file file:/hdfs/cms/store/user/mario/QCD_Pt_170_250_EMEnriched_TuneZ2star_8TeV_pythia6/Summer12-stop-pfele-step1/3d176ac8da5e9dff208d057f4733ca91/tuple_246_9_uld.root
Begin processing the 1st record. Run 1, Event 111924054, LumiSection 34513 at 27-Nov-2012 02:22:26.251 EET
Begin processing the 1001st record. Run 1, Event 112365875, LumiSection 34649 at 27-Nov-2012 02:22:35.755 EET
Begin processing the 2001st record. Run 1, Event 116878965, LumiSection 36041 at 27-Nov-2012 02:22:40.708 EET
Begin processing the 3001st record. Run 1, Event 117915186, LumiSection 36360 at 27-Nov-2012 02:22:45.656 EET
Begin processing the 4001st record. Run 1, Event 119659163, LumiSection 36898 at 27-Nov-2012 02:22:50.013 EET
Begin processing the 5001st record. Run 1, Event 124226493, LumiSection 38307 at 27-Nov-2012 02:22:59.176 EET
Begin processing the 6001st record. Run 1, Event 127425869, LumiSection 39293 at 27-Nov-2012 02:23:05.049 EET
Begin processing the 7001st record. Run 1, Event 120270829, LumiSection 37087 at 27-Nov-2012 02:23:12.218 EET
Begin processing the 8001st record. Run 1, Event 106731108, LumiSection 32912 at 27-Nov-2012 02:23:17.298 EET
Begin processing the 9001st record. Run 1, Event 116049717, LumiSection 35785 at 27-Nov-2012 02:23:22.497 EET
Begin processing the 10001st record. Run 1, Event 125293877, LumiSection 38636 at 27-Nov-2012 02:23:25.992 EET
Begin processing the 11001st record. Run 1, Event 106860335, LumiSection 32952 at 27-Nov-2012 02:23:33.294 EET
Begin processing the 12001st record. Run 1, Event 110386257, LumiSection 34039 at 27-Nov-2012 02:23:37.256 EET
Begin processing the 13001st record. Run 1, Event 102997289, LumiSection 31760 at 27-Nov-2012 02:23:44.237 EET
Begin processing the 14001st record. Run 1, Event 122072206, LumiSection 37642 at 27-Nov-2012 02:23:48.745 EET
Begin processing the 15001st record. Run 1, Event 115284121, LumiSection 35549 at 27-Nov-2012 02:23:54.454 EET
Begin processing the 16001st record. Run 1, Event 117767870, LumiSection 36315 at 27-Nov-2012 02:23:58.504 EET
Begin processing the 17001st record. Run 1, Event 100888067, LumiSection 31110 at 27-Nov-2012 02:24:06.938 EET
Begin processing the 18001st record. Run 1, Event 113866185, LumiSection 35112 at 27-Nov-2012 02:24:11.448 EET
Begin processing the 19001st record. Run 1, Event 121874670, LumiSection 37581 at 27-Nov-2012 02:24:18.868 EET
Begin processing the 20001st record. Run 1, Event 117522047, LumiSection 36239 at 27-Nov-2012 02:24:22.854 EET
Begin processing the 21001st record. Run 1, Event 116659979, LumiSection 35973 at 27-Nov-2012 02:24:27.667 EET
27-Nov-2012 02:24:28 EET  Closed file file:/hdfs/cms/store/user/mario/QCD_Pt_170_250_EMEnriched_TuneZ2star_8TeV_pythia6/Summer12-stop-pfele-step1/3d176ac8da5e9dff208d057f4733ca91/tuple_246_9_uld.root
27-Nov-2012 02:24:28 EET  Initiating request to open file file:/hdfs/cms/store/user/mario/QCD_Pt_170_250_EMEnriched_TuneZ2star_8TeV_pythia6/Summer12-stop-pfele-step1/3d176ac8da5e9dff208d057f4733ca91/tuple_247_6_HrH.root
27-Nov-2012 02:24:29 EET  Successfully opened file file:/hdfs/cms/store/user/mario/QCD_Pt_170_250_EMEnriched_TuneZ2star_8TeV_pythia6/Summer12-stop-pfele-step1/3d176ac8da5e9dff208d057f4733ca91/tuple_247_6_HrH.root
Begin processing the 22001st record. Run 1, Event 121183253, LumiSection 37368 at 27-Nov-2012 02:24:46.336 EET
Begin processing the 23001st record. Run 1, Event 109080704, LumiSection 33636 at 27-Nov-2012 02:24:50.007 EET
Begin processing the 24001st record. Run 1, Event 113071546, LumiSection 34867 at 27-Nov-2012 02:24:56.276 EET
Begin processing the 25001st record. Run 1, Event 115204626, LumiSection 35525 at 27-Nov-2012 02:24:59.995 EET
Begin processing the 26001st record. Run 1, Event 111237118, LumiSection 34301 at 27-Nov-2012 02:25:06.110 EET
Begin processing the 27001st record. Run 1, Event 114898521, LumiSection 35430 at 27-Nov-2012 02:25:09.608 EET
Begin processing the 28001st record. Run 1, Event 128339935, LumiSection 39575 at 27-Nov-2012 02:25:16.554 EET
Begin processing the 29001st record. Run 1, Event 111942237, LumiSection 34519 at 27-Nov-2012 02:25:20.464 EET
Begin processing the 30001st record. Run 1, Event 115707342, LumiSection 35680 at 27-Nov-2012 02:25:26.326 EET
Begin processing the 31001st record. Run 1, Event 116872779, LumiSection 36039 at 27-Nov-2012 02:25:31.458 EET
Begin processing the 32001st record. Run 1, Event 116450353, LumiSection 35909 at 27-Nov-2012 02:25:38.828 EET
Begin processing the 33001st record. Run 1, Event 108763677, LumiSection 33538 at 27-Nov-2012 02:25:43.796 EET
Begin processing the 34001st record. Run 1, Event 111615682, LumiSection 34418 at 27-Nov-2012 02:25:49.219 EET
Begin processing the 35001st record. Run 1, Event 114684858, LumiSection 35364 at 27-Nov-2012 02:25:52.702 EET
Begin processing the 36001st record. Run 1, Event 104988667, LumiSection 32374 at 27-Nov-2012 02:25:59.863 EET
Begin processing the 37001st record. Run 1, Event 112510032, LumiSection 34694 at 27-Nov-2012 02:26:03.891 EET
Begin processing the 38001st record. Run 1, Event 114368946, LumiSection 35267 at 27-Nov-2012 02:26:09.466 EET
Begin processing the 39001st record. Run 1, Event 111362280, LumiSection 34340 at 27-Nov-2012 02:26:13.490 EET
Begin processing the 40001st record. Run 1, Event 122714646, LumiSection 37840 at 27-Nov-2012 02:26:17.323 EET
Begin processing the 41001st record. Run 1, Event 125119602, LumiSection 38582 at 27-Nov-2012 02:26:23.371 EET
Begin processing the 42001st record. Run 1, Event 110836170, LumiSection 34178 at 27-Nov-2012 02:26:27.939 EET
Begin processing the 43001st record. Run 1, Event 111123844, LumiSection 34266 at 27-Nov-2012 02:26:35.580 EET
27-Nov-2012 02:26:35 EET  Closed file file:/hdfs/cms/store/user/mario/QCD_Pt_170_250_EMEnriched_TuneZ2star_8TeV_pythia6/Summer12-stop-pfele-step1/3d176ac8da5e9dff208d057f4733ca91/tuple_247_6_HrH.root
27-Nov-2012 02:26:35 EET  Initiating request to open file file:/hdfs/cms/store/user/mario/QCD_Pt_170_250_EMEnriched_TuneZ2star_8TeV_pythia6/Summer12-stop-pfele-step1/3d176ac8da5e9dff208d057f4733ca91/tuple_248_7_wuP.root
27-Nov-2012 02:26:36 EET  Successfully opened file file:/hdfs/cms/store/user/mario/QCD_Pt_170_250_EMEnriched_TuneZ2star_8TeV_pythia6/Summer12-stop-pfele-step1/3d176ac8da5e9dff208d057f4733ca91/tuple_248_7_wuP.root
Begin processing the 44001st record. Run 1, Event 113710266, LumiSection 35064 at 27-Nov-2012 02:26:57.828 EET
Begin processing the 45001st record. Run 1, Event 109839901, LumiSection 33870 at 27-Nov-2012 02:27:01.571 EET
Begin processing the 46001st record. Run 1, Event 113636858, LumiSection 35041 at 27-Nov-2012 02:27:07.459 EET
Begin processing the 47001st record. Run 1, Event 120427126, LumiSection 37135 at 27-Nov-2012 02:27:12.375 EET
Begin processing the 48001st record. Run 1, Event 115698195, LumiSection 35677 at 27-Nov-2012 02:27:17.553 EET
Begin processing the 49001st record. Run 1, Event 117927775, LumiSection 36364 at 27-Nov-2012 02:27:21.121 EET
Begin processing the 50001st record. Run 1, Event 112423162, LumiSection 34667 at 27-Nov-2012 02:27:25.826 EET
Begin processing the 51001st record. Run 1, Event 112837789, LumiSection 34795 at 27-Nov-2012 02:27:29.559 EET
Begin processing the 52001st record. Run 1, Event 113320941, LumiSection 34944 at 27-Nov-2012 02:27:36.661 EET
Begin processing the 53001st record. Run 1, Event 115120230, LumiSection 35499 at 27-Nov-2012 02:27:40.094 EET
Begin processing the 54001st record. Run 1, Event 117290261, LumiSection 36168 at 27-Nov-2012 02:27:46.315 EET
Begin processing the 55001st record. Run 1, Event 116644830, LumiSection 35969 at 27-Nov-2012 02:27:51.348 EET
Begin processing the 56001st record. Run 1, Event 120769935, LumiSection 37241 at 27-Nov-2012 02:28:00.066 EET
Begin processing the 57001st record. Run 1, Event 123701378, LumiSection 38145 at 27-Nov-2012 02:28:04.963 EET
Begin processing the 58001st record. Run 1, Event 124939202, LumiSection 38526 at 27-Nov-2012 02:28:10.245 EET
Begin processing the 59001st record. Run 1, Event 117422089, LumiSection 36208 at 27-Nov-2012 02:28:13.857 EET
Begin processing the 60001st record. Run 1, Event 120049837, LumiSection 37019 at 27-Nov-2012 02:28:21.097 EET
Begin processing the 61001st record. Run 1, Event 120236787, LumiSection 37076 at 27-Nov-2012 02:28:24.989 EET
Begin processing the 62001st record. Run 1, Event 105565958, LumiSection 32552 at 27-Nov-2012 02:28:30.857 EET
Begin processing the 63001st record. Run 1, Event 106284566, LumiSection 32774 at 27-Nov-2012 02:28:34.536 EET
Begin processing the 64001st record. Run 1, Event 107262891, LumiSection 33076 at 27-Nov-2012 02:28:38.815 EET
27-Nov-2012 02:28:41 EET  Closed file file:/hdfs/cms/store/user/mario/QCD_Pt_170_250_EMEnriched_TuneZ2star_8TeV_pythia6/Summer12-stop-pfele-step1/3d176ac8da5e9dff208d057f4733ca91/tuple_248_7_wuP.root
27-Nov-2012 02:28:41 EET  Initiating request to open file file:/hdfs/cms/store/user/mario/QCD_Pt_170_250_EMEnriched_TuneZ2star_8TeV_pythia6/Summer12-stop-pfele-step1/3d176ac8da5e9dff208d057f4733ca91/tuple_338_7_O0e.root
27-Nov-2012 02:28:41 EET  Successfully opened file file:/hdfs/cms/store/user/mario/QCD_Pt_170_250_EMEnriched_TuneZ2star_8TeV_pythia6/Summer12-stop-pfele-step1/3d176ac8da5e9dff208d057f4733ca91/tuple_338_7_O0e.root
Begin processing the 65001st record. Run 1, Event 150569734, LumiSection 46430 at 27-Nov-2012 02:28:58.586 EET
Begin processing the 66001st record. Run 1, Event 207748985, LumiSection 64061 at 27-Nov-2012 02:29:02.682 EET
Begin processing the 67001st record. Run 1, Event 96616527, LumiSection 29793 at 27-Nov-2012 02:29:09.007 EET
Begin processing the 68001st record. Run 1, Event 201908673, LumiSection 62260 at 27-Nov-2012 02:29:14.817 EET
Begin processing the 69001st record. Run 1, Event 209578597, LumiSection 64625 at 27-Nov-2012 02:29:20.857 EET
Begin processing the 70001st record. Run 1, Event 79901630, LumiSection 24639 at 27-Nov-2012 02:29:26.191 EET
Begin processing the 71001st record. Run 1, Event 85952751, LumiSection 26505 at 27-Nov-2012 02:29:32.073 EET
Begin processing the 72001st record. Run 1, Event 85950928, LumiSection 26504 at 27-Nov-2012 02:29:36.239 EET
Begin processing the 73001st record. Run 1, Event 88043792, LumiSection 27149 at 27-Nov-2012 02:29:42.203 EET
Begin processing the 74001st record. Run 1, Event 88321228, LumiSection 27235 at 27-Nov-2012 02:29:46.658 EET
Begin processing the 75001st record. Run 1, Event 88975415, LumiSection 27437 at 27-Nov-2012 02:29:52.390 EET
Begin processing the 76001st record. Run 1, Event 89794956, LumiSection 27689 at 27-Nov-2012 02:29:56.413 EET
Begin processing the 77001st record. Run 1, Event 91629869, LumiSection 28255 at 27-Nov-2012 02:30:00.251 EET
Begin processing the 78001st record. Run 1, Event 92086269, LumiSection 28396 at 27-Nov-2012 02:30:06.366 EET
Begin processing the 79001st record. Run 1, Event 93087207, LumiSection 28705 at 27-Nov-2012 02:30:10.664 EET
Begin processing the 80001st record. Run 1, Event 94254011, LumiSection 29064 at 27-Nov-2012 02:30:15.286 EET
Begin processing the 81001st record. Run 1, Event 150437589, LumiSection 46389 at 27-Nov-2012 02:30:18.792 EET
Begin processing the 82001st record. Run 1, Event 207750128, LumiSection 64062 at 27-Nov-2012 02:30:25.839 EET
Begin processing the 83001st record. Run 1, Event 209334405, LumiSection 64550 at 27-Nov-2012 02:30:34.370 EET
Begin processing the 84001st record. Run 1, Event 211017543, LumiSection 65069 at 27-Nov-2012 02:30:40.964 EET
Begin processing the 85001st record. Run 1, Event 88250082, LumiSection 27213 at 27-Nov-2012 02:30:44.703 EET
27-Nov-2012 02:30:47 EET  Closed file file:/hdfs/cms/store/user/mario/QCD_Pt_170_250_EMEnriched_TuneZ2star_8TeV_pythia6/Summer12-stop-pfele-step1/3d176ac8da5e9dff208d057f4733ca91/tuple_338_7_O0e.root

=============================================

MessageLogger Summary

 type     category        sev    module        subroutine        count    total
 ---- -------------------- -- ---------------- ----------------  -----    -----
    1 fileAction           -s file_close                             4        4
    2 fileAction           -s file_open                              8        8

 type    category    Examples: run/evt        run/evt          run/evt
 ---- -------------------- ---------------- ---------------- ----------------
    1 fileAction           PostProcessEvent PostProcessEvent PostEndRun
    2 fileAction           pre-events       pre-events       PostProcessEvent

Severity    # Occurrences   Total Occurrences
--------    -------------   -----------------
System                 12                  12
>>> END OF printout of 116 lines from stdout+stderr
>>> Parse FrameworkJobReport crab_fjr.xml
Result of parsing the FrameworkJobReport crab_fjr.xml: Popularity start
lumisRange : 1::31110,31743,31760,31995,32008,32130,32330,32432,32912,32949,32951-32952,33148,33212,33224,33245,33258,33348,33424,33480,34039,34077,34382,34389,34396,34425,34458,34463,34490,34513,34528,34545,34589,34603,34617,34649,34670,34688,34698,34700,34741,34807,34833,34935,35011,35072,35112,35142,35163,35322,35330,35334-35335,35348,35375,35457,35497,35520,35549,35560,35562,35686-35687,35710,35785,35788,35837,35855,35891,35940,35971,35973,36005,36010,36022-36023,36035,36041,36048,36050,36068,36094,36130,36150,36163,36170,36205,36217,36232,36239,36293,36305,36315,36344,36360-36361,36376,36397,36483,36493,36497,36533,36656,36696,36699,36714,36716,36875,36888,36898,36946,36969,36975,36988,37018,37042,37059,37084,37087,37130,37145,37192,37243,37450,37465,37473,37484,37581,37629,37642,37696,37760,37763,37777,37783,37826,37877,37943,38003,38057,38086,38101,38160,38175,38297,38299,38307-38308,38321,38329,38383,38403,38413,38636,38701,38711,38765,38969,39116,39293,39321,39330,39346,39425,39543,39621,39687,39765,59512::1;1::30363,30390,32442,32453,32552,32575,32607,32756,32774,32794,32888,32893,32911,32929,32997,33076,33110,33154,33168,33200,33568,33734-33735,33870,34065,34088,34182,34320,34354,34482,34667,34671,34729,34770,34789,34793,34795-34796,34820,34840,34858,34862,34865,34875,34882-34883,34903,34933,34944,34946,35016,35019,35041,35052,35064,35092,35124,35136,35140,35156,35189,35192,35212,35237,35277,35300,35376,35407,35448,35499,35553,35558,35581,35617,35627,35640,35642,35652,35663,35666,35677,35682,35688,35731,35762,35776,35792,35880,35911,35919,35924,35931,35948,35957,35969,36049,36060,36074,36076,36124,36136-36137,36151,36168,36200,36208,36248,36295,36335,36364,36410,36413,36472,36500,36569,36731,36837,36842,36923,36977,37019,37044,37049,37057,37066,37076,37080,37099,37135,37144,37149,37176,37182,37200,37206,37221,37241,37273-37274,37298,37302,37357,37464,37562,37565,37730,37874,38047,38068,38083,38095,38130,38145,38149,38168,38250,38426,38440,38443,38526,38545,38714,38961,38982,39006,39072,39216,39219,39432::2;1::24384,24639,25974,26082,26149,26174,26198,26281,26286,26298,26473,26476,26503-26505,26541,26562,26595,26604,26609,26645,26770,27007,27121,27125,27132,27140,27149,27186,27199,27201-27202,27213,27224,27226,27235,27271,27292,27295,27302,27356,27369,27396-27397,27414,27430-27432,27437,27465,27471,27474,27488,27560,27622,27689,27691,27706,27738,27740,27749,27903,28068,28255,28286,28289,28389,28393,28396,28440,28456,28459,28474,28483,28539,28561,28565,28571,28583,28594,28705,28810,28847,28965,28970,29020,29035,29054,29064,29325,29331,29483,29559,29793-29794,29814,29835,36450,37513,41141,41146,46383,46389,46428,46430,47094,47176,47336,47612,48445,48476,48624,48687,52849,53227,56701,56794,62260,62750,63806,63854,63956,64049,64061-64062,64073,64075,64097-64098,64149,64192,64215,64226,64243,64250,64263,64268,64306,64385,64483,64517,64522,64550,64625-64626,64740,64750,64761,64790,64822,64850,64883,64897,64936,64954,64963,65030,65045,65069,65101,65117,65192,65230::3;1::26950,27357,30099,30236,30434,30665,31045,31208,32145,32153,32254,32374,32414,32633,32638,33437,33458,33490,33524,33538,33636,33677,33771,33785,33800,33832,33848,34004,34019,34092,34111,34121,34178,34193,34206,34216,34266,34290,34301,34310,34317,34340,34354,34414,34417-34418,34424,34430-34431,34494,34505,34515,34519,34605,34624,34694,34754,34777,34787,34826,34838,34853,34866-34867,34894,34896,34913,34916,34953,34963,34967,35018,35037,35059,35082,35126,35130,35150,35152,35155,35158,35172,35177,35190,35224,35240,35267,35287,35308,35313,35316,35323,35364,35373,35384,35406,35426,35430,35476,35486-35488,35504,35521,35525,35573,35575,35578,35634,35654,35680,35722,35726,35733,35739,35746,35836,35909,36027,36039,36087,36194,36237,36254,36380,36404,36409,36439,36560,36644,36835,36859,36937,37018,37114,37116,37123,37225,37314,37347,37368,37583,37623,37711,37840,37860,37863,37972,38005,38112,38285,38316,38428,38527,38582,38656,38687,38867,38959,39120,39178,39199,39241,39257,39390,39395,39424,39452,39575::4;
lumisParentRange : 
Basename : /store/user/mario/QCD_Pt_170_250_EMEnriched_TuneZ2star_8TeV_pythia6/Summer12-stop-pfele-step1/3d176ac8da5e9dff208d057f4733ca91/tuple_
BasenameParent : 
parentFiles : 
inputBlocks : /QCD_Pt_170_250_EMEnriched_TuneZ2star_8TeV_pythia6/mario-Summer12-stop-pfele-step1-3d176ac8da5e9dff208d057f4733ca91/USER#130d237e-abcb-4916-a790-d17c846c5c04
inputFiles : 246_9_uld.root::1::EDM::Local::1;248_7_wuP.root::1::EDM::Local::2;338_7_O0e.root::1::EDM::Local::3;247_6_HrH.root::1::EDM::Local::4;
Popularity stop
Extracted ExitStatus from FrameworkJobReport parsing output: 0
>>> Executable succeded  0
ExeExitCode=0
EXECUTABLE_EXIT_STATUS = 0
>>> current directory /home/cms006/home_crce1_909063810/CREAM909063810/glide_a13836/execute/dir_5208/CMSSW_5_3_5
>>>  (SOFTWARE_DIR): /home/cms006/home_crce1_909063810/CREAM909063810/glide_a13836/execute/dir_5208/CMSSW_5_3_5
>>> (WORKING_DIR): 
>>> current directory content:
total 156
drwxr-xr-x 3 cms006 cms  4096 Nov 27 02:21 .SCRAM
-rw-r--r-- 1 cms006 cms 30066 Nov 27 02:21 CMSSW.py.pkl
drwxr-xr-x 3 cms006 cms  4096 Nov 27 02:21 bin
drwxr-xr-x 3 cms006 cms  4096 Nov 27 02:21 cfipython
drwxr-xr-x 5 cms006 cms  4096 Nov 27 02:21 config
-rw-r--r-- 1 cms006 cms    16 Nov 27 02:30 cpu_timing.txt
drwxr-xr-x 2 cms006 cms  4096 Nov 27 02:21 doc
-rw-r--r-- 1 cms006 cms 12882 Nov 27 02:30 executable.out
drwxr-xr-x 2 cms006 cms  4096 Nov 27 02:21 include
drwxrwxrwx 3 cms006 cms  4096 Oct 22 16:38 lib
drwxr-xr-x 3 cms006 cms  4096 Nov 27 02:21 logs
drwxr-xr-x 3 cms006 cms  4096 Nov 27 02:21 objs
-rw-r--r-- 1 cms006 cms 17120 Nov 27 02:30 optHistograms.root
-rw-r--r-- 1 cms006 cms   104 Nov 27 02:21 pset.py
-rw-r--r-- 1 cms006 cms 19349 Nov 27 02:21 pset.py.pkl
-rw-r--r-- 1 cms006 cms   289 Nov 27 02:21 pset.pyc
drwxr-xr-x 2 cms006 cms  4096 Nov 27 02:21 python
-rw-r--r-- 1 cms006 cms   420 Nov 27 02:30 report.log
drwxrwxrwx 4 cms006 cms  4096 Nov 27 02:21 src
drwxr-xr-x 3 cms006 cms  4096 Nov 27 02:21 test
drwxr-xr-x 3 cms006 cms  4096 Nov 27 02:21 tmp
>>> current directory /home/cms006/home_crce1_909063810/CREAM909063810/glide_a13836/execute/dir_5208/CMSSW_5_3_5
>>> (SOFTWARE_DIR): /home/cms006/home_crce1_909063810/CREAM909063810/glide_a13836/execute/dir_5208/CMSSW_5_3_5
>>> (WORKING_DIR): 
>>> current directory content:
total 136
drwxr-xr-x 3 cms006 cms  4096 Nov 27 02:21 .SCRAM
-rw-r--r-- 1 cms006 cms 30066 Nov 27 02:21 CMSSW.py.pkl
drwxr-xr-x 3 cms006 cms  4096 Nov 27 02:21 bin
drwxr-xr-x 3 cms006 cms  4096 Nov 27 02:21 cfipython
drwxr-xr-x 5 cms006 cms  4096 Nov 27 02:21 config
-rw-r--r-- 1 cms006 cms    16 Nov 27 02:30 cpu_timing.txt
drwxr-xr-x 2 cms006 cms  4096 Nov 27 02:21 doc
-rw-r--r-- 1 cms006 cms 12882 Nov 27 02:30 executable.out
drwxr-xr-x 2 cms006 cms  4096 Nov 27 02:21 include
drwxrwxrwx 3 cms006 cms  4096 Oct 22 16:38 lib
drwxr-xr-x 3 cms006 cms  4096 Nov 27 02:21 logs
drwxr-xr-x 3 cms006 cms  4096 Nov 27 02:21 objs
-rw-r--r-- 1 cms006 cms   104 Nov 27 02:21 pset.py
-rw-r--r-- 1 cms006 cms 19349 Nov 27 02:21 pset.py.pkl
-rw-r--r-- 1 cms006 cms   289 Nov 27 02:21 pset.pyc
drwxr-xr-x 2 cms006 cms  4096 Nov 27 02:21 python
-rw-r--r-- 1 cms006 cms   420 Nov 27 02:30 report.log
drwxrwxrwx 4 cms006 cms  4096 Nov 27 02:21 src
drwxr-xr-x 3 cms006 cms  4096 Nov 27 02:21 test
drwxr-xr-x 3 cms006 cms  4096 Nov 27 02:21 tmp
>>> current directory (RUNTIME_AREA):  /home/cms006/home_crce1_909063810/CREAM909063810/glide_a13836/execute/dir_5208
>>> current dir: /home/cms006/home_crce1_909063810/CREAM909063810/glide_a13836/execute/dir_5208
>>> current dir content:
total 25784
-rw-rw-rw-  1 cms006 cms     5600 Nov 27 02:21 .job.ad
-rw-rw-rw-  1 cms006 cms    11426 Nov 27 02:21 .machine.ad
-rw-rw-rw-  1 cms006 cms      105 Nov 27 01:29 CMSSW.py
-rw-rw-rw-  1 cms006 cms    30066 Nov 27 01:29 CMSSW.py.pkl
-rwxrw-rw-  1 cms006 cms    23341 Nov 27 02:21 CMSSW.sh
-rw-rw-rw-  1 cms006 cms        0 Nov 27 02:21 CMSSW_28.stderr
-rw-rw-rw-  1 cms006 cms    28757 Nov 27 02:31 CMSSW_28.stdout
drwxr-xr-x 15 cms006 cms     4096 Nov 27 02:31 CMSSW_5_3_5
-rw-r--r--  1 cms006 cms      346 Nov 27 02:21 CacheEnv.sh
-rw-rw-rw-  1 cms006 cms     7291 Jun  9  2010 DashboardAPI.py
-rw-r--r--  1 cms006 cms     6868 Nov 27 02:21 DashboardAPI.pyc
drwxrwxrwx  3 cms006 cms     4096 Nov 27 02:30 IMProv
-rw-rw-rw-  1 cms006 cms     2748 Mar  8  2006 Logger.py
-rw-r--r--  1 cms006 cms     3348 Nov 27 02:21 Logger.pyc
-rw-rw-rw-  1 cms006 cms    24524 Mar 28  2008 ProcInfo.py
-rw-r--r--  1 cms006 cms    23446 Nov 27 02:21 ProcInfo.pyc
drwxrwxrwx  7 cms006 cms     4096 Nov 27 02:21 ProdCommon
drwxrwxrwx  3 cms006 cms     4096 Nov 27 02:21 WMCore
-rw-r--r--  1 cms006 cms     2358 Nov 27 02:30 Watchdog_28.log
-rw-rw-rw-  1 cms006 cms    32895 Mar 28  2008 apmon.py
-rw-r--r--  1 cms006 cms    28845 Nov 27 02:21 apmon.pyc
-rw-rw-rw-  1 cms006 cms   100215 Nov 27 02:21 arguments.xml
-rwxrwxrwx  1 cms006 cms    37427 Sep 13 14:14 cmscp.py
-rwxrwxrwx  1 cms006 cms    23341 Nov 27 02:21 condor_exec.exe
-rw-rw-rw-  1 cms006 cms      546 Nov 27 01:29 crab.cfg
-rwxrwxrwx  1 cms006 cms     9531 Sep 20 21:46 crabWatchdog.sh
-rw-r--r--  1 cms006 cms    45054 Nov 27 02:30 crab_fjr_28.xml
-rw-rw-rw-  1 cms006 cms 25796303 Nov 27 02:21 default.tgz
-rwxrwxrwx  1 cms006 cms     4488 May 12  2012 fillCrabFjr.py
-rw-r--r--  1 cms006 cms      798 Nov 27 02:21 inputsReport.txt
-rw-r--r--  1 cms006 cms      132 Nov 27 02:31 jobreport.txt
lrwxrwxrwx  1 cms006 cms      106 Nov 27 02:31 optHistograms.root -> /home/cms006/home_crce1_909063810/CREAM909063810/glide_a13836/execute/dir_5208/optHistograms_28_1_qV6.root
-rw-r--r--  1 cms006 cms    17120 Nov 27 02:30 optHistograms_28_1_qV6.root
-rw-rw-rw-  1 cms006 cms    17352 Jan 20  2012 parseCrabFjr.py
-rw-r--r--  1 cms006 cms      285 Nov 27 02:21 report.log
-rwxrwxrwx  1 cms006 cms     1497 May 27  2009 report.py
-rwxrwxrwx  1 cms006 cms     8387 Mar 23  2011 writeCfg.py
-rw-------  1 cms006 cms     8691 Nov 27 02:21 x509up_u1000009
Checking output files:  
will tar file optHistograms_28_1_qV6.root in  out_files_28
will tar file crab_fjr_28.xml in  out_files_28
will tar file CMSSW_28.stdout in  out_files_28
will tar file CMSSW_28.stderr in  out_files_28
WARNING: output file Watchdog_28.log.gz not found!
>>> padding time: Sleeping the wrapper for 9 seconds
STOPPING WATCHDOG. CrabWatchdog PID is 5818
********** LAST 50 LINES OF WATCHDOG LOG
# RESOURCE USAGE SUMMARY FOR PROCESS ID  5723
USER       PID %CPU %MEM    VSZ   RSS TTY      STAT START   TIME COMMAND
cms006    5723  0.2  0.0   8956  1488 ?        S    02:21   0:00 /bin/sh /home/cms006/home_crce1_909063810/CREAM909063810/glide_a13836/execute/dir_5208/condor_exec.exe 28 1
 
# LIMITS USED BY THIS WATCHDOG:
# RSS  (KBytes)  : 2300000
# VSZ  (KBytes)  : 100000000
# DISK (MBytes)  : 19000
# CPU  (seconds) : 171600
# WALL (seconds) : 171600
 
# FOLLOWING PRINTOUT TRACKS MAXIMUM VALUES OF RESOURCES USE
# ONE LINE IS PRINTED EACH TIME A MAXIMUM CHANGES
# IF CHANGE WAS IN RSS OR VSZ ALSO PROCID AND COMMAND ARE PRINTED
# THERE IS NO PRINTOUT FOR CPU/WALL TIME INCREASE
 
# TIME			PID	RSS(KB)	VSZ(KB)	Dsk(MB)	tCPU(s)	tWALL(s)	COMMAND
 Nov 27 02:21:23 EET	5208	5304	9296	0	0	16	condor_starter -f submit-2.t2.ucsd.edu       
 Nov 27 02:21:23 EET	5835	22704	84724	0	0	1	edmConfigHash pset.py        
 Nov 27 02:21:23 EET	---	22704	84724	168	----	----	----
 Nov 27 02:22:28 EET	14144	357728	560744	168	16	57	cmsRun -j /home/cms006/home_crce1_909063810/CREAM909063810/glide_a13836/execute/dir_5208/crab_fjr_28.xml -p pset.py     
 Nov 27 02:23:36 EET	14144	358560	561256	168	60	126	cmsRun -j /home/cms006/home_crce1_909063810/CREAM909063810/glide_a13836/execute/dir_5208/crab_fjr_28.xml -p pset.py     
 Nov 27 02:24:45 EET	14144	362528	562536	168	98	192	cmsRun -j /home/cms006/home_crce1_909063810/CREAM909063810/glide_a13836/execute/dir_5208/crab_fjr_28.xml -p pset.py     
 Nov 27 02:25:51 EET	14144	363564	562792	168	146	262	cmsRun -j /home/cms006/home_crce1_909063810/CREAM909063810/glide_a13836/execute/dir_5208/crab_fjr_28.xml -p pset.py     
 Nov 27 02:27:01 EET	14144	363800	562792	168	184	330	cmsRun -j /home/cms006/home_crce1_909063810/CREAM909063810/glide_a13836/execute/dir_5208/crab_fjr_28.xml -p pset.py     
 Nov 27 02:28:10 EET	14144	364184	562792	168	231	397	cmsRun -j /home/cms006/home_crce1_909063810/CREAM909063810/glide_a13836/execute/dir_5208/crab_fjr_28.xml -p pset.py     
 Nov 27 02:29:17 EET	14144	364184	564072	168	268	463	cmsRun -j /home/cms006/home_crce1_909063810/CREAM909063810/glide_a13836/execute/dir_5208/crab_fjr_28.xml -p pset.py     
 Nov 27 02:30:22 EET	14144	364504	564328	168	318	534	cmsRun -j /home/cms006/home_crce1_909063810/CREAM909063810/glide_a13836/execute/dir_5208/crab_fjr_28.xml -p pset.py     
********** WATCHDOG LOG ENDED
ZIPPING WATCHDOG LOG
Disk space used:
du -sh /home/cms006/home_crce1_909063810/CREAM909063810/glide_a13836/execute/dir_5208
169M	/home/cms006/home_crce1_909063810/CREAM909063810/glide_a13836/execute/dir_5208
>>> info for dashboard:
***** Cat /home/cms006/home_crce1_909063810/CREAM909063810/glide_a13836/execute/dir_5208/jobreport.txt *****
MonitorJobID=28_https://submit-2.t2.ucsd.edu//121127//17530.27
MonitorID=liis_crab_0_121127_012908_ngk079
ExeTime=552
ExeExitCode=0
CrabUserCpuTime=319.97
CrabSysCpuTime=9.42
CrabCpuPercentage=59%
CrabWrapperTime=600
CrabStageoutTime=NULL
***** End Cat jobreport *****
Parameters sent to Dashboard.
optHistograms_28_1_qV6.root
crab_fjr_28.xml
CMSSW_28.stdout
CMSSW_28.stderr
Watchdog_28.log.gz
tar: .BrokerInfo: Cannot stat: No such file or directory
tar: Error exit delayed from previous errors
Total Output dimension: 27122
WARNING: output files size limit is set to: 50000000
Total Output dimension 27122 is fine.
JOB_EXIT_STATUS = 0
>>> info for dashboard:
***** Cat /home/cms006/home_crce1_909063810/CREAM909063810/glide_a13836/execute/dir_5208/jobreport.txt *****
MonitorJobID=28_https://submit-2.t2.ucsd.edu//121127//17530.27
MonitorID=liis_crab_0_121127_012908_ngk079
JobExitCode=0
***** End Cat jobreport *****
Parameters sent to Dashboard.
optHistograms_28_1_qV6.root
crab_fjr_28.xml
