This script was generated by crab (version 2.8.3).
Running /home/cms097/home_crobe_464273671/CREAM464273671/glide_f28359/execute/dir_12278/condor_exec.exe with 2 positional parameters: 93 1
Today is Tue Nov 27 02:31:15 EET 2012
Job submitted on host wn-v-7028.local
Linux wn-v-7028.local 2.6.32-042stab059.7 #1 SMP Tue Jul 24 19:12:01 MSK 2012 x86_64 x86_64 x86_64 GNU/Linux
>>> current directory (RUNTIME_AREA): /home/cms097/home_crobe_464273671/CREAM464273671/glide_f28359/execute/dir_12278
>>> current user: uid=11097(cms097) gid=1400(cms) groups=1400(cms)
>>> voms proxy information:
subject   : /DC=ch/DC=cern/OU=Organic Units/OU=Users/CN=liis/CN=663550/CN=Liis Rebane/CN=proxy/CN=limited proxy
issuer    : /DC=ch/DC=cern/OU=Organic Units/OU=Users/CN=liis/CN=663550/CN=Liis Rebane/CN=proxy
identity  : /DC=ch/DC=cern/OU=Organic Units/OU=Users/CN=liis/CN=663550/CN=Liis Rebane/CN=proxy
type      : limited proxy
strength  : 512 bits
path      : /home/cms097/home_crobe_464273671/CREAM464273671/glide_f28359/execute/dir_12278/x509up_u1000009
timeleft  : 23:59:40
key usage : Digital Signature, Key Encipherment, Data Encipherment
=== VO cms extension information ===
VO        : cms
subject   : /DC=ch/DC=cern/OU=Organic Units/OU=Users/CN=liis/CN=663550/CN=Liis Rebane
issuer    : /DC=ch/DC=cern/OU=computers/CN=lcg-voms.cern.ch
attribute : /cms/Role=NULL/Capability=NULL
timeleft  : 190:54:22
uri       : lcg-voms.cern.ch:15002
>>> tar xzf /home/cms097/home_crobe_464273671/CREAM464273671/glide_f28359/execute/dir_12278/default.tgz :
Successful untar
>>> Include /home/cms097/home_crobe_464273671/CREAM464273671/glide_f28359/execute/dir_12278 in PYTHONPATH:
strip arguments
env var CRAB_UNIQUE_JOB_ID set to: liis_crab_0_121127_012908_ngk079_93_1_COa
out_files_93
>>> list of expected files on output sandbox
output files: optHistograms_93_1_COa.root crab_fjr_93.xml CMSSW_93.stdout CMSSW_93.stderr Watchdog_93.log.gz
>>> GridFlavour discovery: 
GridFlavour=LCG
>>> SyncSite discovery: 
SyncSite=T2_EE_Estonia
>>> SyncCE discovery: 
getting SyncCE from CE_ID
SyncCE=oberon.hep.kbfi.ee:8443/cream-pbs-long
>>> info for dashboard:
***** Cat /home/cms097/home_crobe_464273671/CREAM464273671/glide_f28359/execute/dir_12278/jobreport.txt *****
MonitorJobID=93_https://submit-2.t2.ucsd.edu//121127//17530.92
SyncGridJobId=https://submit-2.t2.ucsd.edu//121127//17530.92
MonitorID=liis_crab_0_121127_012908_ngk079
GridFlavour=LCG
SyncSite=T2_EE_Estonia
SyncCE=oberon.hep.kbfi.ee:8443/cream-pbs-long
***** End Cat jobreport *****
Parameters sent to Dashboard.
>>> setup environment
set SCRAM ARCH to slc5_amd64_gcc462
SCRAM_ARCH = slc5_amd64_gcc462
>>> setup CMS LCG environment:
set SCRAM ARCH and BUILD_ARCH to slc5_amd64_gcc462 ###
Sourcing environment... 
sourcing /cvmfs/cms.cern.ch/cmsset_default.sh
==> setup cms environment ok
>>> specific cmssw setup environment:
CMSSW_VERSION =  CMSSW_5_3_5
>>> current directory (SOFTWARE_DIR): /home/cms097/home_crobe_464273671/CREAM464273671/glide_f28359/execute/dir_12278/CMSSW_5_3_5
PreserveSeeds: <>
IncrementSeeds:<>
{}
WNHostName=wn-v-7028.local
>>> info for dashboard:
***** Cat /home/cms097/home_crobe_464273671/CREAM464273671/glide_f28359/execute/dir_12278/jobreport.txt *****
MonitorJobID=93_https://submit-2.t2.ucsd.edu//121127//17530.92
MonitorID=liis_crab_0_121127_012908_ngk079
WNHostName=wn-v-7028.local
***** End Cat jobreport *****
Parameters sent to Dashboard.
crabWatchdog started as process 15224
>>> moving CMSSW software directories in /home/cms097/home_crobe_464273671/CREAM464273671/glide_f28359/execute/dir_12278/CMSSW_5_3_5
mv: cannot stat `/home/cms097/home_crobe_464273671/CREAM464273671/glide_f28359/execute/dir_12278/module/': No such file or directory
>>> Include /home/cms097/home_crobe_464273671/CREAM464273671/glide_f28359/execute/dir_12278 in PYTHONPATH:
PYTHONPATH=/home/cms097/home_crobe_464273671/CREAM464273671/glide_f28359/execute/dir_12278/:/home/cms097/home_crobe_464273671/CREAM464273671/glide_f28359/execute/dir_12278/CMSSW_5_3_5/python:/home/cms097/home_crobe_464273671/CREAM464273671/glide_f28359/execute/dir_12278/CMSSW_5_3_5/lib/slc5_amd64_gcc462:/cvmfs/cms.cern.ch/slc5_amd64_gcc462/cms/cmssw/CMSSW_5_3_5/python:/cvmfs/cms.cern.ch/slc5_amd64_gcc462/cms/cmssw/CMSSW_5_3_5/lib/slc5_amd64_gcc462:/cvmfs/cms.cern.ch/slc5_amd64_gcc462/cms/coral/CORAL_2_3_21-cms27/slc5_amd64_gcc462/python:/cvmfs/cms.cern.ch/slc5_amd64_gcc462/cms/coral/CORAL_2_3_21-cms27/slc5_amd64_gcc462/lib:/cvmfs/cms.cern.ch/slc5_amd64_gcc462/external/pyqt/4.8.1/lib/python2.6/site-packages:/cvmfs/cms.cern.ch/slc5_amd64_gcc462/external/py2-scipy/0.8.0/lib/python2.6/site-packages:/cvmfs/cms.cern.ch/slc5_amd64_gcc462/external/py2-matplotlib/1.0.1/lib/python2.6/site-packages:/cvmfs/cms.cern.ch/slc5_amd64_gcc462/external/python-ldap/2.3.5/lib/python2.6/site-packages:/cvmfs/cms.cern.ch/slc5_amd64_gcc462/external/sip/4.11.2/lib/python2.6/site-packages:/cvmfs/cms.cern.ch/slc5_amd64_gcc462/external/py2-pycurl/7.19.0/lib/python2.6/site-packages:/cvmfs/cms.cern.ch/slc5_amd64_gcc462/external/py2-numpy/1.6.1/lib/python2.6/site-packages:/cvmfs/cms.cern.ch/slc5_amd64_gcc462/external/py2-ipython/0.10/lib/python2.6/site-packages:/cvmfs/cms.cern.ch/slc5_amd64_gcc462/external/py2-cx-oracle/5.1-cms11/lib/python2.6/site-packages:/cvmfs/cms.cern.ch/slc5_amd64_gcc462/external/py2-cjson/1.0.5/lib/python2.6/site-packages:/cvmfs/cms.cern.ch/slc5_amd64_gcc462/cms/das-client/1.4.1-cms8/bin:/cvmfs/cms.cern.ch/slc5_amd64_gcc462/external/elementtree/1.2.6/share/lib/python2.6/site-packages:/cvmfs/cms.cern.ch/slc5_amd64_gcc462/external/rivet/1.5.1-cms10/lib/python2.6/site-packages:/cvmfs/cms.cern.ch/slc5_amd64_gcc462/external/pyminuit2/0.0.1-cms34/lib/python2.6/site-packages:/cvmfs/cms.cern.ch/slc5_amd64_gcc462/external/professor/1.0.0-cms35/lib/python2.6/site-packages:/cvmfs/cms.cern.ch/slc5_amd64_gcc462/lcg/root/5.32.00-cms18/lib:/cvmfs/cms.cern.ch/slc5_amd64_gcc462/cms/dbs-client/DBS_2_1_1_patch1_1/lib:/cvmfs/cms.cern.ch/slc5_amd64_gcc462/cms/dbs-client/DBS_2_1_1_patch1_1/lib/DBSAPI:/home/cms097/home_crobe_464273671/CREAM464273671/glide_f28359/execute/dir_12278/
241a2a19cb7c5c8751ba22759ab3bdb0
PSETHASH = 241a2a19cb7c5c8751ba22759ab3bdb0
/home/cms097/home_crobe_464273671/CREAM464273671/glide_f28359/execute/dir_12278/writeCfg.py pset.py pset.py
Importing .py file
Setting parameters
inputBlocks=/QCD_Pt_170_250_EMEnriched_TuneZ2star_8TeV_pythia6/mario-Summer12-stop-pfele-step1-3d176ac8da5e9dff208d057f4733ca91/USER#130d237e-abcb-4916-a790-d17c846c5c04
inputFiles=/store/user/mario/QCD_Pt_170_250_EMEnriched_TuneZ2star_8TeV_pythia6/Summer12-stop-pfele-step1/3d176ac8da5e9dff208d057f4733ca91/tuple_95_9_iXw.root;/store/user/mario/QCD_Pt_170_250_EMEnriched_TuneZ2star_8TeV_pythia6/Summer12-stop-pfele-step1/3d176ac8da5e9dff208d057f4733ca91/tuple_96_8_Oih.root;/store/user/mario/QCD_Pt_170_250_EMEnriched_TuneZ2star_8TeV_pythia6/Summer12-stop-pfele-step1/3d176ac8da5e9dff208d057f4733ca91/tuple_98_8_G6C.root;/store/user/mario/QCD_Pt_170_250_EMEnriched_TuneZ2star_8TeV_pythia6/Summer12-stop-pfele-step1/3d176ac8da5e9dff208d057f4733ca91/tuple_99_8_eOk.root;/store/user/mario/QCD_Pt_170_250_EMEnriched_TuneZ2star_8TeV_pythia6/Summer12-stop-pfele-step1/3d176ac8da5e9dff208d057f4733ca91/tuple_100_3_kfq.root
parentFiles=
lumisRange=
>>> Executable cmsRun
/cvmfs/cms.cern.ch/slc5_amd64_gcc462/cms/cmssw/CMSSW_5_3_5/bin/slc5_amd64_gcc462/cmsRun
ok executable found
>>> info for dashboard:
***** Cat /home/cms097/home_crobe_464273671/CREAM464273671/glide_f28359/execute/dir_12278/jobreport.txt *****
MonitorJobID=93_https://submit-2.t2.ucsd.edu//121127//17530.92
MonitorID=liis_crab_0_121127_012908_ngk079
ExeStart=cmsRun
***** End Cat jobreport *****
Parameters sent to Dashboard.
>>> cmsRun started at Tue Nov 27 00:31:59 UTC 2012
>>> cmsRun ended at Tue Nov 27 00:44:00 UTC 2012
>>> info for dashboard:
***** Cat /home/cms097/home_crobe_464273671/CREAM464273671/glide_f28359/execute/dir_12278/jobreport.txt *****
MonitorJobID=93_https://submit-2.t2.ucsd.edu//121127//17530.92
MonitorID=liis_crab_0_121127_012908_ngk079
ExeEnd=cmsRun
***** End Cat jobreport *****
Parameters sent to Dashboard.
TIME_EXE = 721 sec
>>> cmsRun wrote 119 lines of stdout+stderr
>>> START OF printout of 119 lines from stdout+stderr
27-Nov-2012 02:32:42 EET  Initiating request to open file file:/hdfs/cms/store/user/mario/QCD_Pt_170_250_EMEnriched_TuneZ2star_8TeV_pythia6/Summer12-stop-pfele-step1/3d176ac8da5e9dff208d057f4733ca91/tuple_95_9_iXw.root
27-Nov-2012 02:32:52 EET  Successfully opened file file:/hdfs/cms/store/user/mario/QCD_Pt_170_250_EMEnriched_TuneZ2star_8TeV_pythia6/Summer12-stop-pfele-step1/3d176ac8da5e9dff208d057f4733ca91/tuple_95_9_iXw.root
Begin processing the 1st record. Run 1, Event 216002285, LumiSection 66606 at 27-Nov-2012 02:33:36.080 EET
Begin processing the 1001st record. Run 1, Event 151732257, LumiSection 46788 at 27-Nov-2012 02:33:48.388 EET
Begin processing the 2001st record. Run 1, Event 153532166, LumiSection 47343 at 27-Nov-2012 02:33:52.186 EET
Begin processing the 3001st record. Run 1, Event 157854104, LumiSection 48676 at 27-Nov-2012 02:34:06.407 EET
Begin processing the 4001st record. Run 1, Event 130997519, LumiSection 40394 at 27-Nov-2012 02:34:10.217 EET
Begin processing the 5001st record. Run 1, Event 134155660, LumiSection 41368 at 27-Nov-2012 02:34:18.995 EET
Begin processing the 6001st record. Run 1, Event 150414622, LumiSection 46382 at 27-Nov-2012 02:34:22.907 EET
Begin processing the 7001st record. Run 1, Event 152878721, LumiSection 47142 at 27-Nov-2012 02:34:33.122 EET
Begin processing the 8001st record. Run 1, Event 154368842, LumiSection 47601 at 27-Nov-2012 02:34:36.794 EET
Begin processing the 9001st record. Run 1, Event 155272245, LumiSection 47880 at 27-Nov-2012 02:34:47.327 EET
Begin processing the 10001st record. Run 1, Event 157280842, LumiSection 48499 at 27-Nov-2012 02:34:51.130 EET
27-Nov-2012 02:34:52 EET  Closed file file:/hdfs/cms/store/user/mario/QCD_Pt_170_250_EMEnriched_TuneZ2star_8TeV_pythia6/Summer12-stop-pfele-step1/3d176ac8da5e9dff208d057f4733ca91/tuple_95_9_iXw.root
27-Nov-2012 02:34:52 EET  Initiating request to open file file:/hdfs/cms/store/user/mario/QCD_Pt_170_250_EMEnriched_TuneZ2star_8TeV_pythia6/Summer12-stop-pfele-step1/3d176ac8da5e9dff208d057f4733ca91/tuple_96_8_Oih.root
27-Nov-2012 02:34:52 EET  Successfully opened file file:/hdfs/cms/store/user/mario/QCD_Pt_170_250_EMEnriched_TuneZ2star_8TeV_pythia6/Summer12-stop-pfele-step1/3d176ac8da5e9dff208d057f4733ca91/tuple_96_8_Oih.root
Begin processing the 11001st record. Run 1, Event 158194730, LumiSection 48781 at 27-Nov-2012 02:35:20.996 EET
Begin processing the 12001st record. Run 1, Event 186354830, LumiSection 57464 at 27-Nov-2012 02:35:24.608 EET
Begin processing the 13001st record. Run 1, Event 172062156, LumiSection 53057 at 27-Nov-2012 02:35:34.009 EET
Begin processing the 14001st record. Run 1, Event 172583097, LumiSection 53218 at 27-Nov-2012 02:35:37.777 EET
Begin processing the 15001st record. Run 1, Event 109474168, LumiSection 33758 at 27-Nov-2012 02:35:48.578 EET
Begin processing the 16001st record. Run 1, Event 117878935, LumiSection 36349 at 27-Nov-2012 02:35:52.258 EET
Begin processing the 17001st record. Run 1, Event 118947677, LumiSection 36679 at 27-Nov-2012 02:36:00.466 EET
Begin processing the 18001st record. Run 1, Event 108854679, LumiSection 33567 at 27-Nov-2012 02:36:04.149 EET
Begin processing the 19001st record. Run 1, Event 111208284, LumiSection 34292 at 27-Nov-2012 02:36:16.165 EET
Begin processing the 20001st record. Run 1, Event 118713941, LumiSection 36607 at 27-Nov-2012 02:36:19.950 EET
Begin processing the 21001st record. Run 1, Event 127696163, LumiSection 39376 at 27-Nov-2012 02:36:27.391 EET
Begin processing the 22001st record. Run 1, Event 127731756, LumiSection 39387 at 27-Nov-2012 02:36:31.165 EET
Begin processing the 23001st record. Run 1, Event 130048959, LumiSection 40102 at 27-Nov-2012 02:36:36.970 EET
Begin processing the 24001st record. Run 1, Event 128520547, LumiSection 39631 at 27-Nov-2012 02:36:41.209 EET
Begin processing the 25001st record. Run 1, Event 129901166, LumiSection 40056 at 27-Nov-2012 02:36:47.828 EET
Begin processing the 26001st record. Run 1, Event 165654933, LumiSection 51081 at 27-Nov-2012 02:36:52.191 EET
Begin processing the 27001st record. Run 1, Event 123548670, LumiSection 38098 at 27-Nov-2012 02:36:56.158 EET
Begin processing the 28001st record. Run 1, Event 124218459, LumiSection 38304 at 27-Nov-2012 02:37:06.869 EET
Begin processing the 29001st record. Run 1, Event 125104762, LumiSection 38577 at 27-Nov-2012 02:37:10.743 EET
Begin processing the 30001st record. Run 1, Event 127989701, LumiSection 39467 at 27-Nov-2012 02:37:22.335 EET
Begin processing the 31001st record. Run 1, Event 128380752, LumiSection 39588 at 27-Nov-2012 02:37:26.013 EET
Begin processing the 32001st record. Run 1, Event 129258520, LumiSection 39858 at 27-Nov-2012 02:37:31.088 EET
27-Nov-2012 02:37:31 EET  Closed file file:/hdfs/cms/store/user/mario/QCD_Pt_170_250_EMEnriched_TuneZ2star_8TeV_pythia6/Summer12-stop-pfele-step1/3d176ac8da5e9dff208d057f4733ca91/tuple_96_8_Oih.root
27-Nov-2012 02:37:31 EET  Initiating request to open file file:/hdfs/cms/store/user/mario/QCD_Pt_170_250_EMEnriched_TuneZ2star_8TeV_pythia6/Summer12-stop-pfele-step1/3d176ac8da5e9dff208d057f4733ca91/tuple_98_8_G6C.root
27-Nov-2012 02:37:31 EET  Successfully opened file file:/hdfs/cms/store/user/mario/QCD_Pt_170_250_EMEnriched_TuneZ2star_8TeV_pythia6/Summer12-stop-pfele-step1/3d176ac8da5e9dff208d057f4733ca91/tuple_98_8_G6C.root
Begin processing the 33001st record. Run 1, Event 171528869, LumiSection 52893 at 27-Nov-2012 02:38:04.842 EET
Begin processing the 34001st record. Run 1, Event 171954984, LumiSection 53024 at 27-Nov-2012 02:38:08.591 EET
Begin processing the 35001st record. Run 1, Event 177693809, LumiSection 54794 at 27-Nov-2012 02:38:17.567 EET
Begin processing the 36001st record. Run 1, Event 111525541, LumiSection 34390 at 27-Nov-2012 02:38:21.223 EET
Begin processing the 37001st record. Run 1, Event 112325717, LumiSection 34637 at 27-Nov-2012 02:38:30.696 EET
Begin processing the 38001st record. Run 1, Event 110693495, LumiSection 34134 at 27-Nov-2012 02:38:34.411 EET
Begin processing the 39001st record. Run 1, Event 119099184, LumiSection 36726 at 27-Nov-2012 02:38:42.097 EET
Begin processing the 40001st record. Run 1, Event 119225002, LumiSection 36764 at 27-Nov-2012 02:38:45.726 EET
Begin processing the 41001st record. Run 1, Event 123602077, LumiSection 38114 at 27-Nov-2012 02:38:53.059 EET
Begin processing the 42001st record. Run 1, Event 127578167, LumiSection 39340 at 27-Nov-2012 02:38:56.978 EET
Begin processing the 43001st record. Run 1, Event 141114291, LumiSection 43514 at 27-Nov-2012 02:39:03.416 EET
Begin processing the 44001st record. Run 1, Event 122868613, LumiSection 37888 at 27-Nov-2012 02:39:07.440 EET
Begin processing the 45001st record. Run 1, Event 121011906, LumiSection 37315 at 27-Nov-2012 02:39:14.898 EET
Begin processing the 46001st record. Run 1, Event 121727237, LumiSection 37536 at 27-Nov-2012 02:39:18.553 EET
Begin processing the 47001st record. Run 1, Event 121962413, LumiSection 37608 at 27-Nov-2012 02:39:25.651 EET
Begin processing the 48001st record. Run 1, Event 125308057, LumiSection 38640 at 27-Nov-2012 02:39:29.546 EET
Begin processing the 49001st record. Run 1, Event 123967630, LumiSection 38227 at 27-Nov-2012 02:39:37.255 EET
Begin processing the 50001st record. Run 1, Event 167859824, LumiSection 51761 at 27-Nov-2012 02:39:41.473 EET
Begin processing the 51001st record. Run 1, Event 172618909, LumiSection 53229 at 27-Nov-2012 02:39:52.153 EET
Begin processing the 52001st record. Run 1, Event 177863989, LumiSection 54846 at 27-Nov-2012 02:39:56.062 EET
Begin processing the 53001st record. Run 1, Event 181033711, LumiSection 55823 at 27-Nov-2012 02:40:01.598 EET
27-Nov-2012 02:40:04 EET  Closed file file:/hdfs/cms/store/user/mario/QCD_Pt_170_250_EMEnriched_TuneZ2star_8TeV_pythia6/Summer12-stop-pfele-step1/3d176ac8da5e9dff208d057f4733ca91/tuple_98_8_G6C.root
27-Nov-2012 02:40:04 EET  Initiating request to open file file:/hdfs/cms/store/user/mario/QCD_Pt_170_250_EMEnriched_TuneZ2star_8TeV_pythia6/Summer12-stop-pfele-step1/3d176ac8da5e9dff208d057f4733ca91/tuple_99_8_eOk.root
27-Nov-2012 02:40:04 EET  Successfully opened file file:/hdfs/cms/store/user/mario/QCD_Pt_170_250_EMEnriched_TuneZ2star_8TeV_pythia6/Summer12-stop-pfele-step1/3d176ac8da5e9dff208d057f4733ca91/tuple_99_8_eOk.root
Begin processing the 54001st record. Run 1, Event 180893900, LumiSection 55780 at 27-Nov-2012 02:40:32.820 EET
Begin processing the 55001st record. Run 1, Event 181609663, LumiSection 56001 at 27-Nov-2012 02:40:37.185 EET
Begin processing the 56001st record. Run 1, Event 121578368, LumiSection 37490 at 27-Nov-2012 02:40:44.036 EET
Begin processing the 57001st record. Run 1, Event 119891680, LumiSection 36970 at 27-Nov-2012 02:40:47.817 EET
Begin processing the 58001st record. Run 1, Event 119668911, LumiSection 36901 at 27-Nov-2012 02:40:53.386 EET
Begin processing the 59001st record. Run 1, Event 121678561, LumiSection 37521 at 27-Nov-2012 02:40:57.145 EET
Begin processing the 60001st record. Run 1, Event 121950962, LumiSection 37605 at 27-Nov-2012 02:41:04.954 EET
Begin processing the 61001st record. Run 1, Event 122524212, LumiSection 37782 at 27-Nov-2012 02:41:08.966 EET
Begin processing the 62001st record. Run 1, Event 122996220, LumiSection 37927 at 27-Nov-2012 02:41:19.893 EET
Begin processing the 63001st record. Run 1, Event 123826223, LumiSection 38183 at 27-Nov-2012 02:41:23.908 EET
Begin processing the 64001st record. Run 1, Event 131472463, LumiSection 40541 at 27-Nov-2012 02:41:33.707 EET
Begin processing the 65001st record. Run 1, Event 160845311, LumiSection 49598 at 27-Nov-2012 02:41:37.417 EET
Begin processing the 66001st record. Run 1, Event 162741061, LumiSection 50183 at 27-Nov-2012 02:41:43.075 EET
Begin processing the 67001st record. Run 1, Event 116510387, LumiSection 35927 at 27-Nov-2012 02:41:47.087 EET
Begin processing the 68001st record. Run 1, Event 118274114, LumiSection 36471 at 27-Nov-2012 02:41:54.300 EET
Begin processing the 69001st record. Run 1, Event 117850437, LumiSection 36340 at 27-Nov-2012 02:41:58.105 EET
Begin processing the 70001st record. Run 1, Event 122831061, LumiSection 37876 at 27-Nov-2012 02:42:07.805 EET
Begin processing the 71001st record. Run 1, Event 124029431, LumiSection 38246 at 27-Nov-2012 02:42:11.682 EET
Begin processing the 72001st record. Run 1, Event 125215763, LumiSection 38612 at 27-Nov-2012 02:42:21.358 EET
Begin processing the 73001st record. Run 1, Event 181761980, LumiSection 56048 at 27-Nov-2012 02:42:25.159 EET
Begin processing the 74001st record. Run 1, Event 182291825, LumiSection 56211 at 27-Nov-2012 02:42:30.886 EET
Begin processing the 75001st record. Run 1, Event 216979173, LumiSection 66907 at 27-Nov-2012 02:42:34.646 EET
27-Nov-2012 02:42:35 EET  Closed file file:/hdfs/cms/store/user/mario/QCD_Pt_170_250_EMEnriched_TuneZ2star_8TeV_pythia6/Summer12-stop-pfele-step1/3d176ac8da5e9dff208d057f4733ca91/tuple_99_8_eOk.root
27-Nov-2012 02:42:35 EET  Initiating request to open file file:/hdfs/cms/store/user/mario/QCD_Pt_170_250_EMEnriched_TuneZ2star_8TeV_pythia6/Summer12-stop-pfele-step1/3d176ac8da5e9dff208d057f4733ca91/tuple_100_3_kfq.root
27-Nov-2012 02:42:36 EET  Successfully opened file file:/hdfs/cms/store/user/mario/QCD_Pt_170_250_EMEnriched_TuneZ2star_8TeV_pythia6/Summer12-stop-pfele-step1/3d176ac8da5e9dff208d057f4733ca91/tuple_100_3_kfq.root
Begin processing the 76001st record. Run 1, Event 129535304, LumiSection 39944 at 27-Nov-2012 02:43:00.070 EET
Begin processing the 77001st record. Run 1, Event 131175252, LumiSection 40449 at 27-Nov-2012 02:43:03.830 EET
Begin processing the 78001st record. Run 1, Event 132432109, LumiSection 40837 at 27-Nov-2012 02:43:14.403 EET
Begin processing the 79001st record. Run 1, Event 132940270, LumiSection 40993 at 27-Nov-2012 02:43:18.169 EET
Begin processing the 80001st record. Run 1, Event 133582135, LumiSection 41191 at 27-Nov-2012 02:43:24.290 EET
Begin processing the 81001st record. Run 1, Event 155294122, LumiSection 47886 at 27-Nov-2012 02:43:28.130 EET
Begin processing the 82001st record. Run 1, Event 155669161, LumiSection 48002 at 27-Nov-2012 02:43:35.683 EET
Begin processing the 83001st record. Run 1, Event 156230759, LumiSection 48175 at 27-Nov-2012 02:43:39.561 EET
Begin processing the 84001st record. Run 1, Event 151744616, LumiSection 46792 at 27-Nov-2012 02:43:48.086 EET
Begin processing the 85001st record. Run 1, Event 152289376, LumiSection 46960 at 27-Nov-2012 02:43:52.040 EET
27-Nov-2012 02:43:58 EET  Closed file file:/hdfs/cms/store/user/mario/QCD_Pt_170_250_EMEnriched_TuneZ2star_8TeV_pythia6/Summer12-stop-pfele-step1/3d176ac8da5e9dff208d057f4733ca91/tuple_100_3_kfq.root

=============================================

MessageLogger Summary

 type     category        sev    module        subroutine        count    total
 ---- -------------------- -- ---------------- ----------------  -----    -----
    1 fileAction           -s file_close                             5        5
    2 fileAction           -s file_open                             10       10

 type    category    Examples: run/evt        run/evt          run/evt
 ---- -------------------- ---------------- ---------------- ----------------
    1 fileAction           PostProcessEvent PostProcessEvent PostEndRun
    2 fileAction           pre-events       pre-events       PostProcessEvent

Severity    # Occurrences   Total Occurrences
--------    -------------   -----------------
System                 15                  15
>>> END OF printout of 119 lines from stdout+stderr
>>> Parse FrameworkJobReport crab_fjr.xml
Result of parsing the FrameworkJobReport crab_fjr.xml: Popularity start
lumisRange : 1::32915,33192,33567,33758,33810,33833,33876,34238,34292,34518,34640,34677,34824,35531,35659,36162,36349,36374,36454,36487,36512,36518,36534-36535,36546,36550,36557-36558,36600,36603,36607,36611,36624,36670,36679,36706,36803,36819,37312,37324,37326,37579,37733,37839,37919,37951,37957,37984,37987,38091,38098,38153,38159,38261,38268,38304,38379,38473,38481,38508,38550,38562,38577,38598,38659,38858,38972,39111,39176,39237,39291,39298,39315,39328,39333,39341,39369-39370,39376,39379,39387,39396,39426,39435,39467,39471-39472,39503,39524-39525,39535-39536,39567,39574,39578,39588,39593,39598,39615,39631,39635,39649,39685,39692,39748,39800,39808,39832,39844,39858,39871,39880,39894,39956,39975,40056,40102-40103,40141,40244,40269,40285,40332,40662,48655,48713,48719,48730,48746,48781,48810,48835,49661,49663,49719-49720,51081,51084,52982-52983,53002-53003,53038,53042,53049,53057,53088-53089,53119,53125,53142,53144,53155,53159,53173,53218,53817,53845,53929,53980,55101,55118,56364,57423,57447,57464,57472::1;1::16381,16397,32494,33094,33281,33306,33555,33608,33695,33803,33878,33978,34089,34097,34134,34390,34637,34734,36445,36536,36543,36545,36553,36556,36566,36642,36693,36708,36726,36730,36733,36736,36758,36764,36784,36797,36805,36816,36896,37008,37065,37132,37165,37185,37196,37211,37227,37236,37289,37315,37330,37341,37371,37414,37448,37497,37502,37523,37536,37539,37541,37597,37599,37608,37621,37686,37715,37725,37768,37776,37785,37888,37896,37990-37991,37994-37995,38000,38055,38074,38076,38114,38116,38144,38165,38190,38203,38227,38267,38373,38380,38382,38470,38501,38543,38600,38640,38651,39340,39373,39658,39727,39857,40058,40104,41378,41385,43514,43518,47722,49137,49139,49222,49224,50228-50229,51760-51761,52004,52006,52142-52143,52236-52237,52506,52795,52818,52891,52893,52945-52946,52997-52998,53006,53011,53024-53025,53146,53204,53229,53248-53249,53766,53825,54019,54133,54248,54754,54794-54795,54809,54812,54816,54828,54846,54980,55014,55063,55075,55093-55094,55141,55155,55167,55178,55222,55761,55823::2;1::28080,28092,28171,28175,40394,40519,40671,40688,40935,40954,41193,41217,41368,41392,41404,41418,42180,42182,46369,46382,46446,46467,46544,46669,46679-46680,46758,46788,46809,46817,46874,46945,46966,46987,47085,47142,47144,47157,47218,47263,47288,47337-47338,47343,47364,47580,47601,47614,47629,47634,47673,47691,47746,47850-47851,47853,47880,47972,48096,48159-48160,48195,48367,48431,48472,48498-48499,48501,48513,48527,48617,48632,48655,48676,48910,48994,66589,66606,66619,66948,66965::3;1::38663,38835,39853,39860,39895,39938,39944,39947,40037,40071,40293-40294,40448-40449,40680,40684,40734,40751,40768,40833,40837,40937-40938,40942,40976,40982,40988,40993,41063,41069,41090,41129,41133,41179,41181,41191,41202,41224,41277,41288,41323,41396,46586,46729,46751,46770,46792,46794,46814,46882,46894,46933,46951,46960,46971,46994,47019,47027,47077,47697,47707,47886,47900,47906,47915,47951,47982,47999,48002,48034,48119,48130,48147,48156,48172,48175,48285,48297,48321,48398,48721::4;1::20970,20976,34030,34221,34393,34557,34636,34650,34778,35927,36063,36117,36119,36123,36139,36340,36378,36386,36411,36461,36466,36468,36471,36475,36599,36612,36622,36678,36753,36757,36763,36765,36780,36782,36813,36854,36890,36894,36901,36907,36970,37025,37027,37332,37359,37365,37490,37506,37514,37521,37528,37545,37567,37569-37570,37572,37605,37620,37658,37671,37673,37690,37742,37779,37782,37792,37817,37829,37838,37861,37870,37872-37873,37876,37927,37929,37936,37954-37955,37971,37974,38010-38011,38035,38040-38041,38124,38126,38146,38162-38163,38183,38236,38246,38270,38282,38361,38391,38442,38465,38510,38512,38551,38612,38653,38663,38704,38735,38756,38848,38938,39285,39679,40431,40541,41768-41769,49349,49351,49432-49433,49598-49599,49681-49682,50040-50041,50167-50168,50183-50184,51827-51828,51864-51865,55067,55182,55236,55761,55777,55780,55797,55833,55851,55953,55969,55994,56001,56034,56042-56043,56048,56055,56064,56096,56128,56166,56169,56211,56227,56237,56243,58562,58573,58897,64239,66907::5;
lumisParentRange : 
Basename : /store/user/mario/QCD_Pt_170_250_EMEnriched_TuneZ2star_8TeV_pythia6/Summer12-stop-pfele-step1/3d176ac8da5e9dff208d057f4733ca91/tuple_
BasenameParent : 
parentFiles : 
inputBlocks : /QCD_Pt_170_250_EMEnriched_TuneZ2star_8TeV_pythia6/mario-Summer12-stop-pfele-step1-3d176ac8da5e9dff208d057f4733ca91/USER#130d237e-abcb-4916-a790-d17c846c5c04
inputFiles : 96_8_Oih.root::1::EDM::Local::1;98_8_G6C.root::1::EDM::Local::2;95_9_iXw.root::1::EDM::Local::3;100_3_kfq.root::1::EDM::Local::4;99_8_eOk.root::1::EDM::Local::5;
Popularity stop
Extracted ExitStatus from FrameworkJobReport parsing output: 0
>>> Executable succeded  0
ExeExitCode=0
EXECUTABLE_EXIT_STATUS = 0
>>> current directory /home/cms097/home_crobe_464273671/CREAM464273671/glide_f28359/execute/dir_12278/CMSSW_5_3_5
>>>  (SOFTWARE_DIR): /home/cms097/home_crobe_464273671/CREAM464273671/glide_f28359/execute/dir_12278/CMSSW_5_3_5
>>> (WORKING_DIR): 
>>> current directory content:
total 156
drwxr-xr-x 3 cms097 cms  4096 Nov 27 02:31 .SCRAM
-rw-r--r-- 1 cms097 cms 30066 Nov 27 02:31 CMSSW.py.pkl
drwxr-xr-x 3 cms097 cms  4096 Nov 27 02:31 bin
drwxr-xr-x 3 cms097 cms  4096 Nov 27 02:31 cfipython
drwxr-xr-x 5 cms097 cms  4096 Nov 27 02:31 config
-rw-r--r-- 1 cms097 cms    17 Nov 27 02:44 cpu_timing.txt
drwxr-xr-x 2 cms097 cms  4096 Nov 27 02:31 doc
-rw-r--r-- 1 cms097 cms 13516 Nov 27 02:43 executable.out
drwxr-xr-x 2 cms097 cms  4096 Nov 27 02:31 include
drwxrwxrwx 3 cms097 cms  4096 Oct 22 16:38 lib
drwxr-xr-x 3 cms097 cms  4096 Nov 27 02:31 logs
drwxr-xr-x 3 cms097 cms  4096 Nov 27 02:31 objs
-rw-r--r-- 1 cms097 cms 17805 Nov 27 02:43 optHistograms.root
-rw-r--r-- 1 cms097 cms   104 Nov 27 02:31 pset.py
-rw-r--r-- 1 cms097 cms 19504 Nov 27 02:31 pset.py.pkl
-rw-r--r-- 1 cms097 cms   289 Nov 27 02:31 pset.pyc
drwxr-xr-x 2 cms097 cms  4096 Nov 27 02:31 python
-rw-r--r-- 1 cms097 cms   420 Nov 27 02:44 report.log
drwxrwxrwx 4 cms097 cms  4096 Nov 27 02:31 src
drwxr-xr-x 3 cms097 cms  4096 Nov 27 02:31 test
drwxr-xr-x 3 cms097 cms  4096 Nov 27 02:31 tmp
>>> current directory /home/cms097/home_crobe_464273671/CREAM464273671/glide_f28359/execute/dir_12278/CMSSW_5_3_5
>>> (SOFTWARE_DIR): /home/cms097/home_crobe_464273671/CREAM464273671/glide_f28359/execute/dir_12278/CMSSW_5_3_5
>>> (WORKING_DIR): 
>>> current directory content:
total 136
drwxr-xr-x 3 cms097 cms  4096 Nov 27 02:31 .SCRAM
-rw-r--r-- 1 cms097 cms 30066 Nov 27 02:31 CMSSW.py.pkl
drwxr-xr-x 3 cms097 cms  4096 Nov 27 02:31 bin
drwxr-xr-x 3 cms097 cms  4096 Nov 27 02:31 cfipython
drwxr-xr-x 5 cms097 cms  4096 Nov 27 02:31 config
-rw-r--r-- 1 cms097 cms    17 Nov 27 02:44 cpu_timing.txt
drwxr-xr-x 2 cms097 cms  4096 Nov 27 02:31 doc
-rw-r--r-- 1 cms097 cms 13516 Nov 27 02:43 executable.out
drwxr-xr-x 2 cms097 cms  4096 Nov 27 02:31 include
drwxrwxrwx 3 cms097 cms  4096 Oct 22 16:38 lib
drwxr-xr-x 3 cms097 cms  4096 Nov 27 02:31 logs
drwxr-xr-x 3 cms097 cms  4096 Nov 27 02:31 objs
-rw-r--r-- 1 cms097 cms   104 Nov 27 02:31 pset.py
-rw-r--r-- 1 cms097 cms 19504 Nov 27 02:31 pset.py.pkl
-rw-r--r-- 1 cms097 cms   289 Nov 27 02:31 pset.pyc
drwxr-xr-x 2 cms097 cms  4096 Nov 27 02:31 python
-rw-r--r-- 1 cms097 cms   420 Nov 27 02:44 report.log
drwxrwxrwx 4 cms097 cms  4096 Nov 27 02:31 src
drwxr-xr-x 3 cms097 cms  4096 Nov 27 02:31 test
drwxr-xr-x 3 cms097 cms  4096 Nov 27 02:31 tmp
>>> current directory (RUNTIME_AREA):  /home/cms097/home_crobe_464273671/CREAM464273671/glide_f28359/execute/dir_12278
>>> current dir: /home/cms097/home_crobe_464273671/CREAM464273671/glide_f28359/execute/dir_12278
>>> current dir content:
total 25792
-rw-rw-rw-  1 cms097 cms     5579 Nov 27 02:30 .job.ad
-rw-rw-rw-  1 cms097 cms    11335 Nov 27 02:30 .machine.ad
-rw-rw-rw-  1 cms097 cms      105 Nov 27 01:29 CMSSW.py
-rw-rw-rw-  1 cms097 cms    30066 Nov 27 01:29 CMSSW.py.pkl
-rwxrw-rw-  1 cms097 cms    23341 Nov 27 02:31 CMSSW.sh
drwxr-xr-x 15 cms097 cms     4096 Nov 27 02:44 CMSSW_5_3_5
-rw-rw-rw-  1 cms097 cms        0 Nov 27 02:31 CMSSW_93.stderr
-rw-rw-rw-  1 cms097 cms    29577 Nov 27 02:44 CMSSW_93.stdout
-rw-r--r--  1 cms097 cms      347 Nov 27 02:31 CacheEnv.sh
-rw-rw-rw-  1 cms097 cms     7291 Jun  9  2010 DashboardAPI.py
-rw-r--r--  1 cms097 cms     6883 Nov 27 02:31 DashboardAPI.pyc
drwxrwxrwx  3 cms097 cms     4096 Nov 27 02:44 IMProv
-rw-rw-rw-  1 cms097 cms     2748 Mar  8  2006 Logger.py
-rw-r--r--  1 cms097 cms     3353 Nov 27 02:31 Logger.pyc
-rw-rw-rw-  1 cms097 cms    24524 Mar 28  2008 ProcInfo.py
-rw-r--r--  1 cms097 cms    23470 Nov 27 02:31 ProcInfo.pyc
drwxrwxrwx  7 cms097 cms     4096 Nov 27 02:31 ProdCommon
drwxrwxrwx  3 cms097 cms     4096 Nov 27 02:31 WMCore
-rw-r--r--  1 cms097 cms     2569 Nov 27 02:43 Watchdog_93.log
-rw-rw-rw-  1 cms097 cms    32895 Mar 28  2008 apmon.py
-rw-r--r--  1 cms097 cms    28874 Nov 27 02:31 apmon.pyc
-rw-rw-rw-  1 cms097 cms   100215 Nov 27 02:31 arguments.xml
-rwxrwxrwx  1 cms097 cms    37427 Sep 13 14:14 cmscp.py
-rwxrwxrwx  1 cms097 cms    23341 Nov 27 02:31 condor_exec.exe
-rw-rw-rw-  1 cms097 cms      546 Nov 27 01:29 crab.cfg
-rwxrwxrwx  1 cms097 cms     9531 Sep 20 21:46 crabWatchdog.sh
-rw-r--r--  1 cms097 cms    48256 Nov 27 02:43 crab_fjr_93.xml
-rw-rw-rw-  1 cms097 cms 25796303 Nov 27 02:31 default.tgz
-rwxrwxrwx  1 cms097 cms     4488 May 12  2012 fillCrabFjr.py
-rw-r--r--  1 cms097 cms      942 Nov 27 02:31 inputsReport.txt
-rw-r--r--  1 cms097 cms      132 Nov 27 02:44 jobreport.txt
lrwxrwxrwx  1 cms097 cms      107 Nov 27 02:44 optHistograms.root -> /home/cms097/home_crobe_464273671/CREAM464273671/glide_f28359/execute/dir_12278/optHistograms_93_1_COa.root
-rw-r--r--  1 cms097 cms    17805 Nov 27 02:43 optHistograms_93_1_COa.root
-rw-rw-rw-  1 cms097 cms    17352 Jan 20  2012 parseCrabFjr.py
-rw-r--r--  1 cms097 cms      285 Nov 27 02:31 report.log
-rwxrwxrwx  1 cms097 cms     1497 May 27  2009 report.py
-rwxrwxrwx  1 cms097 cms     8387 Mar 23  2011 writeCfg.py
-rw-------  1 cms097 cms     8687 Nov 27 02:30 x509up_u1000009
Checking output files:  
will tar file optHistograms_93_1_COa.root in  out_files_93
will tar file crab_fjr_93.xml in  out_files_93
will tar file CMSSW_93.stdout in  out_files_93
will tar file CMSSW_93.stderr in  out_files_93
WARNING: output file Watchdog_93.log.gz not found!
>>> padding time: Wrapper lasting more than 600 seconds. No sleep required.
STOPPING WATCHDOG. CrabWatchdog PID is 15224
********** LAST 50 LINES OF WATCHDOG LOG
# RESOURCE USAGE SUMMARY FOR PROCESS ID 14263
USER       PID %CPU %MEM    VSZ   RSS TTY      STAT START   TIME COMMAND
cms097   14263  0.4  0.0   8956  1488 ?        S    02:31   0:00 /bin/sh /home/cms097/home_crobe_464273671/CREAM464273671/glide_f28359/execute/dir_12278/condor_exec.exe 93 1
 
# LIMITS USED BY THIS WATCHDOG:
# RSS  (KBytes)  : 2300000
# VSZ  (KBytes)  : 100000000
# DISK (MBytes)  : 19000
# CPU  (seconds) : 171600
# WALL (seconds) : 171600
 
# FOLLOWING PRINTOUT TRACKS MAXIMUM VALUES OF RESOURCES USE
# ONE LINE IS PRINTED EACH TIME A MAXIMUM CHANGES
# IF CHANGE WAS IN RSS OR VSZ ALSO PROCID AND COMMAND ARE PRINTED
# THERE IS NO PRINTOUT FOR CPU/WALL TIME INCREASE
 
# TIME			PID	RSS(KB)	VSZ(KB)	Dsk(MB)	tCPU(s)	tWALL(s)	COMMAND
 Nov 27 02:31:31 EET	1689	1340	8816	0	0	167	/bin/bash /home/cms097/home_crobe_464273671/CREAM464273671/glide_f28359/main/condor_startup.sh glidein_config       
 Nov 27 02:31:31 EET	2364	5652	9376	0	0	167	/home/cms097/home_crobe_464273671/CREAM464273671/glide_f28359/main/condor/sbin/condor_master -f -pidfile /home/cms097/home_crobe_464273671/CREAM464273671/glide_f28359/condor_master2.pid      
 Nov 27 02:31:31 EET	2366	5732	9568	0	0	165	condor_startd -f        
 Nov 27 02:31:31 EET	15251	23736	83356	0	1	5	edmConfigHash pset.py        
 Nov 27 02:31:31 EET	---	23736	83356	168	----	----	----
 Nov 27 02:32:41 EET	19032	91448	178460	168	11	45	cmsRun -j /home/cms097/home_crobe_464273671/CREAM464273671/glide_f28359/execute/dir_12278/crab_fjr_93.xml -p pset.py     
 Nov 27 02:33:48 EET	19032	359072	560996	168	31	112	cmsRun -j /home/cms097/home_crobe_464273671/CREAM464273671/glide_f28359/execute/dir_12278/crab_fjr_93.xml -p pset.py     
 Nov 27 02:36:01 EET	19032	363880	563556	168	93	244	cmsRun -j /home/cms097/home_crobe_464273671/CREAM464273671/glide_f28359/execute/dir_12278/crab_fjr_93.xml -p pset.py     
 Nov 27 02:37:06 EET	19032	364196	563556	168	135	310	cmsRun -j /home/cms097/home_crobe_464273671/CREAM464273671/glide_f28359/execute/dir_12278/crab_fjr_93.xml -p pset.py     
 Nov 27 02:38:12 EET	19032	364532	563556	168	158	376	cmsRun -j /home/cms097/home_crobe_464273671/CREAM464273671/glide_f28359/execute/dir_12278/crab_fjr_93.xml -p pset.py     
 Nov 27 02:39:18 EET	19032	364632	563556	168	203	441	cmsRun -j /home/cms097/home_crobe_464273671/CREAM464273671/glide_f28359/execute/dir_12278/crab_fjr_93.xml -p pset.py     
 Nov 27 02:43:42 EET	19032	364632	564068	168	351	707	cmsRun -j /home/cms097/home_crobe_464273671/CREAM464273671/glide_f28359/execute/dir_12278/crab_fjr_93.xml -p pset.py     
********** WATCHDOG LOG ENDED
ZIPPING WATCHDOG LOG
Disk space used:
du -sh /home/cms097/home_crobe_464273671/CREAM464273671/glide_f28359/execute/dir_12278
169M	/home/cms097/home_crobe_464273671/CREAM464273671/glide_f28359/execute/dir_12278
>>> info for dashboard:
***** Cat /home/cms097/home_crobe_464273671/CREAM464273671/glide_f28359/execute/dir_12278/jobreport.txt *****
MonitorJobID=93_https://submit-2.t2.ucsd.edu//121127//17530.92
MonitorID=liis_crab_0_121127_012908_ngk079
ExeTime=721
ExeExitCode=0
CrabUserCpuTime=343.84
CrabSysCpuTime=16.62
CrabCpuPercentage=50%
CrabWrapperTime=783
CrabStageoutTime=NULL
***** End Cat jobreport *****
Parameters sent to Dashboard.
optHistograms_93_1_COa.root
crab_fjr_93.xml
CMSSW_93.stdout
CMSSW_93.stderr
Watchdog_93.log.gz
tar: .BrokerInfo: Cannot stat: No such file or directory
tar: Error exit delayed from previous errors
Total Output dimension: 28136
WARNING: output files size limit is set to: 50000000
Total Output dimension 28136 is fine.
JOB_EXIT_STATUS = 0
>>> info for dashboard:
***** Cat /home/cms097/home_crobe_464273671/CREAM464273671/glide_f28359/execute/dir_12278/jobreport.txt *****
MonitorJobID=93_https://submit-2.t2.ucsd.edu//121127//17530.92
MonitorID=liis_crab_0_121127_012908_ngk079
JobExitCode=0
***** End Cat jobreport *****
Parameters sent to Dashboard.
optHistograms_93_1_COa.root
crab_fjr_93.xml
