This script was generated by crab (version 2.8.3).
Running /home/cms067/home_creur_141448492/CREAM141448492/glide_g16591/execute/dir_6740/condor_exec.exe with 2 positional parameters: 71 2
Today is Tue Nov 27 11:50:27 EET 2012
Job submitted on host wn-v-2720.local
Linux wn-v-2720.local 2.6.32-042stab059.7 #1 SMP Tue Jul 24 19:12:01 MSK 2012 x86_64 x86_64 x86_64 GNU/Linux
>>> current directory (RUNTIME_AREA): /home/cms067/home_creur_141448492/CREAM141448492/glide_g16591/execute/dir_6740
>>> current user: uid=11067(cms067) gid=1400(cms) groups=1400(cms)
>>> voms proxy information:
subject   : /DC=ch/DC=cern/OU=Organic Units/OU=Users/CN=liis/CN=663550/CN=Liis Rebane/CN=proxy/CN=limited proxy
issuer    : /DC=ch/DC=cern/OU=Organic Units/OU=Users/CN=liis/CN=663550/CN=Liis Rebane/CN=proxy
identity  : /DC=ch/DC=cern/OU=Organic Units/OU=Users/CN=liis/CN=663550/CN=Liis Rebane/CN=proxy
type      : limited proxy
strength  : 512 bits
path      : /home/cms067/home_creur_141448492/CREAM141448492/glide_g16591/execute/dir_6740/x509up_u1000009
timeleft  : 23:58:55
key usage : Digital Signature, Key Encipherment, Data Encipherment
=== VO cms extension information ===
VO        : cms
subject   : /DC=ch/DC=cern/OU=Organic Units/OU=Users/CN=liis/CN=663550/CN=Liis Rebane
issuer    : /DC=ch/DC=cern/OU=computers/CN=lcg-voms.cern.ch
attribute : /cms/Role=NULL/Capability=NULL
timeleft  : 181:35:10
uri       : lcg-voms.cern.ch:15002
>>> tar xzf /home/cms067/home_creur_141448492/CREAM141448492/glide_g16591/execute/dir_6740/default.tgz :
Successful untar
>>> Include /home/cms067/home_creur_141448492/CREAM141448492/glide_g16591/execute/dir_6740 in PYTHONPATH:
strip arguments
env var CRAB_UNIQUE_JOB_ID set to: liis_crab_0_121127_012908_ngk079_71_2_ITP
out_files_71
>>> list of expected files on output sandbox
output files: optHistograms_71_2_ITP.root crab_fjr_71.xml CMSSW_71.stdout CMSSW_71.stderr Watchdog_71.log.gz
>>> GridFlavour discovery: 
GridFlavour=LCG
>>> SyncSite discovery: 
SyncSite=T2_EE_Estonia
>>> SyncCE discovery: 
getting SyncCE from CE_ID
SyncCE=europa.hep.kbfi.ee:8443/cream-pbs-long
>>> info for dashboard:
***** Cat /home/cms067/home_creur_141448492/CREAM141448492/glide_g16591/execute/dir_6740/jobreport.txt *****
MonitorJobID=71_https://submit-2.t2.ucsd.edu//121127//17638.9
SyncGridJobId=https://submit-2.t2.ucsd.edu//121127//17638.9
MonitorID=liis_crab_0_121127_012908_ngk079
GridFlavour=LCG
SyncSite=T2_EE_Estonia
SyncCE=europa.hep.kbfi.ee:8443/cream-pbs-long
***** End Cat jobreport *****
Parameters sent to Dashboard.
>>> setup environment
set SCRAM ARCH to slc5_amd64_gcc462
SCRAM_ARCH = slc5_amd64_gcc462
>>> setup CMS LCG environment:
set SCRAM ARCH and BUILD_ARCH to slc5_amd64_gcc462 ###
Sourcing environment... 
sourcing /cvmfs/cms.cern.ch/cmsset_default.sh
==> setup cms environment ok
>>> specific cmssw setup environment:
CMSSW_VERSION =  CMSSW_5_3_5
>>> current directory (SOFTWARE_DIR): /home/cms067/home_creur_141448492/CREAM141448492/glide_g16591/execute/dir_6740/CMSSW_5_3_5
PreserveSeeds: <>
IncrementSeeds:<>
{}
WNHostName=wn-v-2720.local
>>> info for dashboard:
***** Cat /home/cms067/home_creur_141448492/CREAM141448492/glide_g16591/execute/dir_6740/jobreport.txt *****
MonitorJobID=71_https://submit-2.t2.ucsd.edu//121127//17638.9
MonitorID=liis_crab_0_121127_012908_ngk079
WNHostName=wn-v-2720.local
***** End Cat jobreport *****
Parameters sent to Dashboard.
crabWatchdog started as process 20775
>>> moving CMSSW software directories in /home/cms067/home_creur_141448492/CREAM141448492/glide_g16591/execute/dir_6740/CMSSW_5_3_5
mv: cannot stat `/home/cms067/home_creur_141448492/CREAM141448492/glide_g16591/execute/dir_6740/module/': No such file or directory
>>> Include /home/cms067/home_creur_141448492/CREAM141448492/glide_g16591/execute/dir_6740 in PYTHONPATH:
PYTHONPATH=/home/cms067/home_creur_141448492/CREAM141448492/glide_g16591/execute/dir_6740/:/home/cms067/home_creur_141448492/CREAM141448492/glide_g16591/execute/dir_6740/CMSSW_5_3_5/python:/home/cms067/home_creur_141448492/CREAM141448492/glide_g16591/execute/dir_6740/CMSSW_5_3_5/lib/slc5_amd64_gcc462:/cvmfs/cms.cern.ch/slc5_amd64_gcc462/cms/cmssw/CMSSW_5_3_5/python:/cvmfs/cms.cern.ch/slc5_amd64_gcc462/cms/cmssw/CMSSW_5_3_5/lib/slc5_amd64_gcc462:/cvmfs/cms.cern.ch/slc5_amd64_gcc462/cms/coral/CORAL_2_3_21-cms27/slc5_amd64_gcc462/python:/cvmfs/cms.cern.ch/slc5_amd64_gcc462/cms/coral/CORAL_2_3_21-cms27/slc5_amd64_gcc462/lib:/cvmfs/cms.cern.ch/slc5_amd64_gcc462/external/pyqt/4.8.1/lib/python2.6/site-packages:/cvmfs/cms.cern.ch/slc5_amd64_gcc462/external/py2-scipy/0.8.0/lib/python2.6/site-packages:/cvmfs/cms.cern.ch/slc5_amd64_gcc462/external/py2-matplotlib/1.0.1/lib/python2.6/site-packages:/cvmfs/cms.cern.ch/slc5_amd64_gcc462/external/python-ldap/2.3.5/lib/python2.6/site-packages:/cvmfs/cms.cern.ch/slc5_amd64_gcc462/external/sip/4.11.2/lib/python2.6/site-packages:/cvmfs/cms.cern.ch/slc5_amd64_gcc462/external/py2-pycurl/7.19.0/lib/python2.6/site-packages:/cvmfs/cms.cern.ch/slc5_amd64_gcc462/external/py2-numpy/1.6.1/lib/python2.6/site-packages:/cvmfs/cms.cern.ch/slc5_amd64_gcc462/external/py2-ipython/0.10/lib/python2.6/site-packages:/cvmfs/cms.cern.ch/slc5_amd64_gcc462/external/py2-cx-oracle/5.1-cms11/lib/python2.6/site-packages:/cvmfs/cms.cern.ch/slc5_amd64_gcc462/external/py2-cjson/1.0.5/lib/python2.6/site-packages:/cvmfs/cms.cern.ch/slc5_amd64_gcc462/cms/das-client/1.4.1-cms8/bin:/cvmfs/cms.cern.ch/slc5_amd64_gcc462/external/elementtree/1.2.6/share/lib/python2.6/site-packages:/cvmfs/cms.cern.ch/slc5_amd64_gcc462/external/rivet/1.5.1-cms10/lib/python2.6/site-packages:/cvmfs/cms.cern.ch/slc5_amd64_gcc462/external/pyminuit2/0.0.1-cms34/lib/python2.6/site-packages:/cvmfs/cms.cern.ch/slc5_amd64_gcc462/external/professor/1.0.0-cms35/lib/python2.6/site-packages:/cvmfs/cms.cern.ch/slc5_amd64_gcc462/lcg/root/5.32.00-cms18/lib:/cvmfs/cms.cern.ch/slc5_amd64_gcc462/cms/dbs-client/DBS_2_1_1_patch1_1/lib:/cvmfs/cms.cern.ch/slc5_amd64_gcc462/cms/dbs-client/DBS_2_1_1_patch1_1/lib/DBSAPI:/home/cms067/home_creur_141448492/CREAM141448492/glide_g16591/execute/dir_6740/
241a2a19cb7c5c8751ba22759ab3bdb0
PSETHASH = 241a2a19cb7c5c8751ba22759ab3bdb0
/home/cms067/home_creur_141448492/CREAM141448492/glide_g16591/execute/dir_6740/writeCfg.py pset.py pset.py
Importing .py file
Setting parameters
inputBlocks=/QCD_Pt_170_250_EMEnriched_TuneZ2star_8TeV_pythia6/mario-Summer12-stop-pfele-step1-3d176ac8da5e9dff208d057f4733ca91/USER#130d237e-abcb-4916-a790-d17c846c5c04
inputFiles=/store/user/mario/QCD_Pt_170_250_EMEnriched_TuneZ2star_8TeV_pythia6/Summer12-stop-pfele-step1/3d176ac8da5e9dff208d057f4733ca91/tuple_334_5_w6A.root;/store/user/mario/QCD_Pt_170_250_EMEnriched_TuneZ2star_8TeV_pythia6/Summer12-stop-pfele-step1/3d176ac8da5e9dff208d057f4733ca91/tuple_335_6_rRQ.root;/store/user/mario/QCD_Pt_170_250_EMEnriched_TuneZ2star_8TeV_pythia6/Summer12-stop-pfele-step1/3d176ac8da5e9dff208d057f4733ca91/tuple_336_6_J6y.root;/store/user/mario/QCD_Pt_170_250_EMEnriched_TuneZ2star_8TeV_pythia6/Summer12-stop-pfele-step1/3d176ac8da5e9dff208d057f4733ca91/tuple_337_6_9B6.root;/store/user/mario/QCD_Pt_170_250_EMEnriched_TuneZ2star_8TeV_pythia6/Summer12-stop-pfele-step1/3d176ac8da5e9dff208d057f4733ca91/tuple_384_5_Pbx.root
parentFiles=
lumisRange=
>>> Executable cmsRun
/cvmfs/cms.cern.ch/slc5_amd64_gcc462/cms/cmssw/CMSSW_5_3_5/bin/slc5_amd64_gcc462/cmsRun
ok executable found
>>> info for dashboard:
***** Cat /home/cms067/home_creur_141448492/CREAM141448492/glide_g16591/execute/dir_6740/jobreport.txt *****
MonitorJobID=71_https://submit-2.t2.ucsd.edu//121127//17638.9
MonitorID=liis_crab_0_121127_012908_ngk079
ExeStart=cmsRun
***** End Cat jobreport *****
Parameters sent to Dashboard.
>>> cmsRun started at Tue Nov 27 09:51:01 UTC 2012
>>> cmsRun ended at Tue Nov 27 09:58:00 UTC 2012
>>> info for dashboard:
***** Cat /home/cms067/home_creur_141448492/CREAM141448492/glide_g16591/execute/dir_6740/jobreport.txt *****
MonitorJobID=71_https://submit-2.t2.ucsd.edu//121127//17638.9
MonitorID=liis_crab_0_121127_012908_ngk079
ExeEnd=cmsRun
***** End Cat jobreport *****
Parameters sent to Dashboard.
TIME_EXE = 419 sec
>>> cmsRun wrote 119 lines of stdout+stderr
>>> START OF printout of 119 lines from stdout+stderr
27-Nov-2012 11:51:16 EET  Initiating request to open file file:/hdfs/cms/store/user/mario/QCD_Pt_170_250_EMEnriched_TuneZ2star_8TeV_pythia6/Summer12-stop-pfele-step1/3d176ac8da5e9dff208d057f4733ca91/tuple_334_5_w6A.root
27-Nov-2012 11:51:23 EET  Successfully opened file file:/hdfs/cms/store/user/mario/QCD_Pt_170_250_EMEnriched_TuneZ2star_8TeV_pythia6/Summer12-stop-pfele-step1/3d176ac8da5e9dff208d057f4733ca91/tuple_334_5_w6A.root
Begin processing the 1st record. Run 1, Event 175357423, LumiSection 54073 at 27-Nov-2012 11:51:38.616 EET
Begin processing the 1001st record. Run 1, Event 176166564, LumiSection 54323 at 27-Nov-2012 11:51:44.449 EET
Begin processing the 2001st record. Run 1, Event 176736891, LumiSection 54498 at 27-Nov-2012 11:51:47.588 EET
Begin processing the 3001st record. Run 1, Event 93081126, LumiSection 28703 at 27-Nov-2012 11:51:51.863 EET
Begin processing the 4001st record. Run 1, Event 94587015, LumiSection 29167 at 27-Nov-2012 11:51:54.928 EET
Begin processing the 5001st record. Run 1, Event 96794090, LumiSection 29848 at 27-Nov-2012 11:51:58.871 EET
27-Nov-2012 11:52:00 EET  Closed file file:/hdfs/cms/store/user/mario/QCD_Pt_170_250_EMEnriched_TuneZ2star_8TeV_pythia6/Summer12-stop-pfele-step1/3d176ac8da5e9dff208d057f4733ca91/tuple_334_5_w6A.root
27-Nov-2012 11:52:00 EET  Initiating request to open file file:/hdfs/cms/store/user/mario/QCD_Pt_170_250_EMEnriched_TuneZ2star_8TeV_pythia6/Summer12-stop-pfele-step1/3d176ac8da5e9dff208d057f4733ca91/tuple_335_6_rRQ.root
27-Nov-2012 11:52:00 EET  Successfully opened file file:/hdfs/cms/store/user/mario/QCD_Pt_170_250_EMEnriched_TuneZ2star_8TeV_pythia6/Summer12-stop-pfele-step1/3d176ac8da5e9dff208d057f4733ca91/tuple_335_6_rRQ.root
Begin processing the 6001st record. Run 1, Event 100065022, LumiSection 30856 at 27-Nov-2012 11:52:14.555 EET
Begin processing the 7001st record. Run 1, Event 174883710, LumiSection 53927 at 27-Nov-2012 11:52:17.879 EET
Begin processing the 8001st record. Run 1, Event 175485142, LumiSection 54112 at 27-Nov-2012 11:52:22.174 EET
Begin processing the 9001st record. Run 1, Event 154653931, LumiSection 47689 at 27-Nov-2012 11:52:24.579 EET
Begin processing the 10001st record. Run 1, Event 155901611, LumiSection 48074 at 27-Nov-2012 11:52:28.569 EET
Begin processing the 11001st record. Run 1, Event 193539128, LumiSection 59680 at 27-Nov-2012 11:52:30.650 EET
Begin processing the 12001st record. Run 1, Event 69492298, LumiSection 21429 at 27-Nov-2012 11:52:34.026 EET
Begin processing the 13001st record. Run 1, Event 77702951, LumiSection 23961 at 27-Nov-2012 11:52:36.436 EET
Begin processing the 14001st record. Run 1, Event 82218931, LumiSection 25353 at 27-Nov-2012 11:52:41.167 EET
Begin processing the 15001st record. Run 1, Event 77305591, LumiSection 23838 at 27-Nov-2012 11:52:44.619 EET
Begin processing the 16001st record. Run 1, Event 81042632, LumiSection 24991 at 27-Nov-2012 11:52:49.082 EET
Begin processing the 17001st record. Run 1, Event 82160432, LumiSection 25335 at 27-Nov-2012 11:52:51.616 EET
Begin processing the 18001st record. Run 1, Event 90136579, LumiSection 27795 at 27-Nov-2012 11:52:55.238 EET
Begin processing the 19001st record. Run 1, Event 90941623, LumiSection 28043 at 27-Nov-2012 11:52:58.726 EET
Begin processing the 20001st record. Run 1, Event 85317400, LumiSection 26309 at 27-Nov-2012 11:53:03.366 EET
Begin processing the 21001st record. Run 1, Event 85490179, LumiSection 26362 at 27-Nov-2012 11:53:06.969 EET
Begin processing the 22001st record. Run 1, Event 87048347, LumiSection 26842 at 27-Nov-2012 11:53:11.157 EET
Begin processing the 23001st record. Run 1, Event 86802560, LumiSection 26767 at 27-Nov-2012 11:53:14.577 EET
Begin processing the 24001st record. Run 1, Event 87003346, LumiSection 26829 at 27-Nov-2012 11:53:19.270 EET
Begin processing the 25001st record. Run 1, Event 87522988, LumiSection 26989 at 27-Nov-2012 11:53:22.450 EET
Begin processing the 26001st record. Run 1, Event 154415661, LumiSection 47616 at 27-Nov-2012 11:53:27.407 EET
27-Nov-2012 11:53:30 EET  Closed file file:/hdfs/cms/store/user/mario/QCD_Pt_170_250_EMEnriched_TuneZ2star_8TeV_pythia6/Summer12-stop-pfele-step1/3d176ac8da5e9dff208d057f4733ca91/tuple_335_6_rRQ.root
27-Nov-2012 11:53:30 EET  Initiating request to open file file:/hdfs/cms/store/user/mario/QCD_Pt_170_250_EMEnriched_TuneZ2star_8TeV_pythia6/Summer12-stop-pfele-step1/3d176ac8da5e9dff208d057f4733ca91/tuple_336_6_J6y.root
27-Nov-2012 11:53:30 EET  Successfully opened file file:/hdfs/cms/store/user/mario/QCD_Pt_170_250_EMEnriched_TuneZ2star_8TeV_pythia6/Summer12-stop-pfele-step1/3d176ac8da5e9dff208d057f4733ca91/tuple_336_6_J6y.root
Begin processing the 27001st record. Run 1, Event 156906030, LumiSection 48383 at 27-Nov-2012 11:53:47.397 EET
Begin processing the 28001st record. Run 1, Event 206574598, LumiSection 63699 at 27-Nov-2012 11:53:50.423 EET
Begin processing the 29001st record. Run 1, Event 208879155, LumiSection 64410 at 27-Nov-2012 11:53:55.450 EET
Begin processing the 30001st record. Run 1, Event 209794721, LumiSection 64692 at 27-Nov-2012 11:53:58.920 EET
Begin processing the 31001st record. Run 1, Event 210355736, LumiSection 64865 at 27-Nov-2012 11:54:03.554 EET
Begin processing the 32001st record. Run 1, Event 79879182, LumiSection 24632 at 27-Nov-2012 11:54:07.384 EET
Begin processing the 33001st record. Run 1, Event 82177807, LumiSection 25341 at 27-Nov-2012 11:54:12.163 EET
Begin processing the 34001st record. Run 1, Event 83392055, LumiSection 25715 at 27-Nov-2012 11:54:17.068 EET
Begin processing the 35001st record. Run 1, Event 176500505, LumiSection 54426 at 27-Nov-2012 11:54:20.702 EET
Begin processing the 36001st record. Run 1, Event 177185713, LumiSection 54637 at 27-Nov-2012 11:54:26.910 EET
Begin processing the 37001st record. Run 1, Event 177483657, LumiSection 54729 at 27-Nov-2012 11:54:30.242 EET
Begin processing the 38001st record. Run 1, Event 179473565, LumiSection 55342 at 27-Nov-2012 11:54:35.533 EET
Begin processing the 39001st record. Run 1, Event 179849772, LumiSection 55458 at 27-Nov-2012 11:54:37.992 EET
Begin processing the 40001st record. Run 1, Event 210758156, LumiSection 64989 at 27-Nov-2012 11:54:41.916 EET
Begin processing the 41001st record. Run 1, Event 213487736, LumiSection 65831 at 27-Nov-2012 11:54:45.216 EET
Begin processing the 42001st record. Run 1, Event 216632635, LumiSection 66801 at 27-Nov-2012 11:54:49.268 EET
Begin processing the 43001st record. Run 1, Event 174945591, LumiSection 53946 at 27-Nov-2012 11:54:52.477 EET
Begin processing the 44001st record. Run 1, Event 176879508, LumiSection 54542 at 27-Nov-2012 11:54:56.710 EET
Begin processing the 45001st record. Run 1, Event 176602260, LumiSection 54457 at 27-Nov-2012 11:54:59.527 EET
Begin processing the 46001st record. Run 1, Event 96648291, LumiSection 29803 at 27-Nov-2012 11:55:04.182 EET
Begin processing the 47001st record. Run 1, Event 97275055, LumiSection 29996 at 27-Nov-2012 11:55:07.389 EET
Begin processing the 48001st record. Run 1, Event 97814075, LumiSection 30162 at 27-Nov-2012 11:55:11.853 EET
27-Nov-2012 11:55:13 EET  Closed file file:/hdfs/cms/store/user/mario/QCD_Pt_170_250_EMEnriched_TuneZ2star_8TeV_pythia6/Summer12-stop-pfele-step1/3d176ac8da5e9dff208d057f4733ca91/tuple_336_6_J6y.root
27-Nov-2012 11:55:13 EET  Initiating request to open file file:/hdfs/cms/store/user/mario/QCD_Pt_170_250_EMEnriched_TuneZ2star_8TeV_pythia6/Summer12-stop-pfele-step1/3d176ac8da5e9dff208d057f4733ca91/tuple_337_6_9B6.root
27-Nov-2012 11:55:14 EET  Successfully opened file file:/hdfs/cms/store/user/mario/QCD_Pt_170_250_EMEnriched_TuneZ2star_8TeV_pythia6/Summer12-stop-pfele-step1/3d176ac8da5e9dff208d057f4733ca91/tuple_337_6_9B6.root
Begin processing the 49001st record. Run 1, Event 88851450, LumiSection 27398 at 27-Nov-2012 11:55:30.976 EET
Begin processing the 50001st record. Run 1, Event 91843848, LumiSection 28321 at 27-Nov-2012 11:55:34.262 EET
Begin processing the 51001st record. Run 1, Event 93633831, LumiSection 28873 at 27-Nov-2012 11:55:39.467 EET
Begin processing the 52001st record. Run 1, Event 93080474, LumiSection 28702 at 27-Nov-2012 11:55:42.778 EET
Begin processing the 53001st record. Run 1, Event 93510883, LumiSection 28835 at 27-Nov-2012 11:55:46.857 EET
Begin processing the 54001st record. Run 1, Event 94603156, LumiSection 29172 at 27-Nov-2012 11:55:49.832 EET
Begin processing the 55001st record. Run 1, Event 95387150, LumiSection 29414 at 27-Nov-2012 11:55:53.060 EET
Begin processing the 56001st record. Run 1, Event 96119630, LumiSection 29640 at 27-Nov-2012 11:55:56.304 EET
Begin processing the 57001st record. Run 1, Event 211368785, LumiSection 65177 at 27-Nov-2012 11:56:01.807 EET
Begin processing the 58001st record. Run 1, Event 212824624, LumiSection 65626 at 27-Nov-2012 11:56:03.880 EET
Begin processing the 59001st record. Run 1, Event 83787665, LumiSection 25837 at 27-Nov-2012 11:56:08.600 EET
Begin processing the 60001st record. Run 1, Event 84677097, LumiSection 26111 at 27-Nov-2012 11:56:10.837 EET
Begin processing the 61001st record. Run 1, Event 85441718, LumiSection 26347 at 27-Nov-2012 11:56:15.585 EET
Begin processing the 62001st record. Run 1, Event 86932439, LumiSection 26807 at 27-Nov-2012 11:56:19.707 EET
Begin processing the 63001st record. Run 1, Event 87304123, LumiSection 26921 at 27-Nov-2012 11:56:23.999 EET
Begin processing the 64001st record. Run 1, Event 88108460, LumiSection 27169 at 27-Nov-2012 11:56:27.361 EET
Begin processing the 65001st record. Run 1, Event 89195702, LumiSection 27505 at 27-Nov-2012 11:56:31.579 EET
Begin processing the 66001st record. Run 1, Event 91813298, LumiSection 28312 at 27-Nov-2012 11:56:34.953 EET
Begin processing the 67001st record. Run 1, Event 93376276, LumiSection 28794 at 27-Nov-2012 11:56:39.297 EET
Begin processing the 68001st record. Run 1, Event 214634824, LumiSection 66185 at 27-Nov-2012 11:56:42.726 EET
Begin processing the 69001st record. Run 1, Event 214355786, LumiSection 66098 at 27-Nov-2012 11:56:46.043 EET
27-Nov-2012 11:56:49 EET  Closed file file:/hdfs/cms/store/user/mario/QCD_Pt_170_250_EMEnriched_TuneZ2star_8TeV_pythia6/Summer12-stop-pfele-step1/3d176ac8da5e9dff208d057f4733ca91/tuple_337_6_9B6.root
27-Nov-2012 11:56:49 EET  Initiating request to open file file:/hdfs/cms/store/user/mario/QCD_Pt_170_250_EMEnriched_TuneZ2star_8TeV_pythia6/Summer12-stop-pfele-step1/3d176ac8da5e9dff208d057f4733ca91/tuple_384_5_Pbx.root
27-Nov-2012 11:56:50 EET  Successfully opened file file:/hdfs/cms/store/user/mario/QCD_Pt_170_250_EMEnriched_TuneZ2star_8TeV_pythia6/Summer12-stop-pfele-step1/3d176ac8da5e9dff208d057f4733ca91/tuple_384_5_Pbx.root
Begin processing the 70001st record. Run 1, Event 94438175, LumiSection 29121 at 27-Nov-2012 11:57:01.426 EET
Begin processing the 71001st record. Run 1, Event 95639515, LumiSection 29492 at 27-Nov-2012 11:57:05.826 EET
Begin processing the 72001st record. Run 1, Event 94649631, LumiSection 29186 at 27-Nov-2012 11:57:09.173 EET
Begin processing the 73001st record. Run 1, Event 96431997, LumiSection 29736 at 27-Nov-2012 11:57:13.805 EET
Begin processing the 74001st record. Run 1, Event 171218580, LumiSection 52797 at 27-Nov-2012 11:57:16.050 EET
Begin processing the 75001st record. Run 1, Event 181053009, LumiSection 55829 at 27-Nov-2012 11:57:20.818 EET
Begin processing the 76001st record. Run 1, Event 214331432, LumiSection 66091 at 27-Nov-2012 11:57:24.251 EET
Begin processing the 77001st record. Run 1, Event 173722137, LumiSection 53569 at 27-Nov-2012 11:57:29.170 EET
Begin processing the 78001st record. Run 1, Event 179708808, LumiSection 55415 at 27-Nov-2012 11:57:32.608 EET
Begin processing the 79001st record. Run 1, Event 56485463, LumiSection 17418 at 27-Nov-2012 11:57:37.605 EET
Begin processing the 80001st record. Run 1, Event 156116025, LumiSection 48140 at 27-Nov-2012 11:57:41.033 EET
Begin processing the 81001st record. Run 1, Event 169531785, LumiSection 52277 at 27-Nov-2012 11:57:45.146 EET
Begin processing the 82001st record. Run 1, Event 86859737, LumiSection 26784 at 27-Nov-2012 11:57:47.693 EET
Begin processing the 83001st record. Run 1, Event 102314898, LumiSection 31550 at 27-Nov-2012 11:57:51.681 EET
Begin processing the 84001st record. Run 1, Event 163162026, LumiSection 50313 at 27-Nov-2012 11:57:53.813 EET
Begin processing the 85001st record. Run 1, Event 91192541, LumiSection 28120 at 27-Nov-2012 11:57:57.490 EET
27-Nov-2012 11:57:58 EET  Closed file file:/hdfs/cms/store/user/mario/QCD_Pt_170_250_EMEnriched_TuneZ2star_8TeV_pythia6/Summer12-stop-pfele-step1/3d176ac8da5e9dff208d057f4733ca91/tuple_384_5_Pbx.root

=============================================

MessageLogger Summary

 type     category        sev    module        subroutine        count    total
 ---- -------------------- -- ---------------- ----------------  -----    -----
    1 fileAction           -s file_close                             5        5
    2 fileAction           -s file_open                             10       10

 type    category    Examples: run/evt        run/evt          run/evt
 ---- -------------------- ---------------- ---------------- ----------------
    1 fileAction           PostProcessEvent PostProcessEvent PostEndRun
    2 fileAction           pre-events       pre-events       PostProcessEvent

Severity    # Occurrences   Total Occurrences
--------    -------------   -----------------
System                 15                  15
>>> END OF printout of 119 lines from stdout+stderr
>>> Parse FrameworkJobReport crab_fjr.xml
Result of parsing the FrameworkJobReport crab_fjr.xml: Popularity start
lumisRange : 1::20844,21162,21312,21323,21429,22127,23064,23139,23273,23605,23813,23838,23861,23867,23910,23961,24012,24054,24069,24100,24133,24213,24457,24504,24545,24971,24991,25034,25119,25253,25269,25296,25308,25335,25353,25496,25628,25843,26031,26238,26296,26302,26309,26316,26318,26341,26345,26362,26409,26463,26484,26511,26539,26542,26602,26637,26657,26667,26676,26690,26716,26755,26767,26775-26776,26790,26795,26799,26824,26829,26839,26842,26859,26883,26885,26904,26964,26971,26974,26989,27009,27038,27138,27183,27250,27265,27353,27400,27466-27467,27479,27623,27677,27704,27795,27802,27856,27886,27974,27987,28021,28043,28071,28308,29909,29949,30481,30540,30856,31281,46309,46330,46954,47066,47219,47245,47317,47351,47355,47409,47449,47454,47458,47460,47488,47616,47689,47706,47774,47834,47847,47870,47910,47912,47921,47962,48063,48074,48383,48785,48796,49579-49580,50781,50813,53741,53768,53927,53953,53955,53976,54057,54096,54112,54276-54277,54282,54286,54748,59044,59134,59253,59492,59632,59680,62306,62365::1;1::24152,24606,24632,24683,24850,24977,25058,25147,25239,25341,25347,25403,25536,25570,25680,25715,25827,26161,26196,26502,26612,26800,26854,27209,29737,29740,29743,29763,29765,29803,29815,29833,29864,29880,29932,29937,29955,29977-29978,29996,29998,30021,30076,30093,30162,30217,30246,30341,48383,48738,48913-48914,48918,48944,53710,53839,53911,53946,53952,53985,54108,54142,54148,54251,54293,54310,54319-54320,54329,54332,54346,54363,54374-54375,54389,54393-54394,54426,54433,54443,54449,54457,54468,54542,54598,54617,54630,54637,54641,54656,54659-54660,54662,54670,54673,54719,54729,55266,55271-55272,55274,55320,55330,55337,55342,55354,55367,55378,55406,55428,55442,55454,55458,55729,55741,56320,56346,56757,56762,63528,63699,63975,64132,64140,64178,64182,64270,64282,64410,64506,64520-64521,64631,64687,64692,64701,64709,64768,64797,64832,64865,64881,64906,64981,64983,64989,65013,65034,65057,65178,65194,65341,65378,65580,65763,65798,65831,65882,65911,66066,66299,66421,66670,66690,66772,66801,66828,66961,66963::2;1::25833,25836-25837,25969,25976,25979,26061,26094-26095,26097,26111,26116,26162,26180,26183,26213,26255,26268,26297,26326,26343,26347,26612,26656,26802,26806-26807,26835-26836,26861,26899,26913,26921,26961,26963,27003,27010,27051,27065,27101,27169,27176,27189,27225,27229,27234,27304,27320,27398,27433,27489,27500,27505,27537,27567,27639,27679,27696,27703,27746,27766,27829,27854,27892,27904,27982,28014,28030,28195,28248,28298,28305,28312,28321,28335,28386,28463,28650,28670,28694,28698,28702,28725,28749-28750,28766,28771,28775,28784-28785,28788-28789,28791,28794,28799,28833,28835,28838,28855,28873,28878,28890,28897,28925,28983,29011,29013,29043,29090-29091,29120,29160,29162,29172,29194,29238,29269,29279,29306,29325,29343,29395,29405,29414,29429,29482,29536,29577,29587,29601,29636,29640,29650,29655,29697,29732,64874,64882,65112,65129,65177,65224,65238,65241,65245,65285,65475,65491,65625-65626,65670,65676,65679,65702,65858,65953,65988,66098,66131,66185,66228,66249,66301,66303,66417,66440,66921,66947::3;1::17418,21937,25271,26064,26769,26784,28120,28188,28395,28484,28491,28500,28560,28611,28626,28639-28640,28726,28816,28952,28969,29024,29037,29121,29186,29355,29379,29490,29492,29566,29638,29736,29817,30009,30208,30999,31043,31097,31193,31546,31550,46259,46278,46411,46453,46821,46836,47369,47453,47757,47882,47896,47913,47974,48022,48058,48140,48184,48240,48271,48334,48432,48454,50255,50313,50346-50347,50370,50524,50537,50849,50862,52277,52289,52307,52364,52373,52407,52411,52499,52533,52573,52797,52955,52959,53139,53275,53333,53352,53375,53513,53535,53541,53569,53696,53717,53783,53789,53986,54147,54853,54855,55381,55385-55386,55388,55415,55427,55533,55612,55829,55891,55983,56513,56530,56898,56921,63145,63378,65968,66091::4;1::24736,24807,28703,28716,28769,28797,28806,28964,29108,29126,29167,29190,29214,29243,29710,29713,29831,29848,29885,29909,30078,54073,54138,54140,54188,54212,54216,54296,54323,54326-54327,54343,54466,54479,54485,54498,54509,54524,54549,54555-54556,54571,56272::5;
lumisParentRange : 
Basename : /store/user/mario/QCD_Pt_170_250_EMEnriched_TuneZ2star_8TeV_pythia6/Summer12-stop-pfele-step1/3d176ac8da5e9dff208d057f4733ca91/tuple_3
BasenameParent : 
parentFiles : 
inputBlocks : /QCD_Pt_170_250_EMEnriched_TuneZ2star_8TeV_pythia6/mario-Summer12-stop-pfele-step1-3d176ac8da5e9dff208d057f4733ca91/USER#130d237e-abcb-4916-a790-d17c846c5c04
inputFiles : 35_6_rRQ.root::1::EDM::Local::1;36_6_J6y.root::1::EDM::Local::2;37_6_9B6.root::1::EDM::Local::3;84_5_Pbx.root::1::EDM::Local::4;34_5_w6A.root::1::EDM::Local::5;
Popularity stop
Extracted ExitStatus from FrameworkJobReport parsing output: 0
>>> Executable succeded  0
ExeExitCode=0
EXECUTABLE_EXIT_STATUS = 0
>>> current directory /home/cms067/home_creur_141448492/CREAM141448492/glide_g16591/execute/dir_6740/CMSSW_5_3_5
>>>  (SOFTWARE_DIR): /home/cms067/home_creur_141448492/CREAM141448492/glide_g16591/execute/dir_6740/CMSSW_5_3_5
>>> (WORKING_DIR): 
>>> current directory content:
total 156
drwxr-xr-x 3 cms067 cms  4096 Nov 27 11:50 .SCRAM
-rw-r--r-- 1 cms067 cms 30066 Nov 27 11:50 CMSSW.py.pkl
drwxr-xr-x 3 cms067 cms  4096 Nov 27 11:50 bin
drwxr-xr-x 3 cms067 cms  4096 Nov 27 11:50 cfipython
drwxr-xr-x 5 cms067 cms  4096 Nov 27 11:50 config
-rw-r--r-- 1 cms067 cms    16 Nov 27 11:58 cpu_timing.txt
drwxr-xr-x 2 cms067 cms  4096 Nov 27 11:50 doc
-rw-r--r-- 1 cms067 cms 13481 Nov 27 11:57 executable.out
drwxr-xr-x 2 cms067 cms  4096 Nov 27 11:50 include
drwxrwxrwx 3 cms067 cms  4096 Oct 22 16:38 lib
drwxr-xr-x 3 cms067 cms  4096 Nov 27 11:50 logs
drwxr-xr-x 3 cms067 cms  4096 Nov 27 11:50 objs
-rw-r--r-- 1 cms067 cms 17204 Nov 27 11:57 optHistograms.root
-rw-r--r-- 1 cms067 cms   104 Nov 27 11:50 pset.py
-rw-r--r-- 1 cms067 cms 19491 Nov 27 11:50 pset.py.pkl
-rw-r--r-- 1 cms067 cms   289 Nov 27 11:50 pset.pyc
drwxr-xr-x 2 cms067 cms  4096 Nov 27 11:50 python
-rw-r--r-- 1 cms067 cms   417 Nov 27 11:58 report.log
drwxrwxrwx 4 cms067 cms  4096 Nov 27 11:50 src
drwxr-xr-x 3 cms067 cms  4096 Nov 27 11:50 test
drwxr-xr-x 3 cms067 cms  4096 Nov 27 11:50 tmp
>>> current directory /home/cms067/home_creur_141448492/CREAM141448492/glide_g16591/execute/dir_6740/CMSSW_5_3_5
>>> (SOFTWARE_DIR): /home/cms067/home_creur_141448492/CREAM141448492/glide_g16591/execute/dir_6740/CMSSW_5_3_5
>>> (WORKING_DIR): 
>>> current directory content:
total 136
drwxr-xr-x 3 cms067 cms  4096 Nov 27 11:50 .SCRAM
-rw-r--r-- 1 cms067 cms 30066 Nov 27 11:50 CMSSW.py.pkl
drwxr-xr-x 3 cms067 cms  4096 Nov 27 11:50 bin
drwxr-xr-x 3 cms067 cms  4096 Nov 27 11:50 cfipython
drwxr-xr-x 5 cms067 cms  4096 Nov 27 11:50 config
-rw-r--r-- 1 cms067 cms    16 Nov 27 11:58 cpu_timing.txt
drwxr-xr-x 2 cms067 cms  4096 Nov 27 11:50 doc
-rw-r--r-- 1 cms067 cms 13481 Nov 27 11:57 executable.out
drwxr-xr-x 2 cms067 cms  4096 Nov 27 11:50 include
drwxrwxrwx 3 cms067 cms  4096 Oct 22 16:38 lib
drwxr-xr-x 3 cms067 cms  4096 Nov 27 11:50 logs
drwxr-xr-x 3 cms067 cms  4096 Nov 27 11:50 objs
-rw-r--r-- 1 cms067 cms   104 Nov 27 11:50 pset.py
-rw-r--r-- 1 cms067 cms 19491 Nov 27 11:50 pset.py.pkl
-rw-r--r-- 1 cms067 cms   289 Nov 27 11:50 pset.pyc
drwxr-xr-x 2 cms067 cms  4096 Nov 27 11:50 python
-rw-r--r-- 1 cms067 cms   417 Nov 27 11:58 report.log
drwxrwxrwx 4 cms067 cms  4096 Nov 27 11:50 src
drwxr-xr-x 3 cms067 cms  4096 Nov 27 11:50 test
drwxr-xr-x 3 cms067 cms  4096 Nov 27 11:50 tmp
>>> current directory (RUNTIME_AREA):  /home/cms067/home_creur_141448492/CREAM141448492/glide_g16591/execute/dir_6740
>>> current dir: /home/cms067/home_creur_141448492/CREAM141448492/glide_g16591/execute/dir_6740
>>> current dir content:
total 25788
-rw-rw-rw-  1 cms067 cms     5587 Nov 27 11:46 .job.ad
-rw-rw-rw-  1 cms067 cms    11380 Nov 27 11:46 .machine.ad
-rw-rw-rw-  1 cms067 cms      105 Nov 27 01:29 CMSSW.py
-rw-rw-rw-  1 cms067 cms    30066 Nov 27 01:29 CMSSW.py.pkl
-rwxrw-rw-  1 cms067 cms    23341 Nov 27 11:50 CMSSW.sh
drwxr-xr-x 15 cms067 cms     4096 Nov 27 11:58 CMSSW_5_3_5
-rw-rw-rw-  1 cms067 cms        0 Nov 27 11:50 CMSSW_71.stderr
-rw-rw-rw-  1 cms067 cms    29541 Nov 27 11:58 CMSSW_71.stdout
-rw-r--r--  1 cms067 cms      346 Nov 27 11:50 CacheEnv.sh
-rw-rw-rw-  1 cms067 cms     7291 Jun  9  2010 DashboardAPI.py
-rw-r--r--  1 cms067 cms     6868 Nov 27 11:50 DashboardAPI.pyc
drwxrwxrwx  3 cms067 cms     4096 Nov 27 11:58 IMProv
-rw-rw-rw-  1 cms067 cms     2748 Mar  8  2006 Logger.py
-rw-r--r--  1 cms067 cms     3348 Nov 27 11:50 Logger.pyc
-rw-rw-rw-  1 cms067 cms    24524 Mar 28  2008 ProcInfo.py
-rw-r--r--  1 cms067 cms    23446 Nov 27 11:50 ProcInfo.pyc
drwxrwxrwx  7 cms067 cms     4096 Nov 27 11:50 ProdCommon
drwxrwxrwx  3 cms067 cms     4096 Nov 27 11:50 WMCore
-rw-r--r--  1 cms067 cms     2798 Nov 27 11:57 Watchdog_71.log
-rw-rw-rw-  1 cms067 cms    32895 Mar 28  2008 apmon.py
-rw-r--r--  1 cms067 cms    28845 Nov 27 11:50 apmon.pyc
-rw-rw-rw-  1 cms067 cms   100215 Nov 27 11:50 arguments.xml
-rwxrwxrwx  1 cms067 cms    37427 Sep 13 14:14 cmscp.py
-rwxrwxrwx  1 cms067 cms    23341 Nov 27 11:50 condor_exec.exe
-rw-rw-rw-  1 cms067 cms      546 Nov 27 01:29 crab.cfg
-rwxrwxrwx  1 cms067 cms     9531 Sep 20 21:46 crabWatchdog.sh
-rw-r--r--  1 cms067 cms    48384 Nov 27 11:57 crab_fjr_71.xml
-rw-rw-rw-  1 cms067 cms 25796303 Nov 27 11:50 default.tgz
-rwxrwxrwx  1 cms067 cms     4488 May 12  2012 fillCrabFjr.py
-rw-r--r--  1 cms067 cms      946 Nov 27 11:50 inputsReport.txt
-rw-r--r--  1 cms067 cms      131 Nov 27 11:58 jobreport.txt
lrwxrwxrwx  1 cms067 cms      106 Nov 27 11:58 optHistograms.root -> /home/cms067/home_creur_141448492/CREAM141448492/glide_g16591/execute/dir_6740/optHistograms_71_2_ITP.root
-rw-r--r--  1 cms067 cms    17204 Nov 27 11:57 optHistograms_71_2_ITP.root
-rw-rw-rw-  1 cms067 cms    17352 Jan 20  2012 parseCrabFjr.py
-rw-r--r--  1 cms067 cms      283 Nov 27 11:50 report.log
-rwxrwxrwx  1 cms067 cms     1497 May 27  2009 report.py
-rwxrwxrwx  1 cms067 cms     8387 Mar 23  2011 writeCfg.py
-rw-------  1 cms067 cms     8687 Nov 27 11:50 x509up_u1000009
Checking output files:  
will tar file optHistograms_71_2_ITP.root in  out_files_71
will tar file crab_fjr_71.xml in  out_files_71
will tar file CMSSW_71.stdout in  out_files_71
will tar file CMSSW_71.stderr in  out_files_71
WARNING: output file Watchdog_71.log.gz not found!
>>> padding time: Sleeping the wrapper for 136 seconds
STOPPING WATCHDOG. CrabWatchdog PID is 20775
********** LAST 50 LINES OF WATCHDOG LOG
# RESOURCE USAGE SUMMARY FOR PROCESS ID 18595
USER       PID %CPU %MEM    VSZ   RSS TTY      STAT START   TIME COMMAND
cms067   18595  0.0  0.0   8956  1488 ?        S    11:50   0:00 /bin/sh /home/cms067/home_creur_141448492/CREAM141448492/glide_g16591/execute/dir_6740/condor_exec.exe 71 2
 
# LIMITS USED BY THIS WATCHDOG:
# RSS  (KBytes)  : 2300000
# VSZ  (KBytes)  : 100000000
# DISK (MBytes)  : 19000
# CPU  (seconds) : 171600
# WALL (seconds) : 171600
 
# FOLLOWING PRINTOUT TRACKS MAXIMUM VALUES OF RESOURCES USE
# ONE LINE IS PRINTED EACH TIME A MAXIMUM CHANGES
# IF CHANGE WAS IN RSS OR VSZ ALSO PROCID AND COMMAND ARE PRINTED
# THERE IS NO PRINTOUT FOR CPU/WALL TIME INCREASE
 
# TIME			PID	RSS(KB)	VSZ(KB)	Dsk(MB)	tCPU(s)	tWALL(s)	COMMAND
 Nov 27 11:50:50 EET	6730	3368	5492	0	0	277	condor_procd -A /home/cms067/home_creur_141448492/CREAM141448492/glide_g16591/log/procd_address.STARTD -L /home/cms067/home_creur_141448492/CREAM141448492/glide_g16591/log/ProcLog.STARTD -R 10000000 -S 60 -C
 Nov 27 11:50:50 EET	6740	5424	9512	0	0	277	condor_starter -f submit-2.t2.ucsd.edu       
 Nov 27 11:50:50 EET	16538	5424	25504	0	0	392	perl -e ?use Socket;??sub send_notify {? $cream_url = "193.40.150.134:49152";die "No
 Nov 27 11:50:50 EET	22709	5856	25504	0	0	382	/home/cms067/home_creur_141448492/CREAM141448492/glide_g16591/main/condor/sbin/condor_master -f -pidfile /home/cms067/home_creur_141448492/CREAM141448492/glide_g16591/condor_master2.pid      
 Nov 27 11:50:50 EET	---	5856	25504	168	----	----	----
 Nov 27 11:51:55 EET	22709	5864	25504	168	0	446	/home/cms067/home_creur_141448492/CREAM141448492/glide_g16591/main/condor/sbin/condor_master -f -pidfile /home/cms067/home_creur_141448492/CREAM141448492/glide_g16591/condor_master2.pid      
 Nov 27 11:51:55 EET	26149	311076	469856	168	30	58	cmsRun -j /home/cms067/home_creur_141448492/CREAM141448492/glide_g16591/execute/dir_6740/crab_fjr_71.xml -p pset.py     
 Nov 27 11:53:00 EET	26149	363496	562528	168	75	123	cmsRun -j /home/cms067/home_creur_141448492/CREAM141448492/glide_g16591/execute/dir_6740/crab_fjr_71.xml -p pset.py     
 Nov 27 11:54:05 EET	26149	363548	563040	168	116	186	cmsRun -j /home/cms067/home_creur_141448492/CREAM141448492/glide_g16591/execute/dir_6740/crab_fjr_71.xml -p pset.py     
 Nov 27 11:55:08 EET	26149	363752	563296	168	167	251	cmsRun -j /home/cms067/home_creur_141448492/CREAM141448492/glide_g16591/execute/dir_6740/crab_fjr_71.xml -p pset.py     
 Nov 27 11:56:13 EET	26149	363916	563552	168	208	317	cmsRun -j /home/cms067/home_creur_141448492/CREAM141448492/glide_g16591/execute/dir_6740/crab_fjr_71.xml -p pset.py     
 Nov 27 11:57:19 EET	26149	364740	563808	168	255	382	cmsRun -j /home/cms067/home_creur_141448492/CREAM141448492/glide_g16591/execute/dir_6740/crab_fjr_71.xml -p pset.py     
 Nov 27 11:58:24 EET	---	364740	563808	169	----	----	----
********** WATCHDOG LOG ENDED
ZIPPING WATCHDOG LOG
Disk space used:
du -sh /home/cms067/home_creur_141448492/CREAM141448492/glide_g16591/execute/dir_6740
169M	/home/cms067/home_creur_141448492/CREAM141448492/glide_g16591/execute/dir_6740
>>> info for dashboard:
***** Cat /home/cms067/home_creur_141448492/CREAM141448492/glide_g16591/execute/dir_6740/jobreport.txt *****
MonitorJobID=71_https://submit-2.t2.ucsd.edu//121127//17638.9
MonitorID=liis_crab_0_121127_012908_ngk079
ExeTime=419
ExeExitCode=0
CrabUserCpuTime=276.53
CrabSysCpuTime=8.20
CrabCpuPercentage=68%
CrabWrapperTime=600
CrabStageoutTime=NULL
***** End Cat jobreport *****
Parameters sent to Dashboard.
optHistograms_71_2_ITP.root
crab_fjr_71.xml
CMSSW_71.stdout
CMSSW_71.stderr
Watchdog_71.log.gz
tar: .BrokerInfo: Cannot stat: No such file or directory
tar: Error exit delayed from previous errors
Total Output dimension: 27928
WARNING: output files size limit is set to: 50000000
Total Output dimension 27928 is fine.
JOB_EXIT_STATUS = 0
>>> info for dashboard:
***** Cat /home/cms067/home_creur_141448492/CREAM141448492/glide_g16591/execute/dir_6740/jobreport.txt *****
MonitorJobID=71_https://submit-2.t2.ucsd.edu//121127//17638.9
MonitorID=liis_crab_0_121127_012908_ngk079
JobExitCode=0
***** End Cat jobreport *****
Parameters sent to Dashboard.
optHistograms_71_2_ITP.root
crab_fjr_71.xml
