This script was generated by crab (version 2.8.3).
Running /home/cms030/home_crobe_214072761/CREAM214072761/glide_q31413/execute/dir_29800/condor_exec.exe with 2 positional parameters: 46 1
Today is Tue Nov 27 02:25:23 EET 2012
Job submitted on host wn-v-7034.local
Linux wn-v-7034.local 2.6.32-042stab059.7 #1 SMP Tue Jul 24 19:12:01 MSK 2012 x86_64 x86_64 x86_64 GNU/Linux
>>> current directory (RUNTIME_AREA): /home/cms030/home_crobe_214072761/CREAM214072761/glide_q31413/execute/dir_29800
>>> current user: uid=11030(cms030) gid=1400(cms) groups=1400(cms)
>>> voms proxy information:
subject   : /DC=ch/DC=cern/OU=Organic Units/OU=Users/CN=liis/CN=663550/CN=Liis Rebane/CN=proxy/CN=limited proxy
issuer    : /DC=ch/DC=cern/OU=Organic Units/OU=Users/CN=liis/CN=663550/CN=Liis Rebane/CN=proxy
identity  : /DC=ch/DC=cern/OU=Organic Units/OU=Users/CN=liis/CN=663550/CN=Liis Rebane/CN=proxy
type      : limited proxy
strength  : 512 bits
path      : /home/cms030/home_crobe_214072761/CREAM214072761/glide_q31413/execute/dir_29800/x509up_u1000009
timeleft  : 23:59:54
key usage : Digital Signature, Key Encipherment, Data Encipherment
=== VO cms extension information ===
VO        : cms
subject   : /DC=ch/DC=cern/OU=Organic Units/OU=Users/CN=liis/CN=663550/CN=Liis Rebane
issuer    : /DC=ch/DC=cern/OU=computers/CN=lcg-voms.cern.ch
attribute : /cms/Role=NULL/Capability=NULL
timeleft  : 191:00:14
uri       : lcg-voms.cern.ch:15002
>>> tar xzf /home/cms030/home_crobe_214072761/CREAM214072761/glide_q31413/execute/dir_29800/default.tgz :
Successful untar
>>> Include /home/cms030/home_crobe_214072761/CREAM214072761/glide_q31413/execute/dir_29800 in PYTHONPATH:
strip arguments
env var CRAB_UNIQUE_JOB_ID set to: liis_crab_0_121127_012908_ngk079_46_1_pJQ
out_files_46
>>> list of expected files on output sandbox
output files: optHistograms_46_1_pJQ.root crab_fjr_46.xml CMSSW_46.stdout CMSSW_46.stderr Watchdog_46.log.gz
>>> GridFlavour discovery: 
GridFlavour=LCG
>>> SyncSite discovery: 
SyncSite=T2_EE_Estonia
>>> SyncCE discovery: 
getting SyncCE from CE_ID
SyncCE=oberon.hep.kbfi.ee:8443/cream-pbs-long
>>> info for dashboard:
***** Cat /home/cms030/home_crobe_214072761/CREAM214072761/glide_q31413/execute/dir_29800/jobreport.txt *****
MonitorJobID=46_https://submit-2.t2.ucsd.edu//121127//17530.45
SyncGridJobId=https://submit-2.t2.ucsd.edu//121127//17530.45
MonitorID=liis_crab_0_121127_012908_ngk079
GridFlavour=LCG
SyncSite=T2_EE_Estonia
SyncCE=oberon.hep.kbfi.ee:8443/cream-pbs-long
***** End Cat jobreport *****
Parameters sent to Dashboard.
>>> setup environment
set SCRAM ARCH to slc5_amd64_gcc462
SCRAM_ARCH = slc5_amd64_gcc462
>>> setup CMS LCG environment:
set SCRAM ARCH and BUILD_ARCH to slc5_amd64_gcc462 ###
Sourcing environment... 
sourcing /cvmfs/cms.cern.ch/cmsset_default.sh
==> setup cms environment ok
>>> specific cmssw setup environment:
CMSSW_VERSION =  CMSSW_5_3_5
>>> current directory (SOFTWARE_DIR): /home/cms030/home_crobe_214072761/CREAM214072761/glide_q31413/execute/dir_29800/CMSSW_5_3_5
PreserveSeeds: <>
IncrementSeeds:<>
{}
WNHostName=wn-v-7034.local
>>> info for dashboard:
***** Cat /home/cms030/home_crobe_214072761/CREAM214072761/glide_q31413/execute/dir_29800/jobreport.txt *****
MonitorJobID=46_https://submit-2.t2.ucsd.edu//121127//17530.45
MonitorID=liis_crab_0_121127_012908_ngk079
WNHostName=wn-v-7034.local
***** End Cat jobreport *****
Parameters sent to Dashboard.
crabWatchdog started as process 31669
>>> moving CMSSW software directories in /home/cms030/home_crobe_214072761/CREAM214072761/glide_q31413/execute/dir_29800/CMSSW_5_3_5
mv: cannot stat `/home/cms030/home_crobe_214072761/CREAM214072761/glide_q31413/execute/dir_29800/module/': No such file or directory
>>> Include /home/cms030/home_crobe_214072761/CREAM214072761/glide_q31413/execute/dir_29800 in PYTHONPATH:
PYTHONPATH=/home/cms030/home_crobe_214072761/CREAM214072761/glide_q31413/execute/dir_29800/:/home/cms030/home_crobe_214072761/CREAM214072761/glide_q31413/execute/dir_29800/CMSSW_5_3_5/python:/home/cms030/home_crobe_214072761/CREAM214072761/glide_q31413/execute/dir_29800/CMSSW_5_3_5/lib/slc5_amd64_gcc462:/cvmfs/cms.cern.ch/slc5_amd64_gcc462/cms/cmssw/CMSSW_5_3_5/python:/cvmfs/cms.cern.ch/slc5_amd64_gcc462/cms/cmssw/CMSSW_5_3_5/lib/slc5_amd64_gcc462:/cvmfs/cms.cern.ch/slc5_amd64_gcc462/cms/coral/CORAL_2_3_21-cms27/slc5_amd64_gcc462/python:/cvmfs/cms.cern.ch/slc5_amd64_gcc462/cms/coral/CORAL_2_3_21-cms27/slc5_amd64_gcc462/lib:/cvmfs/cms.cern.ch/slc5_amd64_gcc462/external/pyqt/4.8.1/lib/python2.6/site-packages:/cvmfs/cms.cern.ch/slc5_amd64_gcc462/external/py2-scipy/0.8.0/lib/python2.6/site-packages:/cvmfs/cms.cern.ch/slc5_amd64_gcc462/external/py2-matplotlib/1.0.1/lib/python2.6/site-packages:/cvmfs/cms.cern.ch/slc5_amd64_gcc462/external/python-ldap/2.3.5/lib/python2.6/site-packages:/cvmfs/cms.cern.ch/slc5_amd64_gcc462/external/sip/4.11.2/lib/python2.6/site-packages:/cvmfs/cms.cern.ch/slc5_amd64_gcc462/external/py2-pycurl/7.19.0/lib/python2.6/site-packages:/cvmfs/cms.cern.ch/slc5_amd64_gcc462/external/py2-numpy/1.6.1/lib/python2.6/site-packages:/cvmfs/cms.cern.ch/slc5_amd64_gcc462/external/py2-ipython/0.10/lib/python2.6/site-packages:/cvmfs/cms.cern.ch/slc5_amd64_gcc462/external/py2-cx-oracle/5.1-cms11/lib/python2.6/site-packages:/cvmfs/cms.cern.ch/slc5_amd64_gcc462/external/py2-cjson/1.0.5/lib/python2.6/site-packages:/cvmfs/cms.cern.ch/slc5_amd64_gcc462/cms/das-client/1.4.1-cms8/bin:/cvmfs/cms.cern.ch/slc5_amd64_gcc462/external/elementtree/1.2.6/share/lib/python2.6/site-packages:/cvmfs/cms.cern.ch/slc5_amd64_gcc462/external/rivet/1.5.1-cms10/lib/python2.6/site-packages:/cvmfs/cms.cern.ch/slc5_amd64_gcc462/external/pyminuit2/0.0.1-cms34/lib/python2.6/site-packages:/cvmfs/cms.cern.ch/slc5_amd64_gcc462/external/professor/1.0.0-cms35/lib/python2.6/site-packages:/cvmfs/cms.cern.ch/slc5_amd64_gcc462/lcg/root/5.32.00-cms18/lib:/cvmfs/cms.cern.ch/slc5_amd64_gcc462/cms/dbs-client/DBS_2_1_1_patch1_1/lib:/cvmfs/cms.cern.ch/slc5_amd64_gcc462/cms/dbs-client/DBS_2_1_1_patch1_1/lib/DBSAPI:/home/cms030/home_crobe_214072761/CREAM214072761/glide_q31413/execute/dir_29800/
241a2a19cb7c5c8751ba22759ab3bdb0
PSETHASH = 241a2a19cb7c5c8751ba22759ab3bdb0
/home/cms030/home_crobe_214072761/CREAM214072761/glide_q31413/execute/dir_29800/writeCfg.py pset.py pset.py
Importing .py file
Setting parameters
inputBlocks=/QCD_Pt_170_250_EMEnriched_TuneZ2star_8TeV_pythia6/mario-Summer12-stop-pfele-step1-3d176ac8da5e9dff208d057f4733ca91/USER#130d237e-abcb-4916-a790-d17c846c5c04
inputFiles=/store/user/mario/QCD_Pt_170_250_EMEnriched_TuneZ2star_8TeV_pythia6/Summer12-stop-pfele-step1/3d176ac8da5e9dff208d057f4733ca91/tuple_215_9_d4z.root;/store/user/mario/QCD_Pt_170_250_EMEnriched_TuneZ2star_8TeV_pythia6/Summer12-stop-pfele-step1/3d176ac8da5e9dff208d057f4733ca91/tuple_216_9_vS5.root;/store/user/mario/QCD_Pt_170_250_EMEnriched_TuneZ2star_8TeV_pythia6/Summer12-stop-pfele-step1/3d176ac8da5e9dff208d057f4733ca91/tuple_217_4_025.root;/store/user/mario/QCD_Pt_170_250_EMEnriched_TuneZ2star_8TeV_pythia6/Summer12-stop-pfele-step1/3d176ac8da5e9dff208d057f4733ca91/tuple_218_10_D1R.root;/store/user/mario/QCD_Pt_170_250_EMEnriched_TuneZ2star_8TeV_pythia6/Summer12-stop-pfele-step1/3d176ac8da5e9dff208d057f4733ca91/tuple_219_6_tTy.root
parentFiles=
lumisRange=
>>> Executable cmsRun
/cvmfs/cms.cern.ch/slc5_amd64_gcc462/cms/cmssw/CMSSW_5_3_5/bin/slc5_amd64_gcc462/cmsRun
ok executable found
>>> info for dashboard:
***** Cat /home/cms030/home_crobe_214072761/CREAM214072761/glide_q31413/execute/dir_29800/jobreport.txt *****
MonitorJobID=46_https://submit-2.t2.ucsd.edu//121127//17530.45
MonitorID=liis_crab_0_121127_012908_ngk079
ExeStart=cmsRun
***** End Cat jobreport *****
Parameters sent to Dashboard.
>>> cmsRun started at Tue Nov 27 00:25:55 UTC 2012
>>> cmsRun ended at Tue Nov 27 00:37:16 UTC 2012
>>> info for dashboard:
***** Cat /home/cms030/home_crobe_214072761/CREAM214072761/glide_q31413/execute/dir_29800/jobreport.txt *****
MonitorJobID=46_https://submit-2.t2.ucsd.edu//121127//17530.45
MonitorID=liis_crab_0_121127_012908_ngk079
ExeEnd=cmsRun
***** End Cat jobreport *****
Parameters sent to Dashboard.
TIME_EXE = 681 sec
>>> cmsRun wrote 119 lines of stdout+stderr
>>> START OF printout of 119 lines from stdout+stderr
27-Nov-2012 02:26:15 EET  Initiating request to open file file:/hdfs/cms/store/user/mario/QCD_Pt_170_250_EMEnriched_TuneZ2star_8TeV_pythia6/Summer12-stop-pfele-step1/3d176ac8da5e9dff208d057f4733ca91/tuple_215_9_d4z.root
27-Nov-2012 02:26:25 EET  Successfully opened file file:/hdfs/cms/store/user/mario/QCD_Pt_170_250_EMEnriched_TuneZ2star_8TeV_pythia6/Summer12-stop-pfele-step1/3d176ac8da5e9dff208d057f4733ca91/tuple_215_9_d4z.root
Begin processing the 1st record. Run 1, Event 129884749, LumiSection 40051 at 27-Nov-2012 02:26:52.897 EET
Begin processing the 1001st record. Run 1, Event 144178807, LumiSection 44459 at 27-Nov-2012 02:27:04.953 EET
27-Nov-2012 02:27:08 EET  Closed file file:/hdfs/cms/store/user/mario/QCD_Pt_170_250_EMEnriched_TuneZ2star_8TeV_pythia6/Summer12-stop-pfele-step1/3d176ac8da5e9dff208d057f4733ca91/tuple_215_9_d4z.root
27-Nov-2012 02:27:08 EET  Initiating request to open file file:/hdfs/cms/store/user/mario/QCD_Pt_170_250_EMEnriched_TuneZ2star_8TeV_pythia6/Summer12-stop-pfele-step1/3d176ac8da5e9dff208d057f4733ca91/tuple_216_9_vS5.root
27-Nov-2012 02:27:09 EET  Successfully opened file file:/hdfs/cms/store/user/mario/QCD_Pt_170_250_EMEnriched_TuneZ2star_8TeV_pythia6/Summer12-stop-pfele-step1/3d176ac8da5e9dff208d057f4733ca91/tuple_216_9_vS5.root
Begin processing the 2001st record. Run 1, Event 144467794, LumiSection 44548 at 27-Nov-2012 02:27:33.586 EET
Begin processing the 3001st record. Run 1, Event 135018227, LumiSection 41634 at 27-Nov-2012 02:27:37.660 EET
Begin processing the 4001st record. Run 1, Event 135528566, LumiSection 41792 at 27-Nov-2012 02:27:44.913 EET
Begin processing the 5001st record. Run 1, Event 135773438, LumiSection 41867 at 27-Nov-2012 02:27:48.732 EET
Begin processing the 6001st record. Run 1, Event 129892374, LumiSection 40054 at 27-Nov-2012 02:27:52.687 EET
Begin processing the 7001st record. Run 1, Event 139029060, LumiSection 42871 at 27-Nov-2012 02:28:01.543 EET
Begin processing the 8001st record. Run 1, Event 159218904, LumiSection 49097 at 27-Nov-2012 02:28:05.639 EET
Begin processing the 9001st record. Run 1, Event 13087618, LumiSection 4036 at 27-Nov-2012 02:28:13.845 EET
Begin processing the 10001st record. Run 1, Event 55750863, LumiSection 17192 at 27-Nov-2012 02:28:18.446 EET
Begin processing the 11001st record. Run 1, Event 88815556, LumiSection 27387 at 27-Nov-2012 02:28:25.894 EET
Begin processing the 12001st record. Run 1, Event 142900955, LumiSection 44065 at 27-Nov-2012 02:28:29.961 EET
Begin processing the 13001st record. Run 1, Event 143895079, LumiSection 44371 at 27-Nov-2012 02:28:37.478 EET
Begin processing the 14001st record. Run 1, Event 144839794, LumiSection 44663 at 27-Nov-2012 02:28:41.477 EET
Begin processing the 15001st record. Run 1, Event 9933696, LumiSection 3064 at 27-Nov-2012 02:28:49.185 EET
Begin processing the 16001st record. Run 1, Event 10342956, LumiSection 3190 at 27-Nov-2012 02:28:53.093 EET
Begin processing the 17001st record. Run 1, Event 10967882, LumiSection 3383 at 27-Nov-2012 02:29:00.251 EET
Begin processing the 18001st record. Run 1, Event 11191636, LumiSection 3452 at 27-Nov-2012 02:29:05.122 EET
Begin processing the 19001st record. Run 1, Event 11519820, LumiSection 3553 at 27-Nov-2012 02:29:14.209 EET
Begin processing the 20001st record. Run 1, Event 12008990, LumiSection 3704 at 27-Nov-2012 02:29:18.319 EET
Begin processing the 21001st record. Run 1, Event 12126520, LumiSection 3740 at 27-Nov-2012 02:29:25.000 EET
Begin processing the 22001st record. Run 1, Event 13106529, LumiSection 4042 at 27-Nov-2012 02:29:29.499 EET
Begin processing the 23001st record. Run 1, Event 13690205, LumiSection 4222 at 27-Nov-2012 02:29:37.734 EET
27-Nov-2012 02:29:40 EET  Closed file file:/hdfs/cms/store/user/mario/QCD_Pt_170_250_EMEnriched_TuneZ2star_8TeV_pythia6/Summer12-stop-pfele-step1/3d176ac8da5e9dff208d057f4733ca91/tuple_216_9_vS5.root
27-Nov-2012 02:29:40 EET  Initiating request to open file file:/hdfs/cms/store/user/mario/QCD_Pt_170_250_EMEnriched_TuneZ2star_8TeV_pythia6/Summer12-stop-pfele-step1/3d176ac8da5e9dff208d057f4733ca91/tuple_217_4_025.root
27-Nov-2012 02:29:40 EET  Successfully opened file file:/hdfs/cms/store/user/mario/QCD_Pt_170_250_EMEnriched_TuneZ2star_8TeV_pythia6/Summer12-stop-pfele-step1/3d176ac8da5e9dff208d057f4733ca91/tuple_217_4_025.root
Begin processing the 24001st record. Run 1, Event 15019108, LumiSection 4632 at 27-Nov-2012 02:30:08.313 EET
Begin processing the 25001st record. Run 1, Event 16910709, LumiSection 5215 at 27-Nov-2012 02:30:11.987 EET
Begin processing the 26001st record. Run 1, Event 19187610, LumiSection 5917 at 27-Nov-2012 02:30:18.514 EET
Begin processing the 27001st record. Run 1, Event 9369649, LumiSection 2890 at 27-Nov-2012 02:30:22.443 EET
Begin processing the 28001st record. Run 1, Event 10007674, LumiSection 3086 at 27-Nov-2012 02:30:29.480 EET
Begin processing the 29001st record. Run 1, Event 11854085, LumiSection 3656 at 27-Nov-2012 02:30:33.446 EET
Begin processing the 30001st record. Run 1, Event 10667919, LumiSection 3290 at 27-Nov-2012 02:30:39.651 EET
Begin processing the 31001st record. Run 1, Event 10845126, LumiSection 3345 at 27-Nov-2012 02:30:43.607 EET
Begin processing the 32001st record. Run 1, Event 11514178, LumiSection 3551 at 27-Nov-2012 02:30:51.497 EET
Begin processing the 33001st record. Run 1, Event 11981204, LumiSection 3695 at 27-Nov-2012 02:30:55.459 EET
Begin processing the 34001st record. Run 1, Event 13042095, LumiSection 4022 at 27-Nov-2012 02:31:05.377 EET
Begin processing the 35001st record. Run 1, Event 12875967, LumiSection 3971 at 27-Nov-2012 02:31:09.132 EET
Begin processing the 36001st record. Run 1, Event 17935033, LumiSection 5531 at 27-Nov-2012 02:31:20.368 EET
Begin processing the 37001st record. Run 1, Event 20190110, LumiSection 6226 at 27-Nov-2012 02:31:24.145 EET
Begin processing the 38001st record. Run 1, Event 11157784, LumiSection 3441 at 27-Nov-2012 02:31:32.139 EET
Begin processing the 39001st record. Run 1, Event 11630866, LumiSection 3587 at 27-Nov-2012 02:31:36.015 EET
Begin processing the 40001st record. Run 1, Event 11952003, LumiSection 3686 at 27-Nov-2012 02:31:39.911 EET
Begin processing the 41001st record. Run 1, Event 8478336, LumiSection 2615 at 27-Nov-2012 02:31:47.944 EET
Begin processing the 42001st record. Run 1, Event 8470182, LumiSection 2612 at 27-Nov-2012 02:31:54.876 EET
Begin processing the 43001st record. Run 1, Event 9159493, LumiSection 2825 at 27-Nov-2012 02:31:58.624 EET
Begin processing the 44001st record. Run 1, Event 13340861, LumiSection 4114 at 27-Nov-2012 02:32:02.367 EET
Begin processing the 45001st record. Run 1, Event 14004974, LumiSection 4319 at 27-Nov-2012 02:32:09.051 EET
27-Nov-2012 02:32:09 EET  Closed file file:/hdfs/cms/store/user/mario/QCD_Pt_170_250_EMEnriched_TuneZ2star_8TeV_pythia6/Summer12-stop-pfele-step1/3d176ac8da5e9dff208d057f4733ca91/tuple_217_4_025.root
27-Nov-2012 02:32:09 EET  Initiating request to open file file:/hdfs/cms/store/user/mario/QCD_Pt_170_250_EMEnriched_TuneZ2star_8TeV_pythia6/Summer12-stop-pfele-step1/3d176ac8da5e9dff208d057f4733ca91/tuple_218_10_D1R.root
27-Nov-2012 02:32:10 EET  Successfully opened file file:/hdfs/cms/store/user/mario/QCD_Pt_170_250_EMEnriched_TuneZ2star_8TeV_pythia6/Summer12-stop-pfele-step1/3d176ac8da5e9dff208d057f4733ca91/tuple_218_10_D1R.root
Begin processing the 46001st record. Run 1, Event 15175126, LumiSection 4680 at 27-Nov-2012 02:32:57.619 EET
Begin processing the 47001st record. Run 1, Event 10092910, LumiSection 3113 at 27-Nov-2012 02:33:01.565 EET
Begin processing the 48001st record. Run 1, Event 10834120, LumiSection 3341 at 27-Nov-2012 02:33:07.726 EET
Begin processing the 49001st record. Run 1, Event 11053491, LumiSection 3409 at 27-Nov-2012 02:33:11.516 EET
Begin processing the 50001st record. Run 1, Event 13044759, LumiSection 4023 at 27-Nov-2012 02:33:19.127 EET
Begin processing the 51001st record. Run 1, Event 15078286, LumiSection 4650 at 27-Nov-2012 02:33:22.969 EET
Begin processing the 52001st record. Run 1, Event 15924070, LumiSection 4911 at 27-Nov-2012 02:33:34.120 EET
Begin processing the 53001st record. Run 1, Event 15976391, LumiSection 4927 at 27-Nov-2012 02:33:37.698 EET
Begin processing the 54001st record. Run 1, Event 18775529, LumiSection 5790 at 27-Nov-2012 02:33:47.020 EET
Begin processing the 55001st record. Run 1, Event 19446138, LumiSection 5997 at 27-Nov-2012 02:33:50.905 EET
Begin processing the 56001st record. Run 1, Event 54476886, LumiSection 16799 at 27-Nov-2012 02:33:58.974 EET
Begin processing the 57001st record. Run 1, Event 55507839, LumiSection 17117 at 27-Nov-2012 02:34:02.668 EET
Begin processing the 58001st record. Run 1, Event 8398283, LumiSection 2590 at 27-Nov-2012 02:34:10.384 EET
Begin processing the 59001st record. Run 1, Event 9946967, LumiSection 3068 at 27-Nov-2012 02:34:14.401 EET
Begin processing the 60001st record. Run 1, Event 10078419, LumiSection 3108 at 27-Nov-2012 02:34:20.596 EET
Begin processing the 61001st record. Run 1, Event 128849514, LumiSection 39732 at 27-Nov-2012 02:34:24.323 EET
Begin processing the 62001st record. Run 1, Event 138288988, LumiSection 42643 at 27-Nov-2012 02:34:30.911 EET
Begin processing the 63001st record. Run 1, Event 140314508, LumiSection 43267 at 27-Nov-2012 02:34:34.814 EET
Begin processing the 64001st record. Run 1, Event 19054762, LumiSection 5876 at 27-Nov-2012 02:34:44.246 EET
Begin processing the 65001st record. Run 1, Event 129456113, LumiSection 39919 at 27-Nov-2012 02:34:48.136 EET
Begin processing the 66001st record. Run 1, Event 137826393, LumiSection 42500 at 27-Nov-2012 02:34:58.792 EET
27-Nov-2012 02:35:01 EET  Closed file file:/hdfs/cms/store/user/mario/QCD_Pt_170_250_EMEnriched_TuneZ2star_8TeV_pythia6/Summer12-stop-pfele-step1/3d176ac8da5e9dff208d057f4733ca91/tuple_218_10_D1R.root
27-Nov-2012 02:35:01 EET  Initiating request to open file file:/hdfs/cms/store/user/mario/QCD_Pt_170_250_EMEnriched_TuneZ2star_8TeV_pythia6/Summer12-stop-pfele-step1/3d176ac8da5e9dff208d057f4733ca91/tuple_219_6_tTy.root
27-Nov-2012 02:35:02 EET  Successfully opened file file:/hdfs/cms/store/user/mario/QCD_Pt_170_250_EMEnriched_TuneZ2star_8TeV_pythia6/Summer12-stop-pfele-step1/3d176ac8da5e9dff208d057f4733ca91/tuple_219_6_tTy.root
Begin processing the 67001st record. Run 1, Event 139401391, LumiSection 42986 at 27-Nov-2012 02:35:29.395 EET
Begin processing the 68001st record. Run 1, Event 141491955, LumiSection 43630 at 27-Nov-2012 02:35:33.116 EET
Begin processing the 69001st record. Run 1, Event 165845829, LumiSection 51140 at 27-Nov-2012 02:35:42.494 EET
Begin processing the 70001st record. Run 1, Event 166230295, LumiSection 51259 at 27-Nov-2012 02:35:46.364 EET
Begin processing the 71001st record. Run 1, Event 166646938, LumiSection 51387 at 27-Nov-2012 02:35:53.124 EET
Begin processing the 72001st record. Run 1, Event 135102509, LumiSection 41660 at 27-Nov-2012 02:35:56.940 EET
Begin processing the 73001st record. Run 1, Event 142338807, LumiSection 43892 at 27-Nov-2012 02:36:06.300 EET
Begin processing the 74001st record. Run 1, Event 166287404, LumiSection 51276 at 27-Nov-2012 02:36:10.121 EET
Begin processing the 75001st record. Run 1, Event 167016137, LumiSection 51501 at 27-Nov-2012 02:36:16.419 EET
Begin processing the 76001st record. Run 1, Event 9197650, LumiSection 2837 at 27-Nov-2012 02:36:20.444 EET
Begin processing the 77001st record. Run 1, Event 11645382, LumiSection 3591 at 27-Nov-2012 02:36:26.806 EET
Begin processing the 78001st record. Run 1, Event 14287998, LumiSection 4406 at 27-Nov-2012 02:36:30.800 EET
Begin processing the 79001st record. Run 1, Event 140599483, LumiSection 43355 at 27-Nov-2012 02:36:38.900 EET
Begin processing the 80001st record. Run 1, Event 160680412, LumiSection 49547 at 27-Nov-2012 02:36:42.742 EET
Begin processing the 81001st record. Run 1, Event 166847967, LumiSection 51449 at 27-Nov-2012 02:36:50.331 EET
Begin processing the 82001st record. Run 1, Event 12995767, LumiSection 4008 at 27-Nov-2012 02:36:54.017 EET
Begin processing the 83001st record. Run 1, Event 122656993, LumiSection 37823 at 27-Nov-2012 02:37:00.799 EET
Begin processing the 84001st record. Run 1, Event 131107784, LumiSection 40428 at 27-Nov-2012 02:37:04.628 EET
Begin processing the 85001st record. Run 1, Event 136072349, LumiSection 41959 at 27-Nov-2012 02:37:11.696 EET
27-Nov-2012 02:37:13 EET  Closed file file:/hdfs/cms/store/user/mario/QCD_Pt_170_250_EMEnriched_TuneZ2star_8TeV_pythia6/Summer12-stop-pfele-step1/3d176ac8da5e9dff208d057f4733ca91/tuple_219_6_tTy.root

=============================================

MessageLogger Summary

 type     category        sev    module        subroutine        count    total
 ---- -------------------- -- ---------------- ----------------  -----    -----
    1 fileAction           -s file_close                             5        5
    2 fileAction           -s file_open                             10       10

 type    category    Examples: run/evt        run/evt          run/evt
 ---- -------------------- ---------------- ---------------- ----------------
    1 fileAction           PostProcessEvent PostProcessEvent PostEndRun
    2 fileAction           pre-events       pre-events       PostProcessEvent

Severity    # Occurrences   Total Occurrences
--------    -------------   -----------------
System                 15                  15
>>> END OF printout of 119 lines from stdout+stderr
>>> Parse FrameworkJobReport crab_fjr.xml
Result of parsing the FrameworkJobReport crab_fjr.xml: Popularity start
lumisRange : 1::40051,40093,40098,40120,40122,44446,44448,44458-44459,44467,44471,44487-44488,44506,44510,44546,44548::1;1::2986,3035,3054,3064,3078,3123,3143,3161,3164,3190,3202,3222,3232,3247,3267,3271,3279,3338,3358,3364,3383,3387,3390,3392,3407,3415,3434,3452,3454,3458,3461-3462,3479,3541,3553,3579,3609,3625,3650,3687,3697,3704,3709,3716,3720,3740,3752,3766,3823,3827,3832,3905,3907,3911,3942,4003,4025,4028,4036,4042,4068,4105,4136,4145-4146,4215,4222,4246,4290,4313,4410,4421,4462,4467,4509,4572,4656,4761,5129,5327,5975,5991,6026,6030,17192,17263,18038,18044,18340,18351,27345,27387,32679,33941,34378,34681,39775,39785,40054,40076,40540,40582,41074,41083,41631,41634,41638,41642,41725,41728,41783,41788,41790,41792,41820-41822,41827,41838-41839,41867,41870,42270-42271,42707,42713,42870-42871,43332,43336,43978,43983,44062,44065,44194-44195,44300,44302,44304-44305,44371-44372,44442-44443,44473,44476,44548,44598-44599,44631-44632,44663-44664,44750,44752,47780,48223,49052,49057,49095,49097,49131-49132,49142,49763,57019,57045,57917,59063::2;1::1852,1918,2026,2218,2233,2239,2368,2475,2612,2615,2630,2643,2692,2713,2739,2745,2752,2779,2783,2825,2831,2850,2874,2890,2908-2909,2933,2975,2990,2995,3012,3022,3040,3042,3046,3066,3075,3086,3088,3117,3137,3149,3153,3220,3228,3269,3290,3299,3304,3313,3323,3345,3351,3354,3360,3372,3418,3426,3438,3441,3471,3495,3521,3523,3526,3549,3551,3584-3587,3590,3601-3602,3616,3627,3629,3639-3640,3643,3656,3665,3668,3676,3686,3693,3695,3710,3765,3769,3771,3809,3811,3819,3830,3858,3863,3883,3888,3890,3918,3922,3926,3930,3933,3961,3964,3971,3987,4022,4027,4046,4058,4106,4114,4125,4127,4167,4211,4252,4282,4284,4314,4319,4361,4442,4467,4555,4569,4632,4679,4733,4754,4926,4953,5015,5030,5040,5131,5215,5224,5231,5428,5430,5443-5445,5515,5531,5533,5542,5549,5567,5570,5580,5644,5653,5672,5768,5837,5917,5943,6176,6226,16239,16296,16321,16323,16332,16343::3;1::2837,3015,3110,3144,3248,3327,3386,3591,3810,3901,3917,4008,4102,4115,4124,4128,4160,4315,4325,4406,4475,4494,4676,4787,4832,4834,4993,5146,5383,5436,6007,6012,37823,38631,39724,40081,40086,40226,40426,40428,40965,40969,41268,41273,41384,41395,41635,41660,41881-41882,41945,41947,41955,41959,42171-42172,42467,42505,42674,42676-42677,42705-42706,42986-42987,43092,43097,43189-43190,43348,43355,43497-43498,43629-43630,43798-43799,43881-43882,43892,43894,43899,43901,44043-44044,44076-44077,44196,44199,44439-44440,44715-44716,49267,49547,51100,51104,51138,51140,51219,51222,51250-51251,51254-51255,51258-51259,51275-51276,51279-51280,51293,51296,51322-51323,51334-51335,51341,51343,51347-51348,51379-51380,51387,51390-51392,51447,51449,51456-51457,51477-51480,51500-51501,51509-51510,51549-51550,54968,56241,57221,57288,59226,59558,59591::4;1::2152,2481,2510,2580,2590-2591,2609,2672,2799,2918,2950,2952,3014,3021,3028,3032,3034,3068,3072,3083,3101,3104,3108-3109,3111-3114,3183,3188,3205,3210,3256,3268,3281,3289,3333,3341,3382,3393,3404-3405,3409,3435,3500,3513,3755,3773,3793,3895,3904,3924,3970,3989,4021,4023,4091-4092,4103,4116,4138-4139,4150,4268-4269,4281,4302,4311,4442,4571,4626,4650,4658,4680,4703,4725,4790,4792,4842,4869,4905,4911,4916-4917,4927-4928,4989,4995,5128,5192,5218,5285,5318,5331,5375,5525,5555,5576,5612,5652,5661,5748,5789-5790,5868,5876,5883,5992,5997,6031,6048,6223,6888,6913,16346,16360,16743,16769,16781,16799,16911,16986,17056,17082,17105,17117,36990,37524,39098,39283,39644,39699,39717-39718,39721,39732,39904,39919,40000,41153,41161,41355,41484,41543,41546,41659,41669,41801,41803,42500,42502-42503,42506,42610,42612,42638-42639,42642-42643,42705,42879-42880,43094,43098,43231,43233,43267-43268,53964::5;
lumisParentRange : 
Basename : /store/user/mario/QCD_Pt_170_250_EMEnriched_TuneZ2star_8TeV_pythia6/Summer12-stop-pfele-step1/3d176ac8da5e9dff208d057f4733ca91/tuple_21
BasenameParent : 
parentFiles : 
inputBlocks : /QCD_Pt_170_250_EMEnriched_TuneZ2star_8TeV_pythia6/mario-Summer12-stop-pfele-step1-3d176ac8da5e9dff208d057f4733ca91/USER#130d237e-abcb-4916-a790-d17c846c5c04
inputFiles : 5_9_d4z.root::1::EDM::Local::1;6_9_vS5.root::1::EDM::Local::2;7_4_025.root::1::EDM::Local::3;9_6_tTy.root::1::EDM::Local::4;8_10_D1R.root::1::EDM::Local::5;
Popularity stop
Extracted ExitStatus from FrameworkJobReport parsing output: 0
>>> Executable succeded  0
ExeExitCode=0
EXECUTABLE_EXIT_STATUS = 0
>>> current directory /home/cms030/home_crobe_214072761/CREAM214072761/glide_q31413/execute/dir_29800/CMSSW_5_3_5
>>>  (SOFTWARE_DIR): /home/cms030/home_crobe_214072761/CREAM214072761/glide_q31413/execute/dir_29800/CMSSW_5_3_5
>>> (WORKING_DIR): 
>>> current directory content:
total 156
drwxr-xr-x 3 cms030 cms  4096 Nov 27 02:25 .SCRAM
-rw-r--r-- 1 cms030 cms 30066 Nov 27 02:25 CMSSW.py.pkl
drwxr-xr-x 3 cms030 cms  4096 Nov 27 02:25 bin
drwxr-xr-x 3 cms030 cms  4096 Nov 27 02:25 cfipython
drwxr-xr-x 5 cms030 cms  4096 Nov 27 02:25 config
-rw-r--r-- 1 cms030 cms    16 Nov 27 02:37 cpu_timing.txt
drwxr-xr-x 2 cms030 cms  4096 Nov 27 02:25 doc
-rw-r--r-- 1 cms030 cms 13419 Nov 27 02:37 executable.out
drwxr-xr-x 2 cms030 cms  4096 Nov 27 02:25 include
drwxrwxrwx 3 cms030 cms  4096 Oct 22 16:38 lib
drwxr-xr-x 3 cms030 cms  4096 Nov 27 02:25 logs
drwxr-xr-x 3 cms030 cms  4096 Nov 27 02:25 objs
-rw-r--r-- 1 cms030 cms 17380 Nov 27 02:37 optHistograms.root
-rw-r--r-- 1 cms030 cms   104 Nov 27 02:25 pset.py
-rw-r--r-- 1 cms030 cms 19509 Nov 27 02:25 pset.py.pkl
-rw-r--r-- 1 cms030 cms   289 Nov 27 02:25 pset.pyc
drwxr-xr-x 2 cms030 cms  4096 Nov 27 02:25 python
-rw-r--r-- 1 cms030 cms   420 Nov 27 02:37 report.log
drwxrwxrwx 4 cms030 cms  4096 Nov 27 02:25 src
drwxr-xr-x 3 cms030 cms  4096 Nov 27 02:25 test
drwxr-xr-x 3 cms030 cms  4096 Nov 27 02:25 tmp
>>> current directory /home/cms030/home_crobe_214072761/CREAM214072761/glide_q31413/execute/dir_29800/CMSSW_5_3_5
>>> (SOFTWARE_DIR): /home/cms030/home_crobe_214072761/CREAM214072761/glide_q31413/execute/dir_29800/CMSSW_5_3_5
>>> (WORKING_DIR): 
>>> current directory content:
total 136
drwxr-xr-x 3 cms030 cms  4096 Nov 27 02:25 .SCRAM
-rw-r--r-- 1 cms030 cms 30066 Nov 27 02:25 CMSSW.py.pkl
drwxr-xr-x 3 cms030 cms  4096 Nov 27 02:25 bin
drwxr-xr-x 3 cms030 cms  4096 Nov 27 02:25 cfipython
drwxr-xr-x 5 cms030 cms  4096 Nov 27 02:25 config
-rw-r--r-- 1 cms030 cms    16 Nov 27 02:37 cpu_timing.txt
drwxr-xr-x 2 cms030 cms  4096 Nov 27 02:25 doc
-rw-r--r-- 1 cms030 cms 13419 Nov 27 02:37 executable.out
drwxr-xr-x 2 cms030 cms  4096 Nov 27 02:25 include
drwxrwxrwx 3 cms030 cms  4096 Oct 22 16:38 lib
drwxr-xr-x 3 cms030 cms  4096 Nov 27 02:25 logs
drwxr-xr-x 3 cms030 cms  4096 Nov 27 02:25 objs
-rw-r--r-- 1 cms030 cms   104 Nov 27 02:25 pset.py
-rw-r--r-- 1 cms030 cms 19509 Nov 27 02:25 pset.py.pkl
-rw-r--r-- 1 cms030 cms   289 Nov 27 02:25 pset.pyc
drwxr-xr-x 2 cms030 cms  4096 Nov 27 02:25 python
-rw-r--r-- 1 cms030 cms   420 Nov 27 02:37 report.log
drwxrwxrwx 4 cms030 cms  4096 Nov 27 02:25 src
drwxr-xr-x 3 cms030 cms  4096 Nov 27 02:25 test
drwxr-xr-x 3 cms030 cms  4096 Nov 27 02:25 tmp
>>> current directory (RUNTIME_AREA):  /home/cms030/home_crobe_214072761/CREAM214072761/glide_q31413/execute/dir_29800
>>> current dir: /home/cms030/home_crobe_214072761/CREAM214072761/glide_q31413/execute/dir_29800
>>> current dir content:
total 25788
-rw-rw-rw-  1 cms030 cms     5603 Nov 27 02:25 .job.ad
-rw-rw-rw-  1 cms030 cms    11527 Nov 27 02:25 .machine.ad
-rw-rw-rw-  1 cms030 cms      105 Nov 27 01:29 CMSSW.py
-rw-rw-rw-  1 cms030 cms    30066 Nov 27 01:29 CMSSW.py.pkl
-rwxrw-rw-  1 cms030 cms    23341 Nov 27 02:25 CMSSW.sh
-rw-rw-rw-  1 cms030 cms        0 Nov 27 02:25 CMSSW_46.stderr
-rw-rw-rw-  1 cms030 cms    29093 Nov 27 02:37 CMSSW_46.stdout
drwxr-xr-x 15 cms030 cms     4096 Nov 27 02:37 CMSSW_5_3_5
-rw-r--r--  1 cms030 cms      347 Nov 27 02:25 CacheEnv.sh
-rw-rw-rw-  1 cms030 cms     7291 Jun  9  2010 DashboardAPI.py
-rw-r--r--  1 cms030 cms     6883 Nov 27 02:25 DashboardAPI.pyc
drwxrwxrwx  3 cms030 cms     4096 Nov 27 02:37 IMProv
-rw-rw-rw-  1 cms030 cms     2748 Mar  8  2006 Logger.py
-rw-r--r--  1 cms030 cms     3353 Nov 27 02:25 Logger.pyc
-rw-rw-rw-  1 cms030 cms    24524 Mar 28  2008 ProcInfo.py
-rw-r--r--  1 cms030 cms    23470 Nov 27 02:25 ProcInfo.pyc
drwxrwxrwx  7 cms030 cms     4096 Nov 27 02:25 ProdCommon
drwxrwxrwx  3 cms030 cms     4096 Nov 27 02:25 WMCore
-rw-r--r--  1 cms030 cms     2970 Nov 27 02:37 Watchdog_46.log
-rw-rw-rw-  1 cms030 cms    32895 Mar 28  2008 apmon.py
-rw-r--r--  1 cms030 cms    28874 Nov 27 02:25 apmon.pyc
-rw-rw-rw-  1 cms030 cms   100215 Nov 27 02:25 arguments.xml
-rwxrwxrwx  1 cms030 cms    37427 Sep 13 14:14 cmscp.py
-rwxrwxrwx  1 cms030 cms    23341 Nov 27 02:25 condor_exec.exe
-rw-rw-rw-  1 cms030 cms      546 Nov 27 01:29 crab.cfg
-rwxrwxrwx  1 cms030 cms     9531 Sep 20 21:46 crabWatchdog.sh
-rw-r--r--  1 cms030 cms    48142 Nov 27 02:37 crab_fjr_46.xml
-rw-rw-rw-  1 cms030 cms 25796303 Nov 27 02:25 default.tgz
-rwxrwxrwx  1 cms030 cms     4488 May 12  2012 fillCrabFjr.py
-rw-r--r--  1 cms030 cms      947 Nov 27 02:25 inputsReport.txt
-rw-r--r--  1 cms030 cms      132 Nov 27 02:37 jobreport.txt
lrwxrwxrwx  1 cms030 cms      107 Nov 27 02:37 optHistograms.root -> /home/cms030/home_crobe_214072761/CREAM214072761/glide_q31413/execute/dir_29800/optHistograms_46_1_pJQ.root
-rw-r--r--  1 cms030 cms    17380 Nov 27 02:37 optHistograms_46_1_pJQ.root
-rw-rw-rw-  1 cms030 cms    17352 Jan 20  2012 parseCrabFjr.py
-rw-r--r--  1 cms030 cms      285 Nov 27 02:25 report.log
-rwxrwxrwx  1 cms030 cms     1497 May 27  2009 report.py
-rwxrwxrwx  1 cms030 cms     8387 Mar 23  2011 writeCfg.py
-rw-------  1 cms030 cms     8687 Nov 27 02:25 x509up_u1000009
Checking output files:  
will tar file optHistograms_46_1_pJQ.root in  out_files_46
will tar file crab_fjr_46.xml in  out_files_46
will tar file CMSSW_46.stdout in  out_files_46
will tar file CMSSW_46.stderr in  out_files_46
WARNING: output file Watchdog_46.log.gz not found!
>>> padding time: Wrapper lasting more than 600 seconds. No sleep required.
STOPPING WATCHDOG. CrabWatchdog PID is 31669
********** LAST 50 LINES OF WATCHDOG LOG
# RESOURCE USAGE SUMMARY FOR PROCESS ID 30982
USER       PID %CPU %MEM    VSZ   RSS TTY      STAT START   TIME COMMAND
cms030   30982  0.1  0.0   8956  1488 ?        S    02:25   0:00 /bin/sh /home/cms030/home_crobe_214072761/CREAM214072761/glide_q31413/execute/dir_29800/condor_exec.exe 46 1
 
# LIMITS USED BY THIS WATCHDOG:
# RSS  (KBytes)  : 2300000
# VSZ  (KBytes)  : 100000000
# DISK (MBytes)  : 19000
# CPU  (seconds) : 171600
# WALL (seconds) : 171600
 
# FOLLOWING PRINTOUT TRACKS MAXIMUM VALUES OF RESOURCES USE
# ONE LINE IS PRINTED EACH TIME A MAXIMUM CHANGES
# IF CHANGE WAS IN RSS OR VSZ ALSO PROCID AND COMMAND ARE PRINTED
# THERE IS NO PRINTOUT FOR CPU/WALL TIME INCREASE
 
# TIME			PID	RSS(KB)	VSZ(KB)	Dsk(MB)	tCPU(s)	tWALL(s)	COMMAND
 Nov 27 02:25:37 EET	5115	1336	8816	0	0	2660	/bin/bash /home/cms030/home_crobe_214072761/CREAM214072761/glide_q31413/main/condor_startup.sh glidein_config       
 Nov 27 02:25:37 EET	5766	5772	9444	0	1	2660	/home/cms030/home_crobe_214072761/CREAM214072761/glide_q31413/main/condor/sbin/condor_master -f -pidfile /home/cms030/home_crobe_214072761/CREAM214072761/glide_q31413/condor_master2.pid      
 Nov 27 02:25:37 EET	5768	5772	9508	0	1	2657	condor_startd -f        
 Nov 27 02:25:37 EET	31222	5772	25504	0	0	2688	perl -e ?use Socket;??sub send_notify {? $cream_url = "193.40.150.124:49152";die "No
 Nov 27 02:25:37 EET	---	5772	25504	168	----	----	----
 Nov 27 02:26:47 EET	1821	266292	431216	168	11	53	cmsRun -j /home/cms030/home_crobe_214072761/CREAM214072761/glide_q31413/execute/dir_29800/crab_fjr_46.xml -p pset.py     
 Nov 27 02:27:59 EET	1821	363424	562276	168	42	125	cmsRun -j /home/cms030/home_crobe_214072761/CREAM214072761/glide_q31413/execute/dir_29800/crab_fjr_46.xml -p pset.py     
 Nov 27 02:29:11 EET	1821	363612	562276	168	88	196	cmsRun -j /home/cms030/home_crobe_214072761/CREAM214072761/glide_q31413/execute/dir_29800/crab_fjr_46.xml -p pset.py     
 Nov 27 02:30:23 EET	1821	363852	562276	168	127	270	cmsRun -j /home/cms030/home_crobe_214072761/CREAM214072761/glide_q31413/execute/dir_29800/crab_fjr_46.xml -p pset.py     
 Nov 27 02:31:33 EET	1821	364076	562276	168	168	338	cmsRun -j /home/cms030/home_crobe_214072761/CREAM214072761/glide_q31413/execute/dir_29800/crab_fjr_46.xml -p pset.py     
 Nov 27 02:33:47 EET	1821	364520	563044	168	228	472	cmsRun -j /home/cms030/home_crobe_214072761/CREAM214072761/glide_q31413/execute/dir_29800/crab_fjr_46.xml -p pset.py     
 Nov 27 02:34:52 EET	1821	364656	563300	168	271	537	cmsRun -j /home/cms030/home_crobe_214072761/CREAM214072761/glide_q31413/execute/dir_29800/crab_fjr_46.xml -p pset.py     
 Nov 27 02:35:59 EET	1821	364656	567140	168	301	604	cmsRun -j /home/cms030/home_crobe_214072761/CREAM214072761/glide_q31413/execute/dir_29800/crab_fjr_46.xml -p pset.py     
 Nov 27 02:37:05 EET	1821	364656	567396	168	346	670	cmsRun -j /home/cms030/home_crobe_214072761/CREAM214072761/glide_q31413/execute/dir_29800/crab_fjr_46.xml -p pset.py     
********** WATCHDOG LOG ENDED
ZIPPING WATCHDOG LOG
Disk space used:
du -sh /home/cms030/home_crobe_214072761/CREAM214072761/glide_q31413/execute/dir_29800
169M	/home/cms030/home_crobe_214072761/CREAM214072761/glide_q31413/execute/dir_29800
>>> info for dashboard:
***** Cat /home/cms030/home_crobe_214072761/CREAM214072761/glide_q31413/execute/dir_29800/jobreport.txt *****
MonitorJobID=46_https://submit-2.t2.ucsd.edu//121127//17530.45
MonitorID=liis_crab_0_121127_012908_ngk079
ExeTime=681
ExeExitCode=0
CrabUserCpuTime=342.56
CrabSysCpuTime=9.26
CrabCpuPercentage=51%
CrabWrapperTime=736
CrabStageoutTime=NULL
***** End Cat jobreport *****
Parameters sent to Dashboard.
optHistograms_46_1_pJQ.root
crab_fjr_46.xml
CMSSW_46.stdout
CMSSW_46.stderr
Watchdog_46.log.gz
tar: .BrokerInfo: Cannot stat: No such file or directory
tar: Error exit delayed from previous errors
Total Output dimension: 27917
WARNING: output files size limit is set to: 50000000
Total Output dimension 27917 is fine.
JOB_EXIT_STATUS = 0
>>> info for dashboard:
***** Cat /home/cms030/home_crobe_214072761/CREAM214072761/glide_q31413/execute/dir_29800/jobreport.txt *****
MonitorJobID=46_https://submit-2.t2.ucsd.edu//121127//17530.45
MonitorID=liis_crab_0_121127_012908_ngk079
JobExitCode=0
***** End Cat jobreport *****
Parameters sent to Dashboard.
optHistograms_46_1_pJQ.root
crab_fjr_46.xml
