This script was generated by crab (version 2.8.3).
Running /home/cms003/home_creur_724406257/CREAM724406257/glide_M14428/execute/dir_13900/condor_exec.exe with 2 positional parameters: 2 1
Today is Tue Nov 27 02:18:52 EET 2012
Job submitted on host wn-v-3980.local
Linux wn-v-3980.local 2.6.32-042stab059.7 #1 SMP Tue Jul 24 19:12:01 MSK 2012 x86_64 x86_64 x86_64 GNU/Linux
>>> current directory (RUNTIME_AREA): /home/cms003/home_creur_724406257/CREAM724406257/glide_M14428/execute/dir_13900
>>> current user: uid=11003(cms003) gid=1400(cms) groups=1400(cms)
>>> voms proxy information:
subject   : /DC=ch/DC=cern/OU=Organic Units/OU=Users/CN=liis/CN=663550/CN=Liis Rebane/CN=proxy/CN=limited proxy
issuer    : /DC=ch/DC=cern/OU=Organic Units/OU=Users/CN=liis/CN=663550/CN=Liis Rebane/CN=proxy
identity  : /DC=ch/DC=cern/OU=Organic Units/OU=Users/CN=liis/CN=663550/CN=Liis Rebane/CN=proxy
type      : limited proxy
strength  : 512 bits
path      : /home/cms003/home_creur_724406257/CREAM724406257/glide_M14428/execute/dir_13900/x509up_u1000009
timeleft  : 23:59:54
key usage : Digital Signature, Key Encipherment, Data Encipherment
=== VO cms extension information ===
VO        : cms
subject   : /DC=ch/DC=cern/OU=Organic Units/OU=Users/CN=liis/CN=663550/CN=Liis Rebane
issuer    : /DC=ch/DC=cern/OU=computers/CN=lcg-voms.cern.ch
attribute : /cms/Role=NULL/Capability=NULL
timeleft  : 191:06:45
uri       : lcg-voms.cern.ch:15002
>>> tar xzf /home/cms003/home_creur_724406257/CREAM724406257/glide_M14428/execute/dir_13900/default.tgz :
Successful untar
>>> Include /home/cms003/home_creur_724406257/CREAM724406257/glide_M14428/execute/dir_13900 in PYTHONPATH:
strip arguments
env var CRAB_UNIQUE_JOB_ID set to: liis_crab_0_121127_012908_ngk079_2_1_wsX
out_files_2
>>> list of expected files on output sandbox
output files: optHistograms_2_1_wsX.root crab_fjr_2.xml CMSSW_2.stdout CMSSW_2.stderr Watchdog_2.log.gz
>>> GridFlavour discovery: 
GridFlavour=LCG
>>> SyncSite discovery: 
SyncSite=T2_EE_Estonia
>>> SyncCE discovery: 
getting SyncCE from CE_ID
SyncCE=europa.hep.kbfi.ee:8443/cream-pbs-long
>>> info for dashboard:
***** Cat /home/cms003/home_creur_724406257/CREAM724406257/glide_M14428/execute/dir_13900/jobreport.txt *****
MonitorJobID=2_https://submit-2.t2.ucsd.edu//121127//17530.1
SyncGridJobId=https://submit-2.t2.ucsd.edu//121127//17530.1
MonitorID=liis_crab_0_121127_012908_ngk079
GridFlavour=LCG
SyncSite=T2_EE_Estonia
SyncCE=europa.hep.kbfi.ee:8443/cream-pbs-long
***** End Cat jobreport *****
Parameters sent to Dashboard.
>>> setup environment
set SCRAM ARCH to slc5_amd64_gcc462
SCRAM_ARCH = slc5_amd64_gcc462
>>> setup CMS LCG environment:
set SCRAM ARCH and BUILD_ARCH to slc5_amd64_gcc462 ###
Sourcing environment... 
sourcing /cvmfs/cms.cern.ch/cmsset_default.sh
==> setup cms environment ok
>>> specific cmssw setup environment:
CMSSW_VERSION =  CMSSW_5_3_5
>>> current directory (SOFTWARE_DIR): /home/cms003/home_creur_724406257/CREAM724406257/glide_M14428/execute/dir_13900/CMSSW_5_3_5
PreserveSeeds: <>
IncrementSeeds:<>
{}
WNHostName=wn-v-3980.local
>>> info for dashboard:
***** Cat /home/cms003/home_creur_724406257/CREAM724406257/glide_M14428/execute/dir_13900/jobreport.txt *****
MonitorJobID=2_https://submit-2.t2.ucsd.edu//121127//17530.1
MonitorID=liis_crab_0_121127_012908_ngk079
WNHostName=wn-v-3980.local
***** End Cat jobreport *****
Parameters sent to Dashboard.
crabWatchdog started as process 16000
>>> moving CMSSW software directories in /home/cms003/home_creur_724406257/CREAM724406257/glide_M14428/execute/dir_13900/CMSSW_5_3_5
mv: cannot stat `/home/cms003/home_creur_724406257/CREAM724406257/glide_M14428/execute/dir_13900/module/': No such file or directory
>>> Include /home/cms003/home_creur_724406257/CREAM724406257/glide_M14428/execute/dir_13900 in PYTHONPATH:
PYTHONPATH=/home/cms003/home_creur_724406257/CREAM724406257/glide_M14428/execute/dir_13900/:/home/cms003/home_creur_724406257/CREAM724406257/glide_M14428/execute/dir_13900/CMSSW_5_3_5/python:/home/cms003/home_creur_724406257/CREAM724406257/glide_M14428/execute/dir_13900/CMSSW_5_3_5/lib/slc5_amd64_gcc462:/cvmfs/cms.cern.ch/slc5_amd64_gcc462/cms/cmssw/CMSSW_5_3_5/python:/cvmfs/cms.cern.ch/slc5_amd64_gcc462/cms/cmssw/CMSSW_5_3_5/lib/slc5_amd64_gcc462:/cvmfs/cms.cern.ch/slc5_amd64_gcc462/cms/coral/CORAL_2_3_21-cms27/slc5_amd64_gcc462/python:/cvmfs/cms.cern.ch/slc5_amd64_gcc462/cms/coral/CORAL_2_3_21-cms27/slc5_amd64_gcc462/lib:/cvmfs/cms.cern.ch/slc5_amd64_gcc462/external/pyqt/4.8.1/lib/python2.6/site-packages:/cvmfs/cms.cern.ch/slc5_amd64_gcc462/external/py2-scipy/0.8.0/lib/python2.6/site-packages:/cvmfs/cms.cern.ch/slc5_amd64_gcc462/external/py2-matplotlib/1.0.1/lib/python2.6/site-packages:/cvmfs/cms.cern.ch/slc5_amd64_gcc462/external/python-ldap/2.3.5/lib/python2.6/site-packages:/cvmfs/cms.cern.ch/slc5_amd64_gcc462/external/sip/4.11.2/lib/python2.6/site-packages:/cvmfs/cms.cern.ch/slc5_amd64_gcc462/external/py2-pycurl/7.19.0/lib/python2.6/site-packages:/cvmfs/cms.cern.ch/slc5_amd64_gcc462/external/py2-numpy/1.6.1/lib/python2.6/site-packages:/cvmfs/cms.cern.ch/slc5_amd64_gcc462/external/py2-ipython/0.10/lib/python2.6/site-packages:/cvmfs/cms.cern.ch/slc5_amd64_gcc462/external/py2-cx-oracle/5.1-cms11/lib/python2.6/site-packages:/cvmfs/cms.cern.ch/slc5_amd64_gcc462/external/py2-cjson/1.0.5/lib/python2.6/site-packages:/cvmfs/cms.cern.ch/slc5_amd64_gcc462/cms/das-client/1.4.1-cms8/bin:/cvmfs/cms.cern.ch/slc5_amd64_gcc462/external/elementtree/1.2.6/share/lib/python2.6/site-packages:/cvmfs/cms.cern.ch/slc5_amd64_gcc462/external/rivet/1.5.1-cms10/lib/python2.6/site-packages:/cvmfs/cms.cern.ch/slc5_amd64_gcc462/external/pyminuit2/0.0.1-cms34/lib/python2.6/site-packages:/cvmfs/cms.cern.ch/slc5_amd64_gcc462/external/professor/1.0.0-cms35/lib/python2.6/site-packages:/cvmfs/cms.cern.ch/slc5_amd64_gcc462/lcg/root/5.32.00-cms18/lib:/cvmfs/cms.cern.ch/slc5_amd64_gcc462/cms/dbs-client/DBS_2_1_1_patch1_1/lib:/cvmfs/cms.cern.ch/slc5_amd64_gcc462/cms/dbs-client/DBS_2_1_1_patch1_1/lib/DBSAPI:/home/cms003/home_creur_724406257/CREAM724406257/glide_M14428/execute/dir_13900/
241a2a19cb7c5c8751ba22759ab3bdb0
PSETHASH = 241a2a19cb7c5c8751ba22759ab3bdb0
/home/cms003/home_creur_724406257/CREAM724406257/glide_M14428/execute/dir_13900/writeCfg.py pset.py pset.py
Importing .py file
Setting parameters
inputBlocks=/QCD_Pt_170_250_EMEnriched_TuneZ2star_8TeV_pythia6/mario-Summer12-stop-pfele-step1-3d176ac8da5e9dff208d057f4733ca91/USER#287497a1-ddb0-4c07-a659-73e9230cf569
inputFiles=/store/user/mario/QCD_Pt_170_250_EMEnriched_TuneZ2star_8TeV_pythia6/Summer12-stop-pfele-step1/3d176ac8da5e9dff208d057f4733ca91/tuple_368_12_WpK.root;/store/user/mario/QCD_Pt_170_250_EMEnriched_TuneZ2star_8TeV_pythia6/Summer12-stop-pfele-step1/3d176ac8da5e9dff208d057f4733ca91/tuple_314_10_34X.root;/store/user/mario/QCD_Pt_170_250_EMEnriched_TuneZ2star_8TeV_pythia6/Summer12-stop-pfele-step1/3d176ac8da5e9dff208d057f4733ca91/tuple_97_9_pLZ.root;/store/user/mario/QCD_Pt_170_250_EMEnriched_TuneZ2star_8TeV_pythia6/Summer12-stop-pfele-step1/3d176ac8da5e9dff208d057f4733ca91/tuple_127_9_aPm.root;/store/user/mario/QCD_Pt_170_250_EMEnriched_TuneZ2star_8TeV_pythia6/Summer12-stop-pfele-step1/3d176ac8da5e9dff208d057f4733ca91/tuple_205_10_JLN.root
parentFiles=
lumisRange=
>>> Executable cmsRun
/cvmfs/cms.cern.ch/slc5_amd64_gcc462/cms/cmssw/CMSSW_5_3_5/bin/slc5_amd64_gcc462/cmsRun
ok executable found
>>> info for dashboard:
***** Cat /home/cms003/home_creur_724406257/CREAM724406257/glide_M14428/execute/dir_13900/jobreport.txt *****
MonitorJobID=2_https://submit-2.t2.ucsd.edu//121127//17530.1
MonitorID=liis_crab_0_121127_012908_ngk079
ExeStart=cmsRun
***** End Cat jobreport *****
Parameters sent to Dashboard.
>>> cmsRun started at Tue Nov 27 00:19:24 UTC 2012
>>> cmsRun ended at Tue Nov 27 00:29:10 UTC 2012
>>> info for dashboard:
***** Cat /home/cms003/home_creur_724406257/CREAM724406257/glide_M14428/execute/dir_13900/jobreport.txt *****
MonitorJobID=2_https://submit-2.t2.ucsd.edu//121127//17530.1
MonitorID=liis_crab_0_121127_012908_ngk079
ExeEnd=cmsRun
***** End Cat jobreport *****
Parameters sent to Dashboard.
TIME_EXE = 586 sec
>>> cmsRun wrote 119 lines of stdout+stderr
>>> START OF printout of 119 lines from stdout+stderr
27-Nov-2012 02:19:56 EET  Initiating request to open file file:/hdfs/cms/store/user/mario/QCD_Pt_170_250_EMEnriched_TuneZ2star_8TeV_pythia6/Summer12-stop-pfele-step1/3d176ac8da5e9dff208d057f4733ca91/tuple_368_12_WpK.root
27-Nov-2012 02:20:05 EET  Successfully opened file file:/hdfs/cms/store/user/mario/QCD_Pt_170_250_EMEnriched_TuneZ2star_8TeV_pythia6/Summer12-stop-pfele-step1/3d176ac8da5e9dff208d057f4733ca91/tuple_368_12_WpK.root
Begin processing the 1st record. Run 1, Event 178841313, LumiSection 55147 at 27-Nov-2012 02:20:28.415 EET
Begin processing the 1001st record. Run 1, Event 182763829, LumiSection 56357 at 27-Nov-2012 02:20:38.221 EET
27-Nov-2012 02:20:39 EET  Closed file file:/hdfs/cms/store/user/mario/QCD_Pt_170_250_EMEnriched_TuneZ2star_8TeV_pythia6/Summer12-stop-pfele-step1/3d176ac8da5e9dff208d057f4733ca91/tuple_368_12_WpK.root
27-Nov-2012 02:20:39 EET  Initiating request to open file file:/hdfs/cms/store/user/mario/QCD_Pt_170_250_EMEnriched_TuneZ2star_8TeV_pythia6/Summer12-stop-pfele-step1/3d176ac8da5e9dff208d057f4733ca91/tuple_314_10_34X.root
27-Nov-2012 02:20:40 EET  Successfully opened file file:/hdfs/cms/store/user/mario/QCD_Pt_170_250_EMEnriched_TuneZ2star_8TeV_pythia6/Summer12-stop-pfele-step1/3d176ac8da5e9dff208d057f4733ca91/tuple_314_10_34X.root
Begin processing the 2001st record. Run 1, Event 75968008, LumiSection 23426 at 27-Nov-2012 02:21:02.273 EET
Begin processing the 3001st record. Run 1, Event 66835642, LumiSection 20610 at 27-Nov-2012 02:21:06.444 EET
Begin processing the 4001st record. Run 1, Event 70820020, LumiSection 21838 at 27-Nov-2012 02:21:12.689 EET
Begin processing the 5001st record. Run 1, Event 69775290, LumiSection 21516 at 27-Nov-2012 02:21:17.762 EET
Begin processing the 6001st record. Run 1, Event 70115429, LumiSection 21621 at 27-Nov-2012 02:21:22.898 EET
Begin processing the 7001st record. Run 1, Event 72753073, LumiSection 22434 at 27-Nov-2012 02:21:26.411 EET
Begin processing the 8001st record. Run 1, Event 73251456, LumiSection 22588 at 27-Nov-2012 02:21:32.689 EET
Begin processing the 9001st record. Run 1, Event 73773576, LumiSection 22749 at 27-Nov-2012 02:21:36.750 EET
Begin processing the 10001st record. Run 1, Event 74156943, LumiSection 22867 at 27-Nov-2012 02:21:43.143 EET
Begin processing the 11001st record. Run 1, Event 74861307, LumiSection 23084 at 27-Nov-2012 02:21:46.722 EET
Begin processing the 12001st record. Run 1, Event 7166518, LumiSection 2210 at 27-Nov-2012 02:21:52.858 EET
Begin processing the 13001st record. Run 1, Event 58556739, LumiSection 18057 at 27-Nov-2012 02:21:56.893 EET
Begin processing the 14001st record. Run 1, Event 60151163, LumiSection 18548 at 27-Nov-2012 02:22:01.892 EET
Begin processing the 15001st record. Run 1, Event 61353184, LumiSection 18919 at 27-Nov-2012 02:22:06.269 EET
Begin processing the 16001st record. Run 1, Event 62784413, LumiSection 19360 at 27-Nov-2012 02:22:13.001 EET
Begin processing the 17001st record. Run 1, Event 63534323, LumiSection 19592 at 27-Nov-2012 02:22:17.192 EET
Begin processing the 18001st record. Run 1, Event 64496233, LumiSection 19888 at 27-Nov-2012 02:22:21.829 EET
Begin processing the 19001st record. Run 1, Event 70497990, LumiSection 21739 at 27-Nov-2012 02:22:25.749 EET
Begin processing the 20001st record. Run 1, Event 73140210, LumiSection 22554 at 27-Nov-2012 02:22:35.981 EET
Begin processing the 21001st record. Run 1, Event 70486731, LumiSection 21736 at 27-Nov-2012 02:22:40.826 EET
Begin processing the 22001st record. Run 1, Event 70788132, LumiSection 21828 at 27-Nov-2012 02:22:47.858 EET
27-Nov-2012 02:22:51 EET  Closed file file:/hdfs/cms/store/user/mario/QCD_Pt_170_250_EMEnriched_TuneZ2star_8TeV_pythia6/Summer12-stop-pfele-step1/3d176ac8da5e9dff208d057f4733ca91/tuple_314_10_34X.root
27-Nov-2012 02:22:51 EET  Initiating request to open file file:/hdfs/cms/store/user/mario/QCD_Pt_170_250_EMEnriched_TuneZ2star_8TeV_pythia6/Summer12-stop-pfele-step1/3d176ac8da5e9dff208d057f4733ca91/tuple_97_9_pLZ.root
27-Nov-2012 02:22:51 EET  Successfully opened file file:/hdfs/cms/store/user/mario/QCD_Pt_170_250_EMEnriched_TuneZ2star_8TeV_pythia6/Summer12-stop-pfele-step1/3d176ac8da5e9dff208d057f4733ca91/tuple_97_9_pLZ.root
Begin processing the 23001st record. Run 1, Event 129303615, LumiSection 39872 at 27-Nov-2012 02:23:10.565 EET
Begin processing the 24001st record. Run 1, Event 131849176, LumiSection 40657 at 27-Nov-2012 02:23:14.287 EET
Begin processing the 25001st record. Run 1, Event 157157677, LumiSection 48461 at 27-Nov-2012 02:23:21.008 EET
Begin processing the 26001st record. Run 1, Event 192786019, LumiSection 59447 at 27-Nov-2012 02:23:25.736 EET
Begin processing the 27001st record. Run 1, Event 133840585, LumiSection 41271 at 27-Nov-2012 02:23:29.893 EET
Begin processing the 28001st record. Run 1, Event 156960938, LumiSection 48400 at 27-Nov-2012 02:23:36.504 EET
Begin processing the 29001st record. Run 1, Event 165734797, LumiSection 51106 at 27-Nov-2012 02:23:41.018 EET
Begin processing the 30001st record. Run 1, Event 121707521, LumiSection 37530 at 27-Nov-2012 02:23:47.188 EET
Begin processing the 31001st record. Run 1, Event 127305643, LumiSection 39256 at 27-Nov-2012 02:23:51.865 EET
Begin processing the 32001st record. Run 1, Event 127359632, LumiSection 39273 at 27-Nov-2012 02:23:58.579 EET
Begin processing the 33001st record. Run 1, Event 167191749, LumiSection 51555 at 27-Nov-2012 02:24:03.471 EET
Begin processing the 34001st record. Run 1, Event 162995976, LumiSection 50261 at 27-Nov-2012 02:24:09.468 EET
Begin processing the 35001st record. Run 1, Event 163946629, LumiSection 50555 at 27-Nov-2012 02:24:12.797 EET
Begin processing the 36001st record. Run 1, Event 177703260, LumiSection 54796 at 27-Nov-2012 02:24:18.166 EET
Begin processing the 37001st record. Run 1, Event 168618069, LumiSection 51995 at 27-Nov-2012 02:24:21.083 EET
Begin processing the 38001st record. Run 1, Event 168910034, LumiSection 52085 at 27-Nov-2012 02:24:26.242 EET
Begin processing the 39001st record. Run 1, Event 171122201, LumiSection 52767 at 27-Nov-2012 02:24:30.218 EET
Begin processing the 40001st record. Run 1, Event 171591653, LumiSection 52912 at 27-Nov-2012 02:24:35.963 EET
Begin processing the 41001st record. Run 1, Event 172389291, LumiSection 53158 at 27-Nov-2012 02:24:40.430 EET
Begin processing the 42001st record. Run 1, Event 115353818, LumiSection 35571 at 27-Nov-2012 02:24:46.787 EET
Begin processing the 43001st record. Run 1, Event 124395306, LumiSection 38359 at 27-Nov-2012 02:24:51.451 EET
Begin processing the 44001st record. Run 1, Event 119270732, LumiSection 36778 at 27-Nov-2012 02:24:58.051 EET
27-Nov-2012 02:24:59 EET  Closed file file:/hdfs/cms/store/user/mario/QCD_Pt_170_250_EMEnriched_TuneZ2star_8TeV_pythia6/Summer12-stop-pfele-step1/3d176ac8da5e9dff208d057f4733ca91/tuple_97_9_pLZ.root
27-Nov-2012 02:24:59 EET  Initiating request to open file file:/hdfs/cms/store/user/mario/QCD_Pt_170_250_EMEnriched_TuneZ2star_8TeV_pythia6/Summer12-stop-pfele-step1/3d176ac8da5e9dff208d057f4733ca91/tuple_127_9_aPm.root
27-Nov-2012 02:25:00 EET  Successfully opened file file:/hdfs/cms/store/user/mario/QCD_Pt_170_250_EMEnriched_TuneZ2star_8TeV_pythia6/Summer12-stop-pfele-step1/3d176ac8da5e9dff208d057f4733ca91/tuple_127_9_aPm.root
Begin processing the 45001st record. Run 1, Event 160816306, LumiSection 49589 at 27-Nov-2012 02:25:24.119 EET
Begin processing the 46001st record. Run 1, Event 164855886, LumiSection 50835 at 27-Nov-2012 02:25:28.148 EET
Begin processing the 47001st record. Run 1, Event 171846594, LumiSection 52991 at 27-Nov-2012 02:25:34.879 EET
Begin processing the 48001st record. Run 1, Event 172433954, LumiSection 53172 at 27-Nov-2012 02:25:38.469 EET
Begin processing the 49001st record. Run 1, Event 174495700, LumiSection 53807 at 27-Nov-2012 02:25:44.991 EET
Begin processing the 50001st record. Run 1, Event 117348599, LumiSection 36186 at 27-Nov-2012 02:25:48.794 EET
Begin processing the 51001st record. Run 1, Event 117943348, LumiSection 36369 at 27-Nov-2012 02:25:55.365 EET
Begin processing the 52001st record. Run 1, Event 125071948, LumiSection 38567 at 27-Nov-2012 02:25:59.282 EET
Begin processing the 53001st record. Run 1, Event 178010582, LumiSection 54891 at 27-Nov-2012 02:26:04.542 EET
Begin processing the 54001st record. Run 1, Event 178741873, LumiSection 55117 at 27-Nov-2012 02:26:09.004 EET
Begin processing the 55001st record. Run 1, Event 181576011, LumiSection 55991 at 27-Nov-2012 02:26:14.179 EET
Begin processing the 56001st record. Run 1, Event 171095681, LumiSection 52759 at 27-Nov-2012 02:26:17.650 EET
Begin processing the 57001st record. Run 1, Event 171375755, LumiSection 52845 at 27-Nov-2012 02:26:24.214 EET
Begin processing the 58001st record. Run 1, Event 171831305, LumiSection 52986 at 27-Nov-2012 02:26:28.119 EET
Begin processing the 59001st record. Run 1, Event 192884841, LumiSection 59478 at 27-Nov-2012 02:26:37.366 EET
Begin processing the 60001st record. Run 1, Event 192695846, LumiSection 59420 at 27-Nov-2012 02:26:41.451 EET
Begin processing the 61001st record. Run 1, Event 122632828, LumiSection 37815 at 27-Nov-2012 02:26:47.428 EET
Begin processing the 62001st record. Run 1, Event 136773491, LumiSection 42175 at 27-Nov-2012 02:26:51.284 EET
Begin processing the 63001st record. Run 1, Event 143459829, LumiSection 44237 at 27-Nov-2012 02:27:00.013 EET
Begin processing the 64001st record. Run 1, Event 181226369, LumiSection 55883 at 27-Nov-2012 02:27:03.791 EET
Begin processing the 65001st record. Run 1, Event 181822093, LumiSection 56067 at 27-Nov-2012 02:27:09.888 EET
Begin processing the 66001st record. Run 1, Event 182358682, LumiSection 56232 at 27-Nov-2012 02:27:14.192 EET
27-Nov-2012 02:27:14 EET  Closed file file:/hdfs/cms/store/user/mario/QCD_Pt_170_250_EMEnriched_TuneZ2star_8TeV_pythia6/Summer12-stop-pfele-step1/3d176ac8da5e9dff208d057f4733ca91/tuple_127_9_aPm.root
27-Nov-2012 02:27:14 EET  Initiating request to open file file:/hdfs/cms/store/user/mario/QCD_Pt_170_250_EMEnriched_TuneZ2star_8TeV_pythia6/Summer12-stop-pfele-step1/3d176ac8da5e9dff208d057f4733ca91/tuple_205_10_JLN.root
27-Nov-2012 02:27:15 EET  Successfully opened file file:/hdfs/cms/store/user/mario/QCD_Pt_170_250_EMEnriched_TuneZ2star_8TeV_pythia6/Summer12-stop-pfele-step1/3d176ac8da5e9dff208d057f4733ca91/tuple_205_10_JLN.root
Begin processing the 67001st record. Run 1, Event 8082074, LumiSection 2493 at 27-Nov-2012 02:27:36.281 EET
Begin processing the 68001st record. Run 1, Event 51391548, LumiSection 15847 at 27-Nov-2012 02:27:41.062 EET
Begin processing the 69001st record. Run 1, Event 53333295, LumiSection 16446 at 27-Nov-2012 02:27:45.748 EET
Begin processing the 70001st record. Run 1, Event 50789939, LumiSection 15662 at 27-Nov-2012 02:27:49.659 EET
Begin processing the 71001st record. Run 1, Event 55782777, LumiSection 17201 at 27-Nov-2012 02:27:54.909 EET
Begin processing the 72001st record. Run 1, Event 56634382, LumiSection 17464 at 27-Nov-2012 02:27:59.473 EET
Begin processing the 73001st record. Run 1, Event 8063712, LumiSection 2487 at 27-Nov-2012 02:28:06.175 EET
Begin processing the 74001st record. Run 1, Event 190257797, LumiSection 58668 at 27-Nov-2012 02:28:09.703 EET
Begin processing the 75001st record. Run 1, Event 18868721, LumiSection 5819 at 27-Nov-2012 02:28:15.725 EET
Begin processing the 76001st record. Run 1, Event 51404913, LumiSection 15852 at 27-Nov-2012 02:28:19.992 EET
Begin processing the 77001st record. Run 1, Event 58775911, LumiSection 18124 at 27-Nov-2012 02:28:27.064 EET
Begin processing the 78001st record. Run 1, Event 9388224, LumiSection 2895 at 27-Nov-2012 02:28:31.685 EET
Begin processing the 79001st record. Run 1, Event 51799351, LumiSection 15973 at 27-Nov-2012 02:28:36.886 EET
Begin processing the 80001st record. Run 1, Event 59121783, LumiSection 18231 at 27-Nov-2012 02:28:40.646 EET
Begin processing the 81001st record. Run 1, Event 144100820, LumiSection 44435 at 27-Nov-2012 02:28:45.869 EET
Begin processing the 82001st record. Run 1, Event 144836524, LumiSection 44662 at 27-Nov-2012 02:28:49.568 EET
Begin processing the 83001st record. Run 1, Event 128247097, LumiSection 39546 at 27-Nov-2012 02:28:55.577 EET
Begin processing the 84001st record. Run 1, Event 129278634, LumiSection 39864 at 27-Nov-2012 02:28:59.531 EET
Begin processing the 85001st record. Run 1, Event 130160452, LumiSection 40136 at 27-Nov-2012 02:29:06.101 EET
27-Nov-2012 02:29:08 EET  Closed file file:/hdfs/cms/store/user/mario/QCD_Pt_170_250_EMEnriched_TuneZ2star_8TeV_pythia6/Summer12-stop-pfele-step1/3d176ac8da5e9dff208d057f4733ca91/tuple_205_10_JLN.root

=============================================

MessageLogger Summary

 type     category        sev    module        subroutine        count    total
 ---- -------------------- -- ---------------- ----------------  -----    -----
    1 fileAction           -s file_close                             5        5
    2 fileAction           -s file_open                             10       10

 type    category    Examples: run/evt        run/evt          run/evt
 ---- -------------------- ---------------- ---------------- ----------------
    1 fileAction           PostProcessEvent PostProcessEvent PostEndRun
    2 fileAction           pre-events       pre-events       PostProcessEvent

Severity    # Occurrences   Total Occurrences
--------    -------------   -----------------
System                 15                  15
>>> END OF printout of 119 lines from stdout+stderr
>>> Parse FrameworkJobReport crab_fjr.xml
Result of parsing the FrameworkJobReport crab_fjr.xml: Popularity start
lumisRange : 1::791,814,922,932,950,954,1008,1065,1715,2021,2059,2372,2394,2487,2493,2527,2541,2583,2589,2618,2628,2642,2671,2675,2838,2842,2887,2895,2923,2931,2964,3013,3127,3177,3675,3723,5429,5562,5564,5815,5819,5873,5899,5967,6450,15578,15610,15632,15662-15663,15665,15788,15792,15806,15827,15840,15847,15852,15868,15873,15906,15909,15937,15940,15973,15978-15979,15991,16004-16005,16010,16014,16022,16036,16038,16041-16042,16047,16118,16446,16509,17197,17201,17357,17378,17402,17405,17411,17460,17464,17489,17628,17633,17787,17794,17923,17965,17988,17998,18023,18124,18201,18227,18231,18378,18445,39546,39552,39647,39650,39833,39836,39863-39864,39869,39891,39935,39940,40044,40050,40116,40136,40185,40212-40213,40234,40266,44309,44312,44323-44324,44407-44408,44432,44435,44496-44497,44541,44545,44577,44580,44658,44662,44717-44718,44729,44731,44737,44739,44997,58668,59717::1;1::5584,5634,17114,17143,35347,35381,35571,35655,36085,36231,36292,36526,36681,36694,36707,36729,36778,36822,36845,36852,36965,37401,37425,37530,38127,38169,38313,38359,38600,38688,38717,39115,39122,39147,39165,39175,39179,39185,39210,39256,39273,39362,39858,39872,39943,40027,40042,40210,40233,40364,40366,40375,40377,40460,40474,40534,40611,40657,40754,40856,40865,41271,41347,41403,41411,41435,41476,41497,41600,41639,46746,47293,48214,48400,48413,48461,49175-49176,49291-49292,50118,50131,50179,50182,50261,50263,50309-50310,50338,50340,50415,50430,50533,50536,50554-50555,50593-50594,50751,50753,50787,50791,51106,51159,51268-51269,51373-51374,51409-51410,51460,51462,51555-51556,51965-51966,51989-51990,51994-51995,52000-52001,52009-52010,52066-52067,52083,52085,52089-52090,52093-52094,52159-52160,52212-52213,52765,52767,52850,52852,52875,52877,52910,52912,52930,52933,52962-52963,53056,53156,53158,53186,53188,53200,53208,53874,53928,54778,54796,54831,56194,57217,57243,58367,58379,58888,59447,64371,65114,65395::2;1::32045,32867,32953,33772,33823,33909,34274,34441,35344,35681,35943,36186-36187,36291,36310,36369,36399,36774,36831,37006,37213,37308,37354,37378,37815,37878,37918,37958,38063,38070,38188,38247,38567,38624,38726,39249,41850,41857,42175-42176,42760,42762,43817-43818,44009-44010,44237,44239,48922,49444-49445,49587,49589,49657-49658,49982,49990-49991,50206,50209,50793,50835,50938,50975,52216-52217,52228-52229,52385,52584,52759,52761-52763,52774-52775,52843,52845,52861-52865,52867,52975,52978,52984,52986-52988,52990-52991,52999,53001,53012,53014,53126,53130,53171-53172,53192-53193,53238-53239,53246-53247,53764,53779,53807,53920,54095,54179,54214,54238,54815,54865,54867,54891,54994,55010,55082,55084,55109,55117,55229,55232,55748,55750,55752-55753,55763,55765,55784,55817,55850,55854,55863,55877,55883,55885,55902,55921,55927,55939,55947,55991,56012,56067,56090,56101,56113,56124,56158,56163,56165,56190,56203,56232,57199,57270,57366,57441,57738,57774,57794,58104,58170,58715,59420,59478::3;1::55147,55518,55525,55556,55573,56264,56286,56357,56376,56382,56405,56451::4;1::1753,2210,2456,14734,15160,16378,16475,17061,17065,17476,17599,18057,18548,18640,18688,18712,18843,18913,18919,18987,19073,19110,19175,19323,19338,19360,19464,19500,19505,19533,19552,19573,19592,19620,19677,19741,19818,19828,19841,19888,19970,19994,20398,20405-20406,20460,20610,20668,20687,20756,20773,20786,20820,20954,21067-21068,21081,21092,21119,21130,21189,21216,21230,21248,21262,21268,21280,21306,21324,21329,21359,21479,21499,21502,21516,21526,21542,21565,21588,21590,21592,21609,21621,21638,21646,21696,21703,21736,21739,21745,21767,21779,21788,21828,21838,21848,21872,21879,21915,21945,21951,21977,21999,22031,22045-22046,22058,22062,22083,22136,22149,22212,22246,22287,22300,22341,22357,22433-22434,22496,22549,22554,22586,22588,22596,22603,22605,22628,22630,22656,22682,22712,22715,22749,22752,22767,22771,22812,22847,22867,22888,23003,23012,23017,23037,23067,23084,23101,23129,23138,23142,23203,23214-23215,23224,23234,23259,23268,23337,23408,23426,23474,23516-23517,23525,23563,23571,23590,23601,24119::5;
lumisParentRange : 
Basename : /store/user/mario/QCD_Pt_170_250_EMEnriched_TuneZ2star_8TeV_pythia6/Summer12-stop-pfele-step1/3d176ac8da5e9dff208d057f4733ca91/tuple_
BasenameParent : 
parentFiles : 
inputBlocks : /QCD_Pt_170_250_EMEnriched_TuneZ2star_8TeV_pythia6/mario-Summer12-stop-pfele-step1-3d176ac8da5e9dff208d057f4733ca91/USER#287497a1-ddb0-4c07-a659-73e9230cf569
inputFiles : 205_10_JLN.root::1::EDM::Local::1;97_9_pLZ.root::1::EDM::Local::2;127_9_aPm.root::1::EDM::Local::3;368_12_WpK.root::1::EDM::Local::4;314_10_34X.root::1::EDM::Local::5;
Popularity stop
Extracted ExitStatus from FrameworkJobReport parsing output: 0
>>> Executable succeded  0
ExeExitCode=0
EXECUTABLE_EXIT_STATUS = 0
>>> current directory /home/cms003/home_creur_724406257/CREAM724406257/glide_M14428/execute/dir_13900/CMSSW_5_3_5
>>>  (SOFTWARE_DIR): /home/cms003/home_creur_724406257/CREAM724406257/glide_M14428/execute/dir_13900/CMSSW_5_3_5
>>> (WORKING_DIR): 
>>> current directory content:
total 156
drwxr-xr-x 3 cms003 cms  4096 Nov 27 02:18 .SCRAM
-rw-r--r-- 1 cms003 cms 30066 Nov 27 02:19 CMSSW.py.pkl
drwxr-xr-x 3 cms003 cms  4096 Nov 27 02:19 bin
drwxr-xr-x 3 cms003 cms  4096 Nov 27 02:19 cfipython
drwxr-xr-x 5 cms003 cms  4096 Nov 27 02:18 config
-rw-r--r-- 1 cms003 cms    16 Nov 27 02:29 cpu_timing.txt
drwxr-xr-x 2 cms003 cms  4096 Nov 27 02:19 doc
-rw-r--r-- 1 cms003 cms 13491 Nov 27 02:29 executable.out
drwxr-xr-x 2 cms003 cms  4096 Nov 27 02:19 include
drwxrwxrwx 3 cms003 cms  4096 Oct 22 16:38 lib
drwxr-xr-x 3 cms003 cms  4096 Nov 27 02:19 logs
drwxr-xr-x 3 cms003 cms  4096 Nov 27 02:19 objs
-rw-r--r-- 1 cms003 cms 17669 Nov 27 02:29 optHistograms.root
-rw-r--r-- 1 cms003 cms   104 Nov 27 02:19 pset.py
-rw-r--r-- 1 cms003 cms 19510 Nov 27 02:19 pset.py.pkl
-rw-r--r-- 1 cms003 cms   289 Nov 27 02:19 pset.pyc
drwxr-xr-x 2 cms003 cms  4096 Nov 27 02:19 python
-rw-r--r-- 1 cms003 cms   414 Nov 27 02:29 report.log
drwxrwxrwx 4 cms003 cms  4096 Nov 27 02:18 src
drwxr-xr-x 3 cms003 cms  4096 Nov 27 02:19 test
drwxr-xr-x 3 cms003 cms  4096 Nov 27 02:19 tmp
>>> current directory /home/cms003/home_creur_724406257/CREAM724406257/glide_M14428/execute/dir_13900/CMSSW_5_3_5
>>> (SOFTWARE_DIR): /home/cms003/home_creur_724406257/CREAM724406257/glide_M14428/execute/dir_13900/CMSSW_5_3_5
>>> (WORKING_DIR): 
>>> current directory content:
total 136
drwxr-xr-x 3 cms003 cms  4096 Nov 27 02:18 .SCRAM
-rw-r--r-- 1 cms003 cms 30066 Nov 27 02:19 CMSSW.py.pkl
drwxr-xr-x 3 cms003 cms  4096 Nov 27 02:19 bin
drwxr-xr-x 3 cms003 cms  4096 Nov 27 02:19 cfipython
drwxr-xr-x 5 cms003 cms  4096 Nov 27 02:18 config
-rw-r--r-- 1 cms003 cms    16 Nov 27 02:29 cpu_timing.txt
drwxr-xr-x 2 cms003 cms  4096 Nov 27 02:19 doc
-rw-r--r-- 1 cms003 cms 13491 Nov 27 02:29 executable.out
drwxr-xr-x 2 cms003 cms  4096 Nov 27 02:19 include
drwxrwxrwx 3 cms003 cms  4096 Oct 22 16:38 lib
drwxr-xr-x 3 cms003 cms  4096 Nov 27 02:19 logs
drwxr-xr-x 3 cms003 cms  4096 Nov 27 02:19 objs
-rw-r--r-- 1 cms003 cms   104 Nov 27 02:19 pset.py
-rw-r--r-- 1 cms003 cms 19510 Nov 27 02:19 pset.py.pkl
-rw-r--r-- 1 cms003 cms   289 Nov 27 02:19 pset.pyc
drwxr-xr-x 2 cms003 cms  4096 Nov 27 02:19 python
-rw-r--r-- 1 cms003 cms   414 Nov 27 02:29 report.log
drwxrwxrwx 4 cms003 cms  4096 Nov 27 02:18 src
drwxr-xr-x 3 cms003 cms  4096 Nov 27 02:19 test
drwxr-xr-x 3 cms003 cms  4096 Nov 27 02:19 tmp
>>> current directory (RUNTIME_AREA):  /home/cms003/home_creur_724406257/CREAM724406257/glide_M14428/execute/dir_13900
>>> current dir: /home/cms003/home_creur_724406257/CREAM724406257/glide_M14428/execute/dir_13900
>>> current dir content:
total 25788
-rw-rw-rw-  1 cms003 cms     5594 Nov 27 02:18 .job.ad
-rw-rw-rw-  1 cms003 cms    11530 Nov 27 02:18 .machine.ad
-rw-rw-rw-  1 cms003 cms      105 Nov 27 01:29 CMSSW.py
-rw-rw-rw-  1 cms003 cms    30066 Nov 27 01:29 CMSSW.py.pkl
-rwxrw-rw-  1 cms003 cms    23341 Nov 27 02:18 CMSSW.sh
-rw-rw-rw-  1 cms003 cms        0 Nov 27 02:18 CMSSW_2.stderr
-rw-rw-rw-  1 cms003 cms    29521 Nov 27 02:29 CMSSW_2.stdout
drwxr-xr-x 15 cms003 cms     4096 Nov 27 02:29 CMSSW_5_3_5
-rw-r--r--  1 cms003 cms      347 Nov 27 02:18 CacheEnv.sh
-rw-rw-rw-  1 cms003 cms     7291 Jun  9  2010 DashboardAPI.py
-rw-r--r--  1 cms003 cms     6883 Nov 27 02:19 DashboardAPI.pyc
drwxrwxrwx  3 cms003 cms     4096 Nov 27 02:29 IMProv
-rw-rw-rw-  1 cms003 cms     2748 Mar  8  2006 Logger.py
-rw-r--r--  1 cms003 cms     3353 Nov 27 02:19 Logger.pyc
-rw-rw-rw-  1 cms003 cms    24524 Mar 28  2008 ProcInfo.py
-rw-r--r--  1 cms003 cms    23470 Nov 27 02:19 ProcInfo.pyc
drwxrwxrwx  7 cms003 cms     4096 Nov 27 02:19 ProdCommon
drwxrwxrwx  3 cms003 cms     4096 Nov 27 02:18 WMCore
-rw-r--r--  1 cms003 cms     2792 Nov 27 02:29 Watchdog_2.log
-rw-rw-rw-  1 cms003 cms    32895 Mar 28  2008 apmon.py
-rw-r--r--  1 cms003 cms    28874 Nov 27 02:19 apmon.pyc
-rw-rw-rw-  1 cms003 cms   100215 Nov 27 02:18 arguments.xml
-rwxrwxrwx  1 cms003 cms    37427 Sep 13 14:14 cmscp.py
-rwxrwxrwx  1 cms003 cms    23341 Nov 27 02:18 condor_exec.exe
-rw-rw-rw-  1 cms003 cms      546 Nov 27 01:29 crab.cfg
-rwxrwxrwx  1 cms003 cms     9531 Sep 20 21:46 crabWatchdog.sh
-rw-r--r--  1 cms003 cms    48506 Nov 27 02:29 crab_fjr_2.xml
-rw-rw-rw-  1 cms003 cms 25796303 Nov 27 02:18 default.tgz
-rwxrwxrwx  1 cms003 cms     4488 May 12  2012 fillCrabFjr.py
-rw-r--r--  1 cms003 cms      948 Nov 27 02:19 inputsReport.txt
-rw-r--r--  1 cms003 cms      130 Nov 27 02:29 jobreport.txt
lrwxrwxrwx  1 cms003 cms      106 Nov 27 02:29 optHistograms.root -> /home/cms003/home_creur_724406257/CREAM724406257/glide_M14428/execute/dir_13900/optHistograms_2_1_wsX.root
-rw-r--r--  1 cms003 cms    17669 Nov 27 02:29 optHistograms_2_1_wsX.root
-rw-rw-rw-  1 cms003 cms    17352 Jan 20  2012 parseCrabFjr.py
-rw-r--r--  1 cms003 cms      282 Nov 27 02:18 report.log
-rwxrwxrwx  1 cms003 cms     1497 May 27  2009 report.py
-rwxrwxrwx  1 cms003 cms     8387 Mar 23  2011 writeCfg.py
-rw-------  1 cms003 cms     8687 Nov 27 02:28 x509up_u1000009
Checking output files:  
will tar file optHistograms_2_1_wsX.root in  out_files_2
will tar file crab_fjr_2.xml in  out_files_2
will tar file CMSSW_2.stdout in  out_files_2
will tar file CMSSW_2.stderr in  out_files_2
WARNING: output file Watchdog_2.log.gz not found!
>>> padding time: Wrapper lasting more than 600 seconds. No sleep required.
STOPPING WATCHDOG. CrabWatchdog PID is 16000
********** LAST 50 LINES OF WATCHDOG LOG
# RESOURCE USAGE SUMMARY FOR PROCESS ID 13996
USER       PID %CPU %MEM    VSZ   RSS TTY      STAT START   TIME COMMAND
cms003   13996  0.1  0.0   8956  1488 ?        S    02:18   0:00 /bin/sh /home/cms003/home_creur_724406257/CREAM724406257/glide_M14428/execute/dir_13900/condor_exec.exe 2 1
 
# LIMITS USED BY THIS WATCHDOG:
# RSS  (KBytes)  : 2300000
# VSZ  (KBytes)  : 100000000
# DISK (MBytes)  : 19000
# CPU  (seconds) : 171600
# WALL (seconds) : 171600
 
# FOLLOWING PRINTOUT TRACKS MAXIMUM VALUES OF RESOURCES USE
# ONE LINE IS PRINTED EACH TIME A MAXIMUM CHANGES
# IF CHANGE WAS IN RSS OR VSZ ALSO PROCID AND COMMAND ARE PRINTED
# THERE IS NO PRINTOUT FOR CPU/WALL TIME INCREASE
 
# TIME			PID	RSS(KB)	VSZ(KB)	Dsk(MB)	tCPU(s)	tWALL(s)	COMMAND
 Nov 27 02:19:06 EET	2631	3840	5904	0	4	1921	condor_procd -A /home/cms003/home_creur_724406257/CREAM724406257/glide_M14428/log/procd_address.STARTD -L /home/cms003/home_creur_724406257/CREAM724406257/glide_M14428/log/ProcLog.STARTD -R 10000000 -S 60 -C
 Nov 27 02:19:06 EET	13900	5424	9508	0	0	25	condor_starter -f submit-2.t2.ucsd.edu       
 Nov 27 02:19:06 EET	14275	5424	25504	0	0	2790	perl -e ?use Socket;??sub send_notify {? $cream_url = "193.40.150.134:49152";die "No
 Nov 27 02:19:06 EET	28921	6076	25504	0	1	2766	/home/cms003/home_creur_724406257/CREAM724406257/glide_M14428/main/condor/sbin/condor_master -f -pidfile /home/cms003/home_creur_724406257/CREAM724406257/glide_M14428/condor_master2.pid      
 Nov 27 02:19:06 EET	---	6076	25504	168	----	----	----
 Nov 27 02:20:16 EET	22574	264020	430724	168	10	59	cmsRun -j /home/cms003/home_creur_724406257/CREAM724406257/glide_M14428/execute/dir_13900/crab_fjr_2.xml -p pset.py     
 Nov 27 02:21:25 EET	22574	363072	562020	168	40	127	cmsRun -j /home/cms003/home_creur_724406257/CREAM724406257/glide_M14428/execute/dir_13900/crab_fjr_2.xml -p pset.py     
 Nov 27 02:22:32 EET	22574	363600	562276	168	85	193	cmsRun -j /home/cms003/home_creur_724406257/CREAM724406257/glide_M14428/execute/dir_13900/crab_fjr_2.xml -p pset.py     
 Nov 27 02:23:38 EET	22574	363632	563300	168	117	259	cmsRun -j /home/cms003/home_creur_724406257/CREAM724406257/glide_M14428/execute/dir_13900/crab_fjr_2.xml -p pset.py     
 Nov 27 02:24:45 EET	22574	364132	563300	168	165	327	cmsRun -j /home/cms003/home_creur_724406257/CREAM724406257/glide_M14428/execute/dir_13900/crab_fjr_2.xml -p pset.py     
 Nov 27 02:27:02 EET	22574	364284	563300	168	244	467	cmsRun -j /home/cms003/home_creur_724406257/CREAM724406257/glide_M14428/execute/dir_13900/crab_fjr_2.xml -p pset.py     
 Nov 27 02:28:14 EET	22574	364284	563556	168	283	537	cmsRun -j /home/cms003/home_creur_724406257/CREAM724406257/glide_M14428/execute/dir_13900/crab_fjr_2.xml -p pset.py     
 Nov 27 02:29:23 EET	---	364284	563556	169	----	----	----
********** WATCHDOG LOG ENDED
ZIPPING WATCHDOG LOG
Disk space used:
du -sh /home/cms003/home_creur_724406257/CREAM724406257/glide_M14428/execute/dir_13900
169M	/home/cms003/home_creur_724406257/CREAM724406257/glide_M14428/execute/dir_13900
>>> info for dashboard:
***** Cat /home/cms003/home_creur_724406257/CREAM724406257/glide_M14428/execute/dir_13900/jobreport.txt *****
MonitorJobID=2_https://submit-2.t2.ucsd.edu//121127//17530.1
MonitorID=liis_crab_0_121127_012908_ngk079
ExeTime=586
ExeExitCode=0
CrabUserCpuTime=308.47
CrabSysCpuTime=9.71
CrabCpuPercentage=54%
CrabWrapperTime=640
CrabStageoutTime=NULL
***** End Cat jobreport *****
Parameters sent to Dashboard.
optHistograms_2_1_wsX.root
crab_fjr_2.xml
CMSSW_2.stdout
CMSSW_2.stderr
Watchdog_2.log.gz
tar: .BrokerInfo: Cannot stat: No such file or directory
tar: Error exit delayed from previous errors
Total Output dimension: 28240
WARNING: output files size limit is set to: 50000000
Total Output dimension 28240 is fine.
JOB_EXIT_STATUS = 0
>>> info for dashboard:
***** Cat /home/cms003/home_creur_724406257/CREAM724406257/glide_M14428/execute/dir_13900/jobreport.txt *****
MonitorJobID=2_https://submit-2.t2.ucsd.edu//121127//17530.1
MonitorID=liis_crab_0_121127_012908_ngk079
JobExitCode=0
***** End Cat jobreport *****
Parameters sent to Dashboard.
optHistograms_2_1_wsX.root
crab_fjr_2.xml
