This script was generated by crab (version 2.8.3).
Running /home/cms097/home_crmrs_834718999/CREAM834718999/glide_V28823/execute/dir_385/condor_exec.exe with 2 positional parameters: 98 1
Today is Tue Nov 27 02:31:07 EET 2012
Job submitted on host wn-v-3404.local
Linux wn-v-3404.local 2.6.32-042stab059.7 #1 SMP Tue Jul 24 19:12:01 MSK 2012 x86_64 x86_64 x86_64 GNU/Linux
>>> current directory (RUNTIME_AREA): /home/cms097/home_crmrs_834718999/CREAM834718999/glide_V28823/execute/dir_385
>>> current user: uid=11097(cms097) gid=1400(cms) groups=1400(cms)
>>> voms proxy information:
subject   : /DC=ch/DC=cern/OU=Organic Units/OU=Users/CN=liis/CN=663550/CN=Liis Rebane/CN=proxy/CN=limited proxy
issuer    : /DC=ch/DC=cern/OU=Organic Units/OU=Users/CN=liis/CN=663550/CN=Liis Rebane/CN=proxy
identity  : /DC=ch/DC=cern/OU=Organic Units/OU=Users/CN=liis/CN=663550/CN=Liis Rebane/CN=proxy
type      : limited proxy
strength  : 512 bits
path      : /home/cms097/home_crmrs_834718999/CREAM834718999/glide_V28823/execute/dir_385/x509up_u1000009
timeleft  : 23:59:48
key usage : Digital Signature, Key Encipherment, Data Encipherment
=== VO cms extension information ===
VO        : cms
subject   : /DC=ch/DC=cern/OU=Organic Units/OU=Users/CN=liis/CN=663550/CN=Liis Rebane
issuer    : /DC=ch/DC=cern/OU=computers/CN=lcg-voms.cern.ch
attribute : /cms/Role=NULL/Capability=NULL
timeleft  : 190:54:30
uri       : lcg-voms.cern.ch:15002
>>> tar xzf /home/cms097/home_crmrs_834718999/CREAM834718999/glide_V28823/execute/dir_385/default.tgz :
Successful untar
>>> Include /home/cms097/home_crmrs_834718999/CREAM834718999/glide_V28823/execute/dir_385 in PYTHONPATH:
strip arguments
env var CRAB_UNIQUE_JOB_ID set to: liis_crab_0_121127_012908_ngk079_98_1_DwA
out_files_98
>>> list of expected files on output sandbox
output files: optHistograms_98_1_DwA.root crab_fjr_98.xml CMSSW_98.stdout CMSSW_98.stderr Watchdog_98.log.gz
>>> GridFlavour discovery: 
GridFlavour=LCG
>>> SyncSite discovery: 
SyncSite=T2_EE_Estonia
>>> SyncCE discovery: 
getting SyncCE from CE_ID
SyncCE=mars.hep.kbfi.ee:8443/cream-pbs-long
>>> info for dashboard:
***** Cat /home/cms097/home_crmrs_834718999/CREAM834718999/glide_V28823/execute/dir_385/jobreport.txt *****
MonitorJobID=98_https://submit-2.t2.ucsd.edu//121127//17530.97
SyncGridJobId=https://submit-2.t2.ucsd.edu//121127//17530.97
MonitorID=liis_crab_0_121127_012908_ngk079
GridFlavour=LCG
SyncSite=T2_EE_Estonia
SyncCE=mars.hep.kbfi.ee:8443/cream-pbs-long
***** End Cat jobreport *****
Parameters sent to Dashboard.
>>> setup environment
set SCRAM ARCH to slc5_amd64_gcc462
SCRAM_ARCH = slc5_amd64_gcc462
>>> setup CMS LCG environment:
set SCRAM ARCH and BUILD_ARCH to slc5_amd64_gcc462 ###
Sourcing environment... 
sourcing /cvmfs/cms.cern.ch/cmsset_default.sh
==> setup cms environment ok
>>> specific cmssw setup environment:
CMSSW_VERSION =  CMSSW_5_3_5
>>> current directory (SOFTWARE_DIR): /home/cms097/home_crmrs_834718999/CREAM834718999/glide_V28823/execute/dir_385/CMSSW_5_3_5
PreserveSeeds: <>
IncrementSeeds:<>
{}
WNHostName=wn-v-3404.local
>>> info for dashboard:
***** Cat /home/cms097/home_crmrs_834718999/CREAM834718999/glide_V28823/execute/dir_385/jobreport.txt *****
MonitorJobID=98_https://submit-2.t2.ucsd.edu//121127//17530.97
MonitorID=liis_crab_0_121127_012908_ngk079
WNHostName=wn-v-3404.local
***** End Cat jobreport *****
Parameters sent to Dashboard.
crabWatchdog started as process 10143
>>> moving CMSSW software directories in /home/cms097/home_crmrs_834718999/CREAM834718999/glide_V28823/execute/dir_385/CMSSW_5_3_5
mv: cannot stat `/home/cms097/home_crmrs_834718999/CREAM834718999/glide_V28823/execute/dir_385/module/': No such file or directory
>>> Include /home/cms097/home_crmrs_834718999/CREAM834718999/glide_V28823/execute/dir_385 in PYTHONPATH:
PYTHONPATH=/home/cms097/home_crmrs_834718999/CREAM834718999/glide_V28823/execute/dir_385/:/home/cms097/home_crmrs_834718999/CREAM834718999/glide_V28823/execute/dir_385/CMSSW_5_3_5/python:/home/cms097/home_crmrs_834718999/CREAM834718999/glide_V28823/execute/dir_385/CMSSW_5_3_5/lib/slc5_amd64_gcc462:/cvmfs/cms.cern.ch/slc5_amd64_gcc462/cms/cmssw/CMSSW_5_3_5/python:/cvmfs/cms.cern.ch/slc5_amd64_gcc462/cms/cmssw/CMSSW_5_3_5/lib/slc5_amd64_gcc462:/cvmfs/cms.cern.ch/slc5_amd64_gcc462/cms/coral/CORAL_2_3_21-cms27/slc5_amd64_gcc462/python:/cvmfs/cms.cern.ch/slc5_amd64_gcc462/cms/coral/CORAL_2_3_21-cms27/slc5_amd64_gcc462/lib:/cvmfs/cms.cern.ch/slc5_amd64_gcc462/external/pyqt/4.8.1/lib/python2.6/site-packages:/cvmfs/cms.cern.ch/slc5_amd64_gcc462/external/py2-scipy/0.8.0/lib/python2.6/site-packages:/cvmfs/cms.cern.ch/slc5_amd64_gcc462/external/py2-matplotlib/1.0.1/lib/python2.6/site-packages:/cvmfs/cms.cern.ch/slc5_amd64_gcc462/external/python-ldap/2.3.5/lib/python2.6/site-packages:/cvmfs/cms.cern.ch/slc5_amd64_gcc462/external/sip/4.11.2/lib/python2.6/site-packages:/cvmfs/cms.cern.ch/slc5_amd64_gcc462/external/py2-pycurl/7.19.0/lib/python2.6/site-packages:/cvmfs/cms.cern.ch/slc5_amd64_gcc462/external/py2-numpy/1.6.1/lib/python2.6/site-packages:/cvmfs/cms.cern.ch/slc5_amd64_gcc462/external/py2-ipython/0.10/lib/python2.6/site-packages:/cvmfs/cms.cern.ch/slc5_amd64_gcc462/external/py2-cx-oracle/5.1-cms11/lib/python2.6/site-packages:/cvmfs/cms.cern.ch/slc5_amd64_gcc462/external/py2-cjson/1.0.5/lib/python2.6/site-packages:/cvmfs/cms.cern.ch/slc5_amd64_gcc462/cms/das-client/1.4.1-cms8/bin:/cvmfs/cms.cern.ch/slc5_amd64_gcc462/external/elementtree/1.2.6/share/lib/python2.6/site-packages:/cvmfs/cms.cern.ch/slc5_amd64_gcc462/external/rivet/1.5.1-cms10/lib/python2.6/site-packages:/cvmfs/cms.cern.ch/slc5_amd64_gcc462/external/pyminuit2/0.0.1-cms34/lib/python2.6/site-packages:/cvmfs/cms.cern.ch/slc5_amd64_gcc462/external/professor/1.0.0-cms35/lib/python2.6/site-packages:/cvmfs/cms.cern.ch/slc5_amd64_gcc462/lcg/root/5.32.00-cms18/lib:/cvmfs/cms.cern.ch/slc5_amd64_gcc462/cms/dbs-client/DBS_2_1_1_patch1_1/lib:/cvmfs/cms.cern.ch/slc5_amd64_gcc462/cms/dbs-client/DBS_2_1_1_patch1_1/lib/DBSAPI:/home/cms097/home_crmrs_834718999/CREAM834718999/glide_V28823/execute/dir_385/
241a2a19cb7c5c8751ba22759ab3bdb0
PSETHASH = 241a2a19cb7c5c8751ba22759ab3bdb0
/home/cms097/home_crmrs_834718999/CREAM834718999/glide_V28823/execute/dir_385/writeCfg.py pset.py pset.py
Importing .py file
Setting parameters
inputBlocks=/QCD_Pt_170_250_EMEnriched_TuneZ2star_8TeV_pythia6/mario-Summer12-stop-pfele-step1-3d176ac8da5e9dff208d057f4733ca91/USER#130d237e-abcb-4916-a790-d17c846c5c04
inputFiles=/store/user/mario/QCD_Pt_170_250_EMEnriched_TuneZ2star_8TeV_pythia6/Summer12-stop-pfele-step1/3d176ac8da5e9dff208d057f4733ca91/tuple_117_3_kjs.root;/store/user/mario/QCD_Pt_170_250_EMEnriched_TuneZ2star_8TeV_pythia6/Summer12-stop-pfele-step1/3d176ac8da5e9dff208d057f4733ca91/tuple_118_3_jYt.root;/store/user/mario/QCD_Pt_170_250_EMEnriched_TuneZ2star_8TeV_pythia6/Summer12-stop-pfele-step1/3d176ac8da5e9dff208d057f4733ca91/tuple_119_7_Z3C.root;/store/user/mario/QCD_Pt_170_250_EMEnriched_TuneZ2star_8TeV_pythia6/Summer12-stop-pfele-step1/3d176ac8da5e9dff208d057f4733ca91/tuple_120_9_Rag.root;/store/user/mario/QCD_Pt_170_250_EMEnriched_TuneZ2star_8TeV_pythia6/Summer12-stop-pfele-step1/3d176ac8da5e9dff208d057f4733ca91/tuple_121_3_Bg7.root
parentFiles=
lumisRange=
>>> Executable cmsRun
/cvmfs/cms.cern.ch/slc5_amd64_gcc462/cms/cmssw/CMSSW_5_3_5/bin/slc5_amd64_gcc462/cmsRun
ok executable found
>>> info for dashboard:
***** Cat /home/cms097/home_crmrs_834718999/CREAM834718999/glide_V28823/execute/dir_385/jobreport.txt *****
MonitorJobID=98_https://submit-2.t2.ucsd.edu//121127//17530.97
MonitorID=liis_crab_0_121127_012908_ngk079
ExeStart=cmsRun
***** End Cat jobreport *****
Parameters sent to Dashboard.
>>> cmsRun started at Tue Nov 27 00:31:37 UTC 2012
>>> cmsRun ended at Tue Nov 27 00:39:55 UTC 2012
>>> info for dashboard:
***** Cat /home/cms097/home_crmrs_834718999/CREAM834718999/glide_V28823/execute/dir_385/jobreport.txt *****
MonitorJobID=98_https://submit-2.t2.ucsd.edu//121127//17530.97
MonitorID=liis_crab_0_121127_012908_ngk079
ExeEnd=cmsRun
***** End Cat jobreport *****
Parameters sent to Dashboard.
TIME_EXE = 498 sec
>>> cmsRun wrote 119 lines of stdout+stderr
>>> START OF printout of 119 lines from stdout+stderr
27-Nov-2012 02:31:58 EET  Initiating request to open file file:/hdfs/cms/store/user/mario/QCD_Pt_170_250_EMEnriched_TuneZ2star_8TeV_pythia6/Summer12-stop-pfele-step1/3d176ac8da5e9dff208d057f4733ca91/tuple_117_3_kjs.root
27-Nov-2012 02:32:07 EET  Successfully opened file file:/hdfs/cms/store/user/mario/QCD_Pt_170_250_EMEnriched_TuneZ2star_8TeV_pythia6/Summer12-stop-pfele-step1/3d176ac8da5e9dff208d057f4733ca91/tuple_117_3_kjs.root
Begin processing the 1st record. Run 1, Event 135249385, LumiSection 41706 at 27-Nov-2012 02:32:25.619 EET
Begin processing the 1001st record. Run 1, Event 150233961, LumiSection 46326 at 27-Nov-2012 02:32:33.982 EET
Begin processing the 2001st record. Run 1, Event 158285856, LumiSection 48809 at 27-Nov-2012 02:32:37.329 EET
Begin processing the 3001st record. Run 1, Event 177035961, LumiSection 54591 at 27-Nov-2012 02:32:42.343 EET
Begin processing the 4001st record. Run 1, Event 185729214, LumiSection 57271 at 27-Nov-2012 02:32:45.694 EET
Begin processing the 5001st record. Run 1, Event 216665684, LumiSection 66811 at 27-Nov-2012 02:32:50.223 EET
Begin processing the 6001st record. Run 1, Event 152914451, LumiSection 47153 at 27-Nov-2012 02:32:53.826 EET
Begin processing the 7001st record. Run 1, Event 156782819, LumiSection 48345 at 27-Nov-2012 02:32:59.339 EET
Begin processing the 8001st record. Run 1, Event 157321096, LumiSection 48511 at 27-Nov-2012 02:33:02.854 EET
Begin processing the 9001st record. Run 1, Event 185668524, LumiSection 57253 at 27-Nov-2012 02:33:09.490 EET
Begin processing the 10001st record. Run 1, Event 186267648, LumiSection 57437 at 27-Nov-2012 02:33:13.253 EET
Begin processing the 11001st record. Run 1, Event 187732238, LumiSection 57889 at 27-Nov-2012 02:33:18.656 EET
Begin processing the 12001st record. Run 1, Event 90890251, LumiSection 28027 at 27-Nov-2012 02:33:22.100 EET
Begin processing the 13001st record. Run 1, Event 132151106, LumiSection 40750 at 27-Nov-2012 02:33:28.214 EET
Begin processing the 14001st record. Run 1, Event 151369708, LumiSection 46676 at 27-Nov-2012 02:33:31.459 EET
Begin processing the 15001st record. Run 1, Event 107241799, LumiSection 33069 at 27-Nov-2012 02:33:35.233 EET
27-Nov-2012 02:33:36 EET  Closed file file:/hdfs/cms/store/user/mario/QCD_Pt_170_250_EMEnriched_TuneZ2star_8TeV_pythia6/Summer12-stop-pfele-step1/3d176ac8da5e9dff208d057f4733ca91/tuple_117_3_kjs.root
27-Nov-2012 02:33:36 EET  Initiating request to open file file:/hdfs/cms/store/user/mario/QCD_Pt_170_250_EMEnriched_TuneZ2star_8TeV_pythia6/Summer12-stop-pfele-step1/3d176ac8da5e9dff208d057f4733ca91/tuple_118_3_jYt.root
27-Nov-2012 02:33:37 EET  Successfully opened file file:/hdfs/cms/store/user/mario/QCD_Pt_170_250_EMEnriched_TuneZ2star_8TeV_pythia6/Summer12-stop-pfele-step1/3d176ac8da5e9dff208d057f4733ca91/tuple_118_3_jYt.root
Begin processing the 16001st record. Run 1, Event 115278416, LumiSection 35547 at 27-Nov-2012 02:33:56.990 EET
Begin processing the 17001st record. Run 1, Event 117537494, LumiSection 36244 at 27-Nov-2012 02:34:00.051 EET
Begin processing the 18001st record. Run 1, Event 111271789, LumiSection 34312 at 27-Nov-2012 02:34:04.471 EET
Begin processing the 19001st record. Run 1, Event 115683794, LumiSection 35672 at 27-Nov-2012 02:34:07.738 EET
Begin processing the 20001st record. Run 1, Event 117061161, LumiSection 36097 at 27-Nov-2012 02:34:12.738 EET
Begin processing the 21001st record. Run 1, Event 168945319, LumiSection 52096 at 27-Nov-2012 02:34:15.207 EET
Begin processing the 22001st record. Run 1, Event 172397793, LumiSection 53160 at 27-Nov-2012 02:34:20.020 EET
Begin processing the 23001st record. Run 1, Event 121740432, LumiSection 37540 at 27-Nov-2012 02:34:23.852 EET
Begin processing the 24001st record. Run 1, Event 122099459, LumiSection 37651 at 27-Nov-2012 02:34:30.810 EET
Begin processing the 25001st record. Run 1, Event 123353032, LumiSection 38037 at 27-Nov-2012 02:34:34.302 EET
Begin processing the 26001st record. Run 1, Event 122372886, LumiSection 37735 at 27-Nov-2012 02:34:39.917 EET
Begin processing the 27001st record. Run 1, Event 123173290, LumiSection 37982 at 27-Nov-2012 02:34:43.348 EET
Begin processing the 28001st record. Run 1, Event 123535670, LumiSection 38094 at 27-Nov-2012 02:34:48.010 EET
Begin processing the 29001st record. Run 1, Event 123712905, LumiSection 38148 at 27-Nov-2012 02:34:51.602 EET
Begin processing the 30001st record. Run 1, Event 124427399, LumiSection 38368 at 27-Nov-2012 02:34:56.025 EET
Begin processing the 31001st record. Run 1, Event 127439627, LumiSection 39297 at 27-Nov-2012 02:34:59.233 EET
Begin processing the 32001st record. Run 1, Event 126944653, LumiSection 39145 at 27-Nov-2012 02:35:05.438 EET
Begin processing the 33001st record. Run 1, Event 131034693, LumiSection 40406 at 27-Nov-2012 02:35:08.939 EET
Begin processing the 34001st record. Run 1, Event 131669337, LumiSection 40602 at 27-Nov-2012 02:35:13.752 EET
Begin processing the 35001st record. Run 1, Event 155567194, LumiSection 47971 at 27-Nov-2012 02:35:17.185 EET
Begin processing the 36001st record. Run 1, Event 156218221, LumiSection 48171 at 27-Nov-2012 02:35:20.793 EET
Begin processing the 37001st record. Run 1, Event 157034280, LumiSection 48423 at 27-Nov-2012 02:35:37.760 EET
27-Nov-2012 02:35:38 EET  Closed file file:/hdfs/cms/store/user/mario/QCD_Pt_170_250_EMEnriched_TuneZ2star_8TeV_pythia6/Summer12-stop-pfele-step1/3d176ac8da5e9dff208d057f4733ca91/tuple_118_3_jYt.root
27-Nov-2012 02:35:38 EET  Initiating request to open file file:/hdfs/cms/store/user/mario/QCD_Pt_170_250_EMEnriched_TuneZ2star_8TeV_pythia6/Summer12-stop-pfele-step1/3d176ac8da5e9dff208d057f4733ca91/tuple_119_7_Z3C.root
27-Nov-2012 02:35:38 EET  Successfully opened file file:/hdfs/cms/store/user/mario/QCD_Pt_170_250_EMEnriched_TuneZ2star_8TeV_pythia6/Summer12-stop-pfele-step1/3d176ac8da5e9dff208d057f4733ca91/tuple_119_7_Z3C.root
Begin processing the 38001st record. Run 1, Event 131596200, LumiSection 40579 at 27-Nov-2012 02:35:57.964 EET
Begin processing the 39001st record. Run 1, Event 132480319, LumiSection 40852 at 27-Nov-2012 02:36:01.425 EET
Begin processing the 40001st record. Run 1, Event 134311736, LumiSection 41416 at 27-Nov-2012 02:36:07.077 EET
Begin processing the 41001st record. Run 1, Event 129622068, LumiSection 39970 at 27-Nov-2012 02:36:10.729 EET
Begin processing the 42001st record. Run 1, Event 131900778, LumiSection 40673 at 27-Nov-2012 02:36:16.494 EET
Begin processing the 43001st record. Run 1, Event 133957508, LumiSection 41307 at 27-Nov-2012 02:36:20.157 EET
Begin processing the 44001st record. Run 1, Event 213741692, LumiSection 65909 at 27-Nov-2012 02:36:24.520 EET
Begin processing the 45001st record. Run 1, Event 215970036, LumiSection 66596 at 27-Nov-2012 02:36:27.984 EET
Begin processing the 46001st record. Run 1, Event 152297854, LumiSection 46963 at 27-Nov-2012 02:36:32.832 EET
Begin processing the 47001st record. Run 1, Event 152774825, LumiSection 47110 at 27-Nov-2012 02:36:36.236 EET
Begin processing the 48001st record. Run 1, Event 153323469, LumiSection 47279 at 27-Nov-2012 02:36:43.561 EET
Begin processing the 49001st record. Run 1, Event 151916295, LumiSection 46845 at 27-Nov-2012 02:36:47.150 EET
Begin processing the 50001st record. Run 1, Event 152317007, LumiSection 46968 at 27-Nov-2012 02:36:52.701 EET
Begin processing the 51001st record. Run 1, Event 153711147, LumiSection 47398 at 27-Nov-2012 02:36:56.365 EET
Begin processing the 52001st record. Run 1, Event 153051315, LumiSection 47195 at 27-Nov-2012 02:37:01.282 EET
Begin processing the 53001st record. Run 1, Event 153659890, LumiSection 47383 at 27-Nov-2012 02:37:04.696 EET
Begin processing the 54001st record. Run 1, Event 154666243, LumiSection 47693 at 27-Nov-2012 02:37:09.593 EET
Begin processing the 55001st record. Run 1, Event 156073796, LumiSection 48127 at 27-Nov-2012 02:37:13.715 EET
Begin processing the 56001st record. Run 1, Event 156484291, LumiSection 48253 at 27-Nov-2012 02:37:18.818 EET
Begin processing the 57001st record. Run 1, Event 152430810, LumiSection 47004 at 27-Nov-2012 02:37:22.642 EET
Begin processing the 58001st record. Run 1, Event 152612043, LumiSection 47059 at 27-Nov-2012 02:37:27.671 EET
27-Nov-2012 02:37:29 EET  Closed file file:/hdfs/cms/store/user/mario/QCD_Pt_170_250_EMEnriched_TuneZ2star_8TeV_pythia6/Summer12-stop-pfele-step1/3d176ac8da5e9dff208d057f4733ca91/tuple_119_7_Z3C.root
27-Nov-2012 02:37:29 EET  Initiating request to open file file:/hdfs/cms/store/user/mario/QCD_Pt_170_250_EMEnriched_TuneZ2star_8TeV_pythia6/Summer12-stop-pfele-step1/3d176ac8da5e9dff208d057f4733ca91/tuple_120_9_Rag.root
27-Nov-2012 02:37:29 EET  Successfully opened file file:/hdfs/cms/store/user/mario/QCD_Pt_170_250_EMEnriched_TuneZ2star_8TeV_pythia6/Summer12-stop-pfele-step1/3d176ac8da5e9dff208d057f4733ca91/tuple_120_9_Rag.root
Begin processing the 59001st record. Run 1, Event 153011782, LumiSection 47183 at 27-Nov-2012 02:37:49.277 EET
Begin processing the 60001st record. Run 1, Event 112785531, LumiSection 34779 at 27-Nov-2012 02:37:52.605 EET
Begin processing the 61001st record. Run 1, Event 119322768, LumiSection 36794 at 27-Nov-2012 02:37:57.509 EET
Begin processing the 62001st record. Run 1, Event 125208160, LumiSection 38609 at 27-Nov-2012 02:38:00.895 EET
Begin processing the 63001st record. Run 1, Event 127628657, LumiSection 39356 at 27-Nov-2012 02:38:06.294 EET
Begin processing the 64001st record. Run 1, Event 127621116, LumiSection 39353 at 27-Nov-2012 02:38:09.701 EET
Begin processing the 65001st record. Run 1, Event 127951742, LumiSection 39455 at 27-Nov-2012 02:38:15.382 EET
Begin processing the 66001st record. Run 1, Event 124428356, LumiSection 38369 at 27-Nov-2012 02:38:18.934 EET
Begin processing the 67001st record. Run 1, Event 126801053, LumiSection 39100 at 27-Nov-2012 02:38:23.414 EET
Begin processing the 68001st record. Run 1, Event 126975947, LumiSection 39154 at 27-Nov-2012 02:38:27.236 EET
Begin processing the 69001st record. Run 1, Event 126577233, LumiSection 39031 at 27-Nov-2012 02:38:32.595 EET
Begin processing the 70001st record. Run 1, Event 127569483, LumiSection 39337 at 27-Nov-2012 02:38:36.010 EET
Begin processing the 71001st record. Run 1, Event 56337601, LumiSection 17373 at 27-Nov-2012 02:38:40.900 EET
Begin processing the 72001st record. Run 1, Event 82007334, LumiSection 25288 at 27-Nov-2012 02:38:44.500 EET
Begin processing the 73001st record. Run 1, Event 84355712, LumiSection 26012 at 27-Nov-2012 02:38:49.101 EET
Begin processing the 74001st record. Run 1, Event 185138103, LumiSection 57089 at 27-Nov-2012 02:38:52.422 EET
Begin processing the 75001st record. Run 1, Event 185442161, LumiSection 57183 at 27-Nov-2012 02:38:57.771 EET
Begin processing the 76001st record. Run 1, Event 187188091, LumiSection 57721 at 27-Nov-2012 02:39:01.137 EET
Begin processing the 77001st record. Run 1, Event 157616613, LumiSection 48603 at 27-Nov-2012 02:39:04.544 EET
Begin processing the 78001st record. Run 1, Event 186376079, LumiSection 57471 at 27-Nov-2012 02:39:09.823 EET
Begin processing the 79001st record. Run 1, Event 188946440, LumiSection 58263 at 27-Nov-2012 02:39:13.127 EET
27-Nov-2012 02:39:16 EET  Closed file file:/hdfs/cms/store/user/mario/QCD_Pt_170_250_EMEnriched_TuneZ2star_8TeV_pythia6/Summer12-stop-pfele-step1/3d176ac8da5e9dff208d057f4733ca91/tuple_120_9_Rag.root
27-Nov-2012 02:39:16 EET  Initiating request to open file file:/hdfs/cms/store/user/mario/QCD_Pt_170_250_EMEnriched_TuneZ2star_8TeV_pythia6/Summer12-stop-pfele-step1/3d176ac8da5e9dff208d057f4733ca91/tuple_121_3_Bg7.root
27-Nov-2012 02:39:16 EET  Successfully opened file file:/hdfs/cms/store/user/mario/QCD_Pt_170_250_EMEnriched_TuneZ2star_8TeV_pythia6/Summer12-stop-pfele-step1/3d176ac8da5e9dff208d057f4733ca91/tuple_121_3_Bg7.root
Begin processing the 80001st record. Run 1, Event 125661016, LumiSection 38749 at 27-Nov-2012 02:39:32.168 EET
Begin processing the 81001st record. Run 1, Event 125965171, LumiSection 38843 at 27-Nov-2012 02:39:35.597 EET
Begin processing the 82001st record. Run 1, Event 126284771, LumiSection 38941 at 27-Nov-2012 02:39:39.174 EET
Begin processing the 83001st record. Run 1, Event 115513203, LumiSection 35620 at 27-Nov-2012 02:39:44.129 EET
Begin processing the 84001st record. Run 1, Event 121427086, LumiSection 37443 at 27-Nov-2012 02:39:47.647 EET
Begin processing the 85001st record. Run 1, Event 124579054, LumiSection 38415 at 27-Nov-2012 02:39:52.026 EET
27-Nov-2012 02:39:53 EET  Closed file file:/hdfs/cms/store/user/mario/QCD_Pt_170_250_EMEnriched_TuneZ2star_8TeV_pythia6/Summer12-stop-pfele-step1/3d176ac8da5e9dff208d057f4733ca91/tuple_121_3_Bg7.root

=============================================

MessageLogger Summary

 type     category        sev    module        subroutine        count    total
 ---- -------------------- -- ---------------- ----------------  -----    -----
    1 fileAction           -s file_close                             5        5
    2 fileAction           -s file_open                             10       10

 type    category    Examples: run/evt        run/evt          run/evt
 ---- -------------------- ---------------- ---------------- ----------------
    1 fileAction           PostProcessEvent PostProcessEvent PostEndRun
    2 fileAction           pre-events       pre-events       PostProcessEvent

Severity    # Occurrences   Total Occurrences
--------    -------------   -----------------
System                 15                  15
>>> END OF printout of 119 lines from stdout+stderr
>>> Parse FrameworkJobReport crab_fjr.xml
Result of parsing the FrameworkJobReport crab_fjr.xml: Popularity start
lumisRange : 1::3246,3297,25855,26822,27072,27262,27762,27777,28027,28182,29132,33069,33615,34264,34888,37051,40487,40490,40675,40686,40744,40750,40810,40816,41706,41715,42360-42361,44544,45260,46276,46313,46326,46357,46361,46385,46665,46676,46697,46741,46863,46910,47111,47153,47230,47262,47795,47800,48005,48023,48152,48180,48199,48311,48345,48348,48361,48368,48382,48452,48465,48473,48484,48511,48567,48594,48611,48627,48638,48665,48669,48752,48765,48771,48775,48809,48856,48890,54354,54591,56939,57003,57132,57148,57154,57190,57192,57209,57253,57271,57291,57338,57343,57352,57435,57437,57538,57543,57587,57666,57695,57735,57889,57945,57953,57960,58415,58423,59615,66568,66669,66678,66728,66742,66811,66821,66825,66917,66939,66964,66970::1;1::34165,34226,34243,34312,34479,34550,34583,34606,34674,34880,34888,34965,34971,34975,35057,35077,35304,35477,35490,35508,35547,35672,35709,35881,35926,35981,36097,36111,36121,36127,36148,36244,36503,36548,36980,37511,37540,37554-37555,37559,37563,37611,37619,37651,37674,37689,37698,37705,37708-37709,37722,37735,37740,37743,37745-37746,37750,37766,37769,37853,37855,37857,37867,37901,37923,37946,37982,37992,38015,38033,38037,38039,38043,38089,38094,38104,38125,38148,38154,38170,38193,38195,38214,38241,38249,38253,38258,38290,38318-38319,38358,38368,38406,38561,38566,38576,38622,38635,38638,38655,38949,38954,39138,39145,39297,39633,39772,39782,40203,40218,40379,40381,40406,40408,40412-40413,40473,40509-40510,40514,40602,40634,40655,40666,47823,47832,47950,47971,47981,48017,48061,48064-48065,48078,48144,48171,48241,48300,48313,48316,48346,48399,48401,48421,48423,48923,49548-49549,49670-49671,49732-49733,52095-52096,52878,52881,52904,52922,52924,52958,53160,53162,53194,53198,54029,54077,54788,54892::2;1::35468,35620,35914,36756,36934,37261,37379,37443,37498,37668,37677,37717,37749,38274,38288,38306,38342,38415,38500,38506,38733,38747,38749,38755,38766,38789,38818,38825,38843,38846,38850,38878,38885,38920,38923,38941,39061,39094,39163,39166,39190,39465,39723::3;1::17373,17482,21221,21240,22949,23150,23347,23756,24011,24212,24425,24481,24552,24573,24598,24602,24808,24987,25174,25213,25288,25730,25857,26012,33927,34732,34779,34948,36689,36697,36703,36720,36749,36788,36794,37036,37038,37074,37085,37187,37264,37344,37351,37527,37574,37580,37654,37751,37842,38369,38399,38609,38634,38657,38729,38749,38758,38770,38793,38813,38837,38870-38871,38892,38957,38983,38991,39023,39025,39031-39032,39046,39055,39082,39100,39131,39142,39154,39193,39200,39227,39239,39265,39302,39305,39314,39323,39337,39343,39353,39356,39383,39385,39393,39399,39413,39423,39433,39450,39455-39456,39482,39488,39498,39519,39549,39619,39676,39787,39799,40618,40665,47103,47107,47139,47183,47197,47206,47210,47214,47241,47255,47959,48411,48430,48603,48650,56312,57016,57040,57047,57052,57089,57112,57118,57127,57149,57171,57180,57182-57183,57194,57204,57258,57382,57471,57480,57521,57535,57607,57669,57698,57714,57721,57781,57845,57907,57956,57989,58073,58114,58153,58190,58199,58263,58308,58388,59028::4;1::30492,33287,33544,34873,34993,36542,36709,36795,39970,39985,40094,40096,40374,40472,40476,40494,40508,40515,40533,40535,40544,40579,40673,40699,40762,40765,40784,40804,40852,40900,40951,40997,41119,41123,41130,41140,41240,41250,41291,41307,41372,41375,41416,41421,46772,46779,46816,46845,46849,46865,46869-46870,46886,46918,46921,46932,46936,46944,46958,46963-46964,46968,46982,46985,46998,47004-47005,47013,47016,47022,47024,47038,47041,47059,47062,47078-47080,47093,47097,47101,47110,47112,47117,47148,47155,47162,47177,47180,47182,47187,47189,47191,47194-47195,47200,47202-47203,47214-47215,47264,47271,47279,47306,47332,47350,47358,47360,47371,47383,47398,47448,47494,47508,47556,47576,47587,47592,47605,47658,47692-47693,47726,47749,47770,47813,47828,47842,47889,47908,47990,47996,47998,48127,48145,48222,48253-48254,48288,48308,48312,48314,48355,48360,48437,48466,48923,63917,63926,63962,63984,65449,65628,65790,65909,66292,66304,66322,66352,66410,66430,66579,66596,66687,66827,66835,66842::5;
lumisParentRange : 
Basename : /store/user/mario/QCD_Pt_170_250_EMEnriched_TuneZ2star_8TeV_pythia6/Summer12-stop-pfele-step1/3d176ac8da5e9dff208d057f4733ca91/tuple_1
BasenameParent : 
parentFiles : 
inputBlocks : /QCD_Pt_170_250_EMEnriched_TuneZ2star_8TeV_pythia6/mario-Summer12-stop-pfele-step1-3d176ac8da5e9dff208d057f4733ca91/USER#130d237e-abcb-4916-a790-d17c846c5c04
inputFiles : 17_3_kjs.root::1::EDM::Local::1;18_3_jYt.root::1::EDM::Local::2;21_3_Bg7.root::1::EDM::Local::3;20_9_Rag.root::1::EDM::Local::4;19_7_Z3C.root::1::EDM::Local::5;
Popularity stop
Extracted ExitStatus from FrameworkJobReport parsing output: 0
>>> Executable succeded  0
ExeExitCode=0
EXECUTABLE_EXIT_STATUS = 0
>>> current directory /home/cms097/home_crmrs_834718999/CREAM834718999/glide_V28823/execute/dir_385/CMSSW_5_3_5
>>>  (SOFTWARE_DIR): /home/cms097/home_crmrs_834718999/CREAM834718999/glide_V28823/execute/dir_385/CMSSW_5_3_5
>>> (WORKING_DIR): 
>>> current directory content:
total 156
drwxr-xr-x 3 cms097 cms  4096 Nov 27 02:31 .SCRAM
-rw-r--r-- 1 cms097 cms 30066 Nov 27 02:31 CMSSW.py.pkl
drwxr-xr-x 3 cms097 cms  4096 Nov 27 02:31 bin
drwxr-xr-x 3 cms097 cms  4096 Nov 27 02:31 cfipython
drwxr-xr-x 5 cms097 cms  4096 Nov 27 02:31 config
-rw-r--r-- 1 cms097 cms    16 Nov 27 02:39 cpu_timing.txt
drwxr-xr-x 2 cms097 cms  4096 Nov 27 02:31 doc
-rw-r--r-- 1 cms097 cms 13524 Nov 27 02:39 executable.out
drwxr-xr-x 2 cms097 cms  4096 Nov 27 02:31 include
drwxrwxrwx 3 cms097 cms  4096 Oct 22 16:38 lib
drwxr-xr-x 3 cms097 cms  4096 Nov 27 02:31 logs
drwxr-xr-x 3 cms097 cms  4096 Nov 27 02:31 objs
-rw-r--r-- 1 cms097 cms 17626 Nov 27 02:39 optHistograms.root
-rw-r--r-- 1 cms097 cms   104 Nov 27 02:31 pset.py
-rw-r--r-- 1 cms097 cms 19507 Nov 27 02:31 pset.py.pkl
-rw-r--r-- 1 cms097 cms   289 Nov 27 02:31 pset.pyc
drwxr-xr-x 2 cms097 cms  4096 Nov 27 02:31 python
-rw-r--r-- 1 cms097 cms   420 Nov 27 02:39 report.log
drwxrwxrwx 4 cms097 cms  4096 Nov 27 02:31 src
drwxr-xr-x 3 cms097 cms  4096 Nov 27 02:31 test
drwxr-xr-x 3 cms097 cms  4096 Nov 27 02:31 tmp
>>> current directory /home/cms097/home_crmrs_834718999/CREAM834718999/glide_V28823/execute/dir_385/CMSSW_5_3_5
>>> (SOFTWARE_DIR): /home/cms097/home_crmrs_834718999/CREAM834718999/glide_V28823/execute/dir_385/CMSSW_5_3_5
>>> (WORKING_DIR): 
>>> current directory content:
total 136
drwxr-xr-x 3 cms097 cms  4096 Nov 27 02:31 .SCRAM
-rw-r--r-- 1 cms097 cms 30066 Nov 27 02:31 CMSSW.py.pkl
drwxr-xr-x 3 cms097 cms  4096 Nov 27 02:31 bin
drwxr-xr-x 3 cms097 cms  4096 Nov 27 02:31 cfipython
drwxr-xr-x 5 cms097 cms  4096 Nov 27 02:31 config
-rw-r--r-- 1 cms097 cms    16 Nov 27 02:39 cpu_timing.txt
drwxr-xr-x 2 cms097 cms  4096 Nov 27 02:31 doc
-rw-r--r-- 1 cms097 cms 13524 Nov 27 02:39 executable.out
drwxr-xr-x 2 cms097 cms  4096 Nov 27 02:31 include
drwxrwxrwx 3 cms097 cms  4096 Oct 22 16:38 lib
drwxr-xr-x 3 cms097 cms  4096 Nov 27 02:31 logs
drwxr-xr-x 3 cms097 cms  4096 Nov 27 02:31 objs
-rw-r--r-- 1 cms097 cms   104 Nov 27 02:31 pset.py
-rw-r--r-- 1 cms097 cms 19507 Nov 27 02:31 pset.py.pkl
-rw-r--r-- 1 cms097 cms   289 Nov 27 02:31 pset.pyc
drwxr-xr-x 2 cms097 cms  4096 Nov 27 02:31 python
-rw-r--r-- 1 cms097 cms   420 Nov 27 02:39 report.log
drwxrwxrwx 4 cms097 cms  4096 Nov 27 02:31 src
drwxr-xr-x 3 cms097 cms  4096 Nov 27 02:31 test
drwxr-xr-x 3 cms097 cms  4096 Nov 27 02:31 tmp
>>> current directory (RUNTIME_AREA):  /home/cms097/home_crmrs_834718999/CREAM834718999/glide_V28823/execute/dir_385
>>> current dir: /home/cms097/home_crmrs_834718999/CREAM834718999/glide_V28823/execute/dir_385
>>> current dir content:
total 25792
-rw-rw-rw-  1 cms097 cms     5576 Nov 27 02:30 .job.ad
-rw-rw-rw-  1 cms097 cms    11334 Nov 27 02:30 .machine.ad
-rw-rw-rw-  1 cms097 cms      105 Nov 27 01:29 CMSSW.py
-rw-rw-rw-  1 cms097 cms    30066 Nov 27 01:29 CMSSW.py.pkl
-rwxrw-rw-  1 cms097 cms    23341 Nov 27 02:31 CMSSW.sh
drwxr-xr-x 15 cms097 cms     4096 Nov 27 02:40 CMSSW_5_3_5
-rw-rw-rw-  1 cms097 cms        0 Nov 27 02:31 CMSSW_98.stderr
-rw-rw-rw-  1 cms097 cms    29547 Nov 27 02:40 CMSSW_98.stdout
-rw-r--r--  1 cms097 cms      345 Nov 27 02:31 CacheEnv.sh
-rw-rw-rw-  1 cms097 cms     7291 Jun  9  2010 DashboardAPI.py
-rw-r--r--  1 cms097 cms     6853 Nov 27 02:31 DashboardAPI.pyc
drwxrwxrwx  3 cms097 cms     4096 Nov 27 02:39 IMProv
-rw-rw-rw-  1 cms097 cms     2748 Mar  8  2006 Logger.py
-rw-r--r--  1 cms097 cms     3343 Nov 27 02:31 Logger.pyc
-rw-rw-rw-  1 cms097 cms    24524 Mar 28  2008 ProcInfo.py
-rw-r--r--  1 cms097 cms    23422 Nov 27 02:31 ProcInfo.pyc
drwxrwxrwx  7 cms097 cms     4096 Nov 27 02:31 ProdCommon
drwxrwxrwx  3 cms097 cms     4096 Nov 27 02:31 WMCore
-rw-r--r--  1 cms097 cms     2199 Nov 27 02:38 Watchdog_98.log
-rw-rw-rw-  1 cms097 cms    32895 Mar 28  2008 apmon.py
-rw-r--r--  1 cms097 cms    28816 Nov 27 02:31 apmon.pyc
-rw-rw-rw-  1 cms097 cms   100215 Nov 27 02:31 arguments.xml
-rwxrwxrwx  1 cms097 cms    37427 Sep 13 14:14 cmscp.py
-rwxrwxrwx  1 cms097 cms    23341 Nov 27 02:31 condor_exec.exe
-rw-rw-rw-  1 cms097 cms      546 Nov 27 01:29 crab.cfg
-rwxrwxrwx  1 cms097 cms     9531 Sep 20 21:46 crabWatchdog.sh
-rw-r--r--  1 cms097 cms    48348 Nov 27 02:39 crab_fjr_98.xml
-rw-rw-rw-  1 cms097 cms 25796303 Nov 27 02:31 default.tgz
-rwxrwxrwx  1 cms097 cms     4488 May 12  2012 fillCrabFjr.py
-rw-r--r--  1 cms097 cms      946 Nov 27 02:31 inputsReport.txt
-rw-r--r--  1 cms097 cms      132 Nov 27 02:40 jobreport.txt
lrwxrwxrwx  1 cms097 cms      105 Nov 27 02:40 optHistograms.root -> /home/cms097/home_crmrs_834718999/CREAM834718999/glide_V28823/execute/dir_385/optHistograms_98_1_DwA.root
-rw-r--r--  1 cms097 cms    17626 Nov 27 02:39 optHistograms_98_1_DwA.root
-rw-rw-rw-  1 cms097 cms    17352 Jan 20  2012 parseCrabFjr.py
-rw-r--r--  1 cms097 cms      283 Nov 27 02:31 report.log
-rwxrwxrwx  1 cms097 cms     1497 May 27  2009 report.py
-rwxrwxrwx  1 cms097 cms     8387 Mar 23  2011 writeCfg.py
-rw-------  1 cms097 cms     8691 Nov 27 02:30 x509up_u1000009
Checking output files:  
will tar file optHistograms_98_1_DwA.root in  out_files_98
will tar file crab_fjr_98.xml in  out_files_98
will tar file CMSSW_98.stdout in  out_files_98
will tar file CMSSW_98.stderr in  out_files_98
WARNING: output file Watchdog_98.log.gz not found!
>>> padding time: Sleeping the wrapper for 64 seconds
STOPPING WATCHDOG. CrabWatchdog PID is 10143
********** LAST 50 LINES OF WATCHDOG LOG
# RESOURCE USAGE SUMMARY FOR PROCESS ID  2853
USER       PID %CPU %MEM    VSZ   RSS TTY      STAT START   TIME COMMAND
cms097    2853  0.1  0.0   8956  1488 ?        S    02:31   0:00 /bin/sh /home/cms097/home_crmrs_834718999/CREAM834718999/glide_V28823/execute/dir_385/condor_exec.exe 98 1
 
# LIMITS USED BY THIS WATCHDOG:
# RSS  (KBytes)  : 2300000
# VSZ  (KBytes)  : 100000000
# DISK (MBytes)  : 19000
# CPU  (seconds) : 171600
# WALL (seconds) : 171600
 
# FOLLOWING PRINTOUT TRACKS MAXIMUM VALUES OF RESOURCES USE
# ONE LINE IS PRINTED EACH TIME A MAXIMUM CHANGES
# IF CHANGE WAS IN RSS OR VSZ ALSO PROCID AND COMMAND ARE PRINTED
# THERE IS NO PRINTOUT FOR CPU/WALL TIME INCREASE
 
# TIME			PID	RSS(KB)	VSZ(KB)	Dsk(MB)	tCPU(s)	tWALL(s)	COMMAND
 Nov 27 02:31:26 EET	330	3632	5768	0	0	35	condor_procd -A /home/cms097/home_crmrs_834718999/CREAM834718999/glide_V28823/log/procd_address.STARTD -L /home/cms097/home_crmrs_834718999/CREAM834718999/glide_V28823/log/ProcLog.STARTD -R 10000000 -S 60 -C
 Nov 27 02:31:26 EET	385	5308	9296	0	0	35	condor_starter -f submit-2.t2.ucsd.edu       
 Nov 27 02:31:26 EET	750	5972	9644	0	0	171	/home/cms097/home_crmrs_834718999/CREAM834718999/glide_V28823/main/condor/sbin/condor_master -f -pidfile /home/cms097/home_crmrs_834718999/CREAM834718999/glide_V28823/condor_master2.pid      
 Nov 27 02:31:26 EET	28744	5972	25504	0	0	184	perl -e ?use Socket;??sub send_notify {? $cream_url = "193.40.150.251:49152";die "No
 Nov 27 02:31:26 EET	---	5972	25504	168	----	----	----
 Nov 27 02:32:32 EET	12525	359128	561512	168	18	58	cmsRun -j /home/cms097/home_crmrs_834718999/CREAM834718999/glide_V28823/execute/dir_385/crab_fjr_98.xml -p pset.py     
 Nov 27 02:34:44 EET	12525	363612	562280	168	107	191	cmsRun -j /home/cms097/home_crmrs_834718999/CREAM834718999/glide_V28823/execute/dir_385/crab_fjr_98.xml -p pset.py     
 Nov 27 02:37:02 EET	12525	363848	562792	168	195	329	cmsRun -j /home/cms097/home_crmrs_834718999/CREAM834718999/glide_V28823/execute/dir_385/crab_fjr_98.xml -p pset.py     
 Nov 27 02:38:10 EET	12525	364488	563304	168	236	398	cmsRun -j /home/cms097/home_crmrs_834718999/CREAM834718999/glide_V28823/execute/dir_385/crab_fjr_98.xml -p pset.py     
 Nov 27 02:40:28 EET	---	364488	563304	169	----	----	----
********** WATCHDOG LOG ENDED
ZIPPING WATCHDOG LOG
Disk space used:
du -sh /home/cms097/home_crmrs_834718999/CREAM834718999/glide_V28823/execute/dir_385
169M	/home/cms097/home_crmrs_834718999/CREAM834718999/glide_V28823/execute/dir_385
>>> info for dashboard:
***** Cat /home/cms097/home_crmrs_834718999/CREAM834718999/glide_V28823/execute/dir_385/jobreport.txt *****
MonitorJobID=98_https://submit-2.t2.ucsd.edu//121127//17530.97
MonitorID=liis_crab_0_121127_012908_ngk079
ExeTime=498
ExeExitCode=0
CrabUserCpuTime=298.20
CrabSysCpuTime=9.86
CrabCpuPercentage=61%
CrabWrapperTime=600
CrabStageoutTime=NULL
***** End Cat jobreport *****
Parameters sent to Dashboard.
optHistograms_98_1_DwA.root
crab_fjr_98.xml
CMSSW_98.stdout
CMSSW_98.stderr
Watchdog_98.log.gz
tar: .BrokerInfo: Cannot stat: No such file or directory
tar: Error exit delayed from previous errors
Total Output dimension: 28173
WARNING: output files size limit is set to: 50000000
Total Output dimension 28173 is fine.
JOB_EXIT_STATUS = 0
>>> info for dashboard:
***** Cat /home/cms097/home_crmrs_834718999/CREAM834718999/glide_V28823/execute/dir_385/jobreport.txt *****
MonitorJobID=98_https://submit-2.t2.ucsd.edu//121127//17530.97
MonitorID=liis_crab_0_121127_012908_ngk079
JobExitCode=0
***** End Cat jobreport *****
Parameters sent to Dashboard.
optHistograms_98_1_DwA.root
crab_fjr_98.xml
