This script was generated by crab (version 2.8.3).
Running /home/cms030/home_creur_056267787/CREAM056267787/glide_O18813/execute/dir_12367/condor_exec.exe with 2 positional parameters: 65 2
Today is Tue Nov 27 11:50:44 EET 2012
Job submitted on host wn-v-5384.local
Linux wn-v-5384.local 2.6.32-042stab059.7 #1 SMP Tue Jul 24 19:12:01 MSK 2012 x86_64 x86_64 x86_64 GNU/Linux
>>> current directory (RUNTIME_AREA): /home/cms030/home_creur_056267787/CREAM056267787/glide_O18813/execute/dir_12367
>>> current user: uid=11030(cms030) gid=1400(cms) groups=1400(cms)
>>> voms proxy information:
subject   : /DC=ch/DC=cern/OU=Organic Units/OU=Users/CN=liis/CN=663550/CN=Liis Rebane/CN=proxy/CN=limited proxy
issuer    : /DC=ch/DC=cern/OU=Organic Units/OU=Users/CN=liis/CN=663550/CN=Liis Rebane/CN=proxy
identity  : /DC=ch/DC=cern/OU=Organic Units/OU=Users/CN=liis/CN=663550/CN=Liis Rebane/CN=proxy
type      : limited proxy
strength  : 512 bits
path      : /home/cms030/home_creur_056267787/CREAM056267787/glide_O18813/execute/dir_12367/x509up_u1000009
timeleft  : 23:59:49
key usage : Digital Signature, Key Encipherment, Data Encipherment
=== VO cms extension information ===
VO        : cms
subject   : /DC=ch/DC=cern/OU=Organic Units/OU=Users/CN=liis/CN=663550/CN=Liis Rebane
issuer    : /DC=ch/DC=cern/OU=computers/CN=lcg-voms.cern.ch
attribute : /cms/Role=NULL/Capability=NULL
timeleft  : 181:34:53
uri       : lcg-voms.cern.ch:15002
>>> tar xzf /home/cms030/home_creur_056267787/CREAM056267787/glide_O18813/execute/dir_12367/default.tgz :
Successful untar
>>> Include /home/cms030/home_creur_056267787/CREAM056267787/glide_O18813/execute/dir_12367 in PYTHONPATH:
strip arguments
env var CRAB_UNIQUE_JOB_ID set to: liis_crab_0_121127_012908_ngk079_65_2_TRY
out_files_65
>>> list of expected files on output sandbox
output files: optHistograms_65_2_TRY.root crab_fjr_65.xml CMSSW_65.stdout CMSSW_65.stderr Watchdog_65.log.gz
>>> GridFlavour discovery: 
GridFlavour=LCG
>>> SyncSite discovery: 
SyncSite=T2_EE_Estonia
>>> SyncCE discovery: 
getting SyncCE from CE_ID
SyncCE=europa.hep.kbfi.ee:8443/cream-pbs-long
>>> info for dashboard:
***** Cat /home/cms030/home_creur_056267787/CREAM056267787/glide_O18813/execute/dir_12367/jobreport.txt *****
MonitorJobID=65_https://submit-2.t2.ucsd.edu//121127//17638.5
SyncGridJobId=https://submit-2.t2.ucsd.edu//121127//17638.5
MonitorID=liis_crab_0_121127_012908_ngk079
GridFlavour=LCG
SyncSite=T2_EE_Estonia
SyncCE=europa.hep.kbfi.ee:8443/cream-pbs-long
***** End Cat jobreport *****
Parameters sent to Dashboard.
>>> setup environment
set SCRAM ARCH to slc5_amd64_gcc462
SCRAM_ARCH = slc5_amd64_gcc462
>>> setup CMS LCG environment:
set SCRAM ARCH and BUILD_ARCH to slc5_amd64_gcc462 ###
Sourcing environment... 
sourcing /cvmfs/cms.cern.ch/cmsset_default.sh
==> setup cms environment ok
>>> specific cmssw setup environment:
CMSSW_VERSION =  CMSSW_5_3_5
>>> current directory (SOFTWARE_DIR): /home/cms030/home_creur_056267787/CREAM056267787/glide_O18813/execute/dir_12367/CMSSW_5_3_5
PreserveSeeds: <>
IncrementSeeds:<>
{}
WNHostName=wn-v-5384.local
>>> info for dashboard:
***** Cat /home/cms030/home_creur_056267787/CREAM056267787/glide_O18813/execute/dir_12367/jobreport.txt *****
MonitorJobID=65_https://submit-2.t2.ucsd.edu//121127//17638.5
MonitorID=liis_crab_0_121127_012908_ngk079
WNHostName=wn-v-5384.local
***** End Cat jobreport *****
Parameters sent to Dashboard.
crabWatchdog started as process 23948
>>> moving CMSSW software directories in /home/cms030/home_creur_056267787/CREAM056267787/glide_O18813/execute/dir_12367/CMSSW_5_3_5
mv: cannot stat `/home/cms030/home_creur_056267787/CREAM056267787/glide_O18813/execute/dir_12367/module/': No such file or directory
>>> Include /home/cms030/home_creur_056267787/CREAM056267787/glide_O18813/execute/dir_12367 in PYTHONPATH:
PYTHONPATH=/home/cms030/home_creur_056267787/CREAM056267787/glide_O18813/execute/dir_12367/:/home/cms030/home_creur_056267787/CREAM056267787/glide_O18813/execute/dir_12367/CMSSW_5_3_5/python:/home/cms030/home_creur_056267787/CREAM056267787/glide_O18813/execute/dir_12367/CMSSW_5_3_5/lib/slc5_amd64_gcc462:/cvmfs/cms.cern.ch/slc5_amd64_gcc462/cms/cmssw/CMSSW_5_3_5/python:/cvmfs/cms.cern.ch/slc5_amd64_gcc462/cms/cmssw/CMSSW_5_3_5/lib/slc5_amd64_gcc462:/cvmfs/cms.cern.ch/slc5_amd64_gcc462/cms/coral/CORAL_2_3_21-cms27/slc5_amd64_gcc462/python:/cvmfs/cms.cern.ch/slc5_amd64_gcc462/cms/coral/CORAL_2_3_21-cms27/slc5_amd64_gcc462/lib:/cvmfs/cms.cern.ch/slc5_amd64_gcc462/external/pyqt/4.8.1/lib/python2.6/site-packages:/cvmfs/cms.cern.ch/slc5_amd64_gcc462/external/py2-scipy/0.8.0/lib/python2.6/site-packages:/cvmfs/cms.cern.ch/slc5_amd64_gcc462/external/py2-matplotlib/1.0.1/lib/python2.6/site-packages:/cvmfs/cms.cern.ch/slc5_amd64_gcc462/external/python-ldap/2.3.5/lib/python2.6/site-packages:/cvmfs/cms.cern.ch/slc5_amd64_gcc462/external/sip/4.11.2/lib/python2.6/site-packages:/cvmfs/cms.cern.ch/slc5_amd64_gcc462/external/py2-pycurl/7.19.0/lib/python2.6/site-packages:/cvmfs/cms.cern.ch/slc5_amd64_gcc462/external/py2-numpy/1.6.1/lib/python2.6/site-packages:/cvmfs/cms.cern.ch/slc5_amd64_gcc462/external/py2-ipython/0.10/lib/python2.6/site-packages:/cvmfs/cms.cern.ch/slc5_amd64_gcc462/external/py2-cx-oracle/5.1-cms11/lib/python2.6/site-packages:/cvmfs/cms.cern.ch/slc5_amd64_gcc462/external/py2-cjson/1.0.5/lib/python2.6/site-packages:/cvmfs/cms.cern.ch/slc5_amd64_gcc462/cms/das-client/1.4.1-cms8/bin:/cvmfs/cms.cern.ch/slc5_amd64_gcc462/external/elementtree/1.2.6/share/lib/python2.6/site-packages:/cvmfs/cms.cern.ch/slc5_amd64_gcc462/external/rivet/1.5.1-cms10/lib/python2.6/site-packages:/cvmfs/cms.cern.ch/slc5_amd64_gcc462/external/pyminuit2/0.0.1-cms34/lib/python2.6/site-packages:/cvmfs/cms.cern.ch/slc5_amd64_gcc462/external/professor/1.0.0-cms35/lib/python2.6/site-packages:/cvmfs/cms.cern.ch/slc5_amd64_gcc462/lcg/root/5.32.00-cms18/lib:/cvmfs/cms.cern.ch/slc5_amd64_gcc462/cms/dbs-client/DBS_2_1_1_patch1_1/lib:/cvmfs/cms.cern.ch/slc5_amd64_gcc462/cms/dbs-client/DBS_2_1_1_patch1_1/lib/DBSAPI:/home/cms030/home_creur_056267787/CREAM056267787/glide_O18813/execute/dir_12367/
241a2a19cb7c5c8751ba22759ab3bdb0
PSETHASH = 241a2a19cb7c5c8751ba22759ab3bdb0
/home/cms030/home_creur_056267787/CREAM056267787/glide_O18813/execute/dir_12367/writeCfg.py pset.py pset.py
Importing .py file
Setting parameters
inputBlocks=/QCD_Pt_170_250_EMEnriched_TuneZ2star_8TeV_pythia6/mario-Summer12-stop-pfele-step1-3d176ac8da5e9dff208d057f4733ca91/USER#130d237e-abcb-4916-a790-d17c846c5c04
inputFiles=/store/user/mario/QCD_Pt_170_250_EMEnriched_TuneZ2star_8TeV_pythia6/Summer12-stop-pfele-step1/3d176ac8da5e9dff208d057f4733ca91/tuple_309_6_ITg.root;/store/user/mario/QCD_Pt_170_250_EMEnriched_TuneZ2star_8TeV_pythia6/Summer12-stop-pfele-step1/3d176ac8da5e9dff208d057f4733ca91/tuple_310_4_Qtl.root;/store/user/mario/QCD_Pt_170_250_EMEnriched_TuneZ2star_8TeV_pythia6/Summer12-stop-pfele-step1/3d176ac8da5e9dff208d057f4733ca91/tuple_311_7_JG6.root;/store/user/mario/QCD_Pt_170_250_EMEnriched_TuneZ2star_8TeV_pythia6/Summer12-stop-pfele-step1/3d176ac8da5e9dff208d057f4733ca91/tuple_312_7_d21.root;/store/user/mario/QCD_Pt_170_250_EMEnriched_TuneZ2star_8TeV_pythia6/Summer12-stop-pfele-step1/3d176ac8da5e9dff208d057f4733ca91/tuple_313_6_lOC.root
parentFiles=
lumisRange=
>>> Executable cmsRun
/cvmfs/cms.cern.ch/slc5_amd64_gcc462/cms/cmssw/CMSSW_5_3_5/bin/slc5_amd64_gcc462/cmsRun
ok executable found
>>> info for dashboard:
***** Cat /home/cms030/home_creur_056267787/CREAM056267787/glide_O18813/execute/dir_12367/jobreport.txt *****
MonitorJobID=65_https://submit-2.t2.ucsd.edu//121127//17638.5
MonitorID=liis_crab_0_121127_012908_ngk079
ExeStart=cmsRun
***** End Cat jobreport *****
Parameters sent to Dashboard.
>>> cmsRun started at Tue Nov 27 09:51:06 UTC 2012
>>> cmsRun ended at Tue Nov 27 09:58:30 UTC 2012
>>> info for dashboard:
***** Cat /home/cms030/home_creur_056267787/CREAM056267787/glide_O18813/execute/dir_12367/jobreport.txt *****
MonitorJobID=65_https://submit-2.t2.ucsd.edu//121127//17638.5
MonitorID=liis_crab_0_121127_012908_ngk079
ExeEnd=cmsRun
***** End Cat jobreport *****
Parameters sent to Dashboard.
TIME_EXE = 444 sec
>>> cmsRun wrote 119 lines of stdout+stderr
>>> START OF printout of 119 lines from stdout+stderr
27-Nov-2012 11:51:24 EET  Initiating request to open file file:/hdfs/cms/store/user/mario/QCD_Pt_170_250_EMEnriched_TuneZ2star_8TeV_pythia6/Summer12-stop-pfele-step1/3d176ac8da5e9dff208d057f4733ca91/tuple_309_6_ITg.root
27-Nov-2012 11:51:31 EET  Successfully opened file file:/hdfs/cms/store/user/mario/QCD_Pt_170_250_EMEnriched_TuneZ2star_8TeV_pythia6/Summer12-stop-pfele-step1/3d176ac8da5e9dff208d057f4733ca91/tuple_309_6_ITg.root
Begin processing the 1st record. Run 1, Event 461762, LumiSection 143 at 27-Nov-2012 11:51:47.640 EET
Begin processing the 1001st record. Run 1, Event 600079, LumiSection 186 at 27-Nov-2012 11:51:54.836 EET
Begin processing the 2001st record. Run 1, Event 2541872, LumiSection 784 at 27-Nov-2012 11:51:58.153 EET
Begin processing the 3001st record. Run 1, Event 2722565, LumiSection 840 at 27-Nov-2012 11:52:02.711 EET
Begin processing the 4001st record. Run 1, Event 5085322, LumiSection 1569 at 27-Nov-2012 11:52:05.966 EET
Begin processing the 5001st record. Run 1, Event 3333048, LumiSection 1028 at 27-Nov-2012 11:52:10.475 EET
Begin processing the 6001st record. Run 1, Event 3640190, LumiSection 1123 at 27-Nov-2012 11:52:13.923 EET
Begin processing the 7001st record. Run 1, Event 4673694, LumiSection 1442 at 27-Nov-2012 11:52:18.178 EET
Begin processing the 8001st record. Run 1, Event 4344933, LumiSection 1340 at 27-Nov-2012 11:52:21.126 EET
Begin processing the 9001st record. Run 1, Event 4716179, LumiSection 1455 at 27-Nov-2012 11:52:25.585 EET
Begin processing the 10001st record. Run 1, Event 5166735, LumiSection 1594 at 27-Nov-2012 11:52:28.901 EET
Begin processing the 11001st record. Run 1, Event 5973148, LumiSection 1842 at 27-Nov-2012 11:52:33.410 EET
Begin processing the 12001st record. Run 1, Event 6436965, LumiSection 1985 at 27-Nov-2012 11:52:36.780 EET
Begin processing the 13001st record. Run 1, Event 7253536, LumiSection 2237 at 27-Nov-2012 11:52:41.346 EET
Begin processing the 14001st record. Run 1, Event 7928033, LumiSection 2445 at 27-Nov-2012 11:52:44.011 EET
Begin processing the 15001st record. Run 1, Event 31751780, LumiSection 9791 at 27-Nov-2012 11:52:48.105 EET
Begin processing the 16001st record. Run 1, Event 36672958, LumiSection 11309 at 27-Nov-2012 11:52:51.473 EET
27-Nov-2012 11:52:52 EET  Closed file file:/hdfs/cms/store/user/mario/QCD_Pt_170_250_EMEnriched_TuneZ2star_8TeV_pythia6/Summer12-stop-pfele-step1/3d176ac8da5e9dff208d057f4733ca91/tuple_309_6_ITg.root
27-Nov-2012 11:52:52 EET  Initiating request to open file file:/hdfs/cms/store/user/mario/QCD_Pt_170_250_EMEnriched_TuneZ2star_8TeV_pythia6/Summer12-stop-pfele-step1/3d176ac8da5e9dff208d057f4733ca91/tuple_310_4_Qtl.root
27-Nov-2012 11:52:52 EET  Successfully opened file file:/hdfs/cms/store/user/mario/QCD_Pt_170_250_EMEnriched_TuneZ2star_8TeV_pythia6/Summer12-stop-pfele-step1/3d176ac8da5e9dff208d057f4733ca91/tuple_310_4_Qtl.root
Begin processing the 17001st record. Run 1, Event 81490900, LumiSection 25129 at 27-Nov-2012 11:53:05.527 EET
Begin processing the 18001st record. Run 1, Event 82904124, LumiSection 25565 at 27-Nov-2012 11:53:08.814 EET
Begin processing the 19001st record. Run 1, Event 83468160, LumiSection 25738 at 27-Nov-2012 11:53:13.811 EET
Begin processing the 20001st record. Run 1, Event 73840126, LumiSection 22770 at 27-Nov-2012 11:53:17.224 EET
Begin processing the 21001st record. Run 1, Event 74978529, LumiSection 23121 at 27-Nov-2012 11:53:22.902 EET
Begin processing the 22001st record. Run 1, Event 79739405, LumiSection 24589 at 27-Nov-2012 11:53:26.206 EET
Begin processing the 23001st record. Run 1, Event 75818148, LumiSection 23380 at 27-Nov-2012 11:53:30.145 EET
Begin processing the 24001st record. Run 1, Event 76365285, LumiSection 23548 at 27-Nov-2012 11:53:33.692 EET
Begin processing the 25001st record. Run 1, Event 76688293, LumiSection 23648 at 27-Nov-2012 11:53:37.976 EET
Begin processing the 26001st record. Run 1, Event 997665, LumiSection 308 at 27-Nov-2012 11:53:40.962 EET
Begin processing the 27001st record. Run 1, Event 1729661, LumiSection 534 at 27-Nov-2012 11:53:45.010 EET
Begin processing the 28001st record. Run 1, Event 81500, LumiSection 26 at 27-Nov-2012 11:53:48.269 EET
Begin processing the 29001st record. Run 1, Event 165768, LumiSection 52 at 27-Nov-2012 11:53:52.617 EET
Begin processing the 30001st record. Run 1, Event 780559, LumiSection 241 at 27-Nov-2012 11:53:56.466 EET
Begin processing the 31001st record. Run 1, Event 2997137, LumiSection 925 at 27-Nov-2012 11:54:01.553 EET
Begin processing the 32001st record. Run 1, Event 947452, LumiSection 293 at 27-Nov-2012 11:54:04.443 EET
Begin processing the 33001st record. Run 1, Event 1209324, LumiSection 373 at 27-Nov-2012 11:54:09.152 EET
Begin processing the 34001st record. Run 1, Event 2488796, LumiSection 768 at 27-Nov-2012 11:54:12.630 EET
Begin processing the 35001st record. Run 1, Event 2995517, LumiSection 924 at 27-Nov-2012 11:54:17.508 EET
Begin processing the 36001st record. Run 1, Event 4508340, LumiSection 1391 at 27-Nov-2012 11:54:20.763 EET
Begin processing the 37001st record. Run 1, Event 3463213, LumiSection 1068 at 27-Nov-2012 11:54:24.977 EET
Begin processing the 38001st record. Run 1, Event 3643639, LumiSection 1124 at 27-Nov-2012 11:54:28.323 EET
27-Nov-2012 11:54:28 EET  Closed file file:/hdfs/cms/store/user/mario/QCD_Pt_170_250_EMEnriched_TuneZ2star_8TeV_pythia6/Summer12-stop-pfele-step1/3d176ac8da5e9dff208d057f4733ca91/tuple_310_4_Qtl.root
27-Nov-2012 11:54:28 EET  Initiating request to open file file:/hdfs/cms/store/user/mario/QCD_Pt_170_250_EMEnriched_TuneZ2star_8TeV_pythia6/Summer12-stop-pfele-step1/3d176ac8da5e9dff208d057f4733ca91/tuple_311_7_JG6.root
27-Nov-2012 11:54:28 EET  Successfully opened file file:/hdfs/cms/store/user/mario/QCD_Pt_170_250_EMEnriched_TuneZ2star_8TeV_pythia6/Summer12-stop-pfele-step1/3d176ac8da5e9dff208d057f4733ca91/tuple_311_7_JG6.root
Begin processing the 39001st record. Run 1, Event 3830983, LumiSection 1182 at 27-Nov-2012 11:54:49.713 EET
Begin processing the 40001st record. Run 1, Event 4252002, LumiSection 1312 at 27-Nov-2012 11:54:53.104 EET
Begin processing the 41001st record. Run 1, Event 4919018, LumiSection 1517 at 27-Nov-2012 11:54:57.985 EET
Begin processing the 42001st record. Run 1, Event 5525841, LumiSection 1704 at 27-Nov-2012 11:55:01.288 EET
Begin processing the 43001st record. Run 1, Event 5262930, LumiSection 1623 at 27-Nov-2012 11:55:06.383 EET
Begin processing the 44001st record. Run 1, Event 5599782, LumiSection 1727 at 27-Nov-2012 11:55:09.769 EET
Begin processing the 45001st record. Run 1, Event 5900274, LumiSection 1820 at 27-Nov-2012 11:55:15.895 EET
Begin processing the 46001st record. Run 1, Event 6743331, LumiSection 2080 at 27-Nov-2012 11:55:19.733 EET
Begin processing the 47001st record. Run 1, Event 6807440, LumiSection 2100 at 27-Nov-2012 11:55:25.247 EET
Begin processing the 48001st record. Run 1, Event 7212138, LumiSection 2224 at 27-Nov-2012 11:55:28.926 EET
Begin processing the 49001st record. Run 1, Event 10239590, LumiSection 3158 at 27-Nov-2012 11:55:35.100 EET
Begin processing the 50001st record. Run 1, Event 44907839, LumiSection 13848 at 27-Nov-2012 11:55:38.649 EET
Begin processing the 51001st record. Run 1, Event 79522680, LumiSection 24522 at 27-Nov-2012 11:55:43.260 EET
Begin processing the 52001st record. Run 1, Event 81650820, LumiSection 25178 at 27-Nov-2012 11:55:46.157 EET
Begin processing the 53001st record. Run 1, Event 82640881, LumiSection 25483 at 27-Nov-2012 11:55:51.866 EET
Begin processing the 54001st record. Run 1, Event 84380642, LumiSection 26020 at 27-Nov-2012 11:55:55.167 EET
Begin processing the 55001st record. Run 1, Event 84752538, LumiSection 26134 at 27-Nov-2012 11:56:00.563 EET
Begin processing the 56001st record. Run 1, Event 87288336, LumiSection 26916 at 27-Nov-2012 11:56:04.001 EET
Begin processing the 57001st record. Run 1, Event 213658015, LumiSection 65883 at 27-Nov-2012 11:56:09.118 EET
Begin processing the 58001st record. Run 1, Event 4973232, LumiSection 1534 at 27-Nov-2012 11:56:12.290 EET
Begin processing the 59001st record. Run 1, Event 4434074, LumiSection 1368 at 27-Nov-2012 11:56:15.323 EET
27-Nov-2012 11:56:18 EET  Closed file file:/hdfs/cms/store/user/mario/QCD_Pt_170_250_EMEnriched_TuneZ2star_8TeV_pythia6/Summer12-stop-pfele-step1/3d176ac8da5e9dff208d057f4733ca91/tuple_311_7_JG6.root
27-Nov-2012 11:56:18 EET  Initiating request to open file file:/hdfs/cms/store/user/mario/QCD_Pt_170_250_EMEnriched_TuneZ2star_8TeV_pythia6/Summer12-stop-pfele-step1/3d176ac8da5e9dff208d057f4733ca91/tuple_312_7_d21.root
27-Nov-2012 11:56:18 EET  Successfully opened file file:/hdfs/cms/store/user/mario/QCD_Pt_170_250_EMEnriched_TuneZ2star_8TeV_pythia6/Summer12-stop-pfele-step1/3d176ac8da5e9dff208d057f4733ca91/tuple_312_7_d21.root
Begin processing the 60001st record. Run 1, Event 4879405, LumiSection 1505 at 27-Nov-2012 11:56:32.955 EET
Begin processing the 61001st record. Run 1, Event 216040418, LumiSection 66618 at 27-Nov-2012 11:56:36.540 EET
Begin processing the 62001st record. Run 1, Event 73409293, LumiSection 22637 at 27-Nov-2012 11:56:39.729 EET
Begin processing the 63001st record. Run 1, Event 72204890, LumiSection 22265 at 27-Nov-2012 11:56:44.285 EET
Begin processing the 64001st record. Run 1, Event 72929188, LumiSection 22489 at 27-Nov-2012 11:56:47.741 EET
Begin processing the 65001st record. Run 1, Event 322014, LumiSection 100 at 27-Nov-2012 11:56:52.305 EET
Begin processing the 66001st record. Run 1, Event 1371810, LumiSection 424 at 27-Nov-2012 11:56:55.676 EET
Begin processing the 67001st record. Run 1, Event 3001491, LumiSection 926 at 27-Nov-2012 11:57:00.525 EET
Begin processing the 68001st record. Run 1, Event 2657899, LumiSection 820 at 27-Nov-2012 11:57:03.906 EET
Begin processing the 69001st record. Run 1, Event 5625606, LumiSection 1735 at 27-Nov-2012 11:57:09.816 EET
Begin processing the 70001st record. Run 1, Event 3589588, LumiSection 1107 at 27-Nov-2012 11:57:13.146 EET
Begin processing the 71001st record. Run 1, Event 5340328, LumiSection 1647 at 27-Nov-2012 11:57:17.555 EET
Begin processing the 72001st record. Run 1, Event 5345691, LumiSection 1649 at 27-Nov-2012 11:57:21.042 EET
Begin processing the 73001st record. Run 1, Event 6127077, LumiSection 1890 at 27-Nov-2012 11:57:26.133 EET
Begin processing the 74001st record. Run 1, Event 6801857, LumiSection 2098 at 27-Nov-2012 11:57:29.533 EET
Begin processing the 75001st record. Run 1, Event 7195815, LumiSection 2219 at 27-Nov-2012 11:57:33.849 EET
Begin processing the 76001st record. Run 1, Event 8940825, LumiSection 2757 at 27-Nov-2012 11:57:37.193 EET
Begin processing the 77001st record. Run 1, Event 31921555, LumiSection 9844 at 27-Nov-2012 11:57:42.972 EET
Begin processing the 78001st record. Run 1, Event 34075635, LumiSection 10508 at 27-Nov-2012 11:57:46.383 EET
Begin processing the 79001st record. Run 1, Event 2549417, LumiSection 787 at 27-Nov-2012 11:57:52.311 EET
Begin processing the 80001st record. Run 1, Event 64353799, LumiSection 19844 at 27-Nov-2012 11:57:55.735 EET
Begin processing the 81001st record. Run 1, Event 72158672, LumiSection 22251 at 27-Nov-2012 11:57:59.502 EET
27-Nov-2012 11:58:00 EET  Closed file file:/hdfs/cms/store/user/mario/QCD_Pt_170_250_EMEnriched_TuneZ2star_8TeV_pythia6/Summer12-stop-pfele-step1/3d176ac8da5e9dff208d057f4733ca91/tuple_312_7_d21.root
27-Nov-2012 11:58:00 EET  Initiating request to open file file:/hdfs/cms/store/user/mario/QCD_Pt_170_250_EMEnriched_TuneZ2star_8TeV_pythia6/Summer12-stop-pfele-step1/3d176ac8da5e9dff208d057f4733ca91/tuple_313_6_lOC.root
27-Nov-2012 11:58:00 EET  Successfully opened file file:/hdfs/cms/store/user/mario/QCD_Pt_170_250_EMEnriched_TuneZ2star_8TeV_pythia6/Summer12-stop-pfele-step1/3d176ac8da5e9dff208d057f4733ca91/tuple_313_6_lOC.root
Begin processing the 82001st record. Run 1, Event 73657756, LumiSection 22713 at 27-Nov-2012 11:58:14.435 EET
Begin processing the 83001st record. Run 1, Event 74947574, LumiSection 23111 at 27-Nov-2012 11:58:17.449 EET
Begin processing the 84001st record. Run 1, Event 77672793, LumiSection 23951 at 27-Nov-2012 11:58:22.000 EET
Begin processing the 85001st record. Run 1, Event 74786369, LumiSection 23061 at 27-Nov-2012 11:58:24.739 EET
27-Nov-2012 11:58:29 EET  Closed file file:/hdfs/cms/store/user/mario/QCD_Pt_170_250_EMEnriched_TuneZ2star_8TeV_pythia6/Summer12-stop-pfele-step1/3d176ac8da5e9dff208d057f4733ca91/tuple_313_6_lOC.root

=============================================

MessageLogger Summary

 type     category        sev    module        subroutine        count    total
 ---- -------------------- -- ---------------- ----------------  -----    -----
    1 fileAction           -s file_close                             5        5
    2 fileAction           -s file_open                             10       10

 type    category    Examples: run/evt        run/evt          run/evt
 ---- -------------------- ---------------- ---------------- ----------------
    1 fileAction           PostProcessEvent PostProcessEvent PostEndRun
    2 fileAction           pre-events       pre-events       PostProcessEvent

Severity    # Occurrences   Total Occurrences
--------    -------------   -----------------
System                 15                  15
>>> END OF printout of 119 lines from stdout+stderr
>>> Parse FrameworkJobReport crab_fjr.xml
Result of parsing the FrameworkJobReport crab_fjr.xml: Popularity start
lumisRange : 1::26,35-36,43,51-53,60,62,64,66,95,112,114,125,146,209,213,241,243,265,267,271,280,284-285,292-293,300,303,307-308,326,328,346,357,360-361,373,379,391-392,403,415-416,426,431,438-439,470,508,526,534,537,546,560,578,608,654,675,681,707,736,742,768,788,823,830,863,874,881,885,892,906,924-925,987,1001,1012,1031,1033,1067-1068,1076,1097,1110-1111,1119,1121,1124,1136,1160-1161,1181,1199,1230,1391,1487,1724,1758,22454,22528-22529,22747,22770,22785,22802,22839,22883,22902,22959,23035,23121,23131,23136,23151,23161,23189,23220,23235,23282,23288,23322,23354,23380,23441,23483,23485,23495,23497,23508,23527,23531,23546,23548,23550,23557,23596,23599,23627,23635,23642,23648,23699,24137,24589,24837,24881,24896,24972,25027,25129,25313,25329,25375,25397,25422,25432,25527,25565,25578,25656,25677,25695,25735,25738,25785,25940,25985::1;1::1114,1126-1128,1131,1151,1158,1181-1182,1184,1209,1211,1213,1228,1250,1271-1272,1280,1295,1307,1312,1319,1329,1331,1337,1347,1355,1360,1363,1365,1368-1369,1372,1385,1387-1388,1414,1416,1439,1443,1450,1465,1477,1484,1489,1505,1515,1517,1521,1534,1553,1574,1591,1612,1617-1618,1621,1623,1636,1664,1673,1686,1696,1704,1711,1713,1716,1727,1739,1747,1757,1763,1785-1788,1791,1803,1820,1832,1835,1840,1909,1917,1940,1947,1956,1959,1992,2002,2046,2067,2073-2074,2080,2083,2090,2100,2221,2224,2270,2328,2634,2636,2654,2699,2714,2747,3158,3179,9953,10253,10467,10474,11434,11538,13848,14243,24109,24303,24406,24450,24452,24522,24525,24640,24785,24796,25002,25004,25013,25101,25117,25135,25175,25178,25402,25420,25483,25503,25592,25666,25670,25834,25901,26020,26050,26052,26054,26091,26093,26134,26165,26190,26194,26201,26232,26277,26459,26644,26827,26916,64029,64038,64193,64290,64599,64604,65598,65883::2;1::143,149,158,183,186,193,229,235,238,259,269,287,339,626,771,781,784,794,809,815,837,840,859,897,899,913,918,965,972,975-976,989,1016,1028,1039,1052,1056,1084,1106,1108,1122-1123,1175,1197,1208,1229,1247,1267,1278,1282,1284,1294,1327,1333,1338,1340,1344,1378,1403,1423,1426,1441-1442,1452,1454-1455,1500,1502,1516,1557,1559-1560,1569,1594,1596,1605,1620,1726,1754,1779,1790,1826,1834,1837,1842,1844,1916,1939,1945,1954,1980,1982,1985,2016-2017,2045,2131,2133,2159,2162,2197,2212,2237,2249,2255,2428,2439,2445,2463,2489,2594,2664,2697,2914,2938,9699,9791,10045,10394,10417,10495,10597,10634,10830,10946,11309,11315,23097,23151::3;1::3,17,21,29,39,44,100,106,221,236,343,376,398,424,471,481,516-517,542-543,547,572-573,624,667,690,744,782,787,789,793,796,801,820,871,883,905,926,930,979,999,1003,1007,1010,1018,1064,1073,1107,1257,1293,1417,1494,1505,1514,1530,1558,1565,1575-1576,1583,1604,1607,1610,1629,1647,1649,1653,1712,1722,1725,1735,1774,1802,1806,1814,1848,1869,1883,1890,1905,1914,1934,1967,1981,2018,2022,2098,2144,2175,2211,2219,2238,2263,2274,2296,2326,2383,2709,2757,2776,2856,2866,3131,9666,9764,9807,9817,9844,9983,9988,10147,10200,10204,10236,10346,10383,10432,10508,10674,10717,10726,11978,12242,19391,19466,19470,19674,19836,19844,20129,20207,20286,21037,21229,21506,22076,22108,22110,22157,22206,22215,22251,22265,22307,22311,22369,22403-22404,22485,22489,22511,22523,22555,22637,22861,23069,23372,64324,65142,65457,65530,65536,65544,65633,66531,66542,66573,66618,66886::4;1::21439,21801,21991,22020,22108,22641,22653,22713,22753,22765,22798,22807,22819,22904,22958,22966,23058,23061,23111,23197,23247,23262,23297,23317,23383,23387,23432,23529,23785,23945,23951,24061,24523::5;
lumisParentRange : 
Basename : /store/user/mario/QCD_Pt_170_250_EMEnriched_TuneZ2star_8TeV_pythia6/Summer12-stop-pfele-step1/3d176ac8da5e9dff208d057f4733ca91/tuple_3
BasenameParent : 
parentFiles : 
inputBlocks : /QCD_Pt_170_250_EMEnriched_TuneZ2star_8TeV_pythia6/mario-Summer12-stop-pfele-step1-3d176ac8da5e9dff208d057f4733ca91/USER#130d237e-abcb-4916-a790-d17c846c5c04
inputFiles : 10_4_Qtl.root::1::EDM::Local::1;11_7_JG6.root::1::EDM::Local::2;09_6_ITg.root::1::EDM::Local::3;12_7_d21.root::1::EDM::Local::4;13_6_lOC.root::1::EDM::Local::5;
Popularity stop
Extracted ExitStatus from FrameworkJobReport parsing output: 0
>>> Executable succeded  0
ExeExitCode=0
EXECUTABLE_EXIT_STATUS = 0
>>> current directory /home/cms030/home_creur_056267787/CREAM056267787/glide_O18813/execute/dir_12367/CMSSW_5_3_5
>>>  (SOFTWARE_DIR): /home/cms030/home_creur_056267787/CREAM056267787/glide_O18813/execute/dir_12367/CMSSW_5_3_5
>>> (WORKING_DIR): 
>>> current directory content:
total 156
drwxr-xr-x 3 cms030 cms  4096 Nov 27 11:50 .SCRAM
-rw-r--r-- 1 cms030 cms 30066 Nov 27 11:50 CMSSW.py.pkl
drwxr-xr-x 3 cms030 cms  4096 Nov 27 11:50 bin
drwxr-xr-x 3 cms030 cms  4096 Nov 27 11:50 cfipython
drwxr-xr-x 5 cms030 cms  4096 Nov 27 11:50 config
-rw-r--r-- 1 cms030 cms    16 Nov 27 11:58 cpu_timing.txt
drwxr-xr-x 2 cms030 cms  4096 Nov 27 11:50 doc
-rw-r--r-- 1 cms030 cms 13303 Nov 27 11:58 executable.out
drwxr-xr-x 2 cms030 cms  4096 Nov 27 11:50 include
drwxrwxrwx 3 cms030 cms  4096 Oct 22 16:38 lib
drwxr-xr-x 3 cms030 cms  4096 Nov 27 11:50 logs
drwxr-xr-x 3 cms030 cms  4096 Nov 27 11:50 objs
-rw-r--r-- 1 cms030 cms 17134 Nov 27 11:58 optHistograms.root
-rw-r--r-- 1 cms030 cms   104 Nov 27 11:51 pset.py
-rw-r--r-- 1 cms030 cms 19507 Nov 27 11:51 pset.py.pkl
-rw-r--r-- 1 cms030 cms   289 Nov 27 11:51 pset.pyc
drwxr-xr-x 2 cms030 cms  4096 Nov 27 11:50 python
-rw-r--r-- 1 cms030 cms   417 Nov 27 11:58 report.log
drwxrwxrwx 4 cms030 cms  4096 Nov 27 11:50 src
drwxr-xr-x 3 cms030 cms  4096 Nov 27 11:50 test
drwxr-xr-x 3 cms030 cms  4096 Nov 27 11:50 tmp
>>> current directory /home/cms030/home_creur_056267787/CREAM056267787/glide_O18813/execute/dir_12367/CMSSW_5_3_5
>>> (SOFTWARE_DIR): /home/cms030/home_creur_056267787/CREAM056267787/glide_O18813/execute/dir_12367/CMSSW_5_3_5
>>> (WORKING_DIR): 
>>> current directory content:
total 136
drwxr-xr-x 3 cms030 cms  4096 Nov 27 11:50 .SCRAM
-rw-r--r-- 1 cms030 cms 30066 Nov 27 11:50 CMSSW.py.pkl
drwxr-xr-x 3 cms030 cms  4096 Nov 27 11:50 bin
drwxr-xr-x 3 cms030 cms  4096 Nov 27 11:50 cfipython
drwxr-xr-x 5 cms030 cms  4096 Nov 27 11:50 config
-rw-r--r-- 1 cms030 cms    16 Nov 27 11:58 cpu_timing.txt
drwxr-xr-x 2 cms030 cms  4096 Nov 27 11:50 doc
-rw-r--r-- 1 cms030 cms 13303 Nov 27 11:58 executable.out
drwxr-xr-x 2 cms030 cms  4096 Nov 27 11:50 include
drwxrwxrwx 3 cms030 cms  4096 Oct 22 16:38 lib
drwxr-xr-x 3 cms030 cms  4096 Nov 27 11:50 logs
drwxr-xr-x 3 cms030 cms  4096 Nov 27 11:50 objs
-rw-r--r-- 1 cms030 cms   104 Nov 27 11:51 pset.py
-rw-r--r-- 1 cms030 cms 19507 Nov 27 11:51 pset.py.pkl
-rw-r--r-- 1 cms030 cms   289 Nov 27 11:51 pset.pyc
drwxr-xr-x 2 cms030 cms  4096 Nov 27 11:50 python
-rw-r--r-- 1 cms030 cms   417 Nov 27 11:58 report.log
drwxrwxrwx 4 cms030 cms  4096 Nov 27 11:50 src
drwxr-xr-x 3 cms030 cms  4096 Nov 27 11:50 test
drwxr-xr-x 3 cms030 cms  4096 Nov 27 11:50 tmp
>>> current directory (RUNTIME_AREA):  /home/cms030/home_creur_056267787/CREAM056267787/glide_O18813/execute/dir_12367
>>> current dir: /home/cms030/home_creur_056267787/CREAM056267787/glide_O18813/execute/dir_12367
>>> current dir content:
total 25788
-rw-rw-rw-  1 cms030 cms     5575 Nov 27 11:46 .job.ad
-rw-rw-rw-  1 cms030 cms    11340 Nov 27 11:46 .machine.ad
-rw-rw-rw-  1 cms030 cms      105 Nov 27 01:29 CMSSW.py
-rw-rw-rw-  1 cms030 cms    30066 Nov 27 01:29 CMSSW.py.pkl
-rwxrw-rw-  1 cms030 cms    23341 Nov 27 11:50 CMSSW.sh
drwxr-xr-x 15 cms030 cms     4096 Nov 27 11:58 CMSSW_5_3_5
-rw-rw-rw-  1 cms030 cms        0 Nov 27 11:50 CMSSW_65.stderr
-rw-rw-rw-  1 cms030 cms    28774 Nov 27 11:58 CMSSW_65.stdout
-rw-r--r--  1 cms030 cms      347 Nov 27 11:50 CacheEnv.sh
-rw-rw-rw-  1 cms030 cms     7291 Jun  9  2010 DashboardAPI.py
-rw-r--r--  1 cms030 cms     6883 Nov 27 11:50 DashboardAPI.pyc
drwxrwxrwx  3 cms030 cms     4096 Nov 27 11:58 IMProv
-rw-rw-rw-  1 cms030 cms     2748 Mar  8  2006 Logger.py
-rw-r--r--  1 cms030 cms     3353 Nov 27 11:50 Logger.pyc
-rw-rw-rw-  1 cms030 cms    24524 Mar 28  2008 ProcInfo.py
-rw-r--r--  1 cms030 cms    23470 Nov 27 11:50 ProcInfo.pyc
drwxrwxrwx  7 cms030 cms     4096 Nov 27 11:51 ProdCommon
drwxrwxrwx  3 cms030 cms     4096 Nov 27 11:50 WMCore
-rw-r--r--  1 cms030 cms     2810 Nov 27 11:58 Watchdog_65.log
-rw-rw-rw-  1 cms030 cms    32895 Mar 28  2008 apmon.py
-rw-r--r--  1 cms030 cms    28874 Nov 27 11:50 apmon.pyc
-rw-rw-rw-  1 cms030 cms   100215 Nov 27 11:50 arguments.xml
-rwxrwxrwx  1 cms030 cms    37427 Sep 13 14:14 cmscp.py
-rwxrwxrwx  1 cms030 cms    23341 Nov 27 11:50 condor_exec.exe
-rw-rw-rw-  1 cms030 cms      546 Nov 27 01:29 crab.cfg
-rwxrwxrwx  1 cms030 cms     9531 Sep 20 21:46 crabWatchdog.sh
-rw-r--r--  1 cms030 cms    47840 Nov 27 11:58 crab_fjr_65.xml
-rw-rw-rw-  1 cms030 cms 25796303 Nov 27 11:50 default.tgz
-rwxrwxrwx  1 cms030 cms     4488 May 12  2012 fillCrabFjr.py
-rw-r--r--  1 cms030 cms      946 Nov 27 11:51 inputsReport.txt
-rw-r--r--  1 cms030 cms      131 Nov 27 11:58 jobreport.txt
lrwxrwxrwx  1 cms030 cms      107 Nov 27 11:58 optHistograms.root -> /home/cms030/home_creur_056267787/CREAM056267787/glide_O18813/execute/dir_12367/optHistograms_65_2_TRY.root
-rw-r--r--  1 cms030 cms    17134 Nov 27 11:58 optHistograms_65_2_TRY.root
-rw-rw-rw-  1 cms030 cms    17352 Jan 20  2012 parseCrabFjr.py
-rw-r--r--  1 cms030 cms      283 Nov 27 11:50 report.log
-rwxrwxrwx  1 cms030 cms     1497 May 27  2009 report.py
-rwxrwxrwx  1 cms030 cms     8387 Mar 23  2011 writeCfg.py
-rw-------  1 cms030 cms     8687 Nov 27 11:50 x509up_u1000009
Checking output files:  
will tar file optHistograms_65_2_TRY.root in  out_files_65
will tar file crab_fjr_65.xml in  out_files_65
will tar file CMSSW_65.stdout in  out_files_65
will tar file CMSSW_65.stderr in  out_files_65
WARNING: output file Watchdog_65.log.gz not found!
>>> padding time: Sleeping the wrapper for 107 seconds
STOPPING WATCHDOG. CrabWatchdog PID is 23948
********** LAST 50 LINES OF WATCHDOG LOG
# RESOURCE USAGE SUMMARY FOR PROCESS ID 22055
USER       PID %CPU %MEM    VSZ   RSS TTY      STAT START   TIME COMMAND
cms030   22055  0.2  0.0   8956  1488 ?        S    11:50   0:00 /bin/sh /home/cms030/home_creur_056267787/CREAM056267787/glide_O18813/execute/dir_12367/condor_exec.exe 65 2
 
# LIMITS USED BY THIS WATCHDOG:
# RSS  (KBytes)  : 2300000
# VSZ  (KBytes)  : 100000000
# DISK (MBytes)  : 19000
# CPU  (seconds) : 171600
# WALL (seconds) : 171600
 
# FOLLOWING PRINTOUT TRACKS MAXIMUM VALUES OF RESOURCES USE
# ONE LINE IS PRINTED EACH TIME A MAXIMUM CHANGES
# IF CHANGE WAS IN RSS OR VSZ ALSO PROCID AND COMMAND ARE PRINTED
# THERE IS NO PRINTOUT FOR CPU/WALL TIME INCREASE
 
# TIME			PID	RSS(KB)	VSZ(KB)	Dsk(MB)	tCPU(s)	tWALL(s)	COMMAND
 Nov 27 11:50:57 EET	12316	3356	5492	0	0	284	condor_procd -A /home/cms030/home_creur_056267787/CREAM056267787/glide_O18813/log/procd_address.STARTD -L /home/cms030/home_creur_056267787/CREAM056267787/glide_O18813/log/ProcLog.STARTD -R 10000000 -S 60 -C
 Nov 27 11:50:57 EET	12367	5424	9508	0	0	285	condor_starter -f submit-2.t2.ucsd.edu       
 Nov 27 11:50:57 EET	18760	5424	25504	0	0	1064	perl -e ?use Socket;??sub send_notify {? $cream_url = "193.40.150.134:49152";die "No
 Nov 27 11:50:57 EET	24222	5872	25504	0	0	1055	/home/cms030/home_creur_056267787/CREAM056267787/glide_O18813/main/condor/sbin/condor_master -f -pidfile /home/cms030/home_creur_056267787/CREAM056267787/glide_O18813/condor_master2.pid      
 Nov 27 11:50:57 EET	---	5872	25504	168	----	----	----
 Nov 27 11:52:01 EET	24222	5880	25504	168	0	1119	/home/cms030/home_creur_056267787/CREAM056267787/glide_O18813/main/condor/sbin/condor_master -f -pidfile /home/cms030/home_creur_056267787/CREAM056267787/glide_O18813/condor_master2.pid      
 Nov 27 11:52:01 EET	26190	358832	561000	168	24	60	cmsRun -j /home/cms030/home_creur_056267787/CREAM056267787/glide_O18813/execute/dir_12367/crab_fjr_65.xml -p pset.py     
 Nov 27 11:53:05 EET	26190	362692	562280	168	72	124	cmsRun -j /home/cms030/home_creur_056267787/CREAM056267787/glide_O18813/execute/dir_12367/crab_fjr_65.xml -p pset.py     
 Nov 27 11:54:09 EET	26190	363568	562280	168	124	188	cmsRun -j /home/cms030/home_creur_056267787/CREAM056267787/glide_O18813/execute/dir_12367/crab_fjr_65.xml -p pset.py     
 Nov 27 11:55:13 EET	26190	363828	563560	168	161	252	cmsRun -j /home/cms030/home_creur_056267787/CREAM056267787/glide_O18813/execute/dir_12367/crab_fjr_65.xml -p pset.py     
 Nov 27 11:57:21 EET	26190	364140	563560	168	252	379	cmsRun -j /home/cms030/home_creur_056267787/CREAM056267787/glide_O18813/execute/dir_12367/crab_fjr_65.xml -p pset.py     
 Nov 27 11:58:25 EET	26190	364140	563816	168	295	443	cmsRun -j /home/cms030/home_creur_056267787/CREAM056267787/glide_O18813/execute/dir_12367/crab_fjr_65.xml -p pset.py     
 Nov 27 11:59:29 EET	---	364140	563816	169	----	----	----
********** WATCHDOG LOG ENDED
ZIPPING WATCHDOG LOG
Disk space used:
du -sh /home/cms030/home_creur_056267787/CREAM056267787/glide_O18813/execute/dir_12367
169M	/home/cms030/home_creur_056267787/CREAM056267787/glide_O18813/execute/dir_12367
>>> info for dashboard:
***** Cat /home/cms030/home_creur_056267787/CREAM056267787/glide_O18813/execute/dir_12367/jobreport.txt *****
MonitorJobID=65_https://submit-2.t2.ucsd.edu//121127//17638.5
MonitorID=liis_crab_0_121127_012908_ngk079
ExeTime=444
ExeExitCode=0
CrabUserCpuTime=288.38
CrabSysCpuTime=7.59
CrabCpuPercentage=66%
CrabWrapperTime=600
CrabStageoutTime=NULL
***** End Cat jobreport *****
Parameters sent to Dashboard.
optHistograms_65_2_TRY.root
crab_fjr_65.xml
CMSSW_65.stdout
CMSSW_65.stderr
Watchdog_65.log.gz
tar: .BrokerInfo: Cannot stat: No such file or directory
tar: Error exit delayed from previous errors
Total Output dimension: 27310
WARNING: output files size limit is set to: 50000000
Total Output dimension 27310 is fine.
JOB_EXIT_STATUS = 0
>>> info for dashboard:
***** Cat /home/cms030/home_creur_056267787/CREAM056267787/glide_O18813/execute/dir_12367/jobreport.txt *****
MonitorJobID=65_https://submit-2.t2.ucsd.edu//121127//17638.5
MonitorID=liis_crab_0_121127_012908_ngk079
JobExitCode=0
***** End Cat jobreport *****
Parameters sent to Dashboard.
optHistograms_65_2_TRY.root
crab_fjr_65.xml
