This script was generated by crab (version 2.8.3).
Running /home/cms016/home_crmrs_184671300/CREAM184671300/glide_ZC9183/execute/dir_4583/condor_exec.exe with 2 positional parameters: 95 1
Today is Tue Nov 27 02:31:07 EET 2012
Job submitted on host wn-v-2828.local
Linux wn-v-2828.local 2.6.32-042stab059.7 #1 SMP Tue Jul 24 19:12:01 MSK 2012 x86_64 x86_64 x86_64 GNU/Linux
>>> current directory (RUNTIME_AREA): /home/cms016/home_crmrs_184671300/CREAM184671300/glide_ZC9183/execute/dir_4583
>>> current user: uid=11016(cms016) gid=1400(cms) groups=1400(cms)
>>> voms proxy information:
subject   : /DC=ch/DC=cern/OU=Organic Units/OU=Users/CN=liis/CN=663550/CN=Liis Rebane/CN=proxy/CN=limited proxy
issuer    : /DC=ch/DC=cern/OU=Organic Units/OU=Users/CN=liis/CN=663550/CN=Liis Rebane/CN=proxy
identity  : /DC=ch/DC=cern/OU=Organic Units/OU=Users/CN=liis/CN=663550/CN=Liis Rebane/CN=proxy
type      : limited proxy
strength  : 512 bits
path      : /home/cms016/home_crmrs_184671300/CREAM184671300/glide_ZC9183/execute/dir_4583/x509up_u1000009
timeleft  : 23:59:48
key usage : Digital Signature, Key Encipherment, Data Encipherment
=== VO cms extension information ===
VO        : cms
subject   : /DC=ch/DC=cern/OU=Organic Units/OU=Users/CN=liis/CN=663550/CN=Liis Rebane
issuer    : /DC=ch/DC=cern/OU=computers/CN=lcg-voms.cern.ch
attribute : /cms/Role=NULL/Capability=NULL
timeleft  : 190:54:30
uri       : lcg-voms.cern.ch:15002
>>> tar xzf /home/cms016/home_crmrs_184671300/CREAM184671300/glide_ZC9183/execute/dir_4583/default.tgz :
Successful untar
>>> Include /home/cms016/home_crmrs_184671300/CREAM184671300/glide_ZC9183/execute/dir_4583 in PYTHONPATH:
strip arguments
env var CRAB_UNIQUE_JOB_ID set to: liis_crab_0_121127_012908_ngk079_95_1_yKJ
out_files_95
>>> list of expected files on output sandbox
output files: optHistograms_95_1_yKJ.root crab_fjr_95.xml CMSSW_95.stdout CMSSW_95.stderr Watchdog_95.log.gz
>>> GridFlavour discovery: 
GridFlavour=LCG
>>> SyncSite discovery: 
SyncSite=T2_EE_Estonia
>>> SyncCE discovery: 
getting SyncCE from CE_ID
SyncCE=mars.hep.kbfi.ee:8443/cream-pbs-long
>>> info for dashboard:
***** Cat /home/cms016/home_crmrs_184671300/CREAM184671300/glide_ZC9183/execute/dir_4583/jobreport.txt *****
MonitorJobID=95_https://submit-2.t2.ucsd.edu//121127//17530.94
SyncGridJobId=https://submit-2.t2.ucsd.edu//121127//17530.94
MonitorID=liis_crab_0_121127_012908_ngk079
GridFlavour=LCG
SyncSite=T2_EE_Estonia
SyncCE=mars.hep.kbfi.ee:8443/cream-pbs-long
***** End Cat jobreport *****
Parameters sent to Dashboard.
>>> setup environment
set SCRAM ARCH to slc5_amd64_gcc462
SCRAM_ARCH = slc5_amd64_gcc462
>>> setup CMS LCG environment:
set SCRAM ARCH and BUILD_ARCH to slc5_amd64_gcc462 ###
Sourcing environment... 
sourcing /cvmfs/cms.cern.ch/cmsset_default.sh
==> setup cms environment ok
>>> specific cmssw setup environment:
CMSSW_VERSION =  CMSSW_5_3_5
>>> current directory (SOFTWARE_DIR): /home/cms016/home_crmrs_184671300/CREAM184671300/glide_ZC9183/execute/dir_4583/CMSSW_5_3_5
PreserveSeeds: <>
IncrementSeeds:<>
{}
WNHostName=wn-v-2828.local
>>> info for dashboard:
***** Cat /home/cms016/home_crmrs_184671300/CREAM184671300/glide_ZC9183/execute/dir_4583/jobreport.txt *****
MonitorJobID=95_https://submit-2.t2.ucsd.edu//121127//17530.94
MonitorID=liis_crab_0_121127_012908_ngk079
WNHostName=wn-v-2828.local
***** End Cat jobreport *****
Parameters sent to Dashboard.
crabWatchdog started as process 5394
>>> moving CMSSW software directories in /home/cms016/home_crmrs_184671300/CREAM184671300/glide_ZC9183/execute/dir_4583/CMSSW_5_3_5
mv: cannot stat `/home/cms016/home_crmrs_184671300/CREAM184671300/glide_ZC9183/execute/dir_4583/module/': No such file or directory
>>> Include /home/cms016/home_crmrs_184671300/CREAM184671300/glide_ZC9183/execute/dir_4583 in PYTHONPATH:
PYTHONPATH=/home/cms016/home_crmrs_184671300/CREAM184671300/glide_ZC9183/execute/dir_4583/:/home/cms016/home_crmrs_184671300/CREAM184671300/glide_ZC9183/execute/dir_4583/CMSSW_5_3_5/python:/home/cms016/home_crmrs_184671300/CREAM184671300/glide_ZC9183/execute/dir_4583/CMSSW_5_3_5/lib/slc5_amd64_gcc462:/cvmfs/cms.cern.ch/slc5_amd64_gcc462/cms/cmssw/CMSSW_5_3_5/python:/cvmfs/cms.cern.ch/slc5_amd64_gcc462/cms/cmssw/CMSSW_5_3_5/lib/slc5_amd64_gcc462:/cvmfs/cms.cern.ch/slc5_amd64_gcc462/cms/coral/CORAL_2_3_21-cms27/slc5_amd64_gcc462/python:/cvmfs/cms.cern.ch/slc5_amd64_gcc462/cms/coral/CORAL_2_3_21-cms27/slc5_amd64_gcc462/lib:/cvmfs/cms.cern.ch/slc5_amd64_gcc462/external/pyqt/4.8.1/lib/python2.6/site-packages:/cvmfs/cms.cern.ch/slc5_amd64_gcc462/external/py2-scipy/0.8.0/lib/python2.6/site-packages:/cvmfs/cms.cern.ch/slc5_amd64_gcc462/external/py2-matplotlib/1.0.1/lib/python2.6/site-packages:/cvmfs/cms.cern.ch/slc5_amd64_gcc462/external/python-ldap/2.3.5/lib/python2.6/site-packages:/cvmfs/cms.cern.ch/slc5_amd64_gcc462/external/sip/4.11.2/lib/python2.6/site-packages:/cvmfs/cms.cern.ch/slc5_amd64_gcc462/external/py2-pycurl/7.19.0/lib/python2.6/site-packages:/cvmfs/cms.cern.ch/slc5_amd64_gcc462/external/py2-numpy/1.6.1/lib/python2.6/site-packages:/cvmfs/cms.cern.ch/slc5_amd64_gcc462/external/py2-ipython/0.10/lib/python2.6/site-packages:/cvmfs/cms.cern.ch/slc5_amd64_gcc462/external/py2-cx-oracle/5.1-cms11/lib/python2.6/site-packages:/cvmfs/cms.cern.ch/slc5_amd64_gcc462/external/py2-cjson/1.0.5/lib/python2.6/site-packages:/cvmfs/cms.cern.ch/slc5_amd64_gcc462/cms/das-client/1.4.1-cms8/bin:/cvmfs/cms.cern.ch/slc5_amd64_gcc462/external/elementtree/1.2.6/share/lib/python2.6/site-packages:/cvmfs/cms.cern.ch/slc5_amd64_gcc462/external/rivet/1.5.1-cms10/lib/python2.6/site-packages:/cvmfs/cms.cern.ch/slc5_amd64_gcc462/external/pyminuit2/0.0.1-cms34/lib/python2.6/site-packages:/cvmfs/cms.cern.ch/slc5_amd64_gcc462/external/professor/1.0.0-cms35/lib/python2.6/site-packages:/cvmfs/cms.cern.ch/slc5_amd64_gcc462/lcg/root/5.32.00-cms18/lib:/cvmfs/cms.cern.ch/slc5_amd64_gcc462/cms/dbs-client/DBS_2_1_1_patch1_1/lib:/cvmfs/cms.cern.ch/slc5_amd64_gcc462/cms/dbs-client/DBS_2_1_1_patch1_1/lib/DBSAPI:/home/cms016/home_crmrs_184671300/CREAM184671300/glide_ZC9183/execute/dir_4583/
241a2a19cb7c5c8751ba22759ab3bdb0
PSETHASH = 241a2a19cb7c5c8751ba22759ab3bdb0
/home/cms016/home_crmrs_184671300/CREAM184671300/glide_ZC9183/execute/dir_4583/writeCfg.py pset.py pset.py
Importing .py file
Setting parameters
inputBlocks=/QCD_Pt_170_250_EMEnriched_TuneZ2star_8TeV_pythia6/mario-Summer12-stop-pfele-step1-3d176ac8da5e9dff208d057f4733ca91/USER#130d237e-abcb-4916-a790-d17c846c5c04
inputFiles=/store/user/mario/QCD_Pt_170_250_EMEnriched_TuneZ2star_8TeV_pythia6/Summer12-stop-pfele-step1/3d176ac8da5e9dff208d057f4733ca91/tuple_104_6_Kzf.root;/store/user/mario/QCD_Pt_170_250_EMEnriched_TuneZ2star_8TeV_pythia6/Summer12-stop-pfele-step1/3d176ac8da5e9dff208d057f4733ca91/tuple_105_4_E8X.root;/store/user/mario/QCD_Pt_170_250_EMEnriched_TuneZ2star_8TeV_pythia6/Summer12-stop-pfele-step1/3d176ac8da5e9dff208d057f4733ca91/tuple_106_3_3Zo.root;/store/user/mario/QCD_Pt_170_250_EMEnriched_TuneZ2star_8TeV_pythia6/Summer12-stop-pfele-step1/3d176ac8da5e9dff208d057f4733ca91/tuple_107_6_ViS.root;/store/user/mario/QCD_Pt_170_250_EMEnriched_TuneZ2star_8TeV_pythia6/Summer12-stop-pfele-step1/3d176ac8da5e9dff208d057f4733ca91/tuple_108_5_HuU.root
parentFiles=
lumisRange=
>>> Executable cmsRun
/cvmfs/cms.cern.ch/slc5_amd64_gcc462/cms/cmssw/CMSSW_5_3_5/bin/slc5_amd64_gcc462/cmsRun
ok executable found
>>> info for dashboard:
***** Cat /home/cms016/home_crmrs_184671300/CREAM184671300/glide_ZC9183/execute/dir_4583/jobreport.txt *****
MonitorJobID=95_https://submit-2.t2.ucsd.edu//121127//17530.94
MonitorID=liis_crab_0_121127_012908_ngk079
ExeStart=cmsRun
***** End Cat jobreport *****
Parameters sent to Dashboard.
>>> cmsRun started at Tue Nov 27 00:31:25 UTC 2012
>>> cmsRun ended at Tue Nov 27 00:40:09 UTC 2012
>>> info for dashboard:
***** Cat /home/cms016/home_crmrs_184671300/CREAM184671300/glide_ZC9183/execute/dir_4583/jobreport.txt *****
MonitorJobID=95_https://submit-2.t2.ucsd.edu//121127//17530.94
MonitorID=liis_crab_0_121127_012908_ngk079
ExeEnd=cmsRun
***** End Cat jobreport *****
Parameters sent to Dashboard.
TIME_EXE = 524 sec
>>> cmsRun wrote 119 lines of stdout+stderr
>>> START OF printout of 119 lines from stdout+stderr
27-Nov-2012 02:31:50 EET  Initiating request to open file file:/hdfs/cms/store/user/mario/QCD_Pt_170_250_EMEnriched_TuneZ2star_8TeV_pythia6/Summer12-stop-pfele-step1/3d176ac8da5e9dff208d057f4733ca91/tuple_104_6_Kzf.root
27-Nov-2012 02:31:57 EET  Successfully opened file file:/hdfs/cms/store/user/mario/QCD_Pt_170_250_EMEnriched_TuneZ2star_8TeV_pythia6/Summer12-stop-pfele-step1/3d176ac8da5e9dff208d057f4733ca91/tuple_104_6_Kzf.root
Begin processing the 1st record. Run 1, Event 85717439, LumiSection 26432 at 27-Nov-2012 02:32:16.224 EET
Begin processing the 1001st record. Run 1, Event 84261229, LumiSection 25983 at 27-Nov-2012 02:32:25.437 EET
Begin processing the 2001st record. Run 1, Event 208046629, LumiSection 64153 at 27-Nov-2012 02:32:27.891 EET
Begin processing the 3001st record. Run 1, Event 211529783, LumiSection 65227 at 27-Nov-2012 02:32:33.061 EET
Begin processing the 4001st record. Run 1, Event 216248098, LumiSection 66682 at 27-Nov-2012 02:32:36.400 EET
Begin processing the 5001st record. Run 1, Event 153388012, LumiSection 47299 at 27-Nov-2012 02:32:42.529 EET
Begin processing the 6001st record. Run 1, Event 158336684, LumiSection 48825 at 27-Nov-2012 02:32:45.798 EET
Begin processing the 7001st record. Run 1, Event 184526646, LumiSection 56900 at 27-Nov-2012 02:32:52.357 EET
Begin processing the 8001st record. Run 1, Event 189487865, LumiSection 58430 at 27-Nov-2012 02:32:56.674 EET
Begin processing the 9001st record. Run 1, Event 191386629, LumiSection 59016 at 27-Nov-2012 02:33:02.593 EET
Begin processing the 10001st record. Run 1, Event 193455691, LumiSection 59654 at 27-Nov-2012 02:33:06.301 EET
Begin processing the 11001st record. Run 1, Event 189190162, LumiSection 58339 at 27-Nov-2012 02:33:10.740 EET
Begin processing the 12001st record. Run 1, Event 191485655, LumiSection 59046 at 27-Nov-2012 02:33:13.883 EET
27-Nov-2012 02:33:14 EET  Closed file file:/hdfs/cms/store/user/mario/QCD_Pt_170_250_EMEnriched_TuneZ2star_8TeV_pythia6/Summer12-stop-pfele-step1/3d176ac8da5e9dff208d057f4733ca91/tuple_104_6_Kzf.root
27-Nov-2012 02:33:14 EET  Initiating request to open file file:/hdfs/cms/store/user/mario/QCD_Pt_170_250_EMEnriched_TuneZ2star_8TeV_pythia6/Summer12-stop-pfele-step1/3d176ac8da5e9dff208d057f4733ca91/tuple_105_4_E8X.root
27-Nov-2012 02:33:14 EET  Successfully opened file file:/hdfs/cms/store/user/mario/QCD_Pt_170_250_EMEnriched_TuneZ2star_8TeV_pythia6/Summer12-stop-pfele-step1/3d176ac8da5e9dff208d057f4733ca91/tuple_105_4_E8X.root
Begin processing the 13001st record. Run 1, Event 62134453, LumiSection 19160 at 27-Nov-2012 02:33:35.655 EET
Begin processing the 14001st record. Run 1, Event 75667432, LumiSection 23333 at 27-Nov-2012 02:33:39.651 EET
Begin processing the 15001st record. Run 1, Event 76386575, LumiSection 23555 at 27-Nov-2012 02:33:44.937 EET
Begin processing the 16001st record. Run 1, Event 78040066, LumiSection 24065 at 27-Nov-2012 02:33:48.980 EET
Begin processing the 17001st record. Run 1, Event 80470896, LumiSection 24814 at 27-Nov-2012 02:33:54.515 EET
Begin processing the 18001st record. Run 1, Event 83386096, LumiSection 25713 at 27-Nov-2012 02:34:02.079 EET
Begin processing the 19001st record. Run 1, Event 186788488, LumiSection 57598 at 27-Nov-2012 02:34:10.606 EET
Begin processing the 20001st record. Run 1, Event 188684717, LumiSection 58183 at 27-Nov-2012 02:34:14.256 EET
Begin processing the 21001st record. Run 1, Event 192280988, LumiSection 59292 at 27-Nov-2012 02:34:22.510 EET
Begin processing the 22001st record. Run 1, Event 192464532, LumiSection 59348 at 27-Nov-2012 02:34:26.871 EET
Begin processing the 23001st record. Run 1, Event 204685312, LumiSection 63117 at 27-Nov-2012 02:34:33.687 EET
Begin processing the 24001st record. Run 1, Event 208861950, LumiSection 64404 at 27-Nov-2012 02:34:37.993 EET
Begin processing the 25001st record. Run 1, Event 135664776, LumiSection 41834 at 27-Nov-2012 02:34:43.359 EET
Begin processing the 26001st record. Run 1, Event 163522266, LumiSection 50424 at 27-Nov-2012 02:34:46.594 EET
Begin processing the 27001st record. Run 1, Event 175287233, LumiSection 54051 at 27-Nov-2012 02:34:51.837 EET
Begin processing the 28001st record. Run 1, Event 125917932, LumiSection 38828 at 27-Nov-2012 02:34:55.756 EET
Begin processing the 29001st record. Run 1, Event 127195518, LumiSection 39222 at 27-Nov-2012 02:35:01.813 EET
Begin processing the 30001st record. Run 1, Event 128045194, LumiSection 39484 at 27-Nov-2012 02:35:06.802 EET
Begin processing the 31001st record. Run 1, Event 128479286, LumiSection 39618 at 27-Nov-2012 02:35:14.858 EET
Begin processing the 32001st record. Run 1, Event 136096886, LumiSection 41967 at 27-Nov-2012 02:35:18.985 EET
Begin processing the 33001st record. Run 1, Event 126163866, LumiSection 38904 at 27-Nov-2012 02:35:23.621 EET
27-Nov-2012 02:35:25 EET  Closed file file:/hdfs/cms/store/user/mario/QCD_Pt_170_250_EMEnriched_TuneZ2star_8TeV_pythia6/Summer12-stop-pfele-step1/3d176ac8da5e9dff208d057f4733ca91/tuple_105_4_E8X.root
27-Nov-2012 02:35:25 EET  Initiating request to open file file:/hdfs/cms/store/user/mario/QCD_Pt_170_250_EMEnriched_TuneZ2star_8TeV_pythia6/Summer12-stop-pfele-step1/3d176ac8da5e9dff208d057f4733ca91/tuple_106_3_3Zo.root
27-Nov-2012 02:35:25 EET  Successfully opened file file:/hdfs/cms/store/user/mario/QCD_Pt_170_250_EMEnriched_TuneZ2star_8TeV_pythia6/Summer12-stop-pfele-step1/3d176ac8da5e9dff208d057f4733ca91/tuple_106_3_3Zo.root
Begin processing the 34001st record. Run 1, Event 126948403, LumiSection 39146 at 27-Nov-2012 02:35:44.299 EET
Begin processing the 35001st record. Run 1, Event 127222242, LumiSection 39230 at 27-Nov-2012 02:35:48.405 EET
Begin processing the 36001st record. Run 1, Event 124585130, LumiSection 38417 at 27-Nov-2012 02:35:53.434 EET
Begin processing the 37001st record. Run 1, Event 126498287, LumiSection 39007 at 27-Nov-2012 02:35:56.975 EET
Begin processing the 38001st record. Run 1, Event 126903271, LumiSection 39132 at 27-Nov-2012 02:36:02.805 EET
Begin processing the 39001st record. Run 1, Event 129514318, LumiSection 39937 at 27-Nov-2012 02:36:07.527 EET
Begin processing the 40001st record. Run 1, Event 131530989, LumiSection 40559 at 27-Nov-2012 02:36:12.504 EET
Begin processing the 41001st record. Run 1, Event 159774027, LumiSection 49268 at 27-Nov-2012 02:36:16.870 EET
Begin processing the 42001st record. Run 1, Event 118618486, LumiSection 36577 at 27-Nov-2012 02:36:23.637 EET
Begin processing the 43001st record. Run 1, Event 119917141, LumiSection 36978 at 27-Nov-2012 02:36:27.650 EET
Begin processing the 44001st record. Run 1, Event 120947297, LumiSection 37295 at 27-Nov-2012 02:36:34.580 EET
Begin processing the 45001st record. Run 1, Event 122301646, LumiSection 37713 at 27-Nov-2012 02:36:38.652 EET
Begin processing the 46001st record. Run 1, Event 123102445, LumiSection 37960 at 27-Nov-2012 02:36:44.138 EET
Begin processing the 47001st record. Run 1, Event 123220452, LumiSection 37996 at 27-Nov-2012 02:36:47.347 EET
Begin processing the 48001st record. Run 1, Event 153159600, LumiSection 47228 at 27-Nov-2012 02:36:52.155 EET
Begin processing the 49001st record. Run 1, Event 154140917, LumiSection 47531 at 27-Nov-2012 02:36:55.682 EET
Begin processing the 50001st record. Run 1, Event 108654342, LumiSection 33505 at 27-Nov-2012 02:37:00.701 EET
Begin processing the 51001st record. Run 1, Event 132817009, LumiSection 40955 at 27-Nov-2012 02:37:04.124 EET
Begin processing the 52001st record. Run 1, Event 150473295, LumiSection 46400 at 27-Nov-2012 02:37:09.722 EET
Begin processing the 53001st record. Run 1, Event 152223233, LumiSection 46940 at 27-Nov-2012 02:37:14.015 EET
Begin processing the 54001st record. Run 1, Event 152764066, LumiSection 47106 at 27-Nov-2012 02:37:18.702 EET
Begin processing the 55001st record. Run 1, Event 153756966, LumiSection 47412 at 27-Nov-2012 02:37:22.271 EET
27-Nov-2012 02:37:23 EET  Closed file file:/hdfs/cms/store/user/mario/QCD_Pt_170_250_EMEnriched_TuneZ2star_8TeV_pythia6/Summer12-stop-pfele-step1/3d176ac8da5e9dff208d057f4733ca91/tuple_106_3_3Zo.root
27-Nov-2012 02:37:23 EET  Initiating request to open file file:/hdfs/cms/store/user/mario/QCD_Pt_170_250_EMEnriched_TuneZ2star_8TeV_pythia6/Summer12-stop-pfele-step1/3d176ac8da5e9dff208d057f4733ca91/tuple_107_6_ViS.root
27-Nov-2012 02:37:23 EET  Successfully opened file file:/hdfs/cms/store/user/mario/QCD_Pt_170_250_EMEnriched_TuneZ2star_8TeV_pythia6/Summer12-stop-pfele-step1/3d176ac8da5e9dff208d057f4733ca91/tuple_107_6_ViS.root
Begin processing the 56001st record. Run 1, Event 106944354, LumiSection 32977 at 27-Nov-2012 02:37:43.360 EET
Begin processing the 57001st record. Run 1, Event 122928502, LumiSection 37906 at 27-Nov-2012 02:37:46.692 EET
Begin processing the 58001st record. Run 1, Event 150985045, LumiSection 46558 at 27-Nov-2012 02:37:51.719 EET
Begin processing the 59001st record. Run 1, Event 117077604, LumiSection 36102 at 27-Nov-2012 02:37:56.033 EET
Begin processing the 60001st record. Run 1, Event 130909087, LumiSection 40367 at 27-Nov-2012 02:38:02.050 EET
Begin processing the 61001st record. Run 1, Event 155425127, LumiSection 47927 at 27-Nov-2012 02:38:05.945 EET
Begin processing the 62001st record. Run 1, Event 120813934, LumiSection 37254 at 27-Nov-2012 02:38:11.284 EET
Begin processing the 63001st record. Run 1, Event 154317292, LumiSection 47585 at 27-Nov-2012 02:38:15.789 EET
Begin processing the 64001st record. Run 1, Event 208700824, LumiSection 64355 at 27-Nov-2012 02:38:20.977 EET
Begin processing the 65001st record. Run 1, Event 168973003, LumiSection 52104 at 27-Nov-2012 02:38:24.686 EET
Begin processing the 66001st record. Run 1, Event 169195625, LumiSection 52173 at 27-Nov-2012 02:38:31.333 EET
Begin processing the 67001st record. Run 1, Event 169288927, LumiSection 52202 at 27-Nov-2012 02:38:35.221 EET
Begin processing the 68001st record. Run 1, Event 168550696, LumiSection 51974 at 27-Nov-2012 02:38:40.722 EET
Begin processing the 69001st record. Run 1, Event 169211067, LumiSection 52178 at 27-Nov-2012 02:38:44.402 EET
Begin processing the 70001st record. Run 1, Event 171346221, LumiSection 52836 at 27-Nov-2012 02:38:50.252 EET
Begin processing the 71001st record. Run 1, Event 109006295, LumiSection 33613 at 27-Nov-2012 02:38:53.863 EET
Begin processing the 72001st record. Run 1, Event 110036972, LumiSection 33931 at 27-Nov-2012 02:38:59.298 EET
Begin processing the 73001st record. Run 1, Event 116323542, LumiSection 35870 at 27-Nov-2012 02:39:02.934 EET
Begin processing the 74001st record. Run 1, Event 116759362, LumiSection 36004 at 27-Nov-2012 02:39:07.915 EET
Begin processing the 75001st record. Run 1, Event 122635975, LumiSection 37816 at 27-Nov-2012 02:39:11.607 EET
Begin processing the 76001st record. Run 1, Event 120964403, LumiSection 37301 at 27-Nov-2012 02:39:16.589 EET
27-Nov-2012 02:39:19 EET  Closed file file:/hdfs/cms/store/user/mario/QCD_Pt_170_250_EMEnriched_TuneZ2star_8TeV_pythia6/Summer12-stop-pfele-step1/3d176ac8da5e9dff208d057f4733ca91/tuple_107_6_ViS.root
27-Nov-2012 02:39:19 EET  Initiating request to open file file:/hdfs/cms/store/user/mario/QCD_Pt_170_250_EMEnriched_TuneZ2star_8TeV_pythia6/Summer12-stop-pfele-step1/3d176ac8da5e9dff208d057f4733ca91/tuple_108_5_HuU.root
27-Nov-2012 02:39:20 EET  Successfully opened file file:/hdfs/cms/store/user/mario/QCD_Pt_170_250_EMEnriched_TuneZ2star_8TeV_pythia6/Summer12-stop-pfele-step1/3d176ac8da5e9dff208d057f4733ca91/tuple_108_5_HuU.root
Begin processing the 77001st record. Run 1, Event 109978184, LumiSection 33913 at 27-Nov-2012 02:39:32.272 EET
Begin processing the 78001st record. Run 1, Event 117055603, LumiSection 36095 at 27-Nov-2012 02:39:35.597 EET
Begin processing the 79001st record. Run 1, Event 113788180, LumiSection 35088 at 27-Nov-2012 02:39:41.050 EET
Begin processing the 80001st record. Run 1, Event 116785991, LumiSection 36012 at 27-Nov-2012 02:39:44.446 EET
Begin processing the 81001st record. Run 1, Event 117876072, LumiSection 36348 at 27-Nov-2012 02:39:48.992 EET
Begin processing the 82001st record. Run 1, Event 177711723, LumiSection 54799 at 27-Nov-2012 02:39:52.364 EET
Begin processing the 83001st record. Run 1, Event 178861393, LumiSection 55154 at 27-Nov-2012 02:39:55.642 EET
Begin processing the 84001st record. Run 1, Event 181002938, LumiSection 55814 at 27-Nov-2012 02:40:01.262 EET
Begin processing the 85001st record. Run 1, Event 19564069, LumiSection 6033 at 27-Nov-2012 02:40:04.795 EET
27-Nov-2012 02:40:08 EET  Closed file file:/hdfs/cms/store/user/mario/QCD_Pt_170_250_EMEnriched_TuneZ2star_8TeV_pythia6/Summer12-stop-pfele-step1/3d176ac8da5e9dff208d057f4733ca91/tuple_108_5_HuU.root

=============================================

MessageLogger Summary

 type     category        sev    module        subroutine        count    total
 ---- -------------------- -- ---------------- ----------------  -----    -----
    1 fileAction           -s file_close                             5        5
    2 fileAction           -s file_open                             10       10

 type    category    Examples: run/evt        run/evt          run/evt
 ---- -------------------- ---------------- ---------------- ----------------
    1 fileAction           PostProcessEvent PostProcessEvent PostEndRun
    2 fileAction           pre-events       pre-events       PostProcessEvent

Severity    # Occurrences   Total Occurrences
--------    -------------   -----------------
System                 15                  15
>>> END OF printout of 119 lines from stdout+stderr
>>> Parse FrameworkJobReport crab_fjr.xml
Result of parsing the FrameworkJobReport crab_fjr.xml: Popularity start
lumisRange : 1::6033,6045,7000,7117,26815,33891,33913,33920,33975,34061,34110,34115,34175,34353,34469,34535,34760,34800,35088,35253,35623,35635,35674,35749,35946,36012,36090,36095,36181,36196,36276,36303,36348,36351,36365,36425,36448,36501,36521,36532,37053,37684,37754,37789,54799,54830,54835,54890,55060,55139,55154,55163,55173,55766,55783,55793,55808,55814,55839,55860,55890,55903,56070,56072,56088,56110::1;1::19160,21161,21509,23093,23207,23290,23333,23411,23440,23465,23499,23506,23555,23655,23807,23809,23887,24013,24065,24071,24102,24240,24272,24310,24353-24354,24472-24473,24498,24515,24630,24675,24689,24752,24758,24782,24814,24828,24928,25014,25055,25556,25713,26846,38347,38402,38474,38556,38610,38613,38658,38666,38683,38698,38706,38708,38736,38748,38797,38806,38820,38828,38904,38933,38977,39073,39102,39104,39125,39137,39149,39160,39167,39180,39183,39186,39222,39308,39406,39443,39484,39550,39618,39630,39789,39840,39854,39873,40723,40755,40815,40947,41678,41690,41834,41840,41964,41967,42286,42288,46523,47744,49570,49572,49683-49684,49974,49979,50424,50426,51012,51069,52770-52771,53028,53031,53996,54051,57167,57174,57257,57598,57663,57674,57701,57818,58072,58146,58183,58384,58484,59017,59035,59050,59097,59100,59192-59193,59212,59257,59265,59273,59292,59325,59348,59360,59373,59378,59408,59584,59593,59614,59626,59648,59674,62469,62536,63117,63178,63327,63387,63738,63769,63902,63960,64004,64135,64276,64404::2;1::33505,33767,33818,35529,35586,36260,36577,36604,36637,36647,36668,36760,36768,36798,36807,36978-36979,37000,37017,37217,37281,37295,37313,37374,37419,37430,37504,37547-37548,37557-37558,37655,37693,37713,37719,37731,37780,37786,37794,37837,37917,37922,37934,37947,37960,37964,37993,37996,38082,38332,38388,38395,38417,38441,38485,38491,38515,38523,38529,38534,38578,38594,38605,38639,38682,38685,38710,38774,38800,38820,38827,38844,38882,39007,39052,39067,39083,39089,39091-39092,39106-39107,39119,39121,39132,39146,39173,39192,39224,39230,39556,39566,39682,39749,39805,39842,39914,39937,40275,40405,40409,40523,40559,40940,40955,41082,41086,41272,41284,41445,41448,41731,41743,46272,46338,46388,46400,46406,46478,46504,46566,46570,46616,46914,46940,46949,46965,47060,47067,47104,47106,47108,47140,47193,47196,47213,47228-47229,47254,47269,47272,47275,47308,47310,47333,47344,47349,47352,47362,47400,47403,47412,47427,47437,47512,47531,47600,47607,47618,47621,47633,47836-47837,47890,48192,49266,49268,49339-49340::3;1::4799,4801,6465,6488,18385,18707,30011,30964,32701,32811,32977,33522,33613,33619,33784,33844,33852,33885,33891,33931,33950,34012,34254,34280,34286,34356,34540,34751,34941,35420,35853,35870,35875,35905,35991-35992,36004,36044,36071,36102,36140,36155,36270,36347,36353,36541,36586,36650,36666,36740,36752,36759,36766,36783,36808,36840,36849,36862,36900,37045,37141,37254,37301,37477,37501,37585,37595,37612,37636,37816,37847,37906,37933,37938,37968,38022,38060,38254,38433,38571,38739,38857,40367-40368,40766,40774,41346,41380,41436,41444,46354,46465,46472,46545-46546,46558,46623,46657,47150,47169,47270,47437,47544,47570,47585,47603,47608,47615,47758,47927,47953,48205,48239,51547-51548,51818-51819,51937-51938,51973-51974,52007-52008,52068-52069,52074-52077,52104,52106,52123-52124,52134-52135,52165,52167-52169,52173-52174,52177-52178,52182,52187-52188,52193-52194,52202-52203,52210-52211,52787,52790,52800-52801,52836-52837,53765,53784,53793,64157,64274,64313,64355,64518,65385::4;1::25566,25572,25726,25768,25815,25893,25904,25983,26141,26432,26917,26952,27584,46981,47015,47115,47173,47282,47299,47779,47809,48200,48213,48215,48259,48268,48372,48388,48397,48494,48541,48644,48825,56900,57156,57651,57985,58038,58149,58158,58243,58252,58260,58266,58270,58282,58289-58290,58327,58338-58339,58369,58430,58538,58645,58686,58706,58740,58770,58965,59016,59046,59100,59115,59127,59276,59280,59400,59514,59546,59562,59586,59644,59654,63692,64035,64117,64153,64288,64325,64408,64445,64554,64563,64809,65227,65405,65734,66358,66432,66442,66468,66609,66682,66735,66807::5;
lumisParentRange : 
Basename : /store/user/mario/QCD_Pt_170_250_EMEnriched_TuneZ2star_8TeV_pythia6/Summer12-stop-pfele-step1/3d176ac8da5e9dff208d057f4733ca91/tuple_10
BasenameParent : 
parentFiles : 
inputBlocks : /QCD_Pt_170_250_EMEnriched_TuneZ2star_8TeV_pythia6/mario-Summer12-stop-pfele-step1-3d176ac8da5e9dff208d057f4733ca91/USER#130d237e-abcb-4916-a790-d17c846c5c04
inputFiles : 8_5_HuU.root::1::EDM::Local::1;5_4_E8X.root::1::EDM::Local::2;6_3_3Zo.root::1::EDM::Local::3;7_6_ViS.root::1::EDM::Local::4;4_6_Kzf.root::1::EDM::Local::5;
Popularity stop
Extracted ExitStatus from FrameworkJobReport parsing output: 0
>>> Executable succeded  0
ExeExitCode=0
EXECUTABLE_EXIT_STATUS = 0
>>> current directory /home/cms016/home_crmrs_184671300/CREAM184671300/glide_ZC9183/execute/dir_4583/CMSSW_5_3_5
>>>  (SOFTWARE_DIR): /home/cms016/home_crmrs_184671300/CREAM184671300/glide_ZC9183/execute/dir_4583/CMSSW_5_3_5
>>> (WORKING_DIR): 
>>> current directory content:
total 156
drwxr-xr-x 3 cms016 cms  4096 Nov 27 02:31 .SCRAM
-rw-r--r-- 1 cms016 cms 30066 Nov 27 02:31 CMSSW.py.pkl
drwxr-xr-x 3 cms016 cms  4096 Nov 27 02:31 bin
drwxr-xr-x 3 cms016 cms  4096 Nov 27 02:31 cfipython
drwxr-xr-x 5 cms016 cms  4096 Nov 27 02:31 config
-rw-r--r-- 1 cms016 cms    17 Nov 27 02:40 cpu_timing.txt
drwxr-xr-x 2 cms016 cms  4096 Nov 27 02:31 doc
-rw-r--r-- 1 cms016 cms 13518 Nov 27 02:40 executable.out
drwxr-xr-x 2 cms016 cms  4096 Nov 27 02:31 include
drwxrwxrwx 3 cms016 cms  4096 Oct 22 16:38 lib
drwxr-xr-x 3 cms016 cms  4096 Nov 27 02:31 logs
drwxr-xr-x 3 cms016 cms  4096 Nov 27 02:31 objs
-rw-r--r-- 1 cms016 cms 17788 Nov 27 02:40 optHistograms.root
-rw-r--r-- 1 cms016 cms   104 Nov 27 02:31 pset.py
-rw-r--r-- 1 cms016 cms 19507 Nov 27 02:31 pset.py.pkl
-rw-r--r-- 1 cms016 cms   289 Nov 27 02:31 pset.pyc
drwxr-xr-x 2 cms016 cms  4096 Nov 27 02:31 python
-rw-r--r-- 1 cms016 cms   420 Nov 27 02:40 report.log
drwxrwxrwx 4 cms016 cms  4096 Nov 27 02:31 src
drwxr-xr-x 3 cms016 cms  4096 Nov 27 02:31 test
drwxr-xr-x 3 cms016 cms  4096 Nov 27 02:31 tmp
>>> current directory /home/cms016/home_crmrs_184671300/CREAM184671300/glide_ZC9183/execute/dir_4583/CMSSW_5_3_5
>>> (SOFTWARE_DIR): /home/cms016/home_crmrs_184671300/CREAM184671300/glide_ZC9183/execute/dir_4583/CMSSW_5_3_5
>>> (WORKING_DIR): 
>>> current directory content:
total 136
drwxr-xr-x 3 cms016 cms  4096 Nov 27 02:31 .SCRAM
-rw-r--r-- 1 cms016 cms 30066 Nov 27 02:31 CMSSW.py.pkl
drwxr-xr-x 3 cms016 cms  4096 Nov 27 02:31 bin
drwxr-xr-x 3 cms016 cms  4096 Nov 27 02:31 cfipython
drwxr-xr-x 5 cms016 cms  4096 Nov 27 02:31 config
-rw-r--r-- 1 cms016 cms    17 Nov 27 02:40 cpu_timing.txt
drwxr-xr-x 2 cms016 cms  4096 Nov 27 02:31 doc
-rw-r--r-- 1 cms016 cms 13518 Nov 27 02:40 executable.out
drwxr-xr-x 2 cms016 cms  4096 Nov 27 02:31 include
drwxrwxrwx 3 cms016 cms  4096 Oct 22 16:38 lib
drwxr-xr-x 3 cms016 cms  4096 Nov 27 02:31 logs
drwxr-xr-x 3 cms016 cms  4096 Nov 27 02:31 objs
-rw-r--r-- 1 cms016 cms   104 Nov 27 02:31 pset.py
-rw-r--r-- 1 cms016 cms 19507 Nov 27 02:31 pset.py.pkl
-rw-r--r-- 1 cms016 cms   289 Nov 27 02:31 pset.pyc
drwxr-xr-x 2 cms016 cms  4096 Nov 27 02:31 python
-rw-r--r-- 1 cms016 cms   420 Nov 27 02:40 report.log
drwxrwxrwx 4 cms016 cms  4096 Nov 27 02:31 src
drwxr-xr-x 3 cms016 cms  4096 Nov 27 02:31 test
drwxr-xr-x 3 cms016 cms  4096 Nov 27 02:31 tmp
>>> current directory (RUNTIME_AREA):  /home/cms016/home_crmrs_184671300/CREAM184671300/glide_ZC9183/execute/dir_4583
>>> current dir: /home/cms016/home_crmrs_184671300/CREAM184671300/glide_ZC9183/execute/dir_4583
>>> current dir content:
total 25792
-rw-rw-rw-  1 cms016 cms     5576 Nov 27 02:30 .job.ad
-rw-rw-rw-  1 cms016 cms    11335 Nov 27 02:30 .machine.ad
-rw-rw-rw-  1 cms016 cms      105 Nov 27 01:29 CMSSW.py
-rw-rw-rw-  1 cms016 cms    30066 Nov 27 01:29 CMSSW.py.pkl
-rwxrw-rw-  1 cms016 cms    23341 Nov 27 02:31 CMSSW.sh
drwxr-xr-x 15 cms016 cms     4096 Nov 27 02:40 CMSSW_5_3_5
-rw-rw-rw-  1 cms016 cms        0 Nov 27 02:31 CMSSW_95.stderr
-rw-rw-rw-  1 cms016 cms    29542 Nov 27 02:40 CMSSW_95.stdout
-rw-r--r--  1 cms016 cms      346 Nov 27 02:31 CacheEnv.sh
-rw-rw-rw-  1 cms016 cms     7291 Jun  9  2010 DashboardAPI.py
-rw-r--r--  1 cms016 cms     6868 Nov 27 02:31 DashboardAPI.pyc
drwxrwxrwx  3 cms016 cms     4096 Nov 27 02:40 IMProv
-rw-rw-rw-  1 cms016 cms     2748 Mar  8  2006 Logger.py
-rw-r--r--  1 cms016 cms     3348 Nov 27 02:31 Logger.pyc
-rw-rw-rw-  1 cms016 cms    24524 Mar 28  2008 ProcInfo.py
-rw-r--r--  1 cms016 cms    23446 Nov 27 02:31 ProcInfo.pyc
drwxrwxrwx  7 cms016 cms     4096 Nov 27 02:31 ProdCommon
drwxrwxrwx  3 cms016 cms     4096 Nov 27 02:31 WMCore
-rw-r--r--  1 cms016 cms     2429 Nov 27 02:39 Watchdog_95.log
-rw-rw-rw-  1 cms016 cms    32895 Mar 28  2008 apmon.py
-rw-r--r--  1 cms016 cms    28845 Nov 27 02:31 apmon.pyc
-rw-rw-rw-  1 cms016 cms   100215 Nov 27 02:31 arguments.xml
-rwxrwxrwx  1 cms016 cms    37427 Sep 13 14:14 cmscp.py
-rwxrwxrwx  1 cms016 cms    23341 Nov 27 02:31 condor_exec.exe
-rw-rw-rw-  1 cms016 cms      546 Nov 27 01:29 crab.cfg
-rwxrwxrwx  1 cms016 cms     9531 Sep 20 21:46 crabWatchdog.sh
-rw-r--r--  1 cms016 cms    48339 Nov 27 02:40 crab_fjr_95.xml
-rw-rw-rw-  1 cms016 cms 25796303 Nov 27 02:31 default.tgz
-rwxrwxrwx  1 cms016 cms     4488 May 12  2012 fillCrabFjr.py
-rw-r--r--  1 cms016 cms      946 Nov 27 02:31 inputsReport.txt
-rw-r--r--  1 cms016 cms      132 Nov 27 02:40 jobreport.txt
lrwxrwxrwx  1 cms016 cms      106 Nov 27 02:40 optHistograms.root -> /home/cms016/home_crmrs_184671300/CREAM184671300/glide_ZC9183/execute/dir_4583/optHistograms_95_1_yKJ.root
-rw-r--r--  1 cms016 cms    17788 Nov 27 02:40 optHistograms_95_1_yKJ.root
-rw-rw-rw-  1 cms016 cms    17352 Jan 20  2012 parseCrabFjr.py
-rw-r--r--  1 cms016 cms      283 Nov 27 02:31 report.log
-rwxrwxrwx  1 cms016 cms     1497 May 27  2009 report.py
-rwxrwxrwx  1 cms016 cms     8387 Mar 23  2011 writeCfg.py
-rw-------  1 cms016 cms     8687 Nov 27 02:30 x509up_u1000009
Checking output files:  
will tar file optHistograms_95_1_yKJ.root in  out_files_95
will tar file crab_fjr_95.xml in  out_files_95
will tar file CMSSW_95.stdout in  out_files_95
will tar file CMSSW_95.stderr in  out_files_95
WARNING: output file Watchdog_95.log.gz not found!
>>> padding time: Sleeping the wrapper for 47 seconds
STOPPING WATCHDOG. CrabWatchdog PID is 5394
********** LAST 50 LINES OF WATCHDOG LOG
# RESOURCE USAGE SUMMARY FOR PROCESS ID  4946
USER       PID %CPU %MEM    VSZ   RSS TTY      STAT START   TIME COMMAND
cms016    4946  0.4  0.0   8956  1488 ?        S    02:31   0:00 /bin/sh /home/cms016/home_crmrs_184671300/CREAM184671300/glide_ZC9183/execute/dir_4583/condor_exec.exe 95 1
 
# LIMITS USED BY THIS WATCHDOG:
# RSS  (KBytes)  : 2300000
# VSZ  (KBytes)  : 100000000
# DISK (MBytes)  : 19000
# CPU  (seconds) : 171600
# WALL (seconds) : 171600
 
# FOLLOWING PRINTOUT TRACKS MAXIMUM VALUES OF RESOURCES USE
# ONE LINE IS PRINTED EACH TIME A MAXIMUM CHANGES
# IF CHANGE WAS IN RSS OR VSZ ALSO PROCID AND COMMAND ARE PRINTED
# THERE IS NO PRINTOUT FOR CPU/WALL TIME INCREASE
 
# TIME			PID	RSS(KB)	VSZ(KB)	Dsk(MB)	tCPU(s)	tWALL(s)	COMMAND
 Nov 27 02:31:14 EET	4582	3592	5768	0	0	24	condor_procd -A /home/cms016/home_crmrs_184671300/CREAM184671300/glide_ZC9183/log/procd_address.STARTD -L /home/cms016/home_crmrs_184671300/CREAM184671300/glide_ZC9183/log/ProcLog.STARTD -R 10000000 -S 60 -C
 Nov 27 02:31:14 EET	4583	5292	9292	0	0	24	condor_starter -f submit-2.t2.ucsd.edu       
 Nov 27 02:31:14 EET	5406	22080	84728	0	0	2	edmConfigHash pset.py        
 Nov 27 02:31:14 EET	---	22080	84728	168	----	----	----
 Nov 27 02:32:19 EET	6656	354020	560744	168	13	56	cmsRun -j /home/cms016/home_crmrs_184671300/CREAM184671300/glide_ZC9183/execute/dir_4583/crab_fjr_95.xml -p pset.py     
 Nov 27 02:34:31 EET	6656	363364	562536	168	95	190	cmsRun -j /home/cms016/home_crmrs_184671300/CREAM184671300/glide_ZC9183/execute/dir_4583/crab_fjr_95.xml -p pset.py     
 Nov 27 02:35:37 EET	6656	363364	563816	168	133	255	cmsRun -j /home/cms016/home_crmrs_184671300/CREAM184671300/glide_ZC9183/execute/dir_4583/crab_fjr_95.xml -p pset.py     
 Nov 27 02:36:42 EET	6656	363728	563816	168	179	318	cmsRun -j /home/cms016/home_crmrs_184671300/CREAM184671300/glide_ZC9183/execute/dir_4583/crab_fjr_95.xml -p pset.py     
 Nov 27 02:37:47 EET	6656	364092	563816	168	220	383	cmsRun -j /home/cms016/home_crmrs_184671300/CREAM184671300/glide_ZC9183/execute/dir_4583/crab_fjr_95.xml -p pset.py     
 Nov 27 02:38:50 EET	6656	365104	563816	168	267	446	cmsRun -j /home/cms016/home_crmrs_184671300/CREAM184671300/glide_ZC9183/execute/dir_4583/crab_fjr_95.xml -p pset.py     
 Nov 27 02:39:53 EET	6656	365104	564328	168	311	510	cmsRun -j /home/cms016/home_crmrs_184671300/CREAM184671300/glide_ZC9183/execute/dir_4583/crab_fjr_95.xml -p pset.py     
 Nov 27 02:40:56 EET	---	365104	564328	169	----	----	----
********** WATCHDOG LOG ENDED
ZIPPING WATCHDOG LOG
Disk space used:
du -sh /home/cms016/home_crmrs_184671300/CREAM184671300/glide_ZC9183/execute/dir_4583
169M	/home/cms016/home_crmrs_184671300/CREAM184671300/glide_ZC9183/execute/dir_4583
>>> info for dashboard:
***** Cat /home/cms016/home_crmrs_184671300/CREAM184671300/glide_ZC9183/execute/dir_4583/jobreport.txt *****
MonitorJobID=95_https://submit-2.t2.ucsd.edu//121127//17530.94
MonitorID=liis_crab_0_121127_012908_ngk079
ExeTime=524
ExeExitCode=0
CrabUserCpuTime=310.83
CrabSysCpuTime=10.45
CrabCpuPercentage=61%
CrabWrapperTime=600
CrabStageoutTime=NULL
***** End Cat jobreport *****
Parameters sent to Dashboard.
optHistograms_95_1_yKJ.root
crab_fjr_95.xml
CMSSW_95.stdout
CMSSW_95.stderr
Watchdog_95.log.gz
tar: .BrokerInfo: Cannot stat: No such file or directory
tar: Error exit delayed from previous errors
Total Output dimension: 28258
WARNING: output files size limit is set to: 50000000
Total Output dimension 28258 is fine.
JOB_EXIT_STATUS = 0
>>> info for dashboard:
***** Cat /home/cms016/home_crmrs_184671300/CREAM184671300/glide_ZC9183/execute/dir_4583/jobreport.txt *****
MonitorJobID=95_https://submit-2.t2.ucsd.edu//121127//17530.94
MonitorID=liis_crab_0_121127_012908_ngk079
JobExitCode=0
***** End Cat jobreport *****
Parameters sent to Dashboard.
optHistograms_95_1_yKJ.root
crab_fjr_95.xml
