This script was generated by crab (version 2.8.3).
Running /home/cms097/home_crobe_930943095/CREAM930943095/glide_S21871/execute/dir_459/condor_exec.exe with 2 positional parameters: 89 1
Today is Tue Nov 27 02:30:50 EET 2012
Job submitted on host wn-v-6464.local
Linux wn-v-6464.local 2.6.32-042stab059.7 #1 SMP Tue Jul 24 19:12:01 MSK 2012 x86_64 x86_64 x86_64 GNU/Linux
>>> current directory (RUNTIME_AREA): /home/cms097/home_crobe_930943095/CREAM930943095/glide_S21871/execute/dir_459
>>> current user: uid=11097(cms097) gid=1400(cms) groups=1400(cms)
>>> voms proxy information:
subject   : /DC=ch/DC=cern/OU=Organic Units/OU=Users/CN=liis/CN=663550/CN=Liis Rebane/CN=proxy/CN=limited proxy
issuer    : /DC=ch/DC=cern/OU=Organic Units/OU=Users/CN=liis/CN=663550/CN=Liis Rebane/CN=proxy
identity  : /DC=ch/DC=cern/OU=Organic Units/OU=Users/CN=liis/CN=663550/CN=Liis Rebane/CN=proxy
type      : limited proxy
strength  : 512 bits
path      : /home/cms097/home_crobe_930943095/CREAM930943095/glide_S21871/execute/dir_459/x509up_u1000009
timeleft  : 23:59:54
key usage : Digital Signature, Key Encipherment, Data Encipherment
=== VO cms extension information ===
VO        : cms
subject   : /DC=ch/DC=cern/OU=Organic Units/OU=Users/CN=liis/CN=663550/CN=Liis Rebane
issuer    : /DC=ch/DC=cern/OU=computers/CN=lcg-voms.cern.ch
attribute : /cms/Role=NULL/Capability=NULL
timeleft  : 190:54:47
uri       : lcg-voms.cern.ch:15002
>>> tar xzf /home/cms097/home_crobe_930943095/CREAM930943095/glide_S21871/execute/dir_459/default.tgz :
Successful untar
>>> Include /home/cms097/home_crobe_930943095/CREAM930943095/glide_S21871/execute/dir_459 in PYTHONPATH:
strip arguments
env var CRAB_UNIQUE_JOB_ID set to: liis_crab_0_121127_012908_ngk079_89_1_u2h
out_files_89
>>> list of expected files on output sandbox
output files: optHistograms_89_1_u2h.root crab_fjr_89.xml CMSSW_89.stdout CMSSW_89.stderr Watchdog_89.log.gz
>>> GridFlavour discovery: 
GridFlavour=LCG
>>> SyncSite discovery: 
SyncSite=T2_EE_Estonia
>>> SyncCE discovery: 
getting SyncCE from CE_ID
SyncCE=oberon.hep.kbfi.ee:8443/cream-pbs-long
>>> info for dashboard:
***** Cat /home/cms097/home_crobe_930943095/CREAM930943095/glide_S21871/execute/dir_459/jobreport.txt *****
MonitorJobID=89_https://submit-2.t2.ucsd.edu//121127//17530.88
SyncGridJobId=https://submit-2.t2.ucsd.edu//121127//17530.88
MonitorID=liis_crab_0_121127_012908_ngk079
GridFlavour=LCG
SyncSite=T2_EE_Estonia
SyncCE=oberon.hep.kbfi.ee:8443/cream-pbs-long
***** End Cat jobreport *****
Parameters sent to Dashboard.
>>> setup environment
set SCRAM ARCH to slc5_amd64_gcc462
SCRAM_ARCH = slc5_amd64_gcc462
>>> setup CMS LCG environment:
set SCRAM ARCH and BUILD_ARCH to slc5_amd64_gcc462 ###
Sourcing environment... 
sourcing /cvmfs/cms.cern.ch/cmsset_default.sh
==> setup cms environment ok
>>> specific cmssw setup environment:
CMSSW_VERSION =  CMSSW_5_3_5
>>> current directory (SOFTWARE_DIR): /home/cms097/home_crobe_930943095/CREAM930943095/glide_S21871/execute/dir_459/CMSSW_5_3_5
PreserveSeeds: <>
IncrementSeeds:<>
{}
WNHostName=wn-v-6464.local
>>> info for dashboard:
***** Cat /home/cms097/home_crobe_930943095/CREAM930943095/glide_S21871/execute/dir_459/jobreport.txt *****
MonitorJobID=89_https://submit-2.t2.ucsd.edu//121127//17530.88
MonitorID=liis_crab_0_121127_012908_ngk079
WNHostName=wn-v-6464.local
***** End Cat jobreport *****
Parameters sent to Dashboard.
crabWatchdog started as process 3245
>>> moving CMSSW software directories in /home/cms097/home_crobe_930943095/CREAM930943095/glide_S21871/execute/dir_459/CMSSW_5_3_5
mv: cannot stat `/home/cms097/home_crobe_930943095/CREAM930943095/glide_S21871/execute/dir_459/module/': No such file or directory
>>> Include /home/cms097/home_crobe_930943095/CREAM930943095/glide_S21871/execute/dir_459 in PYTHONPATH:
PYTHONPATH=/home/cms097/home_crobe_930943095/CREAM930943095/glide_S21871/execute/dir_459/:/home/cms097/home_crobe_930943095/CREAM930943095/glide_S21871/execute/dir_459/CMSSW_5_3_5/python:/home/cms097/home_crobe_930943095/CREAM930943095/glide_S21871/execute/dir_459/CMSSW_5_3_5/lib/slc5_amd64_gcc462:/cvmfs/cms.cern.ch/slc5_amd64_gcc462/cms/cmssw/CMSSW_5_3_5/python:/cvmfs/cms.cern.ch/slc5_amd64_gcc462/cms/cmssw/CMSSW_5_3_5/lib/slc5_amd64_gcc462:/cvmfs/cms.cern.ch/slc5_amd64_gcc462/cms/coral/CORAL_2_3_21-cms27/slc5_amd64_gcc462/python:/cvmfs/cms.cern.ch/slc5_amd64_gcc462/cms/coral/CORAL_2_3_21-cms27/slc5_amd64_gcc462/lib:/cvmfs/cms.cern.ch/slc5_amd64_gcc462/external/pyqt/4.8.1/lib/python2.6/site-packages:/cvmfs/cms.cern.ch/slc5_amd64_gcc462/external/py2-scipy/0.8.0/lib/python2.6/site-packages:/cvmfs/cms.cern.ch/slc5_amd64_gcc462/external/py2-matplotlib/1.0.1/lib/python2.6/site-packages:/cvmfs/cms.cern.ch/slc5_amd64_gcc462/external/python-ldap/2.3.5/lib/python2.6/site-packages:/cvmfs/cms.cern.ch/slc5_amd64_gcc462/external/sip/4.11.2/lib/python2.6/site-packages:/cvmfs/cms.cern.ch/slc5_amd64_gcc462/external/py2-pycurl/7.19.0/lib/python2.6/site-packages:/cvmfs/cms.cern.ch/slc5_amd64_gcc462/external/py2-numpy/1.6.1/lib/python2.6/site-packages:/cvmfs/cms.cern.ch/slc5_amd64_gcc462/external/py2-ipython/0.10/lib/python2.6/site-packages:/cvmfs/cms.cern.ch/slc5_amd64_gcc462/external/py2-cx-oracle/5.1-cms11/lib/python2.6/site-packages:/cvmfs/cms.cern.ch/slc5_amd64_gcc462/external/py2-cjson/1.0.5/lib/python2.6/site-packages:/cvmfs/cms.cern.ch/slc5_amd64_gcc462/cms/das-client/1.4.1-cms8/bin:/cvmfs/cms.cern.ch/slc5_amd64_gcc462/external/elementtree/1.2.6/share/lib/python2.6/site-packages:/cvmfs/cms.cern.ch/slc5_amd64_gcc462/external/rivet/1.5.1-cms10/lib/python2.6/site-packages:/cvmfs/cms.cern.ch/slc5_amd64_gcc462/external/pyminuit2/0.0.1-cms34/lib/python2.6/site-packages:/cvmfs/cms.cern.ch/slc5_amd64_gcc462/external/professor/1.0.0-cms35/lib/python2.6/site-packages:/cvmfs/cms.cern.ch/slc5_amd64_gcc462/lcg/root/5.32.00-cms18/lib:/cvmfs/cms.cern.ch/slc5_amd64_gcc462/cms/dbs-client/DBS_2_1_1_patch1_1/lib:/cvmfs/cms.cern.ch/slc5_amd64_gcc462/cms/dbs-client/DBS_2_1_1_patch1_1/lib/DBSAPI:/home/cms097/home_crobe_930943095/CREAM930943095/glide_S21871/execute/dir_459/
241a2a19cb7c5c8751ba22759ab3bdb0
PSETHASH = 241a2a19cb7c5c8751ba22759ab3bdb0
/home/cms097/home_crobe_930943095/CREAM930943095/glide_S21871/execute/dir_459/writeCfg.py pset.py pset.py
Importing .py file
Setting parameters
inputBlocks=/QCD_Pt_170_250_EMEnriched_TuneZ2star_8TeV_pythia6/mario-Summer12-stop-pfele-step1-3d176ac8da5e9dff208d057f4733ca91/USER#130d237e-abcb-4916-a790-d17c846c5c04
inputFiles=/store/user/mario/QCD_Pt_170_250_EMEnriched_TuneZ2star_8TeV_pythia6/Summer12-stop-pfele-step1/3d176ac8da5e9dff208d057f4733ca91/tuple_61_9_3uB.root;/store/user/mario/QCD_Pt_170_250_EMEnriched_TuneZ2star_8TeV_pythia6/Summer12-stop-pfele-step1/3d176ac8da5e9dff208d057f4733ca91/tuple_63_5_wki.root;/store/user/mario/QCD_Pt_170_250_EMEnriched_TuneZ2star_8TeV_pythia6/Summer12-stop-pfele-step1/3d176ac8da5e9dff208d057f4733ca91/tuple_64_7_c2u.root;/store/user/mario/QCD_Pt_170_250_EMEnriched_TuneZ2star_8TeV_pythia6/Summer12-stop-pfele-step1/3d176ac8da5e9dff208d057f4733ca91/tuple_65_8_Akg.root;/store/user/mario/QCD_Pt_170_250_EMEnriched_TuneZ2star_8TeV_pythia6/Summer12-stop-pfele-step1/3d176ac8da5e9dff208d057f4733ca91/tuple_66_5_6oz.root
parentFiles=
lumisRange=
>>> Executable cmsRun
/cvmfs/cms.cern.ch/slc5_amd64_gcc462/cms/cmssw/CMSSW_5_3_5/bin/slc5_amd64_gcc462/cmsRun
ok executable found
>>> info for dashboard:
***** Cat /home/cms097/home_crobe_930943095/CREAM930943095/glide_S21871/execute/dir_459/jobreport.txt *****
MonitorJobID=89_https://submit-2.t2.ucsd.edu//121127//17530.88
MonitorID=liis_crab_0_121127_012908_ngk079
ExeStart=cmsRun
***** End Cat jobreport *****
Parameters sent to Dashboard.
>>> cmsRun started at Tue Nov 27 00:31:12 UTC 2012
>>> cmsRun ended at Tue Nov 27 00:40:40 UTC 2012
>>> info for dashboard:
***** Cat /home/cms097/home_crobe_930943095/CREAM930943095/glide_S21871/execute/dir_459/jobreport.txt *****
MonitorJobID=89_https://submit-2.t2.ucsd.edu//121127//17530.88
MonitorID=liis_crab_0_121127_012908_ngk079
ExeEnd=cmsRun
***** End Cat jobreport *****
Parameters sent to Dashboard.
TIME_EXE = 568 sec
>>> cmsRun wrote 119 lines of stdout+stderr
>>> START OF printout of 119 lines from stdout+stderr
27-Nov-2012 02:31:34 EET  Initiating request to open file file:/hdfs/cms/store/user/mario/QCD_Pt_170_250_EMEnriched_TuneZ2star_8TeV_pythia6/Summer12-stop-pfele-step1/3d176ac8da5e9dff208d057f4733ca91/tuple_61_9_3uB.root
27-Nov-2012 02:31:47 EET  Successfully opened file file:/hdfs/cms/store/user/mario/QCD_Pt_170_250_EMEnriched_TuneZ2star_8TeV_pythia6/Summer12-stop-pfele-step1/3d176ac8da5e9dff208d057f4733ca91/tuple_61_9_3uB.root
Begin processing the 1st record. Run 1, Event 146281268, LumiSection 45107 at 27-Nov-2012 02:32:08.970 EET
Begin processing the 1001st record. Run 1, Event 146459491, LumiSection 45162 at 27-Nov-2012 02:32:18.717 EET
Begin processing the 2001st record. Run 1, Event 139898736, LumiSection 43139 at 27-Nov-2012 02:32:22.680 EET
Begin processing the 3001st record. Run 1, Event 142206863, LumiSection 43851 at 27-Nov-2012 02:32:28.619 EET
Begin processing the 4001st record. Run 1, Event 143735854, LumiSection 44322 at 27-Nov-2012 02:32:34.667 EET
Begin processing the 5001st record. Run 1, Event 146572071, LumiSection 45197 at 27-Nov-2012 02:32:41.646 EET
Begin processing the 6001st record. Run 1, Event 146859335, LumiSection 45286 at 27-Nov-2012 02:32:45.376 EET
Begin processing the 7001st record. Run 1, Event 147119780, LumiSection 45366 at 27-Nov-2012 02:32:54.986 EET
Begin processing the 8001st record. Run 1, Event 147313119, LumiSection 45425 at 27-Nov-2012 02:33:00.934 EET
Begin processing the 9001st record. Run 1, Event 147628083, LumiSection 45523 at 27-Nov-2012 02:33:05.842 EET
Begin processing the 10001st record. Run 1, Event 147740897, LumiSection 45557 at 27-Nov-2012 02:33:09.189 EET
Begin processing the 11001st record. Run 1, Event 149056522, LumiSection 45963 at 27-Nov-2012 02:33:13.244 EET
Begin processing the 12001st record. Run 1, Event 149340978, LumiSection 46051 at 27-Nov-2012 02:33:16.641 EET
Begin processing the 13001st record. Run 1, Event 149668408, LumiSection 46152 at 27-Nov-2012 02:33:21.537 EET
27-Nov-2012 02:33:24 EET  Closed file file:/hdfs/cms/store/user/mario/QCD_Pt_170_250_EMEnriched_TuneZ2star_8TeV_pythia6/Summer12-stop-pfele-step1/3d176ac8da5e9dff208d057f4733ca91/tuple_61_9_3uB.root
27-Nov-2012 02:33:24 EET  Initiating request to open file file:/hdfs/cms/store/user/mario/QCD_Pt_170_250_EMEnriched_TuneZ2star_8TeV_pythia6/Summer12-stop-pfele-step1/3d176ac8da5e9dff208d057f4733ca91/tuple_63_5_wki.root
27-Nov-2012 02:33:25 EET  Successfully opened file file:/hdfs/cms/store/user/mario/QCD_Pt_170_250_EMEnriched_TuneZ2star_8TeV_pythia6/Summer12-stop-pfele-step1/3d176ac8da5e9dff208d057f4733ca91/tuple_63_5_wki.root
Begin processing the 14001st record. Run 1, Event 145274193, LumiSection 44797 at 27-Nov-2012 02:33:42.743 EET
Begin processing the 15001st record. Run 1, Event 137914315, LumiSection 42527 at 27-Nov-2012 02:33:46.259 EET
Begin processing the 16001st record. Run 1, Event 140380309, LumiSection 43288 at 27-Nov-2012 02:33:50.839 EET
Begin processing the 17001st record. Run 1, Event 142197550, LumiSection 43848 at 27-Nov-2012 02:33:54.859 EET
Begin processing the 18001st record. Run 1, Event 146333839, LumiSection 45123 at 27-Nov-2012 02:33:58.247 EET
Begin processing the 19001st record. Run 1, Event 146410473, LumiSection 45147 at 27-Nov-2012 02:34:05.568 EET
Begin processing the 20001st record. Run 1, Event 146664730, LumiSection 45226 at 27-Nov-2012 02:34:10.568 EET
Begin processing the 21001st record. Run 1, Event 144848719, LumiSection 44666 at 27-Nov-2012 02:34:16.872 EET
Begin processing the 22001st record. Run 1, Event 145752046, LumiSection 44944 at 27-Nov-2012 02:34:20.675 EET
Begin processing the 23001st record. Run 1, Event 146000630, LumiSection 45021 at 27-Nov-2012 02:34:26.371 EET
Begin processing the 24001st record. Run 1, Event 146119715, LumiSection 45057 at 27-Nov-2012 02:34:30.377 EET
Begin processing the 25001st record. Run 1, Event 146569272, LumiSection 45196 at 27-Nov-2012 02:34:35.369 EET
Begin processing the 26001st record. Run 1, Event 146714673, LumiSection 45241 at 27-Nov-2012 02:34:39.446 EET
Begin processing the 27001st record. Run 1, Event 137546696, LumiSection 42414 at 27-Nov-2012 02:34:46.598 EET
Begin processing the 28001st record. Run 1, Event 140764768, LumiSection 43406 at 27-Nov-2012 02:34:50.322 EET
Begin processing the 29001st record. Run 1, Event 141577676, LumiSection 43657 at 27-Nov-2012 02:34:57.212 EET
Begin processing the 30001st record. Run 1, Event 143557644, LumiSection 44267 at 27-Nov-2012 02:35:00.690 EET
Begin processing the 31001st record. Run 1, Event 144094157, LumiSection 44433 at 27-Nov-2012 02:35:05.322 EET
Begin processing the 32001st record. Run 1, Event 144595594, LumiSection 44587 at 27-Nov-2012 02:35:07.889 EET
Begin processing the 33001st record. Run 1, Event 148146711, LumiSection 45682 at 27-Nov-2012 02:35:13.135 EET
Begin processing the 34001st record. Run 1, Event 148359493, LumiSection 45748 at 27-Nov-2012 02:35:16.879 EET
Begin processing the 35001st record. Run 1, Event 144720418, LumiSection 44626 at 27-Nov-2012 02:35:21.781 EET
27-Nov-2012 02:35:24 EET  Closed file file:/hdfs/cms/store/user/mario/QCD_Pt_170_250_EMEnriched_TuneZ2star_8TeV_pythia6/Summer12-stop-pfele-step1/3d176ac8da5e9dff208d057f4733ca91/tuple_63_5_wki.root
27-Nov-2012 02:35:24 EET  Initiating request to open file file:/hdfs/cms/store/user/mario/QCD_Pt_170_250_EMEnriched_TuneZ2star_8TeV_pythia6/Summer12-stop-pfele-step1/3d176ac8da5e9dff208d057f4733ca91/tuple_64_7_c2u.root
27-Nov-2012 02:35:24 EET  Successfully opened file file:/hdfs/cms/store/user/mario/QCD_Pt_170_250_EMEnriched_TuneZ2star_8TeV_pythia6/Summer12-stop-pfele-step1/3d176ac8da5e9dff208d057f4733ca91/tuple_64_7_c2u.root
Begin processing the 36001st record. Run 1, Event 145424249, LumiSection 44843 at 27-Nov-2012 02:35:52.051 EET
Begin processing the 37001st record. Run 1, Event 145921121, LumiSection 44996 at 27-Nov-2012 02:35:55.894 EET
Begin processing the 38001st record. Run 1, Event 148182449, LumiSection 45694 at 27-Nov-2012 02:36:02.714 EET
Begin processing the 39001st record. Run 1, Event 148615249, LumiSection 45827 at 27-Nov-2012 02:36:06.858 EET
Begin processing the 40001st record. Run 1, Event 148944933, LumiSection 45929 at 27-Nov-2012 02:36:12.461 EET
Begin processing the 41001st record. Run 1, Event 149722034, LumiSection 46168 at 27-Nov-2012 02:36:17.010 EET
Begin processing the 42001st record. Run 1, Event 149791361, LumiSection 46190 at 27-Nov-2012 02:36:23.635 EET
Begin processing the 43001st record. Run 1, Event 136250583, LumiSection 42014 at 27-Nov-2012 02:36:27.506 EET
Begin processing the 44001st record. Run 1, Event 139965506, LumiSection 43160 at 27-Nov-2012 02:36:34.799 EET
Begin processing the 45001st record. Run 1, Event 140736537, LumiSection 43398 at 27-Nov-2012 02:36:40.283 EET
Begin processing the 46001st record. Run 1, Event 148188222, LumiSection 45695 at 27-Nov-2012 02:36:46.650 EET
Begin processing the 47001st record. Run 1, Event 148849614, LumiSection 45899 at 27-Nov-2012 02:36:50.473 EET
Begin processing the 48001st record. Run 1, Event 149630157, LumiSection 46140 at 27-Nov-2012 02:36:58.574 EET
Begin processing the 49001st record. Run 1, Event 147566743, LumiSection 45504 at 27-Nov-2012 02:37:02.471 EET
Begin processing the 50001st record. Run 1, Event 148410125, LumiSection 45764 at 27-Nov-2012 02:37:08.877 EET
Begin processing the 51001st record. Run 1, Event 149510771, LumiSection 46103 at 27-Nov-2012 02:37:13.461 EET
Begin processing the 52001st record. Run 1, Event 147377112, LumiSection 45445 at 27-Nov-2012 02:37:20.940 EET
Begin processing the 53001st record. Run 1, Event 147865746, LumiSection 45596 at 27-Nov-2012 02:37:24.051 EET
Begin processing the 54001st record. Run 1, Event 149067871, LumiSection 45967 at 27-Nov-2012 02:37:31.763 EET
Begin processing the 55001st record. Run 1, Event 149500478, LumiSection 46100 at 27-Nov-2012 02:37:35.975 EET
Begin processing the 56001st record. Run 1, Event 149589871, LumiSection 46128 at 27-Nov-2012 02:37:42.587 EET
Begin processing the 57001st record. Run 1, Event 112288126, LumiSection 34625 at 27-Nov-2012 02:37:46.970 EET
27-Nov-2012 02:37:47 EET  Closed file file:/hdfs/cms/store/user/mario/QCD_Pt_170_250_EMEnriched_TuneZ2star_8TeV_pythia6/Summer12-stop-pfele-step1/3d176ac8da5e9dff208d057f4733ca91/tuple_64_7_c2u.root
27-Nov-2012 02:37:47 EET  Initiating request to open file file:/hdfs/cms/store/user/mario/QCD_Pt_170_250_EMEnriched_TuneZ2star_8TeV_pythia6/Summer12-stop-pfele-step1/3d176ac8da5e9dff208d057f4733ca91/tuple_65_8_Akg.root
27-Nov-2012 02:37:47 EET  Successfully opened file file:/hdfs/cms/store/user/mario/QCD_Pt_170_250_EMEnriched_TuneZ2star_8TeV_pythia6/Summer12-stop-pfele-step1/3d176ac8da5e9dff208d057f4733ca91/tuple_65_8_Akg.root
Begin processing the 58001st record. Run 1, Event 137556485, LumiSection 42417 at 27-Nov-2012 02:38:07.252 EET
Begin processing the 59001st record. Run 1, Event 138207715, LumiSection 42618 at 27-Nov-2012 02:38:11.188 EET
Begin processing the 60001st record. Run 1, Event 141040688, LumiSection 43491 at 27-Nov-2012 02:38:17.851 EET
Begin processing the 61001st record. Run 1, Event 141935895, LumiSection 43767 at 27-Nov-2012 02:38:23.139 EET
Begin processing the 62001st record. Run 1, Event 144750040, LumiSection 44635 at 27-Nov-2012 02:38:28.834 EET
Begin processing the 63001st record. Run 1, Event 140994754, LumiSection 43477 at 27-Nov-2012 02:38:33.308 EET
Begin processing the 64001st record. Run 1, Event 141625707, LumiSection 43672 at 27-Nov-2012 02:38:39.305 EET
Begin processing the 65001st record. Run 1, Event 143516097, LumiSection 44255 at 27-Nov-2012 02:38:43.529 EET
Begin processing the 66001st record. Run 1, Event 144328025, LumiSection 44505 at 27-Nov-2012 02:38:50.146 EET
Begin processing the 67001st record. Run 1, Event 145223580, LumiSection 44781 at 27-Nov-2012 02:38:55.437 EET
Begin processing the 68001st record. Run 1, Event 145495142, LumiSection 44865 at 27-Nov-2012 02:39:02.624 EET
Begin processing the 69001st record. Run 1, Event 147456453, LumiSection 45470 at 27-Nov-2012 02:39:07.408 EET
Begin processing the 70001st record. Run 1, Event 148532922, LumiSection 45802 at 27-Nov-2012 02:39:12.384 EET
Begin processing the 71001st record. Run 1, Event 136048470, LumiSection 41952 at 27-Nov-2012 02:39:16.383 EET
Begin processing the 72001st record. Run 1, Event 137812303, LumiSection 42496 at 27-Nov-2012 02:39:20.896 EET
Begin processing the 73001st record. Run 1, Event 139086075, LumiSection 42889 at 27-Nov-2012 02:39:24.077 EET
Begin processing the 74001st record. Run 1, Event 142503720, LumiSection 43942 at 27-Nov-2012 02:39:30.068 EET
Begin processing the 75001st record. Run 1, Event 143529399, LumiSection 44259 at 27-Nov-2012 02:39:33.668 EET
Begin processing the 76001st record. Run 1, Event 144928946, LumiSection 44690 at 27-Nov-2012 02:39:39.083 EET
Begin processing the 77001st record. Run 1, Event 145404806, LumiSection 44837 at 27-Nov-2012 02:39:43.280 EET
Begin processing the 78001st record. Run 1, Event 146034361, LumiSection 45031 at 27-Nov-2012 02:39:48.884 EET
27-Nov-2012 02:39:52 EET  Closed file file:/hdfs/cms/store/user/mario/QCD_Pt_170_250_EMEnriched_TuneZ2star_8TeV_pythia6/Summer12-stop-pfele-step1/3d176ac8da5e9dff208d057f4733ca91/tuple_65_8_Akg.root
27-Nov-2012 02:39:52 EET  Initiating request to open file file:/hdfs/cms/store/user/mario/QCD_Pt_170_250_EMEnriched_TuneZ2star_8TeV_pythia6/Summer12-stop-pfele-step1/3d176ac8da5e9dff208d057f4733ca91/tuple_66_5_6oz.root
27-Nov-2012 02:39:52 EET  Successfully opened file file:/hdfs/cms/store/user/mario/QCD_Pt_170_250_EMEnriched_TuneZ2star_8TeV_pythia6/Summer12-stop-pfele-step1/3d176ac8da5e9dff208d057f4733ca91/tuple_66_5_6oz.root
Begin processing the 79001st record. Run 1, Event 146436450, LumiSection 45155 at 27-Nov-2012 02:40:10.282 EET
Begin processing the 80001st record. Run 1, Event 140808523, LumiSection 43420 at 27-Nov-2012 02:40:13.865 EET
Begin processing the 81001st record. Run 1, Event 140940012, LumiSection 43460 at 27-Nov-2012 02:40:18.531 EET
Begin processing the 82001st record. Run 1, Event 141507429, LumiSection 43635 at 27-Nov-2012 02:40:22.034 EET
Begin processing the 83001st record. Run 1, Event 147006080, LumiSection 45331 at 27-Nov-2012 02:40:26.745 EET
Begin processing the 84001st record. Run 1, Event 147118310, LumiSection 45365 at 27-Nov-2012 02:40:30.752 EET
Begin processing the 85001st record. Run 1, Event 129705144, LumiSection 39996 at 27-Nov-2012 02:40:34.625 EET
27-Nov-2012 02:40:37 EET  Closed file file:/hdfs/cms/store/user/mario/QCD_Pt_170_250_EMEnriched_TuneZ2star_8TeV_pythia6/Summer12-stop-pfele-step1/3d176ac8da5e9dff208d057f4733ca91/tuple_66_5_6oz.root

=============================================

MessageLogger Summary

 type     category        sev    module        subroutine        count    total
 ---- -------------------- -- ---------------- ----------------  -----    -----
    1 fileAction           -s file_close                             5        5
    2 fileAction           -s file_open                             10       10

 type    category    Examples: run/evt        run/evt          run/evt
 ---- -------------------- ---------------- ---------------- ----------------
    1 fileAction           PostProcessEvent PostProcessEvent PostEndRun
    2 fileAction           pre-events       pre-events       PostProcessEvent

Severity    # Occurrences   Total Occurrences
--------    -------------   -----------------
System                 15                  15
>>> END OF printout of 119 lines from stdout+stderr
>>> Parse FrameworkJobReport crab_fjr.xml
Result of parsing the FrameworkJobReport crab_fjr.xml: Popularity start
lumisRange : 1::41127,41335,42260,42282,42463,43135,43139,43227-43228,43382-43383,43730-43731,43850-43851,44134,44143,44155,44171,44273,44277,44322,44334,44353,44362,44522-44523,45107,45120,45126,45128-45129,45146,45148,45160,45162,45168,45170,45197-45198,45206,45209,45215,45217,45223,45229-45231,45242,45255,45277-45278,45286-45287,45343,45345,45351,45362,45366,45382,45405-45406,45408-45410,45414,45425-45426,45431-45432,45458,45460,45487-45488,45517,45523,45548,45551,45553-45557,45562,45569-45570,45896,45898,45946,45950,45963,45965,45978-45980,45986,45991-45992,46051-46054,46101-46102,46112-46113,46152-46153::1;1::39996,40008,43175,43181,43255,43257,43320,43323,43347,43349,43420-43421,43441,43443,43452,43457-43458,43460,43541,43543,43589-43590,43605-43606,43632,43635,44511,45151-45152,45155,45163,45256-45257,45261-45262,45320,45324,45330-45331,45347-45348,45357-45358,45363-45365,45367,45489-45490,45580,45584,45587-45588::2;1::32630,33228,35036,41461,41508,41734,41737,41762,41841,41952,41954,41979,41992-41993,41995,42139,42148,42252,42254,42417,42431,42496,42501,42504,42511,42519,42525,42579-42580,42618,42653,42666,42698,42711,42726,42728,42770,42834-42835,42889,42892,43314,43316,43476-43477,43485,43488,43490-43491,43496,43500,43507-43508,43536,43565,43568,43615,43625,43662,43664,43668,43670,43672,43766-43767,43790,43805,43884,43891,43931,43942-43943,43959,43969,43971,43973,43981-43982,43985,44081,44087,44191,44198,44242,44250,44252,44255,44258-44259,44270,44279,44291,44301,44308,44310,44313,44315,44321,44332,44468,44470,44505,44508,44527,44531,44552,44595,44610,44613,44634-44635,44650-44651,44690-44691,44723,44726,44730,44734,44738,44740,44781-44783,44785,44792-44793,44812-44813,44816,44824,44837,44839,44858-44859,44861-44862,44865,44867,44881,44883,44924,44927,44935-44936,45027,45029,45031,45033,45079-45080,45105,45115,45151,45453,45455,45465-45466,45470,45472,45541,45543,45626-45627,45720,45725,45802-45803,45981-45982::3;1::32583,32617,42247-42248,42412,42414,42526-42527,42541,42554,42732,42742,42745,42761,42927,42930,43167,43177,43182,43193,43283,43288,43406,43410,43431,43433,43558,43564,43593-43596,43646,43653,43657,43666,43692-43693,43848-43849,43862-43863,43878-43879,44179,44182,44229,44241,44261,44267,44335,44343,44385,44397,44409-44410,44431,44433,44437,44452,44568,44572-44574,44587-44588,44626-44627,44655,44659-44660,44666,44687,44689,44765,44776,44780,44784,44797-44798,44821-44822,44834-44835,44857,44860,44888-44889,44944-44945,44953-44954,45002-45003,45015-45016,45021,45023-45025,45043,45056-45057,45062-45063,45084,45095,45098,45122-45125,45133,45136,45141-45143,45147,45171-45172,45185,45188,45190-45194,45196,45210,45212,45221-45222,45225-45226,45234-45235,45237,45239-45241,45251-45252,45263-45264,45598,45600,45618,45621,45646,45649,45682,45684,45686-45688,45690,45741-45742,45748-45749,45756-45757,45766-45767,45791,45795::4;1::34625,35036,41873-41874,41962,41975,42006,42014,42481,42490,42586,42614,42853,42861,43096,43128,43137,43160,43358,43361,43394,43397-43399,44765,44772,44842-44843,44907-44908,44976,44978,44988,44992,44996,44998,45042,45044,45053,45055,45127,45132,45265,45267,45317,45319,45368-45369,45384-45385,45403-45404,45445,45447,45476,45480,45483-45484,45504-45505,45539-45540,45583,45590,45594-45597,45604-45607,45637-45638,45669,45672,45694-45696,45698,45706-45708,45711-45712,45718,45731-45732,45735,45737-45738,45740,45746-45747,45764,45769,45809,45814,45826-45827,45846-45847,45855-45856,45876,45878,45881,45891-45892,45899-45900,45927,45929,45932-45933,45942,45967-45969,45971,45993,46006-46010,46016-46017,46026-46027,46079-46082,46099-46100,46103-46105,46107,46118-46124,46128,46140-46141,46146-46147,46150-46151,46160-46161,46166,46168,46180-46185,46188-46191::5;
lumisParentRange : 
Basename : /store/user/mario/QCD_Pt_170_250_EMEnriched_TuneZ2star_8TeV_pythia6/Summer12-stop-pfele-step1/3d176ac8da5e9dff208d057f4733ca91/tuple_6
BasenameParent : 
parentFiles : 
inputBlocks : /QCD_Pt_170_250_EMEnriched_TuneZ2star_8TeV_pythia6/mario-Summer12-stop-pfele-step1-3d176ac8da5e9dff208d057f4733ca91/USER#130d237e-abcb-4916-a790-d17c846c5c04
inputFiles : 1_9_3uB.root::1::EDM::Local::1;6_5_6oz.root::1::EDM::Local::2;5_8_Akg.root::1::EDM::Local::3;3_5_wki.root::1::EDM::Local::4;4_7_c2u.root::1::EDM::Local::5;
Popularity stop
Extracted ExitStatus from FrameworkJobReport parsing output: 0
>>> Executable succeded  0
ExeExitCode=0
EXECUTABLE_EXIT_STATUS = 0
>>> current directory /home/cms097/home_crobe_930943095/CREAM930943095/glide_S21871/execute/dir_459/CMSSW_5_3_5
>>>  (SOFTWARE_DIR): /home/cms097/home_crobe_930943095/CREAM930943095/glide_S21871/execute/dir_459/CMSSW_5_3_5
>>> (WORKING_DIR): 
>>> current directory content:
total 156
drwxr-xr-x 3 cms097 cms  4096 Nov 27 02:30 .SCRAM
-rw-r--r-- 1 cms097 cms 30066 Nov 27 02:30 CMSSW.py.pkl
drwxr-xr-x 3 cms097 cms  4096 Nov 27 02:30 bin
drwxr-xr-x 3 cms097 cms  4096 Nov 27 02:30 cfipython
drwxr-xr-x 5 cms097 cms  4096 Nov 27 02:30 config
-rw-r--r-- 1 cms097 cms    17 Nov 27 02:40 cpu_timing.txt
drwxr-xr-x 2 cms097 cms  4096 Nov 27 02:30 doc
-rw-r--r-- 1 cms097 cms 13513 Nov 27 02:40 executable.out
drwxr-xr-x 2 cms097 cms  4096 Nov 27 02:30 include
drwxrwxrwx 3 cms097 cms  4096 Oct 22 16:38 lib
drwxr-xr-x 3 cms097 cms  4096 Nov 27 02:30 logs
drwxr-xr-x 3 cms097 cms  4096 Nov 27 02:30 objs
-rw-r--r-- 1 cms097 cms 17751 Nov 27 02:40 optHistograms.root
-rw-r--r-- 1 cms097 cms   104 Nov 27 02:31 pset.py
-rw-r--r-- 1 cms097 cms 19502 Nov 27 02:31 pset.py.pkl
-rw-r--r-- 1 cms097 cms   289 Nov 27 02:31 pset.pyc
drwxr-xr-x 2 cms097 cms  4096 Nov 27 02:30 python
-rw-r--r-- 1 cms097 cms   420 Nov 27 02:40 report.log
drwxrwxrwx 4 cms097 cms  4096 Nov 27 02:30 src
drwxr-xr-x 3 cms097 cms  4096 Nov 27 02:30 test
drwxr-xr-x 3 cms097 cms  4096 Nov 27 02:30 tmp
>>> current directory /home/cms097/home_crobe_930943095/CREAM930943095/glide_S21871/execute/dir_459/CMSSW_5_3_5
>>> (SOFTWARE_DIR): /home/cms097/home_crobe_930943095/CREAM930943095/glide_S21871/execute/dir_459/CMSSW_5_3_5
>>> (WORKING_DIR): 
>>> current directory content:
total 136
drwxr-xr-x 3 cms097 cms  4096 Nov 27 02:30 .SCRAM
-rw-r--r-- 1 cms097 cms 30066 Nov 27 02:30 CMSSW.py.pkl
drwxr-xr-x 3 cms097 cms  4096 Nov 27 02:30 bin
drwxr-xr-x 3 cms097 cms  4096 Nov 27 02:30 cfipython
drwxr-xr-x 5 cms097 cms  4096 Nov 27 02:30 config
-rw-r--r-- 1 cms097 cms    17 Nov 27 02:40 cpu_timing.txt
drwxr-xr-x 2 cms097 cms  4096 Nov 27 02:30 doc
-rw-r--r-- 1 cms097 cms 13513 Nov 27 02:40 executable.out
drwxr-xr-x 2 cms097 cms  4096 Nov 27 02:30 include
drwxrwxrwx 3 cms097 cms  4096 Oct 22 16:38 lib
drwxr-xr-x 3 cms097 cms  4096 Nov 27 02:30 logs
drwxr-xr-x 3 cms097 cms  4096 Nov 27 02:30 objs
-rw-r--r-- 1 cms097 cms   104 Nov 27 02:31 pset.py
-rw-r--r-- 1 cms097 cms 19502 Nov 27 02:31 pset.py.pkl
-rw-r--r-- 1 cms097 cms   289 Nov 27 02:31 pset.pyc
drwxr-xr-x 2 cms097 cms  4096 Nov 27 02:30 python
-rw-r--r-- 1 cms097 cms   420 Nov 27 02:40 report.log
drwxrwxrwx 4 cms097 cms  4096 Nov 27 02:30 src
drwxr-xr-x 3 cms097 cms  4096 Nov 27 02:30 test
drwxr-xr-x 3 cms097 cms  4096 Nov 27 02:30 tmp
>>> current directory (RUNTIME_AREA):  /home/cms097/home_crobe_930943095/CREAM930943095/glide_S21871/execute/dir_459
>>> current dir: /home/cms097/home_crobe_930943095/CREAM930943095/glide_S21871/execute/dir_459
>>> current dir content:
total 25792
-rw-rw-rw-  1 cms097 cms     5602 Nov 27 02:30 .job.ad
-rw-rw-rw-  1 cms097 cms    11430 Nov 27 02:30 .machine.ad
-rw-rw-rw-  1 cms097 cms      105 Nov 27 01:29 CMSSW.py
-rw-rw-rw-  1 cms097 cms    30066 Nov 27 01:29 CMSSW.py.pkl
-rwxrw-rw-  1 cms097 cms    23341 Nov 27 02:30 CMSSW.sh
drwxr-xr-x 15 cms097 cms     4096 Nov 27 02:40 CMSSW_5_3_5
-rw-rw-rw-  1 cms097 cms        0 Nov 27 02:30 CMSSW_89.stderr
-rw-rw-rw-  1 cms097 cms    29243 Nov 27 02:40 CMSSW_89.stdout
-rw-r--r--  1 cms097 cms      345 Nov 27 02:30 CacheEnv.sh
-rw-rw-rw-  1 cms097 cms     7291 Jun  9  2010 DashboardAPI.py
-rw-r--r--  1 cms097 cms     6853 Nov 27 02:30 DashboardAPI.pyc
drwxrwxrwx  3 cms097 cms     4096 Nov 27 02:40 IMProv
-rw-rw-rw-  1 cms097 cms     2748 Mar  8  2006 Logger.py
-rw-r--r--  1 cms097 cms     3343 Nov 27 02:30 Logger.pyc
-rw-rw-rw-  1 cms097 cms    24524 Mar 28  2008 ProcInfo.py
-rw-r--r--  1 cms097 cms    23422 Nov 27 02:30 ProcInfo.pyc
drwxrwxrwx  7 cms097 cms     4096 Nov 27 02:31 ProdCommon
drwxrwxrwx  3 cms097 cms     4096 Nov 27 02:30 WMCore
-rw-r--r--  1 cms097 cms     1996 Nov 27 02:38 Watchdog_89.log
-rw-rw-rw-  1 cms097 cms    32895 Mar 28  2008 apmon.py
-rw-r--r--  1 cms097 cms    28816 Nov 27 02:30 apmon.pyc
-rw-rw-rw-  1 cms097 cms   100215 Nov 27 02:30 arguments.xml
-rwxrwxrwx  1 cms097 cms    37427 Sep 13 14:14 cmscp.py
-rwxrwxrwx  1 cms097 cms    23341 Nov 27 02:30 condor_exec.exe
-rw-rw-rw-  1 cms097 cms      546 Nov 27 01:29 crab.cfg
-rwxrwxrwx  1 cms097 cms     9531 Sep 20 21:46 crabWatchdog.sh
-rw-r--r--  1 cms097 cms    48284 Nov 27 02:40 crab_fjr_89.xml
-rw-rw-rw-  1 cms097 cms 25796303 Nov 27 02:30 default.tgz
-rwxrwxrwx  1 cms097 cms     4488 May 12  2012 fillCrabFjr.py
-rw-r--r--  1 cms097 cms      941 Nov 27 02:31 inputsReport.txt
-rw-r--r--  1 cms097 cms      132 Nov 27 02:40 jobreport.txt
lrwxrwxrwx  1 cms097 cms      105 Nov 27 02:40 optHistograms.root -> /home/cms097/home_crobe_930943095/CREAM930943095/glide_S21871/execute/dir_459/optHistograms_89_1_u2h.root
-rw-r--r--  1 cms097 cms    17751 Nov 27 02:40 optHistograms_89_1_u2h.root
-rw-rw-rw-  1 cms097 cms    17352 Jan 20  2012 parseCrabFjr.py
-rw-r--r--  1 cms097 cms      285 Nov 27 02:30 report.log
-rwxrwxrwx  1 cms097 cms     1497 May 27  2009 report.py
-rwxrwxrwx  1 cms097 cms     8387 Mar 23  2011 writeCfg.py
-rw-------  1 cms097 cms     8691 Nov 27 02:30 x509up_u1000009
Checking output files:  
will tar file optHistograms_89_1_u2h.root in  out_files_89
will tar file crab_fjr_89.xml in  out_files_89
will tar file CMSSW_89.stdout in  out_files_89
will tar file CMSSW_89.stderr in  out_files_89
WARNING: output file Watchdog_89.log.gz not found!
>>> padding time: Wrapper lasting more than 600 seconds. No sleep required.
STOPPING WATCHDOG. CrabWatchdog PID is 3245
********** LAST 50 LINES OF WATCHDOG LOG
# RESOURCE USAGE SUMMARY FOR PROCESS ID  2764
USER       PID %CPU %MEM    VSZ   RSS TTY      STAT START   TIME COMMAND
cms097    2764  0.2  0.0   8956  1488 ?        S    02:30   0:00 /bin/sh /home/cms097/home_crobe_930943095/CREAM930943095/glide_S21871/execute/dir_459/condor_exec.exe 89 1
 
# LIMITS USED BY THIS WATCHDOG:
# RSS  (KBytes)  : 2300000
# VSZ  (KBytes)  : 100000000
# DISK (MBytes)  : 19000
# CPU  (seconds) : 171600
# WALL (seconds) : 171600
 
# FOLLOWING PRINTOUT TRACKS MAXIMUM VALUES OF RESOURCES USE
# ONE LINE IS PRINTED EACH TIME A MAXIMUM CHANGES
# IF CHANGE WAS IN RSS OR VSZ ALSO PROCID AND COMMAND ARE PRINTED
# THERE IS NO PRINTOUT FOR CPU/WALL TIME INCREASE
 
# TIME			PID	RSS(KB)	VSZ(KB)	Dsk(MB)	tCPU(s)	tWALL(s)	COMMAND
 Nov 27 02:30:59 EET	459	5388	9372	0	0	19	condor_starter -f submit-2.t2.ucsd.edu       
 Nov 27 02:30:59 EET	3268	21968	84728	0	0	1	edmConfigHash pset.py        
 Nov 27 02:30:59 EET	---	21968	84728	168	----	----	----
 Nov 27 02:32:06 EET	6569	295796	516836	168	13	56	cmsRun -j /home/cms097/home_crobe_930943095/CREAM930943095/glide_S21871/execute/dir_459/crab_fjr_89.xml -p pset.py     
 Nov 27 02:33:14 EET	6569	358932	560996	168	56	123	cmsRun -j /home/cms097/home_crobe_930943095/CREAM930943095/glide_S21871/execute/dir_459/crab_fjr_89.xml -p pset.py     
 Nov 27 02:34:19 EET	6569	363612	562532	168	95	189	cmsRun -j /home/cms097/home_crobe_930943095/CREAM930943095/glide_S21871/execute/dir_459/crab_fjr_89.xml -p pset.py     
 Nov 27 02:36:30 EET	6569	364040	563300	168	172	322	cmsRun -j /home/cms097/home_crobe_930943095/CREAM930943095/glide_S21871/execute/dir_459/crab_fjr_89.xml -p pset.py     
 Nov 27 02:37:38 EET	6569	364296	563556	168	217	389	cmsRun -j /home/cms097/home_crobe_930943095/CREAM930943095/glide_S21871/execute/dir_459/crab_fjr_89.xml -p pset.py     
 Nov 27 02:38:47 EET	6569	364912	563556	168	257	459	cmsRun -j /home/cms097/home_crobe_930943095/CREAM930943095/glide_S21871/execute/dir_459/crab_fjr_89.xml -p pset.py     
********** WATCHDOG LOG ENDED
ZIPPING WATCHDOG LOG
Disk space used:
du -sh /home/cms097/home_crobe_930943095/CREAM930943095/glide_S21871/execute/dir_459
169M	/home/cms097/home_crobe_930943095/CREAM930943095/glide_S21871/execute/dir_459
>>> info for dashboard:
***** Cat /home/cms097/home_crobe_930943095/CREAM930943095/glide_S21871/execute/dir_459/jobreport.txt *****
MonitorJobID=89_https://submit-2.t2.ucsd.edu//121127//17530.88
MonitorID=liis_crab_0_121127_012908_ngk079
ExeTime=568
ExeExitCode=0
CrabUserCpuTime=316.63
CrabSysCpuTime=11.00
CrabCpuPercentage=57%
CrabWrapperTime=604
CrabStageoutTime=NULL
***** End Cat jobreport *****
Parameters sent to Dashboard.
optHistograms_89_1_u2h.root
crab_fjr_89.xml
CMSSW_89.stdout
CMSSW_89.stderr
Watchdog_89.log.gz
tar: .BrokerInfo: Cannot stat: No such file or directory
tar: Error exit delayed from previous errors
Total Output dimension: 27665
WARNING: output files size limit is set to: 50000000
Total Output dimension 27665 is fine.
JOB_EXIT_STATUS = 0
>>> info for dashboard:
***** Cat /home/cms097/home_crobe_930943095/CREAM930943095/glide_S21871/execute/dir_459/jobreport.txt *****
MonitorJobID=89_https://submit-2.t2.ucsd.edu//121127//17530.88
MonitorID=liis_crab_0_121127_012908_ngk079
JobExitCode=0
***** End Cat jobreport *****
Parameters sent to Dashboard.
optHistograms_89_1_u2h.root
crab_fjr_89.xml
