This script was generated by crab (version 2.8.3).
Running /home/cms019/home_crmrs_370413978/CREAM370413978/glide_wG2909/execute/dir_30843/condor_exec.exe with 2 positional parameters: 94 1
Today is Tue Nov 27 02:31:11 EET 2012
Job submitted on host wn-v-5276.local
Linux wn-v-5276.local 2.6.32-042stab059.7 #1 SMP Tue Jul 24 19:12:01 MSK 2012 x86_64 x86_64 x86_64 GNU/Linux
>>> current directory (RUNTIME_AREA): /home/cms019/home_crmrs_370413978/CREAM370413978/glide_wG2909/execute/dir_30843
>>> current user: uid=11019(cms019) gid=1400(cms) groups=1400(cms)
>>> voms proxy information:
subject   : /DC=ch/DC=cern/OU=Organic Units/OU=Users/CN=liis/CN=663550/CN=Liis Rebane/CN=proxy/CN=limited proxy
issuer    : /DC=ch/DC=cern/OU=Organic Units/OU=Users/CN=liis/CN=663550/CN=Liis Rebane/CN=proxy
identity  : /DC=ch/DC=cern/OU=Organic Units/OU=Users/CN=liis/CN=663550/CN=Liis Rebane/CN=proxy
type      : limited proxy
strength  : 512 bits
path      : /home/cms019/home_crmrs_370413978/CREAM370413978/glide_wG2909/execute/dir_30843/x509up_u1000009
timeleft  : 23:59:44
key usage : Digital Signature, Key Encipherment, Data Encipherment
=== VO cms extension information ===
VO        : cms
subject   : /DC=ch/DC=cern/OU=Organic Units/OU=Users/CN=liis/CN=663550/CN=Liis Rebane
issuer    : /DC=ch/DC=cern/OU=computers/CN=lcg-voms.cern.ch
attribute : /cms/Role=NULL/Capability=NULL
timeleft  : 190:54:26
uri       : lcg-voms.cern.ch:15002
>>> tar xzf /home/cms019/home_crmrs_370413978/CREAM370413978/glide_wG2909/execute/dir_30843/default.tgz :
Successful untar
>>> Include /home/cms019/home_crmrs_370413978/CREAM370413978/glide_wG2909/execute/dir_30843 in PYTHONPATH:
strip arguments
env var CRAB_UNIQUE_JOB_ID set to: liis_crab_0_121127_012908_ngk079_94_1_jH0
out_files_94
>>> list of expected files on output sandbox
output files: optHistograms_94_1_jH0.root crab_fjr_94.xml CMSSW_94.stdout CMSSW_94.stderr Watchdog_94.log.gz
>>> GridFlavour discovery: 
GridFlavour=LCG
>>> SyncSite discovery: 
SyncSite=T2_EE_Estonia
>>> SyncCE discovery: 
getting SyncCE from CE_ID
SyncCE=mars.hep.kbfi.ee:8443/cream-pbs-long
>>> info for dashboard:
***** Cat /home/cms019/home_crmrs_370413978/CREAM370413978/glide_wG2909/execute/dir_30843/jobreport.txt *****
MonitorJobID=94_https://submit-2.t2.ucsd.edu//121127//17530.93
SyncGridJobId=https://submit-2.t2.ucsd.edu//121127//17530.93
MonitorID=liis_crab_0_121127_012908_ngk079
GridFlavour=LCG
SyncSite=T2_EE_Estonia
SyncCE=mars.hep.kbfi.ee:8443/cream-pbs-long
***** End Cat jobreport *****
Parameters sent to Dashboard.
>>> setup environment
set SCRAM ARCH to slc5_amd64_gcc462
SCRAM_ARCH = slc5_amd64_gcc462
>>> setup CMS LCG environment:
set SCRAM ARCH and BUILD_ARCH to slc5_amd64_gcc462 ###
Sourcing environment... 
sourcing /cvmfs/cms.cern.ch/cmsset_default.sh
==> setup cms environment ok
>>> specific cmssw setup environment:
CMSSW_VERSION =  CMSSW_5_3_5
>>> current directory (SOFTWARE_DIR): /home/cms019/home_crmrs_370413978/CREAM370413978/glide_wG2909/execute/dir_30843/CMSSW_5_3_5
PreserveSeeds: <>
IncrementSeeds:<>
{}
WNHostName=wn-v-5276.local
>>> info for dashboard:
***** Cat /home/cms019/home_crmrs_370413978/CREAM370413978/glide_wG2909/execute/dir_30843/jobreport.txt *****
MonitorJobID=94_https://submit-2.t2.ucsd.edu//121127//17530.93
MonitorID=liis_crab_0_121127_012908_ngk079
WNHostName=wn-v-5276.local
***** End Cat jobreport *****
Parameters sent to Dashboard.
crabWatchdog started as process 32358
>>> moving CMSSW software directories in /home/cms019/home_crmrs_370413978/CREAM370413978/glide_wG2909/execute/dir_30843/CMSSW_5_3_5
mv: cannot stat `/home/cms019/home_crmrs_370413978/CREAM370413978/glide_wG2909/execute/dir_30843/module/': No such file or directory
>>> Include /home/cms019/home_crmrs_370413978/CREAM370413978/glide_wG2909/execute/dir_30843 in PYTHONPATH:
PYTHONPATH=/home/cms019/home_crmrs_370413978/CREAM370413978/glide_wG2909/execute/dir_30843/:/home/cms019/home_crmrs_370413978/CREAM370413978/glide_wG2909/execute/dir_30843/CMSSW_5_3_5/python:/home/cms019/home_crmrs_370413978/CREAM370413978/glide_wG2909/execute/dir_30843/CMSSW_5_3_5/lib/slc5_amd64_gcc462:/cvmfs/cms.cern.ch/slc5_amd64_gcc462/cms/cmssw/CMSSW_5_3_5/python:/cvmfs/cms.cern.ch/slc5_amd64_gcc462/cms/cmssw/CMSSW_5_3_5/lib/slc5_amd64_gcc462:/cvmfs/cms.cern.ch/slc5_amd64_gcc462/cms/coral/CORAL_2_3_21-cms27/slc5_amd64_gcc462/python:/cvmfs/cms.cern.ch/slc5_amd64_gcc462/cms/coral/CORAL_2_3_21-cms27/slc5_amd64_gcc462/lib:/cvmfs/cms.cern.ch/slc5_amd64_gcc462/external/pyqt/4.8.1/lib/python2.6/site-packages:/cvmfs/cms.cern.ch/slc5_amd64_gcc462/external/py2-scipy/0.8.0/lib/python2.6/site-packages:/cvmfs/cms.cern.ch/slc5_amd64_gcc462/external/py2-matplotlib/1.0.1/lib/python2.6/site-packages:/cvmfs/cms.cern.ch/slc5_amd64_gcc462/external/python-ldap/2.3.5/lib/python2.6/site-packages:/cvmfs/cms.cern.ch/slc5_amd64_gcc462/external/sip/4.11.2/lib/python2.6/site-packages:/cvmfs/cms.cern.ch/slc5_amd64_gcc462/external/py2-pycurl/7.19.0/lib/python2.6/site-packages:/cvmfs/cms.cern.ch/slc5_amd64_gcc462/external/py2-numpy/1.6.1/lib/python2.6/site-packages:/cvmfs/cms.cern.ch/slc5_amd64_gcc462/external/py2-ipython/0.10/lib/python2.6/site-packages:/cvmfs/cms.cern.ch/slc5_amd64_gcc462/external/py2-cx-oracle/5.1-cms11/lib/python2.6/site-packages:/cvmfs/cms.cern.ch/slc5_amd64_gcc462/external/py2-cjson/1.0.5/lib/python2.6/site-packages:/cvmfs/cms.cern.ch/slc5_amd64_gcc462/cms/das-client/1.4.1-cms8/bin:/cvmfs/cms.cern.ch/slc5_amd64_gcc462/external/elementtree/1.2.6/share/lib/python2.6/site-packages:/cvmfs/cms.cern.ch/slc5_amd64_gcc462/external/rivet/1.5.1-cms10/lib/python2.6/site-packages:/cvmfs/cms.cern.ch/slc5_amd64_gcc462/external/pyminuit2/0.0.1-cms34/lib/python2.6/site-packages:/cvmfs/cms.cern.ch/slc5_amd64_gcc462/external/professor/1.0.0-cms35/lib/python2.6/site-packages:/cvmfs/cms.cern.ch/slc5_amd64_gcc462/lcg/root/5.32.00-cms18/lib:/cvmfs/cms.cern.ch/slc5_amd64_gcc462/cms/dbs-client/DBS_2_1_1_patch1_1/lib:/cvmfs/cms.cern.ch/slc5_amd64_gcc462/cms/dbs-client/DBS_2_1_1_patch1_1/lib/DBSAPI:/home/cms019/home_crmrs_370413978/CREAM370413978/glide_wG2909/execute/dir_30843/
241a2a19cb7c5c8751ba22759ab3bdb0
PSETHASH = 241a2a19cb7c5c8751ba22759ab3bdb0
/home/cms019/home_crmrs_370413978/CREAM370413978/glide_wG2909/execute/dir_30843/writeCfg.py pset.py pset.py
Importing .py file
Setting parameters
inputBlocks=/QCD_Pt_170_250_EMEnriched_TuneZ2star_8TeV_pythia6/mario-Summer12-stop-pfele-step1-3d176ac8da5e9dff208d057f4733ca91/USER#130d237e-abcb-4916-a790-d17c846c5c04
inputFiles=/store/user/mario/QCD_Pt_170_250_EMEnriched_TuneZ2star_8TeV_pythia6/Summer12-stop-pfele-step1/3d176ac8da5e9dff208d057f4733ca91/tuple_100_3_kfq.root;/store/user/mario/QCD_Pt_170_250_EMEnriched_TuneZ2star_8TeV_pythia6/Summer12-stop-pfele-step1/3d176ac8da5e9dff208d057f4733ca91/tuple_101_6_8RO.root;/store/user/mario/QCD_Pt_170_250_EMEnriched_TuneZ2star_8TeV_pythia6/Summer12-stop-pfele-step1/3d176ac8da5e9dff208d057f4733ca91/tuple_102_3_1Cc.root;/store/user/mario/QCD_Pt_170_250_EMEnriched_TuneZ2star_8TeV_pythia6/Summer12-stop-pfele-step1/3d176ac8da5e9dff208d057f4733ca91/tuple_103_5_zvt.root;/store/user/mario/QCD_Pt_170_250_EMEnriched_TuneZ2star_8TeV_pythia6/Summer12-stop-pfele-step1/3d176ac8da5e9dff208d057f4733ca91/tuple_104_6_Kzf.root
parentFiles=
lumisRange=
>>> Executable cmsRun
/cvmfs/cms.cern.ch/slc5_amd64_gcc462/cms/cmssw/CMSSW_5_3_5/bin/slc5_amd64_gcc462/cmsRun
ok executable found
>>> info for dashboard:
***** Cat /home/cms019/home_crmrs_370413978/CREAM370413978/glide_wG2909/execute/dir_30843/jobreport.txt *****
MonitorJobID=94_https://submit-2.t2.ucsd.edu//121127//17530.93
MonitorID=liis_crab_0_121127_012908_ngk079
ExeStart=cmsRun
***** End Cat jobreport *****
Parameters sent to Dashboard.
>>> cmsRun started at Tue Nov 27 00:31:52 UTC 2012
>>> cmsRun ended at Tue Nov 27 00:40:44 UTC 2012
>>> info for dashboard:
***** Cat /home/cms019/home_crmrs_370413978/CREAM370413978/glide_wG2909/execute/dir_30843/jobreport.txt *****
MonitorJobID=94_https://submit-2.t2.ucsd.edu//121127//17530.93
MonitorID=liis_crab_0_121127_012908_ngk079
ExeEnd=cmsRun
***** End Cat jobreport *****
Parameters sent to Dashboard.
TIME_EXE = 532 sec
>>> cmsRun wrote 119 lines of stdout+stderr
>>> START OF printout of 119 lines from stdout+stderr
27-Nov-2012 02:32:13 EET  Initiating request to open file file:/hdfs/cms/store/user/mario/QCD_Pt_170_250_EMEnriched_TuneZ2star_8TeV_pythia6/Summer12-stop-pfele-step1/3d176ac8da5e9dff208d057f4733ca91/tuple_100_3_kfq.root
27-Nov-2012 02:32:22 EET  Successfully opened file file:/hdfs/cms/store/user/mario/QCD_Pt_170_250_EMEnriched_TuneZ2star_8TeV_pythia6/Summer12-stop-pfele-step1/3d176ac8da5e9dff208d057f4733ca91/tuple_100_3_kfq.root
Begin processing the 1st record. Run 1, Event 152507964, LumiSection 47027 at 27-Nov-2012 02:32:41.015 EET
Begin processing the 1001st record. Run 1, Event 134965790, LumiSection 41618 at 27-Nov-2012 02:32:50.380 EET
Begin processing the 2001st record. Run 1, Event 150606485, LumiSection 46441 at 27-Nov-2012 02:32:54.035 EET
Begin processing the 3001st record. Run 1, Event 151181750, LumiSection 46618 at 27-Nov-2012 02:32:59.146 EET
Begin processing the 4001st record. Run 1, Event 152865868, LumiSection 47138 at 27-Nov-2012 02:33:02.747 EET
Begin processing the 5001st record. Run 1, Event 154115075, LumiSection 47523 at 27-Nov-2012 02:33:08.003 EET
Begin processing the 6001st record. Run 1, Event 154780168, LumiSection 47728 at 27-Nov-2012 02:33:11.596 EET
Begin processing the 7001st record. Run 1, Event 208562733, LumiSection 64312 at 27-Nov-2012 02:33:15.516 EET
Begin processing the 8001st record. Run 1, Event 212615197, LumiSection 65562 at 27-Nov-2012 02:33:18.661 EET
Begin processing the 9001st record. Run 1, Event 216338037, LumiSection 66710 at 27-Nov-2012 02:33:23.637 EET
Begin processing the 10001st record. Run 1, Event 151804023, LumiSection 46810 at 27-Nov-2012 02:33:26.758 EET
Begin processing the 11001st record. Run 1, Event 152820508, LumiSection 47124 at 27-Nov-2012 02:33:31.027 EET
27-Nov-2012 02:33:32 EET  Closed file file:/hdfs/cms/store/user/mario/QCD_Pt_170_250_EMEnriched_TuneZ2star_8TeV_pythia6/Summer12-stop-pfele-step1/3d176ac8da5e9dff208d057f4733ca91/tuple_100_3_kfq.root
27-Nov-2012 02:33:32 EET  Initiating request to open file file:/hdfs/cms/store/user/mario/QCD_Pt_170_250_EMEnriched_TuneZ2star_8TeV_pythia6/Summer12-stop-pfele-step1/3d176ac8da5e9dff208d057f4733ca91/tuple_101_6_8RO.root
27-Nov-2012 02:33:32 EET  Successfully opened file file:/hdfs/cms/store/user/mario/QCD_Pt_170_250_EMEnriched_TuneZ2star_8TeV_pythia6/Summer12-stop-pfele-step1/3d176ac8da5e9dff208d057f4733ca91/tuple_101_6_8RO.root
Begin processing the 12001st record. Run 1, Event 153392617, LumiSection 47300 at 27-Nov-2012 02:33:55.072 EET
Begin processing the 13001st record. Run 1, Event 117619791, LumiSection 36269 at 27-Nov-2012 02:33:58.561 EET
Begin processing the 14001st record. Run 1, Event 150464520, LumiSection 46397 at 27-Nov-2012 02:34:04.272 EET
Begin processing the 15001st record. Run 1, Event 152228931, LumiSection 46941 at 27-Nov-2012 02:34:09.479 EET
Begin processing the 16001st record. Run 1, Event 209723031, LumiSection 64670 at 27-Nov-2012 02:34:14.815 EET
Begin processing the 17001st record. Run 1, Event 214248602, LumiSection 66065 at 27-Nov-2012 02:34:19.016 EET
Begin processing the 18001st record. Run 1, Event 216998661, LumiSection 66913 at 27-Nov-2012 02:34:24.186 EET
Begin processing the 19001st record. Run 1, Event 150697610, LumiSection 46469 at 27-Nov-2012 02:34:27.438 EET
Begin processing the 20001st record. Run 1, Event 151199567, LumiSection 46624 at 27-Nov-2012 02:34:32.788 EET
Begin processing the 21001st record. Run 1, Event 160706739, LumiSection 49555 at 27-Nov-2012 02:34:36.100 EET
Begin processing the 22001st record. Run 1, Event 202634758, LumiSection 62484 at 27-Nov-2012 02:34:41.264 EET
Begin processing the 23001st record. Run 1, Event 204971283, LumiSection 63205 at 27-Nov-2012 02:34:44.743 EET
Begin processing the 24001st record. Run 1, Event 208285557, LumiSection 64227 at 27-Nov-2012 02:34:51.005 EET
Begin processing the 25001st record. Run 1, Event 208927544, LumiSection 64425 at 27-Nov-2012 02:34:54.764 EET
Begin processing the 26001st record. Run 1, Event 213098605, LumiSection 65711 at 27-Nov-2012 02:35:01.541 EET
Begin processing the 27001st record. Run 1, Event 210289875, LumiSection 64845 at 27-Nov-2012 02:35:05.292 EET
Begin processing the 28001st record. Run 1, Event 210600711, LumiSection 64941 at 27-Nov-2012 02:35:11.846 EET
Begin processing the 29001st record. Run 1, Event 211145299, LumiSection 65109 at 27-Nov-2012 02:35:18.024 EET
Begin processing the 30001st record. Run 1, Event 125636541, LumiSection 38741 at 27-Nov-2012 02:35:23.101 EET
Begin processing the 31001st record. Run 1, Event 130286767, LumiSection 40175 at 27-Nov-2012 02:35:26.576 EET
Begin processing the 32001st record. Run 1, Event 159703399, LumiSection 49246 at 27-Nov-2012 02:35:30.961 EET
Begin processing the 33001st record. Run 1, Event 122936609, LumiSection 37909 at 27-Nov-2012 02:35:34.821 EET
27-Nov-2012 02:35:34 EET  Closed file file:/hdfs/cms/store/user/mario/QCD_Pt_170_250_EMEnriched_TuneZ2star_8TeV_pythia6/Summer12-stop-pfele-step1/3d176ac8da5e9dff208d057f4733ca91/tuple_101_6_8RO.root
27-Nov-2012 02:35:34 EET  Initiating request to open file file:/hdfs/cms/store/user/mario/QCD_Pt_170_250_EMEnriched_TuneZ2star_8TeV_pythia6/Summer12-stop-pfele-step1/3d176ac8da5e9dff208d057f4733ca91/tuple_102_3_1Cc.root
27-Nov-2012 02:35:35 EET  Successfully opened file file:/hdfs/cms/store/user/mario/QCD_Pt_170_250_EMEnriched_TuneZ2star_8TeV_pythia6/Summer12-stop-pfele-step1/3d176ac8da5e9dff208d057f4733ca91/tuple_102_3_1Cc.root
Begin processing the 34001st record. Run 1, Event 123234380, LumiSection 38001 at 27-Nov-2012 02:35:58.605 EET
Begin processing the 35001st record. Run 1, Event 123307882, LumiSection 38023 at 27-Nov-2012 02:36:02.642 EET
Begin processing the 36001st record. Run 1, Event 178088701, LumiSection 54915 at 27-Nov-2012 02:36:08.131 EET
Begin processing the 37001st record. Run 1, Event 181893754, LumiSection 56089 at 27-Nov-2012 02:36:11.611 EET
Begin processing the 38001st record. Run 1, Event 181656349, LumiSection 56015 at 27-Nov-2012 02:36:16.585 EET
Begin processing the 39001st record. Run 1, Event 54993292, LumiSection 16958 at 27-Nov-2012 02:36:21.669 EET
Begin processing the 40001st record. Run 1, Event 113040898, LumiSection 34857 at 27-Nov-2012 02:36:30.982 EET
Begin processing the 41001st record. Run 1, Event 122116084, LumiSection 37656 at 27-Nov-2012 02:36:34.796 EET
Begin processing the 42001st record. Run 1, Event 121778345, LumiSection 37552 at 27-Nov-2012 02:36:39.839 EET
Begin processing the 43001st record. Run 1, Event 123196590, LumiSection 37989 at 27-Nov-2012 02:36:42.459 EET
Begin processing the 44001st record. Run 1, Event 119716146, LumiSection 36916 at 27-Nov-2012 02:36:47.101 EET
Begin processing the 45001st record. Run 1, Event 121717432, LumiSection 37533 at 27-Nov-2012 02:36:50.541 EET
Begin processing the 46001st record. Run 1, Event 121985146, LumiSection 37615 at 27-Nov-2012 02:36:56.030 EET
Begin processing the 47001st record. Run 1, Event 120324627, LumiSection 37103 at 27-Nov-2012 02:37:00.088 EET
Begin processing the 48001st record. Run 1, Event 121464940, LumiSection 37455 at 27-Nov-2012 02:37:05.249 EET
Begin processing the 49001st record. Run 1, Event 121846488, LumiSection 37573 at 27-Nov-2012 02:37:08.658 EET
Begin processing the 50001st record. Run 1, Event 127714978, LumiSection 39382 at 27-Nov-2012 02:37:13.236 EET
Begin processing the 51001st record. Run 1, Event 128768501, LumiSection 39707 at 27-Nov-2012 02:37:16.786 EET
Begin processing the 52001st record. Run 1, Event 130230517, LumiSection 40158 at 27-Nov-2012 02:37:23.507 EET
Begin processing the 53001st record. Run 1, Event 115819332, LumiSection 35714 at 27-Nov-2012 02:37:27.179 EET
Begin processing the 54001st record. Run 1, Event 119535669, LumiSection 36860 at 27-Nov-2012 02:37:33.051 EET
27-Nov-2012 02:37:37 EET  Closed file file:/hdfs/cms/store/user/mario/QCD_Pt_170_250_EMEnriched_TuneZ2star_8TeV_pythia6/Summer12-stop-pfele-step1/3d176ac8da5e9dff208d057f4733ca91/tuple_102_3_1Cc.root
27-Nov-2012 02:37:37 EET  Initiating request to open file file:/hdfs/cms/store/user/mario/QCD_Pt_170_250_EMEnriched_TuneZ2star_8TeV_pythia6/Summer12-stop-pfele-step1/3d176ac8da5e9dff208d057f4733ca91/tuple_103_5_zvt.root
27-Nov-2012 02:37:37 EET  Successfully opened file file:/hdfs/cms/store/user/mario/QCD_Pt_170_250_EMEnriched_TuneZ2star_8TeV_pythia6/Summer12-stop-pfele-step1/3d176ac8da5e9dff208d057f4733ca91/tuple_103_5_zvt.root
Begin processing the 55001st record. Run 1, Event 120367673, LumiSection 37117 at 27-Nov-2012 02:37:56.605 EET
Begin processing the 56001st record. Run 1, Event 126353199, LumiSection 38962 at 27-Nov-2012 02:37:59.946 EET
Begin processing the 57001st record. Run 1, Event 126587591, LumiSection 39035 at 27-Nov-2012 02:38:05.910 EET
Begin processing the 58001st record. Run 1, Event 127511849, LumiSection 39320 at 27-Nov-2012 02:38:09.829 EET
Begin processing the 59001st record. Run 1, Event 123805108, LumiSection 38177 at 27-Nov-2012 02:38:16.852 EET
Begin processing the 60001st record. Run 1, Event 125354458, LumiSection 38654 at 27-Nov-2012 02:38:20.586 EET
Begin processing the 61001st record. Run 1, Event 126298321, LumiSection 38945 at 27-Nov-2012 02:38:24.483 EET
Begin processing the 62001st record. Run 1, Event 127612774, LumiSection 39351 at 27-Nov-2012 02:38:32.326 EET
Begin processing the 63001st record. Run 1, Event 130676694, LumiSection 40296 at 27-Nov-2012 02:38:38.435 EET
Begin processing the 64001st record. Run 1, Event 131499524, LumiSection 40549 at 27-Nov-2012 02:38:42.303 EET
Begin processing the 65001st record. Run 1, Event 181464182, LumiSection 55956 at 27-Nov-2012 02:38:47.079 EET
Begin processing the 66001st record. Run 1, Event 206805274, LumiSection 63770 at 27-Nov-2012 02:38:53.139 EET
Begin processing the 67001st record. Run 1, Event 213127587, LumiSection 65720 at 27-Nov-2012 02:38:59.836 EET
Begin processing the 68001st record. Run 1, Event 212763400, LumiSection 65607 at 27-Nov-2012 02:39:03.519 EET
Begin processing the 69001st record. Run 1, Event 213546279, LumiSection 65849 at 27-Nov-2012 02:39:07.378 EET
Begin processing the 70001st record. Run 1, Event 213818946, LumiSection 65933 at 27-Nov-2012 02:39:16.686 EET
Begin processing the 71001st record. Run 1, Event 214174861, LumiSection 66043 at 27-Nov-2012 02:39:20.425 EET
Begin processing the 72001st record. Run 1, Event 214629532, LumiSection 66183 at 27-Nov-2012 02:39:25.860 EET
Begin processing the 73001st record. Run 1, Event 215307140, LumiSection 66392 at 27-Nov-2012 02:39:30.098 EET
Begin processing the 74001st record. Run 1, Event 215624950, LumiSection 66490 at 27-Nov-2012 02:39:34.679 EET
Begin processing the 75001st record. Run 1, Event 217249885, LumiSection 66991 at 27-Nov-2012 02:39:37.961 EET
Begin processing the 76001st record. Run 1, Event 157886235, LumiSection 48686 at 27-Nov-2012 02:39:43.648 EET
27-Nov-2012 02:39:44 EET  Closed file file:/hdfs/cms/store/user/mario/QCD_Pt_170_250_EMEnriched_TuneZ2star_8TeV_pythia6/Summer12-stop-pfele-step1/3d176ac8da5e9dff208d057f4733ca91/tuple_103_5_zvt.root
27-Nov-2012 02:39:44 EET  Initiating request to open file file:/hdfs/cms/store/user/mario/QCD_Pt_170_250_EMEnriched_TuneZ2star_8TeV_pythia6/Summer12-stop-pfele-step1/3d176ac8da5e9dff208d057f4733ca91/tuple_104_6_Kzf.root
27-Nov-2012 02:39:44 EET  Successfully opened file file:/hdfs/cms/store/user/mario/QCD_Pt_170_250_EMEnriched_TuneZ2star_8TeV_pythia6/Summer12-stop-pfele-step1/3d176ac8da5e9dff208d057f4733ca91/tuple_104_6_Kzf.root
Begin processing the 77001st record. Run 1, Event 187560181, LumiSection 57836 at 27-Nov-2012 02:40:04.021 EET
Begin processing the 78001st record. Run 1, Event 211826972, LumiSection 65319 at 27-Nov-2012 02:40:07.966 EET
Begin processing the 79001st record. Run 1, Event 213194624, LumiSection 65740 at 27-Nov-2012 02:40:14.979 EET
Begin processing the 80001st record. Run 1, Event 213456107, LumiSection 65821 at 27-Nov-2012 02:40:18.641 EET
Begin processing the 81001st record. Run 1, Event 213830888, LumiSection 65937 at 27-Nov-2012 02:40:24.614 EET
Begin processing the 82001st record. Run 1, Event 214136870, LumiSection 66031 at 27-Nov-2012 02:40:28.294 EET
Begin processing the 83001st record. Run 1, Event 214466274, LumiSection 66133 at 27-Nov-2012 02:40:33.272 EET
Begin processing the 84001st record. Run 1, Event 215113941, LumiSection 66332 at 27-Nov-2012 02:40:36.991 EET
Begin processing the 85001st record. Run 1, Event 86887412, LumiSection 26793 at 27-Nov-2012 02:40:41.297 EET
27-Nov-2012 02:40:42 EET  Closed file file:/hdfs/cms/store/user/mario/QCD_Pt_170_250_EMEnriched_TuneZ2star_8TeV_pythia6/Summer12-stop-pfele-step1/3d176ac8da5e9dff208d057f4733ca91/tuple_104_6_Kzf.root

=============================================

MessageLogger Summary

 type     category        sev    module        subroutine        count    total
 ---- -------------------- -- ---------------- ----------------  -----    -----
    1 fileAction           -s file_close                             5        5
    2 fileAction           -s file_open                             10       10

 type    category    Examples: run/evt        run/evt          run/evt
 ---- -------------------- ---------------- ---------------- ----------------
    1 fileAction           PostProcessEvent PostProcessEvent PostEndRun
    2 fileAction           pre-events       pre-events       PostProcessEvent

Severity    # Occurrences   Total Occurrences
--------    -------------   -----------------
System                 15                  15
>>> END OF printout of 119 lines from stdout+stderr
>>> Parse FrameworkJobReport crab_fjr.xml
Result of parsing the FrameworkJobReport crab_fjr.xml: Popularity start
lumisRange : 1::32851,34906,36236,36269,36997,37230,37304,37333,37406,37544,37781,37790,37797,37845,37909,38696,38741,38874,38876,38936,39209,39436,40083,40175,40181,40199,40228,40372,40455,40585,40593,41610,41614,46372-46373,46380,46384,46395,46397,46435,46444,46454,46469,46548,46559,46561,46565,46578,46607,46610,46624,46635,46638,46646,46652,46664,46684,46713,46738,46798,46873,46941,46956,47238,47258,47273-47274,47286,47300,47305,47324,47335,47415,47430,47533,49195-49196,49246,49248,49250,49555-49556,49802,53822,53826,59564,59658,60644,62484,62689,62770,62870,62893,62930,62976,63205,63245,63315,63481,63742,64137,64186,64191,64227,64272,64293,64301,64328,64359,64382,64418-64419,64425,64446,64456,64495,64512,64516,64594,64602,64670,64802,64804,64810,64815,64844-64845,64857,64884,64890,64894,64909,64916,64923-64924,64928,64941,64975,64990,64996,65001,65017,65102,65109,65119,65121,65144,65149,65151,65191,65304,65532,65707,65711,65775,65903,65961,66048,66065,66232,66235,66282,66310,66356,66360,66365,66367,66373,66812,66913::1;1::1140,2775,3337,3339,16865,16878,16958,16970,33472,34075,34421,34821,34857,35306,35599,35714,35828,36015,36138,36147,36317,36319,36438,36547,36602,36616,36669,36672,36684-36685,36692,36860,36865,36916,36918,36921-36922,36927,36944-36945,36955,36994,37032,37103,37133,37173,37184,37194,37235,37239,37245,37267,37280,37292,37352,37412,37439,37455,37463,37469,37479,37494,37505,37512,37517,37520,37533,37543,37549-37550,37552-37553,37573,37615,37625,37632,37634,37641,37652-37653,37656,37663,37753,37805,37813,37827,37831,37865,37909,37912,37925-37926,37932,37944,37953,37961,37989,38001-38002,38008,38013-38014,38016-38018,38023,38092,38111,38113,38156,38173,38179,38198,38229,38255,38265,38312,38315,38344,38420,38422,38452,38665,39310,39372,39382,39445,39480,39497,39537,39571,39576,39592,39640,39661,39707,39825,39859,40023,40125,40158,40225,40397,40502,40562,54760,54801,54817,54842,54900,54915,55758,55760,55834,55852,55868,55897,55904,55906,55908,55910,55923,55993,56014-56015,56023,56089::2;1::4561,4749,6730,6743,20441,20458,37032,37117,37229,37269,37373,38105,38134,38161,38167,38177,38212,38239,38364,38604,38654,38690,38740,38794,38807,38817,38841,38849,38855,38861,38877,38890-38891,38903,38918,38922,38932,38945,38955,38962,38995,39011,39020,39035,39037,39041,39068,39097,39240,39253,39288,39301,39311,39320,39350-39351,39384,39405,39553,39602,39790-39791,39918,39959,40179,40182,40296,40302,40398,40400,40493,40497,40542,40549,48105,48209,48535,48546-48547,48562,48686,48708,55819,55856,55859,55889,55949,55951,55956,56018,56173,56188,63061,63242,63415,63575,63767,63770,63791,64021,64024,64142,64592,65063,65092,65423,65427,65576,65604,65607,65623,65631,65666,65701,65705,65720,65726,65745,65807,65849-65850,65898,65910,65919,65928,65930,65933,65942-65943,65946,65967,65973,65981,66043,66046,66058,66062,66080,66089,66092,66178,66183,66192-66193,66199,66316,66333,66366,66384,66392,66406,66409,66433,66453,66479,66489-66490,66493,66529-66530,66541,66591,66633,66662,66675,66697,66753,66830,66991,66995::3;1::24975,25044,25065,25095,25484,25506,25520,25589,26075,26079,26432,26793,48708,48943,48959,57015,57101,57120,57143,57836,57880,57896,57982,64094,64261,65314,65319-65320,65333,65376,65558,65671,65692,65698,65704,65733,65740,65773,65796,65812,65816,65821,65848,65868,65881,65890,65896,65901,65929,65937,65956,65987,66012,66016,66031,66054,66073,66093,66107,66114,66119,66125,66133,66139,66144,66150,66161,66168,66170,66177,66298,66332,66511::4;1::41388,41464,41618,41620,41721,41730,46282,46301,46341,46367,46441,46463,46530,46536,46588,46590,46599,46602,46605,46618,46661,46670,46714,46734,46810,46833,46838,46891,47027-47028,47031,47042,47049,47069,47096,47100,47102,47124,47133,47137-47138,47156,47222,47238,47257,47356,47445,47450,47521,47523,47532,47558,47567,47573,47586,47657,47660,47668,47676,47728,47815,47825,48021,64304,64312,64340,64427,64460,64469,64526,64737,65252,65402,65562,65603,65661,65685,65718,65786,66377,66494,66710,66809,66826,66887,66899::5;
lumisParentRange : 
Basename : /store/user/mario/QCD_Pt_170_250_EMEnriched_TuneZ2star_8TeV_pythia6/Summer12-stop-pfele-step1/3d176ac8da5e9dff208d057f4733ca91/tuple_10
BasenameParent : 
parentFiles : 
inputBlocks : /QCD_Pt_170_250_EMEnriched_TuneZ2star_8TeV_pythia6/mario-Summer12-stop-pfele-step1-3d176ac8da5e9dff208d057f4733ca91/USER#130d237e-abcb-4916-a790-d17c846c5c04
inputFiles : 1_6_8RO.root::1::EDM::Local::1;2_3_1Cc.root::1::EDM::Local::2;3_5_zvt.root::1::EDM::Local::3;4_6_Kzf.root::1::EDM::Local::4;0_3_kfq.root::1::EDM::Local::5;
Popularity stop
Extracted ExitStatus from FrameworkJobReport parsing output: 0
>>> Executable succeded  0
ExeExitCode=0
EXECUTABLE_EXIT_STATUS = 0
>>> current directory /home/cms019/home_crmrs_370413978/CREAM370413978/glide_wG2909/execute/dir_30843/CMSSW_5_3_5
>>>  (SOFTWARE_DIR): /home/cms019/home_crmrs_370413978/CREAM370413978/glide_wG2909/execute/dir_30843/CMSSW_5_3_5
>>> (WORKING_DIR): 
>>> current directory content:
total 156
drwxr-xr-x 3 cms019 cms  4096 Nov 27 02:31 .SCRAM
-rw-r--r-- 1 cms019 cms 30066 Nov 27 02:31 CMSSW.py.pkl
drwxr-xr-x 3 cms019 cms  4096 Nov 27 02:31 bin
drwxr-xr-x 3 cms019 cms  4096 Nov 27 02:31 cfipython
drwxr-xr-x 5 cms019 cms  4096 Nov 27 02:31 config
-rw-r--r-- 1 cms019 cms    16 Nov 27 02:40 cpu_timing.txt
drwxr-xr-x 2 cms019 cms  4096 Nov 27 02:31 doc
-rw-r--r-- 1 cms019 cms 13526 Nov 27 02:40 executable.out
drwxr-xr-x 2 cms019 cms  4096 Nov 27 02:31 include
drwxrwxrwx 3 cms019 cms  4096 Oct 22 16:38 lib
drwxr-xr-x 3 cms019 cms  4096 Nov 27 02:31 logs
drwxr-xr-x 3 cms019 cms  4096 Nov 27 02:31 objs
-rw-r--r-- 1 cms019 cms 17830 Nov 27 02:40 optHistograms.root
-rw-r--r-- 1 cms019 cms   104 Nov 27 02:31 pset.py
-rw-r--r-- 1 cms019 cms 19508 Nov 27 02:31 pset.py.pkl
-rw-r--r-- 1 cms019 cms   289 Nov 27 02:31 pset.pyc
drwxr-xr-x 2 cms019 cms  4096 Nov 27 02:31 python
-rw-r--r-- 1 cms019 cms   420 Nov 27 02:40 report.log
drwxrwxrwx 4 cms019 cms  4096 Nov 27 02:31 src
drwxr-xr-x 3 cms019 cms  4096 Nov 27 02:31 test
drwxr-xr-x 3 cms019 cms  4096 Nov 27 02:31 tmp
>>> current directory /home/cms019/home_crmrs_370413978/CREAM370413978/glide_wG2909/execute/dir_30843/CMSSW_5_3_5
>>> (SOFTWARE_DIR): /home/cms019/home_crmrs_370413978/CREAM370413978/glide_wG2909/execute/dir_30843/CMSSW_5_3_5
>>> (WORKING_DIR): 
>>> current directory content:
total 136
drwxr-xr-x 3 cms019 cms  4096 Nov 27 02:31 .SCRAM
-rw-r--r-- 1 cms019 cms 30066 Nov 27 02:31 CMSSW.py.pkl
drwxr-xr-x 3 cms019 cms  4096 Nov 27 02:31 bin
drwxr-xr-x 3 cms019 cms  4096 Nov 27 02:31 cfipython
drwxr-xr-x 5 cms019 cms  4096 Nov 27 02:31 config
-rw-r--r-- 1 cms019 cms    16 Nov 27 02:40 cpu_timing.txt
drwxr-xr-x 2 cms019 cms  4096 Nov 27 02:31 doc
-rw-r--r-- 1 cms019 cms 13526 Nov 27 02:40 executable.out
drwxr-xr-x 2 cms019 cms  4096 Nov 27 02:31 include
drwxrwxrwx 3 cms019 cms  4096 Oct 22 16:38 lib
drwxr-xr-x 3 cms019 cms  4096 Nov 27 02:31 logs
drwxr-xr-x 3 cms019 cms  4096 Nov 27 02:31 objs
-rw-r--r-- 1 cms019 cms   104 Nov 27 02:31 pset.py
-rw-r--r-- 1 cms019 cms 19508 Nov 27 02:31 pset.py.pkl
-rw-r--r-- 1 cms019 cms   289 Nov 27 02:31 pset.pyc
drwxr-xr-x 2 cms019 cms  4096 Nov 27 02:31 python
-rw-r--r-- 1 cms019 cms   420 Nov 27 02:40 report.log
drwxrwxrwx 4 cms019 cms  4096 Nov 27 02:31 src
drwxr-xr-x 3 cms019 cms  4096 Nov 27 02:31 test
drwxr-xr-x 3 cms019 cms  4096 Nov 27 02:31 tmp
>>> current directory (RUNTIME_AREA):  /home/cms019/home_crmrs_370413978/CREAM370413978/glide_wG2909/execute/dir_30843
>>> current dir: /home/cms019/home_crmrs_370413978/CREAM370413978/glide_wG2909/execute/dir_30843
>>> current dir content:
total 25792
-rw-rw-rw-  1 cms019 cms     5577 Nov 27 02:30 .job.ad
-rw-rw-rw-  1 cms019 cms    11332 Nov 27 02:30 .machine.ad
-rw-rw-rw-  1 cms019 cms      105 Nov 27 01:29 CMSSW.py
-rw-rw-rw-  1 cms019 cms    30066 Nov 27 01:29 CMSSW.py.pkl
-rwxrw-rw-  1 cms019 cms    23341 Nov 27 02:31 CMSSW.sh
drwxr-xr-x 15 cms019 cms     4096 Nov 27 02:40 CMSSW_5_3_5
-rw-rw-rw-  1 cms019 cms        0 Nov 27 02:31 CMSSW_94.stderr
-rw-rw-rw-  1 cms019 cms    29581 Nov 27 02:40 CMSSW_94.stdout
-rw-r--r--  1 cms019 cms      347 Nov 27 02:31 CacheEnv.sh
-rw-rw-rw-  1 cms019 cms     7291 Jun  9  2010 DashboardAPI.py
-rw-r--r--  1 cms019 cms     6883 Nov 27 02:31 DashboardAPI.pyc
drwxrwxrwx  3 cms019 cms     4096 Nov 27 02:40 IMProv
-rw-rw-rw-  1 cms019 cms     2748 Mar  8  2006 Logger.py
-rw-r--r--  1 cms019 cms     3353 Nov 27 02:31 Logger.pyc
-rw-rw-rw-  1 cms019 cms    24524 Mar 28  2008 ProcInfo.py
-rw-r--r--  1 cms019 cms    23470 Nov 27 02:31 ProcInfo.pyc
drwxrwxrwx  7 cms019 cms     4096 Nov 27 02:31 ProdCommon
drwxrwxrwx  3 cms019 cms     4096 Nov 27 02:31 WMCore
-rw-r--r--  1 cms019 cms     2612 Nov 27 02:38 Watchdog_94.log
-rw-rw-rw-  1 cms019 cms    32895 Mar 28  2008 apmon.py
-rw-r--r--  1 cms019 cms    28874 Nov 27 02:31 apmon.pyc
-rw-rw-rw-  1 cms019 cms   100215 Nov 27 02:31 arguments.xml
-rwxrwxrwx  1 cms019 cms    37427 Sep 13 14:14 cmscp.py
-rwxrwxrwx  1 cms019 cms    23341 Nov 27 02:31 condor_exec.exe
-rw-rw-rw-  1 cms019 cms      546 Nov 27 01:29 crab.cfg
-rwxrwxrwx  1 cms019 cms     9531 Sep 20 21:46 crabWatchdog.sh
-rw-r--r--  1 cms019 cms    48319 Nov 27 02:40 crab_fjr_94.xml
-rw-rw-rw-  1 cms019 cms 25796303 Nov 27 02:31 default.tgz
-rwxrwxrwx  1 cms019 cms     4488 May 12  2012 fillCrabFjr.py
-rw-r--r--  1 cms019 cms      946 Nov 27 02:31 inputsReport.txt
-rw-r--r--  1 cms019 cms      132 Nov 27 02:40 jobreport.txt
lrwxrwxrwx  1 cms019 cms      107 Nov 27 02:40 optHistograms.root -> /home/cms019/home_crmrs_370413978/CREAM370413978/glide_wG2909/execute/dir_30843/optHistograms_94_1_jH0.root
-rw-r--r--  1 cms019 cms    17830 Nov 27 02:40 optHistograms_94_1_jH0.root
-rw-rw-rw-  1 cms019 cms    17352 Jan 20  2012 parseCrabFjr.py
-rw-r--r--  1 cms019 cms      283 Nov 27 02:31 report.log
-rwxrwxrwx  1 cms019 cms     1497 May 27  2009 report.py
-rwxrwxrwx  1 cms019 cms     8387 Mar 23  2011 writeCfg.py
-rw-------  1 cms019 cms     8691 Nov 27 02:30 x509up_u1000009
Checking output files:  
will tar file optHistograms_94_1_jH0.root in  out_files_94
will tar file crab_fjr_94.xml in  out_files_94
will tar file CMSSW_94.stdout in  out_files_94
will tar file CMSSW_94.stderr in  out_files_94
WARNING: output file Watchdog_94.log.gz not found!
>>> padding time: Sleeping the wrapper for 13 seconds
STOPPING WATCHDOG. CrabWatchdog PID is 32358
********** LAST 50 LINES OF WATCHDOG LOG
# RESOURCE USAGE SUMMARY FOR PROCESS ID 30943
USER       PID %CPU %MEM    VSZ   RSS TTY      STAT START   TIME COMMAND
cms019   30943  0.1  0.0   8956  1488 ?        S    02:31   0:00 /bin/sh /home/cms019/home_crmrs_370413978/CREAM370413978/glide_wG2909/execute/dir_30843/condor_exec.exe 94 1
 
# LIMITS USED BY THIS WATCHDOG:
# RSS  (KBytes)  : 2300000
# VSZ  (KBytes)  : 100000000
# DISK (MBytes)  : 19000
# CPU  (seconds) : 171600
# WALL (seconds) : 171600
 
# FOLLOWING PRINTOUT TRACKS MAXIMUM VALUES OF RESOURCES USE
# ONE LINE IS PRINTED EACH TIME A MAXIMUM CHANGES
# IF CHANGE WAS IN RSS OR VSZ ALSO PROCID AND COMMAND ARE PRINTED
# THERE IS NO PRINTOUT FOR CPU/WALL TIME INCREASE
 
# TIME			PID	RSS(KB)	VSZ(KB)	Dsk(MB)	tCPU(s)	tWALL(s)	COMMAND
 Nov 27 02:31:29 EET	2767	1320	8896	0	0	184	-bash         
 Nov 27 02:31:29 EET	2795	1484	8952	0	0	186	/bin/sh -l ./CREAM370413978_jobWrapper.sh       
 Nov 27 02:31:29 EET	2855	2676	25504	0	0	186	perl -e ?use Socket;??sub send_notify {? $cream_url = "193.40.150.251:49152";die "No
 Nov 27 02:31:29 EET	8330	6020	25504	0	0	182	/home/cms019/home_crmrs_370413978/CREAM370413978/glide_wG2909/main/condor/sbin/condor_master -f -pidfile /home/cms019/home_crmrs_370413978/CREAM370413978/glide_wG2909/condor_master2.pid      
 Nov 27 02:31:29 EET	---	6020	25504	168	----	----	----
 Nov 27 02:32:43 EET	8330	6064	25504	168	0	252	/home/cms019/home_crmrs_370413978/CREAM370413978/glide_wG2909/main/condor/sbin/condor_master -f -pidfile /home/cms019/home_crmrs_370413978/CREAM370413978/glide_wG2909/condor_master2.pid      
 Nov 27 02:32:43 EET	10314	358076	560996	168	18	59	cmsRun -j /home/cms019/home_crmrs_370413978/CREAM370413978/glide_wG2909/execute/dir_30843/crab_fjr_94.xml -p pset.py     
 Nov 27 02:33:55 EET	10314	362892	562276	168	60	131	cmsRun -j /home/cms019/home_crmrs_370413978/CREAM370413978/glide_wG2909/execute/dir_30843/crab_fjr_94.xml -p pset.py     
 Nov 27 02:35:07 EET	10314	363856	562276	168	110	202	cmsRun -j /home/cms019/home_crmrs_370413978/CREAM370413978/glide_wG2909/execute/dir_30843/crab_fjr_94.xml -p pset.py     
 Nov 27 02:36:17 EET	10314	364328	562532	168	148	272	cmsRun -j /home/cms019/home_crmrs_370413978/CREAM370413978/glide_wG2909/execute/dir_30843/crab_fjr_94.xml -p pset.py     
 Nov 27 02:37:27 EET	10314	364780	562788	168	198	342	cmsRun -j /home/cms019/home_crmrs_370413978/CREAM370413978/glide_wG2909/execute/dir_30843/crab_fjr_94.xml -p pset.py     
 Nov 27 02:38:38 EET	10314	364872	563812	168	234	412	cmsRun -j /home/cms019/home_crmrs_370413978/CREAM370413978/glide_wG2909/execute/dir_30843/crab_fjr_94.xml -p pset.py     
 Nov 27 02:40:52 EET	---	364872	563812	169	----	----	----
********** WATCHDOG LOG ENDED
ZIPPING WATCHDOG LOG
Disk space used:
du -sh /home/cms019/home_crmrs_370413978/CREAM370413978/glide_wG2909/execute/dir_30843
169M	/home/cms019/home_crmrs_370413978/CREAM370413978/glide_wG2909/execute/dir_30843
>>> info for dashboard:
***** Cat /home/cms019/home_crmrs_370413978/CREAM370413978/glide_wG2909/execute/dir_30843/jobreport.txt *****
MonitorJobID=94_https://submit-2.t2.ucsd.edu//121127//17530.93
MonitorID=liis_crab_0_121127_012908_ngk079
ExeTime=532
ExeExitCode=0
CrabUserCpuTime=299.49
CrabSysCpuTime=8.91
CrabCpuPercentage=58%
CrabWrapperTime=601
CrabStageoutTime=NULL
***** End Cat jobreport *****
Parameters sent to Dashboard.
optHistograms_94_1_jH0.root
crab_fjr_94.xml
CMSSW_94.stdout
CMSSW_94.stderr
Watchdog_94.log.gz
tar: .BrokerInfo: Cannot stat: No such file or directory
tar: Error exit delayed from previous errors
Total Output dimension: 28274
WARNING: output files size limit is set to: 50000000
Total Output dimension 28274 is fine.
JOB_EXIT_STATUS = 0
>>> info for dashboard:
***** Cat /home/cms019/home_crmrs_370413978/CREAM370413978/glide_wG2909/execute/dir_30843/jobreport.txt *****
MonitorJobID=94_https://submit-2.t2.ucsd.edu//121127//17530.93
MonitorID=liis_crab_0_121127_012908_ngk079
JobExitCode=0
***** End Cat jobreport *****
Parameters sent to Dashboard.
optHistograms_94_1_jH0.root
crab_fjr_94.xml
