This script was generated by crab (version 2.8.3).
Running /home/cms030/home_creur_353755192/CREAM353755192/glide_Lq1303/execute/dir_24034/condor_exec.exe with 2 positional parameters: 92 1
Today is Tue Nov 27 02:31:18 EET 2012
Job submitted on host wn-v-5384.local
Linux wn-v-5384.local 2.6.32-042stab059.7 #1 SMP Tue Jul 24 19:12:01 MSK 2012 x86_64 x86_64 x86_64 GNU/Linux
>>> current directory (RUNTIME_AREA): /home/cms030/home_creur_353755192/CREAM353755192/glide_Lq1303/execute/dir_24034
>>> current user: uid=11030(cms030) gid=1400(cms) groups=1400(cms)
>>> voms proxy information:
subject   : /DC=ch/DC=cern/OU=Organic Units/OU=Users/CN=liis/CN=663550/CN=Liis Rebane/CN=proxy/CN=limited proxy
issuer    : /DC=ch/DC=cern/OU=Organic Units/OU=Users/CN=liis/CN=663550/CN=Liis Rebane/CN=proxy
identity  : /DC=ch/DC=cern/OU=Organic Units/OU=Users/CN=liis/CN=663550/CN=Liis Rebane/CN=proxy
type      : limited proxy
strength  : 512 bits
path      : /home/cms030/home_creur_353755192/CREAM353755192/glide_Lq1303/execute/dir_24034/x509up_u1000009
timeleft  : 23:59:37
key usage : Digital Signature, Key Encipherment, Data Encipherment
=== VO cms extension information ===
VO        : cms
subject   : /DC=ch/DC=cern/OU=Organic Units/OU=Users/CN=liis/CN=663550/CN=Liis Rebane
issuer    : /DC=ch/DC=cern/OU=computers/CN=lcg-voms.cern.ch
attribute : /cms/Role=NULL/Capability=NULL
timeleft  : 190:54:19
uri       : lcg-voms.cern.ch:15002
>>> tar xzf /home/cms030/home_creur_353755192/CREAM353755192/glide_Lq1303/execute/dir_24034/default.tgz :
Successful untar
>>> Include /home/cms030/home_creur_353755192/CREAM353755192/glide_Lq1303/execute/dir_24034 in PYTHONPATH:
strip arguments
env var CRAB_UNIQUE_JOB_ID set to: liis_crab_0_121127_012908_ngk079_92_1_BZD
out_files_92
>>> list of expected files on output sandbox
output files: optHistograms_92_1_BZD.root crab_fjr_92.xml CMSSW_92.stdout CMSSW_92.stderr Watchdog_92.log.gz
>>> GridFlavour discovery: 
GridFlavour=LCG
>>> SyncSite discovery: 
SyncSite=T2_EE_Estonia
>>> SyncCE discovery: 
getting SyncCE from CE_ID
SyncCE=europa.hep.kbfi.ee:8443/cream-pbs-long
>>> info for dashboard:
***** Cat /home/cms030/home_creur_353755192/CREAM353755192/glide_Lq1303/execute/dir_24034/jobreport.txt *****
MonitorJobID=92_https://submit-2.t2.ucsd.edu//121127//17530.91
SyncGridJobId=https://submit-2.t2.ucsd.edu//121127//17530.91
MonitorID=liis_crab_0_121127_012908_ngk079
GridFlavour=LCG
SyncSite=T2_EE_Estonia
SyncCE=europa.hep.kbfi.ee:8443/cream-pbs-long
***** End Cat jobreport *****
Parameters sent to Dashboard.
>>> setup environment
set SCRAM ARCH to slc5_amd64_gcc462
SCRAM_ARCH = slc5_amd64_gcc462
>>> setup CMS LCG environment:
set SCRAM ARCH and BUILD_ARCH to slc5_amd64_gcc462 ###
Sourcing environment... 
sourcing /cvmfs/cms.cern.ch/cmsset_default.sh
==> setup cms environment ok
>>> specific cmssw setup environment:
CMSSW_VERSION =  CMSSW_5_3_5
>>> current directory (SOFTWARE_DIR): /home/cms030/home_creur_353755192/CREAM353755192/glide_Lq1303/execute/dir_24034/CMSSW_5_3_5
PreserveSeeds: <>
IncrementSeeds:<>
{}
WNHostName=wn-v-5384.local
>>> info for dashboard:
***** Cat /home/cms030/home_creur_353755192/CREAM353755192/glide_Lq1303/execute/dir_24034/jobreport.txt *****
MonitorJobID=92_https://submit-2.t2.ucsd.edu//121127//17530.91
MonitorID=liis_crab_0_121127_012908_ngk079
WNHostName=wn-v-5384.local
***** End Cat jobreport *****
Parameters sent to Dashboard.
crabWatchdog started as process 542
>>> moving CMSSW software directories in /home/cms030/home_creur_353755192/CREAM353755192/glide_Lq1303/execute/dir_24034/CMSSW_5_3_5
mv: cannot stat `/home/cms030/home_creur_353755192/CREAM353755192/glide_Lq1303/execute/dir_24034/module/': No such file or directory
>>> Include /home/cms030/home_creur_353755192/CREAM353755192/glide_Lq1303/execute/dir_24034 in PYTHONPATH:
PYTHONPATH=/home/cms030/home_creur_353755192/CREAM353755192/glide_Lq1303/execute/dir_24034/:/home/cms030/home_creur_353755192/CREAM353755192/glide_Lq1303/execute/dir_24034/CMSSW_5_3_5/python:/home/cms030/home_creur_353755192/CREAM353755192/glide_Lq1303/execute/dir_24034/CMSSW_5_3_5/lib/slc5_amd64_gcc462:/cvmfs/cms.cern.ch/slc5_amd64_gcc462/cms/cmssw/CMSSW_5_3_5/python:/cvmfs/cms.cern.ch/slc5_amd64_gcc462/cms/cmssw/CMSSW_5_3_5/lib/slc5_amd64_gcc462:/cvmfs/cms.cern.ch/slc5_amd64_gcc462/cms/coral/CORAL_2_3_21-cms27/slc5_amd64_gcc462/python:/cvmfs/cms.cern.ch/slc5_amd64_gcc462/cms/coral/CORAL_2_3_21-cms27/slc5_amd64_gcc462/lib:/cvmfs/cms.cern.ch/slc5_amd64_gcc462/external/pyqt/4.8.1/lib/python2.6/site-packages:/cvmfs/cms.cern.ch/slc5_amd64_gcc462/external/py2-scipy/0.8.0/lib/python2.6/site-packages:/cvmfs/cms.cern.ch/slc5_amd64_gcc462/external/py2-matplotlib/1.0.1/lib/python2.6/site-packages:/cvmfs/cms.cern.ch/slc5_amd64_gcc462/external/python-ldap/2.3.5/lib/python2.6/site-packages:/cvmfs/cms.cern.ch/slc5_amd64_gcc462/external/sip/4.11.2/lib/python2.6/site-packages:/cvmfs/cms.cern.ch/slc5_amd64_gcc462/external/py2-pycurl/7.19.0/lib/python2.6/site-packages:/cvmfs/cms.cern.ch/slc5_amd64_gcc462/external/py2-numpy/1.6.1/lib/python2.6/site-packages:/cvmfs/cms.cern.ch/slc5_amd64_gcc462/external/py2-ipython/0.10/lib/python2.6/site-packages:/cvmfs/cms.cern.ch/slc5_amd64_gcc462/external/py2-cx-oracle/5.1-cms11/lib/python2.6/site-packages:/cvmfs/cms.cern.ch/slc5_amd64_gcc462/external/py2-cjson/1.0.5/lib/python2.6/site-packages:/cvmfs/cms.cern.ch/slc5_amd64_gcc462/cms/das-client/1.4.1-cms8/bin:/cvmfs/cms.cern.ch/slc5_amd64_gcc462/external/elementtree/1.2.6/share/lib/python2.6/site-packages:/cvmfs/cms.cern.ch/slc5_amd64_gcc462/external/rivet/1.5.1-cms10/lib/python2.6/site-packages:/cvmfs/cms.cern.ch/slc5_amd64_gcc462/external/pyminuit2/0.0.1-cms34/lib/python2.6/site-packages:/cvmfs/cms.cern.ch/slc5_amd64_gcc462/external/professor/1.0.0-cms35/lib/python2.6/site-packages:/cvmfs/cms.cern.ch/slc5_amd64_gcc462/lcg/root/5.32.00-cms18/lib:/cvmfs/cms.cern.ch/slc5_amd64_gcc462/cms/dbs-client/DBS_2_1_1_patch1_1/lib:/cvmfs/cms.cern.ch/slc5_amd64_gcc462/cms/dbs-client/DBS_2_1_1_patch1_1/lib/DBSAPI:/home/cms030/home_creur_353755192/CREAM353755192/glide_Lq1303/execute/dir_24034/
241a2a19cb7c5c8751ba22759ab3bdb0
PSETHASH = 241a2a19cb7c5c8751ba22759ab3bdb0
/home/cms030/home_creur_353755192/CREAM353755192/glide_Lq1303/execute/dir_24034/writeCfg.py pset.py pset.py
Importing .py file
Setting parameters
inputBlocks=/QCD_Pt_170_250_EMEnriched_TuneZ2star_8TeV_pythia6/mario-Summer12-stop-pfele-step1-3d176ac8da5e9dff208d057f4733ca91/USER#130d237e-abcb-4916-a790-d17c846c5c04
inputFiles=/store/user/mario/QCD_Pt_170_250_EMEnriched_TuneZ2star_8TeV_pythia6/Summer12-stop-pfele-step1/3d176ac8da5e9dff208d057f4733ca91/tuple_91_5_UYv.root;/store/user/mario/QCD_Pt_170_250_EMEnriched_TuneZ2star_8TeV_pythia6/Summer12-stop-pfele-step1/3d176ac8da5e9dff208d057f4733ca91/tuple_92_7_Yj0.root;/store/user/mario/QCD_Pt_170_250_EMEnriched_TuneZ2star_8TeV_pythia6/Summer12-stop-pfele-step1/3d176ac8da5e9dff208d057f4733ca91/tuple_93_8_EUo.root;/store/user/mario/QCD_Pt_170_250_EMEnriched_TuneZ2star_8TeV_pythia6/Summer12-stop-pfele-step1/3d176ac8da5e9dff208d057f4733ca91/tuple_94_5_cph.root;/store/user/mario/QCD_Pt_170_250_EMEnriched_TuneZ2star_8TeV_pythia6/Summer12-stop-pfele-step1/3d176ac8da5e9dff208d057f4733ca91/tuple_95_9_iXw.root
parentFiles=
lumisRange=
>>> Executable cmsRun
/cvmfs/cms.cern.ch/slc5_amd64_gcc462/cms/cmssw/CMSSW_5_3_5/bin/slc5_amd64_gcc462/cmsRun
ok executable found
>>> info for dashboard:
***** Cat /home/cms030/home_creur_353755192/CREAM353755192/glide_Lq1303/execute/dir_24034/jobreport.txt *****
MonitorJobID=92_https://submit-2.t2.ucsd.edu//121127//17530.91
MonitorID=liis_crab_0_121127_012908_ngk079
ExeStart=cmsRun
***** End Cat jobreport *****
Parameters sent to Dashboard.
>>> cmsRun started at Tue Nov 27 00:31:47 UTC 2012
>>> cmsRun ended at Tue Nov 27 00:40:50 UTC 2012
>>> info for dashboard:
***** Cat /home/cms030/home_creur_353755192/CREAM353755192/glide_Lq1303/execute/dir_24034/jobreport.txt *****
MonitorJobID=92_https://submit-2.t2.ucsd.edu//121127//17530.91
MonitorID=liis_crab_0_121127_012908_ngk079
ExeEnd=cmsRun
***** End Cat jobreport *****
Parameters sent to Dashboard.
TIME_EXE = 543 sec
>>> cmsRun wrote 119 lines of stdout+stderr
>>> START OF printout of 119 lines from stdout+stderr
27-Nov-2012 02:32:09 EET  Initiating request to open file file:/hdfs/cms/store/user/mario/QCD_Pt_170_250_EMEnriched_TuneZ2star_8TeV_pythia6/Summer12-stop-pfele-step1/3d176ac8da5e9dff208d057f4733ca91/tuple_91_5_UYv.root
27-Nov-2012 02:32:18 EET  Successfully opened file file:/hdfs/cms/store/user/mario/QCD_Pt_170_250_EMEnriched_TuneZ2star_8TeV_pythia6/Summer12-stop-pfele-step1/3d176ac8da5e9dff208d057f4733ca91/tuple_91_5_UYv.root
Begin processing the 1st record. Run 1, Event 155997751, LumiSection 48103 at 27-Nov-2012 02:32:36.319 EET
Begin processing the 1001st record. Run 1, Event 154034319, LumiSection 47498 at 27-Nov-2012 02:32:43.966 EET
Begin processing the 2001st record. Run 1, Event 156298113, LumiSection 48196 at 27-Nov-2012 02:32:47.431 EET
Begin processing the 3001st record. Run 1, Event 157201602, LumiSection 48475 at 27-Nov-2012 02:32:52.475 EET
Begin processing the 4001st record. Run 1, Event 150269362, LumiSection 46337 at 27-Nov-2012 02:32:55.570 EET
Begin processing the 5001st record. Run 1, Event 151095904, LumiSection 46592 at 27-Nov-2012 02:33:00.099 EET
Begin processing the 6001st record. Run 1, Event 151989414, LumiSection 46867 at 27-Nov-2012 02:33:03.409 EET
Begin processing the 7001st record. Run 1, Event 150401910, LumiSection 46378 at 27-Nov-2012 02:33:08.801 EET
Begin processing the 8001st record. Run 1, Event 151101841, LumiSection 46594 at 27-Nov-2012 02:33:12.201 EET
Begin processing the 9001st record. Run 1, Event 152145290, LumiSection 46915 at 27-Nov-2012 02:33:17.911 EET
27-Nov-2012 02:33:21 EET  Closed file file:/hdfs/cms/store/user/mario/QCD_Pt_170_250_EMEnriched_TuneZ2star_8TeV_pythia6/Summer12-stop-pfele-step1/3d176ac8da5e9dff208d057f4733ca91/tuple_91_5_UYv.root
27-Nov-2012 02:33:21 EET  Initiating request to open file file:/hdfs/cms/store/user/mario/QCD_Pt_170_250_EMEnriched_TuneZ2star_8TeV_pythia6/Summer12-stop-pfele-step1/3d176ac8da5e9dff208d057f4733ca91/tuple_92_7_Yj0.root
27-Nov-2012 02:33:21 EET  Successfully opened file file:/hdfs/cms/store/user/mario/QCD_Pt_170_250_EMEnriched_TuneZ2star_8TeV_pythia6/Summer12-stop-pfele-step1/3d176ac8da5e9dff208d057f4733ca91/tuple_92_7_Yj0.root
Begin processing the 10001st record. Run 1, Event 157343664, LumiSection 48518 at 27-Nov-2012 02:33:44.097 EET
Begin processing the 11001st record. Run 1, Event 157806831, LumiSection 48661 at 27-Nov-2012 02:33:49.410 EET
Begin processing the 12001st record. Run 1, Event 158483017, LumiSection 48870 at 27-Nov-2012 02:33:52.840 EET
Begin processing the 13001st record. Run 1, Event 156000075, LumiSection 48104 at 27-Nov-2012 02:33:58.525 EET
Begin processing the 14001st record. Run 1, Event 156754375, LumiSection 48337 at 27-Nov-2012 02:34:01.916 EET
Begin processing the 15001st record. Run 1, Event 175359168, LumiSection 54074 at 27-Nov-2012 02:34:06.686 EET
Begin processing the 16001st record. Run 1, Event 204825909, LumiSection 63160 at 27-Nov-2012 02:34:10.242 EET
Begin processing the 17001st record. Run 1, Event 205960042, LumiSection 63510 at 27-Nov-2012 02:34:19.982 EET
Begin processing the 18001st record. Run 1, Event 203793552, LumiSection 62842 at 27-Nov-2012 02:34:23.586 EET
Begin processing the 19001st record. Run 1, Event 204474444, LumiSection 63052 at 27-Nov-2012 02:34:30.772 EET
Begin processing the 20001st record. Run 1, Event 206951175, LumiSection 63815 at 27-Nov-2012 02:34:34.477 EET
Begin processing the 21001st record. Run 1, Event 97927361, LumiSection 30197 at 27-Nov-2012 02:34:39.562 EET
Begin processing the 22001st record. Run 1, Event 132280251, LumiSection 40790 at 27-Nov-2012 02:34:43.191 EET
Begin processing the 23001st record. Run 1, Event 150038552, LumiSection 46266 at 27-Nov-2012 02:34:49.290 EET
Begin processing the 24001st record. Run 1, Event 155834092, LumiSection 48053 at 27-Nov-2012 02:34:52.868 EET
Begin processing the 25001st record. Run 1, Event 157910186, LumiSection 48693 at 27-Nov-2012 02:34:57.828 EET
Begin processing the 26001st record. Run 1, Event 185394947, LumiSection 57168 at 27-Nov-2012 02:35:01.252 EET
Begin processing the 27001st record. Run 1, Event 213273923, LumiSection 65765 at 27-Nov-2012 02:35:06.622 EET
Begin processing the 28001st record. Run 1, Event 214079723, LumiSection 66013 at 27-Nov-2012 02:35:09.980 EET
Begin processing the 29001st record. Run 1, Event 215132857, LumiSection 66338 at 27-Nov-2012 02:35:15.736 EET
Begin processing the 30001st record. Run 1, Event 215534357, LumiSection 66462 at 27-Nov-2012 02:35:18.972 EET
Begin processing the 31001st record. Run 1, Event 217057809, LumiSection 66932 at 27-Nov-2012 02:35:22.695 EET
27-Nov-2012 02:35:24 EET  Closed file file:/hdfs/cms/store/user/mario/QCD_Pt_170_250_EMEnriched_TuneZ2star_8TeV_pythia6/Summer12-stop-pfele-step1/3d176ac8da5e9dff208d057f4733ca91/tuple_92_7_Yj0.root
27-Nov-2012 02:35:24 EET  Initiating request to open file file:/hdfs/cms/store/user/mario/QCD_Pt_170_250_EMEnriched_TuneZ2star_8TeV_pythia6/Summer12-stop-pfele-step1/3d176ac8da5e9dff208d057f4733ca91/tuple_93_8_EUo.root
27-Nov-2012 02:35:25 EET  Successfully opened file file:/hdfs/cms/store/user/mario/QCD_Pt_170_250_EMEnriched_TuneZ2star_8TeV_pythia6/Summer12-stop-pfele-step1/3d176ac8da5e9dff208d057f4733ca91/tuple_93_8_EUo.root
Begin processing the 32001st record. Run 1, Event 95938204, LumiSection 29584 at 27-Nov-2012 02:35:53.556 EET
Begin processing the 33001st record. Run 1, Event 134588581, LumiSection 41502 at 27-Nov-2012 02:35:57.432 EET
Begin processing the 34001st record. Run 1, Event 155025448, LumiSection 47804 at 27-Nov-2012 02:36:02.409 EET
Begin processing the 35001st record. Run 1, Event 214599518, LumiSection 66174 at 27-Nov-2012 02:36:05.711 EET
Begin processing the 36001st record. Run 1, Event 215162766, LumiSection 66347 at 27-Nov-2012 02:36:10.796 EET
Begin processing the 37001st record. Run 1, Event 216165155, LumiSection 66656 at 27-Nov-2012 02:36:13.528 EET
Begin processing the 38001st record. Run 1, Event 78460715, LumiSection 24194 at 27-Nov-2012 02:36:18.722 EET
Begin processing the 39001st record. Run 1, Event 131081563, LumiSection 40420 at 27-Nov-2012 02:36:22.287 EET
Begin processing the 40001st record. Run 1, Event 133263298, LumiSection 41093 at 27-Nov-2012 02:36:27.248 EET
Begin processing the 41001st record. Run 1, Event 151670803, LumiSection 46769 at 27-Nov-2012 02:36:30.682 EET
Begin processing the 42001st record. Run 1, Event 152043758, LumiSection 46884 at 27-Nov-2012 02:36:36.475 EET
Begin processing the 43001st record. Run 1, Event 156622233, LumiSection 48296 at 27-Nov-2012 02:36:39.760 EET
Begin processing the 44001st record. Run 1, Event 186560917, LumiSection 57528 at 27-Nov-2012 02:36:43.412 EET
Begin processing the 45001st record. Run 1, Event 187081818, LumiSection 57688 at 27-Nov-2012 02:36:49.558 EET
Begin processing the 46001st record. Run 1, Event 187585262, LumiSection 57844 at 27-Nov-2012 02:36:53.997 EET
Begin processing the 47001st record. Run 1, Event 214465018, LumiSection 66132 at 27-Nov-2012 02:36:59.028 EET
Begin processing the 48001st record. Run 1, Event 215686514, LumiSection 66509 at 27-Nov-2012 02:37:02.559 EET
Begin processing the 49001st record. Run 1, Event 216148567, LumiSection 66651 at 27-Nov-2012 02:37:08.397 EET
Begin processing the 50001st record. Run 1, Event 82466110, LumiSection 25429 at 27-Nov-2012 02:37:11.802 EET
Begin processing the 51001st record. Run 1, Event 90288476, LumiSection 27842 at 27-Nov-2012 02:37:18.094 EET
Begin processing the 52001st record. Run 1, Event 132252598, LumiSection 40781 at 27-Nov-2012 02:37:21.369 EET
27-Nov-2012 02:37:24 EET  Closed file file:/hdfs/cms/store/user/mario/QCD_Pt_170_250_EMEnriched_TuneZ2star_8TeV_pythia6/Summer12-stop-pfele-step1/3d176ac8da5e9dff208d057f4733ca91/tuple_93_8_EUo.root
27-Nov-2012 02:37:24 EET  Initiating request to open file file:/hdfs/cms/store/user/mario/QCD_Pt_170_250_EMEnriched_TuneZ2star_8TeV_pythia6/Summer12-stop-pfele-step1/3d176ac8da5e9dff208d057f4733ca91/tuple_94_5_cph.root
27-Nov-2012 02:37:25 EET  Successfully opened file file:/hdfs/cms/store/user/mario/QCD_Pt_170_250_EMEnriched_TuneZ2star_8TeV_pythia6/Summer12-stop-pfele-step1/3d176ac8da5e9dff208d057f4733ca91/tuple_94_5_cph.root
Begin processing the 53001st record. Run 1, Event 150999812, LumiSection 46562 at 27-Nov-2012 02:37:47.759 EET
Begin processing the 54001st record. Run 1, Event 157562684, LumiSection 48586 at 27-Nov-2012 02:37:50.250 EET
Begin processing the 55001st record. Run 1, Event 212797602, LumiSection 65618 at 27-Nov-2012 02:37:55.949 EET
Begin processing the 56001st record. Run 1, Event 214022980, LumiSection 65996 at 27-Nov-2012 02:37:59.569 EET
Begin processing the 57001st record. Run 1, Event 216429160, LumiSection 66738 at 27-Nov-2012 02:38:05.410 EET
Begin processing the 58001st record. Run 1, Event 151448960, LumiSection 46701 at 27-Nov-2012 02:38:09.927 EET
Begin processing the 59001st record. Run 1, Event 153021610, LumiSection 47186 at 27-Nov-2012 02:38:15.165 EET
Begin processing the 60001st record. Run 1, Event 156601664, LumiSection 48290 at 27-Nov-2012 02:38:18.534 EET
Begin processing the 61001st record. Run 1, Event 186084205, LumiSection 57381 at 27-Nov-2012 02:38:26.010 EET
Begin processing the 62001st record. Run 1, Event 185948017, LumiSection 57339 at 27-Nov-2012 02:38:29.565 EET
Begin processing the 63001st record. Run 1, Event 187332109, LumiSection 57766 at 27-Nov-2012 02:38:37.187 EET
Begin processing the 64001st record. Run 1, Event 193080796, LumiSection 59538 at 27-Nov-2012 02:38:40.622 EET
Begin processing the 65001st record. Run 1, Event 206399798, LumiSection 63645 at 27-Nov-2012 02:38:47.698 EET
Begin processing the 66001st record. Run 1, Event 215645419, LumiSection 66496 at 27-Nov-2012 02:38:51.800 EET
Begin processing the 67001st record. Run 1, Event 67413911, LumiSection 20788 at 27-Nov-2012 02:38:56.701 EET
Begin processing the 68001st record. Run 1, Event 82731351, LumiSection 25511 at 27-Nov-2012 02:39:00.335 EET
Begin processing the 69001st record. Run 1, Event 214575893, LumiSection 66166 at 27-Nov-2012 02:39:06.993 EET
Begin processing the 70001st record. Run 1, Event 216289698, LumiSection 66695 at 27-Nov-2012 02:39:11.849 EET
Begin processing the 71001st record. Run 1, Event 161931318, LumiSection 49933 at 27-Nov-2012 02:39:21.562 EET
Begin processing the 72001st record. Run 1, Event 166922089, LumiSection 51472 at 27-Nov-2012 02:39:24.862 EET
Begin processing the 73001st record. Run 1, Event 151498737, LumiSection 46716 at 27-Nov-2012 02:39:29.156 EET
Begin processing the 74001st record. Run 1, Event 152422172, LumiSection 47001 at 27-Nov-2012 02:39:32.477 EET
27-Nov-2012 02:39:33 EET  Closed file file:/hdfs/cms/store/user/mario/QCD_Pt_170_250_EMEnriched_TuneZ2star_8TeV_pythia6/Summer12-stop-pfele-step1/3d176ac8da5e9dff208d057f4733ca91/tuple_94_5_cph.root
27-Nov-2012 02:39:33 EET  Initiating request to open file file:/hdfs/cms/store/user/mario/QCD_Pt_170_250_EMEnriched_TuneZ2star_8TeV_pythia6/Summer12-stop-pfele-step1/3d176ac8da5e9dff208d057f4733ca91/tuple_95_9_iXw.root
27-Nov-2012 02:39:33 EET  Successfully opened file file:/hdfs/cms/store/user/mario/QCD_Pt_170_250_EMEnriched_TuneZ2star_8TeV_pythia6/Summer12-stop-pfele-step1/3d176ac8da5e9dff208d057f4733ca91/tuple_95_9_iXw.root
Begin processing the 75001st record. Run 1, Event 153278467, LumiSection 47265 at 27-Nov-2012 02:39:59.510 EET
Begin processing the 76001st record. Run 1, Event 84782970, LumiSection 26144 at 27-Nov-2012 02:40:03.331 EET
Begin processing the 77001st record. Run 1, Event 87658561, LumiSection 27031 at 27-Nov-2012 02:40:09.163 EET
Begin processing the 78001st record. Run 1, Event 131972738, LumiSection 40695 at 27-Nov-2012 02:40:12.710 EET
Begin processing the 79001st record. Run 1, Event 211838810, LumiSection 65322 at 27-Nov-2012 02:40:20.532 EET
Begin processing the 80001st record. Run 1, Event 214444401, LumiSection 66126 at 27-Nov-2012 02:40:24.038 EET
Begin processing the 81001st record. Run 1, Event 216427784, LumiSection 66737 at 27-Nov-2012 02:40:29.503 EET
Begin processing the 82001st record. Run 1, Event 151373528, LumiSection 46678 at 27-Nov-2012 02:40:32.810 EET
Begin processing the 83001st record. Run 1, Event 154056111, LumiSection 47505 at 27-Nov-2012 02:40:38.647 EET
Begin processing the 84001st record. Run 1, Event 156726570, LumiSection 48328 at 27-Nov-2012 02:40:41.995 EET
Begin processing the 85001st record. Run 1, Event 210623889, LumiSection 64948 at 27-Nov-2012 02:40:46.641 EET
27-Nov-2012 02:40:48 EET  Closed file file:/hdfs/cms/store/user/mario/QCD_Pt_170_250_EMEnriched_TuneZ2star_8TeV_pythia6/Summer12-stop-pfele-step1/3d176ac8da5e9dff208d057f4733ca91/tuple_95_9_iXw.root

=============================================

MessageLogger Summary

 type     category        sev    module        subroutine        count    total
 ---- -------------------- -- ---------------- ----------------  -----    -----
    1 fileAction           -s file_close                             5        5
    2 fileAction           -s file_open                             10       10

 type    category    Examples: run/evt        run/evt          run/evt
 ---- -------------------- ---------------- ---------------- ----------------
    1 fileAction           PostProcessEvent PostProcessEvent PostEndRun
    2 fileAction           pre-events       pre-events       PostProcessEvent

Severity    # Occurrences   Total Occurrences
--------    -------------   -----------------
System                 15                  15
>>> END OF printout of 119 lines from stdout+stderr
>>> Parse FrameworkJobReport crab_fjr.xml
Result of parsing the FrameworkJobReport crab_fjr.xml: Popularity start
lumisRange : 1::25948,26371,30197,30245,30430,30809,35740,36366,39348-39349,40790,40808,40948,40968,41278-41279,41390,41431,46266-46267,47174,47181,47239,47242,47857,47859,47877,47891,47936,47948,48053,48055,48073,48093,48104,48154,48158,48161,48221,48265,48272,48287,48302,48337,48369,48384,48444,48455,48457-48458,48468,48517-48518,48528,48536,48542,48593,48598,48601,48629,48646,48658,48661,48673,48681-48682,48693,48704,48724,48729,48744,48799,48815,48851,48866,48870,48885-48886,48908,54074,54109,54792,54873,56030-56031,57054,57130,57168,57179,57181,57203,57211,57224,59150,59588,62842,62853,62885,63023,63033,63041,63052,63077,63096,63142,63160,63174,63203,63221,63246,63252,63283,63449,63510,63515,63521,63525,63534,63601,63673,63811,63815,63823,63858,64030,64154,64189,64209,64259,64421,64567,64949,65656,65660,65765,65782,65820,65825,65955,65957,65980,66013-66014,66022,66137,66146,66173,66179,66286,66334,66338,66346,66380,66382,66397,66416,66441,66462,66474,66491,66515,66540,66550,66576,66593,66658,66706,66709,66729,66932::1;1::2863,2901,17461,19546,20788,22324,23251,23257,23511,23542,23567,23698,23801,24706,25511,25727,25899,26119,26290,26424,26905,27552,46562,46639,46648-46649,46651,46699,46701,46716,46726,46771,46774,46866,46957,46973,47001,47003,47014,47044,47061,47065,47074,47083,47091,47120,47149,47165,47186,47199,47220,47231,47296,47330-47331,47382,47482,47623,47652,47805,48275,48290,48349,48352,48572,48574,48586,48589,48958,48965,49113,49161,49931,49933,50333,50336,51247-51248,51311-51312,51470,51472,51481-51482,54372,54481,55006,55020,57074,57157,57161,57196,57237,57266,57272,57278,57336-57337,57339,57373,57381,57390,57396,57407,57422,57431,57434,57477,57617,57766,58730,58995,59052,59071,59538,59543,59575,59587,62463,62527,63219,63645,63844,64003,65426,65614,65618,65804,65826,65853,65859,65916,65926,65975,65989,65993,65996,66039,66056,66070,66124,66127,66152,66166,66194,66223,66308-66309,66336,66350,66353,66388,66412,66444,66487,66496,66537,66547,66559,66574,66584-66585,66695-66696,66738,66941,66958,66960,66996::2;1::17900,19605,23327,23623,24194,24366,24395,24743,24973,25277,25429,25489,25950,25955,26310,26321,26333,26429,26442,26761,26774,26804,26850,27045,27439,27445,27842,28023,29499,29584,29923,30234,40420,40422,40552-40553,40609,40612,40687,40701,40703,40716,40722,40732,40776,40781,40934,40972,40991,40999,41024,41034,41093,41120-41121,41145,41166,41254,41501-41502,41703,41705,46275,46401,46407,46427,46431,46442,46517,46562,46627-46628,46763,46769,46797,46853,46857,46875,46884,46927,46943,47021,47035,47261,47416,47422,47747,47772,47804,47899,47955,48033,48045,48067,48075,48090,48101,48132,48264,48284,48296,57375,57394,57429,57508,57515,57528,57601-57602,57660,57688,57706,57731,57747,57753,57777,57827-57828,57832,57844,57976,58055,58215,65857,66001,66011,66026,66040,66053,66132,66158,66167,66174,66256,66265,66269,66288,66297,66326,66337,66342,66347,66370,66448-66449,66465,66473,66497,66509-66510,66521,66536,66549,66600,66611,66613,66639,66643,66648,66651,66656,66700,66709,66714,66852-66853,66861,66966,66974,66982::3;1::25881,26144,26169,26192,26237,26292,26420,26526,26896,26912,27031,27033,27342,27527,37079,37142,40681,40695,41394,41462,46262-46263,46391,46466,46571,46583,46678,46707,46768,46775,46803,47003,47026,47032,47047,47050,47084,47217,47265,47285,47327,47446,47505,47511,47516,47655,47733,47743,47831,48001,48115,48141,48165,48267,48282,48328,64195,64337,64377,64432,64442,64553,64713,64825,64828,64919,64948,65322,65508,66059,66115,66126,66214,66217,66300,66368,66386,66407,66505,66513,66581,66606,66726-66727,66737,66764,66874,66918::4;1::41328,41400,41426-41427,46280,46293,46315,46321,46332,46336-46337,46358,46370,46378,46421,46429,46440,46447,46449,46452,46460,46500,46503,46522,46541,46549,46592,46594,46596,46611,46614,46644,46689,46750,46753,46776,46801,46827,46830,46832,46839,46844,46859,46867,46877,46889,46915,47152,47216,47289,47481,47498,47617,47681,47696,48103,48135,48146,48164,48185,48196,48201,48210,48234,48326,48343,48363,48370,48373,48376,48394,48415,48475,48487,48512,48518,48526,48861::5;
lumisParentRange : 
Basename : /store/user/mario/QCD_Pt_170_250_EMEnriched_TuneZ2star_8TeV_pythia6/Summer12-stop-pfele-step1/3d176ac8da5e9dff208d057f4733ca91/tuple_9
BasenameParent : 
parentFiles : 
inputBlocks : /QCD_Pt_170_250_EMEnriched_TuneZ2star_8TeV_pythia6/mario-Summer12-stop-pfele-step1-3d176ac8da5e9dff208d057f4733ca91/USER#130d237e-abcb-4916-a790-d17c846c5c04
inputFiles : 2_7_Yj0.root::1::EDM::Local::1;4_5_cph.root::1::EDM::Local::2;3_8_EUo.root::1::EDM::Local::3;5_9_iXw.root::1::EDM::Local::4;1_5_UYv.root::1::EDM::Local::5;
Popularity stop
Extracted ExitStatus from FrameworkJobReport parsing output: 0
>>> Executable succeded  0
ExeExitCode=0
EXECUTABLE_EXIT_STATUS = 0
>>> current directory /home/cms030/home_creur_353755192/CREAM353755192/glide_Lq1303/execute/dir_24034/CMSSW_5_3_5
>>>  (SOFTWARE_DIR): /home/cms030/home_creur_353755192/CREAM353755192/glide_Lq1303/execute/dir_24034/CMSSW_5_3_5
>>> (WORKING_DIR): 
>>> current directory content:
total 156
drwxr-xr-x 3 cms030 cms  4096 Nov 27 02:31 .SCRAM
-rw-r--r-- 1 cms030 cms 30066 Nov 27 02:31 CMSSW.py.pkl
drwxr-xr-x 3 cms030 cms  4096 Nov 27 02:31 bin
drwxr-xr-x 3 cms030 cms  4096 Nov 27 02:31 cfipython
drwxr-xr-x 5 cms030 cms  4096 Nov 27 02:31 config
-rw-r--r-- 1 cms030 cms    16 Nov 27 02:40 cpu_timing.txt
drwxr-xr-x 2 cms030 cms  4096 Nov 27 02:31 doc
-rw-r--r-- 1 cms030 cms 13504 Nov 27 02:40 executable.out
drwxr-xr-x 2 cms030 cms  4096 Nov 27 02:31 include
drwxrwxrwx 3 cms030 cms  4096 Oct 22 16:38 lib
drwxr-xr-x 3 cms030 cms  4096 Nov 27 02:31 logs
drwxr-xr-x 3 cms030 cms  4096 Nov 27 02:31 objs
-rw-r--r-- 1 cms030 cms 17410 Nov 27 02:40 optHistograms.root
-rw-r--r-- 1 cms030 cms   104 Nov 27 02:31 pset.py
-rw-r--r-- 1 cms030 cms 19503 Nov 27 02:31 pset.py.pkl
-rw-r--r-- 1 cms030 cms   289 Nov 27 02:31 pset.pyc
drwxr-xr-x 2 cms030 cms  4096 Nov 27 02:31 python
-rw-r--r-- 1 cms030 cms   420 Nov 27 02:40 report.log
drwxrwxrwx 4 cms030 cms  4096 Nov 27 02:31 src
drwxr-xr-x 3 cms030 cms  4096 Nov 27 02:31 test
drwxr-xr-x 3 cms030 cms  4096 Nov 27 02:31 tmp
>>> current directory /home/cms030/home_creur_353755192/CREAM353755192/glide_Lq1303/execute/dir_24034/CMSSW_5_3_5
>>> (SOFTWARE_DIR): /home/cms030/home_creur_353755192/CREAM353755192/glide_Lq1303/execute/dir_24034/CMSSW_5_3_5
>>> (WORKING_DIR): 
>>> current directory content:
total 136
drwxr-xr-x 3 cms030 cms  4096 Nov 27 02:31 .SCRAM
-rw-r--r-- 1 cms030 cms 30066 Nov 27 02:31 CMSSW.py.pkl
drwxr-xr-x 3 cms030 cms  4096 Nov 27 02:31 bin
drwxr-xr-x 3 cms030 cms  4096 Nov 27 02:31 cfipython
drwxr-xr-x 5 cms030 cms  4096 Nov 27 02:31 config
-rw-r--r-- 1 cms030 cms    16 Nov 27 02:40 cpu_timing.txt
drwxr-xr-x 2 cms030 cms  4096 Nov 27 02:31 doc
-rw-r--r-- 1 cms030 cms 13504 Nov 27 02:40 executable.out
drwxr-xr-x 2 cms030 cms  4096 Nov 27 02:31 include
drwxrwxrwx 3 cms030 cms  4096 Oct 22 16:38 lib
drwxr-xr-x 3 cms030 cms  4096 Nov 27 02:31 logs
drwxr-xr-x 3 cms030 cms  4096 Nov 27 02:31 objs
-rw-r--r-- 1 cms030 cms   104 Nov 27 02:31 pset.py
-rw-r--r-- 1 cms030 cms 19503 Nov 27 02:31 pset.py.pkl
-rw-r--r-- 1 cms030 cms   289 Nov 27 02:31 pset.pyc
drwxr-xr-x 2 cms030 cms  4096 Nov 27 02:31 python
-rw-r--r-- 1 cms030 cms   420 Nov 27 02:40 report.log
drwxrwxrwx 4 cms030 cms  4096 Nov 27 02:31 src
drwxr-xr-x 3 cms030 cms  4096 Nov 27 02:31 test
drwxr-xr-x 3 cms030 cms  4096 Nov 27 02:31 tmp
>>> current directory (RUNTIME_AREA):  /home/cms030/home_creur_353755192/CREAM353755192/glide_Lq1303/execute/dir_24034
>>> current dir: /home/cms030/home_creur_353755192/CREAM353755192/glide_Lq1303/execute/dir_24034
>>> current dir content:
total 25788
-rw-rw-rw-  1 cms030 cms     5590 Nov 27 02:30 .job.ad
-rw-rw-rw-  1 cms030 cms    11376 Nov 27 02:30 .machine.ad
-rw-rw-rw-  1 cms030 cms      105 Nov 27 01:29 CMSSW.py
-rw-rw-rw-  1 cms030 cms    30066 Nov 27 01:29 CMSSW.py.pkl
-rwxrw-rw-  1 cms030 cms    23341 Nov 27 02:31 CMSSW.sh
drwxr-xr-x 15 cms030 cms     4096 Nov 27 02:41 CMSSW_5_3_5
-rw-rw-rw-  1 cms030 cms        0 Nov 27 02:31 CMSSW_92.stderr
-rw-rw-rw-  1 cms030 cms    29621 Nov 27 02:41 CMSSW_92.stdout
-rw-r--r--  1 cms030 cms      347 Nov 27 02:31 CacheEnv.sh
-rw-rw-rw-  1 cms030 cms     7291 Jun  9  2010 DashboardAPI.py
-rw-r--r--  1 cms030 cms     6883 Nov 27 02:31 DashboardAPI.pyc
drwxrwxrwx  3 cms030 cms     4096 Nov 27 02:40 IMProv
-rw-rw-rw-  1 cms030 cms     2748 Mar  8  2006 Logger.py
-rw-r--r--  1 cms030 cms     3353 Nov 27 02:31 Logger.pyc
-rw-rw-rw-  1 cms030 cms    24524 Mar 28  2008 ProcInfo.py
-rw-r--r--  1 cms030 cms    23470 Nov 27 02:31 ProcInfo.pyc
drwxrwxrwx  7 cms030 cms     4096 Nov 27 02:31 ProdCommon
drwxrwxrwx  3 cms030 cms     4096 Nov 27 02:31 WMCore
-rw-r--r--  1 cms030 cms     1902 Nov 27 02:38 Watchdog_92.log
-rw-rw-rw-  1 cms030 cms    32895 Mar 28  2008 apmon.py
-rw-r--r--  1 cms030 cms    28874 Nov 27 02:31 apmon.pyc
-rw-rw-rw-  1 cms030 cms   100215 Nov 27 02:31 arguments.xml
-rwxrwxrwx  1 cms030 cms    37427 Sep 13 14:14 cmscp.py
-rwxrwxrwx  1 cms030 cms    23341 Nov 27 02:31 condor_exec.exe
-rw-rw-rw-  1 cms030 cms      546 Nov 27 01:29 crab.cfg
-rwxrwxrwx  1 cms030 cms     9531 Sep 20 21:46 crabWatchdog.sh
-rw-r--r--  1 cms030 cms    48571 Nov 27 02:40 crab_fjr_92.xml
-rw-rw-rw-  1 cms030 cms 25796303 Nov 27 02:31 default.tgz
-rwxrwxrwx  1 cms030 cms     4488 May 12  2012 fillCrabFjr.py
-rw-r--r--  1 cms030 cms      941 Nov 27 02:31 inputsReport.txt
-rw-r--r--  1 cms030 cms      132 Nov 27 02:41 jobreport.txt
lrwxrwxrwx  1 cms030 cms      107 Nov 27 02:41 optHistograms.root -> /home/cms030/home_creur_353755192/CREAM353755192/glide_Lq1303/execute/dir_24034/optHistograms_92_1_BZD.root
-rw-r--r--  1 cms030 cms    17410 Nov 27 02:40 optHistograms_92_1_BZD.root
-rw-rw-rw-  1 cms030 cms    17352 Jan 20  2012 parseCrabFjr.py
-rw-r--r--  1 cms030 cms      285 Nov 27 02:31 report.log
-rwxrwxrwx  1 cms030 cms     1497 May 27  2009 report.py
-rwxrwxrwx  1 cms030 cms     8387 Mar 23  2011 writeCfg.py
-rw-------  1 cms030 cms     8691 Nov 27 02:30 x509up_u1000009
Checking output files:  
will tar file optHistograms_92_1_BZD.root in  out_files_92
will tar file crab_fjr_92.xml in  out_files_92
will tar file CMSSW_92.stdout in  out_files_92
will tar file CMSSW_92.stderr in  out_files_92
WARNING: output file Watchdog_92.log.gz not found!
>>> padding time: Sleeping the wrapper for 16 seconds
STOPPING WATCHDOG. CrabWatchdog PID is 542
********** LAST 50 LINES OF WATCHDOG LOG
# RESOURCE USAGE SUMMARY FOR PROCESS ID 31330
USER       PID %CPU %MEM    VSZ   RSS TTY      STAT START   TIME COMMAND
cms030   31330  0.1  0.0   8956  1488 ?        S    02:31   0:00 /bin/sh /home/cms030/home_creur_353755192/CREAM353755192/glide_Lq1303/execute/dir_24034/condor_exec.exe 92 1
 
# LIMITS USED BY THIS WATCHDOG:
# RSS  (KBytes)  : 2300000
# VSZ  (KBytes)  : 100000000
# DISK (MBytes)  : 19000
# CPU  (seconds) : 171600
# WALL (seconds) : 171600
 
# FOLLOWING PRINTOUT TRACKS MAXIMUM VALUES OF RESOURCES USE
# ONE LINE IS PRINTED EACH TIME A MAXIMUM CHANGES
# IF CHANGE WAS IN RSS OR VSZ ALSO PROCID AND COMMAND ARE PRINTED
# THERE IS NO PRINTOUT FOR CPU/WALL TIME INCREASE
 
# TIME			PID	RSS(KB)	VSZ(KB)	Dsk(MB)	tCPU(s)	tWALL(s)	COMMAND
 Nov 27 02:31:36 EET	542	1384	8840	0	0	0	/bin/bash /home/cms030/home_creur_353755192/CREAM353755192/glide_Lq1303/execute/dir_24034/crabWatchdog.sh        
 Nov 27 02:31:36 EET	554	19812	84720	0	0	0	edmConfigHash pset.py        
 Nov 27 02:31:36 EET	---	19812	84720	168	----	----	----
 Nov 27 02:32:41 EET	2511	358556	560224	168	16	57	cmsRun -j /home/cms030/home_creur_353755192/CREAM353755192/glide_Lq1303/execute/dir_24034/crab_fjr_92.xml -p pset.py     
 Nov 27 02:33:45 EET	2511	361908	562016	168	50	122	cmsRun -j /home/cms030/home_creur_353755192/CREAM353755192/glide_Lq1303/execute/dir_24034/crab_fjr_92.xml -p pset.py     
 Nov 27 02:34:52 EET	2511	363280	562528	168	96	187	cmsRun -j /home/cms030/home_creur_353755192/CREAM353755192/glide_Lq1303/execute/dir_24034/crab_fjr_92.xml -p pset.py     
 Nov 27 02:36:59 EET	2511	364628	562784	168	176	315	cmsRun -j /home/cms030/home_creur_353755192/CREAM353755192/glide_Lq1303/execute/dir_24034/crab_fjr_92.xml -p pset.py     
 Nov 27 02:38:04 EET	2511	364628	563552	168	206	379	cmsRun -j /home/cms030/home_creur_353755192/CREAM353755192/glide_Lq1303/execute/dir_24034/crab_fjr_92.xml -p pset.py     
********** WATCHDOG LOG ENDED
ZIPPING WATCHDOG LOG
Disk space used:
du -sh /home/cms030/home_creur_353755192/CREAM353755192/glide_Lq1303/execute/dir_24034
169M	/home/cms030/home_creur_353755192/CREAM353755192/glide_Lq1303/execute/dir_24034
>>> info for dashboard:
***** Cat /home/cms030/home_creur_353755192/CREAM353755192/glide_Lq1303/execute/dir_24034/jobreport.txt *****
MonitorJobID=92_https://submit-2.t2.ucsd.edu//121127//17530.91
MonitorID=liis_crab_0_121127_012908_ngk079
ExeTime=543
ExeExitCode=0
CrabUserCpuTime=296.42
CrabSysCpuTime=8.81
CrabCpuPercentage=56%
CrabWrapperTime=600
CrabStageoutTime=NULL
***** End Cat jobreport *****
Parameters sent to Dashboard.
optHistograms_92_1_BZD.root
crab_fjr_92.xml
CMSSW_92.stdout
CMSSW_92.stderr
Watchdog_92.log.gz
tar: .BrokerInfo: Cannot stat: No such file or directory
tar: Error exit delayed from previous errors
Total Output dimension: 27832
WARNING: output files size limit is set to: 50000000
Total Output dimension 27832 is fine.
JOB_EXIT_STATUS = 0
>>> info for dashboard:
***** Cat /home/cms030/home_creur_353755192/CREAM353755192/glide_Lq1303/execute/dir_24034/jobreport.txt *****
MonitorJobID=92_https://submit-2.t2.ucsd.edu//121127//17530.91
MonitorID=liis_crab_0_121127_012908_ngk079
JobExitCode=0
***** End Cat jobreport *****
Parameters sent to Dashboard.
optHistograms_92_1_BZD.root
crab_fjr_92.xml
