This script was generated by crab (version 2.8.3).
Running /home/cms030/home_creur_861434289/CREAM861434289/glide_Q30493/execute/dir_27427/condor_exec.exe with 2 positional parameters: 89 1
Today is Tue Nov 27 03:01:55 EET 2012
Job submitted on host wn-v-7012.local
Linux wn-v-7012.local 2.6.32-042stab059.7 #1 SMP Tue Jul 24 19:12:01 MSK 2012 x86_64 x86_64 x86_64 GNU/Linux
>>> current directory (RUNTIME_AREA): /home/cms030/home_creur_861434289/CREAM861434289/glide_Q30493/execute/dir_27427
>>> current user: uid=11030(cms030) gid=1400(cms) groups=1400(cms)
>>> voms proxy information:
subject   : /DC=ch/DC=cern/OU=Organic Units/OU=Users/CN=liis/CN=663550/CN=Liis Rebane/CN=proxy/CN=limited proxy
issuer    : /DC=ch/DC=cern/OU=Organic Units/OU=Users/CN=liis/CN=663550/CN=Liis Rebane/CN=proxy
identity  : /DC=ch/DC=cern/OU=Organic Units/OU=Users/CN=liis/CN=663550/CN=Liis Rebane/CN=proxy
type      : limited proxy
strength  : 512 bits
path      : /home/cms030/home_creur_861434289/CREAM861434289/glide_Q30493/execute/dir_27427/x509up_u1000009
timeleft  : 23:58:54
key usage : Digital Signature, Key Encipherment, Data Encipherment
=== VO cms extension information ===
VO        : cms
subject   : /DC=ch/DC=cern/OU=Organic Units/OU=Users/CN=liis/CN=663550/CN=Liis Rebane
issuer    : /DC=ch/DC=cern/OU=computers/CN=lcg-voms.cern.ch
attribute : /cms/Role=NULL/Capability=NULL
timeleft  : 190:23:42
uri       : lcg-voms.cern.ch:15002
>>> tar xzf /home/cms030/home_creur_861434289/CREAM861434289/glide_Q30493/execute/dir_27427/default.tgz :
Successful untar
>>> Include /home/cms030/home_creur_861434289/CREAM861434289/glide_Q30493/execute/dir_27427 in PYTHONPATH:
strip arguments
env var CRAB_UNIQUE_JOB_ID set to: liis_crab_0_121127_013759_6co90g_89_1_lRw
out_files_89
>>> list of expected files on output sandbox
output files: optHistograms_89_1_lRw.root crab_fjr_89.xml CMSSW_89.stdout CMSSW_89.stderr Watchdog_89.log.gz
>>> GridFlavour discovery: 
GridFlavour=LCG
>>> SyncSite discovery: 
SyncSite=T2_EE_Estonia
>>> SyncCE discovery: 
getting SyncCE from CE_ID
SyncCE=europa.hep.kbfi.ee:8443/cream-pbs-long
>>> info for dashboard:
***** Cat /home/cms030/home_creur_861434289/CREAM861434289/glide_Q30493/execute/dir_27427/jobreport.txt *****
MonitorJobID=89_https://submit-2.t2.ucsd.edu//121127//17537.88
SyncGridJobId=https://submit-2.t2.ucsd.edu//121127//17537.88
MonitorID=liis_crab_0_121127_013759_6co90g
GridFlavour=LCG
SyncSite=T2_EE_Estonia
SyncCE=europa.hep.kbfi.ee:8443/cream-pbs-long
***** End Cat jobreport *****
Parameters sent to Dashboard.
>>> setup environment
set SCRAM ARCH to slc5_amd64_gcc462
SCRAM_ARCH = slc5_amd64_gcc462
>>> setup CMS LCG environment:
set SCRAM ARCH and BUILD_ARCH to slc5_amd64_gcc462 ###
Sourcing environment... 
sourcing /cvmfs/cms.cern.ch/cmsset_default.sh
==> setup cms environment ok
>>> specific cmssw setup environment:
CMSSW_VERSION =  CMSSW_5_3_5
>>> current directory (SOFTWARE_DIR): /home/cms030/home_creur_861434289/CREAM861434289/glide_Q30493/execute/dir_27427/CMSSW_5_3_5
PreserveSeeds: <>
IncrementSeeds:<>
{}
WNHostName=wn-v-7012.local
>>> info for dashboard:
***** Cat /home/cms030/home_creur_861434289/CREAM861434289/glide_Q30493/execute/dir_27427/jobreport.txt *****
MonitorJobID=89_https://submit-2.t2.ucsd.edu//121127//17537.88
MonitorID=liis_crab_0_121127_013759_6co90g
WNHostName=wn-v-7012.local
***** End Cat jobreport *****
Parameters sent to Dashboard.
crabWatchdog started as process 28961
>>> moving CMSSW software directories in /home/cms030/home_creur_861434289/CREAM861434289/glide_Q30493/execute/dir_27427/CMSSW_5_3_5
mv: cannot stat `/home/cms030/home_creur_861434289/CREAM861434289/glide_Q30493/execute/dir_27427/module/': No such file or directory
>>> Include /home/cms030/home_creur_861434289/CREAM861434289/glide_Q30493/execute/dir_27427 in PYTHONPATH:
PYTHONPATH=/home/cms030/home_creur_861434289/CREAM861434289/glide_Q30493/execute/dir_27427/:/home/cms030/home_creur_861434289/CREAM861434289/glide_Q30493/execute/dir_27427/CMSSW_5_3_5/python:/home/cms030/home_creur_861434289/CREAM861434289/glide_Q30493/execute/dir_27427/CMSSW_5_3_5/lib/slc5_amd64_gcc462:/cvmfs/cms.cern.ch/slc5_amd64_gcc462/cms/cmssw/CMSSW_5_3_5/python:/cvmfs/cms.cern.ch/slc5_amd64_gcc462/cms/cmssw/CMSSW_5_3_5/lib/slc5_amd64_gcc462:/cvmfs/cms.cern.ch/slc5_amd64_gcc462/cms/coral/CORAL_2_3_21-cms27/slc5_amd64_gcc462/python:/cvmfs/cms.cern.ch/slc5_amd64_gcc462/cms/coral/CORAL_2_3_21-cms27/slc5_amd64_gcc462/lib:/cvmfs/cms.cern.ch/slc5_amd64_gcc462/external/pyqt/4.8.1/lib/python2.6/site-packages:/cvmfs/cms.cern.ch/slc5_amd64_gcc462/external/py2-scipy/0.8.0/lib/python2.6/site-packages:/cvmfs/cms.cern.ch/slc5_amd64_gcc462/external/py2-matplotlib/1.0.1/lib/python2.6/site-packages:/cvmfs/cms.cern.ch/slc5_amd64_gcc462/external/python-ldap/2.3.5/lib/python2.6/site-packages:/cvmfs/cms.cern.ch/slc5_amd64_gcc462/external/sip/4.11.2/lib/python2.6/site-packages:/cvmfs/cms.cern.ch/slc5_amd64_gcc462/external/py2-pycurl/7.19.0/lib/python2.6/site-packages:/cvmfs/cms.cern.ch/slc5_amd64_gcc462/external/py2-numpy/1.6.1/lib/python2.6/site-packages:/cvmfs/cms.cern.ch/slc5_amd64_gcc462/external/py2-ipython/0.10/lib/python2.6/site-packages:/cvmfs/cms.cern.ch/slc5_amd64_gcc462/external/py2-cx-oracle/5.1-cms11/lib/python2.6/site-packages:/cvmfs/cms.cern.ch/slc5_amd64_gcc462/external/py2-cjson/1.0.5/lib/python2.6/site-packages:/cvmfs/cms.cern.ch/slc5_amd64_gcc462/cms/das-client/1.4.1-cms8/bin:/cvmfs/cms.cern.ch/slc5_amd64_gcc462/external/elementtree/1.2.6/share/lib/python2.6/site-packages:/cvmfs/cms.cern.ch/slc5_amd64_gcc462/external/rivet/1.5.1-cms10/lib/python2.6/site-packages:/cvmfs/cms.cern.ch/slc5_amd64_gcc462/external/pyminuit2/0.0.1-cms34/lib/python2.6/site-packages:/cvmfs/cms.cern.ch/slc5_amd64_gcc462/external/professor/1.0.0-cms35/lib/python2.6/site-packages:/cvmfs/cms.cern.ch/slc5_amd64_gcc462/lcg/root/5.32.00-cms18/lib:/cvmfs/cms.cern.ch/slc5_amd64_gcc462/cms/dbs-client/DBS_2_1_1_patch1_1/lib:/cvmfs/cms.cern.ch/slc5_amd64_gcc462/cms/dbs-client/DBS_2_1_1_patch1_1/lib/DBSAPI:/home/cms030/home_creur_861434289/CREAM861434289/glide_Q30493/execute/dir_27427/
241a2a19cb7c5c8751ba22759ab3bdb0
PSETHASH = 241a2a19cb7c5c8751ba22759ab3bdb0
/home/cms030/home_creur_861434289/CREAM861434289/glide_Q30493/execute/dir_27427/writeCfg.py pset.py pset.py
Importing .py file
Setting parameters
inputBlocks=/QCD_Pt_250_350_BCtoE_TuneZ2star_8TeV_pythia6/mario-Summer12-stop-pfele-step1-3d176ac8da5e9dff208d057f4733ca91/USER#7995b155-5e61-4a6b-92c2-ceefb547c0e1
inputFiles=/store/user/mario/QCD_Pt_250_350_BCtoE_TuneZ2star_8TeV_pythia6/Summer12-stop-pfele-step1/3d176ac8da5e9dff208d057f4733ca91/tuple_157_1_dRQ.root;/store/user/mario/QCD_Pt_250_350_BCtoE_TuneZ2star_8TeV_pythia6/Summer12-stop-pfele-step1/3d176ac8da5e9dff208d057f4733ca91/tuple_158_1_1co.root;/store/user/mario/QCD_Pt_250_350_BCtoE_TuneZ2star_8TeV_pythia6/Summer12-stop-pfele-step1/3d176ac8da5e9dff208d057f4733ca91/tuple_159_2_bwk.root;/store/user/mario/QCD_Pt_250_350_BCtoE_TuneZ2star_8TeV_pythia6/Summer12-stop-pfele-step1/3d176ac8da5e9dff208d057f4733ca91/tuple_160_2_lGT.root;/store/user/mario/QCD_Pt_250_350_BCtoE_TuneZ2star_8TeV_pythia6/Summer12-stop-pfele-step1/3d176ac8da5e9dff208d057f4733ca91/tuple_161_1_fwe.root;/store/user/mario/QCD_Pt_250_350_BCtoE_TuneZ2star_8TeV_pythia6/Summer12-stop-pfele-step1/3d176ac8da5e9dff208d057f4733ca91/tuple_162_3_yG0.root
parentFiles=
lumisRange=
>>> Executable cmsRun
/cvmfs/cms.cern.ch/slc5_amd64_gcc462/cms/cmssw/CMSSW_5_3_5/bin/slc5_amd64_gcc462/cmsRun
ok executable found
>>> info for dashboard:
***** Cat /home/cms030/home_creur_861434289/CREAM861434289/glide_Q30493/execute/dir_27427/jobreport.txt *****
MonitorJobID=89_https://submit-2.t2.ucsd.edu//121127//17537.88
MonitorID=liis_crab_0_121127_013759_6co90g
ExeStart=cmsRun
***** End Cat jobreport *****
Parameters sent to Dashboard.
>>> cmsRun started at Tue Nov 27 01:02:25 UTC 2012
>>> cmsRun ended at Tue Nov 27 01:05:09 UTC 2012
>>> info for dashboard:
***** Cat /home/cms030/home_creur_861434289/CREAM861434289/glide_Q30493/execute/dir_27427/jobreport.txt *****
MonitorJobID=89_https://submit-2.t2.ucsd.edu//121127//17537.88
MonitorID=liis_crab_0_121127_013759_6co90g
ExeEnd=cmsRun
***** End Cat jobreport *****
Parameters sent to Dashboard.
TIME_EXE = 164 sec
>>> cmsRun wrote 45 lines of stdout+stderr
>>> START OF printout of 45 lines from stdout+stderr
27-Nov-2012 03:02:58 EET  Initiating request to open file file:/hdfs/cms/store/user/mario/QCD_Pt_250_350_BCtoE_TuneZ2star_8TeV_pythia6/Summer12-stop-pfele-step1/3d176ac8da5e9dff208d057f4733ca91/tuple_157_1_dRQ.root
27-Nov-2012 03:03:08 EET  Successfully opened file file:/hdfs/cms/store/user/mario/QCD_Pt_250_350_BCtoE_TuneZ2star_8TeV_pythia6/Summer12-stop-pfele-step1/3d176ac8da5e9dff208d057f4733ca91/tuple_157_1_dRQ.root
Begin processing the 1st record. Run 1, Event 55645855, LumiSection 2818 at 27-Nov-2012 03:03:22.042 EET
27-Nov-2012 03:03:26 EET  Closed file file:/hdfs/cms/store/user/mario/QCD_Pt_250_350_BCtoE_TuneZ2star_8TeV_pythia6/Summer12-stop-pfele-step1/3d176ac8da5e9dff208d057f4733ca91/tuple_157_1_dRQ.root
27-Nov-2012 03:03:26 EET  Initiating request to open file file:/hdfs/cms/store/user/mario/QCD_Pt_250_350_BCtoE_TuneZ2star_8TeV_pythia6/Summer12-stop-pfele-step1/3d176ac8da5e9dff208d057f4733ca91/tuple_158_1_1co.root
27-Nov-2012 03:03:27 EET  Successfully opened file file:/hdfs/cms/store/user/mario/QCD_Pt_250_350_BCtoE_TuneZ2star_8TeV_pythia6/Summer12-stop-pfele-step1/3d176ac8da5e9dff208d057f4733ca91/tuple_158_1_1co.root
Begin processing the 1001st record. Run 1, Event 63777770, LumiSection 3229 at 27-Nov-2012 03:03:37.649 EET
Begin processing the 2001st record. Run 1, Event 71257885, LumiSection 3608 at 27-Nov-2012 03:03:42.753 EET
27-Nov-2012 03:03:43 EET  Closed file file:/hdfs/cms/store/user/mario/QCD_Pt_250_350_BCtoE_TuneZ2star_8TeV_pythia6/Summer12-stop-pfele-step1/3d176ac8da5e9dff208d057f4733ca91/tuple_158_1_1co.root
27-Nov-2012 03:03:43 EET  Initiating request to open file file:/hdfs/cms/store/user/mario/QCD_Pt_250_350_BCtoE_TuneZ2star_8TeV_pythia6/Summer12-stop-pfele-step1/3d176ac8da5e9dff208d057f4733ca91/tuple_159_2_bwk.root
27-Nov-2012 03:03:43 EET  Successfully opened file file:/hdfs/cms/store/user/mario/QCD_Pt_250_350_BCtoE_TuneZ2star_8TeV_pythia6/Summer12-stop-pfele-step1/3d176ac8da5e9dff208d057f4733ca91/tuple_159_2_bwk.root
Begin processing the 3001st record. Run 1, Event 8800773, LumiSection 446 at 27-Nov-2012 03:04:03.692 EET
Begin processing the 4001st record. Run 1, Event 35446586, LumiSection 1795 at 27-Nov-2012 03:04:08.592 EET
27-Nov-2012 03:04:09 EET  Closed file file:/hdfs/cms/store/user/mario/QCD_Pt_250_350_BCtoE_TuneZ2star_8TeV_pythia6/Summer12-stop-pfele-step1/3d176ac8da5e9dff208d057f4733ca91/tuple_159_2_bwk.root
27-Nov-2012 03:04:09 EET  Initiating request to open file file:/hdfs/cms/store/user/mario/QCD_Pt_250_350_BCtoE_TuneZ2star_8TeV_pythia6/Summer12-stop-pfele-step1/3d176ac8da5e9dff208d057f4733ca91/tuple_160_2_lGT.root
27-Nov-2012 03:04:10 EET  Successfully opened file file:/hdfs/cms/store/user/mario/QCD_Pt_250_350_BCtoE_TuneZ2star_8TeV_pythia6/Summer12-stop-pfele-step1/3d176ac8da5e9dff208d057f4733ca91/tuple_160_2_lGT.root
Begin processing the 5001st record. Run 1, Event 43221903, LumiSection 2189 at 27-Nov-2012 03:04:30.709 EET
Begin processing the 6001st record. Run 1, Event 5053945, LumiSection 256 at 27-Nov-2012 03:04:34.775 EET
27-Nov-2012 03:04:37 EET  Closed file file:/hdfs/cms/store/user/mario/QCD_Pt_250_350_BCtoE_TuneZ2star_8TeV_pythia6/Summer12-stop-pfele-step1/3d176ac8da5e9dff208d057f4733ca91/tuple_160_2_lGT.root
27-Nov-2012 03:04:37 EET  Initiating request to open file file:/hdfs/cms/store/user/mario/QCD_Pt_250_350_BCtoE_TuneZ2star_8TeV_pythia6/Summer12-stop-pfele-step1/3d176ac8da5e9dff208d057f4733ca91/tuple_161_1_fwe.root
27-Nov-2012 03:04:37 EET  Successfully opened file file:/hdfs/cms/store/user/mario/QCD_Pt_250_350_BCtoE_TuneZ2star_8TeV_pythia6/Summer12-stop-pfele-step1/3d176ac8da5e9dff208d057f4733ca91/tuple_161_1_fwe.root
Begin processing the 7001st record. Run 1, Event 27272210, LumiSection 1381 at 27-Nov-2012 03:04:50.798 EET
Begin processing the 8001st record. Run 1, Event 37341365, LumiSection 1891 at 27-Nov-2012 03:04:54.724 EET
27-Nov-2012 03:04:58 EET  Closed file file:/hdfs/cms/store/user/mario/QCD_Pt_250_350_BCtoE_TuneZ2star_8TeV_pythia6/Summer12-stop-pfele-step1/3d176ac8da5e9dff208d057f4733ca91/tuple_161_1_fwe.root
27-Nov-2012 03:04:58 EET  Initiating request to open file file:/hdfs/cms/store/user/mario/QCD_Pt_250_350_BCtoE_TuneZ2star_8TeV_pythia6/Summer12-stop-pfele-step1/3d176ac8da5e9dff208d057f4733ca91/tuple_162_3_yG0.root
27-Nov-2012 03:04:59 EET  Successfully opened file file:/hdfs/cms/store/user/mario/QCD_Pt_250_350_BCtoE_TuneZ2star_8TeV_pythia6/Summer12-stop-pfele-step1/3d176ac8da5e9dff208d057f4733ca91/tuple_162_3_yG0.root
27-Nov-2012 03:05:07 EET  Closed file file:/hdfs/cms/store/user/mario/QCD_Pt_250_350_BCtoE_TuneZ2star_8TeV_pythia6/Summer12-stop-pfele-step1/3d176ac8da5e9dff208d057f4733ca91/tuple_162_3_yG0.root

=============================================

MessageLogger Summary

 type     category        sev    module        subroutine        count    total
 ---- -------------------- -- ---------------- ----------------  -----    -----
    1 fileAction           -s file_close                             6        6
    2 fileAction           -s file_open                             12       12

 type    category    Examples: run/evt        run/evt          run/evt
 ---- -------------------- ---------------- ---------------- ----------------
    1 fileAction           PostProcessEvent PostProcessEvent PostEndRun
    2 fileAction           pre-events       pre-events       PostProcessEvent

Severity    # Occurrences   Total Occurrences
--------    -------------   -----------------
System                 18                  18
>>> END OF printout of 45 lines from stdout+stderr
>>> Parse FrameworkJobReport crab_fjr.xml
Result of parsing the FrameworkJobReport crab_fjr.xml: Popularity start
lumisRange : 1::2818,2845,3195,3228-3229,3264,3352,3356,3523,3608,3687::1;1::256,319,439,1801,1979,2181,2183,2189,2193,2212,2215::2;1::296,439,471,480,1381,1404,1816,1845,1891,2178,2191,2196::3;1::::4;1::::5;1::305,446,937,1443,1445,1791,1795,1801,3687,3713,3719::6;
lumisParentRange : 
Basename : /store/user/mario/QCD_Pt_250_350_BCtoE_TuneZ2star_8TeV_pythia6/Summer12-stop-pfele-step1/3d176ac8da5e9dff208d057f4733ca91/tuple_1
BasenameParent : 
parentFiles : 
inputBlocks : /QCD_Pt_250_350_BCtoE_TuneZ2star_8TeV_pythia6/mario-Summer12-stop-pfele-step1-3d176ac8da5e9dff208d057f4733ca91/USER#7995b155-5e61-4a6b-92c2-ceefb547c0e1
inputFiles : 58_1_1co.root::1::EDM::Local::1;60_2_lGT.root::1::EDM::Local::2;61_1_fwe.root::1::EDM::Local::3;62_3_yG0.root::1::EDM::Local::4;57_1_dRQ.root::1::EDM::Local::5;59_2_bwk.root::1::EDM::Local::6;
Popularity stop
Extracted ExitStatus from FrameworkJobReport parsing output: 0
>>> Executable succeded  0
ExeExitCode=0
EXECUTABLE_EXIT_STATUS = 0
>>> current directory /home/cms030/home_creur_861434289/CREAM861434289/glide_Q30493/execute/dir_27427/CMSSW_5_3_5
>>>  (SOFTWARE_DIR): /home/cms030/home_creur_861434289/CREAM861434289/glide_Q30493/execute/dir_27427/CMSSW_5_3_5
>>> (WORKING_DIR): 
>>> current directory content:
total 144
drwxr-xr-x 3 cms030 cms  4096 Nov 27 03:02 .SCRAM
-rw-r--r-- 1 cms030 cms 30066 Nov 27 03:02 CMSSW.py.pkl
drwxr-xr-x 3 cms030 cms  4096 Nov 27 03:02 bin
drwxr-xr-x 3 cms030 cms  4096 Nov 27 03:02 cfipython
drwxr-xr-x 5 cms030 cms  4096 Nov 27 03:02 config
-rw-r--r-- 1 cms030 cms    16 Nov 27 03:05 cpu_timing.txt
drwxr-xr-x 2 cms030 cms  4096 Nov 27 03:02 doc
-rw-r--r-- 1 cms030 cms  5503 Nov 27 03:05 executable.out
drwxr-xr-x 2 cms030 cms  4096 Nov 27 03:02 include
drwxrwxrwx 3 cms030 cms  4096 Oct 22 16:38 lib
drwxr-xr-x 3 cms030 cms  4096 Nov 27 03:02 logs
drwxr-xr-x 3 cms030 cms  4096 Nov 27 03:02 objs
-rw-r--r-- 1 cms030 cms 16258 Nov 27 03:05 optHistograms.root
-rw-r--r-- 1 cms030 cms   104 Nov 27 03:02 pset.py
-rw-r--r-- 1 cms030 cms 19633 Nov 27 03:02 pset.py.pkl
-rw-r--r-- 1 cms030 cms   289 Nov 27 03:02 pset.pyc
drwxr-xr-x 2 cms030 cms  4096 Nov 27 03:02 python
-rw-r--r-- 1 cms030 cms   420 Nov 27 03:05 report.log
drwxrwxrwx 4 cms030 cms  4096 Nov 27 03:01 src
drwxr-xr-x 3 cms030 cms  4096 Nov 27 03:02 test
drwxr-xr-x 3 cms030 cms  4096 Nov 27 03:02 tmp
>>> current directory /home/cms030/home_creur_861434289/CREAM861434289/glide_Q30493/execute/dir_27427/CMSSW_5_3_5
>>> (SOFTWARE_DIR): /home/cms030/home_creur_861434289/CREAM861434289/glide_Q30493/execute/dir_27427/CMSSW_5_3_5
>>> (WORKING_DIR): 
>>> current directory content:
total 128
drwxr-xr-x 3 cms030 cms  4096 Nov 27 03:02 .SCRAM
-rw-r--r-- 1 cms030 cms 30066 Nov 27 03:02 CMSSW.py.pkl
drwxr-xr-x 3 cms030 cms  4096 Nov 27 03:02 bin
drwxr-xr-x 3 cms030 cms  4096 Nov 27 03:02 cfipython
drwxr-xr-x 5 cms030 cms  4096 Nov 27 03:02 config
-rw-r--r-- 1 cms030 cms    16 Nov 27 03:05 cpu_timing.txt
drwxr-xr-x 2 cms030 cms  4096 Nov 27 03:02 doc
-rw-r--r-- 1 cms030 cms  5503 Nov 27 03:05 executable.out
drwxr-xr-x 2 cms030 cms  4096 Nov 27 03:02 include
drwxrwxrwx 3 cms030 cms  4096 Oct 22 16:38 lib
drwxr-xr-x 3 cms030 cms  4096 Nov 27 03:02 logs
drwxr-xr-x 3 cms030 cms  4096 Nov 27 03:02 objs
-rw-r--r-- 1 cms030 cms   104 Nov 27 03:02 pset.py
-rw-r--r-- 1 cms030 cms 19633 Nov 27 03:02 pset.py.pkl
-rw-r--r-- 1 cms030 cms   289 Nov 27 03:02 pset.pyc
drwxr-xr-x 2 cms030 cms  4096 Nov 27 03:02 python
-rw-r--r-- 1 cms030 cms   420 Nov 27 03:05 report.log
drwxrwxrwx 4 cms030 cms  4096 Nov 27 03:01 src
drwxr-xr-x 3 cms030 cms  4096 Nov 27 03:02 test
drwxr-xr-x 3 cms030 cms  4096 Nov 27 03:02 tmp
>>> current directory (RUNTIME_AREA):  /home/cms030/home_creur_861434289/CREAM861434289/glide_Q30493/execute/dir_27427
>>> current dir: /home/cms030/home_creur_861434289/CREAM861434289/glide_Q30493/execute/dir_27427
>>> current dir content:
total 25756
-rw-rw-rw-  1 cms030 cms     5603 Nov 27 03:01 .job.ad
-rw-rw-rw-  1 cms030 cms    11527 Nov 27 03:01 .machine.ad
-rw-rw-rw-  1 cms030 cms      105 Nov 27 01:38 CMSSW.py
-rw-rw-rw-  1 cms030 cms    30066 Nov 27 01:38 CMSSW.py.pkl
-rwxrw-rw-  1 cms030 cms    23331 Nov 27 03:01 CMSSW.sh
drwxr-xr-x 15 cms030 cms     4096 Nov 27 03:05 CMSSW_5_3_5
-rw-rw-rw-  1 cms030 cms        0 Nov 27 03:01 CMSSW_89.stderr
-rw-rw-rw-  1 cms030 cms    17939 Nov 27 03:05 CMSSW_89.stdout
-rw-r--r--  1 cms030 cms      347 Nov 27 03:01 CacheEnv.sh
-rw-rw-rw-  1 cms030 cms     7291 Jun  9  2010 DashboardAPI.py
-rw-r--r--  1 cms030 cms     6883 Nov 27 03:02 DashboardAPI.pyc
drwxrwxrwx  3 cms030 cms     4096 Nov 27 03:05 IMProv
-rw-rw-rw-  1 cms030 cms     2748 Mar  8  2006 Logger.py
-rw-r--r--  1 cms030 cms     3353 Nov 27 03:02 Logger.pyc
-rw-rw-rw-  1 cms030 cms    24524 Mar 28  2008 ProcInfo.py
-rw-r--r--  1 cms030 cms    23470 Nov 27 03:02 ProcInfo.pyc
drwxrwxrwx  7 cms030 cms     4096 Nov 27 03:02 ProdCommon
drwxrwxrwx  3 cms030 cms     4096 Nov 27 03:01 WMCore
-rw-r--r--  1 cms030 cms     1699 Nov 27 03:04 Watchdog_89.log
-rw-rw-rw-  1 cms030 cms    32895 Mar 28  2008 apmon.py
-rw-r--r--  1 cms030 cms    28874 Nov 27 03:02 apmon.pyc
-rw-rw-rw-  1 cms030 cms    97097 Nov 27 03:01 arguments.xml
-rwxrwxrwx  1 cms030 cms    37427 Sep 13 14:14 cmscp.py
-rwxrwxrwx  1 cms030 cms    23331 Nov 27 03:01 condor_exec.exe
-rw-rw-rw-  1 cms030 cms      541 Nov 27 01:38 crab.cfg
-rwxrwxrwx  1 cms030 cms     9531 Sep 20 21:46 crabWatchdog.sh
-rw-r--r--  1 cms030 cms    33620 Nov 27 03:05 crab_fjr_89.xml
-rw-rw-rw-  1 cms030 cms 25796285 Nov 27 03:01 default.tgz
-rwxrwxrwx  1 cms030 cms     4488 May 12  2012 fillCrabFjr.py
-rw-r--r--  1 cms030 cms     1059 Nov 27 03:02 inputsReport.txt
-rw-r--r--  1 cms030 cms      132 Nov 27 03:05 jobreport.txt
lrwxrwxrwx  1 cms030 cms      107 Nov 27 03:05 optHistograms.root -> /home/cms030/home_creur_861434289/CREAM861434289/glide_Q30493/execute/dir_27427/optHistograms_89_1_lRw.root
-rw-r--r--  1 cms030 cms    16258 Nov 27 03:05 optHistograms_89_1_lRw.root
-rw-rw-rw-  1 cms030 cms    17352 Jan 20  2012 parseCrabFjr.py
-rw-r--r--  1 cms030 cms      285 Nov 27 03:01 report.log
-rwxrwxrwx  1 cms030 cms     1497 May 27  2009 report.py
-rwxrwxrwx  1 cms030 cms     8387 Mar 23  2011 writeCfg.py
-rw-------  1 cms030 cms     8691 Nov 27 03:01 x509up_u1000009
Checking output files:  
will tar file optHistograms_89_1_lRw.root in  out_files_89
will tar file crab_fjr_89.xml in  out_files_89
will tar file CMSSW_89.stdout in  out_files_89
will tar file CMSSW_89.stderr in  out_files_89
WARNING: output file Watchdog_89.log.gz not found!
>>> padding time: Sleeping the wrapper for 380 seconds
STOPPING WATCHDOG. CrabWatchdog PID is 28961
********** LAST 50 LINES OF WATCHDOG LOG
# RESOURCE USAGE SUMMARY FOR PROCESS ID 27869
USER       PID %CPU %MEM    VSZ   RSS TTY      STAT START   TIME COMMAND
cms030   27869  0.5  0.0   8956  1488 ?        S    03:01   0:00 /bin/sh /home/cms030/home_creur_861434289/CREAM861434289/glide_Q30493/execute/dir_27427/condor_exec.exe 89 1
 
# LIMITS USED BY THIS WATCHDOG:
# RSS  (KBytes)  : 2300000
# VSZ  (KBytes)  : 100000000
# DISK (MBytes)  : 19000
# CPU  (seconds) : 171600
# WALL (seconds) : 171600
 
# FOLLOWING PRINTOUT TRACKS MAXIMUM VALUES OF RESOURCES USE
# ONE LINE IS PRINTED EACH TIME A MAXIMUM CHANGES
# IF CHANGE WAS IN RSS OR VSZ ALSO PROCID AND COMMAND ARE PRINTED
# THERE IS NO PRINTOUT FOR CPU/WALL TIME INCREASE
 
# TIME			PID	RSS(KB)	VSZ(KB)	Dsk(MB)	tCPU(s)	tWALL(s)	COMMAND
 Nov 27 03:02:07 EET	1485	1340	8816	0	0	5292	/bin/bash /home/cms030/home_creur_861434289/CREAM861434289/glide_Q30493/main/condor_startup.sh glidein_config       
 Nov 27 03:02:07 EET	2127	5776	9448	0	2	5291	/home/cms030/home_creur_861434289/CREAM861434289/glide_Q30493/main/condor/sbin/condor_master -f -pidfile /home/cms030/home_creur_861434289/CREAM861434289/glide_Q30493/condor_master2.pid      
 Nov 27 03:02:07 EET	2406	5776	9508	0	3	5290	condor_startd -f        
 Nov 27 03:02:07 EET	28973	24004	83748	0	1	3	edmConfigHash pset.py        
 Nov 27 03:02:07 EET	---	24004	83748	168	----	----	----
 Nov 27 03:03:15 EET	32186	301308	515680	168	21	58	cmsRun -j /home/cms030/home_creur_861434289/CREAM861434289/glide_Q30493/execute/dir_27427/crab_fjr_89.xml -p pset.py     
 Nov 27 03:04:23 EET	32186	357252	559712	168	47	126	cmsRun -j /home/cms030/home_creur_861434289/CREAM861434289/glide_Q30493/execute/dir_27427/crab_fjr_89.xml -p pset.py     
 Nov 27 03:05:31 EET	---	357252	559712	169	----	----	----
********** WATCHDOG LOG ENDED
ZIPPING WATCHDOG LOG
Disk space used:
du -sh /home/cms030/home_creur_861434289/CREAM861434289/glide_Q30493/execute/dir_27427
169M	/home/cms030/home_creur_861434289/CREAM861434289/glide_Q30493/execute/dir_27427
>>> info for dashboard:
***** Cat /home/cms030/home_creur_861434289/CREAM861434289/glide_Q30493/execute/dir_27427/jobreport.txt *****
MonitorJobID=89_https://submit-2.t2.ucsd.edu//121127//17537.88
MonitorID=liis_crab_0_121127_013759_6co90g
ExeTime=164
ExeExitCode=0
CrabUserCpuTime=53.30
CrabSysCpuTime=11.04
CrabCpuPercentage=39%
CrabWrapperTime=600
CrabStageoutTime=NULL
***** End Cat jobreport *****
Parameters sent to Dashboard.
optHistograms_89_1_lRw.root
crab_fjr_89.xml
CMSSW_89.stdout
CMSSW_89.stderr
Watchdog_89.log.gz
tar: .BrokerInfo: Cannot stat: No such file or directory
tar: Error exit delayed from previous errors
Total Output dimension: 17707
WARNING: output files size limit is set to: 50000000
Total Output dimension 17707 is fine.
JOB_EXIT_STATUS = 0
>>> info for dashboard:
***** Cat /home/cms030/home_creur_861434289/CREAM861434289/glide_Q30493/execute/dir_27427/jobreport.txt *****
MonitorJobID=89_https://submit-2.t2.ucsd.edu//121127//17537.88
MonitorID=liis_crab_0_121127_013759_6co90g
JobExitCode=0
***** End Cat jobreport *****
Parameters sent to Dashboard.
optHistograms_89_1_lRw.root
crab_fjr_89.xml
