This script was generated by crab (version 2.8.3).
Running /home/cms003/home_crobe_348532834/CREAM348532834/glide_W24819/execute/dir_8404/condor_exec.exe with 2 positional parameters: 11 1
Today is Tue Nov 27 02:58:51 EET 2012
Job submitted on host wn-v-7025.local
Linux wn-v-7025.local 2.6.32-042stab059.7 #1 SMP Tue Jul 24 19:12:01 MSK 2012 x86_64 x86_64 x86_64 GNU/Linux
>>> current directory (RUNTIME_AREA): /home/cms003/home_crobe_348532834/CREAM348532834/glide_W24819/execute/dir_8404
>>> current user: uid=11003(cms003) gid=1400(cms) groups=1400(cms)
>>> voms proxy information:
subject   : /DC=ch/DC=cern/OU=Organic Units/OU=Users/CN=liis/CN=663550/CN=Liis Rebane/CN=proxy/CN=limited proxy
issuer    : /DC=ch/DC=cern/OU=Organic Units/OU=Users/CN=liis/CN=663550/CN=Liis Rebane/CN=proxy
identity  : /DC=ch/DC=cern/OU=Organic Units/OU=Users/CN=liis/CN=663550/CN=Liis Rebane/CN=proxy
type      : limited proxy
strength  : 512 bits
path      : /home/cms003/home_crobe_348532834/CREAM348532834/glide_W24819/execute/dir_8404/x509up_u1000009
timeleft  : 23:59:54
key usage : Digital Signature, Key Encipherment, Data Encipherment
=== VO cms extension information ===
VO        : cms
subject   : /DC=ch/DC=cern/OU=Organic Units/OU=Users/CN=liis/CN=663550/CN=Liis Rebane
issuer    : /DC=ch/DC=cern/OU=computers/CN=lcg-voms.cern.ch
attribute : /cms/Role=NULL/Capability=NULL
timeleft  : 190:26:46
uri       : lcg-voms.cern.ch:15002
>>> tar xzf /home/cms003/home_crobe_348532834/CREAM348532834/glide_W24819/execute/dir_8404/default.tgz :
Successful untar
>>> Include /home/cms003/home_crobe_348532834/CREAM348532834/glide_W24819/execute/dir_8404 in PYTHONPATH:
strip arguments
env var CRAB_UNIQUE_JOB_ID set to: liis_crab_0_121127_013759_6co90g_11_1_iwo
out_files_11
>>> list of expected files on output sandbox
output files: optHistograms_11_1_iwo.root crab_fjr_11.xml CMSSW_11.stdout CMSSW_11.stderr Watchdog_11.log.gz
>>> GridFlavour discovery: 
GridFlavour=LCG
>>> SyncSite discovery: 
SyncSite=T2_EE_Estonia
>>> SyncCE discovery: 
getting SyncCE from CE_ID
SyncCE=oberon.hep.kbfi.ee:8443/cream-pbs-long
>>> info for dashboard:
***** Cat /home/cms003/home_crobe_348532834/CREAM348532834/glide_W24819/execute/dir_8404/jobreport.txt *****
MonitorJobID=11_https://submit-2.t2.ucsd.edu//121127//17537.10
SyncGridJobId=https://submit-2.t2.ucsd.edu//121127//17537.10
MonitorID=liis_crab_0_121127_013759_6co90g
GridFlavour=LCG
SyncSite=T2_EE_Estonia
SyncCE=oberon.hep.kbfi.ee:8443/cream-pbs-long
***** End Cat jobreport *****
Parameters sent to Dashboard.
>>> setup environment
set SCRAM ARCH to slc5_amd64_gcc462
SCRAM_ARCH = slc5_amd64_gcc462
>>> setup CMS LCG environment:
set SCRAM ARCH and BUILD_ARCH to slc5_amd64_gcc462 ###
Sourcing environment... 
sourcing /cvmfs/cms.cern.ch/cmsset_default.sh
==> setup cms environment ok
>>> specific cmssw setup environment:
CMSSW_VERSION =  CMSSW_5_3_5
>>> current directory (SOFTWARE_DIR): /home/cms003/home_crobe_348532834/CREAM348532834/glide_W24819/execute/dir_8404/CMSSW_5_3_5
PreserveSeeds: <>
IncrementSeeds:<>
{}
WNHostName=wn-v-7025.local
>>> info for dashboard:
***** Cat /home/cms003/home_crobe_348532834/CREAM348532834/glide_W24819/execute/dir_8404/jobreport.txt *****
MonitorJobID=11_https://submit-2.t2.ucsd.edu//121127//17537.10
MonitorID=liis_crab_0_121127_013759_6co90g
WNHostName=wn-v-7025.local
***** End Cat jobreport *****
Parameters sent to Dashboard.
crabWatchdog started as process 10578
>>> moving CMSSW software directories in /home/cms003/home_crobe_348532834/CREAM348532834/glide_W24819/execute/dir_8404/CMSSW_5_3_5
mv: cannot stat `/home/cms003/home_crobe_348532834/CREAM348532834/glide_W24819/execute/dir_8404/module/': No such file or directory
>>> Include /home/cms003/home_crobe_348532834/CREAM348532834/glide_W24819/execute/dir_8404 in PYTHONPATH:
PYTHONPATH=/home/cms003/home_crobe_348532834/CREAM348532834/glide_W24819/execute/dir_8404/:/home/cms003/home_crobe_348532834/CREAM348532834/glide_W24819/execute/dir_8404/CMSSW_5_3_5/python:/home/cms003/home_crobe_348532834/CREAM348532834/glide_W24819/execute/dir_8404/CMSSW_5_3_5/lib/slc5_amd64_gcc462:/cvmfs/cms.cern.ch/slc5_amd64_gcc462/cms/cmssw/CMSSW_5_3_5/python:/cvmfs/cms.cern.ch/slc5_amd64_gcc462/cms/cmssw/CMSSW_5_3_5/lib/slc5_amd64_gcc462:/cvmfs/cms.cern.ch/slc5_amd64_gcc462/cms/coral/CORAL_2_3_21-cms27/slc5_amd64_gcc462/python:/cvmfs/cms.cern.ch/slc5_amd64_gcc462/cms/coral/CORAL_2_3_21-cms27/slc5_amd64_gcc462/lib:/cvmfs/cms.cern.ch/slc5_amd64_gcc462/external/pyqt/4.8.1/lib/python2.6/site-packages:/cvmfs/cms.cern.ch/slc5_amd64_gcc462/external/py2-scipy/0.8.0/lib/python2.6/site-packages:/cvmfs/cms.cern.ch/slc5_amd64_gcc462/external/py2-matplotlib/1.0.1/lib/python2.6/site-packages:/cvmfs/cms.cern.ch/slc5_amd64_gcc462/external/python-ldap/2.3.5/lib/python2.6/site-packages:/cvmfs/cms.cern.ch/slc5_amd64_gcc462/external/sip/4.11.2/lib/python2.6/site-packages:/cvmfs/cms.cern.ch/slc5_amd64_gcc462/external/py2-pycurl/7.19.0/lib/python2.6/site-packages:/cvmfs/cms.cern.ch/slc5_amd64_gcc462/external/py2-numpy/1.6.1/lib/python2.6/site-packages:/cvmfs/cms.cern.ch/slc5_amd64_gcc462/external/py2-ipython/0.10/lib/python2.6/site-packages:/cvmfs/cms.cern.ch/slc5_amd64_gcc462/external/py2-cx-oracle/5.1-cms11/lib/python2.6/site-packages:/cvmfs/cms.cern.ch/slc5_amd64_gcc462/external/py2-cjson/1.0.5/lib/python2.6/site-packages:/cvmfs/cms.cern.ch/slc5_amd64_gcc462/cms/das-client/1.4.1-cms8/bin:/cvmfs/cms.cern.ch/slc5_amd64_gcc462/external/elementtree/1.2.6/share/lib/python2.6/site-packages:/cvmfs/cms.cern.ch/slc5_amd64_gcc462/external/rivet/1.5.1-cms10/lib/python2.6/site-packages:/cvmfs/cms.cern.ch/slc5_amd64_gcc462/external/pyminuit2/0.0.1-cms34/lib/python2.6/site-packages:/cvmfs/cms.cern.ch/slc5_amd64_gcc462/external/professor/1.0.0-cms35/lib/python2.6/site-packages:/cvmfs/cms.cern.ch/slc5_amd64_gcc462/lcg/root/5.32.00-cms18/lib:/cvmfs/cms.cern.ch/slc5_amd64_gcc462/cms/dbs-client/DBS_2_1_1_patch1_1/lib:/cvmfs/cms.cern.ch/slc5_amd64_gcc462/cms/dbs-client/DBS_2_1_1_patch1_1/lib/DBSAPI:/home/cms003/home_crobe_348532834/CREAM348532834/glide_W24819/execute/dir_8404/
241a2a19cb7c5c8751ba22759ab3bdb0
PSETHASH = 241a2a19cb7c5c8751ba22759ab3bdb0
/home/cms003/home_crobe_348532834/CREAM348532834/glide_W24819/execute/dir_8404/writeCfg.py pset.py pset.py
Importing .py file
Setting parameters
inputBlocks=/QCD_Pt_250_350_BCtoE_TuneZ2star_8TeV_pythia6/mario-Summer12-stop-pfele-step1-3d176ac8da5e9dff208d057f4733ca91/USER#7995b155-5e61-4a6b-92c2-ceefb547c0e1
inputFiles=/store/user/mario/QCD_Pt_250_350_BCtoE_TuneZ2star_8TeV_pythia6/Summer12-stop-pfele-step1/3d176ac8da5e9dff208d057f4733ca91/tuple_23_1_Yd5.root;/store/user/mario/QCD_Pt_250_350_BCtoE_TuneZ2star_8TeV_pythia6/Summer12-stop-pfele-step1/3d176ac8da5e9dff208d057f4733ca91/tuple_24_1_uT6.root;/store/user/mario/QCD_Pt_250_350_BCtoE_TuneZ2star_8TeV_pythia6/Summer12-stop-pfele-step1/3d176ac8da5e9dff208d057f4733ca91/tuple_25_3_VaQ.root;/store/user/mario/QCD_Pt_250_350_BCtoE_TuneZ2star_8TeV_pythia6/Summer12-stop-pfele-step1/3d176ac8da5e9dff208d057f4733ca91/tuple_29_1_Qju.root;/store/user/mario/QCD_Pt_250_350_BCtoE_TuneZ2star_8TeV_pythia6/Summer12-stop-pfele-step1/3d176ac8da5e9dff208d057f4733ca91/tuple_26_2_Skr.root
parentFiles=
lumisRange=
>>> Executable cmsRun
/cvmfs/cms.cern.ch/slc5_amd64_gcc462/cms/cmssw/CMSSW_5_3_5/bin/slc5_amd64_gcc462/cmsRun
ok executable found
>>> info for dashboard:
***** Cat /home/cms003/home_crobe_348532834/CREAM348532834/glide_W24819/execute/dir_8404/jobreport.txt *****
MonitorJobID=11_https://submit-2.t2.ucsd.edu//121127//17537.10
MonitorID=liis_crab_0_121127_013759_6co90g
ExeStart=cmsRun
***** End Cat jobreport *****
Parameters sent to Dashboard.
>>> cmsRun started at Tue Nov 27 00:59:23 UTC 2012
>>> cmsRun ended at Tue Nov 27 01:01:54 UTC 2012
>>> info for dashboard:
***** Cat /home/cms003/home_crobe_348532834/CREAM348532834/glide_W24819/execute/dir_8404/jobreport.txt *****
MonitorJobID=11_https://submit-2.t2.ucsd.edu//121127//17537.10
MonitorID=liis_crab_0_121127_013759_6co90g
ExeEnd=cmsRun
***** End Cat jobreport *****
Parameters sent to Dashboard.
TIME_EXE = 151 sec
>>> cmsRun wrote 42 lines of stdout+stderr
>>> START OF printout of 42 lines from stdout+stderr
27-Nov-2012 03:00:02 EET  Initiating request to open file file:/hdfs/cms/store/user/mario/QCD_Pt_250_350_BCtoE_TuneZ2star_8TeV_pythia6/Summer12-stop-pfele-step1/3d176ac8da5e9dff208d057f4733ca91/tuple_23_1_Yd5.root
27-Nov-2012 03:00:12 EET  Successfully opened file file:/hdfs/cms/store/user/mario/QCD_Pt_250_350_BCtoE_TuneZ2star_8TeV_pythia6/Summer12-stop-pfele-step1/3d176ac8da5e9dff208d057f4733ca91/tuple_23_1_Yd5.root
Begin processing the 1st record. Run 1, Event 21220190, LumiSection 1075 at 27-Nov-2012 03:00:23.806 EET
27-Nov-2012 03:00:31 EET  Closed file file:/hdfs/cms/store/user/mario/QCD_Pt_250_350_BCtoE_TuneZ2star_8TeV_pythia6/Summer12-stop-pfele-step1/3d176ac8da5e9dff208d057f4733ca91/tuple_23_1_Yd5.root
27-Nov-2012 03:00:31 EET  Initiating request to open file file:/hdfs/cms/store/user/mario/QCD_Pt_250_350_BCtoE_TuneZ2star_8TeV_pythia6/Summer12-stop-pfele-step1/3d176ac8da5e9dff208d057f4733ca91/tuple_24_1_uT6.root
27-Nov-2012 03:00:32 EET  Successfully opened file file:/hdfs/cms/store/user/mario/QCD_Pt_250_350_BCtoE_TuneZ2star_8TeV_pythia6/Summer12-stop-pfele-step1/3d176ac8da5e9dff208d057f4733ca91/tuple_24_1_uT6.root
Begin processing the 1001st record. Run 1, Event 21478892, LumiSection 1088 at 27-Nov-2012 03:00:44.233 EET
Begin processing the 2001st record. Run 1, Event 23846399, LumiSection 1208 at 27-Nov-2012 03:00:48.340 EET
27-Nov-2012 03:00:52 EET  Closed file file:/hdfs/cms/store/user/mario/QCD_Pt_250_350_BCtoE_TuneZ2star_8TeV_pythia6/Summer12-stop-pfele-step1/3d176ac8da5e9dff208d057f4733ca91/tuple_24_1_uT6.root
27-Nov-2012 03:00:52 EET  Initiating request to open file file:/hdfs/cms/store/user/mario/QCD_Pt_250_350_BCtoE_TuneZ2star_8TeV_pythia6/Summer12-stop-pfele-step1/3d176ac8da5e9dff208d057f4733ca91/tuple_25_3_VaQ.root
27-Nov-2012 03:00:52 EET  Successfully opened file file:/hdfs/cms/store/user/mario/QCD_Pt_250_350_BCtoE_TuneZ2star_8TeV_pythia6/Summer12-stop-pfele-step1/3d176ac8da5e9dff208d057f4733ca91/tuple_25_3_VaQ.root
Begin processing the 3001st record. Run 1, Event 28393283, LumiSection 1438 at 27-Nov-2012 03:01:10.569 EET
Begin processing the 4001st record. Run 1, Event 31257261, LumiSection 1583 at 27-Nov-2012 03:01:14.656 EET
27-Nov-2012 03:01:17 EET  Closed file file:/hdfs/cms/store/user/mario/QCD_Pt_250_350_BCtoE_TuneZ2star_8TeV_pythia6/Summer12-stop-pfele-step1/3d176ac8da5e9dff208d057f4733ca91/tuple_25_3_VaQ.root
27-Nov-2012 03:01:17 EET  Initiating request to open file file:/hdfs/cms/store/user/mario/QCD_Pt_250_350_BCtoE_TuneZ2star_8TeV_pythia6/Summer12-stop-pfele-step1/3d176ac8da5e9dff208d057f4733ca91/tuple_29_1_Qju.root
27-Nov-2012 03:01:18 EET  Successfully opened file file:/hdfs/cms/store/user/mario/QCD_Pt_250_350_BCtoE_TuneZ2star_8TeV_pythia6/Summer12-stop-pfele-step1/3d176ac8da5e9dff208d057f4733ca91/tuple_29_1_Qju.root
Begin processing the 5001st record. Run 1, Event 79663529, LumiSection 4033 at 27-Nov-2012 03:01:27.264 EET
Begin processing the 6001st record. Run 1, Event 43789095, LumiSection 2217 at 27-Nov-2012 03:01:31.425 EET
27-Nov-2012 03:01:35 EET  Closed file file:/hdfs/cms/store/user/mario/QCD_Pt_250_350_BCtoE_TuneZ2star_8TeV_pythia6/Summer12-stop-pfele-step1/3d176ac8da5e9dff208d057f4733ca91/tuple_29_1_Qju.root
27-Nov-2012 03:01:35 EET  Initiating request to open file file:/hdfs/cms/store/user/mario/QCD_Pt_250_350_BCtoE_TuneZ2star_8TeV_pythia6/Summer12-stop-pfele-step1/3d176ac8da5e9dff208d057f4733ca91/tuple_26_2_Skr.root
27-Nov-2012 03:01:36 EET  Successfully opened file file:/hdfs/cms/store/user/mario/QCD_Pt_250_350_BCtoE_TuneZ2star_8TeV_pythia6/Summer12-stop-pfele-step1/3d176ac8da5e9dff208d057f4733ca91/tuple_26_2_Skr.root
Begin processing the 7001st record. Run 1, Event 72112952, LumiSection 3651 at 27-Nov-2012 03:01:45.937 EET
Begin processing the 8001st record. Run 1, Event 80903863, LumiSection 4096 at 27-Nov-2012 03:01:50.161 EET
27-Nov-2012 03:01:52 EET  Closed file file:/hdfs/cms/store/user/mario/QCD_Pt_250_350_BCtoE_TuneZ2star_8TeV_pythia6/Summer12-stop-pfele-step1/3d176ac8da5e9dff208d057f4733ca91/tuple_26_2_Skr.root

=============================================

MessageLogger Summary

 type     category        sev    module        subroutine        count    total
 ---- -------------------- -- ---------------- ----------------  -----    -----
    1 fileAction           -s file_close                             5        5
    2 fileAction           -s file_open                             10       10

 type    category    Examples: run/evt        run/evt          run/evt
 ---- -------------------- ---------------- ---------------- ----------------
    1 fileAction           PostProcessEvent PostProcessEvent PostEndRun
    2 fileAction           pre-events       pre-events       PostProcessEvent

Severity    # Occurrences   Total Occurrences
--------    -------------   -----------------
System                 15                  15
>>> END OF printout of 42 lines from stdout+stderr
>>> Parse FrameworkJobReport crab_fjr.xml
Result of parsing the FrameworkJobReport crab_fjr.xml: Popularity start
lumisRange : 1::1396,1438,1575,1583-1584,1783,3280,3645,3651,3818,3833,3849::1;1::1073,1088,1139,1148-1149,1160,1208,1244,1637,1652,3280::2;1::303,3651,3658,3854-3855,4053,4096,4117,4141::3;1::615,922,938,1658,2217,2258,2264,2294,2467,4031,4033::4;1::1070,1073,1075,1081::5;
lumisParentRange : 
Basename : /store/user/mario/QCD_Pt_250_350_BCtoE_TuneZ2star_8TeV_pythia6/Summer12-stop-pfele-step1/3d176ac8da5e9dff208d057f4733ca91/tuple_2
BasenameParent : 
parentFiles : 
inputBlocks : /QCD_Pt_250_350_BCtoE_TuneZ2star_8TeV_pythia6/mario-Summer12-stop-pfele-step1-3d176ac8da5e9dff208d057f4733ca91/USER#7995b155-5e61-4a6b-92c2-ceefb547c0e1
inputFiles : 5_3_VaQ.root::1::EDM::Local::1;4_1_uT6.root::1::EDM::Local::2;6_2_Skr.root::1::EDM::Local::3;9_1_Qju.root::1::EDM::Local::4;3_1_Yd5.root::1::EDM::Local::5;
Popularity stop
Extracted ExitStatus from FrameworkJobReport parsing output: 0
>>> Executable succeded  0
ExeExitCode=0
EXECUTABLE_EXIT_STATUS = 0
>>> current directory /home/cms003/home_crobe_348532834/CREAM348532834/glide_W24819/execute/dir_8404/CMSSW_5_3_5
>>>  (SOFTWARE_DIR): /home/cms003/home_crobe_348532834/CREAM348532834/glide_W24819/execute/dir_8404/CMSSW_5_3_5
>>> (WORKING_DIR): 
>>> current directory content:
total 148
drwxr-xr-x 3 cms003 cms  4096 Nov 27 02:58 .SCRAM
-rw-r--r-- 1 cms003 cms 30066 Nov 27 02:58 CMSSW.py.pkl
drwxr-xr-x 3 cms003 cms  4096 Nov 27 02:58 bin
drwxr-xr-x 3 cms003 cms  4096 Nov 27 02:58 cfipython
drwxr-xr-x 5 cms003 cms  4096 Nov 27 02:58 config
-rw-r--r-- 1 cms003 cms    16 Nov 27 03:01 cpu_timing.txt
drwxr-xr-x 2 cms003 cms  4096 Nov 27 02:58 doc
-rw-r--r-- 1 cms003 cms  4874 Nov 27 03:01 executable.out
drwxr-xr-x 2 cms003 cms  4096 Nov 27 02:58 include
drwxrwxrwx 3 cms003 cms  4096 Oct 22 16:38 lib
drwxr-xr-x 3 cms003 cms  4096 Nov 27 02:58 logs
drwxr-xr-x 3 cms003 cms  4096 Nov 27 02:58 objs
-rw-r--r-- 1 cms003 cms 16424 Nov 27 03:01 optHistograms.root
-rw-r--r-- 1 cms003 cms   104 Nov 27 02:59 pset.py
-rw-r--r-- 1 cms003 cms 19476 Nov 27 02:59 pset.py.pkl
-rw-r--r-- 1 cms003 cms   289 Nov 27 02:59 pset.pyc
drwxr-xr-x 2 cms003 cms  4096 Nov 27 02:58 python
-rw-r--r-- 1 cms003 cms   420 Nov 27 03:01 report.log
drwxrwxrwx 4 cms003 cms  4096 Nov 27 02:58 src
drwxr-xr-x 3 cms003 cms  4096 Nov 27 02:58 test
drwxr-xr-x 3 cms003 cms  4096 Nov 27 02:58 tmp
>>> current directory /home/cms003/home_crobe_348532834/CREAM348532834/glide_W24819/execute/dir_8404/CMSSW_5_3_5
>>> (SOFTWARE_DIR): /home/cms003/home_crobe_348532834/CREAM348532834/glide_W24819/execute/dir_8404/CMSSW_5_3_5
>>> (WORKING_DIR): 
>>> current directory content:
total 128
drwxr-xr-x 3 cms003 cms  4096 Nov 27 02:58 .SCRAM
-rw-r--r-- 1 cms003 cms 30066 Nov 27 02:58 CMSSW.py.pkl
drwxr-xr-x 3 cms003 cms  4096 Nov 27 02:58 bin
drwxr-xr-x 3 cms003 cms  4096 Nov 27 02:58 cfipython
drwxr-xr-x 5 cms003 cms  4096 Nov 27 02:58 config
-rw-r--r-- 1 cms003 cms    16 Nov 27 03:01 cpu_timing.txt
drwxr-xr-x 2 cms003 cms  4096 Nov 27 02:58 doc
-rw-r--r-- 1 cms003 cms  4874 Nov 27 03:01 executable.out
drwxr-xr-x 2 cms003 cms  4096 Nov 27 02:58 include
drwxrwxrwx 3 cms003 cms  4096 Oct 22 16:38 lib
drwxr-xr-x 3 cms003 cms  4096 Nov 27 02:58 logs
drwxr-xr-x 3 cms003 cms  4096 Nov 27 02:58 objs
-rw-r--r-- 1 cms003 cms   104 Nov 27 02:59 pset.py
-rw-r--r-- 1 cms003 cms 19476 Nov 27 02:59 pset.py.pkl
-rw-r--r-- 1 cms003 cms   289 Nov 27 02:59 pset.pyc
drwxr-xr-x 2 cms003 cms  4096 Nov 27 02:58 python
-rw-r--r-- 1 cms003 cms   420 Nov 27 03:01 report.log
drwxrwxrwx 4 cms003 cms  4096 Nov 27 02:58 src
drwxr-xr-x 3 cms003 cms  4096 Nov 27 02:58 test
drwxr-xr-x 3 cms003 cms  4096 Nov 27 02:58 tmp
>>> current directory (RUNTIME_AREA):  /home/cms003/home_crobe_348532834/CREAM348532834/glide_W24819/execute/dir_8404
>>> current dir: /home/cms003/home_crobe_348532834/CREAM348532834/glide_W24819/execute/dir_8404
>>> current dir content:
total 25756
-rw-rw-rw-  1 cms003 cms     5602 Nov 27 02:58 .job.ad
-rw-rw-rw-  1 cms003 cms    11528 Nov 27 02:58 .machine.ad
-rw-rw-rw-  1 cms003 cms      105 Nov 27 01:38 CMSSW.py
-rw-rw-rw-  1 cms003 cms    30066 Nov 27 01:38 CMSSW.py.pkl
-rwxrw-rw-  1 cms003 cms    23331 Nov 27 02:58 CMSSW.sh
-rw-rw-rw-  1 cms003 cms        0 Nov 27 02:58 CMSSW_11.stderr
-rw-rw-rw-  1 cms003 cms    17109 Nov 27 03:02 CMSSW_11.stdout
drwxr-xr-x 15 cms003 cms     4096 Nov 27 03:02 CMSSW_5_3_5
-rw-r--r--  1 cms003 cms      346 Nov 27 02:58 CacheEnv.sh
-rw-rw-rw-  1 cms003 cms     7291 Jun  9  2010 DashboardAPI.py
-rw-r--r--  1 cms003 cms     6868 Nov 27 02:59 DashboardAPI.pyc
drwxrwxrwx  3 cms003 cms     4096 Nov 27 03:02 IMProv
-rw-rw-rw-  1 cms003 cms     2748 Mar  8  2006 Logger.py
-rw-r--r--  1 cms003 cms     3348 Nov 27 02:59 Logger.pyc
-rw-rw-rw-  1 cms003 cms    24524 Mar 28  2008 ProcInfo.py
-rw-r--r--  1 cms003 cms    23446 Nov 27 02:59 ProcInfo.pyc
drwxrwxrwx  7 cms003 cms     4096 Nov 27 02:59 ProdCommon
drwxrwxrwx  3 cms003 cms     4096 Nov 27 02:58 WMCore
-rw-r--r--  1 cms003 cms     1533 Nov 27 03:01 Watchdog_11.log
-rw-rw-rw-  1 cms003 cms    32895 Mar 28  2008 apmon.py
-rw-r--r--  1 cms003 cms    28845 Nov 27 02:59 apmon.pyc
-rw-rw-rw-  1 cms003 cms    97097 Nov 27 02:58 arguments.xml
-rwxrwxrwx  1 cms003 cms    37427 Sep 13 14:14 cmscp.py
-rwxrwxrwx  1 cms003 cms    23331 Nov 27 02:58 condor_exec.exe
-rw-rw-rw-  1 cms003 cms      541 Nov 27 01:38 crab.cfg
-rwxrwxrwx  1 cms003 cms     9531 Sep 20 21:46 crabWatchdog.sh
-rw-r--r--  1 cms003 cms    30235 Nov 27 03:01 crab_fjr_11.xml
-rw-rw-rw-  1 cms003 cms 25796285 Nov 27 02:58 default.tgz
-rwxrwxrwx  1 cms003 cms     4488 May 12  2012 fillCrabFjr.py
-rw-r--r--  1 cms003 cms      911 Nov 27 02:59 inputsReport.txt
-rw-r--r--  1 cms003 cms      132 Nov 27 03:02 jobreport.txt
lrwxrwxrwx  1 cms003 cms      106 Nov 27 03:02 optHistograms.root -> /home/cms003/home_crobe_348532834/CREAM348532834/glide_W24819/execute/dir_8404/optHistograms_11_1_iwo.root
-rw-r--r--  1 cms003 cms    16424 Nov 27 03:01 optHistograms_11_1_iwo.root
-rw-rw-rw-  1 cms003 cms    17352 Jan 20  2012 parseCrabFjr.py
-rw-r--r--  1 cms003 cms      285 Nov 27 02:58 report.log
-rwxrwxrwx  1 cms003 cms     1497 May 27  2009 report.py
-rwxrwxrwx  1 cms003 cms     8387 Mar 23  2011 writeCfg.py
-rw-------  1 cms003 cms     8691 Nov 27 02:58 x509up_u1000009
Checking output files:  
will tar file optHistograms_11_1_iwo.root in  out_files_11
will tar file crab_fjr_11.xml in  out_files_11
will tar file CMSSW_11.stdout in  out_files_11
will tar file CMSSW_11.stderr in  out_files_11
WARNING: output file Watchdog_11.log.gz not found!
>>> padding time: Sleeping the wrapper for 388 seconds
STOPPING WATCHDOG. CrabWatchdog PID is 10578
********** LAST 50 LINES OF WATCHDOG LOG
# RESOURCE USAGE SUMMARY FOR PROCESS ID  9353
USER       PID %CPU %MEM    VSZ   RSS TTY      STAT START   TIME COMMAND
cms003    9353  0.3  0.0   8956  1484 ?        S    02:58   0:00 /bin/sh /home/cms003/home_crobe_348532834/CREAM348532834/glide_W24819/execute/dir_8404/condor_exec.exe 11 1
 
# LIMITS USED BY THIS WATCHDOG:
# RSS  (KBytes)  : 2300000
# VSZ  (KBytes)  : 100000000
# DISK (MBytes)  : 19000
# CPU  (seconds) : 171600
# WALL (seconds) : 171600
 
# FOLLOWING PRINTOUT TRACKS MAXIMUM VALUES OF RESOURCES USE
# ONE LINE IS PRINTED EACH TIME A MAXIMUM CHANGES
# IF CHANGE WAS IN RSS OR VSZ ALSO PROCID AND COMMAND ARE PRINTED
# THERE IS NO PRINTOUT FOR CPU/WALL TIME INCREASE
 
# TIME			PID	RSS(KB)	VSZ(KB)	Dsk(MB)	tCPU(s)	tWALL(s)	COMMAND
 Nov 27 02:59:03 EET	846	5780	9448	0	2	4784	/home/cms003/home_crobe_348532834/CREAM348532834/glide_W24819/main/condor/sbin/condor_master -f -pidfile /home/cms003/home_crobe_348532834/CREAM348532834/glide_W24819/condor_master2.pid      
 Nov 27 02:59:03 EET	1116	5780	9512	0	3	4783	condor_startd -f        
 Nov 27 02:59:03 EET	10596	23300	82848	0	0	3	edmConfigHash pset.py        
 Nov 27 02:59:03 EET	---	23300	82848	168	----	----	----
 Nov 27 03:00:13 EET	14256	248744	423300	168	17	53	cmsRun -j /home/cms003/home_crobe_348532834/CREAM348532834/glide_W24819/execute/dir_8404/crab_fjr_11.xml -p pset.py     
 Nov 27 03:01:22 EET	14256	342488	556132	168	44	121	cmsRun -j /home/cms003/home_crobe_348532834/CREAM348532834/glide_W24819/execute/dir_8404/crab_fjr_11.xml -p pset.py     
 Nov 27 03:02:30 EET	---	342488	556132	169	----	----	----
********** WATCHDOG LOG ENDED
ZIPPING WATCHDOG LOG
Disk space used:
du -sh /home/cms003/home_crobe_348532834/CREAM348532834/glide_W24819/execute/dir_8404
169M	/home/cms003/home_crobe_348532834/CREAM348532834/glide_W24819/execute/dir_8404
>>> info for dashboard:
***** Cat /home/cms003/home_crobe_348532834/CREAM348532834/glide_W24819/execute/dir_8404/jobreport.txt *****
MonitorJobID=11_https://submit-2.t2.ucsd.edu//121127//17537.10
MonitorID=liis_crab_0_121127_013759_6co90g
ExeTime=151
ExeExitCode=0
CrabUserCpuTime=51.71
CrabSysCpuTime=10.76
CrabCpuPercentage=41%
CrabWrapperTime=600
CrabStageoutTime=NULL
***** End Cat jobreport *****
Parameters sent to Dashboard.
optHistograms_11_1_iwo.root
crab_fjr_11.xml
CMSSW_11.stdout
CMSSW_11.stderr
Watchdog_11.log.gz
tar: .BrokerInfo: Cannot stat: No such file or directory
tar: Error exit delayed from previous errors
Total Output dimension: 18197
WARNING: output files size limit is set to: 50000000
Total Output dimension 18197 is fine.
JOB_EXIT_STATUS = 0
>>> info for dashboard:
***** Cat /home/cms003/home_crobe_348532834/CREAM348532834/glide_W24819/execute/dir_8404/jobreport.txt *****
MonitorJobID=11_https://submit-2.t2.ucsd.edu//121127//17537.10
MonitorID=liis_crab_0_121127_013759_6co90g
JobExitCode=0
***** End Cat jobreport *****
Parameters sent to Dashboard.
optHistograms_11_1_iwo.root
crab_fjr_11.xml
