This script was generated by crab (version 2.8.3).
Running /home/cms030/home_crobe_214072761/CREAM214072761/glide_q31413/execute/dir_3583/condor_exec.exe with 2 positional parameters: 50 1
Today is Tue Nov 27 02:59:22 EET 2012
Job submitted on host wn-v-7034.local
Linux wn-v-7034.local 2.6.32-042stab059.7 #1 SMP Tue Jul 24 19:12:01 MSK 2012 x86_64 x86_64 x86_64 GNU/Linux
>>> current directory (RUNTIME_AREA): /home/cms030/home_crobe_214072761/CREAM214072761/glide_q31413/execute/dir_3583
>>> current user: uid=11030(cms030) gid=1400(cms) groups=1400(cms)
>>> voms proxy information:
subject   : /DC=ch/DC=cern/OU=Organic Units/OU=Users/CN=liis/CN=663550/CN=Liis Rebane/CN=proxy/CN=limited proxy
issuer    : /DC=ch/DC=cern/OU=Organic Units/OU=Users/CN=liis/CN=663550/CN=Liis Rebane/CN=proxy
identity  : /DC=ch/DC=cern/OU=Organic Units/OU=Users/CN=liis/CN=663550/CN=Liis Rebane/CN=proxy
type      : limited proxy
strength  : 512 bits
path      : /home/cms030/home_crobe_214072761/CREAM214072761/glide_q31413/execute/dir_3583/x509up_u1000009
timeleft  : 23:59:54
key usage : Digital Signature, Key Encipherment, Data Encipherment
=== VO cms extension information ===
VO        : cms
subject   : /DC=ch/DC=cern/OU=Organic Units/OU=Users/CN=liis/CN=663550/CN=Liis Rebane
issuer    : /DC=ch/DC=cern/OU=computers/CN=lcg-voms.cern.ch
attribute : /cms/Role=NULL/Capability=NULL
timeleft  : 190:26:15
uri       : lcg-voms.cern.ch:15002
>>> tar xzf /home/cms030/home_crobe_214072761/CREAM214072761/glide_q31413/execute/dir_3583/default.tgz :
Successful untar
>>> Include /home/cms030/home_crobe_214072761/CREAM214072761/glide_q31413/execute/dir_3583 in PYTHONPATH:
strip arguments
env var CRAB_UNIQUE_JOB_ID set to: liis_crab_0_121127_013759_6co90g_50_1_8M1
out_files_50
>>> list of expected files on output sandbox
output files: optHistograms_50_1_8M1.root crab_fjr_50.xml CMSSW_50.stdout CMSSW_50.stderr Watchdog_50.log.gz
>>> GridFlavour discovery: 
GridFlavour=LCG
>>> SyncSite discovery: 
SyncSite=T2_EE_Estonia
>>> SyncCE discovery: 
getting SyncCE from CE_ID
SyncCE=oberon.hep.kbfi.ee:8443/cream-pbs-long
>>> info for dashboard:
***** Cat /home/cms030/home_crobe_214072761/CREAM214072761/glide_q31413/execute/dir_3583/jobreport.txt *****
MonitorJobID=50_https://submit-2.t2.ucsd.edu//121127//17537.49
SyncGridJobId=https://submit-2.t2.ucsd.edu//121127//17537.49
MonitorID=liis_crab_0_121127_013759_6co90g
GridFlavour=LCG
SyncSite=T2_EE_Estonia
SyncCE=oberon.hep.kbfi.ee:8443/cream-pbs-long
***** End Cat jobreport *****
Parameters sent to Dashboard.
>>> setup environment
set SCRAM ARCH to slc5_amd64_gcc462
SCRAM_ARCH = slc5_amd64_gcc462
>>> setup CMS LCG environment:
set SCRAM ARCH and BUILD_ARCH to slc5_amd64_gcc462 ###
Sourcing environment... 
sourcing /cvmfs/cms.cern.ch/cmsset_default.sh
==> setup cms environment ok
>>> specific cmssw setup environment:
CMSSW_VERSION =  CMSSW_5_3_5
>>> current directory (SOFTWARE_DIR): /home/cms030/home_crobe_214072761/CREAM214072761/glide_q31413/execute/dir_3583/CMSSW_5_3_5
PreserveSeeds: <>
IncrementSeeds:<>
{}
WNHostName=wn-v-7034.local
>>> info for dashboard:
***** Cat /home/cms030/home_crobe_214072761/CREAM214072761/glide_q31413/execute/dir_3583/jobreport.txt *****
MonitorJobID=50_https://submit-2.t2.ucsd.edu//121127//17537.49
MonitorID=liis_crab_0_121127_013759_6co90g
WNHostName=wn-v-7034.local
***** End Cat jobreport *****
Parameters sent to Dashboard.
crabWatchdog started as process 4592
>>> moving CMSSW software directories in /home/cms030/home_crobe_214072761/CREAM214072761/glide_q31413/execute/dir_3583/CMSSW_5_3_5
mv: cannot stat `/home/cms030/home_crobe_214072761/CREAM214072761/glide_q31413/execute/dir_3583/module/': No such file or directory
>>> Include /home/cms030/home_crobe_214072761/CREAM214072761/glide_q31413/execute/dir_3583 in PYTHONPATH:
PYTHONPATH=/home/cms030/home_crobe_214072761/CREAM214072761/glide_q31413/execute/dir_3583/:/home/cms030/home_crobe_214072761/CREAM214072761/glide_q31413/execute/dir_3583/CMSSW_5_3_5/python:/home/cms030/home_crobe_214072761/CREAM214072761/glide_q31413/execute/dir_3583/CMSSW_5_3_5/lib/slc5_amd64_gcc462:/cvmfs/cms.cern.ch/slc5_amd64_gcc462/cms/cmssw/CMSSW_5_3_5/python:/cvmfs/cms.cern.ch/slc5_amd64_gcc462/cms/cmssw/CMSSW_5_3_5/lib/slc5_amd64_gcc462:/cvmfs/cms.cern.ch/slc5_amd64_gcc462/cms/coral/CORAL_2_3_21-cms27/slc5_amd64_gcc462/python:/cvmfs/cms.cern.ch/slc5_amd64_gcc462/cms/coral/CORAL_2_3_21-cms27/slc5_amd64_gcc462/lib:/cvmfs/cms.cern.ch/slc5_amd64_gcc462/external/pyqt/4.8.1/lib/python2.6/site-packages:/cvmfs/cms.cern.ch/slc5_amd64_gcc462/external/py2-scipy/0.8.0/lib/python2.6/site-packages:/cvmfs/cms.cern.ch/slc5_amd64_gcc462/external/py2-matplotlib/1.0.1/lib/python2.6/site-packages:/cvmfs/cms.cern.ch/slc5_amd64_gcc462/external/python-ldap/2.3.5/lib/python2.6/site-packages:/cvmfs/cms.cern.ch/slc5_amd64_gcc462/external/sip/4.11.2/lib/python2.6/site-packages:/cvmfs/cms.cern.ch/slc5_amd64_gcc462/external/py2-pycurl/7.19.0/lib/python2.6/site-packages:/cvmfs/cms.cern.ch/slc5_amd64_gcc462/external/py2-numpy/1.6.1/lib/python2.6/site-packages:/cvmfs/cms.cern.ch/slc5_amd64_gcc462/external/py2-ipython/0.10/lib/python2.6/site-packages:/cvmfs/cms.cern.ch/slc5_amd64_gcc462/external/py2-cx-oracle/5.1-cms11/lib/python2.6/site-packages:/cvmfs/cms.cern.ch/slc5_amd64_gcc462/external/py2-cjson/1.0.5/lib/python2.6/site-packages:/cvmfs/cms.cern.ch/slc5_amd64_gcc462/cms/das-client/1.4.1-cms8/bin:/cvmfs/cms.cern.ch/slc5_amd64_gcc462/external/elementtree/1.2.6/share/lib/python2.6/site-packages:/cvmfs/cms.cern.ch/slc5_amd64_gcc462/external/rivet/1.5.1-cms10/lib/python2.6/site-packages:/cvmfs/cms.cern.ch/slc5_amd64_gcc462/external/pyminuit2/0.0.1-cms34/lib/python2.6/site-packages:/cvmfs/cms.cern.ch/slc5_amd64_gcc462/external/professor/1.0.0-cms35/lib/python2.6/site-packages:/cvmfs/cms.cern.ch/slc5_amd64_gcc462/lcg/root/5.32.00-cms18/lib:/cvmfs/cms.cern.ch/slc5_amd64_gcc462/cms/dbs-client/DBS_2_1_1_patch1_1/lib:/cvmfs/cms.cern.ch/slc5_amd64_gcc462/cms/dbs-client/DBS_2_1_1_patch1_1/lib/DBSAPI:/home/cms030/home_crobe_214072761/CREAM214072761/glide_q31413/execute/dir_3583/
241a2a19cb7c5c8751ba22759ab3bdb0
PSETHASH = 241a2a19cb7c5c8751ba22759ab3bdb0
/home/cms030/home_crobe_214072761/CREAM214072761/glide_q31413/execute/dir_3583/writeCfg.py pset.py pset.py
Importing .py file
Setting parameters
inputBlocks=/QCD_Pt_250_350_BCtoE_TuneZ2star_8TeV_pythia6/mario-Summer12-stop-pfele-step1-3d176ac8da5e9dff208d057f4733ca91/USER#7995b155-5e61-4a6b-92c2-ceefb547c0e1
inputFiles=/store/user/mario/QCD_Pt_250_350_BCtoE_TuneZ2star_8TeV_pythia6/Summer12-stop-pfele-step1/3d176ac8da5e9dff208d057f4733ca91/tuple_345_1_23r.root;/store/user/mario/QCD_Pt_250_350_BCtoE_TuneZ2star_8TeV_pythia6/Summer12-stop-pfele-step1/3d176ac8da5e9dff208d057f4733ca91/tuple_346_1_p7g.root;/store/user/mario/QCD_Pt_250_350_BCtoE_TuneZ2star_8TeV_pythia6/Summer12-stop-pfele-step1/3d176ac8da5e9dff208d057f4733ca91/tuple_347_1_Q0c.root;/store/user/mario/QCD_Pt_250_350_BCtoE_TuneZ2star_8TeV_pythia6/Summer12-stop-pfele-step1/3d176ac8da5e9dff208d057f4733ca91/tuple_348_1_ET7.root;/store/user/mario/QCD_Pt_250_350_BCtoE_TuneZ2star_8TeV_pythia6/Summer12-stop-pfele-step1/3d176ac8da5e9dff208d057f4733ca91/tuple_349_1_BZv.root
parentFiles=
lumisRange=
>>> Executable cmsRun
/cvmfs/cms.cern.ch/slc5_amd64_gcc462/cms/cmssw/CMSSW_5_3_5/bin/slc5_amd64_gcc462/cmsRun
ok executable found
>>> info for dashboard:
***** Cat /home/cms030/home_crobe_214072761/CREAM214072761/glide_q31413/execute/dir_3583/jobreport.txt *****
MonitorJobID=50_https://submit-2.t2.ucsd.edu//121127//17537.49
MonitorID=liis_crab_0_121127_013759_6co90g
ExeStart=cmsRun
***** End Cat jobreport *****
Parameters sent to Dashboard.
>>> cmsRun started at Tue Nov 27 00:59:49 UTC 2012
>>> cmsRun ended at Tue Nov 27 01:01:57 UTC 2012
>>> info for dashboard:
***** Cat /home/cms030/home_crobe_214072761/CREAM214072761/glide_q31413/execute/dir_3583/jobreport.txt *****
MonitorJobID=50_https://submit-2.t2.ucsd.edu//121127//17537.49
MonitorID=liis_crab_0_121127_013759_6co90g
ExeEnd=cmsRun
***** End Cat jobreport *****
Parameters sent to Dashboard.
TIME_EXE = 128 sec
>>> cmsRun wrote 42 lines of stdout+stderr
>>> START OF printout of 42 lines from stdout+stderr
27-Nov-2012 03:00:13 EET  Initiating request to open file file:/hdfs/cms/store/user/mario/QCD_Pt_250_350_BCtoE_TuneZ2star_8TeV_pythia6/Summer12-stop-pfele-step1/3d176ac8da5e9dff208d057f4733ca91/tuple_345_1_23r.root
27-Nov-2012 03:00:23 EET  Successfully opened file file:/hdfs/cms/store/user/mario/QCD_Pt_250_350_BCtoE_TuneZ2star_8TeV_pythia6/Summer12-stop-pfele-step1/3d176ac8da5e9dff208d057f4733ca91/tuple_345_1_23r.root
Begin processing the 1st record. Run 1, Event 29873473, LumiSection 1513 at 27-Nov-2012 03:00:36.723 EET
Begin processing the 1001st record. Run 1, Event 34989034, LumiSection 1772 at 27-Nov-2012 03:00:44.818 EET
27-Nov-2012 03:00:47 EET  Closed file file:/hdfs/cms/store/user/mario/QCD_Pt_250_350_BCtoE_TuneZ2star_8TeV_pythia6/Summer12-stop-pfele-step1/3d176ac8da5e9dff208d057f4733ca91/tuple_345_1_23r.root
27-Nov-2012 03:00:47 EET  Initiating request to open file file:/hdfs/cms/store/user/mario/QCD_Pt_250_350_BCtoE_TuneZ2star_8TeV_pythia6/Summer12-stop-pfele-step1/3d176ac8da5e9dff208d057f4733ca91/tuple_346_1_p7g.root
27-Nov-2012 03:00:48 EET  Successfully opened file file:/hdfs/cms/store/user/mario/QCD_Pt_250_350_BCtoE_TuneZ2star_8TeV_pythia6/Summer12-stop-pfele-step1/3d176ac8da5e9dff208d057f4733ca91/tuple_346_1_p7g.root
Begin processing the 2001st record. Run 1, Event 12824013, LumiSection 650 at 27-Nov-2012 03:00:58.388 EET
Begin processing the 3001st record. Run 1, Event 17458511, LumiSection 884 at 27-Nov-2012 03:01:02.609 EET
27-Nov-2012 03:01:05 EET  Closed file file:/hdfs/cms/store/user/mario/QCD_Pt_250_350_BCtoE_TuneZ2star_8TeV_pythia6/Summer12-stop-pfele-step1/3d176ac8da5e9dff208d057f4733ca91/tuple_346_1_p7g.root
27-Nov-2012 03:01:05 EET  Initiating request to open file file:/hdfs/cms/store/user/mario/QCD_Pt_250_350_BCtoE_TuneZ2star_8TeV_pythia6/Summer12-stop-pfele-step1/3d176ac8da5e9dff208d057f4733ca91/tuple_347_1_Q0c.root
27-Nov-2012 03:01:06 EET  Successfully opened file file:/hdfs/cms/store/user/mario/QCD_Pt_250_350_BCtoE_TuneZ2star_8TeV_pythia6/Summer12-stop-pfele-step1/3d176ac8da5e9dff208d057f4733ca91/tuple_347_1_Q0c.root
Begin processing the 4001st record. Run 1, Event 76795566, LumiSection 3888 at 27-Nov-2012 03:01:20.100 EET
Begin processing the 5001st record. Run 1, Event 5109347, LumiSection 259 at 27-Nov-2012 03:01:24.200 EET
27-Nov-2012 03:01:28 EET  Closed file file:/hdfs/cms/store/user/mario/QCD_Pt_250_350_BCtoE_TuneZ2star_8TeV_pythia6/Summer12-stop-pfele-step1/3d176ac8da5e9dff208d057f4733ca91/tuple_347_1_Q0c.root
27-Nov-2012 03:01:28 EET  Initiating request to open file file:/hdfs/cms/store/user/mario/QCD_Pt_250_350_BCtoE_TuneZ2star_8TeV_pythia6/Summer12-stop-pfele-step1/3d176ac8da5e9dff208d057f4733ca91/tuple_348_1_ET7.root
27-Nov-2012 03:01:28 EET  Successfully opened file file:/hdfs/cms/store/user/mario/QCD_Pt_250_350_BCtoE_TuneZ2star_8TeV_pythia6/Summer12-stop-pfele-step1/3d176ac8da5e9dff208d057f4733ca91/tuple_348_1_ET7.root
Begin processing the 6001st record. Run 1, Event 29129194, LumiSection 1475 at 27-Nov-2012 03:01:38.026 EET
Begin processing the 7001st record. Run 1, Event 4714109, LumiSection 239 at 27-Nov-2012 03:01:42.318 EET
27-Nov-2012 03:01:46 EET  Closed file file:/hdfs/cms/store/user/mario/QCD_Pt_250_350_BCtoE_TuneZ2star_8TeV_pythia6/Summer12-stop-pfele-step1/3d176ac8da5e9dff208d057f4733ca91/tuple_348_1_ET7.root
27-Nov-2012 03:01:46 EET  Initiating request to open file file:/hdfs/cms/store/user/mario/QCD_Pt_250_350_BCtoE_TuneZ2star_8TeV_pythia6/Summer12-stop-pfele-step1/3d176ac8da5e9dff208d057f4733ca91/tuple_349_1_BZv.root
27-Nov-2012 03:01:46 EET  Successfully opened file file:/hdfs/cms/store/user/mario/QCD_Pt_250_350_BCtoE_TuneZ2star_8TeV_pythia6/Summer12-stop-pfele-step1/3d176ac8da5e9dff208d057f4733ca91/tuple_349_1_BZv.root
Begin processing the 8001st record. Run 1, Event 3227554, LumiSection 164 at 27-Nov-2012 03:01:53.632 EET
27-Nov-2012 03:01:55 EET  Closed file file:/hdfs/cms/store/user/mario/QCD_Pt_250_350_BCtoE_TuneZ2star_8TeV_pythia6/Summer12-stop-pfele-step1/3d176ac8da5e9dff208d057f4733ca91/tuple_349_1_BZv.root

=============================================

MessageLogger Summary

 type     category        sev    module        subroutine        count    total
 ---- -------------------- -- ---------------- ----------------  -----    -----
    1 fileAction           -s file_close                             5        5
    2 fileAction           -s file_open                             10       10

 type    category    Examples: run/evt        run/evt          run/evt
 ---- -------------------- ---------------- ---------------- ----------------
    1 fileAction           PostProcessEvent PostProcessEvent PostEndRun
    2 fileAction           pre-events       pre-events       PostProcessEvent

Severity    # Occurrences   Total Occurrences
--------    -------------   -----------------
System                 15                  15
>>> END OF printout of 42 lines from stdout+stderr
>>> Parse FrameworkJobReport crab_fjr.xml
Result of parsing the FrameworkJobReport crab_fjr.xml: Popularity start
lumisRange : 1::171-172,259,489,891,896,1462,1858,3776,3888,4050::1;1::27,30,164,239,249,369,503,896,1475,1853,1948,2330::2;1::164,168,684::3;1::435,1513,1702,1743,1745,1769,1772,1778,2651::4;1::435,605,650,785,876,880,884,892,2112,2167,3776::5;
lumisParentRange : 
Basename : /store/user/mario/QCD_Pt_250_350_BCtoE_TuneZ2star_8TeV_pythia6/Summer12-stop-pfele-step1/3d176ac8da5e9dff208d057f4733ca91/tuple_34
BasenameParent : 
parentFiles : 
inputBlocks : /QCD_Pt_250_350_BCtoE_TuneZ2star_8TeV_pythia6/mario-Summer12-stop-pfele-step1-3d176ac8da5e9dff208d057f4733ca91/USER#7995b155-5e61-4a6b-92c2-ceefb547c0e1
inputFiles : 7_1_Q0c.root::1::EDM::Local::1;8_1_ET7.root::1::EDM::Local::2;9_1_BZv.root::1::EDM::Local::3;5_1_23r.root::1::EDM::Local::4;6_1_p7g.root::1::EDM::Local::5;
Popularity stop
Extracted ExitStatus from FrameworkJobReport parsing output: 0
>>> Executable succeded  0
ExeExitCode=0
EXECUTABLE_EXIT_STATUS = 0
>>> current directory /home/cms030/home_crobe_214072761/CREAM214072761/glide_q31413/execute/dir_3583/CMSSW_5_3_5
>>>  (SOFTWARE_DIR): /home/cms030/home_crobe_214072761/CREAM214072761/glide_q31413/execute/dir_3583/CMSSW_5_3_5
>>> (WORKING_DIR): 
>>> current directory content:
total 148
drwxr-xr-x 3 cms030 cms  4096 Nov 27 02:59 .SCRAM
-rw-r--r-- 1 cms030 cms 30066 Nov 27 02:59 CMSSW.py.pkl
drwxr-xr-x 3 cms030 cms  4096 Nov 27 02:59 bin
drwxr-xr-x 3 cms030 cms  4096 Nov 27 02:59 cfipython
drwxr-xr-x 5 cms030 cms  4096 Nov 27 02:59 config
-rw-r--r-- 1 cms030 cms    15 Nov 27 03:01 cpu_timing.txt
drwxr-xr-x 2 cms030 cms  4096 Nov 27 02:59 doc
-rw-r--r-- 1 cms030 cms  4881 Nov 27 03:01 executable.out
drwxr-xr-x 2 cms030 cms  4096 Nov 27 02:59 include
drwxrwxrwx 3 cms030 cms  4096 Oct 22 16:38 lib
drwxr-xr-x 3 cms030 cms  4096 Nov 27 02:59 logs
drwxr-xr-x 3 cms030 cms  4096 Nov 27 02:59 objs
-rw-r--r-- 1 cms030 cms 16500 Nov 27 03:01 optHistograms.root
-rw-r--r-- 1 cms030 cms   104 Nov 27 02:59 pset.py
-rw-r--r-- 1 cms030 cms 19480 Nov 27 02:59 pset.py.pkl
-rw-r--r-- 1 cms030 cms   289 Nov 27 02:59 pset.pyc
drwxr-xr-x 2 cms030 cms  4096 Nov 27 02:59 python
-rw-r--r-- 1 cms030 cms   420 Nov 27 03:02 report.log
drwxrwxrwx 4 cms030 cms  4096 Nov 27 02:59 src
drwxr-xr-x 3 cms030 cms  4096 Nov 27 02:59 test
drwxr-xr-x 3 cms030 cms  4096 Nov 27 02:59 tmp
>>> current directory /home/cms030/home_crobe_214072761/CREAM214072761/glide_q31413/execute/dir_3583/CMSSW_5_3_5
>>> (SOFTWARE_DIR): /home/cms030/home_crobe_214072761/CREAM214072761/glide_q31413/execute/dir_3583/CMSSW_5_3_5
>>> (WORKING_DIR): 
>>> current directory content:
total 128
drwxr-xr-x 3 cms030 cms  4096 Nov 27 02:59 .SCRAM
-rw-r--r-- 1 cms030 cms 30066 Nov 27 02:59 CMSSW.py.pkl
drwxr-xr-x 3 cms030 cms  4096 Nov 27 02:59 bin
drwxr-xr-x 3 cms030 cms  4096 Nov 27 02:59 cfipython
drwxr-xr-x 5 cms030 cms  4096 Nov 27 02:59 config
-rw-r--r-- 1 cms030 cms    15 Nov 27 03:01 cpu_timing.txt
drwxr-xr-x 2 cms030 cms  4096 Nov 27 02:59 doc
-rw-r--r-- 1 cms030 cms  4881 Nov 27 03:01 executable.out
drwxr-xr-x 2 cms030 cms  4096 Nov 27 02:59 include
drwxrwxrwx 3 cms030 cms  4096 Oct 22 16:38 lib
drwxr-xr-x 3 cms030 cms  4096 Nov 27 02:59 logs
drwxr-xr-x 3 cms030 cms  4096 Nov 27 02:59 objs
-rw-r--r-- 1 cms030 cms   104 Nov 27 02:59 pset.py
-rw-r--r-- 1 cms030 cms 19480 Nov 27 02:59 pset.py.pkl
-rw-r--r-- 1 cms030 cms   289 Nov 27 02:59 pset.pyc
drwxr-xr-x 2 cms030 cms  4096 Nov 27 02:59 python
-rw-r--r-- 1 cms030 cms   420 Nov 27 03:02 report.log
drwxrwxrwx 4 cms030 cms  4096 Nov 27 02:59 src
drwxr-xr-x 3 cms030 cms  4096 Nov 27 02:59 test
drwxr-xr-x 3 cms030 cms  4096 Nov 27 02:59 tmp
>>> current directory (RUNTIME_AREA):  /home/cms030/home_crobe_214072761/CREAM214072761/glide_q31413/execute/dir_3583
>>> current dir: /home/cms030/home_crobe_214072761/CREAM214072761/glide_q31413/execute/dir_3583
>>> current dir content:
total 25756
-rw-rw-rw-  1 cms030 cms     5602 Nov 27 02:59 .job.ad
-rw-rw-rw-  1 cms030 cms    11517 Nov 27 02:59 .machine.ad
-rw-rw-rw-  1 cms030 cms      105 Nov 27 01:38 CMSSW.py
-rw-rw-rw-  1 cms030 cms    30066 Nov 27 01:38 CMSSW.py.pkl
-rwxrw-rw-  1 cms030 cms    23331 Nov 27 02:59 CMSSW.sh
-rw-rw-rw-  1 cms030 cms        0 Nov 27 02:59 CMSSW_50.stderr
-rw-rw-rw-  1 cms030 cms    17092 Nov 27 03:02 CMSSW_50.stdout
drwxr-xr-x 15 cms030 cms     4096 Nov 27 03:02 CMSSW_5_3_5
-rw-r--r--  1 cms030 cms      346 Nov 27 02:59 CacheEnv.sh
-rw-rw-rw-  1 cms030 cms     7291 Jun  9  2010 DashboardAPI.py
-rw-r--r--  1 cms030 cms     6868 Nov 27 02:59 DashboardAPI.pyc
drwxrwxrwx  3 cms030 cms     4096 Nov 27 03:02 IMProv
-rw-rw-rw-  1 cms030 cms     2748 Mar  8  2006 Logger.py
-rw-r--r--  1 cms030 cms     3348 Nov 27 02:59 Logger.pyc
-rw-rw-rw-  1 cms030 cms    24524 Mar 28  2008 ProcInfo.py
-rw-r--r--  1 cms030 cms    23446 Nov 27 02:59 ProcInfo.pyc
drwxrwxrwx  7 cms030 cms     4096 Nov 27 02:59 ProdCommon
drwxrwxrwx  3 cms030 cms     4096 Nov 27 02:59 WMCore
-rw-r--r--  1 cms030 cms     1313 Nov 27 03:01 Watchdog_50.log
-rw-rw-rw-  1 cms030 cms    32895 Mar 28  2008 apmon.py
-rw-r--r--  1 cms030 cms    28845 Nov 27 02:59 apmon.pyc
-rw-rw-rw-  1 cms030 cms    97097 Nov 27 02:59 arguments.xml
-rwxrwxrwx  1 cms030 cms    37427 Sep 13 14:14 cmscp.py
-rwxrwxrwx  1 cms030 cms    23331 Nov 27 02:59 condor_exec.exe
-rw-rw-rw-  1 cms030 cms      541 Nov 27 01:38 crab.cfg
-rwxrwxrwx  1 cms030 cms     9531 Sep 20 21:46 crabWatchdog.sh
-rw-r--r--  1 cms030 cms    30189 Nov 27 03:01 crab_fjr_50.xml
-rw-rw-rw-  1 cms030 cms 25796285 Nov 27 02:59 default.tgz
-rwxrwxrwx  1 cms030 cms     4488 May 12  2012 fillCrabFjr.py
-rw-r--r--  1 cms030 cms      916 Nov 27 02:59 inputsReport.txt
-rw-r--r--  1 cms030 cms      132 Nov 27 03:02 jobreport.txt
lrwxrwxrwx  1 cms030 cms      106 Nov 27 03:02 optHistograms.root -> /home/cms030/home_crobe_214072761/CREAM214072761/glide_q31413/execute/dir_3583/optHistograms_50_1_8M1.root
-rw-r--r--  1 cms030 cms    16500 Nov 27 03:01 optHistograms_50_1_8M1.root
-rw-rw-rw-  1 cms030 cms    17352 Jan 20  2012 parseCrabFjr.py
-rw-r--r--  1 cms030 cms      285 Nov 27 02:59 report.log
-rwxrwxrwx  1 cms030 cms     1497 May 27  2009 report.py
-rwxrwxrwx  1 cms030 cms     8387 Mar 23  2011 writeCfg.py
-rw-------  1 cms030 cms     8691 Nov 27 02:59 x509up_u1000009
Checking output files:  
will tar file optHistograms_50_1_8M1.root in  out_files_50
will tar file crab_fjr_50.xml in  out_files_50
will tar file CMSSW_50.stdout in  out_files_50
will tar file CMSSW_50.stderr in  out_files_50
WARNING: output file Watchdog_50.log.gz not found!
>>> padding time: Sleeping the wrapper for 424 seconds
STOPPING WATCHDOG. CrabWatchdog PID is 4592
********** LAST 50 LINES OF WATCHDOG LOG
# RESOURCE USAGE SUMMARY FOR PROCESS ID  4302
USER       PID %CPU %MEM    VSZ   RSS TTY      STAT START   TIME COMMAND
cms030    4302  0.7  0.0   8956  1484 ?        S    02:59   0:00 /bin/sh /home/cms030/home_crobe_214072761/CREAM214072761/glide_q31413/execute/dir_3583/condor_exec.exe 50 1
 
# LIMITS USED BY THIS WATCHDOG:
# RSS  (KBytes)  : 2300000
# VSZ  (KBytes)  : 100000000
# DISK (MBytes)  : 19000
# CPU  (seconds) : 171600
# WALL (seconds) : 171600
 
# FOLLOWING PRINTOUT TRACKS MAXIMUM VALUES OF RESOURCES USE
# ONE LINE IS PRINTED EACH TIME A MAXIMUM CHANGES
# IF CHANGE WAS IN RSS OR VSZ ALSO PROCID AND COMMAND ARE PRINTED
# THERE IS NO PRINTOUT FOR CPU/WALL TIME INCREASE
 
# TIME			PID	RSS(KB)	VSZ(KB)	Dsk(MB)	tCPU(s)	tWALL(s)	COMMAND
 Nov 27 02:59:32 EET	3583	5348	9336	0	0	20	condor_starter -f submit-2.t2.ucsd.edu       
 Nov 27 02:59:32 EET	4610	21960	81860	0	0	2	edmConfigHash pset.py        
 Nov 27 02:59:32 EET	---	21960	81860	168	----	----	----
 Nov 27 03:00:41 EET	9827	348064	555264	168	22	53	cmsRun -j /home/cms030/home_crobe_214072761/CREAM214072761/glide_q31413/execute/dir_3583/crab_fjr_50.xml -p pset.py     
 Nov 27 03:01:48 EET	9827	348064	579940	168	56	120	cmsRun -j /home/cms030/home_crobe_214072761/CREAM214072761/glide_q31413/execute/dir_3583/crab_fjr_50.xml -p pset.py     
 Nov 27 03:02:53 EET	---	348064	579940	169	----	----	----
********** WATCHDOG LOG ENDED
cut: ZIPPING WATCHDOG LOG
write error: Broken pipe
Disk space used:
du -sh /home/cms030/home_crobe_214072761/CREAM214072761/glide_q31413/execute/dir_3583
169M	/home/cms030/home_crobe_214072761/CREAM214072761/glide_q31413/execute/dir_3583
>>> info for dashboard:
***** Cat /home/cms030/home_crobe_214072761/CREAM214072761/glide_q31413/execute/dir_3583/jobreport.txt *****
MonitorJobID=50_https://submit-2.t2.ucsd.edu//121127//17537.49
MonitorID=liis_crab_0_121127_013759_6co90g
ExeTime=128
ExeExitCode=0
CrabUserCpuTime=53.06
CrabSysCpuTime=7.54
CrabCpuPercentage=47%
CrabWrapperTime=600
CrabStageoutTime=NULL
***** End Cat jobreport *****
Parameters sent to Dashboard.
optHistograms_50_1_8M1.root
crab_fjr_50.xml
CMSSW_50.stdout
CMSSW_50.stderr
Watchdog_50.log.gz
tar: .BrokerInfo: Cannot stat: No such file or directory
tar: Error exit delayed from previous errors
Total Output dimension: 18211
WARNING: output files size limit is set to: 50000000
Total Output dimension 18211 is fine.
JOB_EXIT_STATUS = 0
>>> info for dashboard:
***** Cat /home/cms030/home_crobe_214072761/CREAM214072761/glide_q31413/execute/dir_3583/jobreport.txt *****
MonitorJobID=50_https://submit-2.t2.ucsd.edu//121127//17537.49
MonitorID=liis_crab_0_121127_013759_6co90g
JobExitCode=0
***** End Cat jobreport *****
Parameters sent to Dashboard.
optHistograms_50_1_8M1.root
crab_fjr_50.xml
