This script was generated by crab (version 2.8.3).
Running /home/cms016/home_creur_081597728/CREAM081597728/glide_j16417/execute/dir_9014/condor_exec.exe with 2 positional parameters: 84 2
Today is Tue Nov 27 14:16:10 EET 2012
Job submitted on host wn-v-2252.local
Linux wn-v-2252.local 2.6.32-042stab059.7 #1 SMP Tue Jul 24 19:12:01 MSK 2012 x86_64 x86_64 x86_64 GNU/Linux
>>> current directory (RUNTIME_AREA): /home/cms016/home_creur_081597728/CREAM081597728/glide_j16417/execute/dir_9014
>>> current user: uid=11016(cms016) gid=1400(cms) groups=1400(cms)
>>> voms proxy information:
subject   : /DC=ch/DC=cern/OU=Organic Units/OU=Users/CN=liis/CN=663550/CN=Liis Rebane/CN=proxy/CN=limited proxy
issuer    : /DC=ch/DC=cern/OU=Organic Units/OU=Users/CN=liis/CN=663550/CN=Liis Rebane/CN=proxy
identity  : /DC=ch/DC=cern/OU=Organic Units/OU=Users/CN=liis/CN=663550/CN=Liis Rebane/CN=proxy
type      : limited proxy
strength  : 512 bits
path      : /home/cms016/home_creur_081597728/CREAM081597728/glide_j16417/execute/dir_9014/x509up_u1000009
timeleft  : 23:59:52
key usage : Digital Signature, Key Encipherment, Data Encipherment
=== VO cms extension information ===
VO        : cms
subject   : /DC=ch/DC=cern/OU=Organic Units/OU=Users/CN=liis/CN=663550/CN=Liis Rebane
issuer    : /DC=ch/DC=cern/OU=computers/CN=lcg-voms.cern.ch
attribute : /cms/Role=NULL/Capability=NULL
timeleft  : 179:09:27
uri       : lcg-voms.cern.ch:15002
>>> tar xzf /home/cms016/home_creur_081597728/CREAM081597728/glide_j16417/execute/dir_9014/default.tgz :
Successful untar
>>> Include /home/cms016/home_creur_081597728/CREAM081597728/glide_j16417/execute/dir_9014 in PYTHONPATH:
strip arguments
env var CRAB_UNIQUE_JOB_ID set to: liis_crab_0_121127_013759_6co90g_84_2_KuW
out_files_84
>>> list of expected files on output sandbox
output files: optHistograms_84_2_KuW.root crab_fjr_84.xml CMSSW_84.stdout CMSSW_84.stderr Watchdog_84.log.gz
>>> GridFlavour discovery: 
GridFlavour=LCG
>>> SyncSite discovery: 
SyncSite=T2_EE_Estonia
>>> SyncCE discovery: 
getting SyncCE from CE_ID
SyncCE=europa.hep.kbfi.ee:8443/cream-pbs-long
>>> info for dashboard:
***** Cat /home/cms016/home_creur_081597728/CREAM081597728/glide_j16417/execute/dir_9014/jobreport.txt *****
MonitorJobID=84_https://submit-2.t2.ucsd.edu//121127//17746.15
SyncGridJobId=https://submit-2.t2.ucsd.edu//121127//17746.15
MonitorID=liis_crab_0_121127_013759_6co90g
GridFlavour=LCG
SyncSite=T2_EE_Estonia
SyncCE=europa.hep.kbfi.ee:8443/cream-pbs-long
***** End Cat jobreport *****
Parameters sent to Dashboard.
>>> setup environment
set SCRAM ARCH to slc5_amd64_gcc462
SCRAM_ARCH = slc5_amd64_gcc462
>>> setup CMS LCG environment:
set SCRAM ARCH and BUILD_ARCH to slc5_amd64_gcc462 ###
Sourcing environment... 
sourcing /cvmfs/cms.cern.ch/cmsset_default.sh
==> setup cms environment ok
>>> specific cmssw setup environment:
CMSSW_VERSION =  CMSSW_5_3_5
>>> current directory (SOFTWARE_DIR): /home/cms016/home_creur_081597728/CREAM081597728/glide_j16417/execute/dir_9014/CMSSW_5_3_5
PreserveSeeds: <>
IncrementSeeds:<>
{}
WNHostName=wn-v-2252.local
>>> info for dashboard:
***** Cat /home/cms016/home_creur_081597728/CREAM081597728/glide_j16417/execute/dir_9014/jobreport.txt *****
MonitorJobID=84_https://submit-2.t2.ucsd.edu//121127//17746.15
MonitorID=liis_crab_0_121127_013759_6co90g
WNHostName=wn-v-2252.local
***** End Cat jobreport *****
Parameters sent to Dashboard.
crabWatchdog started as process 11706
>>> moving CMSSW software directories in /home/cms016/home_creur_081597728/CREAM081597728/glide_j16417/execute/dir_9014/CMSSW_5_3_5
mv: cannot stat `/home/cms016/home_creur_081597728/CREAM081597728/glide_j16417/execute/dir_9014/module/': No such file or directory
>>> Include /home/cms016/home_creur_081597728/CREAM081597728/glide_j16417/execute/dir_9014 in PYTHONPATH:
PYTHONPATH=/home/cms016/home_creur_081597728/CREAM081597728/glide_j16417/execute/dir_9014/:/home/cms016/home_creur_081597728/CREAM081597728/glide_j16417/execute/dir_9014/CMSSW_5_3_5/python:/home/cms016/home_creur_081597728/CREAM081597728/glide_j16417/execute/dir_9014/CMSSW_5_3_5/lib/slc5_amd64_gcc462:/cvmfs/cms.cern.ch/slc5_amd64_gcc462/cms/cmssw/CMSSW_5_3_5/python:/cvmfs/cms.cern.ch/slc5_amd64_gcc462/cms/cmssw/CMSSW_5_3_5/lib/slc5_amd64_gcc462:/cvmfs/cms.cern.ch/slc5_amd64_gcc462/cms/coral/CORAL_2_3_21-cms27/slc5_amd64_gcc462/python:/cvmfs/cms.cern.ch/slc5_amd64_gcc462/cms/coral/CORAL_2_3_21-cms27/slc5_amd64_gcc462/lib:/cvmfs/cms.cern.ch/slc5_amd64_gcc462/external/pyqt/4.8.1/lib/python2.6/site-packages:/cvmfs/cms.cern.ch/slc5_amd64_gcc462/external/py2-scipy/0.8.0/lib/python2.6/site-packages:/cvmfs/cms.cern.ch/slc5_amd64_gcc462/external/py2-matplotlib/1.0.1/lib/python2.6/site-packages:/cvmfs/cms.cern.ch/slc5_amd64_gcc462/external/python-ldap/2.3.5/lib/python2.6/site-packages:/cvmfs/cms.cern.ch/slc5_amd64_gcc462/external/sip/4.11.2/lib/python2.6/site-packages:/cvmfs/cms.cern.ch/slc5_amd64_gcc462/external/py2-pycurl/7.19.0/lib/python2.6/site-packages:/cvmfs/cms.cern.ch/slc5_amd64_gcc462/external/py2-numpy/1.6.1/lib/python2.6/site-packages:/cvmfs/cms.cern.ch/slc5_amd64_gcc462/external/py2-ipython/0.10/lib/python2.6/site-packages:/cvmfs/cms.cern.ch/slc5_amd64_gcc462/external/py2-cx-oracle/5.1-cms11/lib/python2.6/site-packages:/cvmfs/cms.cern.ch/slc5_amd64_gcc462/external/py2-cjson/1.0.5/lib/python2.6/site-packages:/cvmfs/cms.cern.ch/slc5_amd64_gcc462/cms/das-client/1.4.1-cms8/bin:/cvmfs/cms.cern.ch/slc5_amd64_gcc462/external/elementtree/1.2.6/share/lib/python2.6/site-packages:/cvmfs/cms.cern.ch/slc5_amd64_gcc462/external/rivet/1.5.1-cms10/lib/python2.6/site-packages:/cvmfs/cms.cern.ch/slc5_amd64_gcc462/external/pyminuit2/0.0.1-cms34/lib/python2.6/site-packages:/cvmfs/cms.cern.ch/slc5_amd64_gcc462/external/professor/1.0.0-cms35/lib/python2.6/site-packages:/cvmfs/cms.cern.ch/slc5_amd64_gcc462/lcg/root/5.32.00-cms18/lib:/cvmfs/cms.cern.ch/slc5_amd64_gcc462/cms/dbs-client/DBS_2_1_1_patch1_1/lib:/cvmfs/cms.cern.ch/slc5_amd64_gcc462/cms/dbs-client/DBS_2_1_1_patch1_1/lib/DBSAPI:/home/cms016/home_creur_081597728/CREAM081597728/glide_j16417/execute/dir_9014/
241a2a19cb7c5c8751ba22759ab3bdb0
PSETHASH = 241a2a19cb7c5c8751ba22759ab3bdb0
/home/cms016/home_creur_081597728/CREAM081597728/glide_j16417/execute/dir_9014/writeCfg.py pset.py pset.py
Importing .py file
Setting parameters
inputBlocks=/QCD_Pt_250_350_BCtoE_TuneZ2star_8TeV_pythia6/mario-Summer12-stop-pfele-step1-3d176ac8da5e9dff208d057f4733ca91/USER#7995b155-5e61-4a6b-92c2-ceefb547c0e1
inputFiles=/store/user/mario/QCD_Pt_250_350_BCtoE_TuneZ2star_8TeV_pythia6/Summer12-stop-pfele-step1/3d176ac8da5e9dff208d057f4733ca91/tuple_137_1_fKp.root;/store/user/mario/QCD_Pt_250_350_BCtoE_TuneZ2star_8TeV_pythia6/Summer12-stop-pfele-step1/3d176ac8da5e9dff208d057f4733ca91/tuple_138_1_ITw.root;/store/user/mario/QCD_Pt_250_350_BCtoE_TuneZ2star_8TeV_pythia6/Summer12-stop-pfele-step1/3d176ac8da5e9dff208d057f4733ca91/tuple_139_1_F82.root;/store/user/mario/QCD_Pt_250_350_BCtoE_TuneZ2star_8TeV_pythia6/Summer12-stop-pfele-step1/3d176ac8da5e9dff208d057f4733ca91/tuple_140_1_PLg.root;/store/user/mario/QCD_Pt_250_350_BCtoE_TuneZ2star_8TeV_pythia6/Summer12-stop-pfele-step1/3d176ac8da5e9dff208d057f4733ca91/tuple_141_2_l3q.root
parentFiles=
lumisRange=
>>> Executable cmsRun
/cvmfs/cms.cern.ch/slc5_amd64_gcc462/cms/cmssw/CMSSW_5_3_5/bin/slc5_amd64_gcc462/cmsRun
ok executable found
>>> info for dashboard:
***** Cat /home/cms016/home_creur_081597728/CREAM081597728/glide_j16417/execute/dir_9014/jobreport.txt *****
MonitorJobID=84_https://submit-2.t2.ucsd.edu//121127//17746.15
MonitorID=liis_crab_0_121127_013759_6co90g
ExeStart=cmsRun
***** End Cat jobreport *****
Parameters sent to Dashboard.
>>> cmsRun started at Tue Nov 27 12:16:27 UTC 2012
>>> cmsRun ended at Tue Nov 27 12:18:03 UTC 2012
>>> info for dashboard:
***** Cat /home/cms016/home_creur_081597728/CREAM081597728/glide_j16417/execute/dir_9014/jobreport.txt *****
MonitorJobID=84_https://submit-2.t2.ucsd.edu//121127//17746.15
MonitorID=liis_crab_0_121127_013759_6co90g
ExeEnd=cmsRun
***** End Cat jobreport *****
Parameters sent to Dashboard.
TIME_EXE = 96 sec
>>> cmsRun wrote 42 lines of stdout+stderr
>>> START OF printout of 42 lines from stdout+stderr
27-Nov-2012 14:16:43 EET  Initiating request to open file file:/hdfs/cms/store/user/mario/QCD_Pt_250_350_BCtoE_TuneZ2star_8TeV_pythia6/Summer12-stop-pfele-step1/3d176ac8da5e9dff208d057f4733ca91/tuple_137_1_fKp.root
27-Nov-2012 14:16:50 EET  Successfully opened file file:/hdfs/cms/store/user/mario/QCD_Pt_250_350_BCtoE_TuneZ2star_8TeV_pythia6/Summer12-stop-pfele-step1/3d176ac8da5e9dff208d057f4733ca91/tuple_137_1_fKp.root
Begin processing the 1st record. Run 1, Event 40241502, LumiSection 2038 at 27-Nov-2012 14:16:59.816 EET
27-Nov-2012 14:17:03 EET  Closed file file:/hdfs/cms/store/user/mario/QCD_Pt_250_350_BCtoE_TuneZ2star_8TeV_pythia6/Summer12-stop-pfele-step1/3d176ac8da5e9dff208d057f4733ca91/tuple_137_1_fKp.root
27-Nov-2012 14:17:03 EET  Initiating request to open file file:/hdfs/cms/store/user/mario/QCD_Pt_250_350_BCtoE_TuneZ2star_8TeV_pythia6/Summer12-stop-pfele-step1/3d176ac8da5e9dff208d057f4733ca91/tuple_138_1_ITw.root
27-Nov-2012 14:17:03 EET  Successfully opened file file:/hdfs/cms/store/user/mario/QCD_Pt_250_350_BCtoE_TuneZ2star_8TeV_pythia6/Summer12-stop-pfele-step1/3d176ac8da5e9dff208d057f4733ca91/tuple_138_1_ITw.root
Begin processing the 1001st record. Run 1, Event 1818790, LumiSection 93 at 27-Nov-2012 14:17:13.415 EET
Begin processing the 2001st record. Run 1, Event 29211393, LumiSection 1479 at 27-Nov-2012 14:17:17.554 EET
27-Nov-2012 14:17:18 EET  Closed file file:/hdfs/cms/store/user/mario/QCD_Pt_250_350_BCtoE_TuneZ2star_8TeV_pythia6/Summer12-stop-pfele-step1/3d176ac8da5e9dff208d057f4733ca91/tuple_138_1_ITw.root
27-Nov-2012 14:17:18 EET  Initiating request to open file file:/hdfs/cms/store/user/mario/QCD_Pt_250_350_BCtoE_TuneZ2star_8TeV_pythia6/Summer12-stop-pfele-step1/3d176ac8da5e9dff208d057f4733ca91/tuple_139_1_F82.root
27-Nov-2012 14:17:18 EET  Successfully opened file file:/hdfs/cms/store/user/mario/QCD_Pt_250_350_BCtoE_TuneZ2star_8TeV_pythia6/Summer12-stop-pfele-step1/3d176ac8da5e9dff208d057f4733ca91/tuple_139_1_F82.root
Begin processing the 3001st record. Run 1, Event 42977874, LumiSection 2176 at 27-Nov-2012 14:17:27.992 EET
Begin processing the 4001st record. Run 1, Event 20393329, LumiSection 1033 at 27-Nov-2012 14:17:32.511 EET
27-Nov-2012 14:17:34 EET  Closed file file:/hdfs/cms/store/user/mario/QCD_Pt_250_350_BCtoE_TuneZ2star_8TeV_pythia6/Summer12-stop-pfele-step1/3d176ac8da5e9dff208d057f4733ca91/tuple_139_1_F82.root
27-Nov-2012 14:17:34 EET  Initiating request to open file file:/hdfs/cms/store/user/mario/QCD_Pt_250_350_BCtoE_TuneZ2star_8TeV_pythia6/Summer12-stop-pfele-step1/3d176ac8da5e9dff208d057f4733ca91/tuple_140_1_PLg.root
27-Nov-2012 14:17:34 EET  Successfully opened file file:/hdfs/cms/store/user/mario/QCD_Pt_250_350_BCtoE_TuneZ2star_8TeV_pythia6/Summer12-stop-pfele-step1/3d176ac8da5e9dff208d057f4733ca91/tuple_140_1_PLg.root
Begin processing the 5001st record. Run 1, Event 21516070, LumiSection 1090 at 27-Nov-2012 14:17:42.228 EET
Begin processing the 6001st record. Run 1, Event 25503338, LumiSection 1292 at 27-Nov-2012 14:17:46.319 EET
27-Nov-2012 14:17:48 EET  Closed file file:/hdfs/cms/store/user/mario/QCD_Pt_250_350_BCtoE_TuneZ2star_8TeV_pythia6/Summer12-stop-pfele-step1/3d176ac8da5e9dff208d057f4733ca91/tuple_140_1_PLg.root
27-Nov-2012 14:17:48 EET  Initiating request to open file file:/hdfs/cms/store/user/mario/QCD_Pt_250_350_BCtoE_TuneZ2star_8TeV_pythia6/Summer12-stop-pfele-step1/3d176ac8da5e9dff208d057f4733ca91/tuple_141_2_l3q.root
27-Nov-2012 14:17:48 EET  Successfully opened file file:/hdfs/cms/store/user/mario/QCD_Pt_250_350_BCtoE_TuneZ2star_8TeV_pythia6/Summer12-stop-pfele-step1/3d176ac8da5e9dff208d057f4733ca91/tuple_141_2_l3q.root
Begin processing the 7001st record. Run 1, Event 25959106, LumiSection 1315 at 27-Nov-2012 14:17:54.921 EET
Begin processing the 8001st record. Run 1, Event 24967324, LumiSection 1264 at 27-Nov-2012 14:17:59.272 EET
27-Nov-2012 14:18:01 EET  Closed file file:/hdfs/cms/store/user/mario/QCD_Pt_250_350_BCtoE_TuneZ2star_8TeV_pythia6/Summer12-stop-pfele-step1/3d176ac8da5e9dff208d057f4733ca91/tuple_141_2_l3q.root

=============================================

MessageLogger Summary

 type     category        sev    module        subroutine        count    total
 ---- -------------------- -- ---------------- ----------------  -----    -----
    1 fileAction           -s file_close                             5        5
    2 fileAction           -s file_open                             10       10

 type    category    Examples: run/evt        run/evt          run/evt
 ---- -------------------- ---------------- ---------------- ----------------
    1 fileAction           PostProcessEvent PostProcessEvent PostEndRun
    2 fileAction           pre-events       pre-events       PostProcessEvent

Severity    # Occurrences   Total Occurrences
--------    -------------   -----------------
System                 15                  15
>>> END OF printout of 42 lines from stdout+stderr
>>> Parse FrameworkJobReport crab_fjr.xml
Result of parsing the FrameworkJobReport crab_fjr.xml: Popularity start
lumisRange : 1::430,449,472,660,1033,1041,1072,1380,1437,2176,2206::1;1::352,387,869,1068,1072,1089-1090,1292-1293,1907,2079::2;1::869,871,877,1264,1270,1280,1315,1376,1426,1746,2903::3;1::90,93-94,177,260,307,449,1479,2038,3164,3215,3508::4;1::::5;
lumisParentRange : 
Basename : /store/user/mario/QCD_Pt_250_350_BCtoE_TuneZ2star_8TeV_pythia6/Summer12-stop-pfele-step1/3d176ac8da5e9dff208d057f4733ca91/tuple_1
BasenameParent : 
parentFiles : 
inputBlocks : /QCD_Pt_250_350_BCtoE_TuneZ2star_8TeV_pythia6/mario-Summer12-stop-pfele-step1-3d176ac8da5e9dff208d057f4733ca91/USER#7995b155-5e61-4a6b-92c2-ceefb547c0e1
inputFiles : 39_1_F82.root::1::EDM::Local::1;40_1_PLg.root::1::EDM::Local::2;41_2_l3q.root::1::EDM::Local::3;38_1_ITw.root::1::EDM::Local::4;37_1_fKp.root::1::EDM::Local::5;
Popularity stop
Extracted ExitStatus from FrameworkJobReport parsing output: 0
>>> Executable succeded  0
ExeExitCode=0
EXECUTABLE_EXIT_STATUS = 0
>>> current directory /home/cms016/home_creur_081597728/CREAM081597728/glide_j16417/execute/dir_9014/CMSSW_5_3_5
>>>  (SOFTWARE_DIR): /home/cms016/home_creur_081597728/CREAM081597728/glide_j16417/execute/dir_9014/CMSSW_5_3_5
>>> (WORKING_DIR): 
>>> current directory content:
total 148
drwxr-xr-x 3 cms016 cms  4096 Nov 27 14:16 .SCRAM
-rw-r--r-- 1 cms016 cms 30066 Nov 27 14:16 CMSSW.py.pkl
drwxr-xr-x 3 cms016 cms  4096 Nov 27 14:16 bin
drwxr-xr-x 3 cms016 cms  4096 Nov 27 14:16 cfipython
drwxr-xr-x 5 cms016 cms  4096 Nov 27 14:16 config
-rw-r--r-- 1 cms016 cms    15 Nov 27 14:18 cpu_timing.txt
drwxr-xr-x 2 cms016 cms  4096 Nov 27 14:16 doc
-rw-r--r-- 1 cms016 cms  4886 Nov 27 14:18 executable.out
drwxr-xr-x 2 cms016 cms  4096 Nov 27 14:16 include
drwxrwxrwx 3 cms016 cms  4096 Oct 22 16:38 lib
drwxr-xr-x 3 cms016 cms  4096 Nov 27 14:16 logs
drwxr-xr-x 3 cms016 cms  4096 Nov 27 14:16 objs
-rw-r--r-- 1 cms016 cms 16481 Nov 27 14:18 optHistograms.root
-rw-r--r-- 1 cms016 cms   104 Nov 27 14:16 pset.py
-rw-r--r-- 1 cms016 cms 19481 Nov 27 14:16 pset.py.pkl
-rw-r--r-- 1 cms016 cms   289 Nov 27 14:16 pset.pyc
drwxr-xr-x 2 cms016 cms  4096 Nov 27 14:16 python
-rw-r--r-- 1 cms016 cms   420 Nov 27 14:18 report.log
drwxrwxrwx 4 cms016 cms  4096 Nov 27 14:16 src
drwxr-xr-x 3 cms016 cms  4096 Nov 27 14:16 test
drwxr-xr-x 3 cms016 cms  4096 Nov 27 14:16 tmp
>>> current directory /home/cms016/home_creur_081597728/CREAM081597728/glide_j16417/execute/dir_9014/CMSSW_5_3_5
>>> (SOFTWARE_DIR): /home/cms016/home_creur_081597728/CREAM081597728/glide_j16417/execute/dir_9014/CMSSW_5_3_5
>>> (WORKING_DIR): 
>>> current directory content:
total 128
drwxr-xr-x 3 cms016 cms  4096 Nov 27 14:16 .SCRAM
-rw-r--r-- 1 cms016 cms 30066 Nov 27 14:16 CMSSW.py.pkl
drwxr-xr-x 3 cms016 cms  4096 Nov 27 14:16 bin
drwxr-xr-x 3 cms016 cms  4096 Nov 27 14:16 cfipython
drwxr-xr-x 5 cms016 cms  4096 Nov 27 14:16 config
-rw-r--r-- 1 cms016 cms    15 Nov 27 14:18 cpu_timing.txt
drwxr-xr-x 2 cms016 cms  4096 Nov 27 14:16 doc
-rw-r--r-- 1 cms016 cms  4886 Nov 27 14:18 executable.out
drwxr-xr-x 2 cms016 cms  4096 Nov 27 14:16 include
drwxrwxrwx 3 cms016 cms  4096 Oct 22 16:38 lib
drwxr-xr-x 3 cms016 cms  4096 Nov 27 14:16 logs
drwxr-xr-x 3 cms016 cms  4096 Nov 27 14:16 objs
-rw-r--r-- 1 cms016 cms   104 Nov 27 14:16 pset.py
-rw-r--r-- 1 cms016 cms 19481 Nov 27 14:16 pset.py.pkl
-rw-r--r-- 1 cms016 cms   289 Nov 27 14:16 pset.pyc
drwxr-xr-x 2 cms016 cms  4096 Nov 27 14:16 python
-rw-r--r-- 1 cms016 cms   420 Nov 27 14:18 report.log
drwxrwxrwx 4 cms016 cms  4096 Nov 27 14:16 src
drwxr-xr-x 3 cms016 cms  4096 Nov 27 14:16 test
drwxr-xr-x 3 cms016 cms  4096 Nov 27 14:16 tmp
>>> current directory (RUNTIME_AREA):  /home/cms016/home_creur_081597728/CREAM081597728/glide_j16417/execute/dir_9014
>>> current dir: /home/cms016/home_creur_081597728/CREAM081597728/glide_j16417/execute/dir_9014
>>> current dir content:
total 25756
-rw-rw-rw-  1 cms016 cms     5605 Nov 27 14:16 .job.ad
-rw-rw-rw-  1 cms016 cms    11515 Nov 27 14:16 .machine.ad
-rw-rw-rw-  1 cms016 cms      105 Nov 27 01:38 CMSSW.py
-rw-rw-rw-  1 cms016 cms    30066 Nov 27 01:38 CMSSW.py.pkl
-rwxrw-rw-  1 cms016 cms    23331 Nov 27 14:16 CMSSW.sh
drwxr-xr-x 15 cms016 cms     4096 Nov 27 14:18 CMSSW_5_3_5
-rw-rw-rw-  1 cms016 cms        0 Nov 27 14:16 CMSSW_84.stderr
-rw-rw-rw-  1 cms016 cms    17105 Nov 27 14:18 CMSSW_84.stdout
-rw-r--r--  1 cms016 cms      346 Nov 27 14:16 CacheEnv.sh
-rw-rw-rw-  1 cms016 cms     7291 Jun  9  2010 DashboardAPI.py
-rw-r--r--  1 cms016 cms     6868 Nov 27 14:16 DashboardAPI.pyc
drwxrwxrwx  3 cms016 cms     4096 Nov 27 14:18 IMProv
-rw-rw-rw-  1 cms016 cms     2748 Mar  8  2006 Logger.py
-rw-r--r--  1 cms016 cms     3348 Nov 27 14:16 Logger.pyc
-rw-rw-rw-  1 cms016 cms    24524 Mar 28  2008 ProcInfo.py
-rw-r--r--  1 cms016 cms    23446 Nov 27 14:16 ProcInfo.pyc
drwxrwxrwx  7 cms016 cms     4096 Nov 27 14:16 ProdCommon
drwxrwxrwx  3 cms016 cms     4096 Nov 27 14:16 WMCore
-rw-r--r--  1 cms016 cms     1143 Nov 27 14:17 Watchdog_84.log
-rw-rw-rw-  1 cms016 cms    32895 Mar 28  2008 apmon.py
-rw-r--r--  1 cms016 cms    28845 Nov 27 14:16 apmon.pyc
-rw-rw-rw-  1 cms016 cms    97097 Nov 27 14:16 arguments.xml
-rwxrwxrwx  1 cms016 cms    37427 Sep 13 14:14 cmscp.py
-rwxrwxrwx  1 cms016 cms    23331 Nov 27 14:16 condor_exec.exe
-rw-rw-rw-  1 cms016 cms      541 Nov 27 01:38 crab.cfg
-rwxrwxrwx  1 cms016 cms     9531 Sep 20 21:46 crabWatchdog.sh
-rw-r--r--  1 cms016 cms    30208 Nov 27 14:18 crab_fjr_84.xml
-rw-rw-rw-  1 cms016 cms 25796285 Nov 27 14:16 default.tgz
-rwxrwxrwx  1 cms016 cms     4488 May 12  2012 fillCrabFjr.py
-rw-r--r--  1 cms016 cms      916 Nov 27 14:16 inputsReport.txt
-rw-r--r--  1 cms016 cms      131 Nov 27 14:18 jobreport.txt
lrwxrwxrwx  1 cms016 cms      106 Nov 27 14:18 optHistograms.root -> /home/cms016/home_creur_081597728/CREAM081597728/glide_j16417/execute/dir_9014/optHistograms_84_2_KuW.root
-rw-r--r--  1 cms016 cms    16481 Nov 27 14:18 optHistograms_84_2_KuW.root
-rw-rw-rw-  1 cms016 cms    17352 Jan 20  2012 parseCrabFjr.py
-rw-r--r--  1 cms016 cms      285 Nov 27 14:16 report.log
-rwxrwxrwx  1 cms016 cms     1497 May 27  2009 report.py
-rwxrwxrwx  1 cms016 cms     8387 Mar 23  2011 writeCfg.py
-rw-------  1 cms016 cms     8691 Nov 27 14:16 x509up_u1000009
Checking output files:  
will tar file optHistograms_84_2_KuW.root in  out_files_84
will tar file crab_fjr_84.xml in  out_files_84
will tar file CMSSW_84.stdout in  out_files_84
will tar file CMSSW_84.stderr in  out_files_84
WARNING: output file Watchdog_84.log.gz not found!
>>> padding time: Sleeping the wrapper for 470 seconds
STOPPING WATCHDOG. CrabWatchdog PID is 11706
********** LAST 50 LINES OF WATCHDOG LOG
# RESOURCE USAGE SUMMARY FOR PROCESS ID 11074
USER       PID %CPU %MEM    VSZ   RSS TTY      STAT START   TIME COMMAND
cms016   11074  0.4  0.0   8956  1484 ?        S    14:16   0:00 /bin/sh /home/cms016/home_creur_081597728/CREAM081597728/glide_j16417/execute/dir_9014/condor_exec.exe 84 2
 
# LIMITS USED BY THIS WATCHDOG:
# RSS  (KBytes)  : 2300000
# VSZ  (KBytes)  : 100000000
# DISK (MBytes)  : 19000
# CPU  (seconds) : 171600
# WALL (seconds) : 171600
 
# FOLLOWING PRINTOUT TRACKS MAXIMUM VALUES OF RESOURCES USE
# ONE LINE IS PRINTED EACH TIME A MAXIMUM CHANGES
# IF CHANGE WAS IN RSS OR VSZ ALSO PROCID AND COMMAND ARE PRINTED
# THERE IS NO PRINTOUT FOR CPU/WALL TIME INCREASE
 
# TIME			PID	RSS(KB)	VSZ(KB)	Dsk(MB)	tCPU(s)	tWALL(s)	COMMAND
 Nov 27 14:16:18 EET	9014	5380	9376	0	0	19	condor_starter -f submit-2.t2.ucsd.edu       
 Nov 27 14:16:18 EET	11725	22904	84724	0	0	1	edmConfigHash pset.py        
 Nov 27 14:16:18 EET	---	22904	84724	168	----	----	----
 Nov 27 14:17:23 EET	13018	346900	556132	168	23	57	cmsRun -j /home/cms016/home_creur_081597728/CREAM081597728/glide_j16417/execute/dir_9014/crab_fjr_84.xml -p pset.py     
 Nov 27 14:18:29 EET	---	346900	556132	169	----	----	----
********** WATCHDOG LOG ENDED
ZIPPING WATCHDOG LOG
cut: write error: Broken pipe
Disk space used:
du -sh /home/cms016/home_creur_081597728/CREAM081597728/glide_j16417/execute/dir_9014
169M	/home/cms016/home_creur_081597728/CREAM081597728/glide_j16417/execute/dir_9014
>>> info for dashboard:
***** Cat /home/cms016/home_creur_081597728/CREAM081597728/glide_j16417/execute/dir_9014/jobreport.txt *****
MonitorJobID=84_https://submit-2.t2.ucsd.edu//121127//17746.15
MonitorID=liis_crab_0_121127_013759_6co90g
ExeTime=96
ExeExitCode=0
CrabUserCpuTime=43.92
CrabSysCpuTime=5.06
CrabCpuPercentage=50%
CrabWrapperTime=600
CrabStageoutTime=NULL
***** End Cat jobreport *****
Parameters sent to Dashboard.
optHistograms_84_2_KuW.root
crab_fjr_84.xml
CMSSW_84.stdout
CMSSW_84.stderr
Watchdog_84.log.gz
tar: .BrokerInfo: Cannot stat: No such file or directory
tar: Error exit delayed from previous errors
Total Output dimension: 18071
WARNING: output files size limit is set to: 50000000
Total Output dimension 18071 is fine.
JOB_EXIT_STATUS = 0
>>> info for dashboard:
***** Cat /home/cms016/home_creur_081597728/CREAM081597728/glide_j16417/execute/dir_9014/jobreport.txt *****
MonitorJobID=84_https://submit-2.t2.ucsd.edu//121127//17746.15
MonitorID=liis_crab_0_121127_013759_6co90g
JobExitCode=0
***** End Cat jobreport *****
Parameters sent to Dashboard.
optHistograms_84_2_KuW.root
crab_fjr_84.xml
