This script was generated by crab (version 2.8.3).
Running /home/cms088/home_crce1_872189919/CREAM872189919/glide_T23137/execute/dir_26080/condor_exec.exe with 2 positional parameters: 46 1
Today is Tue Nov 27 02:59:27 EET 2012
Job submitted on host wn-v-4844.local
Linux wn-v-4844.local 2.6.32-042stab059.7 #1 SMP Tue Jul 24 19:12:01 MSK 2012 x86_64 x86_64 x86_64 GNU/Linux
>>> current directory (RUNTIME_AREA): /home/cms088/home_crce1_872189919/CREAM872189919/glide_T23137/execute/dir_26080
>>> current user: uid=11088(cms088) gid=1400(cms) groups=1400(cms)
>>> voms proxy information:
subject   : /DC=ch/DC=cern/OU=Organic Units/OU=Users/CN=liis/CN=663550/CN=Liis Rebane/CN=proxy/CN=limited proxy
issuer    : /DC=ch/DC=cern/OU=Organic Units/OU=Users/CN=liis/CN=663550/CN=Liis Rebane/CN=proxy
identity  : /DC=ch/DC=cern/OU=Organic Units/OU=Users/CN=liis/CN=663550/CN=Liis Rebane/CN=proxy
type      : limited proxy
strength  : 512 bits
path      : /home/cms088/home_crce1_872189919/CREAM872189919/glide_T23137/execute/dir_26080/x509up_u1000009
timeleft  : 23:59:46
key usage : Digital Signature, Key Encipherment, Data Encipherment
=== VO cms extension information ===
VO        : cms
subject   : /DC=ch/DC=cern/OU=Organic Units/OU=Users/CN=liis/CN=663550/CN=Liis Rebane
issuer    : /DC=ch/DC=cern/OU=computers/CN=lcg-voms.cern.ch
attribute : /cms/Role=NULL/Capability=NULL
timeleft  : 190:26:10
uri       : lcg-voms.cern.ch:15002
>>> tar xzf /home/cms088/home_crce1_872189919/CREAM872189919/glide_T23137/execute/dir_26080/default.tgz :
Successful untar
>>> Include /home/cms088/home_crce1_872189919/CREAM872189919/glide_T23137/execute/dir_26080 in PYTHONPATH:
strip arguments
env var CRAB_UNIQUE_JOB_ID set to: liis_crab_0_121127_013759_6co90g_46_1_h3M
out_files_46
>>> list of expected files on output sandbox
output files: optHistograms_46_1_h3M.root crab_fjr_46.xml CMSSW_46.stdout CMSSW_46.stderr Watchdog_46.log.gz
>>> GridFlavour discovery: 
GridFlavour=LCG
>>> SyncSite discovery: 
SyncSite=T2_EE_Estonia
>>> SyncCE discovery: 
getting SyncCE from CE_ID
SyncCE=cream1.hep.kbfi.ee:8443/cream-pbs-long
>>> info for dashboard:
***** Cat /home/cms088/home_crce1_872189919/CREAM872189919/glide_T23137/execute/dir_26080/jobreport.txt *****
MonitorJobID=46_https://submit-2.t2.ucsd.edu//121127//17537.45
SyncGridJobId=https://submit-2.t2.ucsd.edu//121127//17537.45
MonitorID=liis_crab_0_121127_013759_6co90g
GridFlavour=LCG
SyncSite=T2_EE_Estonia
SyncCE=cream1.hep.kbfi.ee:8443/cream-pbs-long
***** End Cat jobreport *****
Parameters sent to Dashboard.
>>> setup environment
set SCRAM ARCH to slc5_amd64_gcc462
SCRAM_ARCH = slc5_amd64_gcc462
>>> setup CMS LCG environment:
set SCRAM ARCH and BUILD_ARCH to slc5_amd64_gcc462 ###
Sourcing environment... 
sourcing /cvmfs/cms.cern.ch/cmsset_default.sh
==> setup cms environment ok
>>> specific cmssw setup environment:
CMSSW_VERSION =  CMSSW_5_3_5
>>> current directory (SOFTWARE_DIR): /home/cms088/home_crce1_872189919/CREAM872189919/glide_T23137/execute/dir_26080/CMSSW_5_3_5
PreserveSeeds: <>
IncrementSeeds:<>
{}
WNHostName=wn-v-4844.local
>>> info for dashboard:
***** Cat /home/cms088/home_crce1_872189919/CREAM872189919/glide_T23137/execute/dir_26080/jobreport.txt *****
MonitorJobID=46_https://submit-2.t2.ucsd.edu//121127//17537.45
MonitorID=liis_crab_0_121127_013759_6co90g
WNHostName=wn-v-4844.local
***** End Cat jobreport *****
Parameters sent to Dashboard.
crabWatchdog started as process 29499
>>> moving CMSSW software directories in /home/cms088/home_crce1_872189919/CREAM872189919/glide_T23137/execute/dir_26080/CMSSW_5_3_5
mv: cannot stat `/home/cms088/home_crce1_872189919/CREAM872189919/glide_T23137/execute/dir_26080/module/': No such file or directory
>>> Include /home/cms088/home_crce1_872189919/CREAM872189919/glide_T23137/execute/dir_26080 in PYTHONPATH:
PYTHONPATH=/home/cms088/home_crce1_872189919/CREAM872189919/glide_T23137/execute/dir_26080/:/home/cms088/home_crce1_872189919/CREAM872189919/glide_T23137/execute/dir_26080/CMSSW_5_3_5/python:/home/cms088/home_crce1_872189919/CREAM872189919/glide_T23137/execute/dir_26080/CMSSW_5_3_5/lib/slc5_amd64_gcc462:/cvmfs/cms.cern.ch/slc5_amd64_gcc462/cms/cmssw/CMSSW_5_3_5/python:/cvmfs/cms.cern.ch/slc5_amd64_gcc462/cms/cmssw/CMSSW_5_3_5/lib/slc5_amd64_gcc462:/cvmfs/cms.cern.ch/slc5_amd64_gcc462/cms/coral/CORAL_2_3_21-cms27/slc5_amd64_gcc462/python:/cvmfs/cms.cern.ch/slc5_amd64_gcc462/cms/coral/CORAL_2_3_21-cms27/slc5_amd64_gcc462/lib:/cvmfs/cms.cern.ch/slc5_amd64_gcc462/external/pyqt/4.8.1/lib/python2.6/site-packages:/cvmfs/cms.cern.ch/slc5_amd64_gcc462/external/py2-scipy/0.8.0/lib/python2.6/site-packages:/cvmfs/cms.cern.ch/slc5_amd64_gcc462/external/py2-matplotlib/1.0.1/lib/python2.6/site-packages:/cvmfs/cms.cern.ch/slc5_amd64_gcc462/external/python-ldap/2.3.5/lib/python2.6/site-packages:/cvmfs/cms.cern.ch/slc5_amd64_gcc462/external/sip/4.11.2/lib/python2.6/site-packages:/cvmfs/cms.cern.ch/slc5_amd64_gcc462/external/py2-pycurl/7.19.0/lib/python2.6/site-packages:/cvmfs/cms.cern.ch/slc5_amd64_gcc462/external/py2-numpy/1.6.1/lib/python2.6/site-packages:/cvmfs/cms.cern.ch/slc5_amd64_gcc462/external/py2-ipython/0.10/lib/python2.6/site-packages:/cvmfs/cms.cern.ch/slc5_amd64_gcc462/external/py2-cx-oracle/5.1-cms11/lib/python2.6/site-packages:/cvmfs/cms.cern.ch/slc5_amd64_gcc462/external/py2-cjson/1.0.5/lib/python2.6/site-packages:/cvmfs/cms.cern.ch/slc5_amd64_gcc462/cms/das-client/1.4.1-cms8/bin:/cvmfs/cms.cern.ch/slc5_amd64_gcc462/external/elementtree/1.2.6/share/lib/python2.6/site-packages:/cvmfs/cms.cern.ch/slc5_amd64_gcc462/external/rivet/1.5.1-cms10/lib/python2.6/site-packages:/cvmfs/cms.cern.ch/slc5_amd64_gcc462/external/pyminuit2/0.0.1-cms34/lib/python2.6/site-packages:/cvmfs/cms.cern.ch/slc5_amd64_gcc462/external/professor/1.0.0-cms35/lib/python2.6/site-packages:/cvmfs/cms.cern.ch/slc5_amd64_gcc462/lcg/root/5.32.00-cms18/lib:/cvmfs/cms.cern.ch/slc5_amd64_gcc462/cms/dbs-client/DBS_2_1_1_patch1_1/lib:/cvmfs/cms.cern.ch/slc5_amd64_gcc462/cms/dbs-client/DBS_2_1_1_patch1_1/lib/DBSAPI:/home/cms088/home_crce1_872189919/CREAM872189919/glide_T23137/execute/dir_26080/
241a2a19cb7c5c8751ba22759ab3bdb0
PSETHASH = 241a2a19cb7c5c8751ba22759ab3bdb0
/home/cms088/home_crce1_872189919/CREAM872189919/glide_T23137/execute/dir_26080/writeCfg.py pset.py pset.py
Importing .py file
Setting parameters
inputBlocks=/QCD_Pt_250_350_BCtoE_TuneZ2star_8TeV_pythia6/mario-Summer12-stop-pfele-step1-3d176ac8da5e9dff208d057f4733ca91/USER#7995b155-5e61-4a6b-92c2-ceefb547c0e1
inputFiles=/store/user/mario/QCD_Pt_250_350_BCtoE_TuneZ2star_8TeV_pythia6/Summer12-stop-pfele-step1/3d176ac8da5e9dff208d057f4733ca91/tuple_329_1_LJj.root;/store/user/mario/QCD_Pt_250_350_BCtoE_TuneZ2star_8TeV_pythia6/Summer12-stop-pfele-step1/3d176ac8da5e9dff208d057f4733ca91/tuple_330_1_yx2.root;/store/user/mario/QCD_Pt_250_350_BCtoE_TuneZ2star_8TeV_pythia6/Summer12-stop-pfele-step1/3d176ac8da5e9dff208d057f4733ca91/tuple_334_1_geH.root;/store/user/mario/QCD_Pt_250_350_BCtoE_TuneZ2star_8TeV_pythia6/Summer12-stop-pfele-step1/3d176ac8da5e9dff208d057f4733ca91/tuple_331_1_Mdr.root;/store/user/mario/QCD_Pt_250_350_BCtoE_TuneZ2star_8TeV_pythia6/Summer12-stop-pfele-step1/3d176ac8da5e9dff208d057f4733ca91/tuple_332_1_cLD.root
parentFiles=
lumisRange=
>>> Executable cmsRun
/cvmfs/cms.cern.ch/slc5_amd64_gcc462/cms/cmssw/CMSSW_5_3_5/bin/slc5_amd64_gcc462/cmsRun
ok executable found
>>> info for dashboard:
***** Cat /home/cms088/home_crce1_872189919/CREAM872189919/glide_T23137/execute/dir_26080/jobreport.txt *****
MonitorJobID=46_https://submit-2.t2.ucsd.edu//121127//17537.45
MonitorID=liis_crab_0_121127_013759_6co90g
ExeStart=cmsRun
***** End Cat jobreport *****
Parameters sent to Dashboard.
>>> cmsRun started at Tue Nov 27 00:59:43 UTC 2012
>>> cmsRun ended at Tue Nov 27 01:01:49 UTC 2012
>>> info for dashboard:
***** Cat /home/cms088/home_crce1_872189919/CREAM872189919/glide_T23137/execute/dir_26080/jobreport.txt *****
MonitorJobID=46_https://submit-2.t2.ucsd.edu//121127//17537.45
MonitorID=liis_crab_0_121127_013759_6co90g
ExeEnd=cmsRun
***** End Cat jobreport *****
Parameters sent to Dashboard.
TIME_EXE = 126 sec
>>> cmsRun wrote 42 lines of stdout+stderr
>>> START OF printout of 42 lines from stdout+stderr
27-Nov-2012 03:00:26 EET  Initiating request to open file file:/hdfs/cms/store/user/mario/QCD_Pt_250_350_BCtoE_TuneZ2star_8TeV_pythia6/Summer12-stop-pfele-step1/3d176ac8da5e9dff208d057f4733ca91/tuple_329_1_LJj.root
27-Nov-2012 03:00:34 EET  Successfully opened file file:/hdfs/cms/store/user/mario/QCD_Pt_250_350_BCtoE_TuneZ2star_8TeV_pythia6/Summer12-stop-pfele-step1/3d176ac8da5e9dff208d057f4733ca91/tuple_329_1_LJj.root
Begin processing the 1st record. Run 1, Event 66406293, LumiSection 3362 at 27-Nov-2012 03:00:45.116 EET
Begin processing the 1001st record. Run 1, Event 7712245, LumiSection 391 at 27-Nov-2012 03:00:53.419 EET
27-Nov-2012 03:00:56 EET  Closed file file:/hdfs/cms/store/user/mario/QCD_Pt_250_350_BCtoE_TuneZ2star_8TeV_pythia6/Summer12-stop-pfele-step1/3d176ac8da5e9dff208d057f4733ca91/tuple_329_1_LJj.root
27-Nov-2012 03:00:56 EET  Initiating request to open file file:/hdfs/cms/store/user/mario/QCD_Pt_250_350_BCtoE_TuneZ2star_8TeV_pythia6/Summer12-stop-pfele-step1/3d176ac8da5e9dff208d057f4733ca91/tuple_330_1_yx2.root
27-Nov-2012 03:00:56 EET  Successfully opened file file:/hdfs/cms/store/user/mario/QCD_Pt_250_350_BCtoE_TuneZ2star_8TeV_pythia6/Summer12-stop-pfele-step1/3d176ac8da5e9dff208d057f4733ca91/tuple_330_1_yx2.root
Begin processing the 2001st record. Run 1, Event 10278499, LumiSection 521 at 27-Nov-2012 03:01:03.255 EET
Begin processing the 3001st record. Run 1, Event 11794133, LumiSection 598 at 27-Nov-2012 03:01:07.087 EET
27-Nov-2012 03:01:11 EET  Closed file file:/hdfs/cms/store/user/mario/QCD_Pt_250_350_BCtoE_TuneZ2star_8TeV_pythia6/Summer12-stop-pfele-step1/3d176ac8da5e9dff208d057f4733ca91/tuple_330_1_yx2.root
27-Nov-2012 03:01:11 EET  Initiating request to open file file:/hdfs/cms/store/user/mario/QCD_Pt_250_350_BCtoE_TuneZ2star_8TeV_pythia6/Summer12-stop-pfele-step1/3d176ac8da5e9dff208d057f4733ca91/tuple_334_1_geH.root
27-Nov-2012 03:01:11 EET  Successfully opened file file:/hdfs/cms/store/user/mario/QCD_Pt_250_350_BCtoE_TuneZ2star_8TeV_pythia6/Summer12-stop-pfele-step1/3d176ac8da5e9dff208d057f4733ca91/tuple_334_1_geH.root
Begin processing the 4001st record. Run 1, Event 2183922, LumiSection 111 at 27-Nov-2012 03:01:18.147 EET
Begin processing the 5001st record. Run 1, Event 26731154, LumiSection 1354 at 27-Nov-2012 03:01:23.248 EET
Begin processing the 6001st record. Run 1, Event 9780365, LumiSection 496 at 27-Nov-2012 03:01:28.334 EET
27-Nov-2012 03:01:28 EET  Closed file file:/hdfs/cms/store/user/mario/QCD_Pt_250_350_BCtoE_TuneZ2star_8TeV_pythia6/Summer12-stop-pfele-step1/3d176ac8da5e9dff208d057f4733ca91/tuple_334_1_geH.root
27-Nov-2012 03:01:28 EET  Initiating request to open file file:/hdfs/cms/store/user/mario/QCD_Pt_250_350_BCtoE_TuneZ2star_8TeV_pythia6/Summer12-stop-pfele-step1/3d176ac8da5e9dff208d057f4733ca91/tuple_331_1_Mdr.root
27-Nov-2012 03:01:28 EET  Successfully opened file file:/hdfs/cms/store/user/mario/QCD_Pt_250_350_BCtoE_TuneZ2star_8TeV_pythia6/Summer12-stop-pfele-step1/3d176ac8da5e9dff208d057f4733ca91/tuple_331_1_Mdr.root
Begin processing the 7001st record. Run 1, Event 34803495, LumiSection 1762 at 27-Nov-2012 03:01:36.717 EET
Begin processing the 8001st record. Run 1, Event 30768404, LumiSection 1558 at 27-Nov-2012 03:01:41.091 EET
27-Nov-2012 03:01:41 EET  Closed file file:/hdfs/cms/store/user/mario/QCD_Pt_250_350_BCtoE_TuneZ2star_8TeV_pythia6/Summer12-stop-pfele-step1/3d176ac8da5e9dff208d057f4733ca91/tuple_331_1_Mdr.root
27-Nov-2012 03:01:41 EET  Initiating request to open file file:/hdfs/cms/store/user/mario/QCD_Pt_250_350_BCtoE_TuneZ2star_8TeV_pythia6/Summer12-stop-pfele-step1/3d176ac8da5e9dff208d057f4733ca91/tuple_332_1_cLD.root
27-Nov-2012 03:01:41 EET  Successfully opened file file:/hdfs/cms/store/user/mario/QCD_Pt_250_350_BCtoE_TuneZ2star_8TeV_pythia6/Summer12-stop-pfele-step1/3d176ac8da5e9dff208d057f4733ca91/tuple_332_1_cLD.root
27-Nov-2012 03:01:48 EET  Closed file file:/hdfs/cms/store/user/mario/QCD_Pt_250_350_BCtoE_TuneZ2star_8TeV_pythia6/Summer12-stop-pfele-step1/3d176ac8da5e9dff208d057f4733ca91/tuple_332_1_cLD.root

=============================================

MessageLogger Summary

 type     category        sev    module        subroutine        count    total
 ---- -------------------- -- ---------------- ----------------  -----    -----
    1 fileAction           -s file_close                             5        5
    2 fileAction           -s file_open                             10       10

 type    category    Examples: run/evt        run/evt          run/evt
 ---- -------------------- ---------------- ---------------- ----------------
    1 fileAction           PostProcessEvent PostProcessEvent PostEndRun
    2 fileAction           pre-events       pre-events       PostProcessEvent

Severity    # Occurrences   Total Occurrences
--------    -------------   -----------------
System                 15                  15
>>> END OF printout of 42 lines from stdout+stderr
>>> Parse FrameworkJobReport crab_fjr.xml
Result of parsing the FrameworkJobReport crab_fjr.xml: Popularity start
lumisRange : 1::279,282,391,454,463,514,1394,3362,3593,3654::1;1::514,521,528,558,598,609,1154,1163,1344,1420,1768::2;1::111,126,143,147,149,208,325,496,910,1283,1354,1408::3;1::1563,1739,2425::4;1::1163,1165,1300,1358,1373,1555,1558,1563,1619,1762,3777::5;
lumisParentRange : 
Basename : /store/user/mario/QCD_Pt_250_350_BCtoE_TuneZ2star_8TeV_pythia6/Summer12-stop-pfele-step1/3d176ac8da5e9dff208d057f4733ca91/tuple_3
BasenameParent : 
parentFiles : 
inputBlocks : /QCD_Pt_250_350_BCtoE_TuneZ2star_8TeV_pythia6/mario-Summer12-stop-pfele-step1-3d176ac8da5e9dff208d057f4733ca91/USER#7995b155-5e61-4a6b-92c2-ceefb547c0e1
inputFiles : 29_1_LJj.root::1::EDM::Local::1;30_1_yx2.root::1::EDM::Local::2;34_1_geH.root::1::EDM::Local::3;32_1_cLD.root::1::EDM::Local::4;31_1_Mdr.root::1::EDM::Local::5;
Popularity stop
Extracted ExitStatus from FrameworkJobReport parsing output: 0
>>> Executable succeded  0
ExeExitCode=0
EXECUTABLE_EXIT_STATUS = 0
>>> current directory /home/cms088/home_crce1_872189919/CREAM872189919/glide_T23137/execute/dir_26080/CMSSW_5_3_5
>>>  (SOFTWARE_DIR): /home/cms088/home_crce1_872189919/CREAM872189919/glide_T23137/execute/dir_26080/CMSSW_5_3_5
>>> (WORKING_DIR): 
>>> current directory content:
total 148
drwxr-xr-x 3 cms088 cms  4096 Nov 27 02:59 .SCRAM
-rw-r--r-- 1 cms088 cms 30066 Nov 27 02:59 CMSSW.py.pkl
drwxr-xr-x 3 cms088 cms  4096 Nov 27 02:59 bin
drwxr-xr-x 3 cms088 cms  4096 Nov 27 02:59 cfipython
drwxr-xr-x 5 cms088 cms  4096 Nov 27 02:59 config
-rw-r--r-- 1 cms088 cms    15 Nov 27 03:01 cpu_timing.txt
drwxr-xr-x 2 cms088 cms  4096 Nov 27 02:59 doc
-rw-r--r-- 1 cms088 cms  4881 Nov 27 03:01 executable.out
drwxr-xr-x 2 cms088 cms  4096 Nov 27 02:59 include
drwxrwxrwx 3 cms088 cms  4096 Oct 22 16:38 lib
drwxr-xr-x 3 cms088 cms  4096 Nov 27 02:59 logs
drwxr-xr-x 3 cms088 cms  4096 Nov 27 02:59 objs
-rw-r--r-- 1 cms088 cms 16432 Nov 27 03:01 optHistograms.root
-rw-r--r-- 1 cms088 cms   104 Nov 27 02:59 pset.py
-rw-r--r-- 1 cms088 cms 19480 Nov 27 02:59 pset.py.pkl
-rw-r--r-- 1 cms088 cms   289 Nov 27 02:59 pset.pyc
drwxr-xr-x 2 cms088 cms  4096 Nov 27 02:59 python
-rw-r--r-- 1 cms088 cms   420 Nov 27 03:01 report.log
drwxrwxrwx 4 cms088 cms  4096 Nov 27 02:59 src
drwxr-xr-x 3 cms088 cms  4096 Nov 27 02:59 test
drwxr-xr-x 3 cms088 cms  4096 Nov 27 02:59 tmp
>>> current directory /home/cms088/home_crce1_872189919/CREAM872189919/glide_T23137/execute/dir_26080/CMSSW_5_3_5
>>> (SOFTWARE_DIR): /home/cms088/home_crce1_872189919/CREAM872189919/glide_T23137/execute/dir_26080/CMSSW_5_3_5
>>> (WORKING_DIR): 
>>> current directory content:
total 128
drwxr-xr-x 3 cms088 cms  4096 Nov 27 02:59 .SCRAM
-rw-r--r-- 1 cms088 cms 30066 Nov 27 02:59 CMSSW.py.pkl
drwxr-xr-x 3 cms088 cms  4096 Nov 27 02:59 bin
drwxr-xr-x 3 cms088 cms  4096 Nov 27 02:59 cfipython
drwxr-xr-x 5 cms088 cms  4096 Nov 27 02:59 config
-rw-r--r-- 1 cms088 cms    15 Nov 27 03:01 cpu_timing.txt
drwxr-xr-x 2 cms088 cms  4096 Nov 27 02:59 doc
-rw-r--r-- 1 cms088 cms  4881 Nov 27 03:01 executable.out
drwxr-xr-x 2 cms088 cms  4096 Nov 27 02:59 include
drwxrwxrwx 3 cms088 cms  4096 Oct 22 16:38 lib
drwxr-xr-x 3 cms088 cms  4096 Nov 27 02:59 logs
drwxr-xr-x 3 cms088 cms  4096 Nov 27 02:59 objs
-rw-r--r-- 1 cms088 cms   104 Nov 27 02:59 pset.py
-rw-r--r-- 1 cms088 cms 19480 Nov 27 02:59 pset.py.pkl
-rw-r--r-- 1 cms088 cms   289 Nov 27 02:59 pset.pyc
drwxr-xr-x 2 cms088 cms  4096 Nov 27 02:59 python
-rw-r--r-- 1 cms088 cms   420 Nov 27 03:01 report.log
drwxrwxrwx 4 cms088 cms  4096 Nov 27 02:59 src
drwxr-xr-x 3 cms088 cms  4096 Nov 27 02:59 test
drwxr-xr-x 3 cms088 cms  4096 Nov 27 02:59 tmp
>>> current directory (RUNTIME_AREA):  /home/cms088/home_crce1_872189919/CREAM872189919/glide_T23137/execute/dir_26080
>>> current dir: /home/cms088/home_crce1_872189919/CREAM872189919/glide_T23137/execute/dir_26080
>>> current dir content:
total 25756
-rw-rw-rw-  1 cms088 cms     5616 Nov 27 02:59 .job.ad
-rw-rw-rw-  1 cms088 cms    11556 Nov 27 02:59 .machine.ad
-rw-rw-rw-  1 cms088 cms      105 Nov 27 01:38 CMSSW.py
-rw-rw-rw-  1 cms088 cms    30066 Nov 27 01:38 CMSSW.py.pkl
-rwxrw-rw-  1 cms088 cms    23331 Nov 27 02:59 CMSSW.sh
-rw-rw-rw-  1 cms088 cms        0 Nov 27 02:59 CMSSW_46.stderr
-rw-rw-rw-  1 cms088 cms    17133 Nov 27 03:02 CMSSW_46.stdout
drwxr-xr-x 15 cms088 cms     4096 Nov 27 03:02 CMSSW_5_3_5
-rw-r--r--  1 cms088 cms      347 Nov 27 02:59 CacheEnv.sh
-rw-rw-rw-  1 cms088 cms     7291 Jun  9  2010 DashboardAPI.py
-rw-r--r--  1 cms088 cms     6883 Nov 27 02:59 DashboardAPI.pyc
drwxrwxrwx  3 cms088 cms     4096 Nov 27 03:01 IMProv
-rw-rw-rw-  1 cms088 cms     2748 Mar  8  2006 Logger.py
-rw-r--r--  1 cms088 cms     3353 Nov 27 02:59 Logger.pyc
-rw-rw-rw-  1 cms088 cms    24524 Mar 28  2008 ProcInfo.py
-rw-r--r--  1 cms088 cms    23470 Nov 27 02:59 ProcInfo.pyc
drwxrwxrwx  7 cms088 cms     4096 Nov 27 02:59 ProdCommon
drwxrwxrwx  3 cms088 cms     4096 Nov 27 02:59 WMCore
-rw-r--r--  1 cms088 cms     1594 Nov 27 03:00 Watchdog_46.log
-rw-rw-rw-  1 cms088 cms    32895 Mar 28  2008 apmon.py
-rw-r--r--  1 cms088 cms    28874 Nov 27 02:59 apmon.pyc
-rw-rw-rw-  1 cms088 cms    97097 Nov 27 02:59 arguments.xml
-rwxrwxrwx  1 cms088 cms    37427 Sep 13 14:14 cmscp.py
-rwxrwxrwx  1 cms088 cms    23331 Nov 27 02:59 condor_exec.exe
-rw-rw-rw-  1 cms088 cms      541 Nov 27 01:38 crab.cfg
-rwxrwxrwx  1 cms088 cms     9531 Sep 20 21:46 crabWatchdog.sh
-rw-r--r--  1 cms088 cms    30225 Nov 27 03:01 crab_fjr_46.xml
-rw-rw-rw-  1 cms088 cms 25796285 Nov 27 02:59 default.tgz
-rwxrwxrwx  1 cms088 cms     4488 May 12  2012 fillCrabFjr.py
-rw-r--r--  1 cms088 cms      916 Nov 27 02:59 inputsReport.txt
-rw-r--r--  1 cms088 cms      132 Nov 27 03:02 jobreport.txt
lrwxrwxrwx  1 cms088 cms      107 Nov 27 03:02 optHistograms.root -> /home/cms088/home_crce1_872189919/CREAM872189919/glide_T23137/execute/dir_26080/optHistograms_46_1_h3M.root
-rw-r--r--  1 cms088 cms    16432 Nov 27 03:01 optHistograms_46_1_h3M.root
-rw-rw-rw-  1 cms088 cms    17352 Jan 20  2012 parseCrabFjr.py
-rw-r--r--  1 cms088 cms      285 Nov 27 02:59 report.log
-rwxrwxrwx  1 cms088 cms     1497 May 27  2009 report.py
-rwxrwxrwx  1 cms088 cms     8387 Mar 23  2011 writeCfg.py
-rw-------  1 cms088 cms     8687 Nov 27 02:59 x509up_u1000009
Checking output files:  
will tar file optHistograms_46_1_h3M.root in  out_files_46
will tar file crab_fjr_46.xml in  out_files_46
will tar file CMSSW_46.stdout in  out_files_46
will tar file CMSSW_46.stderr in  out_files_46
WARNING: output file Watchdog_46.log.gz not found!
>>> padding time: Sleeping the wrapper for 445 seconds
STOPPING WATCHDOG. CrabWatchdog PID is 29499
********** LAST 50 LINES OF WATCHDOG LOG
# RESOURCE USAGE SUMMARY FOR PROCESS ID 28828
USER       PID %CPU %MEM    VSZ   RSS TTY      STAT START   TIME COMMAND
cms088   28828  0.4  0.0   8956  1484 ?        S    02:59   0:00 /bin/sh /home/cms088/home_crce1_872189919/CREAM872189919/glide_T23137/execute/dir_26080/condor_exec.exe 46 1
 
# LIMITS USED BY THIS WATCHDOG:
# RSS  (KBytes)  : 2300000
# VSZ  (KBytes)  : 100000000
# DISK (MBytes)  : 19000
# CPU  (seconds) : 171600
# WALL (seconds) : 171600
 
# FOLLOWING PRINTOUT TRACKS MAXIMUM VALUES OF RESOURCES USE
# ONE LINE IS PRINTED EACH TIME A MAXIMUM CHANGES
# IF CHANGE WAS IN RSS OR VSZ ALSO PROCID AND COMMAND ARE PRINTED
# THERE IS NO PRINTOUT FOR CPU/WALL TIME INCREASE
 
# TIME			PID	RSS(KB)	VSZ(KB)	Dsk(MB)	tCPU(s)	tWALL(s)	COMMAND
 Nov 27 02:59:35 EET	22991	1320	8896	0	0	847	-bash         
 Nov 27 02:59:35 EET	23023	1488	8952	0	0	848	/bin/sh -l ./CREAM872189919_jobWrapper.sh       
 Nov 27 02:59:35 EET	23083	2676	25504	0	0	847	perl -e ?use Socket;??sub send_notify {? $cream_url = "193.40.150.141:49152";die "No
 Nov 27 02:59:35 EET	26080	5316	25504	0	0	28	condor_starter -f submit-2.t2.ucsd.edu       
 Nov 27 02:59:35 EET	29575	5960	25504	0	0	836	/home/cms088/home_crce1_872189919/CREAM872189919/glide_T23137/main/condor/sbin/condor_master -f -pidfile /home/cms088/home_crce1_872189919/CREAM872189919/glide_T23137/condor_master2.pid      
 Nov 27 02:59:35 EET	---	5960	25504	168	----	----	----
 Nov 27 03:00:39 EET	30279	304668	518036	168	12	62	cmsRun -j /home/cms088/home_crce1_872189919/CREAM872189919/glide_T23137/execute/dir_26080/crab_fjr_46.xml -p pset.py     
 Nov 27 03:02:51 EET	---	304668	518036	169	----	----	----
********** WATCHDOG LOG ENDED
ZIPPING WATCHDOG LOG
Disk space used:
du -sh /home/cms088/home_crce1_872189919/CREAM872189919/glide_T23137/execute/dir_26080
169M	/home/cms088/home_crce1_872189919/CREAM872189919/glide_T23137/execute/dir_26080
>>> info for dashboard:
***** Cat /home/cms088/home_crce1_872189919/CREAM872189919/glide_T23137/execute/dir_26080/jobreport.txt *****
MonitorJobID=46_https://submit-2.t2.ucsd.edu//121127//17537.45
MonitorID=liis_crab_0_121127_013759_6co90g
ExeTime=126
ExeExitCode=0
CrabUserCpuTime=44.44
CrabSysCpuTime=5.73
CrabCpuPercentage=39%
CrabWrapperTime=600
CrabStageoutTime=NULL
***** End Cat jobreport *****
Parameters sent to Dashboard.
optHistograms_46_1_h3M.root
crab_fjr_46.xml
CMSSW_46.stdout
CMSSW_46.stderr
Watchdog_46.log.gz
tar: .BrokerInfo: Cannot stat: No such file or directory
tar: Error exit delayed from previous errors
Total Output dimension: 18406
WARNING: output files size limit is set to: 50000000
Total Output dimension 18406 is fine.
JOB_EXIT_STATUS = 0
>>> info for dashboard:
***** Cat /home/cms088/home_crce1_872189919/CREAM872189919/glide_T23137/execute/dir_26080/jobreport.txt *****
MonitorJobID=46_https://submit-2.t2.ucsd.edu//121127//17537.45
MonitorID=liis_crab_0_121127_013759_6co90g
JobExitCode=0
***** End Cat jobreport *****
Parameters sent to Dashboard.
optHistograms_46_1_h3M.root
crab_fjr_46.xml
