This script was generated by crab (version 2.8.3).
Running /home/cms088/home_crce1_122214781/CREAM122214781/glide_X18088/execute/dir_2880/condor_exec.exe with 2 positional parameters: 29 1
Today is Tue Nov 27 02:41:33 EET 2012
Job submitted on host wn-v-4196.local
Linux wn-v-4196.local 2.6.32-042stab059.7 #1 SMP Tue Jul 24 19:12:01 MSK 2012 x86_64 x86_64 x86_64 GNU/Linux
>>> current directory (RUNTIME_AREA): /home/cms088/home_crce1_122214781/CREAM122214781/glide_X18088/execute/dir_2880
>>> current user: uid=11088(cms088) gid=1400(cms) groups=1400(cms)
>>> voms proxy information:
subject   : /DC=ch/DC=cern/OU=Organic Units/OU=Users/CN=liis/CN=663550/CN=Liis Rebane/CN=proxy/CN=limited proxy
issuer    : /DC=ch/DC=cern/OU=Organic Units/OU=Users/CN=liis/CN=663550/CN=Liis Rebane/CN=proxy
identity  : /DC=ch/DC=cern/OU=Organic Units/OU=Users/CN=liis/CN=663550/CN=Liis Rebane/CN=proxy
type      : limited proxy
strength  : 512 bits
path      : /home/cms088/home_crce1_122214781/CREAM122214781/glide_X18088/execute/dir_2880/x509up_u1000009
timeleft  : 23:59:54
key usage : Digital Signature, Key Encipherment, Data Encipherment
=== VO cms extension information ===
VO        : cms
subject   : /DC=ch/DC=cern/OU=Organic Units/OU=Users/CN=liis/CN=663550/CN=Liis Rebane
issuer    : /DC=ch/DC=cern/OU=computers/CN=lcg-voms.cern.ch
attribute : /cms/Role=NULL/Capability=NULL
timeleft  : 190:44:04
uri       : lcg-voms.cern.ch:15002
>>> tar xzf /home/cms088/home_crce1_122214781/CREAM122214781/glide_X18088/execute/dir_2880/default.tgz :
Successful untar
>>> Include /home/cms088/home_crce1_122214781/CREAM122214781/glide_X18088/execute/dir_2880 in PYTHONPATH:
strip arguments
env var CRAB_UNIQUE_JOB_ID set to: liis_crab_0_121127_013303_4cvb81_29_1_Nh2
out_files_29
>>> list of expected files on output sandbox
output files: optHistograms_29_1_Nh2.root crab_fjr_29.xml CMSSW_29.stdout CMSSW_29.stderr Watchdog_29.log.gz
>>> GridFlavour discovery: 
GridFlavour=LCG
>>> SyncSite discovery: 
SyncSite=T2_EE_Estonia
>>> SyncCE discovery: 
getting SyncCE from CE_ID
SyncCE=cream1.hep.kbfi.ee:8443/cream-pbs-long
>>> info for dashboard:
***** Cat /home/cms088/home_crce1_122214781/CREAM122214781/glide_X18088/execute/dir_2880/jobreport.txt *****
MonitorJobID=29_https://submit-2.t2.ucsd.edu//121127//17532.28
SyncGridJobId=https://submit-2.t2.ucsd.edu//121127//17532.28
MonitorID=liis_crab_0_121127_013303_4cvb81
GridFlavour=LCG
SyncSite=T2_EE_Estonia
SyncCE=cream1.hep.kbfi.ee:8443/cream-pbs-long
***** End Cat jobreport *****
Parameters sent to Dashboard.
>>> setup environment
set SCRAM ARCH to slc5_amd64_gcc462
SCRAM_ARCH = slc5_amd64_gcc462
>>> setup CMS LCG environment:
set SCRAM ARCH and BUILD_ARCH to slc5_amd64_gcc462 ###
Sourcing environment... 
sourcing /cvmfs/cms.cern.ch/cmsset_default.sh
==> setup cms environment ok
>>> specific cmssw setup environment:
CMSSW_VERSION =  CMSSW_5_3_5
>>> current directory (SOFTWARE_DIR): /home/cms088/home_crce1_122214781/CREAM122214781/glide_X18088/execute/dir_2880/CMSSW_5_3_5
PreserveSeeds: <>
IncrementSeeds:<>
{}
WNHostName=wn-v-4196.local
>>> info for dashboard:
***** Cat /home/cms088/home_crce1_122214781/CREAM122214781/glide_X18088/execute/dir_2880/jobreport.txt *****
MonitorJobID=29_https://submit-2.t2.ucsd.edu//121127//17532.28
MonitorID=liis_crab_0_121127_013303_4cvb81
WNHostName=wn-v-4196.local
***** End Cat jobreport *****
Parameters sent to Dashboard.
crabWatchdog started as process 7642
>>> moving CMSSW software directories in /home/cms088/home_crce1_122214781/CREAM122214781/glide_X18088/execute/dir_2880/CMSSW_5_3_5
mv: cannot stat `/home/cms088/home_crce1_122214781/CREAM122214781/glide_X18088/execute/dir_2880/module/': No such file or directory
>>> Include /home/cms088/home_crce1_122214781/CREAM122214781/glide_X18088/execute/dir_2880 in PYTHONPATH:
PYTHONPATH=/home/cms088/home_crce1_122214781/CREAM122214781/glide_X18088/execute/dir_2880/:/home/cms088/home_crce1_122214781/CREAM122214781/glide_X18088/execute/dir_2880/CMSSW_5_3_5/python:/home/cms088/home_crce1_122214781/CREAM122214781/glide_X18088/execute/dir_2880/CMSSW_5_3_5/lib/slc5_amd64_gcc462:/cvmfs/cms.cern.ch/slc5_amd64_gcc462/cms/cmssw/CMSSW_5_3_5/python:/cvmfs/cms.cern.ch/slc5_amd64_gcc462/cms/cmssw/CMSSW_5_3_5/lib/slc5_amd64_gcc462:/cvmfs/cms.cern.ch/slc5_amd64_gcc462/cms/coral/CORAL_2_3_21-cms27/slc5_amd64_gcc462/python:/cvmfs/cms.cern.ch/slc5_amd64_gcc462/cms/coral/CORAL_2_3_21-cms27/slc5_amd64_gcc462/lib:/cvmfs/cms.cern.ch/slc5_amd64_gcc462/external/pyqt/4.8.1/lib/python2.6/site-packages:/cvmfs/cms.cern.ch/slc5_amd64_gcc462/external/py2-scipy/0.8.0/lib/python2.6/site-packages:/cvmfs/cms.cern.ch/slc5_amd64_gcc462/external/py2-matplotlib/1.0.1/lib/python2.6/site-packages:/cvmfs/cms.cern.ch/slc5_amd64_gcc462/external/python-ldap/2.3.5/lib/python2.6/site-packages:/cvmfs/cms.cern.ch/slc5_amd64_gcc462/external/sip/4.11.2/lib/python2.6/site-packages:/cvmfs/cms.cern.ch/slc5_amd64_gcc462/external/py2-pycurl/7.19.0/lib/python2.6/site-packages:/cvmfs/cms.cern.ch/slc5_amd64_gcc462/external/py2-numpy/1.6.1/lib/python2.6/site-packages:/cvmfs/cms.cern.ch/slc5_amd64_gcc462/external/py2-ipython/0.10/lib/python2.6/site-packages:/cvmfs/cms.cern.ch/slc5_amd64_gcc462/external/py2-cx-oracle/5.1-cms11/lib/python2.6/site-packages:/cvmfs/cms.cern.ch/slc5_amd64_gcc462/external/py2-cjson/1.0.5/lib/python2.6/site-packages:/cvmfs/cms.cern.ch/slc5_amd64_gcc462/cms/das-client/1.4.1-cms8/bin:/cvmfs/cms.cern.ch/slc5_amd64_gcc462/external/elementtree/1.2.6/share/lib/python2.6/site-packages:/cvmfs/cms.cern.ch/slc5_amd64_gcc462/external/rivet/1.5.1-cms10/lib/python2.6/site-packages:/cvmfs/cms.cern.ch/slc5_amd64_gcc462/external/pyminuit2/0.0.1-cms34/lib/python2.6/site-packages:/cvmfs/cms.cern.ch/slc5_amd64_gcc462/external/professor/1.0.0-cms35/lib/python2.6/site-packages:/cvmfs/cms.cern.ch/slc5_amd64_gcc462/lcg/root/5.32.00-cms18/lib:/cvmfs/cms.cern.ch/slc5_amd64_gcc462/cms/dbs-client/DBS_2_1_1_patch1_1/lib:/cvmfs/cms.cern.ch/slc5_amd64_gcc462/cms/dbs-client/DBS_2_1_1_patch1_1/lib/DBSAPI:/home/cms088/home_crce1_122214781/CREAM122214781/glide_X18088/execute/dir_2880/
241a2a19cb7c5c8751ba22759ab3bdb0
PSETHASH = 241a2a19cb7c5c8751ba22759ab3bdb0
/home/cms088/home_crce1_122214781/CREAM122214781/glide_X18088/execute/dir_2880/writeCfg.py pset.py pset.py
Importing .py file
Setting parameters
inputBlocks=/QCD_Pt_30_80_EMEnriched_TuneZ2star_8TeV_pythia6/mario-Summer12-stop-pfele-step1-3d176ac8da5e9dff208d057f4733ca91/USER#8a92f640-f537-45f1-b46c-e85f5627347f
inputFiles=/store/user/mario/QCD_Pt_30_80_EMEnriched_TuneZ2star_8TeV_pythia6/Summer12-stop-pfele-step1/3d176ac8da5e9dff208d057f4733ca91/tuple_287_6_AHu.root;/store/user/mario/QCD_Pt_30_80_EMEnriched_TuneZ2star_8TeV_pythia6/Summer12-stop-pfele-step1/3d176ac8da5e9dff208d057f4733ca91/tuple_288_3_hfo.root;/store/user/mario/QCD_Pt_30_80_EMEnriched_TuneZ2star_8TeV_pythia6/Summer12-stop-pfele-step1/3d176ac8da5e9dff208d057f4733ca91/tuple_289_5_l18.root;/store/user/mario/QCD_Pt_30_80_EMEnriched_TuneZ2star_8TeV_pythia6/Summer12-stop-pfele-step1/3d176ac8da5e9dff208d057f4733ca91/tuple_290_9_VI1.root;/store/user/mario/QCD_Pt_30_80_EMEnriched_TuneZ2star_8TeV_pythia6/Summer12-stop-pfele-step1/3d176ac8da5e9dff208d057f4733ca91/tuple_291_5_lCu.root
parentFiles=
lumisRange=
>>> Executable cmsRun
/cvmfs/cms.cern.ch/slc5_amd64_gcc462/cms/cmssw/CMSSW_5_3_5/bin/slc5_amd64_gcc462/cmsRun
ok executable found
>>> info for dashboard:
***** Cat /home/cms088/home_crce1_122214781/CREAM122214781/glide_X18088/execute/dir_2880/jobreport.txt *****
MonitorJobID=29_https://submit-2.t2.ucsd.edu//121127//17532.28
MonitorID=liis_crab_0_121127_013303_4cvb81
ExeStart=cmsRun
***** End Cat jobreport *****
Parameters sent to Dashboard.
>>> cmsRun started at Tue Nov 27 00:41:51 UTC 2012
>>> cmsRun ended at Tue Nov 27 00:45:39 UTC 2012
>>> info for dashboard:
***** Cat /home/cms088/home_crce1_122214781/CREAM122214781/glide_X18088/execute/dir_2880/jobreport.txt *****
MonitorJobID=29_https://submit-2.t2.ucsd.edu//121127//17532.28
MonitorID=liis_crab_0_121127_013303_4cvb81
ExeEnd=cmsRun
***** End Cat jobreport *****
Parameters sent to Dashboard.
TIME_EXE = 228 sec
>>> cmsRun wrote 73 lines of stdout+stderr
>>> START OF printout of 73 lines from stdout+stderr
27-Nov-2012 02:42:21 EET  Initiating request to open file file:/hdfs/cms/store/user/mario/QCD_Pt_30_80_EMEnriched_TuneZ2star_8TeV_pythia6/Summer12-stop-pfele-step1/3d176ac8da5e9dff208d057f4733ca91/tuple_287_6_AHu.root
27-Nov-2012 02:42:32 EET  Successfully opened file file:/hdfs/cms/store/user/mario/QCD_Pt_30_80_EMEnriched_TuneZ2star_8TeV_pythia6/Summer12-stop-pfele-step1/3d176ac8da5e9dff208d057f4733ca91/tuple_287_6_AHu.root
Begin processing the 1st record. Run 1, Event 504873395, LumiSection 65322 at 27-Nov-2012 02:42:45.224 EET
Begin processing the 1001st record. Run 1, Event 299160990, LumiSection 38707 at 27-Nov-2012 02:42:54.991 EET
Begin processing the 2001st record. Run 1, Event 463011236, LumiSection 59906 at 27-Nov-2012 02:42:57.564 EET
Begin processing the 3001st record. Run 1, Event 186224569, LumiSection 24095 at 27-Nov-2012 02:43:00.430 EET
Begin processing the 4001st record. Run 1, Event 200680977, LumiSection 25965 at 27-Nov-2012 02:43:04.167 EET
Begin processing the 5001st record. Run 1, Event 265972890, LumiSection 34413 at 27-Nov-2012 02:43:06.653 EET
27-Nov-2012 02:43:08 EET  Closed file file:/hdfs/cms/store/user/mario/QCD_Pt_30_80_EMEnriched_TuneZ2star_8TeV_pythia6/Summer12-stop-pfele-step1/3d176ac8da5e9dff208d057f4733ca91/tuple_287_6_AHu.root
27-Nov-2012 02:43:08 EET  Initiating request to open file file:/hdfs/cms/store/user/mario/QCD_Pt_30_80_EMEnriched_TuneZ2star_8TeV_pythia6/Summer12-stop-pfele-step1/3d176ac8da5e9dff208d057f4733ca91/tuple_288_3_hfo.root
27-Nov-2012 02:43:08 EET  Successfully opened file file:/hdfs/cms/store/user/mario/QCD_Pt_30_80_EMEnriched_TuneZ2star_8TeV_pythia6/Summer12-stop-pfele-step1/3d176ac8da5e9dff208d057f4733ca91/tuple_288_3_hfo.root
Begin processing the 6001st record. Run 1, Event 378373633, LumiSection 48956 at 27-Nov-2012 02:43:17.612 EET
Begin processing the 7001st record. Run 1, Event 477214805, LumiSection 61744 at 27-Nov-2012 02:43:20.152 EET
Begin processing the 8001st record. Run 1, Event 503470784, LumiSection 65141 at 27-Nov-2012 02:43:22.719 EET
Begin processing the 9001st record. Run 1, Event 245669141, LumiSection 31786 at 27-Nov-2012 02:43:25.335 EET
Begin processing the 10001st record. Run 1, Event 351429224, LumiSection 45469 at 27-Nov-2012 02:43:30.625 EET
Begin processing the 11001st record. Run 1, Event 523368893, LumiSection 67715 at 27-Nov-2012 02:43:33.460 EET
Begin processing the 12001st record. Run 1, Event 62880443, LumiSection 8136 at 27-Nov-2012 02:43:36.046 EET
Begin processing the 13001st record. Run 1, Event 226085727, LumiSection 29252 at 27-Nov-2012 02:43:40.119 EET
Begin processing the 14001st record. Run 1, Event 556715569, LumiSection 72030 at 27-Nov-2012 02:43:42.829 EET
Begin processing the 15001st record. Run 1, Event 30756603, LumiSection 3980 at 27-Nov-2012 02:43:45.279 EET
27-Nov-2012 02:43:46 EET  Closed file file:/hdfs/cms/store/user/mario/QCD_Pt_30_80_EMEnriched_TuneZ2star_8TeV_pythia6/Summer12-stop-pfele-step1/3d176ac8da5e9dff208d057f4733ca91/tuple_288_3_hfo.root
27-Nov-2012 02:43:46 EET  Initiating request to open file file:/hdfs/cms/store/user/mario/QCD_Pt_30_80_EMEnriched_TuneZ2star_8TeV_pythia6/Summer12-stop-pfele-step1/3d176ac8da5e9dff208d057f4733ca91/tuple_289_5_l18.root
27-Nov-2012 02:43:46 EET  Successfully opened file file:/hdfs/cms/store/user/mario/QCD_Pt_30_80_EMEnriched_TuneZ2star_8TeV_pythia6/Summer12-stop-pfele-step1/3d176ac8da5e9dff208d057f4733ca91/tuple_289_5_l18.root
Begin processing the 16001st record. Run 1, Event 47004795, LumiSection 6082 at 27-Nov-2012 02:43:59.179 EET
Begin processing the 17001st record. Run 1, Event 53419049, LumiSection 6912 at 27-Nov-2012 02:44:01.578 EET
Begin processing the 18001st record. Run 1, Event 28101932, LumiSection 3636 at 27-Nov-2012 02:44:03.928 EET
Begin processing the 19001st record. Run 1, Event 37922205, LumiSection 4907 at 27-Nov-2012 02:44:08.172 EET
Begin processing the 20001st record. Run 1, Event 43144545, LumiSection 5583 at 27-Nov-2012 02:44:10.818 EET
Begin processing the 21001st record. Run 1, Event 435529457, LumiSection 56351 at 27-Nov-2012 02:44:13.489 EET
Begin processing the 22001st record. Run 1, Event 33383887, LumiSection 4320 at 27-Nov-2012 02:44:16.126 EET
Begin processing the 23001st record. Run 1, Event 36965921, LumiSection 4783 at 27-Nov-2012 02:44:21.472 EET
Begin processing the 24001st record. Run 1, Event 39962696, LumiSection 5171 at 27-Nov-2012 02:44:24.366 EET
Begin processing the 25001st record. Run 1, Event 50343745, LumiSection 6514 at 27-Nov-2012 02:44:26.918 EET
27-Nov-2012 02:44:27 EET  Closed file file:/hdfs/cms/store/user/mario/QCD_Pt_30_80_EMEnriched_TuneZ2star_8TeV_pythia6/Summer12-stop-pfele-step1/3d176ac8da5e9dff208d057f4733ca91/tuple_289_5_l18.root
27-Nov-2012 02:44:27 EET  Initiating request to open file file:/hdfs/cms/store/user/mario/QCD_Pt_30_80_EMEnriched_TuneZ2star_8TeV_pythia6/Summer12-stop-pfele-step1/3d176ac8da5e9dff208d057f4733ca91/tuple_290_9_VI1.root
27-Nov-2012 02:44:27 EET  Successfully opened file file:/hdfs/cms/store/user/mario/QCD_Pt_30_80_EMEnriched_TuneZ2star_8TeV_pythia6/Summer12-stop-pfele-step1/3d176ac8da5e9dff208d057f4733ca91/tuple_290_9_VI1.root
Begin processing the 26001st record. Run 1, Event 132225213, LumiSection 17108 at 27-Nov-2012 02:44:42.883 EET
Begin processing the 27001st record. Run 1, Event 425950292, LumiSection 55111 at 27-Nov-2012 02:44:45.788 EET
Begin processing the 28001st record. Run 1, Event 261830383, LumiSection 33877 at 27-Nov-2012 02:44:48.663 EET
Begin processing the 29001st record. Run 1, Event 340639615, LumiSection 44073 at 27-Nov-2012 02:44:56.184 EET
Begin processing the 30001st record. Run 1, Event 75390881, LumiSection 9755 at 27-Nov-2012 02:44:59.096 EET
Begin processing the 31001st record. Run 1, Event 55352789, LumiSection 7162 at 27-Nov-2012 02:45:02.020 EET
Begin processing the 32001st record. Run 1, Event 284158860, LumiSection 36766 at 27-Nov-2012 02:45:06.576 EET
Begin processing the 33001st record. Run 1, Event 504036845, LumiSection 65214 at 27-Nov-2012 02:45:09.668 EET
Begin processing the 34001st record. Run 1, Event 544989547, LumiSection 70513 at 27-Nov-2012 02:45:12.700 EET
27-Nov-2012 02:45:14 EET  Closed file file:/hdfs/cms/store/user/mario/QCD_Pt_30_80_EMEnriched_TuneZ2star_8TeV_pythia6/Summer12-stop-pfele-step1/3d176ac8da5e9dff208d057f4733ca91/tuple_290_9_VI1.root
27-Nov-2012 02:45:14 EET  Initiating request to open file file:/hdfs/cms/store/user/mario/QCD_Pt_30_80_EMEnriched_TuneZ2star_8TeV_pythia6/Summer12-stop-pfele-step1/3d176ac8da5e9dff208d057f4733ca91/tuple_291_5_lCu.root
27-Nov-2012 02:45:15 EET  Successfully opened file file:/hdfs/cms/store/user/mario/QCD_Pt_30_80_EMEnriched_TuneZ2star_8TeV_pythia6/Summer12-stop-pfele-step1/3d176ac8da5e9dff208d057f4733ca91/tuple_291_5_lCu.root
Begin processing the 35001st record. Run 1, Event 45822944, LumiSection 5929 at 27-Nov-2012 02:45:23.926 EET
Begin processing the 36001st record. Run 1, Event 250859949, LumiSection 32457 at 27-Nov-2012 02:45:26.635 EET
Begin processing the 37001st record. Run 1, Event 51759157, LumiSection 6697 at 27-Nov-2012 02:45:29.254 EET
Begin processing the 38001st record. Run 1, Event 295184293, LumiSection 38192 at 27-Nov-2012 02:45:31.692 EET
Begin processing the 39001st record. Run 1, Event 476909223, LumiSection 61704 at 27-Nov-2012 02:45:36.238 EET
27-Nov-2012 02:45:38 EET  Closed file file:/hdfs/cms/store/user/mario/QCD_Pt_30_80_EMEnriched_TuneZ2star_8TeV_pythia6/Summer12-stop-pfele-step1/3d176ac8da5e9dff208d057f4733ca91/tuple_291_5_lCu.root

=============================================

MessageLogger Summary

 type     category        sev    module        subroutine        count    total
 ---- -------------------- -- ---------------- ----------------  -----    -----
    1 fileAction           -s file_close                             5        5
    2 fileAction           -s file_open                             10       10

 type    category    Examples: run/evt        run/evt          run/evt
 ---- -------------------- ---------------- ---------------- ----------------
    1 fileAction           PostProcessEvent PostProcessEvent PostEndRun
    2 fileAction           pre-events       pre-events       PostProcessEvent

Severity    # Occurrences   Total Occurrences
--------    -------------   -----------------
System                 15                  15
>>> END OF printout of 73 lines from stdout+stderr
>>> Parse FrameworkJobReport crab_fjr.xml
Result of parsing the FrameworkJobReport crab_fjr.xml: Popularity start
lumisRange : 1::48,54,74,2431,3127,3404,3735,3756,3812,3817,3831,3833,3863,3964,3966,3973,3979-3980,3992,3995,3999,4004,4125,4246,4250,4261,4310,5037,7000,8136,14309,14744,15142,15342,15473,15488,16452,16489,17121,17158,17417,17477,17984,19221,23999,29252,29874,29992,30018,30668,31786,33753,34265,34459,35925,38086,38151,39928,41982,42058,42281,42286,42734,44765,44935,45285,45469,45627,46816,47699,47783,48258,48283,48928,48956,49069,49230,49502,50687,50696,50769,51434,52195,52563,53888,54412,54592,54602,54867,55655,56745,57226,57240,57370,57522,57813,57945,58258,58823,59269,59292,60228,60306,61123,61627,61744,61750,61832,61841,62165-62166,62363,62867,62883,62983,63137,63740,63808,64101,64338,64513,64556,65007,65141,65193,65372,65733,65970,66183,66399,66427,66540,66694,66929,66968,67209,67474,67553,67699,67715,67767,67841,67931,67955,68142,68214,68222,68229,68260,68534,68594,68715,69467,69470,69795,69933,70207,70212,70322,71100,71341,71442,71556,71674,71894,72030,72317,72418,72847::1;1::315,325,2825,2830,2947,3087,3138,3258,3446,3493-3494,3519,3636,3639,3644,3705,3712,3744,3792,3802,3808,3854,4121,4148,4185,4190,4256-4257,4261,4265,4292,4297,4308-4309,4320,4358,4408,4423,4499,4520,4581,4594,4603,4624,4648,4658,4688,4698,4763,4779,4783,4788,4790,4801-4803,4806,4811-4812,4826,4843,4854,4856,4881,4890,4892,4907,4916,4929,4936,4938,4942,4960,4975,4990,5014-5015,5039,5071,5092,5135,5165,5171,5189,5195,5197,5205,5223,5233,5241,5264,5266,5284,5293,5304,5383,5415,5421,5425,5431,5434,5450,5455,5483,5489,5556,5583,5587,5747,5781,5968,6049,6082,6104,6130-6131,6157,6177,6237,6248,6268,6361,6379,6423,6484,6494,6514,6516,6546,6579,6593-6594,6683,6691,6800,6813,6826,6837,6901,6907,6912,6915,6925,6937,7035,7247,7269,7292,7341,22413,22499,24000,28612,29354,29567,33257,44291,44537,54005,56351,56667,57186,58135,58702,58714,61367,66498,67254,69560::2;1::23101,23110,23410,23565,23675,23700,23932,23949,24095,24119,24271,24357,24494,24803,25519,25965,26638,26665,27052,28385,30080,30538,30702,31052,31123,31166,31319,31429,31447,31500,32559,32698,32903,33937,34031,34033,34236,34242,34278,34413,34600,35011,35060,35100,35402,35905,35979,36241,36248,36982-36983,37001,37130,37310,37999,38279,38320,38496,38622,38707,41121,41243,41853,43034,43206,43336,44356,44737,45306,48846,48906,49581,51604,56532,56812,58248,58350,59269,59371,59419,59576,59652,59764,59784,59801,59906,60553,60765,61121,61281,62021,62277,62369,62645,63882,64317,65253,65322,65778,66536,67843::3;1::698,847,1695,1949,1988,2103,2127,3163,3327,3568,3730,4058,4243,5642,5656,5665,5929,5979,5982,5987,6276,6375,6457,6464,6697,6725,6729,6803,6842,6847,7024,9748,11861,12283,14041,14362,16850,24063,27793,28143,30243,31282,31819,32368,32457,34402,34586,34731,36678,37616,38080,38192,39263,39290,40838,42567,42973,43507,44101,44171,45078,45095,46059,46866,47456,48227,48614,48841,49046,49241,49595,50079,50581,50977,51025,51770,51819,52277,52541,53900,54110,56830,60612,61607,61704::4;1::1798,2547,2781,3732,3799,3814,3816,3830,3885,4094,4191,4402,4431,4477,4504,5642,5662,5682,6132,6134,6529,6593,6613,6634-6635,6654,6680,6722,6734,6789,6890,6952,6965,6974,7100,7162,7213,7494,7519,9755,11258,11284,14222,15169,15499,15563,16422,17067,17108,17338,19043,19781,19943,20808,20877,20933,21243,21346,22054,22288,23652,24221,24370,24599,24831,24876,25030,25225,25762,26056,26248,27281,27347,27566,27633,28296,30106,30449,30876,31148,32524,33571,33655,33777,33801,33877,34025,34186,34308,34936,35286,35586,35597,35729,35774,36201,36232,36766,37289,37380,37659,37970,39712,40665,40878,41187,42310,44073,44086,45170,45919,45968,46029,46645,49130,52475,52980,53139,53297,53909,55098,55111,56510,56938,57865,58796,58932,60020,60209,60240,60329,61469,61886,63721,64041,65214,66083,67367,67450,67639,67760,67816,68034,68045,68327,68582,68632,68682,68701,69412,69523,69576,69874,70357,70491,70513,70727,70745,70868,70881,71094,71185,71774,72061,72292,72309,72508,72716,72732::5;
lumisParentRange : 
Basename : /store/user/mario/QCD_Pt_30_80_EMEnriched_TuneZ2star_8TeV_pythia6/Summer12-stop-pfele-step1/3d176ac8da5e9dff208d057f4733ca91/tuple_2
BasenameParent : 
parentFiles : 
inputBlocks : /QCD_Pt_30_80_EMEnriched_TuneZ2star_8TeV_pythia6/mario-Summer12-stop-pfele-step1-3d176ac8da5e9dff208d057f4733ca91/USER#8a92f640-f537-45f1-b46c-e85f5627347f
inputFiles : 88_3_hfo.root::1::EDM::Local::1;89_5_l18.root::1::EDM::Local::2;87_6_AHu.root::1::EDM::Local::3;91_5_lCu.root::1::EDM::Local::4;90_9_VI1.root::1::EDM::Local::5;
Popularity stop
Extracted ExitStatus from FrameworkJobReport parsing output: 0
>>> Executable succeded  0
ExeExitCode=0
EXECUTABLE_EXIT_STATUS = 0
>>> current directory /home/cms088/home_crce1_122214781/CREAM122214781/glide_X18088/execute/dir_2880/CMSSW_5_3_5
>>>  (SOFTWARE_DIR): /home/cms088/home_crce1_122214781/CREAM122214781/glide_X18088/execute/dir_2880/CMSSW_5_3_5
>>> (WORKING_DIR): 
>>> current directory content:
total 152
drwxr-xr-x 3 cms088 cms  4096 Nov 27 02:41 .SCRAM
-rw-r--r-- 1 cms088 cms 30066 Nov 27 02:41 CMSSW.py.pkl
drwxr-xr-x 3 cms088 cms  4096 Nov 27 02:41 bin
drwxr-xr-x 3 cms088 cms  4096 Nov 27 02:41 cfipython
drwxr-xr-x 5 cms088 cms  4096 Nov 27 02:41 config
-rw-r--r-- 1 cms088 cms    16 Nov 27 02:45 cpu_timing.txt
drwxr-xr-x 2 cms088 cms  4096 Nov 27 02:41 doc
-rw-r--r-- 1 cms088 cms  8362 Nov 27 02:45 executable.out
drwxr-xr-x 2 cms088 cms  4096 Nov 27 02:41 include
drwxrwxrwx 3 cms088 cms  4096 Oct 22 16:38 lib
drwxr-xr-x 3 cms088 cms  4096 Nov 27 02:41 logs
drwxr-xr-x 3 cms088 cms  4096 Nov 27 02:41 objs
-rw-r--r-- 1 cms088 cms 16475 Nov 27 02:45 optHistograms.root
-rw-r--r-- 1 cms088 cms   104 Nov 27 02:41 pset.py
-rw-r--r-- 1 cms088 cms 19497 Nov 27 02:41 pset.py.pkl
-rw-r--r-- 1 cms088 cms   289 Nov 27 02:41 pset.pyc
drwxr-xr-x 2 cms088 cms  4096 Nov 27 02:41 python
-rw-r--r-- 1 cms088 cms   420 Nov 27 02:45 report.log
drwxrwxrwx 4 cms088 cms  4096 Nov 27 02:41 src
drwxr-xr-x 3 cms088 cms  4096 Nov 27 02:41 test
drwxr-xr-x 3 cms088 cms  4096 Nov 27 02:41 tmp
>>> current directory /home/cms088/home_crce1_122214781/CREAM122214781/glide_X18088/execute/dir_2880/CMSSW_5_3_5
>>> (SOFTWARE_DIR): /home/cms088/home_crce1_122214781/CREAM122214781/glide_X18088/execute/dir_2880/CMSSW_5_3_5
>>> (WORKING_DIR): 
>>> current directory content:
total 132
drwxr-xr-x 3 cms088 cms  4096 Nov 27 02:41 .SCRAM
-rw-r--r-- 1 cms088 cms 30066 Nov 27 02:41 CMSSW.py.pkl
drwxr-xr-x 3 cms088 cms  4096 Nov 27 02:41 bin
drwxr-xr-x 3 cms088 cms  4096 Nov 27 02:41 cfipython
drwxr-xr-x 5 cms088 cms  4096 Nov 27 02:41 config
-rw-r--r-- 1 cms088 cms    16 Nov 27 02:45 cpu_timing.txt
drwxr-xr-x 2 cms088 cms  4096 Nov 27 02:41 doc
-rw-r--r-- 1 cms088 cms  8362 Nov 27 02:45 executable.out
drwxr-xr-x 2 cms088 cms  4096 Nov 27 02:41 include
drwxrwxrwx 3 cms088 cms  4096 Oct 22 16:38 lib
drwxr-xr-x 3 cms088 cms  4096 Nov 27 02:41 logs
drwxr-xr-x 3 cms088 cms  4096 Nov 27 02:41 objs
-rw-r--r-- 1 cms088 cms   104 Nov 27 02:41 pset.py
-rw-r--r-- 1 cms088 cms 19497 Nov 27 02:41 pset.py.pkl
-rw-r--r-- 1 cms088 cms   289 Nov 27 02:41 pset.pyc
drwxr-xr-x 2 cms088 cms  4096 Nov 27 02:41 python
-rw-r--r-- 1 cms088 cms   420 Nov 27 02:45 report.log
drwxrwxrwx 4 cms088 cms  4096 Nov 27 02:41 src
drwxr-xr-x 3 cms088 cms  4096 Nov 27 02:41 test
drwxr-xr-x 3 cms088 cms  4096 Nov 27 02:41 tmp
>>> current directory (RUNTIME_AREA):  /home/cms088/home_crce1_122214781/CREAM122214781/glide_X18088/execute/dir_2880
>>> current dir: /home/cms088/home_crce1_122214781/CREAM122214781/glide_X18088/execute/dir_2880
>>> current dir content:
total 25780
-rw-rw-rw-  1 cms088 cms     5604 Nov 27 02:41 .job.ad
-rw-rw-rw-  1 cms088 cms    11433 Nov 27 02:41 .machine.ad
-rw-rw-rw-  1 cms088 cms      105 Nov 27 01:33 CMSSW.py
-rw-rw-rw-  1 cms088 cms    30066 Nov 27 01:33 CMSSW.py.pkl
-rwxrw-rw-  1 cms088 cms    23337 Nov 27 02:41 CMSSW.sh
-rw-rw-rw-  1 cms088 cms        0 Nov 27 02:41 CMSSW_29.stderr
-rw-rw-rw-  1 cms088 cms    24291 Nov 27 02:45 CMSSW_29.stdout
drwxr-xr-x 15 cms088 cms     4096 Nov 27 02:45 CMSSW_5_3_5
-rw-r--r--  1 cms088 cms      346 Nov 27 02:41 CacheEnv.sh
-rw-rw-rw-  1 cms088 cms     7291 Jun  9  2010 DashboardAPI.py
-rw-r--r--  1 cms088 cms     6868 Nov 27 02:41 DashboardAPI.pyc
drwxrwxrwx  3 cms088 cms     4096 Nov 27 02:45 IMProv
-rw-rw-rw-  1 cms088 cms     2748 Mar  8  2006 Logger.py
-rw-r--r--  1 cms088 cms     3348 Nov 27 02:41 Logger.pyc
-rw-rw-rw-  1 cms088 cms    24524 Mar 28  2008 ProcInfo.py
-rw-r--r--  1 cms088 cms    23446 Nov 27 02:41 ProcInfo.pyc
drwxrwxrwx  7 cms088 cms     4096 Nov 27 02:41 ProdCommon
drwxrwxrwx  3 cms088 cms     4096 Nov 27 02:41 WMCore
-rw-r--r--  1 cms088 cms     1485 Nov 27 02:45 Watchdog_29.log
-rw-rw-rw-  1 cms088 cms    32895 Mar 28  2008 apmon.py
-rw-r--r--  1 cms088 cms    28845 Nov 27 02:41 apmon.pyc
-rw-rw-rw-  1 cms088 cms   100223 Nov 27 02:41 arguments.xml
-rwxrwxrwx  1 cms088 cms    37427 Sep 13 14:14 cmscp.py
-rwxrwxrwx  1 cms088 cms    23337 Nov 27 02:41 condor_exec.exe
-rw-rw-rw-  1 cms088 cms      544 Nov 27 01:33 crab.cfg
-rwxrwxrwx  1 cms088 cms     9531 Sep 20 21:46 crabWatchdog.sh
-rw-r--r--  1 cms088 cms    48826 Nov 27 02:45 crab_fjr_29.xml
-rw-rw-rw-  1 cms088 cms 25796307 Nov 27 02:41 default.tgz
-rwxrwxrwx  1 cms088 cms     4488 May 12  2012 fillCrabFjr.py
-rw-r--r--  1 cms088 cms      934 Nov 27 02:41 inputsReport.txt
-rw-r--r--  1 cms088 cms      132 Nov 27 02:45 jobreport.txt
lrwxrwxrwx  1 cms088 cms      106 Nov 27 02:45 optHistograms.root -> /home/cms088/home_crce1_122214781/CREAM122214781/glide_X18088/execute/dir_2880/optHistograms_29_1_Nh2.root
-rw-r--r--  1 cms088 cms    16475 Nov 27 02:45 optHistograms_29_1_Nh2.root
-rw-rw-rw-  1 cms088 cms    17352 Jan 20  2012 parseCrabFjr.py
-rw-r--r--  1 cms088 cms      285 Nov 27 02:41 report.log
-rwxrwxrwx  1 cms088 cms     1497 May 27  2009 report.py
-rwxrwxrwx  1 cms088 cms     8387 Mar 23  2011 writeCfg.py
-rw-------  1 cms088 cms     8691 Nov 27 02:41 x509up_u1000009
Checking output files:  
will tar file optHistograms_29_1_Nh2.root in  out_files_29
will tar file crab_fjr_29.xml in  out_files_29
will tar file CMSSW_29.stdout in  out_files_29
will tar file CMSSW_29.stderr in  out_files_29
WARNING: output file Watchdog_29.log.gz not found!
>>> padding time: Sleeping the wrapper for 343 seconds
STOPPING WATCHDOG. CrabWatchdog PID is 7642
********** LAST 50 LINES OF WATCHDOG LOG
# RESOURCE USAGE SUMMARY FOR PROCESS ID  7034
USER       PID %CPU %MEM    VSZ   RSS TTY      STAT START   TIME COMMAND
cms088    7034  0.3  0.0   8956  1484 ?        S    02:41   0:00 /bin/sh /home/cms088/home_crce1_122214781/CREAM122214781/glide_X18088/execute/dir_2880/condor_exec.exe 29 1
 
# LIMITS USED BY THIS WATCHDOG:
# RSS  (KBytes)  : 2300000
# VSZ  (KBytes)  : 100000000
# DISK (MBytes)  : 19000
# CPU  (seconds) : 171600
# WALL (seconds) : 171600
 
# FOLLOWING PRINTOUT TRACKS MAXIMUM VALUES OF RESOURCES USE
# ONE LINE IS PRINTED EACH TIME A MAXIMUM CHANGES
# IF CHANGE WAS IN RSS OR VSZ ALSO PROCID AND COMMAND ARE PRINTED
# THERE IS NO PRINTOUT FOR CPU/WALL TIME INCREASE
 
# TIME			PID	RSS(KB)	VSZ(KB)	Dsk(MB)	tCPU(s)	tWALL(s)	COMMAND
 Nov 27 02:41:41 EET	2880	5312	9296	0	0	18	condor_starter -f submit-2.t2.ucsd.edu       
 Nov 27 02:41:41 EET	7693	22848	84728	0	0	1	edmConfigHash pset.py        
 Nov 27 02:41:41 EET	---	22848	84728	168	----	----	----
 Nov 27 02:42:46 EET	9177	316732	533896	168	14	59	cmsRun -j /home/cms088/home_crce1_122214781/CREAM122214781/glide_X18088/execute/dir_2880/crab_fjr_29.xml -p pset.py     
 Nov 27 02:43:53 EET	9177	342816	550760	168	55	125	cmsRun -j /home/cms088/home_crce1_122214781/CREAM122214781/glide_X18088/execute/dir_2880/crab_fjr_29.xml -p pset.py     
 Nov 27 02:45:02 EET	9177	357512	551272	168	96	193	cmsRun -j /home/cms088/home_crce1_122214781/CREAM122214781/glide_X18088/execute/dir_2880/crab_fjr_29.xml -p pset.py     
 Nov 27 02:46:08 EET	---	357512	551272	169	----	----	----
********** WATCHDOG LOG ENDED
ZIPPING WATCHDOG LOG
Disk space used:
du -sh /home/cms088/home_crce1_122214781/CREAM122214781/glide_X18088/execute/dir_2880
169M	/home/cms088/home_crce1_122214781/CREAM122214781/glide_X18088/execute/dir_2880
>>> info for dashboard:
***** Cat /home/cms088/home_crce1_122214781/CREAM122214781/glide_X18088/execute/dir_2880/jobreport.txt *****
MonitorJobID=29_https://submit-2.t2.ucsd.edu//121127//17532.28
MonitorID=liis_crab_0_121127_013303_4cvb81
ExeTime=228
ExeExitCode=0
CrabUserCpuTime=110.75
CrabSysCpuTime=7.74
CrabCpuPercentage=51%
CrabWrapperTime=600
CrabStageoutTime=NULL
***** End Cat jobreport *****
Parameters sent to Dashboard.
optHistograms_29_1_Nh2.root
crab_fjr_29.xml
CMSSW_29.stdout
CMSSW_29.stderr
Watchdog_29.log.gz
tar: .BrokerInfo: Cannot stat: No such file or directory
tar: Error exit delayed from previous errors
Total Output dimension: 25537
WARNING: output files size limit is set to: 50000000
Total Output dimension 25537 is fine.
JOB_EXIT_STATUS = 0
>>> info for dashboard:
***** Cat /home/cms088/home_crce1_122214781/CREAM122214781/glide_X18088/execute/dir_2880/jobreport.txt *****
MonitorJobID=29_https://submit-2.t2.ucsd.edu//121127//17532.28
MonitorID=liis_crab_0_121127_013303_4cvb81
JobExitCode=0
***** End Cat jobreport *****
Parameters sent to Dashboard.
optHistograms_29_1_Nh2.root
crab_fjr_29.xml
