This script was generated by crab (version 2.8.3).
Running /home/cms003/home_crce1_048971754/CREAM048971754/glide_X14254/execute/dir_24640/condor_exec.exe with 2 positional parameters: 83 1
Today is Tue Nov 27 02:41:59 EET 2012
Job submitted on host wn-v-7038.local
Linux wn-v-7038.local 2.6.32-042stab059.7 #1 SMP Tue Jul 24 19:12:01 MSK 2012 x86_64 x86_64 x86_64 GNU/Linux
>>> current directory (RUNTIME_AREA): /home/cms003/home_crce1_048971754/CREAM048971754/glide_X14254/execute/dir_24640
>>> current user: uid=11003(cms003) gid=1400(cms) groups=1400(cms)
>>> voms proxy information:
subject   : /DC=ch/DC=cern/OU=Organic Units/OU=Users/CN=liis/CN=663550/CN=Liis Rebane/CN=proxy/CN=limited proxy
issuer    : /DC=ch/DC=cern/OU=Organic Units/OU=Users/CN=liis/CN=663550/CN=Liis Rebane/CN=proxy
identity  : /DC=ch/DC=cern/OU=Organic Units/OU=Users/CN=liis/CN=663550/CN=Liis Rebane/CN=proxy
type      : limited proxy
strength  : 512 bits
path      : /home/cms003/home_crce1_048971754/CREAM048971754/glide_X14254/execute/dir_24640/x509up_u1000009
timeleft  : 23:58:55
key usage : Digital Signature, Key Encipherment, Data Encipherment
=== VO cms extension information ===
VO        : cms
subject   : /DC=ch/DC=cern/OU=Organic Units/OU=Users/CN=liis/CN=663550/CN=Liis Rebane
issuer    : /DC=ch/DC=cern/OU=computers/CN=lcg-voms.cern.ch
attribute : /cms/Role=NULL/Capability=NULL
timeleft  : 190:43:38
uri       : lcg-voms.cern.ch:15002
>>> tar xzf /home/cms003/home_crce1_048971754/CREAM048971754/glide_X14254/execute/dir_24640/default.tgz :
Successful untar
>>> Include /home/cms003/home_crce1_048971754/CREAM048971754/glide_X14254/execute/dir_24640 in PYTHONPATH:
strip arguments
env var CRAB_UNIQUE_JOB_ID set to: liis_crab_0_121127_013303_4cvb81_83_1_fOR
out_files_83
>>> list of expected files on output sandbox
output files: optHistograms_83_1_fOR.root crab_fjr_83.xml CMSSW_83.stdout CMSSW_83.stderr Watchdog_83.log.gz
>>> GridFlavour discovery: 
GridFlavour=LCG
>>> SyncSite discovery: 
SyncSite=T2_EE_Estonia
>>> SyncCE discovery: 
getting SyncCE from CE_ID
SyncCE=cream1.hep.kbfi.ee:8443/cream-pbs-long
>>> info for dashboard:
***** Cat /home/cms003/home_crce1_048971754/CREAM048971754/glide_X14254/execute/dir_24640/jobreport.txt *****
MonitorJobID=83_https://submit-2.t2.ucsd.edu//121127//17532.82
SyncGridJobId=https://submit-2.t2.ucsd.edu//121127//17532.82
MonitorID=liis_crab_0_121127_013303_4cvb81
GridFlavour=LCG
SyncSite=T2_EE_Estonia
SyncCE=cream1.hep.kbfi.ee:8443/cream-pbs-long
***** End Cat jobreport *****
Parameters sent to Dashboard.
>>> setup environment
set SCRAM ARCH to slc5_amd64_gcc462
SCRAM_ARCH = slc5_amd64_gcc462
>>> setup CMS LCG environment:
set SCRAM ARCH and BUILD_ARCH to slc5_amd64_gcc462 ###
Sourcing environment... 
sourcing /cvmfs/cms.cern.ch/cmsset_default.sh
==> setup cms environment ok
>>> specific cmssw setup environment:
CMSSW_VERSION =  CMSSW_5_3_5
>>> current directory (SOFTWARE_DIR): /home/cms003/home_crce1_048971754/CREAM048971754/glide_X14254/execute/dir_24640/CMSSW_5_3_5
PreserveSeeds: <>
IncrementSeeds:<>
{}
WNHostName=wn-v-7038.local
>>> info for dashboard:
***** Cat /home/cms003/home_crce1_048971754/CREAM048971754/glide_X14254/execute/dir_24640/jobreport.txt *****
MonitorJobID=83_https://submit-2.t2.ucsd.edu//121127//17532.82
MonitorID=liis_crab_0_121127_013303_4cvb81
WNHostName=wn-v-7038.local
***** End Cat jobreport *****
Parameters sent to Dashboard.
crabWatchdog started as process 29514
>>> moving CMSSW software directories in /home/cms003/home_crce1_048971754/CREAM048971754/glide_X14254/execute/dir_24640/CMSSW_5_3_5
mv: cannot stat `/home/cms003/home_crce1_048971754/CREAM048971754/glide_X14254/execute/dir_24640/module/': No such file or directory
>>> Include /home/cms003/home_crce1_048971754/CREAM048971754/glide_X14254/execute/dir_24640 in PYTHONPATH:
PYTHONPATH=/home/cms003/home_crce1_048971754/CREAM048971754/glide_X14254/execute/dir_24640/:/home/cms003/home_crce1_048971754/CREAM048971754/glide_X14254/execute/dir_24640/CMSSW_5_3_5/python:/home/cms003/home_crce1_048971754/CREAM048971754/glide_X14254/execute/dir_24640/CMSSW_5_3_5/lib/slc5_amd64_gcc462:/cvmfs/cms.cern.ch/slc5_amd64_gcc462/cms/cmssw/CMSSW_5_3_5/python:/cvmfs/cms.cern.ch/slc5_amd64_gcc462/cms/cmssw/CMSSW_5_3_5/lib/slc5_amd64_gcc462:/cvmfs/cms.cern.ch/slc5_amd64_gcc462/cms/coral/CORAL_2_3_21-cms27/slc5_amd64_gcc462/python:/cvmfs/cms.cern.ch/slc5_amd64_gcc462/cms/coral/CORAL_2_3_21-cms27/slc5_amd64_gcc462/lib:/cvmfs/cms.cern.ch/slc5_amd64_gcc462/external/pyqt/4.8.1/lib/python2.6/site-packages:/cvmfs/cms.cern.ch/slc5_amd64_gcc462/external/py2-scipy/0.8.0/lib/python2.6/site-packages:/cvmfs/cms.cern.ch/slc5_amd64_gcc462/external/py2-matplotlib/1.0.1/lib/python2.6/site-packages:/cvmfs/cms.cern.ch/slc5_amd64_gcc462/external/python-ldap/2.3.5/lib/python2.6/site-packages:/cvmfs/cms.cern.ch/slc5_amd64_gcc462/external/sip/4.11.2/lib/python2.6/site-packages:/cvmfs/cms.cern.ch/slc5_amd64_gcc462/external/py2-pycurl/7.19.0/lib/python2.6/site-packages:/cvmfs/cms.cern.ch/slc5_amd64_gcc462/external/py2-numpy/1.6.1/lib/python2.6/site-packages:/cvmfs/cms.cern.ch/slc5_amd64_gcc462/external/py2-ipython/0.10/lib/python2.6/site-packages:/cvmfs/cms.cern.ch/slc5_amd64_gcc462/external/py2-cx-oracle/5.1-cms11/lib/python2.6/site-packages:/cvmfs/cms.cern.ch/slc5_amd64_gcc462/external/py2-cjson/1.0.5/lib/python2.6/site-packages:/cvmfs/cms.cern.ch/slc5_amd64_gcc462/cms/das-client/1.4.1-cms8/bin:/cvmfs/cms.cern.ch/slc5_amd64_gcc462/external/elementtree/1.2.6/share/lib/python2.6/site-packages:/cvmfs/cms.cern.ch/slc5_amd64_gcc462/external/rivet/1.5.1-cms10/lib/python2.6/site-packages:/cvmfs/cms.cern.ch/slc5_amd64_gcc462/external/pyminuit2/0.0.1-cms34/lib/python2.6/site-packages:/cvmfs/cms.cern.ch/slc5_amd64_gcc462/external/professor/1.0.0-cms35/lib/python2.6/site-packages:/cvmfs/cms.cern.ch/slc5_amd64_gcc462/lcg/root/5.32.00-cms18/lib:/cvmfs/cms.cern.ch/slc5_amd64_gcc462/cms/dbs-client/DBS_2_1_1_patch1_1/lib:/cvmfs/cms.cern.ch/slc5_amd64_gcc462/cms/dbs-client/DBS_2_1_1_patch1_1/lib/DBSAPI:/home/cms003/home_crce1_048971754/CREAM048971754/glide_X14254/execute/dir_24640/
241a2a19cb7c5c8751ba22759ab3bdb0
PSETHASH = 241a2a19cb7c5c8751ba22759ab3bdb0
/home/cms003/home_crce1_048971754/CREAM048971754/glide_X14254/execute/dir_24640/writeCfg.py pset.py pset.py
Importing .py file
Setting parameters
inputBlocks=/QCD_Pt_30_80_EMEnriched_TuneZ2star_8TeV_pythia6/mario-Summer12-stop-pfele-step1-3d176ac8da5e9dff208d057f4733ca91/USER#8a92f640-f537-45f1-b46c-e85f5627347f
inputFiles=/store/user/mario/QCD_Pt_30_80_EMEnriched_TuneZ2star_8TeV_pythia6/Summer12-stop-pfele-step1/3d176ac8da5e9dff208d057f4733ca91/tuple_119_4_ERm.root;/store/user/mario/QCD_Pt_30_80_EMEnriched_TuneZ2star_8TeV_pythia6/Summer12-stop-pfele-step1/3d176ac8da5e9dff208d057f4733ca91/tuple_120_1_E9T.root;/store/user/mario/QCD_Pt_30_80_EMEnriched_TuneZ2star_8TeV_pythia6/Summer12-stop-pfele-step1/3d176ac8da5e9dff208d057f4733ca91/tuple_121_1_KHw.root;/store/user/mario/QCD_Pt_30_80_EMEnriched_TuneZ2star_8TeV_pythia6/Summer12-stop-pfele-step1/3d176ac8da5e9dff208d057f4733ca91/tuple_122_2_SCg.root;/store/user/mario/QCD_Pt_30_80_EMEnriched_TuneZ2star_8TeV_pythia6/Summer12-stop-pfele-step1/3d176ac8da5e9dff208d057f4733ca91/tuple_123_5_iZX.root
parentFiles=
lumisRange=
>>> Executable cmsRun
/cvmfs/cms.cern.ch/slc5_amd64_gcc462/cms/cmssw/CMSSW_5_3_5/bin/slc5_amd64_gcc462/cmsRun
ok executable found
>>> info for dashboard:
***** Cat /home/cms003/home_crce1_048971754/CREAM048971754/glide_X14254/execute/dir_24640/jobreport.txt *****
MonitorJobID=83_https://submit-2.t2.ucsd.edu//121127//17532.82
MonitorID=liis_crab_0_121127_013303_4cvb81
ExeStart=cmsRun
***** End Cat jobreport *****
Parameters sent to Dashboard.
>>> cmsRun started at Tue Nov 27 00:42:30 UTC 2012
>>> cmsRun ended at Tue Nov 27 00:47:54 UTC 2012
>>> info for dashboard:
***** Cat /home/cms003/home_crce1_048971754/CREAM048971754/glide_X14254/execute/dir_24640/jobreport.txt *****
MonitorJobID=83_https://submit-2.t2.ucsd.edu//121127//17532.82
MonitorID=liis_crab_0_121127_013303_4cvb81
ExeEnd=cmsRun
***** End Cat jobreport *****
Parameters sent to Dashboard.
TIME_EXE = 324 sec
>>> cmsRun wrote 73 lines of stdout+stderr
>>> START OF printout of 73 lines from stdout+stderr
27-Nov-2012 02:43:10 EET  Initiating request to open file file:/hdfs/cms/store/user/mario/QCD_Pt_30_80_EMEnriched_TuneZ2star_8TeV_pythia6/Summer12-stop-pfele-step1/3d176ac8da5e9dff208d057f4733ca91/tuple_119_4_ERm.root
27-Nov-2012 02:43:20 EET  Successfully opened file file:/hdfs/cms/store/user/mario/QCD_Pt_30_80_EMEnriched_TuneZ2star_8TeV_pythia6/Summer12-stop-pfele-step1/3d176ac8da5e9dff208d057f4733ca91/tuple_119_4_ERm.root
Begin processing the 1st record. Run 1, Event 315569223, LumiSection 40830 at 27-Nov-2012 02:43:33.879 EET
Begin processing the 1001st record. Run 1, Event 350153976, LumiSection 45304 at 27-Nov-2012 02:43:44.539 EET
Begin processing the 2001st record. Run 1, Event 359631233, LumiSection 46531 at 27-Nov-2012 02:43:47.567 EET
Begin processing the 3001st record. Run 1, Event 388410320, LumiSection 50254 at 27-Nov-2012 02:43:50.544 EET
Begin processing the 4001st record. Run 1, Event 425591097, LumiSection 55065 at 27-Nov-2012 02:43:58.131 EET
Begin processing the 5001st record. Run 1, Event 474997247, LumiSection 61457 at 27-Nov-2012 02:44:00.999 EET
Begin processing the 6001st record. Run 1, Event 30466730, LumiSection 3942 at 27-Nov-2012 02:44:03.804 EET
Begin processing the 7001st record. Run 1, Event 292171063, LumiSection 37802 at 27-Nov-2012 02:44:10.236 EET
Begin processing the 8001st record. Run 1, Event 352335048, LumiSection 45587 at 27-Nov-2012 02:44:13.164 EET
Begin processing the 9001st record. Run 1, Event 42303229, LumiSection 5474 at 27-Nov-2012 02:44:16.105 EET
27-Nov-2012 02:44:16 EET  Closed file file:/hdfs/cms/store/user/mario/QCD_Pt_30_80_EMEnriched_TuneZ2star_8TeV_pythia6/Summer12-stop-pfele-step1/3d176ac8da5e9dff208d057f4733ca91/tuple_119_4_ERm.root
27-Nov-2012 02:44:16 EET  Initiating request to open file file:/hdfs/cms/store/user/mario/QCD_Pt_30_80_EMEnriched_TuneZ2star_8TeV_pythia6/Summer12-stop-pfele-step1/3d176ac8da5e9dff208d057f4733ca91/tuple_120_1_E9T.root
27-Nov-2012 02:44:17 EET  Successfully opened file file:/hdfs/cms/store/user/mario/QCD_Pt_30_80_EMEnriched_TuneZ2star_8TeV_pythia6/Summer12-stop-pfele-step1/3d176ac8da5e9dff208d057f4733ca91/tuple_120_1_E9T.root
Begin processing the 10001st record. Run 1, Event 273012099, LumiSection 35324 at 27-Nov-2012 02:44:35.362 EET
Begin processing the 11001st record. Run 1, Event 294759035, LumiSection 38137 at 27-Nov-2012 02:44:38.242 EET
Begin processing the 12001st record. Run 1, Event 416712091, LumiSection 53916 at 27-Nov-2012 02:44:41.086 EET
Begin processing the 13001st record. Run 1, Event 386025801, LumiSection 49946 at 27-Nov-2012 02:44:49.872 EET
Begin processing the 14001st record. Run 1, Event 416571705, LumiSection 53898 at 27-Nov-2012 02:44:52.669 EET
Begin processing the 15001st record. Run 1, Event 505746918, LumiSection 65435 at 27-Nov-2012 02:44:55.473 EET
Begin processing the 16001st record. Run 1, Event 29521136, LumiSection 3820 at 27-Nov-2012 02:45:03.317 EET
Begin processing the 17001st record. Run 1, Event 321073299, LumiSection 41542 at 27-Nov-2012 02:45:06.656 EET
Begin processing the 18001st record. Run 1, Event 386523319, LumiSection 50010 at 27-Nov-2012 02:45:09.868 EET
27-Nov-2012 02:45:12 EET  Closed file file:/hdfs/cms/store/user/mario/QCD_Pt_30_80_EMEnriched_TuneZ2star_8TeV_pythia6/Summer12-stop-pfele-step1/3d176ac8da5e9dff208d057f4733ca91/tuple_120_1_E9T.root
27-Nov-2012 02:45:12 EET  Initiating request to open file file:/hdfs/cms/store/user/mario/QCD_Pt_30_80_EMEnriched_TuneZ2star_8TeV_pythia6/Summer12-stop-pfele-step1/3d176ac8da5e9dff208d057f4733ca91/tuple_121_1_KHw.root
27-Nov-2012 02:45:12 EET  Successfully opened file file:/hdfs/cms/store/user/mario/QCD_Pt_30_80_EMEnriched_TuneZ2star_8TeV_pythia6/Summer12-stop-pfele-step1/3d176ac8da5e9dff208d057f4733ca91/tuple_121_1_KHw.root
Begin processing the 19001st record. Run 1, Event 78750649, LumiSection 10189 at 27-Nov-2012 02:45:44.747 EET
Begin processing the 20001st record. Run 1, Event 179027098, LumiSection 23164 at 27-Nov-2012 02:45:47.634 EET
Begin processing the 21001st record. Run 1, Event 200418530, LumiSection 25931 at 27-Nov-2012 02:45:50.473 EET
Begin processing the 22001st record. Run 1, Event 183144171, LumiSection 23696 at 27-Nov-2012 02:45:53.498 EET
Begin processing the 23001st record. Run 1, Event 411953732, LumiSection 53300 at 27-Nov-2012 02:46:03.458 EET
Begin processing the 24001st record. Run 1, Event 311565540, LumiSection 40312 at 27-Nov-2012 02:46:06.432 EET
Begin processing the 25001st record. Run 1, Event 528969645, LumiSection 68440 at 27-Nov-2012 02:46:09.293 EET
Begin processing the 26001st record. Run 1, Event 176357131, LumiSection 22818 at 27-Nov-2012 02:46:25.296 EET
Begin processing the 27001st record. Run 1, Event 235391713, LumiSection 30456 at 27-Nov-2012 02:46:28.327 EET
Begin processing the 28001st record. Run 1, Event 13916207, LumiSection 1801 at 27-Nov-2012 02:46:31.290 EET
27-Nov-2012 02:46:33 EET  Closed file file:/hdfs/cms/store/user/mario/QCD_Pt_30_80_EMEnriched_TuneZ2star_8TeV_pythia6/Summer12-stop-pfele-step1/3d176ac8da5e9dff208d057f4733ca91/tuple_121_1_KHw.root
27-Nov-2012 02:46:33 EET  Initiating request to open file file:/hdfs/cms/store/user/mario/QCD_Pt_30_80_EMEnriched_TuneZ2star_8TeV_pythia6/Summer12-stop-pfele-step1/3d176ac8da5e9dff208d057f4733ca91/tuple_122_2_SCg.root
27-Nov-2012 02:46:33 EET  Successfully opened file file:/hdfs/cms/store/user/mario/QCD_Pt_30_80_EMEnriched_TuneZ2star_8TeV_pythia6/Summer12-stop-pfele-step1/3d176ac8da5e9dff208d057f4733ca91/tuple_122_2_SCg.root
Begin processing the 29001st record. Run 1, Event 81268919, LumiSection 10515 at 27-Nov-2012 02:46:46.142 EET
Begin processing the 30001st record. Run 1, Event 238250990, LumiSection 30826 at 27-Nov-2012 02:46:49.368 EET
Begin processing the 31001st record. Run 1, Event 530808083, LumiSection 68678 at 27-Nov-2012 02:46:52.533 EET
Begin processing the 32001st record. Run 1, Event 375772876, LumiSection 48619 at 27-Nov-2012 02:46:55.449 EET
Begin processing the 33001st record. Run 1, Event 409439665, LumiSection 52975 at 27-Nov-2012 02:47:00.829 EET
Begin processing the 34001st record. Run 1, Event 243804083, LumiSection 31545 at 27-Nov-2012 02:47:03.685 EET
Begin processing the 35001st record. Run 1, Event 247967122, LumiSection 32083 at 27-Nov-2012 02:47:06.496 EET
Begin processing the 36001st record. Run 1, Event 325296035, LumiSection 42088 at 27-Nov-2012 02:47:11.476 EET
Begin processing the 37001st record. Run 1, Event 365560355, LumiSection 47298 at 27-Nov-2012 02:47:14.331 EET
Begin processing the 38001st record. Run 1, Event 399870861, LumiSection 51737 at 27-Nov-2012 02:47:17.232 EET
27-Nov-2012 02:47:18 EET  Closed file file:/hdfs/cms/store/user/mario/QCD_Pt_30_80_EMEnriched_TuneZ2star_8TeV_pythia6/Summer12-stop-pfele-step1/3d176ac8da5e9dff208d057f4733ca91/tuple_122_2_SCg.root
27-Nov-2012 02:47:18 EET  Initiating request to open file file:/hdfs/cms/store/user/mario/QCD_Pt_30_80_EMEnriched_TuneZ2star_8TeV_pythia6/Summer12-stop-pfele-step1/3d176ac8da5e9dff208d057f4733ca91/tuple_123_5_iZX.root
27-Nov-2012 02:47:19 EET  Successfully opened file file:/hdfs/cms/store/user/mario/QCD_Pt_30_80_EMEnriched_TuneZ2star_8TeV_pythia6/Summer12-stop-pfele-step1/3d176ac8da5e9dff208d057f4733ca91/tuple_123_5_iZX.root
Begin processing the 39001st record. Run 1, Event 453417024, LumiSection 58665 at 27-Nov-2012 02:47:50.537 EET
27-Nov-2012 02:47:52 EET  Closed file file:/hdfs/cms/store/user/mario/QCD_Pt_30_80_EMEnriched_TuneZ2star_8TeV_pythia6/Summer12-stop-pfele-step1/3d176ac8da5e9dff208d057f4733ca91/tuple_123_5_iZX.root

=============================================

MessageLogger Summary

 type     category        sev    module        subroutine        count    total
 ---- -------------------- -- ---------------- ----------------  -----    -----
    1 fileAction           -s file_close                             5        5
    2 fileAction           -s file_open                             10       10

 type    category    Examples: run/evt        run/evt          run/evt
 ---- -------------------- ---------------- ---------------- ----------------
    1 fileAction           PostProcessEvent PostProcessEvent PostEndRun
    2 fileAction           pre-events       pre-events       PostProcessEvent

Severity    # Occurrences   Total Occurrences
--------    -------------   -----------------
System                 15                  15
>>> END OF printout of 73 lines from stdout+stderr
>>> Parse FrameworkJobReport crab_fjr.xml
Result of parsing the FrameworkJobReport crab_fjr.xml: Popularity start
lumisRange : 1::54519,54631,55557,56111,56161,57696,58161,58649,58665,59135,59307,59489,59569,59670,60264,60371,60681,62204,63394-63395,70801::1;1::662,708,892,911,1951,1954,2012,2259,2410,2549,3020,3117,3178,3292,3335,3803,3827,3942,3997,4053,4201,4298,4646,4686,4706,4914,4949,5084,5143-5144,5328,5428,5474,5530,5538,5543,5559,5684,5797,5832,5884,5891,6042,35770,36247,37802,38171,38900,39471,39709,40073,40663,40830,41356,41426,41498,41582,41620,41707,41729,41783,42121,42180,42259,42689,42786,42960,43051,43396,43400,43451,43477,43504,43558,43843,43862,44003,44132,44491,45057,45304,45453,45575,45587,45671,45893,45900,46038,46083,46156,46355,46473,46492,46518,46531,46733,46899,47027,47044,47155,47184,47269,47286,47347,47617,47913,48317,48386,48915,48932,49432,50053,50254,50704,51011,51725,52037,52095,52426,52474,52589,52905,53250,53462,53467,53694,54397,54504,54649,54834,55065,55869,56060,56221,56233,56416,56946,58000,58027,58150,58235,58485,59052,59394,59631,59959,60179,60815,61457,61576,61665,62131,62157,62908,63448,63744,63866,64767,66112,67017::2;1::327,348,355,576,1000,2154,2225,2382,2881,2939,3074,3820,3849,4865,4880,4949,5185,5389,5395,5433,5853,6643,7652,7820,7859,7942,8209,8345,8426,8624,9169,9442,9468,9557,9681,9683,9770,9858,10068-10069,10175,11116,15564,15660,16088,21167,34832,35160,35324,35475,35658,35910,36104,36559,36935,36957,37039,37348,37367,37425,37809,38137,38188,38464,38555,38723,40565,40714,41073,41542,41936,42353,42643,43236,43292,43874,44131,44465,44481,44877,44961,45085,45336,45798,46997,47097,47490,48443,48456,48645,49245,49333,49508,49555,49937,49946,49977,50010,50538,50828,50863,50907,50917,50925,51144,51238,51416,51646,51738,51848,52175,52182,52664,52668,52897,53157,53425,53485,53652,53777,53898,53916,53938,54045,54249,54264,54290,54356,54378,54550,54607,55230,55532,55819,55958,55960,56098,56127,56410,56822,56829,57163,57198,57678,57961,58003,58264,58520,58811,58835,59203,59974,60086,60352,60613,60887,61207,61463,63007,65314,65435,68456,69573,69628,71665,72054,72068::3;1::28,398,661,997,1366,1414,1497,1584,1673,1675,1801,1942,2020,2142,2394,2613,3290,3391,5861,5977,6589,6876,6911,10175,10189,10258,10261,10561,10658,11297,11342,11490,11609,11625,12804,12809,12952,13994,14142,14326,14700,14978,15271,16448,16843,17849,17885,17963,19130,19796,20954,21581,21688,21921,22818,23164,23414,23545,23548,23696,23796,23823,24088,24293,24322,24499,24519,24685,24770,24870,24889,24899,25034,25174,25290,25931,26064,26077,26093,26225,26440,26541,26759,26766,26928,27137,27192,27742,27854,28152,28714,28769,29063,29281,29390,29762,30180,30287,30446,30456,31078,31412,31986,32033,32680,33483,33896,34569,34816,35377,35700,36335-36336,36877,36999,37230,37306,37549,37815,37976,38083,38181,38524,38530,38552,38938,39225,39292,39478,39720,40281,40312,40768,40815,40831,41999,42708,44021,51804,53300,53714,54445,55138,66375,67596,67717,67797,68251,68278,68427,68440,68529,68636,69172,69374,69387,69964,70308,70631,70694,70760,70857,71141,71279,71377,72358,72366,72715,72760::4;1::6911,7158,7280,8884,10515,11170,12823,14077,14106,20394,23604,24414,24986,25292,25483,25899,26009,26162,26730,26824,26933,27031,27092,28089,28150,28827,29080,29140,29195,29427,29616,29664,29769,30102,30211,30452,30749,30794,30826,30915,31545-31546,31733,31999,32019,32078,32083,32717,32988,32991,33092,33620,34913,35302,35371,35427,36572,36747,36895,37301,37730,38169,38713,39198,39863,39980,41210,41310,41569,41824,42004,42088,43322,43364,43433,43789,43821,43889,44097,45015,45060,45600,45842,45959,46002,46022,46176,47298,47332,47728,47912,48196,48507,48618-48619,48875,48888,49012,49105,49262,49320,49341,49713,49746,49983,50161,50594,50757,51002,51050,51521,51617,51671,51737,51961,52026,52236,52716,52758,52939,52975,53221,53483,53771,53843,53941,54369,54386,54519,54611,54759,54783,55151,55323,56029,59296,59492,59873,60481,61541,63791,64623,64974,65041,65543,65636,65766,66147,67521,67597,67758,67970,68040,68049,68162,68225,68678,68963,69823,69862,69864,70176,70312,70523,70680,71115,71518,71614::5;
lumisParentRange : 
Basename : /store/user/mario/QCD_Pt_30_80_EMEnriched_TuneZ2star_8TeV_pythia6/Summer12-stop-pfele-step1/3d176ac8da5e9dff208d057f4733ca91/tuple_1
BasenameParent : 
parentFiles : 
inputBlocks : /QCD_Pt_30_80_EMEnriched_TuneZ2star_8TeV_pythia6/mario-Summer12-stop-pfele-step1-3d176ac8da5e9dff208d057f4733ca91/USER#8a92f640-f537-45f1-b46c-e85f5627347f
inputFiles : 23_5_iZX.root::1::EDM::Local::1;19_4_ERm.root::1::EDM::Local::2;20_1_E9T.root::1::EDM::Local::3;21_1_KHw.root::1::EDM::Local::4;22_2_SCg.root::1::EDM::Local::5;
Popularity stop
Extracted ExitStatus from FrameworkJobReport parsing output: 0
>>> Executable succeded  0
ExeExitCode=0
EXECUTABLE_EXIT_STATUS = 0
>>> current directory /home/cms003/home_crce1_048971754/CREAM048971754/glide_X14254/execute/dir_24640/CMSSW_5_3_5
>>>  (SOFTWARE_DIR): /home/cms003/home_crce1_048971754/CREAM048971754/glide_X14254/execute/dir_24640/CMSSW_5_3_5
>>> (WORKING_DIR): 
>>> current directory content:
total 152
drwxr-xr-x 3 cms003 cms  4096 Nov 27 02:42 .SCRAM
-rw-r--r-- 1 cms003 cms 30066 Nov 27 02:42 CMSSW.py.pkl
drwxr-xr-x 3 cms003 cms  4096 Nov 27 02:42 bin
drwxr-xr-x 3 cms003 cms  4096 Nov 27 02:42 cfipython
drwxr-xr-x 5 cms003 cms  4096 Nov 27 02:42 config
-rw-r--r-- 1 cms003 cms    17 Nov 27 02:47 cpu_timing.txt
drwxr-xr-x 2 cms003 cms  4096 Nov 27 02:42 doc
-rw-r--r-- 1 cms003 cms  8382 Nov 27 02:47 executable.out
drwxr-xr-x 2 cms003 cms  4096 Nov 27 02:42 include
drwxrwxrwx 3 cms003 cms  4096 Oct 22 16:38 lib
drwxr-xr-x 3 cms003 cms  4096 Nov 27 02:42 logs
drwxr-xr-x 3 cms003 cms  4096 Nov 27 02:42 objs
-rw-r--r-- 1 cms003 cms 16394 Nov 27 02:47 optHistograms.root
-rw-r--r-- 1 cms003 cms   104 Nov 27 02:42 pset.py
-rw-r--r-- 1 cms003 cms 19496 Nov 27 02:42 pset.py.pkl
-rw-r--r-- 1 cms003 cms   289 Nov 27 02:42 pset.pyc
drwxr-xr-x 2 cms003 cms  4096 Nov 27 02:42 python
-rw-r--r-- 1 cms003 cms   420 Nov 27 02:47 report.log
drwxrwxrwx 4 cms003 cms  4096 Nov 27 02:42 src
drwxr-xr-x 3 cms003 cms  4096 Nov 27 02:42 test
drwxr-xr-x 3 cms003 cms  4096 Nov 27 02:42 tmp
>>> current directory /home/cms003/home_crce1_048971754/CREAM048971754/glide_X14254/execute/dir_24640/CMSSW_5_3_5
>>> (SOFTWARE_DIR): /home/cms003/home_crce1_048971754/CREAM048971754/glide_X14254/execute/dir_24640/CMSSW_5_3_5
>>> (WORKING_DIR): 
>>> current directory content:
total 132
drwxr-xr-x 3 cms003 cms  4096 Nov 27 02:42 .SCRAM
-rw-r--r-- 1 cms003 cms 30066 Nov 27 02:42 CMSSW.py.pkl
drwxr-xr-x 3 cms003 cms  4096 Nov 27 02:42 bin
drwxr-xr-x 3 cms003 cms  4096 Nov 27 02:42 cfipython
drwxr-xr-x 5 cms003 cms  4096 Nov 27 02:42 config
-rw-r--r-- 1 cms003 cms    17 Nov 27 02:47 cpu_timing.txt
drwxr-xr-x 2 cms003 cms  4096 Nov 27 02:42 doc
-rw-r--r-- 1 cms003 cms  8382 Nov 27 02:47 executable.out
drwxr-xr-x 2 cms003 cms  4096 Nov 27 02:42 include
drwxrwxrwx 3 cms003 cms  4096 Oct 22 16:38 lib
drwxr-xr-x 3 cms003 cms  4096 Nov 27 02:42 logs
drwxr-xr-x 3 cms003 cms  4096 Nov 27 02:42 objs
-rw-r--r-- 1 cms003 cms   104 Nov 27 02:42 pset.py
-rw-r--r-- 1 cms003 cms 19496 Nov 27 02:42 pset.py.pkl
-rw-r--r-- 1 cms003 cms   289 Nov 27 02:42 pset.pyc
drwxr-xr-x 2 cms003 cms  4096 Nov 27 02:42 python
-rw-r--r-- 1 cms003 cms   420 Nov 27 02:47 report.log
drwxrwxrwx 4 cms003 cms  4096 Nov 27 02:42 src
drwxr-xr-x 3 cms003 cms  4096 Nov 27 02:42 test
drwxr-xr-x 3 cms003 cms  4096 Nov 27 02:42 tmp
>>> current directory (RUNTIME_AREA):  /home/cms003/home_crce1_048971754/CREAM048971754/glide_X14254/execute/dir_24640
>>> current dir: /home/cms003/home_crce1_048971754/CREAM048971754/glide_X14254/execute/dir_24640
>>> current dir content:
total 25784
-rw-rw-rw-  1 cms003 cms     5604 Nov 27 02:41 .job.ad
-rw-rw-rw-  1 cms003 cms    11526 Nov 27 02:41 .machine.ad
-rw-rw-rw-  1 cms003 cms      105 Nov 27 01:33 CMSSW.py
-rw-rw-rw-  1 cms003 cms    30066 Nov 27 01:33 CMSSW.py.pkl
-rwxrw-rw-  1 cms003 cms    23337 Nov 27 02:41 CMSSW.sh
drwxr-xr-x 15 cms003 cms     4096 Nov 27 02:48 CMSSW_5_3_5
-rw-rw-rw-  1 cms003 cms        0 Nov 27 02:41 CMSSW_83.stderr
-rw-rw-rw-  1 cms003 cms    24433 Nov 27 02:48 CMSSW_83.stdout
-rw-r--r--  1 cms003 cms      347 Nov 27 02:42 CacheEnv.sh
-rw-rw-rw-  1 cms003 cms     7291 Jun  9  2010 DashboardAPI.py
-rw-r--r--  1 cms003 cms     6883 Nov 27 02:42 DashboardAPI.pyc
drwxrwxrwx  3 cms003 cms     4096 Nov 27 02:48 IMProv
-rw-rw-rw-  1 cms003 cms     2748 Mar  8  2006 Logger.py
-rw-r--r--  1 cms003 cms     3353 Nov 27 02:42 Logger.pyc
-rw-rw-rw-  1 cms003 cms    24524 Mar 28  2008 ProcInfo.py
-rw-r--r--  1 cms003 cms    23470 Nov 27 02:42 ProcInfo.pyc
drwxrwxrwx  7 cms003 cms     4096 Nov 27 02:42 ProdCommon
drwxrwxrwx  3 cms003 cms     4096 Nov 27 02:42 WMCore
-rw-r--r--  1 cms003 cms     2354 Nov 27 02:46 Watchdog_83.log
-rw-rw-rw-  1 cms003 cms    32895 Mar 28  2008 apmon.py
-rw-r--r--  1 cms003 cms    28874 Nov 27 02:42 apmon.pyc
-rw-rw-rw-  1 cms003 cms   100223 Nov 27 02:41 arguments.xml
-rwxrwxrwx  1 cms003 cms    37427 Sep 13 14:14 cmscp.py
-rwxrwxrwx  1 cms003 cms    23337 Nov 27 02:41 condor_exec.exe
-rw-rw-rw-  1 cms003 cms      544 Nov 27 01:33 crab.cfg
-rwxrwxrwx  1 cms003 cms     9531 Sep 20 21:46 crabWatchdog.sh
-rw-r--r--  1 cms003 cms    48728 Nov 27 02:47 crab_fjr_83.xml
-rw-rw-rw-  1 cms003 cms 25796307 Nov 27 02:41 default.tgz
-rwxrwxrwx  1 cms003 cms     4488 May 12  2012 fillCrabFjr.py
-rw-r--r--  1 cms003 cms      934 Nov 27 02:42 inputsReport.txt
-rw-r--r--  1 cms003 cms      132 Nov 27 02:48 jobreport.txt
lrwxrwxrwx  1 cms003 cms      107 Nov 27 02:48 optHistograms.root -> /home/cms003/home_crce1_048971754/CREAM048971754/glide_X14254/execute/dir_24640/optHistograms_83_1_fOR.root
-rw-r--r--  1 cms003 cms    16394 Nov 27 02:47 optHistograms_83_1_fOR.root
-rw-rw-rw-  1 cms003 cms    17352 Jan 20  2012 parseCrabFjr.py
-rw-r--r--  1 cms003 cms      285 Nov 27 02:42 report.log
-rwxrwxrwx  1 cms003 cms     1497 May 27  2009 report.py
-rwxrwxrwx  1 cms003 cms     8387 Mar 23  2011 writeCfg.py
-rw-------  1 cms003 cms     8687 Nov 27 02:41 x509up_u1000009
Checking output files:  
will tar file optHistograms_83_1_fOR.root in  out_files_83
will tar file crab_fjr_83.xml in  out_files_83
will tar file CMSSW_83.stdout in  out_files_83
will tar file CMSSW_83.stderr in  out_files_83
WARNING: output file Watchdog_83.log.gz not found!
>>> padding time: Sleeping the wrapper for 214 seconds
STOPPING WATCHDOG. CrabWatchdog PID is 29514
********** LAST 50 LINES OF WATCHDOG LOG
# RESOURCE USAGE SUMMARY FOR PROCESS ID 26089
USER       PID %CPU %MEM    VSZ   RSS TTY      STAT START   TIME COMMAND
cms003   26089  0.2  0.0   8956  1484 ?        S    02:41   0:00 /bin/sh /home/cms003/home_crce1_048971754/CREAM048971754/glide_X14254/execute/dir_24640/condor_exec.exe 83 1
 
# LIMITS USED BY THIS WATCHDOG:
# RSS  (KBytes)  : 2300000
# VSZ  (KBytes)  : 100000000
# DISK (MBytes)  : 19000
# CPU  (seconds) : 171600
# WALL (seconds) : 171600
 
# FOLLOWING PRINTOUT TRACKS MAXIMUM VALUES OF RESOURCES USE
# ONE LINE IS PRINTED EACH TIME A MAXIMUM CHANGES
# IF CHANGE WAS IN RSS OR VSZ ALSO PROCID AND COMMAND ARE PRINTED
# THERE IS NO PRINTOUT FOR CPU/WALL TIME INCREASE
 
# TIME			PID	RSS(KB)	VSZ(KB)	Dsk(MB)	tCPU(s)	tWALL(s)	COMMAND
 Nov 27 02:42:12 EET	1002	3084	5128	0	1	676	condor_procd -A /home/cms003/home_crce1_048971754/CREAM048971754/glide_X14254/log/procd_address.STARTD -L /home/cms003/home_crce1_048971754/CREAM048971754/glide_X14254/log/ProcLog.STARTD -R 10000000 -S 60 -C
 Nov 27 02:42:12 EET	13313	3084	8896	0	0	1308	-bash         
 Nov 27 02:42:12 EET	13415	3084	8952	0	0	1308	/bin/sh -l ./CREAM048971754_jobWrapper.sh       
 Nov 27 02:42:12 EET	14129	3084	25504	0	0	1308	perl -e ?use Socket;??sub send_notify {? $cream_url = "193.40.150.141:49152";die "No
 Nov 27 02:42:12 EET	20017	5728	25504	0	0	1294	/home/cms003/home_crce1_048971754/CREAM048971754/glide_X14254/main/condor/sbin/condor_master -f -pidfile /home/cms003/home_crce1_048971754/CREAM048971754/glide_X14254/condor_master2.pid      
 Nov 27 02:42:12 EET	20532	5736	25504	0	0	1290	condor_startd -f        
 Nov 27 02:42:12 EET	---	5736	25504	168	----	----	----
 Nov 27 02:43:20 EET	31103	265732	429120	168	19	57	cmsRun -j /home/cms003/home_crce1_048971754/CREAM048971754/glide_X14254/execute/dir_24640/crab_fjr_83.xml -p pset.py     
 Nov 27 02:44:28 EET	31103	354384	550500	168	52	124	cmsRun -j /home/cms003/home_crce1_048971754/CREAM048971754/glide_X14254/execute/dir_24640/crab_fjr_83.xml -p pset.py     
 Nov 27 02:45:35 EET	31103	354384	551524	168	79	193	cmsRun -j /home/cms003/home_crce1_048971754/CREAM048971754/glide_X14254/execute/dir_24640/crab_fjr_83.xml -p pset.py     
 Nov 27 02:46:44 EET	31103	356392	551524	168	117	262	cmsRun -j /home/cms003/home_crce1_048971754/CREAM048971754/glide_X14254/execute/dir_24640/crab_fjr_83.xml -p pset.py     
 Nov 27 02:49:02 EET	---	356392	551524	169	----	----	----
********** WATCHDOG LOG ENDED
ZIPPING WATCHDOG LOG
Disk space used:
du -sh /home/cms003/home_crce1_048971754/CREAM048971754/glide_X14254/execute/dir_24640
169M	/home/cms003/home_crce1_048971754/CREAM048971754/glide_X14254/execute/dir_24640
>>> info for dashboard:
***** Cat /home/cms003/home_crce1_048971754/CREAM048971754/glide_X14254/execute/dir_24640/jobreport.txt *****
MonitorJobID=83_https://submit-2.t2.ucsd.edu//121127//17532.82
MonitorID=liis_crab_0_121127_013303_4cvb81
ExeTime=324
ExeExitCode=0
CrabUserCpuTime=132.09
CrabSysCpuTime=12.32
CrabCpuPercentage=44%
CrabWrapperTime=600
CrabStageoutTime=NULL
***** End Cat jobreport *****
Parameters sent to Dashboard.
optHistograms_83_1_fOR.root
crab_fjr_83.xml
CMSSW_83.stdout
CMSSW_83.stderr
Watchdog_83.log.gz
tar: .BrokerInfo: Cannot stat: No such file or directory
tar: Error exit delayed from previous errors
Total Output dimension: 25938
WARNING: output files size limit is set to: 50000000
Total Output dimension 25938 is fine.
JOB_EXIT_STATUS = 0
>>> info for dashboard:
***** Cat /home/cms003/home_crce1_048971754/CREAM048971754/glide_X14254/execute/dir_24640/jobreport.txt *****
MonitorJobID=83_https://submit-2.t2.ucsd.edu//121127//17532.82
MonitorID=liis_crab_0_121127_013303_4cvb81
JobExitCode=0
***** End Cat jobreport *****
Parameters sent to Dashboard.
optHistograms_83_1_fOR.root
crab_fjr_83.xml
