This script was generated by crab (version 2.8.3).
Running /home/cms030/home_creur_353755192/CREAM353755192/glide_Lq1303/execute/dir_3022/condor_exec.exe with 2 positional parameters: 76 1
Today is Tue Nov 27 02:41:51 EET 2012
Job submitted on host wn-v-5384.local
Linux wn-v-5384.local 2.6.32-042stab059.7 #1 SMP Tue Jul 24 19:12:01 MSK 2012 x86_64 x86_64 x86_64 GNU/Linux
>>> current directory (RUNTIME_AREA): /home/cms030/home_creur_353755192/CREAM353755192/glide_Lq1303/execute/dir_3022
>>> current user: uid=11030(cms030) gid=1400(cms) groups=1400(cms)
>>> voms proxy information:
subject   : /DC=ch/DC=cern/OU=Organic Units/OU=Users/CN=liis/CN=663550/CN=Liis Rebane/CN=proxy/CN=limited proxy
issuer    : /DC=ch/DC=cern/OU=Organic Units/OU=Users/CN=liis/CN=663550/CN=Liis Rebane/CN=proxy
identity  : /DC=ch/DC=cern/OU=Organic Units/OU=Users/CN=liis/CN=663550/CN=Liis Rebane/CN=proxy
type      : limited proxy
strength  : 512 bits
path      : /home/cms030/home_creur_353755192/CREAM353755192/glide_Lq1303/execute/dir_3022/x509up_u1000009
timeleft  : 23:59:54
key usage : Digital Signature, Key Encipherment, Data Encipherment
=== VO cms extension information ===
VO        : cms
subject   : /DC=ch/DC=cern/OU=Organic Units/OU=Users/CN=liis/CN=663550/CN=Liis Rebane
issuer    : /DC=ch/DC=cern/OU=computers/CN=lcg-voms.cern.ch
attribute : /cms/Role=NULL/Capability=NULL
timeleft  : 190:43:46
uri       : lcg-voms.cern.ch:15002
>>> tar xzf /home/cms030/home_creur_353755192/CREAM353755192/glide_Lq1303/execute/dir_3022/default.tgz :
Successful untar
>>> Include /home/cms030/home_creur_353755192/CREAM353755192/glide_Lq1303/execute/dir_3022 in PYTHONPATH:
strip arguments
env var CRAB_UNIQUE_JOB_ID set to: liis_crab_0_121127_013303_4cvb81_76_1_cUv
out_files_76
>>> list of expected files on output sandbox
output files: optHistograms_76_1_cUv.root crab_fjr_76.xml CMSSW_76.stdout CMSSW_76.stderr Watchdog_76.log.gz
>>> GridFlavour discovery: 
GridFlavour=LCG
>>> SyncSite discovery: 
SyncSite=T2_EE_Estonia
>>> SyncCE discovery: 
getting SyncCE from CE_ID
SyncCE=europa.hep.kbfi.ee:8443/cream-pbs-long
>>> info for dashboard:
***** Cat /home/cms030/home_creur_353755192/CREAM353755192/glide_Lq1303/execute/dir_3022/jobreport.txt *****
MonitorJobID=76_https://submit-2.t2.ucsd.edu//121127//17532.75
SyncGridJobId=https://submit-2.t2.ucsd.edu//121127//17532.75
MonitorID=liis_crab_0_121127_013303_4cvb81
GridFlavour=LCG
SyncSite=T2_EE_Estonia
SyncCE=europa.hep.kbfi.ee:8443/cream-pbs-long
***** End Cat jobreport *****
Parameters sent to Dashboard.
>>> setup environment
set SCRAM ARCH to slc5_amd64_gcc462
SCRAM_ARCH = slc5_amd64_gcc462
>>> setup CMS LCG environment:
set SCRAM ARCH and BUILD_ARCH to slc5_amd64_gcc462 ###
Sourcing environment... 
sourcing /cvmfs/cms.cern.ch/cmsset_default.sh
==> setup cms environment ok
>>> specific cmssw setup environment:
CMSSW_VERSION =  CMSSW_5_3_5
>>> current directory (SOFTWARE_DIR): /home/cms030/home_creur_353755192/CREAM353755192/glide_Lq1303/execute/dir_3022/CMSSW_5_3_5
PreserveSeeds: <>
IncrementSeeds:<>
{}
WNHostName=wn-v-5384.local
>>> info for dashboard:
***** Cat /home/cms030/home_creur_353755192/CREAM353755192/glide_Lq1303/execute/dir_3022/jobreport.txt *****
MonitorJobID=76_https://submit-2.t2.ucsd.edu//121127//17532.75
MonitorID=liis_crab_0_121127_013303_4cvb81
WNHostName=wn-v-5384.local
***** End Cat jobreport *****
Parameters sent to Dashboard.
crabWatchdog started as process 3272
>>> moving CMSSW software directories in /home/cms030/home_creur_353755192/CREAM353755192/glide_Lq1303/execute/dir_3022/CMSSW_5_3_5
mv: cannot stat `/home/cms030/home_creur_353755192/CREAM353755192/glide_Lq1303/execute/dir_3022/module/': No such file or directory
>>> Include /home/cms030/home_creur_353755192/CREAM353755192/glide_Lq1303/execute/dir_3022 in PYTHONPATH:
PYTHONPATH=/home/cms030/home_creur_353755192/CREAM353755192/glide_Lq1303/execute/dir_3022/:/home/cms030/home_creur_353755192/CREAM353755192/glide_Lq1303/execute/dir_3022/CMSSW_5_3_5/python:/home/cms030/home_creur_353755192/CREAM353755192/glide_Lq1303/execute/dir_3022/CMSSW_5_3_5/lib/slc5_amd64_gcc462:/cvmfs/cms.cern.ch/slc5_amd64_gcc462/cms/cmssw/CMSSW_5_3_5/python:/cvmfs/cms.cern.ch/slc5_amd64_gcc462/cms/cmssw/CMSSW_5_3_5/lib/slc5_amd64_gcc462:/cvmfs/cms.cern.ch/slc5_amd64_gcc462/cms/coral/CORAL_2_3_21-cms27/slc5_amd64_gcc462/python:/cvmfs/cms.cern.ch/slc5_amd64_gcc462/cms/coral/CORAL_2_3_21-cms27/slc5_amd64_gcc462/lib:/cvmfs/cms.cern.ch/slc5_amd64_gcc462/external/pyqt/4.8.1/lib/python2.6/site-packages:/cvmfs/cms.cern.ch/slc5_amd64_gcc462/external/py2-scipy/0.8.0/lib/python2.6/site-packages:/cvmfs/cms.cern.ch/slc5_amd64_gcc462/external/py2-matplotlib/1.0.1/lib/python2.6/site-packages:/cvmfs/cms.cern.ch/slc5_amd64_gcc462/external/python-ldap/2.3.5/lib/python2.6/site-packages:/cvmfs/cms.cern.ch/slc5_amd64_gcc462/external/sip/4.11.2/lib/python2.6/site-packages:/cvmfs/cms.cern.ch/slc5_amd64_gcc462/external/py2-pycurl/7.19.0/lib/python2.6/site-packages:/cvmfs/cms.cern.ch/slc5_amd64_gcc462/external/py2-numpy/1.6.1/lib/python2.6/site-packages:/cvmfs/cms.cern.ch/slc5_amd64_gcc462/external/py2-ipython/0.10/lib/python2.6/site-packages:/cvmfs/cms.cern.ch/slc5_amd64_gcc462/external/py2-cx-oracle/5.1-cms11/lib/python2.6/site-packages:/cvmfs/cms.cern.ch/slc5_amd64_gcc462/external/py2-cjson/1.0.5/lib/python2.6/site-packages:/cvmfs/cms.cern.ch/slc5_amd64_gcc462/cms/das-client/1.4.1-cms8/bin:/cvmfs/cms.cern.ch/slc5_amd64_gcc462/external/elementtree/1.2.6/share/lib/python2.6/site-packages:/cvmfs/cms.cern.ch/slc5_amd64_gcc462/external/rivet/1.5.1-cms10/lib/python2.6/site-packages:/cvmfs/cms.cern.ch/slc5_amd64_gcc462/external/pyminuit2/0.0.1-cms34/lib/python2.6/site-packages:/cvmfs/cms.cern.ch/slc5_amd64_gcc462/external/professor/1.0.0-cms35/lib/python2.6/site-packages:/cvmfs/cms.cern.ch/slc5_amd64_gcc462/lcg/root/5.32.00-cms18/lib:/cvmfs/cms.cern.ch/slc5_amd64_gcc462/cms/dbs-client/DBS_2_1_1_patch1_1/lib:/cvmfs/cms.cern.ch/slc5_amd64_gcc462/cms/dbs-client/DBS_2_1_1_patch1_1/lib/DBSAPI:/home/cms030/home_creur_353755192/CREAM353755192/glide_Lq1303/execute/dir_3022/
241a2a19cb7c5c8751ba22759ab3bdb0
PSETHASH = 241a2a19cb7c5c8751ba22759ab3bdb0
/home/cms030/home_creur_353755192/CREAM353755192/glide_Lq1303/execute/dir_3022/writeCfg.py pset.py pset.py
Importing .py file
Setting parameters
inputBlocks=/QCD_Pt_30_80_EMEnriched_TuneZ2star_8TeV_pythia6/mario-Summer12-stop-pfele-step1-3d176ac8da5e9dff208d057f4733ca91/USER#8a92f640-f537-45f1-b46c-e85f5627347f
inputFiles=/store/user/mario/QCD_Pt_30_80_EMEnriched_TuneZ2star_8TeV_pythia6/Summer12-stop-pfele-step1/3d176ac8da5e9dff208d057f4733ca91/tuple_90_2_scA.root;/store/user/mario/QCD_Pt_30_80_EMEnriched_TuneZ2star_8TeV_pythia6/Summer12-stop-pfele-step1/3d176ac8da5e9dff208d057f4733ca91/tuple_91_1_jH6.root;/store/user/mario/QCD_Pt_30_80_EMEnriched_TuneZ2star_8TeV_pythia6/Summer12-stop-pfele-step1/3d176ac8da5e9dff208d057f4733ca91/tuple_92_1_6su.root;/store/user/mario/QCD_Pt_30_80_EMEnriched_TuneZ2star_8TeV_pythia6/Summer12-stop-pfele-step1/3d176ac8da5e9dff208d057f4733ca91/tuple_93_4_EKx.root;/store/user/mario/QCD_Pt_30_80_EMEnriched_TuneZ2star_8TeV_pythia6/Summer12-stop-pfele-step1/3d176ac8da5e9dff208d057f4733ca91/tuple_94_1_ncj.root
parentFiles=
lumisRange=
>>> Executable cmsRun
/cvmfs/cms.cern.ch/slc5_amd64_gcc462/cms/cmssw/CMSSW_5_3_5/bin/slc5_amd64_gcc462/cmsRun
ok executable found
>>> info for dashboard:
***** Cat /home/cms030/home_creur_353755192/CREAM353755192/glide_Lq1303/execute/dir_3022/jobreport.txt *****
MonitorJobID=76_https://submit-2.t2.ucsd.edu//121127//17532.75
MonitorID=liis_crab_0_121127_013303_4cvb81
ExeStart=cmsRun
***** End Cat jobreport *****
Parameters sent to Dashboard.
>>> cmsRun started at Tue Nov 27 00:42:10 UTC 2012
>>> cmsRun ended at Tue Nov 27 00:45:50 UTC 2012
>>> info for dashboard:
***** Cat /home/cms030/home_creur_353755192/CREAM353755192/glide_Lq1303/execute/dir_3022/jobreport.txt *****
MonitorJobID=76_https://submit-2.t2.ucsd.edu//121127//17532.75
MonitorID=liis_crab_0_121127_013303_4cvb81
ExeEnd=cmsRun
***** End Cat jobreport *****
Parameters sent to Dashboard.
TIME_EXE = 220 sec
>>> cmsRun wrote 73 lines of stdout+stderr
>>> START OF printout of 73 lines from stdout+stderr
27-Nov-2012 02:42:22 EET  Initiating request to open file file:/hdfs/cms/store/user/mario/QCD_Pt_30_80_EMEnriched_TuneZ2star_8TeV_pythia6/Summer12-stop-pfele-step1/3d176ac8da5e9dff208d057f4733ca91/tuple_90_2_scA.root
27-Nov-2012 02:42:33 EET  Successfully opened file file:/hdfs/cms/store/user/mario/QCD_Pt_30_80_EMEnriched_TuneZ2star_8TeV_pythia6/Summer12-stop-pfele-step1/3d176ac8da5e9dff208d057f4733ca91/tuple_90_2_scA.root
Begin processing the 1st record. Run 1, Event 437489375, LumiSection 56604 at 27-Nov-2012 02:42:49.478 EET
Begin processing the 1001st record. Run 1, Event 485000212, LumiSection 62751 at 27-Nov-2012 02:42:55.125 EET
Begin processing the 2001st record. Run 1, Event 232387726, LumiSection 30067 at 27-Nov-2012 02:42:57.524 EET
Begin processing the 3001st record. Run 1, Event 309977290, LumiSection 40106 at 27-Nov-2012 02:42:59.883 EET
Begin processing the 4001st record. Run 1, Event 348363196, LumiSection 45073 at 27-Nov-2012 02:43:04.511 EET
Begin processing the 5001st record. Run 1, Event 189256544, LumiSection 24487 at 27-Nov-2012 02:43:06.934 EET
Begin processing the 6001st record. Run 1, Event 218225421, LumiSection 28235 at 27-Nov-2012 02:43:09.417 EET
Begin processing the 7001st record. Run 1, Event 251841793, LumiSection 32585 at 27-Nov-2012 02:43:13.394 EET
Begin processing the 8001st record. Run 1, Event 370550875, LumiSection 47943 at 27-Nov-2012 02:43:15.860 EET
27-Nov-2012 02:43:18 EET  Closed file file:/hdfs/cms/store/user/mario/QCD_Pt_30_80_EMEnriched_TuneZ2star_8TeV_pythia6/Summer12-stop-pfele-step1/3d176ac8da5e9dff208d057f4733ca91/tuple_90_2_scA.root
27-Nov-2012 02:43:18 EET  Initiating request to open file file:/hdfs/cms/store/user/mario/QCD_Pt_30_80_EMEnriched_TuneZ2star_8TeV_pythia6/Summer12-stop-pfele-step1/3d176ac8da5e9dff208d057f4733ca91/tuple_91_1_jH6.root
27-Nov-2012 02:43:18 EET  Successfully opened file file:/hdfs/cms/store/user/mario/QCD_Pt_30_80_EMEnriched_TuneZ2star_8TeV_pythia6/Summer12-stop-pfele-step1/3d176ac8da5e9dff208d057f4733ca91/tuple_91_1_jH6.root
Begin processing the 9001st record. Run 1, Event 508608835, LumiSection 65806 at 27-Nov-2012 02:43:30.739 EET
Begin processing the 10001st record. Run 1, Event 559992902, LumiSection 72454 at 27-Nov-2012 02:43:33.302 EET
Begin processing the 11001st record. Run 1, Event 346220852, LumiSection 44796 at 27-Nov-2012 02:43:35.752 EET
Begin processing the 12001st record. Run 1, Event 290254733, LumiSection 37554 at 27-Nov-2012 02:43:38.148 EET
Begin processing the 13001st record. Run 1, Event 283820495, LumiSection 36722 at 27-Nov-2012 02:43:46.115 EET
Begin processing the 14001st record. Run 1, Event 311353079, LumiSection 40284 at 27-Nov-2012 02:43:48.828 EET
Begin processing the 15001st record. Run 1, Event 238555862, LumiSection 30866 at 27-Nov-2012 02:43:52.711 EET
Begin processing the 16001st record. Run 1, Event 340070526, LumiSection 44000 at 27-Nov-2012 02:43:57.878 EET
Begin processing the 17001st record. Run 1, Event 303781752, LumiSection 39305 at 27-Nov-2012 02:44:00.216 EET
Begin processing the 18001st record. Run 1, Event 464321813, LumiSection 60076 at 27-Nov-2012 02:44:02.656 EET
27-Nov-2012 02:44:03 EET  Closed file file:/hdfs/cms/store/user/mario/QCD_Pt_30_80_EMEnriched_TuneZ2star_8TeV_pythia6/Summer12-stop-pfele-step1/3d176ac8da5e9dff208d057f4733ca91/tuple_91_1_jH6.root
27-Nov-2012 02:44:03 EET  Initiating request to open file file:/hdfs/cms/store/user/mario/QCD_Pt_30_80_EMEnriched_TuneZ2star_8TeV_pythia6/Summer12-stop-pfele-step1/3d176ac8da5e9dff208d057f4733ca91/tuple_92_1_6su.root
27-Nov-2012 02:44:04 EET  Successfully opened file file:/hdfs/cms/store/user/mario/QCD_Pt_30_80_EMEnriched_TuneZ2star_8TeV_pythia6/Summer12-stop-pfele-step1/3d176ac8da5e9dff208d057f4733ca91/tuple_92_1_6su.root
Begin processing the 19001st record. Run 1, Event 502006169, LumiSection 64951 at 27-Nov-2012 02:44:18.501 EET
Begin processing the 20001st record. Run 1, Event 256836890, LumiSection 33231 at 27-Nov-2012 02:44:21.138 EET
Begin processing the 21001st record. Run 1, Event 325071818, LumiSection 42059 at 27-Nov-2012 02:44:23.923 EET
Begin processing the 22001st record. Run 1, Event 362021446, LumiSection 46840 at 27-Nov-2012 02:44:29.125 EET
Begin processing the 23001st record. Run 1, Event 399692394, LumiSection 51714 at 27-Nov-2012 02:44:31.598 EET
Begin processing the 24001st record. Run 1, Event 489488927, LumiSection 63332 at 27-Nov-2012 02:44:34.006 EET
Begin processing the 25001st record. Run 1, Event 531171677, LumiSection 68725 at 27-Nov-2012 02:44:36.393 EET
Begin processing the 26001st record. Run 1, Event 562719094, LumiSection 72807 at 27-Nov-2012 02:44:42.686 EET
Begin processing the 27001st record. Run 1, Event 306422744, LumiSection 39646 at 27-Nov-2012 02:44:45.225 EET
Begin processing the 28001st record. Run 1, Event 430643674, LumiSection 55718 at 27-Nov-2012 02:44:48.059 EET
27-Nov-2012 02:44:48 EET  Closed file file:/hdfs/cms/store/user/mario/QCD_Pt_30_80_EMEnriched_TuneZ2star_8TeV_pythia6/Summer12-stop-pfele-step1/3d176ac8da5e9dff208d057f4733ca91/tuple_92_1_6su.root
27-Nov-2012 02:44:48 EET  Initiating request to open file file:/hdfs/cms/store/user/mario/QCD_Pt_30_80_EMEnriched_TuneZ2star_8TeV_pythia6/Summer12-stop-pfele-step1/3d176ac8da5e9dff208d057f4733ca91/tuple_93_4_EKx.root
27-Nov-2012 02:44:48 EET  Successfully opened file file:/hdfs/cms/store/user/mario/QCD_Pt_30_80_EMEnriched_TuneZ2star_8TeV_pythia6/Summer12-stop-pfele-step1/3d176ac8da5e9dff208d057f4733ca91/tuple_93_4_EKx.root
Begin processing the 29001st record. Run 1, Event 469403326, LumiSection 60733 at 27-Nov-2012 02:45:02.165 EET
Begin processing the 30001st record. Run 1, Event 552882015, LumiSection 71534 at 27-Nov-2012 02:45:04.624 EET
Begin processing the 31001st record. Run 1, Event 70180300, LumiSection 9081 at 27-Nov-2012 02:45:07.096 EET
Begin processing the 32001st record. Run 1, Event 174948647, LumiSection 22636 at 27-Nov-2012 02:45:10.691 EET
Begin processing the 33001st record. Run 1, Event 228283981, LumiSection 29537 at 27-Nov-2012 02:45:13.152 EET
Begin processing the 34001st record. Run 1, Event 235885426, LumiSection 30520 at 27-Nov-2012 02:45:15.588 EET
Begin processing the 35001st record. Run 1, Event 293082975, LumiSection 37920 at 27-Nov-2012 02:45:20.286 EET
Begin processing the 36001st record. Run 1, Event 344519952, LumiSection 44575 at 27-Nov-2012 02:45:22.571 EET
Begin processing the 37001st record. Run 1, Event 368653465, LumiSection 47698 at 27-Nov-2012 02:45:24.750 EET
27-Nov-2012 02:45:27 EET  Closed file file:/hdfs/cms/store/user/mario/QCD_Pt_30_80_EMEnriched_TuneZ2star_8TeV_pythia6/Summer12-stop-pfele-step1/3d176ac8da5e9dff208d057f4733ca91/tuple_93_4_EKx.root
27-Nov-2012 02:45:27 EET  Initiating request to open file file:/hdfs/cms/store/user/mario/QCD_Pt_30_80_EMEnriched_TuneZ2star_8TeV_pythia6/Summer12-stop-pfele-step1/3d176ac8da5e9dff208d057f4733ca91/tuple_94_1_ncj.root
27-Nov-2012 02:45:27 EET  Successfully opened file file:/hdfs/cms/store/user/mario/QCD_Pt_30_80_EMEnriched_TuneZ2star_8TeV_pythia6/Summer12-stop-pfele-step1/3d176ac8da5e9dff208d057f4733ca91/tuple_94_1_ncj.root
Begin processing the 38001st record. Run 1, Event 392077687, LumiSection 50729 at 27-Nov-2012 02:45:44.782 EET
Begin processing the 39001st record. Run 1, Event 148278646, LumiSection 19185 at 27-Nov-2012 02:45:47.264 EET
27-Nov-2012 02:45:49 EET  Closed file file:/hdfs/cms/store/user/mario/QCD_Pt_30_80_EMEnriched_TuneZ2star_8TeV_pythia6/Summer12-stop-pfele-step1/3d176ac8da5e9dff208d057f4733ca91/tuple_94_1_ncj.root

=============================================

MessageLogger Summary

 type     category        sev    module        subroutine        count    total
 ---- -------------------- -- ---------------- ----------------  -----    -----
    1 fileAction           -s file_close                             5        5
    2 fileAction           -s file_open                             10       10

 type    category    Examples: run/evt        run/evt          run/evt
 ---- -------------------- ---------------- ---------------- ----------------
    1 fileAction           PostProcessEvent PostProcessEvent PostEndRun
    2 fileAction           pre-events       pre-events       PostProcessEvent

Severity    # Occurrences   Total Occurrences
--------    -------------   -----------------
System                 15                  15
>>> END OF printout of 73 lines from stdout+stderr
>>> Parse FrameworkJobReport crab_fjr.xml
Result of parsing the FrameworkJobReport crab_fjr.xml: Popularity start
lumisRange : 1::5636,5831,8065,8596,9254,10219,11019,12944,12947,13301,14164,15010,18234,19575,20071,20617,21948,23923,24029,24487,24892,25364,27504,27802,27926,28235,28339,28344,28758,28868,29348,30030,30067,30328,30617,30665,30723,30759,30836,30871,30884,30909,30943,31184,31380,31732,31955,31974,32077,32106,32165,32187,32331,32470,32585,32707,32948,33001,33016,33094,33367,33386,33388,33807,33982,34046,34285,35634,38495,38574,38788,38924,39095,39312,39397,39427,39901,39904,40041,40106,40478,41915,42229,42368,42476,42806,43031,43063,43094,43692,43859,43937,43987,44304,44377,44412,44675,44858,45073,45147,45181,45562,47647,47696,47943,48254,48385,48609,49571,49670,49856,50350,50900,51060,51115,51589,51659,52041,53026,53339,53499,53853,54336,55221,55261,55476,55742,55979,56374,56604,57897,58995,59878,59934,61035,61052,61242,61261,61649,62496,62751,63526,65073,65090,65236,65252,65367,65398,65412,65464,65987,66224,67304::1;1::28872,29130,29337,29394,30104,30323,30409,30662,30866,31055,31193,31451,31511,31645,31702,31840,31916,32154,32156,32731,32856,32915,33242,33327,33580,33883,33980,33990,34211,34243,34307,34448,34452,34641,34744,34761,34867,35168,35247,35349,35410,35501,35670,35697,36198,36318,36419,36722,37017,37051,37175,37231,37264,37447,37554,37611,37643,38018,38249,38397,38882,39121,39232,39260,39305-39306,39673,39750,39970,40008,40064,40104,40250,40284,41200,41219,41495,41540,41563,41574,41642,41806,41862,41974,42102,42155,42167,42276,42405,42501,42606,42687,42793,42819,42930,43121,43147,43259,43399,43500,43798,43988,44000,44013,44142,44359,44771,44796,44803,44959,45077,45431,45727,45973,46617,47455,48382,49220,49774,49965,50206,50227,50380,52115,52323,52759,52829,53301,54358,54473,55738,55799,56256,57934,58173,58250,59619,59766,60076,60256,62568,63548,65131,65704,65806,65877,65966,66038,66088,66224,66481,66733,67103,67248,68333,68852,69062,71784,72042,72084,72114,72178,72181,72454,72553,72630,72669,72788::2;1::23525,23752,24712,24812,24926,25107,25231,25283,25383,25790,26546,27134,27901,28566,28689-28690,28756,29262,29488,29632,30274,31258,31269,31278,31332,31371,31655,31811,32052,32065,32108,32746,32884,33231,33675,33756,34582,34980,35086,35580,38281,38463,38735,38744,38904,39568,39646,39663,39751,40222,41022,41290,41364,41421,41624,42059,42490,42807,43407,43897,44228,44293,44719,44793,45506,45581,45812,46237,46268,46564,46642,46840,47341,47479,48390,48513,48629,48732,49215,49256,49337,49520,49915,50114,50334,50975,51692,51714,52135,52139,53574,53580,53611,53769,54051,54236,54243,54328,54335,54475,54530,55718,55965,55976,56004,56134,56336,56730,57446,58442,59528,59665,59964,60019,60026,60194,61423,61709,62321,62712,63266,63332,63465,63548,64084,64180,64681,64823,64844,64951,65173,65731,65880,66031,66041,66412,66434,66782,67074,67442,67708,67727,68009,68020,68115,68324,68725,69304,70089,70093,70510,70661,70930,71102,71280,71287,71512,71553,72144,72191,72217,72256,72419,72582,72734,72807,72821,72824::3;1::2634,6818,7578,8977,9887,9906,10397,10683,11303,11346,13596,14923,19185,21382,21996,23262,23504,23641,25151,25528,26050,26391,27222,28024,28062,28412,42504,50340,50729,50841,51199,52763,54650::4;1::6476,6802,7055,7257,7535,7538,7934,7970,8232,9081,13147,13167,13215,13543,13755,14570,15956,16231,16816,17357,21356,22636,24404,24420,25441,25487,26142,26247,26298,26775,26982,27731,27828,27868,28044,28066,28178,28226,29129,29146,29533,29537,29730,29801,29990,30141,30242,30520,30601,31215,31240,31259,31355,32561,32763,33299,33581,33890,33954,34759,36164,36589,36810,37091,37093,37470,37716,37920,38333,38690,38776,39056,39182,39442,39958,40754,41419,41852,42099,42736,42972,43102,43455,44248,44575,45005,45089,45121,45412,45875,45994,46272,46476,46686,46694,46908,47698,47828,47901,47928,47949,47993,48005,48043,48049,48133,48287,48289,48435,48636,49041,49485,49548,50214,50340,50865,51029,52819,52927,53918,55060,55326,56079,56134,56483,56687,57066,58081,58194,58536,59092,59745,60054,60733,60906,61090,61249,61289,61477,62059,62077,62186,62401,62613,62965,63078,63517,64611,65209,65486,65692,66009,66050,66067,66623,68076,68602,68957,69027,69579,70741,70854,71241,71420,71443,71534,71980,72105::5;
lumisParentRange : 
Basename : /store/user/mario/QCD_Pt_30_80_EMEnriched_TuneZ2star_8TeV_pythia6/Summer12-stop-pfele-step1/3d176ac8da5e9dff208d057f4733ca91/tuple_9
BasenameParent : 
parentFiles : 
inputBlocks : /QCD_Pt_30_80_EMEnriched_TuneZ2star_8TeV_pythia6/mario-Summer12-stop-pfele-step1-3d176ac8da5e9dff208d057f4733ca91/USER#8a92f640-f537-45f1-b46c-e85f5627347f
inputFiles : 0_2_scA.root::1::EDM::Local::1;1_1_jH6.root::1::EDM::Local::2;2_1_6su.root::1::EDM::Local::3;4_1_ncj.root::1::EDM::Local::4;3_4_EKx.root::1::EDM::Local::5;
Popularity stop
Extracted ExitStatus from FrameworkJobReport parsing output: 0
>>> Executable succeded  0
ExeExitCode=0
EXECUTABLE_EXIT_STATUS = 0
>>> current directory /home/cms030/home_creur_353755192/CREAM353755192/glide_Lq1303/execute/dir_3022/CMSSW_5_3_5
>>>  (SOFTWARE_DIR): /home/cms030/home_creur_353755192/CREAM353755192/glide_Lq1303/execute/dir_3022/CMSSW_5_3_5
>>> (WORKING_DIR): 
>>> current directory content:
total 152
drwxr-xr-x 3 cms030 cms  4096 Nov 27 02:41 .SCRAM
-rw-r--r-- 1 cms030 cms 30066 Nov 27 02:41 CMSSW.py.pkl
drwxr-xr-x 3 cms030 cms  4096 Nov 27 02:41 bin
drwxr-xr-x 3 cms030 cms  4096 Nov 27 02:41 cfipython
drwxr-xr-x 5 cms030 cms  4096 Nov 27 02:41 config
-rw-r--r-- 1 cms030 cms    16 Nov 27 02:45 cpu_timing.txt
drwxr-xr-x 2 cms030 cms  4096 Nov 27 02:41 doc
-rw-r--r-- 1 cms030 cms  8375 Nov 27 02:45 executable.out
drwxr-xr-x 2 cms030 cms  4096 Nov 27 02:41 include
drwxrwxrwx 3 cms030 cms  4096 Oct 22 16:38 lib
drwxr-xr-x 3 cms030 cms  4096 Nov 27 02:41 logs
drwxr-xr-x 3 cms030 cms  4096 Nov 27 02:41 objs
-rw-r--r-- 1 cms030 cms 16479 Nov 27 02:45 optHistograms.root
-rw-r--r-- 1 cms030 cms   104 Nov 27 02:42 pset.py
-rw-r--r-- 1 cms030 cms 19491 Nov 27 02:42 pset.py.pkl
-rw-r--r-- 1 cms030 cms   289 Nov 27 02:42 pset.pyc
drwxr-xr-x 2 cms030 cms  4096 Nov 27 02:41 python
-rw-r--r-- 1 cms030 cms   420 Nov 27 02:45 report.log
drwxrwxrwx 4 cms030 cms  4096 Nov 27 02:41 src
drwxr-xr-x 3 cms030 cms  4096 Nov 27 02:41 test
drwxr-xr-x 3 cms030 cms  4096 Nov 27 02:41 tmp
>>> current directory /home/cms030/home_creur_353755192/CREAM353755192/glide_Lq1303/execute/dir_3022/CMSSW_5_3_5
>>> (SOFTWARE_DIR): /home/cms030/home_creur_353755192/CREAM353755192/glide_Lq1303/execute/dir_3022/CMSSW_5_3_5
>>> (WORKING_DIR): 
>>> current directory content:
total 132
drwxr-xr-x 3 cms030 cms  4096 Nov 27 02:41 .SCRAM
-rw-r--r-- 1 cms030 cms 30066 Nov 27 02:41 CMSSW.py.pkl
drwxr-xr-x 3 cms030 cms  4096 Nov 27 02:41 bin
drwxr-xr-x 3 cms030 cms  4096 Nov 27 02:41 cfipython
drwxr-xr-x 5 cms030 cms  4096 Nov 27 02:41 config
-rw-r--r-- 1 cms030 cms    16 Nov 27 02:45 cpu_timing.txt
drwxr-xr-x 2 cms030 cms  4096 Nov 27 02:41 doc
-rw-r--r-- 1 cms030 cms  8375 Nov 27 02:45 executable.out
drwxr-xr-x 2 cms030 cms  4096 Nov 27 02:41 include
drwxrwxrwx 3 cms030 cms  4096 Oct 22 16:38 lib
drwxr-xr-x 3 cms030 cms  4096 Nov 27 02:41 logs
drwxr-xr-x 3 cms030 cms  4096 Nov 27 02:41 objs
-rw-r--r-- 1 cms030 cms   104 Nov 27 02:42 pset.py
-rw-r--r-- 1 cms030 cms 19491 Nov 27 02:42 pset.py.pkl
-rw-r--r-- 1 cms030 cms   289 Nov 27 02:42 pset.pyc
drwxr-xr-x 2 cms030 cms  4096 Nov 27 02:41 python
-rw-r--r-- 1 cms030 cms   420 Nov 27 02:45 report.log
drwxrwxrwx 4 cms030 cms  4096 Nov 27 02:41 src
drwxr-xr-x 3 cms030 cms  4096 Nov 27 02:41 test
drwxr-xr-x 3 cms030 cms  4096 Nov 27 02:41 tmp
>>> current directory (RUNTIME_AREA):  /home/cms030/home_creur_353755192/CREAM353755192/glide_Lq1303/execute/dir_3022
>>> current dir: /home/cms030/home_creur_353755192/CREAM353755192/glide_Lq1303/execute/dir_3022
>>> current dir content:
total 25780
-rw-rw-rw-  1 cms030 cms     5613 Nov 27 02:41 .job.ad
-rw-rw-rw-  1 cms030 cms    11563 Nov 27 02:41 .machine.ad
-rw-rw-rw-  1 cms030 cms      105 Nov 27 01:33 CMSSW.py
-rw-rw-rw-  1 cms030 cms    30066 Nov 27 01:33 CMSSW.py.pkl
-rwxrw-rw-  1 cms030 cms    23337 Nov 27 02:41 CMSSW.sh
drwxr-xr-x 15 cms030 cms     4096 Nov 27 02:46 CMSSW_5_3_5
-rw-rw-rw-  1 cms030 cms        0 Nov 27 02:41 CMSSW_76.stderr
-rw-rw-rw-  1 cms030 cms    24521 Nov 27 02:46 CMSSW_76.stdout
-rw-r--r--  1 cms030 cms      346 Nov 27 02:41 CacheEnv.sh
-rw-rw-rw-  1 cms030 cms     7291 Jun  9  2010 DashboardAPI.py
-rw-r--r--  1 cms030 cms     6868 Nov 27 02:41 DashboardAPI.pyc
drwxrwxrwx  3 cms030 cms     4096 Nov 27 02:45 IMProv
-rw-rw-rw-  1 cms030 cms     2748 Mar  8  2006 Logger.py
-rw-r--r--  1 cms030 cms     3348 Nov 27 02:41 Logger.pyc
-rw-rw-rw-  1 cms030 cms    24524 Mar 28  2008 ProcInfo.py
-rw-r--r--  1 cms030 cms    23446 Nov 27 02:41 ProcInfo.pyc
drwxrwxrwx  7 cms030 cms     4096 Nov 27 02:42 ProdCommon
drwxrwxrwx  3 cms030 cms     4096 Nov 27 02:41 WMCore
-rw-r--r--  1 cms030 cms     1931 Nov 27 02:45 Watchdog_76.log
-rw-rw-rw-  1 cms030 cms    32895 Mar 28  2008 apmon.py
-rw-r--r--  1 cms030 cms    28845 Nov 27 02:41 apmon.pyc
-rw-rw-rw-  1 cms030 cms   100223 Nov 27 02:41 arguments.xml
-rwxrwxrwx  1 cms030 cms    37427 Sep 13 14:14 cmscp.py
-rwxrwxrwx  1 cms030 cms    23337 Nov 27 02:41 condor_exec.exe
-rw-rw-rw-  1 cms030 cms      544 Nov 27 01:33 crab.cfg
-rwxrwxrwx  1 cms030 cms     9531 Sep 20 21:46 crabWatchdog.sh
-rw-r--r--  1 cms030 cms    48968 Nov 27 02:45 crab_fjr_76.xml
-rw-rw-rw-  1 cms030 cms 25796307 Nov 27 02:41 default.tgz
-rwxrwxrwx  1 cms030 cms     4488 May 12  2012 fillCrabFjr.py
-rw-r--r--  1 cms030 cms      929 Nov 27 02:42 inputsReport.txt
-rw-r--r--  1 cms030 cms      132 Nov 27 02:46 jobreport.txt
lrwxrwxrwx  1 cms030 cms      106 Nov 27 02:46 optHistograms.root -> /home/cms030/home_creur_353755192/CREAM353755192/glide_Lq1303/execute/dir_3022/optHistograms_76_1_cUv.root
-rw-r--r--  1 cms030 cms    16479 Nov 27 02:45 optHistograms_76_1_cUv.root
-rw-rw-rw-  1 cms030 cms    17352 Jan 20  2012 parseCrabFjr.py
-rw-r--r--  1 cms030 cms      285 Nov 27 02:41 report.log
-rwxrwxrwx  1 cms030 cms     1497 May 27  2009 report.py
-rwxrwxrwx  1 cms030 cms     8387 Mar 23  2011 writeCfg.py
-rw-------  1 cms030 cms     8687 Nov 27 02:41 x509up_u1000009
Checking output files:  
will tar file optHistograms_76_1_cUv.root in  out_files_76
will tar file crab_fjr_76.xml in  out_files_76
will tar file CMSSW_76.stdout in  out_files_76
will tar file CMSSW_76.stderr in  out_files_76
WARNING: output file Watchdog_76.log.gz not found!
>>> padding time: Sleeping the wrapper for 343 seconds
STOPPING WATCHDOG. CrabWatchdog PID is 3272
********** LAST 50 LINES OF WATCHDOG LOG
awk: (FILENAME=- FNR=1) warning: error writing standard output (Broken pipe)
# RESOURCE USAGE SUMMARY FOR PROCESS ID  3175
USER       PID %CPU %MEM    VSZ   RSS TTY      STAT START   TIME COMMAND
cms030    3175  0.2  0.0   8956  1484 ?        S    02:41   0:00 /bin/sh /home/cms030/home_creur_353755192/CREAM353755192/glide_Lq1303/execute/dir_3022/condor_exec.exe 76 1
 
# LIMITS USED BY THIS WATCHDOG:
# RSS  (KBytes)  : 2300000
# VSZ  (KBytes)  : 100000000
# DISK (MBytes)  : 19000
# CPU  (seconds) : 171600
# WALL (seconds) : 171600
 
# FOLLOWING PRINTOUT TRACKS MAXIMUM VALUES OF RESOURCES USE
# ONE LINE IS PRINTED EACH TIME A MAXIMUM CHANGES
# IF CHANGE WAS IN RSS OR VSZ ALSO PROCID AND COMMAND ARE PRINTED
# THERE IS NO PRINTOUT FOR CPU/WALL TIME INCREASE
 
# TIME			PID	RSS(KB)	VSZ(KB)	Dsk(MB)	tCPU(s)	tWALL(s)	COMMAND
 Nov 27 02:41:59 EET	1157	1320	8896	0	0	787	-bash         
 Nov 27 02:41:59 EET	1186	1488	8952	0	0	788	/bin/sh -l ./CREAM353755192_jobWrapper.sh       
 Nov 27 02:41:59 EET	1250	2680	25504	0	0	786	perl -e ?use Socket;??sub send_notify {? $cream_url = "193.40.150.134:49152";die "No
 Nov 27 02:41:59 EET	3022	5308	25504	0	0	21	condor_starter -f submit-2.t2.ucsd.edu       
 Nov 27 02:41:59 EET	7225	5988	25504	0	0	763	/home/cms030/home_creur_353755192/CREAM353755192/glide_Lq1303/main/condor/sbin/condor_master -f -pidfile /home/cms030/home_creur_353755192/CREAM353755192/glide_Lq1303/condor_master2.pid      
 Nov 27 02:41:59 EET	---	5988	25504	168	----	----	----
 Nov 27 02:43:04 EET	5400	349808	548712	168	27	59	cmsRun -j /home/cms030/home_creur_353755192/CREAM353755192/glide_Lq1303/execute/dir_3022/crab_fjr_76.xml -p pset.py     
 Nov 27 02:44:11 EET	5400	349808	551016	168	59	124	cmsRun -j /home/cms030/home_creur_353755192/CREAM353755192/glide_Lq1303/execute/dir_3022/crab_fjr_76.xml -p pset.py     
 Nov 27 02:45:15 EET	5400	355756	551016	168	100	189	cmsRun -j /home/cms030/home_creur_353755192/CREAM353755192/glide_Lq1303/execute/dir_3022/crab_fjr_76.xml -p pset.py     
 Nov 27 02:46:20 EET	---	355756	551016	169	----	----	----
********** WATCHDOG LOG ENDED
ZIPPING WATCHDOG LOG
Disk space used:
du -sh /home/cms030/home_creur_353755192/CREAM353755192/glide_Lq1303/execute/dir_3022
169M	/home/cms030/home_creur_353755192/CREAM353755192/glide_Lq1303/execute/dir_3022
>>> info for dashboard:
***** Cat /home/cms030/home_creur_353755192/CREAM353755192/glide_Lq1303/execute/dir_3022/jobreport.txt *****
MonitorJobID=76_https://submit-2.t2.ucsd.edu//121127//17532.75
MonitorID=liis_crab_0_121127_013303_4cvb81
ExeTime=220
ExeExitCode=0
CrabUserCpuTime=107.81
CrabSysCpuTime=5.60
CrabCpuPercentage=51%
CrabWrapperTime=600
CrabStageoutTime=NULL
***** End Cat jobreport *****
Parameters sent to Dashboard.
optHistograms_76_1_cUv.root
crab_fjr_76.xml
CMSSW_76.stdout
CMSSW_76.stderr
Watchdog_76.log.gz
tar: .BrokerInfo: Cannot stat: No such file or directory
tar: Error exit delayed from previous errors
Total Output dimension: 26131
WARNING: output files size limit is set to: 50000000
Total Output dimension 26131 is fine.
JOB_EXIT_STATUS = 0
>>> info for dashboard:
***** Cat /home/cms030/home_creur_353755192/CREAM353755192/glide_Lq1303/execute/dir_3022/jobreport.txt *****
MonitorJobID=76_https://submit-2.t2.ucsd.edu//121127//17532.75
MonitorID=liis_crab_0_121127_013303_4cvb81
JobExitCode=0
***** End Cat jobreport *****
Parameters sent to Dashboard.
optHistograms_76_1_cUv.root
crab_fjr_76.xml
