This script was generated by crab (version 2.8.3).
Running /home/cms030/home_crce1_514596162/CREAM514596162/glide_z30077/execute/dir_16242/condor_exec.exe with 2 positional parameters: 57 1
Today is Tue Nov 27 02:41:48 EET 2012
Job submitted on host wn-v-5420.local
Linux wn-v-5420.local 2.6.32-042stab059.7 #1 SMP Tue Jul 24 19:12:01 MSK 2012 x86_64 x86_64 x86_64 GNU/Linux
>>> current directory (RUNTIME_AREA): /home/cms030/home_crce1_514596162/CREAM514596162/glide_z30077/execute/dir_16242
>>> current user: uid=11030(cms030) gid=1400(cms) groups=1400(cms)
>>> voms proxy information:
subject   : /DC=ch/DC=cern/OU=Organic Units/OU=Users/CN=liis/CN=663550/CN=Liis Rebane/CN=proxy/CN=limited proxy
issuer    : /DC=ch/DC=cern/OU=Organic Units/OU=Users/CN=liis/CN=663550/CN=Liis Rebane/CN=proxy
identity  : /DC=ch/DC=cern/OU=Organic Units/OU=Users/CN=liis/CN=663550/CN=Liis Rebane/CN=proxy
type      : limited proxy
strength  : 512 bits
path      : /home/cms030/home_crce1_514596162/CREAM514596162/glide_z30077/execute/dir_16242/x509up_u1000009
timeleft  : 23:59:49
key usage : Digital Signature, Key Encipherment, Data Encipherment
=== VO cms extension information ===
VO        : cms
subject   : /DC=ch/DC=cern/OU=Organic Units/OU=Users/CN=liis/CN=663550/CN=Liis Rebane
issuer    : /DC=ch/DC=cern/OU=computers/CN=lcg-voms.cern.ch
attribute : /cms/Role=NULL/Capability=NULL
timeleft  : 190:43:49
uri       : lcg-voms.cern.ch:15002
>>> tar xzf /home/cms030/home_crce1_514596162/CREAM514596162/glide_z30077/execute/dir_16242/default.tgz :
Successful untar
>>> Include /home/cms030/home_crce1_514596162/CREAM514596162/glide_z30077/execute/dir_16242 in PYTHONPATH:
strip arguments
env var CRAB_UNIQUE_JOB_ID set to: liis_crab_0_121127_013303_4cvb81_57_1_68q
out_files_57
>>> list of expected files on output sandbox
output files: optHistograms_57_1_68q.root crab_fjr_57.xml CMSSW_57.stdout CMSSW_57.stderr Watchdog_57.log.gz
>>> GridFlavour discovery: 
GridFlavour=LCG
>>> SyncSite discovery: 
SyncSite=T2_EE_Estonia
>>> SyncCE discovery: 
getting SyncCE from CE_ID
SyncCE=cream1.hep.kbfi.ee:8443/cream-pbs-long
>>> info for dashboard:
***** Cat /home/cms030/home_crce1_514596162/CREAM514596162/glide_z30077/execute/dir_16242/jobreport.txt *****
MonitorJobID=57_https://submit-2.t2.ucsd.edu//121127//17532.56
SyncGridJobId=https://submit-2.t2.ucsd.edu//121127//17532.56
MonitorID=liis_crab_0_121127_013303_4cvb81
GridFlavour=LCG
SyncSite=T2_EE_Estonia
SyncCE=cream1.hep.kbfi.ee:8443/cream-pbs-long
***** End Cat jobreport *****
Parameters sent to Dashboard.
>>> setup environment
set SCRAM ARCH to slc5_amd64_gcc462
SCRAM_ARCH = slc5_amd64_gcc462
>>> setup CMS LCG environment:
set SCRAM ARCH and BUILD_ARCH to slc5_amd64_gcc462 ###
Sourcing environment... 
sourcing /cvmfs/cms.cern.ch/cmsset_default.sh
==> setup cms environment ok
>>> specific cmssw setup environment:
CMSSW_VERSION =  CMSSW_5_3_5
>>> current directory (SOFTWARE_DIR): /home/cms030/home_crce1_514596162/CREAM514596162/glide_z30077/execute/dir_16242/CMSSW_5_3_5
PreserveSeeds: <>
IncrementSeeds:<>
{}
WNHostName=wn-v-5420.local
>>> info for dashboard:
***** Cat /home/cms030/home_crce1_514596162/CREAM514596162/glide_z30077/execute/dir_16242/jobreport.txt *****
MonitorJobID=57_https://submit-2.t2.ucsd.edu//121127//17532.56
MonitorID=liis_crab_0_121127_013303_4cvb81
WNHostName=wn-v-5420.local
***** End Cat jobreport *****
Parameters sent to Dashboard.
crabWatchdog started as process 23891
>>> moving CMSSW software directories in /home/cms030/home_crce1_514596162/CREAM514596162/glide_z30077/execute/dir_16242/CMSSW_5_3_5
mv: cannot stat `/home/cms030/home_crce1_514596162/CREAM514596162/glide_z30077/execute/dir_16242/module/': No such file or directory
>>> Include /home/cms030/home_crce1_514596162/CREAM514596162/glide_z30077/execute/dir_16242 in PYTHONPATH:
PYTHONPATH=/home/cms030/home_crce1_514596162/CREAM514596162/glide_z30077/execute/dir_16242/:/home/cms030/home_crce1_514596162/CREAM514596162/glide_z30077/execute/dir_16242/CMSSW_5_3_5/python:/home/cms030/home_crce1_514596162/CREAM514596162/glide_z30077/execute/dir_16242/CMSSW_5_3_5/lib/slc5_amd64_gcc462:/cvmfs/cms.cern.ch/slc5_amd64_gcc462/cms/cmssw/CMSSW_5_3_5/python:/cvmfs/cms.cern.ch/slc5_amd64_gcc462/cms/cmssw/CMSSW_5_3_5/lib/slc5_amd64_gcc462:/cvmfs/cms.cern.ch/slc5_amd64_gcc462/cms/coral/CORAL_2_3_21-cms27/slc5_amd64_gcc462/python:/cvmfs/cms.cern.ch/slc5_amd64_gcc462/cms/coral/CORAL_2_3_21-cms27/slc5_amd64_gcc462/lib:/cvmfs/cms.cern.ch/slc5_amd64_gcc462/external/pyqt/4.8.1/lib/python2.6/site-packages:/cvmfs/cms.cern.ch/slc5_amd64_gcc462/external/py2-scipy/0.8.0/lib/python2.6/site-packages:/cvmfs/cms.cern.ch/slc5_amd64_gcc462/external/py2-matplotlib/1.0.1/lib/python2.6/site-packages:/cvmfs/cms.cern.ch/slc5_amd64_gcc462/external/python-ldap/2.3.5/lib/python2.6/site-packages:/cvmfs/cms.cern.ch/slc5_amd64_gcc462/external/sip/4.11.2/lib/python2.6/site-packages:/cvmfs/cms.cern.ch/slc5_amd64_gcc462/external/py2-pycurl/7.19.0/lib/python2.6/site-packages:/cvmfs/cms.cern.ch/slc5_amd64_gcc462/external/py2-numpy/1.6.1/lib/python2.6/site-packages:/cvmfs/cms.cern.ch/slc5_amd64_gcc462/external/py2-ipython/0.10/lib/python2.6/site-packages:/cvmfs/cms.cern.ch/slc5_amd64_gcc462/external/py2-cx-oracle/5.1-cms11/lib/python2.6/site-packages:/cvmfs/cms.cern.ch/slc5_amd64_gcc462/external/py2-cjson/1.0.5/lib/python2.6/site-packages:/cvmfs/cms.cern.ch/slc5_amd64_gcc462/cms/das-client/1.4.1-cms8/bin:/cvmfs/cms.cern.ch/slc5_amd64_gcc462/external/elementtree/1.2.6/share/lib/python2.6/site-packages:/cvmfs/cms.cern.ch/slc5_amd64_gcc462/external/rivet/1.5.1-cms10/lib/python2.6/site-packages:/cvmfs/cms.cern.ch/slc5_amd64_gcc462/external/pyminuit2/0.0.1-cms34/lib/python2.6/site-packages:/cvmfs/cms.cern.ch/slc5_amd64_gcc462/external/professor/1.0.0-cms35/lib/python2.6/site-packages:/cvmfs/cms.cern.ch/slc5_amd64_gcc462/lcg/root/5.32.00-cms18/lib:/cvmfs/cms.cern.ch/slc5_amd64_gcc462/cms/dbs-client/DBS_2_1_1_patch1_1/lib:/cvmfs/cms.cern.ch/slc5_amd64_gcc462/cms/dbs-client/DBS_2_1_1_patch1_1/lib/DBSAPI:/home/cms030/home_crce1_514596162/CREAM514596162/glide_z30077/execute/dir_16242/
241a2a19cb7c5c8751ba22759ab3bdb0
PSETHASH = 241a2a19cb7c5c8751ba22759ab3bdb0
/home/cms030/home_crce1_514596162/CREAM514596162/glide_z30077/execute/dir_16242/writeCfg.py pset.py pset.py
Importing .py file
Setting parameters
inputBlocks=/QCD_Pt_30_80_EMEnriched_TuneZ2star_8TeV_pythia6/mario-Summer12-stop-pfele-step1-3d176ac8da5e9dff208d057f4733ca91/USER#8a92f640-f537-45f1-b46c-e85f5627347f
inputFiles=/store/user/mario/QCD_Pt_30_80_EMEnriched_TuneZ2star_8TeV_pythia6/Summer12-stop-pfele-step1/3d176ac8da5e9dff208d057f4733ca91/tuple_414_6_g60.root;/store/user/mario/QCD_Pt_30_80_EMEnriched_TuneZ2star_8TeV_pythia6/Summer12-stop-pfele-step1/3d176ac8da5e9dff208d057f4733ca91/tuple_415_9_OpY.root;/store/user/mario/QCD_Pt_30_80_EMEnriched_TuneZ2star_8TeV_pythia6/Summer12-stop-pfele-step1/3d176ac8da5e9dff208d057f4733ca91/tuple_416_3_3Ck.root;/store/user/mario/QCD_Pt_30_80_EMEnriched_TuneZ2star_8TeV_pythia6/Summer12-stop-pfele-step1/3d176ac8da5e9dff208d057f4733ca91/tuple_417_2_4qC.root;/store/user/mario/QCD_Pt_30_80_EMEnriched_TuneZ2star_8TeV_pythia6/Summer12-stop-pfele-step1/3d176ac8da5e9dff208d057f4733ca91/tuple_207_2_Sch.root;/store/user/mario/QCD_Pt_30_80_EMEnriched_TuneZ2star_8TeV_pythia6/Summer12-stop-pfele-step1/3d176ac8da5e9dff208d057f4733ca91/tuple_204_1_sBP.root
parentFiles=
lumisRange=
>>> Executable cmsRun
/cvmfs/cms.cern.ch/slc5_amd64_gcc462/cms/cmssw/CMSSW_5_3_5/bin/slc5_amd64_gcc462/cmsRun
ok executable found
>>> info for dashboard:
***** Cat /home/cms030/home_crce1_514596162/CREAM514596162/glide_z30077/execute/dir_16242/jobreport.txt *****
MonitorJobID=57_https://submit-2.t2.ucsd.edu//121127//17532.56
MonitorID=liis_crab_0_121127_013303_4cvb81
ExeStart=cmsRun
***** End Cat jobreport *****
Parameters sent to Dashboard.
>>> cmsRun started at Tue Nov 27 00:42:11 UTC 2012
>>> cmsRun ended at Tue Nov 27 00:45:49 UTC 2012
>>> info for dashboard:
***** Cat /home/cms030/home_crce1_514596162/CREAM514596162/glide_z30077/execute/dir_16242/jobreport.txt *****
MonitorJobID=57_https://submit-2.t2.ucsd.edu//121127//17532.56
MonitorID=liis_crab_0_121127_013303_4cvb81
ExeEnd=cmsRun
***** End Cat jobreport *****
Parameters sent to Dashboard.
TIME_EXE = 218 sec
>>> cmsRun wrote 76 lines of stdout+stderr
>>> START OF printout of 76 lines from stdout+stderr
27-Nov-2012 02:42:40 EET  Initiating request to open file file:/hdfs/cms/store/user/mario/QCD_Pt_30_80_EMEnriched_TuneZ2star_8TeV_pythia6/Summer12-stop-pfele-step1/3d176ac8da5e9dff208d057f4733ca91/tuple_414_6_g60.root
27-Nov-2012 02:42:47 EET  Successfully opened file file:/hdfs/cms/store/user/mario/QCD_Pt_30_80_EMEnriched_TuneZ2star_8TeV_pythia6/Summer12-stop-pfele-step1/3d176ac8da5e9dff208d057f4733ca91/tuple_414_6_g60.root
Begin processing the 1st record. Run 1, Event 139179834, LumiSection 18008 at 27-Nov-2012 02:42:59.063 EET
Begin processing the 1001st record. Run 1, Event 482434554, LumiSection 62419 at 27-Nov-2012 02:43:07.002 EET
Begin processing the 2001st record. Run 1, Event 202093404, LumiSection 26148 at 27-Nov-2012 02:43:09.370 EET
Begin processing the 3001st record. Run 1, Event 124951930, LumiSection 16167 at 27-Nov-2012 02:43:11.727 EET
Begin processing the 4001st record. Run 1, Event 78924867, LumiSection 10212 at 27-Nov-2012 02:43:15.799 EET
Begin processing the 5001st record. Run 1, Event 132126113, LumiSection 17095 at 27-Nov-2012 02:43:18.059 EET
Begin processing the 6001st record. Run 1, Event 478418093, LumiSection 61900 at 27-Nov-2012 02:43:20.522 EET
Begin processing the 7001st record. Run 1, Event 138795782, LumiSection 17958 at 27-Nov-2012 02:43:24.388 EET
Begin processing the 8001st record. Run 1, Event 78352769, LumiSection 10138 at 27-Nov-2012 02:43:26.942 EET
Begin processing the 9001st record. Run 1, Event 250939270, LumiSection 32468 at 27-Nov-2012 02:43:29.500 EET
27-Nov-2012 02:43:30 EET  Closed file file:/hdfs/cms/store/user/mario/QCD_Pt_30_80_EMEnriched_TuneZ2star_8TeV_pythia6/Summer12-stop-pfele-step1/3d176ac8da5e9dff208d057f4733ca91/tuple_414_6_g60.root
27-Nov-2012 02:43:30 EET  Initiating request to open file file:/hdfs/cms/store/user/mario/QCD_Pt_30_80_EMEnriched_TuneZ2star_8TeV_pythia6/Summer12-stop-pfele-step1/3d176ac8da5e9dff208d057f4733ca91/tuple_415_9_OpY.root
27-Nov-2012 02:43:31 EET  Successfully opened file file:/hdfs/cms/store/user/mario/QCD_Pt_30_80_EMEnriched_TuneZ2star_8TeV_pythia6/Summer12-stop-pfele-step1/3d176ac8da5e9dff208d057f4733ca91/tuple_415_9_OpY.root
Begin processing the 10001st record. Run 1, Event 297223253, LumiSection 38456 at 27-Nov-2012 02:43:43.542 EET
Begin processing the 11001st record. Run 1, Event 328091414, LumiSection 42450 at 27-Nov-2012 02:43:46.157 EET
Begin processing the 12001st record. Run 1, Event 521663593, LumiSection 67495 at 27-Nov-2012 02:43:48.730 EET
Begin processing the 13001st record. Run 1, Event 151567495, LumiSection 19611 at 27-Nov-2012 02:43:53.046 EET
Begin processing the 14001st record. Run 1, Event 117145743, LumiSection 15157 at 27-Nov-2012 02:43:55.413 EET
Begin processing the 15001st record. Run 1, Event 372585558, LumiSection 48207 at 27-Nov-2012 02:43:57.927 EET
Begin processing the 16001st record. Run 1, Event 229562863, LumiSection 29702 at 27-Nov-2012 02:44:01.068 EET
Begin processing the 17001st record. Run 1, Event 195210290, LumiSection 25257 at 27-Nov-2012 02:44:05.285 EET
Begin processing the 18001st record. Run 1, Event 456603716, LumiSection 59077 at 27-Nov-2012 02:44:07.920 EET
Begin processing the 19001st record. Run 1, Event 215934233, LumiSection 27939 at 27-Nov-2012 02:44:10.471 EET
27-Nov-2012 02:44:10 EET  Closed file file:/hdfs/cms/store/user/mario/QCD_Pt_30_80_EMEnriched_TuneZ2star_8TeV_pythia6/Summer12-stop-pfele-step1/3d176ac8da5e9dff208d057f4733ca91/tuple_415_9_OpY.root
27-Nov-2012 02:44:10 EET  Initiating request to open file file:/hdfs/cms/store/user/mario/QCD_Pt_30_80_EMEnriched_TuneZ2star_8TeV_pythia6/Summer12-stop-pfele-step1/3d176ac8da5e9dff208d057f4733ca91/tuple_416_3_3Ck.root
27-Nov-2012 02:44:11 EET  Successfully opened file file:/hdfs/cms/store/user/mario/QCD_Pt_30_80_EMEnriched_TuneZ2star_8TeV_pythia6/Summer12-stop-pfele-step1/3d176ac8da5e9dff208d057f4733ca91/tuple_416_3_3Ck.root
Begin processing the 20001st record. Run 1, Event 133533518, LumiSection 17277 at 27-Nov-2012 02:44:20.696 EET
Begin processing the 21001st record. Run 1, Event 493141786, LumiSection 63805 at 27-Nov-2012 02:44:23.132 EET
Begin processing the 22001st record. Run 1, Event 234893381, LumiSection 30392 at 27-Nov-2012 02:44:25.527 EET
Begin processing the 23001st record. Run 1, Event 501901488, LumiSection 64938 at 27-Nov-2012 02:44:28.648 EET
Begin processing the 24001st record. Run 1, Event 486702745, LumiSection 62971 at 27-Nov-2012 02:44:31.299 EET
27-Nov-2012 02:44:33 EET  Closed file file:/hdfs/cms/store/user/mario/QCD_Pt_30_80_EMEnriched_TuneZ2star_8TeV_pythia6/Summer12-stop-pfele-step1/3d176ac8da5e9dff208d057f4733ca91/tuple_416_3_3Ck.root
27-Nov-2012 02:44:33 EET  Initiating request to open file file:/hdfs/cms/store/user/mario/QCD_Pt_30_80_EMEnriched_TuneZ2star_8TeV_pythia6/Summer12-stop-pfele-step1/3d176ac8da5e9dff208d057f4733ca91/tuple_417_2_4qC.root
27-Nov-2012 02:44:33 EET  Successfully opened file file:/hdfs/cms/store/user/mario/QCD_Pt_30_80_EMEnriched_TuneZ2star_8TeV_pythia6/Summer12-stop-pfele-step1/3d176ac8da5e9dff208d057f4733ca91/tuple_417_2_4qC.root
Begin processing the 25001st record. Run 1, Event 382606330, LumiSection 49503 at 27-Nov-2012 02:44:38.750 EET
Begin processing the 26001st record. Run 1, Event 387516001, LumiSection 50138 at 27-Nov-2012 02:44:41.605 EET
27-Nov-2012 02:44:42 EET  Closed file file:/hdfs/cms/store/user/mario/QCD_Pt_30_80_EMEnriched_TuneZ2star_8TeV_pythia6/Summer12-stop-pfele-step1/3d176ac8da5e9dff208d057f4733ca91/tuple_417_2_4qC.root
27-Nov-2012 02:44:42 EET  Initiating request to open file file:/hdfs/cms/store/user/mario/QCD_Pt_30_80_EMEnriched_TuneZ2star_8TeV_pythia6/Summer12-stop-pfele-step1/3d176ac8da5e9dff208d057f4733ca91/tuple_207_2_Sch.root
27-Nov-2012 02:44:42 EET  Successfully opened file file:/hdfs/cms/store/user/mario/QCD_Pt_30_80_EMEnriched_TuneZ2star_8TeV_pythia6/Summer12-stop-pfele-step1/3d176ac8da5e9dff208d057f4733ca91/tuple_207_2_Sch.root
Begin processing the 27001st record. Run 1, Event 268310550, LumiSection 34715 at 27-Nov-2012 02:44:52.874 EET
Begin processing the 28001st record. Run 1, Event 138045155, LumiSection 17861 at 27-Nov-2012 02:44:55.566 EET
Begin processing the 29001st record. Run 1, Event 159389717, LumiSection 20623 at 27-Nov-2012 02:44:58.133 EET
Begin processing the 30001st record. Run 1, Event 442892298, LumiSection 57303 at 27-Nov-2012 02:45:04.053 EET
Begin processing the 31001st record. Run 1, Event 533492585, LumiSection 69025 at 27-Nov-2012 02:45:07.198 EET
Begin processing the 32001st record. Run 1, Event 555782981, LumiSection 71909 at 27-Nov-2012 02:45:10.096 EET
Begin processing the 33001st record. Run 1, Event 252403384, LumiSection 32657 at 27-Nov-2012 02:45:15.973 EET
Begin processing the 34001st record. Run 1, Event 515302852, LumiSection 66672 at 27-Nov-2012 02:45:18.454 EET
Begin processing the 35001st record. Run 1, Event 556074122, LumiSection 71947 at 27-Nov-2012 02:45:20.960 EET
27-Nov-2012 02:45:23 EET  Closed file file:/hdfs/cms/store/user/mario/QCD_Pt_30_80_EMEnriched_TuneZ2star_8TeV_pythia6/Summer12-stop-pfele-step1/3d176ac8da5e9dff208d057f4733ca91/tuple_207_2_Sch.root
27-Nov-2012 02:45:23 EET  Initiating request to open file file:/hdfs/cms/store/user/mario/QCD_Pt_30_80_EMEnriched_TuneZ2star_8TeV_pythia6/Summer12-stop-pfele-step1/3d176ac8da5e9dff208d057f4733ca91/tuple_204_1_sBP.root
27-Nov-2012 02:45:23 EET  Successfully opened file file:/hdfs/cms/store/user/mario/QCD_Pt_30_80_EMEnriched_TuneZ2star_8TeV_pythia6/Summer12-stop-pfele-step1/3d176ac8da5e9dff208d057f4733ca91/tuple_204_1_sBP.root
Begin processing the 36001st record. Run 1, Event 94464407, LumiSection 12223 at 27-Nov-2012 02:45:35.860 EET
Begin processing the 37001st record. Run 1, Event 156813556, LumiSection 20289 at 27-Nov-2012 02:45:38.374 EET
Begin processing the 38001st record. Run 1, Event 183411917, LumiSection 23731 at 27-Nov-2012 02:45:40.763 EET
Begin processing the 39001st record. Run 1, Event 326364561, LumiSection 42226 at 27-Nov-2012 02:45:43.181 EET
27-Nov-2012 02:45:47 EET  Closed file file:/hdfs/cms/store/user/mario/QCD_Pt_30_80_EMEnriched_TuneZ2star_8TeV_pythia6/Summer12-stop-pfele-step1/3d176ac8da5e9dff208d057f4733ca91/tuple_204_1_sBP.root

=============================================

MessageLogger Summary

 type     category        sev    module        subroutine        count    total
 ---- -------------------- -- ---------------- ----------------  -----    -----
    1 fileAction           -s file_close                             6        6
    2 fileAction           -s file_open                             12       12

 type    category    Examples: run/evt        run/evt          run/evt
 ---- -------------------- ---------------- ---------------- ----------------
    1 fileAction           PostProcessEvent PostProcessEvent PostEndRun
    2 fileAction           pre-events       pre-events       PostProcessEvent

Severity    # Occurrences   Total Occurrences
--------    -------------   -----------------
System                 18                  18
>>> END OF printout of 76 lines from stdout+stderr
>>> Parse FrameworkJobReport crab_fjr.xml
Result of parsing the FrameworkJobReport crab_fjr.xml: Popularity start
lumisRange : 1::14422,16107,19131,19202,19511,19671,30605,31376,34798,35030,36590,37587,45857,49099,49503,50138,55499,57034,59386,62102,65578,65790,67106,67533,68770,69894,70593::1;1::10517,10898,10945,13844,14156,14167,14268,14628,14637,14655,14675,14772,15090,15157,15268,15535,15709,15787,15922,16098,16194,16534,16556,16617,16686,16729,16855,16960,17334,17339,17714,17771,19144,19160,19389,19611,19687,20216,20282,20342,20492,20624,20670,20715,20717,20872,21608,22200,22545,22566,22691,22729,22872,22874,23053,23358,23467,23580,24620,24727,25048,25257,25535,25738,26283,27077,27438,27479,27796,27939,29157,29702,30519,31868,31927,32987,33312,33653,33831,34111,34427,35129,35227,35490,35986,36746,36903-36904,37512,37576,37749,37799,38044,38456,38538,38551,39322,39330,39423,39475,40247,40265,40999,41935,42427,42450,42489,43027,43534,44329,44542,45007,45270,45464,45494,45560,45870,46030,46957,47351,47571,48207,48290,48780,49393,49934,50433,50782,51208,51335,52120,52683,53515,54106,55539,55856,57236,57279,57744,57754,58609,58612,59077,59557,60084,60466,60957,61245,62550,64920,65244,65312,65349,65799,66185,66889,66981,67473,67495,67531,67984,68164,68904,69662,69764,70374,70811,71000,71269::2;1::8112,8173,8939,10138,10149,10212,10286,11049,11477,13575,14287,14495,14540,14916,15047,15322,15403,15521,15561,15575,15656,16025,16067,16167,16352,16775,16982,17035,17095,17323,17498,17530,17586,17779,17826,17903,17958,18008,18085,18100,18230,18374,18489,18884,19113,19222,19321,19701,20068,20275,20384,20446,20634,20645,20657,21836,22594,22633,23592,26148,26787,27080,27231,27268,27290,27538,28528,28883,29417,29646,30028,30152,30822,31903,32372,32425,32468,32871,33727,34135,35959,36119,37434,37452,39715,39997,40161,41664,42186,42458,42533,42774,43010,43079,44482,45317,46190,47090,47291,48477,48556,49035,49146,50150,50263,50333,51965,53117,53263,53669,54563,55035,55087,55321,55992,56323,56492,56993,57553,57938,58268,59107,60432,60836,60955,61399,61670,61900,62284,62419,62445,62671,62860,62896,63061,63737,64048,64093,64297,64303,64389,64436,64916,65259,65312,65341,65572,65615,65930,66138,66189,66323,66364,66620,66704,66846,67771,68276,68505,69284,70906,71228::3;1::12223-12224,13056,13082,13143,13545,14526,14743,14806,14853,15095,15718,16944,17605,19754,19795,20289,20408,20411,20421,20565,20633,20639,20800,20818,21502,22401,22550,22661,23461,23518,23731,24083,24567,25758,25937,26909,27692,29127,29424,29712,31360,31835,32761,33554,34822,35001,35298,35357,35473,35525,35678,35745,36157,36213,36498,37052,37458,38285,38300,39315,42226,42619,45597,47248,64238::4;1::11048,14018,14934,15719,15963,16713,17277,17773,19037,22132,22699,22708,27508,27772,28308,28547,28577,29980,30044,30392,30570,31083,32138,32690,34764,35314,35902,35986,38565,39065,40016,41205,41699,41717,41931,42611,42850,43020,43416,44207,45848,45923,47956,49127,50958,53067,53951,55796,56728,61698,61730,62435,62472,62653,62971,63167,63415,63459,63775,63805,64262,64289,64466,64471,64938,65034,65308,65343,65515,65621,66197,66373,67081,67107,67302,68017-68018,68734,69200,69321,69425,69435,69539,69761,69777,69789,69890,70242,70298,70375,70884,70932,71245,71305,72197::5;1::16394,16431,16484,16527,16582,16608,16656,16687,16730,17034,17045,17146,17151,17198,17200,17243,17275,17377,17571,17695,17822,17853,17861,17966,18342,18378,18396,18469,18532,18604,18610,18651,18719,18960,19503,19557,19560,19582,19889,19942,20160,20256,20298,20343,20355,20392,20513,20623,20880,21260,22099,23074,24935,25106,27265,27729,28281,28805,28946,29018,29359,29999,31089,31265,31399,31730,32657,32958,33178,33408,33718,33869,33959,34343,34392,34715,35115,35260,35343,35801,35966,35983,36017,46787,48026,48534,51579,52168,52528,52604,53492,53740,54768,55045,55825,57146,57201,57303,57712,57794,57800,58336,58935,58969,59400,59551,60884,61156,61161,62877,62901,63502,65460,65680,65690,66269,66672,66726,67044,67197,67251,67299,67378,67530,67868,68032,68189,68461,68464,68613,68761,68799,68955,69025,69163,69711,69745,69805,69882,69895,70217,70427,70493,70598,70806,70897,71146,71277,71300,71323,71343,71509,71602,71786,71881,71909,71947,72014,72029,72079,72247,72277,72306,72384,72537,72543,72567,72579::6;
lumisParentRange : 
Basename : /store/user/mario/QCD_Pt_30_80_EMEnriched_TuneZ2star_8TeV_pythia6/Summer12-stop-pfele-step1/3d176ac8da5e9dff208d057f4733ca91/tuple_
BasenameParent : 
parentFiles : 
inputBlocks : /QCD_Pt_30_80_EMEnriched_TuneZ2star_8TeV_pythia6/mario-Summer12-stop-pfele-step1-3d176ac8da5e9dff208d057f4733ca91/USER#8a92f640-f537-45f1-b46c-e85f5627347f
inputFiles : 417_2_4qC.root::1::EDM::Local::1;415_9_OpY.root::1::EDM::Local::2;414_6_g60.root::1::EDM::Local::3;204_1_sBP.root::1::EDM::Local::4;416_3_3Ck.root::1::EDM::Local::5;207_2_Sch.root::1::EDM::Local::6;
Popularity stop
Extracted ExitStatus from FrameworkJobReport parsing output: 0
>>> Executable succeded  0
ExeExitCode=0
EXECUTABLE_EXIT_STATUS = 0
>>> current directory /home/cms030/home_crce1_514596162/CREAM514596162/glide_z30077/execute/dir_16242/CMSSW_5_3_5
>>>  (SOFTWARE_DIR): /home/cms030/home_crce1_514596162/CREAM514596162/glide_z30077/execute/dir_16242/CMSSW_5_3_5
>>> (WORKING_DIR): 
>>> current directory content:
total 152
drwxr-xr-x 3 cms030 cms  4096 Nov 27 02:41 .SCRAM
-rw-r--r-- 1 cms030 cms 30066 Nov 27 02:41 CMSSW.py.pkl
drwxr-xr-x 3 cms030 cms  4096 Nov 27 02:41 bin
drwxr-xr-x 3 cms030 cms  4096 Nov 27 02:41 cfipython
drwxr-xr-x 5 cms030 cms  4096 Nov 27 02:41 config
-rw-r--r-- 1 cms030 cms    16 Nov 27 02:45 cpu_timing.txt
drwxr-xr-x 2 cms030 cms  4096 Nov 27 02:41 doc
-rw-r--r-- 1 cms030 cms  9016 Nov 27 02:45 executable.out
drwxr-xr-x 2 cms030 cms  4096 Nov 27 02:41 include
drwxrwxrwx 3 cms030 cms  4096 Oct 22 16:38 lib
drwxr-xr-x 3 cms030 cms  4096 Nov 27 02:41 logs
drwxr-xr-x 3 cms030 cms  4096 Nov 27 02:41 objs
-rw-r--r-- 1 cms030 cms 16386 Nov 27 02:45 optHistograms.root
-rw-r--r-- 1 cms030 cms   104 Nov 27 02:42 pset.py
-rw-r--r-- 1 cms030 cms 19634 Nov 27 02:42 pset.py.pkl
-rw-r--r-- 1 cms030 cms   289 Nov 27 02:42 pset.pyc
drwxr-xr-x 2 cms030 cms  4096 Nov 27 02:41 python
-rw-r--r-- 1 cms030 cms   420 Nov 27 02:45 report.log
drwxrwxrwx 4 cms030 cms  4096 Nov 27 02:41 src
drwxr-xr-x 3 cms030 cms  4096 Nov 27 02:41 test
drwxr-xr-x 3 cms030 cms  4096 Nov 27 02:41 tmp
>>> current directory /home/cms030/home_crce1_514596162/CREAM514596162/glide_z30077/execute/dir_16242/CMSSW_5_3_5
>>> (SOFTWARE_DIR): /home/cms030/home_crce1_514596162/CREAM514596162/glide_z30077/execute/dir_16242/CMSSW_5_3_5
>>> (WORKING_DIR): 
>>> current directory content:
total 132
drwxr-xr-x 3 cms030 cms  4096 Nov 27 02:41 .SCRAM
-rw-r--r-- 1 cms030 cms 30066 Nov 27 02:41 CMSSW.py.pkl
drwxr-xr-x 3 cms030 cms  4096 Nov 27 02:41 bin
drwxr-xr-x 3 cms030 cms  4096 Nov 27 02:41 cfipython
drwxr-xr-x 5 cms030 cms  4096 Nov 27 02:41 config
-rw-r--r-- 1 cms030 cms    16 Nov 27 02:45 cpu_timing.txt
drwxr-xr-x 2 cms030 cms  4096 Nov 27 02:41 doc
-rw-r--r-- 1 cms030 cms  9016 Nov 27 02:45 executable.out
drwxr-xr-x 2 cms030 cms  4096 Nov 27 02:41 include
drwxrwxrwx 3 cms030 cms  4096 Oct 22 16:38 lib
drwxr-xr-x 3 cms030 cms  4096 Nov 27 02:41 logs
drwxr-xr-x 3 cms030 cms  4096 Nov 27 02:41 objs
-rw-r--r-- 1 cms030 cms   104 Nov 27 02:42 pset.py
-rw-r--r-- 1 cms030 cms 19634 Nov 27 02:42 pset.py.pkl
-rw-r--r-- 1 cms030 cms   289 Nov 27 02:42 pset.pyc
drwxr-xr-x 2 cms030 cms  4096 Nov 27 02:41 python
-rw-r--r-- 1 cms030 cms   420 Nov 27 02:45 report.log
drwxrwxrwx 4 cms030 cms  4096 Nov 27 02:41 src
drwxr-xr-x 3 cms030 cms  4096 Nov 27 02:41 test
drwxr-xr-x 3 cms030 cms  4096 Nov 27 02:41 tmp
>>> current directory (RUNTIME_AREA):  /home/cms030/home_crce1_514596162/CREAM514596162/glide_z30077/execute/dir_16242
>>> current dir: /home/cms030/home_crce1_514596162/CREAM514596162/glide_z30077/execute/dir_16242
>>> current dir content:
total 25788
-rw-rw-rw-  1 cms030 cms     5604 Nov 27 02:41 .job.ad
-rw-rw-rw-  1 cms030 cms    11523 Nov 27 02:41 .machine.ad
-rw-rw-rw-  1 cms030 cms      105 Nov 27 01:33 CMSSW.py
-rw-rw-rw-  1 cms030 cms    30066 Nov 27 01:33 CMSSW.py.pkl
-rwxrw-rw-  1 cms030 cms    23337 Nov 27 02:41 CMSSW.sh
-rw-rw-rw-  1 cms030 cms        0 Nov 27 02:41 CMSSW_57.stderr
-rw-rw-rw-  1 cms030 cms    25386 Nov 27 02:46 CMSSW_57.stdout
drwxr-xr-x 15 cms030 cms     4096 Nov 27 02:46 CMSSW_5_3_5
-rw-r--r--  1 cms030 cms      347 Nov 27 02:41 CacheEnv.sh
-rw-rw-rw-  1 cms030 cms     7291 Jun  9  2010 DashboardAPI.py
-rw-r--r--  1 cms030 cms     6883 Nov 27 02:41 DashboardAPI.pyc
drwxrwxrwx  3 cms030 cms     4096 Nov 27 02:45 IMProv
-rw-rw-rw-  1 cms030 cms     2748 Mar  8  2006 Logger.py
-rw-r--r--  1 cms030 cms     3353 Nov 27 02:41 Logger.pyc
-rw-rw-rw-  1 cms030 cms    24524 Mar 28  2008 ProcInfo.py
-rw-r--r--  1 cms030 cms    23470 Nov 27 02:41 ProcInfo.pyc
drwxrwxrwx  7 cms030 cms     4096 Nov 27 02:42 ProdCommon
drwxrwxrwx  3 cms030 cms     4096 Nov 27 02:41 WMCore
-rw-r--r--  1 cms030 cms     1860 Nov 27 02:45 Watchdog_57.log
-rw-rw-rw-  1 cms030 cms    32895 Mar 28  2008 apmon.py
-rw-r--r--  1 cms030 cms    28874 Nov 27 02:41 apmon.pyc
-rw-rw-rw-  1 cms030 cms   100223 Nov 27 02:41 arguments.xml
-rwxrwxrwx  1 cms030 cms    37427 Sep 13 14:14 cmscp.py
-rwxrwxrwx  1 cms030 cms    23337 Nov 27 02:41 condor_exec.exe
-rw-rw-rw-  1 cms030 cms      544 Nov 27 01:33 crab.cfg
-rwxrwxrwx  1 cms030 cms     9531 Sep 20 21:46 crabWatchdog.sh
-rw-r--r--  1 cms030 cms    52292 Nov 27 02:45 crab_fjr_57.xml
-rw-rw-rw-  1 cms030 cms 25796307 Nov 27 02:41 default.tgz
-rwxrwxrwx  1 cms030 cms     4488 May 12  2012 fillCrabFjr.py
-rw-r--r--  1 cms030 cms     1080 Nov 27 02:42 inputsReport.txt
-rw-r--r--  1 cms030 cms      132 Nov 27 02:46 jobreport.txt
lrwxrwxrwx  1 cms030 cms      107 Nov 27 02:46 optHistograms.root -> /home/cms030/home_crce1_514596162/CREAM514596162/glide_z30077/execute/dir_16242/optHistograms_57_1_68q.root
-rw-r--r--  1 cms030 cms    16386 Nov 27 02:45 optHistograms_57_1_68q.root
-rw-rw-rw-  1 cms030 cms    17352 Jan 20  2012 parseCrabFjr.py
-rw-r--r--  1 cms030 cms      285 Nov 27 02:41 report.log
-rwxrwxrwx  1 cms030 cms     1497 May 27  2009 report.py
-rwxrwxrwx  1 cms030 cms     8387 Mar 23  2011 writeCfg.py
-rw-------  1 cms030 cms     8687 Nov 27 02:41 x509up_u1000009
Checking output files:  
will tar file optHistograms_57_1_68q.root in  out_files_57
will tar file crab_fjr_57.xml in  out_files_57
will tar file CMSSW_57.stdout in  out_files_57
will tar file CMSSW_57.stderr in  out_files_57
WARNING: output file Watchdog_57.log.gz not found!
>>> padding time: Sleeping the wrapper for 347 seconds
STOPPING WATCHDOG. CrabWatchdog PID is 23891
********** LAST 50 LINES OF WATCHDOG LOG
# RESOURCE USAGE SUMMARY FOR PROCESS ID 21142
USER       PID %CPU %MEM    VSZ   RSS TTY      STAT START   TIME COMMAND
cms030   21142  0.3  0.0   8956  1488 ?        S    02:41   0:00 /bin/sh /home/cms030/home_crce1_514596162/CREAM514596162/glide_z30077/execute/dir_16242/condor_exec.exe 57 1
 
# LIMITS USED BY THIS WATCHDOG:
# RSS  (KBytes)  : 2300000
# VSZ  (KBytes)  : 100000000
# DISK (MBytes)  : 19000
# CPU  (seconds) : 171600
# WALL (seconds) : 171600
 
# FOLLOWING PRINTOUT TRACKS MAXIMUM VALUES OF RESOURCES USE
# ONE LINE IS PRINTED EACH TIME A MAXIMUM CHANGES
# IF CHANGE WAS IN RSS OR VSZ ALSO PROCID AND COMMAND ARE PRINTED
# THERE IS NO PRINTOUT FOR CPU/WALL TIME INCREASE
 
# TIME			PID	RSS(KB)	VSZ(KB)	Dsk(MB)	tCPU(s)	tWALL(s)	COMMAND
 Nov 27 02:41:58 EET	3577	1344	8816	0	0	1408	/bin/bash /home/cms030/home_crce1_514596162/CREAM514596162/glide_z30077/main/condor_startup.sh glidein_config       
 Nov 27 02:41:58 EET	4234	6012	9704	0	0	1408	/home/cms030/home_crce1_514596162/CREAM514596162/glide_z30077/main/condor/sbin/condor_master -f -pidfile /home/cms030/home_crce1_514596162/CREAM514596162/glide_z30077/condor_master2.pid      
 Nov 27 02:41:58 EET	30017	6012	25504	0	0	1443	perl -e ?use Socket;??sub send_notify {? $cream_url = "193.40.150.141:49152";die "No
 Nov 27 02:41:58 EET	---	6012	25504	168	----	----	----
 Nov 27 02:43:04 EET	25320	350800	549988	168	16	57	cmsRun -j /home/cms030/home_crce1_514596162/CREAM514596162/glide_z30077/execute/dir_16242/crab_fjr_57.xml -p pset.py     
 Nov 27 02:44:11 EET	25320	350800	567140	168	62	124	cmsRun -j /home/cms030/home_crce1_514596162/CREAM514596162/glide_z30077/execute/dir_16242/crab_fjr_57.xml -p pset.py     
 Nov 27 02:45:18 EET	25320	356724	567140	168	103	190	cmsRun -j /home/cms030/home_crce1_514596162/CREAM514596162/glide_z30077/execute/dir_16242/crab_fjr_57.xml -p pset.py     
 Nov 27 02:46:23 EET	---	356724	567140	169	----	----	----
********** WATCHDOG LOG ENDED
ZIPPING WATCHDOG LOG
cut: write error: Broken pipe
Disk space used:
du -sh /home/cms030/home_crce1_514596162/CREAM514596162/glide_z30077/execute/dir_16242
169M	/home/cms030/home_crce1_514596162/CREAM514596162/glide_z30077/execute/dir_16242
>>> info for dashboard:
***** Cat /home/cms030/home_crce1_514596162/CREAM514596162/glide_z30077/execute/dir_16242/jobreport.txt *****
MonitorJobID=57_https://submit-2.t2.ucsd.edu//121127//17532.56
MonitorID=liis_crab_0_121127_013303_4cvb81
ExeTime=218
ExeExitCode=0
CrabUserCpuTime=110.49
CrabSysCpuTime=6.27
CrabCpuPercentage=53%
CrabWrapperTime=601
CrabStageoutTime=NULL
***** End Cat jobreport *****
Parameters sent to Dashboard.
optHistograms_57_1_68q.root
crab_fjr_57.xml
CMSSW_57.stdout
CMSSW_57.stderr
Watchdog_57.log.gz
tar: .BrokerInfo: Cannot stat: No such file or directory
tar: Error exit delayed from previous errors
Total Output dimension: 26048
WARNING: output files size limit is set to: 50000000
Total Output dimension 26048 is fine.
JOB_EXIT_STATUS = 0
>>> info for dashboard:
***** Cat /home/cms030/home_crce1_514596162/CREAM514596162/glide_z30077/execute/dir_16242/jobreport.txt *****
MonitorJobID=57_https://submit-2.t2.ucsd.edu//121127//17532.56
MonitorID=liis_crab_0_121127_013303_4cvb81
JobExitCode=0
***** End Cat jobreport *****
Parameters sent to Dashboard.
optHistograms_57_1_68q.root
crab_fjr_57.xml
