This script was generated by crab (version 2.8.3).
Running /home/cms003/home_crce1_432111072/CREAM432111072/glide_K15942/execute/dir_27774/condor_exec.exe with 2 positional parameters: 40 1
Today is Tue Nov 27 02:41:35 EET 2012
Job submitted on host wn-v-5096.local
Linux wn-v-5096.local 2.6.32-042stab059.7 #1 SMP Tue Jul 24 19:12:01 MSK 2012 x86_64 x86_64 x86_64 GNU/Linux
>>> current directory (RUNTIME_AREA): /home/cms003/home_crce1_432111072/CREAM432111072/glide_K15942/execute/dir_27774
>>> current user: uid=11003(cms003) gid=1400(cms) groups=1400(cms)
>>> voms proxy information:
subject   : /DC=ch/DC=cern/OU=Organic Units/OU=Users/CN=liis/CN=663550/CN=Liis Rebane/CN=proxy/CN=limited proxy
issuer    : /DC=ch/DC=cern/OU=Organic Units/OU=Users/CN=liis/CN=663550/CN=Liis Rebane/CN=proxy
identity  : /DC=ch/DC=cern/OU=Organic Units/OU=Users/CN=liis/CN=663550/CN=Liis Rebane/CN=proxy
type      : limited proxy
strength  : 512 bits
path      : /home/cms003/home_crce1_432111072/CREAM432111072/glide_K15942/execute/dir_27774/x509up_u1000009
timeleft  : 23:59:54
key usage : Digital Signature, Key Encipherment, Data Encipherment
=== VO cms extension information ===
VO        : cms
subject   : /DC=ch/DC=cern/OU=Organic Units/OU=Users/CN=liis/CN=663550/CN=Liis Rebane
issuer    : /DC=ch/DC=cern/OU=computers/CN=lcg-voms.cern.ch
attribute : /cms/Role=NULL/Capability=NULL
timeleft  : 190:44:02
uri       : lcg-voms.cern.ch:15002
>>> tar xzf /home/cms003/home_crce1_432111072/CREAM432111072/glide_K15942/execute/dir_27774/default.tgz :
Successful untar
>>> Include /home/cms003/home_crce1_432111072/CREAM432111072/glide_K15942/execute/dir_27774 in PYTHONPATH:
strip arguments
env var CRAB_UNIQUE_JOB_ID set to: liis_crab_0_121127_013303_4cvb81_40_1_E05
out_files_40
>>> list of expected files on output sandbox
output files: optHistograms_40_1_E05.root crab_fjr_40.xml CMSSW_40.stdout CMSSW_40.stderr Watchdog_40.log.gz
>>> GridFlavour discovery: 
GridFlavour=LCG
>>> SyncSite discovery: 
SyncSite=T2_EE_Estonia
>>> SyncCE discovery: 
getting SyncCE from CE_ID
SyncCE=cream1.hep.kbfi.ee:8443/cream-pbs-long
>>> info for dashboard:
***** Cat /home/cms003/home_crce1_432111072/CREAM432111072/glide_K15942/execute/dir_27774/jobreport.txt *****
MonitorJobID=40_https://submit-2.t2.ucsd.edu//121127//17532.39
SyncGridJobId=https://submit-2.t2.ucsd.edu//121127//17532.39
MonitorID=liis_crab_0_121127_013303_4cvb81
GridFlavour=LCG
SyncSite=T2_EE_Estonia
SyncCE=cream1.hep.kbfi.ee:8443/cream-pbs-long
***** End Cat jobreport *****
Parameters sent to Dashboard.
>>> setup environment
set SCRAM ARCH to slc5_amd64_gcc462
SCRAM_ARCH = slc5_amd64_gcc462
>>> setup CMS LCG environment:
set SCRAM ARCH and BUILD_ARCH to slc5_amd64_gcc462 ###
Sourcing environment... 
sourcing /cvmfs/cms.cern.ch/cmsset_default.sh
==> setup cms environment ok
>>> specific cmssw setup environment:
CMSSW_VERSION =  CMSSW_5_3_5
>>> current directory (SOFTWARE_DIR): /home/cms003/home_crce1_432111072/CREAM432111072/glide_K15942/execute/dir_27774/CMSSW_5_3_5
PreserveSeeds: <>
IncrementSeeds:<>
{}
WNHostName=wn-v-5096.local
>>> info for dashboard:
***** Cat /home/cms003/home_crce1_432111072/CREAM432111072/glide_K15942/execute/dir_27774/jobreport.txt *****
MonitorJobID=40_https://submit-2.t2.ucsd.edu//121127//17532.39
MonitorID=liis_crab_0_121127_013303_4cvb81
WNHostName=wn-v-5096.local
***** End Cat jobreport *****
Parameters sent to Dashboard.
crabWatchdog started as process 27939
>>> moving CMSSW software directories in /home/cms003/home_crce1_432111072/CREAM432111072/glide_K15942/execute/dir_27774/CMSSW_5_3_5
mv: cannot stat `/home/cms003/home_crce1_432111072/CREAM432111072/glide_K15942/execute/dir_27774/module/': No such file or directory
>>> Include /home/cms003/home_crce1_432111072/CREAM432111072/glide_K15942/execute/dir_27774 in PYTHONPATH:
PYTHONPATH=/home/cms003/home_crce1_432111072/CREAM432111072/glide_K15942/execute/dir_27774/:/home/cms003/home_crce1_432111072/CREAM432111072/glide_K15942/execute/dir_27774/CMSSW_5_3_5/python:/home/cms003/home_crce1_432111072/CREAM432111072/glide_K15942/execute/dir_27774/CMSSW_5_3_5/lib/slc5_amd64_gcc462:/cvmfs/cms.cern.ch/slc5_amd64_gcc462/cms/cmssw/CMSSW_5_3_5/python:/cvmfs/cms.cern.ch/slc5_amd64_gcc462/cms/cmssw/CMSSW_5_3_5/lib/slc5_amd64_gcc462:/cvmfs/cms.cern.ch/slc5_amd64_gcc462/cms/coral/CORAL_2_3_21-cms27/slc5_amd64_gcc462/python:/cvmfs/cms.cern.ch/slc5_amd64_gcc462/cms/coral/CORAL_2_3_21-cms27/slc5_amd64_gcc462/lib:/cvmfs/cms.cern.ch/slc5_amd64_gcc462/external/pyqt/4.8.1/lib/python2.6/site-packages:/cvmfs/cms.cern.ch/slc5_amd64_gcc462/external/py2-scipy/0.8.0/lib/python2.6/site-packages:/cvmfs/cms.cern.ch/slc5_amd64_gcc462/external/py2-matplotlib/1.0.1/lib/python2.6/site-packages:/cvmfs/cms.cern.ch/slc5_amd64_gcc462/external/python-ldap/2.3.5/lib/python2.6/site-packages:/cvmfs/cms.cern.ch/slc5_amd64_gcc462/external/sip/4.11.2/lib/python2.6/site-packages:/cvmfs/cms.cern.ch/slc5_amd64_gcc462/external/py2-pycurl/7.19.0/lib/python2.6/site-packages:/cvmfs/cms.cern.ch/slc5_amd64_gcc462/external/py2-numpy/1.6.1/lib/python2.6/site-packages:/cvmfs/cms.cern.ch/slc5_amd64_gcc462/external/py2-ipython/0.10/lib/python2.6/site-packages:/cvmfs/cms.cern.ch/slc5_amd64_gcc462/external/py2-cx-oracle/5.1-cms11/lib/python2.6/site-packages:/cvmfs/cms.cern.ch/slc5_amd64_gcc462/external/py2-cjson/1.0.5/lib/python2.6/site-packages:/cvmfs/cms.cern.ch/slc5_amd64_gcc462/cms/das-client/1.4.1-cms8/bin:/cvmfs/cms.cern.ch/slc5_amd64_gcc462/external/elementtree/1.2.6/share/lib/python2.6/site-packages:/cvmfs/cms.cern.ch/slc5_amd64_gcc462/external/rivet/1.5.1-cms10/lib/python2.6/site-packages:/cvmfs/cms.cern.ch/slc5_amd64_gcc462/external/pyminuit2/0.0.1-cms34/lib/python2.6/site-packages:/cvmfs/cms.cern.ch/slc5_amd64_gcc462/external/professor/1.0.0-cms35/lib/python2.6/site-packages:/cvmfs/cms.cern.ch/slc5_amd64_gcc462/lcg/root/5.32.00-cms18/lib:/cvmfs/cms.cern.ch/slc5_amd64_gcc462/cms/dbs-client/DBS_2_1_1_patch1_1/lib:/cvmfs/cms.cern.ch/slc5_amd64_gcc462/cms/dbs-client/DBS_2_1_1_patch1_1/lib/DBSAPI:/home/cms003/home_crce1_432111072/CREAM432111072/glide_K15942/execute/dir_27774/
241a2a19cb7c5c8751ba22759ab3bdb0
PSETHASH = 241a2a19cb7c5c8751ba22759ab3bdb0
/home/cms003/home_crce1_432111072/CREAM432111072/glide_K15942/execute/dir_27774/writeCfg.py pset.py pset.py
Importing .py file
Setting parameters
inputBlocks=/QCD_Pt_30_80_EMEnriched_TuneZ2star_8TeV_pythia6/mario-Summer12-stop-pfele-step1-3d176ac8da5e9dff208d057f4733ca91/USER#8a92f640-f537-45f1-b46c-e85f5627347f
inputFiles=/store/user/mario/QCD_Pt_30_80_EMEnriched_TuneZ2star_8TeV_pythia6/Summer12-stop-pfele-step1/3d176ac8da5e9dff208d057f4733ca91/tuple_361_3_F7i.root;/store/user/mario/QCD_Pt_30_80_EMEnriched_TuneZ2star_8TeV_pythia6/Summer12-stop-pfele-step1/3d176ac8da5e9dff208d057f4733ca91/tuple_362_5_RrS.root;/store/user/mario/QCD_Pt_30_80_EMEnriched_TuneZ2star_8TeV_pythia6/Summer12-stop-pfele-step1/3d176ac8da5e9dff208d057f4733ca91/tuple_363_5_S6F.root;/store/user/mario/QCD_Pt_30_80_EMEnriched_TuneZ2star_8TeV_pythia6/Summer12-stop-pfele-step1/3d176ac8da5e9dff208d057f4733ca91/tuple_364_2_JAX.root;/store/user/mario/QCD_Pt_30_80_EMEnriched_TuneZ2star_8TeV_pythia6/Summer12-stop-pfele-step1/3d176ac8da5e9dff208d057f4733ca91/tuple_365_8_OAq.root
parentFiles=
lumisRange=
>>> Executable cmsRun
/cvmfs/cms.cern.ch/slc5_amd64_gcc462/cms/cmssw/CMSSW_5_3_5/bin/slc5_amd64_gcc462/cmsRun
ok executable found
>>> info for dashboard:
***** Cat /home/cms003/home_crce1_432111072/CREAM432111072/glide_K15942/execute/dir_27774/jobreport.txt *****
MonitorJobID=40_https://submit-2.t2.ucsd.edu//121127//17532.39
MonitorID=liis_crab_0_121127_013303_4cvb81
ExeStart=cmsRun
***** End Cat jobreport *****
Parameters sent to Dashboard.
>>> cmsRun started at Tue Nov 27 00:41:56 UTC 2012
>>> cmsRun ended at Tue Nov 27 00:46:09 UTC 2012
>>> info for dashboard:
***** Cat /home/cms003/home_crce1_432111072/CREAM432111072/glide_K15942/execute/dir_27774/jobreport.txt *****
MonitorJobID=40_https://submit-2.t2.ucsd.edu//121127//17532.39
MonitorID=liis_crab_0_121127_013303_4cvb81
ExeEnd=cmsRun
***** End Cat jobreport *****
Parameters sent to Dashboard.
TIME_EXE = 253 sec
>>> cmsRun wrote 73 lines of stdout+stderr
>>> START OF printout of 73 lines from stdout+stderr
27-Nov-2012 02:42:34 EET  Initiating request to open file file:/hdfs/cms/store/user/mario/QCD_Pt_30_80_EMEnriched_TuneZ2star_8TeV_pythia6/Summer12-stop-pfele-step1/3d176ac8da5e9dff208d057f4733ca91/tuple_361_3_F7i.root
27-Nov-2012 02:42:47 EET  Successfully opened file file:/hdfs/cms/store/user/mario/QCD_Pt_30_80_EMEnriched_TuneZ2star_8TeV_pythia6/Summer12-stop-pfele-step1/3d176ac8da5e9dff208d057f4733ca91/tuple_361_3_F7i.root
Begin processing the 1st record. Run 1, Event 398410338, LumiSection 51548 at 27-Nov-2012 02:43:00.507 EET
Begin processing the 1001st record. Run 1, Event 428302401, LumiSection 55415 at 27-Nov-2012 02:43:06.894 EET
Begin processing the 2001st record. Run 1, Event 302648040, LumiSection 39158 at 27-Nov-2012 02:43:09.549 EET
27-Nov-2012 02:43:12 EET  Closed file file:/hdfs/cms/store/user/mario/QCD_Pt_30_80_EMEnriched_TuneZ2star_8TeV_pythia6/Summer12-stop-pfele-step1/3d176ac8da5e9dff208d057f4733ca91/tuple_361_3_F7i.root
27-Nov-2012 02:43:12 EET  Initiating request to open file file:/hdfs/cms/store/user/mario/QCD_Pt_30_80_EMEnriched_TuneZ2star_8TeV_pythia6/Summer12-stop-pfele-step1/3d176ac8da5e9dff208d057f4733ca91/tuple_362_5_RrS.root
27-Nov-2012 02:43:12 EET  Successfully opened file file:/hdfs/cms/store/user/mario/QCD_Pt_30_80_EMEnriched_TuneZ2star_8TeV_pythia6/Summer12-stop-pfele-step1/3d176ac8da5e9dff208d057f4733ca91/tuple_362_5_RrS.root
Begin processing the 3001st record. Run 1, Event 481896601, LumiSection 62350 at 27-Nov-2012 02:43:27.390 EET
Begin processing the 4001st record. Run 1, Event 106108249, LumiSection 13729 at 27-Nov-2012 02:43:30.507 EET
Begin processing the 5001st record. Run 1, Event 180465369, LumiSection 23350 at 27-Nov-2012 02:43:33.194 EET
Begin processing the 6001st record. Run 1, Event 249587451, LumiSection 32293 at 27-Nov-2012 02:43:35.594 EET
Begin processing the 7001st record. Run 1, Event 293218500, LumiSection 37938 at 27-Nov-2012 02:43:39.945 EET
Begin processing the 8001st record. Run 1, Event 359750794, LumiSection 46546 at 27-Nov-2012 02:43:42.662 EET
Begin processing the 9001st record. Run 1, Event 231864861, LumiSection 30000 at 27-Nov-2012 02:43:45.124 EET
Begin processing the 10001st record. Run 1, Event 71751119, LumiSection 9284 at 27-Nov-2012 02:43:49.241 EET
Begin processing the 11001st record. Run 1, Event 160912615, LumiSection 20820 at 27-Nov-2012 02:43:51.673 EET
Begin processing the 12001st record. Run 1, Event 148105279, LumiSection 19163 at 27-Nov-2012 02:43:54.827 EET
27-Nov-2012 02:43:56 EET  Closed file file:/hdfs/cms/store/user/mario/QCD_Pt_30_80_EMEnriched_TuneZ2star_8TeV_pythia6/Summer12-stop-pfele-step1/3d176ac8da5e9dff208d057f4733ca91/tuple_362_5_RrS.root
27-Nov-2012 02:43:56 EET  Initiating request to open file file:/hdfs/cms/store/user/mario/QCD_Pt_30_80_EMEnriched_TuneZ2star_8TeV_pythia6/Summer12-stop-pfele-step1/3d176ac8da5e9dff208d057f4733ca91/tuple_363_5_S6F.root
27-Nov-2012 02:43:57 EET  Successfully opened file file:/hdfs/cms/store/user/mario/QCD_Pt_30_80_EMEnriched_TuneZ2star_8TeV_pythia6/Summer12-stop-pfele-step1/3d176ac8da5e9dff208d057f4733ca91/tuple_363_5_S6F.root
Begin processing the 13001st record. Run 1, Event 408580010, LumiSection 52864 at 27-Nov-2012 02:44:12.449 EET
Begin processing the 14001st record. Run 1, Event 456821746, LumiSection 59105 at 27-Nov-2012 02:44:15.092 EET
Begin processing the 15001st record. Run 1, Event 553457096, LumiSection 71608 at 27-Nov-2012 02:44:17.730 EET
Begin processing the 16001st record. Run 1, Event 277972877, LumiSection 35965 at 27-Nov-2012 02:44:20.328 EET
Begin processing the 17001st record. Run 1, Event 538270771, LumiSection 69644 at 27-Nov-2012 02:44:26.657 EET
Begin processing the 18001st record. Run 1, Event 526645674, LumiSection 68139 at 27-Nov-2012 02:44:29.304 EET
Begin processing the 19001st record. Run 1, Event 200014098, LumiSection 25879 at 27-Nov-2012 02:44:32.848 EET
Begin processing the 20001st record. Run 1, Event 531005959, LumiSection 68704 at 27-Nov-2012 02:44:38.046 EET
Begin processing the 21001st record. Run 1, Event 499369676, LumiSection 64610 at 27-Nov-2012 02:44:40.420 EET
Begin processing the 22001st record. Run 1, Event 453747857, LumiSection 58708 at 27-Nov-2012 02:44:42.862 EET
27-Nov-2012 02:44:43 EET  Closed file file:/hdfs/cms/store/user/mario/QCD_Pt_30_80_EMEnriched_TuneZ2star_8TeV_pythia6/Summer12-stop-pfele-step1/3d176ac8da5e9dff208d057f4733ca91/tuple_363_5_S6F.root
27-Nov-2012 02:44:43 EET  Initiating request to open file file:/hdfs/cms/store/user/mario/QCD_Pt_30_80_EMEnriched_TuneZ2star_8TeV_pythia6/Summer12-stop-pfele-step1/3d176ac8da5e9dff208d057f4733ca91/tuple_364_2_JAX.root
27-Nov-2012 02:44:44 EET  Successfully opened file file:/hdfs/cms/store/user/mario/QCD_Pt_30_80_EMEnriched_TuneZ2star_8TeV_pythia6/Summer12-stop-pfele-step1/3d176ac8da5e9dff208d057f4733ca91/tuple_364_2_JAX.root
Begin processing the 23001st record. Run 1, Event 39451475, LumiSection 5105 at 27-Nov-2012 02:45:01.167 EET
Begin processing the 24001st record. Run 1, Event 105745378, LumiSection 13682 at 27-Nov-2012 02:45:04.173 EET
Begin processing the 25001st record. Run 1, Event 22891391, LumiSection 2962 at 27-Nov-2012 02:45:06.653 EET
Begin processing the 26001st record. Run 1, Event 37613366, LumiSection 4867 at 27-Nov-2012 02:45:11.175 EET
Begin processing the 27001st record. Run 1, Event 80542504, LumiSection 10421 at 27-Nov-2012 02:45:13.949 EET
Begin processing the 28001st record. Run 1, Event 395005409, LumiSection 51107 at 27-Nov-2012 02:45:16.646 EET
Begin processing the 29001st record. Run 1, Event 10946022, LumiSection 1417 at 27-Nov-2012 02:45:19.768 EET
Begin processing the 30001st record. Run 1, Event 16515282, LumiSection 2137 at 27-Nov-2012 02:45:26.443 EET
Begin processing the 31001st record. Run 1, Event 399249262, LumiSection 51657 at 27-Nov-2012 02:45:29.300 EET
Begin processing the 32001st record. Run 1, Event 411978327, LumiSection 53303 at 27-Nov-2012 02:45:32.554 EET
27-Nov-2012 02:45:33 EET  Closed file file:/hdfs/cms/store/user/mario/QCD_Pt_30_80_EMEnriched_TuneZ2star_8TeV_pythia6/Summer12-stop-pfele-step1/3d176ac8da5e9dff208d057f4733ca91/tuple_364_2_JAX.root
27-Nov-2012 02:45:33 EET  Initiating request to open file file:/hdfs/cms/store/user/mario/QCD_Pt_30_80_EMEnriched_TuneZ2star_8TeV_pythia6/Summer12-stop-pfele-step1/3d176ac8da5e9dff208d057f4733ca91/tuple_365_8_OAq.root
27-Nov-2012 02:45:33 EET  Successfully opened file file:/hdfs/cms/store/user/mario/QCD_Pt_30_80_EMEnriched_TuneZ2star_8TeV_pythia6/Summer12-stop-pfele-step1/3d176ac8da5e9dff208d057f4733ca91/tuple_365_8_OAq.root
Begin processing the 33001st record. Run 1, Event 561622467, LumiSection 72665 at 27-Nov-2012 02:45:45.674 EET
Begin processing the 34001st record. Run 1, Event 304610401, LumiSection 39412 at 27-Nov-2012 02:45:48.379 EET
Begin processing the 35001st record. Run 1, Event 361108796, LumiSection 46722 at 27-Nov-2012 02:45:51.530 EET
Begin processing the 36001st record. Run 1, Event 413993327, LumiSection 53564 at 27-Nov-2012 02:45:56.567 EET
Begin processing the 37001st record. Run 1, Event 251527911, LumiSection 32544 at 27-Nov-2012 02:45:59.118 EET
Begin processing the 38001st record. Run 1, Event 385922119, LumiSection 49932 at 27-Nov-2012 02:46:02.000 EET
Begin processing the 39001st record. Run 1, Event 435354056, LumiSection 56328 at 27-Nov-2012 02:46:05.019 EET
27-Nov-2012 02:46:08 EET  Closed file file:/hdfs/cms/store/user/mario/QCD_Pt_30_80_EMEnriched_TuneZ2star_8TeV_pythia6/Summer12-stop-pfele-step1/3d176ac8da5e9dff208d057f4733ca91/tuple_365_8_OAq.root

=============================================

MessageLogger Summary

 type     category        sev    module        subroutine        count    total
 ---- -------------------- -- ---------------- ----------------  -----    -----
    1 fileAction           -s file_close                             5        5
    2 fileAction           -s file_open                             10       10

 type    category    Examples: run/evt        run/evt          run/evt
 ---- -------------------- ---------------- ---------------- ----------------
    1 fileAction           PostProcessEvent PostProcessEvent PostEndRun
    2 fileAction           pre-events       pre-events       PostProcessEvent

Severity    # Occurrences   Total Occurrences
--------    -------------   -----------------
System                 15                  15
>>> END OF printout of 73 lines from stdout+stderr
>>> Parse FrameworkJobReport crab_fjr.xml
Result of parsing the FrameworkJobReport crab_fjr.xml: Popularity start
lumisRange : 1::5076,5220,7810,7950,15235,16689,22435,23708,24506,24664,24740,24987,25097,25263,25338,25367,25811,25822,25879,25938,26252,26290,26415,26947,26989,27310,27317,27546,27623,27788,27931,28748,28819,28931,28958,29535,30024,30369,30609,32412,32893,33354,33534,33783,34043,34251,34258,34378,34899,34967,35965,36623,37036,37500,37996,39332,39697,40707,41861,42503,43187,43936,45987,46880,47229,47630,48993,50834,51537,52080,52161,52310,52524,52632,52864,52867,53290,53396,54809,55395,56222,56342,56449,56541,56615,56750,56811,57099,57222,58324,58330,58405,58708,59105,59152,59177,59358,59402,59713,59787,59805,59922,60104,60148,60215,60226,60385,60420,60587,60654,60719,60985,61211,61448,61479,61633,61778,62302,62506,62997,63022,63115,63209,63610,63746,64030,64046,64116,64124,64341,64393,64421,64610,64617,64792,65233,65461,65558,65597,65688,66168,66559,66583,66824,66911,67135,67731,68010,68139,68704,68777,68788,69212,69644,69652,69785,70007,70017,70061,70445,71022,71045,71137,71220,71608,71692,71872,71945,72653::1;1::31095,31336,31679,32155,32435,32515,32938,33201,33263,33380,35170,35433,36326,38091,39158,39868,41059,41471,42839,43279,44318,44360,45149,48245,48717,49690,50794,50830,51094,51200,51342,51451,51504,51548,51885,52098,52614,52691,52793,52877,52883,53167,53493,54295,55415,56560,56838,57121,58251,59862,68303::2;1::1046,1075,1225,1309,1312,1334,1417,1436,1670,1795,1852,1935,2010,2051,2069,2096,2137,2186,2214,2219,2498,2530,2697,2883,2936,2962,2996,3059,3068,3180,3309,3700,3900,3905,4044,4114,4232,4306,4328,4332,4361,4446,4804,4867,5007,5055,5069,5105,5113,5163,5200,5273,5301,5422,5717,5764,5771,5826,5829,5840,5888,5907,5953,5967,5988,6038,6040,6073,6093,6108,6112,6152,6230,6412,6470,6742,6834,6840,6862,6917,7101,7160,7171,7184,7214,7351,7363,7585,7857,7896,10421,11741,12172,12243,12384,12815,12984,13014,13238,13381,13682,14189,14253,14873,15002,15008,15234,16420,16654,17667,18787,18865,19930,41376,45264,46120,47755,49005,50651,50659,50742,50852,50854,51107,51111,51167,51240,51246,51289,51389,51430,51574,51657,51727,51805,51820,51899,51910,51967,52230,52289,52305,52418,52499,52516,52611,52640,52993,53096,53303,53754,53772,53776,54439,54546,54946,55311,55679,56301,57011,57099,58617,61973,63208,64846,67901,70288,70965,71853::3;1::324,516,633,1348,1482,2229,2248,3498,3974,4433,4492,5127,6575,6603,7911,8611,8739,8791,8883,9028,9151,9271,9284,9288,9429,9460,9466,9757,10070,10245,10656,10984,11010,11059,11100,11761,11779,11905,12121,12353,12471,12640,12644,13224,13515,13729,14524,14532,14563,14608,14679,14756,15203,15562,15701,15730,16102,16467,17049,17241,17528,18825,19163,19797,19895,20344,20681,20703,20737,20820,21659,22412,22431,22695,22949,22964,23055,23213,23235,23350,23666,23707,24431,24996,25275,25355,25370,25507,25987,26365,26834,27065,27580,27651,27676,27718,27774,27920,28475,29037,29075,29079,29404,29530,30000,30425,30941,31551,31764,32293,32514,33823,34008,34041,34219,34705,35186,35641,36026,36220,36296,36796,36825,36849,37415,37449,37938,38837,40609,40678,40796,41150,41202,41333,41896,42062,43217,43697,44111,44408,44472,44657,45402,45522,46546,47796,47837,48012,48466,48810,49882,50399,50509,50834,53583,56780,57121,58494,58745,62350,62984,63962,65300,66318,68689,69699,69945,71415::4;1::20875,23640,25242,25875,25953,26179,26726,28755,28970,31267,31577,31818,32544,32583,32753,32999,33062,33125,33189,33403,35082,35276,36014,36115,36434,37298,37893,37907,38066,38203,38564,39192,39218,39412,39860,40836,40913,41550,41607,41661,42163,42257,42260,42315,42621,43671,43929,44282,45052,45111,46281,46414,46590,46722,47054,47370,47632-47633,48144,48834,49013,49368,49383,49439,49662,49717,49758,49764,49875,49895,49932,49947,49985,50239,50368,50477,50524,50598,50860,51030,51057,51127,51272,51489,51629,52012,52036,52432,52520,52879,53092,53113,53226,53262,53272,53564,53633,53668,53683-53684,53924,54024,54104,54244,54383,54410,54690,54872,54914,55371,55679,55816,56328,56616,56820,56912,57455,57511,58007,58108,58382,69868,71476,72141,72282,72331,72406,72552,72665,72865,72899::5;
lumisParentRange : 
Basename : /store/user/mario/QCD_Pt_30_80_EMEnriched_TuneZ2star_8TeV_pythia6/Summer12-stop-pfele-step1/3d176ac8da5e9dff208d057f4733ca91/tuple_36
BasenameParent : 
parentFiles : 
inputBlocks : /QCD_Pt_30_80_EMEnriched_TuneZ2star_8TeV_pythia6/mario-Summer12-stop-pfele-step1-3d176ac8da5e9dff208d057f4733ca91/USER#8a92f640-f537-45f1-b46c-e85f5627347f
inputFiles : 3_5_S6F.root::1::EDM::Local::1;1_3_F7i.root::1::EDM::Local::2;4_2_JAX.root::1::EDM::Local::3;2_5_RrS.root::1::EDM::Local::4;5_8_OAq.root::1::EDM::Local::5;
Popularity stop
Extracted ExitStatus from FrameworkJobReport parsing output: 0
>>> Executable succeded  0
ExeExitCode=0
EXECUTABLE_EXIT_STATUS = 0
>>> current directory /home/cms003/home_crce1_432111072/CREAM432111072/glide_K15942/execute/dir_27774/CMSSW_5_3_5
>>>  (SOFTWARE_DIR): /home/cms003/home_crce1_432111072/CREAM432111072/glide_K15942/execute/dir_27774/CMSSW_5_3_5
>>> (WORKING_DIR): 
>>> current directory content:
total 152
drwxr-xr-x 3 cms003 cms  4096 Nov 27 02:41 .SCRAM
-rw-r--r-- 1 cms003 cms 30066 Nov 27 02:41 CMSSW.py.pkl
drwxr-xr-x 3 cms003 cms  4096 Nov 27 02:41 bin
drwxr-xr-x 3 cms003 cms  4096 Nov 27 02:41 cfipython
drwxr-xr-x 5 cms003 cms  4096 Nov 27 02:41 config
-rw-r--r-- 1 cms003 cms    16 Nov 27 02:46 cpu_timing.txt
drwxr-xr-x 2 cms003 cms  4096 Nov 27 02:41 doc
-rw-r--r-- 1 cms003 cms  8379 Nov 27 02:46 executable.out
drwxr-xr-x 2 cms003 cms  4096 Nov 27 02:41 include
drwxrwxrwx 3 cms003 cms  4096 Oct 22 16:38 lib
drwxr-xr-x 3 cms003 cms  4096 Nov 27 02:41 logs
drwxr-xr-x 3 cms003 cms  4096 Nov 27 02:41 objs
-rw-r--r-- 1 cms003 cms 16465 Nov 27 02:46 optHistograms.root
-rw-r--r-- 1 cms003 cms   104 Nov 27 02:41 pset.py
-rw-r--r-- 1 cms003 cms 19497 Nov 27 02:41 pset.py.pkl
-rw-r--r-- 1 cms003 cms   289 Nov 27 02:41 pset.pyc
drwxr-xr-x 2 cms003 cms  4096 Nov 27 02:41 python
-rw-r--r-- 1 cms003 cms   420 Nov 27 02:46 report.log
drwxrwxrwx 4 cms003 cms  4096 Nov 27 02:41 src
drwxr-xr-x 3 cms003 cms  4096 Nov 27 02:41 test
drwxr-xr-x 3 cms003 cms  4096 Nov 27 02:41 tmp
>>> current directory /home/cms003/home_crce1_432111072/CREAM432111072/glide_K15942/execute/dir_27774/CMSSW_5_3_5
>>> (SOFTWARE_DIR): /home/cms003/home_crce1_432111072/CREAM432111072/glide_K15942/execute/dir_27774/CMSSW_5_3_5
>>> (WORKING_DIR): 
>>> current directory content:
total 132
drwxr-xr-x 3 cms003 cms  4096 Nov 27 02:41 .SCRAM
-rw-r--r-- 1 cms003 cms 30066 Nov 27 02:41 CMSSW.py.pkl
drwxr-xr-x 3 cms003 cms  4096 Nov 27 02:41 bin
drwxr-xr-x 3 cms003 cms  4096 Nov 27 02:41 cfipython
drwxr-xr-x 5 cms003 cms  4096 Nov 27 02:41 config
-rw-r--r-- 1 cms003 cms    16 Nov 27 02:46 cpu_timing.txt
drwxr-xr-x 2 cms003 cms  4096 Nov 27 02:41 doc
-rw-r--r-- 1 cms003 cms  8379 Nov 27 02:46 executable.out
drwxr-xr-x 2 cms003 cms  4096 Nov 27 02:41 include
drwxrwxrwx 3 cms003 cms  4096 Oct 22 16:38 lib
drwxr-xr-x 3 cms003 cms  4096 Nov 27 02:41 logs
drwxr-xr-x 3 cms003 cms  4096 Nov 27 02:41 objs
-rw-r--r-- 1 cms003 cms   104 Nov 27 02:41 pset.py
-rw-r--r-- 1 cms003 cms 19497 Nov 27 02:41 pset.py.pkl
-rw-r--r-- 1 cms003 cms   289 Nov 27 02:41 pset.pyc
drwxr-xr-x 2 cms003 cms  4096 Nov 27 02:41 python
-rw-r--r-- 1 cms003 cms   420 Nov 27 02:46 report.log
drwxrwxrwx 4 cms003 cms  4096 Nov 27 02:41 src
drwxr-xr-x 3 cms003 cms  4096 Nov 27 02:41 test
drwxr-xr-x 3 cms003 cms  4096 Nov 27 02:41 tmp
>>> current directory (RUNTIME_AREA):  /home/cms003/home_crce1_432111072/CREAM432111072/glide_K15942/execute/dir_27774
>>> current dir: /home/cms003/home_crce1_432111072/CREAM432111072/glide_K15942/execute/dir_27774
>>> current dir content:
total 25784
-rw-rw-rw-  1 cms003 cms     5605 Nov 27 02:41 .job.ad
-rw-rw-rw-  1 cms003 cms    11526 Nov 27 02:41 .machine.ad
-rw-rw-rw-  1 cms003 cms      105 Nov 27 01:33 CMSSW.py
-rw-rw-rw-  1 cms003 cms    30066 Nov 27 01:33 CMSSW.py.pkl
-rwxrw-rw-  1 cms003 cms    23337 Nov 27 02:41 CMSSW.sh
-rw-rw-rw-  1 cms003 cms        0 Nov 27 02:41 CMSSW_40.stderr
-rw-rw-rw-  1 cms003 cms    24440 Nov 27 02:46 CMSSW_40.stdout
drwxr-xr-x 15 cms003 cms     4096 Nov 27 02:46 CMSSW_5_3_5
-rw-r--r--  1 cms003 cms      347 Nov 27 02:41 CacheEnv.sh
-rw-rw-rw-  1 cms003 cms     7291 Jun  9  2010 DashboardAPI.py
-rw-r--r--  1 cms003 cms     6883 Nov 27 02:41 DashboardAPI.pyc
drwxrwxrwx  3 cms003 cms     4096 Nov 27 02:46 IMProv
-rw-rw-rw-  1 cms003 cms     2748 Mar  8  2006 Logger.py
-rw-r--r--  1 cms003 cms     3353 Nov 27 02:41 Logger.pyc
-rw-rw-rw-  1 cms003 cms    24524 Mar 28  2008 ProcInfo.py
-rw-r--r--  1 cms003 cms    23470 Nov 27 02:41 ProcInfo.pyc
drwxrwxrwx  7 cms003 cms     4096 Nov 27 02:41 ProdCommon
drwxrwxrwx  3 cms003 cms     4096 Nov 27 02:41 WMCore
-rw-r--r--  1 cms003 cms     2350 Nov 27 02:45 Watchdog_40.log
-rw-rw-rw-  1 cms003 cms    32895 Mar 28  2008 apmon.py
-rw-r--r--  1 cms003 cms    28874 Nov 27 02:41 apmon.pyc
-rw-rw-rw-  1 cms003 cms   100223 Nov 27 02:41 arguments.xml
-rwxrwxrwx  1 cms003 cms    37427 Sep 13 14:14 cmscp.py
-rwxrwxrwx  1 cms003 cms    23337 Nov 27 02:41 condor_exec.exe
-rw-rw-rw-  1 cms003 cms      544 Nov 27 01:33 crab.cfg
-rwxrwxrwx  1 cms003 cms     9531 Sep 20 21:46 crabWatchdog.sh
-rw-r--r--  1 cms003 cms    48812 Nov 27 02:46 crab_fjr_40.xml
-rw-rw-rw-  1 cms003 cms 25796307 Nov 27 02:41 default.tgz
-rwxrwxrwx  1 cms003 cms     4488 May 12  2012 fillCrabFjr.py
-rw-r--r--  1 cms003 cms      934 Nov 27 02:41 inputsReport.txt
-rw-r--r--  1 cms003 cms      132 Nov 27 02:46 jobreport.txt
lrwxrwxrwx  1 cms003 cms      107 Nov 27 02:46 optHistograms.root -> /home/cms003/home_crce1_432111072/CREAM432111072/glide_K15942/execute/dir_27774/optHistograms_40_1_E05.root
-rw-r--r--  1 cms003 cms    16465 Nov 27 02:46 optHistograms_40_1_E05.root
-rw-rw-rw-  1 cms003 cms    17352 Jan 20  2012 parseCrabFjr.py
-rw-r--r--  1 cms003 cms      285 Nov 27 02:41 report.log
-rwxrwxrwx  1 cms003 cms     1497 May 27  2009 report.py
-rwxrwxrwx  1 cms003 cms     8387 Mar 23  2011 writeCfg.py
-rw-------  1 cms003 cms     8691 Nov 27 02:41 x509up_u1000009
Checking output files:  
will tar file optHistograms_40_1_E05.root in  out_files_40
will tar file crab_fjr_40.xml in  out_files_40
will tar file CMSSW_40.stdout in  out_files_40
will tar file CMSSW_40.stderr in  out_files_40
WARNING: output file Watchdog_40.log.gz not found!
>>> padding time: Sleeping the wrapper for 313 seconds
STOPPING WATCHDOG. CrabWatchdog PID is 27939
********** LAST 50 LINES OF WATCHDOG LOG
# RESOURCE USAGE SUMMARY FOR PROCESS ID 27792
USER       PID %CPU %MEM    VSZ   RSS TTY      STAT START   TIME COMMAND
cms003   27792  0.2  0.0   8956  1484 ?        S    02:41   0:00 /bin/sh /home/cms003/home_crce1_432111072/CREAM432111072/glide_K15942/execute/dir_27774/condor_exec.exe 40 1
 
# LIMITS USED BY THIS WATCHDOG:
# RSS  (KBytes)  : 2300000
# VSZ  (KBytes)  : 100000000
# DISK (MBytes)  : 19000
# CPU  (seconds) : 171600
# WALL (seconds) : 171600
 
# FOLLOWING PRINTOUT TRACKS MAXIMUM VALUES OF RESOURCES USE
# ONE LINE IS PRINTED EACH TIME A MAXIMUM CHANGES
# IF CHANGE WAS IN RSS OR VSZ ALSO PROCID AND COMMAND ARE PRINTED
# THERE IS NO PRINTOUT FOR CPU/WALL TIME INCREASE
 
# TIME			PID	RSS(KB)	VSZ(KB)	Dsk(MB)	tCPU(s)	tWALL(s)	COMMAND
 Nov 27 02:41:43 EET	15800	1320	8896	0	0	1143	-bash         
 Nov 27 02:41:43 EET	15829	1492	8952	0	0	1143	/bin/sh -l ./CREAM432111072_jobWrapper.sh       
 Nov 27 02:41:43 EET	15889	2676	25504	0	0	1143	perl -e ?use Socket;??sub send_notify {? $cream_url = "193.40.150.141:49152";die "No
 Nov 27 02:41:43 EET	21511	3716	25504	0	1	654	condor_procd -A /home/cms003/home_crce1_432111072/CREAM432111072/glide_K15942/log/procd_address.STARTD -L /home/cms003/home_crce1_432111072/CREAM432111072/glide_K15942/log/ProcLog.STARTD -R 10000000 -S 60 -C
 Nov 27 02:41:43 EET	24766	6016	25504	0	0	1127	/home/cms003/home_crce1_432111072/CREAM432111072/glide_K15942/main/condor/sbin/condor_master -f -pidfile /home/cms003/home_crce1_432111072/CREAM432111072/glide_K15942/condor_master2.pid      
 Nov 27 02:41:43 EET	---	6016	25504	168	----	----	----
 Nov 27 02:42:48 EET	24766	6020	25504	168	0	1191	/home/cms003/home_crce1_432111072/CREAM432111072/glide_K15942/main/condor/sbin/condor_master -f -pidfile /home/cms003/home_crce1_432111072/CREAM432111072/glide_K15942/condor_master2.pid      
 Nov 27 02:42:48 EET	30217	242184	381304	168	10	57	cmsRun -j /home/cms003/home_crce1_432111072/CREAM432111072/glide_K15942/execute/dir_27774/crab_fjr_40.xml -p pset.py     
 Nov 27 02:43:52 EET	30217	316020	494948	168	47	122	cmsRun -j /home/cms003/home_crce1_432111072/CREAM432111072/glide_K15942/execute/dir_27774/crab_fjr_40.xml -p pset.py     
 Nov 27 02:44:58 EET	30217	355932	551268	168	77	187	cmsRun -j /home/cms003/home_crce1_432111072/CREAM432111072/glide_K15942/execute/dir_27774/crab_fjr_40.xml -p pset.py     
 Nov 27 02:47:09 EET	---	355932	551268	169	----	----	----
********** WATCHDOG LOG ENDED
ZIPPING WATCHDOG LOG
Disk space used:
du -sh /home/cms003/home_crce1_432111072/CREAM432111072/glide_K15942/execute/dir_27774
169M	/home/cms003/home_crce1_432111072/CREAM432111072/glide_K15942/execute/dir_27774
>>> info for dashboard:
***** Cat /home/cms003/home_crce1_432111072/CREAM432111072/glide_K15942/execute/dir_27774/jobreport.txt *****
MonitorJobID=40_https://submit-2.t2.ucsd.edu//121127//17532.39
MonitorID=liis_crab_0_121127_013303_4cvb81
ExeTime=253
ExeExitCode=0
CrabUserCpuTime=112.43
CrabSysCpuTime=7.95
CrabCpuPercentage=47%
CrabWrapperTime=600
CrabStageoutTime=NULL
***** End Cat jobreport *****
Parameters sent to Dashboard.
optHistograms_40_1_E05.root
crab_fjr_40.xml
CMSSW_40.stdout
CMSSW_40.stderr
Watchdog_40.log.gz
tar: .BrokerInfo: Cannot stat: No such file or directory
tar: Error exit delayed from previous errors
Total Output dimension: 26089
WARNING: output files size limit is set to: 50000000
Total Output dimension 26089 is fine.
JOB_EXIT_STATUS = 0
>>> info for dashboard:
***** Cat /home/cms003/home_crce1_432111072/CREAM432111072/glide_K15942/execute/dir_27774/jobreport.txt *****
MonitorJobID=40_https://submit-2.t2.ucsd.edu//121127//17532.39
MonitorID=liis_crab_0_121127_013303_4cvb81
JobExitCode=0
***** End Cat jobreport *****
Parameters sent to Dashboard.
optHistograms_40_1_E05.root
crab_fjr_40.xml
