This script was generated by crab (version 2.8.3).
Running /home/cms078/home_crce1_405152134/CREAM405152134/glide_R17893/execute/dir_31678/condor_exec.exe with 2 positional parameters: 19 1
Today is Tue Nov 27 02:41:17 EET 2012
Job submitted on host wn-v-3260.local
Linux wn-v-3260.local 2.6.32-042stab059.7 #1 SMP Tue Jul 24 19:12:01 MSK 2012 x86_64 x86_64 x86_64 GNU/Linux
>>> current directory (RUNTIME_AREA): /home/cms078/home_crce1_405152134/CREAM405152134/glide_R17893/execute/dir_31678
>>> current user: uid=11078(cms078) gid=1400(cms) groups=1400(cms)
>>> voms proxy information:
subject   : /DC=ch/DC=cern/OU=Organic Units/OU=Users/CN=liis/CN=663550/CN=Liis Rebane/CN=proxy/CN=limited proxy
issuer    : /DC=ch/DC=cern/OU=Organic Units/OU=Users/CN=liis/CN=663550/CN=Liis Rebane/CN=proxy
identity  : /DC=ch/DC=cern/OU=Organic Units/OU=Users/CN=liis/CN=663550/CN=Liis Rebane/CN=proxy
type      : limited proxy
strength  : 512 bits
path      : /home/cms078/home_crce1_405152134/CREAM405152134/glide_R17893/execute/dir_31678/x509up_u1000009
timeleft  : 23:59:54
key usage : Digital Signature, Key Encipherment, Data Encipherment
=== VO cms extension information ===
VO        : cms
subject   : /DC=ch/DC=cern/OU=Organic Units/OU=Users/CN=liis/CN=663550/CN=Liis Rebane
issuer    : /DC=ch/DC=cern/OU=computers/CN=lcg-voms.cern.ch
attribute : /cms/Role=NULL/Capability=NULL
timeleft  : 190:44:20
uri       : lcg-voms.cern.ch:15002
>>> tar xzf /home/cms078/home_crce1_405152134/CREAM405152134/glide_R17893/execute/dir_31678/default.tgz :
Successful untar
>>> Include /home/cms078/home_crce1_405152134/CREAM405152134/glide_R17893/execute/dir_31678 in PYTHONPATH:
strip arguments
env var CRAB_UNIQUE_JOB_ID set to: liis_crab_0_121127_013303_4cvb81_19_1_lVB
out_files_19
>>> list of expected files on output sandbox
output files: optHistograms_19_1_lVB.root crab_fjr_19.xml CMSSW_19.stdout CMSSW_19.stderr Watchdog_19.log.gz
>>> GridFlavour discovery: 
GridFlavour=LCG
>>> SyncSite discovery: 
SyncSite=T2_EE_Estonia
>>> SyncCE discovery: 
getting SyncCE from CE_ID
SyncCE=cream1.hep.kbfi.ee:8443/cream-pbs-long
>>> info for dashboard:
***** Cat /home/cms078/home_crce1_405152134/CREAM405152134/glide_R17893/execute/dir_31678/jobreport.txt *****
MonitorJobID=19_https://submit-2.t2.ucsd.edu//121127//17532.18
SyncGridJobId=https://submit-2.t2.ucsd.edu//121127//17532.18
MonitorID=liis_crab_0_121127_013303_4cvb81
GridFlavour=LCG
SyncSite=T2_EE_Estonia
SyncCE=cream1.hep.kbfi.ee:8443/cream-pbs-long
***** End Cat jobreport *****
Parameters sent to Dashboard.
>>> setup environment
set SCRAM ARCH to slc5_amd64_gcc462
SCRAM_ARCH = slc5_amd64_gcc462
>>> setup CMS LCG environment:
set SCRAM ARCH and BUILD_ARCH to slc5_amd64_gcc462 ###
Sourcing environment... 
sourcing /cvmfs/cms.cern.ch/cmsset_default.sh
==> setup cms environment ok
>>> specific cmssw setup environment:
CMSSW_VERSION =  CMSSW_5_3_5
>>> current directory (SOFTWARE_DIR): /home/cms078/home_crce1_405152134/CREAM405152134/glide_R17893/execute/dir_31678/CMSSW_5_3_5
PreserveSeeds: <>
IncrementSeeds:<>
{}
WNHostName=wn-v-3260.local
>>> info for dashboard:
***** Cat /home/cms078/home_crce1_405152134/CREAM405152134/glide_R17893/execute/dir_31678/jobreport.txt *****
MonitorJobID=19_https://submit-2.t2.ucsd.edu//121127//17532.18
MonitorID=liis_crab_0_121127_013303_4cvb81
WNHostName=wn-v-3260.local
***** End Cat jobreport *****
Parameters sent to Dashboard.
crabWatchdog started as process 1349
>>> moving CMSSW software directories in /home/cms078/home_crce1_405152134/CREAM405152134/glide_R17893/execute/dir_31678/CMSSW_5_3_5
mv: cannot stat `/home/cms078/home_crce1_405152134/CREAM405152134/glide_R17893/execute/dir_31678/module/': No such file or directory
>>> Include /home/cms078/home_crce1_405152134/CREAM405152134/glide_R17893/execute/dir_31678 in PYTHONPATH:
PYTHONPATH=/home/cms078/home_crce1_405152134/CREAM405152134/glide_R17893/execute/dir_31678/:/home/cms078/home_crce1_405152134/CREAM405152134/glide_R17893/execute/dir_31678/CMSSW_5_3_5/python:/home/cms078/home_crce1_405152134/CREAM405152134/glide_R17893/execute/dir_31678/CMSSW_5_3_5/lib/slc5_amd64_gcc462:/cvmfs/cms.cern.ch/slc5_amd64_gcc462/cms/cmssw/CMSSW_5_3_5/python:/cvmfs/cms.cern.ch/slc5_amd64_gcc462/cms/cmssw/CMSSW_5_3_5/lib/slc5_amd64_gcc462:/cvmfs/cms.cern.ch/slc5_amd64_gcc462/cms/coral/CORAL_2_3_21-cms27/slc5_amd64_gcc462/python:/cvmfs/cms.cern.ch/slc5_amd64_gcc462/cms/coral/CORAL_2_3_21-cms27/slc5_amd64_gcc462/lib:/cvmfs/cms.cern.ch/slc5_amd64_gcc462/external/pyqt/4.8.1/lib/python2.6/site-packages:/cvmfs/cms.cern.ch/slc5_amd64_gcc462/external/py2-scipy/0.8.0/lib/python2.6/site-packages:/cvmfs/cms.cern.ch/slc5_amd64_gcc462/external/py2-matplotlib/1.0.1/lib/python2.6/site-packages:/cvmfs/cms.cern.ch/slc5_amd64_gcc462/external/python-ldap/2.3.5/lib/python2.6/site-packages:/cvmfs/cms.cern.ch/slc5_amd64_gcc462/external/sip/4.11.2/lib/python2.6/site-packages:/cvmfs/cms.cern.ch/slc5_amd64_gcc462/external/py2-pycurl/7.19.0/lib/python2.6/site-packages:/cvmfs/cms.cern.ch/slc5_amd64_gcc462/external/py2-numpy/1.6.1/lib/python2.6/site-packages:/cvmfs/cms.cern.ch/slc5_amd64_gcc462/external/py2-ipython/0.10/lib/python2.6/site-packages:/cvmfs/cms.cern.ch/slc5_amd64_gcc462/external/py2-cx-oracle/5.1-cms11/lib/python2.6/site-packages:/cvmfs/cms.cern.ch/slc5_amd64_gcc462/external/py2-cjson/1.0.5/lib/python2.6/site-packages:/cvmfs/cms.cern.ch/slc5_amd64_gcc462/cms/das-client/1.4.1-cms8/bin:/cvmfs/cms.cern.ch/slc5_amd64_gcc462/external/elementtree/1.2.6/share/lib/python2.6/site-packages:/cvmfs/cms.cern.ch/slc5_amd64_gcc462/external/rivet/1.5.1-cms10/lib/python2.6/site-packages:/cvmfs/cms.cern.ch/slc5_amd64_gcc462/external/pyminuit2/0.0.1-cms34/lib/python2.6/site-packages:/cvmfs/cms.cern.ch/slc5_amd64_gcc462/external/professor/1.0.0-cms35/lib/python2.6/site-packages:/cvmfs/cms.cern.ch/slc5_amd64_gcc462/lcg/root/5.32.00-cms18/lib:/cvmfs/cms.cern.ch/slc5_amd64_gcc462/cms/dbs-client/DBS_2_1_1_patch1_1/lib:/cvmfs/cms.cern.ch/slc5_amd64_gcc462/cms/dbs-client/DBS_2_1_1_patch1_1/lib/DBSAPI:/home/cms078/home_crce1_405152134/CREAM405152134/glide_R17893/execute/dir_31678/
241a2a19cb7c5c8751ba22759ab3bdb0
PSETHASH = 241a2a19cb7c5c8751ba22759ab3bdb0
/home/cms078/home_crce1_405152134/CREAM405152134/glide_R17893/execute/dir_31678/writeCfg.py pset.py pset.py
Importing .py file
Setting parameters
inputBlocks=/QCD_Pt_30_80_EMEnriched_TuneZ2star_8TeV_pythia6/mario-Summer12-stop-pfele-step1-3d176ac8da5e9dff208d057f4733ca91/USER#8a92f640-f537-45f1-b46c-e85f5627347f
inputFiles=/store/user/mario/QCD_Pt_30_80_EMEnriched_TuneZ2star_8TeV_pythia6/Summer12-stop-pfele-step1/3d176ac8da5e9dff208d057f4733ca91/tuple_275_6_9ub.root;/store/user/mario/QCD_Pt_30_80_EMEnriched_TuneZ2star_8TeV_pythia6/Summer12-stop-pfele-step1/3d176ac8da5e9dff208d057f4733ca91/tuple_276_3_wHD.root;/store/user/mario/QCD_Pt_30_80_EMEnriched_TuneZ2star_8TeV_pythia6/Summer12-stop-pfele-step1/3d176ac8da5e9dff208d057f4733ca91/tuple_277_3_V0w.root;/store/user/mario/QCD_Pt_30_80_EMEnriched_TuneZ2star_8TeV_pythia6/Summer12-stop-pfele-step1/3d176ac8da5e9dff208d057f4733ca91/tuple_310_1_Tdf.root;/store/user/mario/QCD_Pt_30_80_EMEnriched_TuneZ2star_8TeV_pythia6/Summer12-stop-pfele-step1/3d176ac8da5e9dff208d057f4733ca91/tuple_307_2_ud5.root
parentFiles=
lumisRange=
>>> Executable cmsRun
/cvmfs/cms.cern.ch/slc5_amd64_gcc462/cms/cmssw/CMSSW_5_3_5/bin/slc5_amd64_gcc462/cmsRun
ok executable found
>>> info for dashboard:
***** Cat /home/cms078/home_crce1_405152134/CREAM405152134/glide_R17893/execute/dir_31678/jobreport.txt *****
MonitorJobID=19_https://submit-2.t2.ucsd.edu//121127//17532.18
MonitorID=liis_crab_0_121127_013303_4cvb81
ExeStart=cmsRun
***** End Cat jobreport *****
Parameters sent to Dashboard.
>>> cmsRun started at Tue Nov 27 00:41:47 UTC 2012
>>> cmsRun ended at Tue Nov 27 00:45:32 UTC 2012
>>> info for dashboard:
***** Cat /home/cms078/home_crce1_405152134/CREAM405152134/glide_R17893/execute/dir_31678/jobreport.txt *****
MonitorJobID=19_https://submit-2.t2.ucsd.edu//121127//17532.18
MonitorID=liis_crab_0_121127_013303_4cvb81
ExeEnd=cmsRun
***** End Cat jobreport *****
Parameters sent to Dashboard.
TIME_EXE = 225 sec
>>> cmsRun wrote 73 lines of stdout+stderr
>>> START OF printout of 73 lines from stdout+stderr
27-Nov-2012 02:42:03 EET  Initiating request to open file file:/hdfs/cms/store/user/mario/QCD_Pt_30_80_EMEnriched_TuneZ2star_8TeV_pythia6/Summer12-stop-pfele-step1/3d176ac8da5e9dff208d057f4733ca91/tuple_275_6_9ub.root
27-Nov-2012 02:42:10 EET  Successfully opened file file:/hdfs/cms/store/user/mario/QCD_Pt_30_80_EMEnriched_TuneZ2star_8TeV_pythia6/Summer12-stop-pfele-step1/3d176ac8da5e9dff208d057f4733ca91/tuple_275_6_9ub.root
Begin processing the 1st record. Run 1, Event 8647952, LumiSection 1119 at 27-Nov-2012 02:42:25.389 EET
Begin processing the 1001st record. Run 1, Event 44285788, LumiSection 5730 at 27-Nov-2012 02:42:32.986 EET
Begin processing the 2001st record. Run 1, Event 40374685, LumiSection 5224 at 27-Nov-2012 02:42:36.174 EET
Begin processing the 3001st record. Run 1, Event 122201646, LumiSection 15811 at 27-Nov-2012 02:42:40.199 EET
Begin processing the 4001st record. Run 1, Event 382611830, LumiSection 49504 at 27-Nov-2012 02:42:46.253 EET
Begin processing the 5001st record. Run 1, Event 37760594, LumiSection 4886 at 27-Nov-2012 02:42:49.394 EET
Begin processing the 6001st record. Run 1, Event 4395002, LumiSection 569 at 27-Nov-2012 02:42:53.108 EET
27-Nov-2012 02:42:54 EET  Closed file file:/hdfs/cms/store/user/mario/QCD_Pt_30_80_EMEnriched_TuneZ2star_8TeV_pythia6/Summer12-stop-pfele-step1/3d176ac8da5e9dff208d057f4733ca91/tuple_275_6_9ub.root
27-Nov-2012 02:42:54 EET  Initiating request to open file file:/hdfs/cms/store/user/mario/QCD_Pt_30_80_EMEnriched_TuneZ2star_8TeV_pythia6/Summer12-stop-pfele-step1/3d176ac8da5e9dff208d057f4733ca91/tuple_276_3_wHD.root
27-Nov-2012 02:42:54 EET  Successfully opened file file:/hdfs/cms/store/user/mario/QCD_Pt_30_80_EMEnriched_TuneZ2star_8TeV_pythia6/Summer12-stop-pfele-step1/3d176ac8da5e9dff208d057f4733ca91/tuple_276_3_wHD.root
Begin processing the 7001st record. Run 1, Event 10510539, LumiSection 1360 at 27-Nov-2012 02:43:06.787 EET
Begin processing the 8001st record. Run 1, Event 48105680, LumiSection 6225 at 27-Nov-2012 02:43:10.052 EET
Begin processing the 9001st record. Run 1, Event 4481449, LumiSection 580 at 27-Nov-2012 02:43:12.931 EET
Begin processing the 10001st record. Run 1, Event 9713525, LumiSection 1257 at 27-Nov-2012 02:43:16.539 EET
Begin processing the 11001st record. Run 1, Event 31859237, LumiSection 4123 at 27-Nov-2012 02:43:19.536 EET
Begin processing the 12001st record. Run 1, Event 266480958, LumiSection 34479 at 27-Nov-2012 02:43:22.695 EET
Begin processing the 13001st record. Run 1, Event 12754933, LumiSection 1651 at 27-Nov-2012 02:43:28.536 EET
Begin processing the 14001st record. Run 1, Event 20230456, LumiSection 2618 at 27-Nov-2012 02:43:31.682 EET
Begin processing the 15001st record. Run 1, Event 5858966, LumiSection 759 at 27-Nov-2012 02:43:33.234 EET
27-Nov-2012 02:43:34 EET  Closed file file:/hdfs/cms/store/user/mario/QCD_Pt_30_80_EMEnriched_TuneZ2star_8TeV_pythia6/Summer12-stop-pfele-step1/3d176ac8da5e9dff208d057f4733ca91/tuple_276_3_wHD.root
27-Nov-2012 02:43:34 EET  Initiating request to open file file:/hdfs/cms/store/user/mario/QCD_Pt_30_80_EMEnriched_TuneZ2star_8TeV_pythia6/Summer12-stop-pfele-step1/3d176ac8da5e9dff208d057f4733ca91/tuple_277_3_V0w.root
27-Nov-2012 02:43:35 EET  Successfully opened file file:/hdfs/cms/store/user/mario/QCD_Pt_30_80_EMEnriched_TuneZ2star_8TeV_pythia6/Summer12-stop-pfele-step1/3d176ac8da5e9dff208d057f4733ca91/tuple_277_3_V0w.root
Begin processing the 16001st record. Run 1, Event 8448846, LumiSection 1094 at 27-Nov-2012 02:43:46.860 EET
Begin processing the 17001st record. Run 1, Event 13832525, LumiSection 1790 at 27-Nov-2012 02:43:50.059 EET
Begin processing the 18001st record. Run 1, Event 21799899, LumiSection 2821 at 27-Nov-2012 02:43:52.781 EET
Begin processing the 19001st record. Run 1, Event 381602710, LumiSection 49373 at 27-Nov-2012 02:43:55.781 EET
Begin processing the 20001st record. Run 1, Event 562412075, LumiSection 72767 at 27-Nov-2012 02:44:00.383 EET
Begin processing the 21001st record. Run 1, Event 27289991, LumiSection 3531 at 27-Nov-2012 02:44:03.222 EET
Begin processing the 22001st record. Run 1, Event 30212372, LumiSection 3909 at 27-Nov-2012 02:44:06.159 EET
Begin processing the 23001st record. Run 1, Event 33035655, LumiSection 4275 at 27-Nov-2012 02:44:11.863 EET
Begin processing the 24001st record. Run 1, Event 35249890, LumiSection 4561 at 27-Nov-2012 02:44:15.266 EET
Begin processing the 25001st record. Run 1, Event 41889429, LumiSection 5420 at 27-Nov-2012 02:44:18.607 EET
27-Nov-2012 02:44:20 EET  Closed file file:/hdfs/cms/store/user/mario/QCD_Pt_30_80_EMEnriched_TuneZ2star_8TeV_pythia6/Summer12-stop-pfele-step1/3d176ac8da5e9dff208d057f4733ca91/tuple_277_3_V0w.root
27-Nov-2012 02:44:20 EET  Initiating request to open file file:/hdfs/cms/store/user/mario/QCD_Pt_30_80_EMEnriched_TuneZ2star_8TeV_pythia6/Summer12-stop-pfele-step1/3d176ac8da5e9dff208d057f4733ca91/tuple_310_1_Tdf.root
27-Nov-2012 02:44:20 EET  Successfully opened file file:/hdfs/cms/store/user/mario/QCD_Pt_30_80_EMEnriched_TuneZ2star_8TeV_pythia6/Summer12-stop-pfele-step1/3d176ac8da5e9dff208d057f4733ca91/tuple_310_1_Tdf.root
Begin processing the 26001st record. Run 1, Event 314533435, LumiSection 40696 at 27-Nov-2012 02:44:31.618 EET
Begin processing the 27001st record. Run 1, Event 340350006, LumiSection 44036 at 27-Nov-2012 02:44:35.708 EET
Begin processing the 28001st record. Run 1, Event 402692005, LumiSection 52102 at 27-Nov-2012 02:44:39.606 EET
Begin processing the 29001st record. Run 1, Event 236986619, LumiSection 30663 at 27-Nov-2012 02:44:42.978 EET
Begin processing the 30001st record. Run 1, Event 337636516, LumiSection 43685 at 27-Nov-2012 02:44:49.015 EET
Begin processing the 31001st record. Run 1, Event 487765337, LumiSection 63109 at 27-Nov-2012 02:44:52.319 EET
Begin processing the 32001st record. Run 1, Event 554462012, LumiSection 71738 at 27-Nov-2012 02:44:54.753 EET
Begin processing the 33001st record. Run 1, Event 57674562, LumiSection 7463 at 27-Nov-2012 02:44:59.792 EET
Begin processing the 34001st record. Run 1, Event 464941152, LumiSection 60156 at 27-Nov-2012 02:45:03.448 EET
Begin processing the 35001st record. Run 1, Event 558577728, LumiSection 72271 at 27-Nov-2012 02:45:06.159 EET
27-Nov-2012 02:45:06 EET  Closed file file:/hdfs/cms/store/user/mario/QCD_Pt_30_80_EMEnriched_TuneZ2star_8TeV_pythia6/Summer12-stop-pfele-step1/3d176ac8da5e9dff208d057f4733ca91/tuple_310_1_Tdf.root
27-Nov-2012 02:45:06 EET  Initiating request to open file file:/hdfs/cms/store/user/mario/QCD_Pt_30_80_EMEnriched_TuneZ2star_8TeV_pythia6/Summer12-stop-pfele-step1/3d176ac8da5e9dff208d057f4733ca91/tuple_307_2_ud5.root
27-Nov-2012 02:45:07 EET  Successfully opened file file:/hdfs/cms/store/user/mario/QCD_Pt_30_80_EMEnriched_TuneZ2star_8TeV_pythia6/Summer12-stop-pfele-step1/3d176ac8da5e9dff208d057f4733ca91/tuple_307_2_ud5.root
Begin processing the 36001st record. Run 1, Event 413259282, LumiSection 53469 at 27-Nov-2012 02:45:20.249 EET
Begin processing the 37001st record. Run 1, Event 467595570, LumiSection 60499 at 27-Nov-2012 02:45:22.748 EET
Begin processing the 38001st record. Run 1, Event 40621847, LumiSection 5256 at 27-Nov-2012 02:45:24.886 EET
Begin processing the 39001st record. Run 1, Event 55716473, LumiSection 7209 at 27-Nov-2012 02:45:27.897 EET
27-Nov-2012 02:45:30 EET  Closed file file:/hdfs/cms/store/user/mario/QCD_Pt_30_80_EMEnriched_TuneZ2star_8TeV_pythia6/Summer12-stop-pfele-step1/3d176ac8da5e9dff208d057f4733ca91/tuple_307_2_ud5.root

=============================================

MessageLogger Summary

 type     category        sev    module        subroutine        count    total
 ---- -------------------- -- ---------------- ----------------  -----    -----
    1 fileAction           -s file_close                             5        5
    2 fileAction           -s file_open                             10       10

 type    category    Examples: run/evt        run/evt          run/evt
 ---- -------------------- ---------------- ---------------- ----------------
    1 fileAction           PostProcessEvent PostProcessEvent PostEndRun
    2 fileAction           pre-events       pre-events       PostProcessEvent

Severity    # Occurrences   Total Occurrences
--------    -------------   -----------------
System                 15                  15
>>> END OF printout of 73 lines from stdout+stderr
>>> Parse FrameworkJobReport crab_fjr.xml
Result of parsing the FrameworkJobReport crab_fjr.xml: Popularity start
lumisRange : 1::196,235,562,569,581,715,756,765,963,1119,1274,1331,1674,1676,1797,2163,2197,2322,2330,2425,2520,2544,2546,2565,2601,2649,2674,2703,2725,2750,2758,2768,2838,3013,3023,3061,3100,3109,3162,3213,3218,3283,3383,3406,3442,3464,3954,4461,4614,4689,4886,4897,4944,4999,5004,5224,5327,5331,5341,5372,5406,5590,5617,5638,5710,5730,5814,5903,5944,6410,6591,6814,7007,7032,7175,7223,7263,7277,7315,7360,7364,7465,14109,14256,14328,15811,16263,16395,18792,20962,29472,31354,35436,36400,37363,38227,39178,39752,40262,43715,43804,47800,49504,51903,53618,56599,62260,64878::1;1::5045,5053,5129,5148,5256,5329,5492,5494,5513,5690,5790,6102,6189,6198,6335,6452,6644,6668,6866,6913-6914,7003,7015,7209,7329,25271,25737,25968,26232,26276,26367,26515,26812,28889,29050,29889,47379,47731,48102,48359,49898,50001,50946,52101,52505,53469,54793,55612,56406,56413,57491,57963,58972,59091,59289,59374,59385,59556,59956,59973,60184,60499,60546,60556,60816,60995,61241,61370,61505,61939,62155,62287,62370,62374,62708,62870,64167,65250,65354::2;1::361,435,805,850,3477,3567,3630,4242,4416,4444,5535,5575,5825,5839,6651,6659,7347,7353,7463,7484,10035,11120,11900,12569,15055,15951,18643,18923,19526,23082,23568,24575,25187,27173,27430,27703,28189,28332,30004,30056,30157,30186,30663,30987,31552,31594,31883,31995,33451,34855,34994,35187,35251,35389,35440,35510,35709,35750,35846,35863,36394,36420,36676,36958,37979,38245,39404,39979,40145,40613,40696,40756,41591,42192,42240,42278,42536,42541,43371,43465,43579,43685,43833,44036,44390,44902,45351,45589,45891,46037,46228,47138,47391,47453,47891,48019,48095,48326,48568,51195,51696,51922,52102,52407,53066,53111,53180,54034,54333,54618,54648,54974,55615,55926,56072,56275,56518,57089,57284,57404,57530,58321,58655,58895,59246,59957,60156,60231,60302,60393,61215,63109,64484,65484,66457,66759,66894,67357,67692,67914,67962,68219,68596,68890,69204,69442,69655,69834,69967,70053,70112,70183,70220,70226,70259,70411,70873,71539,71552,71612,71695,71738,71981,72147,72220,72271,72336::3;1::1067,1069,1094,1108,1222,1277,1371,1393,1448,1492,1499,1526,1550,1559,1566,1596,1623-1624,1766,1790,1808,1864,1913,1918,1938,1960,1995,2045,2065,2087,2305,2319,2350,2504,2512,2514,2527,2569,2624,2663,2759,2821,2863,2867,3262,3349,3351,3370,3407,3440,3447,3482,3506,3530-3531,3550,3566,3571,3592,3606,3649,3654,3669,3683,3687,3707,3716,3718,3767,3794,3807,3836,3909,3996,4015,4031,4035,4041-4042,4080,4133,4151,4170,4175-4176,4187,4193,4271,4273,4275,4277,4287,4299,4304,4321,4329,4342,4353,4364,4388,4391,4396,4432,4442,4450,4463,4465,4491,4561,4613,4631,4659,4704,4740,4757,4787,4821,4901,5095,5110,5152,5210,5232,5300,5322,5348,5375,5384,5387,5420,5852,6039,6141,6220,6502,6504-6505,6524,6560,6568,6578,6580,6604,6698,7080,7407,7432,33421,33988,35042,36763,37065,38104,39902,40348,41163,41352,43007,43342,43394,43885,49373,51893,52527,57698,61316,62953,72708,72767,72897::4;1::451,463,503,517,536,542,545,556,580,593,614,623,635,641-642,654,667,695,718,735,759,765,779,785,802,814,821,853,856,865,871,873,885,891,898,921,923-924,937,944,952,964,966,970,972-973,979,995,1002,1013,1026,1051,1053,1073,1087,1101,1114,1202,1204,1209,1220,1227,1257,1266,1276,1360,1413,1460,1488,1520,1533,1557,1570,1643,1651,1665,1678,1748,1816,1855,1869,1885,1960,2086,2413,2426,2582,2599,2606,2618-2619,2643,2672,2681,2691,2775,2880,2906,2914,2928-2929,2955,3070,3113,3128,3241,3576,3601,3668,3837,3890,3895,3903,4064,4076,4123,4146,4220,4283,4301,4548,4716,4781,4822,4948,5203,5309,5507,5606,5620,5629,5970,6191,6225,6280,6428,6472,6888,6972,7039,7054,7130,7302,7325,7406,7437,7499,16635,17006,17862,20245,20556,20979,33696,34418,34479,34622,34652,34983,35753,35836,35922,36649,37000,56020,71402,71839,71932,72294::5;
lumisParentRange : 
Basename : /store/user/mario/QCD_Pt_30_80_EMEnriched_TuneZ2star_8TeV_pythia6/Summer12-stop-pfele-step1/3d176ac8da5e9dff208d057f4733ca91/tuple_
BasenameParent : 
parentFiles : 
inputBlocks : /QCD_Pt_30_80_EMEnriched_TuneZ2star_8TeV_pythia6/mario-Summer12-stop-pfele-step1-3d176ac8da5e9dff208d057f4733ca91/USER#8a92f640-f537-45f1-b46c-e85f5627347f
inputFiles : 275_6_9ub.root::1::EDM::Local::1;307_2_ud5.root::1::EDM::Local::2;310_1_Tdf.root::1::EDM::Local::3;277_3_V0w.root::1::EDM::Local::4;276_3_wHD.root::1::EDM::Local::5;
Popularity stop
Extracted ExitStatus from FrameworkJobReport parsing output: 0
>>> Executable succeded  0
ExeExitCode=0
EXECUTABLE_EXIT_STATUS = 0
>>> current directory /home/cms078/home_crce1_405152134/CREAM405152134/glide_R17893/execute/dir_31678/CMSSW_5_3_5
>>>  (SOFTWARE_DIR): /home/cms078/home_crce1_405152134/CREAM405152134/glide_R17893/execute/dir_31678/CMSSW_5_3_5
>>> (WORKING_DIR): 
>>> current directory content:
total 152
drwxr-xr-x 3 cms078 cms  4096 Nov 27 02:41 .SCRAM
-rw-r--r-- 1 cms078 cms 30066 Nov 27 02:41 CMSSW.py.pkl
drwxr-xr-x 3 cms078 cms  4096 Nov 27 02:41 bin
drwxr-xr-x 3 cms078 cms  4096 Nov 27 02:41 cfipython
drwxr-xr-x 5 cms078 cms  4096 Nov 27 02:41 config
-rw-r--r-- 1 cms078 cms    16 Nov 27 02:45 cpu_timing.txt
drwxr-xr-x 2 cms078 cms  4096 Nov 27 02:41 doc
-rw-r--r-- 1 cms078 cms  8335 Nov 27 02:45 executable.out
drwxr-xr-x 2 cms078 cms  4096 Nov 27 02:41 include
drwxrwxrwx 3 cms078 cms  4096 Oct 22 16:38 lib
drwxr-xr-x 3 cms078 cms  4096 Nov 27 02:41 logs
drwxr-xr-x 3 cms078 cms  4096 Nov 27 02:41 objs
-rw-r--r-- 1 cms078 cms 16631 Nov 27 02:45 optHistograms.root
-rw-r--r-- 1 cms078 cms   104 Nov 27 02:41 pset.py
-rw-r--r-- 1 cms078 cms 19497 Nov 27 02:41 pset.py.pkl
-rw-r--r-- 1 cms078 cms   289 Nov 27 02:41 pset.pyc
drwxr-xr-x 2 cms078 cms  4096 Nov 27 02:41 python
-rw-r--r-- 1 cms078 cms   420 Nov 27 02:45 report.log
drwxrwxrwx 4 cms078 cms  4096 Nov 27 02:41 src
drwxr-xr-x 3 cms078 cms  4096 Nov 27 02:41 test
drwxr-xr-x 3 cms078 cms  4096 Nov 27 02:41 tmp
>>> current directory /home/cms078/home_crce1_405152134/CREAM405152134/glide_R17893/execute/dir_31678/CMSSW_5_3_5
>>> (SOFTWARE_DIR): /home/cms078/home_crce1_405152134/CREAM405152134/glide_R17893/execute/dir_31678/CMSSW_5_3_5
>>> (WORKING_DIR): 
>>> current directory content:
total 132
drwxr-xr-x 3 cms078 cms  4096 Nov 27 02:41 .SCRAM
-rw-r--r-- 1 cms078 cms 30066 Nov 27 02:41 CMSSW.py.pkl
drwxr-xr-x 3 cms078 cms  4096 Nov 27 02:41 bin
drwxr-xr-x 3 cms078 cms  4096 Nov 27 02:41 cfipython
drwxr-xr-x 5 cms078 cms  4096 Nov 27 02:41 config
-rw-r--r-- 1 cms078 cms    16 Nov 27 02:45 cpu_timing.txt
drwxr-xr-x 2 cms078 cms  4096 Nov 27 02:41 doc
-rw-r--r-- 1 cms078 cms  8335 Nov 27 02:45 executable.out
drwxr-xr-x 2 cms078 cms  4096 Nov 27 02:41 include
drwxrwxrwx 3 cms078 cms  4096 Oct 22 16:38 lib
drwxr-xr-x 3 cms078 cms  4096 Nov 27 02:41 logs
drwxr-xr-x 3 cms078 cms  4096 Nov 27 02:41 objs
-rw-r--r-- 1 cms078 cms   104 Nov 27 02:41 pset.py
-rw-r--r-- 1 cms078 cms 19497 Nov 27 02:41 pset.py.pkl
-rw-r--r-- 1 cms078 cms   289 Nov 27 02:41 pset.pyc
drwxr-xr-x 2 cms078 cms  4096 Nov 27 02:41 python
-rw-r--r-- 1 cms078 cms   420 Nov 27 02:45 report.log
drwxrwxrwx 4 cms078 cms  4096 Nov 27 02:41 src
drwxr-xr-x 3 cms078 cms  4096 Nov 27 02:41 test
drwxr-xr-x 3 cms078 cms  4096 Nov 27 02:41 tmp
>>> current directory (RUNTIME_AREA):  /home/cms078/home_crce1_405152134/CREAM405152134/glide_R17893/execute/dir_31678
>>> current dir: /home/cms078/home_crce1_405152134/CREAM405152134/glide_R17893/execute/dir_31678
>>> current dir content:
total 25784
-rw-rw-rw-  1 cms078 cms     5607 Nov 27 02:41 .job.ad
-rw-rw-rw-  1 cms078 cms    11533 Nov 27 02:41 .machine.ad
-rw-rw-rw-  1 cms078 cms      105 Nov 27 01:33 CMSSW.py
-rw-rw-rw-  1 cms078 cms    30066 Nov 27 01:33 CMSSW.py.pkl
-rwxrw-rw-  1 cms078 cms    23337 Nov 27 02:41 CMSSW.sh
-rw-rw-rw-  1 cms078 cms        0 Nov 27 02:41 CMSSW_19.stderr
-rw-rw-rw-  1 cms078 cms    24076 Nov 27 02:45 CMSSW_19.stdout
drwxr-xr-x 15 cms078 cms     4096 Nov 27 02:45 CMSSW_5_3_5
-rw-r--r--  1 cms078 cms      347 Nov 27 02:41 CacheEnv.sh
-rw-rw-rw-  1 cms078 cms     7291 Jun  9  2010 DashboardAPI.py
-rw-r--r--  1 cms078 cms     6883 Nov 27 02:41 DashboardAPI.pyc
drwxrwxrwx  3 cms078 cms     4096 Nov 27 02:45 IMProv
-rw-rw-rw-  1 cms078 cms     2748 Mar  8  2006 Logger.py
-rw-r--r--  1 cms078 cms     3353 Nov 27 02:41 Logger.pyc
-rw-rw-rw-  1 cms078 cms    24524 Mar 28  2008 ProcInfo.py
-rw-r--r--  1 cms078 cms    23470 Nov 27 02:41 ProcInfo.pyc
drwxrwxrwx  7 cms078 cms     4096 Nov 27 02:41 ProdCommon
drwxrwxrwx  3 cms078 cms     4096 Nov 27 02:41 WMCore
-rw-r--r--  1 cms078 cms     1556 Nov 27 02:44 Watchdog_19.log
-rw-rw-rw-  1 cms078 cms    32895 Mar 28  2008 apmon.py
-rw-r--r--  1 cms078 cms    28874 Nov 27 02:41 apmon.pyc
-rw-rw-rw-  1 cms078 cms   100223 Nov 27 02:41 arguments.xml
-rwxrwxrwx  1 cms078 cms    37427 Sep 13 14:14 cmscp.py
-rwxrwxrwx  1 cms078 cms    23337 Nov 27 02:41 condor_exec.exe
-rw-rw-rw-  1 cms078 cms      544 Nov 27 01:33 crab.cfg
-rwxrwxrwx  1 cms078 cms     9531 Sep 20 21:46 crabWatchdog.sh
-rw-r--r--  1 cms078 cms    48601 Nov 27 02:45 crab_fjr_19.xml
-rw-rw-rw-  1 cms078 cms 25796307 Nov 27 02:41 default.tgz
-rwxrwxrwx  1 cms078 cms     4488 May 12  2012 fillCrabFjr.py
-rw-r--r--  1 cms078 cms      934 Nov 27 02:41 inputsReport.txt
-rw-r--r--  1 cms078 cms      132 Nov 27 02:45 jobreport.txt
lrwxrwxrwx  1 cms078 cms      107 Nov 27 02:45 optHistograms.root -> /home/cms078/home_crce1_405152134/CREAM405152134/glide_R17893/execute/dir_31678/optHistograms_19_1_lVB.root
-rw-r--r--  1 cms078 cms    16631 Nov 27 02:45 optHistograms_19_1_lVB.root
-rw-rw-rw-  1 cms078 cms    17352 Jan 20  2012 parseCrabFjr.py
-rw-r--r--  1 cms078 cms      285 Nov 27 02:41 report.log
-rwxrwxrwx  1 cms078 cms     1497 May 27  2009 report.py
-rwxrwxrwx  1 cms078 cms     8387 Mar 23  2011 writeCfg.py
-rw-------  1 cms078 cms     8687 Nov 27 02:41 x509up_u1000009
Checking output files:  
will tar file optHistograms_19_1_lVB.root in  out_files_19
will tar file crab_fjr_19.xml in  out_files_19
will tar file CMSSW_19.stdout in  out_files_19
will tar file CMSSW_19.stderr in  out_files_19
WARNING: output file Watchdog_19.log.gz not found!
>>> padding time: Sleeping the wrapper for 332 seconds
STOPPING WATCHDOG. CrabWatchdog PID is 1349
********** LAST 50 LINES OF WATCHDOG LOG
# RESOURCE USAGE SUMMARY FOR PROCESS ID 31712
USER       PID %CPU %MEM    VSZ   RSS TTY      STAT START   TIME COMMAND
cms078   31712  0.1  0.0   8956  1484 ?        S    02:41   0:00 /bin/sh /home/cms078/home_crce1_405152134/CREAM405152134/glide_R17893/execute/dir_31678/condor_exec.exe 19 1
 
# LIMITS USED BY THIS WATCHDOG:
# RSS  (KBytes)  : 2300000
# VSZ  (KBytes)  : 100000000
# DISK (MBytes)  : 19000
# CPU  (seconds) : 171600
# WALL (seconds) : 171600
 
# FOLLOWING PRINTOUT TRACKS MAXIMUM VALUES OF RESOURCES USE
# ONE LINE IS PRINTED EACH TIME A MAXIMUM CHANGES
# IF CHANGE WAS IN RSS OR VSZ ALSO PROCID AND COMMAND ARE PRINTED
# THERE IS NO PRINTOUT FOR CPU/WALL TIME INCREASE
 
# TIME			PID	RSS(KB)	VSZ(KB)	Dsk(MB)	tCPU(s)	tWALL(s)	COMMAND
 Nov 27 02:41:31 EET	1349	1380	8840	0	0	0	/bin/bash /home/cms078/home_crce1_405152134/CREAM405152134/glide_R17893/execute/dir_31678/crabWatchdog.sh        
 Nov 27 02:41:31 EET	1400	21324	84724	0	0	0	edmConfigHash pset.py        
 Nov 27 02:41:31 EET	---	21324	84724	168	----	----	----
 Nov 27 02:42:39 EET	7614	349924	548704	168	20	52	cmsRun -j /home/cms078/home_crce1_405152134/CREAM405152134/glide_R17893/execute/dir_31678/crab_fjr_19.xml -p pset.py     
 Nov 27 02:43:43 EET	7614	349924	550752	168	53	117	cmsRun -j /home/cms078/home_crce1_405152134/CREAM405152134/glide_R17893/execute/dir_31678/crab_fjr_19.xml -p pset.py     
 Nov 27 02:44:51 EET	7614	356200	550752	168	93	186	cmsRun -j /home/cms078/home_crce1_405152134/CREAM405152134/glide_R17893/execute/dir_31678/crab_fjr_19.xml -p pset.py     
 Nov 27 02:45:59 EET	---	356200	550752	169	----	----	----
********** WATCHDOG LOG ENDED
ZIPPING WATCHDOG LOG
Disk space used:
du -sh /home/cms078/home_crce1_405152134/CREAM405152134/glide_R17893/execute/dir_31678
169M	/home/cms078/home_crce1_405152134/CREAM405152134/glide_R17893/execute/dir_31678
>>> info for dashboard:
***** Cat /home/cms078/home_crce1_405152134/CREAM405152134/glide_R17893/execute/dir_31678/jobreport.txt *****
MonitorJobID=19_https://submit-2.t2.ucsd.edu//121127//17532.18
MonitorID=liis_crab_0_121127_013303_4cvb81
ExeTime=225
ExeExitCode=0
CrabUserCpuTime=109.94
CrabSysCpuTime=6.18
CrabCpuPercentage=51%
CrabWrapperTime=600
CrabStageoutTime=NULL
***** End Cat jobreport *****
Parameters sent to Dashboard.
optHistograms_19_1_lVB.root
crab_fjr_19.xml
CMSSW_19.stdout
CMSSW_19.stderr
Watchdog_19.log.gz
tar: .BrokerInfo: Cannot stat: No such file or directory
tar: Error exit delayed from previous errors
Total Output dimension: 25563
WARNING: output files size limit is set to: 50000000
Total Output dimension 25563 is fine.
JOB_EXIT_STATUS = 0
>>> info for dashboard:
***** Cat /home/cms078/home_crce1_405152134/CREAM405152134/glide_R17893/execute/dir_31678/jobreport.txt *****
MonitorJobID=19_https://submit-2.t2.ucsd.edu//121127//17532.18
MonitorID=liis_crab_0_121127_013303_4cvb81
JobExitCode=0
***** End Cat jobreport *****
Parameters sent to Dashboard.
optHistograms_19_1_lVB.root
crab_fjr_19.xml
