This script was generated by crab (version 2.8.3).
Running /home/cms067/home_crobe_372173212/CREAM372173212/glide_s22571/execute/dir_25680/condor_exec.exe with 2 positional parameters: 50 1
Today is Tue Nov 27 02:41:38 EET 2012
Job submitted on host wn-v-7017.local
Linux wn-v-7017.local 2.6.32-042stab059.7 #1 SMP Tue Jul 24 19:12:01 MSK 2012 x86_64 x86_64 x86_64 GNU/Linux
>>> current directory (RUNTIME_AREA): /home/cms067/home_crobe_372173212/CREAM372173212/glide_s22571/execute/dir_25680
>>> current user: uid=11067(cms067) gid=1400(cms) groups=1400(cms)
>>> voms proxy information:
subject   : /DC=ch/DC=cern/OU=Organic Units/OU=Users/CN=liis/CN=663550/CN=Liis Rebane/CN=proxy/CN=limited proxy
issuer    : /DC=ch/DC=cern/OU=Organic Units/OU=Users/CN=liis/CN=663550/CN=Liis Rebane/CN=proxy
identity  : /DC=ch/DC=cern/OU=Organic Units/OU=Users/CN=liis/CN=663550/CN=Liis Rebane/CN=proxy
type      : limited proxy
strength  : 512 bits
path      : /home/cms067/home_crobe_372173212/CREAM372173212/glide_s22571/execute/dir_25680/x509up_u1000009
timeleft  : 23:59:54
key usage : Digital Signature, Key Encipherment, Data Encipherment
=== VO cms extension information ===
VO        : cms
subject   : /DC=ch/DC=cern/OU=Organic Units/OU=Users/CN=liis/CN=663550/CN=Liis Rebane
issuer    : /DC=ch/DC=cern/OU=computers/CN=lcg-voms.cern.ch
attribute : /cms/Role=NULL/Capability=NULL
timeleft  : 190:43:59
uri       : lcg-voms.cern.ch:15002
>>> tar xzf /home/cms067/home_crobe_372173212/CREAM372173212/glide_s22571/execute/dir_25680/default.tgz :
Successful untar
>>> Include /home/cms067/home_crobe_372173212/CREAM372173212/glide_s22571/execute/dir_25680 in PYTHONPATH:
strip arguments
env var CRAB_UNIQUE_JOB_ID set to: liis_crab_0_121127_013303_4cvb81_50_1_FcE
out_files_50
>>> list of expected files on output sandbox
output files: optHistograms_50_1_FcE.root crab_fjr_50.xml CMSSW_50.stdout CMSSW_50.stderr Watchdog_50.log.gz
>>> GridFlavour discovery: 
GridFlavour=LCG
>>> SyncSite discovery: 
SyncSite=T2_EE_Estonia
>>> SyncCE discovery: 
getting SyncCE from CE_ID
SyncCE=oberon.hep.kbfi.ee:8443/cream-pbs-long
>>> info for dashboard:
***** Cat /home/cms067/home_crobe_372173212/CREAM372173212/glide_s22571/execute/dir_25680/jobreport.txt *****
MonitorJobID=50_https://submit-2.t2.ucsd.edu//121127//17532.49
SyncGridJobId=https://submit-2.t2.ucsd.edu//121127//17532.49
MonitorID=liis_crab_0_121127_013303_4cvb81
GridFlavour=LCG
SyncSite=T2_EE_Estonia
SyncCE=oberon.hep.kbfi.ee:8443/cream-pbs-long
***** End Cat jobreport *****
Parameters sent to Dashboard.
>>> setup environment
set SCRAM ARCH to slc5_amd64_gcc462
SCRAM_ARCH = slc5_amd64_gcc462
>>> setup CMS LCG environment:
set SCRAM ARCH and BUILD_ARCH to slc5_amd64_gcc462 ###
Sourcing environment... 
sourcing /cvmfs/cms.cern.ch/cmsset_default.sh
==> setup cms environment ok
>>> specific cmssw setup environment:
CMSSW_VERSION =  CMSSW_5_3_5
>>> current directory (SOFTWARE_DIR): /home/cms067/home_crobe_372173212/CREAM372173212/glide_s22571/execute/dir_25680/CMSSW_5_3_5
PreserveSeeds: <>
IncrementSeeds:<>
{}
WNHostName=wn-v-7017.local
>>> info for dashboard:
***** Cat /home/cms067/home_crobe_372173212/CREAM372173212/glide_s22571/execute/dir_25680/jobreport.txt *****
MonitorJobID=50_https://submit-2.t2.ucsd.edu//121127//17532.49
MonitorID=liis_crab_0_121127_013303_4cvb81
WNHostName=wn-v-7017.local
***** End Cat jobreport *****
Parameters sent to Dashboard.
crabWatchdog started as process 29502
>>> moving CMSSW software directories in /home/cms067/home_crobe_372173212/CREAM372173212/glide_s22571/execute/dir_25680/CMSSW_5_3_5
mv: cannot stat `/home/cms067/home_crobe_372173212/CREAM372173212/glide_s22571/execute/dir_25680/module/': No such file or directory
>>> Include /home/cms067/home_crobe_372173212/CREAM372173212/glide_s22571/execute/dir_25680 in PYTHONPATH:
PYTHONPATH=/home/cms067/home_crobe_372173212/CREAM372173212/glide_s22571/execute/dir_25680/:/home/cms067/home_crobe_372173212/CREAM372173212/glide_s22571/execute/dir_25680/CMSSW_5_3_5/python:/home/cms067/home_crobe_372173212/CREAM372173212/glide_s22571/execute/dir_25680/CMSSW_5_3_5/lib/slc5_amd64_gcc462:/cvmfs/cms.cern.ch/slc5_amd64_gcc462/cms/cmssw/CMSSW_5_3_5/python:/cvmfs/cms.cern.ch/slc5_amd64_gcc462/cms/cmssw/CMSSW_5_3_5/lib/slc5_amd64_gcc462:/cvmfs/cms.cern.ch/slc5_amd64_gcc462/cms/coral/CORAL_2_3_21-cms27/slc5_amd64_gcc462/python:/cvmfs/cms.cern.ch/slc5_amd64_gcc462/cms/coral/CORAL_2_3_21-cms27/slc5_amd64_gcc462/lib:/cvmfs/cms.cern.ch/slc5_amd64_gcc462/external/pyqt/4.8.1/lib/python2.6/site-packages:/cvmfs/cms.cern.ch/slc5_amd64_gcc462/external/py2-scipy/0.8.0/lib/python2.6/site-packages:/cvmfs/cms.cern.ch/slc5_amd64_gcc462/external/py2-matplotlib/1.0.1/lib/python2.6/site-packages:/cvmfs/cms.cern.ch/slc5_amd64_gcc462/external/python-ldap/2.3.5/lib/python2.6/site-packages:/cvmfs/cms.cern.ch/slc5_amd64_gcc462/external/sip/4.11.2/lib/python2.6/site-packages:/cvmfs/cms.cern.ch/slc5_amd64_gcc462/external/py2-pycurl/7.19.0/lib/python2.6/site-packages:/cvmfs/cms.cern.ch/slc5_amd64_gcc462/external/py2-numpy/1.6.1/lib/python2.6/site-packages:/cvmfs/cms.cern.ch/slc5_amd64_gcc462/external/py2-ipython/0.10/lib/python2.6/site-packages:/cvmfs/cms.cern.ch/slc5_amd64_gcc462/external/py2-cx-oracle/5.1-cms11/lib/python2.6/site-packages:/cvmfs/cms.cern.ch/slc5_amd64_gcc462/external/py2-cjson/1.0.5/lib/python2.6/site-packages:/cvmfs/cms.cern.ch/slc5_amd64_gcc462/cms/das-client/1.4.1-cms8/bin:/cvmfs/cms.cern.ch/slc5_amd64_gcc462/external/elementtree/1.2.6/share/lib/python2.6/site-packages:/cvmfs/cms.cern.ch/slc5_amd64_gcc462/external/rivet/1.5.1-cms10/lib/python2.6/site-packages:/cvmfs/cms.cern.ch/slc5_amd64_gcc462/external/pyminuit2/0.0.1-cms34/lib/python2.6/site-packages:/cvmfs/cms.cern.ch/slc5_amd64_gcc462/external/professor/1.0.0-cms35/lib/python2.6/site-packages:/cvmfs/cms.cern.ch/slc5_amd64_gcc462/lcg/root/5.32.00-cms18/lib:/cvmfs/cms.cern.ch/slc5_amd64_gcc462/cms/dbs-client/DBS_2_1_1_patch1_1/lib:/cvmfs/cms.cern.ch/slc5_amd64_gcc462/cms/dbs-client/DBS_2_1_1_patch1_1/lib/DBSAPI:/home/cms067/home_crobe_372173212/CREAM372173212/glide_s22571/execute/dir_25680/
241a2a19cb7c5c8751ba22759ab3bdb0
PSETHASH = 241a2a19cb7c5c8751ba22759ab3bdb0
/home/cms067/home_crobe_372173212/CREAM372173212/glide_s22571/execute/dir_25680/writeCfg.py pset.py pset.py
Importing .py file
Setting parameters
inputBlocks=/QCD_Pt_30_80_EMEnriched_TuneZ2star_8TeV_pythia6/mario-Summer12-stop-pfele-step1-3d176ac8da5e9dff208d057f4733ca91/USER#8a92f640-f537-45f1-b46c-e85f5627347f
inputFiles=/store/user/mario/QCD_Pt_30_80_EMEnriched_TuneZ2star_8TeV_pythia6/Summer12-stop-pfele-step1/3d176ac8da5e9dff208d057f4733ca91/tuple_403_6_Ba0.root;/store/user/mario/QCD_Pt_30_80_EMEnriched_TuneZ2star_8TeV_pythia6/Summer12-stop-pfele-step1/3d176ac8da5e9dff208d057f4733ca91/tuple_186_2_Hfg.root;/store/user/mario/QCD_Pt_30_80_EMEnriched_TuneZ2star_8TeV_pythia6/Summer12-stop-pfele-step1/3d176ac8da5e9dff208d057f4733ca91/tuple_183_2_W0D.root;/store/user/mario/QCD_Pt_30_80_EMEnriched_TuneZ2star_8TeV_pythia6/Summer12-stop-pfele-step1/3d176ac8da5e9dff208d057f4733ca91/tuple_184_2_13v.root;/store/user/mario/QCD_Pt_30_80_EMEnriched_TuneZ2star_8TeV_pythia6/Summer12-stop-pfele-step1/3d176ac8da5e9dff208d057f4733ca91/tuple_185_2_8R4.root
parentFiles=
lumisRange=
>>> Executable cmsRun
/cvmfs/cms.cern.ch/slc5_amd64_gcc462/cms/cmssw/CMSSW_5_3_5/bin/slc5_amd64_gcc462/cmsRun
ok executable found
>>> info for dashboard:
***** Cat /home/cms067/home_crobe_372173212/CREAM372173212/glide_s22571/execute/dir_25680/jobreport.txt *****
MonitorJobID=50_https://submit-2.t2.ucsd.edu//121127//17532.49
MonitorID=liis_crab_0_121127_013303_4cvb81
ExeStart=cmsRun
***** End Cat jobreport *****
Parameters sent to Dashboard.
>>> cmsRun started at Tue Nov 27 00:42:15 UTC 2012
>>> cmsRun ended at Tue Nov 27 00:46:58 UTC 2012
>>> info for dashboard:
***** Cat /home/cms067/home_crobe_372173212/CREAM372173212/glide_s22571/execute/dir_25680/jobreport.txt *****
MonitorJobID=50_https://submit-2.t2.ucsd.edu//121127//17532.49
MonitorID=liis_crab_0_121127_013303_4cvb81
ExeEnd=cmsRun
***** End Cat jobreport *****
Parameters sent to Dashboard.
TIME_EXE = 283 sec
>>> cmsRun wrote 73 lines of stdout+stderr
>>> START OF printout of 73 lines from stdout+stderr
27-Nov-2012 02:42:54 EET  Initiating request to open file file:/hdfs/cms/store/user/mario/QCD_Pt_30_80_EMEnriched_TuneZ2star_8TeV_pythia6/Summer12-stop-pfele-step1/3d176ac8da5e9dff208d057f4733ca91/tuple_403_6_Ba0.root
27-Nov-2012 02:43:06 EET  Successfully opened file file:/hdfs/cms/store/user/mario/QCD_Pt_30_80_EMEnriched_TuneZ2star_8TeV_pythia6/Summer12-stop-pfele-step1/3d176ac8da5e9dff208d057f4733ca91/tuple_403_6_Ba0.root
Begin processing the 1st record. Run 1, Event 513997182, LumiSection 66503 at 27-Nov-2012 02:43:21.676 EET
Begin processing the 1001st record. Run 1, Event 123025033, LumiSection 15918 at 27-Nov-2012 02:43:30.217 EET
27-Nov-2012 02:43:31 EET  Closed file file:/hdfs/cms/store/user/mario/QCD_Pt_30_80_EMEnriched_TuneZ2star_8TeV_pythia6/Summer12-stop-pfele-step1/3d176ac8da5e9dff208d057f4733ca91/tuple_403_6_Ba0.root
27-Nov-2012 02:43:31 EET  Initiating request to open file file:/hdfs/cms/store/user/mario/QCD_Pt_30_80_EMEnriched_TuneZ2star_8TeV_pythia6/Summer12-stop-pfele-step1/3d176ac8da5e9dff208d057f4733ca91/tuple_186_2_Hfg.root
27-Nov-2012 02:43:32 EET  Successfully opened file file:/hdfs/cms/store/user/mario/QCD_Pt_30_80_EMEnriched_TuneZ2star_8TeV_pythia6/Summer12-stop-pfele-step1/3d176ac8da5e9dff208d057f4733ca91/tuple_186_2_Hfg.root
Begin processing the 2001st record. Run 1, Event 285098363, LumiSection 36887 at 27-Nov-2012 02:43:45.493 EET
Begin processing the 3001st record. Run 1, Event 360564973, LumiSection 46651 at 27-Nov-2012 02:43:48.381 EET
Begin processing the 4001st record. Run 1, Event 478622342, LumiSection 61926 at 27-Nov-2012 02:43:51.154 EET
Begin processing the 5001st record. Run 1, Event 253291572, LumiSection 32772 at 27-Nov-2012 02:43:57.010 EET
Begin processing the 6001st record. Run 1, Event 346908310, LumiSection 44884 at 27-Nov-2012 02:44:00.067 EET
Begin processing the 7001st record. Run 1, Event 428746089, LumiSection 55473 at 27-Nov-2012 02:44:03.203 EET
Begin processing the 8001st record. Run 1, Event 7956038, LumiSection 1030 at 27-Nov-2012 02:44:06.040 EET
Begin processing the 9001st record. Run 1, Event 74019416, LumiSection 9577 at 27-Nov-2012 02:44:12.948 EET
Begin processing the 10001st record. Run 1, Event 252173374, LumiSection 32627 at 27-Nov-2012 02:44:16.015 EET
Begin processing the 11001st record. Run 1, Event 295988815, LumiSection 38296 at 27-Nov-2012 02:44:19.108 EET
27-Nov-2012 02:44:19 EET  Closed file file:/hdfs/cms/store/user/mario/QCD_Pt_30_80_EMEnriched_TuneZ2star_8TeV_pythia6/Summer12-stop-pfele-step1/3d176ac8da5e9dff208d057f4733ca91/tuple_186_2_Hfg.root
27-Nov-2012 02:44:19 EET  Initiating request to open file file:/hdfs/cms/store/user/mario/QCD_Pt_30_80_EMEnriched_TuneZ2star_8TeV_pythia6/Summer12-stop-pfele-step1/3d176ac8da5e9dff208d057f4733ca91/tuple_183_2_W0D.root
27-Nov-2012 02:44:20 EET  Successfully opened file file:/hdfs/cms/store/user/mario/QCD_Pt_30_80_EMEnriched_TuneZ2star_8TeV_pythia6/Summer12-stop-pfele-step1/3d176ac8da5e9dff208d057f4733ca91/tuple_183_2_W0D.root
Begin processing the 12001st record. Run 1, Event 229382818, LumiSection 29679 at 27-Nov-2012 02:44:35.085 EET
Begin processing the 13001st record. Run 1, Event 142968419, LumiSection 18498 at 27-Nov-2012 02:44:37.978 EET
Begin processing the 14001st record. Run 1, Event 157951878, LumiSection 20437 at 27-Nov-2012 02:44:40.883 EET
Begin processing the 15001st record. Run 1, Event 143617963, LumiSection 18582 at 27-Nov-2012 02:44:47.930 EET
Begin processing the 16001st record. Run 1, Event 134576595, LumiSection 17412 at 27-Nov-2012 02:44:50.828 EET
Begin processing the 17001st record. Run 1, Event 274523152, LumiSection 35519 at 27-Nov-2012 02:44:53.685 EET
Begin processing the 18001st record. Run 1, Event 151762775, LumiSection 19636 at 27-Nov-2012 02:45:02.353 EET
Begin processing the 19001st record. Run 1, Event 162452826, LumiSection 21019 at 27-Nov-2012 02:45:05.357 EET
Begin processing the 20001st record. Run 1, Event 256749195, LumiSection 33219 at 27-Nov-2012 02:45:08.334 EET
Begin processing the 21001st record. Run 1, Event 503409783, LumiSection 65133 at 27-Nov-2012 02:45:11.388 EET
27-Nov-2012 02:45:11 EET  Closed file file:/hdfs/cms/store/user/mario/QCD_Pt_30_80_EMEnriched_TuneZ2star_8TeV_pythia6/Summer12-stop-pfele-step1/3d176ac8da5e9dff208d057f4733ca91/tuple_183_2_W0D.root
27-Nov-2012 02:45:11 EET  Initiating request to open file file:/hdfs/cms/store/user/mario/QCD_Pt_30_80_EMEnriched_TuneZ2star_8TeV_pythia6/Summer12-stop-pfele-step1/3d176ac8da5e9dff208d057f4733ca91/tuple_184_2_13v.root
27-Nov-2012 02:45:12 EET  Successfully opened file file:/hdfs/cms/store/user/mario/QCD_Pt_30_80_EMEnriched_TuneZ2star_8TeV_pythia6/Summer12-stop-pfele-step1/3d176ac8da5e9dff208d057f4733ca91/tuple_184_2_13v.root
Begin processing the 22001st record. Run 1, Event 100451983, LumiSection 12997 at 27-Nov-2012 02:45:36.942 EET
Begin processing the 23001st record. Run 1, Event 112866067, LumiSection 14603 at 27-Nov-2012 02:45:39.933 EET
Begin processing the 24001st record. Run 1, Event 410006765, LumiSection 53048 at 27-Nov-2012 02:45:42.683 EET
Begin processing the 25001st record. Run 1, Event 14151766, LumiSection 1831 at 27-Nov-2012 02:45:51.056 EET
Begin processing the 26001st record. Run 1, Event 63664844, LumiSection 8238 at 27-Nov-2012 02:45:53.787 EET
Begin processing the 27001st record. Run 1, Event 78135221, LumiSection 10110 at 27-Nov-2012 02:45:56.605 EET
Begin processing the 28001st record. Run 1, Event 28798823, LumiSection 3727 at 27-Nov-2012 02:46:02.810 EET
Begin processing the 29001st record. Run 1, Event 75670875, LumiSection 9791 at 27-Nov-2012 02:46:05.698 EET
Begin processing the 30001st record. Run 1, Event 202342833, LumiSection 26180 at 27-Nov-2012 02:46:08.414 EET
27-Nov-2012 02:46:10 EET  Closed file file:/hdfs/cms/store/user/mario/QCD_Pt_30_80_EMEnriched_TuneZ2star_8TeV_pythia6/Summer12-stop-pfele-step1/3d176ac8da5e9dff208d057f4733ca91/tuple_184_2_13v.root
27-Nov-2012 02:46:10 EET  Initiating request to open file file:/hdfs/cms/store/user/mario/QCD_Pt_30_80_EMEnriched_TuneZ2star_8TeV_pythia6/Summer12-stop-pfele-step1/3d176ac8da5e9dff208d057f4733ca91/tuple_185_2_8R4.root
27-Nov-2012 02:46:11 EET  Successfully opened file file:/hdfs/cms/store/user/mario/QCD_Pt_30_80_EMEnriched_TuneZ2star_8TeV_pythia6/Summer12-stop-pfele-step1/3d176ac8da5e9dff208d057f4733ca91/tuple_185_2_8R4.root
Begin processing the 31001st record. Run 1, Event 375873259, LumiSection 48632 at 27-Nov-2012 02:46:26.341 EET
Begin processing the 32001st record. Run 1, Event 505020693, LumiSection 65342 at 27-Nov-2012 02:46:29.249 EET
Begin processing the 33001st record. Run 1, Event 544588140, LumiSection 70461 at 27-Nov-2012 02:46:32.260 EET
Begin processing the 34001st record. Run 1, Event 100217515, LumiSection 12967 at 27-Nov-2012 02:46:35.124 EET
Begin processing the 35001st record. Run 1, Event 9310378, LumiSection 1205 at 27-Nov-2012 02:46:41.259 EET
Begin processing the 36001st record. Run 1, Event 99248944, LumiSection 12842 at 27-Nov-2012 02:46:44.086 EET
Begin processing the 37001st record. Run 1, Event 182286815, LumiSection 23585 at 27-Nov-2012 02:46:47.081 EET
Begin processing the 38001st record. Run 1, Event 77215215, LumiSection 9991 at 27-Nov-2012 02:46:51.884 EET
Begin processing the 39001st record. Run 1, Event 96595872, LumiSection 12498 at 27-Nov-2012 02:46:54.648 EET
27-Nov-2012 02:46:56 EET  Closed file file:/hdfs/cms/store/user/mario/QCD_Pt_30_80_EMEnriched_TuneZ2star_8TeV_pythia6/Summer12-stop-pfele-step1/3d176ac8da5e9dff208d057f4733ca91/tuple_185_2_8R4.root

=============================================

MessageLogger Summary

 type     category        sev    module        subroutine        count    total
 ---- -------------------- -- ---------------- ----------------  -----    -----
    1 fileAction           -s file_close                             5        5
    2 fileAction           -s file_open                             10       10

 type    category    Examples: run/evt        run/evt          run/evt
 ---- -------------------- ---------------- ---------------- ----------------
    1 fileAction           PostProcessEvent PostProcessEvent PostEndRun
    2 fileAction           pre-events       pre-events       PostProcessEvent

Severity    # Occurrences   Total Occurrences
--------    -------------   -----------------
System                 15                  15
>>> END OF printout of 73 lines from stdout+stderr
>>> Parse FrameworkJobReport crab_fjr.xml
Result of parsing the FrameworkJobReport crab_fjr.xml: Popularity start
lumisRange : 1::15565,15650,15918,15967,16222,18667,18991,19157,19314,20388,25856,40303,66503,67150,67726,67729,68031,68352,68507,68641,68671,68782,69310,69756,69859,70340,70467,72660::1;1::100,292,913,1178,1205,1633,2172,2521,2832,3008,3217,3475,4077,4510,5060,5067,6013,6226,6304,6545,6864,7051,7834,8692,8712,8720,8870,9094,9401,9500,9948,9991,10222,10351,10463,10623,10675-10676,10685,10699,10714,10757,10761,10769,10859,10955,11328,11389,11565,11639,11754,11820,11891,11945,12498,12503,12568,12582,12639,12645,12682,12694,12709,12741,12808,12842,12941,12967,13122,13142,13233,13283,13304,13313,13322,13330,13377,13392,13426,13428,13438,13868,14669,16540,17878,19788,20038,20397,21810,22816,23166,23529,23585,23646,25204,25534,29320,29389,30371,34190,35976,36011,36187,36540,39448,40078,41474,41507,42053,45433,46257,46530,47025,47474,48632,49421,49468,50260,51104,51182,52586,54029,54063,54105,54565,54617,54703,54712,54838,55107,55995,56920,57300,57569,57807,58830,59021,61214,65342,68264,68819,68861,69063,69158,69181,69233,70127,70223,70461,70576,70831,71169,71694,72349,72369,72414,72476::2;1::478,1030,1428,1997,2313,3962,4523,5470,5589,5818,7968,8340,8444,8565,9180,9240,9577,9949,10088,10152,10793,11468,16702,18361,19125,19199,19823,19882,22522,23522,24662,25004,26581,27079,27719,29033,29865,30800,31038,31605,31680,32552,32587,32627,32772,33438,33739,33744,34294,35226,35362,36086,36887,36921,37212,37235,37964,38040,38100,38146,38160,38296,38367,38614,38709-38710,38950,38959,38966,38973,39300,39480,39563,39605,39691,39721,39922,39968-39969,40043,40098,40165,40308,40358,40469,40657,40795,41514,41846-41847,42042,42500,42741,42816,43361,43476,44354,44671,44884,46323,46651,47613,47882,52123,53112,53959,54030,54086,54256,54418,54785,54936,55064,55115,55202,55402,55473,55502,55829,55917,56007,56128,56158,56191,56402,56530,56900,57014,57117,57713,57735,57980,58086,58594,58605,59271,59373,59614,59813,60715,60975,61270,61348,61385,61926,61999,62508,62894,63056,63235,63400,63792,64107,64294,64398,64672,65100,65130,65405,65526,65549,65810,66264,67102,67440,68400,69118,71189,72490::3;1::14884,15640,15690,15858,15869-15870,15901,15912,15975,16249,16324,16382,16451,16459,16625,16627,16672,16716,16757,16777,16884,16947,16996,17176,17222,17364,17412,17435,17443,17451,17527,17546,17701,17949,18123,18202,18218,18498-18499,18511,18530,18556,18582,18638,18670,18701,18710,18782,18860,18905,18921,18944-18945,18957,18989,19007-19008,19013,19106,19117,19184,19225,19250,19342,19412,19441,19509,19512,19543,19554,19564-19565,19605,19636,19673,19686,19707,19740,19745,19748,19759,19832,19900,20029,20047,20055,20061,20064,20067,20081,20112,20116,20123,20164,20173,20317,20437,20738,20751,20859,20904,21019,22098,22238,22343,22802,22898,24438,24457,24606,24941,25038,25051,25628,26680,26801,27064,28531,29637,29679,29700,30372,30489,30589,31385,31579,31699,32612,33219,33244,33947,35141,35519,35528,36894,36917,37022,37396,37607,37793,38179,38718,39737,39905,40637,41732,41957,42927,42971,45432,45549,46566,48131,48952,54622,54985,56068,56668,57318,57962,58170,58965,59120,59122,61685,64133,64737,65133,65138,65786::4;1::91,251,254,500,782,881,1150,1830-1831,1879,1897,3479,3727,4155,4350,4612,5400,5519,5634,5757,6400,6673,6759,7975,8030,8047,8238,8270,8284,8286,8293,8326,8361,8391,8507,9237,9373,9502,9601,9624,9629,9670,9684,9746,9787,9791,9802,9830,9840-9841,9897-9898,9969,10085,10110,10134,10161,10196,10243,10255,10273,10303,10312,10321,10396,10414,10434,10823,10896,10953,11399,12266,12997,13059,13563,13688,13710,14059,14114,14137,14163,14242,14311,14316,14332,14480,14489,14603,14610,14808,14929,15217,15356,15905,16054,16126,17063,17850,18694,19559,19929,20210,20395,20881,23485,24833,25072,25220,25451,26107,26180,26234,26932,27078,28071,29017,29466-29467,29829,30190,30454,32341,35942,36011,36471,37468,37911,38034,38705,39699,40761,40926,41981,43422,43479,43701,44893,45275,45399,46264,46516,46948,47694,47858,48657,49807,51314,51354,53048,53147,57505,58025,63477,65786,65796,66292,68026,68416,70013,71061,71066,71132,71667,71814,71911,72001,72012,72299::5;
lumisParentRange : 
Basename : /store/user/mario/QCD_Pt_30_80_EMEnriched_TuneZ2star_8TeV_pythia6/Summer12-stop-pfele-step1/3d176ac8da5e9dff208d057f4733ca91/tuple_
BasenameParent : 
parentFiles : 
inputBlocks : /QCD_Pt_30_80_EMEnriched_TuneZ2star_8TeV_pythia6/mario-Summer12-stop-pfele-step1-3d176ac8da5e9dff208d057f4733ca91/USER#8a92f640-f537-45f1-b46c-e85f5627347f
inputFiles : 403_6_Ba0.root::1::EDM::Local::1;185_2_8R4.root::1::EDM::Local::2;186_2_Hfg.root::1::EDM::Local::3;183_2_W0D.root::1::EDM::Local::4;184_2_13v.root::1::EDM::Local::5;
Popularity stop
Extracted ExitStatus from FrameworkJobReport parsing output: 0
>>> Executable succeded  0
ExeExitCode=0
EXECUTABLE_EXIT_STATUS = 0
>>> current directory /home/cms067/home_crobe_372173212/CREAM372173212/glide_s22571/execute/dir_25680/CMSSW_5_3_5
>>>  (SOFTWARE_DIR): /home/cms067/home_crobe_372173212/CREAM372173212/glide_s22571/execute/dir_25680/CMSSW_5_3_5
>>> (WORKING_DIR): 
>>> current directory content:
total 152
drwxr-xr-x 3 cms067 cms  4096 Nov 27 02:41 .SCRAM
-rw-r--r-- 1 cms067 cms 30066 Nov 27 02:41 CMSSW.py.pkl
drwxr-xr-x 3 cms067 cms  4096 Nov 27 02:41 bin
drwxr-xr-x 3 cms067 cms  4096 Nov 27 02:41 cfipython
drwxr-xr-x 5 cms067 cms  4096 Nov 27 02:41 config
-rw-r--r-- 1 cms067 cms    17 Nov 27 02:46 cpu_timing.txt
drwxr-xr-x 2 cms067 cms  4096 Nov 27 02:41 doc
-rw-r--r-- 1 cms067 cms  8371 Nov 27 02:46 executable.out
drwxr-xr-x 2 cms067 cms  4096 Nov 27 02:41 include
drwxrwxrwx 3 cms067 cms  4096 Oct 22 16:38 lib
drwxr-xr-x 3 cms067 cms  4096 Nov 27 02:41 logs
drwxr-xr-x 3 cms067 cms  4096 Nov 27 02:41 objs
-rw-r--r-- 1 cms067 cms 16417 Nov 27 02:46 optHistograms.root
-rw-r--r-- 1 cms067 cms   104 Nov 27 02:42 pset.py
-rw-r--r-- 1 cms067 cms 19497 Nov 27 02:42 pset.py.pkl
-rw-r--r-- 1 cms067 cms   289 Nov 27 02:42 pset.pyc
drwxr-xr-x 2 cms067 cms  4096 Nov 27 02:41 python
-rw-r--r-- 1 cms067 cms   420 Nov 27 02:47 report.log
drwxrwxrwx 4 cms067 cms  4096 Nov 27 02:41 src
drwxr-xr-x 3 cms067 cms  4096 Nov 27 02:41 test
drwxr-xr-x 3 cms067 cms  4096 Nov 27 02:41 tmp
>>> current directory /home/cms067/home_crobe_372173212/CREAM372173212/glide_s22571/execute/dir_25680/CMSSW_5_3_5
>>> (SOFTWARE_DIR): /home/cms067/home_crobe_372173212/CREAM372173212/glide_s22571/execute/dir_25680/CMSSW_5_3_5
>>> (WORKING_DIR): 
>>> current directory content:
total 132
drwxr-xr-x 3 cms067 cms  4096 Nov 27 02:41 .SCRAM
-rw-r--r-- 1 cms067 cms 30066 Nov 27 02:41 CMSSW.py.pkl
drwxr-xr-x 3 cms067 cms  4096 Nov 27 02:41 bin
drwxr-xr-x 3 cms067 cms  4096 Nov 27 02:41 cfipython
drwxr-xr-x 5 cms067 cms  4096 Nov 27 02:41 config
-rw-r--r-- 1 cms067 cms    17 Nov 27 02:46 cpu_timing.txt
drwxr-xr-x 2 cms067 cms  4096 Nov 27 02:41 doc
-rw-r--r-- 1 cms067 cms  8371 Nov 27 02:46 executable.out
drwxr-xr-x 2 cms067 cms  4096 Nov 27 02:41 include
drwxrwxrwx 3 cms067 cms  4096 Oct 22 16:38 lib
drwxr-xr-x 3 cms067 cms  4096 Nov 27 02:41 logs
drwxr-xr-x 3 cms067 cms  4096 Nov 27 02:41 objs
-rw-r--r-- 1 cms067 cms   104 Nov 27 02:42 pset.py
-rw-r--r-- 1 cms067 cms 19497 Nov 27 02:42 pset.py.pkl
-rw-r--r-- 1 cms067 cms   289 Nov 27 02:42 pset.pyc
drwxr-xr-x 2 cms067 cms  4096 Nov 27 02:41 python
-rw-r--r-- 1 cms067 cms   420 Nov 27 02:47 report.log
drwxrwxrwx 4 cms067 cms  4096 Nov 27 02:41 src
drwxr-xr-x 3 cms067 cms  4096 Nov 27 02:41 test
drwxr-xr-x 3 cms067 cms  4096 Nov 27 02:41 tmp
>>> current directory (RUNTIME_AREA):  /home/cms067/home_crobe_372173212/CREAM372173212/glide_s22571/execute/dir_25680
>>> current dir: /home/cms067/home_crobe_372173212/CREAM372173212/glide_s22571/execute/dir_25680
>>> current dir content:
total 25780
-rw-rw-rw-  1 cms067 cms     5604 Nov 27 02:41 .job.ad
-rw-rw-rw-  1 cms067 cms    11529 Nov 27 02:41 .machine.ad
-rw-rw-rw-  1 cms067 cms      105 Nov 27 01:33 CMSSW.py
-rw-rw-rw-  1 cms067 cms    30066 Nov 27 01:33 CMSSW.py.pkl
-rwxrw-rw-  1 cms067 cms    23337 Nov 27 02:41 CMSSW.sh
-rw-rw-rw-  1 cms067 cms        0 Nov 27 02:41 CMSSW_50.stderr
-rw-rw-rw-  1 cms067 cms    24475 Nov 27 02:47 CMSSW_50.stdout
drwxr-xr-x 15 cms067 cms     4096 Nov 27 02:47 CMSSW_5_3_5
-rw-r--r--  1 cms067 cms      347 Nov 27 02:41 CacheEnv.sh
-rw-rw-rw-  1 cms067 cms     7291 Jun  9  2010 DashboardAPI.py
-rw-r--r--  1 cms067 cms     6883 Nov 27 02:41 DashboardAPI.pyc
drwxrwxrwx  3 cms067 cms     4096 Nov 27 02:47 IMProv
-rw-rw-rw-  1 cms067 cms     2748 Mar  8  2006 Logger.py
-rw-r--r--  1 cms067 cms     3353 Nov 27 02:41 Logger.pyc
-rw-rw-rw-  1 cms067 cms    24524 Mar 28  2008 ProcInfo.py
-rw-r--r--  1 cms067 cms    23470 Nov 27 02:41 ProcInfo.pyc
drwxrwxrwx  7 cms067 cms     4096 Nov 27 02:42 ProdCommon
drwxrwxrwx  3 cms067 cms     4096 Nov 27 02:41 WMCore
-rw-r--r--  1 cms067 cms     1944 Nov 27 02:46 Watchdog_50.log
-rw-rw-rw-  1 cms067 cms    32895 Mar 28  2008 apmon.py
-rw-r--r--  1 cms067 cms    28874 Nov 27 02:41 apmon.pyc
-rw-rw-rw-  1 cms067 cms   100223 Nov 27 02:41 arguments.xml
-rwxrwxrwx  1 cms067 cms    37427 Sep 13 14:14 cmscp.py
-rwxrwxrwx  1 cms067 cms    23337 Nov 27 02:41 condor_exec.exe
-rw-rw-rw-  1 cms067 cms      544 Nov 27 01:33 crab.cfg
-rwxrwxrwx  1 cms067 cms     9531 Sep 20 21:46 crabWatchdog.sh
-rw-r--r--  1 cms067 cms    48940 Nov 27 02:46 crab_fjr_50.xml
-rw-rw-rw-  1 cms067 cms 25796307 Nov 27 02:41 default.tgz
-rwxrwxrwx  1 cms067 cms     4488 May 12  2012 fillCrabFjr.py
-rw-r--r--  1 cms067 cms      934 Nov 27 02:42 inputsReport.txt
-rw-r--r--  1 cms067 cms      132 Nov 27 02:47 jobreport.txt
lrwxrwxrwx  1 cms067 cms      107 Nov 27 02:47 optHistograms.root -> /home/cms067/home_crobe_372173212/CREAM372173212/glide_s22571/execute/dir_25680/optHistograms_50_1_FcE.root
-rw-r--r--  1 cms067 cms    16417 Nov 27 02:46 optHistograms_50_1_FcE.root
-rw-rw-rw-  1 cms067 cms    17352 Jan 20  2012 parseCrabFjr.py
-rw-r--r--  1 cms067 cms      285 Nov 27 02:41 report.log
-rwxrwxrwx  1 cms067 cms     1497 May 27  2009 report.py
-rwxrwxrwx  1 cms067 cms     8387 Mar 23  2011 writeCfg.py
-rw-------  1 cms067 cms     8691 Nov 27 02:41 x509up_u1000009
Checking output files:  
will tar file optHistograms_50_1_FcE.root in  out_files_50
will tar file crab_fjr_50.xml in  out_files_50
will tar file CMSSW_50.stdout in  out_files_50
will tar file CMSSW_50.stderr in  out_files_50
WARNING: output file Watchdog_50.log.gz not found!
>>> padding time: Sleeping the wrapper for 258 seconds
STOPPING WATCHDOG. CrabWatchdog PID is 29502
********** LAST 50 LINES OF WATCHDOG LOG
# RESOURCE USAGE SUMMARY FOR PROCESS ID 27425
USER       PID %CPU %MEM    VSZ   RSS TTY      STAT START   TIME COMMAND
cms067   27425  0.3  0.0   8956  1484 ?        S    02:41   0:00 /bin/sh /home/cms067/home_crobe_372173212/CREAM372173212/glide_s22571/execute/dir_25680/condor_exec.exe 50 1
 
# LIMITS USED BY THIS WATCHDOG:
# RSS  (KBytes)  : 2300000
# VSZ  (KBytes)  : 100000000
# DISK (MBytes)  : 19000
# CPU  (seconds) : 171600
# WALL (seconds) : 171600
 
# FOLLOWING PRINTOUT TRACKS MAXIMUM VALUES OF RESOURCES USE
# ONE LINE IS PRINTED EACH TIME A MAXIMUM CHANGES
# IF CHANGE WAS IN RSS OR VSZ ALSO PROCID AND COMMAND ARE PRINTED
# THERE IS NO PRINTOUT FOR CPU/WALL TIME INCREASE
 
# TIME			PID	RSS(KB)	VSZ(KB)	Dsk(MB)	tCPU(s)	tWALL(s)	COMMAND
 Nov 27 02:41:52 EET	20905	1320	8896	0	0	3724	-bash         
 Nov 27 02:41:52 EET	21106	1488	8952	0	0	3725	/bin/sh -l ./CREAM372173212_jobWrapper.sh       
 Nov 27 02:41:52 EET	22414	2672	25504	0	0	3723	perl -e ?use Socket;??sub send_notify {? $cream_url = "193.40.150.124:49152";die "No
 Nov 27 02:41:52 EET	25680	5384	25504	0	0	29	condor_starter -f submit-2.t2.ucsd.edu       
 Nov 27 02:41:52 EET	30578	5776	25504	0	1	3703	/home/cms067/home_crobe_372173212/CREAM372173212/glide_s22571/main/condor/sbin/condor_master -f -pidfile /home/cms067/home_crobe_372173212/CREAM372173212/glide_s22571/condor_master2.pid      
 Nov 27 02:41:52 EET	---	5776	25504	168	----	----	----
 Nov 27 02:43:01 EET	2502	183332	293896	168	14	46	cmsRun -j /home/cms067/home_crobe_372173212/CREAM372173212/glide_s22571/execute/dir_25680/crab_fjr_50.xml -p pset.py     
 Nov 27 02:44:11 EET	2502	355264	550248	168	49	116	cmsRun -j /home/cms067/home_crobe_372173212/CREAM372173212/glide_s22571/execute/dir_25680/crab_fjr_50.xml -p pset.py     
 Nov 27 02:46:25 EET	2502	356004	551016	168	117	251	cmsRun -j /home/cms067/home_crobe_372173212/CREAM372173212/glide_s22571/execute/dir_25680/crab_fjr_50.xml -p pset.py     
 Nov 27 02:47:33 EET	---	356004	551016	169	----	----	----
********** WATCHDOG LOG ENDED
ZIPPING WATCHDOG LOG
Disk space used:
du -sh /home/cms067/home_crobe_372173212/CREAM372173212/glide_s22571/execute/dir_25680
169M	/home/cms067/home_crobe_372173212/CREAM372173212/glide_s22571/execute/dir_25680
>>> info for dashboard:
***** Cat /home/cms067/home_crobe_372173212/CREAM372173212/glide_s22571/execute/dir_25680/jobreport.txt *****
MonitorJobID=50_https://submit-2.t2.ucsd.edu//121127//17532.49
MonitorID=liis_crab_0_121127_013303_4cvb81
ExeTime=283
ExeExitCode=0
CrabUserCpuTime=130.59
CrabSysCpuTime=12.65
CrabCpuPercentage=50%
CrabWrapperTime=600
CrabStageoutTime=NULL
***** End Cat jobreport *****
Parameters sent to Dashboard.
optHistograms_50_1_FcE.root
crab_fjr_50.xml
CMSSW_50.stdout
CMSSW_50.stderr
Watchdog_50.log.gz
tar: .BrokerInfo: Cannot stat: No such file or directory
tar: Error exit delayed from previous errors
Total Output dimension: 25851
WARNING: output files size limit is set to: 50000000
Total Output dimension 25851 is fine.
JOB_EXIT_STATUS = 0
>>> info for dashboard:
***** Cat /home/cms067/home_crobe_372173212/CREAM372173212/glide_s22571/execute/dir_25680/jobreport.txt *****
MonitorJobID=50_https://submit-2.t2.ucsd.edu//121127//17532.49
MonitorID=liis_crab_0_121127_013303_4cvb81
JobExitCode=0
***** End Cat jobreport *****
Parameters sent to Dashboard.
optHistograms_50_1_FcE.root
crab_fjr_50.xml
