This script was generated by crab (version 2.8.3).
Running /home/cms067/home_crmrs_049889877/CREAM049889877/glide_T14285/execute/dir_1221/condor_exec.exe with 2 positional parameters: 42 1
Today is Tue Nov 27 02:41:44 EET 2012
Job submitted on host wn-v-3584.local
Linux wn-v-3584.local 2.6.32-042stab059.7 #1 SMP Tue Jul 24 19:12:01 MSK 2012 x86_64 x86_64 x86_64 GNU/Linux
>>> current directory (RUNTIME_AREA): /home/cms067/home_crmrs_049889877/CREAM049889877/glide_T14285/execute/dir_1221
>>> current user: uid=11067(cms067) gid=1400(cms) groups=1400(cms)
>>> voms proxy information:
subject   : /DC=ch/DC=cern/OU=Organic Units/OU=Users/CN=liis/CN=663550/CN=Liis Rebane/CN=proxy/CN=limited proxy
issuer    : /DC=ch/DC=cern/OU=Organic Units/OU=Users/CN=liis/CN=663550/CN=Liis Rebane/CN=proxy
identity  : /DC=ch/DC=cern/OU=Organic Units/OU=Users/CN=liis/CN=663550/CN=Liis Rebane/CN=proxy
type      : limited proxy
strength  : 512 bits
path      : /home/cms067/home_crmrs_049889877/CREAM049889877/glide_T14285/execute/dir_1221/x509up_u1000009
timeleft  : 23:59:45
key usage : Digital Signature, Key Encipherment, Data Encipherment
=== VO cms extension information ===
VO        : cms
subject   : /DC=ch/DC=cern/OU=Organic Units/OU=Users/CN=liis/CN=663550/CN=Liis Rebane
issuer    : /DC=ch/DC=cern/OU=computers/CN=lcg-voms.cern.ch
attribute : /cms/Role=NULL/Capability=NULL
timeleft  : 190:43:53
uri       : lcg-voms.cern.ch:15002
>>> tar xzf /home/cms067/home_crmrs_049889877/CREAM049889877/glide_T14285/execute/dir_1221/default.tgz :
Successful untar
>>> Include /home/cms067/home_crmrs_049889877/CREAM049889877/glide_T14285/execute/dir_1221 in PYTHONPATH:
strip arguments
env var CRAB_UNIQUE_JOB_ID set to: liis_crab_0_121127_013303_4cvb81_42_1_x0r
out_files_42
>>> list of expected files on output sandbox
output files: optHistograms_42_1_x0r.root crab_fjr_42.xml CMSSW_42.stdout CMSSW_42.stderr Watchdog_42.log.gz
>>> GridFlavour discovery: 
GridFlavour=LCG
>>> SyncSite discovery: 
SyncSite=T2_EE_Estonia
>>> SyncCE discovery: 
getting SyncCE from CE_ID
SyncCE=mars.hep.kbfi.ee:8443/cream-pbs-long
>>> info for dashboard:
***** Cat /home/cms067/home_crmrs_049889877/CREAM049889877/glide_T14285/execute/dir_1221/jobreport.txt *****
MonitorJobID=42_https://submit-2.t2.ucsd.edu//121127//17532.41
SyncGridJobId=https://submit-2.t2.ucsd.edu//121127//17532.41
MonitorID=liis_crab_0_121127_013303_4cvb81
GridFlavour=LCG
SyncSite=T2_EE_Estonia
SyncCE=mars.hep.kbfi.ee:8443/cream-pbs-long
***** End Cat jobreport *****
Parameters sent to Dashboard.
>>> setup environment
set SCRAM ARCH to slc5_amd64_gcc462
SCRAM_ARCH = slc5_amd64_gcc462
>>> setup CMS LCG environment:
set SCRAM ARCH and BUILD_ARCH to slc5_amd64_gcc462 ###
Sourcing environment... 
sourcing /cvmfs/cms.cern.ch/cmsset_default.sh
==> setup cms environment ok
>>> specific cmssw setup environment:
CMSSW_VERSION =  CMSSW_5_3_5
>>> current directory (SOFTWARE_DIR): /home/cms067/home_crmrs_049889877/CREAM049889877/glide_T14285/execute/dir_1221/CMSSW_5_3_5
PreserveSeeds: <>
IncrementSeeds:<>
{}
WNHostName=wn-v-3584.local
>>> info for dashboard:
***** Cat /home/cms067/home_crmrs_049889877/CREAM049889877/glide_T14285/execute/dir_1221/jobreport.txt *****
MonitorJobID=42_https://submit-2.t2.ucsd.edu//121127//17532.41
MonitorID=liis_crab_0_121127_013303_4cvb81
WNHostName=wn-v-3584.local
***** End Cat jobreport *****
Parameters sent to Dashboard.
crabWatchdog started as process 7121
>>> moving CMSSW software directories in /home/cms067/home_crmrs_049889877/CREAM049889877/glide_T14285/execute/dir_1221/CMSSW_5_3_5
mv: cannot stat `/home/cms067/home_crmrs_049889877/CREAM049889877/glide_T14285/execute/dir_1221/module/': No such file or directory
>>> Include /home/cms067/home_crmrs_049889877/CREAM049889877/glide_T14285/execute/dir_1221 in PYTHONPATH:
PYTHONPATH=/home/cms067/home_crmrs_049889877/CREAM049889877/glide_T14285/execute/dir_1221/:/home/cms067/home_crmrs_049889877/CREAM049889877/glide_T14285/execute/dir_1221/CMSSW_5_3_5/python:/home/cms067/home_crmrs_049889877/CREAM049889877/glide_T14285/execute/dir_1221/CMSSW_5_3_5/lib/slc5_amd64_gcc462:/cvmfs/cms.cern.ch/slc5_amd64_gcc462/cms/cmssw/CMSSW_5_3_5/python:/cvmfs/cms.cern.ch/slc5_amd64_gcc462/cms/cmssw/CMSSW_5_3_5/lib/slc5_amd64_gcc462:/cvmfs/cms.cern.ch/slc5_amd64_gcc462/cms/coral/CORAL_2_3_21-cms27/slc5_amd64_gcc462/python:/cvmfs/cms.cern.ch/slc5_amd64_gcc462/cms/coral/CORAL_2_3_21-cms27/slc5_amd64_gcc462/lib:/cvmfs/cms.cern.ch/slc5_amd64_gcc462/external/pyqt/4.8.1/lib/python2.6/site-packages:/cvmfs/cms.cern.ch/slc5_amd64_gcc462/external/py2-scipy/0.8.0/lib/python2.6/site-packages:/cvmfs/cms.cern.ch/slc5_amd64_gcc462/external/py2-matplotlib/1.0.1/lib/python2.6/site-packages:/cvmfs/cms.cern.ch/slc5_amd64_gcc462/external/python-ldap/2.3.5/lib/python2.6/site-packages:/cvmfs/cms.cern.ch/slc5_amd64_gcc462/external/sip/4.11.2/lib/python2.6/site-packages:/cvmfs/cms.cern.ch/slc5_amd64_gcc462/external/py2-pycurl/7.19.0/lib/python2.6/site-packages:/cvmfs/cms.cern.ch/slc5_amd64_gcc462/external/py2-numpy/1.6.1/lib/python2.6/site-packages:/cvmfs/cms.cern.ch/slc5_amd64_gcc462/external/py2-ipython/0.10/lib/python2.6/site-packages:/cvmfs/cms.cern.ch/slc5_amd64_gcc462/external/py2-cx-oracle/5.1-cms11/lib/python2.6/site-packages:/cvmfs/cms.cern.ch/slc5_amd64_gcc462/external/py2-cjson/1.0.5/lib/python2.6/site-packages:/cvmfs/cms.cern.ch/slc5_amd64_gcc462/cms/das-client/1.4.1-cms8/bin:/cvmfs/cms.cern.ch/slc5_amd64_gcc462/external/elementtree/1.2.6/share/lib/python2.6/site-packages:/cvmfs/cms.cern.ch/slc5_amd64_gcc462/external/rivet/1.5.1-cms10/lib/python2.6/site-packages:/cvmfs/cms.cern.ch/slc5_amd64_gcc462/external/pyminuit2/0.0.1-cms34/lib/python2.6/site-packages:/cvmfs/cms.cern.ch/slc5_amd64_gcc462/external/professor/1.0.0-cms35/lib/python2.6/site-packages:/cvmfs/cms.cern.ch/slc5_amd64_gcc462/lcg/root/5.32.00-cms18/lib:/cvmfs/cms.cern.ch/slc5_amd64_gcc462/cms/dbs-client/DBS_2_1_1_patch1_1/lib:/cvmfs/cms.cern.ch/slc5_amd64_gcc462/cms/dbs-client/DBS_2_1_1_patch1_1/lib/DBSAPI:/home/cms067/home_crmrs_049889877/CREAM049889877/glide_T14285/execute/dir_1221/
241a2a19cb7c5c8751ba22759ab3bdb0
PSETHASH = 241a2a19cb7c5c8751ba22759ab3bdb0
/home/cms067/home_crmrs_049889877/CREAM049889877/glide_T14285/execute/dir_1221/writeCfg.py pset.py pset.py
Importing .py file
Setting parameters
inputBlocks=/QCD_Pt_30_80_EMEnriched_TuneZ2star_8TeV_pythia6/mario-Summer12-stop-pfele-step1-3d176ac8da5e9dff208d057f4733ca91/USER#8a92f640-f537-45f1-b46c-e85f5627347f
inputFiles=/store/user/mario/QCD_Pt_30_80_EMEnriched_TuneZ2star_8TeV_pythia6/Summer12-stop-pfele-step1/3d176ac8da5e9dff208d057f4733ca91/tuple_369_3_mgc.root;/store/user/mario/QCD_Pt_30_80_EMEnriched_TuneZ2star_8TeV_pythia6/Summer12-stop-pfele-step1/3d176ac8da5e9dff208d057f4733ca91/tuple_370_6_mSg.root;/store/user/mario/QCD_Pt_30_80_EMEnriched_TuneZ2star_8TeV_pythia6/Summer12-stop-pfele-step1/3d176ac8da5e9dff208d057f4733ca91/tuple_371_3_BA7.root;/store/user/mario/QCD_Pt_30_80_EMEnriched_TuneZ2star_8TeV_pythia6/Summer12-stop-pfele-step1/3d176ac8da5e9dff208d057f4733ca91/tuple_372_5_Vc0.root;/store/user/mario/QCD_Pt_30_80_EMEnriched_TuneZ2star_8TeV_pythia6/Summer12-stop-pfele-step1/3d176ac8da5e9dff208d057f4733ca91/tuple_373_7_EQy.root;/store/user/mario/QCD_Pt_30_80_EMEnriched_TuneZ2star_8TeV_pythia6/Summer12-stop-pfele-step1/3d176ac8da5e9dff208d057f4733ca91/tuple_377_5_gX9.root
parentFiles=
lumisRange=
>>> Executable cmsRun
/cvmfs/cms.cern.ch/slc5_amd64_gcc462/cms/cmssw/CMSSW_5_3_5/bin/slc5_amd64_gcc462/cmsRun
ok executable found
>>> info for dashboard:
***** Cat /home/cms067/home_crmrs_049889877/CREAM049889877/glide_T14285/execute/dir_1221/jobreport.txt *****
MonitorJobID=42_https://submit-2.t2.ucsd.edu//121127//17532.41
MonitorID=liis_crab_0_121127_013303_4cvb81
ExeStart=cmsRun
***** End Cat jobreport *****
Parameters sent to Dashboard.
>>> cmsRun started at Tue Nov 27 00:42:12 UTC 2012
>>> cmsRun ended at Tue Nov 27 00:45:40 UTC 2012
>>> info for dashboard:
***** Cat /home/cms067/home_crmrs_049889877/CREAM049889877/glide_T14285/execute/dir_1221/jobreport.txt *****
MonitorJobID=42_https://submit-2.t2.ucsd.edu//121127//17532.41
MonitorID=liis_crab_0_121127_013303_4cvb81
ExeEnd=cmsRun
***** End Cat jobreport *****
Parameters sent to Dashboard.
TIME_EXE = 208 sec
>>> cmsRun wrote 76 lines of stdout+stderr
>>> START OF printout of 76 lines from stdout+stderr
27-Nov-2012 02:42:34 EET  Initiating request to open file file:/hdfs/cms/store/user/mario/QCD_Pt_30_80_EMEnriched_TuneZ2star_8TeV_pythia6/Summer12-stop-pfele-step1/3d176ac8da5e9dff208d057f4733ca91/tuple_369_3_mgc.root
27-Nov-2012 02:42:42 EET  Successfully opened file file:/hdfs/cms/store/user/mario/QCD_Pt_30_80_EMEnriched_TuneZ2star_8TeV_pythia6/Summer12-stop-pfele-step1/3d176ac8da5e9dff208d057f4733ca91/tuple_369_3_mgc.root
Begin processing the 1st record. Run 1, Event 44575154, LumiSection 5768 at 27-Nov-2012 02:42:52.661 EET
27-Nov-2012 02:42:57 EET  Closed file file:/hdfs/cms/store/user/mario/QCD_Pt_30_80_EMEnriched_TuneZ2star_8TeV_pythia6/Summer12-stop-pfele-step1/3d176ac8da5e9dff208d057f4733ca91/tuple_369_3_mgc.root
27-Nov-2012 02:42:57 EET  Initiating request to open file file:/hdfs/cms/store/user/mario/QCD_Pt_30_80_EMEnriched_TuneZ2star_8TeV_pythia6/Summer12-stop-pfele-step1/3d176ac8da5e9dff208d057f4733ca91/tuple_370_6_mSg.root
27-Nov-2012 02:42:57 EET  Successfully opened file file:/hdfs/cms/store/user/mario/QCD_Pt_30_80_EMEnriched_TuneZ2star_8TeV_pythia6/Summer12-stop-pfele-step1/3d176ac8da5e9dff208d057f4733ca91/tuple_370_6_mSg.root
Begin processing the 1001st record. Run 1, Event 57314965, LumiSection 7416 at 27-Nov-2012 02:43:06.681 EET
Begin processing the 2001st record. Run 1, Event 32969202, LumiSection 4266 at 27-Nov-2012 02:43:09.957 EET
Begin processing the 3001st record. Run 1, Event 21370591, LumiSection 2765 at 27-Nov-2012 02:43:12.850 EET
Begin processing the 4001st record. Run 1, Event 37041166, LumiSection 4793 at 27-Nov-2012 02:43:15.256 EET
Begin processing the 5001st record. Run 1, Event 356035033, LumiSection 46065 at 27-Nov-2012 02:43:20.511 EET
Begin processing the 6001st record. Run 1, Event 31542982, LumiSection 4082 at 27-Nov-2012 02:43:22.900 EET
Begin processing the 7001st record. Run 1, Event 49737297, LumiSection 6436 at 27-Nov-2012 02:43:25.261 EET
Begin processing the 8001st record. Run 1, Event 105674913, LumiSection 13673 at 27-Nov-2012 02:43:31.292 EET
Begin processing the 9001st record. Run 1, Event 386585580, LumiSection 50018 at 27-Nov-2012 02:43:33.796 EET
Begin processing the 10001st record. Run 1, Event 493051320, LumiSection 63793 at 27-Nov-2012 02:43:36.146 EET
27-Nov-2012 02:43:37 EET  Closed file file:/hdfs/cms/store/user/mario/QCD_Pt_30_80_EMEnriched_TuneZ2star_8TeV_pythia6/Summer12-stop-pfele-step1/3d176ac8da5e9dff208d057f4733ca91/tuple_370_6_mSg.root
27-Nov-2012 02:43:37 EET  Initiating request to open file file:/hdfs/cms/store/user/mario/QCD_Pt_30_80_EMEnriched_TuneZ2star_8TeV_pythia6/Summer12-stop-pfele-step1/3d176ac8da5e9dff208d057f4733ca91/tuple_371_3_BA7.root
27-Nov-2012 02:43:37 EET  Successfully opened file file:/hdfs/cms/store/user/mario/QCD_Pt_30_80_EMEnriched_TuneZ2star_8TeV_pythia6/Summer12-stop-pfele-step1/3d176ac8da5e9dff208d057f4733ca91/tuple_371_3_BA7.root
Begin processing the 11001st record. Run 1, Event 270363218, LumiSection 34981 at 27-Nov-2012 02:43:47.102 EET
Begin processing the 12001st record. Run 1, Event 120590748, LumiSection 15603 at 27-Nov-2012 02:43:48.782 EET
Begin processing the 13001st record. Run 1, Event 398631493, LumiSection 51577 at 27-Nov-2012 02:43:51.144 EET
Begin processing the 14001st record. Run 1, Event 160565291, LumiSection 20775 at 27-Nov-2012 02:43:55.212 EET
Begin processing the 15001st record. Run 1, Event 97280747, LumiSection 12587 at 27-Nov-2012 02:43:57.709 EET
Begin processing the 16001st record. Run 1, Event 110310938, LumiSection 14273 at 27-Nov-2012 02:43:59.839 EET
Begin processing the 17001st record. Run 1, Event 401255432, LumiSection 51916 at 27-Nov-2012 02:44:02.376 EET
Begin processing the 18001st record. Run 1, Event 379510319, LumiSection 49103 at 27-Nov-2012 02:44:06.082 EET
Begin processing the 19001st record. Run 1, Event 101839896, LumiSection 13177 at 27-Nov-2012 02:44:08.106 EET
27-Nov-2012 02:44:09 EET  Closed file file:/hdfs/cms/store/user/mario/QCD_Pt_30_80_EMEnriched_TuneZ2star_8TeV_pythia6/Summer12-stop-pfele-step1/3d176ac8da5e9dff208d057f4733ca91/tuple_371_3_BA7.root
27-Nov-2012 02:44:09 EET  Initiating request to open file file:/hdfs/cms/store/user/mario/QCD_Pt_30_80_EMEnriched_TuneZ2star_8TeV_pythia6/Summer12-stop-pfele-step1/3d176ac8da5e9dff208d057f4733ca91/tuple_372_5_Vc0.root
27-Nov-2012 02:44:10 EET  Successfully opened file file:/hdfs/cms/store/user/mario/QCD_Pt_30_80_EMEnriched_TuneZ2star_8TeV_pythia6/Summer12-stop-pfele-step1/3d176ac8da5e9dff208d057f4733ca91/tuple_372_5_Vc0.root
Begin processing the 20001st record. Run 1, Event 419877792, LumiSection 54325 at 27-Nov-2012 02:44:18.708 EET
Begin processing the 21001st record. Run 1, Event 507577630, LumiSection 65672 at 27-Nov-2012 02:44:21.137 EET
Begin processing the 22001st record. Run 1, Event 283669746, LumiSection 36702 at 27-Nov-2012 02:44:23.460 EET
Begin processing the 23001st record. Run 1, Event 30595125, LumiSection 3959 at 27-Nov-2012 02:44:26.019 EET
Begin processing the 24001st record. Run 1, Event 401765523, LumiSection 51982 at 27-Nov-2012 02:44:29.936 EET
Begin processing the 25001st record. Run 1, Event 232450463, LumiSection 30076 at 27-Nov-2012 02:44:32.055 EET
Begin processing the 26001st record. Run 1, Event 465338723, LumiSection 60207 at 27-Nov-2012 02:44:34.434 EET
Begin processing the 27001st record. Run 1, Event 547299868, LumiSection 70812 at 27-Nov-2012 02:44:38.815 EET
Begin processing the 28001st record. Run 1, Event 409687404, LumiSection 53007 at 27-Nov-2012 02:44:41.259 EET
Begin processing the 29001st record. Run 1, Event 43231756, LumiSection 5594 at 27-Nov-2012 02:44:43.529 EET
27-Nov-2012 02:44:45 EET  Closed file file:/hdfs/cms/store/user/mario/QCD_Pt_30_80_EMEnriched_TuneZ2star_8TeV_pythia6/Summer12-stop-pfele-step1/3d176ac8da5e9dff208d057f4733ca91/tuple_372_5_Vc0.root
27-Nov-2012 02:44:45 EET  Initiating request to open file file:/hdfs/cms/store/user/mario/QCD_Pt_30_80_EMEnriched_TuneZ2star_8TeV_pythia6/Summer12-stop-pfele-step1/3d176ac8da5e9dff208d057f4733ca91/tuple_373_7_EQy.root
27-Nov-2012 02:44:45 EET  Successfully opened file file:/hdfs/cms/store/user/mario/QCD_Pt_30_80_EMEnriched_TuneZ2star_8TeV_pythia6/Summer12-stop-pfele-step1/3d176ac8da5e9dff208d057f4733ca91/tuple_373_7_EQy.root
Begin processing the 30001st record. Run 1, Event 277994883, LumiSection 35968 at 27-Nov-2012 02:44:57.395 EET
Begin processing the 31001st record. Run 1, Event 399130624, LumiSection 51641 at 27-Nov-2012 02:44:59.963 EET
Begin processing the 32001st record. Run 1, Event 421918005, LumiSection 54589 at 27-Nov-2012 02:45:02.557 EET
Begin processing the 33001st record. Run 1, Event 443140803, LumiSection 57335 at 27-Nov-2012 02:45:04.957 EET
Begin processing the 34001st record. Run 1, Event 190841008, LumiSection 24692 at 27-Nov-2012 02:45:10.074 EET
Begin processing the 35001st record. Run 1, Event 124471436, LumiSection 16105 at 27-Nov-2012 02:45:12.615 EET
Begin processing the 36001st record. Run 1, Event 149097664, LumiSection 19291 at 27-Nov-2012 02:45:15.120 EET
Begin processing the 37001st record. Run 1, Event 272274444, LumiSection 35228 at 27-Nov-2012 02:45:21.020 EET
Begin processing the 38001st record. Run 1, Event 306236250, LumiSection 39622 at 27-Nov-2012 02:45:23.950 EET
Begin processing the 39001st record. Run 1, Event 411632124, LumiSection 53259 at 27-Nov-2012 02:45:26.866 EET
27-Nov-2012 02:45:28 EET  Closed file file:/hdfs/cms/store/user/mario/QCD_Pt_30_80_EMEnriched_TuneZ2star_8TeV_pythia6/Summer12-stop-pfele-step1/3d176ac8da5e9dff208d057f4733ca91/tuple_373_7_EQy.root
27-Nov-2012 02:45:28 EET  Initiating request to open file file:/hdfs/cms/store/user/mario/QCD_Pt_30_80_EMEnriched_TuneZ2star_8TeV_pythia6/Summer12-stop-pfele-step1/3d176ac8da5e9dff208d057f4733ca91/tuple_377_5_gX9.root
27-Nov-2012 02:45:28 EET  Successfully opened file file:/hdfs/cms/store/user/mario/QCD_Pt_30_80_EMEnriched_TuneZ2star_8TeV_pythia6/Summer12-stop-pfele-step1/3d176ac8da5e9dff208d057f4733ca91/tuple_377_5_gX9.root
27-Nov-2012 02:45:39 EET  Closed file file:/hdfs/cms/store/user/mario/QCD_Pt_30_80_EMEnriched_TuneZ2star_8TeV_pythia6/Summer12-stop-pfele-step1/3d176ac8da5e9dff208d057f4733ca91/tuple_377_5_gX9.root

=============================================

MessageLogger Summary

 type     category        sev    module        subroutine        count    total
 ---- -------------------- -- ---------------- ----------------  -----    -----
    1 fileAction           -s file_close                             6        6
    2 fileAction           -s file_open                             12       12

 type    category    Examples: run/evt        run/evt          run/evt
 ---- -------------------- ---------------- ---------------- ----------------
    1 fileAction           PostProcessEvent PostProcessEvent PostEndRun
    2 fileAction           pre-events       pre-events       PostProcessEvent

Severity    # Occurrences   Total Occurrences
--------    -------------   -----------------
System                 18                  18
>>> END OF printout of 76 lines from stdout+stderr
>>> Parse FrameworkJobReport crab_fjr.xml
Result of parsing the FrameworkJobReport crab_fjr.xml: Popularity start
lumisRange : 1::410,2263,3369,4099,4710,5058,6751,6926,7600,8597,8820,9054,9172,9316,10339,10571,10653,10669,11058,11067,11103,11437,11440,11488,11593,11670,11702,12085,12106,12404,12554,12587,12600,12629,12738,12772,12910,13177,13287,13349,13458,13505,14100,14158,14273,15110,15603,15623,16337,16718,17441,17603,17734,17968,18283,18451,18515,18652,19108,19167,19183,19272,19282,19396,19439,19549,19617,19764,19821,20072,20383,20413,20569,20651,20775,20805,20823,20951,21290,21367,21610,22614,23741,25209,25433,25616,25800,26044,26078,26166,26270,27448,27497,27725,27807,28042,28480,28500,28509,28559,28746,28975,29877,29895,29934,29964,30410,31548,32233,32619,32851,33143,33729,33761,33921,34854,34981,35015,36578,36948,37320,38223,38754,38759,39716,40136,40142,40298,40547-40548,41274,41340,41418,41528,41617,41969,42446,42831,43403,43635,44099,45683,46450,46857,46921,47092,47094,47253,48459,49023,49103,50207,50508,50540,50670,51577,51687,51916,52200,52235,53176,53628,53632,54325,55347,55378,59206,60291,60451,65104::1;1::631,897,1079,1255,2711,2765,3009,3024,3063,3076,3107,3142,3325,3348,3575,3590,3615,3620,3632,3645,3653,3660,3678,3701-3703,3786,3805,3847,3862,3924,3928,4011,4057,4074,4082,4173,4199,4239,4266,4366,4438,4500,4551,4554,4570,4574-4575,4578,4587,4592,4756,4772,4775,4792-4793,4884,4928,5231,5316,5346,5353,5391,5454,5486,5628,5686,5711,5728,5837,5856,6047,6338,6436,6456,6497,6771,6809,6884,7010,7083,7131,7180,7279,7377,7416,8070,8454,8618,8702,8888,11368,11459,11508,11596,11767,11987,13620,13673,14276,14436,14554,14680,15716,16078,16093,16170,17441,17507,17601,19022,19542,19807,20149,20504,30291,32377,32976,38756,41454,42326,44159,44690,45165,45810,46065,46117,48697,48900,49481,49513,50018,50256,50415,50697,50737,50767,50994,50996,51000,51122,51141,51638,51647,51662,51754,51763,51998,52206,52211,52504,52771,52986,54585,54810,55533,56355,56598,57306,57355,57971,59068,59095,59935,59995,61837,63793,65897,71698::2;1::5746,5754,5768,5846,5971,6088,6123,6267,6294,6306,6313,6393,6534,6584,7083::3;1::2710,2778,3959,4056,4181,4993,5056,5061,5370,5438,5594,5635,5692,6538,6850,6855,6960,7198,7663,7678,8594,11029,12433,13523,15250,15252,17233,17401,18177,18549,20100,24012,25289,25819,26421,26459,26952,27252,27403,28133,29428,30076,30849,31543,31613,32577,32799,32866,33069,33306,33424,33496,33765,34472,34971,35727,36356,36495,36702,36889,37122,38185,38543,38647,38838,40056,40681,40867,41917,42487,43252,43285,43495,44307,44613,45027,46749,48090,48246,48920,49495,49572,49793,50268,50783,50901,51112,51402,51982,52320,52548,52656,52915,53007,53325,53751,53824,53832,53865,53922,54008,54090,54123,54258,54325,54407,55697,55808,55851,56067,56388,56472,56847,57144,57336,57517,57689,58273,59359,59595,60150,60207,60303,60317,60847,60878,61173,61285,62138,62252,62450,62974,63076,63272,63315,63484,64315,64469,64739,64810,65044,65672,65678,65866,66034,66236,66247,67049,67576,67739,67826,67976,68345,68423,68779,69608,69645,70022,70072,70396,70412,70468,70629,70699,70812,71171,71175,71558,72020,72706::4;1::51702,51868,53431,54720,55506,56642::5;1::7681,8680,12298,12313,12477,13766,13813,14397,15094,15252,15613,15710,16105,16292,17600,17719,17811,17942,17976,18615,18647,18930,19020,19288,19291,19313,19378,19532,19896,20121,20169,20218,20637,20685,20695,20753,20847,23896,24199,24692,25303,25579,25797,26696,26916,27289,27357,27535,27925,27947,27993,28145,28437,28525,28639,28720,29966,30923,32439,32489,32618,32914,33389,33553,33588,33705,35228,35293,35886,35968,36319,37137,37223,37923,38113,38124,39622,39651,40318,42250,42701,43055,44063,44255,44599,45200,45639,47955,47973,48311,49350,49446,50009,50283,50626,50679,50715,50973,50982,51009,51114,51204,51228,51641,51663,51693,51824,51839,52225,52358,52453,52537,52597,52609,52616,52622,52742,52808,52815,52894,53135,53259-53260,53392,53537,53629,53658,53764,54109,54227,54234,54286,54345,54507,54535,54589,54651,54699,54796,54849,54935,54969,54986,55113,55152,55242,55245,55271,55530,55618,55627,55674,55727,55790,55848,56124,56340,56584,56917,56983,57335,57380,58320,58704,58727,58750,59219,63508::6;
lumisParentRange : 
Basename : /store/user/mario/QCD_Pt_30_80_EMEnriched_TuneZ2star_8TeV_pythia6/Summer12-stop-pfele-step1/3d176ac8da5e9dff208d057f4733ca91/tuple_3
BasenameParent : 
parentFiles : 
inputBlocks : /QCD_Pt_30_80_EMEnriched_TuneZ2star_8TeV_pythia6/mario-Summer12-stop-pfele-step1-3d176ac8da5e9dff208d057f4733ca91/USER#8a92f640-f537-45f1-b46c-e85f5627347f
inputFiles : 71_3_BA7.root::1::EDM::Local::1;70_6_mSg.root::1::EDM::Local::2;69_3_mgc.root::1::EDM::Local::3;72_5_Vc0.root::1::EDM::Local::4;77_5_gX9.root::1::EDM::Local::5;73_7_EQy.root::1::EDM::Local::6;
Popularity stop
Extracted ExitStatus from FrameworkJobReport parsing output: 0
>>> Executable succeded  0
ExeExitCode=0
EXECUTABLE_EXIT_STATUS = 0
>>> current directory /home/cms067/home_crmrs_049889877/CREAM049889877/glide_T14285/execute/dir_1221/CMSSW_5_3_5
>>>  (SOFTWARE_DIR): /home/cms067/home_crmrs_049889877/CREAM049889877/glide_T14285/execute/dir_1221/CMSSW_5_3_5
>>> (WORKING_DIR): 
>>> current directory content:
total 152
drwxr-xr-x 3 cms067 cms  4096 Nov 27 02:41 .SCRAM
-rw-r--r-- 1 cms067 cms 30066 Nov 27 02:41 CMSSW.py.pkl
drwxr-xr-x 3 cms067 cms  4096 Nov 27 02:41 bin
drwxr-xr-x 3 cms067 cms  4096 Nov 27 02:41 cfipython
drwxr-xr-x 5 cms067 cms  4096 Nov 27 02:41 config
-rw-r--r-- 1 cms067 cms    16 Nov 27 02:45 cpu_timing.txt
drwxr-xr-x 2 cms067 cms  4096 Nov 27 02:41 doc
-rw-r--r-- 1 cms067 cms  9000 Nov 27 02:45 executable.out
drwxr-xr-x 2 cms067 cms  4096 Nov 27 02:41 include
drwxrwxrwx 3 cms067 cms  4096 Oct 22 16:38 lib
drwxr-xr-x 3 cms067 cms  4096 Nov 27 02:41 logs
drwxr-xr-x 3 cms067 cms  4096 Nov 27 02:41 objs
-rw-r--r-- 1 cms067 cms 16391 Nov 27 02:45 optHistograms.root
-rw-r--r-- 1 cms067 cms   104 Nov 27 02:42 pset.py
-rw-r--r-- 1 cms067 cms 19652 Nov 27 02:42 pset.py.pkl
-rw-r--r-- 1 cms067 cms   289 Nov 27 02:42 pset.pyc
drwxr-xr-x 2 cms067 cms  4096 Nov 27 02:41 python
-rw-r--r-- 1 cms067 cms   420 Nov 27 02:45 report.log
drwxrwxrwx 4 cms067 cms  4096 Nov 27 02:41 src
drwxr-xr-x 3 cms067 cms  4096 Nov 27 02:41 test
drwxr-xr-x 3 cms067 cms  4096 Nov 27 02:41 tmp
>>> current directory /home/cms067/home_crmrs_049889877/CREAM049889877/glide_T14285/execute/dir_1221/CMSSW_5_3_5
>>> (SOFTWARE_DIR): /home/cms067/home_crmrs_049889877/CREAM049889877/glide_T14285/execute/dir_1221/CMSSW_5_3_5
>>> (WORKING_DIR): 
>>> current directory content:
total 132
drwxr-xr-x 3 cms067 cms  4096 Nov 27 02:41 .SCRAM
-rw-r--r-- 1 cms067 cms 30066 Nov 27 02:41 CMSSW.py.pkl
drwxr-xr-x 3 cms067 cms  4096 Nov 27 02:41 bin
drwxr-xr-x 3 cms067 cms  4096 Nov 27 02:41 cfipython
drwxr-xr-x 5 cms067 cms  4096 Nov 27 02:41 config
-rw-r--r-- 1 cms067 cms    16 Nov 27 02:45 cpu_timing.txt
drwxr-xr-x 2 cms067 cms  4096 Nov 27 02:41 doc
-rw-r--r-- 1 cms067 cms  9000 Nov 27 02:45 executable.out
drwxr-xr-x 2 cms067 cms  4096 Nov 27 02:41 include
drwxrwxrwx 3 cms067 cms  4096 Oct 22 16:38 lib
drwxr-xr-x 3 cms067 cms  4096 Nov 27 02:41 logs
drwxr-xr-x 3 cms067 cms  4096 Nov 27 02:41 objs
-rw-r--r-- 1 cms067 cms   104 Nov 27 02:42 pset.py
-rw-r--r-- 1 cms067 cms 19652 Nov 27 02:42 pset.py.pkl
-rw-r--r-- 1 cms067 cms   289 Nov 27 02:42 pset.pyc
drwxr-xr-x 2 cms067 cms  4096 Nov 27 02:41 python
-rw-r--r-- 1 cms067 cms   420 Nov 27 02:45 report.log
drwxrwxrwx 4 cms067 cms  4096 Nov 27 02:41 src
drwxr-xr-x 3 cms067 cms  4096 Nov 27 02:41 test
drwxr-xr-x 3 cms067 cms  4096 Nov 27 02:41 tmp
>>> current directory (RUNTIME_AREA):  /home/cms067/home_crmrs_049889877/CREAM049889877/glide_T14285/execute/dir_1221
>>> current dir: /home/cms067/home_crmrs_049889877/CREAM049889877/glide_T14285/execute/dir_1221
>>> current dir content:
total 25788
-rw-rw-rw-  1 cms067 cms     5599 Nov 27 02:41 .job.ad
-rw-rw-rw-  1 cms067 cms    11517 Nov 27 02:41 .machine.ad
-rw-rw-rw-  1 cms067 cms      105 Nov 27 01:33 CMSSW.py
-rw-rw-rw-  1 cms067 cms    30066 Nov 27 01:33 CMSSW.py.pkl
-rwxrw-rw-  1 cms067 cms    23337 Nov 27 02:41 CMSSW.sh
-rw-rw-rw-  1 cms067 cms        0 Nov 27 02:41 CMSSW_42.stderr
-rw-rw-rw-  1 cms067 cms    25254 Nov 27 02:45 CMSSW_42.stdout
drwxr-xr-x 15 cms067 cms     4096 Nov 27 02:45 CMSSW_5_3_5
-rw-r--r--  1 cms067 cms      346 Nov 27 02:41 CacheEnv.sh
-rw-rw-rw-  1 cms067 cms     7291 Jun  9  2010 DashboardAPI.py
-rw-r--r--  1 cms067 cms     6868 Nov 27 02:41 DashboardAPI.pyc
drwxrwxrwx  3 cms067 cms     4096 Nov 27 02:45 IMProv
-rw-rw-rw-  1 cms067 cms     2748 Mar  8  2006 Logger.py
-rw-r--r--  1 cms067 cms     3348 Nov 27 02:41 Logger.pyc
-rw-rw-rw-  1 cms067 cms    24524 Mar 28  2008 ProcInfo.py
-rw-r--r--  1 cms067 cms    23446 Nov 27 02:41 ProcInfo.pyc
drwxrwxrwx  7 cms067 cms     4096 Nov 27 02:42 ProdCommon
drwxrwxrwx  3 cms067 cms     4096 Nov 27 02:41 WMCore
-rw-r--r--  1 cms067 cms     1316 Nov 27 02:45 Watchdog_42.log
-rw-rw-rw-  1 cms067 cms    32895 Mar 28  2008 apmon.py
-rw-r--r--  1 cms067 cms    28845 Nov 27 02:41 apmon.pyc
-rw-rw-rw-  1 cms067 cms   100223 Nov 27 02:41 arguments.xml
-rwxrwxrwx  1 cms067 cms    37427 Sep 13 14:14 cmscp.py
-rwxrwxrwx  1 cms067 cms    23337 Nov 27 02:41 condor_exec.exe
-rw-rw-rw-  1 cms067 cms      544 Nov 27 01:33 crab.cfg
-rwxrwxrwx  1 cms067 cms     9531 Sep 20 21:46 crabWatchdog.sh
-rw-r--r--  1 cms067 cms    52471 Nov 27 02:45 crab_fjr_42.xml
-rw-rw-rw-  1 cms067 cms 25796307 Nov 27 02:41 default.tgz
-rwxrwxrwx  1 cms067 cms     4488 May 12  2012 fillCrabFjr.py
-rw-r--r--  1 cms067 cms     1080 Nov 27 02:42 inputsReport.txt
-rw-r--r--  1 cms067 cms      132 Nov 27 02:45 jobreport.txt
lrwxrwxrwx  1 cms067 cms      106 Nov 27 02:45 optHistograms.root -> /home/cms067/home_crmrs_049889877/CREAM049889877/glide_T14285/execute/dir_1221/optHistograms_42_1_x0r.root
-rw-r--r--  1 cms067 cms    16391 Nov 27 02:45 optHistograms_42_1_x0r.root
-rw-rw-rw-  1 cms067 cms    17352 Jan 20  2012 parseCrabFjr.py
-rw-r--r--  1 cms067 cms      283 Nov 27 02:41 report.log
-rwxrwxrwx  1 cms067 cms     1497 May 27  2009 report.py
-rwxrwxrwx  1 cms067 cms     8387 Mar 23  2011 writeCfg.py
-rw-------  1 cms067 cms     8687 Nov 27 02:41 x509up_u1000009
Checking output files:  
will tar file optHistograms_42_1_x0r.root in  out_files_42
will tar file crab_fjr_42.xml in  out_files_42
will tar file CMSSW_42.stdout in  out_files_42
will tar file CMSSW_42.stderr in  out_files_42
WARNING: output file Watchdog_42.log.gz not found!
>>> padding time: Sleeping the wrapper for 352 seconds
STOPPING WATCHDOG. CrabWatchdog PID is 7121
********** LAST 50 LINES OF WATCHDOG LOG
# RESOURCE USAGE SUMMARY FOR PROCESS ID  2285
USER       PID %CPU %MEM    VSZ   RSS TTY      STAT START   TIME COMMAND
cms067    2285  0.2  0.0   8956  1488 ?        S    02:41   0:00 /bin/sh /home/cms067/home_crmrs_049889877/CREAM049889877/glide_T14285/execute/dir_1221/condor_exec.exe 42 1
 
# LIMITS USED BY THIS WATCHDOG:
# RSS  (KBytes)  : 2300000
# VSZ  (KBytes)  : 100000000
# DISK (MBytes)  : 19000
# CPU  (seconds) : 171600
# WALL (seconds) : 171600
 
# FOLLOWING PRINTOUT TRACKS MAXIMUM VALUES OF RESOURCES USE
# ONE LINE IS PRINTED EACH TIME A MAXIMUM CHANGES
# IF CHANGE WAS IN RSS OR VSZ ALSO PROCID AND COMMAND ARE PRINTED
# THERE IS NO PRINTOUT FOR CPU/WALL TIME INCREASE
 
# TIME			PID	RSS(KB)	VSZ(KB)	Dsk(MB)	tCPU(s)	tWALL(s)	COMMAND
 Nov 27 02:41:58 EET	1221	5396	9380	0	0	33	condor_starter -f submit-2.t2.ucsd.edu       
 Nov 27 02:41:58 EET	7272	22848	84724	0	0	2	edmConfigHash pset.py        
 Nov 27 02:41:58 EET	---	22848	84724	168	----	----	----
 Nov 27 02:43:05 EET	11320	354404	549984	168	18	56	cmsRun -j /home/cms067/home_crmrs_049889877/CREAM049889877/glide_T14285/execute/dir_1221/crab_fjr_42.xml -p pset.py     
 Nov 27 02:45:20 EET	11320	357036	551264	168	106	191	cmsRun -j /home/cms067/home_crmrs_049889877/CREAM049889877/glide_T14285/execute/dir_1221/crab_fjr_42.xml -p pset.py     
 Nov 27 02:46:29 EET	---	357036	551264	169	----	----	----
********** WATCHDOG LOG ENDED
ZIPPING WATCHDOG LOG
Disk space used:
du -sh /home/cms067/home_crmrs_049889877/CREAM049889877/glide_T14285/execute/dir_1221
169M	/home/cms067/home_crmrs_049889877/CREAM049889877/glide_T14285/execute/dir_1221
>>> info for dashboard:
***** Cat /home/cms067/home_crmrs_049889877/CREAM049889877/glide_T14285/execute/dir_1221/jobreport.txt *****
MonitorJobID=42_https://submit-2.t2.ucsd.edu//121127//17532.41
MonitorID=liis_crab_0_121127_013303_4cvb81
ExeTime=208
ExeExitCode=0
CrabUserCpuTime=106.30
CrabSysCpuTime=6.87
CrabCpuPercentage=54%
CrabWrapperTime=600
CrabStageoutTime=NULL
***** End Cat jobreport *****
Parameters sent to Dashboard.
optHistograms_42_1_x0r.root
crab_fjr_42.xml
CMSSW_42.stdout
CMSSW_42.stderr
Watchdog_42.log.gz
tar: .BrokerInfo: Cannot stat: No such file or directory
tar: Error exit delayed from previous errors
Total Output dimension: 25668
WARNING: output files size limit is set to: 50000000
Total Output dimension 25668 is fine.
JOB_EXIT_STATUS = 0
>>> info for dashboard:
***** Cat /home/cms067/home_crmrs_049889877/CREAM049889877/glide_T14285/execute/dir_1221/jobreport.txt *****
MonitorJobID=42_https://submit-2.t2.ucsd.edu//121127//17532.41
MonitorID=liis_crab_0_121127_013303_4cvb81
JobExitCode=0
***** End Cat jobreport *****
Parameters sent to Dashboard.
optHistograms_42_1_x0r.root
crab_fjr_42.xml
