This script was generated by crab (version 2.8.3).
Running /home/cms016/home_crce1_656081407/CREAM656081407/glide_SM9432/execute/dir_8523/condor_exec.exe with 2 positional parameters: 82 1
Today is Tue Nov 27 02:41:59 EET 2012
Job submitted on host wn-v-7002.local
Linux wn-v-7002.local 2.6.32-042stab059.7 #1 SMP Tue Jul 24 19:12:01 MSK 2012 x86_64 x86_64 x86_64 GNU/Linux
>>> current directory (RUNTIME_AREA): /home/cms016/home_crce1_656081407/CREAM656081407/glide_SM9432/execute/dir_8523
>>> current user: uid=11016(cms016) gid=1400(cms) groups=1400(cms)
>>> voms proxy information:
subject   : /DC=ch/DC=cern/OU=Organic Units/OU=Users/CN=liis/CN=663550/CN=Liis Rebane/CN=proxy/CN=limited proxy
issuer    : /DC=ch/DC=cern/OU=Organic Units/OU=Users/CN=liis/CN=663550/CN=Liis Rebane/CN=proxy
identity  : /DC=ch/DC=cern/OU=Organic Units/OU=Users/CN=liis/CN=663550/CN=Liis Rebane/CN=proxy
type      : limited proxy
strength  : 512 bits
path      : /home/cms016/home_crce1_656081407/CREAM656081407/glide_SM9432/execute/dir_8523/x509up_u1000009
timeleft  : 23:59:55
key usage : Digital Signature, Key Encipherment, Data Encipherment
=== VO cms extension information ===
VO        : cms
subject   : /DC=ch/DC=cern/OU=Organic Units/OU=Users/CN=liis/CN=663550/CN=Liis Rebane
issuer    : /DC=ch/DC=cern/OU=computers/CN=lcg-voms.cern.ch
attribute : /cms/Role=NULL/Capability=NULL
timeleft  : 190:43:38
uri       : lcg-voms.cern.ch:15002
>>> tar xzf /home/cms016/home_crce1_656081407/CREAM656081407/glide_SM9432/execute/dir_8523/default.tgz :
Successful untar
>>> Include /home/cms016/home_crce1_656081407/CREAM656081407/glide_SM9432/execute/dir_8523 in PYTHONPATH:
strip arguments
env var CRAB_UNIQUE_JOB_ID set to: liis_crab_0_121127_013303_4cvb81_82_1_Rdm
out_files_82
>>> list of expected files on output sandbox
output files: optHistograms_82_1_Rdm.root crab_fjr_82.xml CMSSW_82.stdout CMSSW_82.stderr Watchdog_82.log.gz
>>> GridFlavour discovery: 
GridFlavour=LCG
>>> SyncSite discovery: 
SyncSite=T2_EE_Estonia
>>> SyncCE discovery: 
getting SyncCE from CE_ID
SyncCE=cream1.hep.kbfi.ee:8443/cream-pbs-long
>>> info for dashboard:
***** Cat /home/cms016/home_crce1_656081407/CREAM656081407/glide_SM9432/execute/dir_8523/jobreport.txt *****
MonitorJobID=82_https://submit-2.t2.ucsd.edu//121127//17532.81
SyncGridJobId=https://submit-2.t2.ucsd.edu//121127//17532.81
MonitorID=liis_crab_0_121127_013303_4cvb81
GridFlavour=LCG
SyncSite=T2_EE_Estonia
SyncCE=cream1.hep.kbfi.ee:8443/cream-pbs-long
***** End Cat jobreport *****
Parameters sent to Dashboard.
>>> setup environment
set SCRAM ARCH to slc5_amd64_gcc462
SCRAM_ARCH = slc5_amd64_gcc462
>>> setup CMS LCG environment:
set SCRAM ARCH and BUILD_ARCH to slc5_amd64_gcc462 ###
Sourcing environment... 
sourcing /cvmfs/cms.cern.ch/cmsset_default.sh
==> setup cms environment ok
>>> specific cmssw setup environment:
CMSSW_VERSION =  CMSSW_5_3_5
>>> current directory (SOFTWARE_DIR): /home/cms016/home_crce1_656081407/CREAM656081407/glide_SM9432/execute/dir_8523/CMSSW_5_3_5
PreserveSeeds: <>
IncrementSeeds:<>
{}
WNHostName=wn-v-7002.local
>>> info for dashboard:
***** Cat /home/cms016/home_crce1_656081407/CREAM656081407/glide_SM9432/execute/dir_8523/jobreport.txt *****
MonitorJobID=82_https://submit-2.t2.ucsd.edu//121127//17532.81
MonitorID=liis_crab_0_121127_013303_4cvb81
WNHostName=wn-v-7002.local
***** End Cat jobreport *****
Parameters sent to Dashboard.
crabWatchdog started as process 10354
>>> moving CMSSW software directories in /home/cms016/home_crce1_656081407/CREAM656081407/glide_SM9432/execute/dir_8523/CMSSW_5_3_5
mv: cannot stat `/home/cms016/home_crce1_656081407/CREAM656081407/glide_SM9432/execute/dir_8523/module/': No such file or directory
>>> Include /home/cms016/home_crce1_656081407/CREAM656081407/glide_SM9432/execute/dir_8523 in PYTHONPATH:
PYTHONPATH=/home/cms016/home_crce1_656081407/CREAM656081407/glide_SM9432/execute/dir_8523/:/home/cms016/home_crce1_656081407/CREAM656081407/glide_SM9432/execute/dir_8523/CMSSW_5_3_5/python:/home/cms016/home_crce1_656081407/CREAM656081407/glide_SM9432/execute/dir_8523/CMSSW_5_3_5/lib/slc5_amd64_gcc462:/cvmfs/cms.cern.ch/slc5_amd64_gcc462/cms/cmssw/CMSSW_5_3_5/python:/cvmfs/cms.cern.ch/slc5_amd64_gcc462/cms/cmssw/CMSSW_5_3_5/lib/slc5_amd64_gcc462:/cvmfs/cms.cern.ch/slc5_amd64_gcc462/cms/coral/CORAL_2_3_21-cms27/slc5_amd64_gcc462/python:/cvmfs/cms.cern.ch/slc5_amd64_gcc462/cms/coral/CORAL_2_3_21-cms27/slc5_amd64_gcc462/lib:/cvmfs/cms.cern.ch/slc5_amd64_gcc462/external/pyqt/4.8.1/lib/python2.6/site-packages:/cvmfs/cms.cern.ch/slc5_amd64_gcc462/external/py2-scipy/0.8.0/lib/python2.6/site-packages:/cvmfs/cms.cern.ch/slc5_amd64_gcc462/external/py2-matplotlib/1.0.1/lib/python2.6/site-packages:/cvmfs/cms.cern.ch/slc5_amd64_gcc462/external/python-ldap/2.3.5/lib/python2.6/site-packages:/cvmfs/cms.cern.ch/slc5_amd64_gcc462/external/sip/4.11.2/lib/python2.6/site-packages:/cvmfs/cms.cern.ch/slc5_amd64_gcc462/external/py2-pycurl/7.19.0/lib/python2.6/site-packages:/cvmfs/cms.cern.ch/slc5_amd64_gcc462/external/py2-numpy/1.6.1/lib/python2.6/site-packages:/cvmfs/cms.cern.ch/slc5_amd64_gcc462/external/py2-ipython/0.10/lib/python2.6/site-packages:/cvmfs/cms.cern.ch/slc5_amd64_gcc462/external/py2-cx-oracle/5.1-cms11/lib/python2.6/site-packages:/cvmfs/cms.cern.ch/slc5_amd64_gcc462/external/py2-cjson/1.0.5/lib/python2.6/site-packages:/cvmfs/cms.cern.ch/slc5_amd64_gcc462/cms/das-client/1.4.1-cms8/bin:/cvmfs/cms.cern.ch/slc5_amd64_gcc462/external/elementtree/1.2.6/share/lib/python2.6/site-packages:/cvmfs/cms.cern.ch/slc5_amd64_gcc462/external/rivet/1.5.1-cms10/lib/python2.6/site-packages:/cvmfs/cms.cern.ch/slc5_amd64_gcc462/external/pyminuit2/0.0.1-cms34/lib/python2.6/site-packages:/cvmfs/cms.cern.ch/slc5_amd64_gcc462/external/professor/1.0.0-cms35/lib/python2.6/site-packages:/cvmfs/cms.cern.ch/slc5_amd64_gcc462/lcg/root/5.32.00-cms18/lib:/cvmfs/cms.cern.ch/slc5_amd64_gcc462/cms/dbs-client/DBS_2_1_1_patch1_1/lib:/cvmfs/cms.cern.ch/slc5_amd64_gcc462/cms/dbs-client/DBS_2_1_1_patch1_1/lib/DBSAPI:/home/cms016/home_crce1_656081407/CREAM656081407/glide_SM9432/execute/dir_8523/
241a2a19cb7c5c8751ba22759ab3bdb0
PSETHASH = 241a2a19cb7c5c8751ba22759ab3bdb0
/home/cms016/home_crce1_656081407/CREAM656081407/glide_SM9432/execute/dir_8523/writeCfg.py pset.py pset.py
Importing .py file
Setting parameters
inputBlocks=/QCD_Pt_30_80_EMEnriched_TuneZ2star_8TeV_pythia6/mario-Summer12-stop-pfele-step1-3d176ac8da5e9dff208d057f4733ca91/USER#8a92f640-f537-45f1-b46c-e85f5627347f
inputFiles=/store/user/mario/QCD_Pt_30_80_EMEnriched_TuneZ2star_8TeV_pythia6/Summer12-stop-pfele-step1/3d176ac8da5e9dff208d057f4733ca91/tuple_114_1_xxZ.root;/store/user/mario/QCD_Pt_30_80_EMEnriched_TuneZ2star_8TeV_pythia6/Summer12-stop-pfele-step1/3d176ac8da5e9dff208d057f4733ca91/tuple_115_5_XuE.root;/store/user/mario/QCD_Pt_30_80_EMEnriched_TuneZ2star_8TeV_pythia6/Summer12-stop-pfele-step1/3d176ac8da5e9dff208d057f4733ca91/tuple_116_2_fRv.root;/store/user/mario/QCD_Pt_30_80_EMEnriched_TuneZ2star_8TeV_pythia6/Summer12-stop-pfele-step1/3d176ac8da5e9dff208d057f4733ca91/tuple_117_6_t3Z.root;/store/user/mario/QCD_Pt_30_80_EMEnriched_TuneZ2star_8TeV_pythia6/Summer12-stop-pfele-step1/3d176ac8da5e9dff208d057f4733ca91/tuple_118_1_nYd.root;/store/user/mario/QCD_Pt_30_80_EMEnriched_TuneZ2star_8TeV_pythia6/Summer12-stop-pfele-step1/3d176ac8da5e9dff208d057f4733ca91/tuple_119_4_ERm.root
parentFiles=
lumisRange=
>>> Executable cmsRun
/cvmfs/cms.cern.ch/slc5_amd64_gcc462/cms/cmssw/CMSSW_5_3_5/bin/slc5_amd64_gcc462/cmsRun
ok executable found
>>> info for dashboard:
***** Cat /home/cms016/home_crce1_656081407/CREAM656081407/glide_SM9432/execute/dir_8523/jobreport.txt *****
MonitorJobID=82_https://submit-2.t2.ucsd.edu//121127//17532.81
MonitorID=liis_crab_0_121127_013303_4cvb81
ExeStart=cmsRun
***** End Cat jobreport *****
Parameters sent to Dashboard.
>>> cmsRun started at Tue Nov 27 00:42:37 UTC 2012
>>> cmsRun ended at Tue Nov 27 00:48:21 UTC 2012
>>> info for dashboard:
***** Cat /home/cms016/home_crce1_656081407/CREAM656081407/glide_SM9432/execute/dir_8523/jobreport.txt *****
MonitorJobID=82_https://submit-2.t2.ucsd.edu//121127//17532.81
MonitorID=liis_crab_0_121127_013303_4cvb81
ExeEnd=cmsRun
***** End Cat jobreport *****
Parameters sent to Dashboard.
TIME_EXE = 344 sec
>>> cmsRun wrote 76 lines of stdout+stderr
>>> START OF printout of 76 lines from stdout+stderr
27-Nov-2012 02:43:11 EET  Initiating request to open file file:/hdfs/cms/store/user/mario/QCD_Pt_30_80_EMEnriched_TuneZ2star_8TeV_pythia6/Summer12-stop-pfele-step1/3d176ac8da5e9dff208d057f4733ca91/tuple_114_1_xxZ.root
27-Nov-2012 02:43:21 EET  Successfully opened file file:/hdfs/cms/store/user/mario/QCD_Pt_30_80_EMEnriched_TuneZ2star_8TeV_pythia6/Summer12-stop-pfele-step1/3d176ac8da5e9dff208d057f4733ca91/tuple_114_1_xxZ.root
Begin processing the 1st record. Run 1, Event 86809944, LumiSection 11232 at 27-Nov-2012 02:43:46.164 EET
27-Nov-2012 02:43:53 EET  Closed file file:/hdfs/cms/store/user/mario/QCD_Pt_30_80_EMEnriched_TuneZ2star_8TeV_pythia6/Summer12-stop-pfele-step1/3d176ac8da5e9dff208d057f4733ca91/tuple_114_1_xxZ.root
27-Nov-2012 02:43:53 EET  Initiating request to open file file:/hdfs/cms/store/user/mario/QCD_Pt_30_80_EMEnriched_TuneZ2star_8TeV_pythia6/Summer12-stop-pfele-step1/3d176ac8da5e9dff208d057f4733ca91/tuple_115_5_XuE.root
27-Nov-2012 02:43:53 EET  Successfully opened file file:/hdfs/cms/store/user/mario/QCD_Pt_30_80_EMEnriched_TuneZ2star_8TeV_pythia6/Summer12-stop-pfele-step1/3d176ac8da5e9dff208d057f4733ca91/tuple_115_5_XuE.root
Begin processing the 1001st record. Run 1, Event 101769615, LumiSection 13168 at 27-Nov-2012 02:44:17.444 EET
Begin processing the 2001st record. Run 1, Event 216810123, LumiSection 28052 at 27-Nov-2012 02:44:20.195 EET
Begin processing the 3001st record. Run 1, Event 73103392, LumiSection 9459 at 27-Nov-2012 02:44:22.976 EET
Begin processing the 4001st record. Run 1, Event 102344151, LumiSection 13242 at 27-Nov-2012 02:44:25.745 EET
Begin processing the 5001st record. Run 1, Event 202711311, LumiSection 26228 at 27-Nov-2012 02:44:32.279 EET
Begin processing the 6001st record. Run 1, Event 339246772, LumiSection 43893 at 27-Nov-2012 02:44:35.049 EET
Begin processing the 7001st record. Run 1, Event 360605341, LumiSection 46657 at 27-Nov-2012 02:44:37.952 EET
Begin processing the 8001st record. Run 1, Event 388091192, LumiSection 50213 at 27-Nov-2012 02:44:44.426 EET
Begin processing the 9001st record. Run 1, Event 73516545, LumiSection 9512 at 27-Nov-2012 02:44:47.146 EET
Begin processing the 10001st record. Run 1, Event 319677690, LumiSection 41361 at 27-Nov-2012 02:44:49.924 EET
27-Nov-2012 02:44:51 EET  Closed file file:/hdfs/cms/store/user/mario/QCD_Pt_30_80_EMEnriched_TuneZ2star_8TeV_pythia6/Summer12-stop-pfele-step1/3d176ac8da5e9dff208d057f4733ca91/tuple_115_5_XuE.root
27-Nov-2012 02:44:51 EET  Initiating request to open file file:/hdfs/cms/store/user/mario/QCD_Pt_30_80_EMEnriched_TuneZ2star_8TeV_pythia6/Summer12-stop-pfele-step1/3d176ac8da5e9dff208d057f4733ca91/tuple_116_2_fRv.root
27-Nov-2012 02:44:51 EET  Successfully opened file file:/hdfs/cms/store/user/mario/QCD_Pt_30_80_EMEnriched_TuneZ2star_8TeV_pythia6/Summer12-stop-pfele-step1/3d176ac8da5e9dff208d057f4733ca91/tuple_116_2_fRv.root
Begin processing the 11001st record. Run 1, Event 362932678, LumiSection 46958 at 27-Nov-2012 02:45:05.927 EET
Begin processing the 12001st record. Run 1, Event 500352996, LumiSection 64738 at 27-Nov-2012 02:45:08.803 EET
Begin processing the 13001st record. Run 1, Event 295798898, LumiSection 38272 at 27-Nov-2012 02:45:11.651 EET
Begin processing the 14001st record. Run 1, Event 256296799, LumiSection 33161 at 27-Nov-2012 02:45:19.991 EET
Begin processing the 15001st record. Run 1, Event 401936703, LumiSection 52004 at 27-Nov-2012 02:45:22.681 EET
Begin processing the 16001st record. Run 1, Event 513205573, LumiSection 66400 at 27-Nov-2012 02:45:25.355 EET
Begin processing the 17001st record. Run 1, Event 540728344, LumiSection 69961 at 27-Nov-2012 02:45:28.097 EET
Begin processing the 18001st record. Run 1, Event 248442842, LumiSection 32145 at 27-Nov-2012 02:45:32.630 EET
Begin processing the 19001st record. Run 1, Event 142469329, LumiSection 18434 at 27-Nov-2012 02:45:35.420 EET
Begin processing the 20001st record. Run 1, Event 238878556, LumiSection 30907 at 27-Nov-2012 02:45:38.189 EET
27-Nov-2012 02:45:38 EET  Closed file file:/hdfs/cms/store/user/mario/QCD_Pt_30_80_EMEnriched_TuneZ2star_8TeV_pythia6/Summer12-stop-pfele-step1/3d176ac8da5e9dff208d057f4733ca91/tuple_116_2_fRv.root
27-Nov-2012 02:45:38 EET  Initiating request to open file file:/hdfs/cms/store/user/mario/QCD_Pt_30_80_EMEnriched_TuneZ2star_8TeV_pythia6/Summer12-stop-pfele-step1/3d176ac8da5e9dff208d057f4733ca91/tuple_117_6_t3Z.root
27-Nov-2012 02:45:50 EET  Successfully opened file file:/hdfs/cms/store/user/mario/QCD_Pt_30_80_EMEnriched_TuneZ2star_8TeV_pythia6/Summer12-stop-pfele-step1/3d176ac8da5e9dff208d057f4733ca91/tuple_117_6_t3Z.root
Begin processing the 21001st record. Run 1, Event 424188271, LumiSection 54883 at 27-Nov-2012 02:46:09.897 EET
Begin processing the 22001st record. Run 1, Event 95303844, LumiSection 12331 at 27-Nov-2012 02:46:12.832 EET
Begin processing the 23001st record. Run 1, Event 221908375, LumiSection 28712 at 27-Nov-2012 02:46:15.769 EET
Begin processing the 24001st record. Run 1, Event 280638875, LumiSection 36310 at 27-Nov-2012 02:46:26.181 EET
Begin processing the 25001st record. Run 1, Event 319333332, LumiSection 41317 at 27-Nov-2012 02:46:29.080 EET
Begin processing the 26001st record. Run 1, Event 381787133, LumiSection 49397 at 27-Nov-2012 02:46:31.909 EET
Begin processing the 27001st record. Run 1, Event 544456689, LumiSection 70444 at 27-Nov-2012 02:46:43.205 EET
Begin processing the 28001st record. Run 1, Event 101891298, LumiSection 13183 at 27-Nov-2012 02:46:45.774 EET
Begin processing the 29001st record. Run 1, Event 264823182, LumiSection 34264 at 27-Nov-2012 02:46:48.546 EET
27-Nov-2012 02:46:50 EET  Closed file file:/hdfs/cms/store/user/mario/QCD_Pt_30_80_EMEnriched_TuneZ2star_8TeV_pythia6/Summer12-stop-pfele-step1/3d176ac8da5e9dff208d057f4733ca91/tuple_117_6_t3Z.root
27-Nov-2012 02:46:50 EET  Initiating request to open file file:/hdfs/cms/store/user/mario/QCD_Pt_30_80_EMEnriched_TuneZ2star_8TeV_pythia6/Summer12-stop-pfele-step1/3d176ac8da5e9dff208d057f4733ca91/tuple_118_1_nYd.root
27-Nov-2012 02:46:50 EET  Successfully opened file file:/hdfs/cms/store/user/mario/QCD_Pt_30_80_EMEnriched_TuneZ2star_8TeV_pythia6/Summer12-stop-pfele-step1/3d176ac8da5e9dff208d057f4733ca91/tuple_118_1_nYd.root
Begin processing the 30001st record. Run 1, Event 438174024, LumiSection 56693 at 27-Nov-2012 02:47:08.187 EET
Begin processing the 31001st record. Run 1, Event 386551405, LumiSection 50014 at 27-Nov-2012 02:47:11.027 EET
Begin processing the 32001st record. Run 1, Event 48105251, LumiSection 6224 at 27-Nov-2012 02:47:13.839 EET
Begin processing the 33001st record. Run 1, Event 87560576, LumiSection 11329 at 27-Nov-2012 02:47:16.797 EET
Begin processing the 34001st record. Run 1, Event 235633153, LumiSection 30487 at 27-Nov-2012 02:47:23.568 EET
Begin processing the 35001st record. Run 1, Event 375468098, LumiSection 48580 at 27-Nov-2012 02:47:26.558 EET
Begin processing the 36001st record. Run 1, Event 431164336, LumiSection 55786 at 27-Nov-2012 02:47:29.481 EET
Begin processing the 37001st record. Run 1, Event 31160318, LumiSection 4032 at 27-Nov-2012 02:47:37.338 EET
Begin processing the 38001st record. Run 1, Event 34321386, LumiSection 4441 at 27-Nov-2012 02:47:39.886 EET
Begin processing the 39001st record. Run 1, Event 322065209, LumiSection 41670 at 27-Nov-2012 02:47:42.739 EET
27-Nov-2012 02:47:43 EET  Closed file file:/hdfs/cms/store/user/mario/QCD_Pt_30_80_EMEnriched_TuneZ2star_8TeV_pythia6/Summer12-stop-pfele-step1/3d176ac8da5e9dff208d057f4733ca91/tuple_118_1_nYd.root
27-Nov-2012 02:47:43 EET  Initiating request to open file file:/hdfs/cms/store/user/mario/QCD_Pt_30_80_EMEnriched_TuneZ2star_8TeV_pythia6/Summer12-stop-pfele-step1/3d176ac8da5e9dff208d057f4733ca91/tuple_119_4_ERm.root
27-Nov-2012 02:47:44 EET  Successfully opened file file:/hdfs/cms/store/user/mario/QCD_Pt_30_80_EMEnriched_TuneZ2star_8TeV_pythia6/Summer12-stop-pfele-step1/3d176ac8da5e9dff208d057f4733ca91/tuple_119_4_ERm.root
27-Nov-2012 02:48:20 EET  Closed file file:/hdfs/cms/store/user/mario/QCD_Pt_30_80_EMEnriched_TuneZ2star_8TeV_pythia6/Summer12-stop-pfele-step1/3d176ac8da5e9dff208d057f4733ca91/tuple_119_4_ERm.root

=============================================

MessageLogger Summary

 type     category        sev    module        subroutine        count    total
 ---- -------------------- -- ---------------- ----------------  -----    -----
    1 fileAction           -s file_close                             6        6
    2 fileAction           -s file_open                             12       12

 type    category    Examples: run/evt        run/evt          run/evt
 ---- -------------------- ---------------- ---------------- ----------------
    1 fileAction           PostProcessEvent PostProcessEvent PostEndRun
    2 fileAction           pre-events       pre-events       PostProcessEvent

Severity    # Occurrences   Total Occurrences
--------    -------------   -----------------
System                 18                  18
>>> END OF printout of 76 lines from stdout+stderr
>>> Parse FrameworkJobReport crab_fjr.xml
Result of parsing the FrameworkJobReport crab_fjr.xml: Popularity start
lumisRange : 1::13663,14051,15045,16277,17398,18434,21637,23513,23524,25559,25721,26487,26623,26763,26790,27183,27442,27771,27817,27946,28002,28359,28491,28723,29335,29571,29703,29810,30082,30544,30575,30883,30907,30982,30990,31028,31318,31439,31504,31538,31635,31681,31996,32145,32691,33042,33161,33228,33417,33465,33601,33819,34108,34253,34391,34718,35047,35278,35294,35353,35530,35605,35773,35901,35995,36311,36886,37299,37502,38050,38272,38636,38726,38873,39782,40075,40359,41021,41403,41409,41954,42179,42218,42382,42859,42889,43118,43196,43205,43328,43522,43708,44348,44593,44623,44923,45449,45668,45961,46178,46855,46885,46958,47527,48480,48604,48704,48768,50084,52004,55207,56087,57012,57185,57983,59083,59520,59812,60392,61749,62046,62834,63453,63851,64109,64131,64412,64540,64567,64724,64738,65067,65218,65404,65599,65728,65744,66045,66048,66400,66813,67018,67122,67704,68109,68116,68425,68528,68690,68755,68796,69636,69674,69940,69961,70109,70139,70148,70169,70232,70392,70443,70537,70875,71031,71491,72059,72569::1;1::38879,39147,39270,39452,40093,40132,40702,40830,41763::2;1::10128,10144,10582,10609,10654,10924,11823,12331,12544,12577,12651,12930,12974,13020,13115,13183,13912,14213,16499,16698,17261,17746,18087,18300,19178,20063,20887,21648,21662,21994,22986,23777,23880,24132,24871-24872,24940,26735,27200,28090,28379,28388,28712,29318,29978,30342,30417,30486,32809,33078,33366,33374,34240,34264,34468,34838,35043,35074,35215,35217,35294,35480,36063,36107,36124,36261,36310,36602,36655,36846,37186,37333,37400,37491,37493,37531-37532,37566,37678,37817,38592,38609,39102,39216,39466,39811,39836,40036,40848,40998,41317,41343,41795,41869,42514,43797,43990,44230,44651,45319,45430,45500,45635,45823,46146,46695,46943,47784,47802,48278,49191,49397,49730,49732,50939,51062,51392,51417,51681,52044,52440,52693,54590,54612,54823,54883,55303,56051,56345,56470,56803,57016,57376,57454,58473,58626,58789,59282,59704,59785,60035,60040,60337,60377,60442,60602,60624,61970,62057,62768,63595,65419,65606,66029,66302,66306,66390,67966,68105,68358,69071,69139,70081,70195,70240,70444,70642,71330::3;1::209,351,528,535,676,789,901,1015,1036,1163,1181,1183,1226,2508,2700,2706,2777,2839,2999,3121,3553,3775,3859,3872,4032,4351,4386,4430,4441,5126,5298,6084,6144,6183,6209,6224,6270,6360,6364,6395,6493,6510,6552,6614,6693,6696,6867,6961,7021,7076,7092,7105,7147,7204,7323,7334,7489,7500,7569,8154,8425,8479,8775,8780,8828,9760,10908,11329,11411,11697,11858,13096,13289,13530,14539,16043,16118,18423,19973,20221,21181,23317,24105,24204,24538,24682,25036,25291,25349,25470,26242,26757,26793,26927,27888,30396,30487,30983,32413,34607,36482,37532,37662,38567,38681,38841,39509,39544,40029,40093,41009,41486,41611,41670,42521,45099,46444,46458,46580,47128,47243,47803,47859,48580,48701,48719,49072,49492,49584,49765,49868,49970,49984,50014,50028,50212,50245,50255,50489,50574,50705,50714,51387,51669,51856,52070,52226,52552,53136,53280,53599,53797,54200,54406,54987,55514,55786,56292,56693,58472,58677,60286,60355,60688,61527,62762,63754,65500::4;1::3505,3514,3851,6008,6133,6135,8226,8268,8306,8488,8510,8568,8628,8733,8786,8825,8914,8969,9016,9018,9120,9269,9287,9346,9354,9445,9459,9512,9578,9690,9708,9778,9829,9859,9907,9910,10033,10165,10276,10443,10446,10448,10577,10673,11051,11902,12795,12931,12983,13017,13022,13074,13124,13157,13168,13225,13242,13250,13258,13270,13314,13321,13345,13368-13369,13456,13595,13628,13745,13787,13808,13907,13911,15949,19477,19859,23071,23792,23876,23905,23916,24707,25084,25357,25668,26228,26524,26695,27099,27139,27399,27417,28052,29284,31518,32098,33630,36844,37464,38725,38762,38804,39252,39333,39561,39818,39951,40997,41231,41361,41479,41484,41493,41713,42027,42076,42713,42796,42859,43834,43893,43981,44213,44463,44955,44990,45654,45971,46075,46424,46454,46653,46657,46732,46811,46848,47225,47608,47878,48029,48282,48413,48671,48680,48745,48755,48901,49009,49757,49823,49959,50131,50188,50213,50970,51088,51092,51276,52014,52116,52871,53045,54133,55095,57920,58457,60043,60966,61191::5;1::11232,11458,11493,11693,12661,12784,12899,13052,13087,13292,13522,13582,13768,18706,26406::6;
lumisParentRange : 
Basename : /store/user/mario/QCD_Pt_30_80_EMEnriched_TuneZ2star_8TeV_pythia6/Summer12-stop-pfele-step1/3d176ac8da5e9dff208d057f4733ca91/tuple_11
BasenameParent : 
parentFiles : 
inputBlocks : /QCD_Pt_30_80_EMEnriched_TuneZ2star_8TeV_pythia6/mario-Summer12-stop-pfele-step1-3d176ac8da5e9dff208d057f4733ca91/USER#8a92f640-f537-45f1-b46c-e85f5627347f
inputFiles : 6_2_fRv.root::1::EDM::Local::1;9_4_ERm.root::1::EDM::Local::2;7_6_t3Z.root::1::EDM::Local::3;8_1_nYd.root::1::EDM::Local::4;5_5_XuE.root::1::EDM::Local::5;4_1_xxZ.root::1::EDM::Local::6;
Popularity stop
Extracted ExitStatus from FrameworkJobReport parsing output: 0
>>> Executable succeded  0
ExeExitCode=0
EXECUTABLE_EXIT_STATUS = 0
>>> current directory /home/cms016/home_crce1_656081407/CREAM656081407/glide_SM9432/execute/dir_8523/CMSSW_5_3_5
>>>  (SOFTWARE_DIR): /home/cms016/home_crce1_656081407/CREAM656081407/glide_SM9432/execute/dir_8523/CMSSW_5_3_5
>>> (WORKING_DIR): 
>>> current directory content:
total 152
drwxr-xr-x 3 cms016 cms  4096 Nov 27 02:42 .SCRAM
-rw-r--r-- 1 cms016 cms 30066 Nov 27 02:42 CMSSW.py.pkl
drwxr-xr-x 3 cms016 cms  4096 Nov 27 02:42 bin
drwxr-xr-x 3 cms016 cms  4096 Nov 27 02:42 cfipython
drwxr-xr-x 5 cms016 cms  4096 Nov 27 02:42 config
-rw-r--r-- 1 cms016 cms    17 Nov 27 02:48 cpu_timing.txt
drwxr-xr-x 2 cms016 cms  4096 Nov 27 02:42 doc
-rw-r--r-- 1 cms016 cms  9006 Nov 27 02:48 executable.out
drwxr-xr-x 2 cms016 cms  4096 Nov 27 02:42 include
drwxrwxrwx 3 cms016 cms  4096 Oct 22 16:38 lib
drwxr-xr-x 3 cms016 cms  4096 Nov 27 02:42 logs
drwxr-xr-x 3 cms016 cms  4096 Nov 27 02:42 objs
-rw-r--r-- 1 cms016 cms 16478 Nov 27 02:48 optHistograms.root
-rw-r--r-- 1 cms016 cms   104 Nov 27 02:42 pset.py
-rw-r--r-- 1 cms016 cms 19652 Nov 27 02:42 pset.py.pkl
-rw-r--r-- 1 cms016 cms   289 Nov 27 02:42 pset.pyc
drwxr-xr-x 2 cms016 cms  4096 Nov 27 02:42 python
-rw-r--r-- 1 cms016 cms   420 Nov 27 02:48 report.log
drwxrwxrwx 4 cms016 cms  4096 Nov 27 02:42 src
drwxr-xr-x 3 cms016 cms  4096 Nov 27 02:42 test
drwxr-xr-x 3 cms016 cms  4096 Nov 27 02:42 tmp
>>> current directory /home/cms016/home_crce1_656081407/CREAM656081407/glide_SM9432/execute/dir_8523/CMSSW_5_3_5
>>> (SOFTWARE_DIR): /home/cms016/home_crce1_656081407/CREAM656081407/glide_SM9432/execute/dir_8523/CMSSW_5_3_5
>>> (WORKING_DIR): 
>>> current directory content:
total 132
drwxr-xr-x 3 cms016 cms  4096 Nov 27 02:42 .SCRAM
-rw-r--r-- 1 cms016 cms 30066 Nov 27 02:42 CMSSW.py.pkl
drwxr-xr-x 3 cms016 cms  4096 Nov 27 02:42 bin
drwxr-xr-x 3 cms016 cms  4096 Nov 27 02:42 cfipython
drwxr-xr-x 5 cms016 cms  4096 Nov 27 02:42 config
-rw-r--r-- 1 cms016 cms    17 Nov 27 02:48 cpu_timing.txt
drwxr-xr-x 2 cms016 cms  4096 Nov 27 02:42 doc
-rw-r--r-- 1 cms016 cms  9006 Nov 27 02:48 executable.out
drwxr-xr-x 2 cms016 cms  4096 Nov 27 02:42 include
drwxrwxrwx 3 cms016 cms  4096 Oct 22 16:38 lib
drwxr-xr-x 3 cms016 cms  4096 Nov 27 02:42 logs
drwxr-xr-x 3 cms016 cms  4096 Nov 27 02:42 objs
-rw-r--r-- 1 cms016 cms   104 Nov 27 02:42 pset.py
-rw-r--r-- 1 cms016 cms 19652 Nov 27 02:42 pset.py.pkl
-rw-r--r-- 1 cms016 cms   289 Nov 27 02:42 pset.pyc
drwxr-xr-x 2 cms016 cms  4096 Nov 27 02:42 python
-rw-r--r-- 1 cms016 cms   420 Nov 27 02:48 report.log
drwxrwxrwx 4 cms016 cms  4096 Nov 27 02:42 src
drwxr-xr-x 3 cms016 cms  4096 Nov 27 02:42 test
drwxr-xr-x 3 cms016 cms  4096 Nov 27 02:42 tmp
>>> current directory (RUNTIME_AREA):  /home/cms016/home_crce1_656081407/CREAM656081407/glide_SM9432/execute/dir_8523
>>> current dir: /home/cms016/home_crce1_656081407/CREAM656081407/glide_SM9432/execute/dir_8523
>>> current dir content:
total 25792
-rw-rw-rw-  1 cms016 cms     5600 Nov 27 02:41 .job.ad
-rw-rw-rw-  1 cms016 cms    11429 Nov 27 02:41 .machine.ad
-rw-rw-rw-  1 cms016 cms      105 Nov 27 01:33 CMSSW.py
-rw-rw-rw-  1 cms016 cms    30066 Nov 27 01:33 CMSSW.py.pkl
-rwxrw-rw-  1 cms016 cms    23337 Nov 27 02:41 CMSSW.sh
drwxr-xr-x 15 cms016 cms     4096 Nov 27 02:48 CMSSW_5_3_5
-rw-rw-rw-  1 cms016 cms        0 Nov 27 02:41 CMSSW_82.stderr
-rw-rw-rw-  1 cms016 cms    25296 Nov 27 02:48 CMSSW_82.stdout
-rw-r--r--  1 cms016 cms      346 Nov 27 02:42 CacheEnv.sh
-rw-rw-rw-  1 cms016 cms     7291 Jun  9  2010 DashboardAPI.py
-rw-r--r--  1 cms016 cms     6868 Nov 27 02:42 DashboardAPI.pyc
drwxrwxrwx  3 cms016 cms     4096 Nov 27 02:48 IMProv
-rw-rw-rw-  1 cms016 cms     2748 Mar  8  2006 Logger.py
-rw-r--r--  1 cms016 cms     3348 Nov 27 02:42 Logger.pyc
-rw-rw-rw-  1 cms016 cms    24524 Mar 28  2008 ProcInfo.py
-rw-r--r--  1 cms016 cms    23446 Nov 27 02:42 ProcInfo.pyc
drwxrwxrwx  7 cms016 cms     4096 Nov 27 02:42 ProdCommon
drwxrwxrwx  3 cms016 cms     4096 Nov 27 02:42 WMCore
-rw-r--r--  1 cms016 cms     1856 Nov 27 02:46 Watchdog_82.log
-rw-rw-rw-  1 cms016 cms    32895 Mar 28  2008 apmon.py
-rw-r--r--  1 cms016 cms    28845 Nov 27 02:42 apmon.pyc
-rw-rw-rw-  1 cms016 cms   100223 Nov 27 02:41 arguments.xml
-rwxrwxrwx  1 cms016 cms    37427 Sep 13 14:14 cmscp.py
-rwxrwxrwx  1 cms016 cms    23337 Nov 27 02:41 condor_exec.exe
-rw-rw-rw-  1 cms016 cms      544 Nov 27 01:33 crab.cfg
-rwxrwxrwx  1 cms016 cms     9531 Sep 20 21:46 crabWatchdog.sh
-rw-r--r--  1 cms016 cms    52473 Nov 27 02:48 crab_fjr_82.xml
-rw-rw-rw-  1 cms016 cms 25796307 Nov 27 02:41 default.tgz
-rwxrwxrwx  1 cms016 cms     4488 May 12  2012 fillCrabFjr.py
-rw-r--r--  1 cms016 cms     1080 Nov 27 02:42 inputsReport.txt
-rw-r--r--  1 cms016 cms      132 Nov 27 02:48 jobreport.txt
lrwxrwxrwx  1 cms016 cms      106 Nov 27 02:48 optHistograms.root -> /home/cms016/home_crce1_656081407/CREAM656081407/glide_SM9432/execute/dir_8523/optHistograms_82_1_Rdm.root
-rw-r--r--  1 cms016 cms    16478 Nov 27 02:48 optHistograms_82_1_Rdm.root
-rw-rw-rw-  1 cms016 cms    17352 Jan 20  2012 parseCrabFjr.py
-rw-r--r--  1 cms016 cms      285 Nov 27 02:42 report.log
-rwxrwxrwx  1 cms016 cms     1497 May 27  2009 report.py
-rwxrwxrwx  1 cms016 cms     8387 Mar 23  2011 writeCfg.py
-rw-------  1 cms016 cms     8687 Nov 27 02:41 x509up_u1000009
Checking output files:  
will tar file optHistograms_82_1_Rdm.root in  out_files_82
will tar file crab_fjr_82.xml in  out_files_82
will tar file CMSSW_82.stdout in  out_files_82
will tar file CMSSW_82.stderr in  out_files_82
WARNING: output file Watchdog_82.log.gz not found!
>>> padding time: Sleeping the wrapper for 192 seconds
STOPPING WATCHDOG. CrabWatchdog PID is 10354
********** LAST 50 LINES OF WATCHDOG LOG
# RESOURCE USAGE SUMMARY FOR PROCESS ID  8743
USER       PID %CPU %MEM    VSZ   RSS TTY      STAT START   TIME COMMAND
cms016    8743  0.4  0.0   8956  1484 ?        S    02:42   0:00 /bin/sh /home/cms016/home_crce1_656081407/CREAM656081407/glide_SM9432/execute/dir_8523/condor_exec.exe 82 1
 
# LIMITS USED BY THIS WATCHDOG:
# RSS  (KBytes)  : 2300000
# VSZ  (KBytes)  : 100000000
# DISK (MBytes)  : 19000
# CPU  (seconds) : 171600
# WALL (seconds) : 171600
 
# FOLLOWING PRINTOUT TRACKS MAXIMUM VALUES OF RESOURCES USE
# ONE LINE IS PRINTED EACH TIME A MAXIMUM CHANGES
# IF CHANGE WAS IN RSS OR VSZ ALSO PROCID AND COMMAND ARE PRINTED
# THERE IS NO PRINTOUT FOR CPU/WALL TIME INCREASE
 
# TIME			PID	RSS(KB)	VSZ(KB)	Dsk(MB)	tCPU(s)	tWALL(s)	COMMAND
 Nov 27 02:42:11 EET	8523	5380	9372	0	0	21	condor_starter -f submit-2.t2.ucsd.edu       
 Nov 27 02:42:11 EET	9364	5380	25504	0	0	1372	perl -e ?use Socket;??sub send_notify {? $cream_url = "193.40.150.141:49152";die "No
 Nov 27 02:42:11 EET	14751	5716	25504	0	0	1360	/home/cms016/home_crce1_656081407/CREAM656081407/glide_SM9432/main/condor/sbin/condor_master -f -pidfile /home/cms016/home_crce1_656081407/CREAM656081407/glide_SM9432/condor_master2.pid      
 Nov 27 02:42:11 EET	14753	5728	25504	0	1	1359	condor_startd -f        
 Nov 27 02:42:11 EET	---	5728	25504	168	----	----	----
 Nov 27 02:43:22 EET	14270	242840	377212	168	17	51	cmsRun -j /home/cms016/home_crce1_656081407/CREAM656081407/glide_SM9432/execute/dir_8523/crab_fjr_82.xml -p pset.py     
 Nov 27 02:44:30 EET	14270	355304	550244	168	41	118	cmsRun -j /home/cms016/home_crce1_656081407/CREAM656081407/glide_SM9432/execute/dir_8523/crab_fjr_82.xml -p pset.py     
 Nov 27 02:46:43 EET	14270	355824	551524	168	107	251	cmsRun -j /home/cms016/home_crce1_656081407/CREAM656081407/glide_SM9432/execute/dir_8523/crab_fjr_82.xml -p pset.py     
 Nov 27 02:48:55 EET	---	355824	551524	169	----	----	----
********** WATCHDOG LOG ENDED
ZIPPING WATCHDOG LOG
Disk space used:
du -sh /home/cms016/home_crce1_656081407/CREAM656081407/glide_SM9432/execute/dir_8523
169M	/home/cms016/home_crce1_656081407/CREAM656081407/glide_SM9432/execute/dir_8523
>>> info for dashboard:
***** Cat /home/cms016/home_crce1_656081407/CREAM656081407/glide_SM9432/execute/dir_8523/jobreport.txt *****
MonitorJobID=82_https://submit-2.t2.ucsd.edu//121127//17532.81
MonitorID=liis_crab_0_121127_013303_4cvb81
ExeTime=344
ExeExitCode=0
CrabUserCpuTime=129.64
CrabSysCpuTime=13.19
CrabCpuPercentage=41%
CrabWrapperTime=600
CrabStageoutTime=NULL
***** End Cat jobreport *****
Parameters sent to Dashboard.
optHistograms_82_1_Rdm.root
crab_fjr_82.xml
CMSSW_82.stdout
CMSSW_82.stderr
Watchdog_82.log.gz
tar: .BrokerInfo: Cannot stat: No such file or directory
tar: Error exit delayed from previous errors
Total Output dimension: 26197
WARNING: output files size limit is set to: 50000000
Total Output dimension 26197 is fine.
JOB_EXIT_STATUS = 0
>>> info for dashboard:
***** Cat /home/cms016/home_crce1_656081407/CREAM656081407/glide_SM9432/execute/dir_8523/jobreport.txt *****
MonitorJobID=82_https://submit-2.t2.ucsd.edu//121127//17532.81
MonitorID=liis_crab_0_121127_013303_4cvb81
JobExitCode=0
***** End Cat jobreport *****
Parameters sent to Dashboard.
optHistograms_82_1_Rdm.root
crab_fjr_82.xml
