This script was generated by crab (version 2.8.3).
Running /home/cms019/home_crce1_935948063/CREAM935948063/glide_K29861/execute/dir_21732/condor_exec.exe with 2 positional parameters: 26 1
Today is Tue Nov 27 02:48:42 EET 2012
Job submitted on host wn-v-3332.local
Linux wn-v-3332.local 2.6.32-042stab059.7 #1 SMP Tue Jul 24 19:12:01 MSK 2012 x86_64 x86_64 x86_64 GNU/Linux
>>> current directory (RUNTIME_AREA): /home/cms019/home_crce1_935948063/CREAM935948063/glide_K29861/execute/dir_21732
>>> current user: uid=11019(cms019) gid=1400(cms) groups=1400(cms)
>>> voms proxy information:
subject   : /DC=ch/DC=cern/OU=Organic Units/OU=Users/CN=liis/CN=663550/CN=Liis Rebane/CN=proxy/CN=limited proxy
issuer    : /DC=ch/DC=cern/OU=Organic Units/OU=Users/CN=liis/CN=663550/CN=Liis Rebane/CN=proxy
identity  : /DC=ch/DC=cern/OU=Organic Units/OU=Users/CN=liis/CN=663550/CN=Liis Rebane/CN=proxy
type      : limited proxy
strength  : 512 bits
path      : /home/cms019/home_crce1_935948063/CREAM935948063/glide_K29861/execute/dir_21732/x509up_u1000009
timeleft  : 23:59:52
key usage : Digital Signature, Key Encipherment, Data Encipherment
=== VO cms extension information ===
VO        : cms
subject   : /DC=ch/DC=cern/OU=Organic Units/OU=Users/CN=liis/CN=663550/CN=Liis Rebane
issuer    : /DC=ch/DC=cern/OU=computers/CN=lcg-voms.cern.ch
attribute : /cms/Role=NULL/Capability=NULL
timeleft  : 190:36:55
uri       : lcg-voms.cern.ch:15002
>>> tar xzf /home/cms019/home_crce1_935948063/CREAM935948063/glide_K29861/execute/dir_21732/default.tgz :
Successful untar
>>> Include /home/cms019/home_crce1_935948063/CREAM935948063/glide_K29861/execute/dir_21732 in PYTHONPATH:
strip arguments
env var CRAB_UNIQUE_JOB_ID set to: liis_crab_0_121127_013521_s7o4w6_26_1_xy0
out_files_26
>>> list of expected files on output sandbox
output files: optHistograms_26_1_xy0.root crab_fjr_26.xml CMSSW_26.stdout CMSSW_26.stderr Watchdog_26.log.gz
>>> GridFlavour discovery: 
GridFlavour=LCG
>>> SyncSite discovery: 
SyncSite=T2_EE_Estonia
>>> SyncCE discovery: 
getting SyncCE from CE_ID
SyncCE=cream1.hep.kbfi.ee:8443/cream-pbs-long
>>> info for dashboard:
***** Cat /home/cms019/home_crce1_935948063/CREAM935948063/glide_K29861/execute/dir_21732/jobreport.txt *****
MonitorJobID=26_https://submit-2.t2.ucsd.edu//121127//17535.25
SyncGridJobId=https://submit-2.t2.ucsd.edu//121127//17535.25
MonitorID=liis_crab_0_121127_013521_s7o4w6
GridFlavour=LCG
SyncSite=T2_EE_Estonia
SyncCE=cream1.hep.kbfi.ee:8443/cream-pbs-long
***** End Cat jobreport *****
Parameters sent to Dashboard.
>>> setup environment
set SCRAM ARCH to slc5_amd64_gcc462
SCRAM_ARCH = slc5_amd64_gcc462
>>> setup CMS LCG environment:
set SCRAM ARCH and BUILD_ARCH to slc5_amd64_gcc462 ###
Sourcing environment... 
sourcing /cvmfs/cms.cern.ch/cmsset_default.sh
==> setup cms environment ok
>>> specific cmssw setup environment:
CMSSW_VERSION =  CMSSW_5_3_5
>>> current directory (SOFTWARE_DIR): /home/cms019/home_crce1_935948063/CREAM935948063/glide_K29861/execute/dir_21732/CMSSW_5_3_5
PreserveSeeds: <>
IncrementSeeds:<>
{}
WNHostName=wn-v-3332.local
>>> info for dashboard:
***** Cat /home/cms019/home_crce1_935948063/CREAM935948063/glide_K29861/execute/dir_21732/jobreport.txt *****
MonitorJobID=26_https://submit-2.t2.ucsd.edu//121127//17535.25
MonitorID=liis_crab_0_121127_013521_s7o4w6
WNHostName=wn-v-3332.local
***** End Cat jobreport *****
Parameters sent to Dashboard.
crabWatchdog started as process 23898
>>> moving CMSSW software directories in /home/cms019/home_crce1_935948063/CREAM935948063/glide_K29861/execute/dir_21732/CMSSW_5_3_5
mv: cannot stat `/home/cms019/home_crce1_935948063/CREAM935948063/glide_K29861/execute/dir_21732/module/': No such file or directory
>>> Include /home/cms019/home_crce1_935948063/CREAM935948063/glide_K29861/execute/dir_21732 in PYTHONPATH:
PYTHONPATH=/home/cms019/home_crce1_935948063/CREAM935948063/glide_K29861/execute/dir_21732/:/home/cms019/home_crce1_935948063/CREAM935948063/glide_K29861/execute/dir_21732/CMSSW_5_3_5/python:/home/cms019/home_crce1_935948063/CREAM935948063/glide_K29861/execute/dir_21732/CMSSW_5_3_5/lib/slc5_amd64_gcc462:/cvmfs/cms.cern.ch/slc5_amd64_gcc462/cms/cmssw/CMSSW_5_3_5/python:/cvmfs/cms.cern.ch/slc5_amd64_gcc462/cms/cmssw/CMSSW_5_3_5/lib/slc5_amd64_gcc462:/cvmfs/cms.cern.ch/slc5_amd64_gcc462/cms/coral/CORAL_2_3_21-cms27/slc5_amd64_gcc462/python:/cvmfs/cms.cern.ch/slc5_amd64_gcc462/cms/coral/CORAL_2_3_21-cms27/slc5_amd64_gcc462/lib:/cvmfs/cms.cern.ch/slc5_amd64_gcc462/external/pyqt/4.8.1/lib/python2.6/site-packages:/cvmfs/cms.cern.ch/slc5_amd64_gcc462/external/py2-scipy/0.8.0/lib/python2.6/site-packages:/cvmfs/cms.cern.ch/slc5_amd64_gcc462/external/py2-matplotlib/1.0.1/lib/python2.6/site-packages:/cvmfs/cms.cern.ch/slc5_amd64_gcc462/external/python-ldap/2.3.5/lib/python2.6/site-packages:/cvmfs/cms.cern.ch/slc5_amd64_gcc462/external/sip/4.11.2/lib/python2.6/site-packages:/cvmfs/cms.cern.ch/slc5_amd64_gcc462/external/py2-pycurl/7.19.0/lib/python2.6/site-packages:/cvmfs/cms.cern.ch/slc5_amd64_gcc462/external/py2-numpy/1.6.1/lib/python2.6/site-packages:/cvmfs/cms.cern.ch/slc5_amd64_gcc462/external/py2-ipython/0.10/lib/python2.6/site-packages:/cvmfs/cms.cern.ch/slc5_amd64_gcc462/external/py2-cx-oracle/5.1-cms11/lib/python2.6/site-packages:/cvmfs/cms.cern.ch/slc5_amd64_gcc462/external/py2-cjson/1.0.5/lib/python2.6/site-packages:/cvmfs/cms.cern.ch/slc5_amd64_gcc462/cms/das-client/1.4.1-cms8/bin:/cvmfs/cms.cern.ch/slc5_amd64_gcc462/external/elementtree/1.2.6/share/lib/python2.6/site-packages:/cvmfs/cms.cern.ch/slc5_amd64_gcc462/external/rivet/1.5.1-cms10/lib/python2.6/site-packages:/cvmfs/cms.cern.ch/slc5_amd64_gcc462/external/pyminuit2/0.0.1-cms34/lib/python2.6/site-packages:/cvmfs/cms.cern.ch/slc5_amd64_gcc462/external/professor/1.0.0-cms35/lib/python2.6/site-packages:/cvmfs/cms.cern.ch/slc5_amd64_gcc462/lcg/root/5.32.00-cms18/lib:/cvmfs/cms.cern.ch/slc5_amd64_gcc462/cms/dbs-client/DBS_2_1_1_patch1_1/lib:/cvmfs/cms.cern.ch/slc5_amd64_gcc462/cms/dbs-client/DBS_2_1_1_patch1_1/lib/DBSAPI:/home/cms019/home_crce1_935948063/CREAM935948063/glide_K29861/execute/dir_21732/
241a2a19cb7c5c8751ba22759ab3bdb0
PSETHASH = 241a2a19cb7c5c8751ba22759ab3bdb0
/home/cms019/home_crce1_935948063/CREAM935948063/glide_K29861/execute/dir_21732/writeCfg.py pset.py pset.py
Importing .py file
Setting parameters
inputBlocks=/QCD_Pt_350_BCtoE_TuneZ2star_8TeV_pythia6/mario-Summer12-stop-pfele-step1-3d176ac8da5e9dff208d057f4733ca91/USER#4ea1313f-ce05-4b4d-b719-e18ef67ecf53
inputFiles=/store/user/mario/QCD_Pt_350_BCtoE_TuneZ2star_8TeV_pythia6/Summer12-stop-pfele-step1/3d176ac8da5e9dff208d057f4733ca91/tuple_210_3_G6m.root;/store/user/mario/QCD_Pt_350_BCtoE_TuneZ2star_8TeV_pythia6/Summer12-stop-pfele-step1/3d176ac8da5e9dff208d057f4733ca91/tuple_211_3_KJ0.root;/store/user/mario/QCD_Pt_350_BCtoE_TuneZ2star_8TeV_pythia6/Summer12-stop-pfele-step1/3d176ac8da5e9dff208d057f4733ca91/tuple_212_3_qVu.root;/store/user/mario/QCD_Pt_350_BCtoE_TuneZ2star_8TeV_pythia6/Summer12-stop-pfele-step1/3d176ac8da5e9dff208d057f4733ca91/tuple_213_3_0DF.root;/store/user/mario/QCD_Pt_350_BCtoE_TuneZ2star_8TeV_pythia6/Summer12-stop-pfele-step1/3d176ac8da5e9dff208d057f4733ca91/tuple_214_3_WH1.root
parentFiles=
lumisRange=
>>> Executable cmsRun
/cvmfs/cms.cern.ch/slc5_amd64_gcc462/cms/cmssw/CMSSW_5_3_5/bin/slc5_amd64_gcc462/cmsRun
ok executable found
>>> info for dashboard:
***** Cat /home/cms019/home_crce1_935948063/CREAM935948063/glide_K29861/execute/dir_21732/jobreport.txt *****
MonitorJobID=26_https://submit-2.t2.ucsd.edu//121127//17535.25
MonitorID=liis_crab_0_121127_013521_s7o4w6
ExeStart=cmsRun
***** End Cat jobreport *****
Parameters sent to Dashboard.
>>> cmsRun started at Tue Nov 27 00:49:21 UTC 2012
>>> cmsRun ended at Tue Nov 27 00:50:47 UTC 2012
>>> info for dashboard:
***** Cat /home/cms019/home_crce1_935948063/CREAM935948063/glide_K29861/execute/dir_21732/jobreport.txt *****
MonitorJobID=26_https://submit-2.t2.ucsd.edu//121127//17535.25
MonitorID=liis_crab_0_121127_013521_s7o4w6
ExeEnd=cmsRun
***** End Cat jobreport *****
Parameters sent to Dashboard.
TIME_EXE = 86 sec
>>> cmsRun wrote 22 lines of stdout+stderr
>>> START OF printout of 22 lines from stdout+stderr
27-Nov-2012 02:50:05 EET  Initiating request to open file file:/hdfs/cms/store/user/mario/QCD_Pt_350_BCtoE_TuneZ2star_8TeV_pythia6/Summer12-stop-pfele-step1/3d176ac8da5e9dff208d057f4733ca91/tuple_210_3_G6m.root
27-Nov-2012 02:50:05 EET  Fallback request to file root://xrootd.ba.infn.it//store/user/mario/QCD_Pt_350_BCtoE_TuneZ2star_8TeV_pythia6/Summer12-stop-pfele-step1/3d176ac8da5e9dff208d057f4733ca91/tuple_210_3_G6m.root
121127 02:50:11 783 Xrd: GoToAnotherServer: Going to: cms-xrd-global.cern.ch:1094
121127 02:50:41 783 Xrd: CheckErrorStatus: Server [xrootd.ba.infn.it:1094] declared: No servers are available to read the file.(error code: 3011)
121127 02:50:41 783 Xrd: GoToAnotherServer: Going to: xrootd.ba.infn.it:1094
121127 02:50:46 783 Xrd: GoToAnotherServer: Going to: cms-xrd-global.cern.ch:1094
121127 02:50:46 783 Xrd: CheckErrorStatus: Server [xrootd.ba.infn.it:1094] declared: No servers are available to read the file.(error code: 3011)
121127 02:50:46 783 Xrd: Open: Error opening the file.
----- Begin Fatal Exception 27-Nov-2012 02:50:47 EET-----------------------
An exception of category 'FallbackFileOpenError' occurred while
   [0] Constructing the EventProcessor
   [1] Constructing input source of type PoolSource
   [2] Calling RootInputFileSequence::initFile()
   [3] Calling StorageFactory::open()
   [4] Calling XrdFile::open()
Exception Message:
Input file file:/hdfs/cms/store/user/mario/QCD_Pt_350_BCtoE_TuneZ2star_8TeV_pythia6/Summer12-stop-pfele-step1/3d176ac8da5e9dff208d057f4733ca91/tuple_210_3_G6m.root was not found, could not be opened, or is corrupted.
Fallback Input file root://xrootd.ba.infn.it//store/user/mario/QCD_Pt_350_BCtoE_TuneZ2star_8TeV_pythia6/Summer12-stop-pfele-step1/3d176ac8da5e9dff208d057f4733ca91/tuple_210_3_G6m.root also was not found, could not be opened, or is corrupted.
   Additional Info:
      [a] XrdClient::Open(name='root://xrootd.ba.infn.it//store/user/mario/QCD_Pt_350_BCtoE_TuneZ2star_8TeV_pythia6/Summer12-stop-pfele-step1/3d176ac8da5e9dff208d057f4733ca91/tuple_210_3_G6m.root', flags=0x10, permissions=0666) => error 'No servers are available to read the file.' (errno=3011)
      [b] Current server connection: root://cms-xrd-global.cern.ch:1094//store/user/mario/QCD_Pt_350_BCtoE_TuneZ2star_8TeV_pythia6/Summer12-stop-pfele-step1/3d176ac8da5e9dff208d057f4733ca91/tuple_210_3_G6m.root
----- End Fatal Exception -------------------------------------------------
>>> END OF printout of 22 lines from stdout+stderr
>>> Parse FrameworkJobReport crab_fjr.xml
Result of parsing the FrameworkJobReport crab_fjr.xml: Popularity start
lumisRange : 
lumisParentRange : 
Basename : /store/user/mario/QCD_Pt_350_BCtoE_TuneZ2star_8TeV_pythia6/Summer12-stop-pfele-step1/3d176ac8da5e9dff208d057f4733ca91/tuple_21
BasenameParent : 
parentFiles : 
inputBlocks : /QCD_Pt_350_BCtoE_TuneZ2star_8TeV_pythia6/mario-Summer12-stop-pfele-step1-3d176ac8da5e9dff208d057f4733ca91/USER#4ea1313f-ce05-4b4d-b719-e18ef67ecf53
inputFiles : 0_3_G6m.root::0::Unknown::Remote::Unknown;1_3_KJ0.root::2::Unknown::Unknown::Unknown;2_3_qVu.root::2::Unknown::Unknown::Unknown;3_3_0DF.root::2::Unknown::Unknown::Unknown;4_3_WH1.root::2::Unknown::Unknown::Unknown;
Popularity stop
Extracted ExitStatus from FrameworkJobReport parsing output: 8028
>>> Executable failed  8028
ExeExitCode=8028
EXECUTABLE_EXIT_STATUS = 8028
Checking output files:  
WARNING: output file optHistograms_26_1_xy0.root not found!
will tar file crab_fjr_26.xml in  out_files_26
will tar file CMSSW_26.stdout in  out_files_26
will tar file CMSSW_26.stderr in  out_files_26
WARNING: output file Watchdog_26.log.gz not found!
>>> padding time: Sleeping the wrapper for 460 seconds
STOPPING WATCHDOG. CrabWatchdog PID is 23898
********** LAST 50 LINES OF WATCHDOG LOG
# RESOURCE USAGE SUMMARY FOR PROCESS ID 22444
USER       PID %CPU %MEM    VSZ   RSS TTY      STAT START   TIME COMMAND
cms019   22444  0.3  0.0   8956  1484 ?        S    02:48   0:00 /bin/sh /home/cms019/home_crce1_935948063/CREAM935948063/glide_K29861/execute/dir_21732/condor_exec.exe 26 1
 
# LIMITS USED BY THIS WATCHDOG:
# RSS  (KBytes)  : 2300000
# VSZ  (KBytes)  : 100000000
# DISK (MBytes)  : 19000
# CPU  (seconds) : 171600
# WALL (seconds) : 171600
 
# FOLLOWING PRINTOUT TRACKS MAXIMUM VALUES OF RESOURCES USE
# ONE LINE IS PRINTED EACH TIME A MAXIMUM CHANGES
# IF CHANGE WAS IN RSS OR VSZ ALSO PROCID AND COMMAND ARE PRINTED
# THERE IS NO PRINTOUT FOR CPU/WALL TIME INCREASE
 
# TIME			PID	RSS(KB)	VSZ(KB)	Dsk(MB)	tCPU(s)	tWALL(s)	COMMAND
 Nov 27 02:48:51 EET	1574	1344	8816	0	0	196	/bin/bash /home/cms019/home_crce1_935948063/CREAM935948063/glide_K29861/main/condor_startup.sh glidein_config       
 Nov 27 02:48:51 EET	2238	5732	9412	0	0	196	/home/cms019/home_crce1_935948063/CREAM935948063/glide_K29861/main/condor/sbin/condor_master -f -pidfile /home/cms019/home_crce1_935948063/CREAM935948063/glide_K29861/condor_master2.pid      
 Nov 27 02:48:51 EET	2241	5732	9564	0	0	194	condor_startd -f        
 Nov 27 02:48:51 EET	23965	23300	84748	0	1	5	edmConfigHash pset.py        
 Nov 27 02:48:51 EET	---	23300	84748	168	----	----	----
 Nov 27 02:50:01 EET	783	42280	112868	168	12	41	cmsRun -j /home/cms019/home_crce1_935948063/CREAM935948063/glide_K29861/execute/dir_21732/crab_fjr_26.xml -p pset.py     
********** WATCHDOG LOG ENDED
ZIPPING WATCHDOG LOG
Disk space used:
du -sh /home/cms019/home_crce1_935948063/CREAM935948063/glide_K29861/execute/dir_21732
168M	/home/cms019/home_crce1_935948063/CREAM935948063/glide_K29861/execute/dir_21732
>>> info for dashboard:
***** Cat /home/cms019/home_crce1_935948063/CREAM935948063/glide_K29861/execute/dir_21732/jobreport.txt *****
MonitorJobID=26_https://submit-2.t2.ucsd.edu//121127//17535.25
MonitorID=liis_crab_0_121127_013521_s7o4w6
ExeTime=86
ExeExitCode=8028
CrabUserCpuTime=0.99
CrabSysCpuTime=12.45
CrabCpuPercentage=15%
CrabWrapperTime=600
CrabStageoutTime=NULL
***** End Cat jobreport *****
Parameters sent to Dashboard.
tar: optHistograms_26_1_xy0.root: Cannot stat: No such file or directory
crab_fjr_26.xml
CMSSW_26.stdout
CMSSW_26.stderr
Watchdog_26.log.gz
tar: .BrokerInfo: Cannot stat: No such file or directory
tar: Error exit delayed from previous errors
Total Output dimension: 5320
WARNING: output files size limit is set to: 50000000
Total Output dimension 5320 is fine.
JOB_EXIT_STATUS = 8028
>>> info for dashboard:
***** Cat /home/cms019/home_crce1_935948063/CREAM935948063/glide_K29861/execute/dir_21732/jobreport.txt *****
MonitorJobID=26_https://submit-2.t2.ucsd.edu//121127//17535.25
MonitorID=liis_crab_0_121127_013521_s7o4w6
JobExitCode=8028
***** End Cat jobreport *****
Parameters sent to Dashboard.
tar: optHistograms_26_1_xy0.root: Cannot stat: No such file or directory
crab_fjr_26.xml
